37.0 APEX_CODE,FINEST;APEX_PROFILING,INFO;CALLOUT,INFO;DB,INFO;NBA,INFO;SYSTEM,DEBUG;VALIDATION,INFO;VISUALFORCE,INFO;WAVE,INFO;WORKFLOW,INFO
11:57:20.0 (629054)|ENTERING_MANAGED_PKG|Centify
11:57:20.0 (4570123)|ENTERING_MANAGED_PKG|Centify
11:57:20.0 (4644286)|ENTERING_MANAGED_PKG|Centify
11:57:20.0 (6982659)|ENTERING_MANAGED_PKG|Centify
11:57:20.0 (7034486)|ENTERING_MANAGED_PKG|Centify
11:57:20.0 (7142157)|ENTERING_MANAGED_PKG|Centify
11:57:20.0 (8767857)|ENTERING_MANAGED_PKG|Centify
11:57:20.0 (8811565)|ENTERING_MANAGED_PKG|Centify
11:57:20.0 (8905403)|ENTERING_MANAGED_PKG|Centify
11:57:20.0 (9277059)|ENTERING_MANAGED_PKG|Centify
11:57:20.0 (9443201)|ENTERING_MANAGED_PKG|Centify
11:57:20.0 (9584148)|ENTERING_MANAGED_PKG|Centify
11:57:20.0 (9707678)|ENTERING_MANAGED_PKG|Centify
11:57:20.0 (9789055)|ENTERING_MANAGED_PKG|Centify
11:57:20.0 (9899123)|ENTERING_MANAGED_PKG|Centify
11:57:20.0 (10040327)|ENTERING_MANAGED_PKG|Centify
11:57:20.0 (10123813)|ENTERING_MANAGED_PKG|Centify
11:57:20.0 (10178705)|ENTERING_MANAGED_PKG|Centify
11:57:20.0 (10270743)|ENTERING_MANAGED_PKG|Centify
11:57:20.0 (10345686)|ENTERING_MANAGED_PKG|Centify
11:57:20.0 (10421930)|ENTERING_MANAGED_PKG|Centify
11:57:20.0 (10506265)|ENTERING_MANAGED_PKG|Centify
11:57:20.0 (10630590)|ENTERING_MANAGED_PKG|Centify
11:57:20.0 (10809336)|ENTERING_MANAGED_PKG|Centify
11:57:20.0 (10955153)|ENTERING_MANAGED_PKG|Centify
11:57:20.0 (11186944)|ENTERING_MANAGED_PKG|Centify
11:57:20.0 (12891885)|ENTERING_MANAGED_PKG|Centify
11:57:20.0 (12950430)|ENTERING_MANAGED_PKG|Centify
11:57:20.0 (13298906)|ENTERING_MANAGED_PKG|Centify
11:57:20.0 (13374283)|ENTERING_MANAGED_PKG|Centify
11:57:20.0 (13437715)|ENTERING_MANAGED_PKG|Centify
11:57:20.0 (14540080)|ENTERING_MANAGED_PKG|Centify
11:57:20.0 (14584805)|ENTERING_MANAGED_PKG|Centify
11:57:20.0 (17898261)|SOQL_EXECUTE_BEGIN|[366]|Aggregations:0|SELECT Id, Label, MasterLabel, DeveloperName, Endpoint__c, TimeOut__c FROM Endpoint_Setting__mdt LIMIT 50
11:57:20.0 (25457260)|SOQL_EXECUTE_END|[366]|Rows:24
11:57:20.0 (27277406)|ENTERING_MANAGED_PKG|Centify
11:57:20.0 (27854126)|ENTERING_MANAGED_PKG|Centify
11:57:20.0 (27894820)|ENTERING_MANAGED_PKG|Centify
11:57:20.0 (28350568)|ENTERING_MANAGED_PKG|Centify
11:57:20.0 (28391163)|ENTERING_MANAGED_PKG|Centify
11:57:20.0 (28433063)|ENTERING_MANAGED_PKG|Centify
11:57:20.0 (28462349)|ENTERING_MANAGED_PKG|Centify
11:57:20.0 (29796543)|ENTERING_MANAGED_PKG|Centify
11:57:20.0 (29869556)|ENTERING_MANAGED_PKG|Centify
11:57:20.0 (30169232)|ENTERING_MANAGED_PKG|Centify
11:57:20.0 (30215327)|ENTERING_MANAGED_PKG|Centify
11:57:20.0 (30254049)|ENTERING_MANAGED_PKG|Centify
11:57:20.0 (30290404)|ENTERING_MANAGED_PKG|Centify
11:57:20.0 (30358716)|ENTERING_MANAGED_PKG|Centify
11:57:20.0 (32768802)|ENTERING_MANAGED_PKG|Centify
11:57:20.0 (32873751)|ENTERING_MANAGED_PKG|Centify
11:57:20.0 (33703190)|ENTERING_MANAGED_PKG|Centify
11:57:20.0 (574777367)|ENTERING_MANAGED_PKG|Centify
11:57:20.0 (575713515)|ENTERING_MANAGED_PKG|Centify
11:57:20.0 (578005763)|ENTERING_MANAGED_PKG|Centify
11:57:20.0 (581434791)|ENTERING_MANAGED_PKG|Centify
11:57:20.0 (581490720)|ENTERING_MANAGED_PKG|Centify
11:57:20.0 (581568759)|ENTERING_MANAGED_PKG|Centify
11:57:20.0 (581705880)|ENTERING_MANAGED_PKG|Centify
11:57:20.0 (581906867)|ENTERING_MANAGED_PKG|Centify
11:57:20.0 (581983335)|ENTERING_MANAGED_PKG|Centify
11:57:20.0 (582052901)|ENTERING_MANAGED_PKG|Centify
11:57:20.0 (582085607)|ENTERING_MANAGED_PKG|Centify
11:57:20.0 (582129284)|ENTERING_MANAGED_PKG|Centify
11:57:20.0 (582155494)|ENTERING_MANAGED_PKG|Centify
11:57:20.0 (582199876)|ENTERING_MANAGED_PKG|Centify
11:57:20.0 (582225584)|ENTERING_MANAGED_PKG|Centify
11:57:20.0 (582293120)|ENTERING_MANAGED_PKG|Centify
11:57:20.0 (582339487)|ENTERING_MANAGED_PKG|Centify
11:57:20.0 (584390940)|ENTERING_MANAGED_PKG|Centify
11:57:20.0 (584482097)|ENTERING_MANAGED_PKG|Centify
11:57:20.0 (584557865)|ENTERING_MANAGED_PKG|Centify
11:57:20.0 (584606508)|ENTERING_MANAGED_PKG|Centify
11:57:20.0 (584649831)|ENTERING_MANAGED_PKG|Centify
11:57:20.0 (584720733)|ENTERING_MANAGED_PKG|Centify
11:57:20.0 (584993288)|ENTERING_MANAGED_PKG|Centify
11:57:20.0 (586361760)|DML_BEGIN|[146]|Op:Delete|Type:Centify__Notification__c|Rows:4
11:57:20.0 (711465573)|DML_END|[146]
