35.0 APEX_CODE,FINEST;APEX_PROFILING,INFO;CALLOUT,INFO;DB,INFO;NBA,INFO;SYSTEM,DEBUG;VALIDATION,INFO;VISUALFORCE,INFO;WAVE,INFO;WORKFLOW,INFO
18:01:22.28 (28745566)|ENTERING_MANAGED_PKG|NVMContactWorld
18:01:22.28 (28913970)|ENTERING_MANAGED_PKG|NVMContactWorld
18:01:22.28 (29192254)|ENTERING_MANAGED_PKG|NVMContactWorld
18:01:22.28 (29233376)|ENTERING_MANAGED_PKG|NVMContactWorld
18:01:22.28 (29705902)|ENTERING_MANAGED_PKG|NVMContactWorld
18:01:22.28 (36123457)|ENTERING_MANAGED_PKG|NVMContactWorld
18:01:22.28 (36162413)|ENTERING_MANAGED_PKG|NVMContactWorld
18:01:22.28 (38506479)|SOQL_EXECUTE_BEGIN|[47]|Aggregations:0|SELECT Id, MostRecentCall__c, MostRecentCallEventTimestamp__c, MostRecentCallIsActive__c, NVM_Agent_Id__c, NotesCollapsed__c FROM User WHERE Id = :tmpVar1
18:01:22.28 (45854055)|SOQL_EXECUTE_END|[47]|Rows:1
18:01:22.28 (46128390)|ENTERING_MANAGED_PKG|NVMContactWorld
18:01:22.28 (46197701)|ENTERING_MANAGED_PKG|NVMContactWorld
18:01:22.28 (46284895)|ENTERING_MANAGED_PKG|NVMContactWorld
18:01:22.28 (46328483)|ENTERING_MANAGED_PKG|NVMContactWorld
18:01:22.28 (46380154)|ENTERING_MANAGED_PKG|NVMContactWorld
18:01:22.28 (46469869)|ENTERING_MANAGED_PKG|NVMContactWorld
18:01:22.28 (50895788)|ENTERING_MANAGED_PKG|NVMContactWorld
18:01:22.28 (50931351)|ENTERING_MANAGED_PKG|NVMContactWorld
18:01:22.28 (52680801)|ENTERING_MANAGED_PKG|NVMContactWorld
18:01:22.28 (56606388)|ENTERING_MANAGED_PKG|NVMContactWorld
18:01:22.28 (56659872)|ENTERING_MANAGED_PKG|NVMContactWorld
18:01:22.28 (56723533)|ENTERING_MANAGED_PKG|NVMContactWorld
18:01:22.28 (56744127)|ENTERING_MANAGED_PKG|NVMContactWorld
18:01:22.28 (57153061)|ENTERING_MANAGED_PKG|NVMContactWorld
18:01:22.28 (59113312)|ENTERING_MANAGED_PKG|NVMContactWorld
18:01:22.28 (59378057)|ENTERING_MANAGED_PKG|NVMContactWorld
18:01:22.28 (59429912)|ENTERING_MANAGED_PKG|NVMContactWorld
18:01:22.28 (60206012)|ENTERING_MANAGED_PKG|NVMContactWorld
18:01:22.28 (60487611)|ENTERING_MANAGED_PKG|NVMContactWorld
18:01:22.28 (61090469)|SOQL_EXECUTE_BEGIN|[167]|Aggregations:0|SELECT Name, ExpiryTime__c, AuthorizationToken1__c, AuthorizationToken2__c, AuthorizationToken3__c, AuthorizationToken4__c, AuthorizationToken5__c, AuthorizationToken6__c, AuthorizationToken7__c, AuthorizationToken8__c, TokenType__c FROM ContactWorldToken__c WHERE Name = :tmpVar1 LIMIT 1 FOR UPDATE
18:01:22.28 (76145934)|SOQL_EXECUTE_END|[167]|Rows:1
18:01:22.28 (76557074)|ENTERING_MANAGED_PKG|NVMContactWorld
18:01:22.28 (77793272)|ENTERING_MANAGED_PKG|NVMContactWorld
18:01:22.28 (77911165)|ENTERING_MANAGED_PKG|NVMContactWorld
18:01:22.28 (308486161)|ENTERING_MANAGED_PKG|NVMContactWorld
18:01:22.28 (309706508)|ENTERING_MANAGED_PKG|NVMContactWorld
18:01:22.28 (310118824)|ENTERING_MANAGED_PKG|NVMContactWorld
18:01:22.28 (310600096)|ENTERING_MANAGED_PKG|NVMContactWorld
18:01:22.28 (310667332)|ENTERING_MANAGED_PKG|NVMContactWorld
18:01:22.28 (310814695)|ENTERING_MANAGED_PKG|NVMContactWorld
18:01:22.28 (310870426)|ENTERING_MANAGED_PKG|NVMContactWorld
18:01:22.28 (313562956)|ENTERING_MANAGED_PKG|NVMContactWorld
18:01:22.28 (313649825)|ENTERING_MANAGED_PKG|NVMContactWorld
18:01:22.28 (313807920)|ENTERING_MANAGED_PKG|NVMContactWorld
18:01:22.28 (313856069)|ENTERING_MANAGED_PKG|NVMContactWorld
18:01:22.28 (558832609)|ENTERING_MANAGED_PKG|NVMContactWorld
18:01:22.28 (559012023)|DML_BEGIN|[221]|Op:Upsert|Type:NVMContactWorld__ContactWorldToken__c|Rows:1
18:01:22.28 (598183272)|DML_END|[221]
18:01:22.28 (598269512)|ENTERING_MANAGED_PKG|NVMContactWorld
18:01:22.28 (598453957)|ENTERING_MANAGED_PKG|NVMContactWorld
18:01:22.28 (599318071)|ENTERING_MANAGED_PKG|NVMContactWorld
18:01:22.28 (599400086)|ENTERING_MANAGED_PKG|NVMContactWorld
18:01:22.28 (599432774)|ENTERING_MANAGED_PKG|NVMContactWorld
18:01:22.28 (599462237)|ENTERING_MANAGED_PKG|NVMContactWorld
18:01:22.28 (599496454)|ENTERING_MANAGED_PKG|NVMContactWorld
18:01:22.28 (599530410)|ENTERING_MANAGED_PKG|NVMContactWorld
18:01:22.28 (599557686)|ENTERING_MANAGED_PKG|NVMContactWorld
18:01:22.28 (599611475)|ENTERING_MANAGED_PKG|NVMContactWorld
18:01:22.28 (599664482)|ENTERING_MANAGED_PKG|NVMContactWorld
18:01:22.28 (599689145)|ENTERING_MANAGED_PKG|NVMContactWorld
18:01:22.28 (599723077)|ENTERING_MANAGED_PKG|NVMContactWorld
18:01:22.28 (599744661)|ENTERING_MANAGED_PKG|NVMContactWorld
18:01:22.28 (599768570)|ENTERING_MANAGED_PKG|NVMContactWorld
18:01:22.28 (599783268)|ENTERING_MANAGED_PKG|NVMContactWorld
18:01:22.28 (599801107)|ENTERING_MANAGED_PKG|NVMContactWorld
18:01:22.28 (611139940)|ENTERING_MANAGED_PKG|NVMContactWorld
18:01:22.28 (611175611)|ENTERING_MANAGED_PKG|NVMContactWorld
18:01:22.28 (611202772)|ENTERING_MANAGED_PKG|NVMContactWorld
18:01:22.28 (611218160)|ENTERING_MANAGED_PKG|NVMContactWorld
18:01:22.28 (611231487)|ENTERING_MANAGED_PKG|NVMContactWorld
18:01:22.28 (611262239)|ENTERING_MANAGED_PKG|NVMContactWorld
18:01:22.28 (611464975)|ENTERING_MANAGED_PKG|NVMContactWorld
18:01:22.28 (611485814)|ENTERING_MANAGED_PKG|NVMContactWorld
18:01:22.28 (611498452)|ENTERING_MANAGED_PKG|NVMContactWorld
18:01:22.28 (611509668)|ENTERING_MANAGED_PKG|NVMContactWorld
18:01:22.618 (618369562)|CUMULATIVE_LIMIT_USAGE
18:01:22.618 (618369562)|LIMIT_USAGE_FOR_NS|(default)|
  Number of SOQL queries: 0 out of 100
  Number of query rows: 0 out of 50000
  Number of SOSL queries: 0 out of 20
  Number of DML statements: 0 out of 150
  Number of DML rows: 0 out of 10000
  Maximum CPU time: 54 out of 10000
  Maximum heap size: 0 out of 6000000
  Number of callouts: 0 out of 100
  Number of Email Invocations: 0 out of 10
  Number of future calls: 0 out of 50
  Number of queueable jobs added to the queue: 0 out of 50
  Number of Mobile Apex push calls: 0 out of 10

18:01:22.618 (618369562)|LIMIT_USAGE_FOR_NS|NVMContactWorld|
  Number of SOQL queries: 2 out of 100
  Number of query rows: 2 out of 50000
  Number of SOSL queries: 0 out of 20
  Number of DML statements: 1 out of 150
  Number of DML rows: 1 out of 10000
  Maximum CPU time: 0 out of 10000
  Maximum heap size: 0 out of 6000000
  Number of callouts: 2 out of 100
  Number of Email Invocations: 0 out of 10
  Number of future calls: 0 out of 50
  Number of queueable jobs added to the queue: 0 out of 50
  Number of Mobile Apex push calls: 0 out of 10

18:01:22.618 (618369562)|CUMULATIVE_LIMIT_USAGE_END

