37.0 APEX_CODE,FINEST;APEX_PROFILING,INFO;CALLOUT,INFO;DB,INFO;NBA,INFO;SYSTEM,DEBUG;VALIDATION,INFO;VISUALFORCE,INFO;WAVE,INFO;WORKFLOW,INFO
17:15:06.20 (20820434)|ENTERING_MANAGED_PKG|Centify
17:15:06.20 (23898581)|ENTERING_MANAGED_PKG|Centify
17:15:06.20 (24017690)|ENTERING_MANAGED_PKG|Centify
17:15:06.20 (24943179)|ENTERING_MANAGED_PKG|Centify
17:15:06.20 (25056850)|ENTERING_MANAGED_PKG|Centify
17:15:06.20 (26283017)|ENTERING_MANAGED_PKG|Centify
17:15:06.20 (26697721)|ENTERING_MANAGED_PKG|Centify
17:15:06.20 (26743617)|ENTERING_MANAGED_PKG|Centify
17:15:06.20 (26862982)|ENTERING_MANAGED_PKG|Centify
17:15:06.20 (26932235)|ENTERING_MANAGED_PKG|Centify
17:15:06.20 (26985913)|ENTERING_MANAGED_PKG|Centify
17:15:06.20 (27022604)|ENTERING_MANAGED_PKG|Centify
17:15:06.20 (27055614)|ENTERING_MANAGED_PKG|Centify
17:15:06.20 (27359112)|ENTERING_MANAGED_PKG|Centify
17:15:06.20 (96775606)|ENTERING_MANAGED_PKG|Centify
17:15:06.20 (96896409)|ENTERING_MANAGED_PKG|Centify
17:15:06.20 (97061341)|ENTERING_MANAGED_PKG|Centify
17:15:06.20 (97112768)|ENTERING_MANAGED_PKG|Centify
17:15:06.20 (387826987)|ENTERING_MANAGED_PKG|Centify
17:15:06.20 (443336414)|ENTERING_MANAGED_PKG|Centify
17:15:06.20 (457620104)|ENTERING_MANAGED_PKG|Centify
17:15:06.20 (457677974)|ENTERING_MANAGED_PKG|Centify
17:15:06.20 (457766003)|ENTERING_MANAGED_PKG|Centify
17:15:06.20 (457801899)|ENTERING_MANAGED_PKG|Centify
17:15:06.20 (457873685)|ENTERING_MANAGED_PKG|Centify
17:15:06.20 (490641869)|ENTERING_MANAGED_PKG|Centify
17:15:06.20 (507734126)|ENTERING_MANAGED_PKG|Centify
17:15:06.20 (507793669)|ENTERING_MANAGED_PKG|Centify
17:15:06.20 (507880934)|ENTERING_MANAGED_PKG|Centify
17:15:06.20 (507917950)|ENTERING_MANAGED_PKG|Centify
17:15:06.20 (507990442)|ENTERING_MANAGED_PKG|Centify
17:15:06.20 (541791151)|ENTERING_MANAGED_PKG|Centify
17:15:06.20 (560344921)|ENTERING_MANAGED_PKG|Centify
17:15:06.20 (560405299)|ENTERING_MANAGED_PKG|Centify
17:15:06.20 (560502442)|ENTERING_MANAGED_PKG|Centify
17:15:06.20 (560544639)|ENTERING_MANAGED_PKG|Centify
17:15:06.20 (560630416)|ENTERING_MANAGED_PKG|Centify
17:15:06.20 (598124344)|ENTERING_MANAGED_PKG|Centify
17:15:06.20 (616080784)|ENTERING_MANAGED_PKG|Centify
17:15:06.20 (616143864)|ENTERING_MANAGED_PKG|Centify
17:15:06.20 (616241196)|ENTERING_MANAGED_PKG|Centify
17:15:06.20 (616283217)|ENTERING_MANAGED_PKG|Centify
17:15:06.20 (616363728)|ENTERING_MANAGED_PKG|Centify
17:15:06.20 (652805750)|ENTERING_MANAGED_PKG|Centify
17:15:06.20 (671273379)|ENTERING_MANAGED_PKG|Centify
17:15:06.20 (671335812)|ENTERING_MANAGED_PKG|Centify
17:15:06.20 (671436298)|ENTERING_MANAGED_PKG|Centify
17:15:06.20 (671477715)|ENTERING_MANAGED_PKG|Centify
17:15:06.20 (671558224)|ENTERING_MANAGED_PKG|Centify
17:15:06.20 (708794200)|ENTERING_MANAGED_PKG|Centify
17:15:06.20 (726721416)|ENTERING_MANAGED_PKG|Centify
17:15:06.20 (726781861)|ENTERING_MANAGED_PKG|Centify
17:15:06.20 (726870571)|ENTERING_MANAGED_PKG|Centify
17:15:06.20 (726908245)|ENTERING_MANAGED_PKG|Centify
17:15:06.20 (726982311)|ENTERING_MANAGED_PKG|Centify
17:15:06.20 (760900939)|ENTERING_MANAGED_PKG|Centify
17:15:06.20 (777971430)|ENTERING_MANAGED_PKG|Centify
17:15:06.20 (778032506)|ENTERING_MANAGED_PKG|Centify
17:15:06.20 (778131254)|ENTERING_MANAGED_PKG|Centify
17:15:06.20 (778171764)|ENTERING_MANAGED_PKG|Centify
17:15:06.20 (778247140)|ENTERING_MANAGED_PKG|Centify
17:15:06.20 (841387340)|ENTERING_MANAGED_PKG|Centify
17:15:06.20 (865209223)|ENTERING_MANAGED_PKG|Centify
17:15:06.20 (865281307)|ENTERING_MANAGED_PKG|Centify
17:15:06.20 (865399824)|ENTERING_MANAGED_PKG|Centify
17:15:06.20 (865449042)|ENTERING_MANAGED_PKG|Centify
17:15:06.20 (865548214)|ENTERING_MANAGED_PKG|Centify
17:15:06.20 (923787553)|ENTERING_MANAGED_PKG|Centify
17:15:06.20 (940914032)|ENTERING_MANAGED_PKG|Centify
17:15:06.20 (940969874)|ENTERING_MANAGED_PKG|Centify
17:15:06.20 (941057626)|ENTERING_MANAGED_PKG|Centify
17:15:06.20 (941094468)|ENTERING_MANAGED_PKG|Centify
17:15:06.20 (941166648)|ENTERING_MANAGED_PKG|Centify
17:15:06.20 (983805032)|ENTERING_MANAGED_PKG|Centify
17:15:06.20 (1005703118)|ENTERING_MANAGED_PKG|Centify
17:15:06.20 (1006029973)|ENTERING_MANAGED_PKG|Centify
17:15:07.20 (1020826924)|ENTERING_MANAGED_PKG|Centify
17:15:07.20 (1020927328)|ENTERING_MANAGED_PKG|Centify
17:15:07.20 (1022188957)|ENTERING_MANAGED_PKG|Centify
17:15:07.20 (1022259102)|ENTERING_MANAGED_PKG|Centify
17:15:07.20 (1022315344)|ENTERING_MANAGED_PKG|Centify
17:15:07.20 (1022403783)|ENTERING_MANAGED_PKG|Centify
17:15:07.20 (1026325344)|SOQL_EXECUTE_BEGIN|[19]|Aggregations:0|SELECT Id, OrganizationType FROM Organization LIMIT 1
17:15:07.20 (1029954322)|SOQL_EXECUTE_END|[19]|Rows:1
17:15:07.20 (1051261168)|ENTERING_MANAGED_PKG|Centify
17:15:07.20 (1051363478)|ENTERING_MANAGED_PKG|Centify
17:15:07.20 (1051676115)|ENTERING_MANAGED_PKG|Centify
17:15:07.20 (1051753932)|ENTERING_MANAGED_PKG|Centify
17:15:07.20 (1051815630)|ENTERING_MANAGED_PKG|Centify
17:15:07.20 (1052202265)|ENTERING_MANAGED_PKG|Centify
17:15:07.20 (1052317211)|ENTERING_MANAGED_PKG|Centify
17:15:07.20 (1067203829)|ENTERING_MANAGED_PKG|Centify
17:15:07.20 (1067429191)|ENTERING_MANAGED_PKG|Centify
17:15:07.20 (1068710491)|ENTERING_MANAGED_PKG|Centify
17:15:07.20 (1069648043)|SOQL_EXECUTE_BEGIN|[16]|Aggregations:0|select id,lastmodifieddate,isdeleted,name,createddate,ownerid,status,isconverted,converteddate,company from Lead where LastModifiedDate >2018-11-21T05:26:56Z AND LastModifiedDate < 2018-11-21T07:15:12Z  ORDER BY SystemModStamp DESC LIMIT 5000  ALL ROWS
17:15:07.20 (1078058746)|SOQL_EXECUTE_END|[16]|Rows:0
17:15:07.122 (1122529173)|CUMULATIVE_LIMIT_USAGE
17:15:07.122 (1122529173)|LIMIT_USAGE_FOR_NS|(default)|
  Number of SOQL queries: 0 out of 200
  Number of query rows: 0 out of 50000
  Number of SOSL queries: 0 out of 20
  Number of DML statements: 0 out of 150
  Number of DML rows: 0 out of 10000
  Maximum CPU time: 0 out of 60000
  Maximum heap size: 0 out of 12000000
  Number of callouts: 0 out of 0
  Number of Email Invocations: 0 out of 10
  Number of future calls: 0 out of 0
  Number of queueable jobs added to the queue: 0 out of 1
  Number of Mobile Apex push calls: 0 out of 10

17:15:07.122 (1122529173)|LIMIT_USAGE_FOR_NS|Centify|
  Number of SOQL queries: 0 out of 200
  Number of query rows: 0 out of 50000
  Number of SOSL queries: 0 out of 20
  Number of DML statements: 0 out of 150
  Number of DML rows: 0 out of 10000
  Maximum CPU time: 0 out of 60000
  Maximum heap size: 0 out of 12000000
  Number of callouts: 0 out of 0
  Number of Email Invocations: 0 out of 10
  Number of future calls: 0 out of 0
  Number of queueable jobs added to the queue: 0 out of 1
  Number of Mobile Apex push calls: 0 out of 10

17:15:07.122 (1122529173)|CUMULATIVE_LIMIT_USAGE_END

