31.0 APEX_CODE,FINEST;APEX_PROFILING,INFO;CALLOUT,INFO;DB,INFO;NBA,INFO;SYSTEM,DEBUG;VALIDATION,INFO;VISUALFORCE,INFO;WAVE,INFO;WORKFLOW,INFO
17:28:10.0 (96524)|USER_INFO|[EXTERNAL]|00590000000Vmmq|ben@bjbglobal.com.au|Australian Eastern Standard Time|GMT+10:00
17:28:10.0 (135660)|EXECUTION_STARTED
17:28:10.0 (140678)|CODE_UNIT_STARTED|[EXTERNAL]|TRIGGERS
17:28:10.0 (178095)|CODE_UNIT_STARTED|[EXTERNAL]|01q6F000000DhRF|TaskBeforeUpdate on Task trigger event BeforeUpdate|__sfdc_trigger/TaskBeforeUpdate
17:28:10.0 (219255)|HEAP_ALLOCATE|[EXTERNAL]|Bytes:8
17:28:10.0 (288427)|HEAP_ALLOCATE|[EXTERNAL]|Bytes:8
17:28:10.0 (683916)|HEAP_ALLOCATE|[72]|Bytes:3
17:28:10.0 (716505)|HEAP_ALLOCATE|[77]|Bytes:152
17:28:10.0 (730899)|HEAP_ALLOCATE|[342]|Bytes:408
17:28:10.0 (742998)|HEAP_ALLOCATE|[355]|Bytes:408
17:28:10.0 (754029)|HEAP_ALLOCATE|[467]|Bytes:48
17:28:10.0 (780203)|HEAP_ALLOCATE|[139]|Bytes:6
17:28:10.0 (804329)|HEAP_ALLOCATE|[EXTERNAL]|Bytes:4
17:28:10.0 (812753)|VARIABLE_SCOPE_BEGIN|[10]|this|TaskBeforeUpdate|true|false
17:28:10.0 (858576)|VARIABLE_ASSIGNMENT|[10]|this|{}|0x3e958f2f
17:28:10.0 (918001)|HEAP_ALLOCATE|[EXTERNAL]|Bytes:4
17:28:10.0 (925302)|VARIABLE_SCOPE_BEGIN|[10]|this|TaskBeforeUpdate|true|false
17:28:10.0 (942419)|VARIABLE_ASSIGNMENT|[10]|this|{}|0x3e958f2f
17:28:10.0 (950445)|STATEMENT_EXECUTE|[10]
17:28:10.0 (954643)|CUMULATIVE_LIMIT_USAGE
17:28:10.0 (954643)|LIMIT_USAGE_FOR_NS|(default)|
  Number of SOQL queries: 0 out of 100
  Number of query rows: 0 out of 50000
  Number of SOSL queries: 0 out of 20
  Number of DML statements: 0 out of 150
  Number of DML rows: 0 out of 10000
  Maximum CPU time: 0 out of 10000
  Maximum heap size: 0 out of 6000000
  Number of callouts: 0 out of 100
  Number of Email Invocations: 0 out of 10
  Number of future calls: 0 out of 50
  Number of queueable jobs added to the queue: 0 out of 50
  Number of Mobile Apex push calls: 0 out of 10

17:28:10.0 (954643)|CUMULATIVE_LIMIT_USAGE_END

17:28:10.0 (2039477)|CODE_UNIT_FINISHED|TaskBeforeUpdate on Task trigger event BeforeUpdate|__sfdc_trigger/TaskBeforeUpdate
17:28:10.0 (5477826)|CODE_UNIT_STARTED|[EXTERNAL]|Validation:Task:00T6F00005908Hs
17:28:10.0 (5497129)|VALIDATION_RULE|03d6F000000qFaO|Finish_all_call_monitor_field
17:28:10.0 (5944875)|VALIDATION_FORMULA|AND(!ISBLANK(Monitored_By__c),
    OR(ISBLANK( TEXT(CM_advised_what_will_happen_next__c)),
       ISBLANK( TEXT(Allow_customer_to_present_concerns__c) ),
       ISBLANK( TEXT(Communication_is_clear_positive_confiden__c) ),
       ISBLANK( TEXT(Demonstrate_active_listening__c )),
       ISBLANK( TEXT(Gave_correct_answers_and_infomations__c) ),
       ISBLANK( TEXT(Mirrors_clients_talking_behaviour__c) ) ))|CM_advised_what_will_happen_next__c=null , Demonstrate_active_listening__c=null , Communication_is_clear_positive_confiden__c=null , Allow_customer_to_present_concerns__c=null , Gave_correct_answers_and_infomations__c=null , Mirrors_clients_talking_behaviour__c=null , Monitored_By__c=null
17:28:10.0 (5961319)|VALIDATION_PASS
17:28:10.0 (5964035)|VALIDATION_RULE|03d900000009JbB|Interac_Quality_Must_Be_Between_1_and_10
17:28:10.0 (6042389)|VALIDATION_FORMULA|NVMContactWorld__InteractionQuality__c < 1  &#124;&#124;  NVMContactWorld__InteractionQuality__c > 10|NVMContactWorld__InteractionQuality__c=null
17:28:10.0 (6056767)|VALIDATION_PASS
17:28:10.0 (6288515)|CODE_UNIT_FINISHED|Validation:Task:00T6F00005908Hs
17:28:10.0 (38013046)|CODE_UNIT_STARTED|[EXTERNAL]|Workflow:Task
17:28:10.0 (50132983)|WF_RULE_EVAL_BEGIN|Workflow
17:28:10.0 (50168375)|WF_CRITERIA_BEGIN|[Task:  00T6F00005908Hs]|Update Call Monitor Details|01Q6F0000002Tdt|ON_CREATE_OR_TRIGGERING_UPDATE|0
17:28:10.0 (52756892)|WF_RULE_FILTER|[Task : Monitored By not equal to ]
17:28:10.0 (52772124)|WF_RULE_EVAL_VALUE|
17:28:10.0 (52775785)|WF_CRITERIA_END|false
17:28:10.0 (52786565)|WF_CRITERIA_BEGIN|[Task:  00T6F00005908Hs]|Update_Callback_Request_Due_Date3016F0000005i0e|01Q6F0000019gyq|ON_CREATE_ONLY|0
17:28:10.0 (52796866)|WF_RULE_NOT_EVALUATED
17:28:10.0 (52801832)|WF_CRITERIA_BEGIN|[Task:  00T6F00005908Hs]|Call Back Request From LinX|01Q6F000001EY2L|ON_CREATE_OR_TRIGGERING_UPDATE|0
17:28:10.0 (52861001)|WF_RULE_FILTER|[Task : Subject equals Callback Request]
17:28:10.0 (52869547)|WF_RULE_EVAL_VALUE|Outbound call to +61417916273
17:28:10.0 (52873248)|WF_CRITERIA_END|false
17:28:10.0 (52879529)|WF_CRITERIA_BEGIN|[Task:  00T6F00005908Hs]|Call_Monitor3016F00000054R3|01Q6F000000oOu7|ON_ALL_CHANGES|0
17:28:10.0 (52947262)|WF_FORMULA|Formula:ENCODED:[treatNullAsNull]true|Values:
17:28:10.0 (52955745)|WF_CRITERIA_END|true
17:28:10.0 (53763867)|WF_SPOOL_ACTION_BEGIN|Workflow
17:28:10.0 (53798660)|WF_ACTION| Flow Trigger: 1;
17:28:10.0 (53804659)|WF_RULE_EVAL_END
17:28:10.0 (54823886)|WF_FLOW_ACTION_BEGIN|09L6F000000PGTV
17:28:10.56 (56132744)|FLOW_CREATE_INTERVIEW_BEGIN|00D90000000IJSa|3006F0000008usA|3016F00000054R3
17:28:10.56 (56859734)|FLOW_CREATE_INTERVIEW_END|3688675381896519145c726001791673514658d-65be|Call Monitoring
17:28:10.57 (57151831)|FLOW_START_INTERVIEWS_BEGIN|1
17:28:10.57 (57170782)|FLOW_START_INTERVIEW_BEGIN|3688675381896519145c726001791673514658d-65be|Call Monitoring
17:28:10.57 (67519221)|FLOW_START_INTERVIEW_END|3688675381896519145c726001791673514658d-65be|Call Monitoring
17:28:10.57 (67552097)|FLOW_START_INTERVIEWS_END|1
17:28:10.0 (68926097)|WF_FLOW_ACTION_END|09L6F000000PGTV
17:28:10.0 (69036265)|WF_ACTIONS_END| Flow Trigger: 1;
17:28:10.0 (69046886)|CODE_UNIT_FINISHED|Workflow:Task
17:28:10.0 (80889084)|CODE_UNIT_FINISHED|TRIGGERS
17:28:10.0 (80905561)|EXECUTION_FINISHED
