37.0 APEX_CODE,FINEST;APEX_PROFILING,INFO;CALLOUT,INFO;DB,INFO;NBA,INFO;SYSTEM,DEBUG;VALIDATION,INFO;VISUALFORCE,INFO;WAVE,INFO;WORKFLOW,INFO
11:43:07.11 (11414547)|ENTERING_MANAGED_PKG|Centify
11:43:07.11 (21015314)|ENTERING_MANAGED_PKG|Centify
11:43:07.11 (21097983)|ENTERING_MANAGED_PKG|Centify
11:43:07.11 (24099760)|ENTERING_MANAGED_PKG|Centify
11:43:07.11 (24158707)|ENTERING_MANAGED_PKG|Centify
11:43:07.11 (24289725)|ENTERING_MANAGED_PKG|Centify
11:43:07.11 (24735119)|ENTERING_MANAGED_PKG|Centify
11:43:07.11 (32923222)|ENTERING_MANAGED_PKG|Centify
11:43:07.11 (32974071)|ENTERING_MANAGED_PKG|Centify
11:43:07.11 (33190949)|ENTERING_MANAGED_PKG|Centify
11:43:07.11 (33218307)|ENTERING_MANAGED_PKG|Centify
11:43:07.11 (33444479)|ENTERING_MANAGED_PKG|Centify
11:43:07.11 (34654621)|ENTERING_MANAGED_PKG|Centify
11:43:07.11 (34702242)|ENTERING_MANAGED_PKG|Centify
11:43:07.11 (34802342)|ENTERING_MANAGED_PKG|Centify
11:43:07.11 (34881717)|ENTERING_MANAGED_PKG|Centify
11:43:07.11 (34912992)|ENTERING_MANAGED_PKG|Centify
11:43:07.11 (34983797)|ENTERING_MANAGED_PKG|Centify
11:43:07.11 (35005270)|ENTERING_MANAGED_PKG|Centify
11:43:07.11 (35034315)|ENTERING_MANAGED_PKG|Centify
11:43:07.11 (35162277)|ENTERING_MANAGED_PKG|Centify
11:43:07.11 (35199082)|ENTERING_MANAGED_PKG|Centify
11:43:07.11 (35846174)|ENTERING_MANAGED_PKG|Centify
11:43:07.11 (35884020)|ENTERING_MANAGED_PKG|Centify
11:43:07.11 (35922609)|ENTERING_MANAGED_PKG|Centify
11:43:07.11 (36094519)|ENTERING_MANAGED_PKG|Centify
11:43:07.11 (36165895)|ENTERING_MANAGED_PKG|Centify
11:43:07.11 (36397406)|ENTERING_MANAGED_PKG|Centify
11:43:07.11 (36475737)|ENTERING_MANAGED_PKG|Centify
11:43:07.11 (37263898)|ENTERING_MANAGED_PKG|Centify
11:43:07.11 (37394820)|ENTERING_MANAGED_PKG|Centify
11:43:07.11 (37471960)|ENTERING_MANAGED_PKG|Centify
11:43:07.11 (37526878)|ENTERING_MANAGED_PKG|Centify
11:43:07.11 (37594240)|ENTERING_MANAGED_PKG|Centify
11:43:07.11 (37704366)|ENTERING_MANAGED_PKG|Centify
11:43:07.11 (37771042)|ENTERING_MANAGED_PKG|Centify
11:43:07.11 (37823822)|ENTERING_MANAGED_PKG|Centify
11:43:07.11 (37882102)|ENTERING_MANAGED_PKG|Centify
11:43:07.11 (37933251)|ENTERING_MANAGED_PKG|Centify
11:43:07.11 (37989569)|ENTERING_MANAGED_PKG|Centify
11:43:07.11 (38040643)|ENTERING_MANAGED_PKG|Centify
11:43:07.11 (38097837)|ENTERING_MANAGED_PKG|Centify
11:43:07.11 (38148454)|ENTERING_MANAGED_PKG|Centify
11:43:07.11 (38204543)|ENTERING_MANAGED_PKG|Centify
11:43:07.11 (38255124)|ENTERING_MANAGED_PKG|Centify
11:43:07.11 (38311390)|ENTERING_MANAGED_PKG|Centify
11:43:07.11 (38373871)|ENTERING_MANAGED_PKG|Centify
11:43:07.11 (38444750)|ENTERING_MANAGED_PKG|Centify
11:43:07.11 (38553206)|ENTERING_MANAGED_PKG|Centify
11:43:07.11 (38643749)|ENTERING_MANAGED_PKG|Centify
11:43:07.11 (38807173)|ENTERING_MANAGED_PKG|Centify
11:43:07.11 (38893869)|ENTERING_MANAGED_PKG|Centify
11:43:07.11 (38948356)|ENTERING_MANAGED_PKG|Centify
11:43:07.11 (39005844)|ENTERING_MANAGED_PKG|Centify
11:43:07.11 (39058242)|ENTERING_MANAGED_PKG|Centify
11:43:07.11 (39115957)|ENTERING_MANAGED_PKG|Centify
11:43:07.11 (39223116)|ENTERING_MANAGED_PKG|Centify
11:43:07.11 (39286805)|ENTERING_MANAGED_PKG|Centify
11:43:07.11 (39385809)|ENTERING_MANAGED_PKG|Centify
11:43:07.11 (39448471)|ENTERING_MANAGED_PKG|Centify
11:43:07.11 (39551877)|ENTERING_MANAGED_PKG|Centify
11:43:07.11 (39618181)|ENTERING_MANAGED_PKG|Centify
11:43:07.11 (39672730)|ENTERING_MANAGED_PKG|Centify
11:43:07.11 (39729838)|ENTERING_MANAGED_PKG|Centify
11:43:07.11 (39780802)|ENTERING_MANAGED_PKG|Centify
11:43:07.11 (39836655)|ENTERING_MANAGED_PKG|Centify
11:43:07.11 (39887438)|ENTERING_MANAGED_PKG|Centify
11:43:07.11 (39943048)|ENTERING_MANAGED_PKG|Centify
11:43:07.11 (39993704)|ENTERING_MANAGED_PKG|Centify
11:43:07.11 (40050932)|ENTERING_MANAGED_PKG|Centify
11:43:07.11 (40158949)|ENTERING_MANAGED_PKG|Centify
11:43:07.11 (40220117)|ENTERING_MANAGED_PKG|Centify
11:43:07.11 (40271920)|ENTERING_MANAGED_PKG|Centify
11:43:07.11 (40329361)|ENTERING_MANAGED_PKG|Centify
11:43:07.11 (40380111)|ENTERING_MANAGED_PKG|Centify
11:43:07.11 (40429955)|ENTERING_MANAGED_PKG|Centify
11:43:07.11 (40669688)|ENTERING_MANAGED_PKG|Centify
11:43:07.11 (40700489)|ENTERING_MANAGED_PKG|Centify
11:43:07.11 (40754161)|ENTERING_MANAGED_PKG|Centify
11:43:07.11 (40789055)|ENTERING_MANAGED_PKG|Centify
11:43:07.11 (40822102)|ENTERING_MANAGED_PKG|Centify
11:43:07.11 (40885756)|ENTERING_MANAGED_PKG|Centify
11:43:07.11 (42360947)|DML_BEGIN|[74]|Op:Insert|Type:Centify__Notification__c|Rows:1
11:43:07.11 (86484998)|DML_END|[74]
11:43:07.11 (86643867)|ENTERING_MANAGED_PKG|Centify
11:43:07.11 (86959423)|ENTERING_MANAGED_PKG|Centify
11:43:07.109 (109183448)|CUMULATIVE_LIMIT_USAGE
11:43:07.109 (109183448)|LIMIT_USAGE_FOR_NS|(default)|
  Number of SOQL queries: 0 out of 200
  Number of query rows: 0 out of 50000
  Number of SOSL queries: 0 out of 20
  Number of DML statements: 0 out of 150
  Number of DML rows: 0 out of 10000
  Maximum CPU time: 0 out of 60000
  Maximum heap size: 0 out of 12000000
  Number of callouts: 0 out of 0
  Number of Email Invocations: 0 out of 10
  Number of future calls: 0 out of 0
  Number of queueable jobs added to the queue: 0 out of 1
  Number of Mobile Apex push calls: 0 out of 10

11:43:07.109 (109183448)|LIMIT_USAGE_FOR_NS|Centify|
  Number of SOQL queries: 0 out of 200
  Number of query rows: 0 out of 50000
  Number of SOSL queries: 0 out of 20
  Number of DML statements: 0 out of 150
  Number of DML rows: 0 out of 10000
  Maximum CPU time: 0 out of 60000
  Maximum heap size: 0 out of 12000000
  Number of callouts: 0 out of 0
  Number of Email Invocations: 0 out of 10
  Number of future calls: 0 out of 0
  Number of queueable jobs added to the queue: 0 out of 1
  Number of Mobile Apex push calls: 0 out of 10

11:43:07.109 (109183448)|CUMULATIVE_LIMIT_USAGE_END

