37.0 APEX_CODE,FINEST;APEX_PROFILING,INFO;CALLOUT,INFO;DB,INFO;NBA,INFO;SYSTEM,DEBUG;VALIDATION,INFO;VISUALFORCE,INFO;WAVE,INFO;WORKFLOW,INFO
18:11:12.16 (16214603)|ENTERING_MANAGED_PKG|Centify
18:11:12.16 (19548809)|ENTERING_MANAGED_PKG|Centify
18:11:12.16 (25713929)|ENTERING_MANAGED_PKG|Centify
18:11:12.16 (25856567)|ENTERING_MANAGED_PKG|Centify
18:11:12.16 (25979339)|ENTERING_MANAGED_PKG|Centify
18:11:12.16 (26606854)|ENTERING_MANAGED_PKG|Centify
18:11:12.16 (26914485)|ENTERING_MANAGED_PKG|Centify
18:11:12.16 (26944658)|ENTERING_MANAGED_PKG|Centify
18:11:12.16 (27023609)|ENTERING_MANAGED_PKG|Centify
18:11:12.16 (27094357)|ENTERING_MANAGED_PKG|Centify
18:11:12.16 (27131987)|ENTERING_MANAGED_PKG|Centify
18:11:12.16 (27153619)|ENTERING_MANAGED_PKG|Centify
18:11:12.16 (27171661)|ENTERING_MANAGED_PKG|Centify
18:11:12.16 (27342799)|ENTERING_MANAGED_PKG|Centify
18:11:12.16 (62469544)|ENTERING_MANAGED_PKG|Centify
18:11:12.16 (62594958)|ENTERING_MANAGED_PKG|Centify
18:11:12.16 (62744365)|ENTERING_MANAGED_PKG|Centify
18:11:12.16 (62814975)|ENTERING_MANAGED_PKG|Centify
18:11:12.16 (243219183)|ENTERING_MANAGED_PKG|Centify
18:11:12.16 (285993075)|ENTERING_MANAGED_PKG|Centify
18:11:12.16 (300718439)|ENTERING_MANAGED_PKG|Centify
18:11:12.16 (300788505)|ENTERING_MANAGED_PKG|Centify
18:11:12.16 (300940294)|ENTERING_MANAGED_PKG|Centify
18:11:12.16 (300987423)|ENTERING_MANAGED_PKG|Centify
18:11:12.16 (301092127)|ENTERING_MANAGED_PKG|Centify
18:11:12.16 (327473881)|ENTERING_MANAGED_PKG|Centify
18:11:12.16 (344556482)|ENTERING_MANAGED_PKG|Centify
18:11:12.16 (344619944)|ENTERING_MANAGED_PKG|Centify
18:11:12.16 (344712763)|ENTERING_MANAGED_PKG|Centify
18:11:12.16 (344759426)|ENTERING_MANAGED_PKG|Centify
18:11:12.16 (344845078)|ENTERING_MANAGED_PKG|Centify
18:11:12.16 (368909740)|ENTERING_MANAGED_PKG|Centify
18:11:12.16 (382825457)|ENTERING_MANAGED_PKG|Centify
18:11:12.16 (382872626)|ENTERING_MANAGED_PKG|Centify
18:11:12.16 (382941752)|ENTERING_MANAGED_PKG|Centify
18:11:12.16 (382970504)|ENTERING_MANAGED_PKG|Centify
18:11:12.16 (383032882)|ENTERING_MANAGED_PKG|Centify
18:11:12.16 (406758842)|ENTERING_MANAGED_PKG|Centify
18:11:12.16 (419886551)|ENTERING_MANAGED_PKG|Centify
18:11:12.16 (419952909)|ENTERING_MANAGED_PKG|Centify
18:11:12.16 (420026847)|ENTERING_MANAGED_PKG|Centify
18:11:12.16 (420056350)|ENTERING_MANAGED_PKG|Centify
18:11:12.16 (420114044)|ENTERING_MANAGED_PKG|Centify
18:11:12.16 (444326836)|ENTERING_MANAGED_PKG|Centify
18:11:12.16 (458250253)|ENTERING_MANAGED_PKG|Centify
18:11:12.16 (458318806)|ENTERING_MANAGED_PKG|Centify
18:11:12.16 (458421746)|ENTERING_MANAGED_PKG|Centify
18:11:12.16 (458471184)|ENTERING_MANAGED_PKG|Centify
18:11:12.16 (458551204)|ENTERING_MANAGED_PKG|Centify
18:11:12.16 (482199334)|ENTERING_MANAGED_PKG|Centify
18:11:12.16 (496090127)|ENTERING_MANAGED_PKG|Centify
18:11:12.16 (496147457)|ENTERING_MANAGED_PKG|Centify
18:11:12.16 (496248627)|ENTERING_MANAGED_PKG|Centify
18:11:12.16 (496288773)|ENTERING_MANAGED_PKG|Centify
18:11:12.16 (496366686)|ENTERING_MANAGED_PKG|Centify
18:11:12.16 (521270175)|ENTERING_MANAGED_PKG|Centify
18:11:12.16 (534966044)|ENTERING_MANAGED_PKG|Centify
18:11:12.16 (535022528)|ENTERING_MANAGED_PKG|Centify
18:11:12.16 (535097040)|ENTERING_MANAGED_PKG|Centify
18:11:12.16 (535128484)|ENTERING_MANAGED_PKG|Centify
18:11:12.16 (535188037)|ENTERING_MANAGED_PKG|Centify
18:11:12.16 (557748471)|ENTERING_MANAGED_PKG|Centify
18:11:12.16 (570624661)|ENTERING_MANAGED_PKG|Centify
18:11:12.16 (570674237)|ENTERING_MANAGED_PKG|Centify
18:11:12.16 (570749827)|ENTERING_MANAGED_PKG|Centify
18:11:12.16 (570781373)|ENTERING_MANAGED_PKG|Centify
18:11:12.16 (570840108)|ENTERING_MANAGED_PKG|Centify
18:11:12.16 (593106848)|ENTERING_MANAGED_PKG|Centify
18:11:12.16 (605679941)|ENTERING_MANAGED_PKG|Centify
18:11:12.16 (605736775)|ENTERING_MANAGED_PKG|Centify
18:11:12.16 (605809037)|ENTERING_MANAGED_PKG|Centify
18:11:12.16 (605839505)|ENTERING_MANAGED_PKG|Centify
18:11:12.16 (605897838)|ENTERING_MANAGED_PKG|Centify
18:11:12.16 (627971209)|ENTERING_MANAGED_PKG|Centify
18:11:12.16 (628041251)|ENTERING_MANAGED_PKG|Centify
18:11:12.16 (628212099)|ENTERING_MANAGED_PKG|Centify
18:11:12.16 (628273741)|ENTERING_MANAGED_PKG|Centify
18:11:12.16 (628313144)|ENTERING_MANAGED_PKG|Centify
18:11:12.16 (628577863)|ENTERING_MANAGED_PKG|Centify
18:11:12.16 (628654242)|ENTERING_MANAGED_PKG|Centify
18:11:12.16 (629840063)|ENTERING_MANAGED_PKG|Centify
18:11:12.16 (629901856)|ENTERING_MANAGED_PKG|Centify
18:11:12.16 (629982642)|ENTERING_MANAGED_PKG|Centify
18:11:12.16 (630505381)|ENTERING_MANAGED_PKG|Centify
18:11:12.16 (631212674)|SOQL_EXECUTE_BEGIN|[16]|Aggregations:0|select id,lastmodifieddate,isdeleted,ownerid,status,whatid,activitydate,tasksubtype,isclosed,subject from Task where LastModifiedDate >2018-09-28T07:44:30Z AND LastModifiedDate < 2018-09-28T08:11:18Z AND (  Subject = 'Email' )  ORDER BY SystemModStamp DESC LIMIT 5000  ALL ROWS
18:11:12.16 (637203907)|SOQL_EXECUTE_END|[16]|Rows:0
18:11:12.659 (659782274)|CUMULATIVE_LIMIT_USAGE
18:11:12.659 (659782274)|LIMIT_USAGE_FOR_NS|(default)|
  Number of SOQL queries: 0 out of 200
  Number of query rows: 0 out of 50000
  Number of SOSL queries: 0 out of 20
  Number of DML statements: 0 out of 150
  Number of DML rows: 0 out of 10000
  Maximum CPU time: 0 out of 60000
  Maximum heap size: 0 out of 12000000
  Number of callouts: 0 out of 0
  Number of Email Invocations: 0 out of 10
  Number of future calls: 0 out of 0
  Number of queueable jobs added to the queue: 0 out of 1
  Number of Mobile Apex push calls: 0 out of 10

18:11:12.659 (659782274)|LIMIT_USAGE_FOR_NS|Centify|
  Number of SOQL queries: 0 out of 200
  Number of query rows: 0 out of 50000
  Number of SOSL queries: 0 out of 20
  Number of DML statements: 0 out of 150
  Number of DML rows: 0 out of 10000
  Maximum CPU time: 0 out of 60000
  Maximum heap size: 0 out of 12000000
  Number of callouts: 0 out of 0
  Number of Email Invocations: 0 out of 10
  Number of future calls: 0 out of 0
  Number of queueable jobs added to the queue: 0 out of 1
  Number of Mobile Apex push calls: 0 out of 10

18:11:12.659 (659782274)|CUMULATIVE_LIMIT_USAGE_END

