37.0 APEX_CODE,FINEST;APEX_PROFILING,INFO;CALLOUT,INFO;DB,INFO;NBA,INFO;SYSTEM,DEBUG;VALIDATION,INFO;VISUALFORCE,INFO;WAVE,INFO;WORKFLOW,INFO
11:48:22.19 (19373050)|ENTERING_MANAGED_PKG|Centify
11:48:22.19 (20921577)|ENTERING_MANAGED_PKG|Centify
11:48:22.19 (20961946)|ENTERING_MANAGED_PKG|Centify
11:48:22.19 (21520621)|ENTERING_MANAGED_PKG|Centify
11:48:22.19 (21581796)|ENTERING_MANAGED_PKG|Centify
11:48:22.19 (22233074)|ENTERING_MANAGED_PKG|Centify
11:48:22.19 (22502455)|ENTERING_MANAGED_PKG|Centify
11:48:22.19 (22526995)|ENTERING_MANAGED_PKG|Centify
11:48:22.19 (22594934)|ENTERING_MANAGED_PKG|Centify
11:48:22.19 (22635571)|ENTERING_MANAGED_PKG|Centify
11:48:22.19 (22663421)|ENTERING_MANAGED_PKG|Centify
11:48:22.19 (22701891)|ENTERING_MANAGED_PKG|Centify
11:48:22.19 (22720609)|ENTERING_MANAGED_PKG|Centify
11:48:22.19 (22893417)|ENTERING_MANAGED_PKG|Centify
11:48:22.19 (54365890)|ENTERING_MANAGED_PKG|Centify
11:48:22.19 (54457331)|ENTERING_MANAGED_PKG|Centify
11:48:22.19 (54565912)|ENTERING_MANAGED_PKG|Centify
11:48:22.19 (54604919)|ENTERING_MANAGED_PKG|Centify
11:48:22.19 (234173882)|ENTERING_MANAGED_PKG|Centify
11:48:22.19 (263164205)|ENTERING_MANAGED_PKG|Centify
11:48:22.19 (276213903)|ENTERING_MANAGED_PKG|Centify
11:48:22.19 (276267866)|ENTERING_MANAGED_PKG|Centify
11:48:22.19 (276342357)|ENTERING_MANAGED_PKG|Centify
11:48:22.19 (276371876)|ENTERING_MANAGED_PKG|Centify
11:48:22.19 (276443140)|ENTERING_MANAGED_PKG|Centify
11:48:22.19 (297381560)|ENTERING_MANAGED_PKG|Centify
11:48:22.19 (314424933)|ENTERING_MANAGED_PKG|Centify
11:48:22.19 (314477162)|ENTERING_MANAGED_PKG|Centify
11:48:22.19 (314570458)|ENTERING_MANAGED_PKG|Centify
11:48:22.19 (314621925)|ENTERING_MANAGED_PKG|Centify
11:48:22.19 (314698003)|ENTERING_MANAGED_PKG|Centify
11:48:22.19 (335326143)|ENTERING_MANAGED_PKG|Centify
11:48:22.19 (350219330)|ENTERING_MANAGED_PKG|Centify
11:48:22.19 (350269355)|ENTERING_MANAGED_PKG|Centify
11:48:22.19 (350344975)|ENTERING_MANAGED_PKG|Centify
11:48:22.19 (350381813)|ENTERING_MANAGED_PKG|Centify
11:48:22.19 (350468801)|ENTERING_MANAGED_PKG|Centify
11:48:22.19 (371391568)|ENTERING_MANAGED_PKG|Centify
11:48:22.19 (387563578)|ENTERING_MANAGED_PKG|Centify
11:48:22.19 (387614401)|ENTERING_MANAGED_PKG|Centify
11:48:22.19 (387688574)|ENTERING_MANAGED_PKG|Centify
11:48:22.19 (387723928)|ENTERING_MANAGED_PKG|Centify
11:48:22.19 (387784281)|ENTERING_MANAGED_PKG|Centify
11:48:22.19 (409040552)|ENTERING_MANAGED_PKG|Centify
11:48:22.19 (424431366)|ENTERING_MANAGED_PKG|Centify
11:48:22.19 (424480748)|ENTERING_MANAGED_PKG|Centify
11:48:22.19 (424550405)|ENTERING_MANAGED_PKG|Centify
11:48:22.19 (424580239)|ENTERING_MANAGED_PKG|Centify
11:48:22.19 (424638339)|ENTERING_MANAGED_PKG|Centify
11:48:22.19 (445681279)|ENTERING_MANAGED_PKG|Centify
11:48:22.19 (461413063)|ENTERING_MANAGED_PKG|Centify
11:48:22.19 (461465392)|ENTERING_MANAGED_PKG|Centify
11:48:22.19 (461537757)|ENTERING_MANAGED_PKG|Centify
11:48:22.19 (461568374)|ENTERING_MANAGED_PKG|Centify
11:48:22.19 (461627086)|ENTERING_MANAGED_PKG|Centify
11:48:22.19 (483042921)|ENTERING_MANAGED_PKG|Centify
11:48:22.19 (497238257)|ENTERING_MANAGED_PKG|Centify
11:48:22.19 (497286799)|ENTERING_MANAGED_PKG|Centify
11:48:22.19 (497358926)|ENTERING_MANAGED_PKG|Centify
11:48:22.19 (497389296)|ENTERING_MANAGED_PKG|Centify
11:48:22.19 (497446644)|ENTERING_MANAGED_PKG|Centify
11:48:22.19 (517715018)|ENTERING_MANAGED_PKG|Centify
11:48:22.19 (532742857)|ENTERING_MANAGED_PKG|Centify
11:48:22.19 (532794104)|ENTERING_MANAGED_PKG|Centify
11:48:22.19 (532866516)|ENTERING_MANAGED_PKG|Centify
11:48:22.19 (532897377)|ENTERING_MANAGED_PKG|Centify
11:48:22.19 (532954886)|ENTERING_MANAGED_PKG|Centify
11:48:22.19 (555412438)|ENTERING_MANAGED_PKG|Centify
11:48:22.19 (570767967)|ENTERING_MANAGED_PKG|Centify
11:48:22.19 (570833796)|ENTERING_MANAGED_PKG|Centify
11:48:22.19 (570926742)|ENTERING_MANAGED_PKG|Centify
11:48:22.19 (570959302)|ENTERING_MANAGED_PKG|Centify
11:48:22.19 (571022470)|ENTERING_MANAGED_PKG|Centify
11:48:22.19 (595229123)|ENTERING_MANAGED_PKG|Centify
11:48:22.19 (615299788)|ENTERING_MANAGED_PKG|Centify
11:48:22.19 (615370257)|ENTERING_MANAGED_PKG|Centify
11:48:22.19 (615452046)|ENTERING_MANAGED_PKG|Centify
11:48:22.19 (615491673)|ENTERING_MANAGED_PKG|Centify
11:48:22.19 (615596433)|ENTERING_MANAGED_PKG|Centify
11:48:22.19 (639867292)|ENTERING_MANAGED_PKG|Centify
11:48:22.19 (658758715)|ENTERING_MANAGED_PKG|Centify
11:48:22.19 (658830397)|ENTERING_MANAGED_PKG|Centify
11:48:22.19 (658944265)|ENTERING_MANAGED_PKG|Centify
11:48:22.19 (658992715)|ENTERING_MANAGED_PKG|Centify
11:48:22.19 (659092132)|ENTERING_MANAGED_PKG|Centify
11:48:22.19 (683853170)|ENTERING_MANAGED_PKG|Centify
11:48:22.19 (700048645)|ENTERING_MANAGED_PKG|Centify
11:48:22.19 (700118020)|ENTERING_MANAGED_PKG|Centify
11:48:22.19 (700211700)|ENTERING_MANAGED_PKG|Centify
11:48:22.19 (700244913)|ENTERING_MANAGED_PKG|Centify
11:48:22.19 (700310512)|ENTERING_MANAGED_PKG|Centify
11:48:22.19 (721175676)|ENTERING_MANAGED_PKG|Centify
11:48:22.19 (721231190)|ENTERING_MANAGED_PKG|Centify
11:48:22.19 (721375266)|ENTERING_MANAGED_PKG|Centify
11:48:22.19 (721413364)|ENTERING_MANAGED_PKG|Centify
11:48:22.19 (721441514)|ENTERING_MANAGED_PKG|Centify
11:48:22.19 (722492848)|ENTERING_MANAGED_PKG|Centify
11:48:22.19 (722569195)|ENTERING_MANAGED_PKG|Centify
11:48:22.19 (737542911)|ENTERING_MANAGED_PKG|Centify
11:48:22.19 (737655456)|ENTERING_MANAGED_PKG|Centify
11:48:22.19 (737815146)|ENTERING_MANAGED_PKG|Centify
11:48:22.19 (738706066)|ENTERING_MANAGED_PKG|Centify
11:48:22.19 (739645562)|SOQL_EXECUTE_BEGIN|[16]|Aggregations:0|select id,lastmodifieddate,isdeleted,audit_completed_date__c,audit_booked_date__c,assign_to__c,name,ownerid,status__c,lastactivitydate,opp_type__c,spinify_is_target__c,spinify_is_auditedthismonth__c from SLXOpportunity__c where LastModifiedDate >2018-10-23T01:37:12Z AND LastModifiedDate < 2018-10-23T01:48:28Z AND (   Spinify_Is_Target__c =true OR  Spinify_Is_AuditedThisMonth__c =true )  ORDER BY SystemModStamp DESC LIMIT 5000  ALL ROWS
11:48:22.19 (744770428)|SOQL_EXECUTE_END|[16]|Rows:0
11:48:22.768 (768527300)|CUMULATIVE_LIMIT_USAGE
11:48:22.768 (768527300)|LIMIT_USAGE_FOR_NS|(default)|
  Number of SOQL queries: 0 out of 200
  Number of query rows: 0 out of 50000
  Number of SOSL queries: 0 out of 20
  Number of DML statements: 0 out of 150
  Number of DML rows: 0 out of 10000
  Maximum CPU time: 0 out of 60000
  Maximum heap size: 0 out of 12000000
  Number of callouts: 0 out of 0
  Number of Email Invocations: 0 out of 10
  Number of future calls: 0 out of 0
  Number of queueable jobs added to the queue: 0 out of 1
  Number of Mobile Apex push calls: 0 out of 10

11:48:22.768 (768527300)|LIMIT_USAGE_FOR_NS|Centify|
  Number of SOQL queries: 0 out of 200
  Number of query rows: 0 out of 50000
  Number of SOSL queries: 0 out of 20
  Number of DML statements: 0 out of 150
  Number of DML rows: 0 out of 10000
  Maximum CPU time: 0 out of 60000
  Maximum heap size: 0 out of 12000000
  Number of callouts: 0 out of 0
  Number of Email Invocations: 0 out of 10
  Number of future calls: 0 out of 0
  Number of queueable jobs added to the queue: 0 out of 1
  Number of Mobile Apex push calls: 0 out of 10

11:48:22.768 (768527300)|CUMULATIVE_LIMIT_USAGE_END

