37.0 APEX_CODE,FINEST;APEX_PROFILING,INFO;CALLOUT,INFO;DB,INFO;NBA,INFO;SYSTEM,DEBUG;VALIDATION,INFO;VISUALFORCE,INFO;WAVE,INFO;WORKFLOW,INFO
11:41:00.11 (11216117)|ENTERING_MANAGED_PKG|Centify
11:41:00.11 (11866346)|ENTERING_MANAGED_PKG|Centify
11:41:00.11 (11908407)|ENTERING_MANAGED_PKG|Centify
11:41:00.11 (12284746)|ENTERING_MANAGED_PKG|Centify
11:41:00.11 (12349065)|ENTERING_MANAGED_PKG|Centify
11:41:00.11 (13014273)|ENTERING_MANAGED_PKG|Centify
11:41:00.11 (13114649)|ENTERING_MANAGED_PKG|Centify
11:41:00.11 (15814640)|ENTERING_MANAGED_PKG|Centify
11:41:00.11 (16425135)|ENTERING_MANAGED_PKG|Centify
11:41:00.11 (16569955)|ENTERING_MANAGED_PKG|Centify
11:41:00.11 (16624800)|ENTERING_MANAGED_PKG|Centify
11:41:00.11 (20574182)|ENTERING_MANAGED_PKG|Centify
11:41:00.11 (20654073)|ENTERING_MANAGED_PKG|Centify
11:41:00.11 (20849656)|ENTERING_MANAGED_PKG|Centify
11:41:00.11 (22974080)|ENTERING_MANAGED_PKG|Centify
11:41:00.11 (23017235)|ENTERING_MANAGED_PKG|Centify
11:41:00.11 (23121246)|ENTERING_MANAGED_PKG|Centify
11:41:00.11 (23890538)|ENTERING_MANAGED_PKG|Centify
11:41:00.11 (25081761)|ENTERING_MANAGED_PKG|Centify
11:41:00.11 (25123525)|ENTERING_MANAGED_PKG|Centify
11:41:00.11 (25184712)|ENTERING_MANAGED_PKG|Centify
11:41:00.11 (25867801)|ENTERING_MANAGED_PKG|Centify
11:41:00.11 (25903697)|ENTERING_MANAGED_PKG|Centify
11:41:00.11 (25957128)|ENTERING_MANAGED_PKG|Centify
11:41:00.11 (26540198)|ENTERING_MANAGED_PKG|Centify
11:41:00.11 (29233024)|ENTERING_MANAGED_PKG|Centify
11:41:00.11 (31113220)|ENTERING_MANAGED_PKG|Centify
11:41:00.11 (31271669)|ENTERING_MANAGED_PKG|Centify
11:41:00.11 (32735930)|ENTERING_MANAGED_PKG|Centify
11:41:00.11 (32777271)|ENTERING_MANAGED_PKG|Centify
11:41:00.11 (32829299)|ENTERING_MANAGED_PKG|Centify
11:41:00.11 (32895211)|ENTERING_MANAGED_PKG|Centify
11:41:00.11 (33070252)|ENTERING_MANAGED_PKG|Centify
11:41:00.11 (34820274)|SOQL_EXECUTE_BEGIN|[28]|Aggregations:0|SELECT Id FROM ApexClass WHERE Name = :tmpVar1
11:41:00.11 (41459416)|SOQL_EXECUTE_END|[28]|Rows:1
11:41:00.11 (42024991)|SOQL_EXECUTE_BEGIN|[49]|Aggregations:0|SELECT COUNT() FROM AsyncApexJob WHERE (ApexClassId = :tmpVar1 AND Status IN ('Queued', 'Holding', 'Preparing', 'Processing'))
11:41:00.11 (45563846)|SOQL_EXECUTE_END|[49]|Rows:0
11:41:00.11 (45643676)|ENTERING_MANAGED_PKG|Centify
11:41:00.11 (52112468)|ENTERING_MANAGED_PKG|Centify
11:41:00.11 (52391063)|ENTERING_MANAGED_PKG|Centify
11:41:00.11 (53049347)|ENTERING_MANAGED_PKG|Centify
11:41:00.11 (53222819)|ENTERING_MANAGED_PKG|Centify
11:41:00.11 (53277514)|ENTERING_MANAGED_PKG|Centify
11:41:00.11 (76532777)|ENTERING_MANAGED_PKG|Centify
11:41:00.11 (76621214)|ENTERING_MANAGED_PKG|Centify
11:41:00.11 (83426153)|ENTERING_MANAGED_PKG|Centify
11:41:00.11 (85378816)|ENTERING_MANAGED_PKG|Centify
11:41:00.11 (86380319)|ENTERING_MANAGED_PKG|Centify
11:41:00.11 (87677007)|ENTERING_MANAGED_PKG|Centify
11:41:00.11 (87775467)|ENTERING_MANAGED_PKG|Centify
11:41:00.11 (87807526)|ENTERING_MANAGED_PKG|Centify
11:41:00.11 (87927736)|ENTERING_MANAGED_PKG|Centify
11:41:00.11 (87982489)|ENTERING_MANAGED_PKG|Centify
11:41:00.11 (88177891)|ENTERING_MANAGED_PKG|Centify
11:41:00.11 (88371996)|ENTERING_MANAGED_PKG|Centify
11:41:00.11 (88501344)|ENTERING_MANAGED_PKG|Centify
11:41:00.11 (88624565)|ENTERING_MANAGED_PKG|Centify
11:41:00.11 (88738653)|ENTERING_MANAGED_PKG|Centify
11:41:00.11 (88867528)|ENTERING_MANAGED_PKG|Centify
11:41:00.11 (88986442)|ENTERING_MANAGED_PKG|Centify
11:41:00.11 (89102067)|ENTERING_MANAGED_PKG|Centify
11:41:00.11 (89219474)|ENTERING_MANAGED_PKG|Centify
11:41:00.11 (89340190)|ENTERING_MANAGED_PKG|Centify
11:41:00.11 (89446430)|ENTERING_MANAGED_PKG|Centify
11:41:00.11 (89552900)|ENTERING_MANAGED_PKG|Centify
11:41:00.11 (89670398)|ENTERING_MANAGED_PKG|Centify
11:41:00.11 (89791705)|ENTERING_MANAGED_PKG|Centify
11:41:00.11 (89916071)|ENTERING_MANAGED_PKG|Centify
11:41:00.11 (90235266)|ENTERING_MANAGED_PKG|Centify
11:41:00.11 (90378592)|ENTERING_MANAGED_PKG|Centify
11:41:00.11 (90493935)|ENTERING_MANAGED_PKG|Centify
11:41:00.11 (90599402)|ENTERING_MANAGED_PKG|Centify
11:41:00.11 (90711093)|ENTERING_MANAGED_PKG|Centify
11:41:00.11 (90824129)|ENTERING_MANAGED_PKG|Centify
11:41:00.11 (90978281)|ENTERING_MANAGED_PKG|Centify
11:41:00.11 (91083785)|ENTERING_MANAGED_PKG|Centify
11:41:00.11 (91187524)|ENTERING_MANAGED_PKG|Centify
11:41:00.11 (91300369)|ENTERING_MANAGED_PKG|Centify
11:41:00.11 (91416753)|ENTERING_MANAGED_PKG|Centify
11:41:00.11 (91536808)|ENTERING_MANAGED_PKG|Centify
11:41:00.11 (91644931)|ENTERING_MANAGED_PKG|Centify
11:41:00.11 (91752387)|ENTERING_MANAGED_PKG|Centify
11:41:00.11 (91880196)|ENTERING_MANAGED_PKG|Centify
11:41:00.11 (91955805)|ENTERING_MANAGED_PKG|Centify
11:41:00.11 (92013614)|ENTERING_MANAGED_PKG|Centify
11:41:00.11 (92060048)|ENTERING_MANAGED_PKG|Centify
11:41:00.11 (92187733)|ENTERING_MANAGED_PKG|Centify
11:41:00.11 (92241780)|ENTERING_MANAGED_PKG|Centify
11:41:00.11 (93981541)|ENTERING_MANAGED_PKG|Centify
11:41:00.11 (94020608)|ENTERING_MANAGED_PKG|Centify
11:41:00.11 (94077714)|ENTERING_MANAGED_PKG|Centify
11:41:00.11 (94162639)|ENTERING_MANAGED_PKG|Centify
11:41:00.11 (94338166)|ENTERING_MANAGED_PKG|Centify
11:41:00.11 (94463866)|ENTERING_MANAGED_PKG|Centify
11:41:00.11 (134372600)|ENTERING_MANAGED_PKG|Centify
11:41:00.11 (134448089)|ENTERING_MANAGED_PKG|Centify
11:41:00.11 (506003122)|ENTERING_MANAGED_PKG|Centify
11:41:00.11 (506075356)|ENTERING_MANAGED_PKG|Centify
11:41:00.11 (506250072)|ENTERING_MANAGED_PKG|Centify
11:41:00.11 (506296635)|ENTERING_MANAGED_PKG|Centify
11:41:00.11 (516218918)|ENTERING_MANAGED_PKG|Centify
11:41:00.11 (516547674)|ENTERING_MANAGED_PKG|Centify
11:41:00.11 (517491246)|ENTERING_MANAGED_PKG|Centify
11:41:00.11 (518556305)|ENTERING_MANAGED_PKG|Centify
11:41:00.11 (518632584)|ENTERING_MANAGED_PKG|Centify
11:41:00.11 (518809303)|ENTERING_MANAGED_PKG|Centify
11:41:00.11 (518890621)|ENTERING_MANAGED_PKG|Centify
11:41:00.11 (519410078)|ENTERING_MANAGED_PKG|Centify
11:41:00.11 (519680121)|ENTERING_MANAGED_PKG|Centify
11:41:00.11 (519928048)|ENTERING_MANAGED_PKG|Centify
11:41:00.11 (520130466)|ENTERING_MANAGED_PKG|Centify
11:41:00.11 (520484999)|ENTERING_MANAGED_PKG|Centify
11:41:00.11 (520697037)|ENTERING_MANAGED_PKG|Centify
11:41:00.11 (523274642)|ENTERING_MANAGED_PKG|Centify
11:41:00.11 (523899573)|ENTERING_MANAGED_PKG|Centify
11:41:00.11 (524100549)|ENTERING_MANAGED_PKG|Centify
11:41:00.11 (524881564)|ENTERING_MANAGED_PKG|Centify
11:41:00.11 (525072748)|ENTERING_MANAGED_PKG|Centify
11:41:00.11 (525346896)|ENTERING_MANAGED_PKG|Centify
11:41:00.11 (525573912)|ENTERING_MANAGED_PKG|Centify
11:41:00.11 (525780084)|ENTERING_MANAGED_PKG|Centify
11:41:00.11 (525984224)|ENTERING_MANAGED_PKG|Centify
11:41:00.11 (526169675)|ENTERING_MANAGED_PKG|Centify
11:41:00.11 (527374306)|ENTERING_MANAGED_PKG|Centify
11:41:00.11 (527657861)|ENTERING_MANAGED_PKG|Centify
11:41:00.11 (527908111)|ENTERING_MANAGED_PKG|Centify
11:41:00.11 (528154722)|ENTERING_MANAGED_PKG|Centify
11:41:00.11 (528423459)|ENTERING_MANAGED_PKG|Centify
11:41:00.11 (528665601)|ENTERING_MANAGED_PKG|Centify
11:41:00.11 (528897100)|ENTERING_MANAGED_PKG|Centify
11:41:00.11 (529127270)|ENTERING_MANAGED_PKG|Centify
11:41:00.11 (529313686)|ENTERING_MANAGED_PKG|Centify
11:41:00.11 (529510012)|ENTERING_MANAGED_PKG|Centify
11:41:00.11 (529756137)|ENTERING_MANAGED_PKG|Centify
11:41:00.11 (529977127)|ENTERING_MANAGED_PKG|Centify
11:41:00.11 (530206884)|ENTERING_MANAGED_PKG|Centify
11:41:00.11 (530409024)|ENTERING_MANAGED_PKG|Centify
11:41:00.11 (530618508)|ENTERING_MANAGED_PKG|Centify
11:41:00.11 (530929492)|ENTERING_MANAGED_PKG|Centify
11:41:00.11 (531196838)|ENTERING_MANAGED_PKG|Centify
11:41:00.11 (531464912)|ENTERING_MANAGED_PKG|Centify
11:41:00.11 (531689398)|ENTERING_MANAGED_PKG|Centify
11:41:00.11 (531942900)|ENTERING_MANAGED_PKG|Centify
11:41:00.11 (532120310)|ENTERING_MANAGED_PKG|Centify
11:41:00.11 (532302947)|ENTERING_MANAGED_PKG|Centify
11:41:00.11 (532418017)|ENTERING_MANAGED_PKG|Centify
11:41:00.11 (532577437)|ENTERING_MANAGED_PKG|Centify
11:41:00.11 (532774243)|ENTERING_MANAGED_PKG|Centify
11:41:00.11 (533013917)|ENTERING_MANAGED_PKG|Centify
11:41:00.11 (533192929)|ENTERING_MANAGED_PKG|Centify
11:41:00.11 (533374471)|ENTERING_MANAGED_PKG|Centify
11:41:00.11 (533582974)|ENTERING_MANAGED_PKG|Centify
11:41:00.11 (533780165)|ENTERING_MANAGED_PKG|Centify
11:41:00.11 (533989543)|ENTERING_MANAGED_PKG|Centify
11:41:00.11 (534176559)|ENTERING_MANAGED_PKG|Centify
11:41:00.11 (534324894)|ENTERING_MANAGED_PKG|Centify
11:41:00.11 (534517134)|ENTERING_MANAGED_PKG|Centify
11:41:00.11 (534758399)|ENTERING_MANAGED_PKG|Centify
11:41:00.11 (534969540)|ENTERING_MANAGED_PKG|Centify
11:41:00.11 (535179029)|ENTERING_MANAGED_PKG|Centify
11:41:00.11 (535431552)|ENTERING_MANAGED_PKG|Centify
11:41:00.11 (535740063)|ENTERING_MANAGED_PKG|Centify
11:41:00.11 (535795378)|ENTERING_MANAGED_PKG|Centify
11:41:00.11 (535937261)|ENTERING_MANAGED_PKG|Centify
11:41:00.11 (535995784)|ENTERING_MANAGED_PKG|Centify
11:41:00.11 (536065282)|ENTERING_MANAGED_PKG|Centify
11:41:00.11 (536128975)|ENTERING_MANAGED_PKG|Centify
11:41:00.11 (536175381)|ENTERING_MANAGED_PKG|Centify
11:41:00.11 (536645867)|ENTERING_MANAGED_PKG|Centify
11:41:00.11 (536691677)|ENTERING_MANAGED_PKG|Centify
11:41:00.11 (536728505)|ENTERING_MANAGED_PKG|Centify
11:41:00.11 (536902294)|ENTERING_MANAGED_PKG|Centify
11:41:00.11 (537085992)|ENTERING_MANAGED_PKG|Centify
11:41:00.11 (537113022)|ENTERING_MANAGED_PKG|Centify
11:41:00.11 (537142116)|ENTERING_MANAGED_PKG|Centify
11:41:00.11 (537154738)|ENTERING_MANAGED_PKG|Centify
11:41:00.11 (537664833)|ENTERING_MANAGED_PKG|Centify
11:41:00.11 (537707896)|ENTERING_MANAGED_PKG|Centify
11:41:00.11 (537726622)|ENTERING_MANAGED_PKG|Centify
11:41:00.11 (537844373)|ENTERING_MANAGED_PKG|Centify
11:41:00.11 (538050185)|ENTERING_MANAGED_PKG|Centify
11:41:00.11 (538083717)|ENTERING_MANAGED_PKG|Centify
11:41:00.11 (538142104)|ENTERING_MANAGED_PKG|Centify
11:41:00.11 (538161408)|ENTERING_MANAGED_PKG|Centify
11:41:00.11 (538929080)|ENTERING_MANAGED_PKG|Centify
11:41:00.11 (538972928)|ENTERING_MANAGED_PKG|Centify
11:41:00.11 (538990491)|ENTERING_MANAGED_PKG|Centify
11:41:00.11 (539175186)|ENTERING_MANAGED_PKG|Centify
11:41:00.11 (539390735)|ENTERING_MANAGED_PKG|Centify
11:41:00.11 (539422943)|ENTERING_MANAGED_PKG|Centify
11:41:00.11 (539462920)|ENTERING_MANAGED_PKG|Centify
11:41:00.11 (539479818)|ENTERING_MANAGED_PKG|Centify
11:41:00.11 (540395433)|ENTERING_MANAGED_PKG|Centify
11:41:00.11 (540434288)|ENTERING_MANAGED_PKG|Centify
11:41:00.11 (540453001)|ENTERING_MANAGED_PKG|Centify
11:41:00.11 (540572084)|ENTERING_MANAGED_PKG|Centify
11:41:00.11 (540775053)|ENTERING_MANAGED_PKG|Centify
11:41:00.11 (540810672)|ENTERING_MANAGED_PKG|Centify
11:41:00.11 (540844933)|ENTERING_MANAGED_PKG|Centify
11:41:00.11 (540867509)|ENTERING_MANAGED_PKG|Centify
11:41:00.11 (541951679)|ENTERING_MANAGED_PKG|Centify
11:41:00.11 (541990575)|ENTERING_MANAGED_PKG|Centify
11:41:00.11 (542007991)|ENTERING_MANAGED_PKG|Centify
11:41:00.11 (542145446)|ENTERING_MANAGED_PKG|Centify
11:41:00.11 (542331380)|ENTERING_MANAGED_PKG|Centify
11:41:00.11 (542498460)|ENTERING_MANAGED_PKG|Centify
11:41:00.11 (542659756)|ENTERING_MANAGED_PKG|Centify
11:41:00.11 (542849279)|ENTERING_MANAGED_PKG|Centify
11:41:00.11 (542898808)|ENTERING_MANAGED_PKG|Centify
11:41:00.11 (542948704)|ENTERING_MANAGED_PKG|Centify
11:41:00.11 (542966841)|ENTERING_MANAGED_PKG|Centify
11:41:00.11 (544214418)|ENTERING_MANAGED_PKG|Centify
11:41:00.11 (544262782)|ENTERING_MANAGED_PKG|Centify
11:41:00.11 (544281957)|ENTERING_MANAGED_PKG|Centify
11:41:00.11 (544391973)|ENTERING_MANAGED_PKG|Centify
11:41:00.11 (544572766)|ENTERING_MANAGED_PKG|Centify
11:41:00.11 (544615540)|ENTERING_MANAGED_PKG|Centify
11:41:00.11 (544654373)|ENTERING_MANAGED_PKG|Centify
11:41:00.11 (544682079)|ENTERING_MANAGED_PKG|Centify
11:41:00.11 (546238900)|ENTERING_MANAGED_PKG|Centify
11:41:00.11 (546286119)|ENTERING_MANAGED_PKG|Centify
11:41:00.11 (546307498)|ENTERING_MANAGED_PKG|Centify
11:41:00.11 (546447864)|ENTERING_MANAGED_PKG|Centify
11:41:00.11 (546686757)|ENTERING_MANAGED_PKG|Centify
11:41:00.11 (546730677)|ENTERING_MANAGED_PKG|Centify
11:41:00.11 (546774431)|ENTERING_MANAGED_PKG|Centify
11:41:00.11 (546796368)|ENTERING_MANAGED_PKG|Centify
11:41:00.11 (548358088)|ENTERING_MANAGED_PKG|Centify
11:41:00.11 (548390649)|ENTERING_MANAGED_PKG|Centify
11:41:00.11 (548403136)|ENTERING_MANAGED_PKG|Centify
11:41:00.11 (548492323)|ENTERING_MANAGED_PKG|Centify
11:41:00.11 (548714172)|ENTERING_MANAGED_PKG|Centify
11:41:00.11 (548754199)|ENTERING_MANAGED_PKG|Centify
11:41:00.11 (548796116)|ENTERING_MANAGED_PKG|Centify
11:41:00.11 (548817731)|ENTERING_MANAGED_PKG|Centify
11:41:00.11 (550643524)|ENTERING_MANAGED_PKG|Centify
11:41:00.11 (550683327)|ENTERING_MANAGED_PKG|Centify
11:41:00.11 (550696764)|ENTERING_MANAGED_PKG|Centify
11:41:00.11 (550782421)|ENTERING_MANAGED_PKG|Centify
11:41:00.11 (550922152)|ENTERING_MANAGED_PKG|Centify
11:41:00.11 (550971563)|ENTERING_MANAGED_PKG|Centify
11:41:00.11 (551023493)|ENTERING_MANAGED_PKG|Centify
11:41:00.11 (551044448)|ENTERING_MANAGED_PKG|Centify
11:41:00.11 (553054800)|ENTERING_MANAGED_PKG|Centify
11:41:00.11 (553107762)|ENTERING_MANAGED_PKG|Centify
11:41:00.11 (553129826)|ENTERING_MANAGED_PKG|Centify
11:41:00.11 (553265300)|ENTERING_MANAGED_PKG|Centify
11:41:00.11 (553456820)|ENTERING_MANAGED_PKG|Centify
11:41:00.11 (553482227)|ENTERING_MANAGED_PKG|Centify
11:41:00.11 (553509935)|ENTERING_MANAGED_PKG|Centify
11:41:00.11 (553526448)|ENTERING_MANAGED_PKG|Centify
11:41:00.11 (555580884)|ENTERING_MANAGED_PKG|Centify
11:41:00.11 (555636383)|ENTERING_MANAGED_PKG|Centify
11:41:00.11 (555651090)|ENTERING_MANAGED_PKG|Centify
11:41:00.11 (555750909)|ENTERING_MANAGED_PKG|Centify
11:41:00.11 (555907922)|ENTERING_MANAGED_PKG|Centify
11:41:00.11 (555934072)|ENTERING_MANAGED_PKG|Centify
11:41:00.11 (555981467)|ENTERING_MANAGED_PKG|Centify
11:41:00.11 (556003176)|ENTERING_MANAGED_PKG|Centify
11:41:00.11 (558386045)|ENTERING_MANAGED_PKG|Centify
11:41:00.11 (558437401)|ENTERING_MANAGED_PKG|Centify
11:41:00.11 (558458631)|ENTERING_MANAGED_PKG|Centify
11:41:00.11 (558593873)|ENTERING_MANAGED_PKG|Centify
11:41:00.11 (558841697)|ENTERING_MANAGED_PKG|Centify
11:41:00.11 (558886549)|ENTERING_MANAGED_PKG|Centify
11:41:00.11 (558928953)|ENTERING_MANAGED_PKG|Centify
11:41:00.11 (558948750)|ENTERING_MANAGED_PKG|Centify
11:41:00.11 (561867082)|ENTERING_MANAGED_PKG|Centify
11:41:00.11 (561920477)|ENTERING_MANAGED_PKG|Centify
11:41:00.11 (561942008)|ENTERING_MANAGED_PKG|Centify
11:41:00.11 (562086548)|ENTERING_MANAGED_PKG|Centify
11:41:00.11 (562325810)|ENTERING_MANAGED_PKG|Centify
11:41:00.11 (562363897)|ENTERING_MANAGED_PKG|Centify
11:41:00.11 (562406973)|ENTERING_MANAGED_PKG|Centify
11:41:00.11 (562427739)|ENTERING_MANAGED_PKG|Centify
11:41:00.11 (564833154)|ENTERING_MANAGED_PKG|Centify
11:41:00.11 (564888867)|ENTERING_MANAGED_PKG|Centify
11:41:00.11 (564909913)|ENTERING_MANAGED_PKG|Centify
11:41:00.11 (565029774)|ENTERING_MANAGED_PKG|Centify
11:41:00.11 (565202424)|ENTERING_MANAGED_PKG|Centify
11:41:00.11 (565230493)|ENTERING_MANAGED_PKG|Centify
11:41:00.11 (565258956)|ENTERING_MANAGED_PKG|Centify
11:41:00.11 (565270612)|ENTERING_MANAGED_PKG|Centify
11:41:00.11 (567328206)|ENTERING_MANAGED_PKG|Centify
11:41:00.11 (567363929)|ENTERING_MANAGED_PKG|Centify
11:41:00.11 (567376780)|ENTERING_MANAGED_PKG|Centify
11:41:00.11 (567475072)|ENTERING_MANAGED_PKG|Centify
11:41:00.11 (567534518)|ENTERING_MANAGED_PKG|Centify
11:41:00.11 (567572217)|ENTERING_MANAGED_PKG|Centify
11:41:00.11 (567594236)|ENTERING_MANAGED_PKG|Centify
11:41:00.11 (567884831)|ENTERING_MANAGED_PKG|Centify
11:41:00.11 (567949996)|ENTERING_MANAGED_PKG|Centify
11:41:00.11 (570690391)|ENTERING_MANAGED_PKG|Centify
11:41:00.11 (570767629)|ENTERING_MANAGED_PKG|Centify
11:41:00.11 (570801798)|ENTERING_MANAGED_PKG|Centify
11:41:00.11 (570881191)|ENTERING_MANAGED_PKG|Centify
11:41:00.11 (571105676)|ENTERING_MANAGED_PKG|Centify
11:41:00.11 (571176195)|ENTERING_MANAGED_PKG|Centify
11:41:00.11 (595197430)|ENTERING_MANAGED_PKG|Centify
11:41:00.11 (595242902)|ENTERING_MANAGED_PKG|Centify
11:41:00.11 (595316134)|ENTERING_MANAGED_PKG|Centify
11:41:00.11 (595348136)|ENTERING_MANAGED_PKG|Centify
11:41:00.11 (604662776)|ENTERING_MANAGED_PKG|Centify
11:41:00.11 (604964828)|ENTERING_MANAGED_PKG|Centify
11:41:00.11 (605766425)|ENTERING_MANAGED_PKG|Centify
11:41:00.11 (606381564)|ENTERING_MANAGED_PKG|Centify
11:41:00.11 (606444015)|ENTERING_MANAGED_PKG|Centify
11:41:00.11 (606584254)|ENTERING_MANAGED_PKG|Centify
11:41:00.11 (606655012)|ENTERING_MANAGED_PKG|Centify
11:41:00.11 (606836167)|ENTERING_MANAGED_PKG|Centify
11:41:00.11 (607061361)|ENTERING_MANAGED_PKG|Centify
11:41:00.11 (607272259)|ENTERING_MANAGED_PKG|Centify
11:41:00.11 (607481292)|ENTERING_MANAGED_PKG|Centify
11:41:00.11 (607677801)|ENTERING_MANAGED_PKG|Centify
11:41:00.11 (607888543)|ENTERING_MANAGED_PKG|Centify
11:41:00.11 (608027773)|ENTERING_MANAGED_PKG|Centify
11:41:00.11 (608149725)|ENTERING_MANAGED_PKG|Centify
11:41:00.11 (608260214)|ENTERING_MANAGED_PKG|Centify
11:41:00.11 (608365517)|ENTERING_MANAGED_PKG|Centify
11:41:00.11 (608505222)|ENTERING_MANAGED_PKG|Centify
11:41:00.11 (608640635)|ENTERING_MANAGED_PKG|Centify
11:41:00.11 (608790556)|ENTERING_MANAGED_PKG|Centify
11:41:00.11 (608902265)|ENTERING_MANAGED_PKG|Centify
11:41:00.11 (609004019)|ENTERING_MANAGED_PKG|Centify
11:41:00.11 (609124359)|ENTERING_MANAGED_PKG|Centify
11:41:00.11 (609251392)|ENTERING_MANAGED_PKG|Centify
11:41:00.11 (609362084)|ENTERING_MANAGED_PKG|Centify
11:41:00.11 (609464828)|ENTERING_MANAGED_PKG|Centify
11:41:00.11 (609572615)|ENTERING_MANAGED_PKG|Centify
11:41:00.11 (609690781)|ENTERING_MANAGED_PKG|Centify
11:41:00.11 (609814875)|ENTERING_MANAGED_PKG|Centify
11:41:00.11 (609921188)|ENTERING_MANAGED_PKG|Centify
11:41:00.11 (610024172)|ENTERING_MANAGED_PKG|Centify
11:41:00.11 (610160167)|ENTERING_MANAGED_PKG|Centify
11:41:00.11 (610364604)|ENTERING_MANAGED_PKG|Centify
11:41:00.11 (610566736)|ENTERING_MANAGED_PKG|Centify
11:41:00.11 (610771681)|ENTERING_MANAGED_PKG|Centify
11:41:00.11 (610949622)|ENTERING_MANAGED_PKG|Centify
11:41:00.11 (611136375)|ENTERING_MANAGED_PKG|Centify
11:41:00.11 (611205792)|ENTERING_MANAGED_PKG|Centify
11:41:00.11 (611258649)|ENTERING_MANAGED_PKG|Centify
11:41:00.11 (611295353)|ENTERING_MANAGED_PKG|Centify
11:41:00.11 (611375341)|ENTERING_MANAGED_PKG|Centify
11:41:00.11 (611444898)|ENTERING_MANAGED_PKG|Centify
11:41:00.11 (614207737)|ENTERING_MANAGED_PKG|Centify
11:41:00.11 (614265631)|ENTERING_MANAGED_PKG|Centify
11:41:00.11 (614302672)|ENTERING_MANAGED_PKG|Centify
11:41:00.11 (614378074)|ENTERING_MANAGED_PKG|Centify
11:41:00.11 (614526182)|ENTERING_MANAGED_PKG|Centify
11:41:00.11 (614596792)|ENTERING_MANAGED_PKG|Centify
11:41:00.11 (636884790)|ENTERING_MANAGED_PKG|Centify
11:41:00.11 (636968884)|ENTERING_MANAGED_PKG|Centify
11:41:00.11 (658609943)|ENTERING_MANAGED_PKG|Centify
11:41:00.11 (658726011)|ENTERING_MANAGED_PKG|Centify
11:41:00.11 (678252296)|ENTERING_MANAGED_PKG|Centify
11:41:00.11 (678303948)|ENTERING_MANAGED_PKG|Centify
11:41:00.11 (699179877)|ENTERING_MANAGED_PKG|Centify
11:41:00.11 (699337081)|ENTERING_MANAGED_PKG|Centify
11:41:00.11 (699444321)|ENTERING_MANAGED_PKG|Centify
11:41:00.11 (699558290)|ENTERING_MANAGED_PKG|Centify
11:41:00.11 (699702425)|ENTERING_MANAGED_PKG|Centify
11:41:00.11 (699826895)|ENTERING_MANAGED_PKG|Centify
11:41:00.11 (699942830)|ENTERING_MANAGED_PKG|Centify
11:41:00.11 (700050591)|ENTERING_MANAGED_PKG|Centify
11:41:00.11 (700321856)|ENTERING_MANAGED_PKG|Centify
11:41:00.11 (700485478)|ENTERING_MANAGED_PKG|Centify
11:41:00.11 (700709582)|ENTERING_MANAGED_PKG|Centify
11:41:00.11 (700745782)|ENTERING_MANAGED_PKG|Centify
11:41:00.11 (700825625)|ENTERING_MANAGED_PKG|Centify
11:41:00.11 (700865203)|ENTERING_MANAGED_PKG|Centify
11:41:00.11 (709893158)|ENTERING_MANAGED_PKG|Centify
11:41:00.11 (710182275)|ENTERING_MANAGED_PKG|Centify
11:41:00.11 (712627110)|ENTERING_MANAGED_PKG|Centify
11:41:00.11 (713612191)|ENTERING_MANAGED_PKG|Centify
11:41:00.11 (713686010)|ENTERING_MANAGED_PKG|Centify
11:41:00.11 (713836410)|ENTERING_MANAGED_PKG|Centify
11:41:00.11 (713907945)|ENTERING_MANAGED_PKG|Centify
11:41:00.11 (714080788)|ENTERING_MANAGED_PKG|Centify
11:41:00.11 (714312396)|ENTERING_MANAGED_PKG|Centify
11:41:00.11 (714490440)|ENTERING_MANAGED_PKG|Centify
11:41:00.11 (714668994)|ENTERING_MANAGED_PKG|Centify
11:41:00.11 (714861858)|ENTERING_MANAGED_PKG|Centify
11:41:00.11 (715039100)|ENTERING_MANAGED_PKG|Centify
11:41:00.11 (715238188)|ENTERING_MANAGED_PKG|Centify
11:41:00.11 (715434075)|ENTERING_MANAGED_PKG|Centify
11:41:00.11 (715620581)|ENTERING_MANAGED_PKG|Centify
11:41:00.11 (715853170)|ENTERING_MANAGED_PKG|Centify
11:41:00.11 (716051123)|ENTERING_MANAGED_PKG|Centify
11:41:00.11 (716251203)|ENTERING_MANAGED_PKG|Centify
11:41:00.11 (716460112)|ENTERING_MANAGED_PKG|Centify
11:41:00.11 (716654271)|ENTERING_MANAGED_PKG|Centify
11:41:00.11 (716893331)|ENTERING_MANAGED_PKG|Centify
11:41:00.11 (717131093)|ENTERING_MANAGED_PKG|Centify
11:41:00.11 (717356721)|ENTERING_MANAGED_PKG|Centify
11:41:00.11 (717592766)|ENTERING_MANAGED_PKG|Centify
11:41:00.11 (717802374)|ENTERING_MANAGED_PKG|Centify
11:41:00.11 (718021348)|ENTERING_MANAGED_PKG|Centify
11:41:00.11 (718225302)|ENTERING_MANAGED_PKG|Centify
11:41:00.11 (718440876)|ENTERING_MANAGED_PKG|Centify
11:41:00.11 (718662175)|ENTERING_MANAGED_PKG|Centify
11:41:00.11 (718843040)|ENTERING_MANAGED_PKG|Centify
11:41:00.11 (719012381)|ENTERING_MANAGED_PKG|Centify
11:41:00.11 (719267701)|ENTERING_MANAGED_PKG|Centify
11:41:00.11 (719499897)|ENTERING_MANAGED_PKG|Centify
11:41:00.11 (719681071)|ENTERING_MANAGED_PKG|Centify
11:41:00.11 (719861811)|ENTERING_MANAGED_PKG|Centify
11:41:00.11 (720094604)|ENTERING_MANAGED_PKG|Centify
11:41:00.11 (720303932)|ENTERING_MANAGED_PKG|Centify
11:41:00.11 (720537115)|ENTERING_MANAGED_PKG|Centify
11:41:00.11 (720615230)|ENTERING_MANAGED_PKG|Centify
11:41:00.11 (720694402)|ENTERING_MANAGED_PKG|Centify
11:41:00.11 (720733668)|ENTERING_MANAGED_PKG|Centify
11:41:00.11 (720844186)|ENTERING_MANAGED_PKG|Centify
11:41:00.11 (720926056)|ENTERING_MANAGED_PKG|Centify
11:41:00.11 (723889969)|ENTERING_MANAGED_PKG|Centify
11:41:00.11 (723959287)|ENTERING_MANAGED_PKG|Centify
11:41:00.11 (724004917)|ENTERING_MANAGED_PKG|Centify
11:41:00.11 (724089048)|ENTERING_MANAGED_PKG|Centify
11:41:00.11 (724297601)|ENTERING_MANAGED_PKG|Centify
11:41:00.11 (724412777)|ENTERING_MANAGED_PKG|Centify
11:41:00.11 (750866023)|ENTERING_MANAGED_PKG|Centify
11:41:00.11 (750936963)|ENTERING_MANAGED_PKG|Centify
11:41:00.11 (770732834)|ENTERING_MANAGED_PKG|Centify
11:41:00.11 (770909061)|ENTERING_MANAGED_PKG|Centify
11:41:00.11 (798963102)|ENTERING_MANAGED_PKG|Centify
11:41:00.11 (799027381)|ENTERING_MANAGED_PKG|Centify
11:41:00.11 (818810971)|ENTERING_MANAGED_PKG|Centify
11:41:00.11 (818924621)|ENTERING_MANAGED_PKG|Centify
11:41:00.11 (819020671)|ENTERING_MANAGED_PKG|Centify
11:41:00.11 (819123826)|ENTERING_MANAGED_PKG|Centify
11:41:00.11 (819306394)|ENTERING_MANAGED_PKG|Centify
11:41:00.11 (819393148)|ENTERING_MANAGED_PKG|Centify
11:41:00.11 (819467656)|ENTERING_MANAGED_PKG|Centify
11:41:00.11 (819556450)|ENTERING_MANAGED_PKG|Centify
11:41:00.11 (819697280)|ENTERING_MANAGED_PKG|Centify
11:41:00.11 (819879246)|ENTERING_MANAGED_PKG|Centify
11:41:00.11 (820044797)|ENTERING_MANAGED_PKG|Centify
11:41:00.11 (820092457)|ENTERING_MANAGED_PKG|Centify
11:41:00.11 (820234416)|ENTERING_MANAGED_PKG|Centify
11:41:00.11 (820261470)|ENTERING_MANAGED_PKG|Centify
11:41:00.11 (829895938)|ENTERING_MANAGED_PKG|Centify
11:41:00.11 (830149456)|ENTERING_MANAGED_PKG|Centify
11:41:00.11 (830586761)|ENTERING_MANAGED_PKG|Centify
11:41:00.11 (831252648)|ENTERING_MANAGED_PKG|Centify
11:41:00.11 (831316499)|ENTERING_MANAGED_PKG|Centify
11:41:00.11 (831423223)|ENTERING_MANAGED_PKG|Centify
11:41:00.11 (831465330)|ENTERING_MANAGED_PKG|Centify
11:41:00.11 (831578842)|ENTERING_MANAGED_PKG|Centify
11:41:00.11 (831713627)|ENTERING_MANAGED_PKG|Centify
11:41:00.11 (831863276)|ENTERING_MANAGED_PKG|Centify
11:41:00.11 (831976861)|ENTERING_MANAGED_PKG|Centify
11:41:00.11 (832118263)|ENTERING_MANAGED_PKG|Centify
11:41:00.11 (832253668)|ENTERING_MANAGED_PKG|Centify
11:41:00.11 (832364489)|ENTERING_MANAGED_PKG|Centify
11:41:00.11 (832471136)|ENTERING_MANAGED_PKG|Centify
11:41:00.11 (832576375)|ENTERING_MANAGED_PKG|Centify
11:41:00.11 (832702338)|ENTERING_MANAGED_PKG|Centify
11:41:00.11 (832834451)|ENTERING_MANAGED_PKG|Centify
11:41:00.11 (832969143)|ENTERING_MANAGED_PKG|Centify
11:41:00.11 (833106697)|ENTERING_MANAGED_PKG|Centify
11:41:00.11 (833236264)|ENTERING_MANAGED_PKG|Centify
11:41:00.11 (833457168)|ENTERING_MANAGED_PKG|Centify
11:41:00.11 (833613996)|ENTERING_MANAGED_PKG|Centify
11:41:00.11 (833743760)|ENTERING_MANAGED_PKG|Centify
11:41:00.11 (833864769)|ENTERING_MANAGED_PKG|Centify
11:41:00.11 (833970856)|ENTERING_MANAGED_PKG|Centify
11:41:00.11 (834077045)|ENTERING_MANAGED_PKG|Centify
11:41:00.11 (834181158)|ENTERING_MANAGED_PKG|Centify
11:41:00.11 (834291140)|ENTERING_MANAGED_PKG|Centify
11:41:00.11 (834414505)|ENTERING_MANAGED_PKG|Centify
11:41:00.11 (834552075)|ENTERING_MANAGED_PKG|Centify
11:41:00.11 (834658416)|ENTERING_MANAGED_PKG|Centify
11:41:00.11 (834761907)|ENTERING_MANAGED_PKG|Centify
11:41:00.11 (834876429)|ENTERING_MANAGED_PKG|Centify
11:41:00.11 (834988061)|ENTERING_MANAGED_PKG|Centify
11:41:00.11 (835092366)|ENTERING_MANAGED_PKG|Centify
11:41:00.11 (835197010)|ENTERING_MANAGED_PKG|Centify
11:41:00.11 (835305045)|ENTERING_MANAGED_PKG|Centify
11:41:00.11 (835413488)|ENTERING_MANAGED_PKG|Centify
11:41:00.11 (835524308)|ENTERING_MANAGED_PKG|Centify
11:41:00.11 (835629912)|ENTERING_MANAGED_PKG|Centify
11:41:00.11 (835742698)|ENTERING_MANAGED_PKG|Centify
11:41:00.11 (835854740)|ENTERING_MANAGED_PKG|Centify
11:41:00.11 (835957881)|ENTERING_MANAGED_PKG|Centify
11:41:00.11 (836070807)|ENTERING_MANAGED_PKG|Centify
11:41:00.11 (836176216)|ENTERING_MANAGED_PKG|Centify
11:41:00.11 (836280314)|ENTERING_MANAGED_PKG|Centify
11:41:00.11 (836384259)|ENTERING_MANAGED_PKG|Centify
11:41:00.11 (836495251)|ENTERING_MANAGED_PKG|Centify
11:41:00.11 (836621449)|ENTERING_MANAGED_PKG|Centify
11:41:00.11 (836700519)|ENTERING_MANAGED_PKG|Centify
11:41:00.11 (836750398)|ENTERING_MANAGED_PKG|Centify
11:41:00.11 (836778172)|ENTERING_MANAGED_PKG|Centify
11:41:00.11 (836803942)|ENTERING_MANAGED_PKG|Centify
11:41:00.11 (836816825)|ENTERING_MANAGED_PKG|Centify
11:41:00.11 (837115546)|ENTERING_MANAGED_PKG|Centify
11:41:00.11 (837142591)|ENTERING_MANAGED_PKG|Centify
11:41:00.11 (837153687)|ENTERING_MANAGED_PKG|Centify
11:41:00.11 (837240852)|ENTERING_MANAGED_PKG|Centify
11:41:00.11 (837367719)|ENTERING_MANAGED_PKG|Centify
11:41:00.11 (837388777)|ENTERING_MANAGED_PKG|Centify
11:41:00.11 (837410506)|ENTERING_MANAGED_PKG|Centify
11:41:00.11 (837421496)|ENTERING_MANAGED_PKG|Centify
11:41:00.11 (837789962)|ENTERING_MANAGED_PKG|Centify
11:41:00.11 (837814285)|ENTERING_MANAGED_PKG|Centify
11:41:00.11 (837825029)|ENTERING_MANAGED_PKG|Centify
11:41:00.11 (837900894)|ENTERING_MANAGED_PKG|Centify
11:41:00.11 (838030062)|ENTERING_MANAGED_PKG|Centify
11:41:00.11 (838050936)|ENTERING_MANAGED_PKG|Centify
11:41:00.11 (838073404)|ENTERING_MANAGED_PKG|Centify
11:41:00.11 (838084882)|ENTERING_MANAGED_PKG|Centify
11:41:00.11 (838524222)|ENTERING_MANAGED_PKG|Centify
11:41:00.11 (838547264)|ENTERING_MANAGED_PKG|Centify
11:41:00.11 (838557989)|ENTERING_MANAGED_PKG|Centify
11:41:00.11 (838629465)|ENTERING_MANAGED_PKG|Centify
11:41:00.11 (838776301)|ENTERING_MANAGED_PKG|Centify
11:41:00.11 (838806932)|ENTERING_MANAGED_PKG|Centify
11:41:00.11 (838829926)|ENTERING_MANAGED_PKG|Centify
11:41:00.11 (838841169)|ENTERING_MANAGED_PKG|Centify
11:41:00.11 (839359838)|ENTERING_MANAGED_PKG|Centify
11:41:00.11 (839383974)|ENTERING_MANAGED_PKG|Centify
11:41:00.11 (839407623)|ENTERING_MANAGED_PKG|Centify
11:41:00.11 (839486395)|ENTERING_MANAGED_PKG|Centify
11:41:00.11 (839616644)|ENTERING_MANAGED_PKG|Centify
11:41:00.11 (839648547)|ENTERING_MANAGED_PKG|Centify
11:41:00.11 (839670832)|ENTERING_MANAGED_PKG|Centify
11:41:00.11 (839682067)|ENTERING_MANAGED_PKG|Centify
11:41:00.11 (840347432)|ENTERING_MANAGED_PKG|Centify
11:41:00.11 (840372491)|ENTERING_MANAGED_PKG|Centify
11:41:00.11 (840383850)|ENTERING_MANAGED_PKG|Centify
11:41:00.11 (840456420)|ENTERING_MANAGED_PKG|Centify
11:41:00.11 (840585897)|ENTERING_MANAGED_PKG|Centify
11:41:00.11 (840606479)|ENTERING_MANAGED_PKG|Centify
11:41:00.11 (840627985)|ENTERING_MANAGED_PKG|Centify
11:41:00.11 (840639270)|ENTERING_MANAGED_PKG|Centify
11:41:00.11 (841392459)|ENTERING_MANAGED_PKG|Centify
11:41:00.11 (841417237)|ENTERING_MANAGED_PKG|Centify
11:41:00.11 (841428600)|ENTERING_MANAGED_PKG|Centify
11:41:00.11 (841504066)|ENTERING_MANAGED_PKG|Centify
11:41:00.11 (841618670)|ENTERING_MANAGED_PKG|Centify
11:41:00.11 (841737658)|ENTERING_MANAGED_PKG|Centify
11:41:00.11 (841864522)|ENTERING_MANAGED_PKG|Centify
11:41:00.11 (841985188)|ENTERING_MANAGED_PKG|Centify
11:41:00.11 (842109045)|ENTERING_MANAGED_PKG|Centify
11:41:00.11 (842221279)|ENTERING_MANAGED_PKG|Centify
11:41:00.11 (842323942)|ENTERING_MANAGED_PKG|Centify
11:41:00.11 (842426281)|ENTERING_MANAGED_PKG|Centify
11:41:00.11 (842546472)|ENTERING_MANAGED_PKG|Centify
11:41:00.11 (842649600)|ENTERING_MANAGED_PKG|Centify
11:41:00.11 (842769255)|ENTERING_MANAGED_PKG|Centify
11:41:00.11 (842892567)|ENTERING_MANAGED_PKG|Centify
11:41:00.11 (842996975)|ENTERING_MANAGED_PKG|Centify
11:41:00.11 (843164689)|ENTERING_MANAGED_PKG|Centify
11:41:00.11 (843207070)|ENTERING_MANAGED_PKG|Centify
11:41:00.11 (843238479)|ENTERING_MANAGED_PKG|Centify
11:41:00.11 (843259789)|ENTERING_MANAGED_PKG|Centify
11:41:00.11 (843412046)|ENTERING_MANAGED_PKG|Centify
11:41:00.11 (843438464)|ENTERING_MANAGED_PKG|Centify
11:41:00.11 (845336154)|ENTERING_MANAGED_PKG|Centify
11:41:00.11 (845369834)|ENTERING_MANAGED_PKG|Centify
11:41:00.11 (845393117)|ENTERING_MANAGED_PKG|Centify
11:41:00.11 (845470807)|ENTERING_MANAGED_PKG|Centify
11:41:00.11 (845496036)|ENTERING_MANAGED_PKG|Centify
11:41:00.11 (845566991)|ENTERING_MANAGED_PKG|Centify
11:41:00.11 (845589615)|ENTERING_MANAGED_PKG|Centify
11:41:00.11 (851853512)|ENTERING_MANAGED_PKG|Centify
11:41:00.11 (852115029)|ENTERING_MANAGED_PKG|Centify
11:41:00.11 (852552912)|ENTERING_MANAGED_PKG|Centify
11:41:00.11 (853218747)|ENTERING_MANAGED_PKG|Centify
11:41:00.11 (853281628)|ENTERING_MANAGED_PKG|Centify
11:41:00.11 (853378352)|ENTERING_MANAGED_PKG|Centify
11:41:00.11 (853422394)|ENTERING_MANAGED_PKG|Centify
11:41:00.11 (853526423)|ENTERING_MANAGED_PKG|Centify
11:41:00.11 (853667186)|ENTERING_MANAGED_PKG|Centify
11:41:00.11 (853800237)|ENTERING_MANAGED_PKG|Centify
11:41:00.11 (853929402)|ENTERING_MANAGED_PKG|Centify
11:41:00.11 (854051851)|ENTERING_MANAGED_PKG|Centify
11:41:00.11 (854171380)|ENTERING_MANAGED_PKG|Centify
11:41:00.11 (854287542)|ENTERING_MANAGED_PKG|Centify
11:41:00.11 (854419705)|ENTERING_MANAGED_PKG|Centify
11:41:00.11 (854584718)|ENTERING_MANAGED_PKG|Centify
11:41:00.11 (854759439)|ENTERING_MANAGED_PKG|Centify
11:41:00.11 (854921621)|ENTERING_MANAGED_PKG|Centify
11:41:00.11 (855093627)|ENTERING_MANAGED_PKG|Centify
11:41:00.11 (855286113)|ENTERING_MANAGED_PKG|Centify
11:41:00.11 (855469817)|ENTERING_MANAGED_PKG|Centify
11:41:00.11 (855656321)|ENTERING_MANAGED_PKG|Centify
11:41:00.11 (855840080)|ENTERING_MANAGED_PKG|Centify
11:41:00.11 (856010078)|ENTERING_MANAGED_PKG|Centify
11:41:00.11 (856190898)|ENTERING_MANAGED_PKG|Centify
11:41:00.11 (856397444)|ENTERING_MANAGED_PKG|Centify
11:41:00.11 (856568912)|ENTERING_MANAGED_PKG|Centify
11:41:00.11 (856686914)|ENTERING_MANAGED_PKG|Centify
11:41:00.11 (856806316)|ENTERING_MANAGED_PKG|Centify
11:41:00.11 (856847537)|ENTERING_MANAGED_PKG|Centify
11:41:00.11 (856880719)|ENTERING_MANAGED_PKG|Centify
11:41:00.11 (856903116)|ENTERING_MANAGED_PKG|Centify
11:41:00.11 (856953574)|ENTERING_MANAGED_PKG|Centify
11:41:00.11 (857013272)|ENTERING_MANAGED_PKG|Centify
11:41:00.11 (858352129)|ENTERING_MANAGED_PKG|Centify
11:41:00.11 (858387262)|ENTERING_MANAGED_PKG|Centify
11:41:00.11 (858411090)|ENTERING_MANAGED_PKG|Centify
11:41:00.11 (858490747)|ENTERING_MANAGED_PKG|Centify
11:41:00.11 (858562393)|ENTERING_MANAGED_PKG|Centify
11:41:00.11 (858678053)|ENTERING_MANAGED_PKG|Centify
11:41:00.11 (858765017)|ENTERING_MANAGED_PKG|Centify
11:41:00.11 (858795136)|ENTERING_MANAGED_PKG|Centify
11:41:00.11 (865581202)|ENTERING_MANAGED_PKG|Centify
11:41:00.11 (865833979)|ENTERING_MANAGED_PKG|Centify
11:41:00.11 (866403767)|ENTERING_MANAGED_PKG|Centify
11:41:00.11 (867036465)|ENTERING_MANAGED_PKG|Centify
11:41:00.11 (867082099)|ENTERING_MANAGED_PKG|Centify
11:41:00.11 (867177685)|ENTERING_MANAGED_PKG|Centify
11:41:00.11 (867234933)|ENTERING_MANAGED_PKG|Centify
11:41:00.11 (867354215)|ENTERING_MANAGED_PKG|Centify
11:41:00.11 (867486826)|ENTERING_MANAGED_PKG|Centify
11:41:00.11 (867614990)|ENTERING_MANAGED_PKG|Centify
11:41:00.11 (867738104)|ENTERING_MANAGED_PKG|Centify
11:41:00.11 (867858211)|ENTERING_MANAGED_PKG|Centify
11:41:00.11 (867967364)|ENTERING_MANAGED_PKG|Centify
11:41:00.11 (868069623)|ENTERING_MANAGED_PKG|Centify
11:41:00.11 (868181547)|ENTERING_MANAGED_PKG|Centify
11:41:00.11 (868285596)|ENTERING_MANAGED_PKG|Centify
11:41:00.11 (868395163)|ENTERING_MANAGED_PKG|Centify
11:41:00.11 (868499675)|ENTERING_MANAGED_PKG|Centify
11:41:00.11 (868624938)|ENTERING_MANAGED_PKG|Centify
11:41:00.11 (868729418)|ENTERING_MANAGED_PKG|Centify
11:41:00.11 (868850124)|ENTERING_MANAGED_PKG|Centify
11:41:00.11 (868977249)|ENTERING_MANAGED_PKG|Centify
11:41:00.11 (869117763)|ENTERING_MANAGED_PKG|Centify
11:41:00.11 (869233305)|ENTERING_MANAGED_PKG|Centify
11:41:00.11 (869341567)|ENTERING_MANAGED_PKG|Centify
11:41:00.11 (869449890)|ENTERING_MANAGED_PKG|Centify
11:41:00.11 (869552317)|ENTERING_MANAGED_PKG|Centify
11:41:00.11 (869656307)|ENTERING_MANAGED_PKG|Centify
11:41:00.11 (869759669)|ENTERING_MANAGED_PKG|Centify
11:41:00.11 (869869766)|ENTERING_MANAGED_PKG|Centify
11:41:00.11 (869971894)|ENTERING_MANAGED_PKG|Centify
11:41:00.11 (870111664)|ENTERING_MANAGED_PKG|Centify
11:41:00.11 (870222340)|ENTERING_MANAGED_PKG|Centify
11:41:00.11 (870327442)|ENTERING_MANAGED_PKG|Centify
11:41:00.11 (870430152)|ENTERING_MANAGED_PKG|Centify
11:41:00.11 (870532339)|ENTERING_MANAGED_PKG|Centify
11:41:00.11 (870639051)|ENTERING_MANAGED_PKG|Centify
11:41:00.11 (870766857)|ENTERING_MANAGED_PKG|Centify
11:41:00.11 (870888949)|ENTERING_MANAGED_PKG|Centify
11:41:00.11 (871017577)|ENTERING_MANAGED_PKG|Centify
11:41:00.11 (871146199)|ENTERING_MANAGED_PKG|Centify
11:41:00.11 (871185577)|ENTERING_MANAGED_PKG|Centify
11:41:00.11 (871225545)|ENTERING_MANAGED_PKG|Centify
11:41:00.11 (871249606)|ENTERING_MANAGED_PKG|Centify
11:41:00.11 (871302571)|ENTERING_MANAGED_PKG|Centify
11:41:00.11 (871354832)|ENTERING_MANAGED_PKG|Centify
11:41:00.11 (873029506)|ENTERING_MANAGED_PKG|Centify
11:41:00.11 (873121148)|ENTERING_MANAGED_PKG|Centify
11:41:00.11 (873154483)|ENTERING_MANAGED_PKG|Centify
11:41:00.11 (873205546)|ENTERING_MANAGED_PKG|Centify
11:41:00.11 (873323038)|ENTERING_MANAGED_PKG|Centify
11:41:00.11 (873387466)|ENTERING_MANAGED_PKG|Centify
11:41:00.11 (889996536)|ENTERING_MANAGED_PKG|Centify
11:41:00.11 (890044744)|ENTERING_MANAGED_PKG|Centify
11:41:00.11 (909494072)|ENTERING_MANAGED_PKG|Centify
11:41:00.11 (909549899)|ENTERING_MANAGED_PKG|Centify
11:41:00.11 (909662834)|ENTERING_MANAGED_PKG|Centify
11:41:00.11 (909711484)|ENTERING_MANAGED_PKG|Centify
11:41:00.11 (918164398)|ENTERING_MANAGED_PKG|Centify
11:41:00.11 (918417901)|ENTERING_MANAGED_PKG|Centify
11:41:00.11 (918827354)|ENTERING_MANAGED_PKG|Centify
11:41:00.11 (919371077)|ENTERING_MANAGED_PKG|Centify
11:41:00.11 (919416161)|ENTERING_MANAGED_PKG|Centify
11:41:00.11 (919507903)|ENTERING_MANAGED_PKG|Centify
11:41:00.11 (919547933)|ENTERING_MANAGED_PKG|Centify
11:41:00.11 (919683908)|ENTERING_MANAGED_PKG|Centify
11:41:00.11 (919827435)|ENTERING_MANAGED_PKG|Centify
11:41:00.11 (919942622)|ENTERING_MANAGED_PKG|Centify
11:41:00.11 (920051948)|ENTERING_MANAGED_PKG|Centify
11:41:00.11 (920161918)|ENTERING_MANAGED_PKG|Centify
11:41:00.11 (920287067)|ENTERING_MANAGED_PKG|Centify
11:41:00.11 (920396108)|ENTERING_MANAGED_PKG|Centify
11:41:00.11 (920500685)|ENTERING_MANAGED_PKG|Centify
11:41:00.11 (920603379)|ENTERING_MANAGED_PKG|Centify
11:41:00.11 (920713836)|ENTERING_MANAGED_PKG|Centify
11:41:00.11 (920825638)|ENTERING_MANAGED_PKG|Centify
11:41:00.11 (920927395)|ENTERING_MANAGED_PKG|Centify
11:41:00.11 (921042676)|ENTERING_MANAGED_PKG|Centify
11:41:00.11 (921159734)|ENTERING_MANAGED_PKG|Centify
11:41:00.11 (921263822)|ENTERING_MANAGED_PKG|Centify
11:41:00.11 (921366654)|ENTERING_MANAGED_PKG|Centify
11:41:00.11 (921471577)|ENTERING_MANAGED_PKG|Centify
11:41:00.11 (921598357)|ENTERING_MANAGED_PKG|Centify
11:41:00.11 (921725919)|ENTERING_MANAGED_PKG|Centify
11:41:00.11 (921839290)|ENTERING_MANAGED_PKG|Centify
11:41:00.11 (921952974)|ENTERING_MANAGED_PKG|Centify
11:41:00.11 (922063240)|ENTERING_MANAGED_PKG|Centify
11:41:00.11 (922165831)|ENTERING_MANAGED_PKG|Centify
11:41:00.11 (922290857)|ENTERING_MANAGED_PKG|Centify
11:41:00.11 (922328739)|ENTERING_MANAGED_PKG|Centify
11:41:00.11 (922359037)|ENTERING_MANAGED_PKG|Centify
11:41:00.11 (922380718)|ENTERING_MANAGED_PKG|Centify
11:41:00.11 (922427934)|ENTERING_MANAGED_PKG|Centify
11:41:00.11 (922469088)|ENTERING_MANAGED_PKG|Centify
11:41:00.11 (923656385)|ENTERING_MANAGED_PKG|Centify
11:41:00.11 (923694021)|ENTERING_MANAGED_PKG|Centify
11:41:00.11 (923719953)|ENTERING_MANAGED_PKG|Centify
11:41:00.11 (923790815)|ENTERING_MANAGED_PKG|Centify
11:41:00.11 (923849591)|ENTERING_MANAGED_PKG|Centify
11:41:00.11 (923900495)|ENTERING_MANAGED_PKG|Centify
11:41:00.11 (924091088)|ENTERING_MANAGED_PKG|Centify
11:41:00.11 (924300125)|ENTERING_MANAGED_PKG|Centify
11:41:00.11 (924339062)|ENTERING_MANAGED_PKG|Centify
11:41:00.11 (924448210)|ENTERING_MANAGED_PKG|Centify
11:41:00.11 (984503343)|ENTERING_MANAGED_PKG|Centify
11:41:00.11 (984624399)|ENTERING_MANAGED_PKG|Centify
11:41:00.11 (984756885)|ENTERING_MANAGED_PKG|Centify
11:41:01.38 (1038219004)|ENTERING_MANAGED_PKG|Centify
11:41:01.38 (1038340197)|ENTERING_MANAGED_PKG|Centify
11:41:01.38 (1038463194)|ENTERING_MANAGED_PKG|Centify
11:41:01.38 (1082332153)|ENTERING_MANAGED_PKG|Centify
11:41:01.38 (1082438088)|ENTERING_MANAGED_PKG|Centify
11:41:01.38 (1082534371)|ENTERING_MANAGED_PKG|Centify
11:41:01.38 (1128879246)|ENTERING_MANAGED_PKG|Centify
11:41:01.38 (1128986989)|ENTERING_MANAGED_PKG|Centify
11:41:01.38 (1129085771)|ENTERING_MANAGED_PKG|Centify
11:41:01.38 (1169670643)|ENTERING_MANAGED_PKG|Centify
11:41:01.38 (1169762417)|ENTERING_MANAGED_PKG|Centify
11:41:01.38 (1169847772)|ENTERING_MANAGED_PKG|Centify
11:41:01.38 (1200074927)|ENTERING_MANAGED_PKG|Centify
11:41:01.38 (1200195146)|ENTERING_MANAGED_PKG|Centify
11:41:01.38 (1200316381)|ENTERING_MANAGED_PKG|Centify
11:41:01.38 (1227671408)|ENTERING_MANAGED_PKG|Centify
11:41:01.38 (1227755283)|ENTERING_MANAGED_PKG|Centify
11:41:01.38 (1227853314)|ENTERING_MANAGED_PKG|Centify
11:41:01.38 (1259512610)|ENTERING_MANAGED_PKG|Centify
11:41:01.38 (1259661064)|ENTERING_MANAGED_PKG|Centify
11:41:01.38 (1259717185)|ENTERING_MANAGED_PKG|Centify
11:41:01.38 (1259751483)|ENTERING_MANAGED_PKG|Centify
11:41:01.38 (1259806631)|ENTERING_MANAGED_PKG|Centify
11:41:01.38 (1260039269)|ENTERING_MANAGED_PKG|Centify
11:41:01.38 (1260858537)|SOQL_EXECUTE_BEGIN|[28]|Aggregations:0|SELECT Id FROM ApexClass WHERE Name = :tmpVar1
11:41:01.38 (1266218217)|SOQL_EXECUTE_END|[28]|Rows:1
11:41:01.38 (1266669903)|SOQL_EXECUTE_BEGIN|[49]|Aggregations:0|SELECT COUNT() FROM AsyncApexJob WHERE (ApexClassId = :tmpVar1 AND Status IN ('Queued', 'Holding', 'Preparing', 'Processing'))
11:41:01.38 (1269594022)|SOQL_EXECUTE_END|[49]|Rows:0
11:41:01.38 (1269680797)|ENTERING_MANAGED_PKG|Centify
11:41:01.38 (1271866828)|ENTERING_MANAGED_PKG|Centify
11:41:01.38 (1271932009)|ENTERING_MANAGED_PKG|Centify
11:41:01.38 (1272025094)|ENTERING_MANAGED_PKG|Centify
11:41:01.38 (1294379936)|ENTERING_MANAGED_PKG|Centify
11:41:01.38 (1297177928)|ENTERING_MANAGED_PKG|Centify
11:41:01.38 (1297303740)|ENTERING_MANAGED_PKG|Centify
11:41:01.38 (1297456136)|ENTERING_MANAGED_PKG|Centify
11:41:01.38 (1299444324)|ENTERING_MANAGED_PKG|Centify
11:41:01.38 (1299488678)|ENTERING_MANAGED_PKG|Centify
11:41:01.38 (1299550593)|ENTERING_MANAGED_PKG|Centify
11:41:01.38 (1300155748)|ENTERING_MANAGED_PKG|Centify
11:41:01.38 (1302160322)|SOQL_EXECUTE_BEGIN|[16]|Aggregations:0|SELECT Id, CronExpression, CronJobDetail.Name FROM CronTrigger WHERE CronJobDetail.Name LIKE '%Spinify%'
11:41:01.38 (1307090899)|SOQL_EXECUTE_END|[16]|Rows:10
11:41:01.38 (1307447756)|ENTERING_MANAGED_PKG|Centify
11:41:01.38 (1307590256)|ENTERING_MANAGED_PKG|Centify
11:41:01.38 (1307647089)|ENTERING_MANAGED_PKG|Centify
11:41:01.38 (1307921719)|ENTERING_MANAGED_PKG|Centify
11:41:01.38 (1308014827)|ENTERING_MANAGED_PKG|Centify
11:41:01.38 (1308105380)|ENTERING_MANAGED_PKG|Centify
11:41:01.38 (1308229372)|ENTERING_MANAGED_PKG|Centify
11:41:01.38 (1309045074)|ENTERING_MANAGED_PKG|Centify
11:41:01.382 (1382643246)|CUMULATIVE_LIMIT_USAGE
11:41:01.382 (1382643246)|LIMIT_USAGE_FOR_NS|(default)|
  Number of SOQL queries: 0 out of 100
  Number of query rows: 0 out of 50000
  Number of SOSL queries: 0 out of 20
  Number of DML statements: 0 out of 150
  Number of DML rows: 0 out of 10000
  Maximum CPU time: 499 out of 10000
  Maximum heap size: 0 out of 6000000
  Number of callouts: 0 out of 100
  Number of Email Invocations: 0 out of 10
  Number of future calls: 0 out of 50
  Number of queueable jobs added to the queue: 0 out of 50
  Number of Mobile Apex push calls: 0 out of 10

11:41:01.382 (1382643246)|LIMIT_USAGE_FOR_NS|Centify|
  Number of SOQL queries: 5 out of 100
  Number of query rows: 14 out of 50000
  Number of SOSL queries: 0 out of 20
  Number of DML statements: 1 out of 150
  Number of DML rows: 1 out of 10000
  Maximum CPU time: 0 out of 10000
  Maximum heap size: 0 out of 6000000
  Number of callouts: 0 out of 100
  Number of Email Invocations: 0 out of 10
  Number of future calls: 0 out of 50
  Number of queueable jobs added to the queue: 0 out of 50
  Number of Mobile Apex push calls: 0 out of 10

11:41:01.382 (1382643246)|CUMULATIVE_LIMIT_USAGE_END

