37.0 APEX_CODE,FINEST;APEX_PROFILING,INFO;CALLOUT,INFO;DB,INFO;NBA,INFO;SYSTEM,DEBUG;VALIDATION,INFO;VISUALFORCE,INFO;WAVE,INFO;WORKFLOW,INFO
18:24:04.19 (19195083)|ENTERING_MANAGED_PKG|Centify
18:24:04.19 (20809943)|ENTERING_MANAGED_PKG|Centify
18:24:04.19 (20853716)|ENTERING_MANAGED_PKG|Centify
18:24:04.19 (21654632)|ENTERING_MANAGED_PKG|Centify
18:24:04.19 (21781280)|ENTERING_MANAGED_PKG|Centify
18:24:04.19 (23269339)|ENTERING_MANAGED_PKG|Centify
18:24:04.19 (23665511)|ENTERING_MANAGED_PKG|Centify
18:24:04.19 (23708645)|ENTERING_MANAGED_PKG|Centify
18:24:04.19 (23824694)|ENTERING_MANAGED_PKG|Centify
18:24:04.19 (23907396)|ENTERING_MANAGED_PKG|Centify
18:24:04.19 (23967183)|ENTERING_MANAGED_PKG|Centify
18:24:04.19 (23999734)|ENTERING_MANAGED_PKG|Centify
18:24:04.19 (24024624)|ENTERING_MANAGED_PKG|Centify
18:24:04.19 (24281364)|ENTERING_MANAGED_PKG|Centify
18:24:04.19 (67081009)|ENTERING_MANAGED_PKG|Centify
18:24:04.19 (67165004)|ENTERING_MANAGED_PKG|Centify
18:24:04.19 (67286584)|ENTERING_MANAGED_PKG|Centify
18:24:04.19 (67331392)|ENTERING_MANAGED_PKG|Centify
18:24:04.19 (299465085)|ENTERING_MANAGED_PKG|Centify
18:24:04.19 (354001184)|ENTERING_MANAGED_PKG|Centify
18:24:04.19 (367603786)|ENTERING_MANAGED_PKG|Centify
18:24:04.19 (367659808)|ENTERING_MANAGED_PKG|Centify
18:24:04.19 (367745478)|ENTERING_MANAGED_PKG|Centify
18:24:04.19 (367780055)|ENTERING_MANAGED_PKG|Centify
18:24:04.19 (367846814)|ENTERING_MANAGED_PKG|Centify
18:24:04.19 (394916573)|ENTERING_MANAGED_PKG|Centify
18:24:04.19 (410610484)|ENTERING_MANAGED_PKG|Centify
18:24:04.19 (410664019)|ENTERING_MANAGED_PKG|Centify
18:24:04.19 (410743993)|ENTERING_MANAGED_PKG|Centify
18:24:04.19 (410778398)|ENTERING_MANAGED_PKG|Centify
18:24:04.19 (410845580)|ENTERING_MANAGED_PKG|Centify
18:24:04.19 (437887535)|ENTERING_MANAGED_PKG|Centify
18:24:04.19 (453361919)|ENTERING_MANAGED_PKG|Centify
18:24:04.19 (453418156)|ENTERING_MANAGED_PKG|Centify
18:24:04.19 (453501167)|ENTERING_MANAGED_PKG|Centify
18:24:04.19 (453536851)|ENTERING_MANAGED_PKG|Centify
18:24:04.19 (453607152)|ENTERING_MANAGED_PKG|Centify
18:24:04.19 (480309366)|ENTERING_MANAGED_PKG|Centify
18:24:04.19 (495239257)|ENTERING_MANAGED_PKG|Centify
18:24:04.19 (495292969)|ENTERING_MANAGED_PKG|Centify
18:24:04.19 (495373091)|ENTERING_MANAGED_PKG|Centify
18:24:04.19 (495407306)|ENTERING_MANAGED_PKG|Centify
18:24:04.19 (495475248)|ENTERING_MANAGED_PKG|Centify
18:24:04.19 (523020828)|ENTERING_MANAGED_PKG|Centify
18:24:04.19 (537864313)|ENTERING_MANAGED_PKG|Centify
18:24:04.19 (537917169)|ENTERING_MANAGED_PKG|Centify
18:24:04.19 (537996506)|ENTERING_MANAGED_PKG|Centify
18:24:04.19 (538030657)|ENTERING_MANAGED_PKG|Centify
18:24:04.19 (538098964)|ENTERING_MANAGED_PKG|Centify
18:24:04.19 (564705782)|ENTERING_MANAGED_PKG|Centify
18:24:04.19 (579429259)|ENTERING_MANAGED_PKG|Centify
18:24:04.19 (579485796)|ENTERING_MANAGED_PKG|Centify
18:24:04.19 (579569570)|ENTERING_MANAGED_PKG|Centify
18:24:04.19 (579604775)|ENTERING_MANAGED_PKG|Centify
18:24:04.19 (579672696)|ENTERING_MANAGED_PKG|Centify
18:24:04.19 (604887725)|ENTERING_MANAGED_PKG|Centify
18:24:04.19 (620427926)|ENTERING_MANAGED_PKG|Centify
18:24:04.19 (620484092)|ENTERING_MANAGED_PKG|Centify
18:24:04.19 (620567685)|ENTERING_MANAGED_PKG|Centify
18:24:04.19 (620603683)|ENTERING_MANAGED_PKG|Centify
18:24:04.19 (620672365)|ENTERING_MANAGED_PKG|Centify
18:24:04.19 (647251829)|ENTERING_MANAGED_PKG|Centify
18:24:04.19 (663055224)|ENTERING_MANAGED_PKG|Centify
18:24:04.19 (663116530)|ENTERING_MANAGED_PKG|Centify
18:24:04.19 (663202107)|ENTERING_MANAGED_PKG|Centify
18:24:04.19 (663237437)|ENTERING_MANAGED_PKG|Centify
18:24:04.19 (663305809)|ENTERING_MANAGED_PKG|Centify
18:24:04.19 (690219305)|ENTERING_MANAGED_PKG|Centify
18:24:04.19 (705315392)|ENTERING_MANAGED_PKG|Centify
18:24:04.19 (705373040)|ENTERING_MANAGED_PKG|Centify
18:24:04.19 (705457127)|ENTERING_MANAGED_PKG|Centify
18:24:04.19 (705492438)|ENTERING_MANAGED_PKG|Centify
18:24:04.19 (705562253)|ENTERING_MANAGED_PKG|Centify
18:24:04.19 (732869007)|ENTERING_MANAGED_PKG|Centify
18:24:04.19 (748290133)|ENTERING_MANAGED_PKG|Centify
18:24:04.19 (748345795)|ENTERING_MANAGED_PKG|Centify
18:24:04.19 (748428075)|ENTERING_MANAGED_PKG|Centify
18:24:04.19 (748462809)|ENTERING_MANAGED_PKG|Centify
18:24:04.19 (748530921)|ENTERING_MANAGED_PKG|Centify
18:24:04.19 (775099420)|ENTERING_MANAGED_PKG|Centify
18:24:04.19 (790179665)|ENTERING_MANAGED_PKG|Centify
18:24:04.19 (790235000)|ENTERING_MANAGED_PKG|Centify
18:24:04.19 (790319667)|ENTERING_MANAGED_PKG|Centify
18:24:04.19 (790356242)|ENTERING_MANAGED_PKG|Centify
18:24:04.19 (790424965)|ENTERING_MANAGED_PKG|Centify
18:24:04.19 (836123411)|ENTERING_MANAGED_PKG|Centify
18:24:04.19 (853898236)|ENTERING_MANAGED_PKG|Centify
18:24:04.19 (853964799)|ENTERING_MANAGED_PKG|Centify
18:24:04.19 (854099759)|ENTERING_MANAGED_PKG|Centify
18:24:04.19 (854164243)|ENTERING_MANAGED_PKG|Centify
18:24:04.19 (854249834)|ENTERING_MANAGED_PKG|Centify
18:24:04.19 (885092868)|ENTERING_MANAGED_PKG|Centify
18:24:04.19 (900859111)|ENTERING_MANAGED_PKG|Centify
18:24:04.19 (900912610)|ENTERING_MANAGED_PKG|Centify
18:24:04.19 (900991853)|ENTERING_MANAGED_PKG|Centify
18:24:04.19 (901026410)|ENTERING_MANAGED_PKG|Centify
18:24:04.19 (901097517)|ENTERING_MANAGED_PKG|Centify
18:24:04.19 (929555772)|ENTERING_MANAGED_PKG|Centify
18:24:04.19 (929615904)|ENTERING_MANAGED_PKG|Centify
18:24:04.19 (929776050)|ENTERING_MANAGED_PKG|Centify
18:24:04.19 (929818760)|ENTERING_MANAGED_PKG|Centify
18:24:04.19 (929852061)|ENTERING_MANAGED_PKG|Centify
18:24:04.19 (934320151)|ENTERING_MANAGED_PKG|Centify
18:24:04.19 (934422883)|ENTERING_MANAGED_PKG|Centify
18:24:04.19 (945988032)|ENTERING_MANAGED_PKG|Centify
18:24:04.19 (946119768)|ENTERING_MANAGED_PKG|Centify
18:24:04.19 (946400959)|ENTERING_MANAGED_PKG|Centify
18:24:04.19 (947351017)|ENTERING_MANAGED_PKG|Centify
18:24:04.19 (948851818)|SOQL_EXECUTE_BEGIN|[16]|Aggregations:0|select id,lastmodifieddate,isdeleted,call_duration_min__c,createddate,tasksubtype,isclosed,subject,ownerid,activitydate,status,whatid,calldurationinseconds,calltype from Task where LastModifiedDate >2018-09-28T07:44:30Z AND LastModifiedDate < 2018-09-28T08:24:10Z AND (  CallType = 'Outbound'  OR  CallType = 'Inbound' )  ORDER BY SystemModStamp DESC LIMIT 5000  ALL ROWS
18:24:04.19 (961964450)|SOQL_EXECUTE_END|[16]|Rows:0
18:24:04.991 (991263142)|CUMULATIVE_LIMIT_USAGE
18:24:04.991 (991263142)|LIMIT_USAGE_FOR_NS|(default)|
  Number of SOQL queries: 0 out of 200
  Number of query rows: 0 out of 50000
  Number of SOSL queries: 0 out of 20
  Number of DML statements: 0 out of 150
  Number of DML rows: 0 out of 10000
  Maximum CPU time: 0 out of 60000
  Maximum heap size: 0 out of 12000000
  Number of callouts: 0 out of 0
  Number of Email Invocations: 0 out of 10
  Number of future calls: 0 out of 0
  Number of queueable jobs added to the queue: 0 out of 1
  Number of Mobile Apex push calls: 0 out of 10

18:24:04.991 (991263142)|LIMIT_USAGE_FOR_NS|Centify|
  Number of SOQL queries: 0 out of 200
  Number of query rows: 0 out of 50000
  Number of SOSL queries: 0 out of 20
  Number of DML statements: 0 out of 150
  Number of DML rows: 0 out of 10000
  Maximum CPU time: 0 out of 60000
  Maximum heap size: 0 out of 12000000
  Number of callouts: 0 out of 0
  Number of Email Invocations: 0 out of 10
  Number of future calls: 0 out of 0
  Number of queueable jobs added to the queue: 0 out of 1
  Number of Mobile Apex push calls: 0 out of 10

18:24:04.991 (991263142)|CUMULATIVE_LIMIT_USAGE_END

