37.0 APEX_CODE,FINEST;APEX_PROFILING,INFO;CALLOUT,INFO;DB,INFO;NBA,INFO;SYSTEM,DEBUG;VALIDATION,INFO;VISUALFORCE,INFO;WAVE,INFO;WORKFLOW,INFO
17:00:19.1 (1000226)|ENTERING_MANAGED_PKG|Centify
17:00:19.1 (2665986)|ENTERING_MANAGED_PKG|Centify
17:00:19.1 (2725403)|ENTERING_MANAGED_PKG|Centify
17:00:19.1 (2989707)|ENTERING_MANAGED_PKG|Centify
17:00:19.1 (3043308)|ENTERING_MANAGED_PKG|Centify
17:00:19.1 (3176235)|ENTERING_MANAGED_PKG|Centify
17:00:19.1 (3422216)|ENTERING_MANAGED_PKG|Centify
17:00:19.1 (3476682)|ENTERING_MANAGED_PKG|Centify
17:00:19.1 (3611456)|ENTERING_MANAGED_PKG|Centify
17:00:19.1 (4029667)|ENTERING_MANAGED_PKG|Centify
17:00:19.1 (4275067)|ENTERING_MANAGED_PKG|Centify
17:00:19.1 (4473599)|ENTERING_MANAGED_PKG|Centify
17:00:19.1 (4644457)|ENTERING_MANAGED_PKG|Centify
17:00:19.1 (4819742)|ENTERING_MANAGED_PKG|Centify
17:00:19.1 (4993623)|ENTERING_MANAGED_PKG|Centify
17:00:19.1 (5344861)|ENTERING_MANAGED_PKG|Centify
17:00:19.1 (5613716)|ENTERING_MANAGED_PKG|Centify
17:00:19.1 (5691137)|ENTERING_MANAGED_PKG|Centify
17:00:19.1 (6143568)|ENTERING_MANAGED_PKG|Centify
17:00:19.1 (6276905)|ENTERING_MANAGED_PKG|Centify
17:00:19.1 (6363754)|ENTERING_MANAGED_PKG|Centify
17:00:19.1 (7603752)|ENTERING_MANAGED_PKG|Centify
17:00:19.1 (7660558)|ENTERING_MANAGED_PKG|Centify
17:00:19.1 (11179613)|SOQL_EXECUTE_BEGIN|[363]|Aggregations:0|SELECT Id, Label, MasterLabel, DeveloperName, Endpoint__c, TimeOut__c FROM Endpoint_Setting__mdt LIMIT 50
17:00:19.1 (18730265)|SOQL_EXECUTE_END|[363]|Rows:23
17:00:19.1 (20860190)|ENTERING_MANAGED_PKG|Centify
17:00:19.1 (21659779)|ENTERING_MANAGED_PKG|Centify
17:00:19.1 (21713873)|ENTERING_MANAGED_PKG|Centify
17:00:19.1 (22322294)|ENTERING_MANAGED_PKG|Centify
17:00:19.1 (22382464)|ENTERING_MANAGED_PKG|Centify
17:00:19.1 (22442637)|ENTERING_MANAGED_PKG|Centify
17:00:19.1 (22484063)|ENTERING_MANAGED_PKG|Centify
17:00:19.1 (23925509)|ENTERING_MANAGED_PKG|Centify
17:00:19.1 (23997164)|ENTERING_MANAGED_PKG|Centify
17:00:19.1 (24375045)|ENTERING_MANAGED_PKG|Centify
17:00:19.1 (24442246)|ENTERING_MANAGED_PKG|Centify
17:00:19.1 (24496977)|ENTERING_MANAGED_PKG|Centify
17:00:19.1 (24551304)|ENTERING_MANAGED_PKG|Centify
17:00:19.1 (24647323)|ENTERING_MANAGED_PKG|Centify
17:00:19.1 (27156747)|ENTERING_MANAGED_PKG|Centify
17:00:19.1 (27294477)|ENTERING_MANAGED_PKG|Centify
17:00:19.1 (28435646)|ENTERING_MANAGED_PKG|Centify
17:00:19.1 (456364857)|ENTERING_MANAGED_PKG|Centify
17:00:19.1 (457139330)|ENTERING_MANAGED_PKG|Centify
17:00:19.1 (457561082)|ENTERING_MANAGED_PKG|Centify
17:00:19.1 (459988214)|ENTERING_MANAGED_PKG|Centify
17:00:19.1 (460048256)|ENTERING_MANAGED_PKG|Centify
17:00:19.1 (460140953)|ENTERING_MANAGED_PKG|Centify
17:00:19.1 (460292781)|ENTERING_MANAGED_PKG|Centify
17:00:19.1 (460575794)|ENTERING_MANAGED_PKG|Centify
17:00:19.1 (460668804)|ENTERING_MANAGED_PKG|Centify
17:00:19.1 (460813409)|ENTERING_MANAGED_PKG|Centify
17:00:19.1 (460874843)|ENTERING_MANAGED_PKG|Centify
17:00:19.1 (461015857)|ENTERING_MANAGED_PKG|Centify
17:00:19.1 (461122380)|ENTERING_MANAGED_PKG|Centify
17:00:19.1 (461268144)|ENTERING_MANAGED_PKG|Centify
17:00:19.1 (461609251)|ENTERING_MANAGED_PKG|Centify
17:00:19.1 (463128055)|DML_BEGIN|[146]|Op:Delete|Type:Centify__Notification__c|Rows:1
17:00:19.1 (553904570)|DML_END|[146]
