37.0 APEX_CODE,FINEST;APEX_PROFILING,INFO;CALLOUT,INFO;DB,INFO;NBA,INFO;SYSTEM,DEBUG;VALIDATION,INFO;VISUALFORCE,INFO;WAVE,INFO;WORKFLOW,INFO
18:43:09.17 (17107648)|ENTERING_MANAGED_PKG|Centify
18:43:09.17 (18216537)|ENTERING_MANAGED_PKG|Centify
18:43:09.17 (18271731)|ENTERING_MANAGED_PKG|Centify
18:43:09.17 (18491195)|ENTERING_MANAGED_PKG|Centify
18:43:09.17 (18582267)|ENTERING_MANAGED_PKG|Centify
18:43:09.17 (19705468)|ENTERING_MANAGED_PKG|Centify
18:43:09.17 (20143312)|ENTERING_MANAGED_PKG|Centify
18:43:09.17 (20214145)|ENTERING_MANAGED_PKG|Centify
18:43:09.17 (20338949)|ENTERING_MANAGED_PKG|Centify
18:43:09.17 (20425752)|ENTERING_MANAGED_PKG|Centify
18:43:09.17 (20481691)|ENTERING_MANAGED_PKG|Centify
18:43:09.17 (20517095)|ENTERING_MANAGED_PKG|Centify
18:43:09.17 (20546247)|ENTERING_MANAGED_PKG|Centify
18:43:09.17 (20838065)|ENTERING_MANAGED_PKG|Centify
18:43:09.17 (53222731)|ENTERING_MANAGED_PKG|Centify
18:43:09.17 (53343967)|ENTERING_MANAGED_PKG|Centify
18:43:09.17 (53546773)|ENTERING_MANAGED_PKG|Centify
18:43:09.17 (54110320)|ENTERING_MANAGED_PKG|Centify
18:43:09.17 (215872103)|ENTERING_MANAGED_PKG|Centify
18:43:09.17 (257078320)|ENTERING_MANAGED_PKG|Centify
18:43:09.17 (269119745)|ENTERING_MANAGED_PKG|Centify
18:43:09.17 (269178376)|ENTERING_MANAGED_PKG|Centify
18:43:09.17 (269264234)|ENTERING_MANAGED_PKG|Centify
18:43:09.17 (269299658)|ENTERING_MANAGED_PKG|Centify
18:43:09.17 (269368593)|ENTERING_MANAGED_PKG|Centify
18:43:09.17 (295385165)|ENTERING_MANAGED_PKG|Centify
18:43:09.17 (308807297)|ENTERING_MANAGED_PKG|Centify
18:43:09.17 (308870112)|ENTERING_MANAGED_PKG|Centify
18:43:09.17 (308957374)|ENTERING_MANAGED_PKG|Centify
18:43:09.17 (308992630)|ENTERING_MANAGED_PKG|Centify
18:43:09.17 (309061914)|ENTERING_MANAGED_PKG|Centify
18:43:09.17 (348867240)|ENTERING_MANAGED_PKG|Centify
18:43:09.17 (362664667)|ENTERING_MANAGED_PKG|Centify
18:43:09.17 (362722150)|ENTERING_MANAGED_PKG|Centify
18:43:09.17 (362816499)|ENTERING_MANAGED_PKG|Centify
18:43:09.17 (362854803)|ENTERING_MANAGED_PKG|Centify
18:43:09.17 (362926667)|ENTERING_MANAGED_PKG|Centify
18:43:09.17 (388645941)|ENTERING_MANAGED_PKG|Centify
18:43:09.17 (402514368)|ENTERING_MANAGED_PKG|Centify
18:43:09.17 (402571400)|ENTERING_MANAGED_PKG|Centify
18:43:09.17 (402656760)|ENTERING_MANAGED_PKG|Centify
18:43:09.17 (402692866)|ENTERING_MANAGED_PKG|Centify
18:43:09.17 (402764100)|ENTERING_MANAGED_PKG|Centify
18:43:09.17 (428190341)|ENTERING_MANAGED_PKG|Centify
18:43:09.17 (441732141)|ENTERING_MANAGED_PKG|Centify
18:43:09.17 (441789550)|ENTERING_MANAGED_PKG|Centify
18:43:09.17 (441882723)|ENTERING_MANAGED_PKG|Centify
18:43:09.17 (441921091)|ENTERING_MANAGED_PKG|Centify
18:43:09.17 (441993067)|ENTERING_MANAGED_PKG|Centify
18:43:09.17 (469399884)|ENTERING_MANAGED_PKG|Centify
18:43:09.17 (483182015)|ENTERING_MANAGED_PKG|Centify
18:43:09.17 (483236248)|ENTERING_MANAGED_PKG|Centify
18:43:09.17 (483322313)|ENTERING_MANAGED_PKG|Centify
18:43:09.17 (483358162)|ENTERING_MANAGED_PKG|Centify
18:43:09.17 (483427928)|ENTERING_MANAGED_PKG|Centify
18:43:09.17 (509108215)|ENTERING_MANAGED_PKG|Centify
18:43:09.17 (523069394)|ENTERING_MANAGED_PKG|Centify
18:43:09.17 (523129428)|ENTERING_MANAGED_PKG|Centify
18:43:09.17 (523216293)|ENTERING_MANAGED_PKG|Centify
18:43:09.17 (523253528)|ENTERING_MANAGED_PKG|Centify
18:43:09.17 (523323515)|ENTERING_MANAGED_PKG|Centify
18:43:09.17 (549626946)|ENTERING_MANAGED_PKG|Centify
18:43:09.17 (562650256)|ENTERING_MANAGED_PKG|Centify
18:43:09.17 (562702556)|ENTERING_MANAGED_PKG|Centify
18:43:09.17 (562788767)|ENTERING_MANAGED_PKG|Centify
18:43:09.17 (562825173)|ENTERING_MANAGED_PKG|Centify
18:43:09.17 (562901016)|ENTERING_MANAGED_PKG|Centify
18:43:09.17 (587942946)|ENTERING_MANAGED_PKG|Centify
18:43:09.17 (601242031)|ENTERING_MANAGED_PKG|Centify
18:43:09.17 (601296505)|ENTERING_MANAGED_PKG|Centify
18:43:09.17 (601382267)|ENTERING_MANAGED_PKG|Centify
18:43:09.17 (601418537)|ENTERING_MANAGED_PKG|Centify
18:43:09.17 (601490287)|ENTERING_MANAGED_PKG|Centify
18:43:09.17 (625958184)|ENTERING_MANAGED_PKG|Centify
18:43:09.17 (638594358)|ENTERING_MANAGED_PKG|Centify
18:43:09.17 (638649038)|ENTERING_MANAGED_PKG|Centify
18:43:09.17 (638736078)|ENTERING_MANAGED_PKG|Centify
18:43:09.17 (638772283)|ENTERING_MANAGED_PKG|Centify
18:43:09.17 (638845404)|ENTERING_MANAGED_PKG|Centify
18:43:09.17 (664306203)|ENTERING_MANAGED_PKG|Centify
18:43:09.17 (677811897)|ENTERING_MANAGED_PKG|Centify
18:43:09.17 (677866970)|ENTERING_MANAGED_PKG|Centify
18:43:09.17 (677958481)|ENTERING_MANAGED_PKG|Centify
18:43:09.17 (677994732)|ENTERING_MANAGED_PKG|Centify
18:43:09.17 (678065808)|ENTERING_MANAGED_PKG|Centify
18:43:09.17 (739207509)|ENTERING_MANAGED_PKG|Centify
18:43:09.17 (752943377)|ENTERING_MANAGED_PKG|Centify
18:43:09.17 (752998708)|ENTERING_MANAGED_PKG|Centify
18:43:09.17 (753088487)|ENTERING_MANAGED_PKG|Centify
18:43:09.17 (753125766)|ENTERING_MANAGED_PKG|Centify
18:43:09.17 (753198937)|ENTERING_MANAGED_PKG|Centify
18:43:09.17 (778841613)|ENTERING_MANAGED_PKG|Centify
18:43:09.17 (791868727)|ENTERING_MANAGED_PKG|Centify
18:43:09.17 (791931774)|ENTERING_MANAGED_PKG|Centify
18:43:09.17 (792018221)|ENTERING_MANAGED_PKG|Centify
18:43:09.17 (792054418)|ENTERING_MANAGED_PKG|Centify
18:43:09.17 (792130347)|ENTERING_MANAGED_PKG|Centify
18:43:09.17 (817642682)|ENTERING_MANAGED_PKG|Centify
18:43:09.17 (817703319)|ENTERING_MANAGED_PKG|Centify
18:43:09.17 (817870341)|ENTERING_MANAGED_PKG|Centify
18:43:09.17 (817918985)|ENTERING_MANAGED_PKG|Centify
18:43:09.17 (817954389)|ENTERING_MANAGED_PKG|Centify
18:43:09.17 (818210430)|ENTERING_MANAGED_PKG|Centify
18:43:09.17 (818288945)|ENTERING_MANAGED_PKG|Centify
18:43:09.17 (819341612)|ENTERING_MANAGED_PKG|Centify
18:43:09.17 (819406733)|ENTERING_MANAGED_PKG|Centify
18:43:09.17 (819497773)|ENTERING_MANAGED_PKG|Centify
18:43:09.17 (820001889)|ENTERING_MANAGED_PKG|Centify
18:43:09.17 (820862013)|SOQL_EXECUTE_BEGIN|[16]|Aggregations:0|select id,lastmodifieddate,isdeleted,call_duration_min__c,createddate,tasksubtype,isclosed,subject,ownerid,activitydate,status,whatid,calldurationinseconds,calltype from Task where LastModifiedDate >2018-09-28T07:44:30Z AND LastModifiedDate < 2018-09-28T08:43:15Z AND (  CallType = 'Outbound'  OR  CallType = 'Inbound' )  ORDER BY SystemModStamp DESC LIMIT 5000  ALL ROWS
18:43:09.17 (827637224)|SOQL_EXECUTE_END|[16]|Rows:0
18:43:09.851 (851052886)|CUMULATIVE_LIMIT_USAGE
18:43:09.851 (851052886)|LIMIT_USAGE_FOR_NS|(default)|
  Number of SOQL queries: 0 out of 200
  Number of query rows: 0 out of 50000
  Number of SOSL queries: 0 out of 20
  Number of DML statements: 0 out of 150
  Number of DML rows: 0 out of 10000
  Maximum CPU time: 0 out of 60000
  Maximum heap size: 0 out of 12000000
  Number of callouts: 0 out of 0
  Number of Email Invocations: 0 out of 10
  Number of future calls: 0 out of 0
  Number of queueable jobs added to the queue: 0 out of 1
  Number of Mobile Apex push calls: 0 out of 10

18:43:09.851 (851052886)|LIMIT_USAGE_FOR_NS|Centify|
  Number of SOQL queries: 0 out of 200
  Number of query rows: 0 out of 50000
  Number of SOSL queries: 0 out of 20
  Number of DML statements: 0 out of 150
  Number of DML rows: 0 out of 10000
  Maximum CPU time: 0 out of 60000
  Maximum heap size: 0 out of 12000000
  Number of callouts: 0 out of 0
  Number of Email Invocations: 0 out of 10
  Number of future calls: 0 out of 0
  Number of queueable jobs added to the queue: 0 out of 1
  Number of Mobile Apex push calls: 0 out of 10

18:43:09.851 (851052886)|CUMULATIVE_LIMIT_USAGE_END

