37.0 APEX_CODE,FINEST;APEX_PROFILING,INFO;CALLOUT,INFO;DB,INFO;NBA,INFO;SYSTEM,DEBUG;VALIDATION,INFO;VISUALFORCE,INFO;WAVE,INFO;WORKFLOW,INFO
11:47:14.19 (19648103)|ENTERING_MANAGED_PKG|Centify
11:47:14.19 (21080780)|ENTERING_MANAGED_PKG|Centify
11:47:14.19 (21120211)|ENTERING_MANAGED_PKG|Centify
11:47:14.19 (21689780)|ENTERING_MANAGED_PKG|Centify
11:47:14.19 (21750560)|ENTERING_MANAGED_PKG|Centify
11:47:14.19 (22433783)|ENTERING_MANAGED_PKG|Centify
11:47:14.19 (22703696)|ENTERING_MANAGED_PKG|Centify
11:47:14.19 (22729588)|ENTERING_MANAGED_PKG|Centify
11:47:14.19 (22807626)|ENTERING_MANAGED_PKG|Centify
11:47:14.19 (22848856)|ENTERING_MANAGED_PKG|Centify
11:47:14.19 (22878039)|ENTERING_MANAGED_PKG|Centify
11:47:14.19 (22895381)|ENTERING_MANAGED_PKG|Centify
11:47:14.19 (22909956)|ENTERING_MANAGED_PKG|Centify
11:47:14.19 (23079357)|ENTERING_MANAGED_PKG|Centify
11:47:14.19 (64633753)|ENTERING_MANAGED_PKG|Centify
11:47:14.19 (64716502)|ENTERING_MANAGED_PKG|Centify
11:47:14.19 (64842534)|ENTERING_MANAGED_PKG|Centify
11:47:14.19 (64884666)|ENTERING_MANAGED_PKG|Centify
11:47:14.19 (263917150)|ENTERING_MANAGED_PKG|Centify
11:47:14.19 (293174284)|ENTERING_MANAGED_PKG|Centify
11:47:14.19 (306047258)|ENTERING_MANAGED_PKG|Centify
11:47:14.19 (306102236)|ENTERING_MANAGED_PKG|Centify
11:47:14.19 (306181632)|ENTERING_MANAGED_PKG|Centify
11:47:14.19 (306214393)|ENTERING_MANAGED_PKG|Centify
11:47:14.19 (306277141)|ENTERING_MANAGED_PKG|Centify
11:47:14.19 (327025502)|ENTERING_MANAGED_PKG|Centify
11:47:14.19 (342143654)|ENTERING_MANAGED_PKG|Centify
11:47:14.19 (342197607)|ENTERING_MANAGED_PKG|Centify
11:47:14.19 (342274607)|ENTERING_MANAGED_PKG|Centify
11:47:14.19 (342306541)|ENTERING_MANAGED_PKG|Centify
11:47:14.19 (342367170)|ENTERING_MANAGED_PKG|Centify
11:47:14.19 (363319296)|ENTERING_MANAGED_PKG|Centify
11:47:14.19 (378429160)|ENTERING_MANAGED_PKG|Centify
11:47:14.19 (378483866)|ENTERING_MANAGED_PKG|Centify
11:47:14.19 (378558471)|ENTERING_MANAGED_PKG|Centify
11:47:14.19 (378589324)|ENTERING_MANAGED_PKG|Centify
11:47:14.19 (378650159)|ENTERING_MANAGED_PKG|Centify
11:47:14.19 (399703435)|ENTERING_MANAGED_PKG|Centify
11:47:14.19 (414723461)|ENTERING_MANAGED_PKG|Centify
11:47:14.19 (414773963)|ENTERING_MANAGED_PKG|Centify
11:47:14.19 (414852562)|ENTERING_MANAGED_PKG|Centify
11:47:14.19 (414884309)|ENTERING_MANAGED_PKG|Centify
11:47:14.19 (414946527)|ENTERING_MANAGED_PKG|Centify
11:47:14.19 (435395413)|ENTERING_MANAGED_PKG|Centify
11:47:14.19 (450447229)|ENTERING_MANAGED_PKG|Centify
11:47:14.19 (450501784)|ENTERING_MANAGED_PKG|Centify
11:47:14.19 (450579921)|ENTERING_MANAGED_PKG|Centify
11:47:14.19 (450611642)|ENTERING_MANAGED_PKG|Centify
11:47:14.19 (450673524)|ENTERING_MANAGED_PKG|Centify
11:47:14.19 (471668210)|ENTERING_MANAGED_PKG|Centify
11:47:14.19 (487471707)|ENTERING_MANAGED_PKG|Centify
11:47:14.19 (487527365)|ENTERING_MANAGED_PKG|Centify
11:47:14.19 (487603682)|ENTERING_MANAGED_PKG|Centify
11:47:14.19 (487634989)|ENTERING_MANAGED_PKG|Centify
11:47:14.19 (487696255)|ENTERING_MANAGED_PKG|Centify
11:47:14.19 (764313296)|ENTERING_MANAGED_PKG|Centify
11:47:14.19 (788521076)|ENTERING_MANAGED_PKG|Centify
11:47:14.19 (788587897)|ENTERING_MANAGED_PKG|Centify
11:47:14.19 (788693205)|ENTERING_MANAGED_PKG|Centify
11:47:14.19 (788735738)|ENTERING_MANAGED_PKG|Centify
11:47:14.19 (788799441)|ENTERING_MANAGED_PKG|Centify
11:47:14.19 (812403773)|ENTERING_MANAGED_PKG|Centify
11:47:14.19 (829729147)|ENTERING_MANAGED_PKG|Centify
11:47:14.19 (829806201)|ENTERING_MANAGED_PKG|Centify
11:47:14.19 (829909479)|ENTERING_MANAGED_PKG|Centify
11:47:14.19 (829942791)|ENTERING_MANAGED_PKG|Centify
11:47:14.19 (830024536)|ENTERING_MANAGED_PKG|Centify
11:47:14.19 (851284836)|ENTERING_MANAGED_PKG|Centify
11:47:14.19 (866318329)|ENTERING_MANAGED_PKG|Centify
11:47:14.19 (866368176)|ENTERING_MANAGED_PKG|Centify
11:47:14.19 (866441339)|ENTERING_MANAGED_PKG|Centify
11:47:14.19 (866472191)|ENTERING_MANAGED_PKG|Centify
11:47:14.19 (866531350)|ENTERING_MANAGED_PKG|Centify
11:47:14.19 (886627155)|ENTERING_MANAGED_PKG|Centify
11:47:14.19 (901808397)|ENTERING_MANAGED_PKG|Centify
11:47:14.19 (901858960)|ENTERING_MANAGED_PKG|Centify
11:47:14.19 (901934353)|ENTERING_MANAGED_PKG|Centify
11:47:14.19 (901964679)|ENTERING_MANAGED_PKG|Centify
11:47:14.19 (902026369)|ENTERING_MANAGED_PKG|Centify
11:47:14.19 (922344986)|ENTERING_MANAGED_PKG|Centify
11:47:14.19 (936706874)|ENTERING_MANAGED_PKG|Centify
11:47:14.19 (936757740)|ENTERING_MANAGED_PKG|Centify
11:47:14.19 (936831567)|ENTERING_MANAGED_PKG|Centify
11:47:14.19 (936861735)|ENTERING_MANAGED_PKG|Centify
11:47:14.19 (936920801)|ENTERING_MANAGED_PKG|Centify
11:47:14.19 (957588874)|ENTERING_MANAGED_PKG|Centify
11:47:14.19 (972436490)|ENTERING_MANAGED_PKG|Centify
11:47:14.19 (972483579)|ENTERING_MANAGED_PKG|Centify
11:47:14.19 (972554853)|ENTERING_MANAGED_PKG|Centify
11:47:14.19 (972584551)|ENTERING_MANAGED_PKG|Centify
11:47:14.19 (972643879)|ENTERING_MANAGED_PKG|Centify
11:47:14.19 (993067761)|ENTERING_MANAGED_PKG|Centify
11:47:14.19 (993122876)|ENTERING_MANAGED_PKG|Centify
11:47:14.19 (993265191)|ENTERING_MANAGED_PKG|Centify
11:47:14.19 (993302762)|ENTERING_MANAGED_PKG|Centify
11:47:14.19 (993332752)|ENTERING_MANAGED_PKG|Centify
11:47:14.19 (994423888)|ENTERING_MANAGED_PKG|Centify
11:47:14.19 (994503925)|ENTERING_MANAGED_PKG|Centify
11:47:14.19 (1005858286)|ENTERING_MANAGED_PKG|Centify
11:47:14.19 (1005927999)|ENTERING_MANAGED_PKG|Centify
11:47:14.19 (1006012471)|ENTERING_MANAGED_PKG|Centify
11:47:14.19 (1006547286)|ENTERING_MANAGED_PKG|Centify
11:47:14.19 (1007367839)|SOQL_EXECUTE_BEGIN|[16]|Aggregations:0|select id,lastmodifieddate,isdeleted,audit_completed_date__c,audit_booked_date__c,assign_to__c,name,ownerid,status__c,lastactivitydate,opp_type__c,spinify_is_target__c,spinify_is_auditedthismonth__c from SLXOpportunity__c where LastModifiedDate >2018-11-05T05:42:32Z AND LastModifiedDate < 2018-11-06T01:47:20Z AND (   Spinify_Is_Target__c =true OR  Spinify_Is_AuditedThisMonth__c =true )  ORDER BY SystemModStamp DESC LIMIT 5000  ALL ROWS
11:47:14.19 (1013411737)|SOQL_EXECUTE_END|[16]|Rows:0
11:47:15.37 (1037148821)|CUMULATIVE_LIMIT_USAGE
11:47:15.37 (1037148821)|LIMIT_USAGE_FOR_NS|(default)|
  Number of SOQL queries: 0 out of 200
  Number of query rows: 0 out of 50000
  Number of SOSL queries: 0 out of 20
  Number of DML statements: 0 out of 150
  Number of DML rows: 0 out of 10000
  Maximum CPU time: 0 out of 60000
  Maximum heap size: 0 out of 12000000
  Number of callouts: 0 out of 0
  Number of Email Invocations: 0 out of 10
  Number of future calls: 0 out of 0
  Number of queueable jobs added to the queue: 0 out of 1
  Number of Mobile Apex push calls: 0 out of 10

11:47:15.37 (1037148821)|LIMIT_USAGE_FOR_NS|Centify|
  Number of SOQL queries: 0 out of 200
  Number of query rows: 0 out of 50000
  Number of SOSL queries: 0 out of 20
  Number of DML statements: 0 out of 150
  Number of DML rows: 0 out of 10000
  Maximum CPU time: 0 out of 60000
  Maximum heap size: 0 out of 12000000
  Number of callouts: 0 out of 0
  Number of Email Invocations: 0 out of 10
  Number of future calls: 0 out of 0
  Number of queueable jobs added to the queue: 0 out of 1
  Number of Mobile Apex push calls: 0 out of 10

11:47:15.37 (1037148821)|CUMULATIVE_LIMIT_USAGE_END

