43.0 APEX_CODE,FINEST;APEX_PROFILING,INFO;CALLOUT,INFO;DB,INFO;NBA,INFO;SYSTEM,DEBUG;VALIDATION,INFO;VISUALFORCE,INFO;WAVE,INFO;WORKFLOW,INFO
18:32:25.0 (372352)|USER_INFO|[EXTERNAL]|00590000000Vmmq|ben@bjbglobal.com.au|Australian Eastern Standard Time|GMT+10:00
18:32:25.0 (409025)|EXECUTION_STARTED
18:32:25.0 (411667)|CODE_UNIT_STARTED|[EXTERNAL]|Workflow:01I90000000VDtL
18:32:25.0 (16519898)|WF_RULE_EVAL_BEGIN|Workflow
18:32:25.0 (16571524)|WF_CRITERIA_BEGIN|[Invoice: PowerQC a0E6F00002ASm18]|Automatic Tasks for Outstanding Invoices|01Q6F0000019daX|ON_CREATE_OR_TRIGGERING_UPDATE|0
18:32:25.0 (20179441)|WF_RULE_NOT_EVALUATED
18:32:25.0 (20191563)|WF_CRITERIA_BEGIN|[Invoice: PowerQC a0E6F00002ASm18]|Sign_Up_Invoice3016F0000009b9U|01Q6F0000002qx7|ON_ALL_CHANGES|0
18:32:25.0 (20276081)|WF_FORMULA|Formula:ENCODED:[treatNullAsNull]true|Values:
18:32:25.0 (20282360)|WF_CRITERIA_END|true
18:32:25.0 (20928241)|WF_SPOOL_ACTION_BEGIN|Workflow
18:32:25.0 (20952439)|WF_ACTION| Flow Trigger: 1;
18:32:25.0 (20958736)|WF_RULE_EVAL_END
18:32:25.0 (22007868)|WF_FLOW_ACTION_BEGIN|09L6F0000000MEf
18:32:25.24 (24521895)|FLOW_CREATE_INTERVIEW_BEGIN|00D90000000IJSa|3006F000000Pjga|3016F0000009b9U
18:32:25.24 (25143305)|FLOW_CREATE_INTERVIEW_END|2917c2872cded07cbf1d70e39bda1661f38c984-4a79|Sign Up Invoice
18:32:25.25 (25538909)|FLOW_START_INTERVIEWS_BEGIN|1
18:32:25.25 (25559121)|FLOW_START_INTERVIEW_BEGIN|2917c2872cded07cbf1d70e39bda1661f38c984-4a79|Sign Up Invoice
18:32:25.25 (29081201)|FLOW_START_INTERVIEW_END|2917c2872cded07cbf1d70e39bda1661f38c984-4a79|Sign Up Invoice
18:32:25.25 (29102480)|FLOW_START_INTERVIEWS_END|1
18:32:25.0 (30072523)|WF_FLOW_ACTION_END|09L6F0000000MEf
18:32:25.0 (30096878)|WF_TIME_TRIGGERS_BEGIN
18:32:25.0 (33264521)|WF_ACTIONS_END| Flow Trigger: 1;
18:32:25.0 (33276083)|CODE_UNIT_FINISHED|Workflow:01I90000000VDtL
18:32:25.0 (34174067)|EXECUTION_FINISHED
