37.0 APEX_CODE,FINEST;APEX_PROFILING,INFO;CALLOUT,INFO;DB,INFO;NBA,INFO;SYSTEM,DEBUG;VALIDATION,INFO;VISUALFORCE,INFO;WAVE,INFO;WORKFLOW,INFO
17:05:07.10 (10720388)|ENTERING_MANAGED_PKG|Centify
17:05:07.10 (12233180)|ENTERING_MANAGED_PKG|Centify
17:05:07.10 (12272008)|ENTERING_MANAGED_PKG|Centify
17:05:07.10 (12854156)|ENTERING_MANAGED_PKG|Centify
17:05:07.10 (12917809)|ENTERING_MANAGED_PKG|Centify
17:05:07.10 (13554809)|ENTERING_MANAGED_PKG|Centify
17:05:07.10 (13813211)|ENTERING_MANAGED_PKG|Centify
17:05:07.10 (13838159)|ENTERING_MANAGED_PKG|Centify
17:05:07.10 (13902918)|ENTERING_MANAGED_PKG|Centify
17:05:07.10 (13945812)|ENTERING_MANAGED_PKG|Centify
17:05:07.10 (13972397)|ENTERING_MANAGED_PKG|Centify
17:05:07.10 (13990262)|ENTERING_MANAGED_PKG|Centify
17:05:07.10 (14005216)|ENTERING_MANAGED_PKG|Centify
17:05:07.10 (14165823)|ENTERING_MANAGED_PKG|Centify
17:05:07.10 (46931508)|ENTERING_MANAGED_PKG|Centify
17:05:07.10 (47005491)|ENTERING_MANAGED_PKG|Centify
17:05:07.10 (47110353)|ENTERING_MANAGED_PKG|Centify
17:05:07.10 (47150059)|ENTERING_MANAGED_PKG|Centify
17:05:07.10 (234557985)|ENTERING_MANAGED_PKG|Centify
17:05:07.10 (314342754)|ENTERING_MANAGED_PKG|Centify
17:05:07.10 (330218170)|ENTERING_MANAGED_PKG|Centify
17:05:07.10 (330266029)|ENTERING_MANAGED_PKG|Centify
17:05:07.10 (330340451)|ENTERING_MANAGED_PKG|Centify
17:05:07.10 (330374802)|ENTERING_MANAGED_PKG|Centify
17:05:07.10 (330454852)|ENTERING_MANAGED_PKG|Centify
17:05:07.10 (352020024)|ENTERING_MANAGED_PKG|Centify
17:05:07.10 (367935887)|ENTERING_MANAGED_PKG|Centify
17:05:07.10 (367987472)|ENTERING_MANAGED_PKG|Centify
17:05:07.10 (368062457)|ENTERING_MANAGED_PKG|Centify
17:05:07.10 (368093579)|ENTERING_MANAGED_PKG|Centify
17:05:07.10 (368170878)|ENTERING_MANAGED_PKG|Centify
17:05:07.10 (393807006)|ENTERING_MANAGED_PKG|Centify
17:05:07.10 (409719976)|ENTERING_MANAGED_PKG|Centify
17:05:07.10 (409789240)|ENTERING_MANAGED_PKG|Centify
17:05:07.10 (409905278)|ENTERING_MANAGED_PKG|Centify
17:05:07.10 (409951389)|ENTERING_MANAGED_PKG|Centify
17:05:07.10 (410037919)|ENTERING_MANAGED_PKG|Centify
17:05:07.10 (435265801)|ENTERING_MANAGED_PKG|Centify
17:05:07.10 (452641863)|ENTERING_MANAGED_PKG|Centify
17:05:07.10 (452691136)|ENTERING_MANAGED_PKG|Centify
17:05:07.10 (452763423)|ENTERING_MANAGED_PKG|Centify
17:05:07.10 (452792230)|ENTERING_MANAGED_PKG|Centify
17:05:07.10 (452849035)|ENTERING_MANAGED_PKG|Centify
17:05:07.10 (476388917)|ENTERING_MANAGED_PKG|Centify
17:05:07.10 (490404740)|ENTERING_MANAGED_PKG|Centify
17:05:07.10 (490454256)|ENTERING_MANAGED_PKG|Centify
17:05:07.10 (490524555)|ENTERING_MANAGED_PKG|Centify
17:05:07.10 (490552894)|ENTERING_MANAGED_PKG|Centify
17:05:07.10 (490627778)|ENTERING_MANAGED_PKG|Centify
17:05:07.10 (512861597)|ENTERING_MANAGED_PKG|Centify
17:05:07.10 (528422040)|ENTERING_MANAGED_PKG|Centify
17:05:07.10 (528470683)|ENTERING_MANAGED_PKG|Centify
17:05:07.10 (528541646)|ENTERING_MANAGED_PKG|Centify
17:05:07.10 (528570428)|ENTERING_MANAGED_PKG|Centify
17:05:07.10 (528629136)|ENTERING_MANAGED_PKG|Centify
17:05:07.10 (548860094)|ENTERING_MANAGED_PKG|Centify
17:05:07.10 (562088605)|ENTERING_MANAGED_PKG|Centify
17:05:07.10 (562141139)|ENTERING_MANAGED_PKG|Centify
17:05:07.10 (562212518)|ENTERING_MANAGED_PKG|Centify
17:05:07.10 (562243346)|ENTERING_MANAGED_PKG|Centify
17:05:07.10 (562302439)|ENTERING_MANAGED_PKG|Centify
17:05:07.10 (592676477)|ENTERING_MANAGED_PKG|Centify
17:05:07.10 (610376008)|ENTERING_MANAGED_PKG|Centify
17:05:07.10 (610420723)|ENTERING_MANAGED_PKG|Centify
17:05:07.10 (610491532)|ENTERING_MANAGED_PKG|Centify
17:05:07.10 (610521380)|ENTERING_MANAGED_PKG|Centify
17:05:07.10 (610597670)|ENTERING_MANAGED_PKG|Centify
17:05:07.10 (632261613)|ENTERING_MANAGED_PKG|Centify
17:05:07.10 (646063785)|ENTERING_MANAGED_PKG|Centify
17:05:07.10 (646111199)|ENTERING_MANAGED_PKG|Centify
17:05:07.10 (646180207)|ENTERING_MANAGED_PKG|Centify
17:05:07.10 (646210040)|ENTERING_MANAGED_PKG|Centify
17:05:07.10 (646266839)|ENTERING_MANAGED_PKG|Centify
17:05:07.10 (665206900)|ENTERING_MANAGED_PKG|Centify
17:05:07.10 (678170213)|ENTERING_MANAGED_PKG|Centify
17:05:07.10 (678218068)|ENTERING_MANAGED_PKG|Centify
17:05:07.10 (678290687)|ENTERING_MANAGED_PKG|Centify
17:05:07.10 (678321424)|ENTERING_MANAGED_PKG|Centify
17:05:07.10 (678379333)|ENTERING_MANAGED_PKG|Centify
17:05:07.10 (703109977)|ENTERING_MANAGED_PKG|Centify
17:05:07.10 (703166128)|ENTERING_MANAGED_PKG|Centify
17:05:07.10 (703322791)|ENTERING_MANAGED_PKG|Centify
17:05:07.10 (703361311)|ENTERING_MANAGED_PKG|Centify
17:05:07.10 (703390782)|ENTERING_MANAGED_PKG|Centify
17:05:07.10 (703635904)|ENTERING_MANAGED_PKG|Centify
17:05:07.10 (703706508)|ENTERING_MANAGED_PKG|Centify
17:05:07.10 (715765673)|ENTERING_MANAGED_PKG|Centify
17:05:07.10 (715850763)|ENTERING_MANAGED_PKG|Centify
17:05:07.10 (715990725)|ENTERING_MANAGED_PKG|Centify
17:05:07.10 (716687312)|ENTERING_MANAGED_PKG|Centify
17:05:07.10 (717628342)|SOQL_EXECUTE_BEGIN|[16]|Aggregations:0|select id,lastmodifieddate,isdeleted,isgmt__c,role__c,name,createddate,ownerid,active_clients__c,customer_service_index__c,service_index_in_string__c from CM_Daily_Stats__c where LastModifiedDate >2018-11-20T22:20:20Z AND LastModifiedDate < 2018-11-21T07:05:12Z AND (  isActive__c =true)  ORDER BY SystemModStamp DESC LIMIT 5000  ALL ROWS
17:05:07.10 (730067391)|SOQL_EXECUTE_END|[16]|Rows:0
17:05:07.758 (758179266)|CUMULATIVE_LIMIT_USAGE
17:05:07.758 (758179266)|LIMIT_USAGE_FOR_NS|(default)|
  Number of SOQL queries: 0 out of 200
  Number of query rows: 0 out of 50000
  Number of SOSL queries: 0 out of 20
  Number of DML statements: 0 out of 150
  Number of DML rows: 0 out of 10000
  Maximum CPU time: 0 out of 60000
  Maximum heap size: 0 out of 12000000
  Number of callouts: 0 out of 0
  Number of Email Invocations: 0 out of 10
  Number of future calls: 0 out of 0
  Number of queueable jobs added to the queue: 0 out of 1
  Number of Mobile Apex push calls: 0 out of 10

17:05:07.758 (758179266)|LIMIT_USAGE_FOR_NS|Centify|
  Number of SOQL queries: 0 out of 200
  Number of query rows: 0 out of 50000
  Number of SOSL queries: 0 out of 20
  Number of DML statements: 0 out of 150
  Number of DML rows: 0 out of 10000
  Maximum CPU time: 0 out of 60000
  Maximum heap size: 0 out of 12000000
  Number of callouts: 0 out of 0
  Number of Email Invocations: 0 out of 10
  Number of future calls: 0 out of 0
  Number of queueable jobs added to the queue: 0 out of 1
  Number of Mobile Apex push calls: 0 out of 10

17:05:07.758 (758179266)|CUMULATIVE_LIMIT_USAGE_END

