37.0 APEX_CODE,FINEST;APEX_PROFILING,INFO;CALLOUT,INFO;DB,INFO;NBA,INFO;SYSTEM,DEBUG;VALIDATION,INFO;VISUALFORCE,INFO;WAVE,INFO;WORKFLOW,INFO
17:15:06.18 (18247161)|ENTERING_MANAGED_PKG|Centify
17:15:06.18 (19135565)|ENTERING_MANAGED_PKG|Centify
17:15:06.18 (19179223)|ENTERING_MANAGED_PKG|Centify
17:15:06.18 (23961020)|ENTERING_MANAGED_PKG|Centify
17:15:06.18 (24078939)|ENTERING_MANAGED_PKG|Centify
17:15:06.18 (24137744)|ENTERING_MANAGED_PKG|Centify
17:15:06.66 (66895686)|CUMULATIVE_LIMIT_USAGE
17:15:06.66 (66895686)|LIMIT_USAGE_FOR_NS|(default)|
  Number of SOQL queries: 0 out of 200
  Number of query rows: 0 out of 50000
  Number of SOSL queries: 0 out of 20
  Number of DML statements: 0 out of 150
  Number of DML rows: 0 out of 10000
  Maximum CPU time: 0 out of 60000
  Maximum heap size: 0 out of 12000000
  Number of callouts: 0 out of 0
  Number of Email Invocations: 0 out of 10
  Number of future calls: 0 out of 0
  Number of queueable jobs added to the queue: 0 out of 1
  Number of Mobile Apex push calls: 0 out of 10

17:15:06.66 (66895686)|LIMIT_USAGE_FOR_NS|Centify|
  Number of SOQL queries: 0 out of 200
  Number of query rows: 0 out of 50000
  Number of SOSL queries: 0 out of 20
  Number of DML statements: 0 out of 150
  Number of DML rows: 0 out of 10000
  Maximum CPU time: 0 out of 60000
  Maximum heap size: 0 out of 12000000
  Number of callouts: 0 out of 0
  Number of Email Invocations: 0 out of 10
  Number of future calls: 0 out of 0
  Number of queueable jobs added to the queue: 0 out of 1
  Number of Mobile Apex push calls: 0 out of 10

17:15:06.66 (66895686)|CUMULATIVE_LIMIT_USAGE_END

