37.0 APEX_CODE,FINEST;APEX_PROFILING,INFO;CALLOUT,INFO;DB,INFO;NBA,INFO;SYSTEM,DEBUG;VALIDATION,INFO;VISUALFORCE,INFO;WAVE,INFO;WORKFLOW,INFO
11:50:03.25 (25284642)|ENTERING_MANAGED_PKG|Centify
11:50:03.25 (27377253)|ENTERING_MANAGED_PKG|Centify
11:50:03.25 (27434872)|ENTERING_MANAGED_PKG|Centify
11:50:03.25 (28207714)|ENTERING_MANAGED_PKG|Centify
11:50:03.25 (28295527)|ENTERING_MANAGED_PKG|Centify
11:50:03.25 (29331581)|ENTERING_MANAGED_PKG|Centify
11:50:03.25 (29690583)|ENTERING_MANAGED_PKG|Centify
11:50:03.25 (29726645)|ENTERING_MANAGED_PKG|Centify
11:50:03.25 (29827346)|ENTERING_MANAGED_PKG|Centify
11:50:03.25 (29882418)|ENTERING_MANAGED_PKG|Centify
11:50:03.25 (29927228)|ENTERING_MANAGED_PKG|Centify
11:50:03.25 (29957592)|ENTERING_MANAGED_PKG|Centify
11:50:03.25 (29982579)|ENTERING_MANAGED_PKG|Centify
11:50:03.25 (30239714)|ENTERING_MANAGED_PKG|Centify
11:50:03.25 (78735222)|ENTERING_MANAGED_PKG|Centify
11:50:03.25 (78806319)|ENTERING_MANAGED_PKG|Centify
11:50:03.25 (78919943)|ENTERING_MANAGED_PKG|Centify
11:50:03.25 (78961820)|ENTERING_MANAGED_PKG|Centify
11:50:03.25 (320352140)|ENTERING_MANAGED_PKG|Centify
11:50:03.25 (373101342)|ENTERING_MANAGED_PKG|Centify
11:50:03.25 (385845134)|ENTERING_MANAGED_PKG|Centify
11:50:03.25 (385903726)|ENTERING_MANAGED_PKG|Centify
11:50:03.25 (385976358)|ENTERING_MANAGED_PKG|Centify
11:50:03.25 (386006584)|ENTERING_MANAGED_PKG|Centify
11:50:03.25 (386065979)|ENTERING_MANAGED_PKG|Centify
11:50:03.25 (421151644)|ENTERING_MANAGED_PKG|Centify
11:50:03.25 (438591510)|ENTERING_MANAGED_PKG|Centify
11:50:03.25 (438644554)|ENTERING_MANAGED_PKG|Centify
11:50:03.25 (438717292)|ENTERING_MANAGED_PKG|Centify
11:50:03.25 (438747518)|ENTERING_MANAGED_PKG|Centify
11:50:03.25 (438804877)|ENTERING_MANAGED_PKG|Centify
11:50:03.25 (482839858)|ENTERING_MANAGED_PKG|Centify
11:50:03.25 (500766171)|ENTERING_MANAGED_PKG|Centify
11:50:03.25 (500816667)|ENTERING_MANAGED_PKG|Centify
11:50:03.25 (500887175)|ENTERING_MANAGED_PKG|Centify
11:50:03.25 (500923636)|ENTERING_MANAGED_PKG|Centify
11:50:03.25 (500983576)|ENTERING_MANAGED_PKG|Centify
11:50:03.25 (533878199)|ENTERING_MANAGED_PKG|Centify
11:50:03.25 (550054895)|ENTERING_MANAGED_PKG|Centify
11:50:03.25 (550109614)|ENTERING_MANAGED_PKG|Centify
11:50:03.25 (550184118)|ENTERING_MANAGED_PKG|Centify
11:50:03.25 (550213823)|ENTERING_MANAGED_PKG|Centify
11:50:03.25 (550283216)|ENTERING_MANAGED_PKG|Centify
11:50:03.25 (582717214)|ENTERING_MANAGED_PKG|Centify
11:50:03.25 (598400640)|ENTERING_MANAGED_PKG|Centify
11:50:03.25 (598452253)|ENTERING_MANAGED_PKG|Centify
11:50:03.25 (598525418)|ENTERING_MANAGED_PKG|Centify
11:50:03.25 (598556680)|ENTERING_MANAGED_PKG|Centify
11:50:03.25 (598617508)|ENTERING_MANAGED_PKG|Centify
11:50:03.25 (630758357)|ENTERING_MANAGED_PKG|Centify
11:50:03.25 (646704665)|ENTERING_MANAGED_PKG|Centify
11:50:03.25 (646767628)|ENTERING_MANAGED_PKG|Centify
11:50:03.25 (646851976)|ENTERING_MANAGED_PKG|Centify
11:50:03.25 (646882250)|ENTERING_MANAGED_PKG|Centify
11:50:03.25 (646950576)|ENTERING_MANAGED_PKG|Centify
11:50:03.25 (679228744)|ENTERING_MANAGED_PKG|Centify
11:50:03.25 (694123403)|ENTERING_MANAGED_PKG|Centify
11:50:03.25 (694174118)|ENTERING_MANAGED_PKG|Centify
11:50:03.25 (694248170)|ENTERING_MANAGED_PKG|Centify
11:50:03.25 (694280271)|ENTERING_MANAGED_PKG|Centify
11:50:03.25 (694339278)|ENTERING_MANAGED_PKG|Centify
11:50:03.25 (734723373)|ENTERING_MANAGED_PKG|Centify
11:50:03.25 (752855655)|ENTERING_MANAGED_PKG|Centify
11:50:03.25 (752915376)|ENTERING_MANAGED_PKG|Centify
11:50:03.25 (752996335)|ENTERING_MANAGED_PKG|Centify
11:50:03.25 (753028734)|ENTERING_MANAGED_PKG|Centify
11:50:03.25 (753089567)|ENTERING_MANAGED_PKG|Centify
11:50:03.25 (806141906)|ENTERING_MANAGED_PKG|Centify
11:50:03.25 (822940813)|ENTERING_MANAGED_PKG|Centify
11:50:03.25 (823019522)|ENTERING_MANAGED_PKG|Centify
11:50:03.25 (823107070)|ENTERING_MANAGED_PKG|Centify
11:50:03.25 (823153721)|ENTERING_MANAGED_PKG|Centify
11:50:03.25 (823246009)|ENTERING_MANAGED_PKG|Centify
11:50:03.25 (858862994)|ENTERING_MANAGED_PKG|Centify
11:50:03.25 (876242233)|ENTERING_MANAGED_PKG|Centify
11:50:03.25 (876299456)|ENTERING_MANAGED_PKG|Centify
11:50:03.25 (876377638)|ENTERING_MANAGED_PKG|Centify
11:50:03.25 (876410510)|ENTERING_MANAGED_PKG|Centify
11:50:03.25 (876471871)|ENTERING_MANAGED_PKG|Centify
11:50:03.25 (911182508)|ENTERING_MANAGED_PKG|Centify
11:50:03.25 (926516706)|ENTERING_MANAGED_PKG|Centify
11:50:03.25 (926568039)|ENTERING_MANAGED_PKG|Centify
11:50:03.25 (926666539)|ENTERING_MANAGED_PKG|Centify
11:50:03.25 (926703563)|ENTERING_MANAGED_PKG|Centify
11:50:03.25 (926765290)|ENTERING_MANAGED_PKG|Centify
11:50:03.25 (970148003)|ENTERING_MANAGED_PKG|Centify
11:50:03.25 (970231326)|ENTERING_MANAGED_PKG|Centify
11:50:03.25 (970416016)|ENTERING_MANAGED_PKG|Centify
11:50:03.25 (970460872)|ENTERING_MANAGED_PKG|Centify
11:50:03.25 (970686443)|ENTERING_MANAGED_PKG|Centify
11:50:03.25 (970745525)|ENTERING_MANAGED_PKG|Centify
11:50:03.25 (970794297)|ENTERING_MANAGED_PKG|Centify
11:50:03.25 (972147724)|ENTERING_MANAGED_PKG|Centify
11:50:03.25 (972265576)|ENTERING_MANAGED_PKG|Centify
11:50:03.25 (986323153)|ENTERING_MANAGED_PKG|Centify
11:50:03.25 (986397806)|ENTERING_MANAGED_PKG|Centify
11:50:03.25 (986501005)|ENTERING_MANAGED_PKG|Centify
11:50:03.25 (987157591)|ENTERING_MANAGED_PKG|Centify
11:50:03.25 (988265459)|SOQL_EXECUTE_BEGIN|[16]|Aggregations:0|select id,lastmodifieddate,isdeleted,salesperson__c,has_gtm_code_been_sent_to_client__c,are_all_possible_extensions_setup__c,status__c,product_type__c,ownerid,createddate,name,management_price__c from Sign_Up__c where LastModifiedDate >2018-11-06T01:48:58Z AND LastModifiedDate < 2018-11-06T01:50:09Z AND (  Management_Price__c > 0.00)  ORDER BY SystemModStamp DESC LIMIT 5000  ALL ROWS
11:50:03.25 (995048088)|SOQL_EXECUTE_END|[16]|Rows:1
11:50:04.28 (1028643332)|CUMULATIVE_LIMIT_USAGE
11:50:04.28 (1028643332)|LIMIT_USAGE_FOR_NS|(default)|
  Number of SOQL queries: 0 out of 200
  Number of query rows: 0 out of 50000
  Number of SOSL queries: 0 out of 20
  Number of DML statements: 0 out of 150
  Number of DML rows: 0 out of 10000
  Maximum CPU time: 0 out of 60000
  Maximum heap size: 0 out of 12000000
  Number of callouts: 0 out of 0
  Number of Email Invocations: 0 out of 10
  Number of future calls: 0 out of 0
  Number of queueable jobs added to the queue: 0 out of 1
  Number of Mobile Apex push calls: 0 out of 10

11:50:04.28 (1028643332)|LIMIT_USAGE_FOR_NS|Centify|
  Number of SOQL queries: 0 out of 200
  Number of query rows: 0 out of 50000
  Number of SOSL queries: 0 out of 20
  Number of DML statements: 0 out of 150
  Number of DML rows: 0 out of 10000
  Maximum CPU time: 0 out of 60000
  Maximum heap size: 0 out of 12000000
  Number of callouts: 0 out of 0
  Number of Email Invocations: 0 out of 10
  Number of future calls: 0 out of 0
  Number of queueable jobs added to the queue: 0 out of 1
  Number of Mobile Apex push calls: 0 out of 10

11:50:04.28 (1028643332)|CUMULATIVE_LIMIT_USAGE_END

