37.0 APEX_CODE,FINEST;APEX_PROFILING,INFO;CALLOUT,INFO;DB,INFO;NBA,INFO;SYSTEM,DEBUG;VALIDATION,INFO;VISUALFORCE,INFO;WAVE,INFO;WORKFLOW,INFO
18:25:18.9 (9249366)|ENTERING_MANAGED_PKG|Centify
18:25:18.9 (16594228)|ENTERING_MANAGED_PKG|Centify
18:25:18.9 (16684687)|ENTERING_MANAGED_PKG|Centify
18:25:18.9 (19907931)|ENTERING_MANAGED_PKG|Centify
18:25:18.9 (19960373)|ENTERING_MANAGED_PKG|Centify
18:25:18.9 (20072176)|ENTERING_MANAGED_PKG|Centify
18:25:18.9 (20563274)|ENTERING_MANAGED_PKG|Centify
18:25:18.9 (28063750)|ENTERING_MANAGED_PKG|Centify
18:25:18.9 (28119918)|ENTERING_MANAGED_PKG|Centify
18:25:18.9 (28377747)|ENTERING_MANAGED_PKG|Centify
18:25:18.9 (28412775)|ENTERING_MANAGED_PKG|Centify
18:25:18.9 (28688015)|ENTERING_MANAGED_PKG|Centify
18:25:18.9 (30361483)|ENTERING_MANAGED_PKG|Centify
18:25:18.9 (30416309)|ENTERING_MANAGED_PKG|Centify
18:25:18.9 (30536447)|ENTERING_MANAGED_PKG|Centify
18:25:18.9 (30620111)|ENTERING_MANAGED_PKG|Centify
18:25:18.9 (30657922)|ENTERING_MANAGED_PKG|Centify
18:25:18.9 (30736716)|ENTERING_MANAGED_PKG|Centify
18:25:18.9 (30765211)|ENTERING_MANAGED_PKG|Centify
18:25:18.9 (30797943)|ENTERING_MANAGED_PKG|Centify
18:25:18.9 (30945704)|ENTERING_MANAGED_PKG|Centify
18:25:18.9 (31001014)|ENTERING_MANAGED_PKG|Centify
18:25:18.9 (31881268)|ENTERING_MANAGED_PKG|Centify
18:25:18.9 (31924186)|ENTERING_MANAGED_PKG|Centify
18:25:18.9 (31963144)|ENTERING_MANAGED_PKG|Centify
18:25:18.9 (32113524)|ENTERING_MANAGED_PKG|Centify
18:25:18.9 (32171730)|ENTERING_MANAGED_PKG|Centify
18:25:18.9 (32465999)|ENTERING_MANAGED_PKG|Centify
18:25:18.9 (32624744)|ENTERING_MANAGED_PKG|Centify
18:25:18.9 (32747769)|ENTERING_MANAGED_PKG|Centify
18:25:18.9 (32816579)|ENTERING_MANAGED_PKG|Centify
18:25:18.9 (32894674)|ENTERING_MANAGED_PKG|Centify
18:25:18.9 (32958335)|ENTERING_MANAGED_PKG|Centify
18:25:18.9 (33031363)|ENTERING_MANAGED_PKG|Centify
18:25:18.9 (33094362)|ENTERING_MANAGED_PKG|Centify
18:25:18.9 (33167513)|ENTERING_MANAGED_PKG|Centify
18:25:18.9 (33294561)|ENTERING_MANAGED_PKG|Centify
18:25:18.9 (33376140)|ENTERING_MANAGED_PKG|Centify
18:25:18.9 (33500737)|ENTERING_MANAGED_PKG|Centify
18:25:18.9 (33580349)|ENTERING_MANAGED_PKG|Centify
18:25:18.9 (33700145)|ENTERING_MANAGED_PKG|Centify
18:25:18.9 (33793344)|ENTERING_MANAGED_PKG|Centify
18:25:18.9 (33916490)|ENTERING_MANAGED_PKG|Centify
18:25:18.9 (33995478)|ENTERING_MANAGED_PKG|Centify
18:25:18.9 (34555909)|ENTERING_MANAGED_PKG|Centify
18:25:18.9 (34651006)|ENTERING_MANAGED_PKG|Centify
18:25:18.9 (34789448)|ENTERING_MANAGED_PKG|Centify
18:25:18.9 (34875295)|ENTERING_MANAGED_PKG|Centify
18:25:18.9 (34999404)|ENTERING_MANAGED_PKG|Centify
18:25:18.9 (35061498)|ENTERING_MANAGED_PKG|Centify
18:25:18.9 (36209923)|DML_BEGIN|[53]|Op:Insert|Type:Centify__Notification__c|Rows:1
18:25:18.9 (55501583)|DML_END|[53]
18:25:18.9 (55659858)|ENTERING_MANAGED_PKG|Centify
18:25:18.9 (56012217)|ENTERING_MANAGED_PKG|Centify
18:25:18.72 (72812781)|CUMULATIVE_LIMIT_USAGE
18:25:18.72 (72812781)|LIMIT_USAGE_FOR_NS|(default)|
  Number of SOQL queries: 0 out of 200
  Number of query rows: 0 out of 50000
  Number of SOSL queries: 0 out of 20
  Number of DML statements: 0 out of 150
  Number of DML rows: 0 out of 10000
  Maximum CPU time: 0 out of 60000
  Maximum heap size: 0 out of 12000000
  Number of callouts: 0 out of 0
  Number of Email Invocations: 0 out of 10
  Number of future calls: 0 out of 0
  Number of queueable jobs added to the queue: 0 out of 1
  Number of Mobile Apex push calls: 0 out of 10

18:25:18.72 (72812781)|LIMIT_USAGE_FOR_NS|Centify|
  Number of SOQL queries: 0 out of 200
  Number of query rows: 0 out of 50000
  Number of SOSL queries: 0 out of 20
  Number of DML statements: 0 out of 150
  Number of DML rows: 0 out of 10000
  Maximum CPU time: 0 out of 60000
  Maximum heap size: 0 out of 12000000
  Number of callouts: 0 out of 0
  Number of Email Invocations: 0 out of 10
  Number of future calls: 0 out of 0
  Number of queueable jobs added to the queue: 0 out of 1
  Number of Mobile Apex push calls: 0 out of 10

18:25:18.72 (72812781)|CUMULATIVE_LIMIT_USAGE_END

