37.0 APEX_CODE,FINEST;APEX_PROFILING,INFO;CALLOUT,INFO;DB,INFO;NBA,INFO;SYSTEM,DEBUG;VALIDATION,INFO;VISUALFORCE,INFO;WAVE,INFO;WORKFLOW,INFO
16:50:16.16 (16712233)|ENTERING_MANAGED_PKG|Centify
16:50:16.16 (17372655)|ENTERING_MANAGED_PKG|Centify
16:50:16.16 (17407975)|ENTERING_MANAGED_PKG|Centify
16:50:16.16 (18196064)|ENTERING_MANAGED_PKG|Centify
16:50:16.16 (18270353)|ENTERING_MANAGED_PKG|Centify
16:50:16.16 (18303958)|ENTERING_MANAGED_PKG|Centify
16:50:16.33 (33204180)|CUMULATIVE_LIMIT_USAGE
16:50:16.33 (33204180)|LIMIT_USAGE_FOR_NS|(default)|
  Number of SOQL queries: 0 out of 200
  Number of query rows: 0 out of 50000
  Number of SOSL queries: 0 out of 20
  Number of DML statements: 0 out of 150
  Number of DML rows: 0 out of 10000
  Maximum CPU time: 0 out of 60000
  Maximum heap size: 0 out of 12000000
  Number of callouts: 0 out of 0
  Number of Email Invocations: 0 out of 10
  Number of future calls: 0 out of 0
  Number of queueable jobs added to the queue: 0 out of 1
  Number of Mobile Apex push calls: 0 out of 10

16:50:16.33 (33204180)|LIMIT_USAGE_FOR_NS|Centify|
  Number of SOQL queries: 0 out of 200
  Number of query rows: 0 out of 50000
  Number of SOSL queries: 0 out of 20
  Number of DML statements: 0 out of 150
  Number of DML rows: 0 out of 10000
  Maximum CPU time: 0 out of 60000
  Maximum heap size: 0 out of 12000000
  Number of callouts: 0 out of 0
  Number of Email Invocations: 0 out of 10
  Number of future calls: 0 out of 0
  Number of queueable jobs added to the queue: 0 out of 1
  Number of Mobile Apex push calls: 0 out of 10

16:50:16.33 (33204180)|CUMULATIVE_LIMIT_USAGE_END

|ENTERING_MANAGED_PKG|Centify
16:50:15.17 (354126571)|ENTERING_MANAGED_PKG|Centify
16:50:15.17 (354187731)|ENTERING_MANAGED_PKG|Centify
16:50:15.17 (376298539)|ENTERING_MANAGED_PKG|Centify
16:50:15.17 (393206752)|ENTERING_MANAGED_PKG|Centify
16:50:15.17 (393256827)|ENTERING_MANAGED_PKG|Centify
16:50:15.17 (393329142)|ENTERING_MANAGED_PKG|Centify
16:50:15.17 (393359953)|ENTERING_MANAGED_PKG|Centify
16:50:15.17 (393419329)|ENTERING_MANAGED_PKG|Centify
16:50:15.17 (416262127)|ENTERING_MANAGED_PKG|Centify
16:50:15.17 (431661778)|ENTERING_MANAGED_PKG|Centify
16:50:15.17 (431708119)|ENTERING_MANAGED_PKG|Centify
16:50:15.17 (431778940)|ENTERING_MANAGED_PKG|Centify
16:50:15.17 (431809017)|ENTERING_MANAGED_PKG|Centify
16:50:15.17 (431867155)|ENTERING_MANAGED_PKG|Centify
16:50:15.17 (453552876)|ENTERING_MANAGED_PKG|Centify
16:50:15.17 (467784706)|ENTERING_MANAGED_PKG|Centify
16:50:15.17 (467836400)|ENTERING_MANAGED_PKG|Centify
16:50:15.17 (467909558)|ENTERING_MANAGED_PKG|Centify
16:50:15.17 (467940131)|ENTERING_MANAGED_PKG|Centify
16:50:15.17 (468004273)|ENTERING_MANAGED_PKG|Centify
16:50:15.17 (490421990)|ENTERING_MANAGED_PKG|Centify
16:50:15.17 (508583325)|ENTERING_MANAGED_PKG|Centify
16:50:15.17 (508646414)|ENTERING_MANAGED_PKG|Centify
16:50:15.17 (508755709)|ENTERING_MANAGED_PKG|Centify
16:50:15.17 (508803294)|ENTERING_MANAGED_PKG|Centify
16:50:15.17 (508895855)|ENTERING_MANAGED_PKG|Centify
16:50:15.17 (529987025)|ENTERING_MANAGED_PKG|Centify
16:50:15.17 (545237759)|ENTERING_MANAGED_PKG|Centify
16:50:15.17 (545285849)|ENTERING_MANAGED_PKG|Centify
16:50:15.17 (545355865)|ENTERING_MANAGED_PKG|Centify
16:50:15.17 (545385655)|ENTERING_MANAGED_PKG|Centify
16:50:15.17 (545443387)|ENTERING_MANAGED_PKG|Centify
16:50:15.17 (566925665)|ENTERING_MANAGED_PKG|Centify
16:50:15.17 (580551513)|ENTERING_MANAGED_PKG|Centify
16:50:15.17 (580609287)|ENTERING_MANAGED_PKG|Centify
16:50:15.17 (580681540)|ENTERING_MANAGED_PKG|Centify
16:50:15.17 (580711339)|ENTERING_MANAGED_PKG|Centify
16:50:15.17 (580768729)|ENTERING_MANAGED_PKG|Centify
16:50:15.17 (602682533)|ENTERING_MANAGED_PKG|Centify
16:50:15.17 (620452980)|ENTERING_MANAGED_PKG|Centify
16:50:15.17 (620515083)|ENTERING_MANAGED_PKG|Centify
16:50:15.17 (620587000)|ENTERING_MANAGED_PKG|Centify
16:50:15.17 (620620182)|ENTERING_MANAGED_PKG|Centify
16:50:15.17 (620693567)|ENTERING_MANAGED_PKG|Centify
16:50:15.17 (644888427)|ENTERING_MANAGED_PKG|Centify
16:50:15.17 (969839834)|ENTERING_MANAGED_PKG|Centify
16:50:15.17 (969916480)|ENTERING_MANAGED_PKG|Centify
16:50:15.17 (970020232)|ENTERING_MANAGED_PKG|Centify
16:50:15.17 (970055697)|ENTERING_MANAGED_PKG|Centify
16:50:15.17 (970123652)|ENTERING_MANAGED_PKG|Centify
16:50:15.17 (998100431)|ENTERING_MANAGED_PKG|Centify
16:50:15.17 (998169106)|ENTERING_MANAGED_PKG|Centify
16:50:15.17 (998343935)|ENTERING_MANAGED_PKG|Centify
16:50:15.17 (998386293)|ENTERING_MANAGED_PKG|Centify
16:50:15.17 (998423705)|ENTERING_MANAGED_PKG|Centify
16:50:15.17 (998654751)|ENTERING_MANAGED_PKG|Centify
16:50:15.17 (998727446)|ENTERING_MANAGED_PKG|Centify
16:50:15.17 (1013261545)|ENTERING_MANAGED_PKG|Centify
16:50:15.17 (1013351821)|ENTERING_MANAGED_PKG|Centify
16:50:15.17 (1013447408)|ENTERING_MANAGED_PKG|Centify
16:50:15.17 (1014087989)|ENTERING_MANAGED_PKG|Centify
16:50:15.17 (1014969186)|SOQL_EXECUTE_BEGIN|[16]|Aggregations:0|select id,lastmodifieddate,isdeleted,isgmt__c,role__c,name,createddate,ownerid,active_clients__c,customer_service_index__c,service_index_in_string__c from CM_Daily_Stats__c where LastModifiedDate >2018-11-20T22:20:20Z AND LastModifiedDate < 2018-11-21T06:50:21Z AND (  isActive__c =true)  ORDER BY SystemModStamp DESC LIMIT 5000  ALL ROWS
16:50:16.26 (1026594569)|SOQL_EXECUTE_END|[16]|Rows:0
16:50:16.49 (1049227039)|CUMULATIVE_LIMIT_USAGE
16:50:16.49 (1049227039)|LIMIT_USAGE_FOR_NS|(default)|
  Number of SOQL queries: 0 out of 200
  Number of query rows: 0 out of 50000
  Number of SOSL queries: 0 out of 20
  Number of DML statements: 0 out of 150
  Number of DML rows: 0 out of 10000
  Maximum CPU time: 0 out of 60000
  Maximum heap size: 0 out of 12000000
  Number of callouts: 0 out of 0
  Number of Email Invocations: 0 out of 10
  Number of future calls: 0 out of 0
  Number of queueable jobs added to the queue: 0 out of 1
  Number of Mobile Apex push calls: 0 out of 10

16:50:16.49 (1049227039)|LIMIT_USAGE_FOR_NS|Centify|
  Number of SOQL queries: 0 out of 200
  Number of query rows: 0 out of 50000
  Number of SOSL queries: 0 out of 20
  Number of DML statements: 0 out of 150
  Number of DML rows: 0 out of 10000
  Maximum CPU time: 0 out of 60000
  Maximum heap size: 0 out of 12000000
  Number of callouts: 0 out of 0
  Number of Email Invocations: 0 out of 10
  Number of future calls: 0 out of 0
  Number of queueable jobs added to the queue: 0 out of 1
  Number of Mobile Apex push calls: 0 out of 10

16:50:16.49 (1049227039)|CUMULATIVE_LIMIT_USAGE_END

