37.0 APEX_CODE,FINEST;APEX_PROFILING,INFO;CALLOUT,INFO;DB,INFO;NBA,INFO;SYSTEM,DEBUG;VALIDATION,INFO;VISUALFORCE,INFO;WAVE,INFO;WORKFLOW,INFO
17:25:36.10 (10910719)|ENTERING_MANAGED_PKG|Centify
17:25:36.10 (19450958)|ENTERING_MANAGED_PKG|Centify
17:25:36.10 (19499957)|ENTERING_MANAGED_PKG|Centify
17:25:36.10 (22943863)|ENTERING_MANAGED_PKG|Centify
17:25:36.10 (22988163)|ENTERING_MANAGED_PKG|Centify
17:25:36.10 (23094504)|ENTERING_MANAGED_PKG|Centify
17:25:36.10 (23536562)|ENTERING_MANAGED_PKG|Centify
17:25:36.10 (32942717)|ENTERING_MANAGED_PKG|Centify
17:25:36.10 (33020007)|ENTERING_MANAGED_PKG|Centify
17:25:36.10 (33293053)|ENTERING_MANAGED_PKG|Centify
17:25:36.10 (33326879)|ENTERING_MANAGED_PKG|Centify
17:25:36.10 (33609134)|ENTERING_MANAGED_PKG|Centify
17:25:36.10 (37132082)|ENTERING_MANAGED_PKG|Centify
17:25:36.10 (37194503)|ENTERING_MANAGED_PKG|Centify
17:25:36.10 (37318766)|ENTERING_MANAGED_PKG|Centify
17:25:36.10 (37407422)|ENTERING_MANAGED_PKG|Centify
17:25:36.10 (37443835)|ENTERING_MANAGED_PKG|Centify
17:25:36.10 (37515322)|ENTERING_MANAGED_PKG|Centify
17:25:36.10 (37537205)|ENTERING_MANAGED_PKG|Centify
17:25:36.10 (37566324)|ENTERING_MANAGED_PKG|Centify
17:25:36.10 (37704455)|ENTERING_MANAGED_PKG|Centify
17:25:36.10 (37745307)|ENTERING_MANAGED_PKG|Centify
17:25:36.10 (40147837)|ENTERING_MANAGED_PKG|Centify
17:25:36.10 (40195367)|ENTERING_MANAGED_PKG|Centify
17:25:36.10 (40233729)|ENTERING_MANAGED_PKG|Centify
17:25:36.10 (40365035)|ENTERING_MANAGED_PKG|Centify
17:25:36.10 (40417927)|ENTERING_MANAGED_PKG|Centify
17:25:36.10 (40579444)|ENTERING_MANAGED_PKG|Centify
17:25:36.10 (40650427)|ENTERING_MANAGED_PKG|Centify
17:25:36.10 (52832946)|ENTERING_MANAGED_PKG|Centify
17:25:36.10 (53033413)|ENTERING_MANAGED_PKG|Centify
17:25:36.10 (53163850)|ENTERING_MANAGED_PKG|Centify
17:25:36.10 (53242767)|ENTERING_MANAGED_PKG|Centify
17:25:36.10 (53329060)|ENTERING_MANAGED_PKG|Centify
17:25:36.10 (53476661)|ENTERING_MANAGED_PKG|Centify
17:25:36.10 (53574856)|ENTERING_MANAGED_PKG|Centify
17:25:36.10 (53656645)|ENTERING_MANAGED_PKG|Centify
17:25:36.10 (53749403)|ENTERING_MANAGED_PKG|Centify
17:25:36.10 (53833359)|ENTERING_MANAGED_PKG|Centify
17:25:36.10 (53925328)|ENTERING_MANAGED_PKG|Centify
17:25:36.10 (54006178)|ENTERING_MANAGED_PKG|Centify
17:25:36.10 (54112726)|ENTERING_MANAGED_PKG|Centify
17:25:36.10 (54194814)|ENTERING_MANAGED_PKG|Centify
17:25:36.10 (54287959)|ENTERING_MANAGED_PKG|Centify
17:25:36.10 (54366020)|ENTERING_MANAGED_PKG|Centify
17:25:36.10 (54449753)|ENTERING_MANAGED_PKG|Centify
17:25:36.10 (54537259)|ENTERING_MANAGED_PKG|Centify
17:25:36.10 (54627568)|ENTERING_MANAGED_PKG|Centify
17:25:36.10 (54779021)|ENTERING_MANAGED_PKG|Centify
17:25:36.10 (54863707)|ENTERING_MANAGED_PKG|Centify
17:25:36.10 (55016178)|ENTERING_MANAGED_PKG|Centify
17:25:36.10 (55104977)|ENTERING_MANAGED_PKG|Centify
17:25:36.10 (55176513)|ENTERING_MANAGED_PKG|Centify
17:25:36.10 (55251758)|ENTERING_MANAGED_PKG|Centify
17:25:36.10 (55322708)|ENTERING_MANAGED_PKG|Centify
17:25:36.10 (55398738)|ENTERING_MANAGED_PKG|Centify
17:25:36.10 (55540702)|ENTERING_MANAGED_PKG|Centify
17:25:36.10 (55676214)|ENTERING_MANAGED_PKG|Centify
17:25:36.10 (55826706)|ENTERING_MANAGED_PKG|Centify
17:25:36.10 (55930570)|ENTERING_MANAGED_PKG|Centify
17:25:36.10 (56093056)|ENTERING_MANAGED_PKG|Centify
17:25:36.10 (56179949)|ENTERING_MANAGED_PKG|Centify
17:25:36.10 (56252381)|ENTERING_MANAGED_PKG|Centify
17:25:36.10 (56326898)|ENTERING_MANAGED_PKG|Centify
17:25:36.10 (56397814)|ENTERING_MANAGED_PKG|Centify
17:25:36.10 (56471479)|ENTERING_MANAGED_PKG|Centify
17:25:36.10 (56550249)|ENTERING_MANAGED_PKG|Centify
17:25:36.10 (56658802)|ENTERING_MANAGED_PKG|Centify
17:25:36.10 (56738158)|ENTERING_MANAGED_PKG|Centify
17:25:36.10 (56823512)|ENTERING_MANAGED_PKG|Centify
17:25:36.10 (56980772)|ENTERING_MANAGED_PKG|Centify
17:25:36.10 (57096638)|ENTERING_MANAGED_PKG|Centify
17:25:36.10 (57172247)|ENTERING_MANAGED_PKG|Centify
17:25:36.10 (57258678)|ENTERING_MANAGED_PKG|Centify
17:25:36.10 (57330093)|ENTERING_MANAGED_PKG|Centify
17:25:36.10 (57398477)|ENTERING_MANAGED_PKG|Centify
17:25:36.10 (57730949)|ENTERING_MANAGED_PKG|Centify
17:25:36.10 (57771819)|ENTERING_MANAGED_PKG|Centify
17:25:36.10 (57843544)|ENTERING_MANAGED_PKG|Centify
17:25:36.10 (57892446)|ENTERING_MANAGED_PKG|Centify
17:25:36.10 (57935242)|ENTERING_MANAGED_PKG|Centify
17:25:36.10 (58022514)|ENTERING_MANAGED_PKG|Centify
17:25:36.10 (59913965)|DML_BEGIN|[76]|Op:Insert|Type:Centify__Notification__c|Rows:1
17:25:36.10 (110194599)|DML_END|[76]
17:25:36.10 (110355658)|ENTERING_MANAGED_PKG|Centify
17:25:36.10 (110673781)|ENTERING_MANAGED_PKG|Centify
17:25:36.136 (136042344)|CUMULATIVE_LIMIT_USAGE
17:25:36.136 (136042344)|LIMIT_USAGE_FOR_NS|(default)|
  Number of SOQL queries: 0 out of 200
  Number of query rows: 0 out of 50000
  Number of SOSL queries: 0 out of 20
  Number of DML statements: 0 out of 150
  Number of DML rows: 0 out of 10000
  Maximum CPU time: 0 out of 60000
  Maximum heap size: 0 out of 12000000
  Number of callouts: 0 out of 0
  Number of Email Invocations: 0 out of 10
  Number of future calls: 0 out of 0
  Number of queueable jobs added to the queue: 0 out of 1
  Number of Mobile Apex push calls: 0 out of 10

17:25:36.136 (136042344)|LIMIT_USAGE_FOR_NS|Centify|
  Number of SOQL queries: 0 out of 200
  Number of query rows: 0 out of 50000
  Number of SOSL queries: 0 out of 20
  Number of DML statements: 0 out of 150
  Number of DML rows: 0 out of 10000
  Maximum CPU time: 0 out of 60000
  Maximum heap size: 0 out of 12000000
  Number of callouts: 0 out of 0
  Number of Email Invocations: 0 out of 10
  Number of future calls: 0 out of 0
  Number of queueable jobs added to the queue: 0 out of 1
  Number of Mobile Apex push calls: 0 out of 10

17:25:36.136 (136042344)|CUMULATIVE_LIMIT_USAGE_END

