43.0 APEX_CODE,FINEST;APEX_PROFILING,INFO;CALLOUT,INFO;DB,INFO;NBA,INFO;SYSTEM,DEBUG;VALIDATION,INFO;VISUALFORCE,INFO;WAVE,INFO;WORKFLOW,INFO
18:35:50.0 (80811)|USER_INFO|[EXTERNAL]|00590000000Vmmq|ben@bjbglobal.com.au|Australian Eastern Standard Time|GMT+10:00
18:35:50.0 (119139)|EXECUTION_STARTED
18:35:50.0 (121802)|CODE_UNIT_STARTED|[EXTERNAL]|Workflow:01I90000000VDtL
18:35:50.0 (12720903)|WF_RULE_EVAL_BEGIN|Workflow
18:35:50.0 (12774355)|WF_CRITERIA_BEGIN|[Invoice: PJ's 4x4 a0E6F00002ASltP]|Automatic Tasks for Outstanding Invoices|01Q6F0000019daX|ON_CREATE_OR_TRIGGERING_UPDATE|0
18:35:50.0 (12815224)|WF_RULE_NOT_EVALUATED
18:35:50.0 (12820196)|WF_CRITERIA_BEGIN|[Invoice: PJ's 4x4 a0E6F00002ASltP]|Sign_Up_Invoice3016F0000009b9U|01Q6F0000002qx7|ON_ALL_CHANGES|0
18:35:50.0 (12904659)|WF_FORMULA|Formula:ENCODED:[treatNullAsNull]true|Values:
18:35:50.0 (12911995)|WF_CRITERIA_END|true
18:35:50.0 (13265598)|WF_SPOOL_ACTION_BEGIN|Workflow
18:35:50.0 (13292074)|WF_ACTION| Flow Trigger: 1;
18:35:50.0 (13295434)|WF_RULE_EVAL_END
18:35:50.0 (13339631)|WF_FLOW_ACTION_BEGIN|09L6F0000000MEf
18:35:50.15 (15457538)|FLOW_CREATE_INTERVIEW_BEGIN|00D90000000IJSa|3006F000000Pjga|3016F0000009b9U
18:35:50.15 (16068202)|FLOW_CREATE_INTERVIEW_END|5459c9a1868e4908743065e2320b1661f505e93-7432|Sign Up Invoice
18:35:50.16 (16391540)|FLOW_START_INTERVIEWS_BEGIN|1
18:35:50.16 (16416604)|FLOW_START_INTERVIEW_BEGIN|5459c9a1868e4908743065e2320b1661f505e93-7432|Sign Up Invoice
18:35:50.16 (33279534)|FLOW_START_INTERVIEW_END|5459c9a1868e4908743065e2320b1661f505e93-7432|Sign Up Invoice
18:35:50.16 (33305927)|FLOW_START_INTERVIEWS_END|1
18:35:50.0 (34321180)|WF_FLOW_ACTION_END|09L6F0000000MEf
18:35:50.0 (34360592)|WF_TIME_TRIGGERS_BEGIN
18:35:50.0 (42676372)|WF_ACTIONS_END| Flow Trigger: 1;
18:35:50.0 (42697039)|CODE_UNIT_FINISHED|Workflow:01I90000000VDtL
18:35:50.0 (43669292)|EXECUTION_FINISHED
