37.0 APEX_CODE,FINEST;APEX_PROFILING,INFO;CALLOUT,INFO;DB,INFO;NBA,INFO;SYSTEM,DEBUG;VALIDATION,INFO;VISUALFORCE,INFO;WAVE,INFO;WORKFLOW,INFO
18:17:14.14 (14792820)|ENTERING_MANAGED_PKG|Centify
18:17:14.14 (17930790)|ENTERING_MANAGED_PKG|Centify
18:17:14.14 (23674414)|ENTERING_MANAGED_PKG|Centify
18:17:14.14 (23800256)|ENTERING_MANAGED_PKG|Centify
18:17:14.14 (23924989)|ENTERING_MANAGED_PKG|Centify
18:17:14.14 (24549588)|ENTERING_MANAGED_PKG|Centify
18:17:14.14 (24894607)|ENTERING_MANAGED_PKG|Centify
18:17:14.14 (24930497)|ENTERING_MANAGED_PKG|Centify
18:17:14.14 (25014688)|ENTERING_MANAGED_PKG|Centify
18:17:14.14 (25068652)|ENTERING_MANAGED_PKG|Centify
18:17:14.14 (25106807)|ENTERING_MANAGED_PKG|Centify
18:17:14.14 (25130220)|ENTERING_MANAGED_PKG|Centify
18:17:14.14 (25149705)|ENTERING_MANAGED_PKG|Centify
18:17:14.14 (25323190)|ENTERING_MANAGED_PKG|Centify
18:17:14.14 (68913303)|ENTERING_MANAGED_PKG|Centify
18:17:14.14 (69075762)|ENTERING_MANAGED_PKG|Centify
18:17:14.14 (69247033)|ENTERING_MANAGED_PKG|Centify
18:17:14.14 (69310986)|ENTERING_MANAGED_PKG|Centify
18:17:14.14 (260998335)|ENTERING_MANAGED_PKG|Centify
18:17:14.14 (290530774)|ENTERING_MANAGED_PKG|Centify
18:17:14.14 (304639388)|ENTERING_MANAGED_PKG|Centify
18:17:14.14 (304712317)|ENTERING_MANAGED_PKG|Centify
18:17:14.14 (304820780)|ENTERING_MANAGED_PKG|Centify
18:17:14.14 (304866937)|ENTERING_MANAGED_PKG|Centify
18:17:14.14 (304943109)|ENTERING_MANAGED_PKG|Centify
18:17:14.14 (325773199)|ENTERING_MANAGED_PKG|Centify
18:17:14.14 (339878003)|ENTERING_MANAGED_PKG|Centify
18:17:14.14 (339930266)|ENTERING_MANAGED_PKG|Centify
18:17:14.14 (340004791)|ENTERING_MANAGED_PKG|Centify
18:17:14.14 (340036061)|ENTERING_MANAGED_PKG|Centify
18:17:14.14 (340095486)|ENTERING_MANAGED_PKG|Centify
18:17:14.14 (360404286)|ENTERING_MANAGED_PKG|Centify
18:17:14.14 (374942988)|ENTERING_MANAGED_PKG|Centify
18:17:14.14 (374989779)|ENTERING_MANAGED_PKG|Centify
18:17:14.14 (375062493)|ENTERING_MANAGED_PKG|Centify
18:17:14.14 (375093445)|ENTERING_MANAGED_PKG|Centify
18:17:14.14 (375158259)|ENTERING_MANAGED_PKG|Centify
18:17:14.14 (396450311)|ENTERING_MANAGED_PKG|Centify
18:17:14.14 (411937003)|ENTERING_MANAGED_PKG|Centify
18:17:14.14 (411987499)|ENTERING_MANAGED_PKG|Centify
18:17:14.14 (412065394)|ENTERING_MANAGED_PKG|Centify
18:17:14.14 (412097668)|ENTERING_MANAGED_PKG|Centify
18:17:14.14 (412165952)|ENTERING_MANAGED_PKG|Centify
18:17:14.14 (432723202)|ENTERING_MANAGED_PKG|Centify
18:17:14.14 (447314173)|ENTERING_MANAGED_PKG|Centify
18:17:14.14 (447362458)|ENTERING_MANAGED_PKG|Centify
18:17:14.14 (447436887)|ENTERING_MANAGED_PKG|Centify
18:17:14.14 (447468183)|ENTERING_MANAGED_PKG|Centify
18:17:14.14 (447527091)|ENTERING_MANAGED_PKG|Centify
18:17:14.14 (485913024)|ENTERING_MANAGED_PKG|Centify
18:17:14.14 (501939082)|ENTERING_MANAGED_PKG|Centify
18:17:14.14 (502010988)|ENTERING_MANAGED_PKG|Centify
18:17:14.14 (502143353)|ENTERING_MANAGED_PKG|Centify
18:17:14.14 (502198512)|ENTERING_MANAGED_PKG|Centify
18:17:14.14 (502306248)|ENTERING_MANAGED_PKG|Centify
18:17:14.14 (527857273)|ENTERING_MANAGED_PKG|Centify
18:17:14.14 (546209191)|ENTERING_MANAGED_PKG|Centify
18:17:14.14 (546269190)|ENTERING_MANAGED_PKG|Centify
18:17:14.14 (546350087)|ENTERING_MANAGED_PKG|Centify
18:17:14.14 (546384308)|ENTERING_MANAGED_PKG|Centify
18:17:14.14 (546465821)|ENTERING_MANAGED_PKG|Centify
18:17:14.14 (568520219)|ENTERING_MANAGED_PKG|Centify
18:17:14.14 (585265231)|ENTERING_MANAGED_PKG|Centify
18:17:14.14 (585320887)|ENTERING_MANAGED_PKG|Centify
18:17:14.14 (585399263)|ENTERING_MANAGED_PKG|Centify
18:17:14.14 (585431296)|ENTERING_MANAGED_PKG|Centify
18:17:14.14 (585492410)|ENTERING_MANAGED_PKG|Centify
18:17:14.14 (609922517)|ENTERING_MANAGED_PKG|Centify
18:17:14.14 (625889339)|ENTERING_MANAGED_PKG|Centify
18:17:14.14 (625941672)|ENTERING_MANAGED_PKG|Centify
18:17:14.14 (626027909)|ENTERING_MANAGED_PKG|Centify
18:17:14.14 (626063967)|ENTERING_MANAGED_PKG|Centify
18:17:14.14 (626127745)|ENTERING_MANAGED_PKG|Centify
18:17:14.14 (648755288)|ENTERING_MANAGED_PKG|Centify
18:17:14.14 (663603417)|ENTERING_MANAGED_PKG|Centify
18:17:14.14 (663664126)|ENTERING_MANAGED_PKG|Centify
18:17:14.14 (663743612)|ENTERING_MANAGED_PKG|Centify
18:17:14.14 (663776260)|ENTERING_MANAGED_PKG|Centify
18:17:14.14 (663840852)|ENTERING_MANAGED_PKG|Centify
18:17:14.14 (687913933)|ENTERING_MANAGED_PKG|Centify
18:17:14.14 (706746880)|ENTERING_MANAGED_PKG|Centify
18:17:14.14 (706818795)|ENTERING_MANAGED_PKG|Centify
18:17:14.14 (706927607)|ENTERING_MANAGED_PKG|Centify
18:17:14.14 (706978180)|ENTERING_MANAGED_PKG|Centify
18:17:14.14 (707076910)|ENTERING_MANAGED_PKG|Centify
18:17:14.14 (733138196)|ENTERING_MANAGED_PKG|Centify
18:17:14.14 (751461140)|ENTERING_MANAGED_PKG|Centify
18:17:14.14 (751515372)|ENTERING_MANAGED_PKG|Centify
18:17:14.14 (751593171)|ENTERING_MANAGED_PKG|Centify
18:17:14.14 (751626069)|ENTERING_MANAGED_PKG|Centify
18:17:14.14 (751689446)|ENTERING_MANAGED_PKG|Centify
18:17:14.14 (776765691)|ENTERING_MANAGED_PKG|Centify
18:17:14.14 (776844796)|ENTERING_MANAGED_PKG|Centify
18:17:14.14 (776997295)|ENTERING_MANAGED_PKG|Centify
18:17:14.14 (777042985)|ENTERING_MANAGED_PKG|Centify
18:17:14.14 (777101991)|ENTERING_MANAGED_PKG|Centify
18:17:14.14 (777405428)|ENTERING_MANAGED_PKG|Centify
18:17:14.14 (777485699)|ENTERING_MANAGED_PKG|Centify
18:17:14.14 (778521645)|ENTERING_MANAGED_PKG|Centify
18:17:14.14 (778587195)|ENTERING_MANAGED_PKG|Centify
18:17:14.14 (778673421)|ENTERING_MANAGED_PKG|Centify
18:17:14.14 (779265652)|ENTERING_MANAGED_PKG|Centify
18:17:14.14 (780067223)|SOQL_EXECUTE_BEGIN|[16]|Aggregations:0|select id,lastmodifieddate,isdeleted,audit_completed_date__c,audit_booked_date__c,assign_to__c,name,ownerid,status__c,lastactivitydate,opp_type__c,spinify_is_target__c,spinify_is_auditedthismonth__c from SLXOpportunity__c where LastModifiedDate >2018-09-28T05:53:54Z AND LastModifiedDate < 2018-09-28T08:17:20Z AND (  Spinify_Is_Target__c =true OR  Spinify_Is_AuditedThisMonth__c =true)  ORDER BY SystemModStamp DESC LIMIT 5000  ALL ROWS
18:17:14.14 (785218901)|SOQL_EXECUTE_END|[16]|Rows:0
18:17:14.802 (802631532)|CUMULATIVE_LIMIT_USAGE
18:17:14.802 (802631532)|LIMIT_USAGE_FOR_NS|(default)|
  Number of SOQL queries: 0 out of 200
  Number of query rows: 0 out of 50000
  Number of SOSL queries: 0 out of 20
  Number of DML statements: 0 out of 150
  Number of DML rows: 0 out of 10000
  Maximum CPU time: 0 out of 60000
  Maximum heap size: 0 out of 12000000
  Number of callouts: 0 out of 0
  Number of Email Invocations: 0 out of 10
  Number of future calls: 0 out of 0
  Number of queueable jobs added to the queue: 0 out of 1
  Number of Mobile Apex push calls: 0 out of 10

18:17:14.802 (802631532)|LIMIT_USAGE_FOR_NS|Centify|
  Number of SOQL queries: 0 out of 200
  Number of query rows: 0 out of 50000
  Number of SOSL queries: 0 out of 20
  Number of DML statements: 0 out of 150
  Number of DML rows: 0 out of 10000
  Maximum CPU time: 0 out of 60000
  Maximum heap size: 0 out of 12000000
  Number of callouts: 0 out of 0
  Number of Email Invocations: 0 out of 10
  Number of future calls: 0 out of 0
  Number of queueable jobs added to the queue: 0 out of 1
  Number of Mobile Apex push calls: 0 out of 10

18:17:14.802 (802631532)|CUMULATIVE_LIMIT_USAGE_END

