31.0 APEX_CODE,FINEST;APEX_PROFILING,INFO;CALLOUT,INFO;DB,INFO;NBA,INFO;SYSTEM,DEBUG;VALIDATION,INFO;VISUALFORCE,INFO;WAVE,INFO;WORKFLOW,INFO
11:48:26.0 (97811)|USER_INFO|[EXTERNAL]|00590000000Vmmq|ben@bjbglobal.com.au|Australian Eastern Standard Time|GMT+10:00
11:48:26.0 (131725)|EXECUTION_STARTED
11:48:26.0 (136943)|CODE_UNIT_STARTED|[EXTERNAL]|TRIGGERS
11:48:26.0 (164735)|CODE_UNIT_STARTED|[EXTERNAL]|01q6F000000DhRF|TaskBeforeUpdate on Task trigger event BeforeUpdate|__sfdc_trigger/TaskBeforeUpdate
11:48:26.0 (214609)|HEAP_ALLOCATE|[EXTERNAL]|Bytes:8
11:48:26.0 (264179)|HEAP_ALLOCATE|[EXTERNAL]|Bytes:8
11:48:26.0 (679378)|HEAP_ALLOCATE|[72]|Bytes:3
11:48:26.0 (741971)|HEAP_ALLOCATE|[77]|Bytes:152
11:48:26.0 (755233)|HEAP_ALLOCATE|[342]|Bytes:408
11:48:26.0 (767594)|HEAP_ALLOCATE|[355]|Bytes:408
11:48:26.0 (778156)|HEAP_ALLOCATE|[467]|Bytes:48
11:48:26.0 (802742)|HEAP_ALLOCATE|[139]|Bytes:6
11:48:26.0 (826730)|HEAP_ALLOCATE|[EXTERNAL]|Bytes:4
11:48:26.0 (853796)|VARIABLE_SCOPE_BEGIN|[10]|this|TaskBeforeUpdate|true|false
11:48:26.0 (1116009)|VARIABLE_ASSIGNMENT|[10]|this|{}|0x30b69133
11:48:26.0 (1197292)|HEAP_ALLOCATE|[EXTERNAL]|Bytes:4
11:48:26.0 (1217986)|VARIABLE_SCOPE_BEGIN|[10]|this|TaskBeforeUpdate|true|false
11:48:26.0 (1236503)|VARIABLE_ASSIGNMENT|[10]|this|{}|0x30b69133
11:48:26.0 (1247065)|STATEMENT_EXECUTE|[10]
11:48:26.1 (1252884)|CUMULATIVE_LIMIT_USAGE
11:48:26.1 (1252884)|LIMIT_USAGE_FOR_NS|(default)|
  Number of SOQL queries: 0 out of 100
  Number of query rows: 0 out of 50000
  Number of SOSL queries: 0 out of 20
  Number of DML statements: 0 out of 150
  Number of DML rows: 0 out of 10000
  Maximum CPU time: 0 out of 10000
  Maximum heap size: 0 out of 6000000
  Number of callouts: 0 out of 100
  Number of Email Invocations: 0 out of 10
  Number of future calls: 0 out of 50
  Number of queueable jobs added to the queue: 0 out of 50
  Number of Mobile Apex push calls: 0 out of 10

11:48:26.1 (1252884)|CUMULATIVE_LIMIT_USAGE_END

11:48:26.0 (2203056)|CODE_UNIT_FINISHED|TaskBeforeUpdate on Task trigger event BeforeUpdate|__sfdc_trigger/TaskBeforeUpdate
11:48:26.0 (5712917)|CODE_UNIT_STARTED|[EXTERNAL]|Validation:Task:00T6F000055TA64
11:48:26.0 (5729281)|VALIDATION_RULE|03d6F000000qFaO|Finish_all_call_monitor_field
11:48:26.0 (6133271)|VALIDATION_FORMULA|AND(!ISBLANK(Monitored_By__c),
    OR(ISBLANK( TEXT(CM_advised_what_will_happen_next__c)),
       ISBLANK( TEXT(Allow_customer_to_present_concerns__c) ),
       ISBLANK( TEXT(Communication_is_clear_positive_confiden__c) ),
       ISBLANK( TEXT(Demonstrate_active_listening__c )),
       ISBLANK( TEXT(Gave_correct_answers_and_infomations__c) ),
       ISBLANK( TEXT(Mirrors_clients_talking_behaviour__c) ) ))|CM_advised_what_will_happen_next__c=null , Demonstrate_active_listening__c=null , Communication_is_clear_positive_confiden__c=null , Allow_customer_to_present_concerns__c=null , Gave_correct_answers_and_infomations__c=null , Mirrors_clients_talking_behaviour__c=null , Monitored_By__c=null
11:48:26.0 (6149701)|VALIDATION_PASS
11:48:26.0 (6152268)|VALIDATION_RULE|03d900000009JbB|Interac_Quality_Must_Be_Between_1_and_10
11:48:26.0 (6223243)|VALIDATION_FORMULA|NVMContactWorld__InteractionQuality__c < 1  &#124;&#124;  NVMContactWorld__InteractionQuality__c > 10|NVMContactWorld__InteractionQuality__c=null
11:48:26.0 (6231959)|VALIDATION_PASS
11:48:26.0 (6376023)|CODE_UNIT_FINISHED|Validation:Task:00T6F000055TA64
11:48:26.0 (31020480)|CODE_UNIT_STARTED|[EXTERNAL]|Workflow:Task
11:48:26.0 (42091732)|WF_RULE_EVAL_BEGIN|Workflow
11:48:26.0 (42126674)|WF_CRITERIA_BEGIN|[Task:  00T6F000055TA64]|Update Call Monitor Details|01Q6F0000002Tdt|ON_CREATE_OR_TRIGGERING_UPDATE|0
11:48:26.0 (44684128)|WF_RULE_FILTER|[Task : Monitored By not equal to ]
11:48:26.0 (44696248)|WF_RULE_EVAL_VALUE|
11:48:26.0 (44700145)|WF_CRITERIA_END|false
11:48:26.0 (44709911)|WF_CRITERIA_BEGIN|[Task:  00T6F000055TA64]|Update_Callback_Request_Due_Date3016F0000005i0e|01Q6F0000019gyq|ON_CREATE_ONLY|0
11:48:26.0 (44719977)|WF_RULE_NOT_EVALUATED
11:48:26.0 (44725116)|WF_CRITERIA_BEGIN|[Task:  00T6F000055TA64]|Call Back Request From LinX|01Q6F000001EY2L|ON_CREATE_OR_TRIGGERING_UPDATE|0
11:48:26.0 (44783900)|WF_RULE_FILTER|[Task : Subject equals Callback Request]
11:48:26.0 (44793659)|WF_RULE_EVAL_VALUE|Outbound call to +61412334123
11:48:26.0 (44797791)|WF_CRITERIA_END|false
11:48:26.0 (44804687)|WF_CRITERIA_BEGIN|[Task:  00T6F000055TA64]|Call_Monitor3016F00000054R3|01Q6F000000oOu7|ON_ALL_CHANGES|0
11:48:26.0 (44879093)|WF_FORMULA|Formula:ENCODED:[treatNullAsNull]true|Values:
11:48:26.0 (44885756)|WF_CRITERIA_END|true
11:48:26.0 (45585464)|WF_SPOOL_ACTION_BEGIN|Workflow
11:48:26.0 (45610316)|WF_ACTION| Flow Trigger: 1;
11:48:26.0 (45615693)|WF_RULE_EVAL_END
11:48:26.0 (46572403)|WF_FLOW_ACTION_BEGIN|09L6F000000PGTV
11:48:26.47 (47843178)|FLOW_CREATE_INTERVIEW_BEGIN|00D90000000IJSa|3006F0000008usA|3016F00000054R3
11:48:26.47 (48553151)|FLOW_CREATE_INTERVIEW_END|82359fd85caf8c9293b88eed36166e6b2451b-688f|Call Monitoring
11:48:26.48 (48865989)|FLOW_START_INTERVIEWS_BEGIN|1
11:48:26.48 (49009969)|FLOW_START_INTERVIEW_BEGIN|82359fd85caf8c9293b88eed36166e6b2451b-688f|Call Monitoring
11:48:26.48 (58312688)|FLOW_START_INTERVIEW_END|82359fd85caf8c9293b88eed36166e6b2451b-688f|Call Monitoring
11:48:26.48 (58339593)|FLOW_START_INTERVIEWS_END|1
11:48:26.0 (59498497)|WF_FLOW_ACTION_END|09L6F000000PGTV
11:48:26.0 (59597030)|WF_ACTIONS_END| Flow Trigger: 1;
11:48:26.0 (59606527)|CODE_UNIT_FINISHED|Workflow:Task
11:48:26.0 (67159178)|CODE_UNIT_FINISHED|TRIGGERS
11:48:26.0 (67176734)|EXECUTION_FINISHED
