37.0 APEX_CODE,FINEST;APEX_PROFILING,INFO;CALLOUT,INFO;DB,INFO;NBA,INFO;SYSTEM,DEBUG;VALIDATION,INFO;VISUALFORCE,INFO;WAVE,INFO;WORKFLOW,INFO
17:14:08.338 (338050935)|ENTERING_MANAGED_PKG|Centify
17:14:08.338 (340070343)|ENTERING_MANAGED_PKG|Centify
17:14:08.338 (340551696)|ENTERING_MANAGED_PKG|Centify
17:14:08.338 (341631957)|ENTERING_MANAGED_PKG|Centify
17:14:08.338 (341740003)|ENTERING_MANAGED_PKG|Centify
17:14:08.338 (399942034)|ENTERING_MANAGED_PKG|Centify
17:14:08.338 (400323552)|ENTERING_MANAGED_PKG|Centify
17:14:08.338 (400365238)|ENTERING_MANAGED_PKG|Centify
17:14:08.338 (400454875)|ENTERING_MANAGED_PKG|Centify
17:14:08.338 (400510754)|ENTERING_MANAGED_PKG|Centify
17:14:08.338 (400550706)|ENTERING_MANAGED_PKG|Centify
17:14:08.338 (400581522)|ENTERING_MANAGED_PKG|Centify
17:14:08.338 (400611327)|ENTERING_MANAGED_PKG|Centify
17:14:08.338 (400868693)|ENTERING_MANAGED_PKG|Centify
17:14:08.338 (852952260)|ENTERING_MANAGED_PKG|Centify
17:14:08.338 (853054730)|ENTERING_MANAGED_PKG|Centify
17:14:08.338 (853205607)|ENTERING_MANAGED_PKG|Centify
17:14:08.338 (853256832)|ENTERING_MANAGED_PKG|Centify
17:14:09.555 (1555451093)|ENTERING_MANAGED_PKG|Centify
17:14:09.555 (1590700890)|ENTERING_MANAGED_PKG|Centify
17:14:09.555 (1605826816)|ENTERING_MANAGED_PKG|Centify
17:14:09.555 (1605878757)|ENTERING_MANAGED_PKG|Centify
17:14:09.555 (1605954182)|ENTERING_MANAGED_PKG|Centify
17:14:09.555 (1605985588)|ENTERING_MANAGED_PKG|Centify
17:14:09.555 (1606046900)|ENTERING_MANAGED_PKG|Centify
17:14:09.555 (1629986239)|ENTERING_MANAGED_PKG|Centify
17:14:09.555 (1647210372)|ENTERING_MANAGED_PKG|Centify
17:14:09.555 (1647261806)|ENTERING_MANAGED_PKG|Centify
17:14:09.555 (1647345623)|ENTERING_MANAGED_PKG|Centify
17:14:09.555 (1647380335)|ENTERING_MANAGED_PKG|Centify
17:14:09.555 (1647443409)|ENTERING_MANAGED_PKG|Centify
17:14:09.555 (1691833168)|ENTERING_MANAGED_PKG|Centify
17:14:09.555 (1707721247)|ENTERING_MANAGED_PKG|Centify
17:14:09.555 (1707777697)|ENTERING_MANAGED_PKG|Centify
17:14:09.555 (1707854046)|ENTERING_MANAGED_PKG|Centify
17:14:09.555 (1707885786)|ENTERING_MANAGED_PKG|Centify
17:14:09.555 (1707947143)|ENTERING_MANAGED_PKG|Centify
17:14:09.555 (1729392228)|ENTERING_MANAGED_PKG|Centify
17:14:09.555 (1746546578)|ENTERING_MANAGED_PKG|Centify
17:14:09.555 (1746602096)|ENTERING_MANAGED_PKG|Centify
17:14:09.555 (1746679353)|ENTERING_MANAGED_PKG|Centify
17:14:09.555 (1746711307)|ENTERING_MANAGED_PKG|Centify
17:14:09.555 (1746780630)|ENTERING_MANAGED_PKG|Centify
17:14:09.555 (1768217259)|ENTERING_MANAGED_PKG|Centify
17:14:09.555 (1784068383)|ENTERING_MANAGED_PKG|Centify
17:14:09.555 (1784122906)|ENTERING_MANAGED_PKG|Centify
17:14:09.555 (1784197388)|ENTERING_MANAGED_PKG|Centify
17:14:09.555 (1784229290)|ENTERING_MANAGED_PKG|Centify
17:14:09.555 (1784292871)|ENTERING_MANAGED_PKG|Centify
17:14:09.555 (1806078406)|ENTERING_MANAGED_PKG|Centify
17:14:09.555 (1822452210)|ENTERING_MANAGED_PKG|Centify
17:14:09.555 (1822503486)|ENTERING_MANAGED_PKG|Centify
17:14:09.555 (1822580188)|ENTERING_MANAGED_PKG|Centify
17:14:09.555 (1822612751)|ENTERING_MANAGED_PKG|Centify
17:14:09.555 (1822675406)|ENTERING_MANAGED_PKG|Centify
17:14:09.555 (1844663798)|ENTERING_MANAGED_PKG|Centify
17:14:09.555 (1860886399)|ENTERING_MANAGED_PKG|Centify
17:14:09.555 (1860941239)|ENTERING_MANAGED_PKG|Centify
17:14:09.555 (1861018386)|ENTERING_MANAGED_PKG|Centify
17:14:09.555 (1861051012)|ENTERING_MANAGED_PKG|Centify
17:14:09.555 (1861113193)|ENTERING_MANAGED_PKG|Centify
17:14:09.555 (1902451459)|ENTERING_MANAGED_PKG|Centify
17:14:09.555 (1918422989)|ENTERING_MANAGED_PKG|Centify
17:14:09.555 (1918475976)|ENTERING_MANAGED_PKG|Centify
17:14:09.555 (1918552227)|ENTERING_MANAGED_PKG|Centify
17:14:09.555 (1918584700)|ENTERING_MANAGED_PKG|Centify
17:14:09.555 (1918646237)|ENTERING_MANAGED_PKG|Centify
17:14:09.555 (1939514466)|ENTERING_MANAGED_PKG|Centify
17:14:09.555 (1956438478)|ENTERING_MANAGED_PKG|Centify
17:14:09.555 (1956497724)|ENTERING_MANAGED_PKG|Centify
17:14:09.555 (1956584578)|ENTERING_MANAGED_PKG|Centify
17:14:09.555 (1956620838)|ENTERING_MANAGED_PKG|Centify
17:14:09.555 (1956692721)|ENTERING_MANAGED_PKG|Centify
17:14:09.555 (1981079245)|ENTERING_MANAGED_PKG|Centify
17:14:09.555 (1998392510)|ENTERING_MANAGED_PKG|Centify
17:14:09.555 (1998444967)|ENTERING_MANAGED_PKG|Centify
17:14:09.555 (1998522315)|ENTERING_MANAGED_PKG|Centify
17:14:09.555 (1998554260)|ENTERING_MANAGED_PKG|Centify
17:14:09.555 (1998616839)|ENTERING_MANAGED_PKG|Centify
17:14:09.555 (2024896579)|ENTERING_MANAGED_PKG|Centify
17:14:09.555 (2045120544)|ENTERING_MANAGED_PKG|Centify
17:14:09.555 (2045175032)|ENTERING_MANAGED_PKG|Centify
17:14:09.555 (2045253262)|ENTERING_MANAGED_PKG|Centify
17:14:09.555 (2045285386)|ENTERING_MANAGED_PKG|Centify
17:14:09.555 (2045346409)|ENTERING_MANAGED_PKG|Centify
17:14:09.555 (2066887382)|ENTERING_MANAGED_PKG|Centify
17:14:09.555 (2083095659)|ENTERING_MANAGED_PKG|Centify
17:14:09.555 (2083148730)|ENTERING_MANAGED_PKG|Centify
17:14:09.555 (2083223966)|ENTERING_MANAGED_PKG|Centify
17:14:09.555 (2083255813)|ENTERING_MANAGED_PKG|Centify
17:14:09.555 (2083319349)|ENTERING_MANAGED_PKG|Centify
17:14:09.555 (2125135776)|ENTERING_MANAGED_PKG|Centify
17:14:09.555 (2125202984)|ENTERING_MANAGED_PKG|Centify
17:14:09.555 (2125351927)|ENTERING_MANAGED_PKG|Centify
17:14:09.555 (2125393257)|ENTERING_MANAGED_PKG|Centify
17:14:09.555 (2125433285)|ENTERING_MANAGED_PKG|Centify
17:14:09.555 (2126568060)|ENTERING_MANAGED_PKG|Centify
17:14:09.555 (2126646090)|ENTERING_MANAGED_PKG|Centify
17:14:09.555 (2137775902)|ENTERING_MANAGED_PKG|Centify
17:14:09.555 (2137867045)|ENTERING_MANAGED_PKG|Centify
17:14:09.555 (2137955555)|ENTERING_MANAGED_PKG|Centify
17:14:09.555 (2138640376)|ENTERING_MANAGED_PKG|Centify
17:14:09.555 (2139738628)|SOQL_EXECUTE_BEGIN|[16]|Aggregations:0|select id,lastmodifieddate,isdeleted,audit_completed_date__c,audit_booked_date__c,assign_to__c,name,ownerid,status__c,lastactivitydate,opp_type__c,spinify_is_target__c,spinify_is_auditedthismonth__c from SLXOpportunity__c where LastModifiedDate >2018-11-21T06:02:05Z AND LastModifiedDate < 2018-11-21T07:14:15Z AND (   Spinify_Is_Target__c =true OR  Spinify_Is_AuditedThisMonth__c =true )  ORDER BY SystemModStamp DESC LIMIT 5000  ALL ROWS
17:14:09.555 (2145765844)|SOQL_EXECUTE_END|[16]|Rows:0
17:14:10.166 (2166509092)|CUMULATIVE_LIMIT_USAGE
17:14:10.166 (2166509092)|LIMIT_USAGE_FOR_NS|(default)|
  Number of SOQL queries: 0 out of 200
  Number of query rows: 0 out of 50000
  Number of SOSL queries: 0 out of 20
  Number of DML statements: 0 out of 150
  Number of DML rows: 0 out of 10000
  Maximum CPU time: 0 out of 60000
  Maximum heap size: 0 out of 12000000
  Number of callouts: 0 out of 0
  Number of Email Invocations: 0 out of 10
  Number of future calls: 0 out of 0
  Number of queueable jobs added to the queue: 0 out of 1
  Number of Mobile Apex push calls: 0 out of 10

17:14:10.166 (2166509092)|LIMIT_USAGE_FOR_NS|Centify|
  Number of SOQL queries: 0 out of 200
  Number of query rows: 0 out of 50000
  Number of SOSL queries: 0 out of 20
  Number of DML statements: 0 out of 150
  Number of DML rows: 0 out of 10000
  Maximum CPU time: 0 out of 60000
  Maximum heap size: 0 out of 12000000
  Number of callouts: 0 out of 0
  Number of Email Invocations: 0 out of 10
  Number of future calls: 0 out of 0
  Number of queueable jobs added to the queue: 0 out of 1
  Number of Mobile Apex push calls: 0 out of 10

17:14:10.166 (2166509092)|CUMULATIVE_LIMIT_USAGE_END

