37.0 APEX_CODE,FINEST;APEX_PROFILING,INFO;CALLOUT,INFO;DB,INFO;NBA,INFO;SYSTEM,DEBUG;VALIDATION,INFO;VISUALFORCE,INFO;WAVE,INFO;WORKFLOW,INFO
11:58:00.16 (16696777)|ENTERING_MANAGED_PKG|Centify
11:58:00.16 (18354602)|ENTERING_MANAGED_PKG|Centify
11:58:00.16 (18407331)|ENTERING_MANAGED_PKG|Centify
11:58:00.16 (18862834)|ENTERING_MANAGED_PKG|Centify
11:58:00.16 (18925571)|ENTERING_MANAGED_PKG|Centify
11:58:00.16 (20801805)|ENTERING_MANAGED_PKG|Centify
11:58:00.16 (20911361)|ENTERING_MANAGED_PKG|Centify
11:58:00.16 (27041529)|ENTERING_MANAGED_PKG|Centify
11:58:00.16 (28272115)|ENTERING_MANAGED_PKG|Centify
11:58:00.16 (28554211)|ENTERING_MANAGED_PKG|Centify
11:58:00.16 (28671082)|ENTERING_MANAGED_PKG|Centify
11:58:00.16 (37486733)|ENTERING_MANAGED_PKG|Centify
11:58:00.16 (37639954)|ENTERING_MANAGED_PKG|Centify
11:58:00.16 (38038699)|ENTERING_MANAGED_PKG|Centify
11:58:00.16 (42105845)|ENTERING_MANAGED_PKG|Centify
11:58:00.16 (42163243)|ENTERING_MANAGED_PKG|Centify
11:58:00.16 (42284703)|ENTERING_MANAGED_PKG|Centify
11:58:00.16 (43216872)|ENTERING_MANAGED_PKG|Centify
11:58:00.16 (44697666)|ENTERING_MANAGED_PKG|Centify
11:58:00.16 (44754037)|ENTERING_MANAGED_PKG|Centify
11:58:00.16 (44831372)|ENTERING_MANAGED_PKG|Centify
11:58:00.16 (45509618)|ENTERING_MANAGED_PKG|Centify
11:58:00.16 (45543480)|ENTERING_MANAGED_PKG|Centify
11:58:00.16 (45603094)|ENTERING_MANAGED_PKG|Centify
11:58:00.16 (46292933)|ENTERING_MANAGED_PKG|Centify
11:58:00.16 (50164862)|ENTERING_MANAGED_PKG|Centify
11:58:00.16 (52614476)|ENTERING_MANAGED_PKG|Centify
11:58:00.16 (52808162)|ENTERING_MANAGED_PKG|Centify
11:58:00.16 (54906678)|ENTERING_MANAGED_PKG|Centify
11:58:00.16 (54974802)|ENTERING_MANAGED_PKG|Centify
11:58:00.16 (55066235)|ENTERING_MANAGED_PKG|Centify
11:58:00.16 (55154694)|ENTERING_MANAGED_PKG|Centify
11:58:00.16 (55379285)|ENTERING_MANAGED_PKG|Centify
11:58:00.16 (57261630)|SOQL_EXECUTE_BEGIN|[28]|Aggregations:0|SELECT Id FROM ApexClass WHERE Name = :tmpVar1
11:58:00.16 (66166454)|SOQL_EXECUTE_END|[28]|Rows:1
11:58:00.16 (66989671)|SOQL_EXECUTE_BEGIN|[49]|Aggregations:0|SELECT COUNT() FROM AsyncApexJob WHERE (ApexClassId = :tmpVar1 AND Status IN ('Queued', 'Holding', 'Preparing', 'Processing'))
11:58:00.16 (71521503)|SOQL_EXECUTE_END|[49]|Rows:0
11:58:00.16 (71633771)|ENTERING_MANAGED_PKG|Centify
11:58:00.16 (72805768)|ENTERING_MANAGED_PKG|Centify
11:58:00.16 (72894746)|ENTERING_MANAGED_PKG|Centify
11:58:00.16 (73644462)|ENTERING_MANAGED_PKG|Centify
11:58:00.16 (73911020)|ENTERING_MANAGED_PKG|Centify
11:58:00.16 (73973367)|ENTERING_MANAGED_PKG|Centify
11:58:00.16 (102084525)|ENTERING_MANAGED_PKG|Centify
11:58:00.16 (102153058)|ENTERING_MANAGED_PKG|Centify
11:58:00.16 (109875954)|ENTERING_MANAGED_PKG|Centify
11:58:00.16 (112117660)|ENTERING_MANAGED_PKG|Centify
11:58:00.16 (113864776)|ENTERING_MANAGED_PKG|Centify
11:58:00.16 (115510887)|ENTERING_MANAGED_PKG|Centify
11:58:00.16 (115610432)|ENTERING_MANAGED_PKG|Centify
11:58:00.16 (115648519)|ENTERING_MANAGED_PKG|Centify
11:58:00.16 (115813105)|ENTERING_MANAGED_PKG|Centify
11:58:00.16 (115905004)|ENTERING_MANAGED_PKG|Centify
11:58:00.16 (116193443)|ENTERING_MANAGED_PKG|Centify
11:58:00.16 (116517167)|ENTERING_MANAGED_PKG|Centify
11:58:00.16 (116758873)|ENTERING_MANAGED_PKG|Centify
11:58:00.16 (117000193)|ENTERING_MANAGED_PKG|Centify
11:58:00.16 (117220483)|ENTERING_MANAGED_PKG|Centify
11:58:00.16 (117486555)|ENTERING_MANAGED_PKG|Centify
11:58:00.16 (117714564)|ENTERING_MANAGED_PKG|Centify
11:58:00.16 (117943191)|ENTERING_MANAGED_PKG|Centify
11:58:00.16 (118165903)|ENTERING_MANAGED_PKG|Centify
11:58:00.16 (118391488)|ENTERING_MANAGED_PKG|Centify
11:58:00.16 (118639771)|ENTERING_MANAGED_PKG|Centify
11:58:00.16 (118863602)|ENTERING_MANAGED_PKG|Centify
11:58:00.16 (119049559)|ENTERING_MANAGED_PKG|Centify
11:58:00.16 (119232932)|ENTERING_MANAGED_PKG|Centify
11:58:00.16 (119432295)|ENTERING_MANAGED_PKG|Centify
11:58:00.16 (119910282)|ENTERING_MANAGED_PKG|Centify
11:58:00.16 (120098249)|ENTERING_MANAGED_PKG|Centify
11:58:00.16 (120259561)|ENTERING_MANAGED_PKG|Centify
11:58:00.16 (120400767)|ENTERING_MANAGED_PKG|Centify
11:58:00.16 (120536188)|ENTERING_MANAGED_PKG|Centify
11:58:00.16 (120697691)|ENTERING_MANAGED_PKG|Centify
11:58:00.16 (120842082)|ENTERING_MANAGED_PKG|Centify
11:58:00.16 (121072027)|ENTERING_MANAGED_PKG|Centify
11:58:00.16 (121219066)|ENTERING_MANAGED_PKG|Centify
11:58:00.16 (121406235)|ENTERING_MANAGED_PKG|Centify
11:58:00.16 (121563737)|ENTERING_MANAGED_PKG|Centify
11:58:00.16 (121753874)|ENTERING_MANAGED_PKG|Centify
11:58:00.16 (121977865)|ENTERING_MANAGED_PKG|Centify
11:58:00.16 (122134204)|ENTERING_MANAGED_PKG|Centify
11:58:00.16 (122311761)|ENTERING_MANAGED_PKG|Centify
11:58:00.16 (122375015)|ENTERING_MANAGED_PKG|Centify
11:58:00.16 (122441942)|ENTERING_MANAGED_PKG|Centify
11:58:00.16 (122492342)|ENTERING_MANAGED_PKG|Centify
11:58:00.16 (122675880)|ENTERING_MANAGED_PKG|Centify
11:58:00.16 (122758242)|ENTERING_MANAGED_PKG|Centify
11:58:00.16 (126886058)|ENTERING_MANAGED_PKG|Centify
11:58:00.16 (126962066)|ENTERING_MANAGED_PKG|Centify
11:58:00.16 (127039077)|ENTERING_MANAGED_PKG|Centify
11:58:00.16 (127173475)|ENTERING_MANAGED_PKG|Centify
11:58:00.16 (127481252)|ENTERING_MANAGED_PKG|Centify
11:58:00.16 (127638667)|ENTERING_MANAGED_PKG|Centify
11:58:00.16 (188606429)|ENTERING_MANAGED_PKG|Centify
11:58:00.16 (188695453)|ENTERING_MANAGED_PKG|Centify
11:58:00.16 (206311653)|ENTERING_MANAGED_PKG|Centify
11:58:00.16 (206365020)|ENTERING_MANAGED_PKG|Centify
11:58:00.16 (206464768)|ENTERING_MANAGED_PKG|Centify
11:58:00.16 (206495171)|ENTERING_MANAGED_PKG|Centify
11:58:00.16 (214023757)|ENTERING_MANAGED_PKG|Centify
11:58:00.16 (214310406)|ENTERING_MANAGED_PKG|Centify
11:58:00.16 (214960650)|ENTERING_MANAGED_PKG|Centify
11:58:00.16 (215708711)|ENTERING_MANAGED_PKG|Centify
11:58:00.16 (215762734)|ENTERING_MANAGED_PKG|Centify
11:58:00.16 (215875025)|ENTERING_MANAGED_PKG|Centify
11:58:00.16 (215920040)|ENTERING_MANAGED_PKG|Centify
11:58:00.16 (216040422)|ENTERING_MANAGED_PKG|Centify
11:58:00.16 (216203910)|ENTERING_MANAGED_PKG|Centify
11:58:00.16 (216339047)|ENTERING_MANAGED_PKG|Centify
11:58:00.16 (216470205)|ENTERING_MANAGED_PKG|Centify
11:58:00.16 (216600493)|ENTERING_MANAGED_PKG|Centify
11:58:00.16 (216730380)|ENTERING_MANAGED_PKG|Centify
11:58:00.16 (216859657)|ENTERING_MANAGED_PKG|Centify
11:58:00.16 (216997579)|ENTERING_MANAGED_PKG|Centify
11:58:00.16 (217126935)|ENTERING_MANAGED_PKG|Centify
11:58:00.16 (217256755)|ENTERING_MANAGED_PKG|Centify
11:58:00.16 (217386119)|ENTERING_MANAGED_PKG|Centify
11:58:00.16 (217516847)|ENTERING_MANAGED_PKG|Centify
11:58:00.16 (217648625)|ENTERING_MANAGED_PKG|Centify
11:58:00.16 (217779087)|ENTERING_MANAGED_PKG|Centify
11:58:00.16 (217918556)|ENTERING_MANAGED_PKG|Centify
11:58:00.16 (218050999)|ENTERING_MANAGED_PKG|Centify
11:58:00.16 (218270243)|ENTERING_MANAGED_PKG|Centify
11:58:00.16 (218469775)|ENTERING_MANAGED_PKG|Centify
11:58:00.16 (218850844)|ENTERING_MANAGED_PKG|Centify
11:58:00.16 (219148589)|ENTERING_MANAGED_PKG|Centify
11:58:00.16 (219451304)|ENTERING_MANAGED_PKG|Centify
11:58:00.16 (219709558)|ENTERING_MANAGED_PKG|Centify
11:58:00.16 (220053103)|ENTERING_MANAGED_PKG|Centify
11:58:00.16 (220331825)|ENTERING_MANAGED_PKG|Centify
11:58:00.16 (220596437)|ENTERING_MANAGED_PKG|Centify
11:58:00.16 (220836598)|ENTERING_MANAGED_PKG|Centify
11:58:00.16 (221123859)|ENTERING_MANAGED_PKG|Centify
11:58:00.16 (221368351)|ENTERING_MANAGED_PKG|Centify
11:58:00.16 (221596140)|ENTERING_MANAGED_PKG|Centify
11:58:00.16 (221824845)|ENTERING_MANAGED_PKG|Centify
11:58:00.16 (222067118)|ENTERING_MANAGED_PKG|Centify
11:58:00.16 (222340836)|ENTERING_MANAGED_PKG|Centify
11:58:00.16 (222611334)|ENTERING_MANAGED_PKG|Centify
11:58:00.16 (222923655)|ENTERING_MANAGED_PKG|Centify
11:58:00.16 (223275913)|ENTERING_MANAGED_PKG|Centify
11:58:00.16 (223601420)|ENTERING_MANAGED_PKG|Centify
11:58:00.16 (223871012)|ENTERING_MANAGED_PKG|Centify
11:58:00.16 (224186006)|ENTERING_MANAGED_PKG|Centify
11:58:00.16 (224482658)|ENTERING_MANAGED_PKG|Centify
11:58:00.16 (224777327)|ENTERING_MANAGED_PKG|Centify
11:58:00.16 (225114840)|ENTERING_MANAGED_PKG|Centify
11:58:00.16 (225414144)|ENTERING_MANAGED_PKG|Centify
11:58:00.16 (225725799)|ENTERING_MANAGED_PKG|Centify
11:58:00.16 (226043302)|ENTERING_MANAGED_PKG|Centify
11:58:00.16 (226348759)|ENTERING_MANAGED_PKG|Centify
11:58:00.16 (226647477)|ENTERING_MANAGED_PKG|Centify
11:58:00.16 (226964266)|ENTERING_MANAGED_PKG|Centify
11:58:00.16 (227273897)|ENTERING_MANAGED_PKG|Centify
11:58:00.16 (227564628)|ENTERING_MANAGED_PKG|Centify
11:58:00.16 (227891735)|ENTERING_MANAGED_PKG|Centify
11:58:00.16 (228211570)|ENTERING_MANAGED_PKG|Centify
11:58:00.16 (228424357)|ENTERING_MANAGED_PKG|Centify
11:58:00.16 (228648773)|ENTERING_MANAGED_PKG|Centify
11:58:00.16 (228909394)|ENTERING_MANAGED_PKG|Centify
11:58:00.16 (229304171)|ENTERING_MANAGED_PKG|Centify
11:58:00.16 (229365159)|ENTERING_MANAGED_PKG|Centify
11:58:00.16 (229532148)|ENTERING_MANAGED_PKG|Centify
11:58:00.16 (229605394)|ENTERING_MANAGED_PKG|Centify
11:58:00.16 (229671027)|ENTERING_MANAGED_PKG|Centify
11:58:00.16 (229729278)|ENTERING_MANAGED_PKG|Centify
11:58:00.16 (229775482)|ENTERING_MANAGED_PKG|Centify
11:58:00.16 (230259771)|ENTERING_MANAGED_PKG|Centify
11:58:00.16 (230294323)|ENTERING_MANAGED_PKG|Centify
11:58:00.16 (230316089)|ENTERING_MANAGED_PKG|Centify
11:58:00.16 (230439746)|ENTERING_MANAGED_PKG|Centify
11:58:00.16 (230592153)|ENTERING_MANAGED_PKG|Centify
11:58:00.16 (230618121)|ENTERING_MANAGED_PKG|Centify
11:58:00.16 (230645583)|ENTERING_MANAGED_PKG|Centify
11:58:00.16 (230659267)|ENTERING_MANAGED_PKG|Centify
11:58:00.16 (231063789)|ENTERING_MANAGED_PKG|Centify
11:58:00.16 (231091624)|ENTERING_MANAGED_PKG|Centify
11:58:00.16 (231104867)|ENTERING_MANAGED_PKG|Centify
11:58:00.16 (231193440)|ENTERING_MANAGED_PKG|Centify
11:58:00.16 (231394392)|ENTERING_MANAGED_PKG|Centify
11:58:00.16 (231439298)|ENTERING_MANAGED_PKG|Centify
11:58:00.16 (231482975)|ENTERING_MANAGED_PKG|Centify
11:58:00.16 (231505496)|ENTERING_MANAGED_PKG|Centify
11:58:00.16 (232182864)|ENTERING_MANAGED_PKG|Centify
11:58:00.16 (232213182)|ENTERING_MANAGED_PKG|Centify
11:58:00.16 (232226525)|ENTERING_MANAGED_PKG|Centify
11:58:00.16 (232328236)|ENTERING_MANAGED_PKG|Centify
11:58:00.16 (232475764)|ENTERING_MANAGED_PKG|Centify
11:58:00.16 (232503660)|ENTERING_MANAGED_PKG|Centify
11:58:00.16 (232550045)|ENTERING_MANAGED_PKG|Centify
11:58:00.16 (232576085)|ENTERING_MANAGED_PKG|Centify
11:58:00.16 (233653625)|ENTERING_MANAGED_PKG|Centify
11:58:00.16 (233701787)|ENTERING_MANAGED_PKG|Centify
11:58:00.16 (233725327)|ENTERING_MANAGED_PKG|Centify
11:58:00.16 (233883745)|ENTERING_MANAGED_PKG|Centify
11:58:00.16 (234123366)|ENTERING_MANAGED_PKG|Centify
11:58:00.16 (234164862)|ENTERING_MANAGED_PKG|Centify
11:58:00.16 (234210436)|ENTERING_MANAGED_PKG|Centify
11:58:00.16 (234236585)|ENTERING_MANAGED_PKG|Centify
11:58:00.16 (235472226)|ENTERING_MANAGED_PKG|Centify
11:58:00.16 (235523293)|ENTERING_MANAGED_PKG|Centify
11:58:00.16 (235546716)|ENTERING_MANAGED_PKG|Centify
11:58:00.16 (235696998)|ENTERING_MANAGED_PKG|Centify
11:58:00.16 (235934375)|ENTERING_MANAGED_PKG|Centify
11:58:00.16 (236144386)|ENTERING_MANAGED_PKG|Centify
11:58:00.16 (236345587)|ENTERING_MANAGED_PKG|Centify
11:58:00.16 (236588988)|ENTERING_MANAGED_PKG|Centify
11:58:00.16 (236627119)|ENTERING_MANAGED_PKG|Centify
11:58:00.16 (236676424)|ENTERING_MANAGED_PKG|Centify
11:58:00.16 (236703580)|ENTERING_MANAGED_PKG|Centify
11:58:00.16 (238022800)|ENTERING_MANAGED_PKG|Centify
11:58:00.16 (238066240)|ENTERING_MANAGED_PKG|Centify
11:58:00.16 (238085601)|ENTERING_MANAGED_PKG|Centify
11:58:00.16 (238186190)|ENTERING_MANAGED_PKG|Centify
11:58:00.16 (238340940)|ENTERING_MANAGED_PKG|Centify
11:58:00.16 (238366893)|ENTERING_MANAGED_PKG|Centify
11:58:00.16 (238393563)|ENTERING_MANAGED_PKG|Centify
11:58:00.16 (238407766)|ENTERING_MANAGED_PKG|Centify
11:58:00.16 (239453672)|ENTERING_MANAGED_PKG|Centify
11:58:00.16 (239489974)|ENTERING_MANAGED_PKG|Centify
11:58:00.16 (239513389)|ENTERING_MANAGED_PKG|Centify
11:58:00.16 (239615119)|ENTERING_MANAGED_PKG|Centify
11:58:00.16 (239787472)|ENTERING_MANAGED_PKG|Centify
11:58:00.16 (239814284)|ENTERING_MANAGED_PKG|Centify
11:58:00.16 (239840977)|ENTERING_MANAGED_PKG|Centify
11:58:00.16 (239854722)|ENTERING_MANAGED_PKG|Centify
11:58:00.16 (240953827)|ENTERING_MANAGED_PKG|Centify
11:58:00.16 (240982765)|ENTERING_MANAGED_PKG|Centify
11:58:00.16 (240996008)|ENTERING_MANAGED_PKG|Centify
11:58:00.16 (241084677)|ENTERING_MANAGED_PKG|Centify
11:58:00.16 (241229994)|ENTERING_MANAGED_PKG|Centify
11:58:00.16 (241254912)|ENTERING_MANAGED_PKG|Centify
11:58:00.16 (241280850)|ENTERING_MANAGED_PKG|Centify
11:58:00.16 (241294207)|ENTERING_MANAGED_PKG|Centify
11:58:00.16 (242444804)|ENTERING_MANAGED_PKG|Centify
11:58:00.16 (242471989)|ENTERING_MANAGED_PKG|Centify
11:58:00.16 (242485495)|ENTERING_MANAGED_PKG|Centify
11:58:00.16 (242573241)|ENTERING_MANAGED_PKG|Centify
11:58:00.16 (242716523)|ENTERING_MANAGED_PKG|Centify
11:58:00.16 (242741313)|ENTERING_MANAGED_PKG|Centify
11:58:00.16 (242766991)|ENTERING_MANAGED_PKG|Centify
11:58:00.16 (242780198)|ENTERING_MANAGED_PKG|Centify
11:58:00.16 (244060487)|ENTERING_MANAGED_PKG|Centify
11:58:00.16 (244088506)|ENTERING_MANAGED_PKG|Centify
11:58:00.16 (244101432)|ENTERING_MANAGED_PKG|Centify
11:58:00.16 (244188928)|ENTERING_MANAGED_PKG|Centify
11:58:00.16 (244331870)|ENTERING_MANAGED_PKG|Centify
11:58:00.16 (244356375)|ENTERING_MANAGED_PKG|Centify
11:58:00.16 (244382125)|ENTERING_MANAGED_PKG|Centify
11:58:00.16 (244395449)|ENTERING_MANAGED_PKG|Centify
11:58:00.16 (245775782)|ENTERING_MANAGED_PKG|Centify
11:58:00.16 (245802952)|ENTERING_MANAGED_PKG|Centify
11:58:00.16 (245816037)|ENTERING_MANAGED_PKG|Centify
11:58:00.16 (245907053)|ENTERING_MANAGED_PKG|Centify
11:58:00.16 (246051052)|ENTERING_MANAGED_PKG|Centify
11:58:00.16 (246076415)|ENTERING_MANAGED_PKG|Centify
11:58:00.16 (246101983)|ENTERING_MANAGED_PKG|Centify
11:58:00.16 (246115020)|ENTERING_MANAGED_PKG|Centify
11:58:00.16 (247614986)|ENTERING_MANAGED_PKG|Centify
11:58:00.16 (247643787)|ENTERING_MANAGED_PKG|Centify
11:58:00.16 (247657113)|ENTERING_MANAGED_PKG|Centify
11:58:00.16 (247744300)|ENTERING_MANAGED_PKG|Centify
11:58:00.16 (247892843)|ENTERING_MANAGED_PKG|Centify
11:58:00.16 (247917717)|ENTERING_MANAGED_PKG|Centify
11:58:00.16 (247943084)|ENTERING_MANAGED_PKG|Centify
11:58:00.16 (247956444)|ENTERING_MANAGED_PKG|Centify
11:58:00.16 (249581444)|ENTERING_MANAGED_PKG|Centify
11:58:00.16 (249610879)|ENTERING_MANAGED_PKG|Centify
11:58:00.16 (249624433)|ENTERING_MANAGED_PKG|Centify
11:58:00.16 (249712074)|ENTERING_MANAGED_PKG|Centify
11:58:00.16 (249857671)|ENTERING_MANAGED_PKG|Centify
11:58:00.16 (249887693)|ENTERING_MANAGED_PKG|Centify
11:58:00.16 (249915292)|ENTERING_MANAGED_PKG|Centify
11:58:00.16 (249929034)|ENTERING_MANAGED_PKG|Centify
11:58:00.16 (251815185)|ENTERING_MANAGED_PKG|Centify
11:58:00.16 (251846450)|ENTERING_MANAGED_PKG|Centify
11:58:00.16 (251860314)|ENTERING_MANAGED_PKG|Centify
11:58:00.16 (251956297)|ENTERING_MANAGED_PKG|Centify
11:58:00.16 (252102891)|ENTERING_MANAGED_PKG|Centify
11:58:00.16 (252129402)|ENTERING_MANAGED_PKG|Centify
11:58:00.16 (252156400)|ENTERING_MANAGED_PKG|Centify
11:58:00.16 (252169661)|ENTERING_MANAGED_PKG|Centify
11:58:00.16 (254035563)|ENTERING_MANAGED_PKG|Centify
11:58:00.16 (254065236)|ENTERING_MANAGED_PKG|Centify
11:58:00.16 (254078422)|ENTERING_MANAGED_PKG|Centify
11:58:00.16 (254162461)|ENTERING_MANAGED_PKG|Centify
11:58:00.16 (254205504)|ENTERING_MANAGED_PKG|Centify
11:58:00.16 (254241731)|ENTERING_MANAGED_PKG|Centify
11:58:00.16 (254267185)|ENTERING_MANAGED_PKG|Centify
11:58:00.16 (254504365)|ENTERING_MANAGED_PKG|Centify
11:58:00.16 (254535843)|ENTERING_MANAGED_PKG|Centify
11:58:00.16 (256732000)|ENTERING_MANAGED_PKG|Centify
11:58:00.16 (256765646)|ENTERING_MANAGED_PKG|Centify
11:58:00.16 (256791212)|ENTERING_MANAGED_PKG|Centify
11:58:00.16 (256844764)|ENTERING_MANAGED_PKG|Centify
11:58:00.16 (256988282)|ENTERING_MANAGED_PKG|Centify
11:58:00.16 (257062973)|ENTERING_MANAGED_PKG|Centify
11:58:00.16 (277490230)|ENTERING_MANAGED_PKG|Centify
11:58:00.16 (277547411)|ENTERING_MANAGED_PKG|Centify
11:58:00.16 (277650689)|ENTERING_MANAGED_PKG|Centify
11:58:00.16 (277689024)|ENTERING_MANAGED_PKG|Centify
11:58:00.16 (286829485)|ENTERING_MANAGED_PKG|Centify
11:58:00.16 (287147964)|ENTERING_MANAGED_PKG|Centify
11:58:00.16 (288122603)|ENTERING_MANAGED_PKG|Centify
11:58:00.16 (288961013)|ENTERING_MANAGED_PKG|Centify
11:58:00.16 (289017580)|ENTERING_MANAGED_PKG|Centify
11:58:00.16 (289136083)|ENTERING_MANAGED_PKG|Centify
11:58:00.16 (289186730)|ENTERING_MANAGED_PKG|Centify
11:58:00.16 (289317983)|ENTERING_MANAGED_PKG|Centify
11:58:00.16 (289500689)|ENTERING_MANAGED_PKG|Centify
11:58:00.16 (289660043)|ENTERING_MANAGED_PKG|Centify
11:58:00.16 (289813632)|ENTERING_MANAGED_PKG|Centify
11:58:00.16 (289975783)|ENTERING_MANAGED_PKG|Centify
11:58:00.16 (290133178)|ENTERING_MANAGED_PKG|Centify
11:58:00.16 (290282887)|ENTERING_MANAGED_PKG|Centify
11:58:00.16 (290434335)|ENTERING_MANAGED_PKG|Centify
11:58:00.16 (290590332)|ENTERING_MANAGED_PKG|Centify
11:58:00.16 (290742293)|ENTERING_MANAGED_PKG|Centify
11:58:00.16 (290901751)|ENTERING_MANAGED_PKG|Centify
11:58:00.16 (291063474)|ENTERING_MANAGED_PKG|Centify
11:58:00.16 (291219441)|ENTERING_MANAGED_PKG|Centify
11:58:00.16 (291374858)|ENTERING_MANAGED_PKG|Centify
11:58:00.16 (291512613)|ENTERING_MANAGED_PKG|Centify
11:58:00.16 (291657914)|ENTERING_MANAGED_PKG|Centify
11:58:00.16 (291819074)|ENTERING_MANAGED_PKG|Centify
11:58:00.16 (292003101)|ENTERING_MANAGED_PKG|Centify
11:58:00.16 (292160639)|ENTERING_MANAGED_PKG|Centify
11:58:00.16 (292315282)|ENTERING_MANAGED_PKG|Centify
11:58:00.16 (292469973)|ENTERING_MANAGED_PKG|Centify
11:58:00.16 (292620569)|ENTERING_MANAGED_PKG|Centify
11:58:00.16 (292773682)|ENTERING_MANAGED_PKG|Centify
11:58:00.16 (292928442)|ENTERING_MANAGED_PKG|Centify
11:58:00.16 (293083252)|ENTERING_MANAGED_PKG|Centify
11:58:00.16 (293237662)|ENTERING_MANAGED_PKG|Centify
11:58:00.16 (293392832)|ENTERING_MANAGED_PKG|Centify
11:58:00.16 (293546663)|ENTERING_MANAGED_PKG|Centify
11:58:00.16 (293702755)|ENTERING_MANAGED_PKG|Centify
11:58:00.16 (293852447)|ENTERING_MANAGED_PKG|Centify
11:58:00.16 (293900430)|ENTERING_MANAGED_PKG|Centify
11:58:00.16 (293949157)|ENTERING_MANAGED_PKG|Centify
11:58:00.16 (293992830)|ENTERING_MANAGED_PKG|Centify
11:58:00.16 (294054091)|ENTERING_MANAGED_PKG|Centify
11:58:00.16 (294112938)|ENTERING_MANAGED_PKG|Centify
11:58:00.16 (296345831)|ENTERING_MANAGED_PKG|Centify
11:58:00.16 (296384413)|ENTERING_MANAGED_PKG|Centify
11:58:00.16 (296416139)|ENTERING_MANAGED_PKG|Centify
11:58:00.16 (296476966)|ENTERING_MANAGED_PKG|Centify
11:58:00.16 (296616944)|ENTERING_MANAGED_PKG|Centify
11:58:00.16 (296705310)|ENTERING_MANAGED_PKG|Centify
11:58:00.16 (314155493)|ENTERING_MANAGED_PKG|Centify
11:58:00.16 (314210438)|ENTERING_MANAGED_PKG|Centify
11:58:00.16 (329339916)|ENTERING_MANAGED_PKG|Centify
11:58:00.16 (329431805)|ENTERING_MANAGED_PKG|Centify
11:58:00.16 (344568387)|ENTERING_MANAGED_PKG|Centify
11:58:00.16 (344622664)|ENTERING_MANAGED_PKG|Centify
11:58:00.16 (359800891)|ENTERING_MANAGED_PKG|Centify
11:58:00.16 (359966375)|ENTERING_MANAGED_PKG|Centify
11:58:00.16 (360082141)|ENTERING_MANAGED_PKG|Centify
11:58:00.16 (360193327)|ENTERING_MANAGED_PKG|Centify
11:58:00.16 (360350375)|ENTERING_MANAGED_PKG|Centify
11:58:00.16 (360449000)|ENTERING_MANAGED_PKG|Centify
11:58:00.16 (360539599)|ENTERING_MANAGED_PKG|Centify
11:58:00.16 (360627587)|ENTERING_MANAGED_PKG|Centify
11:58:00.16 (360813785)|ENTERING_MANAGED_PKG|Centify
11:58:00.16 (360971084)|ENTERING_MANAGED_PKG|Centify
11:58:00.16 (361157287)|ENTERING_MANAGED_PKG|Centify
11:58:00.16 (361198314)|ENTERING_MANAGED_PKG|Centify
11:58:00.16 (361277342)|ENTERING_MANAGED_PKG|Centify
11:58:00.16 (361305964)|ENTERING_MANAGED_PKG|Centify
11:58:00.16 (368780643)|ENTERING_MANAGED_PKG|Centify
11:58:00.16 (369042621)|ENTERING_MANAGED_PKG|Centify
11:58:00.16 (369862248)|ENTERING_MANAGED_PKG|Centify
11:58:00.16 (370595289)|ENTERING_MANAGED_PKG|Centify
11:58:00.16 (370645755)|ENTERING_MANAGED_PKG|Centify
11:58:00.16 (370747923)|ENTERING_MANAGED_PKG|Centify
11:58:00.16 (370792458)|ENTERING_MANAGED_PKG|Centify
11:58:00.16 (370915570)|ENTERING_MANAGED_PKG|Centify
11:58:00.16 (371079638)|ENTERING_MANAGED_PKG|Centify
11:58:00.16 (371252642)|ENTERING_MANAGED_PKG|Centify
11:58:00.16 (371394275)|ENTERING_MANAGED_PKG|Centify
11:58:00.16 (371529216)|ENTERING_MANAGED_PKG|Centify
11:58:00.16 (371662259)|ENTERING_MANAGED_PKG|Centify
11:58:00.16 (371792733)|ENTERING_MANAGED_PKG|Centify
11:58:00.16 (371930932)|ENTERING_MANAGED_PKG|Centify
11:58:00.16 (372062939)|ENTERING_MANAGED_PKG|Centify
11:58:00.16 (372194005)|ENTERING_MANAGED_PKG|Centify
11:58:00.16 (372326575)|ENTERING_MANAGED_PKG|Centify
11:58:00.16 (372458987)|ENTERING_MANAGED_PKG|Centify
11:58:00.16 (372590986)|ENTERING_MANAGED_PKG|Centify
11:58:00.16 (372722217)|ENTERING_MANAGED_PKG|Centify
11:58:00.16 (372861479)|ENTERING_MANAGED_PKG|Centify
11:58:00.16 (372997593)|ENTERING_MANAGED_PKG|Centify
11:58:00.16 (373130573)|ENTERING_MANAGED_PKG|Centify
11:58:00.16 (373272027)|ENTERING_MANAGED_PKG|Centify
11:58:00.16 (373405524)|ENTERING_MANAGED_PKG|Centify
11:58:00.16 (373537108)|ENTERING_MANAGED_PKG|Centify
11:58:00.16 (373668243)|ENTERING_MANAGED_PKG|Centify
11:58:00.16 (373800299)|ENTERING_MANAGED_PKG|Centify
11:58:00.16 (373940102)|ENTERING_MANAGED_PKG|Centify
11:58:00.16 (374071379)|ENTERING_MANAGED_PKG|Centify
11:58:00.16 (374203427)|ENTERING_MANAGED_PKG|Centify
11:58:00.16 (374334980)|ENTERING_MANAGED_PKG|Centify
11:58:00.16 (374467141)|ENTERING_MANAGED_PKG|Centify
11:58:00.16 (374597318)|ENTERING_MANAGED_PKG|Centify
11:58:00.16 (374729440)|ENTERING_MANAGED_PKG|Centify
11:58:00.16 (374863773)|ENTERING_MANAGED_PKG|Centify
11:58:00.16 (375000672)|ENTERING_MANAGED_PKG|Centify
11:58:00.16 (375136266)|ENTERING_MANAGED_PKG|Centify
11:58:00.16 (375177299)|ENTERING_MANAGED_PKG|Centify
11:58:00.16 (375214751)|ENTERING_MANAGED_PKG|Centify
11:58:00.16 (375241896)|ENTERING_MANAGED_PKG|Centify
11:58:00.16 (375292989)|ENTERING_MANAGED_PKG|Centify
11:58:00.16 (375340986)|ENTERING_MANAGED_PKG|Centify
11:58:00.16 (377261624)|ENTERING_MANAGED_PKG|Centify
11:58:00.16 (377294407)|ENTERING_MANAGED_PKG|Centify
11:58:00.16 (377320823)|ENTERING_MANAGED_PKG|Centify
11:58:00.16 (377374222)|ENTERING_MANAGED_PKG|Centify
11:58:00.16 (377495354)|ENTERING_MANAGED_PKG|Centify
11:58:00.16 (377571005)|ENTERING_MANAGED_PKG|Centify
11:58:00.16 (398896964)|ENTERING_MANAGED_PKG|Centify
11:58:00.16 (398950932)|ENTERING_MANAGED_PKG|Centify
11:58:00.16 (414886285)|ENTERING_MANAGED_PKG|Centify
11:58:00.16 (414975958)|ENTERING_MANAGED_PKG|Centify
11:58:00.16 (472622125)|ENTERING_MANAGED_PKG|Centify
11:58:00.16 (472680150)|ENTERING_MANAGED_PKG|Centify
11:58:00.16 (489590469)|ENTERING_MANAGED_PKG|Centify
11:58:00.16 (489732607)|ENTERING_MANAGED_PKG|Centify
11:58:00.16 (489870194)|ENTERING_MANAGED_PKG|Centify
11:58:00.16 (489977990)|ENTERING_MANAGED_PKG|Centify
11:58:00.16 (490119652)|ENTERING_MANAGED_PKG|Centify
11:58:00.16 (490226861)|ENTERING_MANAGED_PKG|Centify
11:58:00.16 (490330973)|ENTERING_MANAGED_PKG|Centify
11:58:00.16 (490430616)|ENTERING_MANAGED_PKG|Centify
11:58:00.16 (490602756)|ENTERING_MANAGED_PKG|Centify
11:58:00.16 (490755187)|ENTERING_MANAGED_PKG|Centify
11:58:00.16 (490931577)|ENTERING_MANAGED_PKG|Centify
11:58:00.16 (490977226)|ENTERING_MANAGED_PKG|Centify
11:58:00.16 (491067449)|ENTERING_MANAGED_PKG|Centify
11:58:00.16 (491102532)|ENTERING_MANAGED_PKG|Centify
11:58:00.16 (500497582)|ENTERING_MANAGED_PKG|Centify
11:58:00.16 (500810610)|ENTERING_MANAGED_PKG|Centify
11:58:00.16 (501362957)|ENTERING_MANAGED_PKG|Centify
11:58:00.16 (502128423)|ENTERING_MANAGED_PKG|Centify
11:58:00.16 (502191690)|ENTERING_MANAGED_PKG|Centify
11:58:00.16 (502317056)|ENTERING_MANAGED_PKG|Centify
11:58:00.16 (502371529)|ENTERING_MANAGED_PKG|Centify
11:58:00.16 (502513374)|ENTERING_MANAGED_PKG|Centify
11:58:00.16 (502704546)|ENTERING_MANAGED_PKG|Centify
11:58:00.16 (502874167)|ENTERING_MANAGED_PKG|Centify
11:58:00.16 (503038814)|ENTERING_MANAGED_PKG|Centify
11:58:00.16 (503223260)|ENTERING_MANAGED_PKG|Centify
11:58:00.16 (503381396)|ENTERING_MANAGED_PKG|Centify
11:58:00.16 (503539432)|ENTERING_MANAGED_PKG|Centify
11:58:00.16 (503697632)|ENTERING_MANAGED_PKG|Centify
11:58:00.16 (503861727)|ENTERING_MANAGED_PKG|Centify
11:58:00.16 (504019229)|ENTERING_MANAGED_PKG|Centify
11:58:00.16 (504174595)|ENTERING_MANAGED_PKG|Centify
11:58:00.16 (504365935)|ENTERING_MANAGED_PKG|Centify
11:58:00.16 (504544639)|ENTERING_MANAGED_PKG|Centify
11:58:00.16 (504723390)|ENTERING_MANAGED_PKG|Centify
11:58:00.16 (504912270)|ENTERING_MANAGED_PKG|Centify
11:58:00.16 (505096945)|ENTERING_MANAGED_PKG|Centify
11:58:00.16 (505275938)|ENTERING_MANAGED_PKG|Centify
11:58:00.16 (505429192)|ENTERING_MANAGED_PKG|Centify
11:58:00.16 (505584376)|ENTERING_MANAGED_PKG|Centify
11:58:00.16 (505740434)|ENTERING_MANAGED_PKG|Centify
11:58:00.16 (505909933)|ENTERING_MANAGED_PKG|Centify
11:58:00.16 (506064529)|ENTERING_MANAGED_PKG|Centify
11:58:00.16 (506217571)|ENTERING_MANAGED_PKG|Centify
11:58:00.16 (506370286)|ENTERING_MANAGED_PKG|Centify
11:58:00.16 (506525999)|ENTERING_MANAGED_PKG|Centify
11:58:00.16 (506698474)|ENTERING_MANAGED_PKG|Centify
11:58:00.16 (506869076)|ENTERING_MANAGED_PKG|Centify
11:58:00.16 (507025938)|ENTERING_MANAGED_PKG|Centify
11:58:00.16 (507181830)|ENTERING_MANAGED_PKG|Centify
11:58:00.16 (507360604)|ENTERING_MANAGED_PKG|Centify
11:58:00.16 (507503513)|ENTERING_MANAGED_PKG|Centify
11:58:00.16 (507665978)|ENTERING_MANAGED_PKG|Centify
11:58:00.16 (507826825)|ENTERING_MANAGED_PKG|Centify
11:58:00.16 (508016510)|ENTERING_MANAGED_PKG|Centify
11:58:00.16 (508178760)|ENTERING_MANAGED_PKG|Centify
11:58:00.16 (508332564)|ENTERING_MANAGED_PKG|Centify
11:58:00.16 (508485379)|ENTERING_MANAGED_PKG|Centify
11:58:00.16 (508642150)|ENTERING_MANAGED_PKG|Centify
11:58:00.16 (508800189)|ENTERING_MANAGED_PKG|Centify
11:58:00.16 (508966294)|ENTERING_MANAGED_PKG|Centify
11:58:00.16 (509122733)|ENTERING_MANAGED_PKG|Centify
11:58:00.16 (509281082)|ENTERING_MANAGED_PKG|Centify
11:58:00.16 (509454263)|ENTERING_MANAGED_PKG|Centify
11:58:00.16 (509554743)|ENTERING_MANAGED_PKG|Centify
11:58:00.16 (509612007)|ENTERING_MANAGED_PKG|Centify
11:58:00.16 (509644282)|ENTERING_MANAGED_PKG|Centify
11:58:00.16 (509679841)|ENTERING_MANAGED_PKG|Centify
11:58:00.16 (509695008)|ENTERING_MANAGED_PKG|Centify
11:58:00.16 (510068900)|ENTERING_MANAGED_PKG|Centify
11:58:00.16 (510104186)|ENTERING_MANAGED_PKG|Centify
11:58:00.16 (510119820)|ENTERING_MANAGED_PKG|Centify
11:58:00.16 (510226598)|ENTERING_MANAGED_PKG|Centify
11:58:00.16 (510398288)|ENTERING_MANAGED_PKG|Centify
11:58:00.16 (510425069)|ENTERING_MANAGED_PKG|Centify
11:58:00.16 (510456866)|ENTERING_MANAGED_PKG|Centify
11:58:00.16 (510471733)|ENTERING_MANAGED_PKG|Centify
11:58:00.16 (510957436)|ENTERING_MANAGED_PKG|Centify
11:58:00.16 (510989209)|ENTERING_MANAGED_PKG|Centify
11:58:00.16 (511002712)|ENTERING_MANAGED_PKG|Centify
11:58:00.16 (511107135)|ENTERING_MANAGED_PKG|Centify
11:58:00.16 (511276469)|ENTERING_MANAGED_PKG|Centify
11:58:00.16 (511307789)|ENTERING_MANAGED_PKG|Centify
11:58:00.16 (511336235)|ENTERING_MANAGED_PKG|Centify
11:58:00.16 (511350080)|ENTERING_MANAGED_PKG|Centify
11:58:00.16 (511970473)|ENTERING_MANAGED_PKG|Centify
11:58:00.16 (512003156)|ENTERING_MANAGED_PKG|Centify
11:58:00.16 (512018200)|ENTERING_MANAGED_PKG|Centify
11:58:00.16 (512151024)|ENTERING_MANAGED_PKG|Centify
11:58:00.16 (512328094)|ENTERING_MANAGED_PKG|Centify
11:58:00.16 (512355397)|ENTERING_MANAGED_PKG|Centify
11:58:00.16 (512388038)|ENTERING_MANAGED_PKG|Centify
11:58:00.16 (512402473)|ENTERING_MANAGED_PKG|Centify
11:58:00.16 (513159806)|ENTERING_MANAGED_PKG|Centify
11:58:00.16 (513193954)|ENTERING_MANAGED_PKG|Centify
11:58:00.16 (513207604)|ENTERING_MANAGED_PKG|Centify
11:58:00.16 (513314526)|ENTERING_MANAGED_PKG|Centify
11:58:00.16 (513482224)|ENTERING_MANAGED_PKG|Centify
11:58:00.16 (513510804)|ENTERING_MANAGED_PKG|Centify
11:58:00.16 (513541210)|ENTERING_MANAGED_PKG|Centify
11:58:00.16 (513554803)|ENTERING_MANAGED_PKG|Centify
11:58:00.16 (514455751)|ENTERING_MANAGED_PKG|Centify
11:58:00.16 (514484443)|ENTERING_MANAGED_PKG|Centify
11:58:00.16 (514502708)|ENTERING_MANAGED_PKG|Centify
11:58:00.16 (514600942)|ENTERING_MANAGED_PKG|Centify
11:58:00.16 (514768922)|ENTERING_MANAGED_PKG|Centify
11:58:00.16 (514801026)|ENTERING_MANAGED_PKG|Centify
11:58:00.16 (514829105)|ENTERING_MANAGED_PKG|Centify
11:58:00.16 (514852450)|ENTERING_MANAGED_PKG|Centify
11:58:00.16 (515895141)|ENTERING_MANAGED_PKG|Centify
11:58:00.16 (515927144)|ENTERING_MANAGED_PKG|Centify
11:58:00.16 (515943981)|ENTERING_MANAGED_PKG|Centify
11:58:00.16 (516046168)|ENTERING_MANAGED_PKG|Centify
11:58:00.16 (516212253)|ENTERING_MANAGED_PKG|Centify
11:58:00.16 (516370397)|ENTERING_MANAGED_PKG|Centify
11:58:00.16 (516532722)|ENTERING_MANAGED_PKG|Centify
11:58:00.16 (516707466)|ENTERING_MANAGED_PKG|Centify
11:58:00.16 (516874651)|ENTERING_MANAGED_PKG|Centify
11:58:00.16 (517048453)|ENTERING_MANAGED_PKG|Centify
11:58:00.16 (517231497)|ENTERING_MANAGED_PKG|Centify
11:58:00.16 (517411291)|ENTERING_MANAGED_PKG|Centify
11:58:00.16 (517573242)|ENTERING_MANAGED_PKG|Centify
11:58:00.16 (517730187)|ENTERING_MANAGED_PKG|Centify
11:58:00.16 (517895380)|ENTERING_MANAGED_PKG|Centify
11:58:00.16 (518056290)|ENTERING_MANAGED_PKG|Centify
11:58:00.16 (518217090)|ENTERING_MANAGED_PKG|Centify
11:58:00.16 (518377621)|ENTERING_MANAGED_PKG|Centify
11:58:00.16 (518429756)|ENTERING_MANAGED_PKG|Centify
11:58:00.16 (518473990)|ENTERING_MANAGED_PKG|Centify
11:58:00.16 (518506000)|ENTERING_MANAGED_PKG|Centify
11:58:00.16 (518705824)|ENTERING_MANAGED_PKG|Centify
11:58:00.16 (518743790)|ENTERING_MANAGED_PKG|Centify
11:58:00.16 (521297217)|ENTERING_MANAGED_PKG|Centify
11:58:00.16 (521339814)|ENTERING_MANAGED_PKG|Centify
11:58:00.16 (521371401)|ENTERING_MANAGED_PKG|Centify
11:58:00.16 (521476183)|ENTERING_MANAGED_PKG|Centify
11:58:00.16 (521513012)|ENTERING_MANAGED_PKG|Centify
11:58:00.16 (521604441)|ENTERING_MANAGED_PKG|Centify
11:58:00.16 (521634993)|ENTERING_MANAGED_PKG|Centify
11:58:00.16 (530682037)|ENTERING_MANAGED_PKG|Centify
11:58:00.16 (531018584)|ENTERING_MANAGED_PKG|Centify
11:58:00.16 (531566796)|ENTERING_MANAGED_PKG|Centify
11:58:00.16 (532205235)|ENTERING_MANAGED_PKG|Centify
11:58:00.16 (532259776)|ENTERING_MANAGED_PKG|Centify
11:58:00.16 (532374686)|ENTERING_MANAGED_PKG|Centify
11:58:00.16 (532426325)|ENTERING_MANAGED_PKG|Centify
11:58:00.16 (532566221)|ENTERING_MANAGED_PKG|Centify
11:58:00.16 (532749965)|ENTERING_MANAGED_PKG|Centify
11:58:00.16 (532918637)|ENTERING_MANAGED_PKG|Centify
11:58:00.16 (533079964)|ENTERING_MANAGED_PKG|Centify
11:58:00.16 (533241740)|ENTERING_MANAGED_PKG|Centify
11:58:00.16 (533401948)|ENTERING_MANAGED_PKG|Centify
11:58:00.16 (533556217)|ENTERING_MANAGED_PKG|Centify
11:58:00.16 (533711898)|ENTERING_MANAGED_PKG|Centify
11:58:00.16 (533873211)|ENTERING_MANAGED_PKG|Centify
11:58:00.16 (534032751)|ENTERING_MANAGED_PKG|Centify
11:58:00.16 (534174788)|ENTERING_MANAGED_PKG|Centify
11:58:00.16 (534326944)|ENTERING_MANAGED_PKG|Centify
11:58:00.16 (534488344)|ENTERING_MANAGED_PKG|Centify
11:58:00.16 (534644287)|ENTERING_MANAGED_PKG|Centify
11:58:00.16 (534799967)|ENTERING_MANAGED_PKG|Centify
11:58:00.16 (534962420)|ENTERING_MANAGED_PKG|Centify
11:58:00.16 (535122427)|ENTERING_MANAGED_PKG|Centify
11:58:00.16 (535277667)|ENTERING_MANAGED_PKG|Centify
11:58:00.16 (535436886)|ENTERING_MANAGED_PKG|Centify
11:58:00.16 (535593962)|ENTERING_MANAGED_PKG|Centify
11:58:00.16 (535750357)|ENTERING_MANAGED_PKG|Centify
11:58:00.16 (535905176)|ENTERING_MANAGED_PKG|Centify
11:58:00.16 (535957017)|ENTERING_MANAGED_PKG|Centify
11:58:00.16 (536002565)|ENTERING_MANAGED_PKG|Centify
11:58:00.16 (536034012)|ENTERING_MANAGED_PKG|Centify
11:58:00.16 (536095340)|ENTERING_MANAGED_PKG|Centify
11:58:00.16 (536148539)|ENTERING_MANAGED_PKG|Centify
11:58:00.16 (537875598)|ENTERING_MANAGED_PKG|Centify
11:58:00.16 (537911993)|ENTERING_MANAGED_PKG|Centify
11:58:00.16 (537943457)|ENTERING_MANAGED_PKG|Centify
11:58:00.16 (538030698)|ENTERING_MANAGED_PKG|Centify
11:58:00.16 (538112216)|ENTERING_MANAGED_PKG|Centify
11:58:00.16 (538226638)|ENTERING_MANAGED_PKG|Centify
11:58:00.16 (538322356)|ENTERING_MANAGED_PKG|Centify
11:58:00.16 (538356368)|ENTERING_MANAGED_PKG|Centify
11:58:00.16 (547193307)|ENTERING_MANAGED_PKG|Centify
11:58:00.16 (547503648)|ENTERING_MANAGED_PKG|Centify
11:58:00.16 (548280112)|ENTERING_MANAGED_PKG|Centify
11:58:00.16 (549188600)|ENTERING_MANAGED_PKG|Centify
11:58:00.16 (549246973)|ENTERING_MANAGED_PKG|Centify
11:58:00.16 (549368440)|ENTERING_MANAGED_PKG|Centify
11:58:00.16 (549418923)|ENTERING_MANAGED_PKG|Centify
11:58:00.16 (549557379)|ENTERING_MANAGED_PKG|Centify
11:58:00.16 (549745638)|ENTERING_MANAGED_PKG|Centify
11:58:00.16 (549913657)|ENTERING_MANAGED_PKG|Centify
11:58:00.16 (550073857)|ENTERING_MANAGED_PKG|Centify
11:58:00.16 (550233113)|ENTERING_MANAGED_PKG|Centify
11:58:00.16 (550385170)|ENTERING_MANAGED_PKG|Centify
11:58:00.16 (550538670)|ENTERING_MANAGED_PKG|Centify
11:58:00.16 (550694909)|ENTERING_MANAGED_PKG|Centify
11:58:00.16 (550854078)|ENTERING_MANAGED_PKG|Centify
11:58:00.16 (551037501)|ENTERING_MANAGED_PKG|Centify
11:58:00.16 (551204004)|ENTERING_MANAGED_PKG|Centify
11:58:00.16 (551361691)|ENTERING_MANAGED_PKG|Centify
11:58:00.16 (551517231)|ENTERING_MANAGED_PKG|Centify
11:58:00.16 (551667735)|ENTERING_MANAGED_PKG|Centify
11:58:00.16 (551820852)|ENTERING_MANAGED_PKG|Centify
11:58:00.16 (551984608)|ENTERING_MANAGED_PKG|Centify
11:58:00.16 (552124346)|ENTERING_MANAGED_PKG|Centify
11:58:00.16 (552274206)|ENTERING_MANAGED_PKG|Centify
11:58:00.16 (552434643)|ENTERING_MANAGED_PKG|Centify
11:58:00.16 (552588648)|ENTERING_MANAGED_PKG|Centify
11:58:00.16 (552744450)|ENTERING_MANAGED_PKG|Centify
11:58:00.16 (552906466)|ENTERING_MANAGED_PKG|Centify
11:58:00.16 (553064036)|ENTERING_MANAGED_PKG|Centify
11:58:00.16 (553214956)|ENTERING_MANAGED_PKG|Centify
11:58:00.16 (553368150)|ENTERING_MANAGED_PKG|Centify
11:58:00.16 (553521599)|ENTERING_MANAGED_PKG|Centify
11:58:00.16 (553672108)|ENTERING_MANAGED_PKG|Centify
11:58:00.16 (553822293)|ENTERING_MANAGED_PKG|Centify
11:58:00.16 (553983844)|ENTERING_MANAGED_PKG|Centify
11:58:00.16 (554135979)|ENTERING_MANAGED_PKG|Centify
11:58:00.16 (554287067)|ENTERING_MANAGED_PKG|Centify
11:58:00.16 (554439367)|ENTERING_MANAGED_PKG|Centify
11:58:00.16 (554592041)|ENTERING_MANAGED_PKG|Centify
11:58:00.16 (554741301)|ENTERING_MANAGED_PKG|Centify
11:58:00.16 (554790630)|ENTERING_MANAGED_PKG|Centify
11:58:00.16 (554836546)|ENTERING_MANAGED_PKG|Centify
11:58:00.16 (554873198)|ENTERING_MANAGED_PKG|Centify
11:58:00.16 (554936751)|ENTERING_MANAGED_PKG|Centify
11:58:00.16 (554995665)|ENTERING_MANAGED_PKG|Centify
11:58:00.16 (557065328)|ENTERING_MANAGED_PKG|Centify
11:58:00.16 (557101651)|ENTERING_MANAGED_PKG|Centify
11:58:00.16 (557128727)|ENTERING_MANAGED_PKG|Centify
11:58:00.16 (557184429)|ENTERING_MANAGED_PKG|Centify
11:58:00.16 (557319719)|ENTERING_MANAGED_PKG|Centify
11:58:00.16 (557399995)|ENTERING_MANAGED_PKG|Centify
11:58:00.16 (574042487)|ENTERING_MANAGED_PKG|Centify
11:58:00.16 (574092739)|ENTERING_MANAGED_PKG|Centify
11:58:00.16 (596180857)|ENTERING_MANAGED_PKG|Centify
11:58:00.16 (596231609)|ENTERING_MANAGED_PKG|Centify
11:58:00.16 (596319237)|ENTERING_MANAGED_PKG|Centify
11:58:00.16 (596351734)|ENTERING_MANAGED_PKG|Centify
11:58:00.16 (604034089)|ENTERING_MANAGED_PKG|Centify
11:58:00.16 (604324371)|ENTERING_MANAGED_PKG|Centify
11:58:00.16 (604793129)|ENTERING_MANAGED_PKG|Centify
11:58:00.16 (605423761)|ENTERING_MANAGED_PKG|Centify
11:58:00.16 (605474582)|ENTERING_MANAGED_PKG|Centify
11:58:00.16 (605581152)|ENTERING_MANAGED_PKG|Centify
11:58:00.16 (605626503)|ENTERING_MANAGED_PKG|Centify
11:58:00.16 (605746245)|ENTERING_MANAGED_PKG|Centify
11:58:00.16 (605922468)|ENTERING_MANAGED_PKG|Centify
11:58:00.16 (606063496)|ENTERING_MANAGED_PKG|Centify
11:58:00.16 (606201816)|ENTERING_MANAGED_PKG|Centify
11:58:00.16 (606339232)|ENTERING_MANAGED_PKG|Centify
11:58:00.16 (606472818)|ENTERING_MANAGED_PKG|Centify
11:58:00.16 (606607837)|ENTERING_MANAGED_PKG|Centify
11:58:00.16 (606740976)|ENTERING_MANAGED_PKG|Centify
11:58:00.16 (606919645)|ENTERING_MANAGED_PKG|Centify
11:58:00.16 (607059612)|ENTERING_MANAGED_PKG|Centify
11:58:00.16 (607195506)|ENTERING_MANAGED_PKG|Centify
11:58:00.16 (607315816)|ENTERING_MANAGED_PKG|Centify
11:58:00.16 (607447643)|ENTERING_MANAGED_PKG|Centify
11:58:00.16 (607586780)|ENTERING_MANAGED_PKG|Centify
11:58:00.16 (607721234)|ENTERING_MANAGED_PKG|Centify
11:58:00.16 (607857158)|ENTERING_MANAGED_PKG|Centify
11:58:00.16 (607992156)|ENTERING_MANAGED_PKG|Centify
11:58:00.16 (608124415)|ENTERING_MANAGED_PKG|Centify
11:58:00.16 (608257497)|ENTERING_MANAGED_PKG|Centify
11:58:00.16 (608388938)|ENTERING_MANAGED_PKG|Centify
11:58:00.16 (608520007)|ENTERING_MANAGED_PKG|Centify
11:58:00.16 (608652618)|ENTERING_MANAGED_PKG|Centify
11:58:00.16 (608783540)|ENTERING_MANAGED_PKG|Centify
11:58:00.16 (608921366)|ENTERING_MANAGED_PKG|Centify
11:58:00.16 (608966065)|ENTERING_MANAGED_PKG|Centify
11:58:00.16 (609004030)|ENTERING_MANAGED_PKG|Centify
11:58:00.16 (609031569)|ENTERING_MANAGED_PKG|Centify
11:58:00.16 (609084468)|ENTERING_MANAGED_PKG|Centify
11:58:00.16 (609135466)|ENTERING_MANAGED_PKG|Centify
11:58:00.16 (610543326)|ENTERING_MANAGED_PKG|Centify
11:58:00.16 (610576097)|ENTERING_MANAGED_PKG|Centify
11:58:00.16 (610602161)|ENTERING_MANAGED_PKG|Centify
11:58:00.16 (610682269)|ENTERING_MANAGED_PKG|Centify
11:58:00.16 (610752058)|ENTERING_MANAGED_PKG|Centify
11:58:00.16 (610815170)|ENTERING_MANAGED_PKG|Centify
11:58:00.16 (611075894)|ENTERING_MANAGED_PKG|Centify
11:58:00.16 (611340997)|ENTERING_MANAGED_PKG|Centify
11:58:00.16 (611388027)|ENTERING_MANAGED_PKG|Centify
11:58:00.16 (611508526)|ENTERING_MANAGED_PKG|Centify
11:58:00.16 (669330432)|ENTERING_MANAGED_PKG|Centify
11:58:00.16 (669466711)|ENTERING_MANAGED_PKG|Centify
11:58:00.16 (669654301)|ENTERING_MANAGED_PKG|Centify
11:58:00.16 (724011751)|ENTERING_MANAGED_PKG|Centify
11:58:00.16 (724128849)|ENTERING_MANAGED_PKG|Centify
11:58:00.16 (724305161)|ENTERING_MANAGED_PKG|Centify
11:58:00.16 (776009118)|ENTERING_MANAGED_PKG|Centify
11:58:00.16 (776131206)|ENTERING_MANAGED_PKG|Centify
11:58:00.16 (776249027)|ENTERING_MANAGED_PKG|Centify
11:58:00.16 (832926797)|ENTERING_MANAGED_PKG|Centify
11:58:00.16 (833092901)|ENTERING_MANAGED_PKG|Centify
11:58:00.16 (833227530)|ENTERING_MANAGED_PKG|Centify
11:58:00.16 (894172083)|ENTERING_MANAGED_PKG|Centify
11:58:00.16 (894309722)|ENTERING_MANAGED_PKG|Centify
11:58:00.16 (894472667)|ENTERING_MANAGED_PKG|Centify
11:58:00.16 (927606422)|ENTERING_MANAGED_PKG|Centify
11:58:00.16 (927777466)|ENTERING_MANAGED_PKG|Centify
11:58:00.16 (927962946)|ENTERING_MANAGED_PKG|Centify
11:58:00.16 (964462271)|ENTERING_MANAGED_PKG|Centify
11:58:00.16 (964583561)|ENTERING_MANAGED_PKG|Centify
11:58:00.16 (964703149)|ENTERING_MANAGED_PKG|Centify
11:58:00.16 (999232725)|ENTERING_MANAGED_PKG|Centify
11:58:00.16 (999380766)|ENTERING_MANAGED_PKG|Centify
11:58:00.16 (999434337)|ENTERING_MANAGED_PKG|Centify
11:58:00.16 (999467627)|ENTERING_MANAGED_PKG|Centify
11:58:00.16 (999522010)|ENTERING_MANAGED_PKG|Centify
11:58:00.16 (999658900)|ENTERING_MANAGED_PKG|Centify
11:58:00.16 (1000578225)|SOQL_EXECUTE_BEGIN|[28]|Aggregations:0|SELECT Id FROM ApexClass WHERE Name = :tmpVar1
11:58:00.16 (1012423057)|SOQL_EXECUTE_END|[28]|Rows:1
11:58:00.16 (1013309682)|SOQL_EXECUTE_BEGIN|[49]|Aggregations:0|SELECT COUNT() FROM AsyncApexJob WHERE (ApexClassId = :tmpVar1 AND Status IN ('Queued', 'Holding', 'Preparing', 'Processing'))
11:58:01.17 (1017711811)|SOQL_EXECUTE_END|[49]|Rows:0
11:58:01.17 (1017933216)|ENTERING_MANAGED_PKG|Centify
11:58:01.17 (1021419099)|ENTERING_MANAGED_PKG|Centify
11:58:01.17 (1021527024)|ENTERING_MANAGED_PKG|Centify
11:58:01.17 (1021741296)|ENTERING_MANAGED_PKG|Centify
11:58:01.17 (1048234257)|ENTERING_MANAGED_PKG|Centify
11:58:01.17 (1051713566)|ENTERING_MANAGED_PKG|Centify
11:58:01.17 (1051896740)|ENTERING_MANAGED_PKG|Centify
11:58:01.17 (1052099588)|ENTERING_MANAGED_PKG|Centify
11:58:01.17 (1055703170)|ENTERING_MANAGED_PKG|Centify
11:58:01.17 (1055785332)|ENTERING_MANAGED_PKG|Centify
11:58:01.17 (1055899980)|ENTERING_MANAGED_PKG|Centify
11:58:01.17 (1056630376)|ENTERING_MANAGED_PKG|Centify
11:58:01.17 (1059812922)|SOQL_EXECUTE_BEGIN|[16]|Aggregations:0|SELECT Id, CronExpression, CronJobDetail.Name FROM CronTrigger WHERE CronJobDetail.Name LIKE '%Spinify%'
11:58:01.17 (1066778993)|SOQL_EXECUTE_END|[16]|Rows:10
11:58:01.17 (1067245602)|ENTERING_MANAGED_PKG|Centify
11:58:01.17 (1067424344)|ENTERING_MANAGED_PKG|Centify
11:58:01.17 (1067496915)|ENTERING_MANAGED_PKG|Centify
11:58:01.17 (1067819050)|ENTERING_MANAGED_PKG|Centify
11:58:01.17 (1067937085)|ENTERING_MANAGED_PKG|Centify
11:58:01.17 (1068060685)|ENTERING_MANAGED_PKG|Centify
11:58:01.17 (1068186896)|ENTERING_MANAGED_PKG|Centify
11:58:01.17 (1069203578)|ENTERING_MANAGED_PKG|Centify
11:58:01.145 (1145335172)|CUMULATIVE_LIMIT_USAGE
11:58:01.145 (1145335172)|LIMIT_USAGE_FOR_NS|(default)|
  Number of SOQL queries: 0 out of 100
  Number of query rows: 0 out of 50000
  Number of SOSL queries: 0 out of 20
  Number of DML statements: 0 out of 150
  Number of DML rows: 0 out of 10000
  Maximum CPU time: 503 out of 10000
  Maximum heap size: 0 out of 6000000
  Number of callouts: 0 out of 100
  Number of Email Invocations: 0 out of 10
  Number of future calls: 0 out of 50
  Number of queueable jobs added to the queue: 0 out of 50
  Number of Mobile Apex push calls: 0 out of 10

11:58:01.145 (1145335172)|LIMIT_USAGE_FOR_NS|Centify|
  Number of SOQL queries: 5 out of 100
  Number of query rows: 14 out of 50000
  Number of SOSL queries: 0 out of 20
  Number of DML statements: 1 out of 150
  Number of DML rows: 1 out of 10000
  Maximum CPU time: 0 out of 10000
  Maximum heap size: 0 out of 6000000
  Number of callouts: 0 out of 100
  Number of Email Invocations: 0 out of 10
  Number of future calls: 0 out of 50
  Number of queueable jobs added to the queue: 0 out of 50
  Number of Mobile Apex push calls: 0 out of 10

11:58:01.145 (1145335172)|CUMULATIVE_LIMIT_USAGE_END

