37.0 APEX_CODE,FINEST;APEX_PROFILING,INFO;CALLOUT,INFO;DB,INFO;NBA,INFO;SYSTEM,DEBUG;VALIDATION,INFO;VISUALFORCE,INFO;WAVE,INFO;WORKFLOW,INFO
11:42:18.19 (19450647)|ENTERING_MANAGED_PKG|Centify
11:42:18.19 (23483918)|ENTERING_MANAGED_PKG|Centify
11:42:18.19 (29812319)|ENTERING_MANAGED_PKG|Centify
11:42:18.19 (29947665)|ENTERING_MANAGED_PKG|Centify
11:42:18.19 (30083669)|ENTERING_MANAGED_PKG|Centify
11:42:18.19 (30763706)|ENTERING_MANAGED_PKG|Centify
11:42:18.19 (31075263)|ENTERING_MANAGED_PKG|Centify
11:42:18.19 (31107526)|ENTERING_MANAGED_PKG|Centify
11:42:18.19 (31202677)|ENTERING_MANAGED_PKG|Centify
11:42:18.19 (31257719)|ENTERING_MANAGED_PKG|Centify
11:42:18.19 (31299548)|ENTERING_MANAGED_PKG|Centify
11:42:18.19 (31323649)|ENTERING_MANAGED_PKG|Centify
11:42:18.19 (31342936)|ENTERING_MANAGED_PKG|Centify
11:42:18.19 (31528987)|ENTERING_MANAGED_PKG|Centify
11:42:18.19 (73531644)|ENTERING_MANAGED_PKG|Centify
11:42:18.19 (73652716)|ENTERING_MANAGED_PKG|Centify
11:42:18.19 (73797464)|ENTERING_MANAGED_PKG|Centify
11:42:18.19 (73855725)|ENTERING_MANAGED_PKG|Centify
11:42:18.19 (587218861)|ENTERING_MANAGED_PKG|Centify
11:42:18.19 (654821713)|ENTERING_MANAGED_PKG|Centify
11:42:18.19 (669133581)|ENTERING_MANAGED_PKG|Centify
11:42:18.19 (669196739)|ENTERING_MANAGED_PKG|Centify
11:42:18.19 (669287023)|ENTERING_MANAGED_PKG|Centify
11:42:18.19 (669327987)|ENTERING_MANAGED_PKG|Centify
11:42:18.19 (669404473)|ENTERING_MANAGED_PKG|Centify
11:42:18.19 (711138990)|ENTERING_MANAGED_PKG|Centify
11:42:18.19 (729319362)|ENTERING_MANAGED_PKG|Centify
11:42:18.19 (729396894)|ENTERING_MANAGED_PKG|Centify
11:42:18.19 (729502166)|ENTERING_MANAGED_PKG|Centify
11:42:18.19 (729545397)|ENTERING_MANAGED_PKG|Centify
11:42:18.19 (729628133)|ENTERING_MANAGED_PKG|Centify
11:42:18.19 (774580634)|ENTERING_MANAGED_PKG|Centify
11:42:18.19 (797810975)|ENTERING_MANAGED_PKG|Centify
11:42:18.19 (797871827)|ENTERING_MANAGED_PKG|Centify
11:42:18.19 (797960284)|ENTERING_MANAGED_PKG|Centify
11:42:18.19 (798001149)|ENTERING_MANAGED_PKG|Centify
11:42:18.19 (798079288)|ENTERING_MANAGED_PKG|Centify
11:42:18.19 (842294032)|ENTERING_MANAGED_PKG|Centify
11:42:18.19 (859223647)|ENTERING_MANAGED_PKG|Centify
11:42:18.19 (859284769)|ENTERING_MANAGED_PKG|Centify
11:42:18.19 (859371009)|ENTERING_MANAGED_PKG|Centify
11:42:18.19 (859411438)|ENTERING_MANAGED_PKG|Centify
11:42:18.19 (859488790)|ENTERING_MANAGED_PKG|Centify
11:42:18.19 (901674158)|ENTERING_MANAGED_PKG|Centify
11:42:18.19 (918270131)|ENTERING_MANAGED_PKG|Centify
11:42:18.19 (918327190)|ENTERING_MANAGED_PKG|Centify
11:42:18.19 (918419442)|ENTERING_MANAGED_PKG|Centify
11:42:18.19 (918459636)|ENTERING_MANAGED_PKG|Centify
11:42:18.19 (918537249)|ENTERING_MANAGED_PKG|Centify
11:42:18.19 (961553846)|ENTERING_MANAGED_PKG|Centify
11:42:18.19 (977998618)|ENTERING_MANAGED_PKG|Centify
11:42:18.19 (978350724)|ENTERING_MANAGED_PKG|Centify
11:42:18.19 (990575113)|ENTERING_MANAGED_PKG|Centify
11:42:18.19 (990660894)|ENTERING_MANAGED_PKG|Centify
11:42:18.19 (992824214)|ENTERING_MANAGED_PKG|Centify
11:42:18.19 (992898109)|ENTERING_MANAGED_PKG|Centify
11:42:18.19 (992963871)|ENTERING_MANAGED_PKG|Centify
11:42:18.19 (993060217)|ENTERING_MANAGED_PKG|Centify
11:42:18.19 (996508563)|SOQL_EXECUTE_BEGIN|[19]|Aggregations:0|SELECT Id, OrganizationType FROM Organization LIMIT 1
11:42:18.19 (1000377026)|SOQL_EXECUTE_END|[19]|Rows:1
11:42:19.23 (1023401863)|ENTERING_MANAGED_PKG|Centify
11:42:19.23 (1081166585)|ENTERING_MANAGED_PKG|Centify
11:42:19.23 (1081245171)|ENTERING_MANAGED_PKG|Centify
11:42:19.23 (1081403194)|ENTERING_MANAGED_PKG|Centify
11:42:19.23 (1081469415)|ENTERING_MANAGED_PKG|Centify
11:42:19.23 (1081582376)|ENTERING_MANAGED_PKG|Centify
11:42:19.23 (1136678491)|ENTERING_MANAGED_PKG|Centify
11:42:19.23 (1157738917)|ENTERING_MANAGED_PKG|Centify
11:42:19.23 (1157809619)|ENTERING_MANAGED_PKG|Centify
11:42:19.23 (1157903249)|ENTERING_MANAGED_PKG|Centify
11:42:19.23 (1157946419)|ENTERING_MANAGED_PKG|Centify
11:42:19.23 (1158070937)|ENTERING_MANAGED_PKG|Centify
11:42:19.23 (1199244164)|ENTERING_MANAGED_PKG|Centify
11:42:19.23 (1199311012)|ENTERING_MANAGED_PKG|Centify
11:42:19.23 (1199484019)|ENTERING_MANAGED_PKG|Centify
11:42:19.23 (1199529294)|ENTERING_MANAGED_PKG|Centify
11:42:19.23 (1199574370)|ENTERING_MANAGED_PKG|Centify
11:42:19.23 (1204438596)|ENTERING_MANAGED_PKG|Centify
11:42:19.23 (1204554591)|ENTERING_MANAGED_PKG|Centify
11:42:19.23 (1217909166)|ENTERING_MANAGED_PKG|Centify
11:42:19.23 (1218127396)|ENTERING_MANAGED_PKG|Centify
11:42:19.23 (1218898370)|ENTERING_MANAGED_PKG|Centify
11:42:19.23 (1219793882)|SOQL_EXECUTE_BEGIN|[16]|Aggregations:0|select id,lastmodifieddate,isdeleted,createddate,industry,type,name,ownerid from Account where LastModifiedDate >2018-10-23T01:40:42Z AND LastModifiedDate < 2018-10-23T01:42:24Z  ORDER BY SystemModStamp DESC LIMIT 5000  ALL ROWS
11:42:19.23 (1227379553)|SOQL_EXECUTE_END|[16]|Rows:0
11:42:19.251 (1251731501)|CUMULATIVE_LIMIT_USAGE
11:42:19.251 (1251731501)|LIMIT_USAGE_FOR_NS|(default)|
  Number of SOQL queries: 0 out of 200
  Number of query rows: 0 out of 50000
  Number of SOSL queries: 0 out of 20
  Number of DML statements: 0 out of 150
  Number of DML rows: 0 out of 10000
  Maximum CPU time: 0 out of 60000
  Maximum heap size: 0 out of 12000000
  Number of callouts: 0 out of 0
  Number of Email Invocations: 0 out of 10
  Number of future calls: 0 out of 0
  Number of queueable jobs added to the queue: 0 out of 1
  Number of Mobile Apex push calls: 0 out of 10

11:42:19.251 (1251731501)|LIMIT_USAGE_FOR_NS|Centify|
  Number of SOQL queries: 0 out of 200
  Number of query rows: 0 out of 50000
  Number of SOSL queries: 0 out of 20
  Number of DML statements: 0 out of 150
  Number of DML rows: 0 out of 10000
  Maximum CPU time: 0 out of 60000
  Maximum heap size: 0 out of 12000000
  Number of callouts: 0 out of 0
  Number of Email Invocations: 0 out of 10
  Number of future calls: 0 out of 0
  Number of queueable jobs added to the queue: 0 out of 1
  Number of Mobile Apex push calls: 0 out of 10

11:42:19.251 (1251731501)|CUMULATIVE_LIMIT_USAGE_END

