37.0 APEX_CODE,FINEST;APEX_PROFILING,INFO;CALLOUT,INFO;DB,INFO;NBA,INFO;SYSTEM,DEBUG;VALIDATION,INFO;VISUALFORCE,INFO;WAVE,INFO;WORKFLOW,INFO
18:03:01.16 (16309506)|ENTERING_MANAGED_PKG|Centify
18:03:01.16 (19910750)|ENTERING_MANAGED_PKG|Centify
18:03:01.16 (20069125)|ENTERING_MANAGED_PKG|Centify
18:03:01.16 (20208018)|ENTERING_MANAGED_PKG|Centify
18:03:01.16 (20287320)|ENTERING_MANAGED_PKG|Centify
18:03:01.16 (21116765)|ENTERING_MANAGED_PKG|Centify
18:03:01.16 (21401156)|ENTERING_MANAGED_PKG|Centify
18:03:01.16 (21426666)|ENTERING_MANAGED_PKG|Centify
18:03:01.16 (21502799)|ENTERING_MANAGED_PKG|Centify
18:03:01.16 (21555295)|ENTERING_MANAGED_PKG|Centify
18:03:01.16 (21594076)|ENTERING_MANAGED_PKG|Centify
18:03:01.16 (21616150)|ENTERING_MANAGED_PKG|Centify
18:03:01.16 (21633414)|ENTERING_MANAGED_PKG|Centify
18:03:01.16 (21825464)|ENTERING_MANAGED_PKG|Centify
18:03:01.16 (55244813)|ENTERING_MANAGED_PKG|Centify
18:03:01.16 (55331164)|ENTERING_MANAGED_PKG|Centify
18:03:01.16 (55451509)|ENTERING_MANAGED_PKG|Centify
18:03:01.16 (55500903)|ENTERING_MANAGED_PKG|Centify
18:03:01.16 (249958052)|ENTERING_MANAGED_PKG|Centify
18:03:01.16 (293569501)|ENTERING_MANAGED_PKG|Centify
18:03:01.16 (307588222)|ENTERING_MANAGED_PKG|Centify
18:03:01.16 (307641328)|ENTERING_MANAGED_PKG|Centify
18:03:01.16 (307718505)|ENTERING_MANAGED_PKG|Centify
18:03:01.16 (307750018)|ENTERING_MANAGED_PKG|Centify
18:03:01.16 (307811504)|ENTERING_MANAGED_PKG|Centify
18:03:01.16 (333606871)|ENTERING_MANAGED_PKG|Centify
18:03:01.16 (350200073)|ENTERING_MANAGED_PKG|Centify
18:03:01.16 (350250767)|ENTERING_MANAGED_PKG|Centify
18:03:01.16 (350332051)|ENTERING_MANAGED_PKG|Centify
18:03:01.16 (350364166)|ENTERING_MANAGED_PKG|Centify
18:03:01.16 (350422431)|ENTERING_MANAGED_PKG|Centify
18:03:01.16 (378827041)|ENTERING_MANAGED_PKG|Centify
18:03:01.16 (397687952)|ENTERING_MANAGED_PKG|Centify
18:03:01.16 (397741464)|ENTERING_MANAGED_PKG|Centify
18:03:01.16 (397818649)|ENTERING_MANAGED_PKG|Centify
18:03:01.16 (397851080)|ENTERING_MANAGED_PKG|Centify
18:03:01.16 (397910987)|ENTERING_MANAGED_PKG|Centify
18:03:01.16 (427331689)|ENTERING_MANAGED_PKG|Centify
18:03:01.16 (444107109)|ENTERING_MANAGED_PKG|Centify
18:03:01.16 (444160850)|ENTERING_MANAGED_PKG|Centify
18:03:01.16 (444237782)|ENTERING_MANAGED_PKG|Centify
18:03:01.16 (444270066)|ENTERING_MANAGED_PKG|Centify
18:03:01.16 (444337127)|ENTERING_MANAGED_PKG|Centify
18:03:01.16 (475005403)|ENTERING_MANAGED_PKG|Centify
18:03:01.16 (494586806)|ENTERING_MANAGED_PKG|Centify
18:03:01.16 (494641744)|ENTERING_MANAGED_PKG|Centify
18:03:01.16 (494716142)|ENTERING_MANAGED_PKG|Centify
18:03:01.16 (494748008)|ENTERING_MANAGED_PKG|Centify
18:03:01.16 (494807811)|ENTERING_MANAGED_PKG|Centify
18:03:01.16 (528827516)|ENTERING_MANAGED_PKG|Centify
18:03:01.16 (545562167)|ENTERING_MANAGED_PKG|Centify
18:03:01.16 (545616422)|ENTERING_MANAGED_PKG|Centify
18:03:01.16 (545716045)|ENTERING_MANAGED_PKG|Centify
18:03:01.16 (545760968)|ENTERING_MANAGED_PKG|Centify
18:03:01.16 (545838050)|ENTERING_MANAGED_PKG|Centify
18:03:01.16 (577405725)|ENTERING_MANAGED_PKG|Centify
18:03:01.16 (593321052)|ENTERING_MANAGED_PKG|Centify
18:03:01.16 (593391935)|ENTERING_MANAGED_PKG|Centify
18:03:01.16 (593485116)|ENTERING_MANAGED_PKG|Centify
18:03:01.16 (593520467)|ENTERING_MANAGED_PKG|Centify
18:03:01.16 (593588781)|ENTERING_MANAGED_PKG|Centify
18:03:01.16 (620294294)|ENTERING_MANAGED_PKG|Centify
18:03:01.16 (636507658)|ENTERING_MANAGED_PKG|Centify
18:03:01.16 (636559572)|ENTERING_MANAGED_PKG|Centify
18:03:01.16 (636636646)|ENTERING_MANAGED_PKG|Centify
18:03:01.16 (636669795)|ENTERING_MANAGED_PKG|Centify
18:03:01.16 (636732374)|ENTERING_MANAGED_PKG|Centify
18:03:01.16 (665866602)|ENTERING_MANAGED_PKG|Centify
18:03:01.16 (681960534)|ENTERING_MANAGED_PKG|Centify
18:03:01.16 (682016440)|ENTERING_MANAGED_PKG|Centify
18:03:01.16 (682110320)|ENTERING_MANAGED_PKG|Centify
18:03:01.16 (682143639)|ENTERING_MANAGED_PKG|Centify
18:03:01.16 (682204275)|ENTERING_MANAGED_PKG|Centify
18:03:01.16 (710488412)|ENTERING_MANAGED_PKG|Centify
18:03:01.16 (727658419)|ENTERING_MANAGED_PKG|Centify
18:03:01.16 (727712660)|ENTERING_MANAGED_PKG|Centify
18:03:01.16 (727792214)|ENTERING_MANAGED_PKG|Centify
18:03:01.16 (727824682)|ENTERING_MANAGED_PKG|Centify
18:03:01.16 (727888013)|ENTERING_MANAGED_PKG|Centify
18:03:01.16 (753828574)|ENTERING_MANAGED_PKG|Centify
18:03:01.16 (768262260)|ENTERING_MANAGED_PKG|Centify
18:03:01.16 (768320749)|ENTERING_MANAGED_PKG|Centify
18:03:01.16 (768395015)|ENTERING_MANAGED_PKG|Centify
18:03:01.16 (768426440)|ENTERING_MANAGED_PKG|Centify
18:03:01.16 (768484772)|ENTERING_MANAGED_PKG|Centify
18:03:01.16 (835636816)|ENTERING_MANAGED_PKG|Centify
18:03:01.16 (853741354)|ENTERING_MANAGED_PKG|Centify
18:03:01.16 (853794082)|ENTERING_MANAGED_PKG|Centify
18:03:01.16 (853871801)|ENTERING_MANAGED_PKG|Centify
18:03:01.16 (853903972)|ENTERING_MANAGED_PKG|Centify
18:03:01.16 (853966444)|ENTERING_MANAGED_PKG|Centify
18:03:01.16 (881770628)|ENTERING_MANAGED_PKG|Centify
18:03:01.16 (898413586)|ENTERING_MANAGED_PKG|Centify
18:03:01.16 (898465029)|ENTERING_MANAGED_PKG|Centify
18:03:01.16 (898545632)|ENTERING_MANAGED_PKG|Centify
18:03:01.16 (898578901)|ENTERING_MANAGED_PKG|Centify
18:03:01.16 (898639966)|ENTERING_MANAGED_PKG|Centify
18:03:01.16 (924735885)|ENTERING_MANAGED_PKG|Centify
18:03:01.16 (924811911)|ENTERING_MANAGED_PKG|Centify
18:03:01.16 (924961764)|ENTERING_MANAGED_PKG|Centify
18:03:01.16 (925004729)|ENTERING_MANAGED_PKG|Centify
18:03:01.16 (925046944)|ENTERING_MANAGED_PKG|Centify
18:03:01.16 (925325452)|ENTERING_MANAGED_PKG|Centify
18:03:01.16 (925401953)|ENTERING_MANAGED_PKG|Centify
18:03:01.16 (926473434)|ENTERING_MANAGED_PKG|Centify
18:03:01.16 (926538662)|ENTERING_MANAGED_PKG|Centify
18:03:01.16 (926628006)|ENTERING_MANAGED_PKG|Centify
18:03:01.16 (927146455)|ENTERING_MANAGED_PKG|Centify
18:03:01.16 (927927005)|SOQL_EXECUTE_BEGIN|[16]|Aggregations:0|select id,lastmodifieddate,isdeleted,call_duration_min__c,createddate,tasksubtype,isclosed,subject,ownerid,activitydate,status,whatid,calldurationinseconds,calltype from Task where LastModifiedDate >2018-09-28T07:44:30Z AND LastModifiedDate < 2018-09-28T08:03:07Z AND (  CallType = 'Outbound'  OR  CallType = 'Inbound' )  ORDER BY SystemModStamp DESC LIMIT 5000  ALL ROWS
18:03:01.16 (934630884)|SOQL_EXECUTE_END|[16]|Rows:0
18:03:01.954 (954416216)|CUMULATIVE_LIMIT_USAGE
18:03:01.954 (954416216)|LIMIT_USAGE_FOR_NS|(default)|
  Number of SOQL queries: 0 out of 200
  Number of query rows: 0 out of 50000
  Number of SOSL queries: 0 out of 20
  Number of DML statements: 0 out of 150
  Number of DML rows: 0 out of 10000
  Maximum CPU time: 0 out of 60000
  Maximum heap size: 0 out of 12000000
  Number of callouts: 0 out of 0
  Number of Email Invocations: 0 out of 10
  Number of future calls: 0 out of 0
  Number of queueable jobs added to the queue: 0 out of 1
  Number of Mobile Apex push calls: 0 out of 10

18:03:01.954 (954416216)|LIMIT_USAGE_FOR_NS|Centify|
  Number of SOQL queries: 0 out of 200
  Number of query rows: 0 out of 50000
  Number of SOSL queries: 0 out of 20
  Number of DML statements: 0 out of 150
  Number of DML rows: 0 out of 10000
  Maximum CPU time: 0 out of 60000
  Maximum heap size: 0 out of 12000000
  Number of callouts: 0 out of 0
  Number of Email Invocations: 0 out of 10
  Number of future calls: 0 out of 0
  Number of queueable jobs added to the queue: 0 out of 1
  Number of Mobile Apex push calls: 0 out of 10

18:03:01.954 (954416216)|CUMULATIVE_LIMIT_USAGE_END

