37.0 APEX_CODE,FINEST;APEX_PROFILING,INFO;CALLOUT,INFO;DB,INFO;NBA,INFO;SYSTEM,DEBUG;VALIDATION,INFO;VISUALFORCE,INFO;WAVE,INFO;WORKFLOW,INFO
18:27:00.14 (14454136)|ENTERING_MANAGED_PKG|Centify
18:27:00.14 (15952273)|ENTERING_MANAGED_PKG|Centify
18:27:00.14 (16004158)|ENTERING_MANAGED_PKG|Centify
18:27:00.14 (16470420)|ENTERING_MANAGED_PKG|Centify
18:27:00.14 (16542501)|ENTERING_MANAGED_PKG|Centify
18:27:00.14 (22759105)|ENTERING_MANAGED_PKG|Centify
18:27:00.14 (22852873)|ENTERING_MANAGED_PKG|Centify
18:27:00.14 (25350091)|ENTERING_MANAGED_PKG|Centify
18:27:00.14 (25855690)|ENTERING_MANAGED_PKG|Centify
18:27:00.14 (25976711)|ENTERING_MANAGED_PKG|Centify
18:27:00.14 (26024990)|ENTERING_MANAGED_PKG|Centify
18:27:00.14 (29886789)|ENTERING_MANAGED_PKG|Centify
18:27:00.14 (29956714)|ENTERING_MANAGED_PKG|Centify
18:27:00.14 (30123407)|ENTERING_MANAGED_PKG|Centify
18:27:00.14 (32000776)|ENTERING_MANAGED_PKG|Centify
18:27:00.14 (32036881)|ENTERING_MANAGED_PKG|Centify
18:27:00.14 (32133516)|ENTERING_MANAGED_PKG|Centify
18:27:00.14 (32898514)|ENTERING_MANAGED_PKG|Centify
18:27:00.14 (34023146)|ENTERING_MANAGED_PKG|Centify
18:27:00.14 (34062397)|ENTERING_MANAGED_PKG|Centify
18:27:00.14 (34131385)|ENTERING_MANAGED_PKG|Centify
18:27:00.14 (34628409)|ENTERING_MANAGED_PKG|Centify
18:27:00.14 (34655003)|ENTERING_MANAGED_PKG|Centify
18:27:00.14 (34702709)|ENTERING_MANAGED_PKG|Centify
18:27:00.14 (35220032)|ENTERING_MANAGED_PKG|Centify
18:27:00.14 (37716542)|ENTERING_MANAGED_PKG|Centify
18:27:00.14 (38095869)|ENTERING_MANAGED_PKG|Centify
18:27:00.14 (38189681)|ENTERING_MANAGED_PKG|Centify
18:27:00.14 (39384614)|ENTERING_MANAGED_PKG|Centify
18:27:00.14 (39418146)|ENTERING_MANAGED_PKG|Centify
18:27:00.14 (39468830)|ENTERING_MANAGED_PKG|Centify
18:27:00.14 (39531178)|ENTERING_MANAGED_PKG|Centify
18:27:00.14 (39673739)|ENTERING_MANAGED_PKG|Centify
18:27:00.14 (41215536)|SOQL_EXECUTE_BEGIN|[28]|Aggregations:0|SELECT Id FROM ApexClass WHERE Name = :tmpVar1
18:27:00.14 (49175363)|SOQL_EXECUTE_END|[28]|Rows:1
18:27:00.14 (49918132)|SOQL_EXECUTE_BEGIN|[49]|Aggregations:0|SELECT COUNT() FROM AsyncApexJob WHERE (ApexClassId = :tmpVar1 AND Status IN ('Queued', 'Holding', 'Preparing', 'Processing'))
18:27:00.14 (53823318)|SOQL_EXECUTE_END|[49]|Rows:0
18:27:00.14 (53933714)|ENTERING_MANAGED_PKG|Centify
18:27:00.14 (62275131)|ENTERING_MANAGED_PKG|Centify
18:27:00.14 (63940398)|ENTERING_MANAGED_PKG|Centify
18:27:00.14 (64512365)|ENTERING_MANAGED_PKG|Centify
18:27:00.14 (64647872)|ENTERING_MANAGED_PKG|Centify
18:27:00.14 (64694451)|ENTERING_MANAGED_PKG|Centify
18:27:00.14 (86127586)|ENTERING_MANAGED_PKG|Centify
18:27:00.14 (86311441)|ENTERING_MANAGED_PKG|Centify
18:27:00.14 (92859653)|ENTERING_MANAGED_PKG|Centify
18:27:00.14 (94803154)|ENTERING_MANAGED_PKG|Centify
18:27:00.14 (95743554)|ENTERING_MANAGED_PKG|Centify
18:27:00.14 (96898233)|ENTERING_MANAGED_PKG|Centify
18:27:00.14 (96996018)|ENTERING_MANAGED_PKG|Centify
18:27:00.14 (98808711)|ENTERING_MANAGED_PKG|Centify
18:27:00.14 (98944783)|ENTERING_MANAGED_PKG|Centify
18:27:00.14 (99003544)|ENTERING_MANAGED_PKG|Centify
18:27:00.14 (99194842)|ENTERING_MANAGED_PKG|Centify
18:27:00.14 (99376889)|ENTERING_MANAGED_PKG|Centify
18:27:00.14 (99496334)|ENTERING_MANAGED_PKG|Centify
18:27:00.14 (99605087)|ENTERING_MANAGED_PKG|Centify
18:27:00.14 (99740506)|ENTERING_MANAGED_PKG|Centify
18:27:00.14 (99862525)|ENTERING_MANAGED_PKG|Centify
18:27:00.14 (99975694)|ENTERING_MANAGED_PKG|Centify
18:27:00.14 (100085175)|ENTERING_MANAGED_PKG|Centify
18:27:00.14 (100193742)|ENTERING_MANAGED_PKG|Centify
18:27:00.14 (100301079)|ENTERING_MANAGED_PKG|Centify
18:27:00.14 (100429815)|ENTERING_MANAGED_PKG|Centify
18:27:00.14 (100543752)|ENTERING_MANAGED_PKG|Centify
18:27:00.14 (100654197)|ENTERING_MANAGED_PKG|Centify
18:27:00.14 (100762814)|ENTERING_MANAGED_PKG|Centify
18:27:00.14 (100868922)|ENTERING_MANAGED_PKG|Centify
18:27:00.14 (101109097)|ENTERING_MANAGED_PKG|Centify
18:27:00.14 (101245302)|ENTERING_MANAGED_PKG|Centify
18:27:00.14 (101386774)|ENTERING_MANAGED_PKG|Centify
18:27:00.14 (101514487)|ENTERING_MANAGED_PKG|Centify
18:27:00.14 (101626113)|ENTERING_MANAGED_PKG|Centify
18:27:00.14 (101733345)|ENTERING_MANAGED_PKG|Centify
18:27:00.14 (101839393)|ENTERING_MANAGED_PKG|Centify
18:27:00.14 (101946256)|ENTERING_MANAGED_PKG|Centify
18:27:00.14 (102059455)|ENTERING_MANAGED_PKG|Centify
18:27:00.14 (102166056)|ENTERING_MANAGED_PKG|Centify
18:27:00.14 (102272358)|ENTERING_MANAGED_PKG|Centify
18:27:00.14 (102378814)|ENTERING_MANAGED_PKG|Centify
18:27:00.14 (102488092)|ENTERING_MANAGED_PKG|Centify
18:27:00.14 (102597213)|ENTERING_MANAGED_PKG|Centify
18:27:00.14 (102711152)|ENTERING_MANAGED_PKG|Centify
18:27:00.14 (102775705)|ENTERING_MANAGED_PKG|Centify
18:27:00.14 (102828963)|ENTERING_MANAGED_PKG|Centify
18:27:00.14 (102867710)|ENTERING_MANAGED_PKG|Centify
18:27:00.14 (102985363)|ENTERING_MANAGED_PKG|Centify
18:27:00.14 (103041334)|ENTERING_MANAGED_PKG|Centify
18:27:00.14 (104679171)|ENTERING_MANAGED_PKG|Centify
18:27:00.14 (104715472)|ENTERING_MANAGED_PKG|Centify
18:27:00.14 (104766512)|ENTERING_MANAGED_PKG|Centify
18:27:00.14 (104843778)|ENTERING_MANAGED_PKG|Centify
18:27:00.14 (105007728)|ENTERING_MANAGED_PKG|Centify
18:27:00.14 (105131850)|ENTERING_MANAGED_PKG|Centify
18:27:00.14 (145469337)|ENTERING_MANAGED_PKG|Centify
18:27:00.14 (145542967)|ENTERING_MANAGED_PKG|Centify
18:27:00.14 (161071478)|ENTERING_MANAGED_PKG|Centify
18:27:00.14 (161124700)|ENTERING_MANAGED_PKG|Centify
18:27:00.14 (161234597)|ENTERING_MANAGED_PKG|Centify
18:27:00.14 (161263638)|ENTERING_MANAGED_PKG|Centify
18:27:00.14 (167593015)|ENTERING_MANAGED_PKG|Centify
18:27:00.14 (167841892)|ENTERING_MANAGED_PKG|Centify
18:27:00.14 (168386085)|ENTERING_MANAGED_PKG|Centify
18:27:00.14 (169056271)|ENTERING_MANAGED_PKG|Centify
18:27:00.14 (169103923)|ENTERING_MANAGED_PKG|Centify
18:27:00.14 (169194975)|ENTERING_MANAGED_PKG|Centify
18:27:00.14 (169233153)|ENTERING_MANAGED_PKG|Centify
18:27:00.14 (169334811)|ENTERING_MANAGED_PKG|Centify
18:27:00.14 (169468061)|ENTERING_MANAGED_PKG|Centify
18:27:00.14 (169579761)|ENTERING_MANAGED_PKG|Centify
18:27:00.14 (169687174)|ENTERING_MANAGED_PKG|Centify
18:27:00.14 (169793888)|ENTERING_MANAGED_PKG|Centify
18:27:00.14 (169902256)|ENTERING_MANAGED_PKG|Centify
18:27:00.14 (170011917)|ENTERING_MANAGED_PKG|Centify
18:27:00.14 (170121010)|ENTERING_MANAGED_PKG|Centify
18:27:00.14 (170228520)|ENTERING_MANAGED_PKG|Centify
18:27:00.14 (170336036)|ENTERING_MANAGED_PKG|Centify
18:27:00.14 (170441601)|ENTERING_MANAGED_PKG|Centify
18:27:00.14 (170548019)|ENTERING_MANAGED_PKG|Centify
18:27:00.14 (170655353)|ENTERING_MANAGED_PKG|Centify
18:27:00.14 (170760960)|ENTERING_MANAGED_PKG|Centify
18:27:00.14 (170869311)|ENTERING_MANAGED_PKG|Centify
18:27:00.14 (170980395)|ENTERING_MANAGED_PKG|Centify
18:27:00.14 (171088556)|ENTERING_MANAGED_PKG|Centify
18:27:00.14 (171196767)|ENTERING_MANAGED_PKG|Centify
18:27:00.14 (171374246)|ENTERING_MANAGED_PKG|Centify
18:27:00.14 (171500593)|ENTERING_MANAGED_PKG|Centify
18:27:00.14 (171624565)|ENTERING_MANAGED_PKG|Centify
18:27:00.14 (171748727)|ENTERING_MANAGED_PKG|Centify
18:27:00.14 (171871286)|ENTERING_MANAGED_PKG|Centify
18:27:00.14 (171981142)|ENTERING_MANAGED_PKG|Centify
18:27:00.14 (172088498)|ENTERING_MANAGED_PKG|Centify
18:27:00.14 (172194587)|ENTERING_MANAGED_PKG|Centify
18:27:00.14 (172318815)|ENTERING_MANAGED_PKG|Centify
18:27:00.14 (172442370)|ENTERING_MANAGED_PKG|Centify
18:27:00.14 (172565111)|ENTERING_MANAGED_PKG|Centify
18:27:00.14 (172687938)|ENTERING_MANAGED_PKG|Centify
18:27:00.14 (172811294)|ENTERING_MANAGED_PKG|Centify
18:27:00.14 (172934974)|ENTERING_MANAGED_PKG|Centify
18:27:00.14 (173062588)|ENTERING_MANAGED_PKG|Centify
18:27:00.14 (173186924)|ENTERING_MANAGED_PKG|Centify
18:27:00.14 (173310865)|ENTERING_MANAGED_PKG|Centify
18:27:00.14 (173424913)|ENTERING_MANAGED_PKG|Centify
18:27:00.14 (173534572)|ENTERING_MANAGED_PKG|Centify
18:27:00.14 (173653610)|ENTERING_MANAGED_PKG|Centify
18:27:00.14 (173855458)|ENTERING_MANAGED_PKG|Centify
18:27:00.14 (173975856)|ENTERING_MANAGED_PKG|Centify
18:27:00.14 (174086510)|ENTERING_MANAGED_PKG|Centify
18:27:00.14 (174194437)|ENTERING_MANAGED_PKG|Centify
18:27:00.14 (174300229)|ENTERING_MANAGED_PKG|Centify
18:27:00.14 (174408031)|ENTERING_MANAGED_PKG|Centify
18:27:00.14 (174513073)|ENTERING_MANAGED_PKG|Centify
18:27:00.14 (174618701)|ENTERING_MANAGED_PKG|Centify
18:27:00.14 (174724885)|ENTERING_MANAGED_PKG|Centify
18:27:00.14 (174832740)|ENTERING_MANAGED_PKG|Centify
18:27:00.14 (174941646)|ENTERING_MANAGED_PKG|Centify
18:27:00.14 (175052055)|ENTERING_MANAGED_PKG|Centify
18:27:00.14 (175161118)|ENTERING_MANAGED_PKG|Centify
18:27:00.14 (175267583)|ENTERING_MANAGED_PKG|Centify
18:27:00.14 (175374626)|ENTERING_MANAGED_PKG|Centify
18:27:00.14 (175482757)|ENTERING_MANAGED_PKG|Centify
18:27:00.14 (175762200)|ENTERING_MANAGED_PKG|Centify
18:27:00.14 (175806192)|ENTERING_MANAGED_PKG|Centify
18:27:00.14 (175942676)|ENTERING_MANAGED_PKG|Centify
18:27:00.14 (176001367)|ENTERING_MANAGED_PKG|Centify
18:27:00.14 (176072718)|ENTERING_MANAGED_PKG|Centify
18:27:00.14 (176130647)|ENTERING_MANAGED_PKG|Centify
18:27:00.14 (176160780)|ENTERING_MANAGED_PKG|Centify
18:27:00.14 (176457323)|ENTERING_MANAGED_PKG|Centify
18:27:00.14 (176487129)|ENTERING_MANAGED_PKG|Centify
18:27:00.14 (176506118)|ENTERING_MANAGED_PKG|Centify
18:27:00.14 (176604977)|ENTERING_MANAGED_PKG|Centify
18:27:00.14 (176733022)|ENTERING_MANAGED_PKG|Centify
18:27:00.14 (176754933)|ENTERING_MANAGED_PKG|Centify
18:27:00.14 (176777504)|ENTERING_MANAGED_PKG|Centify
18:27:00.14 (176789340)|ENTERING_MANAGED_PKG|Centify
18:27:00.14 (177117362)|ENTERING_MANAGED_PKG|Centify
18:27:00.14 (177140433)|ENTERING_MANAGED_PKG|Centify
18:27:00.14 (177152242)|ENTERING_MANAGED_PKG|Centify
18:27:00.14 (177224087)|ENTERING_MANAGED_PKG|Centify
18:27:00.14 (177345729)|ENTERING_MANAGED_PKG|Centify
18:27:00.14 (177365805)|ENTERING_MANAGED_PKG|Centify
18:27:00.14 (177387827)|ENTERING_MANAGED_PKG|Centify
18:27:00.14 (177399004)|ENTERING_MANAGED_PKG|Centify
18:27:00.14 (177806485)|ENTERING_MANAGED_PKG|Centify
18:27:00.14 (177828963)|ENTERING_MANAGED_PKG|Centify
18:27:00.14 (177840244)|ENTERING_MANAGED_PKG|Centify
18:27:00.14 (177909425)|ENTERING_MANAGED_PKG|Centify
18:27:00.14 (178032750)|ENTERING_MANAGED_PKG|Centify
18:27:00.14 (178053812)|ENTERING_MANAGED_PKG|Centify
18:27:00.14 (178076133)|ENTERING_MANAGED_PKG|Centify
18:27:00.14 (178087436)|ENTERING_MANAGED_PKG|Centify
18:27:00.14 (178587681)|ENTERING_MANAGED_PKG|Centify
18:27:00.14 (178619126)|ENTERING_MANAGED_PKG|Centify
18:27:00.14 (178639310)|ENTERING_MANAGED_PKG|Centify
18:27:00.14 (178719964)|ENTERING_MANAGED_PKG|Centify
18:27:00.14 (178839581)|ENTERING_MANAGED_PKG|Centify
18:27:00.14 (178859903)|ENTERING_MANAGED_PKG|Centify
18:27:00.14 (178881475)|ENTERING_MANAGED_PKG|Centify
18:27:00.14 (178893169)|ENTERING_MANAGED_PKG|Centify
18:27:00.14 (179498410)|ENTERING_MANAGED_PKG|Centify
18:27:00.14 (179521203)|ENTERING_MANAGED_PKG|Centify
18:27:00.14 (179532920)|ENTERING_MANAGED_PKG|Centify
18:27:00.14 (179603097)|ENTERING_MANAGED_PKG|Centify
18:27:00.14 (179716847)|ENTERING_MANAGED_PKG|Centify
18:27:00.14 (180087319)|ENTERING_MANAGED_PKG|Centify
18:27:00.14 (180204234)|ENTERING_MANAGED_PKG|Centify
18:27:00.14 (180320697)|ENTERING_MANAGED_PKG|Centify
18:27:00.14 (180341731)|ENTERING_MANAGED_PKG|Centify
18:27:00.14 (180364179)|ENTERING_MANAGED_PKG|Centify
18:27:00.14 (180375160)|ENTERING_MANAGED_PKG|Centify
18:27:00.14 (181077514)|ENTERING_MANAGED_PKG|Centify
18:27:00.14 (181101817)|ENTERING_MANAGED_PKG|Centify
18:27:00.14 (181113581)|ENTERING_MANAGED_PKG|Centify
18:27:00.14 (181183923)|ENTERING_MANAGED_PKG|Centify
18:27:00.14 (181304895)|ENTERING_MANAGED_PKG|Centify
18:27:00.14 (181325417)|ENTERING_MANAGED_PKG|Centify
18:27:00.14 (181347585)|ENTERING_MANAGED_PKG|Centify
18:27:00.14 (181359966)|ENTERING_MANAGED_PKG|Centify
18:27:00.14 (182151520)|ENTERING_MANAGED_PKG|Centify
18:27:00.14 (182175166)|ENTERING_MANAGED_PKG|Centify
18:27:00.14 (182186655)|ENTERING_MANAGED_PKG|Centify
18:27:00.14 (182256957)|ENTERING_MANAGED_PKG|Centify
18:27:00.14 (182377032)|ENTERING_MANAGED_PKG|Centify
18:27:00.14 (182397381)|ENTERING_MANAGED_PKG|Centify
18:27:00.14 (182425761)|ENTERING_MANAGED_PKG|Centify
18:27:00.14 (182438553)|ENTERING_MANAGED_PKG|Centify
18:27:00.14 (183273036)|ENTERING_MANAGED_PKG|Centify
18:27:00.14 (183296069)|ENTERING_MANAGED_PKG|Centify
18:27:00.14 (183307377)|ENTERING_MANAGED_PKG|Centify
18:27:00.14 (183376645)|ENTERING_MANAGED_PKG|Centify
18:27:00.14 (183497117)|ENTERING_MANAGED_PKG|Centify
18:27:00.14 (183517360)|ENTERING_MANAGED_PKG|Centify
18:27:00.14 (183538994)|ENTERING_MANAGED_PKG|Centify
18:27:00.14 (183550237)|ENTERING_MANAGED_PKG|Centify
18:27:00.14 (184596188)|ENTERING_MANAGED_PKG|Centify
18:27:00.14 (184623828)|ENTERING_MANAGED_PKG|Centify
18:27:00.14 (184636424)|ENTERING_MANAGED_PKG|Centify
18:27:00.14 (184714555)|ENTERING_MANAGED_PKG|Centify
18:27:00.14 (184841495)|ENTERING_MANAGED_PKG|Centify
18:27:00.14 (184862341)|ENTERING_MANAGED_PKG|Centify
18:27:00.14 (184886035)|ENTERING_MANAGED_PKG|Centify
18:27:00.14 (184898095)|ENTERING_MANAGED_PKG|Centify
18:27:00.14 (186002796)|ENTERING_MANAGED_PKG|Centify
18:27:00.14 (186029723)|ENTERING_MANAGED_PKG|Centify
18:27:00.14 (186042157)|ENTERING_MANAGED_PKG|Centify
18:27:00.14 (186116649)|ENTERING_MANAGED_PKG|Centify
18:27:00.14 (186239810)|ENTERING_MANAGED_PKG|Centify
18:27:00.14 (186260887)|ENTERING_MANAGED_PKG|Centify
18:27:00.14 (186284060)|ENTERING_MANAGED_PKG|Centify
18:27:00.14 (186295735)|ENTERING_MANAGED_PKG|Centify
18:27:00.14 (187427100)|ENTERING_MANAGED_PKG|Centify
18:27:00.14 (187451352)|ENTERING_MANAGED_PKG|Centify
18:27:00.14 (187462686)|ENTERING_MANAGED_PKG|Centify
18:27:00.14 (187533930)|ENTERING_MANAGED_PKG|Centify
18:27:00.14 (187655387)|ENTERING_MANAGED_PKG|Centify
18:27:00.14 (187675789)|ENTERING_MANAGED_PKG|Centify
18:27:00.14 (187699313)|ENTERING_MANAGED_PKG|Centify
18:27:00.14 (187711602)|ENTERING_MANAGED_PKG|Centify
18:27:00.14 (188936133)|ENTERING_MANAGED_PKG|Centify
18:27:00.14 (188960437)|ENTERING_MANAGED_PKG|Centify
18:27:00.14 (188976211)|ENTERING_MANAGED_PKG|Centify
18:27:00.14 (189050121)|ENTERING_MANAGED_PKG|Centify
18:27:00.14 (189172905)|ENTERING_MANAGED_PKG|Centify
18:27:00.14 (189194143)|ENTERING_MANAGED_PKG|Centify
18:27:00.14 (189216176)|ENTERING_MANAGED_PKG|Centify
18:27:00.14 (189227714)|ENTERING_MANAGED_PKG|Centify
18:27:00.14 (190536844)|ENTERING_MANAGED_PKG|Centify
18:27:00.14 (190559969)|ENTERING_MANAGED_PKG|Centify
18:27:00.14 (190571398)|ENTERING_MANAGED_PKG|Centify
18:27:00.14 (190642254)|ENTERING_MANAGED_PKG|Centify
18:27:00.14 (190761676)|ENTERING_MANAGED_PKG|Centify
18:27:00.14 (190782126)|ENTERING_MANAGED_PKG|Centify
18:27:00.14 (190804164)|ENTERING_MANAGED_PKG|Centify
18:27:00.14 (190815233)|ENTERING_MANAGED_PKG|Centify
18:27:00.14 (192218857)|ENTERING_MANAGED_PKG|Centify
18:27:00.14 (192243251)|ENTERING_MANAGED_PKG|Centify
18:27:00.14 (192254735)|ENTERING_MANAGED_PKG|Centify
18:27:00.14 (192323622)|ENTERING_MANAGED_PKG|Centify
18:27:00.14 (192442880)|ENTERING_MANAGED_PKG|Centify
18:27:00.14 (192462996)|ENTERING_MANAGED_PKG|Centify
18:27:00.14 (192485108)|ENTERING_MANAGED_PKG|Centify
18:27:00.14 (192497112)|ENTERING_MANAGED_PKG|Centify
18:27:00.14 (194002471)|ENTERING_MANAGED_PKG|Centify
18:27:00.14 (194027695)|ENTERING_MANAGED_PKG|Centify
18:27:00.14 (194039547)|ENTERING_MANAGED_PKG|Centify
18:27:00.14 (194110497)|ENTERING_MANAGED_PKG|Centify
18:27:00.14 (194147419)|ENTERING_MANAGED_PKG|Centify
18:27:00.14 (194178049)|ENTERING_MANAGED_PKG|Centify
18:27:00.14 (194200348)|ENTERING_MANAGED_PKG|Centify
18:27:00.14 (194409931)|ENTERING_MANAGED_PKG|Centify
18:27:00.14 (194450193)|ENTERING_MANAGED_PKG|Centify
18:27:00.14 (196506786)|ENTERING_MANAGED_PKG|Centify
18:27:00.14 (196555277)|ENTERING_MANAGED_PKG|Centify
18:27:00.14 (196589250)|ENTERING_MANAGED_PKG|Centify
18:27:00.14 (196645365)|ENTERING_MANAGED_PKG|Centify
18:27:00.14 (196776283)|ENTERING_MANAGED_PKG|Centify
18:27:00.14 (196879022)|ENTERING_MANAGED_PKG|Centify
18:27:00.14 (212931498)|ENTERING_MANAGED_PKG|Centify
18:27:00.14 (212979100)|ENTERING_MANAGED_PKG|Centify
18:27:00.14 (213055154)|ENTERING_MANAGED_PKG|Centify
18:27:00.14 (213082641)|ENTERING_MANAGED_PKG|Centify
18:27:00.14 (219122436)|ENTERING_MANAGED_PKG|Centify
18:27:00.14 (219340524)|ENTERING_MANAGED_PKG|Centify
18:27:00.14 (220017679)|ENTERING_MANAGED_PKG|Centify
18:27:00.14 (220658704)|ENTERING_MANAGED_PKG|Centify
18:27:00.14 (220704600)|ENTERING_MANAGED_PKG|Centify
18:27:00.14 (220790771)|ENTERING_MANAGED_PKG|Centify
18:27:00.14 (220830408)|ENTERING_MANAGED_PKG|Centify
18:27:00.14 (220938753)|ENTERING_MANAGED_PKG|Centify
18:27:00.14 (221149748)|ENTERING_MANAGED_PKG|Centify
18:27:00.14 (221274715)|ENTERING_MANAGED_PKG|Centify
18:27:00.14 (221386803)|ENTERING_MANAGED_PKG|Centify
18:27:00.14 (221496795)|ENTERING_MANAGED_PKG|Centify
18:27:00.14 (221605831)|ENTERING_MANAGED_PKG|Centify
18:27:00.14 (221714926)|ENTERING_MANAGED_PKG|Centify
18:27:00.14 (221824914)|ENTERING_MANAGED_PKG|Centify
18:27:00.14 (221934764)|ENTERING_MANAGED_PKG|Centify
18:27:00.14 (222048152)|ENTERING_MANAGED_PKG|Centify
18:27:00.14 (222158277)|ENTERING_MANAGED_PKG|Centify
18:27:00.14 (222269127)|ENTERING_MANAGED_PKG|Centify
18:27:00.14 (222379178)|ENTERING_MANAGED_PKG|Centify
18:27:00.14 (222490656)|ENTERING_MANAGED_PKG|Centify
18:27:00.14 (222590279)|ENTERING_MANAGED_PKG|Centify
18:27:00.14 (222701297)|ENTERING_MANAGED_PKG|Centify
18:27:00.14 (222817945)|ENTERING_MANAGED_PKG|Centify
18:27:00.14 (222927419)|ENTERING_MANAGED_PKG|Centify
18:27:00.14 (223039879)|ENTERING_MANAGED_PKG|Centify
18:27:00.14 (223149688)|ENTERING_MANAGED_PKG|Centify
18:27:00.14 (223266700)|ENTERING_MANAGED_PKG|Centify
18:27:00.14 (223375946)|ENTERING_MANAGED_PKG|Centify
18:27:00.14 (223484832)|ENTERING_MANAGED_PKG|Centify
18:27:00.14 (223594081)|ENTERING_MANAGED_PKG|Centify
18:27:00.14 (223701540)|ENTERING_MANAGED_PKG|Centify
18:27:00.14 (223860838)|ENTERING_MANAGED_PKG|Centify
18:27:00.14 (223987970)|ENTERING_MANAGED_PKG|Centify
18:27:00.14 (224100313)|ENTERING_MANAGED_PKG|Centify
18:27:00.14 (224212923)|ENTERING_MANAGED_PKG|Centify
18:27:00.14 (224321234)|ENTERING_MANAGED_PKG|Centify
18:27:00.14 (224358852)|ENTERING_MANAGED_PKG|Centify
18:27:00.14 (224389637)|ENTERING_MANAGED_PKG|Centify
18:27:00.14 (224411290)|ENTERING_MANAGED_PKG|Centify
18:27:00.14 (224458252)|ENTERING_MANAGED_PKG|Centify
18:27:00.14 (224502053)|ENTERING_MANAGED_PKG|Centify
18:27:00.14 (226112604)|ENTERING_MANAGED_PKG|Centify
18:27:00.14 (226144076)|ENTERING_MANAGED_PKG|Centify
18:27:00.14 (226169297)|ENTERING_MANAGED_PKG|Centify
18:27:00.14 (226218915)|ENTERING_MANAGED_PKG|Centify
18:27:00.14 (226336657)|ENTERING_MANAGED_PKG|Centify
18:27:00.14 (226404752)|ENTERING_MANAGED_PKG|Centify
18:27:00.14 (241331715)|ENTERING_MANAGED_PKG|Centify
18:27:00.14 (241381633)|ENTERING_MANAGED_PKG|Centify
18:27:00.14 (254847030)|ENTERING_MANAGED_PKG|Centify
18:27:00.14 (254927193)|ENTERING_MANAGED_PKG|Centify
18:27:00.14 (267259030)|ENTERING_MANAGED_PKG|Centify
18:27:00.14 (267302455)|ENTERING_MANAGED_PKG|Centify
18:27:00.14 (280734636)|ENTERING_MANAGED_PKG|Centify
18:27:00.14 (280934025)|ENTERING_MANAGED_PKG|Centify
18:27:00.14 (281191899)|ENTERING_MANAGED_PKG|Centify
18:27:00.14 (281381586)|ENTERING_MANAGED_PKG|Centify
18:27:00.14 (281592595)|ENTERING_MANAGED_PKG|Centify
18:27:00.14 (281641871)|ENTERING_MANAGED_PKG|Centify
18:27:00.14 (281730754)|ENTERING_MANAGED_PKG|Centify
18:27:00.14 (281756990)|ENTERING_MANAGED_PKG|Centify
18:27:00.14 (288104916)|ENTERING_MANAGED_PKG|Centify
18:27:00.14 (288322959)|ENTERING_MANAGED_PKG|Centify
18:27:00.14 (289054888)|ENTERING_MANAGED_PKG|Centify
18:27:00.14 (289780661)|ENTERING_MANAGED_PKG|Centify
18:27:00.14 (289825345)|ENTERING_MANAGED_PKG|Centify
18:27:00.14 (289914047)|ENTERING_MANAGED_PKG|Centify
18:27:00.14 (289952855)|ENTERING_MANAGED_PKG|Centify
18:27:00.14 (290063278)|ENTERING_MANAGED_PKG|Centify
18:27:00.14 (290199166)|ENTERING_MANAGED_PKG|Centify
18:27:00.14 (290315161)|ENTERING_MANAGED_PKG|Centify
18:27:00.14 (290425552)|ENTERING_MANAGED_PKG|Centify
18:27:00.14 (290534568)|ENTERING_MANAGED_PKG|Centify
18:27:00.14 (290643211)|ENTERING_MANAGED_PKG|Centify
18:27:00.14 (290749199)|ENTERING_MANAGED_PKG|Centify
18:27:00.14 (290854741)|ENTERING_MANAGED_PKG|Centify
18:27:00.14 (290963009)|ENTERING_MANAGED_PKG|Centify
18:27:00.14 (291077155)|ENTERING_MANAGED_PKG|Centify
18:27:00.14 (291186512)|ENTERING_MANAGED_PKG|Centify
18:27:00.14 (291295903)|ENTERING_MANAGED_PKG|Centify
18:27:00.14 (291444286)|ENTERING_MANAGED_PKG|Centify
18:27:00.14 (291552732)|ENTERING_MANAGED_PKG|Centify
18:27:00.14 (291663248)|ENTERING_MANAGED_PKG|Centify
18:27:00.14 (291767503)|ENTERING_MANAGED_PKG|Centify
18:27:00.14 (291871836)|ENTERING_MANAGED_PKG|Centify
18:27:00.14 (291992153)|ENTERING_MANAGED_PKG|Centify
18:27:00.14 (292104809)|ENTERING_MANAGED_PKG|Centify
18:27:00.14 (292213090)|ENTERING_MANAGED_PKG|Centify
18:27:00.14 (292320150)|ENTERING_MANAGED_PKG|Centify
18:27:00.14 (292428081)|ENTERING_MANAGED_PKG|Centify
18:27:00.14 (292534319)|ENTERING_MANAGED_PKG|Centify
18:27:00.14 (292640573)|ENTERING_MANAGED_PKG|Centify
18:27:00.14 (292747140)|ENTERING_MANAGED_PKG|Centify
18:27:00.14 (292853054)|ENTERING_MANAGED_PKG|Centify
18:27:00.14 (292961241)|ENTERING_MANAGED_PKG|Centify
18:27:00.14 (293074112)|ENTERING_MANAGED_PKG|Centify
18:27:00.14 (293182161)|ENTERING_MANAGED_PKG|Centify
18:27:00.14 (293288378)|ENTERING_MANAGED_PKG|Centify
18:27:00.14 (293396816)|ENTERING_MANAGED_PKG|Centify
18:27:00.14 (293506710)|ENTERING_MANAGED_PKG|Centify
18:27:00.14 (293542343)|ENTERING_MANAGED_PKG|Centify
18:27:00.14 (293571618)|ENTERING_MANAGED_PKG|Centify
18:27:00.14 (293592662)|ENTERING_MANAGED_PKG|Centify
18:27:00.14 (293636859)|ENTERING_MANAGED_PKG|Centify
18:27:00.14 (293673908)|ENTERING_MANAGED_PKG|Centify
18:27:00.14 (295454879)|ENTERING_MANAGED_PKG|Centify
18:27:00.14 (295487637)|ENTERING_MANAGED_PKG|Centify
18:27:00.14 (295512386)|ENTERING_MANAGED_PKG|Centify
18:27:00.14 (295560907)|ENTERING_MANAGED_PKG|Centify
18:27:00.14 (295671435)|ENTERING_MANAGED_PKG|Centify
18:27:00.14 (295739861)|ENTERING_MANAGED_PKG|Centify
18:27:00.14 (314504419)|ENTERING_MANAGED_PKG|Centify
18:27:00.14 (314555114)|ENTERING_MANAGED_PKG|Centify
18:27:00.14 (329147424)|ENTERING_MANAGED_PKG|Centify
18:27:00.14 (329272008)|ENTERING_MANAGED_PKG|Centify
18:27:00.14 (342975685)|ENTERING_MANAGED_PKG|Centify
18:27:00.14 (343018775)|ENTERING_MANAGED_PKG|Centify
18:27:00.14 (357396326)|ENTERING_MANAGED_PKG|Centify
18:27:00.14 (357520149)|ENTERING_MANAGED_PKG|Centify
18:27:00.14 (357664425)|ENTERING_MANAGED_PKG|Centify
18:27:00.14 (357801486)|ENTERING_MANAGED_PKG|Centify
18:27:00.14 (357928182)|ENTERING_MANAGED_PKG|Centify
18:27:00.14 (357961899)|ENTERING_MANAGED_PKG|Centify
18:27:00.14 (358029445)|ENTERING_MANAGED_PKG|Centify
18:27:00.14 (358054865)|ENTERING_MANAGED_PKG|Centify
18:27:00.14 (364686605)|ENTERING_MANAGED_PKG|Centify
18:27:00.14 (364943988)|ENTERING_MANAGED_PKG|Centify
18:27:00.14 (365332476)|ENTERING_MANAGED_PKG|Centify
18:27:00.14 (365936082)|ENTERING_MANAGED_PKG|Centify
18:27:00.14 (365982766)|ENTERING_MANAGED_PKG|Centify
18:27:00.14 (366068628)|ENTERING_MANAGED_PKG|Centify
18:27:00.14 (366108563)|ENTERING_MANAGED_PKG|Centify
18:27:00.14 (366211527)|ENTERING_MANAGED_PKG|Centify
18:27:00.14 (366346875)|ENTERING_MANAGED_PKG|Centify
18:27:00.14 (366461013)|ENTERING_MANAGED_PKG|Centify
18:27:00.14 (366570581)|ENTERING_MANAGED_PKG|Centify
18:27:00.14 (366679578)|ENTERING_MANAGED_PKG|Centify
18:27:00.14 (366789071)|ENTERING_MANAGED_PKG|Centify
18:27:00.14 (366899221)|ENTERING_MANAGED_PKG|Centify
18:27:00.14 (367013812)|ENTERING_MANAGED_PKG|Centify
18:27:00.14 (367123357)|ENTERING_MANAGED_PKG|Centify
18:27:00.14 (367232182)|ENTERING_MANAGED_PKG|Centify
18:27:00.14 (367339113)|ENTERING_MANAGED_PKG|Centify
18:27:00.14 (367471285)|ENTERING_MANAGED_PKG|Centify
18:27:00.14 (367597833)|ENTERING_MANAGED_PKG|Centify
18:27:00.14 (367724348)|ENTERING_MANAGED_PKG|Centify
18:27:00.14 (367850669)|ENTERING_MANAGED_PKG|Centify
18:27:00.14 (367981907)|ENTERING_MANAGED_PKG|Centify
18:27:00.14 (368106367)|ENTERING_MANAGED_PKG|Centify
18:27:00.14 (368217582)|ENTERING_MANAGED_PKG|Centify
18:27:00.14 (368359616)|ENTERING_MANAGED_PKG|Centify
18:27:00.14 (368489672)|ENTERING_MANAGED_PKG|Centify
18:27:00.14 (368598357)|ENTERING_MANAGED_PKG|Centify
18:27:00.14 (368705419)|ENTERING_MANAGED_PKG|Centify
18:27:00.14 (368812635)|ENTERING_MANAGED_PKG|Centify
18:27:00.14 (368924464)|ENTERING_MANAGED_PKG|Centify
18:27:00.14 (369032652)|ENTERING_MANAGED_PKG|Centify
18:27:00.14 (369140124)|ENTERING_MANAGED_PKG|Centify
18:27:00.14 (369245851)|ENTERING_MANAGED_PKG|Centify
18:27:00.14 (369352555)|ENTERING_MANAGED_PKG|Centify
18:27:00.14 (369460951)|ENTERING_MANAGED_PKG|Centify
18:27:00.14 (369569928)|ENTERING_MANAGED_PKG|Centify
18:27:00.14 (369672448)|ENTERING_MANAGED_PKG|Centify
18:27:00.14 (369783034)|ENTERING_MANAGED_PKG|Centify
18:27:00.14 (369898370)|ENTERING_MANAGED_PKG|Centify
18:27:00.14 (370014960)|ENTERING_MANAGED_PKG|Centify
18:27:00.14 (370123269)|ENTERING_MANAGED_PKG|Centify
18:27:00.14 (370229646)|ENTERING_MANAGED_PKG|Centify
18:27:00.14 (370336125)|ENTERING_MANAGED_PKG|Centify
18:27:00.14 (370444725)|ENTERING_MANAGED_PKG|Centify
18:27:00.14 (370553119)|ENTERING_MANAGED_PKG|Centify
18:27:00.14 (370661689)|ENTERING_MANAGED_PKG|Centify
18:27:00.14 (370769375)|ENTERING_MANAGED_PKG|Centify
18:27:00.14 (370876628)|ENTERING_MANAGED_PKG|Centify
18:27:00.14 (371003770)|ENTERING_MANAGED_PKG|Centify
18:27:00.14 (371074299)|ENTERING_MANAGED_PKG|Centify
18:27:00.14 (371115066)|ENTERING_MANAGED_PKG|Centify
18:27:00.14 (371139069)|ENTERING_MANAGED_PKG|Centify
18:27:00.14 (371162709)|ENTERING_MANAGED_PKG|Centify
18:27:00.14 (371175320)|ENTERING_MANAGED_PKG|Centify
18:27:00.14 (371444561)|ENTERING_MANAGED_PKG|Centify
18:27:00.14 (371469706)|ENTERING_MANAGED_PKG|Centify
18:27:00.14 (371481974)|ENTERING_MANAGED_PKG|Centify
18:27:00.14 (371557052)|ENTERING_MANAGED_PKG|Centify
18:27:00.14 (371681199)|ENTERING_MANAGED_PKG|Centify
18:27:00.14 (371702116)|ENTERING_MANAGED_PKG|Centify
18:27:00.14 (371724708)|ENTERING_MANAGED_PKG|Centify
18:27:00.14 (371736324)|ENTERING_MANAGED_PKG|Centify
18:27:00.14 (372058812)|ENTERING_MANAGED_PKG|Centify
18:27:00.14 (372082890)|ENTERING_MANAGED_PKG|Centify
18:27:00.14 (372094631)|ENTERING_MANAGED_PKG|Centify
18:27:00.14 (372167523)|ENTERING_MANAGED_PKG|Centify
18:27:00.14 (372342823)|ENTERING_MANAGED_PKG|Centify
18:27:00.14 (372374734)|ENTERING_MANAGED_PKG|Centify
18:27:00.14 (372399575)|ENTERING_MANAGED_PKG|Centify
18:27:00.14 (372411772)|ENTERING_MANAGED_PKG|Centify
18:27:00.14 (372842270)|ENTERING_MANAGED_PKG|Centify
18:27:00.14 (372865438)|ENTERING_MANAGED_PKG|Centify
18:27:00.14 (372877334)|ENTERING_MANAGED_PKG|Centify
18:27:00.14 (372958265)|ENTERING_MANAGED_PKG|Centify
18:27:00.14 (373081733)|ENTERING_MANAGED_PKG|Centify
18:27:00.14 (373103045)|ENTERING_MANAGED_PKG|Centify
18:27:00.14 (373125844)|ENTERING_MANAGED_PKG|Centify
18:27:00.14 (373137380)|ENTERING_MANAGED_PKG|Centify
18:27:00.14 (373636233)|ENTERING_MANAGED_PKG|Centify
18:27:00.14 (373659805)|ENTERING_MANAGED_PKG|Centify
18:27:00.14 (373671445)|ENTERING_MANAGED_PKG|Centify
18:27:00.14 (373743017)|ENTERING_MANAGED_PKG|Centify
18:27:00.14 (373864238)|ENTERING_MANAGED_PKG|Centify
18:27:00.14 (373885178)|ENTERING_MANAGED_PKG|Centify
18:27:00.14 (373908029)|ENTERING_MANAGED_PKG|Centify
18:27:00.14 (373928429)|ENTERING_MANAGED_PKG|Centify
18:27:00.14 (374516832)|ENTERING_MANAGED_PKG|Centify
18:27:00.14 (374540305)|ENTERING_MANAGED_PKG|Centify
18:27:00.14 (374551748)|ENTERING_MANAGED_PKG|Centify
18:27:00.14 (374621432)|ENTERING_MANAGED_PKG|Centify
18:27:00.14 (374741057)|ENTERING_MANAGED_PKG|Centify
18:27:00.14 (374762499)|ENTERING_MANAGED_PKG|Centify
18:27:00.14 (374784719)|ENTERING_MANAGED_PKG|Centify
18:27:00.14 (374795956)|ENTERING_MANAGED_PKG|Centify
18:27:00.14 (375487519)|ENTERING_MANAGED_PKG|Centify
18:27:00.14 (375510865)|ENTERING_MANAGED_PKG|Centify
18:27:00.14 (375522473)|ENTERING_MANAGED_PKG|Centify
18:27:00.14 (375592998)|ENTERING_MANAGED_PKG|Centify
18:27:00.14 (375709051)|ENTERING_MANAGED_PKG|Centify
18:27:00.14 (375820258)|ENTERING_MANAGED_PKG|Centify
18:27:00.14 (375936488)|ENTERING_MANAGED_PKG|Centify
18:27:00.14 (376046617)|ENTERING_MANAGED_PKG|Centify
18:27:00.14 (376155058)|ENTERING_MANAGED_PKG|Centify
18:27:00.14 (376263638)|ENTERING_MANAGED_PKG|Centify
18:27:00.14 (376371342)|ENTERING_MANAGED_PKG|Centify
18:27:00.14 (376481715)|ENTERING_MANAGED_PKG|Centify
18:27:00.14 (376590010)|ENTERING_MANAGED_PKG|Centify
18:27:00.14 (376698695)|ENTERING_MANAGED_PKG|Centify
18:27:00.14 (376807534)|ENTERING_MANAGED_PKG|Centify
18:27:00.14 (376920551)|ENTERING_MANAGED_PKG|Centify
18:27:00.14 (377031719)|ENTERING_MANAGED_PKG|Centify
18:27:00.14 (377142565)|ENTERING_MANAGED_PKG|Centify
18:27:00.14 (377178665)|ENTERING_MANAGED_PKG|Centify
18:27:00.14 (377209170)|ENTERING_MANAGED_PKG|Centify
18:27:00.14 (377250087)|ENTERING_MANAGED_PKG|Centify
18:27:00.14 (377386568)|ENTERING_MANAGED_PKG|Centify
18:27:00.14 (377413785)|ENTERING_MANAGED_PKG|Centify
18:27:00.14 (379128829)|ENTERING_MANAGED_PKG|Centify
18:27:00.14 (379166719)|ENTERING_MANAGED_PKG|Centify
18:27:00.14 (379190710)|ENTERING_MANAGED_PKG|Centify
18:27:00.14 (379274550)|ENTERING_MANAGED_PKG|Centify
18:27:00.14 (379299926)|ENTERING_MANAGED_PKG|Centify
18:27:00.14 (379366605)|ENTERING_MANAGED_PKG|Centify
18:27:00.14 (379391244)|ENTERING_MANAGED_PKG|Centify
18:27:00.14 (385389912)|ENTERING_MANAGED_PKG|Centify
18:27:00.14 (385626832)|ENTERING_MANAGED_PKG|Centify
18:27:00.14 (386018435)|ENTERING_MANAGED_PKG|Centify
18:27:00.14 (386508514)|ENTERING_MANAGED_PKG|Centify
18:27:00.14 (386558614)|ENTERING_MANAGED_PKG|Centify
18:27:00.14 (386649776)|ENTERING_MANAGED_PKG|Centify
18:27:00.14 (386688529)|ENTERING_MANAGED_PKG|Centify
18:27:00.14 (386791653)|ENTERING_MANAGED_PKG|Centify
18:27:00.14 (386930775)|ENTERING_MANAGED_PKG|Centify
18:27:00.14 (387045695)|ENTERING_MANAGED_PKG|Centify
18:27:00.14 (387156270)|ENTERING_MANAGED_PKG|Centify
18:27:00.14 (387265150)|ENTERING_MANAGED_PKG|Centify
18:27:00.14 (387375640)|ENTERING_MANAGED_PKG|Centify
18:27:00.14 (387487713)|ENTERING_MANAGED_PKG|Centify
18:27:00.14 (387599088)|ENTERING_MANAGED_PKG|Centify
18:27:00.14 (387708389)|ENTERING_MANAGED_PKG|Centify
18:27:00.14 (387816425)|ENTERING_MANAGED_PKG|Centify
18:27:00.14 (387920799)|ENTERING_MANAGED_PKG|Centify
18:27:00.14 (388029313)|ENTERING_MANAGED_PKG|Centify
18:27:00.14 (388141710)|ENTERING_MANAGED_PKG|Centify
18:27:00.14 (388250957)|ENTERING_MANAGED_PKG|Centify
18:27:00.14 (388358002)|ENTERING_MANAGED_PKG|Centify
18:27:00.14 (388466039)|ENTERING_MANAGED_PKG|Centify
18:27:00.14 (388582751)|ENTERING_MANAGED_PKG|Centify
18:27:00.14 (388731927)|ENTERING_MANAGED_PKG|Centify
18:27:00.14 (388858326)|ENTERING_MANAGED_PKG|Centify
18:27:00.14 (388975067)|ENTERING_MANAGED_PKG|Centify
18:27:00.14 (389084154)|ENTERING_MANAGED_PKG|Centify
18:27:00.14 (389191343)|ENTERING_MANAGED_PKG|Centify
18:27:00.14 (389226575)|ENTERING_MANAGED_PKG|Centify
18:27:00.14 (389258433)|ENTERING_MANAGED_PKG|Centify
18:27:00.14 (389282048)|ENTERING_MANAGED_PKG|Centify
18:27:00.14 (389327918)|ENTERING_MANAGED_PKG|Centify
18:27:00.14 (389365252)|ENTERING_MANAGED_PKG|Centify
18:27:00.14 (390508037)|ENTERING_MANAGED_PKG|Centify
18:27:00.14 (390535701)|ENTERING_MANAGED_PKG|Centify
18:27:00.14 (390558447)|ENTERING_MANAGED_PKG|Centify
18:27:00.14 (390624888)|ENTERING_MANAGED_PKG|Centify
18:27:00.14 (390693633)|ENTERING_MANAGED_PKG|Centify
18:27:00.14 (390800115)|ENTERING_MANAGED_PKG|Centify
18:27:00.14 (390876020)|ENTERING_MANAGED_PKG|Centify
18:27:00.14 (390901339)|ENTERING_MANAGED_PKG|Centify
18:27:00.14 (397002452)|ENTERING_MANAGED_PKG|Centify
18:27:00.14 (397226742)|ENTERING_MANAGED_PKG|Centify
18:27:00.14 (397738978)|ENTERING_MANAGED_PKG|Centify
18:27:00.14 (398349806)|ENTERING_MANAGED_PKG|Centify
18:27:00.14 (398395826)|ENTERING_MANAGED_PKG|Centify
18:27:00.14 (398482171)|ENTERING_MANAGED_PKG|Centify
18:27:00.14 (398521004)|ENTERING_MANAGED_PKG|Centify
18:27:00.14 (398621353)|ENTERING_MANAGED_PKG|Centify
18:27:00.14 (398750817)|ENTERING_MANAGED_PKG|Centify
18:27:00.14 (398888421)|ENTERING_MANAGED_PKG|Centify
18:27:00.14 (399048686)|ENTERING_MANAGED_PKG|Centify
18:27:00.14 (399164166)|ENTERING_MANAGED_PKG|Centify
18:27:00.14 (399271806)|ENTERING_MANAGED_PKG|Centify
18:27:00.14 (399378841)|ENTERING_MANAGED_PKG|Centify
18:27:00.14 (399486212)|ENTERING_MANAGED_PKG|Centify
18:27:00.14 (399593766)|ENTERING_MANAGED_PKG|Centify
18:27:00.14 (399700408)|ENTERING_MANAGED_PKG|Centify
18:27:00.14 (399809541)|ENTERING_MANAGED_PKG|Centify
18:27:00.14 (399922940)|ENTERING_MANAGED_PKG|Centify
18:27:00.14 (400031444)|ENTERING_MANAGED_PKG|Centify
18:27:00.14 (400139703)|ENTERING_MANAGED_PKG|Centify
18:27:00.14 (400246409)|ENTERING_MANAGED_PKG|Centify
18:27:00.14 (400355404)|ENTERING_MANAGED_PKG|Centify
18:27:00.14 (400456487)|ENTERING_MANAGED_PKG|Centify
18:27:00.14 (400562246)|ENTERING_MANAGED_PKG|Centify
18:27:00.14 (400673643)|ENTERING_MANAGED_PKG|Centify
18:27:00.14 (400780125)|ENTERING_MANAGED_PKG|Centify
18:27:00.14 (400887246)|ENTERING_MANAGED_PKG|Centify
18:27:00.14 (401000165)|ENTERING_MANAGED_PKG|Centify
18:27:00.14 (401108847)|ENTERING_MANAGED_PKG|Centify
18:27:00.14 (401213507)|ENTERING_MANAGED_PKG|Centify
18:27:00.14 (401366668)|ENTERING_MANAGED_PKG|Centify
18:27:00.14 (401486502)|ENTERING_MANAGED_PKG|Centify
18:27:00.14 (401593184)|ENTERING_MANAGED_PKG|Centify
18:27:00.14 (401699997)|ENTERING_MANAGED_PKG|Centify
18:27:00.14 (401806278)|ENTERING_MANAGED_PKG|Centify
18:27:00.14 (401917925)|ENTERING_MANAGED_PKG|Centify
18:27:00.14 (402026683)|ENTERING_MANAGED_PKG|Centify
18:27:00.14 (402134197)|ENTERING_MANAGED_PKG|Centify
18:27:00.14 (402243814)|ENTERING_MANAGED_PKG|Centify
18:27:00.14 (402354822)|ENTERING_MANAGED_PKG|Centify
18:27:00.14 (402393445)|ENTERING_MANAGED_PKG|Centify
18:27:00.14 (402424505)|ENTERING_MANAGED_PKG|Centify
18:27:00.14 (402446664)|ENTERING_MANAGED_PKG|Centify
18:27:00.14 (402494390)|ENTERING_MANAGED_PKG|Centify
18:27:00.14 (402532936)|ENTERING_MANAGED_PKG|Centify
18:27:00.14 (403925415)|ENTERING_MANAGED_PKG|Centify
18:27:00.14 (403955234)|ENTERING_MANAGED_PKG|Centify
18:27:00.14 (403979452)|ENTERING_MANAGED_PKG|Centify
18:27:00.14 (404028237)|ENTERING_MANAGED_PKG|Centify
18:27:00.14 (404140642)|ENTERING_MANAGED_PKG|Centify
18:27:00.14 (404206791)|ENTERING_MANAGED_PKG|Centify
18:27:00.14 (418122814)|ENTERING_MANAGED_PKG|Centify
18:27:00.14 (418167697)|ENTERING_MANAGED_PKG|Centify
18:27:00.14 (431849336)|ENTERING_MANAGED_PKG|Centify
18:27:00.14 (431891573)|ENTERING_MANAGED_PKG|Centify
18:27:00.14 (431970520)|ENTERING_MANAGED_PKG|Centify
18:27:00.14 (431998673)|ENTERING_MANAGED_PKG|Centify
18:27:00.14 (438011304)|ENTERING_MANAGED_PKG|Centify
18:27:00.14 (438220765)|ENTERING_MANAGED_PKG|Centify
18:27:00.14 (438599868)|ENTERING_MANAGED_PKG|Centify
18:27:00.14 (439141528)|ENTERING_MANAGED_PKG|Centify
18:27:00.14 (439186736)|ENTERING_MANAGED_PKG|Centify
18:27:00.14 (439270646)|ENTERING_MANAGED_PKG|Centify
18:27:00.14 (439308059)|ENTERING_MANAGED_PKG|Centify
18:27:00.14 (439407079)|ENTERING_MANAGED_PKG|Centify
18:27:00.14 (439539742)|ENTERING_MANAGED_PKG|Centify
18:27:00.14 (439653101)|ENTERING_MANAGED_PKG|Centify
18:27:00.14 (439760341)|ENTERING_MANAGED_PKG|Centify
18:27:00.14 (439869446)|ENTERING_MANAGED_PKG|Centify
18:27:00.14 (439984914)|ENTERING_MANAGED_PKG|Centify
18:27:00.14 (440093788)|ENTERING_MANAGED_PKG|Centify
18:27:00.14 (440202445)|ENTERING_MANAGED_PKG|Centify
18:27:00.14 (440308907)|ENTERING_MANAGED_PKG|Centify
18:27:00.14 (440418900)|ENTERING_MANAGED_PKG|Centify
18:27:00.14 (440525376)|ENTERING_MANAGED_PKG|Centify
18:27:00.14 (440623715)|ENTERING_MANAGED_PKG|Centify
18:27:00.14 (440729648)|ENTERING_MANAGED_PKG|Centify
18:27:00.14 (440844133)|ENTERING_MANAGED_PKG|Centify
18:27:00.14 (440957229)|ENTERING_MANAGED_PKG|Centify
18:27:00.14 (441065372)|ENTERING_MANAGED_PKG|Centify
18:27:00.14 (441175030)|ENTERING_MANAGED_PKG|Centify
18:27:00.14 (441282459)|ENTERING_MANAGED_PKG|Centify
18:27:00.14 (441392039)|ENTERING_MANAGED_PKG|Centify
18:27:00.14 (441497960)|ENTERING_MANAGED_PKG|Centify
18:27:00.14 (441603873)|ENTERING_MANAGED_PKG|Centify
18:27:00.14 (441710421)|ENTERING_MANAGED_PKG|Centify
18:27:00.14 (441840834)|ENTERING_MANAGED_PKG|Centify
18:27:00.14 (441960478)|ENTERING_MANAGED_PKG|Centify
18:27:00.14 (441994423)|ENTERING_MANAGED_PKG|Centify
18:27:00.14 (442025369)|ENTERING_MANAGED_PKG|Centify
18:27:00.14 (442048060)|ENTERING_MANAGED_PKG|Centify
18:27:00.14 (442092533)|ENTERING_MANAGED_PKG|Centify
18:27:00.14 (442129638)|ENTERING_MANAGED_PKG|Centify
18:27:00.14 (443228991)|ENTERING_MANAGED_PKG|Centify
18:27:00.14 (443257261)|ENTERING_MANAGED_PKG|Centify
18:27:00.14 (443279882)|ENTERING_MANAGED_PKG|Centify
18:27:00.14 (443344032)|ENTERING_MANAGED_PKG|Centify
18:27:00.14 (443396368)|ENTERING_MANAGED_PKG|Centify
18:27:00.14 (443444269)|ENTERING_MANAGED_PKG|Centify
18:27:00.14 (443668813)|ENTERING_MANAGED_PKG|Centify
18:27:00.14 (445814382)|ENTERING_MANAGED_PKG|Centify
18:27:00.14 (445869975)|ENTERING_MANAGED_PKG|Centify
18:27:00.14 (445995398)|ENTERING_MANAGED_PKG|Centify
18:27:00.14 (498277834)|ENTERING_MANAGED_PKG|Centify
18:27:00.14 (498360274)|ENTERING_MANAGED_PKG|Centify
18:27:00.14 (498452415)|ENTERING_MANAGED_PKG|Centify
18:27:00.14 (539223630)|ENTERING_MANAGED_PKG|Centify
18:27:00.14 (539305913)|ENTERING_MANAGED_PKG|Centify
18:27:00.14 (539394452)|ENTERING_MANAGED_PKG|Centify
18:27:00.14 (574777599)|ENTERING_MANAGED_PKG|Centify
18:27:00.14 (574870319)|ENTERING_MANAGED_PKG|Centify
18:27:00.14 (574966265)|ENTERING_MANAGED_PKG|Centify
18:27:00.14 (614662518)|ENTERING_MANAGED_PKG|Centify
18:27:00.14 (614790222)|ENTERING_MANAGED_PKG|Centify
18:27:00.14 (614931265)|ENTERING_MANAGED_PKG|Centify
18:27:00.14 (668798684)|ENTERING_MANAGED_PKG|Centify
18:27:00.14 (668915325)|ENTERING_MANAGED_PKG|Centify
18:27:00.14 (669050196)|ENTERING_MANAGED_PKG|Centify
18:27:00.14 (692880608)|ENTERING_MANAGED_PKG|Centify
18:27:00.14 (692986610)|ENTERING_MANAGED_PKG|Centify
18:27:00.14 (693087411)|ENTERING_MANAGED_PKG|Centify
18:27:00.14 (718157506)|ENTERING_MANAGED_PKG|Centify
18:27:00.14 (718237228)|ENTERING_MANAGED_PKG|Centify
18:27:00.14 (718327247)|ENTERING_MANAGED_PKG|Centify
18:27:00.14 (745474831)|ENTERING_MANAGED_PKG|Centify
18:27:00.14 (745598988)|ENTERING_MANAGED_PKG|Centify
18:27:00.14 (762958907)|ENTERING_MANAGED_PKG|Centify
18:27:00.14 (763039241)|ENTERING_MANAGED_PKG|Centify
18:27:00.14 (763171033)|ENTERING_MANAGED_PKG|Centify
18:27:00.14 (794807665)|ENTERING_MANAGED_PKG|Centify
18:27:00.14 (798603051)|ENTERING_MANAGED_PKG|Centify
18:27:00.14 (798723346)|ENTERING_MANAGED_PKG|Centify
18:27:00.14 (798879465)|ENTERING_MANAGED_PKG|Centify
18:27:00.14 (800982409)|ENTERING_MANAGED_PKG|Centify
18:27:00.14 (801025782)|ENTERING_MANAGED_PKG|Centify
18:27:00.14 (801092261)|ENTERING_MANAGED_PKG|Centify
18:27:00.14 (801594394)|ENTERING_MANAGED_PKG|Centify
18:27:00.14 (803992547)|SOQL_EXECUTE_BEGIN|[16]|Aggregations:0|SELECT Id, CronExpression, CronJobDetail.Name FROM CronTrigger WHERE CronJobDetail.Name LIKE '%Spinify%'
18:27:00.14 (809233911)|SOQL_EXECUTE_END|[16]|Rows:10
18:27:00.14 (809578448)|ENTERING_MANAGED_PKG|Centify
18:27:00.14 (809719221)|ENTERING_MANAGED_PKG|Centify
18:27:00.14 (809775648)|ENTERING_MANAGED_PKG|Centify
18:27:00.14 (810071939)|ENTERING_MANAGED_PKG|Centify
18:27:00.14 (810171268)|ENTERING_MANAGED_PKG|Centify
18:27:00.14 (810247743)|ENTERING_MANAGED_PKG|Centify
18:27:00.14 (810334966)|ENTERING_MANAGED_PKG|Centify
18:27:00.14 (811116498)|ENTERING_MANAGED_PKG|Centify
18:27:00.879 (879723203)|CUMULATIVE_LIMIT_USAGE
18:27:00.879 (879723203)|LIMIT_USAGE_FOR_NS|(default)|
  Number of SOQL queries: 0 out of 100
  Number of query rows: 0 out of 50000
  Number of SOSL queries: 0 out of 20
  Number of DML statements: 0 out of 150
  Number of DML rows: 0 out of 10000
  Maximum CPU time: 385 out of 10000
  Maximum heap size: 0 out of 6000000
  Number of callouts: 0 out of 100
  Number of Email Invocations: 0 out of 10
  Number of future calls: 0 out of 50
  Number of queueable jobs added to the queue: 0 out of 50
  Number of Mobile Apex push calls: 0 out of 10

18:27:00.879 (879723203)|LIMIT_USAGE_FOR_NS|Centify|
  Number of SOQL queries: 3 out of 100
  Number of query rows: 12 out of 50000
  Number of SOSL queries: 0 out of 20
  Number of DML statements: 1 out of 150
  Number of DML rows: 1 out of 10000
  Maximum CPU time: 0 out of 10000
  Maximum heap size: 0 out of 6000000
  Number of callouts: 0 out of 100
  Number of Email Invocations: 0 out of 10
  Number of future calls: 0 out of 50
  Number of queueable jobs added to the queue: 0 out of 50
  Number of Mobile Apex push calls: 0 out of 10

18:27:00.879 (879723203)|CUMULATIVE_LIMIT_USAGE_END

