37.0 APEX_CODE,FINEST;APEX_PROFILING,INFO;CALLOUT,INFO;DB,INFO;NBA,INFO;SYSTEM,DEBUG;VALIDATION,INFO;VISUALFORCE,INFO;WAVE,INFO;WORKFLOW,INFO
13:46:16.22 (22192864)|ENTERING_MANAGED_PKG|Centify
13:46:16.22 (26242153)|ENTERING_MANAGED_PKG|Centify
13:46:16.22 (33620678)|ENTERING_MANAGED_PKG|Centify
13:46:16.22 (33827246)|ENTERING_MANAGED_PKG|Centify
13:46:16.22 (34014122)|ENTERING_MANAGED_PKG|Centify
13:46:16.22 (34994746)|ENTERING_MANAGED_PKG|Centify
13:46:16.22 (35387818)|ENTERING_MANAGED_PKG|Centify
13:46:16.22 (35427341)|ENTERING_MANAGED_PKG|Centify
13:46:16.22 (35519050)|ENTERING_MANAGED_PKG|Centify
13:46:16.22 (35579016)|ENTERING_MANAGED_PKG|Centify
13:46:16.22 (35621162)|ENTERING_MANAGED_PKG|Centify
13:46:16.22 (35645718)|ENTERING_MANAGED_PKG|Centify
13:46:16.22 (35664432)|ENTERING_MANAGED_PKG|Centify
13:46:16.22 (35861767)|ENTERING_MANAGED_PKG|Centify
13:46:16.22 (86789599)|ENTERING_MANAGED_PKG|Centify
13:46:16.22 (86952524)|ENTERING_MANAGED_PKG|Centify
13:46:16.22 (87122857)|ENTERING_MANAGED_PKG|Centify
13:46:16.22 (87254026)|ENTERING_MANAGED_PKG|Centify
13:46:16.22 (318358459)|ENTERING_MANAGED_PKG|Centify
13:46:16.22 (395501018)|ENTERING_MANAGED_PKG|Centify
13:46:16.22 (412054735)|ENTERING_MANAGED_PKG|Centify
13:46:16.22 (412110103)|ENTERING_MANAGED_PKG|Centify
13:46:16.22 (412217150)|ENTERING_MANAGED_PKG|Centify
13:46:16.22 (412281372)|ENTERING_MANAGED_PKG|Centify
13:46:16.22 (412363433)|ENTERING_MANAGED_PKG|Centify
13:46:16.22 (451961329)|ENTERING_MANAGED_PKG|Centify
13:46:16.22 (469844550)|ENTERING_MANAGED_PKG|Centify
13:46:16.22 (469900747)|ENTERING_MANAGED_PKG|Centify
13:46:16.22 (469987914)|ENTERING_MANAGED_PKG|Centify
13:46:16.22 (470023972)|ENTERING_MANAGED_PKG|Centify
13:46:16.22 (470095552)|ENTERING_MANAGED_PKG|Centify
13:46:16.22 (512624351)|ENTERING_MANAGED_PKG|Centify
13:46:16.22 (535058434)|ENTERING_MANAGED_PKG|Centify
13:46:16.22 (535114987)|ENTERING_MANAGED_PKG|Centify
13:46:16.22 (535198401)|ENTERING_MANAGED_PKG|Centify
13:46:16.22 (535233158)|ENTERING_MANAGED_PKG|Centify
13:46:16.22 (535309919)|ENTERING_MANAGED_PKG|Centify
13:46:16.22 (571021572)|ENTERING_MANAGED_PKG|Centify
13:46:16.22 (587897381)|ENTERING_MANAGED_PKG|Centify
13:46:16.22 (587957378)|ENTERING_MANAGED_PKG|Centify
13:46:16.22 (588044004)|ENTERING_MANAGED_PKG|Centify
13:46:16.22 (588079659)|ENTERING_MANAGED_PKG|Centify
13:46:16.22 (588149429)|ENTERING_MANAGED_PKG|Centify
13:46:16.22 (638957214)|ENTERING_MANAGED_PKG|Centify
13:46:16.22 (654150642)|ENTERING_MANAGED_PKG|Centify
13:46:16.22 (654202723)|ENTERING_MANAGED_PKG|Centify
13:46:16.22 (654282352)|ENTERING_MANAGED_PKG|Centify
13:46:16.22 (654316696)|ENTERING_MANAGED_PKG|Centify
13:46:16.22 (654389420)|ENTERING_MANAGED_PKG|Centify
13:46:16.22 (688544969)|ENTERING_MANAGED_PKG|Centify
13:46:16.22 (704115509)|ENTERING_MANAGED_PKG|Centify
13:46:16.22 (704170152)|ENTERING_MANAGED_PKG|Centify
13:46:16.22 (704253965)|ENTERING_MANAGED_PKG|Centify
13:46:16.22 (704288835)|ENTERING_MANAGED_PKG|Centify
13:46:16.22 (704361312)|ENTERING_MANAGED_PKG|Centify
13:46:16.22 (738175762)|ENTERING_MANAGED_PKG|Centify
13:46:16.22 (758562309)|ENTERING_MANAGED_PKG|Centify
13:46:16.22 (758615466)|ENTERING_MANAGED_PKG|Centify
13:46:16.22 (758695524)|ENTERING_MANAGED_PKG|Centify
13:46:16.22 (758730915)|ENTERING_MANAGED_PKG|Centify
13:46:16.22 (758796128)|ENTERING_MANAGED_PKG|Centify
13:46:16.22 (792203092)|ENTERING_MANAGED_PKG|Centify
13:46:16.22 (792272769)|ENTERING_MANAGED_PKG|Centify
13:46:16.22 (792422745)|ENTERING_MANAGED_PKG|Centify
13:46:16.22 (792448994)|ENTERING_MANAGED_PKG|Centify
13:46:16.22 (792590059)|ENTERING_MANAGED_PKG|Centify
13:46:16.22 (792631504)|ENTERING_MANAGED_PKG|Centify
13:46:16.22 (792674291)|ENTERING_MANAGED_PKG|Centify
13:46:16.22 (793731271)|ENTERING_MANAGED_PKG|Centify
13:46:16.22 (793816500)|ENTERING_MANAGED_PKG|Centify
13:46:16.22 (803939587)|ENTERING_MANAGED_PKG|Centify
13:46:16.22 (804123126)|ENTERING_MANAGED_PKG|Centify
13:46:16.22 (804813659)|ENTERING_MANAGED_PKG|Centify
13:46:16.22 (805855363)|SOQL_EXECUTE_BEGIN|[16]|Aggregations:0|select id,lastmodifieddate,isdeleted,name,ownerid,has_the_save_strategy_been_implemented__c,status__c,product_type__c from Cases__c where LastModifiedDate >2018-11-06T03:37:26Z AND LastModifiedDate < 2018-11-06T03:46:22Z  ORDER BY SystemModStamp DESC LIMIT 5000  ALL ROWS
13:46:16.22 (814219208)|SOQL_EXECUTE_END|[16]|Rows:0
13:46:16.834 (834967464)|CUMULATIVE_LIMIT_USAGE
13:46:16.834 (834967464)|LIMIT_USAGE_FOR_NS|(default)|
  Number of SOQL queries: 0 out of 200
  Number of query rows: 0 out of 50000
  Number of SOSL queries: 0 out of 20
  Number of DML statements: 0 out of 150
  Number of DML rows: 0 out of 10000
  Maximum CPU time: 0 out of 60000
  Maximum heap size: 0 out of 12000000
  Number of callouts: 0 out of 0
  Number of Email Invocations: 0 out of 10
  Number of future calls: 0 out of 0
  Number of queueable jobs added to the queue: 0 out of 1
  Number of Mobile Apex push calls: 0 out of 10

13:46:16.834 (834967464)|LIMIT_USAGE_FOR_NS|Centify|
  Number of SOQL queries: 0 out of 200
  Number of query rows: 0 out of 50000
  Number of SOSL queries: 0 out of 20
  Number of DML statements: 0 out of 150
  Number of DML rows: 0 out of 10000
  Maximum CPU time: 0 out of 60000
  Maximum heap size: 0 out of 12000000
  Number of callouts: 0 out of 0
  Number of Email Invocations: 0 out of 10
  Number of future calls: 0 out of 0
  Number of queueable jobs added to the queue: 0 out of 1
  Number of Mobile Apex push calls: 0 out of 10

13:46:16.834 (834967464)|CUMULATIVE_LIMIT_USAGE_END

