36.0 APEX_CODE,FINEST;APEX_PROFILING,INFO;CALLOUT,INFO;DB,INFO;NBA,INFO;SYSTEM,DEBUG;VALIDATION,INFO;VISUALFORCE,INFO;WAVE,INFO;WORKFLOW,INFO
11:47:10.0 (122931)|USER_INFO|[EXTERNAL]|00590000000Vmmq|ben@bjbglobal.com.au|Australian Eastern Standard Time|GMT+10:00
11:47:10.0 (161086)|EXECUTION_STARTED
11:47:10.0 (166915)|CODE_UNIT_STARTED|[EXTERNAL]|TRIGGERS
11:47:10.0 (204063)|CODE_UNIT_STARTED|[EXTERNAL]|01q6F000001IGJa|LinkCaseCallstoContact on Task trigger event BeforeInsert|__sfdc_trigger/LinkCaseCallstoContact
11:47:10.0 (250541)|HEAP_ALLOCATE|[EXTERNAL]|Bytes:8
11:47:10.0 (706238)|HEAP_ALLOCATE|[72]|Bytes:3
11:47:10.0 (743780)|HEAP_ALLOCATE|[77]|Bytes:152
11:47:10.0 (759147)|HEAP_ALLOCATE|[342]|Bytes:408
11:47:10.0 (772325)|HEAP_ALLOCATE|[355]|Bytes:408
11:47:10.0 (784464)|HEAP_ALLOCATE|[467]|Bytes:48
11:47:10.0 (815030)|HEAP_ALLOCATE|[139]|Bytes:6
11:47:10.0 (832180)|HEAP_ALLOCATE|[EXTERNAL]|Bytes:6
11:47:10.0 (845327)|HEAP_ALLOCATE|[EXTERNAL]|Bytes:4
11:47:10.0 (853474)|VARIABLE_SCOPE_BEGIN|[1]|this|LinkCaseCallstoContact|true|false
11:47:10.0 (897488)|VARIABLE_ASSIGNMENT|[1]|this|{}|0x57c3aa42
11:47:10.0 (964367)|HEAP_ALLOCATE|[EXTERNAL]|Bytes:4
11:47:10.0 (973155)|VARIABLE_SCOPE_BEGIN|[1]|this|LinkCaseCallstoContact|true|false
11:47:10.0 (987623)|VARIABLE_ASSIGNMENT|[1]|this|{}|0x57c3aa42
11:47:10.0 (1002723)|STATEMENT_EXECUTE|[1]
11:47:10.0 (1043881)|HEAP_ALLOCATE|[50]|Bytes:5
11:47:10.0 (1070137)|HEAP_ALLOCATE|[56]|Bytes:5
11:47:10.0 (1080060)|HEAP_ALLOCATE|[64]|Bytes:7
11:47:10.0 (1479697)|HEAP_ALLOCATE|[2]|Bytes:5
11:47:10.0 (1526689)|HEAP_ALLOCATE|[2]|Bytes:4
11:47:10.0 (1541183)|VARIABLE_SCOPE_BEGIN|[2]|tsk|Task|true|false
11:47:10.0 (16222851)|VARIABLE_ASSIGNMENT|[2]|tsk|{"CallType":"Outbound","IsHighPriority":false,"IsClosed":false,"NVMStatsSF__NVM_Agent__c":"53","Is_Mobile_Number__c":false,"OwnerId":"0056F000009en8FQAQ","IsToday__c":false,"IsReminderSet":false,"Status":"Completed","IsDeleted":false,"WhoId":"0036F0000202urqQAA","NVMContactWorld__CW_Call_Start_Time__c":"2018-10-23T01:47:09.000Z","ActivityDate":"2018-10-23T00:00:00.000Z","Priority":"Normal","IsVisibleInSelfService":false,"NVMContactWorld__Was_Call_Recorded__c":false,"CurrencyIsoCode":"AUD","IsRecurrence":false,"Subject":"Outbound call to 642 (7 more) ...","IsArchived":false,"CallObject":"01669e9a-acc3-63fa-2 (16 more) ...","NVMContactWorld__Customer_Number__c":"6421671650","NVMContactWorld__ContactWorld_Number__c":"61731530806","Day_of_the_Week__c":"Tuesday","Call_Duration_min__c":0.00,"Call_Monitored__c":false}|0x2022e64d
11:47:10.0 (16257143)|STATEMENT_EXECUTE|[2]
11:47:10.0 (16291413)|STATEMENT_EXECUTE|[4]
11:47:10.0 (16347197)|HEAP_ALLOCATE|[2]|Bytes:5
11:47:10.0 (16382883)|VARIABLE_ASSIGNMENT|[2]|tsk|null|
11:47:10.16 (16397741)|CUMULATIVE_LIMIT_USAGE
11:47:10.16 (16397741)|LIMIT_USAGE_FOR_NS|(default)|
  Number of SOQL queries: 0 out of 100
  Number of query rows: 0 out of 50000
  Number of SOSL queries: 0 out of 20
  Number of DML statements: 0 out of 150
  Number of DML rows: 0 out of 10000
  Maximum CPU time: 0 out of 10000
  Maximum heap size: 0 out of 6000000
  Number of callouts: 0 out of 100
  Number of Email Invocations: 0 out of 10
  Number of future calls: 0 out of 50
  Number of queueable jobs added to the queue: 0 out of 50
  Number of Mobile Apex push calls: 0 out of 10

11:47:10.16 (16397741)|CUMULATIVE_LIMIT_USAGE_END

11:47:10.0 (17492688)|CODE_UNIT_FINISHED|LinkCaseCallstoContact on Task trigger event BeforeInsert|__sfdc_trigger/LinkCaseCallstoContact
11:47:10.0 (22090518)|CODE_UNIT_STARTED|[EXTERNAL]|01q6F000001IKsI|TaskTrigger on Task trigger event BeforeInsert|__sfdc_trigger/TaskTrigger
11:47:10.0 (22148038)|HEAP_ALLOCATE|[EXTERNAL]|Bytes:8
11:47:10.0 (22256301)|HEAP_ALLOCATE|[EXTERNAL]|Bytes:4
11:47:10.0 (22268998)|VARIABLE_SCOPE_BEGIN|[5]|this|TaskTrigger|true|false
11:47:10.0 (22314921)|VARIABLE_ASSIGNMENT|[5]|this|{}|0xb4b3552
11:47:10.0 (22379855)|HEAP_ALLOCATE|[EXTERNAL]|Bytes:4
11:47:10.0 (22388485)|VARIABLE_SCOPE_BEGIN|[5]|this|TaskTrigger|true|false
11:47:10.0 (22402538)|VARIABLE_ASSIGNMENT|[5]|this|{}|0xb4b3552
11:47:10.0 (22412569)|STATEMENT_EXECUTE|[5]
11:47:10.0 (22443172)|STATEMENT_EXECUTE|[6]
11:47:10.0 (22445119)|STATEMENT_EXECUTE|[7]
11:47:10.0 (24905914)|VARIABLE_SCOPE_BEGIN|[2]|TaskHelper.TASK_STATUS|String|false|true
11:47:10.0 (24922815)|VARIABLE_SCOPE_BEGIN|[3]|TaskHelper.TASK_SUBJECT|String|false|true
11:47:10.0 (24930623)|VARIABLE_SCOPE_BEGIN|[4]|TaskHelper.TASK_TYPE|String|false|true
11:47:10.0 (24986470)|HEAP_ALLOCATE|[7]|Bytes:4
11:47:10.0 (25004197)|HEAP_ALLOCATE|[7]|Bytes:2
11:47:10.0 (25028138)|METHOD_ENTRY|[1]|01p6F000009rWtF|TaskHelper.TaskHelper()
11:47:10.0 (25034463)|STATEMENT_EXECUTE|[1]
11:47:10.0 (25039191)|STATEMENT_EXECUTE|[1]
11:47:10.0 (25040878)|STATEMENT_EXECUTE|[2]
11:47:10.0 (25053476)|HEAP_ALLOCATE|[2]|Bytes:9
11:47:10.0 (25077273)|VARIABLE_ASSIGNMENT|[2]|TaskHelper.TASK_STATUS|"Completed"
11:47:10.0 (25082061)|STATEMENT_EXECUTE|[3]
11:47:10.0 (25088487)|HEAP_ALLOCATE|[3]|Bytes:16
11:47:10.0 (25098027)|VARIABLE_ASSIGNMENT|[3]|TaskHelper.TASK_SUBJECT|"Outbound call to"
11:47:10.0 (25102244)|STATEMENT_EXECUTE|[4]
11:47:10.0 (25106790)|HEAP_ALLOCATE|[4]|Bytes:8
11:47:10.0 (25113982)|VARIABLE_ASSIGNMENT|[4]|TaskHelper.TASK_TYPE|"Outbound"
11:47:10.0 (25122418)|METHOD_EXIT|[1]|TaskHelper
11:47:10.0 (25138672)|HEAP_ALLOCATE|[7]|Bytes:4
11:47:10.0 (25156115)|CONSTRUCTOR_ENTRY|[7]|01p6F000009rWtF|<init>()|TaskHelper
11:47:10.0 (25198677)|VARIABLE_SCOPE_BEGIN|[1]|this|TaskHelper|true|false
11:47:10.0 (25231900)|VARIABLE_ASSIGNMENT|[1]|this|{}|0x2a87e8b4
11:47:10.0 (25246114)|HEAP_ALLOCATE|[EXTERNAL]|Bytes:6
11:47:10.0 (25293664)|STATEMENT_EXECUTE|[1]
11:47:10.0 (25301977)|CONSTRUCTOR_EXIT|[7]|01p6F000009rWtF|<init>()|TaskHelper
11:47:10.0 (25316210)|VARIABLE_SCOPE_BEGIN|[7]|helper|TaskHelper|true|false
11:47:10.0 (25335800)|VARIABLE_ASSIGNMENT|[7]|helper|{}|0x2a87e8b4
11:47:10.0 (25342007)|STATEMENT_EXECUTE|[8]
11:47:10.0 (25411361)|METHOD_ENTRY|[8]|01p6F000009rWtF|TaskHelper.setupContactToReurnCallTasks(List<Task>)
11:47:10.0 (25442859)|VARIABLE_SCOPE_BEGIN|[11]|this|TaskHelper|true|false
11:47:10.0 (25459401)|VARIABLE_ASSIGNMENT|[11]|this|{}|0x2a87e8b4
11:47:10.0 (25467122)|VARIABLE_SCOPE_BEGIN|[11]|newTasks|List<Task>|true|false
11:47:10.0 (27271987)|VARIABLE_ASSIGNMENT|[11]|newTasks|[{"CallType":"Outbound","IsHighPriority":false,"IsClosed":false,"NVMStatsSF__NVM_Agent__c":"53","Is_Mobile_Number__c":false,"OwnerId":"0056F000009en8FQAQ","IsToday__c":false,"IsReminderSet":false,"Status":"Completed","IsDeleted":false,"WhoId":"0036F0000202urqQAA","NVMContactWorld__CW_Call_Start_Time__c":"2018-10-23T01:47:09.000Z","ActivityDate":"2018-10-23T00:00:00.000Z","Priority":"Normal","IsVisibleInSelfService":false,"NVMContactWorld__Was_Call_Recorded__c":false,"CurrencyIsoCode":"AUD","IsRecurrence":false,"Subject":"Outbound call to 642 (7 more) ...","IsArchived":false,"CallObject":"01669e9a-acc3-63fa-2 (16 more) ...","NVMContactWorld__Customer_Number__c":"6421671650","NVMContactWorld__ContactWorld_Number__c":"61731530806","Day_of_the_Week__c":"Tuesday","Call_Duration_min__c":0.00,"Call_Monitored__c":false}]|0x5e4bb2a6
11:47:10.0 (27302073)|STATEMENT_EXECUTE|[11]
11:47:10.0 (27304804)|STATEMENT_EXECUTE|[12]
11:47:10.0 (27328740)|HEAP_ALLOCATE|[12]|Bytes:4
11:47:10.0 (27386296)|VARIABLE_SCOPE_BEGIN|[12]|voicemailIds|List<Id>|true|false
11:47:10.0 (27417750)|HEAP_ALLOCATE|[EXTERNAL]|Bytes:4
11:47:10.0 (27432668)|VARIABLE_ASSIGNMENT|[12]|voicemailIds|[]|0x4b1c2393
11:47:10.0 (27439977)|STATEMENT_EXECUTE|[13]
11:47:10.0 (27461742)|HEAP_ALLOCATE|[13]|Bytes:4
11:47:10.0 (27477021)|VARIABLE_SCOPE_BEGIN|[13]|contactIds|Map<Id,Id>|true|false
11:47:10.0 (27495509)|VARIABLE_ASSIGNMENT|[13]|contactIds|{}|0x68e5ad31
11:47:10.0 (27502217)|STATEMENT_EXECUTE|[14]
11:47:10.0 (27515778)|HEAP_ALLOCATE|[14]|Bytes:4
11:47:10.0 (27539125)|VARIABLE_SCOPE_BEGIN|[14]|results|List<Task>|true|false
11:47:10.0 (27548970)|HEAP_ALLOCATE|[EXTERNAL]|Bytes:4
11:47:10.0 (27557645)|VARIABLE_ASSIGNMENT|[14]|results|[]|0x382fa0a5
11:47:10.0 (27610939)|HEAP_ALLOCATE|[16]|Bytes:5
11:47:10.0 (27633041)|HEAP_ALLOCATE|[16]|Bytes:4
11:47:10.0 (27643200)|VARIABLE_SCOPE_BEGIN|[16]|item|Task|true|false
11:47:10.0 (28653298)|VARIABLE_ASSIGNMENT|[16]|item|{"CallType":"Outbound","IsHighPriority":false,"IsClosed":false,"NVMStatsSF__NVM_Agent__c":"53","Is_Mobile_Number__c":false,"OwnerId":"0056F000009en8FQAQ","IsToday__c":false,"IsReminderSet":false,"Status":"Completed","IsDeleted":false,"WhoId":"0036F0000202urqQAA","NVMContactWorld__CW_Call_Start_Time__c":"2018-10-23T01:47:09.000Z","ActivityDate":"2018-10-23T00:00:00.000Z","Priority":"Normal","IsVisibleInSelfService":false,"NVMContactWorld__Was_Call_Recorded__c":false,"CurrencyIsoCode":"AUD","IsRecurrence":false,"Subject":"Outbound call to 642 (7 more) ...","IsArchived":false,"CallObject":"01669e9a-acc3-63fa-2 (16 more) ...","NVMContactWorld__Customer_Number__c":"6421671650","NVMContactWorld__ContactWorld_Number__c":"61731530806","Day_of_the_Week__c":"Tuesday","Call_Duration_min__c":0.00,"Call_Monitored__c":false}|0x2022e64d
11:47:10.0 (28676570)|STATEMENT_EXECUTE|[16]
11:47:10.0 (28921779)|STATEMENT_EXECUTE|[17]
11:47:10.0 (28957384)|HEAP_ALLOCATE|[16]|Bytes:5
11:47:10.0 (28986977)|VARIABLE_ASSIGNMENT|[16]|item|null|
11:47:10.0 (29003982)|STATEMENT_EXECUTE|[28]
11:47:10.0 (29018652)|HEAP_ALLOCATE|[28]|Bytes:72
11:47:10.0 (29048427)|HEAP_ALLOCATE|[28]|Bytes:4
11:47:10.0 (29066689)|HEAP_ALLOCATE|[28]|Bytes:7
11:47:10.0 (30735275)|SOQL_EXECUTE_BEGIN|[28]|Aggregations:0|SELECT Id, Account__c, Contact__c FROM Voicemail__c WHERE id IN :tmpVar1
11:47:10.0 (32624865)|SOQL_EXECUTE_END|[28]|Rows:0
11:47:10.0 (32669855)|HEAP_ALLOCATE|[28]|Bytes:4
11:47:10.0 (32691261)|HEAP_ALLOCATE|[28]|Bytes:0
11:47:10.0 (32782007)|HEAP_ALLOCATE|[28]|Bytes:4
11:47:10.0 (32810924)|VARIABLE_SCOPE_BEGIN|[28]|voicemails|List<Voicemail__c>|true|false
11:47:10.0 (32853788)|VARIABLE_ASSIGNMENT|[28]|voicemails|[]|0x4b9c0d78
11:47:10.0 (33053584)|HEAP_ALLOCATE|[29]|Bytes:5
11:47:10.0 (33082013)|VARIABLE_ASSIGNMENT|[29]|item|null|
11:47:10.0 (33090062)|STATEMENT_EXECUTE|[29]
11:47:10.0 (33138326)|HEAP_ALLOCATE|[34]|Bytes:5
11:47:10.0 (33159190)|HEAP_ALLOCATE|[34]|Bytes:4
11:47:10.0 (33169133)|VARIABLE_SCOPE_BEGIN|[34]|item|Task|true|false
11:47:10.0 (34467118)|VARIABLE_ASSIGNMENT|[34]|item|{"CallType":"Outbound","IsHighPriority":false,"IsClosed":false,"NVMStatsSF__NVM_Agent__c":"53","Is_Mobile_Number__c":false,"OwnerId":"0056F000009en8FQAQ","IsToday__c":false,"IsReminderSet":false,"Status":"Completed","IsDeleted":false,"WhoId":"0036F0000202urqQAA","NVMContactWorld__CW_Call_Start_Time__c":"2018-10-23T01:47:09.000Z","ActivityDate":"2018-10-23T00:00:00.000Z","Priority":"Normal","IsVisibleInSelfService":false,"NVMContactWorld__Was_Call_Recorded__c":false,"CurrencyIsoCode":"AUD","IsRecurrence":false,"Subject":"Outbound call to 642 (7 more) ...","IsArchived":false,"CallObject":"01669e9a-acc3-63fa-2 (16 more) ...","NVMContactWorld__Customer_Number__c":"6421671650","NVMContactWorld__ContactWorld_Number__c":"61731530806","Day_of_the_Week__c":"Tuesday","Call_Duration_min__c":0.00,"Call_Monitored__c":false}|0x2022e64d
11:47:10.0 (34492414)|STATEMENT_EXECUTE|[34]
11:47:10.0 (34495020)|STATEMENT_EXECUTE|[35]
11:47:10.0 (35885448)|VARIABLE_ASSIGNMENT|[35]|this.WhoId|null|0x2022e64d
11:47:10.0 (35931699)|HEAP_ALLOCATE|[34]|Bytes:5
11:47:10.0 (35964789)|VARIABLE_ASSIGNMENT|[34]|item|null|
11:47:10.0 (35988901)|METHOD_EXIT|[8]|01p6F000009rWtF|TaskHelper.setupContactToReurnCallTasks(List<Task>)
11:47:10.36 (36016073)|CUMULATIVE_LIMIT_USAGE
11:47:10.36 (36016073)|LIMIT_USAGE_FOR_NS|(default)|
  Number of SOQL queries: 1 out of 100
  Number of query rows: 0 out of 50000
  Number of SOSL queries: 0 out of 20
  Number of DML statements: 0 out of 150
  Number of DML rows: 0 out of 10000
  Maximum CPU time: 0 out of 10000
  Maximum heap size: 0 out of 6000000
  Number of callouts: 0 out of 100
  Number of Email Invocations: 0 out of 10
  Number of future calls: 0 out of 50
  Number of queueable jobs added to the queue: 0 out of 50
  Number of Mobile Apex push calls: 0 out of 10

11:47:10.36 (36016073)|CUMULATIVE_LIMIT_USAGE_END

11:47:10.0 (37830784)|CODE_UNIT_FINISHED|TaskTrigger on Task trigger event BeforeInsert|__sfdc_trigger/TaskTrigger
11:47:10.0 (47532146)|CODE_UNIT_STARTED|[EXTERNAL]|Validation:Task:new
11:47:10.0 (47560885)|VALIDATION_RULE|03d6F000000qFaO|Finish_all_call_monitor_field
11:47:10.0 (48431897)|VALIDATION_FORMULA|AND(!ISBLANK(Monitored_By__c),
    OR(ISBLANK( TEXT(CM_advised_what_will_happen_next__c)),
       ISBLANK( TEXT(Allow_customer_to_present_concerns__c) ),
       ISBLANK( TEXT(Communication_is_clear_positive_confiden__c) ),
       ISBLANK( TEXT(Demonstrate_active_listening__c )),
       ISBLANK( TEXT(Gave_correct_answers_and_infomations__c) ),
       ISBLANK( TEXT(Mirrors_clients_talking_behaviour__c) ) ))|CM_advised_what_will_happen_next__c=null , Demonstrate_active_listening__c=null , Communication_is_clear_positive_confiden__c=null , Allow_customer_to_present_concerns__c=null , Gave_correct_answers_and_infomations__c=null , Mirrors_clients_talking_behaviour__c=null , Monitored_By__c=null
11:47:10.0 (48461743)|VALIDATION_PASS
11:47:10.0 (48466280)|VALIDATION_RULE|03d900000009JbB|Interac_Quality_Must_Be_Between_1_and_10
11:47:10.0 (48638323)|VALIDATION_FORMULA|NVMContactWorld__InteractionQuality__c < 1  &#124;&#124;  NVMContactWorld__InteractionQuality__c > 10|NVMContactWorld__InteractionQuality__c=null
11:47:10.0 (48657039)|VALIDATION_PASS
11:47:10.0 (49043744)|CODE_UNIT_FINISHED|Validation:Task:new
11:47:10.0 (120085501)|CODE_UNIT_STARTED|[EXTERNAL]|Workflow:Task
11:47:10.0 (133007378)|WF_RULE_EVAL_BEGIN|Workflow
11:47:10.0 (133053225)|WF_CRITERIA_BEGIN|[Task:  00T6F0000525iG1]|Update Call Monitor Details|01Q6F0000002Tdt|ON_CREATE_OR_TRIGGERING_UPDATE|0
11:47:10.0 (136205159)|WF_RULE_FILTER|[Task : Monitored By not equal to ]
11:47:10.0 (136230647)|WF_RULE_EVAL_VALUE|
11:47:10.0 (136236720)|WF_CRITERIA_END|false
11:47:10.0 (136252829)|WF_CRITERIA_BEGIN|[Task:  00T6F0000525iG1]|Update_Callback_Request_Due_Date3016F0000005i0e|01Q6F0000019gyq|ON_CREATE_ONLY|0
11:47:10.0 (136392777)|WF_FORMULA|Formula:ENCODED:[treatNullAsNull]true|Values:
11:47:10.0 (136401511)|WF_CRITERIA_END|true
11:47:10.0 (137195808)|WF_CRITERIA_BEGIN|[Task:  00T6F0000525iG1]|Call Back Request From LinX|01Q6F000001EY2L|ON_CREATE_OR_TRIGGERING_UPDATE|0
11:47:10.0 (137263203)|WF_RULE_FILTER|[Task : Subject equals Callback Request]
11:47:10.0 (137282411)|WF_RULE_EVAL_VALUE|Outbound call to 6421671650
11:47:10.0 (137287352)|WF_CRITERIA_END|false
11:47:10.0 (137296030)|WF_CRITERIA_BEGIN|[Task:  00T6F0000525iG1]|Call_Monitor3016F00000054R3|01Q6F000000oOu7|ON_ALL_CHANGES|0
11:47:10.0 (137344357)|WF_FORMULA|Formula:ENCODED:[treatNullAsNull]true|Values:
11:47:10.0 (137351836)|WF_CRITERIA_END|true
11:47:10.0 (137378949)|WF_SPOOL_ACTION_BEGIN|Workflow
11:47:10.0 (137409391)|WF_ACTION| Flow Trigger: 2;
11:47:10.0 (137415030)|WF_RULE_EVAL_END
11:47:10.0 (138623739)|WF_FLOW_ACTION_BEGIN|09L6F000000PWtL
11:47:10.140 (140541414)|FLOW_CREATE_INTERVIEW_BEGIN|00D90000000IJSa|3006F00000091km|3016F0000005i0e
11:47:10.140 (141439161)|FLOW_CREATE_INTERVIEW_END|2347af99a172ed30e82038fb2e7a1669e86ee04-3540|Update Callback Request Due Date
11:47:10.142 (142066493)|FLOW_START_INTERVIEWS_BEGIN|1
11:47:10.142 (142103806)|FLOW_START_INTERVIEW_BEGIN|2347af99a172ed30e82038fb2e7a1669e86ee04-3540|Update Callback Request Due Date
11:47:10.142 (145898357)|FLOW_START_INTERVIEW_END|2347af99a172ed30e82038fb2e7a1669e86ee04-3540|Update Callback Request Due Date
11:47:10.142 (145951388)|FLOW_START_INTERVIEWS_END|1
11:47:10.0 (147299450)|WF_FLOW_ACTION_END|09L6F000000PWtL
11:47:10.0 (147337647)|WF_FLOW_ACTION_BEGIN|09L6F000000PGTV
11:47:10.149 (149484388)|FLOW_CREATE_INTERVIEW_BEGIN|00D90000000IJSa|3006F0000008usA|3016F00000054R3
11:47:10.149 (150386970)|FLOW_CREATE_INTERVIEW_END|2348af99a172ed30e82038fb2e7a1669e86ee04-3541|Call Monitoring
11:47:10.150 (150891980)|FLOW_START_INTERVIEWS_BEGIN|1
11:47:10.150 (150921145)|FLOW_START_INTERVIEW_BEGIN|2348af99a172ed30e82038fb2e7a1669e86ee04-3541|Call Monitoring
11:47:10.150 (154003412)|FLOW_START_INTERVIEW_END|2348af99a172ed30e82038fb2e7a1669e86ee04-3541|Call Monitoring
11:47:10.150 (154052956)|FLOW_START_INTERVIEWS_END|1
11:47:10.0 (154912970)|WF_FLOW_ACTION_END|09L6F000000PGTV
11:47:10.0 (155064046)|WF_ACTIONS_END| Flow Trigger: 2;
11:47:10.0 (155078308)|CODE_UNIT_FINISHED|Workflow:Task
11:47:10.0 (193095823)|CODE_UNIT_FINISHED|TRIGGERS
11:47:10.0 (193114645)|EXECUTION_FINISHED
