37.0 APEX_CODE,FINEST;APEX_PROFILING,INFO;CALLOUT,INFO;DB,INFO;NBA,INFO;SYSTEM,DEBUG;VALIDATION,INFO;VISUALFORCE,INFO;WAVE,INFO;WORKFLOW,INFO
18:59:02.20 (20026660)|ENTERING_MANAGED_PKG|Centify
18:59:02.20 (24517189)|ENTERING_MANAGED_PKG|Centify
18:59:02.20 (32221298)|ENTERING_MANAGED_PKG|Centify
18:59:02.20 (32399634)|ENTERING_MANAGED_PKG|Centify
18:59:02.20 (32554845)|ENTERING_MANAGED_PKG|Centify
18:59:02.20 (33237564)|ENTERING_MANAGED_PKG|Centify
18:59:02.20 (33596403)|ENTERING_MANAGED_PKG|Centify
18:59:02.20 (33625791)|ENTERING_MANAGED_PKG|Centify
18:59:02.20 (33720345)|ENTERING_MANAGED_PKG|Centify
18:59:02.20 (33779105)|ENTERING_MANAGED_PKG|Centify
18:59:02.20 (33824049)|ENTERING_MANAGED_PKG|Centify
18:59:02.20 (33855877)|ENTERING_MANAGED_PKG|Centify
18:59:02.20 (33883959)|ENTERING_MANAGED_PKG|Centify
18:59:02.20 (34085789)|ENTERING_MANAGED_PKG|Centify
18:59:02.20 (79149736)|ENTERING_MANAGED_PKG|Centify
18:59:02.20 (79308285)|ENTERING_MANAGED_PKG|Centify
18:59:02.20 (79495004)|ENTERING_MANAGED_PKG|Centify
18:59:02.20 (79570689)|ENTERING_MANAGED_PKG|Centify
18:59:02.20 (334999532)|ENTERING_MANAGED_PKG|Centify
18:59:02.20 (373437271)|ENTERING_MANAGED_PKG|Centify
18:59:02.20 (387864777)|ENTERING_MANAGED_PKG|Centify
18:59:02.20 (387916028)|ENTERING_MANAGED_PKG|Centify
18:59:02.20 (387994950)|ENTERING_MANAGED_PKG|Centify
18:59:02.20 (388025764)|ENTERING_MANAGED_PKG|Centify
18:59:02.20 (388089957)|ENTERING_MANAGED_PKG|Centify
18:59:02.20 (412160858)|ENTERING_MANAGED_PKG|Centify
18:59:02.20 (428643542)|ENTERING_MANAGED_PKG|Centify
18:59:02.20 (428692490)|ENTERING_MANAGED_PKG|Centify
18:59:02.20 (428772820)|ENTERING_MANAGED_PKG|Centify
18:59:02.20 (428804636)|ENTERING_MANAGED_PKG|Centify
18:59:02.20 (428869974)|ENTERING_MANAGED_PKG|Centify
18:59:02.20 (451805333)|ENTERING_MANAGED_PKG|Centify
18:59:02.20 (467999401)|ENTERING_MANAGED_PKG|Centify
18:59:02.20 (468052989)|ENTERING_MANAGED_PKG|Centify
18:59:02.20 (468129580)|ENTERING_MANAGED_PKG|Centify
18:59:02.20 (468159218)|ENTERING_MANAGED_PKG|Centify
18:59:02.20 (468220392)|ENTERING_MANAGED_PKG|Centify
18:59:02.20 (489794668)|ENTERING_MANAGED_PKG|Centify
18:59:02.20 (506531437)|ENTERING_MANAGED_PKG|Centify
18:59:02.20 (506579373)|ENTERING_MANAGED_PKG|Centify
18:59:02.20 (506654186)|ENTERING_MANAGED_PKG|Centify
18:59:02.20 (506683910)|ENTERING_MANAGED_PKG|Centify
18:59:02.20 (506743928)|ENTERING_MANAGED_PKG|Centify
18:59:02.20 (528826271)|ENTERING_MANAGED_PKG|Centify
18:59:02.20 (544365063)|ENTERING_MANAGED_PKG|Centify
18:59:02.20 (544427625)|ENTERING_MANAGED_PKG|Centify
18:59:02.20 (544528501)|ENTERING_MANAGED_PKG|Centify
18:59:02.20 (544574788)|ENTERING_MANAGED_PKG|Centify
18:59:02.20 (544669921)|ENTERING_MANAGED_PKG|Centify
18:59:02.20 (568495246)|ENTERING_MANAGED_PKG|Centify
18:59:02.20 (583591002)|ENTERING_MANAGED_PKG|Centify
18:59:02.20 (583644326)|ENTERING_MANAGED_PKG|Centify
18:59:02.20 (583726667)|ENTERING_MANAGED_PKG|Centify
18:59:02.20 (583766480)|ENTERING_MANAGED_PKG|Centify
18:59:02.20 (583830126)|ENTERING_MANAGED_PKG|Centify
18:59:02.20 (608509153)|ENTERING_MANAGED_PKG|Centify
18:59:02.20 (629843381)|ENTERING_MANAGED_PKG|Centify
18:59:02.20 (629916594)|ENTERING_MANAGED_PKG|Centify
18:59:02.20 (630041895)|ENTERING_MANAGED_PKG|Centify
18:59:02.20 (630099006)|ENTERING_MANAGED_PKG|Centify
18:59:02.20 (630205709)|ENTERING_MANAGED_PKG|Centify
18:59:02.20 (651902824)|ENTERING_MANAGED_PKG|Centify
18:59:02.20 (666495853)|ENTERING_MANAGED_PKG|Centify
18:59:02.20 (666550372)|ENTERING_MANAGED_PKG|Centify
18:59:02.20 (666628407)|ENTERING_MANAGED_PKG|Centify
18:59:02.20 (666658653)|ENTERING_MANAGED_PKG|Centify
18:59:02.20 (666721115)|ENTERING_MANAGED_PKG|Centify
18:59:02.20 (687627876)|ENTERING_MANAGED_PKG|Centify
18:59:02.20 (702532431)|ENTERING_MANAGED_PKG|Centify
18:59:02.20 (702584174)|ENTERING_MANAGED_PKG|Centify
18:59:02.20 (702690899)|ENTERING_MANAGED_PKG|Centify
18:59:02.20 (702732256)|ENTERING_MANAGED_PKG|Centify
18:59:02.20 (702811675)|ENTERING_MANAGED_PKG|Centify
18:59:02.20 (724512007)|ENTERING_MANAGED_PKG|Centify
18:59:02.20 (738880545)|ENTERING_MANAGED_PKG|Centify
18:59:02.20 (738930567)|ENTERING_MANAGED_PKG|Centify
18:59:02.20 (739018306)|ENTERING_MANAGED_PKG|Centify
18:59:02.20 (739056996)|ENTERING_MANAGED_PKG|Centify
18:59:02.20 (739120527)|ENTERING_MANAGED_PKG|Centify
18:59:02.20 (766933332)|ENTERING_MANAGED_PKG|Centify
18:59:02.20 (767004614)|ENTERING_MANAGED_PKG|Centify
18:59:02.20 (767166809)|ENTERING_MANAGED_PKG|Centify
18:59:02.20 (767209845)|ENTERING_MANAGED_PKG|Centify
18:59:02.20 (767253834)|ENTERING_MANAGED_PKG|Centify
18:59:02.20 (767502339)|ENTERING_MANAGED_PKG|Centify
18:59:02.20 (767571500)|ENTERING_MANAGED_PKG|Centify
18:59:02.20 (777490319)|ENTERING_MANAGED_PKG|Centify
18:59:02.20 (777592232)|ENTERING_MANAGED_PKG|Centify
18:59:02.20 (777709098)|ENTERING_MANAGED_PKG|Centify
18:59:02.20 (778325626)|ENTERING_MANAGED_PKG|Centify
18:59:02.20 (779197935)|SOQL_EXECUTE_BEGIN|[16]|Aggregations:0|select id,lastmodifieddate,isdeleted,isgmt__c,role__c,name,createddate,ownerid,active_clients__c,customer_service_index__c,service_index_in_string__c from CM_Daily_Stats__c where LastModifiedDate >2018-09-27T22:24:08Z AND LastModifiedDate < 2018-09-28T08:59:08Z AND (  isActive__c =true)  ORDER BY SystemModStamp DESC LIMIT 5000  ALL ROWS
18:59:02.20 (789892073)|SOQL_EXECUTE_END|[16]|Rows:0
18:59:02.814 (814878710)|CUMULATIVE_LIMIT_USAGE
18:59:02.814 (814878710)|LIMIT_USAGE_FOR_NS|(default)|
  Number of SOQL queries: 0 out of 200
  Number of query rows: 0 out of 50000
  Number of SOSL queries: 0 out of 20
  Number of DML statements: 0 out of 150
  Number of DML rows: 0 out of 10000
  Maximum CPU time: 0 out of 60000
  Maximum heap size: 0 out of 12000000
  Number of callouts: 0 out of 0
  Number of Email Invocations: 0 out of 10
  Number of future calls: 0 out of 0
  Number of queueable jobs added to the queue: 0 out of 1
  Number of Mobile Apex push calls: 0 out of 10

18:59:02.814 (814878710)|LIMIT_USAGE_FOR_NS|Centify|
  Number of SOQL queries: 0 out of 200
  Number of query rows: 0 out of 50000
  Number of SOSL queries: 0 out of 20
  Number of DML statements: 0 out of 150
  Number of DML rows: 0 out of 10000
  Maximum CPU time: 0 out of 60000
  Maximum heap size: 0 out of 12000000
  Number of callouts: 0 out of 0
  Number of Email Invocations: 0 out of 10
  Number of future calls: 0 out of 0
  Number of queueable jobs added to the queue: 0 out of 1
  Number of Mobile Apex push calls: 0 out of 10

18:59:02.814 (814878710)|CUMULATIVE_LIMIT_USAGE_END

