37.0 APEX_CODE,FINEST;APEX_PROFILING,INFO;CALLOUT,INFO;DB,INFO;NBA,INFO;SYSTEM,DEBUG;VALIDATION,INFO;VISUALFORCE,INFO;WAVE,INFO;WORKFLOW,INFO
17:17:19.22 (22969269)|ENTERING_MANAGED_PKG|Centify
17:17:19.22 (24802449)|ENTERING_MANAGED_PKG|Centify
17:17:19.22 (24843080)|ENTERING_MANAGED_PKG|Centify
17:17:19.22 (25602473)|ENTERING_MANAGED_PKG|Centify
17:17:19.22 (25665951)|ENTERING_MANAGED_PKG|Centify
17:17:19.22 (26389176)|ENTERING_MANAGED_PKG|Centify
17:17:19.22 (26679024)|ENTERING_MANAGED_PKG|Centify
17:17:19.22 (26710308)|ENTERING_MANAGED_PKG|Centify
17:17:19.22 (26790970)|ENTERING_MANAGED_PKG|Centify
17:17:19.22 (26843094)|ENTERING_MANAGED_PKG|Centify
17:17:19.22 (26883622)|ENTERING_MANAGED_PKG|Centify
17:17:19.22 (26907067)|ENTERING_MANAGED_PKG|Centify
17:17:19.22 (26925625)|ENTERING_MANAGED_PKG|Centify
17:17:19.22 (27107598)|ENTERING_MANAGED_PKG|Centify
17:17:19.22 (74306114)|ENTERING_MANAGED_PKG|Centify
17:17:19.22 (74386554)|ENTERING_MANAGED_PKG|Centify
17:17:19.22 (74515402)|ENTERING_MANAGED_PKG|Centify
17:17:19.22 (74572877)|ENTERING_MANAGED_PKG|Centify
17:17:19.22 (280620511)|ENTERING_MANAGED_PKG|Centify
17:17:19.22 (328315796)|ENTERING_MANAGED_PKG|Centify
17:17:19.22 (342861718)|ENTERING_MANAGED_PKG|Centify
17:17:19.22 (342914635)|ENTERING_MANAGED_PKG|Centify
17:17:19.22 (342991477)|ENTERING_MANAGED_PKG|Centify
17:17:19.22 (343025688)|ENTERING_MANAGED_PKG|Centify
17:17:19.22 (343091372)|ENTERING_MANAGED_PKG|Centify
17:17:19.22 (372924628)|ENTERING_MANAGED_PKG|Centify
17:17:19.22 (391574298)|ENTERING_MANAGED_PKG|Centify
17:17:19.22 (391641706)|ENTERING_MANAGED_PKG|Centify
17:17:19.22 (391739388)|ENTERING_MANAGED_PKG|Centify
17:17:19.22 (391779979)|ENTERING_MANAGED_PKG|Centify
17:17:19.22 (391863249)|ENTERING_MANAGED_PKG|Centify
17:17:19.22 (429015706)|ENTERING_MANAGED_PKG|Centify
17:17:19.22 (445955521)|ENTERING_MANAGED_PKG|Centify
17:17:19.22 (446010570)|ENTERING_MANAGED_PKG|Centify
17:17:19.22 (446089597)|ENTERING_MANAGED_PKG|Centify
17:17:19.22 (446123871)|ENTERING_MANAGED_PKG|Centify
17:17:19.22 (446189157)|ENTERING_MANAGED_PKG|Centify
17:17:19.22 (476565427)|ENTERING_MANAGED_PKG|Centify
17:17:19.22 (492909379)|ENTERING_MANAGED_PKG|Centify
17:17:19.22 (492964428)|ENTERING_MANAGED_PKG|Centify
17:17:19.22 (493042352)|ENTERING_MANAGED_PKG|Centify
17:17:19.22 (493076654)|ENTERING_MANAGED_PKG|Centify
17:17:19.22 (493142917)|ENTERING_MANAGED_PKG|Centify
17:17:19.22 (524201735)|ENTERING_MANAGED_PKG|Centify
17:17:19.22 (541553233)|ENTERING_MANAGED_PKG|Centify
17:17:19.22 (541613915)|ENTERING_MANAGED_PKG|Centify
17:17:19.22 (541692981)|ENTERING_MANAGED_PKG|Centify
17:17:19.22 (541727064)|ENTERING_MANAGED_PKG|Centify
17:17:19.22 (541791969)|ENTERING_MANAGED_PKG|Centify
17:17:19.22 (571086972)|ENTERING_MANAGED_PKG|Centify
17:17:19.22 (590430357)|ENTERING_MANAGED_PKG|Centify
17:17:19.22 (590485170)|ENTERING_MANAGED_PKG|Centify
17:17:19.22 (590562379)|ENTERING_MANAGED_PKG|Centify
17:17:19.22 (590597025)|ENTERING_MANAGED_PKG|Centify
17:17:19.22 (590669051)|ENTERING_MANAGED_PKG|Centify
17:17:19.22 (619453103)|ENTERING_MANAGED_PKG|Centify
17:17:19.22 (637247398)|ENTERING_MANAGED_PKG|Centify
17:17:19.22 (637304594)|ENTERING_MANAGED_PKG|Centify
17:17:19.22 (637383229)|ENTERING_MANAGED_PKG|Centify
17:17:19.22 (637417229)|ENTERING_MANAGED_PKG|Centify
17:17:19.22 (637486321)|ENTERING_MANAGED_PKG|Centify
17:17:19.22 (674357304)|ENTERING_MANAGED_PKG|Centify
17:17:19.22 (711460653)|ENTERING_MANAGED_PKG|Centify
17:17:19.22 (711519874)|ENTERING_MANAGED_PKG|Centify
17:17:19.22 (711611402)|ENTERING_MANAGED_PKG|Centify
17:17:19.22 (711647612)|ENTERING_MANAGED_PKG|Centify
17:17:19.22 (711718422)|ENTERING_MANAGED_PKG|Centify
17:17:19.22 (742915792)|ENTERING_MANAGED_PKG|Centify
17:17:19.22 (760138339)|ENTERING_MANAGED_PKG|Centify
17:17:19.22 (760192876)|ENTERING_MANAGED_PKG|Centify
17:17:19.22 (760271446)|ENTERING_MANAGED_PKG|Centify
17:17:19.22 (760306528)|ENTERING_MANAGED_PKG|Centify
17:17:19.22 (760392595)|ENTERING_MANAGED_PKG|Centify
17:17:19.22 (792112439)|ENTERING_MANAGED_PKG|Centify
17:17:19.22 (792186996)|ENTERING_MANAGED_PKG|Centify
17:17:19.22 (792356852)|ENTERING_MANAGED_PKG|Centify
17:17:19.22 (792401542)|ENTERING_MANAGED_PKG|Centify
17:17:19.22 (792443137)|ENTERING_MANAGED_PKG|Centify
17:17:19.22 (793673456)|ENTERING_MANAGED_PKG|Centify
17:17:19.22 (793756351)|ENTERING_MANAGED_PKG|Centify
17:17:19.22 (808930275)|ENTERING_MANAGED_PKG|Centify
17:17:19.22 (809014325)|ENTERING_MANAGED_PKG|Centify
17:17:19.22 (809106441)|ENTERING_MANAGED_PKG|Centify
17:17:19.22 (809726113)|ENTERING_MANAGED_PKG|Centify
17:17:19.22 (810667783)|SOQL_EXECUTE_BEGIN|[16]|Aggregations:0|select id,lastmodifieddate,isdeleted,ownerid,status,whatid,activitydate,tasksubtype,isclosed,subject from Task where LastModifiedDate >2018-11-21T07:17:10Z AND LastModifiedDate < 2018-11-21T07:17:25Z AND (  Subject = 'Email' )  ORDER BY SystemModStamp DESC LIMIT 5000  ALL ROWS
17:17:19.22 (816872488)|SOQL_EXECUTE_END|[16]|Rows:0
17:17:19.842 (842034930)|CUMULATIVE_LIMIT_USAGE
17:17:19.842 (842034930)|LIMIT_USAGE_FOR_NS|(default)|
  Number of SOQL queries: 0 out of 200
  Number of query rows: 0 out of 50000
  Number of SOSL queries: 0 out of 20
  Number of DML statements: 0 out of 150
  Number of DML rows: 0 out of 10000
  Maximum CPU time: 0 out of 60000
  Maximum heap size: 0 out of 12000000
  Number of callouts: 0 out of 0
  Number of Email Invocations: 0 out of 10
  Number of future calls: 0 out of 0
  Number of queueable jobs added to the queue: 0 out of 1
  Number of Mobile Apex push calls: 0 out of 10

17:17:19.842 (842034930)|LIMIT_USAGE_FOR_NS|Centify|
  Number of SOQL queries: 0 out of 200
  Number of query rows: 0 out of 50000
  Number of SOSL queries: 0 out of 20
  Number of DML statements: 0 out of 150
  Number of DML rows: 0 out of 10000
  Maximum CPU time: 0 out of 60000
  Maximum heap size: 0 out of 12000000
  Number of callouts: 0 out of 0
  Number of Email Invocations: 0 out of 10
  Number of future calls: 0 out of 0
  Number of queueable jobs added to the queue: 0 out of 1
  Number of Mobile Apex push calls: 0 out of 10

17:17:19.842 (842034930)|CUMULATIVE_LIMIT_USAGE_END

