37.0 APEX_CODE,FINEST;APEX_PROFILING,INFO;CALLOUT,INFO;DB,INFO;NBA,INFO;SYSTEM,DEBUG;VALIDATION,INFO;VISUALFORCE,INFO;WAVE,INFO;WORKFLOW,INFO
11:48:02.24 (24862544)|ENTERING_MANAGED_PKG|Centify
11:48:02.24 (26675055)|ENTERING_MANAGED_PKG|Centify
11:48:02.24 (26728348)|ENTERING_MANAGED_PKG|Centify
11:48:02.24 (27396122)|ENTERING_MANAGED_PKG|Centify
11:48:02.24 (27486749)|ENTERING_MANAGED_PKG|Centify
11:48:02.24 (28128392)|ENTERING_MANAGED_PKG|Centify
11:48:02.24 (28420294)|ENTERING_MANAGED_PKG|Centify
11:48:02.24 (28446347)|ENTERING_MANAGED_PKG|Centify
11:48:02.24 (28537593)|ENTERING_MANAGED_PKG|Centify
11:48:02.24 (28580398)|ENTERING_MANAGED_PKG|Centify
11:48:02.24 (28610300)|ENTERING_MANAGED_PKG|Centify
11:48:02.24 (28630861)|ENTERING_MANAGED_PKG|Centify
11:48:02.24 (28646795)|ENTERING_MANAGED_PKG|Centify
11:48:02.24 (28842654)|ENTERING_MANAGED_PKG|Centify
11:48:02.24 (71744858)|ENTERING_MANAGED_PKG|Centify
11:48:02.24 (71816215)|ENTERING_MANAGED_PKG|Centify
11:48:02.24 (71922827)|ENTERING_MANAGED_PKG|Centify
11:48:02.24 (71961475)|ENTERING_MANAGED_PKG|Centify
11:48:02.24 (279638571)|ENTERING_MANAGED_PKG|Centify
11:48:02.24 (309009195)|ENTERING_MANAGED_PKG|Centify
11:48:02.24 (321880214)|ENTERING_MANAGED_PKG|Centify
11:48:02.24 (321927895)|ENTERING_MANAGED_PKG|Centify
11:48:02.24 (321999501)|ENTERING_MANAGED_PKG|Centify
11:48:02.24 (322030165)|ENTERING_MANAGED_PKG|Centify
11:48:02.24 (322090460)|ENTERING_MANAGED_PKG|Centify
11:48:02.24 (342813179)|ENTERING_MANAGED_PKG|Centify
11:48:02.24 (357316434)|ENTERING_MANAGED_PKG|Centify
11:48:02.24 (357364793)|ENTERING_MANAGED_PKG|Centify
11:48:02.24 (357438471)|ENTERING_MANAGED_PKG|Centify
11:48:02.24 (357469382)|ENTERING_MANAGED_PKG|Centify
11:48:02.24 (357529380)|ENTERING_MANAGED_PKG|Centify
11:48:02.24 (378004366)|ENTERING_MANAGED_PKG|Centify
11:48:02.24 (394004963)|ENTERING_MANAGED_PKG|Centify
11:48:02.24 (394054201)|ENTERING_MANAGED_PKG|Centify
11:48:02.24 (394128863)|ENTERING_MANAGED_PKG|Centify
11:48:02.24 (394164311)|ENTERING_MANAGED_PKG|Centify
11:48:02.24 (394226659)|ENTERING_MANAGED_PKG|Centify
11:48:02.24 (414484305)|ENTERING_MANAGED_PKG|Centify
11:48:02.24 (429719091)|ENTERING_MANAGED_PKG|Centify
11:48:02.24 (429772380)|ENTERING_MANAGED_PKG|Centify
11:48:02.24 (429847599)|ENTERING_MANAGED_PKG|Centify
11:48:02.24 (429878269)|ENTERING_MANAGED_PKG|Centify
11:48:02.24 (429940131)|ENTERING_MANAGED_PKG|Centify
11:48:02.24 (451170907)|ENTERING_MANAGED_PKG|Centify
11:48:02.24 (467002366)|ENTERING_MANAGED_PKG|Centify
11:48:02.24 (467057541)|ENTERING_MANAGED_PKG|Centify
11:48:02.24 (467133027)|ENTERING_MANAGED_PKG|Centify
11:48:02.24 (467170626)|ENTERING_MANAGED_PKG|Centify
11:48:02.24 (467233984)|ENTERING_MANAGED_PKG|Centify
11:48:02.24 (489408765)|ENTERING_MANAGED_PKG|Centify
11:48:02.24 (504484976)|ENTERING_MANAGED_PKG|Centify
11:48:02.24 (504536164)|ENTERING_MANAGED_PKG|Centify
11:48:02.24 (504608388)|ENTERING_MANAGED_PKG|Centify
11:48:02.24 (504639123)|ENTERING_MANAGED_PKG|Centify
11:48:02.24 (504700043)|ENTERING_MANAGED_PKG|Centify
11:48:02.24 (527028443)|ENTERING_MANAGED_PKG|Centify
11:48:02.24 (542471909)|ENTERING_MANAGED_PKG|Centify
11:48:02.24 (542521740)|ENTERING_MANAGED_PKG|Centify
11:48:02.24 (542594463)|ENTERING_MANAGED_PKG|Centify
11:48:02.24 (542626232)|ENTERING_MANAGED_PKG|Centify
11:48:02.24 (542685185)|ENTERING_MANAGED_PKG|Centify
11:48:02.24 (563517177)|ENTERING_MANAGED_PKG|Centify
11:48:02.24 (579033981)|ENTERING_MANAGED_PKG|Centify
11:48:02.24 (579087022)|ENTERING_MANAGED_PKG|Centify
11:48:02.24 (579169085)|ENTERING_MANAGED_PKG|Centify
11:48:02.24 (579201493)|ENTERING_MANAGED_PKG|Centify
11:48:02.24 (579262054)|ENTERING_MANAGED_PKG|Centify
11:48:02.24 (600388534)|ENTERING_MANAGED_PKG|Centify
11:48:02.24 (616666419)|ENTERING_MANAGED_PKG|Centify
11:48:02.24 (616720286)|ENTERING_MANAGED_PKG|Centify
11:48:02.24 (616797822)|ENTERING_MANAGED_PKG|Centify
11:48:02.24 (616830185)|ENTERING_MANAGED_PKG|Centify
11:48:02.24 (616891705)|ENTERING_MANAGED_PKG|Centify
11:48:02.24 (640007297)|ENTERING_MANAGED_PKG|Centify
11:48:02.24 (657501910)|ENTERING_MANAGED_PKG|Centify
11:48:02.24 (657556594)|ENTERING_MANAGED_PKG|Centify
11:48:02.24 (657634378)|ENTERING_MANAGED_PKG|Centify
11:48:02.24 (657665699)|ENTERING_MANAGED_PKG|Centify
11:48:02.24 (657726534)|ENTERING_MANAGED_PKG|Centify
11:48:02.24 (681873136)|ENTERING_MANAGED_PKG|Centify
11:48:02.24 (698655577)|ENTERING_MANAGED_PKG|Centify
11:48:02.24 (698710387)|ENTERING_MANAGED_PKG|Centify
11:48:02.24 (698788924)|ENTERING_MANAGED_PKG|Centify
11:48:02.24 (698820057)|ENTERING_MANAGED_PKG|Centify
11:48:02.24 (698881537)|ENTERING_MANAGED_PKG|Centify
11:48:02.24 (721362114)|ENTERING_MANAGED_PKG|Centify
11:48:02.24 (736425328)|ENTERING_MANAGED_PKG|Centify
11:48:02.24 (736485235)|ENTERING_MANAGED_PKG|Centify
11:48:02.24 (736562647)|ENTERING_MANAGED_PKG|Centify
11:48:02.24 (736595052)|ENTERING_MANAGED_PKG|Centify
11:48:02.24 (736658181)|ENTERING_MANAGED_PKG|Centify
11:48:02.24 (759295420)|ENTERING_MANAGED_PKG|Centify
11:48:02.24 (759387711)|ENTERING_MANAGED_PKG|Centify
11:48:02.24 (759566398)|ENTERING_MANAGED_PKG|Centify
11:48:02.24 (759606422)|ENTERING_MANAGED_PKG|Centify
11:48:02.24 (759637760)|ENTERING_MANAGED_PKG|Centify
11:48:02.24 (760646255)|ENTERING_MANAGED_PKG|Centify
11:48:02.24 (760730500)|ENTERING_MANAGED_PKG|Centify
11:48:02.24 (762290448)|ENTERING_MANAGED_PKG|Centify
11:48:02.24 (762350836)|ENTERING_MANAGED_PKG|Centify
11:48:02.24 (762448306)|ENTERING_MANAGED_PKG|Centify
11:48:02.24 (763038083)|ENTERING_MANAGED_PKG|Centify
11:48:02.24 (763967454)|SOQL_EXECUTE_BEGIN|[16]|Aggregations:0|select id,lastmodifieddate,isdeleted,audit_completed_date__c,audit_booked_date__c,assign_to__c,name,ownerid,status__c,lastactivitydate,opp_type__c,spinify_is_target__c,spinify_is_auditedthismonth__c from SLXOpportunity__c where LastModifiedDate >2018-11-05T05:42:32Z AND LastModifiedDate < 2018-11-06T01:48:08Z AND (   Spinify_Is_Target__c =true OR  Spinify_Is_AuditedThisMonth__c =true )  ORDER BY SystemModStamp DESC LIMIT 5000  ALL ROWS
11:48:02.24 (770145009)|SOQL_EXECUTE_END|[16]|Rows:0
11:48:02.793 (793787129)|CUMULATIVE_LIMIT_USAGE
11:48:02.793 (793787129)|LIMIT_USAGE_FOR_NS|(default)|
  Number of SOQL queries: 0 out of 200
  Number of query rows: 0 out of 50000
  Number of SOSL queries: 0 out of 20
  Number of DML statements: 0 out of 150
  Number of DML rows: 0 out of 10000
  Maximum CPU time: 0 out of 60000
  Maximum heap size: 0 out of 12000000
  Number of callouts: 0 out of 0
  Number of Email Invocations: 0 out of 10
  Number of future calls: 0 out of 0
  Number of queueable jobs added to the queue: 0 out of 1
  Number of Mobile Apex push calls: 0 out of 10

11:48:02.793 (793787129)|LIMIT_USAGE_FOR_NS|Centify|
  Number of SOQL queries: 0 out of 200
  Number of query rows: 0 out of 50000
  Number of SOSL queries: 0 out of 20
  Number of DML statements: 0 out of 150
  Number of DML rows: 0 out of 10000
  Maximum CPU time: 0 out of 60000
  Maximum heap size: 0 out of 12000000
  Number of callouts: 0 out of 0
  Number of Email Invocations: 0 out of 10
  Number of future calls: 0 out of 0
  Number of queueable jobs added to the queue: 0 out of 1
  Number of Mobile Apex push calls: 0 out of 10

11:48:02.793 (793787129)|CUMULATIVE_LIMIT_USAGE_END

