37.0 APEX_CODE,FINEST;APEX_PROFILING,INFO;CALLOUT,INFO;DB,INFO;NBA,INFO;SYSTEM,DEBUG;VALIDATION,INFO;VISUALFORCE,INFO;WAVE,INFO;WORKFLOW,INFO
13:44:10.18 (18904042)|ENTERING_MANAGED_PKG|Centify
13:44:10.18 (20642883)|ENTERING_MANAGED_PKG|Centify
13:44:10.18 (20717063)|ENTERING_MANAGED_PKG|Centify
13:44:10.18 (21431237)|ENTERING_MANAGED_PKG|Centify
13:44:10.18 (21505610)|ENTERING_MANAGED_PKG|Centify
13:44:10.18 (22225370)|ENTERING_MANAGED_PKG|Centify
13:44:10.18 (22513646)|ENTERING_MANAGED_PKG|Centify
13:44:10.18 (22552505)|ENTERING_MANAGED_PKG|Centify
13:44:10.18 (22650352)|ENTERING_MANAGED_PKG|Centify
13:44:10.18 (22708595)|ENTERING_MANAGED_PKG|Centify
13:44:10.18 (22748769)|ENTERING_MANAGED_PKG|Centify
13:44:10.18 (22771609)|ENTERING_MANAGED_PKG|Centify
13:44:10.18 (22788800)|ENTERING_MANAGED_PKG|Centify
13:44:10.18 (22956864)|ENTERING_MANAGED_PKG|Centify
13:44:10.18 (69577353)|ENTERING_MANAGED_PKG|Centify
13:44:10.18 (69683665)|ENTERING_MANAGED_PKG|Centify
13:44:10.18 (69865747)|ENTERING_MANAGED_PKG|Centify
13:44:10.18 (69943821)|ENTERING_MANAGED_PKG|Centify
13:44:10.18 (268913848)|ENTERING_MANAGED_PKG|Centify
13:44:10.18 (331524573)|ENTERING_MANAGED_PKG|Centify
13:44:10.18 (346107876)|ENTERING_MANAGED_PKG|Centify
13:44:10.18 (346169503)|ENTERING_MANAGED_PKG|Centify
13:44:10.18 (346266711)|ENTERING_MANAGED_PKG|Centify
13:44:10.18 (346299629)|ENTERING_MANAGED_PKG|Centify
13:44:10.18 (346363773)|ENTERING_MANAGED_PKG|Centify
13:44:10.18 (377729652)|ENTERING_MANAGED_PKG|Centify
13:44:10.18 (394527291)|ENTERING_MANAGED_PKG|Centify
13:44:10.18 (394580425)|ENTERING_MANAGED_PKG|Centify
13:44:10.18 (394658903)|ENTERING_MANAGED_PKG|Centify
13:44:10.18 (394688977)|ENTERING_MANAGED_PKG|Centify
13:44:10.18 (394750682)|ENTERING_MANAGED_PKG|Centify
13:44:10.18 (431585752)|ENTERING_MANAGED_PKG|Centify
13:44:10.18 (446621218)|ENTERING_MANAGED_PKG|Centify
13:44:10.18 (446690765)|ENTERING_MANAGED_PKG|Centify
13:44:10.18 (446800451)|ENTERING_MANAGED_PKG|Centify
13:44:10.18 (446849318)|ENTERING_MANAGED_PKG|Centify
13:44:10.18 (446949025)|ENTERING_MANAGED_PKG|Centify
13:44:10.18 (481300106)|ENTERING_MANAGED_PKG|Centify
13:44:10.18 (497952448)|ENTERING_MANAGED_PKG|Centify
13:44:10.18 (498006447)|ENTERING_MANAGED_PKG|Centify
13:44:10.18 (498086748)|ENTERING_MANAGED_PKG|Centify
13:44:10.18 (498118731)|ENTERING_MANAGED_PKG|Centify
13:44:10.18 (498180673)|ENTERING_MANAGED_PKG|Centify
13:44:10.18 (528939989)|ENTERING_MANAGED_PKG|Centify
13:44:10.18 (587788096)|ENTERING_MANAGED_PKG|Centify
13:44:10.18 (587847104)|ENTERING_MANAGED_PKG|Centify
13:44:10.18 (587947888)|ENTERING_MANAGED_PKG|Centify
13:44:10.18 (587991761)|ENTERING_MANAGED_PKG|Centify
13:44:10.18 (588059263)|ENTERING_MANAGED_PKG|Centify
13:44:10.18 (625654696)|ENTERING_MANAGED_PKG|Centify
13:44:10.18 (641154075)|ENTERING_MANAGED_PKG|Centify
13:44:10.18 (641206834)|ENTERING_MANAGED_PKG|Centify
13:44:10.18 (641278406)|ENTERING_MANAGED_PKG|Centify
13:44:10.18 (641309259)|ENTERING_MANAGED_PKG|Centify
13:44:10.18 (641368767)|ENTERING_MANAGED_PKG|Centify
13:44:10.18 (671454841)|ENTERING_MANAGED_PKG|Centify
13:44:10.18 (686980085)|ENTERING_MANAGED_PKG|Centify
13:44:10.18 (687027742)|ENTERING_MANAGED_PKG|Centify
13:44:10.18 (687100348)|ENTERING_MANAGED_PKG|Centify
13:44:10.18 (687130163)|ENTERING_MANAGED_PKG|Centify
13:44:10.18 (687197617)|ENTERING_MANAGED_PKG|Centify
13:44:10.18 (717655780)|ENTERING_MANAGED_PKG|Centify
13:44:10.18 (717717576)|ENTERING_MANAGED_PKG|Centify
13:44:10.18 (717834858)|ENTERING_MANAGED_PKG|Centify
13:44:10.18 (717856063)|ENTERING_MANAGED_PKG|Centify
13:44:10.18 (717968840)|ENTERING_MANAGED_PKG|Centify
13:44:10.18 (718005455)|ENTERING_MANAGED_PKG|Centify
13:44:10.18 (718040717)|ENTERING_MANAGED_PKG|Centify
13:44:10.18 (718837580)|ENTERING_MANAGED_PKG|Centify
13:44:10.18 (718913089)|ENTERING_MANAGED_PKG|Centify
13:44:10.18 (729966164)|ENTERING_MANAGED_PKG|Centify
13:44:10.18 (730095941)|ENTERING_MANAGED_PKG|Centify
13:44:10.18 (730664213)|ENTERING_MANAGED_PKG|Centify
13:44:10.18 (731290531)|SOQL_EXECUTE_BEGIN|[16]|Aggregations:0|select id,lastmodifieddate,isdeleted,name,ownerid,has_the_save_strategy_been_implemented__c,status__c,product_type__c from Cases__c where LastModifiedDate >2018-11-06T03:37:26Z AND LastModifiedDate < 2018-11-06T03:44:15Z  ORDER BY SystemModStamp DESC LIMIT 5000  ALL ROWS
13:44:10.18 (736561848)|SOQL_EXECUTE_END|[16]|Rows:0
13:44:10.758 (758915614)|CUMULATIVE_LIMIT_USAGE
13:44:10.758 (758915614)|LIMIT_USAGE_FOR_NS|(default)|
  Number of SOQL queries: 0 out of 200
  Number of query rows: 0 out of 50000
  Number of SOSL queries: 0 out of 20
  Number of DML statements: 0 out of 150
  Number of DML rows: 0 out of 10000
  Maximum CPU time: 0 out of 60000
  Maximum heap size: 0 out of 12000000
  Number of callouts: 0 out of 0
  Number of Email Invocations: 0 out of 10
  Number of future calls: 0 out of 0
  Number of queueable jobs added to the queue: 0 out of 1
  Number of Mobile Apex push calls: 0 out of 10

13:44:10.758 (758915614)|LIMIT_USAGE_FOR_NS|Centify|
  Number of SOQL queries: 0 out of 200
  Number of query rows: 0 out of 50000
  Number of SOSL queries: 0 out of 20
  Number of DML statements: 0 out of 150
  Number of DML rows: 0 out of 10000
  Maximum CPU time: 0 out of 60000
  Maximum heap size: 0 out of 12000000
  Number of callouts: 0 out of 0
  Number of Email Invocations: 0 out of 10
  Number of future calls: 0 out of 0
  Number of queueable jobs added to the queue: 0 out of 1
  Number of Mobile Apex push calls: 0 out of 10

13:44:10.758 (758915614)|CUMULATIVE_LIMIT_USAGE_END

