37.0 APEX_CODE,FINEST;APEX_PROFILING,INFO;CALLOUT,INFO;DB,INFO;NBA,INFO;SYSTEM,DEBUG;VALIDATION,INFO;VISUALFORCE,INFO;WAVE,INFO;WORKFLOW,INFO
16:50:51.9 (9103115)|ENTERING_MANAGED_PKG|Centify
16:50:51.9 (10884792)|ENTERING_MANAGED_PKG|Centify
16:50:51.9 (10933169)|ENTERING_MANAGED_PKG|Centify
16:50:51.9 (11704460)|ENTERING_MANAGED_PKG|Centify
16:50:51.9 (11770258)|ENTERING_MANAGED_PKG|Centify
16:50:51.9 (12573562)|ENTERING_MANAGED_PKG|Centify
16:50:51.9 (12627982)|ENTERING_MANAGED_PKG|Centify
16:50:51.9 (13241570)|ENTERING_MANAGED_PKG|Centify
16:50:51.9 (13277640)|ENTERING_MANAGED_PKG|Centify
16:50:51.9 (13365258)|ENTERING_MANAGED_PKG|Centify
16:50:51.9 (13422769)|ENTERING_MANAGED_PKG|Centify
16:50:51.9 (17829472)|SOQL_EXECUTE_BEGIN|[19]|Aggregations:0|SELECT Id, OrganizationType FROM Organization LIMIT 1
16:50:51.9 (21977718)|SOQL_EXECUTE_END|[19]|Rows:1
16:50:51.9 (23044589)|ENTERING_MANAGED_PKG|Centify
16:50:51.9 (23105380)|ENTERING_MANAGED_PKG|Centify
16:50:51.9 (23251443)|ENTERING_MANAGED_PKG|Centify
16:50:51.9 (23300999)|ENTERING_MANAGED_PKG|Centify
16:50:51.9 (23751080)|ENTERING_MANAGED_PKG|Centify
16:50:51.9 (23789670)|ENTERING_MANAGED_PKG|Centify
16:50:51.9 (23862748)|ENTERING_MANAGED_PKG|Centify
16:50:51.9 (23904870)|ENTERING_MANAGED_PKG|Centify
16:50:51.9 (25299914)|SOQL_EXECUTE_BEGIN|[95]|Aggregations:0|SELECT MAX(Last_Sync_Time__c) maxDT FROM Salesforce_Sync_Settings__c
16:50:51.9 (28699736)|SOQL_EXECUTE_END|[95]|Rows:1
16:50:51.9 (29236441)|ENTERING_MANAGED_PKG|Centify
16:50:51.9 (29307820)|ENTERING_MANAGED_PKG|Centify
16:50:51.9 (30935250)|ENTERING_MANAGED_PKG|Centify
16:50:51.9 (31021611)|ENTERING_MANAGED_PKG|Centify
16:50:51.9 (32718315)|SOQL_EXECUTE_BEGIN|[84]|Aggregations:0|SELECT COUNT() FROM Notification__c WHERE ((Number_Of_Attempts__c = NULL OR Number_Of_Attempts__c < :tmpVar1) AND (CreatedDate = TODAY OR LastModifiedDate = TODAY)) LIMIT 25000
16:50:51.9 (46938552)|SOQL_EXECUTE_END|[84]|Rows:0
16:50:51.9 (47062938)|ENTERING_MANAGED_PKG|Centify
16:50:51.9 (47132648)|ENTERING_MANAGED_PKG|Centify
16:50:51.9 (47185377)|ENTERING_MANAGED_PKG|Centify
16:50:51.9 (47225767)|ENTERING_MANAGED_PKG|Centify
16:50:51.9 (47254309)|ENTERING_MANAGED_PKG|Centify
16:50:51.9 (49472748)|SOQL_EXECUTE_BEGIN|[366]|Aggregations:0|SELECT Id, Label, MasterLabel, DeveloperName, Endpoint__c, TimeOut__c FROM Endpoint_Setting__mdt LIMIT 50
16:50:51.9 (55123300)|SOQL_EXECUTE_END|[366]|Rows:24
16:50:51.9 (56457571)|ENTERING_MANAGED_PKG|Centify
16:50:51.9 (56531217)|ENTERING_MANAGED_PKG|Centify
16:50:51.9 (57476082)|ENTERING_MANAGED_PKG|Centify
16:50:51.9 (57511387)|ENTERING_MANAGED_PKG|Centify
16:50:51.9 (58520070)|ENTERING_MANAGED_PKG|Centify
16:50:51.9 (59117903)|ENTERING_MANAGED_PKG|Centify
16:50:51.9 (59159079)|ENTERING_MANAGED_PKG|Centify
16:50:51.9 (59194179)|ENTERING_MANAGED_PKG|Centify
16:50:51.9 (59935213)|ENTERING_MANAGED_PKG|Centify
16:50:51.9 (59993754)|ENTERING_MANAGED_PKG|Centify
16:50:51.9 (60033128)|ENTERING_MANAGED_PKG|Centify
16:50:51.9 (60278436)|ENTERING_MANAGED_PKG|Centify
16:50:51.9 (60317253)|ENTERING_MANAGED_PKG|Centify
16:50:51.9 (60357543)|ENTERING_MANAGED_PKG|Centify
16:50:51.9 (60404872)|ENTERING_MANAGED_PKG|Centify
16:50:51.9 (60480147)|ENTERING_MANAGED_PKG|Centify
16:50:51.9 (62396312)|ENTERING_MANAGED_PKG|Centify
16:50:51.9 (62534932)|ENTERING_MANAGED_PKG|Centify
16:50:51.9 (63409712)|ENTERING_MANAGED_PKG|Centify
16:50:51.9 (234444541)|ENTERING_MANAGED_PKG|Centify
16:50:51.249 (249452068)|CUMULATIVE_LIMIT_USAGE
16:50:51.249 (249452068)|LIMIT_USAGE_FOR_NS|(default)|
  Number of SOQL queries: 0 out of 200
  Number of query rows: 0 out of 50000
  Number of SOSL queries: 0 out of 20
  Number of DML statements: 0 out of 150
  Number of DML rows: 0 out of 10000
  Maximum CPU time: 0 out of 60000
  Maximum heap size: 0 out of 12000000
  Number of callouts: 0 out of 0
  Number of Email Invocations: 0 out of 10
  Number of future calls: 0 out of 0
  Number of queueable jobs added to the queue: 0 out of 1
  Number of Mobile Apex push calls: 0 out of 10

16:50:51.249 (249452068)|LIMIT_USAGE_FOR_NS|Centify|
  Number of SOQL queries: 0 out of 200
  Number of query rows: 0 out of 50000
  Number of SOSL queries: 0 out of 20
  Number of DML statements: 0 out of 150
  Number of DML rows: 0 out of 10000
  Maximum CPU time: 0 out of 60000
  Maximum heap size: 0 out of 12000000
  Number of callouts: 0 out of 0
  Number of Email Invocations: 0 out of 10
  Number of future calls: 0 out of 0
  Number of queueable jobs added to the queue: 0 out of 1
  Number of Mobile Apex push calls: 0 out of 10

16:50:51.249 (249452068)|CUMULATIVE_LIMIT_USAGE_END

