37.0 APEX_CODE,FINEST;APEX_PROFILING,INFO;CALLOUT,INFO;DB,INFO;NBA,INFO;SYSTEM,DEBUG;VALIDATION,INFO;VISUALFORCE,INFO;WAVE,INFO;WORKFLOW,INFO
11:44:28.0 (829636)|ENTERING_MANAGED_PKG|Centify
11:44:28.0 (3046094)|ENTERING_MANAGED_PKG|Centify
11:44:28.0 (3096320)|ENTERING_MANAGED_PKG|Centify
11:44:28.0 (3916490)|ENTERING_MANAGED_PKG|Centify
11:44:28.0 (3954019)|ENTERING_MANAGED_PKG|Centify
11:44:28.0 (4070905)|ENTERING_MANAGED_PKG|Centify
11:44:28.0 (5964116)|ENTERING_MANAGED_PKG|Centify
11:44:28.0 (6032434)|ENTERING_MANAGED_PKG|Centify
11:44:28.0 (6146428)|ENTERING_MANAGED_PKG|Centify
11:44:28.0 (6635726)|ENTERING_MANAGED_PKG|Centify
11:44:28.0 (6860561)|ENTERING_MANAGED_PKG|Centify
11:44:28.0 (7042813)|ENTERING_MANAGED_PKG|Centify
11:44:28.0 (7191703)|ENTERING_MANAGED_PKG|Centify
11:44:28.0 (7265719)|ENTERING_MANAGED_PKG|Centify
11:44:28.0 (7351642)|ENTERING_MANAGED_PKG|Centify
11:44:28.0 (7443967)|ENTERING_MANAGED_PKG|Centify
11:44:28.0 (7510766)|ENTERING_MANAGED_PKG|Centify
11:44:28.0 (7556801)|ENTERING_MANAGED_PKG|Centify
11:44:28.0 (7632558)|ENTERING_MANAGED_PKG|Centify
11:44:28.0 (7695213)|ENTERING_MANAGED_PKG|Centify
11:44:28.0 (7761654)|ENTERING_MANAGED_PKG|Centify
11:44:28.0 (7857502)|ENTERING_MANAGED_PKG|Centify
11:44:28.0 (7962919)|ENTERING_MANAGED_PKG|Centify
11:44:28.0 (8069006)|ENTERING_MANAGED_PKG|Centify
11:44:28.0 (8265172)|ENTERING_MANAGED_PKG|Centify
11:44:28.0 (13347212)|ENTERING_MANAGED_PKG|Centify
11:44:28.0 (13465899)|ENTERING_MANAGED_PKG|Centify
11:44:28.0 (13984907)|ENTERING_MANAGED_PKG|Centify
11:44:28.0 (14065329)|ENTERING_MANAGED_PKG|Centify
11:44:28.0 (14142217)|ENTERING_MANAGED_PKG|Centify
11:44:28.0 (16075838)|ENTERING_MANAGED_PKG|Centify
11:44:28.0 (16191451)|ENTERING_MANAGED_PKG|Centify
11:44:28.0 (19597653)|SOQL_EXECUTE_BEGIN|[366]|Aggregations:0|SELECT Id, Label, MasterLabel, DeveloperName, Endpoint__c, TimeOut__c FROM Endpoint_Setting__mdt LIMIT 50
11:44:28.0 (25905913)|SOQL_EXECUTE_END|[366]|Rows:24
11:44:28.0 (29526073)|ENTERING_MANAGED_PKG|Centify
11:44:28.0 (30046751)|ENTERING_MANAGED_PKG|Centify
11:44:28.0 (30087627)|ENTERING_MANAGED_PKG|Centify
11:44:28.0 (30533659)|ENTERING_MANAGED_PKG|Centify
11:44:28.0 (30587416)|ENTERING_MANAGED_PKG|Centify
11:44:28.0 (30636564)|ENTERING_MANAGED_PKG|Centify
11:44:28.0 (30660262)|ENTERING_MANAGED_PKG|Centify
11:44:28.0 (31540844)|ENTERING_MANAGED_PKG|Centify
11:44:28.0 (31605077)|ENTERING_MANAGED_PKG|Centify
11:44:28.0 (35403829)|ENTERING_MANAGED_PKG|Centify
11:44:28.0 (35461583)|ENTERING_MANAGED_PKG|Centify
11:44:28.0 (35512643)|ENTERING_MANAGED_PKG|Centify
11:44:28.0 (35564454)|ENTERING_MANAGED_PKG|Centify
11:44:28.0 (35647863)|ENTERING_MANAGED_PKG|Centify
11:44:28.0 (38215878)|ENTERING_MANAGED_PKG|Centify
11:44:28.0 (38317203)|ENTERING_MANAGED_PKG|Centify
11:44:28.0 (38992037)|ENTERING_MANAGED_PKG|Centify
11:44:28.0 (813044069)|ENTERING_MANAGED_PKG|Centify
11:44:28.0 (813585362)|ENTERING_MANAGED_PKG|Centify
11:44:28.0 (815843078)|ENTERING_MANAGED_PKG|Centify
11:44:28.0 (819066364)|ENTERING_MANAGED_PKG|Centify
11:44:28.0 (819110650)|ENTERING_MANAGED_PKG|Centify
11:44:28.0 (819175765)|ENTERING_MANAGED_PKG|Centify
11:44:28.0 (819281011)|ENTERING_MANAGED_PKG|Centify
11:44:28.0 (819447136)|ENTERING_MANAGED_PKG|Centify
11:44:28.0 (819501939)|ENTERING_MANAGED_PKG|Centify
11:44:28.0 (819559523)|ENTERING_MANAGED_PKG|Centify
11:44:28.0 (819584618)|ENTERING_MANAGED_PKG|Centify
11:44:28.0 (819620974)|ENTERING_MANAGED_PKG|Centify
11:44:28.0 (819643133)|ENTERING_MANAGED_PKG|Centify
11:44:28.0 (819677806)|ENTERING_MANAGED_PKG|Centify
11:44:28.0 (819698522)|ENTERING_MANAGED_PKG|Centify
11:44:28.0 (819780740)|ENTERING_MANAGED_PKG|Centify
11:44:28.0 (819840510)|ENTERING_MANAGED_PKG|Centify
11:44:28.0 (819924892)|ENTERING_MANAGED_PKG|Centify
11:44:28.0 (819972741)|ENTERING_MANAGED_PKG|Centify
11:44:28.0 (822343956)|ENTERING_MANAGED_PKG|Centify
11:44:28.0 (822432862)|ENTERING_MANAGED_PKG|Centify
11:44:28.0 (822510204)|ENTERING_MANAGED_PKG|Centify
11:44:28.0 (822600278)|ENTERING_MANAGED_PKG|Centify
11:44:28.0 (822905416)|ENTERING_MANAGED_PKG|Centify
11:44:28.0 (824665810)|DML_BEGIN|[146]|Op:Delete|Type:Centify__Notification__c|Rows:4
11:44:28.0 (936488044)|DML_END|[146]
