37.0 APEX_CODE,FINEST;APEX_PROFILING,INFO;CALLOUT,INFO;DB,INFO;NBA,INFO;SYSTEM,DEBUG;VALIDATION,INFO;VISUALFORCE,INFO;WAVE,INFO;WORKFLOW,INFO
11:45:23.10 (10184230)|ENTERING_MANAGED_PKG|Centify
11:45:23.10 (13071100)|ENTERING_MANAGED_PKG|Centify
11:45:23.10 (13122267)|ENTERING_MANAGED_PKG|Centify
11:45:23.10 (13790972)|ENTERING_MANAGED_PKG|Centify
11:45:23.10 (13830311)|ENTERING_MANAGED_PKG|Centify
11:45:23.10 (13908383)|ENTERING_MANAGED_PKG|Centify
11:45:23.10 (14296540)|ENTERING_MANAGED_PKG|Centify
11:45:23.10 (22254847)|ENTERING_MANAGED_PKG|Centify
11:45:23.10 (22307434)|ENTERING_MANAGED_PKG|Centify
11:45:23.10 (22560476)|ENTERING_MANAGED_PKG|Centify
11:45:23.10 (22593863)|ENTERING_MANAGED_PKG|Centify
11:45:23.10 (22858000)|ENTERING_MANAGED_PKG|Centify
11:45:23.10 (23491845)|ENTERING_MANAGED_PKG|Centify
11:45:23.10 (23533739)|ENTERING_MANAGED_PKG|Centify
11:45:23.10 (23685864)|ENTERING_MANAGED_PKG|Centify
11:45:23.10 (23763185)|ENTERING_MANAGED_PKG|Centify
11:45:23.10 (23800991)|ENTERING_MANAGED_PKG|Centify
11:45:23.10 (23871367)|ENTERING_MANAGED_PKG|Centify
11:45:23.10 (23896679)|ENTERING_MANAGED_PKG|Centify
11:45:23.10 (23928243)|ENTERING_MANAGED_PKG|Centify
11:45:23.10 (24057674)|ENTERING_MANAGED_PKG|Centify
11:45:23.10 (24101090)|ENTERING_MANAGED_PKG|Centify
11:45:23.10 (25139993)|ENTERING_MANAGED_PKG|Centify
11:45:23.10 (25205370)|ENTERING_MANAGED_PKG|Centify
11:45:23.10 (25255171)|ENTERING_MANAGED_PKG|Centify
11:45:23.10 (25504088)|ENTERING_MANAGED_PKG|Centify
11:45:23.10 (25596762)|ENTERING_MANAGED_PKG|Centify
11:45:23.10 (26728385)|ENTERING_MANAGED_PKG|Centify
11:45:23.10 (26987006)|ENTERING_MANAGED_PKG|Centify
11:45:23.10 (27184798)|ENTERING_MANAGED_PKG|Centify
11:45:23.10 (27310453)|ENTERING_MANAGED_PKG|Centify
11:45:23.10 (27457552)|ENTERING_MANAGED_PKG|Centify
11:45:23.10 (27577966)|ENTERING_MANAGED_PKG|Centify
11:45:23.10 (27707882)|ENTERING_MANAGED_PKG|Centify
11:45:23.10 (27822576)|ENTERING_MANAGED_PKG|Centify
11:45:23.10 (27956283)|ENTERING_MANAGED_PKG|Centify
11:45:23.10 (28189676)|ENTERING_MANAGED_PKG|Centify
11:45:23.10 (28334371)|ENTERING_MANAGED_PKG|Centify
11:45:23.10 (28577744)|ENTERING_MANAGED_PKG|Centify
11:45:23.10 (28722104)|ENTERING_MANAGED_PKG|Centify
11:45:23.10 (28945118)|ENTERING_MANAGED_PKG|Centify
11:45:23.10 (29085543)|ENTERING_MANAGED_PKG|Centify
11:45:23.10 (29306039)|ENTERING_MANAGED_PKG|Centify
11:45:23.10 (29453026)|ENTERING_MANAGED_PKG|Centify
11:45:23.10 (30414381)|ENTERING_MANAGED_PKG|Centify
11:45:23.10 (30519392)|ENTERING_MANAGED_PKG|Centify
11:45:23.10 (30663322)|ENTERING_MANAGED_PKG|Centify
11:45:23.10 (30771048)|ENTERING_MANAGED_PKG|Centify
11:45:23.10 (30920844)|ENTERING_MANAGED_PKG|Centify
11:45:23.10 (30993103)|ENTERING_MANAGED_PKG|Centify
11:45:23.10 (32514050)|DML_BEGIN|[76]|Op:Insert|Type:Centify__Notification__c|Rows:1
11:45:23.10 (63353277)|DML_END|[76]
11:45:23.10 (63534358)|ENTERING_MANAGED_PKG|Centify
11:45:23.10 (63959084)|ENTERING_MANAGED_PKG|Centify
11:45:23.81 (81153219)|CUMULATIVE_LIMIT_USAGE
11:45:23.81 (81153219)|LIMIT_USAGE_FOR_NS|(default)|
  Number of SOQL queries: 0 out of 200
  Number of query rows: 0 out of 50000
  Number of SOSL queries: 0 out of 20
  Number of DML statements: 0 out of 150
  Number of DML rows: 0 out of 10000
  Maximum CPU time: 0 out of 60000
  Maximum heap size: 0 out of 12000000
  Number of callouts: 0 out of 0
  Number of Email Invocations: 0 out of 10
  Number of future calls: 0 out of 0
  Number of queueable jobs added to the queue: 0 out of 1
  Number of Mobile Apex push calls: 0 out of 10

11:45:23.81 (81153219)|LIMIT_USAGE_FOR_NS|Centify|
  Number of SOQL queries: 0 out of 200
  Number of query rows: 0 out of 50000
  Number of SOSL queries: 0 out of 20
  Number of DML statements: 0 out of 150
  Number of DML rows: 0 out of 10000
  Maximum CPU time: 0 out of 60000
  Maximum heap size: 0 out of 12000000
  Number of callouts: 0 out of 0
  Number of Email Invocations: 0 out of 10
  Number of future calls: 0 out of 0
  Number of queueable jobs added to the queue: 0 out of 1
  Number of Mobile Apex push calls: 0 out of 10

11:45:23.81 (81153219)|CUMULATIVE_LIMIT_USAGE_END

