31.0 APEX_CODE,FINEST;APEX_PROFILING,INFO;CALLOUT,INFO;DB,INFO;NBA,INFO;SYSTEM,DEBUG;VALIDATION,INFO;VISUALFORCE,INFO;WAVE,INFO;WORKFLOW,INFO
17:03:09.0 (398029)|USER_INFO|[EXTERNAL]|00590000000Vmmq|ben@bjbglobal.com.au|Australian Eastern Standard Time|GMT+10:00
17:03:09.0 (433563)|EXECUTION_STARTED
17:03:09.0 (441254)|CODE_UNIT_STARTED|[EXTERNAL]|TRIGGERS
17:03:09.0 (475856)|CODE_UNIT_STARTED|[EXTERNAL]|01q6F000000DhRF|TaskBeforeUpdate on Task trigger event BeforeUpdate|__sfdc_trigger/TaskBeforeUpdate
17:03:09.0 (521636)|HEAP_ALLOCATE|[EXTERNAL]|Bytes:8
17:03:09.0 (579318)|HEAP_ALLOCATE|[EXTERNAL]|Bytes:8
17:03:09.0 (980965)|HEAP_ALLOCATE|[72]|Bytes:3
17:03:09.0 (1018505)|HEAP_ALLOCATE|[77]|Bytes:152
17:03:09.0 (1036450)|HEAP_ALLOCATE|[342]|Bytes:408
17:03:09.0 (1049720)|HEAP_ALLOCATE|[355]|Bytes:408
17:03:09.0 (1061002)|HEAP_ALLOCATE|[467]|Bytes:48
17:03:09.0 (1089644)|HEAP_ALLOCATE|[139]|Bytes:6
17:03:09.0 (1113730)|HEAP_ALLOCATE|[EXTERNAL]|Bytes:4
17:03:09.0 (1122795)|VARIABLE_SCOPE_BEGIN|[10]|this|TaskBeforeUpdate|true|false
17:03:09.0 (1173485)|VARIABLE_ASSIGNMENT|[10]|this|{}|0x5a696a50
17:03:09.0 (1237960)|HEAP_ALLOCATE|[EXTERNAL]|Bytes:4
17:03:09.0 (1246795)|VARIABLE_SCOPE_BEGIN|[10]|this|TaskBeforeUpdate|true|false
17:03:09.0 (1262006)|VARIABLE_ASSIGNMENT|[10]|this|{}|0x5a696a50
17:03:09.0 (1274060)|STATEMENT_EXECUTE|[10]
17:03:09.1 (1279053)|CUMULATIVE_LIMIT_USAGE
17:03:09.1 (1279053)|LIMIT_USAGE_FOR_NS|(default)|
  Number of SOQL queries: 0 out of 100
  Number of query rows: 0 out of 50000
  Number of SOSL queries: 0 out of 20
  Number of DML statements: 0 out of 150
  Number of DML rows: 0 out of 10000
  Maximum CPU time: 0 out of 10000
  Maximum heap size: 0 out of 6000000
  Number of callouts: 0 out of 100
  Number of Email Invocations: 0 out of 10
  Number of future calls: 0 out of 50
  Number of queueable jobs added to the queue: 0 out of 50
  Number of Mobile Apex push calls: 0 out of 10

17:03:09.1 (1279053)|CUMULATIVE_LIMIT_USAGE_END

17:03:09.0 (2382625)|CODE_UNIT_FINISHED|TaskBeforeUpdate on Task trigger event BeforeUpdate|__sfdc_trigger/TaskBeforeUpdate
17:03:09.0 (7831826)|CODE_UNIT_STARTED|[EXTERNAL]|Validation:Task:00T6F00005906Vc
17:03:09.0 (7853593)|VALIDATION_RULE|03d6F000000qFaO|Finish_all_call_monitor_field
17:03:09.0 (8298220)|VALIDATION_FORMULA|AND(!ISBLANK(Monitored_By__c),
    OR(ISBLANK( TEXT(CM_advised_what_will_happen_next__c)),
       ISBLANK( TEXT(Allow_customer_to_present_concerns__c) ),
       ISBLANK( TEXT(Communication_is_clear_positive_confiden__c) ),
       ISBLANK( TEXT(Demonstrate_active_listening__c )),
       ISBLANK( TEXT(Gave_correct_answers_and_infomations__c) ),
       ISBLANK( TEXT(Mirrors_clients_talking_behaviour__c) ) ))|CM_advised_what_will_happen_next__c=null , Demonstrate_active_listening__c=null , Communication_is_clear_positive_confiden__c=null , Allow_customer_to_present_concerns__c=null , Gave_correct_answers_and_infomations__c=null , Mirrors_clients_talking_behaviour__c=null , Monitored_By__c=null
17:03:09.0 (8321793)|VALIDATION_PASS
17:03:09.0 (8324308)|VALIDATION_RULE|03d900000009JbB|Interac_Quality_Must_Be_Between_1_and_10
17:03:09.0 (8417721)|VALIDATION_FORMULA|NVMContactWorld__InteractionQuality__c < 1  &#124;&#124;  NVMContactWorld__InteractionQuality__c > 10|NVMContactWorld__InteractionQuality__c=null
17:03:09.0 (8428167)|VALIDATION_PASS
17:03:09.0 (8633026)|CODE_UNIT_FINISHED|Validation:Task:00T6F00005906Vc
17:03:09.0 (39553830)|CODE_UNIT_STARTED|[EXTERNAL]|Workflow:Task
17:03:09.0 (58995120)|WF_RULE_EVAL_BEGIN|Workflow
17:03:09.0 (59046461)|WF_CRITERIA_BEGIN|[Task:  00T6F00005906Vc]|Update Call Monitor Details|01Q6F0000002Tdt|ON_CREATE_OR_TRIGGERING_UPDATE|0
17:03:09.0 (61984288)|WF_RULE_FILTER|[Task : Monitored By not equal to ]
17:03:09.0 (61998364)|WF_RULE_EVAL_VALUE|
17:03:09.0 (62002049)|WF_CRITERIA_END|false
17:03:09.0 (62015593)|WF_CRITERIA_BEGIN|[Task:  00T6F00005906Vc]|Update_Callback_Request_Due_Date3016F0000005i0e|01Q6F0000019gyq|ON_CREATE_ONLY|0
17:03:09.0 (62027594)|WF_RULE_NOT_EVALUATED
17:03:09.0 (62033145)|WF_CRITERIA_BEGIN|[Task:  00T6F00005906Vc]|Call Back Request From LinX|01Q6F000001EY2L|ON_CREATE_OR_TRIGGERING_UPDATE|0
17:03:09.0 (62091957)|WF_RULE_FILTER|[Task : Subject equals Callback Request]
17:03:09.0 (62101519)|WF_RULE_EVAL_VALUE|Outbound call to +61414403076
17:03:09.0 (62105478)|WF_CRITERIA_END|false
17:03:09.0 (62112933)|WF_CRITERIA_BEGIN|[Task:  00T6F00005906Vc]|Call_Monitor3016F00000054R3|01Q6F000000oOu7|ON_ALL_CHANGES|0
17:03:09.0 (62215160)|WF_FORMULA|Formula:ENCODED:[treatNullAsNull]true|Values:
17:03:09.0 (62222545)|WF_CRITERIA_END|true
17:03:09.0 (63112587)|WF_SPOOL_ACTION_BEGIN|Workflow
17:03:09.0 (63139773)|WF_ACTION| Flow Trigger: 1;
17:03:09.0 (63146459)|WF_RULE_EVAL_END
17:03:09.0 (64246854)|WF_FLOW_ACTION_BEGIN|09L6F000000PGTV
17:03:09.65 (65726077)|FLOW_CREATE_INTERVIEW_BEGIN|00D90000000IJSa|3006F0000008usA|3016F00000054R3
17:03:09.65 (66654459)|FLOW_CREATE_INTERVIEW_END|1977234a996e5515e63f74f4ab191673513602e-7508|Call Monitoring
17:03:09.67 (67119570)|FLOW_START_INTERVIEWS_BEGIN|1
17:03:09.67 (67140172)|FLOW_START_INTERVIEW_BEGIN|1977234a996e5515e63f74f4ab191673513602e-7508|Call Monitoring
17:03:09.67 (80458357)|FLOW_START_INTERVIEW_END|1977234a996e5515e63f74f4ab191673513602e-7508|Call Monitoring
17:03:09.67 (80495659)|FLOW_START_INTERVIEWS_END|1
17:03:09.0 (81408027)|WF_FLOW_ACTION_END|09L6F000000PGTV
17:03:09.0 (81524004)|WF_ACTIONS_END| Flow Trigger: 1;
17:03:09.0 (81534669)|CODE_UNIT_FINISHED|Workflow:Task
17:03:09.0 (100195166)|CODE_UNIT_FINISHED|TRIGGERS
17:03:09.0 (100217386)|EXECUTION_FINISHED
