37.0 APEX_CODE,FINEST;APEX_PROFILING,INFO;CALLOUT,INFO;DB,INFO;NBA,INFO;SYSTEM,DEBUG;VALIDATION,INFO;VISUALFORCE,INFO;WAVE,INFO;WORKFLOW,INFO
18:56:16.7 (7598101)|ENTERING_MANAGED_PKG|Centify
18:56:16.7 (11733575)|ENTERING_MANAGED_PKG|Centify
18:56:16.7 (11782125)|ENTERING_MANAGED_PKG|Centify
18:56:16.7 (14052272)|ENTERING_MANAGED_PKG|Centify
18:56:16.7 (14098762)|ENTERING_MANAGED_PKG|Centify
18:56:16.7 (14204921)|ENTERING_MANAGED_PKG|Centify
18:56:16.7 (14673242)|ENTERING_MANAGED_PKG|Centify
18:56:16.7 (22413613)|ENTERING_MANAGED_PKG|Centify
18:56:16.7 (22464798)|ENTERING_MANAGED_PKG|Centify
18:56:16.7 (22689963)|ENTERING_MANAGED_PKG|Centify
18:56:16.7 (22717559)|ENTERING_MANAGED_PKG|Centify
18:56:16.7 (22969213)|ENTERING_MANAGED_PKG|Centify
18:56:16.7 (24580343)|ENTERING_MANAGED_PKG|Centify
18:56:16.7 (24626556)|ENTERING_MANAGED_PKG|Centify
18:56:16.7 (24729359)|ENTERING_MANAGED_PKG|Centify
18:56:16.7 (24817820)|ENTERING_MANAGED_PKG|Centify
18:56:16.7 (24854804)|ENTERING_MANAGED_PKG|Centify
18:56:16.7 (24927436)|ENTERING_MANAGED_PKG|Centify
18:56:16.7 (24951677)|ENTERING_MANAGED_PKG|Centify
18:56:16.7 (24981605)|ENTERING_MANAGED_PKG|Centify
18:56:16.7 (25119131)|ENTERING_MANAGED_PKG|Centify
18:56:16.7 (25159737)|ENTERING_MANAGED_PKG|Centify
18:56:16.7 (28163092)|ENTERING_MANAGED_PKG|Centify
18:56:16.7 (28209976)|ENTERING_MANAGED_PKG|Centify
18:56:16.7 (28250297)|ENTERING_MANAGED_PKG|Centify
18:56:16.7 (28382644)|ENTERING_MANAGED_PKG|Centify
18:56:16.7 (28435067)|ENTERING_MANAGED_PKG|Centify
18:56:16.7 (29325221)|ENTERING_MANAGED_PKG|Centify
18:56:16.7 (29557004)|ENTERING_MANAGED_PKG|Centify
18:56:16.7 (29699819)|ENTERING_MANAGED_PKG|Centify
18:56:16.7 (29765345)|ENTERING_MANAGED_PKG|Centify
18:56:16.7 (29834043)|ENTERING_MANAGED_PKG|Centify
18:56:16.7 (29888190)|ENTERING_MANAGED_PKG|Centify
18:56:16.7 (29950252)|ENTERING_MANAGED_PKG|Centify
18:56:16.7 (30007687)|ENTERING_MANAGED_PKG|Centify
18:56:16.7 (30071497)|ENTERING_MANAGED_PKG|Centify
18:56:16.7 (30185236)|ENTERING_MANAGED_PKG|Centify
18:56:16.7 (30254462)|ENTERING_MANAGED_PKG|Centify
18:56:16.7 (30359305)|ENTERING_MANAGED_PKG|Centify
18:56:16.7 (30427854)|ENTERING_MANAGED_PKG|Centify
18:56:16.7 (30528725)|ENTERING_MANAGED_PKG|Centify
18:56:16.7 (30596094)|ENTERING_MANAGED_PKG|Centify
18:56:16.7 (30692767)|ENTERING_MANAGED_PKG|Centify
18:56:16.7 (30778977)|ENTERING_MANAGED_PKG|Centify
18:56:16.7 (31288862)|ENTERING_MANAGED_PKG|Centify
18:56:16.7 (31373897)|ENTERING_MANAGED_PKG|Centify
18:56:16.7 (31485206)|ENTERING_MANAGED_PKG|Centify
18:56:16.7 (31587844)|ENTERING_MANAGED_PKG|Centify
18:56:16.7 (31761352)|ENTERING_MANAGED_PKG|Centify
18:56:16.7 (31847496)|ENTERING_MANAGED_PKG|Centify
18:56:16.7 (33114461)|DML_BEGIN|[53]|Op:Insert|Type:Centify__Notification__c|Rows:1
18:56:16.7 (62960198)|DML_END|[53]
18:56:16.7 (63092945)|ENTERING_MANAGED_PKG|Centify
18:56:16.7 (63384794)|ENTERING_MANAGED_PKG|Centify
18:56:16.77 (77479021)|CUMULATIVE_LIMIT_USAGE
18:56:16.77 (77479021)|LIMIT_USAGE_FOR_NS|(default)|
  Number of SOQL queries: 0 out of 200
  Number of query rows: 0 out of 50000
  Number of SOSL queries: 0 out of 20
  Number of DML statements: 0 out of 150
  Number of DML rows: 0 out of 10000
  Maximum CPU time: 0 out of 60000
  Maximum heap size: 0 out of 12000000
  Number of callouts: 0 out of 0
  Number of Email Invocations: 0 out of 10
  Number of future calls: 0 out of 0
  Number of queueable jobs added to the queue: 0 out of 1
  Number of Mobile Apex push calls: 0 out of 10

18:56:16.77 (77479021)|LIMIT_USAGE_FOR_NS|Centify|
  Number of SOQL queries: 0 out of 200
  Number of query rows: 0 out of 50000
  Number of SOSL queries: 0 out of 20
  Number of DML statements: 0 out of 150
  Number of DML rows: 0 out of 10000
  Maximum CPU time: 0 out of 60000
  Maximum heap size: 0 out of 12000000
  Number of callouts: 0 out of 0
  Number of Email Invocations: 0 out of 10
  Number of future calls: 0 out of 0
  Number of queueable jobs added to the queue: 0 out of 1
  Number of Mobile Apex push calls: 0 out of 10

18:56:16.77 (77479021)|CUMULATIVE_LIMIT_USAGE_END

