37.0 APEX_CODE,FINEST;APEX_PROFILING,INFO;CALLOUT,INFO;DB,INFO;NBA,INFO;SYSTEM,DEBUG;VALIDATION,INFO;VISUALFORCE,INFO;WAVE,INFO;WORKFLOW,INFO
17:03:22.24 (24168742)|ENTERING_MANAGED_PKG|Centify
17:03:22.24 (28654815)|ENTERING_MANAGED_PKG|Centify
17:03:22.24 (28702506)|ENTERING_MANAGED_PKG|Centify
17:03:22.24 (29296692)|ENTERING_MANAGED_PKG|Centify
17:03:22.24 (29358209)|ENTERING_MANAGED_PKG|Centify
17:03:22.24 (30065843)|ENTERING_MANAGED_PKG|Centify
17:03:22.24 (30376915)|ENTERING_MANAGED_PKG|Centify
17:03:22.24 (30403015)|ENTERING_MANAGED_PKG|Centify
17:03:22.24 (30473085)|ENTERING_MANAGED_PKG|Centify
17:03:22.24 (30509231)|ENTERING_MANAGED_PKG|Centify
17:03:22.24 (30535449)|ENTERING_MANAGED_PKG|Centify
17:03:22.24 (30552479)|ENTERING_MANAGED_PKG|Centify
17:03:22.24 (30566335)|ENTERING_MANAGED_PKG|Centify
17:03:22.24 (30727717)|ENTERING_MANAGED_PKG|Centify
17:03:22.24 (73676189)|ENTERING_MANAGED_PKG|Centify
17:03:22.24 (73748740)|ENTERING_MANAGED_PKG|Centify
17:03:22.24 (73853541)|ENTERING_MANAGED_PKG|Centify
17:03:22.24 (73893448)|ENTERING_MANAGED_PKG|Centify
17:03:22.24 (281886247)|ENTERING_MANAGED_PKG|Centify
17:03:22.24 (311990827)|ENTERING_MANAGED_PKG|Centify
17:03:22.24 (326402996)|ENTERING_MANAGED_PKG|Centify
17:03:22.24 (326472588)|ENTERING_MANAGED_PKG|Centify
17:03:22.24 (326579857)|ENTERING_MANAGED_PKG|Centify
17:03:22.24 (326624923)|ENTERING_MANAGED_PKG|Centify
17:03:22.24 (326708450)|ENTERING_MANAGED_PKG|Centify
17:03:22.24 (349721689)|ENTERING_MANAGED_PKG|Centify
17:03:22.24 (365816887)|ENTERING_MANAGED_PKG|Centify
17:03:22.24 (365878838)|ENTERING_MANAGED_PKG|Centify
17:03:22.24 (365955149)|ENTERING_MANAGED_PKG|Centify
17:03:22.24 (365985915)|ENTERING_MANAGED_PKG|Centify
17:03:22.24 (366047468)|ENTERING_MANAGED_PKG|Centify
17:03:22.24 (393777762)|ENTERING_MANAGED_PKG|Centify
17:03:22.24 (411759169)|ENTERING_MANAGED_PKG|Centify
17:03:22.24 (411808967)|ENTERING_MANAGED_PKG|Centify
17:03:22.24 (411883364)|ENTERING_MANAGED_PKG|Centify
17:03:22.24 (411914482)|ENTERING_MANAGED_PKG|Centify
17:03:22.24 (411973493)|ENTERING_MANAGED_PKG|Centify
17:03:22.24 (434656291)|ENTERING_MANAGED_PKG|Centify
17:03:22.24 (450739363)|ENTERING_MANAGED_PKG|Centify
17:03:22.24 (450788211)|ENTERING_MANAGED_PKG|Centify
17:03:22.24 (450859965)|ENTERING_MANAGED_PKG|Centify
17:03:22.24 (450896520)|ENTERING_MANAGED_PKG|Centify
17:03:22.24 (450987004)|ENTERING_MANAGED_PKG|Centify
17:03:22.24 (473206760)|ENTERING_MANAGED_PKG|Centify
17:03:22.24 (492498386)|ENTERING_MANAGED_PKG|Centify
17:03:22.24 (492548341)|ENTERING_MANAGED_PKG|Centify
17:03:22.24 (492623784)|ENTERING_MANAGED_PKG|Centify
17:03:22.24 (492655825)|ENTERING_MANAGED_PKG|Centify
17:03:22.24 (492714557)|ENTERING_MANAGED_PKG|Centify
17:03:22.24 (516815581)|ENTERING_MANAGED_PKG|Centify
17:03:22.24 (537265788)|ENTERING_MANAGED_PKG|Centify
17:03:22.24 (537332177)|ENTERING_MANAGED_PKG|Centify
17:03:22.24 (537445791)|ENTERING_MANAGED_PKG|Centify
17:03:22.24 (537496523)|ENTERING_MANAGED_PKG|Centify
17:03:22.24 (537576636)|ENTERING_MANAGED_PKG|Centify
17:03:22.24 (584502693)|ENTERING_MANAGED_PKG|Centify
17:03:22.24 (601791774)|ENTERING_MANAGED_PKG|Centify
17:03:22.24 (601840614)|ENTERING_MANAGED_PKG|Centify
17:03:22.24 (601914360)|ENTERING_MANAGED_PKG|Centify
17:03:22.24 (601946348)|ENTERING_MANAGED_PKG|Centify
17:03:22.24 (602005753)|ENTERING_MANAGED_PKG|Centify
17:03:22.24 (625950145)|ENTERING_MANAGED_PKG|Centify
17:03:22.24 (661463213)|ENTERING_MANAGED_PKG|Centify
17:03:22.24 (661519739)|ENTERING_MANAGED_PKG|Centify
17:03:22.24 (661648875)|ENTERING_MANAGED_PKG|Centify
17:03:22.24 (661708555)|ENTERING_MANAGED_PKG|Centify
17:03:22.24 (661819624)|ENTERING_MANAGED_PKG|Centify
17:03:22.24 (692152773)|ENTERING_MANAGED_PKG|Centify
17:03:22.24 (712297401)|ENTERING_MANAGED_PKG|Centify
17:03:22.24 (712371141)|ENTERING_MANAGED_PKG|Centify
17:03:22.24 (712517963)|ENTERING_MANAGED_PKG|Centify
17:03:22.24 (712562569)|ENTERING_MANAGED_PKG|Centify
17:03:22.24 (712648546)|ENTERING_MANAGED_PKG|Centify
17:03:22.24 (737569627)|ENTERING_MANAGED_PKG|Centify
17:03:22.24 (754529075)|ENTERING_MANAGED_PKG|Centify
17:03:22.24 (754583801)|ENTERING_MANAGED_PKG|Centify
17:03:22.24 (754673536)|ENTERING_MANAGED_PKG|Centify
17:03:22.24 (754716738)|ENTERING_MANAGED_PKG|Centify
17:03:22.24 (754783643)|ENTERING_MANAGED_PKG|Centify
17:03:22.24 (777590458)|ENTERING_MANAGED_PKG|Centify
17:03:22.24 (794322778)|ENTERING_MANAGED_PKG|Centify
17:03:22.24 (794373250)|ENTERING_MANAGED_PKG|Centify
17:03:22.24 (794447603)|ENTERING_MANAGED_PKG|Centify
17:03:22.24 (794477397)|ENTERING_MANAGED_PKG|Centify
17:03:22.24 (794535669)|ENTERING_MANAGED_PKG|Centify
17:03:22.24 (821946760)|ENTERING_MANAGED_PKG|Centify
17:03:22.24 (840849124)|ENTERING_MANAGED_PKG|Centify
17:03:22.24 (840900454)|ENTERING_MANAGED_PKG|Centify
17:03:22.24 (840974551)|ENTERING_MANAGED_PKG|Centify
17:03:22.24 (841005341)|ENTERING_MANAGED_PKG|Centify
17:03:22.24 (841068572)|ENTERING_MANAGED_PKG|Centify
17:03:22.24 (873278251)|ENTERING_MANAGED_PKG|Centify
17:03:22.24 (873363141)|ENTERING_MANAGED_PKG|Centify
17:03:22.24 (873518649)|ENTERING_MANAGED_PKG|Centify
17:03:22.24 (873556935)|ENTERING_MANAGED_PKG|Centify
17:03:22.24 (873588069)|ENTERING_MANAGED_PKG|Centify
17:03:22.24 (873874047)|ENTERING_MANAGED_PKG|Centify
17:03:22.24 (873948137)|ENTERING_MANAGED_PKG|Centify
17:03:22.24 (886314428)|ENTERING_MANAGED_PKG|Centify
17:03:22.24 (886391779)|ENTERING_MANAGED_PKG|Centify
17:03:22.24 (886475623)|ENTERING_MANAGED_PKG|Centify
17:03:22.24 (887113962)|ENTERING_MANAGED_PKG|Centify
17:03:22.24 (887932171)|SOQL_EXECUTE_BEGIN|[16]|Aggregations:0|select id,lastmodifieddate,isdeleted,audit_completed_date__c,audit_booked_date__c,assign_to__c,name,ownerid,status__c,lastactivitydate,opp_type__c,spinify_is_target__c,spinify_is_auditedthismonth__c from SLXOpportunity__c where LastModifiedDate >2018-11-21T06:02:05Z AND LastModifiedDate < 2018-11-21T07:03:28Z AND (   Spinify_Is_Target__c =true OR  Spinify_Is_AuditedThisMonth__c =true )  ORDER BY SystemModStamp DESC LIMIT 5000  ALL ROWS
17:03:22.24 (892897595)|SOQL_EXECUTE_END|[16]|Rows:0
17:03:22.926 (926976344)|CUMULATIVE_LIMIT_USAGE
17:03:22.926 (926976344)|LIMIT_USAGE_FOR_NS|(default)|
  Number of SOQL queries: 0 out of 200
  Number of query rows: 0 out of 50000
  Number of SOSL queries: 0 out of 20
  Number of DML statements: 0 out of 150
  Number of DML rows: 0 out of 10000
  Maximum CPU time: 0 out of 60000
  Maximum heap size: 0 out of 12000000
  Number of callouts: 0 out of 0
  Number of Email Invocations: 0 out of 10
  Number of future calls: 0 out of 0
  Number of queueable jobs added to the queue: 0 out of 1
  Number of Mobile Apex push calls: 0 out of 10

17:03:22.926 (926976344)|LIMIT_USAGE_FOR_NS|Centify|
  Number of SOQL queries: 0 out of 200
  Number of query rows: 0 out of 50000
  Number of SOSL queries: 0 out of 20
  Number of DML statements: 0 out of 150
  Number of DML rows: 0 out of 10000
  Maximum CPU time: 0 out of 60000
  Maximum heap size: 0 out of 12000000
  Number of callouts: 0 out of 0
  Number of Email Invocations: 0 out of 10
  Number of future calls: 0 out of 0
  Number of queueable jobs added to the queue: 0 out of 1
  Number of Mobile Apex push calls: 0 out of 10

17:03:22.926 (926976344)|CUMULATIVE_LIMIT_USAGE_END

