37.0 APEX_CODE,FINEST;APEX_PROFILING,INFO;CALLOUT,INFO;DB,INFO;NBA,INFO;SYSTEM,DEBUG;VALIDATION,INFO;VISUALFORCE,INFO;WAVE,INFO;WORKFLOW,INFO
17:14:14.20 (20102328)|ENTERING_MANAGED_PKG|Centify
17:14:14.20 (21684880)|ENTERING_MANAGED_PKG|Centify
17:14:14.20 (21730165)|ENTERING_MANAGED_PKG|Centify
17:14:14.20 (22342013)|ENTERING_MANAGED_PKG|Centify
17:14:14.20 (22404527)|ENTERING_MANAGED_PKG|Centify
17:14:14.20 (23062346)|ENTERING_MANAGED_PKG|Centify
17:14:14.20 (23324408)|ENTERING_MANAGED_PKG|Centify
17:14:14.20 (23349799)|ENTERING_MANAGED_PKG|Centify
17:14:14.20 (23415666)|ENTERING_MANAGED_PKG|Centify
17:14:14.20 (23451897)|ENTERING_MANAGED_PKG|Centify
17:14:14.20 (23479449)|ENTERING_MANAGED_PKG|Centify
17:14:14.20 (23497895)|ENTERING_MANAGED_PKG|Centify
17:14:14.20 (23512016)|ENTERING_MANAGED_PKG|Centify
17:14:14.20 (23673403)|ENTERING_MANAGED_PKG|Centify
17:14:14.20 (80309212)|ENTERING_MANAGED_PKG|Centify
17:14:14.20 (80382702)|ENTERING_MANAGED_PKG|Centify
17:14:14.20 (80498881)|ENTERING_MANAGED_PKG|Centify
17:14:14.20 (80539783)|ENTERING_MANAGED_PKG|Centify
17:14:14.20 (285526784)|ENTERING_MANAGED_PKG|Centify
17:14:14.20 (413298176)|ENTERING_MANAGED_PKG|Centify
17:14:14.20 (428665948)|ENTERING_MANAGED_PKG|Centify
17:14:14.20 (428723392)|ENTERING_MANAGED_PKG|Centify
17:14:14.20 (428817166)|ENTERING_MANAGED_PKG|Centify
17:14:14.20 (428857155)|ENTERING_MANAGED_PKG|Centify
17:14:14.20 (428944430)|ENTERING_MANAGED_PKG|Centify
17:14:14.20 (470991419)|ENTERING_MANAGED_PKG|Centify
17:14:14.20 (489009956)|ENTERING_MANAGED_PKG|Centify
17:14:14.20 (489066604)|ENTERING_MANAGED_PKG|Centify
17:14:14.20 (489161899)|ENTERING_MANAGED_PKG|Centify
17:14:14.20 (489204961)|ENTERING_MANAGED_PKG|Centify
17:14:14.20 (489284309)|ENTERING_MANAGED_PKG|Centify
17:14:14.20 (529688543)|ENTERING_MANAGED_PKG|Centify
17:14:14.20 (551130369)|ENTERING_MANAGED_PKG|Centify
17:14:14.20 (551201621)|ENTERING_MANAGED_PKG|Centify
17:14:14.20 (551312356)|ENTERING_MANAGED_PKG|Centify
17:14:14.20 (551358568)|ENTERING_MANAGED_PKG|Centify
17:14:14.20 (551458601)|ENTERING_MANAGED_PKG|Centify
17:14:14.20 (587355822)|ENTERING_MANAGED_PKG|Centify
17:14:14.20 (602729057)|ENTERING_MANAGED_PKG|Centify
17:14:14.20 (602781640)|ENTERING_MANAGED_PKG|Centify
17:14:14.20 (602863868)|ENTERING_MANAGED_PKG|Centify
17:14:14.20 (602900028)|ENTERING_MANAGED_PKG|Centify
17:14:14.20 (602975784)|ENTERING_MANAGED_PKG|Centify
17:14:14.20 (636083667)|ENTERING_MANAGED_PKG|Centify
17:14:14.20 (651291046)|ENTERING_MANAGED_PKG|Centify
17:14:14.20 (651340884)|ENTERING_MANAGED_PKG|Centify
17:14:14.20 (651420215)|ENTERING_MANAGED_PKG|Centify
17:14:14.20 (651456615)|ENTERING_MANAGED_PKG|Centify
17:14:14.20 (651525625)|ENTERING_MANAGED_PKG|Centify
17:14:14.20 (684469596)|ENTERING_MANAGED_PKG|Centify
17:14:14.20 (700460046)|ENTERING_MANAGED_PKG|Centify
17:14:14.20 (700513149)|ENTERING_MANAGED_PKG|Centify
17:14:14.20 (700592950)|ENTERING_MANAGED_PKG|Centify
17:14:14.20 (700630484)|ENTERING_MANAGED_PKG|Centify
17:14:14.20 (700700920)|ENTERING_MANAGED_PKG|Centify
17:14:14.20 (733484952)|ENTERING_MANAGED_PKG|Centify
17:14:14.20 (749104957)|ENTERING_MANAGED_PKG|Centify
17:14:14.20 (749150890)|ENTERING_MANAGED_PKG|Centify
17:14:14.20 (749228175)|ENTERING_MANAGED_PKG|Centify
17:14:14.20 (749263917)|ENTERING_MANAGED_PKG|Centify
17:14:14.20 (749331348)|ENTERING_MANAGED_PKG|Centify
17:14:14.20 (781194332)|ENTERING_MANAGED_PKG|Centify
17:14:14.20 (781252317)|ENTERING_MANAGED_PKG|Centify
17:14:14.20 (781401002)|ENTERING_MANAGED_PKG|Centify
17:14:14.20 (781422753)|ENTERING_MANAGED_PKG|Centify
17:14:14.20 (781567866)|ENTERING_MANAGED_PKG|Centify
17:14:14.20 (781610212)|ENTERING_MANAGED_PKG|Centify
17:14:14.20 (781644844)|ENTERING_MANAGED_PKG|Centify
17:14:14.20 (782405307)|ENTERING_MANAGED_PKG|Centify
17:14:14.20 (782485088)|ENTERING_MANAGED_PKG|Centify
17:14:14.20 (792618381)|ENTERING_MANAGED_PKG|Centify
17:14:14.20 (792793080)|ENTERING_MANAGED_PKG|Centify
17:14:14.20 (793430566)|ENTERING_MANAGED_PKG|Centify
17:14:14.20 (794256759)|SOQL_EXECUTE_BEGIN|[16]|Aggregations:0|select id,lastmodifieddate,isdeleted,name,ownerid,has_the_save_strategy_been_implemented__c,status__c,product_type__c from Cases__c where LastModifiedDate >2018-11-21T07:06:13Z AND LastModifiedDate < 2018-11-21T07:14:20Z  ORDER BY SystemModStamp DESC LIMIT 5000  ALL ROWS
17:14:14.20 (801571753)|SOQL_EXECUTE_END|[16]|Rows:0
17:14:14.820 (820690087)|CUMULATIVE_LIMIT_USAGE
17:14:14.820 (820690087)|LIMIT_USAGE_FOR_NS|(default)|
  Number of SOQL queries: 0 out of 200
  Number of query rows: 0 out of 50000
  Number of SOSL queries: 0 out of 20
  Number of DML statements: 0 out of 150
  Number of DML rows: 0 out of 10000
  Maximum CPU time: 0 out of 60000
  Maximum heap size: 0 out of 12000000
  Number of callouts: 0 out of 0
  Number of Email Invocations: 0 out of 10
  Number of future calls: 0 out of 0
  Number of queueable jobs added to the queue: 0 out of 1
  Number of Mobile Apex push calls: 0 out of 10

17:14:14.820 (820690087)|LIMIT_USAGE_FOR_NS|Centify|
  Number of SOQL queries: 0 out of 200
  Number of query rows: 0 out of 50000
  Number of SOSL queries: 0 out of 20
  Number of DML statements: 0 out of 150
  Number of DML rows: 0 out of 10000
  Maximum CPU time: 0 out of 60000
  Maximum heap size: 0 out of 12000000
  Number of callouts: 0 out of 0
  Number of Email Invocations: 0 out of 10
  Number of future calls: 0 out of 0
  Number of queueable jobs added to the queue: 0 out of 1
  Number of Mobile Apex push calls: 0 out of 10

17:14:14.820 (820690087)|CUMULATIVE_LIMIT_USAGE_END

