20.0 APEX_CODE,FINEST;APEX_PROFILING,INFO;CALLOUT,INFO;DB,INFO;NBA,INFO;SYSTEM,DEBUG;VALIDATION,INFO;VISUALFORCE,INFO;WAVE,INFO;WORKFLOW,INFO
13:47:11.0 (90431)|USER_INFO|[EXTERNAL]|00590000000Vmmq|ben@bjbglobal.com.au|Australian Eastern Standard Time|GMT+10:00
13:47:11.0 (126752)|EXECUTION_STARTED
13:47:11.0 (131611)|CODE_UNIT_STARTED|[EXTERNAL]|01p90000000JZC2|SLXWebService.getAccountDetails(Id, String)
13:47:11.0 (563043)|HEAP_ALLOCATE|[72]|Bytes:3
13:47:11.0 (618580)|HEAP_ALLOCATE|[77]|Bytes:152
13:47:11.0 (634218)|HEAP_ALLOCATE|[342]|Bytes:408
13:47:11.0 (647318)|HEAP_ALLOCATE|[355]|Bytes:408
13:47:11.0 (660253)|HEAP_ALLOCATE|[467]|Bytes:48
13:47:11.0 (692139)|HEAP_ALLOCATE|[139]|Bytes:6
13:47:11.0 (707444)|HEAP_ALLOCATE|[EXTERNAL]|Bytes:430
13:47:11.0 (712692)|HEAP_ALLOCATE|[EXTERNAL]|Bytes:108
13:47:11.0 (716528)|HEAP_ALLOCATE|[EXTERNAL]|Bytes:1145
13:47:11.0 (727851)|METHOD_ENTRY|[1]|01p90000000JZC2|SLXWebService.SLXWebService()
13:47:11.0 (734935)|STATEMENT_EXECUTE|[1]
13:47:11.0 (739787)|STATEMENT_EXECUTE|[1]
13:47:11.0 (741770)|STATEMENT_EXECUTE|[5]
13:47:11.0 (743284)|STATEMENT_EXECUTE|[7]
13:47:11.0 (745124)|STATEMENT_EXECUTE|[12]
13:47:11.0 (746942)|STATEMENT_EXECUTE|[17]
13:47:11.0 (748668)|STATEMENT_EXECUTE|[22]
13:47:11.0 (750330)|STATEMENT_EXECUTE|[27]
13:47:11.0 (752172)|STATEMENT_EXECUTE|[47]
13:47:11.0 (753873)|STATEMENT_EXECUTE|[52]
13:47:11.0 (755701)|STATEMENT_EXECUTE|[57]
13:47:11.0 (757387)|STATEMENT_EXECUTE|[62]
13:47:11.0 (759025)|STATEMENT_EXECUTE|[67]
13:47:11.0 (760711)|STATEMENT_EXECUTE|[72]
13:47:11.0 (762843)|STATEMENT_EXECUTE|[77]
13:47:11.0 (764748)|STATEMENT_EXECUTE|[82]
13:47:11.0 (766489)|STATEMENT_EXECUTE|[87]
13:47:11.0 (768187)|STATEMENT_EXECUTE|[91]
13:47:11.0 (772298)|METHOD_EXIT|[1]|SLXWebService
13:47:11.0 (778266)|HEAP_ALLOCATE|[EXTERNAL]|Bytes:4
13:47:11.0 (787583)|VARIABLE_SCOPE_BEGIN|[471]|account_id|Id|false|false
13:47:11.0 (1002311)|VARIABLE_ASSIGNMENT|[471]|account_id|"0016F00002Qo7oSQAR"
13:47:11.0 (1014311)|VARIABLE_SCOPE_BEGIN|[471]|branding_theme_id|String|false|false
13:47:11.0 (1024968)|VARIABLE_ASSIGNMENT|[471]|branding_theme_id|null
13:47:11.0 (1035940)|STATEMENT_EXECUTE|[471]
13:47:11.0 (1038390)|STATEMENT_EXECUTE|[472]
13:47:11.0 (1077392)|HEAP_ALLOCATE|[472]|Bytes:72
13:47:11.0 (1100912)|CONSTRUCTOR_ENTRY|[472]|01p90000000JZC2|<init>()|SLXWebService.WebServiceResultAccountDetails
13:47:11.0 (1134270)|VARIABLE_SCOPE_BEGIN|[27]|this|SLXWebService.WebServiceResultAccountDetails|true|false
13:47:11.0 (1220595)|VARIABLE_ASSIGNMENT|[27]|this|{}|0x4236f47b
13:47:11.0 (1234164)|HEAP_ALLOCATE|[EXTERNAL]|Bytes:6
13:47:11.0 (1288337)|STATEMENT_EXECUTE|[27]
13:47:11.0 (1291959)|STATEMENT_EXECUTE|[28]
13:47:11.0 (1300000)|STATEMENT_EXECUTE|[29]
13:47:11.0 (1304068)|STATEMENT_EXECUTE|[30]
13:47:11.0 (1307494)|STATEMENT_EXECUTE|[31]
13:47:11.0 (1310789)|STATEMENT_EXECUTE|[32]
13:47:11.0 (1314109)|STATEMENT_EXECUTE|[33]
13:47:11.0 (1317381)|STATEMENT_EXECUTE|[34]
13:47:11.0 (1320748)|STATEMENT_EXECUTE|[35]
13:47:11.0 (1323992)|STATEMENT_EXECUTE|[36]
13:47:11.0 (1327220)|STATEMENT_EXECUTE|[37]
13:47:11.0 (1330486)|STATEMENT_EXECUTE|[38]
13:47:11.0 (1333827)|STATEMENT_EXECUTE|[39]
13:47:11.0 (1337098)|STATEMENT_EXECUTE|[40]
13:47:11.0 (1340370)|STATEMENT_EXECUTE|[41]
13:47:11.0 (1343685)|STATEMENT_EXECUTE|[42]
13:47:11.0 (1346995)|STATEMENT_EXECUTE|[43]
13:47:11.0 (1350273)|STATEMENT_EXECUTE|[44]
13:47:11.0 (1359879)|CONSTRUCTOR_EXIT|[472]|01p90000000JZC2|<init>()|SLXWebService.WebServiceResultAccountDetails
13:47:11.0 (1369166)|VARIABLE_SCOPE_BEGIN|[472]|return_result|SLXWebService.WebServiceResultAccountDetails|true|false
13:47:11.0 (1393494)|VARIABLE_ASSIGNMENT|[472]|return_result|{}|0x4236f47b
13:47:11.0 (1400168)|STATEMENT_EXECUTE|[473]
13:47:11.0 (1407745)|HEAP_ALLOCATE|[473]|Bytes:85
13:47:11.0 (1429122)|HEAP_ALLOCATE|[473]|Bytes:4
13:47:11.0 (1441806)|HEAP_ALLOCATE|[473]|Bytes:7
13:47:11.0 (1467804)|HEAP_ALLOCATE|[50]|Bytes:5
13:47:11.0 (1485210)|HEAP_ALLOCATE|[56]|Bytes:5
13:47:11.0 (1493104)|HEAP_ALLOCATE|[64]|Bytes:7
13:47:11.0 (2627479)|SOQL_EXECUTE_BEGIN|[473]|Aggregations:0|SELECT Id, Name, Company__c, Send_Invoice__c FROM Account WHERE Account.Id = :tmpVar1
13:47:11.0 (14776132)|SOQL_EXECUTE_END|[473]|Rows:1
13:47:11.0 (14838499)|HEAP_ALLOCATE|[473]|Bytes:8
13:47:11.0 (14871191)|HEAP_ALLOCATE|[473]|Bytes:148
13:47:11.0 (15070359)|HEAP_ALLOCATE|[473]|Bytes:8
13:47:11.0 (15107411)|VARIABLE_SCOPE_BEGIN|[473]|accounts|List<Account>|true|false
13:47:11.0 (15168834)|VARIABLE_ASSIGNMENT|[473]|accounts|[{"Id":"0016F00002Qo7oSQAR","Name":"sydney aged care fin (15 more) ...","Company__c":"sydney aged care fin (15 more) ...","Send_Invoice__c":false}]|0x370995da
13:47:11.0 (15180019)|STATEMENT_EXECUTE|[474]
13:47:11.0 (15196989)|HEAP_ALLOCATE|[474]|Bytes:9
13:47:11.0 (15339881)|HEAP_ALLOCATE|[474]|Bytes:146
13:47:11.0 (15368384)|HEAP_ALLOCATE|[474]|Bytes:155
13:47:11.0 (15398203)|USER_DEBUG|[474]|DEBUG|Accounts:(Account:{Id=0016F00002Qo7oSQAR, Name=sydney aged care financial advisers, Company__c=sydney aged care financial advisers, Send_Invoice__c=false})
13:47:11.0 (15409609)|STATEMENT_EXECUTE|[475]
13:47:11.0 (15433269)|VARIABLE_SCOPE_BEGIN|[475]|account|Account|true|false
13:47:11.0 (15447325)|VARIABLE_ASSIGNMENT|[475]|account|null|
13:47:11.0 (15452462)|STATEMENT_EXECUTE|[476]
13:47:11.0 (15459598)|HEAP_ALLOCATE|[476]|Bytes:194
13:47:11.0 (15485080)|HEAP_ALLOCATE|[476]|Bytes:4
13:47:11.0 (16565912)|SOQL_EXECUTE_BEGIN|[476]|Aggregations:0|SELECT Id, FirstName, LastName, Email, MailingStreet, MailingCity, MailingState, MailingCountry, MailingPostalCode FROM Contact WHERE (Contact.AccountId = :tmpVar1 AND Contact.Title = 'Billing')
13:47:11.0 (27081121)|SOQL_EXECUTE_END|[476]|Rows:1
13:47:11.0 (27135887)|HEAP_ALLOCATE|[476]|Bytes:8
13:47:11.0 (27174525)|HEAP_ALLOCATE|[476]|Bytes:232
13:47:11.0 (27320244)|HEAP_ALLOCATE|[476]|Bytes:8
13:47:11.0 (27350238)|VARIABLE_SCOPE_BEGIN|[476]|contacts|List<Contact>|true|false
13:47:11.0 (27410964)|VARIABLE_ASSIGNMENT|[476]|contacts|[{"Id":"0036F00002ZumD7QAJ","FirstName":"glen","LastName":"ashton","Email":"glena@sydneyagedcare (24 more) ...","MailingStreet":"level 6, 75 - 85 Eli (9 more) ...","MailingCity":"Sydney","MailingState":"NSW","MailingPostalCode":"2000"}]|0x2a918be3
13:47:11.0 (27429500)|STATEMENT_EXECUTE|[477]
13:47:11.0 (27450809)|HEAP_ALLOCATE|[477]|Bytes:9
13:47:11.0 (27610001)|HEAP_ALLOCATE|[477]|Bytes:225
13:47:11.0 (27645520)|HEAP_ALLOCATE|[477]|Bytes:234
13:47:11.0 (27678150)|USER_DEBUG|[477]|DEBUG|Contacts:(Contact:{Id=0036F00002ZumD7QAJ, FirstName=glen, LastName=ashton, Email=glena@sydneyagedcarefinancialadvisers.com.au, MailingStreet=level 6, 75 - 85 Elizabeth St, MailingCity=Sydney, MailingState=NSW, MailingPostalCode=2000})
13:47:11.0 (27698205)|STATEMENT_EXECUTE|[478]
13:47:11.0 (27731975)|VARIABLE_SCOPE_BEGIN|[478]|contact|Contact|true|false
13:47:11.0 (27749973)|VARIABLE_ASSIGNMENT|[478]|contact|null|
13:47:11.0 (27765429)|STATEMENT_EXECUTE|[480]
13:47:11.0 (27767444)|STATEMENT_EXECUTE|[481]
13:47:11.0 (27779056)|HEAP_ALLOCATE|[481]|Bytes:36
13:47:11.0 (27798822)|VARIABLE_ASSIGNMENT|[481]|branding_theme_id|"f1e5ca3f-3648-4e8e-b (16 more) ..."
13:47:11.0 (27807587)|STATEMENT_EXECUTE|[483]
13:47:11.0 (27817209)|HEAP_ALLOCATE|[483]|Bytes:138
13:47:11.0 (27858779)|HEAP_ALLOCATE|[483]|Bytes:4
13:47:11.0 (29599203)|SOQL_EXECUTE_BEGIN|[483]|Aggregations:0|SELECT Id, Address__c, Business_Name__c, Email__c, Logo_Code__c, Phone__c FROM Company__c WHERE Company__c.Branding_Theme_Id__c = :tmpVar1
13:47:11.0 (42445840)|SOQL_EXECUTE_END|[483]|Rows:1
13:47:11.0 (42509622)|HEAP_ALLOCATE|[483]|Bytes:8
13:47:11.0 (42546539)|HEAP_ALLOCATE|[483]|Bytes:249
13:47:11.0 (42693647)|HEAP_ALLOCATE|[483]|Bytes:8
13:47:11.0 (42731941)|VARIABLE_SCOPE_BEGIN|[483]|companies|List<Company__c>|true|false
13:47:11.0 (42810552)|VARIABLE_ASSIGNMENT|[483]|companies|[{"Id":"a0C90000002PU4fEAG","Address__c":"Po Box 399\r\nFortitud (18 more) ...","Business_Name__c":"SponsoredLinX","Email__c":"accounts@sponsoredli (6 more) ...","Logo_Code__c":"https://www.sponsore (33 more) ...","Phone__c":"1300 859 600"}]|0x1dd3db2d
13:47:11.0 (42830112)|STATEMENT_EXECUTE|[484]
13:47:11.0 (42851240)|HEAP_ALLOCATE|[484]|Bytes:10
13:47:11.0 (43033090)|HEAP_ALLOCATE|[484]|Bytes:247
13:47:11.0 (43069825)|HEAP_ALLOCATE|[484]|Bytes:257
13:47:11.0 (43100750)|USER_DEBUG|[484]|DEBUG|Companies:(Company__c:{Id=a0C90000002PU4fEAG, Address__c=Po Box 399
Fortitude Valley, QLD 4006, Business_Name__c=SponsoredLinX, Email__c=accounts@sponsoredlinx.com, Logo_Code__c=https://www.sponsoredlinx.com/salesforce/SLX-logo.png, Phone__c=1300 859 600})
13:47:11.0 (43118285)|STATEMENT_EXECUTE|[485]
13:47:11.0 (43139886)|VARIABLE_SCOPE_BEGIN|[485]|company|Company__c|true|false
13:47:11.0 (43160422)|VARIABLE_ASSIGNMENT|[485]|company|null|
13:47:11.0 (43359877)|STATEMENT_EXECUTE|[502]
13:47:11.0 (43363914)|STATEMENT_EXECUTE|[503]
13:47:11.0 (43393017)|HEAP_ALLOCATE|[503]|Bytes:20
13:47:11.0 (43433441)|VARIABLE_ASSIGNMENT|[503]|account|{"Id":"0016F00002Qo7oSQAR","Name":"sydney aged care fin (15 more) ...","Company__c":"sydney aged care fin (15 more) ...","Send_Invoice__c":false}|0x75f83e63
13:47:11.0 (43445899)|STATEMENT_EXECUTE|[504]
13:47:11.0 (43468136)|HEAP_ALLOCATE|[504]|Bytes:36
13:47:11.0 (43507938)|VARIABLE_ASSIGNMENT|[504]|contact|{"Id":"0036F00002ZumD7QAJ","FirstName":"glen","LastName":"ashton","Email":"glena@sydneyagedcare (24 more) ...","MailingStreet":"level 6, 75 - 85 Eli (9 more) ...","MailingCity":"Sydney","MailingState":"NSW","MailingPostalCode":"2000"}|0x1f26bfc9
13:47:11.0 (43520798)|STATEMENT_EXECUTE|[505]
13:47:11.0 (43538395)|HEAP_ALLOCATE|[505]|Bytes:28
13:47:11.0 (43576810)|VARIABLE_ASSIGNMENT|[505]|company|{"Id":"a0C90000002PU4fEAG","Address__c":"Po Box 399\r\nFortitud (18 more) ...","Business_Name__c":"SponsoredLinX","Email__c":"accounts@sponsoredli (6 more) ...","Logo_Code__c":"https://www.sponsore (33 more) ...","Phone__c":"1300 859 600"}|0x6c0b5420
13:47:11.0 (43592513)|STATEMENT_EXECUTE|[507]
13:47:11.0 (43626219)|HEAP_ALLOCATE|[507]|Bytes:5
13:47:11.0 (43661680)|VARIABLE_ASSIGNMENT|[507]|this.status|true|0x4236f47b
13:47:11.0 (43672919)|STATEMENT_EXECUTE|[508]
13:47:11.0 (43747062)|VARIABLE_ASSIGNMENT|[508]|this.Name|"sydney aged care fin (15 more) ..."|0x4236f47b
13:47:11.0 (43759778)|STATEMENT_EXECUTE|[509]
13:47:11.0 (43811423)|VARIABLE_ASSIGNMENT|[509]|this.BusinessName|"sydney aged care fin (15 more) ..."|0x4236f47b
13:47:11.0 (43823201)|STATEMENT_EXECUTE|[510]
13:47:11.0 (43866339)|VARIABLE_ASSIGNMENT|[510]|this.SendInvoice|false|0x4236f47b
13:47:11.0 (43878512)|STATEMENT_EXECUTE|[511]
13:47:11.0 (43920806)|VARIABLE_ASSIGNMENT|[511]|this.FirstName|"glen"|0x4236f47b
13:47:11.0 (43931891)|STATEMENT_EXECUTE|[512]
13:47:11.0 (43971619)|VARIABLE_ASSIGNMENT|[512]|this.LastName|"ashton"|0x4236f47b
13:47:11.0 (43982975)|STATEMENT_EXECUTE|[513]
13:47:11.0 (44024002)|VARIABLE_ASSIGNMENT|[513]|this.Email|"glena@sydneyagedcare (24 more) ..."|0x4236f47b
13:47:11.0 (44035955)|STATEMENT_EXECUTE|[514]
13:47:11.0 (44071228)|VARIABLE_ASSIGNMENT|[514]|this.Address|"level 6, 75 - 85 Eli (9 more) ..."|0x4236f47b
13:47:11.0 (44082311)|STATEMENT_EXECUTE|[515]
13:47:11.0 (44113051)|VARIABLE_ASSIGNMENT|[515]|this.City|"Sydney"|0x4236f47b
13:47:11.0 (44123488)|STATEMENT_EXECUTE|[516]
13:47:11.0 (44154872)|VARIABLE_ASSIGNMENT|[516]|this.State|"NSW"|0x4236f47b
13:47:11.0 (44165509)|STATEMENT_EXECUTE|[517]
13:47:11.0 (44183567)|VARIABLE_ASSIGNMENT|[517]|this.Country|null|0x4236f47b
13:47:11.0 (44193516)|STATEMENT_EXECUTE|[518]
13:47:11.0 (44226069)|VARIABLE_ASSIGNMENT|[518]|this.PostalCode|"2000"|0x4236f47b
13:47:11.0 (44236912)|STATEMENT_EXECUTE|[519]
13:47:11.0 (44274503)|VARIABLE_ASSIGNMENT|[519]|this.CompanyName|"SponsoredLinX"|0x4236f47b
13:47:11.0 (44286171)|STATEMENT_EXECUTE|[520]
13:47:11.0 (44318223)|VARIABLE_ASSIGNMENT|[520]|this.CompanyAddress|"Po Box 399\r\nFortitud (18 more) ..."|0x4236f47b
13:47:11.0 (44329757)|STATEMENT_EXECUTE|[521]
13:47:11.0 (44360475)|VARIABLE_ASSIGNMENT|[521]|this.CompanyLogo|"https://www.sponsore (33 more) ..."|0x4236f47b
13:47:11.0 (44371304)|STATEMENT_EXECUTE|[522]
13:47:11.0 (44402225)|VARIABLE_ASSIGNMENT|[522]|this.CompanyPhone|"1300 859 600"|0x4236f47b
13:47:11.0 (44413658)|STATEMENT_EXECUTE|[523]
13:47:11.0 (44427320)|HEAP_ALLOCATE|[523]|Bytes:42
13:47:11.0 (44449025)|VARIABLE_ASSIGNMENT|[523]|this.message|"Successfully fetched (22 more) ..."|0x4236f47b
13:47:11.0 (44458957)|STATEMENT_EXECUTE|[524]
13:47:11.0 (44468314)|HEAP_ALLOCATE|[524]|Bytes:14
13:47:11.0 (44586869)|HEAP_ALLOCATE|[524]|Bytes:562
13:47:11.0 (44622261)|HEAP_ALLOCATE|[524]|Bytes:576
13:47:11.0 (44644583)|USER_DEBUG|[524]|DEBUG|return_result:WebServiceResultAccountDetails:[Address=level 6, 75 - 85 Elizabeth St, BusinessName=sydney aged care financial advisers, City=Sydney, CompanyAddress=Po Box 399
Fortitude Valley, QLD 4006, CompanyLogo=https://www.sponsoredlinx.com/salesforce/SLX-logo.png, CompanyName=SponsoredLinX, CompanyPhone=1300 859 600, Country=null, Email=glena@sydneyagedcarefinancialadvisers.com.au, FirstName=glen, LastName=ashton, Name=sydney aged care financial advisers, PostalCode=2000, SendInvoice=false, State=NSW, message=Successfully fetched all necessary details, status=true]
13:47:11.0 (44669294)|STATEMENT_EXECUTE|[525]
13:47:11.44 (44727198)|CUMULATIVE_LIMIT_USAGE
13:47:11.44 (44727198)|LIMIT_USAGE_FOR_NS|(default)|
  Number of SOQL queries: 3 out of 100
  Number of query rows: 3 out of 50000
  Number of SOSL queries: 0 out of 20
  Number of DML statements: 0 out of 150
  Number of DML rows: 0 out of 10000
  Maximum CPU time: 0 out of 10000
  Maximum heap size: 0 out of 6000000
  Number of callouts: 0 out of 100
  Number of Email Invocations: 0 out of 10
  Number of future calls: 0 out of 50
  Number of queueable jobs added to the queue: 0 out of 50
  Number of Mobile Apex push calls: 0 out of 10

13:47:11.44 (44727198)|CUMULATIVE_LIMIT_USAGE_END

13:47:11.0 (44776190)|CODE_UNIT_FINISHED|SLXWebService.getAccountDetails(Id, String)
13:47:11.0 (45874315)|EXECUTION_FINISHED
13:47:11.46 (46822165)|USER_INFO|[EXTERNAL]|00590000000Vmmq|ben@bjbglobal.com.au|Australian Eastern Standard Time|GMT+10:00
13:47:11.46 (46840650)|EXECUTION_STARTED
13:47:11.46 (46844746)|CODE_UNIT_STARTED|[EXTERNAL]|common.apex.soap.impl.ApexObjectSerializer
13:47:11.46 (46908104)|CODE_UNIT_FINISHED|common.apex.soap.impl.ApexObjectSerializer
13:47:11.46 (47766055)|EXECUTION_FINISHED
13:47:11.47 (47873308)|USER_INFO|[EXTERNAL]|00590000000Vmmq|ben@bjbglobal.com.au|Australian Eastern Standard Time|GMT+10:00
13:47:11.47 (47888234)|EXECUTION_STARTED
13:47:11.47 (47891277)|CODE_UNIT_STARTED|[EXTERNAL]|common.apex.soap.impl.ApexObjectSerializer
13:47:11.47 (47963284)|CODE_UNIT_FINISHED|common.apex.soap.impl.ApexObjectSerializer
13:47:11.47 (48763976)|EXECUTION_FINISHED
