37.0 APEX_CODE,FINEST;APEX_PROFILING,INFO;CALLOUT,INFO;DB,INFO;NBA,INFO;SYSTEM,DEBUG;VALIDATION,INFO;VISUALFORCE,INFO;WAVE,INFO;WORKFLOW,INFO
17:04:13.12 (12144842)|ENTERING_MANAGED_PKG|Centify
17:04:13.12 (15964387)|ENTERING_MANAGED_PKG|Centify
17:04:13.12 (16019329)|ENTERING_MANAGED_PKG|Centify
17:04:13.12 (17800682)|ENTERING_MANAGED_PKG|Centify
17:04:13.12 (17842474)|ENTERING_MANAGED_PKG|Centify
17:04:13.12 (17949016)|ENTERING_MANAGED_PKG|Centify
17:04:13.12 (18375521)|ENTERING_MANAGED_PKG|Centify
17:04:13.12 (26754316)|ENTERING_MANAGED_PKG|Centify
17:04:13.12 (26827820)|ENTERING_MANAGED_PKG|Centify
17:04:13.12 (27102519)|ENTERING_MANAGED_PKG|Centify
17:04:13.12 (27137204)|ENTERING_MANAGED_PKG|Centify
17:04:13.12 (27387471)|ENTERING_MANAGED_PKG|Centify
17:04:13.12 (28890412)|ENTERING_MANAGED_PKG|Centify
17:04:13.12 (28941378)|ENTERING_MANAGED_PKG|Centify
17:04:13.12 (29060795)|ENTERING_MANAGED_PKG|Centify
17:04:13.12 (29141003)|ENTERING_MANAGED_PKG|Centify
17:04:13.12 (29174963)|ENTERING_MANAGED_PKG|Centify
17:04:13.12 (29246815)|ENTERING_MANAGED_PKG|Centify
17:04:13.12 (29267118)|ENTERING_MANAGED_PKG|Centify
17:04:13.12 (29295983)|ENTERING_MANAGED_PKG|Centify
17:04:13.12 (29440701)|ENTERING_MANAGED_PKG|Centify
17:04:13.12 (29482992)|ENTERING_MANAGED_PKG|Centify
17:04:13.12 (29981182)|ENTERING_MANAGED_PKG|Centify
17:04:13.12 (30016343)|ENTERING_MANAGED_PKG|Centify
17:04:13.12 (30045960)|ENTERING_MANAGED_PKG|Centify
17:04:13.12 (30168633)|ENTERING_MANAGED_PKG|Centify
17:04:13.12 (30214125)|ENTERING_MANAGED_PKG|Centify
17:04:13.12 (31072467)|ENTERING_MANAGED_PKG|Centify
17:04:13.12 (31240169)|ENTERING_MANAGED_PKG|Centify
17:04:13.12 (31359268)|ENTERING_MANAGED_PKG|Centify
17:04:13.12 (31486770)|ENTERING_MANAGED_PKG|Centify
17:04:13.12 (31562492)|ENTERING_MANAGED_PKG|Centify
17:04:13.12 (31666275)|ENTERING_MANAGED_PKG|Centify
17:04:13.12 (31731253)|ENTERING_MANAGED_PKG|Centify
17:04:13.12 (31784287)|ENTERING_MANAGED_PKG|Centify
17:04:13.12 (31844371)|ENTERING_MANAGED_PKG|Centify
17:04:13.12 (31945951)|ENTERING_MANAGED_PKG|Centify
17:04:13.12 (32009538)|ENTERING_MANAGED_PKG|Centify
17:04:13.12 (32108105)|ENTERING_MANAGED_PKG|Centify
17:04:13.12 (32172930)|ENTERING_MANAGED_PKG|Centify
17:04:13.12 (32272542)|ENTERING_MANAGED_PKG|Centify
17:04:13.12 (32335551)|ENTERING_MANAGED_PKG|Centify
17:04:13.12 (32440678)|ENTERING_MANAGED_PKG|Centify
17:04:13.12 (32519600)|ENTERING_MANAGED_PKG|Centify
17:04:13.12 (32620404)|ENTERING_MANAGED_PKG|Centify
17:04:13.12 (32683506)|ENTERING_MANAGED_PKG|Centify
17:04:13.12 (32777840)|ENTERING_MANAGED_PKG|Centify
17:04:13.12 (32839864)|ENTERING_MANAGED_PKG|Centify
17:04:13.12 (33997029)|ENTERING_MANAGED_PKG|Centify
17:04:13.12 (34082608)|ENTERING_MANAGED_PKG|Centify
17:04:13.12 (34202401)|ENTERING_MANAGED_PKG|Centify
17:04:13.12 (34272863)|ENTERING_MANAGED_PKG|Centify
17:04:13.12 (34385434)|ENTERING_MANAGED_PKG|Centify
17:04:13.12 (34466393)|ENTERING_MANAGED_PKG|Centify
17:04:13.12 (34569012)|ENTERING_MANAGED_PKG|Centify
17:04:13.12 (34643113)|ENTERING_MANAGED_PKG|Centify
17:04:13.12 (35851574)|ENTERING_MANAGED_PKG|Centify
17:04:13.12 (36688176)|ENTERING_MANAGED_PKG|Centify
17:04:13.12 (36780316)|ENTERING_MANAGED_PKG|Centify
17:04:13.12 (36913300)|ENTERING_MANAGED_PKG|Centify
17:04:13.12 (36948279)|ENTERING_MANAGED_PKG|Centify
17:04:13.12 (37015483)|ENTERING_MANAGED_PKG|Centify
17:04:13.12 (37050263)|ENTERING_MANAGED_PKG|Centify
17:04:13.12 (37063495)|ENTERING_MANAGED_PKG|Centify
17:04:13.12 (37095049)|ENTERING_MANAGED_PKG|Centify
17:04:13.12 (37108053)|ENTERING_MANAGED_PKG|Centify
17:04:13.12 (37130745)|ENTERING_MANAGED_PKG|Centify
17:04:13.12 (37167570)|ENTERING_MANAGED_PKG|Centify
17:04:13.12 (37189431)|ENTERING_MANAGED_PKG|Centify
17:04:13.12 (37319495)|ENTERING_MANAGED_PKG|Centify
17:04:13.12 (37343609)|ENTERING_MANAGED_PKG|Centify
17:04:13.12 (37356315)|ENTERING_MANAGED_PKG|Centify
17:04:13.12 (37463929)|ENTERING_MANAGED_PKG|Centify
17:04:13.12 (37497923)|ENTERING_MANAGED_PKG|Centify
17:04:13.12 (37553313)|ENTERING_MANAGED_PKG|Centify
17:04:13.12 (37663215)|ENTERING_MANAGED_PKG|Centify
17:04:13.12 (37728666)|ENTERING_MANAGED_PKG|Centify
17:04:13.12 (37832359)|ENTERING_MANAGED_PKG|Centify
17:04:13.12 (37885604)|ENTERING_MANAGED_PKG|Centify
17:04:13.12 (37981308)|ENTERING_MANAGED_PKG|Centify
17:04:13.12 (38030984)|ENTERING_MANAGED_PKG|Centify
17:04:13.12 (38082106)|ENTERING_MANAGED_PKG|Centify
17:04:13.12 (38129503)|ENTERING_MANAGED_PKG|Centify
17:04:13.12 (38224451)|ENTERING_MANAGED_PKG|Centify
17:04:13.12 (38275558)|ENTERING_MANAGED_PKG|Centify
17:04:13.12 (38370356)|ENTERING_MANAGED_PKG|Centify
17:04:13.12 (38427175)|ENTERING_MANAGED_PKG|Centify
17:04:13.12 (38526646)|ENTERING_MANAGED_PKG|Centify
17:04:13.12 (38577905)|ENTERING_MANAGED_PKG|Centify
17:04:13.12 (38692558)|ENTERING_MANAGED_PKG|Centify
17:04:13.12 (38759404)|ENTERING_MANAGED_PKG|Centify
17:04:13.12 (38858565)|ENTERING_MANAGED_PKG|Centify
17:04:13.12 (38911283)|ENTERING_MANAGED_PKG|Centify
17:04:13.12 (39003695)|ENTERING_MANAGED_PKG|Centify
17:04:13.12 (39055024)|ENTERING_MANAGED_PKG|Centify
17:04:13.12 (39148068)|ENTERING_MANAGED_PKG|Centify
17:04:13.12 (39198967)|ENTERING_MANAGED_PKG|Centify
17:04:13.12 (39295865)|ENTERING_MANAGED_PKG|Centify
17:04:13.12 (39348122)|ENTERING_MANAGED_PKG|Centify
17:04:13.12 (39450794)|ENTERING_MANAGED_PKG|Centify
17:04:13.12 (39511834)|ENTERING_MANAGED_PKG|Centify
17:04:13.12 (39605498)|ENTERING_MANAGED_PKG|Centify
17:04:13.12 (39646454)|ENTERING_MANAGED_PKG|Centify
17:04:13.12 (40503534)|DML_BEGIN|[76]|Op:Insert|Type:Centify__Notification__c|Rows:2
17:04:13.12 (105970995)|DML_END|[76]
17:04:13.12 (106162829)|ENTERING_MANAGED_PKG|Centify
17:04:13.12 (106498609)|ENTERING_MANAGED_PKG|Centify
17:04:13.12 (106657723)|ENTERING_MANAGED_PKG|Centify
17:04:13.173 (173677356)|CUMULATIVE_LIMIT_USAGE
17:04:13.173 (173677356)|LIMIT_USAGE_FOR_NS|(default)|
  Number of SOQL queries: 0 out of 200
  Number of query rows: 0 out of 50000
  Number of SOSL queries: 0 out of 20
  Number of DML statements: 0 out of 150
  Number of DML rows: 0 out of 10000
  Maximum CPU time: 0 out of 60000
  Maximum heap size: 0 out of 12000000
  Number of callouts: 0 out of 0
  Number of Email Invocations: 0 out of 10
  Number of future calls: 0 out of 0
  Number of queueable jobs added to the queue: 0 out of 1
  Number of Mobile Apex push calls: 0 out of 10

17:04:13.173 (173677356)|LIMIT_USAGE_FOR_NS|Centify|
  Number of SOQL queries: 0 out of 200
  Number of query rows: 0 out of 50000
  Number of SOSL queries: 0 out of 20
  Number of DML statements: 0 out of 150
  Number of DML rows: 0 out of 10000
  Maximum CPU time: 0 out of 60000
  Maximum heap size: 0 out of 12000000
  Number of callouts: 0 out of 0
  Number of Email Invocations: 0 out of 10
  Number of future calls: 0 out of 0
  Number of queueable jobs added to the queue: 0 out of 1
  Number of Mobile Apex push calls: 0 out of 10

17:04:13.173 (173677356)|CUMULATIVE_LIMIT_USAGE_END

