37.0 APEX_CODE,FINEST;APEX_PROFILING,INFO;CALLOUT,INFO;DB,INFO;NBA,INFO;SYSTEM,DEBUG;VALIDATION,INFO;VISUALFORCE,INFO;WAVE,INFO;WORKFLOW,INFO
11:37:36.0 (93454)|USER_INFO|[EXTERNAL]|00590000000Vmmq|ben@bjbglobal.com.au|Australian Eastern Standard Time|GMT+10:00
11:37:36.0 (127303)|EXECUTION_STARTED
11:37:36.0 (132679)|CODE_UNIT_STARTED|[EXTERNAL]|0666F000007GVD0|VF: /apex/SeoGeoCompare
11:37:36.0 (2217615)|VF_DESERIALIZE_VIEWSTATE_BEGIN|0666F000007GVD0
11:37:36.0 (10179399)|HEAP_ALLOCATE|[72]|Bytes:3
11:37:36.0 (10220788)|HEAP_ALLOCATE|[77]|Bytes:152
11:37:36.0 (10235349)|HEAP_ALLOCATE|[342]|Bytes:408
11:37:36.0 (10249546)|HEAP_ALLOCATE|[355]|Bytes:408
11:37:36.0 (10262674)|HEAP_ALLOCATE|[467]|Bytes:48
11:37:36.0 (10289202)|HEAP_ALLOCATE|[139]|Bytes:6
11:37:36.0 (10313652)|HEAP_ALLOCATE|[50]|Bytes:5
11:37:36.0 (10332614)|HEAP_ALLOCATE|[56]|Bytes:5
11:37:36.0 (10341168)|HEAP_ALLOCATE|[64]|Bytes:7
11:37:36.0 (15970827)|VF_DESERIALIZE_VIEWSTATE_END
11:37:36.0 (19520944)|SYSTEM_MODE_ENTER|true
11:37:36.0 (19558425)|HEAP_ALLOCATE|[EXTERNAL]|Bytes:196
11:37:36.0 (19572622)|HEAP_ALLOCATE|[EXTERNAL]|Bytes:30
11:37:36.0 (19589142)|METHOD_ENTRY|[1]|01p6F000009rEEx|SeoGeoController.SeoGeoController()
11:37:36.0 (19595870)|STATEMENT_EXECUTE|[1]
11:37:36.0 (19601878)|STATEMENT_EXECUTE|[1]
11:37:36.0 (19610482)|SYSTEM_MODE_ENTER|false
11:37:36.0 (19623127)|HEAP_ALLOCATE|[EXTERNAL]|Bytes:5
11:37:36.0 (19631514)|SYSTEM_MODE_EXIT|false
11:37:36.0 (19640949)|METHOD_EXIT|[1]|SeoGeoController
11:37:36.0 (20224727)|HEAP_ALLOCATE|[EXTERNAL]|Bytes:24
11:37:36.0 (20239770)|VARIABLE_SCOPE_BEGIN|[59]|this|SeoGeoController|true|false
11:37:36.0 (20324127)|VARIABLE_ASSIGNMENT|[59]|this|{"allGeo":"0x65363de4","device":"desktop","refreshRequired":true,"selectedGeo":"0x34cf5b1c","seoWebsite":"0xe7043a7"}|0x10b8320c
11:37:36.0 (20347395)|SYSTEM_MODE_ENTER|false
11:37:36.0 (20355577)|HEAP_ALLOCATE|[65]|Bytes:5
11:37:36.0 (20361199)|STATEMENT_EXECUTE|[59]
11:37:36.0 (20363470)|STATEMENT_EXECUTE|[65]
11:37:36.0 (20379512)|SYSTEM_MODE_EXIT|false
11:37:36.0 (30110760)|SYSTEM_MODE_ENTER|true
11:37:36.30 (30547644)|SYSTEM_MODE_ENTER|true
11:37:36.30 (30642297)|HEAP_ALLOCATE|[EXTERNAL]|Bytes:38
11:37:36.30 (30656048)|HEAP_ALLOCATE|[EXTERNAL]|Bytes:7
11:37:36.30 (30938281)|SYSTEM_MODE_ENTER|true
11:37:36.30 (30983264)|HEAP_ALLOCATE|[EXTERNAL]|Bytes:8
11:37:36.30 (30991736)|VARIABLE_SCOPE_BEGIN|[2]|this|ApexPage.PageMessagesComponentController|true|false
11:37:36.30 (31058438)|VARIABLE_ASSIGNMENT|[2]|this|{}|0x61ed8dc0
11:37:36.0 (31975485)|SYSTEM_MODE_ENTER|true
11:37:36.0 (32091712)|SYSTEM_MODE_ENTER|true
11:37:36.0 (32130184)|HEAP_ALLOCATE|[EXTERNAL]|Bytes:164
11:37:36.0 (32141050)|HEAP_ALLOCATE|[EXTERNAL]|Bytes:12
11:37:36.0 (32151672)|METHOD_ENTRY|[5]|01p6F000009rEEv|MultiselectController.MultiselectController()
11:37:36.0 (32158007)|STATEMENT_EXECUTE|[5]
11:37:36.0 (32162388)|STATEMENT_EXECUTE|[5]
11:37:36.0 (32168751)|SYSTEM_MODE_ENTER|false
11:37:36.0 (32176375)|HEAP_ALLOCATE|[EXTERNAL]|Bytes:5
11:37:36.0 (32183146)|SYSTEM_MODE_EXIT|false
11:37:36.0 (32191403)|METHOD_EXIT|[5]|MultiselectController
11:37:36.0 (32207876)|HEAP_ALLOCATE|[EXTERNAL]|Bytes:232
11:37:36.0 (32215615)|HEAP_ALLOCATE|[EXTERNAL]|Bytes:20
11:37:36.0 (32253085)|VARIABLE_ASSIGNMENT|[EXTERNAL]|this.leftOptions|"List of size 57 too large to display"|0x7ebfff9f
11:37:36.0 (32335461)|SYSTEM_MODE_ENTER|true
11:37:36.0 (32396600)|SYSTEM_MODE_ENTER|true
11:37:36.0 (32426654)|HEAP_ALLOCATE|[EXTERNAL]|Bytes:4
11:37:36.0 (32432503)|HEAP_ALLOCATE|[EXTERNAL]|Bytes:20
11:37:36.0 (32445525)|VARIABLE_ASSIGNMENT|[EXTERNAL]|this.rightOptions|[]|0x7ebfff9f
11:37:36.0 (33226757)|SYSTEM_MODE_ENTER|true
11:37:36.0 (33676919)|SYSTEM_MODE_ENTER|true
11:37:36.0 (33958642)|SYSTEM_MODE_ENTER|true
11:37:36.0 (37125539)|SYSTEM_MODE_ENTER|true
11:37:36.0 (37219590)|HEAP_ALLOCATE|[EXTERNAL]|Bytes:24
11:37:36.0 (37233944)|VARIABLE_SCOPE_BEGIN|[76]|this|SeoGeoController|true|false
11:37:36.0 (37289992)|VARIABLE_ASSIGNMENT|[76]|this|{"allGeo":"0x65363de4","device":"desktop","refreshRequired":true,"selectedGeo":"0x34cf5b1c","seoWebsite":"0xe7043a7"}|0x10b8320c
11:37:36.0 (37309390)|SYSTEM_MODE_ENTER|false
11:37:36.0 (37318335)|HEAP_ALLOCATE|[77]|Bytes:5
11:37:36.0 (37324970)|STATEMENT_EXECUTE|[76]
11:37:36.0 (37327732)|STATEMENT_EXECUTE|[77]
11:37:36.0 (37344749)|VARIABLE_SCOPE_BEGIN|[77]|geoTable|String|false|false
11:37:36.0 (37356347)|VARIABLE_ASSIGNMENT|[77]|geoTable|null
11:37:36.0 (37360572)|STATEMENT_EXECUTE|[80]
11:37:36.0 (37389436)|METHOD_ENTRY|[80]|01p6F000009rEEx|SeoGeoController.getGeoURL()
11:37:36.0 (37412908)|VARIABLE_SCOPE_BEGIN|[97]|this|SeoGeoController|true|false
11:37:36.0 (37444907)|VARIABLE_ASSIGNMENT|[97]|this|{"allGeo":"0x65363de4","device":"desktop","refreshRequired":true,"selectedGeo":"0x34cf5b1c","seoWebsite":"0xe7043a7"}|0x10b8320c
11:37:36.0 (37459884)|HEAP_ALLOCATE|[99]|Bytes:5
11:37:36.0 (37465689)|STATEMENT_EXECUTE|[97]
11:37:36.0 (37467790)|STATEMENT_EXECUTE|[99]
11:37:36.0 (37476239)|HEAP_ALLOCATE|[99]|Bytes:56
11:37:36.0 (37527411)|VARIABLE_ASSIGNMENT|[EXTERNAL]|this|{"allGeo":"0x65363de4","device":"desktop","refreshRequired":true,"selectedGeo":"0x34cf5b1c","seoWebsite":"0xe7043a7"}|0x10b8320c
11:37:36.0 (37594900)|HEAP_ALLOCATE|[99]|Bytes:18
11:37:36.0 (37603488)|HEAP_ALLOCATE|[99]|Bytes:5
11:37:36.0 (37664580)|HEAP_ALLOCATE|[99]|Bytes:15
11:37:36.0 (37680154)|SYSTEM_METHOD_ENTRY|[1]|EncodingUtil.EncodingUtil()
11:37:36.0 (37685360)|STATEMENT_EXECUTE|[1]
11:37:36.0 (37693540)|SYSTEM_METHOD_EXIT|[1]|EncodingUtil
11:37:36.0 (37707220)|METHOD_ENTRY|[99]||System.EncodingUtil.urlEncode(String, String)
11:37:36.0 (37768237)|METHOD_EXIT|[99]||System.EncodingUtil.urlEncode(String, String)
11:37:36.0 (37779991)|HEAP_ALLOCATE|[99]|Bytes:74
11:37:36.0 (37786000)|VARIABLE_SCOPE_BEGIN|[99]|consolePath|String|false|false
11:37:36.0 (37802232)|VARIABLE_ASSIGNMENT|[99]|consolePath|"/?c=seo&action=keywo (54 more) ..."
11:37:36.0 (37851463)|VARIABLE_ASSIGNMENT|[EXTERNAL]|this|{"allGeo":"0x65363de4","device":"desktop","refreshRequired":true,"selectedGeo":"0x34cf5b1c","seoWebsite":"0xe7043a7"}|0x10b8320c
11:37:36.0 (37906880)|HEAP_ALLOCATE|[101]|Bytes:5
11:37:36.0 (37928499)|VARIABLE_ASSIGNMENT|[101]|so|null|
11:37:36.0 (37934562)|STATEMENT_EXECUTE|[101]
11:37:36.0 (37979427)|VARIABLE_ASSIGNMENT|[EXTERNAL]|this|{"allGeo":"0x65363de4","device":"desktop","refreshRequired":true,"selectedGeo":"0x34cf5b1c","seoWebsite":"0xe7043a7"}|0x10b8320c
11:37:36.0 (38018339)|STATEMENT_EXECUTE|[105]
11:37:36.0 (38021632)|STATEMENT_EXECUTE|[106]
11:37:36.0 (38031616)|HEAP_ALLOCATE|[106]|Bytes:13
11:37:36.0 (38074015)|VARIABLE_ASSIGNMENT|[EXTERNAL]|this|{"allGeo":"0x65363de4","device":"desktop","refreshRequired":true,"selectedGeo":"0x34cf5b1c","seoWebsite":"0xe7043a7"}|0x10b8320c
11:37:36.0 (38095124)|METHOD_ENTRY|[106]||System.EncodingUtil.urlEncode(String, String)
11:37:36.0 (38133328)|METHOD_EXIT|[106]||System.EncodingUtil.urlEncode(String, String)
11:37:36.0 (38141047)|HEAP_ALLOCATE|[106]|Bytes:49
11:37:36.0 (38146670)|HEAP_ALLOCATE|[106]|Bytes:123
11:37:36.0 (38158253)|VARIABLE_ASSIGNMENT|[106]|consolePath|"/?c=seo&action=keywo (103 more) ..."
11:37:36.0 (38203257)|VARIABLE_ASSIGNMENT|[EXTERNAL]|this|{"allGeo":"0x65363de4","device":"desktop","refreshRequired":true,"selectedGeo":"0x34cf5b1c","seoWebsite":"0xe7043a7"}|0x10b8320c
11:37:36.0 (38220350)|HEAP_ALLOCATE|[109]|Bytes:6
11:37:36.0 (38243816)|STATEMENT_EXECUTE|[109]
11:37:36.0 (38252392)|STATEMENT_EXECUTE|[113]
11:37:36.0 (38262785)|METHOD_ENTRY|[113]|01p6F000009rEEx|SeoGeoController.getKeywordIdQueryString()
11:37:36.0 (38281642)|VARIABLE_SCOPE_BEGIN|[43]|this|SeoGeoController|true|false
11:37:36.0 (38309980)|VARIABLE_ASSIGNMENT|[43]|this|{"allGeo":"0x65363de4","device":"desktop","refreshRequired":true,"selectedGeo":"0x34cf5b1c","seoWebsite":"0xe7043a7"}|0x10b8320c
11:37:36.0 (38324914)|HEAP_ALLOCATE|[44]|Bytes:5
11:37:36.0 (38330107)|STATEMENT_EXECUTE|[43]
11:37:36.0 (38332004)|STATEMENT_EXECUTE|[44]
11:37:36.0 (38340753)|VARIABLE_SCOPE_BEGIN|[44]|keywordQueryString|String|false|false
11:37:36.0 (38351317)|VARIABLE_ASSIGNMENT|[44]|keywordQueryString|""
11:37:36.0 (38356171)|STATEMENT_EXECUTE|[47]
11:37:36.0 (38361331)|HEAP_ALLOCATE|[47]|Bytes:109
11:37:36.0 (38378036)|HEAP_ALLOCATE|[47]|Bytes:4
11:37:36.0 (38388755)|HEAP_ALLOCATE|[47]|Bytes:7
11:37:36.0 (38465276)|HEAP_ALLOCATE|[47]|Bytes:359
11:37:36.0 (38508621)|HEAP_ALLOCATE|[47]|Bytes:336
11:37:36.0 (38532153)|HEAP_ALLOCATE|[47]|Bytes:2
11:37:36.0 (39093933)|SOQL_EXECUTE_BEGIN|[47]|Aggregations:0|SELECT Id FROM seoThemeKeywords__c WHERE seoWebsites__c = :tmpVar1 ORDER BY Google_Current__c ASC NULLS FIRST
11:37:36.0 (44018469)|SOQL_EXECUTE_END|[47]|Rows:30
11:37:36.0 (44047950)|HEAP_ALLOCATE|[47]|Bytes:124
11:37:36.0 (44089243)|HEAP_ALLOCATE|[47]|Bytes:1650
11:37:36.0 (44164623)|HEAP_ALLOCATE|[47]|Bytes:124
11:37:36.0 (44184821)|VARIABLE_SCOPE_BEGIN|[47]|seoKeywords|List<seoThemeKeywords__c>|true|false
11:37:36.0 (44216960)|VARIABLE_ASSIGNMENT|[47]|seoKeywords|"List of size 30 too large to display"|0x2d99e800
11:37:36.0 (44301543)|STATEMENT_EXECUTE|[49]
11:37:36.0 (44445349)|HEAP_ALLOCATE|[50]|Bytes:5
11:37:36.0 (44468059)|HEAP_ALLOCATE|[50]|Bytes:12
11:37:36.0 (44477902)|VARIABLE_SCOPE_BEGIN|[50]|seoKeyword|seoThemeKeywords__c|true|false
11:37:36.0 (44503220)|VARIABLE_ASSIGNMENT|[50]|seoKeyword|{"Id":"a1D6F000003TvPBUA0","CurrencyIsoCode":"AUD"}|0x3a43fb93
11:37:36.0 (44510481)|STATEMENT_EXECUTE|[50]
11:37:36.0 (44512765)|STATEMENT_EXECUTE|[51]
11:37:36.0 (44525404)|HEAP_ALLOCATE|[51]|Bytes:5
11:37:36.0 (44566146)|HEAP_ALLOCATE|[51]|Bytes:18
11:37:36.0 (44589737)|METHOD_ENTRY|[51]||System.EncodingUtil.urlEncode(String, String)
11:37:36.0 (44644744)|METHOD_EXIT|[51]||System.EncodingUtil.urlEncode(String, String)
11:37:36.0 (44653789)|HEAP_ALLOCATE|[51]|Bytes:23
11:37:36.0 (44659528)|HEAP_ALLOCATE|[51]|Bytes:23
11:37:36.0 (44672203)|VARIABLE_ASSIGNMENT|[51]|keywordQueryString|"&k[]=a1D6F000003TvPB (3 more) ..."
11:37:36.0 (44687155)|HEAP_ALLOCATE|[50]|Bytes:5
11:37:36.0 (44699850)|HEAP_ALLOCATE|[50]|Bytes:12
11:37:36.0 (44707092)|VARIABLE_SCOPE_BEGIN|[50]|seoKeyword|seoThemeKeywords__c|true|false
11:37:36.0 (44724097)|VARIABLE_ASSIGNMENT|[50]|seoKeyword|{"Id":"a1D6F000003TvPXUA0","CurrencyIsoCode":"AUD"}|0x6577cd6a
11:37:36.0 (44729841)|STATEMENT_EXECUTE|[50]
11:37:36.0 (44731747)|STATEMENT_EXECUTE|[51]
11:37:36.0 (44748671)|HEAP_ALLOCATE|[51]|Bytes:18
11:37:36.0 (44759091)|METHOD_ENTRY|[51]||System.EncodingUtil.urlEncode(String, String)
11:37:36.0 (44784424)|METHOD_EXIT|[51]||System.EncodingUtil.urlEncode(String, String)
11:37:36.0 (44790235)|HEAP_ALLOCATE|[51]|Bytes:23
11:37:36.0 (44794913)|HEAP_ALLOCATE|[51]|Bytes:46
11:37:36.0 (44804899)|VARIABLE_ASSIGNMENT|[51]|keywordQueryString|"&k[]=a1D6F000003TvPB (26 more) ..."
11:37:36.0 (44816797)|HEAP_ALLOCATE|[50]|Bytes:5
11:37:36.0 (44827523)|HEAP_ALLOCATE|[50]|Bytes:12
11:37:36.0 (44833488)|VARIABLE_SCOPE_BEGIN|[50]|seoKeyword|seoThemeKeywords__c|true|false
11:37:36.0 (44848745)|VARIABLE_ASSIGNMENT|[50]|seoKeyword|{"Id":"a1D6F000003TvPVUA0","CurrencyIsoCode":"AUD"}|0x77cfaa24
11:37:36.0 (44854621)|STATEMENT_EXECUTE|[50]
11:37:36.0 (44856435)|STATEMENT_EXECUTE|[51]
11:37:36.0 (44869393)|HEAP_ALLOCATE|[51]|Bytes:18
11:37:36.0 (44884311)|METHOD_ENTRY|[51]||System.EncodingUtil.urlEncode(String, String)
11:37:36.0 (44909271)|METHOD_EXIT|[51]||System.EncodingUtil.urlEncode(String, String)
11:37:36.0 (44914739)|HEAP_ALLOCATE|[51]|Bytes:23
11:37:36.0 (44919059)|HEAP_ALLOCATE|[51]|Bytes:69
11:37:36.0 (44928929)|VARIABLE_ASSIGNMENT|[51]|keywordQueryString|"&k[]=a1D6F000003TvPB (49 more) ..."
11:37:36.0 (44939682)|HEAP_ALLOCATE|[50]|Bytes:5
11:37:36.0 (44949717)|HEAP_ALLOCATE|[50]|Bytes:12
11:37:36.0 (44956122)|VARIABLE_SCOPE_BEGIN|[50]|seoKeyword|seoThemeKeywords__c|true|false
11:37:36.0 (44970712)|VARIABLE_ASSIGNMENT|[50]|seoKeyword|{"Id":"a1D6F000003TvP9UAK","CurrencyIsoCode":"AUD"}|0x3ba46238
11:37:36.0 (44976451)|STATEMENT_EXECUTE|[50]
11:37:36.0 (44978337)|STATEMENT_EXECUTE|[51]
11:37:36.0 (44990585)|HEAP_ALLOCATE|[51]|Bytes:18
11:37:36.0 (44999065)|METHOD_ENTRY|[51]||System.EncodingUtil.urlEncode(String, String)
11:37:36.0 (45023159)|METHOD_EXIT|[51]||System.EncodingUtil.urlEncode(String, String)
11:37:36.0 (45029271)|HEAP_ALLOCATE|[51]|Bytes:23
11:37:36.0 (45033811)|HEAP_ALLOCATE|[51]|Bytes:92
11:37:36.0 (45044242)|VARIABLE_ASSIGNMENT|[51]|keywordQueryString|"&k[]=a1D6F000003TvPB (72 more) ..."
11:37:36.0 (45055463)|HEAP_ALLOCATE|[50]|Bytes:5
11:37:36.0 (45065491)|HEAP_ALLOCATE|[50]|Bytes:12
11:37:36.0 (45071228)|VARIABLE_SCOPE_BEGIN|[50]|seoKeyword|seoThemeKeywords__c|true|false
11:37:36.0 (45084953)|VARIABLE_ASSIGNMENT|[50]|seoKeyword|{"Id":"a1D6F000003TvPNUA0","CurrencyIsoCode":"AUD"}|0x1e1e99bc
11:37:36.0 (45091279)|STATEMENT_EXECUTE|[50]
11:37:36.0 (45093062)|STATEMENT_EXECUTE|[51]
11:37:36.0 (45104660)|HEAP_ALLOCATE|[51]|Bytes:18
11:37:36.0 (45112228)|METHOD_ENTRY|[51]||System.EncodingUtil.urlEncode(String, String)
11:37:36.0 (45134695)|METHOD_EXIT|[51]||System.EncodingUtil.urlEncode(String, String)
11:37:36.0 (45140078)|HEAP_ALLOCATE|[51]|Bytes:23
11:37:36.0 (45144983)|HEAP_ALLOCATE|[51]|Bytes:115
11:37:36.0 (45154432)|VARIABLE_ASSIGNMENT|[51]|keywordQueryString|"&k[]=a1D6F000003TvPB (95 more) ..."
11:37:36.0 (45165993)|HEAP_ALLOCATE|[50]|Bytes:5
11:37:36.0 (45175930)|HEAP_ALLOCATE|[50]|Bytes:12
11:37:36.0 (45182025)|VARIABLE_SCOPE_BEGIN|[50]|seoKeyword|seoThemeKeywords__c|true|false
11:37:36.0 (45195962)|VARIABLE_ASSIGNMENT|[50]|seoKeyword|{"Id":"a1D6F000003TvPAUA0","CurrencyIsoCode":"AUD"}|0x45591b88
11:37:36.0 (45201338)|STATEMENT_EXECUTE|[50]
11:37:36.0 (45203269)|STATEMENT_EXECUTE|[51]
11:37:36.0 (45214396)|HEAP_ALLOCATE|[51]|Bytes:18
11:37:36.0 (45221996)|METHOD_ENTRY|[51]||System.EncodingUtil.urlEncode(String, String)
11:37:36.0 (45244259)|METHOD_EXIT|[51]||System.EncodingUtil.urlEncode(String, String)
11:37:36.0 (45249496)|HEAP_ALLOCATE|[51]|Bytes:23
11:37:36.0 (45253741)|HEAP_ALLOCATE|[51]|Bytes:138
11:37:36.0 (45263533)|VARIABLE_ASSIGNMENT|[51]|keywordQueryString|"&k[]=a1D6F000003TvPB (118 more) ..."
11:37:36.0 (45274191)|HEAP_ALLOCATE|[50]|Bytes:5
11:37:36.0 (45301224)|HEAP_ALLOCATE|[50]|Bytes:12
11:37:36.0 (45307895)|VARIABLE_SCOPE_BEGIN|[50]|seoKeyword|seoThemeKeywords__c|true|false
11:37:36.0 (45322429)|VARIABLE_ASSIGNMENT|[50]|seoKeyword|{"Id":"a1D6F000003TvPCUA0","CurrencyIsoCode":"AUD"}|0x4f4d078d
11:37:36.0 (45328836)|STATEMENT_EXECUTE|[50]
11:37:36.0 (45330604)|STATEMENT_EXECUTE|[51]
11:37:36.0 (45342738)|HEAP_ALLOCATE|[51]|Bytes:18
11:37:36.0 (45351051)|METHOD_ENTRY|[51]||System.EncodingUtil.urlEncode(String, String)
11:37:36.0 (45374001)|METHOD_EXIT|[51]||System.EncodingUtil.urlEncode(String, String)
11:37:36.0 (45379364)|HEAP_ALLOCATE|[51]|Bytes:23
11:37:36.0 (45383643)|HEAP_ALLOCATE|[51]|Bytes:161
11:37:36.0 (45393281)|VARIABLE_ASSIGNMENT|[51]|keywordQueryString|"&k[]=a1D6F000003TvPB (141 more) ..."
11:37:36.0 (45404505)|HEAP_ALLOCATE|[50]|Bytes:5
11:37:36.0 (45414042)|HEAP_ALLOCATE|[50]|Bytes:12
11:37:36.0 (45419279)|VARIABLE_SCOPE_BEGIN|[50]|seoKeyword|seoThemeKeywords__c|true|false
11:37:36.0 (45433511)|VARIABLE_ASSIGNMENT|[50]|seoKeyword|{"Id":"a1D6F000003TvPPUA0","CurrencyIsoCode":"AUD"}|0x57e009fe
11:37:36.0 (45439413)|STATEMENT_EXECUTE|[50]
11:37:36.0 (45441160)|STATEMENT_EXECUTE|[51]
11:37:36.0 (45452137)|HEAP_ALLOCATE|[51]|Bytes:18
11:37:36.0 (45460535)|METHOD_ENTRY|[51]||System.EncodingUtil.urlEncode(String, String)
11:37:36.0 (45482443)|METHOD_EXIT|[51]||System.EncodingUtil.urlEncode(String, String)
11:37:36.0 (45487408)|HEAP_ALLOCATE|[51]|Bytes:23
11:37:36.0 (45491953)|HEAP_ALLOCATE|[51]|Bytes:184
11:37:36.0 (45501328)|VARIABLE_ASSIGNMENT|[51]|keywordQueryString|"&k[]=a1D6F000003TvPB (164 more) ..."
11:37:36.0 (45511516)|HEAP_ALLOCATE|[50]|Bytes:5
11:37:36.0 (45521003)|HEAP_ALLOCATE|[50]|Bytes:12
11:37:36.0 (45525993)|VARIABLE_SCOPE_BEGIN|[50]|seoKeyword|seoThemeKeywords__c|true|false
11:37:36.0 (45542606)|VARIABLE_ASSIGNMENT|[50]|seoKeyword|{"Id":"a1D6F000003TvPHUA0","CurrencyIsoCode":"AUD"}|0x3dd9b9c7
11:37:36.0 (45548559)|STATEMENT_EXECUTE|[50]
11:37:36.0 (45550660)|STATEMENT_EXECUTE|[51]
11:37:36.0 (45562276)|HEAP_ALLOCATE|[51]|Bytes:18
11:37:36.0 (45570630)|METHOD_ENTRY|[51]||System.EncodingUtil.urlEncode(String, String)
11:37:36.0 (45593107)|METHOD_EXIT|[51]||System.EncodingUtil.urlEncode(String, String)
11:37:36.0 (45598155)|HEAP_ALLOCATE|[51]|Bytes:23
11:37:36.0 (45603019)|HEAP_ALLOCATE|[51]|Bytes:207
11:37:36.0 (45612634)|VARIABLE_ASSIGNMENT|[51]|keywordQueryString|"&k[]=a1D6F000003TvPB (187 more) ..."
11:37:36.0 (45624078)|HEAP_ALLOCATE|[50]|Bytes:5
11:37:36.0 (45633322)|HEAP_ALLOCATE|[50]|Bytes:12
11:37:36.0 (45638397)|VARIABLE_SCOPE_BEGIN|[50]|seoKeyword|seoThemeKeywords__c|true|false
11:37:36.0 (45652040)|VARIABLE_ASSIGNMENT|[50]|seoKeyword|{"Id":"a1D6F000003TvPJUA0","CurrencyIsoCode":"AUD"}|0x30d160af
11:37:36.0 (45657427)|STATEMENT_EXECUTE|[50]
11:37:36.0 (45659150)|STATEMENT_EXECUTE|[51]
11:37:36.0 (45669720)|HEAP_ALLOCATE|[51]|Bytes:18
11:37:36.0 (45677600)|METHOD_ENTRY|[51]||System.EncodingUtil.urlEncode(String, String)
11:37:36.0 (45703544)|METHOD_EXIT|[51]||System.EncodingUtil.urlEncode(String, String)
11:37:36.0 (45709053)|HEAP_ALLOCATE|[51]|Bytes:23
11:37:36.0 (45714016)|HEAP_ALLOCATE|[51]|Bytes:230
11:37:36.0 (45723668)|VARIABLE_ASSIGNMENT|[51]|keywordQueryString|"&k[]=a1D6F000003TvPB (210 more) ..."
11:37:36.0 (45734955)|HEAP_ALLOCATE|[50]|Bytes:5
11:37:36.0 (45743941)|HEAP_ALLOCATE|[50]|Bytes:12
11:37:36.0 (45749627)|VARIABLE_SCOPE_BEGIN|[50]|seoKeyword|seoThemeKeywords__c|true|false
11:37:36.0 (45763005)|VARIABLE_ASSIGNMENT|[50]|seoKeyword|{"Id":"a1D6F000003TvPYUA0","CurrencyIsoCode":"AUD"}|0x17076857
11:37:36.0 (45769217)|STATEMENT_EXECUTE|[50]
11:37:36.0 (45770920)|STATEMENT_EXECUTE|[51]
11:37:36.0 (45781762)|HEAP_ALLOCATE|[51]|Bytes:18
11:37:36.0 (45789762)|METHOD_ENTRY|[51]||System.EncodingUtil.urlEncode(String, String)
11:37:36.0 (45812302)|METHOD_EXIT|[51]||System.EncodingUtil.urlEncode(String, String)
11:37:36.0 (45817720)|HEAP_ALLOCATE|[51]|Bytes:23
11:37:36.0 (45822113)|HEAP_ALLOCATE|[51]|Bytes:253
11:37:36.0 (45831265)|VARIABLE_ASSIGNMENT|[51]|keywordQueryString|"&k[]=a1D6F000003TvPB (233 more) ..."
11:37:36.0 (45841412)|HEAP_ALLOCATE|[50]|Bytes:5
11:37:36.0 (45850635)|HEAP_ALLOCATE|[50]|Bytes:12
11:37:36.0 (45856859)|VARIABLE_SCOPE_BEGIN|[50]|seoKeyword|seoThemeKeywords__c|true|false
11:37:36.0 (45869610)|VARIABLE_ASSIGNMENT|[50]|seoKeyword|{"Id":"a1D6F000003TvPFUA0","CurrencyIsoCode":"AUD"}|0x407f3cb0
11:37:36.0 (45880004)|STATEMENT_EXECUTE|[50]
11:37:36.0 (45881753)|STATEMENT_EXECUTE|[51]
11:37:36.0 (45893021)|HEAP_ALLOCATE|[51]|Bytes:18
11:37:36.0 (45900793)|METHOD_ENTRY|[51]||System.EncodingUtil.urlEncode(String, String)
11:37:36.0 (45923432)|METHOD_EXIT|[51]||System.EncodingUtil.urlEncode(String, String)
11:37:36.0 (45928560)|HEAP_ALLOCATE|[51]|Bytes:23
11:37:36.0 (45933424)|HEAP_ALLOCATE|[51]|Bytes:276
11:37:36.0 (45942563)|VARIABLE_ASSIGNMENT|[51]|keywordQueryString|"&k[]=a1D6F000003TvPB (256 more) ..."
11:37:36.0 (45953373)|HEAP_ALLOCATE|[50]|Bytes:5
11:37:36.0 (45963296)|HEAP_ALLOCATE|[50]|Bytes:12
11:37:36.0 (45969086)|VARIABLE_SCOPE_BEGIN|[50]|seoKeyword|seoThemeKeywords__c|true|false
11:37:36.0 (45982699)|VARIABLE_ASSIGNMENT|[50]|seoKeyword|{"Id":"a1D6F000003TvPOUA0","CurrencyIsoCode":"AUD"}|0x3098b2f9
11:37:36.0 (45987913)|STATEMENT_EXECUTE|[50]
11:37:36.0 (45989688)|STATEMENT_EXECUTE|[51]
11:37:36.0 (46001387)|HEAP_ALLOCATE|[51]|Bytes:18
11:37:36.0 (46010148)|METHOD_ENTRY|[51]||System.EncodingUtil.urlEncode(String, String)
11:37:36.0 (46032226)|METHOD_EXIT|[51]||System.EncodingUtil.urlEncode(String, String)
11:37:36.0 (46037914)|HEAP_ALLOCATE|[51]|Bytes:23
11:37:36.0 (46042653)|HEAP_ALLOCATE|[51]|Bytes:299
11:37:36.0 (46051621)|VARIABLE_ASSIGNMENT|[51]|keywordQueryString|"&k[]=a1D6F000003TvPB (279 more) ..."
11:37:36.0 (46061815)|HEAP_ALLOCATE|[50]|Bytes:5
11:37:36.0 (46071988)|HEAP_ALLOCATE|[50]|Bytes:12
11:37:36.0 (46077356)|VARIABLE_SCOPE_BEGIN|[50]|seoKeyword|seoThemeKeywords__c|true|false
11:37:36.0 (46091397)|VARIABLE_ASSIGNMENT|[50]|seoKeyword|{"Id":"a1D6F000003TvPSUA0","CurrencyIsoCode":"AUD"}|0xb77785d
11:37:36.0 (46097422)|STATEMENT_EXECUTE|[50]
11:37:36.0 (46099113)|STATEMENT_EXECUTE|[51]
11:37:36.0 (46110168)|HEAP_ALLOCATE|[51]|Bytes:18
11:37:36.0 (46117729)|METHOD_ENTRY|[51]||System.EncodingUtil.urlEncode(String, String)
11:37:36.0 (46139650)|METHOD_EXIT|[51]||System.EncodingUtil.urlEncode(String, String)
11:37:36.0 (46144853)|HEAP_ALLOCATE|[51]|Bytes:23
11:37:36.0 (46149230)|HEAP_ALLOCATE|[51]|Bytes:322
11:37:36.0 (46158469)|VARIABLE_ASSIGNMENT|[51]|keywordQueryString|"&k[]=a1D6F000003TvPB (302 more) ..."
11:37:36.0 (46168529)|HEAP_ALLOCATE|[50]|Bytes:5
11:37:36.0 (46177819)|HEAP_ALLOCATE|[50]|Bytes:12
11:37:36.0 (46183310)|VARIABLE_SCOPE_BEGIN|[50]|seoKeyword|seoThemeKeywords__c|true|false
11:37:36.0 (46196640)|VARIABLE_ASSIGNMENT|[50]|seoKeyword|{"Id":"a1D6F000003TvPLUA0","CurrencyIsoCode":"AUD"}|0x271eecb4
11:37:36.0 (46202275)|STATEMENT_EXECUTE|[50]
11:37:36.0 (46204288)|STATEMENT_EXECUTE|[51]
11:37:36.0 (46215078)|HEAP_ALLOCATE|[51]|Bytes:18
11:37:36.0 (46222879)|METHOD_ENTRY|[51]||System.EncodingUtil.urlEncode(String, String)
11:37:36.0 (46244831)|METHOD_EXIT|[51]||System.EncodingUtil.urlEncode(String, String)
11:37:36.0 (46249890)|HEAP_ALLOCATE|[51]|Bytes:23
11:37:36.0 (46254684)|HEAP_ALLOCATE|[51]|Bytes:345
11:37:36.0 (46264392)|VARIABLE_ASSIGNMENT|[51]|keywordQueryString|"&k[]=a1D6F000003TvPB (325 more) ..."
11:37:36.0 (46274570)|HEAP_ALLOCATE|[50]|Bytes:5
11:37:36.0 (46284095)|HEAP_ALLOCATE|[50]|Bytes:12
11:37:36.0 (46289219)|VARIABLE_SCOPE_BEGIN|[50]|seoKeyword|seoThemeKeywords__c|true|false
11:37:36.0 (46302525)|VARIABLE_ASSIGNMENT|[50]|seoKeyword|{"Id":"a1D6F000003TvPTUA0","CurrencyIsoCode":"AUD"}|0x1ebdce5b
11:37:36.0 (46307905)|STATEMENT_EXECUTE|[50]
11:37:36.0 (46309668)|STATEMENT_EXECUTE|[51]
11:37:36.0 (46320533)|HEAP_ALLOCATE|[51]|Bytes:18
11:37:36.0 (46328095)|METHOD_ENTRY|[51]||System.EncodingUtil.urlEncode(String, String)
11:37:36.0 (46350877)|METHOD_EXIT|[51]||System.EncodingUtil.urlEncode(String, String)
11:37:36.0 (46355917)|HEAP_ALLOCATE|[51]|Bytes:23
11:37:36.0 (46360267)|HEAP_ALLOCATE|[51]|Bytes:368
11:37:36.0 (46369662)|VARIABLE_ASSIGNMENT|[51]|keywordQueryString|"&k[]=a1D6F000003TvPB (348 more) ..."
11:37:36.0 (46379982)|HEAP_ALLOCATE|[50]|Bytes:5
11:37:36.0 (46389317)|HEAP_ALLOCATE|[50]|Bytes:12
11:37:36.0 (46394484)|VARIABLE_SCOPE_BEGIN|[50]|seoKeyword|seoThemeKeywords__c|true|false
11:37:36.0 (46407653)|VARIABLE_ASSIGNMENT|[50]|seoKeyword|{"Id":"a1D6F000003TvPMUA0","CurrencyIsoCode":"AUD"}|0x6b47b80f
11:37:36.0 (46413504)|STATEMENT_EXECUTE|[50]
11:37:36.0 (46415261)|STATEMENT_EXECUTE|[51]
11:37:36.0 (46426064)|HEAP_ALLOCATE|[51]|Bytes:18
11:37:36.0 (46433625)|METHOD_ENTRY|[51]||System.EncodingUtil.urlEncode(String, String)
11:37:36.0 (46455343)|METHOD_EXIT|[51]||System.EncodingUtil.urlEncode(String, String)
11:37:36.0 (46460883)|HEAP_ALLOCATE|[51]|Bytes:23
11:37:36.0 (46465966)|HEAP_ALLOCATE|[51]|Bytes:391
11:37:36.0 (46475220)|VARIABLE_ASSIGNMENT|[51]|keywordQueryString|"&k[]=a1D6F000003TvPB (371 more) ..."
11:37:36.0 (46485798)|HEAP_ALLOCATE|[50]|Bytes:5
11:37:36.0 (46494738)|HEAP_ALLOCATE|[50]|Bytes:12
11:37:36.0 (46500075)|VARIABLE_SCOPE_BEGIN|[50]|seoKeyword|seoThemeKeywords__c|true|false
11:37:36.0 (46514190)|VARIABLE_ASSIGNMENT|[50]|seoKeyword|{"Id":"a1D6F000003TvPGUA0","CurrencyIsoCode":"AUD"}|0x5b4280aa
11:37:36.0 (46519755)|STATEMENT_EXECUTE|[50]
11:37:36.0 (46521495)|STATEMENT_EXECUTE|[51]
11:37:36.0 (46532128)|HEAP_ALLOCATE|[51]|Bytes:18
11:37:36.0 (46539608)|METHOD_ENTRY|[51]||System.EncodingUtil.urlEncode(String, String)
11:37:36.0 (46560841)|METHOD_EXIT|[51]||System.EncodingUtil.urlEncode(String, String)
11:37:36.0 (46566123)|HEAP_ALLOCATE|[51]|Bytes:23
11:37:36.0 (46570855)|HEAP_ALLOCATE|[51]|Bytes:414
11:37:36.0 (46579697)|VARIABLE_ASSIGNMENT|[51]|keywordQueryString|"&k[]=a1D6F000003TvPB (394 more) ..."
11:37:36.0 (46590234)|HEAP_ALLOCATE|[50]|Bytes:5
11:37:36.0 (46599567)|HEAP_ALLOCATE|[50]|Bytes:12
11:37:36.0 (46605124)|VARIABLE_SCOPE_BEGIN|[50]|seoKeyword|seoThemeKeywords__c|true|false
11:37:36.0 (46617879)|VARIABLE_ASSIGNMENT|[50]|seoKeyword|{"Id":"a1D6F000003TvPEUA0","CurrencyIsoCode":"AUD"}|0xbe9bc3a
11:37:36.0 (46623387)|STATEMENT_EXECUTE|[50]
11:37:36.0 (46625074)|STATEMENT_EXECUTE|[51]
11:37:36.0 (46635791)|HEAP_ALLOCATE|[51]|Bytes:18
11:37:36.0 (46643957)|METHOD_ENTRY|[51]||System.EncodingUtil.urlEncode(String, String)
11:37:36.0 (46667075)|METHOD_EXIT|[51]||System.EncodingUtil.urlEncode(String, String)
11:37:36.0 (46672176)|HEAP_ALLOCATE|[51]|Bytes:23
11:37:36.0 (46676566)|HEAP_ALLOCATE|[51]|Bytes:437
11:37:36.0 (46685526)|VARIABLE_ASSIGNMENT|[51]|keywordQueryString|"&k[]=a1D6F000003TvPB (417 more) ..."
11:37:36.0 (46695598)|HEAP_ALLOCATE|[50]|Bytes:5
11:37:36.0 (46704660)|HEAP_ALLOCATE|[50]|Bytes:12
11:37:36.0 (46709834)|VARIABLE_SCOPE_BEGIN|[50]|seoKeyword|seoThemeKeywords__c|true|false
11:37:36.0 (46722887)|VARIABLE_ASSIGNMENT|[50]|seoKeyword|{"Id":"a1D6F000003TvPUUA0","CurrencyIsoCode":"AUD"}|0x7bd6740a
11:37:36.0 (46729253)|STATEMENT_EXECUTE|[50]
11:37:36.0 (46730991)|STATEMENT_EXECUTE|[51]
11:37:36.0 (46741471)|HEAP_ALLOCATE|[51]|Bytes:18
11:37:36.0 (46749570)|METHOD_ENTRY|[51]||System.EncodingUtil.urlEncode(String, String)
11:37:36.0 (46772043)|METHOD_EXIT|[51]||System.EncodingUtil.urlEncode(String, String)
11:37:36.0 (46777198)|HEAP_ALLOCATE|[51]|Bytes:23
11:37:36.0 (46782255)|HEAP_ALLOCATE|[51]|Bytes:460
11:37:36.0 (46792032)|VARIABLE_ASSIGNMENT|[51]|keywordQueryString|"&k[]=a1D6F000003TvPB (440 more) ..."
11:37:36.0 (46802379)|HEAP_ALLOCATE|[50]|Bytes:5
11:37:36.0 (46811811)|HEAP_ALLOCATE|[50]|Bytes:12
11:37:36.0 (46817104)|VARIABLE_SCOPE_BEGIN|[50]|seoKeyword|seoThemeKeywords__c|true|false
11:37:36.0 (46831206)|VARIABLE_ASSIGNMENT|[50]|seoKeyword|{"Id":"a1D6F000003TvPKUA0","CurrencyIsoCode":"AUD"}|0x2d873cbf
11:37:36.0 (46836907)|STATEMENT_EXECUTE|[50]
11:37:36.0 (46838650)|STATEMENT_EXECUTE|[51]
11:37:36.0 (46849138)|HEAP_ALLOCATE|[51]|Bytes:18
11:37:36.0 (46856950)|METHOD_ENTRY|[51]||System.EncodingUtil.urlEncode(String, String)
11:37:36.0 (46883390)|METHOD_EXIT|[51]||System.EncodingUtil.urlEncode(String, String)
11:37:36.0 (46889080)|HEAP_ALLOCATE|[51]|Bytes:23
11:37:36.0 (46893666)|HEAP_ALLOCATE|[51]|Bytes:483
11:37:36.0 (46902817)|VARIABLE_ASSIGNMENT|[51]|keywordQueryString|"&k[]=a1D6F000003TvPB (463 more) ..."
11:37:36.0 (46913395)|HEAP_ALLOCATE|[50]|Bytes:5
11:37:36.0 (46923306)|HEAP_ALLOCATE|[50]|Bytes:12
11:37:36.0 (46928331)|VARIABLE_SCOPE_BEGIN|[50]|seoKeyword|seoThemeKeywords__c|true|false
11:37:36.0 (46942029)|VARIABLE_ASSIGNMENT|[50]|seoKeyword|{"Id":"a1D6F000003TvPIUA0","CurrencyIsoCode":"AUD"}|0x628fbe75
11:37:36.0 (46947683)|STATEMENT_EXECUTE|[50]
11:37:36.0 (46949444)|STATEMENT_EXECUTE|[51]
11:37:36.0 (46960168)|HEAP_ALLOCATE|[51]|Bytes:18
11:37:36.0 (46967845)|METHOD_ENTRY|[51]||System.EncodingUtil.urlEncode(String, String)
11:37:36.0 (46990717)|METHOD_EXIT|[51]||System.EncodingUtil.urlEncode(String, String)
11:37:36.0 (46995652)|HEAP_ALLOCATE|[51]|Bytes:23
11:37:36.0 (47000147)|HEAP_ALLOCATE|[51]|Bytes:506
11:37:36.0 (47009457)|VARIABLE_ASSIGNMENT|[51]|keywordQueryString|"&k[]=a1D6F000003TvPB (486 more) ..."
11:37:36.0 (47019948)|HEAP_ALLOCATE|[50]|Bytes:5
11:37:36.0 (47029331)|HEAP_ALLOCATE|[50]|Bytes:12
11:37:36.0 (47034877)|VARIABLE_SCOPE_BEGIN|[50]|seoKeyword|seoThemeKeywords__c|true|false
11:37:36.0 (47047894)|VARIABLE_ASSIGNMENT|[50]|seoKeyword|{"Id":"a1D6F000003TvP7UAK","CurrencyIsoCode":"AUD"}|0x2441c672
11:37:36.0 (47053358)|STATEMENT_EXECUTE|[50]
11:37:36.0 (47055241)|STATEMENT_EXECUTE|[51]
11:37:36.0 (47065970)|HEAP_ALLOCATE|[51]|Bytes:18
11:37:36.0 (47073456)|METHOD_ENTRY|[51]||System.EncodingUtil.urlEncode(String, String)
11:37:36.0 (47094766)|METHOD_EXIT|[51]||System.EncodingUtil.urlEncode(String, String)
11:37:36.0 (47099993)|HEAP_ALLOCATE|[51]|Bytes:23
11:37:36.0 (47104655)|HEAP_ALLOCATE|[51]|Bytes:529
11:37:36.0 (47113509)|VARIABLE_ASSIGNMENT|[51]|keywordQueryString|"&k[]=a1D6F000003TvPB (509 more) ..."
11:37:36.0 (47123742)|HEAP_ALLOCATE|[50]|Bytes:5
11:37:36.0 (47133586)|HEAP_ALLOCATE|[50]|Bytes:12
11:37:36.0 (47139155)|VARIABLE_SCOPE_BEGIN|[50]|seoKeyword|seoThemeKeywords__c|true|false
11:37:36.0 (47152453)|VARIABLE_ASSIGNMENT|[50]|seoKeyword|{"Id":"a1D6F000003TvP5UAK","CurrencyIsoCode":"AUD"}|0x6cff90d4
11:37:36.0 (47157697)|STATEMENT_EXECUTE|[50]
11:37:36.0 (47159391)|STATEMENT_EXECUTE|[51]
11:37:36.0 (47169852)|HEAP_ALLOCATE|[51]|Bytes:18
11:37:36.0 (47177759)|METHOD_ENTRY|[51]||System.EncodingUtil.urlEncode(String, String)
11:37:36.0 (47200127)|METHOD_EXIT|[51]||System.EncodingUtil.urlEncode(String, String)
11:37:36.0 (47205412)|HEAP_ALLOCATE|[51]|Bytes:23
11:37:36.0 (47210009)|HEAP_ALLOCATE|[51]|Bytes:552
11:37:36.0 (47219410)|VARIABLE_ASSIGNMENT|[51]|keywordQueryString|"&k[]=a1D6F000003TvPB (532 more) ..."
11:37:36.0 (47229730)|HEAP_ALLOCATE|[50]|Bytes:5
11:37:36.0 (47238825)|HEAP_ALLOCATE|[50]|Bytes:12
11:37:36.0 (47244110)|VARIABLE_SCOPE_BEGIN|[50]|seoKeyword|seoThemeKeywords__c|true|false
11:37:36.0 (47257443)|VARIABLE_ASSIGNMENT|[50]|seoKeyword|{"Id":"a1D6F000003TvP6UAK","CurrencyIsoCode":"AUD"}|0x78092b30
11:37:36.0 (47262731)|STATEMENT_EXECUTE|[50]
11:37:36.0 (47264391)|STATEMENT_EXECUTE|[51]
11:37:36.0 (47275229)|HEAP_ALLOCATE|[51]|Bytes:18
11:37:36.0 (47282907)|METHOD_ENTRY|[51]||System.EncodingUtil.urlEncode(String, String)
11:37:36.0 (47304803)|METHOD_EXIT|[51]||System.EncodingUtil.urlEncode(String, String)
11:37:36.0 (47309933)|HEAP_ALLOCATE|[51]|Bytes:23
11:37:36.0 (47314925)|HEAP_ALLOCATE|[51]|Bytes:575
11:37:36.0 (47324142)|VARIABLE_ASSIGNMENT|[51]|keywordQueryString|"&k[]=a1D6F000003TvPB (555 more) ..."
11:37:36.0 (47334653)|HEAP_ALLOCATE|[50]|Bytes:5
11:37:36.0 (47344353)|HEAP_ALLOCATE|[50]|Bytes:12
11:37:36.0 (47349611)|VARIABLE_SCOPE_BEGIN|[50]|seoKeyword|seoThemeKeywords__c|true|false
11:37:36.0 (47363068)|VARIABLE_ASSIGNMENT|[50]|seoKeyword|{"Id":"a1D6F000003TvP8UAK","CurrencyIsoCode":"AUD"}|0x67ea4e52
11:37:36.0 (47368983)|STATEMENT_EXECUTE|[50]
11:37:36.0 (47370678)|STATEMENT_EXECUTE|[51]
11:37:36.0 (47381523)|HEAP_ALLOCATE|[51]|Bytes:18
11:37:36.0 (47389328)|METHOD_ENTRY|[51]||System.EncodingUtil.urlEncode(String, String)
11:37:36.0 (47410646)|METHOD_EXIT|[51]||System.EncodingUtil.urlEncode(String, String)
11:37:36.0 (47415799)|HEAP_ALLOCATE|[51]|Bytes:23
11:37:36.0 (47421554)|HEAP_ALLOCATE|[51]|Bytes:598
11:37:36.0 (47431236)|VARIABLE_ASSIGNMENT|[51]|keywordQueryString|"&k[]=a1D6F000003TvPB (578 more) ..."
11:37:36.0 (47441837)|HEAP_ALLOCATE|[50]|Bytes:5
11:37:36.0 (47451031)|HEAP_ALLOCATE|[50]|Bytes:12
11:37:36.0 (47456155)|VARIABLE_SCOPE_BEGIN|[50]|seoKeyword|seoThemeKeywords__c|true|false
11:37:36.0 (47469861)|VARIABLE_ASSIGNMENT|[50]|seoKeyword|{"Id":"a1D6F000003TvPDUA0","CurrencyIsoCode":"AUD"}|0x4db2768b
11:37:36.0 (47475421)|STATEMENT_EXECUTE|[50]
11:37:36.0 (47477113)|STATEMENT_EXECUTE|[51]
11:37:36.0 (47487994)|HEAP_ALLOCATE|[51]|Bytes:18
11:37:36.0 (47495601)|METHOD_ENTRY|[51]||System.EncodingUtil.urlEncode(String, String)
11:37:36.0 (47518210)|METHOD_EXIT|[51]||System.EncodingUtil.urlEncode(String, String)
11:37:36.0 (47523404)|HEAP_ALLOCATE|[51]|Bytes:23
11:37:36.0 (47528338)|HEAP_ALLOCATE|[51]|Bytes:621
11:37:36.0 (47537470)|VARIABLE_ASSIGNMENT|[51]|keywordQueryString|"&k[]=a1D6F000003TvPB (601 more) ..."
11:37:36.0 (47547714)|HEAP_ALLOCATE|[50]|Bytes:5
11:37:36.0 (47557202)|HEAP_ALLOCATE|[50]|Bytes:12
11:37:36.0 (47562744)|VARIABLE_SCOPE_BEGIN|[50]|seoKeyword|seoThemeKeywords__c|true|false
11:37:36.0 (47576101)|VARIABLE_ASSIGNMENT|[50]|seoKeyword|{"Id":"a1D6F000003TvPQUA0","CurrencyIsoCode":"AUD"}|0x5ddb26d9
11:37:36.0 (47581632)|STATEMENT_EXECUTE|[50]
11:37:36.0 (47583344)|STATEMENT_EXECUTE|[51]
11:37:36.0 (47593967)|HEAP_ALLOCATE|[51]|Bytes:18
11:37:36.0 (47601249)|METHOD_ENTRY|[51]||System.EncodingUtil.urlEncode(String, String)
11:37:36.0 (47623118)|METHOD_EXIT|[51]||System.EncodingUtil.urlEncode(String, String)
11:37:36.0 (47628349)|HEAP_ALLOCATE|[51]|Bytes:23
11:37:36.0 (47632967)|HEAP_ALLOCATE|[51]|Bytes:644
11:37:36.0 (47641882)|VARIABLE_ASSIGNMENT|[51]|keywordQueryString|"&k[]=a1D6F000003TvPB (624 more) ..."
11:37:36.0 (47651965)|HEAP_ALLOCATE|[50]|Bytes:5
11:37:36.0 (47661380)|HEAP_ALLOCATE|[50]|Bytes:12
11:37:36.0 (47666730)|VARIABLE_SCOPE_BEGIN|[50]|seoKeyword|seoThemeKeywords__c|true|false
11:37:36.0 (47679366)|VARIABLE_ASSIGNMENT|[50]|seoKeyword|{"Id":"a1D6F000003TvPRUA0","CurrencyIsoCode":"AUD"}|0x6cbac6f9
11:37:36.0 (47685281)|STATEMENT_EXECUTE|[50]
11:37:36.0 (47686946)|STATEMENT_EXECUTE|[51]
11:37:36.0 (47697362)|HEAP_ALLOCATE|[51]|Bytes:18
11:37:36.0 (47704767)|METHOD_ENTRY|[51]||System.EncodingUtil.urlEncode(String, String)
11:37:36.0 (47727270)|METHOD_EXIT|[51]||System.EncodingUtil.urlEncode(String, String)
11:37:36.0 (47732300)|HEAP_ALLOCATE|[51]|Bytes:23
11:37:36.0 (47737104)|HEAP_ALLOCATE|[51]|Bytes:667
11:37:36.0 (47745881)|VARIABLE_ASSIGNMENT|[51]|keywordQueryString|"&k[]=a1D6F000003TvPB (647 more) ..."
11:37:36.0 (47756332)|HEAP_ALLOCATE|[50]|Bytes:5
11:37:36.0 (47765875)|HEAP_ALLOCATE|[50]|Bytes:12
11:37:36.0 (47771371)|VARIABLE_SCOPE_BEGIN|[50]|seoKeyword|seoThemeKeywords__c|true|false
11:37:36.0 (47784043)|VARIABLE_ASSIGNMENT|[50]|seoKeyword|{"Id":"a1D6F000003TvPWUA0","CurrencyIsoCode":"AUD"}|0x59979de2
11:37:36.0 (47789736)|STATEMENT_EXECUTE|[50]
11:37:36.0 (47791541)|STATEMENT_EXECUTE|[51]
11:37:36.0 (47801768)|HEAP_ALLOCATE|[51]|Bytes:18
11:37:36.0 (47809250)|METHOD_ENTRY|[51]||System.EncodingUtil.urlEncode(String, String)
11:37:36.0 (47831428)|METHOD_EXIT|[51]||System.EncodingUtil.urlEncode(String, String)
11:37:36.0 (47836364)|HEAP_ALLOCATE|[51]|Bytes:23
11:37:36.0 (47840884)|HEAP_ALLOCATE|[51]|Bytes:690
11:37:36.0 (47849877)|VARIABLE_ASSIGNMENT|[51]|keywordQueryString|"&k[]=a1D6F000003TvPB (670 more) ..."
11:37:36.0 (47859996)|HEAP_ALLOCATE|[50]|Bytes:5
11:37:36.0 (47871045)|VARIABLE_ASSIGNMENT|[50]|seoKeyword|null|
11:37:36.0 (47881492)|STATEMENT_EXECUTE|[55]
11:37:36.0 (47895737)|METHOD_EXIT|[113]|01p6F000009rEEx|SeoGeoController.getKeywordIdQueryString()
11:37:36.0 (47903365)|VARIABLE_SCOPE_BEGIN|[113]|keywordQueryString|String|false|false
11:37:36.0 (47914678)|VARIABLE_ASSIGNMENT|[113]|keywordQueryString|"&k[]=a1D6F000003TvPB (670 more) ..."
11:37:36.0 (47938317)|STATEMENT_EXECUTE|[115]
11:37:36.0 (47940544)|STATEMENT_EXECUTE|[116]
11:37:36.0 (47949601)|HEAP_ALLOCATE|[116]|Bytes:813
11:37:36.0 (47960278)|VARIABLE_ASSIGNMENT|[116]|consolePath|"/?c=seo&action=keywo (793 more) ..."
11:37:36.0 (47965497)|STATEMENT_EXECUTE|[121]
11:37:36.0 (47975162)|METHOD_EXIT|[80]|01p6F000009rEEx|SeoGeoController.getGeoURL()
11:37:36.0 (47981351)|VARIABLE_SCOPE_BEGIN|[80]|consolePath|String|false|false
11:37:36.0 (47991971)|VARIABLE_ASSIGNMENT|[80]|consolePath|"/?c=seo&action=keywo (793 more) ..."
11:37:36.0 (47997134)|STATEMENT_EXECUTE|[82]
11:37:36.0 (47998934)|STATEMENT_EXECUTE|[83]
11:37:36.0 (48163086)|HEAP_ALLOCATE|[83]|Bytes:7
11:37:36.0 (48173314)|HEAP_ALLOCATE|[83]|Bytes:10
11:37:36.0 (48193135)|METHOD_ENTRY|[1]|01p6F000006aBAZ|slxConsole.slxConsole()
11:37:36.0 (48198980)|STATEMENT_EXECUTE|[1]
11:37:36.0 (48203037)|STATEMENT_EXECUTE|[1]
11:37:36.0 (48209443)|METHOD_EXIT|[1]|slxConsole
11:37:36.0 (48234183)|METHOD_ENTRY|[83]|01p6F000006aBAZ|slxConsole.getConsolePage(String)
11:37:36.0 (48257664)|VARIABLE_SCOPE_BEGIN|[17]|path|String|false|false
11:37:36.0 (48276045)|VARIABLE_ASSIGNMENT|[17]|path|"/?c=seo&action=keywo (793 more) ..."
11:37:36.0 (48283520)|STATEMENT_EXECUTE|[17]
11:37:36.0 (48285743)|STATEMENT_EXECUTE|[20]
11:37:36.0 (48296017)|HEAP_ALLOCATE|[20]|Bytes:10
11:37:36.0 (49189339)|HEAP_ALLOCATE|[20]|Bytes:56
11:37:36.0 (49211191)|VARIABLE_SCOPE_BEGIN|[20]|consoleLogin|Login__c|true|false
11:37:36.0 (49282964)|VARIABLE_ASSIGNMENT|[20]|consoleLogin|{"LastModifiedDate":"2017-01-17T06:58:25.000Z","username__c":"salesforce","IsDeleted":false,"password__c":"49fc7fd771000d6127b3 (12 more) ...","URL__c":"https://console.spon (13 more) ...","CurrencyIsoCode":"AUD","SetupOwnerId":"00D90000000IJSaEAO","Name":"SLXConsole","SystemModstamp":"2018-03-23T09:17:56.000Z","CreatedById":"00590000000VmmqAAC","CreatedDate":"2016-03-02T07:09:34.000Z","Id":"a1w6F000005747qQAA","LastModifiedById":"00590000000VmmqAAC"}|0x6e73633a
11:37:36.0 (49298355)|STATEMENT_EXECUTE|[22]
11:37:36.0 (49306956)|STATEMENT_EXECUTE|[27]
11:37:36.0 (49341148)|VARIABLE_SCOPE_BEGIN|[27]|consoleEndpoint|String|false|false
11:37:36.0 (49355658)|VARIABLE_ASSIGNMENT|[27]|consoleEndpoint|"https://console.spon (13 more) ..."
11:37:36.0 (49360900)|STATEMENT_EXECUTE|[28]
11:37:36.0 (49377030)|VARIABLE_SCOPE_BEGIN|[28]|consoleUsername|String|false|false
11:37:36.0 (49387971)|VARIABLE_ASSIGNMENT|[28]|consoleUsername|"salesforce"
11:37:36.0 (49392794)|STATEMENT_EXECUTE|[29]
11:37:36.0 (49404340)|VARIABLE_SCOPE_BEGIN|[29]|consolePassword|String|false|false
11:37:36.0 (49415931)|VARIABLE_ASSIGNMENT|[29]|consolePassword|"49fc7fd771000d6127b3 (12 more) ..."
11:37:36.0 (49420008)|STATEMENT_EXECUTE|[33]
11:37:36.0 (49444004)|VARIABLE_SCOPE_BEGIN|[33]|req|System.HttpRequest|true|false
11:37:36.0 (49696046)|VARIABLE_ASSIGNMENT|[33]|req|"System.HttpRequest[Endpoint=null, Method=null]"|0x15808fe4
11:37:36.0 (49705543)|STATEMENT_EXECUTE|[34]
11:37:36.0 (49720421)|HEAP_ALLOCATE|[34]|Bytes:846
11:37:36.0 (49779498)|STATEMENT_EXECUTE|[35]
11:37:36.0 (49788216)|HEAP_ALLOCATE|[35]|Bytes:3
11:37:36.0 (49812176)|STATEMENT_EXECUTE|[36]
11:37:36.0 (49818663)|HEAP_ALLOCATE|[36]|Bytes:6
11:37:36.0 (49823871)|HEAP_ALLOCATE|[36]|Bytes:9
11:37:36.0 (49827695)|HEAP_ALLOCATE|[36]|Bytes:11
11:37:36.0 (49841406)|HEAP_ALLOCATE|[36]|Bytes:62
11:37:36.0 (49869858)|STATEMENT_EXECUTE|[40]
11:37:36.0 (49893763)|VARIABLE_SCOPE_BEGIN|[40]|http|System.Http|true|false
11:37:36.0 (49984717)|VARIABLE_ASSIGNMENT|[40]|http|"System.Http[]"|0xd09eda0
11:37:36.0 (49993968)|STATEMENT_EXECUTE|[41]
11:37:36.0 (50060050)|CALLOUT_REQUEST|[41]|System.HttpRequest[Endpoint=https://console.sponsoredlinx.com/?c=seo&action=keywordGeoCompare&output=table&websiteid=a166F00000AJbjEQAT&geolocation=Sydney%2CNew+South+Wales%2CAustralia&k[]=a1D6F000003TvPBUA0&k[]=a1D6F000003TvPXUA0&k[]=a1D6F000003TvPVUA0&k[]=a1D6F000003TvP9UAK&k[]=a1D6F000003TvPNUA0&k[]=a1D6F000003TvPAUA0&k[]=a1D6F000003TvPCUA0&k[]=a1D6F000003TvPPUA0&k[]=a1D6F000003TvPHUA0&k[]=a1D6F000003TvPJUA0&k[]=a1D6F000003TvPYUA0&k[]=a1D6F000003TvPFUA0&k[]=a1D6F000003TvPOUA0&k[]=a1D6F000003TvPSUA0&k[]=a1D6F000003TvPLUA0&k[]=a1D6F000003TvPTUA0&k[]=a1D6F000003TvPMUA0&k[]=a1D6F000003TvPGUA0&k[]=a1D6F000003TvPEUA0&k[]=a1D6F000003TvPUUA0&k[]=a1D6F000003TvPKUA0&k[]=a1D6F000003TvPIUA0&k[]=a1D6F000003TvP7UAK&k[]=a1D6F000003TvP5UAK&k[]=a1D6F000003TvP6UAK&k[]=a1D6F000003TvP8UAK&k[]=a1D6F000003TvPDUA0&k[]=a1D6F000003TvPQUA0&k[]=a1D6F000003TvPRUA0&k[]=a1D6F000003TvPWUA0, Method=GET]
11:37:36.0 (272143404)|HEAP_ALLOCATE|[EXTERNAL]|Bytes:5384
11:37:36.0 (272445558)|CALLOUT_RESPONSE|[41]|System.HttpResponse[Status=OK, StatusCode=200]
11:37:36.0 (272475684)|HEAP_ALLOCATE|[41]|Bytes:5201
11:37:36.0 (272512077)|VARIABLE_SCOPE_BEGIN|[41]|res|System.HttpResponse|true|false
11:37:36.0 (272747950)|VARIABLE_ASSIGNMENT|[41]|res|"System.HttpResponse[Status=OK, StatusCode=200]"|0x560461a1
11:37:36.0 (272761792)|STATEMENT_EXECUTE|[44]
11:37:36.0 (273112547)|HEAP_ALLOCATE|[44]|Bytes:5195
11:37:36.0 (273139319)|METHOD_EXIT|[83]|01p6F000006aBAZ|slxConsole.getConsolePage(String)
11:37:36.0 (273162242)|VARIABLE_ASSIGNMENT|[83]|geoTable|"<style>\ntable.table{ (5175 more) ..."
11:37:36.0 (273170697)|HEAP_ALLOCATE|[87]|Bytes:10
11:37:36.0 (273249768)|STATEMENT_EXECUTE|[87]
11:37:36.0 (273252674)|STATEMENT_EXECUTE|[88]
11:37:36.0 (273358158)|VARIABLE_ASSIGNMENT|[EXTERNAL]|this|{"allGeo":"0x65363de4","device":"desktop","refreshRequired":true,"selectedGeo":"0x34cf5b1c","seoWebsite":"0xe7043a7"}|0x10b8320c
11:37:36.0 (273376529)|VARIABLE_ASSIGNMENT|[EXTERNAL]|value|true
11:37:36.0 (273385419)|HEAP_ALLOCATE|[4]|Bytes:5
11:37:36.0 (273396989)|VARIABLE_ASSIGNMENT|[4]|this.refreshRequired|true|0x10b8320c
11:37:36.0 (273408852)|STATEMENT_EXECUTE|[93]
11:37:36.0 (273420492)|SYSTEM_MODE_EXIT|false
11:37:36.0 (274520198)|VF_SERIALIZE_VIEWSTATE_BEGIN|0666F000007GVD0
11:37:36.0 (279350134)|VF_SERIALIZE_VIEWSTATE_END
11:37:36.282 (282127896)|CUMULATIVE_LIMIT_USAGE
11:37:36.282 (282127896)|LIMIT_USAGE_FOR_NS|(default)|
  Number of SOQL queries: 1 out of 100
  Number of query rows: 30 out of 50000
  Number of SOSL queries: 0 out of 20
  Number of DML statements: 0 out of 150
  Number of DML rows: 0 out of 10000
  Maximum CPU time: 0 out of 10000
  Maximum heap size: 0 out of 6000000
  Number of callouts: 1 out of 100
  Number of Email Invocations: 0 out of 10
  Number of future calls: 0 out of 50
  Number of queueable jobs added to the queue: 0 out of 50
  Number of Mobile Apex push calls: 0 out of 10

11:37:36.282 (282127896)|CUMULATIVE_LIMIT_USAGE_END

11:37:36.0 (282191376)|CODE_UNIT_FINISHED|VF: /apex/SeoGeoCompare
11:37:36.0 (284357040)|EXECUTION_FINISHED
