37.0 APEX_CODE,FINEST;APEX_PROFILING,INFO;CALLOUT,INFO;DB,INFO;NBA,INFO;SYSTEM,DEBUG;VALIDATION,INFO;VISUALFORCE,INFO;WAVE,INFO;WORKFLOW,INFO
18:16:16.13 (13316256)|ENTERING_MANAGED_PKG|Centify
18:16:16.13 (14203237)|ENTERING_MANAGED_PKG|Centify
18:16:16.13 (14248251)|ENTERING_MANAGED_PKG|Centify
18:16:16.13 (14419860)|ENTERING_MANAGED_PKG|Centify
18:16:16.13 (14472414)|ENTERING_MANAGED_PKG|Centify
18:16:16.13 (15280445)|ENTERING_MANAGED_PKG|Centify
18:16:16.13 (15601100)|ENTERING_MANAGED_PKG|Centify
18:16:16.13 (15626606)|ENTERING_MANAGED_PKG|Centify
18:16:16.13 (15726105)|ENTERING_MANAGED_PKG|Centify
18:16:16.13 (15766748)|ENTERING_MANAGED_PKG|Centify
18:16:16.13 (15795522)|ENTERING_MANAGED_PKG|Centify
18:16:16.13 (15825367)|ENTERING_MANAGED_PKG|Centify
18:16:16.13 (15850568)|ENTERING_MANAGED_PKG|Centify
18:16:16.13 (16031845)|ENTERING_MANAGED_PKG|Centify
18:16:16.13 (46278015)|ENTERING_MANAGED_PKG|Centify
18:16:16.13 (46362487)|ENTERING_MANAGED_PKG|Centify
18:16:16.13 (46470407)|ENTERING_MANAGED_PKG|Centify
18:16:16.13 (46510324)|ENTERING_MANAGED_PKG|Centify
18:16:16.13 (190363416)|ENTERING_MANAGED_PKG|Centify
18:16:16.13 (215627712)|ENTERING_MANAGED_PKG|Centify
18:16:16.13 (229423550)|ENTERING_MANAGED_PKG|Centify
18:16:16.13 (229478078)|ENTERING_MANAGED_PKG|Centify
18:16:16.13 (229559253)|ENTERING_MANAGED_PKG|Centify
18:16:16.13 (229603704)|ENTERING_MANAGED_PKG|Centify
18:16:16.13 (229693837)|ENTERING_MANAGED_PKG|Centify
18:16:16.13 (254314627)|ENTERING_MANAGED_PKG|Centify
18:16:16.13 (271314259)|ENTERING_MANAGED_PKG|Centify
18:16:16.13 (271373851)|ENTERING_MANAGED_PKG|Centify
18:16:16.13 (271453812)|ENTERING_MANAGED_PKG|Centify
18:16:16.13 (271496953)|ENTERING_MANAGED_PKG|Centify
18:16:16.13 (271562870)|ENTERING_MANAGED_PKG|Centify
18:16:16.13 (293660804)|ENTERING_MANAGED_PKG|Centify
18:16:16.13 (308091860)|ENTERING_MANAGED_PKG|Centify
18:16:16.13 (308142576)|ENTERING_MANAGED_PKG|Centify
18:16:16.13 (308214883)|ENTERING_MANAGED_PKG|Centify
18:16:16.13 (308244451)|ENTERING_MANAGED_PKG|Centify
18:16:16.13 (308301617)|ENTERING_MANAGED_PKG|Centify
18:16:16.13 (330368591)|ENTERING_MANAGED_PKG|Centify
18:16:16.13 (344529355)|ENTERING_MANAGED_PKG|Centify
18:16:16.13 (344583758)|ENTERING_MANAGED_PKG|Centify
18:16:16.13 (344659167)|ENTERING_MANAGED_PKG|Centify
18:16:16.13 (344689559)|ENTERING_MANAGED_PKG|Centify
18:16:16.13 (344750820)|ENTERING_MANAGED_PKG|Centify
18:16:16.13 (364561923)|ENTERING_MANAGED_PKG|Centify
18:16:16.13 (379914853)|ENTERING_MANAGED_PKG|Centify
18:16:16.13 (379978275)|ENTERING_MANAGED_PKG|Centify
18:16:16.13 (380083407)|ENTERING_MANAGED_PKG|Centify
18:16:16.13 (380123531)|ENTERING_MANAGED_PKG|Centify
18:16:16.13 (380185272)|ENTERING_MANAGED_PKG|Centify
18:16:16.13 (405293355)|ENTERING_MANAGED_PKG|Centify
18:16:16.13 (420530586)|ENTERING_MANAGED_PKG|Centify
18:16:16.13 (420590322)|ENTERING_MANAGED_PKG|Centify
18:16:16.13 (420667742)|ENTERING_MANAGED_PKG|Centify
18:16:16.13 (420698483)|ENTERING_MANAGED_PKG|Centify
18:16:16.13 (420756147)|ENTERING_MANAGED_PKG|Centify
18:16:16.13 (442344304)|ENTERING_MANAGED_PKG|Centify
18:16:16.13 (458204172)|ENTERING_MANAGED_PKG|Centify
18:16:16.13 (458253272)|ENTERING_MANAGED_PKG|Centify
18:16:16.13 (458326558)|ENTERING_MANAGED_PKG|Centify
18:16:16.13 (458356832)|ENTERING_MANAGED_PKG|Centify
18:16:16.13 (458415189)|ENTERING_MANAGED_PKG|Centify
18:16:16.13 (479025905)|ENTERING_MANAGED_PKG|Centify
18:16:16.13 (494231056)|ENTERING_MANAGED_PKG|Centify
18:16:16.13 (494280788)|ENTERING_MANAGED_PKG|Centify
18:16:16.13 (494354145)|ENTERING_MANAGED_PKG|Centify
18:16:16.13 (494384506)|ENTERING_MANAGED_PKG|Centify
18:16:16.13 (494468066)|ENTERING_MANAGED_PKG|Centify
18:16:16.13 (515208568)|ENTERING_MANAGED_PKG|Centify
18:16:16.13 (529114575)|ENTERING_MANAGED_PKG|Centify
18:16:16.13 (529162157)|ENTERING_MANAGED_PKG|Centify
18:16:16.13 (529232356)|ENTERING_MANAGED_PKG|Centify
18:16:16.13 (529263024)|ENTERING_MANAGED_PKG|Centify
18:16:16.13 (529335193)|ENTERING_MANAGED_PKG|Centify
18:16:16.13 (548650931)|ENTERING_MANAGED_PKG|Centify
18:16:16.13 (562499371)|ENTERING_MANAGED_PKG|Centify
18:16:16.13 (562544361)|ENTERING_MANAGED_PKG|Centify
18:16:16.13 (562613999)|ENTERING_MANAGED_PKG|Centify
18:16:16.13 (562643656)|ENTERING_MANAGED_PKG|Centify
18:16:16.13 (562701751)|ENTERING_MANAGED_PKG|Centify
18:16:16.13 (583948722)|ENTERING_MANAGED_PKG|Centify
18:16:16.13 (598064363)|ENTERING_MANAGED_PKG|Centify
18:16:16.13 (598112157)|ENTERING_MANAGED_PKG|Centify
18:16:16.13 (598218362)|ENTERING_MANAGED_PKG|Centify
18:16:16.13 (598275859)|ENTERING_MANAGED_PKG|Centify
18:16:16.13 (598343658)|ENTERING_MANAGED_PKG|Centify
18:16:16.13 (619154667)|ENTERING_MANAGED_PKG|Centify
18:16:16.13 (633421431)|ENTERING_MANAGED_PKG|Centify
18:16:16.13 (633468605)|ENTERING_MANAGED_PKG|Centify
18:16:16.13 (633565547)|ENTERING_MANAGED_PKG|Centify
18:16:16.13 (633599443)|ENTERING_MANAGED_PKG|Centify
18:16:16.13 (633657525)|ENTERING_MANAGED_PKG|Centify
18:16:16.13 (655288800)|ENTERING_MANAGED_PKG|Centify
18:16:16.13 (655338181)|ENTERING_MANAGED_PKG|Centify
18:16:16.13 (655478193)|ENTERING_MANAGED_PKG|Centify
18:16:16.13 (655515829)|ENTERING_MANAGED_PKG|Centify
18:16:16.13 (655545927)|ENTERING_MANAGED_PKG|Centify
18:16:16.13 (655791248)|ENTERING_MANAGED_PKG|Centify
18:16:16.13 (655857548)|ENTERING_MANAGED_PKG|Centify
18:16:16.13 (656794791)|ENTERING_MANAGED_PKG|Centify
18:16:16.13 (656849651)|ENTERING_MANAGED_PKG|Centify
18:16:16.13 (656929695)|ENTERING_MANAGED_PKG|Centify
18:16:16.13 (657421104)|ENTERING_MANAGED_PKG|Centify
18:16:16.13 (658496048)|SOQL_EXECUTE_BEGIN|[16]|Aggregations:0|select id,lastmodifieddate,isdeleted,audit_completed_date__c,audit_booked_date__c,assign_to__c,name,ownerid,status__c,lastactivitydate,opp_type__c,spinify_is_target__c,spinify_is_auditedthismonth__c from SLXOpportunity__c where LastModifiedDate >2018-09-28T05:53:54Z AND LastModifiedDate < 2018-09-28T08:16:22Z AND (  Spinify_Is_Target__c =true OR  Spinify_Is_AuditedThisMonth__c =true)  ORDER BY SystemModStamp DESC LIMIT 5000  ALL ROWS
18:16:16.13 (663837477)|SOQL_EXECUTE_END|[16]|Rows:0
18:16:16.685 (685401946)|CUMULATIVE_LIMIT_USAGE
18:16:16.685 (685401946)|LIMIT_USAGE_FOR_NS|(default)|
  Number of SOQL queries: 0 out of 200
  Number of query rows: 0 out of 50000
  Number of SOSL queries: 0 out of 20
  Number of DML statements: 0 out of 150
  Number of DML rows: 0 out of 10000
  Maximum CPU time: 0 out of 60000
  Maximum heap size: 0 out of 12000000
  Number of callouts: 0 out of 0
  Number of Email Invocations: 0 out of 10
  Number of future calls: 0 out of 0
  Number of queueable jobs added to the queue: 0 out of 1
  Number of Mobile Apex push calls: 0 out of 10

18:16:16.685 (685401946)|LIMIT_USAGE_FOR_NS|Centify|
  Number of SOQL queries: 0 out of 200
  Number of query rows: 0 out of 50000
  Number of SOSL queries: 0 out of 20
  Number of DML statements: 0 out of 150
  Number of DML rows: 0 out of 10000
  Maximum CPU time: 0 out of 60000
  Maximum heap size: 0 out of 12000000
  Number of callouts: 0 out of 0
  Number of Email Invocations: 0 out of 10
  Number of future calls: 0 out of 0
  Number of queueable jobs added to the queue: 0 out of 1
  Number of Mobile Apex push calls: 0 out of 10

18:16:16.685 (685401946)|CUMULATIVE_LIMIT_USAGE_END

