37.0 APEX_CODE,FINEST;APEX_PROFILING,INFO;CALLOUT,INFO;DB,INFO;NBA,INFO;SYSTEM,DEBUG;VALIDATION,INFO;VISUALFORCE,INFO;WAVE,INFO;WORKFLOW,INFO
18:01:20.0 (799190)|ENTERING_MANAGED_PKG|Centify
18:01:20.0 (4841569)|ENTERING_MANAGED_PKG|Centify
18:01:20.0 (4930453)|ENTERING_MANAGED_PKG|Centify
18:01:20.0 (7569977)|ENTERING_MANAGED_PKG|Centify
18:01:20.0 (7643979)|ENTERING_MANAGED_PKG|Centify
18:01:20.0 (7823839)|ENTERING_MANAGED_PKG|Centify
18:01:20.0 (14587918)|ENTERING_MANAGED_PKG|Centify
18:01:20.0 (14656878)|ENTERING_MANAGED_PKG|Centify
18:01:20.0 (14779999)|ENTERING_MANAGED_PKG|Centify
18:01:20.0 (15196167)|ENTERING_MANAGED_PKG|Centify
18:01:20.0 (15381719)|ENTERING_MANAGED_PKG|Centify
18:01:20.0 (15522908)|ENTERING_MANAGED_PKG|Centify
18:01:20.0 (15651946)|ENTERING_MANAGED_PKG|Centify
18:01:20.0 (15734496)|ENTERING_MANAGED_PKG|Centify
18:01:20.0 (15810939)|ENTERING_MANAGED_PKG|Centify
18:01:20.0 (15900747)|ENTERING_MANAGED_PKG|Centify
18:01:20.0 (16011605)|ENTERING_MANAGED_PKG|Centify
18:01:20.0 (16128238)|ENTERING_MANAGED_PKG|Centify
18:01:20.0 (16221448)|ENTERING_MANAGED_PKG|Centify
18:01:20.0 (16415227)|ENTERING_MANAGED_PKG|Centify
18:01:20.0 (23873245)|ENTERING_MANAGED_PKG|Centify
18:01:20.0 (23993437)|ENTERING_MANAGED_PKG|Centify
18:01:20.0 (28995932)|ENTERING_MANAGED_PKG|Centify
18:01:20.0 (29110992)|ENTERING_MANAGED_PKG|Centify
18:01:20.0 (29197792)|ENTERING_MANAGED_PKG|Centify
18:01:20.0 (31025109)|ENTERING_MANAGED_PKG|Centify
18:01:20.0 (31113296)|ENTERING_MANAGED_PKG|Centify
18:01:20.0 (34672337)|SOQL_EXECUTE_BEGIN|[363]|Aggregations:0|SELECT Id, Label, MasterLabel, DeveloperName, Endpoint__c, TimeOut__c FROM Endpoint_Setting__mdt LIMIT 50
18:01:20.0 (41045670)|SOQL_EXECUTE_END|[363]|Rows:23
18:01:20.0 (45119263)|ENTERING_MANAGED_PKG|Centify
18:01:20.0 (46069679)|ENTERING_MANAGED_PKG|Centify
18:01:20.0 (46156093)|ENTERING_MANAGED_PKG|Centify
18:01:20.0 (46832058)|ENTERING_MANAGED_PKG|Centify
18:01:20.0 (46890030)|ENTERING_MANAGED_PKG|Centify
18:01:20.0 (46955153)|ENTERING_MANAGED_PKG|Centify
18:01:20.0 (47000530)|ENTERING_MANAGED_PKG|Centify
18:01:20.0 (48252179)|ENTERING_MANAGED_PKG|Centify
18:01:20.0 (48361708)|ENTERING_MANAGED_PKG|Centify
18:01:20.0 (53479464)|ENTERING_MANAGED_PKG|Centify
18:01:20.0 (53560590)|ENTERING_MANAGED_PKG|Centify
18:01:20.0 (53636181)|ENTERING_MANAGED_PKG|Centify
18:01:20.0 (53701445)|ENTERING_MANAGED_PKG|Centify
18:01:20.0 (53827484)|ENTERING_MANAGED_PKG|Centify
18:01:20.0 (57330464)|ENTERING_MANAGED_PKG|Centify
18:01:20.0 (57473217)|ENTERING_MANAGED_PKG|Centify
18:01:20.0 (58434816)|ENTERING_MANAGED_PKG|Centify
18:01:20.0 (601782556)|ENTERING_MANAGED_PKG|Centify
18:01:20.0 (602433277)|ENTERING_MANAGED_PKG|Centify
18:01:20.0 (608561453)|ENTERING_MANAGED_PKG|Centify
18:01:20.0 (613852041)|ENTERING_MANAGED_PKG|Centify
18:01:20.0 (613911994)|ENTERING_MANAGED_PKG|Centify
18:01:20.0 (613991071)|ENTERING_MANAGED_PKG|Centify
18:01:20.0 (614129794)|ENTERING_MANAGED_PKG|Centify
18:01:20.0 (614378154)|ENTERING_MANAGED_PKG|Centify
18:01:20.0 (614447904)|ENTERING_MANAGED_PKG|Centify
18:01:20.0 (614520744)|ENTERING_MANAGED_PKG|Centify
18:01:20.0 (614551835)|ENTERING_MANAGED_PKG|Centify
18:01:20.0 (614660333)|ENTERING_MANAGED_PKG|Centify
18:01:20.0 (614736097)|ENTERING_MANAGED_PKG|Centify
18:01:20.0 (614886216)|ENTERING_MANAGED_PKG|Centify
18:01:20.0 (614982221)|ENTERING_MANAGED_PKG|Centify
18:01:20.0 (615086820)|ENTERING_MANAGED_PKG|Centify
18:01:20.0 (615199870)|ENTERING_MANAGED_PKG|Centify
18:01:20.0 (615568959)|ENTERING_MANAGED_PKG|Centify
18:01:20.0 (618124729)|DML_BEGIN|[146]|Op:Delete|Type:Centify__Notification__c|Rows:2
18:01:20.0 (742237096)|DML_END|[146]
