37.0 APEX_CODE,FINEST;APEX_PROFILING,INFO;CALLOUT,INFO;DB,INFO;NBA,INFO;SYSTEM,DEBUG;VALIDATION,INFO;VISUALFORCE,INFO;WAVE,INFO;WORKFLOW,INFO
19:02:36.11 (11468144)|ENTERING_MANAGED_PKG|Centify
19:02:36.11 (14560074)|ENTERING_MANAGED_PKG|Centify
19:02:36.11 (17709487)|ENTERING_MANAGED_PKG|Centify
19:02:36.11 (17908488)|ENTERING_MANAGED_PKG|Centify
19:02:36.11 (17957354)|ENTERING_MANAGED_PKG|Centify
19:02:36.11 (18037836)|ENTERING_MANAGED_PKG|Centify
19:02:36.11 (18071533)|ENTERING_MANAGED_PKG|Centify
19:02:36.11 (18129217)|ENTERING_MANAGED_PKG|Centify
19:02:36.11 (18151867)|ENTERING_MANAGED_PKG|Centify
19:02:36.11 (18247696)|ENTERING_MANAGED_PKG|Centify
19:02:36.11 (18313391)|ENTERING_MANAGED_PKG|Centify
19:02:36.11 (24312386)|SOQL_EXECUTE_BEGIN|[19]|Aggregations:0|SELECT Id, OrganizationType FROM Organization LIMIT 1
19:02:36.11 (27390948)|SOQL_EXECUTE_END|[19]|Rows:1
19:02:36.11 (29658306)|ENTERING_MANAGED_PKG|Centify
19:02:36.11 (29724204)|ENTERING_MANAGED_PKG|Centify
19:02:36.11 (29849864)|ENTERING_MANAGED_PKG|Centify
19:02:36.11 (29905094)|ENTERING_MANAGED_PKG|Centify
19:02:36.11 (30266710)|ENTERING_MANAGED_PKG|Centify
19:02:36.11 (30306516)|ENTERING_MANAGED_PKG|Centify
19:02:36.11 (30413076)|ENTERING_MANAGED_PKG|Centify
19:02:36.11 (30502453)|ENTERING_MANAGED_PKG|Centify
19:02:36.11 (31854076)|SOQL_EXECUTE_BEGIN|[95]|Aggregations:0|SELECT MAX(Last_Sync_Time__c) maxDT FROM Salesforce_Sync_Settings__c
19:02:36.11 (35949429)|SOQL_EXECUTE_END|[95]|Rows:1
19:02:36.11 (36346516)|ENTERING_MANAGED_PKG|Centify
19:02:36.11 (36420038)|ENTERING_MANAGED_PKG|Centify
19:02:36.11 (40453460)|ENTERING_MANAGED_PKG|Centify
19:02:36.11 (40534375)|ENTERING_MANAGED_PKG|Centify
19:02:36.11 (42555915)|SOQL_EXECUTE_BEGIN|[84]|Aggregations:0|SELECT COUNT() FROM Notification__c WHERE ((Number_Of_Attempts__c = NULL OR Number_Of_Attempts__c < :tmpVar1) AND (CreatedDate = TODAY OR LastModifiedDate = TODAY)) LIMIT 25000
19:02:36.11 (54179077)|SOQL_EXECUTE_END|[84]|Rows:0
19:02:36.11 (54293501)|ENTERING_MANAGED_PKG|Centify
19:02:36.11 (54376676)|ENTERING_MANAGED_PKG|Centify
19:02:36.11 (54432266)|ENTERING_MANAGED_PKG|Centify
19:02:36.11 (54485766)|ENTERING_MANAGED_PKG|Centify
19:02:36.11 (54526888)|ENTERING_MANAGED_PKG|Centify
19:02:36.11 (57580149)|SOQL_EXECUTE_BEGIN|[363]|Aggregations:0|SELECT Id, Label, MasterLabel, DeveloperName, Endpoint__c, TimeOut__c FROM Endpoint_Setting__mdt LIMIT 50
19:02:36.11 (64111143)|SOQL_EXECUTE_END|[363]|Rows:23
19:02:36.11 (65531416)|ENTERING_MANAGED_PKG|Centify
19:02:36.11 (65597378)|ENTERING_MANAGED_PKG|Centify
19:02:36.11 (67344083)|ENTERING_MANAGED_PKG|Centify
19:02:36.11 (67383977)|ENTERING_MANAGED_PKG|Centify
19:02:36.11 (70800791)|ENTERING_MANAGED_PKG|Centify
19:02:36.11 (73594235)|ENTERING_MANAGED_PKG|Centify
19:02:36.11 (73656728)|ENTERING_MANAGED_PKG|Centify
19:02:36.11 (73710898)|ENTERING_MANAGED_PKG|Centify
19:02:36.11 (74518539)|ENTERING_MANAGED_PKG|Centify
19:02:36.11 (74606141)|ENTERING_MANAGED_PKG|Centify
19:02:36.11 (74660442)|ENTERING_MANAGED_PKG|Centify
19:02:36.11 (78573064)|ENTERING_MANAGED_PKG|Centify
19:02:36.11 (78632975)|ENTERING_MANAGED_PKG|Centify
19:02:36.11 (78689698)|ENTERING_MANAGED_PKG|Centify
19:02:36.11 (78739321)|ENTERING_MANAGED_PKG|Centify
19:02:36.11 (78816386)|ENTERING_MANAGED_PKG|Centify
19:02:36.11 (81307208)|ENTERING_MANAGED_PKG|Centify
19:02:36.11 (81408358)|ENTERING_MANAGED_PKG|Centify
19:02:36.11 (82050258)|ENTERING_MANAGED_PKG|Centify
19:02:36.11 (456657539)|ENTERING_MANAGED_PKG|Centify
19:02:36.478 (478200497)|CUMULATIVE_LIMIT_USAGE
19:02:36.478 (478200497)|LIMIT_USAGE_FOR_NS|(default)|
  Number of SOQL queries: 0 out of 200
  Number of query rows: 0 out of 50000
  Number of SOSL queries: 0 out of 20
  Number of DML statements: 0 out of 150
  Number of DML rows: 0 out of 10000
  Maximum CPU time: 0 out of 60000
  Maximum heap size: 0 out of 12000000
  Number of callouts: 0 out of 0
  Number of Email Invocations: 0 out of 10
  Number of future calls: 0 out of 0
  Number of queueable jobs added to the queue: 0 out of 1
  Number of Mobile Apex push calls: 0 out of 10

19:02:36.478 (478200497)|LIMIT_USAGE_FOR_NS|Centify|
  Number of SOQL queries: 0 out of 200
  Number of query rows: 0 out of 50000
  Number of SOSL queries: 0 out of 20
  Number of DML statements: 0 out of 150
  Number of DML rows: 0 out of 10000
  Maximum CPU time: 0 out of 60000
  Maximum heap size: 0 out of 12000000
  Number of callouts: 0 out of 0
  Number of Email Invocations: 0 out of 10
  Number of future calls: 0 out of 0
  Number of queueable jobs added to the queue: 0 out of 1
  Number of Mobile Apex push calls: 0 out of 10

19:02:36.478 (478200497)|CUMULATIVE_LIMIT_USAGE_END

