37.0 APEX_CODE,FINEST;APEX_PROFILING,INFO;CALLOUT,INFO;DB,INFO;NBA,INFO;SYSTEM,DEBUG;VALIDATION,INFO;VISUALFORCE,INFO;WAVE,INFO;WORKFLOW,INFO
11:54:01.20 (20655908)|ENTERING_MANAGED_PKG|Centify
11:54:01.20 (22420334)|ENTERING_MANAGED_PKG|Centify
11:54:01.20 (22481691)|ENTERING_MANAGED_PKG|Centify
11:54:01.20 (23402128)|ENTERING_MANAGED_PKG|Centify
11:54:01.20 (23501093)|ENTERING_MANAGED_PKG|Centify
11:54:01.20 (24691191)|ENTERING_MANAGED_PKG|Centify
11:54:01.20 (25146154)|ENTERING_MANAGED_PKG|Centify
11:54:01.20 (25202140)|ENTERING_MANAGED_PKG|Centify
11:54:01.20 (25341762)|ENTERING_MANAGED_PKG|Centify
11:54:01.20 (25435990)|ENTERING_MANAGED_PKG|Centify
11:54:01.20 (25514850)|ENTERING_MANAGED_PKG|Centify
11:54:01.20 (25558680)|ENTERING_MANAGED_PKG|Centify
11:54:01.20 (25592559)|ENTERING_MANAGED_PKG|Centify
11:54:01.20 (25920322)|ENTERING_MANAGED_PKG|Centify
11:54:01.20 (75376794)|ENTERING_MANAGED_PKG|Centify
11:54:01.20 (75457047)|ENTERING_MANAGED_PKG|Centify
11:54:01.20 (75595067)|ENTERING_MANAGED_PKG|Centify
11:54:01.20 (75651744)|ENTERING_MANAGED_PKG|Centify
11:54:01.20 (380931102)|ENTERING_MANAGED_PKG|Centify
11:54:01.20 (424068842)|ENTERING_MANAGED_PKG|Centify
11:54:01.20 (438376647)|ENTERING_MANAGED_PKG|Centify
11:54:01.20 (438432098)|ENTERING_MANAGED_PKG|Centify
11:54:01.20 (438521909)|ENTERING_MANAGED_PKG|Centify
11:54:01.20 (438557587)|ENTERING_MANAGED_PKG|Centify
11:54:01.20 (438636598)|ENTERING_MANAGED_PKG|Centify
11:54:01.20 (463189404)|ENTERING_MANAGED_PKG|Centify
11:54:01.20 (480450818)|ENTERING_MANAGED_PKG|Centify
11:54:01.20 (480514790)|ENTERING_MANAGED_PKG|Centify
11:54:01.20 (480604435)|ENTERING_MANAGED_PKG|Centify
11:54:01.20 (480644022)|ENTERING_MANAGED_PKG|Centify
11:54:01.20 (480728041)|ENTERING_MANAGED_PKG|Centify
11:54:01.20 (506528325)|ENTERING_MANAGED_PKG|Centify
11:54:01.20 (523860658)|ENTERING_MANAGED_PKG|Centify
11:54:01.20 (523922492)|ENTERING_MANAGED_PKG|Centify
11:54:01.20 (524016998)|ENTERING_MANAGED_PKG|Centify
11:54:01.20 (524057128)|ENTERING_MANAGED_PKG|Centify
11:54:01.20 (524134750)|ENTERING_MANAGED_PKG|Centify
11:54:01.20 (549874975)|ENTERING_MANAGED_PKG|Centify
11:54:01.20 (566937433)|ENTERING_MANAGED_PKG|Centify
11:54:01.20 (566995676)|ENTERING_MANAGED_PKG|Centify
11:54:01.20 (567079993)|ENTERING_MANAGED_PKG|Centify
11:54:01.20 (567116557)|ENTERING_MANAGED_PKG|Centify
11:54:01.20 (567186206)|ENTERING_MANAGED_PKG|Centify
11:54:01.20 (592116499)|ENTERING_MANAGED_PKG|Centify
11:54:01.20 (653037870)|ENTERING_MANAGED_PKG|Centify
11:54:01.20 (653095948)|ENTERING_MANAGED_PKG|Centify
11:54:01.20 (653180072)|ENTERING_MANAGED_PKG|Centify
11:54:01.20 (653215820)|ENTERING_MANAGED_PKG|Centify
11:54:01.20 (653283650)|ENTERING_MANAGED_PKG|Centify
11:54:01.20 (677425480)|ENTERING_MANAGED_PKG|Centify
11:54:01.20 (694250632)|ENTERING_MANAGED_PKG|Centify
11:54:01.20 (694308154)|ENTERING_MANAGED_PKG|Centify
11:54:01.20 (694393477)|ENTERING_MANAGED_PKG|Centify
11:54:01.20 (694428994)|ENTERING_MANAGED_PKG|Centify
11:54:01.20 (694498663)|ENTERING_MANAGED_PKG|Centify
11:54:01.20 (718438945)|ENTERING_MANAGED_PKG|Centify
11:54:01.20 (734791132)|ENTERING_MANAGED_PKG|Centify
11:54:01.20 (734844602)|ENTERING_MANAGED_PKG|Centify
11:54:01.20 (734927518)|ENTERING_MANAGED_PKG|Centify
11:54:01.20 (734962490)|ENTERING_MANAGED_PKG|Centify
11:54:01.20 (735030373)|ENTERING_MANAGED_PKG|Centify
11:54:01.20 (758532479)|ENTERING_MANAGED_PKG|Centify
11:54:01.20 (795114174)|ENTERING_MANAGED_PKG|Centify
11:54:01.20 (795181209)|ENTERING_MANAGED_PKG|Centify
11:54:01.20 (795284974)|ENTERING_MANAGED_PKG|Centify
11:54:01.20 (795326210)|ENTERING_MANAGED_PKG|Centify
11:54:01.20 (795407051)|ENTERING_MANAGED_PKG|Centify
11:54:01.20 (821561503)|ENTERING_MANAGED_PKG|Centify
11:54:01.20 (837576249)|ENTERING_MANAGED_PKG|Centify
11:54:01.20 (837633247)|ENTERING_MANAGED_PKG|Centify
11:54:01.20 (837716519)|ENTERING_MANAGED_PKG|Centify
11:54:01.20 (837752991)|ENTERING_MANAGED_PKG|Centify
11:54:01.20 (837827652)|ENTERING_MANAGED_PKG|Centify
11:54:01.20 (863507250)|ENTERING_MANAGED_PKG|Centify
11:54:01.20 (879337825)|ENTERING_MANAGED_PKG|Centify
11:54:01.20 (879395719)|ENTERING_MANAGED_PKG|Centify
11:54:01.20 (879478310)|ENTERING_MANAGED_PKG|Centify
11:54:01.20 (879514001)|ENTERING_MANAGED_PKG|Centify
11:54:01.20 (879583903)|ENTERING_MANAGED_PKG|Centify
11:54:01.20 (906334690)|ENTERING_MANAGED_PKG|Centify
11:54:01.20 (906403679)|ENTERING_MANAGED_PKG|Centify
11:54:01.20 (906569120)|ENTERING_MANAGED_PKG|Centify
11:54:01.20 (906613864)|ENTERING_MANAGED_PKG|Centify
11:54:01.20 (906660801)|ENTERING_MANAGED_PKG|Centify
11:54:01.20 (907841375)|ENTERING_MANAGED_PKG|Centify
11:54:01.20 (907930693)|ENTERING_MANAGED_PKG|Centify
11:54:01.20 (909567127)|ENTERING_MANAGED_PKG|Centify
11:54:01.20 (909637008)|ENTERING_MANAGED_PKG|Centify
11:54:01.20 (909726213)|ENTERING_MANAGED_PKG|Centify
11:54:01.20 (910309232)|ENTERING_MANAGED_PKG|Centify
11:54:01.20 (911186724)|SOQL_EXECUTE_BEGIN|[16]|Aggregations:0|select id,lastmodifieddate,isdeleted,isgmt__c,role__c,name,createddate,ownerid,active_clients__c,customer_service_index__c,service_index_in_string__c from CM_Daily_Stats__c where LastModifiedDate >2018-11-05T22:21:25Z AND LastModifiedDate < 2018-11-06T01:54:06Z AND (  isActive__c =true)  ORDER BY SystemModStamp DESC LIMIT 5000  ALL ROWS
11:54:01.20 (925716365)|SOQL_EXECUTE_END|[16]|Rows:0
11:54:01.946 (946430602)|CUMULATIVE_LIMIT_USAGE
11:54:01.946 (946430602)|LIMIT_USAGE_FOR_NS|(default)|
  Number of SOQL queries: 0 out of 200
  Number of query rows: 0 out of 50000
  Number of SOSL queries: 0 out of 20
  Number of DML statements: 0 out of 150
  Number of DML rows: 0 out of 10000
  Maximum CPU time: 0 out of 60000
  Maximum heap size: 0 out of 12000000
  Number of callouts: 0 out of 0
  Number of Email Invocations: 0 out of 10
  Number of future calls: 0 out of 0
  Number of queueable jobs added to the queue: 0 out of 1
  Number of Mobile Apex push calls: 0 out of 10

11:54:01.946 (946430602)|LIMIT_USAGE_FOR_NS|Centify|
  Number of SOQL queries: 0 out of 200
  Number of query rows: 0 out of 50000
  Number of SOSL queries: 0 out of 20
  Number of DML statements: 0 out of 150
  Number of DML rows: 0 out of 10000
  Maximum CPU time: 0 out of 60000
  Maximum heap size: 0 out of 12000000
  Number of callouts: 0 out of 0
  Number of Email Invocations: 0 out of 10
  Number of future calls: 0 out of 0
  Number of queueable jobs added to the queue: 0 out of 1
  Number of Mobile Apex push calls: 0 out of 10

11:54:01.946 (946430602)|CUMULATIVE_LIMIT_USAGE_END

