37.0 APEX_CODE,FINEST;APEX_PROFILING,INFO;CALLOUT,INFO;DB,INFO;NBA,INFO;SYSTEM,DEBUG;VALIDATION,INFO;VISUALFORCE,INFO;WAVE,INFO;WORKFLOW,INFO
18:56:02.11 (11650431)|ENTERING_MANAGED_PKG|Centify
18:56:02.11 (12501921)|ENTERING_MANAGED_PKG|Centify
18:56:02.11 (12550002)|ENTERING_MANAGED_PKG|Centify
18:56:02.11 (12700843)|ENTERING_MANAGED_PKG|Centify
18:56:02.11 (12754179)|ENTERING_MANAGED_PKG|Centify
18:56:02.11 (13398810)|ENTERING_MANAGED_PKG|Centify
18:56:02.11 (13673167)|ENTERING_MANAGED_PKG|Centify
18:56:02.11 (13698633)|ENTERING_MANAGED_PKG|Centify
18:56:02.11 (13769431)|ENTERING_MANAGED_PKG|Centify
18:56:02.11 (13806891)|ENTERING_MANAGED_PKG|Centify
18:56:02.11 (13834841)|ENTERING_MANAGED_PKG|Centify
18:56:02.11 (13853475)|ENTERING_MANAGED_PKG|Centify
18:56:02.11 (13869172)|ENTERING_MANAGED_PKG|Centify
18:56:02.11 (14037022)|ENTERING_MANAGED_PKG|Centify
18:56:02.11 (41914563)|ENTERING_MANAGED_PKG|Centify
18:56:02.11 (41989126)|ENTERING_MANAGED_PKG|Centify
18:56:02.11 (42102397)|ENTERING_MANAGED_PKG|Centify
18:56:02.11 (42143075)|ENTERING_MANAGED_PKG|Centify
18:56:02.11 (165107741)|ENTERING_MANAGED_PKG|Centify
18:56:02.11 (205458654)|ENTERING_MANAGED_PKG|Centify
18:56:02.11 (216941591)|ENTERING_MANAGED_PKG|Centify
18:56:02.11 (217288092)|ENTERING_MANAGED_PKG|Centify
18:56:02.11 (217371321)|ENTERING_MANAGED_PKG|Centify
18:56:02.11 (217403166)|ENTERING_MANAGED_PKG|Centify
18:56:02.11 (217468242)|ENTERING_MANAGED_PKG|Centify
18:56:02.11 (246581900)|ENTERING_MANAGED_PKG|Centify
18:56:02.11 (261430657)|ENTERING_MANAGED_PKG|Centify
18:56:02.11 (261484226)|ENTERING_MANAGED_PKG|Centify
18:56:02.11 (261558210)|ENTERING_MANAGED_PKG|Centify
18:56:02.11 (261588350)|ENTERING_MANAGED_PKG|Centify
18:56:02.11 (261648602)|ENTERING_MANAGED_PKG|Centify
18:56:02.11 (289847545)|ENTERING_MANAGED_PKG|Centify
18:56:02.11 (303775251)|ENTERING_MANAGED_PKG|Centify
18:56:02.11 (303827607)|ENTERING_MANAGED_PKG|Centify
18:56:02.11 (303901554)|ENTERING_MANAGED_PKG|Centify
18:56:02.11 (303931901)|ENTERING_MANAGED_PKG|Centify
18:56:02.11 (303990876)|ENTERING_MANAGED_PKG|Centify
18:56:02.11 (330874384)|ENTERING_MANAGED_PKG|Centify
18:56:02.11 (346140238)|ENTERING_MANAGED_PKG|Centify
18:56:02.11 (346190890)|ENTERING_MANAGED_PKG|Centify
18:56:02.11 (346264725)|ENTERING_MANAGED_PKG|Centify
18:56:02.11 (346294868)|ENTERING_MANAGED_PKG|Centify
18:56:02.11 (346354914)|ENTERING_MANAGED_PKG|Centify
18:56:02.11 (372230279)|ENTERING_MANAGED_PKG|Centify
18:56:02.11 (386159570)|ENTERING_MANAGED_PKG|Centify
18:56:02.11 (386206536)|ENTERING_MANAGED_PKG|Centify
18:56:02.11 (386279716)|ENTERING_MANAGED_PKG|Centify
18:56:02.11 (386309256)|ENTERING_MANAGED_PKG|Centify
18:56:02.11 (386366466)|ENTERING_MANAGED_PKG|Centify
18:56:02.11 (412882959)|ENTERING_MANAGED_PKG|Centify
18:56:02.11 (427040275)|ENTERING_MANAGED_PKG|Centify
18:56:02.11 (427097774)|ENTERING_MANAGED_PKG|Centify
18:56:02.11 (427177007)|ENTERING_MANAGED_PKG|Centify
18:56:02.11 (427207602)|ENTERING_MANAGED_PKG|Centify
18:56:02.11 (427269172)|ENTERING_MANAGED_PKG|Centify
18:56:02.11 (454570452)|ENTERING_MANAGED_PKG|Centify
18:56:02.11 (468242727)|ENTERING_MANAGED_PKG|Centify
18:56:02.11 (468293238)|ENTERING_MANAGED_PKG|Centify
18:56:02.11 (468393078)|ENTERING_MANAGED_PKG|Centify
18:56:02.11 (468424967)|ENTERING_MANAGED_PKG|Centify
18:56:02.11 (468487005)|ENTERING_MANAGED_PKG|Centify
18:56:02.11 (495668553)|ENTERING_MANAGED_PKG|Centify
18:56:02.11 (509491246)|ENTERING_MANAGED_PKG|Centify
18:56:02.11 (509559714)|ENTERING_MANAGED_PKG|Centify
18:56:02.11 (509635281)|ENTERING_MANAGED_PKG|Centify
18:56:02.11 (509665001)|ENTERING_MANAGED_PKG|Centify
18:56:02.11 (509724238)|ENTERING_MANAGED_PKG|Centify
18:56:02.11 (537589374)|ENTERING_MANAGED_PKG|Centify
18:56:02.11 (551402273)|ENTERING_MANAGED_PKG|Centify
18:56:02.11 (551450244)|ENTERING_MANAGED_PKG|Centify
18:56:02.11 (551527226)|ENTERING_MANAGED_PKG|Centify
18:56:02.11 (551556778)|ENTERING_MANAGED_PKG|Centify
18:56:02.11 (551614990)|ENTERING_MANAGED_PKG|Centify
18:56:02.11 (579507601)|ENTERING_MANAGED_PKG|Centify
18:56:02.11 (595422404)|ENTERING_MANAGED_PKG|Centify
18:56:02.11 (595887677)|ENTERING_MANAGED_PKG|Centify
18:56:02.11 (609639947)|ENTERING_MANAGED_PKG|Centify
18:56:02.11 (609738187)|ENTERING_MANAGED_PKG|Centify
18:56:02.11 (612122163)|ENTERING_MANAGED_PKG|Centify
18:56:02.11 (612191213)|ENTERING_MANAGED_PKG|Centify
18:56:02.11 (612252650)|ENTERING_MANAGED_PKG|Centify
18:56:02.11 (612337117)|ENTERING_MANAGED_PKG|Centify
18:56:02.11 (616969087)|SOQL_EXECUTE_BEGIN|[19]|Aggregations:0|SELECT Id, OrganizationType FROM Organization LIMIT 1
18:56:02.11 (620643696)|SOQL_EXECUTE_END|[19]|Rows:1
18:56:02.11 (636358049)|ENTERING_MANAGED_PKG|Centify
18:56:02.11 (636416925)|ENTERING_MANAGED_PKG|Centify
18:56:02.11 (636574588)|ENTERING_MANAGED_PKG|Centify
18:56:02.11 (636613404)|ENTERING_MANAGED_PKG|Centify
18:56:02.11 (636643575)|ENTERING_MANAGED_PKG|Centify
18:56:02.11 (636879722)|ENTERING_MANAGED_PKG|Centify
18:56:02.11 (636947575)|ENTERING_MANAGED_PKG|Centify
18:56:02.11 (650110931)|ENTERING_MANAGED_PKG|Centify
18:56:02.11 (650297356)|ENTERING_MANAGED_PKG|Centify
18:56:02.11 (651235984)|ENTERING_MANAGED_PKG|Centify
18:56:02.11 (652008710)|SOQL_EXECUTE_BEGIN|[16]|Aggregations:0|select id,lastmodifieddate,isdeleted,name,createddate,ownerid,status,isconverted,converteddate,company from Lead where LastModifiedDate >2018-09-28T07:00:24Z AND LastModifiedDate < 2018-09-28T08:56:08Z  ORDER BY SystemModStamp DESC LIMIT 5000  ALL ROWS
18:56:02.11 (656708747)|SOQL_EXECUTE_END|[16]|Rows:0
18:56:02.681 (681185712)|CUMULATIVE_LIMIT_USAGE
18:56:02.681 (681185712)|LIMIT_USAGE_FOR_NS|(default)|
  Number of SOQL queries: 0 out of 200
  Number of query rows: 0 out of 50000
  Number of SOSL queries: 0 out of 20
  Number of DML statements: 0 out of 150
  Number of DML rows: 0 out of 10000
  Maximum CPU time: 0 out of 60000
  Maximum heap size: 0 out of 12000000
  Number of callouts: 0 out of 0
  Number of Email Invocations: 0 out of 10
  Number of future calls: 0 out of 0
  Number of queueable jobs added to the queue: 0 out of 1
  Number of Mobile Apex push calls: 0 out of 10

18:56:02.681 (681185712)|LIMIT_USAGE_FOR_NS|Centify|
  Number of SOQL queries: 0 out of 200
  Number of query rows: 0 out of 50000
  Number of SOSL queries: 0 out of 20
  Number of DML statements: 0 out of 150
  Number of DML rows: 0 out of 10000
  Maximum CPU time: 0 out of 60000
  Maximum heap size: 0 out of 12000000
  Number of callouts: 0 out of 0
  Number of Email Invocations: 0 out of 10
  Number of future calls: 0 out of 0
  Number of queueable jobs added to the queue: 0 out of 1
  Number of Mobile Apex push calls: 0 out of 10

18:56:02.681 (681185712)|CUMULATIVE_LIMIT_USAGE_END

