37.0 APEX_CODE,FINEST;APEX_PROFILING,INFO;CALLOUT,INFO;DB,INFO;NBA,INFO;SYSTEM,DEBUG;VALIDATION,INFO;VISUALFORCE,INFO;WAVE,INFO;WORKFLOW,INFO
18:35:05.21 (21017722)|ENTERING_MANAGED_PKG|Centify
18:35:05.21 (21793014)|ENTERING_MANAGED_PKG|Centify
18:35:05.21 (21827962)|ENTERING_MANAGED_PKG|Centify
18:35:05.21 (21977458)|ENTERING_MANAGED_PKG|Centify
18:35:05.21 (22034429)|ENTERING_MANAGED_PKG|Centify
18:35:05.21 (22689385)|ENTERING_MANAGED_PKG|Centify
18:35:05.21 (22954046)|ENTERING_MANAGED_PKG|Centify
18:35:05.21 (22980176)|ENTERING_MANAGED_PKG|Centify
18:35:05.21 (23052345)|ENTERING_MANAGED_PKG|Centify
18:35:05.21 (23090987)|ENTERING_MANAGED_PKG|Centify
18:35:05.21 (23124751)|ENTERING_MANAGED_PKG|Centify
18:35:05.21 (23144450)|ENTERING_MANAGED_PKG|Centify
18:35:05.21 (23160626)|ENTERING_MANAGED_PKG|Centify
18:35:05.21 (23326987)|ENTERING_MANAGED_PKG|Centify
18:35:05.21 (50744840)|ENTERING_MANAGED_PKG|Centify
18:35:05.21 (50817380)|ENTERING_MANAGED_PKG|Centify
18:35:05.21 (50922486)|ENTERING_MANAGED_PKG|Centify
18:35:05.21 (50964685)|ENTERING_MANAGED_PKG|Centify
18:35:05.21 (176274265)|ENTERING_MANAGED_PKG|Centify
18:35:05.21 (217822371)|ENTERING_MANAGED_PKG|Centify
18:35:05.21 (228912976)|ENTERING_MANAGED_PKG|Centify
18:35:05.21 (228961007)|ENTERING_MANAGED_PKG|Centify
18:35:05.21 (229040139)|ENTERING_MANAGED_PKG|Centify
18:35:05.21 (229073194)|ENTERING_MANAGED_PKG|Centify
18:35:05.21 (229134130)|ENTERING_MANAGED_PKG|Centify
18:35:05.21 (258961729)|ENTERING_MANAGED_PKG|Centify
18:35:05.21 (272655916)|ENTERING_MANAGED_PKG|Centify
18:35:05.21 (272730462)|ENTERING_MANAGED_PKG|Centify
18:35:05.21 (272833880)|ENTERING_MANAGED_PKG|Centify
18:35:05.21 (272880960)|ENTERING_MANAGED_PKG|Centify
18:35:05.21 (272952369)|ENTERING_MANAGED_PKG|Centify
18:35:05.21 (304376567)|ENTERING_MANAGED_PKG|Centify
18:35:05.21 (322751035)|ENTERING_MANAGED_PKG|Centify
18:35:05.21 (322800767)|ENTERING_MANAGED_PKG|Centify
18:35:05.21 (322875967)|ENTERING_MANAGED_PKG|Centify
18:35:05.21 (322907871)|ENTERING_MANAGED_PKG|Centify
18:35:05.21 (322967962)|ENTERING_MANAGED_PKG|Centify
18:35:05.21 (354087090)|ENTERING_MANAGED_PKG|Centify
18:35:05.21 (368589536)|ENTERING_MANAGED_PKG|Centify
18:35:05.21 (368639521)|ENTERING_MANAGED_PKG|Centify
18:35:05.21 (368736688)|ENTERING_MANAGED_PKG|Centify
18:35:05.21 (368771748)|ENTERING_MANAGED_PKG|Centify
18:35:05.21 (368847149)|ENTERING_MANAGED_PKG|Centify
18:35:05.21 (402692601)|ENTERING_MANAGED_PKG|Centify
18:35:05.21 (416287777)|ENTERING_MANAGED_PKG|Centify
18:35:05.21 (416336140)|ENTERING_MANAGED_PKG|Centify
18:35:05.21 (416410026)|ENTERING_MANAGED_PKG|Centify
18:35:05.21 (416441579)|ENTERING_MANAGED_PKG|Centify
18:35:05.21 (416502317)|ENTERING_MANAGED_PKG|Centify
18:35:05.21 (444787623)|ENTERING_MANAGED_PKG|Centify
18:35:05.21 (471749703)|ENTERING_MANAGED_PKG|Centify
18:35:05.21 (471797439)|ENTERING_MANAGED_PKG|Centify
18:35:05.21 (471871471)|ENTERING_MANAGED_PKG|Centify
18:35:05.21 (471904089)|ENTERING_MANAGED_PKG|Centify
18:35:05.21 (471982387)|ENTERING_MANAGED_PKG|Centify
18:35:05.21 (501073926)|ENTERING_MANAGED_PKG|Centify
18:35:05.21 (513643776)|ENTERING_MANAGED_PKG|Centify
18:35:05.21 (513691109)|ENTERING_MANAGED_PKG|Centify
18:35:05.21 (513764919)|ENTERING_MANAGED_PKG|Centify
18:35:05.21 (513797626)|ENTERING_MANAGED_PKG|Centify
18:35:05.21 (513857842)|ENTERING_MANAGED_PKG|Centify
18:35:05.21 (542199508)|ENTERING_MANAGED_PKG|Centify
18:35:05.21 (555147444)|ENTERING_MANAGED_PKG|Centify
18:35:05.21 (555195926)|ENTERING_MANAGED_PKG|Centify
18:35:05.21 (555270772)|ENTERING_MANAGED_PKG|Centify
18:35:05.21 (555302903)|ENTERING_MANAGED_PKG|Centify
18:35:05.21 (555363188)|ENTERING_MANAGED_PKG|Centify
18:35:05.21 (585070905)|ENTERING_MANAGED_PKG|Centify
18:35:05.21 (598282506)|ENTERING_MANAGED_PKG|Centify
18:35:05.21 (598331416)|ENTERING_MANAGED_PKG|Centify
18:35:05.21 (598405568)|ENTERING_MANAGED_PKG|Centify
18:35:05.21 (598437334)|ENTERING_MANAGED_PKG|Centify
18:35:05.21 (598495799)|ENTERING_MANAGED_PKG|Centify
18:35:05.21 (627680311)|ENTERING_MANAGED_PKG|Centify
18:35:05.21 (640298551)|ENTERING_MANAGED_PKG|Centify
18:35:05.21 (640343283)|ENTERING_MANAGED_PKG|Centify
18:35:05.21 (640413669)|ENTERING_MANAGED_PKG|Centify
18:35:05.21 (640445967)|ENTERING_MANAGED_PKG|Centify
18:35:05.21 (640506439)|ENTERING_MANAGED_PKG|Centify
18:35:05.21 (668894136)|ENTERING_MANAGED_PKG|Centify
18:35:05.21 (682270644)|ENTERING_MANAGED_PKG|Centify
18:35:05.21 (682318313)|ENTERING_MANAGED_PKG|Centify
18:35:05.21 (682396745)|ENTERING_MANAGED_PKG|Centify
18:35:05.21 (682428343)|ENTERING_MANAGED_PKG|Centify
18:35:05.21 (682490246)|ENTERING_MANAGED_PKG|Centify
18:35:05.21 (713311706)|ENTERING_MANAGED_PKG|Centify
18:35:05.21 (713369464)|ENTERING_MANAGED_PKG|Centify
18:35:05.21 (713482465)|ENTERING_MANAGED_PKG|Centify
18:35:05.21 (713502982)|ENTERING_MANAGED_PKG|Centify
18:35:05.21 (713633773)|ENTERING_MANAGED_PKG|Centify
18:35:05.21 (713671196)|ENTERING_MANAGED_PKG|Centify
18:35:05.21 (713701054)|ENTERING_MANAGED_PKG|Centify
18:35:05.21 (713964377)|ENTERING_MANAGED_PKG|Centify
18:35:05.21 (714047976)|ENTERING_MANAGED_PKG|Centify
18:35:05.21 (714893312)|ENTERING_MANAGED_PKG|Centify
18:35:05.21 (714951977)|ENTERING_MANAGED_PKG|Centify
18:35:05.21 (715043222)|ENTERING_MANAGED_PKG|Centify
18:35:05.21 (715532289)|ENTERING_MANAGED_PKG|Centify
18:35:05.21 (716280333)|SOQL_EXECUTE_BEGIN|[16]|Aggregations:0|select id,lastmodifieddate,isdeleted,salesperson__c,has_gtm_code_been_sent_to_client__c,are_all_possible_extensions_setup__c,status__c,product_type__c,ownerid,createddate,name,management_price__c from Sign_Up__c where LastModifiedDate >2018-09-28T08:32:38Z AND LastModifiedDate < 2018-09-28T08:35:10Z AND (  Management_Price__c > 0.00)  ORDER BY SystemModStamp DESC LIMIT 5000  ALL ROWS
18:35:05.21 (720204856)|SOQL_EXECUTE_END|[16]|Rows:0
18:35:05.751 (751921760)|CUMULATIVE_LIMIT_USAGE
18:35:05.751 (751921760)|LIMIT_USAGE_FOR_NS|(default)|
  Number of SOQL queries: 0 out of 200
  Number of query rows: 0 out of 50000
  Number of SOSL queries: 0 out of 20
  Number of DML statements: 0 out of 150
  Number of DML rows: 0 out of 10000
  Maximum CPU time: 0 out of 60000
  Maximum heap size: 0 out of 12000000
  Number of callouts: 0 out of 0
  Number of Email Invocations: 0 out of 10
  Number of future calls: 0 out of 0
  Number of queueable jobs added to the queue: 0 out of 1
  Number of Mobile Apex push calls: 0 out of 10

18:35:05.751 (751921760)|LIMIT_USAGE_FOR_NS|Centify|
  Number of SOQL queries: 0 out of 200
  Number of query rows: 0 out of 50000
  Number of SOSL queries: 0 out of 20
  Number of DML statements: 0 out of 150
  Number of DML rows: 0 out of 10000
  Maximum CPU time: 0 out of 60000
  Maximum heap size: 0 out of 12000000
  Number of callouts: 0 out of 0
  Number of Email Invocations: 0 out of 10
  Number of future calls: 0 out of 0
  Number of queueable jobs added to the queue: 0 out of 1
  Number of Mobile Apex push calls: 0 out of 10

18:35:05.751 (751921760)|CUMULATIVE_LIMIT_USAGE_END

