37.0 APEX_CODE,FINEST;APEX_PROFILING,INFO;CALLOUT,INFO;DB,INFO;NBA,INFO;SYSTEM,DEBUG;VALIDATION,INFO;VISUALFORCE,INFO;WAVE,INFO;WORKFLOW,INFO
17:20:35.1 (1036432)|ENTERING_MANAGED_PKG|Centify
17:20:35.1 (4421072)|ENTERING_MANAGED_PKG|Centify
17:20:35.1 (4491276)|ENTERING_MANAGED_PKG|Centify
17:20:35.1 (7036857)|ENTERING_MANAGED_PKG|Centify
17:20:35.1 (7086118)|ENTERING_MANAGED_PKG|Centify
17:20:35.1 (7195535)|ENTERING_MANAGED_PKG|Centify
17:20:35.1 (8918448)|ENTERING_MANAGED_PKG|Centify
17:20:35.1 (8965232)|ENTERING_MANAGED_PKG|Centify
17:20:35.1 (9055354)|ENTERING_MANAGED_PKG|Centify
17:20:35.1 (9405104)|ENTERING_MANAGED_PKG|Centify
17:20:35.1 (9554450)|ENTERING_MANAGED_PKG|Centify
17:20:35.1 (9665167)|ENTERING_MANAGED_PKG|Centify
17:20:35.1 (9772533)|ENTERING_MANAGED_PKG|Centify
17:20:35.1 (9838639)|ENTERING_MANAGED_PKG|Centify
17:20:35.1 (9918226)|ENTERING_MANAGED_PKG|Centify
17:20:35.1 (9997478)|ENTERING_MANAGED_PKG|Centify
17:20:35.1 (10091213)|ENTERING_MANAGED_PKG|Centify
17:20:35.1 (10185732)|ENTERING_MANAGED_PKG|Centify
17:20:35.1 (10340353)|ENTERING_MANAGED_PKG|Centify
17:20:35.1 (14055054)|ENTERING_MANAGED_PKG|Centify
17:20:35.1 (14148715)|ENTERING_MANAGED_PKG|Centify
17:20:35.1 (14479531)|ENTERING_MANAGED_PKG|Centify
17:20:35.1 (14553466)|ENTERING_MANAGED_PKG|Centify
17:20:35.1 (14599551)|ENTERING_MANAGED_PKG|Centify
17:20:35.1 (16237053)|ENTERING_MANAGED_PKG|Centify
17:20:35.1 (16279380)|ENTERING_MANAGED_PKG|Centify
17:20:35.1 (19479917)|SOQL_EXECUTE_BEGIN|[366]|Aggregations:0|SELECT Id, Label, MasterLabel, DeveloperName, Endpoint__c, TimeOut__c FROM Endpoint_Setting__mdt LIMIT 50
17:20:35.1 (24964301)|SOQL_EXECUTE_END|[366]|Rows:24
17:20:35.1 (29256996)|ENTERING_MANAGED_PKG|Centify
17:20:35.1 (29959748)|ENTERING_MANAGED_PKG|Centify
17:20:35.1 (30009126)|ENTERING_MANAGED_PKG|Centify
17:20:35.1 (30574234)|ENTERING_MANAGED_PKG|Centify
17:20:35.1 (30617749)|ENTERING_MANAGED_PKG|Centify
17:20:35.1 (30665365)|ENTERING_MANAGED_PKG|Centify
17:20:35.1 (30700362)|ENTERING_MANAGED_PKG|Centify
17:20:35.1 (31942934)|ENTERING_MANAGED_PKG|Centify
17:20:35.1 (32033195)|ENTERING_MANAGED_PKG|Centify
17:20:35.1 (39121575)|ENTERING_MANAGED_PKG|Centify
17:20:35.1 (39218485)|ENTERING_MANAGED_PKG|Centify
17:20:35.1 (39304225)|ENTERING_MANAGED_PKG|Centify
17:20:35.1 (39372342)|ENTERING_MANAGED_PKG|Centify
17:20:35.1 (39473223)|ENTERING_MANAGED_PKG|Centify
17:20:35.1 (43573053)|ENTERING_MANAGED_PKG|Centify
17:20:35.1 (43725168)|ENTERING_MANAGED_PKG|Centify
17:20:35.1 (45030352)|ENTERING_MANAGED_PKG|Centify
17:20:35.1 (553032920)|ENTERING_MANAGED_PKG|Centify
17:20:35.1 (553761960)|ENTERING_MANAGED_PKG|Centify
17:20:35.1 (556671308)|ENTERING_MANAGED_PKG|Centify
17:20:35.1 (560212620)|ENTERING_MANAGED_PKG|Centify
17:20:35.1 (560257558)|ENTERING_MANAGED_PKG|Centify
17:20:35.1 (560318473)|ENTERING_MANAGED_PKG|Centify
17:20:35.1 (560425069)|ENTERING_MANAGED_PKG|Centify
17:20:35.1 (560568579)|ENTERING_MANAGED_PKG|Centify
17:20:35.1 (560623561)|ENTERING_MANAGED_PKG|Centify
17:20:35.1 (560677973)|ENTERING_MANAGED_PKG|Centify
17:20:35.1 (560704215)|ENTERING_MANAGED_PKG|Centify
17:20:35.1 (560759294)|ENTERING_MANAGED_PKG|Centify
17:20:35.1 (560797379)|ENTERING_MANAGED_PKG|Centify
17:20:35.1 (560877265)|ENTERING_MANAGED_PKG|Centify
17:20:35.1 (560949522)|ENTERING_MANAGED_PKG|Centify
17:20:35.1 (561048478)|ENTERING_MANAGED_PKG|Centify
17:20:35.1 (561138915)|ENTERING_MANAGED_PKG|Centify
17:20:35.1 (561321916)|ENTERING_MANAGED_PKG|Centify
17:20:35.1 (563311603)|DML_BEGIN|[146]|Op:Delete|Type:Centify__Notification__c|Rows:2
17:20:35.1 (726219806)|DML_END|[146]
