37.0 APEX_CODE,FINEST;APEX_PROFILING,INFO;CALLOUT,INFO;DB,INFO;NBA,INFO;SYSTEM,DEBUG;VALIDATION,INFO;VISUALFORCE,INFO;WAVE,INFO;WORKFLOW,INFO
11:49:11.18 (18488021)|ENTERING_MANAGED_PKG|Centify
11:49:11.18 (20189037)|ENTERING_MANAGED_PKG|Centify
11:49:11.18 (20255802)|ENTERING_MANAGED_PKG|Centify
11:49:11.18 (20901661)|ENTERING_MANAGED_PKG|Centify
11:49:11.18 (20963832)|ENTERING_MANAGED_PKG|Centify
11:49:11.18 (21627069)|ENTERING_MANAGED_PKG|Centify
11:49:11.18 (21857206)|ENTERING_MANAGED_PKG|Centify
11:49:11.18 (21886781)|ENTERING_MANAGED_PKG|Centify
11:49:11.18 (21958590)|ENTERING_MANAGED_PKG|Centify
11:49:11.18 (22005620)|ENTERING_MANAGED_PKG|Centify
11:49:11.18 (22043726)|ENTERING_MANAGED_PKG|Centify
11:49:11.18 (22063744)|ENTERING_MANAGED_PKG|Centify
11:49:11.18 (22080222)|ENTERING_MANAGED_PKG|Centify
11:49:11.18 (22255691)|ENTERING_MANAGED_PKG|Centify
11:49:11.18 (61459437)|ENTERING_MANAGED_PKG|Centify
11:49:11.18 (61531978)|ENTERING_MANAGED_PKG|Centify
11:49:11.18 (61644606)|ENTERING_MANAGED_PKG|Centify
11:49:11.18 (61695207)|ENTERING_MANAGED_PKG|Centify
11:49:11.18 (246403689)|ENTERING_MANAGED_PKG|Centify
11:49:11.18 (281100867)|ENTERING_MANAGED_PKG|Centify
11:49:11.18 (293369241)|ENTERING_MANAGED_PKG|Centify
11:49:11.18 (293416539)|ENTERING_MANAGED_PKG|Centify
11:49:11.18 (293485866)|ENTERING_MANAGED_PKG|Centify
11:49:11.18 (293516747)|ENTERING_MANAGED_PKG|Centify
11:49:11.18 (293575576)|ENTERING_MANAGED_PKG|Centify
11:49:11.18 (314292829)|ENTERING_MANAGED_PKG|Centify
11:49:11.18 (328336183)|ENTERING_MANAGED_PKG|Centify
11:49:11.18 (328399456)|ENTERING_MANAGED_PKG|Centify
11:49:11.18 (328472113)|ENTERING_MANAGED_PKG|Centify
11:49:11.18 (328503602)|ENTERING_MANAGED_PKG|Centify
11:49:11.18 (328560528)|ENTERING_MANAGED_PKG|Centify
11:49:11.18 (349820792)|ENTERING_MANAGED_PKG|Centify
11:49:11.18 (365059465)|ENTERING_MANAGED_PKG|Centify
11:49:11.18 (365107762)|ENTERING_MANAGED_PKG|Centify
11:49:11.18 (365180589)|ENTERING_MANAGED_PKG|Centify
11:49:11.18 (365212128)|ENTERING_MANAGED_PKG|Centify
11:49:11.18 (365277433)|ENTERING_MANAGED_PKG|Centify
11:49:11.18 (386134244)|ENTERING_MANAGED_PKG|Centify
11:49:11.18 (408923574)|ENTERING_MANAGED_PKG|Centify
11:49:11.18 (409009043)|ENTERING_MANAGED_PKG|Centify
11:49:11.18 (409130678)|ENTERING_MANAGED_PKG|Centify
11:49:11.18 (409198167)|ENTERING_MANAGED_PKG|Centify
11:49:11.18 (409314964)|ENTERING_MANAGED_PKG|Centify
11:49:11.18 (438646173)|ENTERING_MANAGED_PKG|Centify
11:49:11.18 (454372344)|ENTERING_MANAGED_PKG|Centify
11:49:11.18 (454453801)|ENTERING_MANAGED_PKG|Centify
11:49:11.18 (454567071)|ENTERING_MANAGED_PKG|Centify
11:49:11.18 (454616032)|ENTERING_MANAGED_PKG|Centify
11:49:11.18 (454683069)|ENTERING_MANAGED_PKG|Centify
11:49:11.18 (478200983)|ENTERING_MANAGED_PKG|Centify
11:49:11.18 (493552730)|ENTERING_MANAGED_PKG|Centify
11:49:11.18 (493604551)|ENTERING_MANAGED_PKG|Centify
11:49:11.18 (493678382)|ENTERING_MANAGED_PKG|Centify
11:49:11.18 (493709859)|ENTERING_MANAGED_PKG|Centify
11:49:11.18 (493769294)|ENTERING_MANAGED_PKG|Centify
11:49:11.18 (515748926)|ENTERING_MANAGED_PKG|Centify
11:49:11.18 (531042384)|ENTERING_MANAGED_PKG|Centify
11:49:11.18 (531101455)|ENTERING_MANAGED_PKG|Centify
11:49:11.18 (531178748)|ENTERING_MANAGED_PKG|Centify
11:49:11.18 (531211183)|ENTERING_MANAGED_PKG|Centify
11:49:11.18 (531292397)|ENTERING_MANAGED_PKG|Centify
11:49:11.18 (554742135)|ENTERING_MANAGED_PKG|Centify
11:49:11.18 (571590280)|ENTERING_MANAGED_PKG|Centify
11:49:11.18 (571640011)|ENTERING_MANAGED_PKG|Centify
11:49:11.18 (571721010)|ENTERING_MANAGED_PKG|Centify
11:49:11.18 (571767465)|ENTERING_MANAGED_PKG|Centify
11:49:11.18 (571840879)|ENTERING_MANAGED_PKG|Centify
11:49:11.18 (593495176)|ENTERING_MANAGED_PKG|Centify
11:49:11.18 (608516534)|ENTERING_MANAGED_PKG|Centify
11:49:11.18 (608562745)|ENTERING_MANAGED_PKG|Centify
11:49:11.18 (608634053)|ENTERING_MANAGED_PKG|Centify
11:49:11.18 (608665547)|ENTERING_MANAGED_PKG|Centify
11:49:11.18 (608725095)|ENTERING_MANAGED_PKG|Centify
11:49:11.18 (632705708)|ENTERING_MANAGED_PKG|Centify
11:49:11.18 (648942873)|ENTERING_MANAGED_PKG|Centify
11:49:11.18 (648994965)|ENTERING_MANAGED_PKG|Centify
11:49:11.18 (649068844)|ENTERING_MANAGED_PKG|Centify
11:49:11.18 (649115871)|ENTERING_MANAGED_PKG|Centify
11:49:11.18 (649180449)|ENTERING_MANAGED_PKG|Centify
11:49:11.18 (672420532)|ENTERING_MANAGED_PKG|Centify
11:49:11.18 (672484570)|ENTERING_MANAGED_PKG|Centify
11:49:11.18 (672641695)|ENTERING_MANAGED_PKG|Centify
11:49:11.18 (672681326)|ENTERING_MANAGED_PKG|Centify
11:49:11.18 (672723233)|ENTERING_MANAGED_PKG|Centify
11:49:11.18 (674087760)|ENTERING_MANAGED_PKG|Centify
11:49:11.18 (674167881)|ENTERING_MANAGED_PKG|Centify
11:49:11.18 (686557796)|ENTERING_MANAGED_PKG|Centify
11:49:11.18 (686637313)|ENTERING_MANAGED_PKG|Centify
11:49:11.18 (686724457)|ENTERING_MANAGED_PKG|Centify
11:49:11.18 (687294486)|ENTERING_MANAGED_PKG|Centify
11:49:11.18 (688138702)|SOQL_EXECUTE_BEGIN|[16]|Aggregations:0|select id,lastmodifieddate,isdeleted,isgmt__c,role__c,name,createddate,ownerid,active_clients__c,customer_service_index__c,service_index_in_string__c from CM_Daily_Stats__c where LastModifiedDate >2018-10-22T22:21:21Z AND LastModifiedDate < 2018-10-23T01:49:16Z AND (  isActive__c =true)  ORDER BY SystemModStamp DESC LIMIT 5000  ALL ROWS
11:49:11.18 (698878301)|SOQL_EXECUTE_END|[16]|Rows:0
11:49:11.722 (722921408)|CUMULATIVE_LIMIT_USAGE
11:49:11.722 (722921408)|LIMIT_USAGE_FOR_NS|(default)|
  Number of SOQL queries: 0 out of 200
  Number of query rows: 0 out of 50000
  Number of SOSL queries: 0 out of 20
  Number of DML statements: 0 out of 150
  Number of DML rows: 0 out of 10000
  Maximum CPU time: 0 out of 60000
  Maximum heap size: 0 out of 12000000
  Number of callouts: 0 out of 0
  Number of Email Invocations: 0 out of 10
  Number of future calls: 0 out of 0
  Number of queueable jobs added to the queue: 0 out of 1
  Number of Mobile Apex push calls: 0 out of 10

11:49:11.722 (722921408)|LIMIT_USAGE_FOR_NS|Centify|
  Number of SOQL queries: 0 out of 200
  Number of query rows: 0 out of 50000
  Number of SOSL queries: 0 out of 20
  Number of DML statements: 0 out of 150
  Number of DML rows: 0 out of 10000
  Maximum CPU time: 0 out of 60000
  Maximum heap size: 0 out of 12000000
  Number of callouts: 0 out of 0
  Number of Email Invocations: 0 out of 10
  Number of future calls: 0 out of 0
  Number of queueable jobs added to the queue: 0 out of 1
  Number of Mobile Apex push calls: 0 out of 10

11:49:11.722 (722921408)|CUMULATIVE_LIMIT_USAGE_END

