37.0 APEX_CODE,FINEST;APEX_PROFILING,INFO;CALLOUT,INFO;DB,INFO;NBA,INFO;SYSTEM,DEBUG;VALIDATION,INFO;VISUALFORCE,INFO;WAVE,INFO;WORKFLOW,INFO
11:39:39.26 (26885633)|ENTERING_MANAGED_PKG|Centify
11:39:39.26 (30497871)|ENTERING_MANAGED_PKG|Centify
11:39:39.26 (36844456)|ENTERING_MANAGED_PKG|Centify
11:39:39.26 (37025936)|ENTERING_MANAGED_PKG|Centify
11:39:39.26 (37230462)|ENTERING_MANAGED_PKG|Centify
11:39:39.26 (38218386)|ENTERING_MANAGED_PKG|Centify
11:39:39.26 (38638974)|ENTERING_MANAGED_PKG|Centify
11:39:39.26 (38685957)|ENTERING_MANAGED_PKG|Centify
11:39:39.26 (38818715)|ENTERING_MANAGED_PKG|Centify
11:39:39.26 (38879029)|ENTERING_MANAGED_PKG|Centify
11:39:39.26 (38940214)|ENTERING_MANAGED_PKG|Centify
11:39:39.26 (38985938)|ENTERING_MANAGED_PKG|Centify
11:39:39.26 (39025855)|ENTERING_MANAGED_PKG|Centify
11:39:39.26 (39350321)|ENTERING_MANAGED_PKG|Centify
11:39:39.26 (78083748)|ENTERING_MANAGED_PKG|Centify
11:39:39.26 (78188425)|ENTERING_MANAGED_PKG|Centify
11:39:39.26 (78337380)|ENTERING_MANAGED_PKG|Centify
11:39:39.26 (78404897)|ENTERING_MANAGED_PKG|Centify
11:39:39.26 (295542648)|ENTERING_MANAGED_PKG|Centify
11:39:39.26 (356504735)|ENTERING_MANAGED_PKG|Centify
11:39:39.26 (369949580)|ENTERING_MANAGED_PKG|Centify
11:39:39.26 (370002268)|ENTERING_MANAGED_PKG|Centify
11:39:39.26 (370080083)|ENTERING_MANAGED_PKG|Centify
11:39:39.26 (370113638)|ENTERING_MANAGED_PKG|Centify
11:39:39.26 (370179093)|ENTERING_MANAGED_PKG|Centify
11:39:39.26 (404296870)|ENTERING_MANAGED_PKG|Centify
11:39:39.26 (419272935)|ENTERING_MANAGED_PKG|Centify
11:39:39.26 (419323402)|ENTERING_MANAGED_PKG|Centify
11:39:39.26 (419399036)|ENTERING_MANAGED_PKG|Centify
11:39:39.26 (419430816)|ENTERING_MANAGED_PKG|Centify
11:39:39.26 (419493322)|ENTERING_MANAGED_PKG|Centify
11:39:39.26 (452988578)|ENTERING_MANAGED_PKG|Centify
11:39:39.26 (467887302)|ENTERING_MANAGED_PKG|Centify
11:39:39.26 (467940868)|ENTERING_MANAGED_PKG|Centify
11:39:39.26 (468015467)|ENTERING_MANAGED_PKG|Centify
11:39:39.26 (468047163)|ENTERING_MANAGED_PKG|Centify
11:39:39.26 (468111403)|ENTERING_MANAGED_PKG|Centify
11:39:39.26 (507955578)|ENTERING_MANAGED_PKG|Centify
11:39:39.26 (522910308)|ENTERING_MANAGED_PKG|Centify
11:39:39.26 (522958820)|ENTERING_MANAGED_PKG|Centify
11:39:39.26 (523033349)|ENTERING_MANAGED_PKG|Centify
11:39:39.26 (523064947)|ENTERING_MANAGED_PKG|Centify
11:39:39.26 (523128514)|ENTERING_MANAGED_PKG|Centify
11:39:39.26 (557042545)|ENTERING_MANAGED_PKG|Centify
11:39:39.26 (572147702)|ENTERING_MANAGED_PKG|Centify
11:39:39.26 (572199794)|ENTERING_MANAGED_PKG|Centify
11:39:39.26 (572307711)|ENTERING_MANAGED_PKG|Centify
11:39:39.26 (572355848)|ENTERING_MANAGED_PKG|Centify
11:39:39.26 (572454441)|ENTERING_MANAGED_PKG|Centify
11:39:39.26 (615707847)|ENTERING_MANAGED_PKG|Centify
11:39:39.26 (631843050)|ENTERING_MANAGED_PKG|Centify
11:39:39.26 (631896482)|ENTERING_MANAGED_PKG|Centify
11:39:39.26 (631974011)|ENTERING_MANAGED_PKG|Centify
11:39:39.26 (632006966)|ENTERING_MANAGED_PKG|Centify
11:39:39.26 (632073258)|ENTERING_MANAGED_PKG|Centify
11:39:39.26 (674530321)|ENTERING_MANAGED_PKG|Centify
11:39:39.26 (692898301)|ENTERING_MANAGED_PKG|Centify
11:39:39.26 (692952489)|ENTERING_MANAGED_PKG|Centify
11:39:39.26 (693055931)|ENTERING_MANAGED_PKG|Centify
11:39:39.26 (693114354)|ENTERING_MANAGED_PKG|Centify
11:39:39.26 (693234912)|ENTERING_MANAGED_PKG|Centify
11:39:39.26 (730610236)|ENTERING_MANAGED_PKG|Centify
11:39:39.26 (730692969)|ENTERING_MANAGED_PKG|Centify
11:39:39.26 (730840096)|ENTERING_MANAGED_PKG|Centify
11:39:39.26 (730866101)|ENTERING_MANAGED_PKG|Centify
11:39:39.26 (731033760)|ENTERING_MANAGED_PKG|Centify
11:39:39.26 (731091053)|ENTERING_MANAGED_PKG|Centify
11:39:39.26 (731139025)|ENTERING_MANAGED_PKG|Centify
11:39:39.26 (736441511)|ENTERING_MANAGED_PKG|Centify
11:39:39.26 (736547064)|ENTERING_MANAGED_PKG|Centify
11:39:39.26 (749293095)|ENTERING_MANAGED_PKG|Centify
11:39:39.26 (749445968)|ENTERING_MANAGED_PKG|Centify
11:39:39.26 (750099019)|ENTERING_MANAGED_PKG|Centify
11:39:39.26 (750971572)|SOQL_EXECUTE_BEGIN|[16]|Aggregations:0|select id,lastmodifieddate,isdeleted,name,ownerid,has_the_save_strategy_been_implemented__c,status__c,product_type__c from Cases__c where LastModifiedDate >2018-10-23T01:37:04Z AND LastModifiedDate < 2018-10-23T01:39:45Z  ORDER BY SystemModStamp DESC LIMIT 5000  ALL ROWS
11:39:39.26 (758766056)|SOQL_EXECUTE_END|[16]|Rows:2
11:39:39.802 (802001200)|CUMULATIVE_LIMIT_USAGE
11:39:39.802 (802001200)|LIMIT_USAGE_FOR_NS|(default)|
  Number of SOQL queries: 0 out of 200
  Number of query rows: 0 out of 50000
  Number of SOSL queries: 0 out of 20
  Number of DML statements: 0 out of 150
  Number of DML rows: 0 out of 10000
  Maximum CPU time: 0 out of 60000
  Maximum heap size: 0 out of 12000000
  Number of callouts: 0 out of 0
  Number of Email Invocations: 0 out of 10
  Number of future calls: 0 out of 0
  Number of queueable jobs added to the queue: 0 out of 1
  Number of Mobile Apex push calls: 0 out of 10

11:39:39.802 (802001200)|LIMIT_USAGE_FOR_NS|Centify|
  Number of SOQL queries: 0 out of 200
  Number of query rows: 0 out of 50000
  Number of SOSL queries: 0 out of 20
  Number of DML statements: 0 out of 150
  Number of DML rows: 0 out of 10000
  Maximum CPU time: 0 out of 60000
  Maximum heap size: 0 out of 12000000
  Number of callouts: 0 out of 0
  Number of Email Invocations: 0 out of 10
  Number of future calls: 0 out of 0
  Number of queueable jobs added to the queue: 0 out of 1
  Number of Mobile Apex push calls: 0 out of 10

11:39:39.802 (802001200)|CUMULATIVE_LIMIT_USAGE_END

