37.0 APEX_CODE,FINEST;APEX_PROFILING,INFO;CALLOUT,INFO;DB,INFO;NBA,INFO;SYSTEM,DEBUG;VALIDATION,INFO;VISUALFORCE,INFO;WAVE,INFO;WORKFLOW,INFO
11:37:15.0 (97184)|USER_INFO|[EXTERNAL]|00590000000Vmmq|ben@bjbglobal.com.au|Australian Eastern Standard Time|GMT+10:00
11:37:15.0 (131812)|EXECUTION_STARTED
11:37:15.0 (136958)|CODE_UNIT_STARTED|[EXTERNAL]|0666F000007GVD0|VF: /apex/SeoGeoCompare
11:37:15.0 (2846297)|VF_DESERIALIZE_VIEWSTATE_BEGIN|0666F000007GVD0
11:37:15.0 (8711380)|HEAP_ALLOCATE|[72]|Bytes:3
11:37:15.0 (8756423)|HEAP_ALLOCATE|[77]|Bytes:152
11:37:15.0 (8771536)|HEAP_ALLOCATE|[342]|Bytes:408
11:37:15.0 (8783882)|HEAP_ALLOCATE|[355]|Bytes:408
11:37:15.0 (8795264)|HEAP_ALLOCATE|[467]|Bytes:48
11:37:15.0 (8824221)|HEAP_ALLOCATE|[139]|Bytes:6
11:37:15.0 (8851541)|HEAP_ALLOCATE|[50]|Bytes:5
11:37:15.0 (8873920)|HEAP_ALLOCATE|[56]|Bytes:5
11:37:15.0 (8882309)|HEAP_ALLOCATE|[64]|Bytes:7
11:37:15.0 (12564427)|VF_DESERIALIZE_VIEWSTATE_END
11:37:15.0 (15943122)|SYSTEM_MODE_ENTER|true
11:37:15.0 (15980781)|HEAP_ALLOCATE|[EXTERNAL]|Bytes:196
11:37:15.0 (15993270)|HEAP_ALLOCATE|[EXTERNAL]|Bytes:30
11:37:15.0 (16007792)|METHOD_ENTRY|[1]|01p6F000009rEEx|SeoGeoController.SeoGeoController()
11:37:15.0 (16014228)|STATEMENT_EXECUTE|[1]
11:37:15.0 (16019888)|STATEMENT_EXECUTE|[1]
11:37:15.0 (16033140)|SYSTEM_MODE_ENTER|false
11:37:15.0 (16046998)|HEAP_ALLOCATE|[EXTERNAL]|Bytes:5
11:37:15.0 (16054684)|SYSTEM_MODE_EXIT|false
11:37:15.0 (16063959)|METHOD_EXIT|[1]|SeoGeoController
11:37:15.0 (16588672)|HEAP_ALLOCATE|[EXTERNAL]|Bytes:24
11:37:15.0 (16601594)|VARIABLE_SCOPE_BEGIN|[59]|this|SeoGeoController|true|false
11:37:15.0 (16662128)|VARIABLE_ASSIGNMENT|[59]|this|{"allGeo":"0x6b02cb71","device":"desktop","refreshRequired":true,"selectedGeo":"0x62317fbd","seoWebsite":"0xe8fec62"}|0x2cbe9e5c
11:37:15.0 (16680492)|SYSTEM_MODE_ENTER|false
11:37:15.0 (16688385)|HEAP_ALLOCATE|[65]|Bytes:5
11:37:15.0 (16693670)|STATEMENT_EXECUTE|[59]
11:37:15.0 (16695892)|STATEMENT_EXECUTE|[65]
11:37:15.0 (16709253)|SYSTEM_MODE_EXIT|false
11:37:15.0 (25221969)|SYSTEM_MODE_ENTER|true
11:37:15.25 (25665765)|SYSTEM_MODE_ENTER|true
11:37:15.25 (25762745)|HEAP_ALLOCATE|[EXTERNAL]|Bytes:38
11:37:15.25 (25777205)|HEAP_ALLOCATE|[EXTERNAL]|Bytes:7
11:37:15.26 (26040535)|SYSTEM_MODE_ENTER|true
11:37:15.26 (26102747)|HEAP_ALLOCATE|[EXTERNAL]|Bytes:8
11:37:15.26 (26111566)|VARIABLE_SCOPE_BEGIN|[2]|this|ApexPage.PageMessagesComponentController|true|false
11:37:15.26 (26175546)|VARIABLE_ASSIGNMENT|[2]|this|{}|0x4f1ca079
11:37:15.0 (27102257)|SYSTEM_MODE_ENTER|true
11:37:15.0 (27168638)|SYSTEM_MODE_ENTER|true
11:37:15.0 (27206665)|HEAP_ALLOCATE|[EXTERNAL]|Bytes:164
11:37:15.0 (27216150)|HEAP_ALLOCATE|[EXTERNAL]|Bytes:12
11:37:15.0 (27225823)|METHOD_ENTRY|[5]|01p6F000009rEEv|MultiselectController.MultiselectController()
11:37:15.0 (27231711)|STATEMENT_EXECUTE|[5]
11:37:15.0 (27236642)|STATEMENT_EXECUTE|[5]
11:37:15.0 (27244382)|SYSTEM_MODE_ENTER|false
11:37:15.0 (27251961)|HEAP_ALLOCATE|[EXTERNAL]|Bytes:5
11:37:15.0 (27259763)|SYSTEM_MODE_EXIT|false
11:37:15.0 (27267932)|METHOD_EXIT|[5]|MultiselectController
11:37:15.0 (27283738)|HEAP_ALLOCATE|[EXTERNAL]|Bytes:232
11:37:15.0 (27287753)|HEAP_ALLOCATE|[EXTERNAL]|Bytes:20
11:37:15.0 (27304661)|VARIABLE_ASSIGNMENT|[EXTERNAL]|this.leftOptions|"List of size 57 too large to display"|0x656bd909
11:37:15.0 (27377214)|SYSTEM_MODE_ENTER|true
11:37:15.0 (27428381)|SYSTEM_MODE_ENTER|true
11:37:15.0 (27458959)|HEAP_ALLOCATE|[EXTERNAL]|Bytes:4
11:37:15.0 (27464700)|HEAP_ALLOCATE|[EXTERNAL]|Bytes:20
11:37:15.0 (27476254)|VARIABLE_ASSIGNMENT|[EXTERNAL]|this.rightOptions|[]|0x656bd909
11:37:15.0 (27627152)|SYSTEM_MODE_ENTER|true
11:37:15.0 (28138883)|SYSTEM_MODE_ENTER|true
11:37:15.0 (28381800)|SYSTEM_MODE_ENTER|true
11:37:15.0 (31255825)|SYSTEM_MODE_ENTER|true
11:37:15.0 (31317541)|HEAP_ALLOCATE|[EXTERNAL]|Bytes:24
11:37:15.0 (31328059)|VARIABLE_SCOPE_BEGIN|[76]|this|SeoGeoController|true|false
11:37:15.0 (31377054)|VARIABLE_ASSIGNMENT|[76]|this|{"allGeo":"0x6b02cb71","device":"desktop","refreshRequired":true,"selectedGeo":"0x62317fbd","seoWebsite":"0xe8fec62"}|0x2cbe9e5c
11:37:15.0 (31396101)|SYSTEM_MODE_ENTER|false
11:37:15.0 (31406440)|HEAP_ALLOCATE|[77]|Bytes:5
11:37:15.0 (31412444)|STATEMENT_EXECUTE|[76]
11:37:15.0 (31414852)|STATEMENT_EXECUTE|[77]
11:37:15.0 (31437274)|VARIABLE_SCOPE_BEGIN|[77]|geoTable|String|false|false
11:37:15.0 (31448293)|VARIABLE_ASSIGNMENT|[77]|geoTable|null
11:37:15.0 (31452354)|STATEMENT_EXECUTE|[80]
11:37:15.0 (31472747)|METHOD_ENTRY|[80]|01p6F000009rEEx|SeoGeoController.getGeoURL()
11:37:15.0 (31491509)|VARIABLE_SCOPE_BEGIN|[97]|this|SeoGeoController|true|false
11:37:15.0 (31524079)|VARIABLE_ASSIGNMENT|[97]|this|{"allGeo":"0x6b02cb71","device":"desktop","refreshRequired":true,"selectedGeo":"0x62317fbd","seoWebsite":"0xe8fec62"}|0x2cbe9e5c
11:37:15.0 (31536633)|HEAP_ALLOCATE|[99]|Bytes:5
11:37:15.0 (31542362)|STATEMENT_EXECUTE|[97]
11:37:15.0 (31544237)|STATEMENT_EXECUTE|[99]
11:37:15.0 (31552056)|HEAP_ALLOCATE|[99]|Bytes:56
11:37:15.0 (31595448)|VARIABLE_ASSIGNMENT|[EXTERNAL]|this|{"allGeo":"0x6b02cb71","device":"desktop","refreshRequired":true,"selectedGeo":"0x62317fbd","seoWebsite":"0xe8fec62"}|0x2cbe9e5c
11:37:15.0 (31668300)|HEAP_ALLOCATE|[99]|Bytes:18
11:37:15.0 (31676109)|HEAP_ALLOCATE|[99]|Bytes:5
11:37:15.0 (31736524)|HEAP_ALLOCATE|[99]|Bytes:15
11:37:15.0 (31751348)|SYSTEM_METHOD_ENTRY|[1]|EncodingUtil.EncodingUtil()
11:37:15.0 (31755784)|STATEMENT_EXECUTE|[1]
11:37:15.0 (31763636)|SYSTEM_METHOD_EXIT|[1]|EncodingUtil
11:37:15.0 (31776505)|METHOD_ENTRY|[99]||System.EncodingUtil.urlEncode(String, String)
11:37:15.0 (31834344)|METHOD_EXIT|[99]||System.EncodingUtil.urlEncode(String, String)
11:37:15.0 (31848450)|HEAP_ALLOCATE|[99]|Bytes:74
11:37:15.0 (31854088)|VARIABLE_SCOPE_BEGIN|[99]|consolePath|String|false|false
11:37:15.0 (31868261)|VARIABLE_ASSIGNMENT|[99]|consolePath|"/?c=seo&action=keywo (54 more) ..."
11:37:15.0 (31912214)|VARIABLE_ASSIGNMENT|[EXTERNAL]|this|{"allGeo":"0x6b02cb71","device":"desktop","refreshRequired":true,"selectedGeo":"0x62317fbd","seoWebsite":"0xe8fec62"}|0x2cbe9e5c
11:37:15.0 (31960270)|HEAP_ALLOCATE|[101]|Bytes:5
11:37:15.0 (31979765)|VARIABLE_ASSIGNMENT|[101]|so|null|
11:37:15.0 (31986091)|STATEMENT_EXECUTE|[101]
11:37:15.0 (32024396)|VARIABLE_ASSIGNMENT|[EXTERNAL]|this|{"allGeo":"0x6b02cb71","device":"desktop","refreshRequired":true,"selectedGeo":"0x62317fbd","seoWebsite":"0xe8fec62"}|0x2cbe9e5c
11:37:15.0 (32061160)|STATEMENT_EXECUTE|[105]
11:37:15.0 (32063746)|STATEMENT_EXECUTE|[106]
11:37:15.0 (32071550)|HEAP_ALLOCATE|[106]|Bytes:13
11:37:15.0 (32107575)|VARIABLE_ASSIGNMENT|[EXTERNAL]|this|{"allGeo":"0x6b02cb71","device":"desktop","refreshRequired":true,"selectedGeo":"0x62317fbd","seoWebsite":"0xe8fec62"}|0x2cbe9e5c
11:37:15.0 (32126655)|METHOD_ENTRY|[106]||System.EncodingUtil.urlEncode(String, String)
11:37:15.0 (32158602)|METHOD_EXIT|[106]||System.EncodingUtil.urlEncode(String, String)
11:37:15.0 (32165542)|HEAP_ALLOCATE|[106]|Bytes:49
11:37:15.0 (32170792)|HEAP_ALLOCATE|[106]|Bytes:123
11:37:15.0 (32181355)|VARIABLE_ASSIGNMENT|[106]|consolePath|"/?c=seo&action=keywo (103 more) ..."
11:37:15.0 (32218084)|VARIABLE_ASSIGNMENT|[EXTERNAL]|this|{"allGeo":"0x6b02cb71","device":"desktop","refreshRequired":true,"selectedGeo":"0x62317fbd","seoWebsite":"0xe8fec62"}|0x2cbe9e5c
11:37:15.0 (32232098)|HEAP_ALLOCATE|[109]|Bytes:6
11:37:15.0 (32262481)|STATEMENT_EXECUTE|[109]
11:37:15.0 (32269229)|STATEMENT_EXECUTE|[113]
11:37:15.0 (32279207)|METHOD_ENTRY|[113]|01p6F000009rEEx|SeoGeoController.getKeywordIdQueryString()
11:37:15.0 (32294357)|VARIABLE_SCOPE_BEGIN|[43]|this|SeoGeoController|true|false
11:37:15.0 (32320079)|VARIABLE_ASSIGNMENT|[43]|this|{"allGeo":"0x6b02cb71","device":"desktop","refreshRequired":true,"selectedGeo":"0x62317fbd","seoWebsite":"0xe8fec62"}|0x2cbe9e5c
11:37:15.0 (32333732)|HEAP_ALLOCATE|[44]|Bytes:5
11:37:15.0 (32338596)|STATEMENT_EXECUTE|[43]
11:37:15.0 (32340588)|STATEMENT_EXECUTE|[44]
11:37:15.0 (32348961)|VARIABLE_SCOPE_BEGIN|[44]|keywordQueryString|String|false|false
11:37:15.0 (32358846)|VARIABLE_ASSIGNMENT|[44]|keywordQueryString|""
11:37:15.0 (32362740)|STATEMENT_EXECUTE|[47]
11:37:15.0 (32367652)|HEAP_ALLOCATE|[47]|Bytes:109
11:37:15.0 (32393883)|HEAP_ALLOCATE|[47]|Bytes:4
11:37:15.0 (32406359)|HEAP_ALLOCATE|[47]|Bytes:7
11:37:15.0 (32482650)|HEAP_ALLOCATE|[47]|Bytes:359
11:37:15.0 (32545979)|HEAP_ALLOCATE|[47]|Bytes:336
11:37:15.0 (32570278)|HEAP_ALLOCATE|[47]|Bytes:2
11:37:15.0 (33209056)|SOQL_EXECUTE_BEGIN|[47]|Aggregations:0|SELECT Id FROM seoThemeKeywords__c WHERE seoWebsites__c = :tmpVar1 ORDER BY Google_Current__c ASC NULLS FIRST
11:37:15.0 (39253102)|SOQL_EXECUTE_END|[47]|Rows:30
11:37:15.0 (39285531)|HEAP_ALLOCATE|[47]|Bytes:124
11:37:15.0 (39325041)|HEAP_ALLOCATE|[47]|Bytes:1650
11:37:15.0 (39391304)|HEAP_ALLOCATE|[47]|Bytes:124
11:37:15.0 (39409971)|VARIABLE_SCOPE_BEGIN|[47]|seoKeywords|List<seoThemeKeywords__c>|true|false
11:37:15.0 (39442929)|VARIABLE_ASSIGNMENT|[47]|seoKeywords|"List of size 30 too large to display"|0x7e703bd9
11:37:15.0 (39532391)|STATEMENT_EXECUTE|[49]
11:37:15.0 (39664351)|HEAP_ALLOCATE|[50]|Bytes:5
11:37:15.0 (39689296)|HEAP_ALLOCATE|[50]|Bytes:12
11:37:15.0 (39698784)|VARIABLE_SCOPE_BEGIN|[50]|seoKeyword|seoThemeKeywords__c|true|false
11:37:15.0 (39721781)|VARIABLE_ASSIGNMENT|[50]|seoKeyword|{"Id":"a1D6F000003TvPBUA0","CurrencyIsoCode":"AUD"}|0x1adea651
11:37:15.0 (39728354)|STATEMENT_EXECUTE|[50]
11:37:15.0 (39730340)|STATEMENT_EXECUTE|[51]
11:37:15.0 (39741398)|HEAP_ALLOCATE|[51]|Bytes:5
11:37:15.0 (39781270)|HEAP_ALLOCATE|[51]|Bytes:18
11:37:15.0 (39797976)|METHOD_ENTRY|[51]||System.EncodingUtil.urlEncode(String, String)
11:37:15.0 (39842554)|METHOD_EXIT|[51]||System.EncodingUtil.urlEncode(String, String)
11:37:15.0 (39851295)|HEAP_ALLOCATE|[51]|Bytes:23
11:37:15.0 (39856745)|HEAP_ALLOCATE|[51]|Bytes:23
11:37:15.0 (39868957)|VARIABLE_ASSIGNMENT|[51]|keywordQueryString|"&k[]=a1D6F000003TvPB (3 more) ..."
11:37:15.0 (39882873)|HEAP_ALLOCATE|[50]|Bytes:5
11:37:15.0 (39895429)|HEAP_ALLOCATE|[50]|Bytes:12
11:37:15.0 (39902002)|VARIABLE_SCOPE_BEGIN|[50]|seoKeyword|seoThemeKeywords__c|true|false
11:37:15.0 (39916795)|VARIABLE_ASSIGNMENT|[50]|seoKeyword|{"Id":"a1D6F000003TvPXUA0","CurrencyIsoCode":"AUD"}|0x12fe15cd
11:37:15.0 (39922806)|STATEMENT_EXECUTE|[50]
11:37:15.0 (39924700)|STATEMENT_EXECUTE|[51]
11:37:15.0 (39941570)|HEAP_ALLOCATE|[51]|Bytes:18
11:37:15.0 (39950637)|METHOD_ENTRY|[51]||System.EncodingUtil.urlEncode(String, String)
11:37:15.0 (39975699)|METHOD_EXIT|[51]||System.EncodingUtil.urlEncode(String, String)
11:37:15.0 (39981210)|HEAP_ALLOCATE|[51]|Bytes:23
11:37:15.0 (39985496)|HEAP_ALLOCATE|[51]|Bytes:46
11:37:15.0 (39995033)|VARIABLE_ASSIGNMENT|[51]|keywordQueryString|"&k[]=a1D6F000003TvPB (26 more) ..."
11:37:15.0 (40005797)|HEAP_ALLOCATE|[50]|Bytes:5
11:37:15.0 (40017098)|HEAP_ALLOCATE|[50]|Bytes:12
11:37:15.0 (40023028)|VARIABLE_SCOPE_BEGIN|[50]|seoKeyword|seoThemeKeywords__c|true|false
11:37:15.0 (40036700)|VARIABLE_ASSIGNMENT|[50]|seoKeyword|{"Id":"a1D6F000003TvPVUA0","CurrencyIsoCode":"AUD"}|0x2b547bef
11:37:15.0 (40041824)|STATEMENT_EXECUTE|[50]
11:37:15.0 (40043634)|STATEMENT_EXECUTE|[51]
11:37:15.0 (40056427)|HEAP_ALLOCATE|[51]|Bytes:18
11:37:15.0 (40064485)|METHOD_ENTRY|[51]||System.EncodingUtil.urlEncode(String, String)
11:37:15.0 (40087529)|METHOD_EXIT|[51]||System.EncodingUtil.urlEncode(String, String)
11:37:15.0 (40092959)|HEAP_ALLOCATE|[51]|Bytes:23
11:37:15.0 (40097374)|HEAP_ALLOCATE|[51]|Bytes:69
11:37:15.0 (40106496)|VARIABLE_ASSIGNMENT|[51]|keywordQueryString|"&k[]=a1D6F000003TvPB (49 more) ..."
11:37:15.0 (40116662)|HEAP_ALLOCATE|[50]|Bytes:5
11:37:15.0 (40127201)|HEAP_ALLOCATE|[50]|Bytes:12
11:37:15.0 (40132965)|VARIABLE_SCOPE_BEGIN|[50]|seoKeyword|seoThemeKeywords__c|true|false
11:37:15.0 (40145646)|VARIABLE_ASSIGNMENT|[50]|seoKeyword|{"Id":"a1D6F000003TvP9UAK","CurrencyIsoCode":"AUD"}|0x49a71efb
11:37:15.0 (40150954)|STATEMENT_EXECUTE|[50]
11:37:15.0 (40152596)|STATEMENT_EXECUTE|[51]
11:37:15.0 (40164459)|HEAP_ALLOCATE|[51]|Bytes:18
11:37:15.0 (40171986)|METHOD_ENTRY|[51]||System.EncodingUtil.urlEncode(String, String)
11:37:15.0 (40194580)|METHOD_EXIT|[51]||System.EncodingUtil.urlEncode(String, String)
11:37:15.0 (40199660)|HEAP_ALLOCATE|[51]|Bytes:23
11:37:15.0 (40203854)|HEAP_ALLOCATE|[51]|Bytes:92
11:37:15.0 (40212535)|VARIABLE_ASSIGNMENT|[51]|keywordQueryString|"&k[]=a1D6F000003TvPB (72 more) ..."
11:37:15.0 (40223211)|HEAP_ALLOCATE|[50]|Bytes:5
11:37:15.0 (40233408)|HEAP_ALLOCATE|[50]|Bytes:12
11:37:15.0 (40239407)|VARIABLE_SCOPE_BEGIN|[50]|seoKeyword|seoThemeKeywords__c|true|false
11:37:15.0 (40251494)|VARIABLE_ASSIGNMENT|[50]|seoKeyword|{"Id":"a1D6F000003TvPNUA0","CurrencyIsoCode":"AUD"}|0x2624c5b0
11:37:15.0 (40256791)|STATEMENT_EXECUTE|[50]
11:37:15.0 (40258416)|STATEMENT_EXECUTE|[51]
11:37:15.0 (40270184)|HEAP_ALLOCATE|[51]|Bytes:18
11:37:15.0 (40278012)|METHOD_ENTRY|[51]||System.EncodingUtil.urlEncode(String, String)
11:37:15.0 (40300010)|METHOD_EXIT|[51]||System.EncodingUtil.urlEncode(String, String)
11:37:15.0 (40305040)|HEAP_ALLOCATE|[51]|Bytes:23
11:37:15.0 (40309388)|HEAP_ALLOCATE|[51]|Bytes:115
11:37:15.0 (40318271)|VARIABLE_ASSIGNMENT|[51]|keywordQueryString|"&k[]=a1D6F000003TvPB (95 more) ..."
11:37:15.0 (40328358)|HEAP_ALLOCATE|[50]|Bytes:5
11:37:15.0 (40338184)|HEAP_ALLOCATE|[50]|Bytes:12
11:37:15.0 (40343614)|VARIABLE_SCOPE_BEGIN|[50]|seoKeyword|seoThemeKeywords__c|true|false
11:37:15.0 (40355939)|VARIABLE_ASSIGNMENT|[50]|seoKeyword|{"Id":"a1D6F000003TvPAUA0","CurrencyIsoCode":"AUD"}|0x4496fcc4
11:37:15.0 (40361189)|STATEMENT_EXECUTE|[50]
11:37:15.0 (40362807)|STATEMENT_EXECUTE|[51]
11:37:15.0 (40374176)|HEAP_ALLOCATE|[51]|Bytes:18
11:37:15.0 (40381811)|METHOD_ENTRY|[51]||System.EncodingUtil.urlEncode(String, String)
11:37:15.0 (40403725)|METHOD_EXIT|[51]||System.EncodingUtil.urlEncode(String, String)
11:37:15.0 (40409087)|HEAP_ALLOCATE|[51]|Bytes:23
11:37:15.0 (40413473)|HEAP_ALLOCATE|[51]|Bytes:138
11:37:15.0 (40422813)|VARIABLE_ASSIGNMENT|[51]|keywordQueryString|"&k[]=a1D6F000003TvPB (118 more) ..."
11:37:15.0 (40439262)|HEAP_ALLOCATE|[50]|Bytes:5
11:37:15.0 (40449770)|HEAP_ALLOCATE|[50]|Bytes:12
11:37:15.0 (40455366)|VARIABLE_SCOPE_BEGIN|[50]|seoKeyword|seoThemeKeywords__c|true|false
11:37:15.0 (40468051)|VARIABLE_ASSIGNMENT|[50]|seoKeyword|{"Id":"a1D6F000003TvPCUA0","CurrencyIsoCode":"AUD"}|0x4c957cba
11:37:15.0 (40473041)|STATEMENT_EXECUTE|[50]
11:37:15.0 (40474644)|STATEMENT_EXECUTE|[51]
11:37:15.0 (40486216)|HEAP_ALLOCATE|[51]|Bytes:18
11:37:15.0 (40494913)|METHOD_ENTRY|[51]||System.EncodingUtil.urlEncode(String, String)
11:37:15.0 (40518824)|METHOD_EXIT|[51]||System.EncodingUtil.urlEncode(String, String)
11:37:15.0 (40523979)|HEAP_ALLOCATE|[51]|Bytes:23
11:37:15.0 (40528428)|HEAP_ALLOCATE|[51]|Bytes:161
11:37:15.0 (40538043)|VARIABLE_ASSIGNMENT|[51]|keywordQueryString|"&k[]=a1D6F000003TvPB (141 more) ..."
11:37:15.0 (40548397)|HEAP_ALLOCATE|[50]|Bytes:5
11:37:15.0 (40558258)|HEAP_ALLOCATE|[50]|Bytes:12
11:37:15.0 (40563705)|VARIABLE_SCOPE_BEGIN|[50]|seoKeyword|seoThemeKeywords__c|true|false
11:37:15.0 (40576119)|VARIABLE_ASSIGNMENT|[50]|seoKeyword|{"Id":"a1D6F000003TvPPUA0","CurrencyIsoCode":"AUD"}|0x3d34f315
11:37:15.0 (40581373)|STATEMENT_EXECUTE|[50]
11:37:15.0 (40582984)|STATEMENT_EXECUTE|[51]
11:37:15.0 (40594344)|HEAP_ALLOCATE|[51]|Bytes:18
11:37:15.0 (40601584)|METHOD_ENTRY|[51]||System.EncodingUtil.urlEncode(String, String)
11:37:15.0 (40623321)|METHOD_EXIT|[51]||System.EncodingUtil.urlEncode(String, String)
11:37:15.0 (40628436)|HEAP_ALLOCATE|[51]|Bytes:23
11:37:15.0 (40632730)|HEAP_ALLOCATE|[51]|Bytes:184
11:37:15.0 (40641446)|VARIABLE_ASSIGNMENT|[51]|keywordQueryString|"&k[]=a1D6F000003TvPB (164 more) ..."
11:37:15.0 (40651246)|HEAP_ALLOCATE|[50]|Bytes:5
11:37:15.0 (40660986)|HEAP_ALLOCATE|[50]|Bytes:12
11:37:15.0 (40666555)|VARIABLE_SCOPE_BEGIN|[50]|seoKeyword|seoThemeKeywords__c|true|false
11:37:15.0 (40678579)|VARIABLE_ASSIGNMENT|[50]|seoKeyword|{"Id":"a1D6F000003TvPHUA0","CurrencyIsoCode":"AUD"}|0x3dbdb846
11:37:15.0 (40683585)|STATEMENT_EXECUTE|[50]
11:37:15.0 (40685408)|STATEMENT_EXECUTE|[51]
11:37:15.0 (40696708)|HEAP_ALLOCATE|[51]|Bytes:18
11:37:15.0 (40703987)|METHOD_ENTRY|[51]||System.EncodingUtil.urlEncode(String, String)
11:37:15.0 (40725720)|METHOD_EXIT|[51]||System.EncodingUtil.urlEncode(String, String)
11:37:15.0 (40730905)|HEAP_ALLOCATE|[51]|Bytes:23
11:37:15.0 (40735086)|HEAP_ALLOCATE|[51]|Bytes:207
11:37:15.0 (40744197)|VARIABLE_ASSIGNMENT|[51]|keywordQueryString|"&k[]=a1D6F000003TvPB (187 more) ..."
11:37:15.0 (40754252)|HEAP_ALLOCATE|[50]|Bytes:5
11:37:15.0 (40763975)|HEAP_ALLOCATE|[50]|Bytes:12
11:37:15.0 (40769200)|VARIABLE_SCOPE_BEGIN|[50]|seoKeyword|seoThemeKeywords__c|true|false
11:37:15.0 (40781316)|VARIABLE_ASSIGNMENT|[50]|seoKeyword|{"Id":"a1D6F000003TvPJUA0","CurrencyIsoCode":"AUD"}|0x4e3e03e9
11:37:15.0 (40786290)|STATEMENT_EXECUTE|[50]
11:37:15.0 (40787925)|STATEMENT_EXECUTE|[51]
11:37:15.0 (40799285)|HEAP_ALLOCATE|[51]|Bytes:18
11:37:15.0 (40806696)|METHOD_ENTRY|[51]||System.EncodingUtil.urlEncode(String, String)
11:37:15.0 (40830898)|METHOD_EXIT|[51]||System.EncodingUtil.urlEncode(String, String)
11:37:15.0 (40836229)|HEAP_ALLOCATE|[51]|Bytes:23
11:37:15.0 (40840705)|HEAP_ALLOCATE|[51]|Bytes:230
11:37:15.0 (40849442)|VARIABLE_ASSIGNMENT|[51]|keywordQueryString|"&k[]=a1D6F000003TvPB (210 more) ..."
11:37:15.0 (40859459)|HEAP_ALLOCATE|[50]|Bytes:5
11:37:15.0 (40869283)|HEAP_ALLOCATE|[50]|Bytes:12
11:37:15.0 (40874843)|VARIABLE_SCOPE_BEGIN|[50]|seoKeyword|seoThemeKeywords__c|true|false
11:37:15.0 (40887079)|VARIABLE_ASSIGNMENT|[50]|seoKeyword|{"Id":"a1D6F000003TvPYUA0","CurrencyIsoCode":"AUD"}|0x2929d638
11:37:15.0 (40892549)|STATEMENT_EXECUTE|[50]
11:37:15.0 (40894151)|STATEMENT_EXECUTE|[51]
11:37:15.0 (40905383)|HEAP_ALLOCATE|[51]|Bytes:18
11:37:15.0 (40912433)|METHOD_ENTRY|[51]||System.EncodingUtil.urlEncode(String, String)
11:37:15.0 (40933759)|METHOD_EXIT|[51]||System.EncodingUtil.urlEncode(String, String)
11:37:15.0 (40938697)|HEAP_ALLOCATE|[51]|Bytes:23
11:37:15.0 (40942926)|HEAP_ALLOCATE|[51]|Bytes:253
11:37:15.0 (40952098)|VARIABLE_ASSIGNMENT|[51]|keywordQueryString|"&k[]=a1D6F000003TvPB (233 more) ..."
11:37:15.0 (40961924)|HEAP_ALLOCATE|[50]|Bytes:5
11:37:15.0 (40971518)|HEAP_ALLOCATE|[50]|Bytes:12
11:37:15.0 (40977002)|VARIABLE_SCOPE_BEGIN|[50]|seoKeyword|seoThemeKeywords__c|true|false
11:37:15.0 (40988713)|VARIABLE_ASSIGNMENT|[50]|seoKeyword|{"Id":"a1D6F000003TvPFUA0","CurrencyIsoCode":"AUD"}|0x331f2453
11:37:15.0 (40993910)|STATEMENT_EXECUTE|[50]
11:37:15.0 (40995516)|STATEMENT_EXECUTE|[51]
11:37:15.0 (41006420)|HEAP_ALLOCATE|[51]|Bytes:18
11:37:15.0 (41014627)|METHOD_ENTRY|[51]||System.EncodingUtil.urlEncode(String, String)
11:37:15.0 (41035856)|METHOD_EXIT|[51]||System.EncodingUtil.urlEncode(String, String)
11:37:15.0 (41041115)|HEAP_ALLOCATE|[51]|Bytes:23
11:37:15.0 (41045608)|HEAP_ALLOCATE|[51]|Bytes:276
11:37:15.0 (41054214)|VARIABLE_ASSIGNMENT|[51]|keywordQueryString|"&k[]=a1D6F000003TvPB (256 more) ..."
11:37:15.0 (41063960)|HEAP_ALLOCATE|[50]|Bytes:5
11:37:15.0 (41073656)|HEAP_ALLOCATE|[50]|Bytes:12
11:37:15.0 (41078771)|VARIABLE_SCOPE_BEGIN|[50]|seoKeyword|seoThemeKeywords__c|true|false
11:37:15.0 (41090831)|VARIABLE_ASSIGNMENT|[50]|seoKeyword|{"Id":"a1D6F000003TvPOUA0","CurrencyIsoCode":"AUD"}|0x6330c5fe
11:37:15.0 (41095958)|STATEMENT_EXECUTE|[50]
11:37:15.0 (41097647)|STATEMENT_EXECUTE|[51]
11:37:15.0 (41108275)|HEAP_ALLOCATE|[51]|Bytes:18
11:37:15.0 (41115466)|METHOD_ENTRY|[51]||System.EncodingUtil.urlEncode(String, String)
11:37:15.0 (41136606)|METHOD_EXIT|[51]||System.EncodingUtil.urlEncode(String, String)
11:37:15.0 (41141595)|HEAP_ALLOCATE|[51]|Bytes:23
11:37:15.0 (41145706)|HEAP_ALLOCATE|[51]|Bytes:299
11:37:15.0 (41154387)|VARIABLE_ASSIGNMENT|[51]|keywordQueryString|"&k[]=a1D6F000003TvPB (279 more) ..."
11:37:15.0 (41163885)|HEAP_ALLOCATE|[50]|Bytes:5
11:37:15.0 (41173114)|HEAP_ALLOCATE|[50]|Bytes:12
11:37:15.0 (41178315)|VARIABLE_SCOPE_BEGIN|[50]|seoKeyword|seoThemeKeywords__c|true|false
11:37:15.0 (41190654)|VARIABLE_ASSIGNMENT|[50]|seoKeyword|{"Id":"a1D6F000003TvPSUA0","CurrencyIsoCode":"AUD"}|0x5dafb33a
11:37:15.0 (41195616)|STATEMENT_EXECUTE|[50]
11:37:15.0 (41197202)|STATEMENT_EXECUTE|[51]
11:37:15.0 (41208016)|HEAP_ALLOCATE|[51]|Bytes:18
11:37:15.0 (41215277)|METHOD_ENTRY|[51]||System.EncodingUtil.urlEncode(String, String)
11:37:15.0 (41236642)|METHOD_EXIT|[51]||System.EncodingUtil.urlEncode(String, String)
11:37:15.0 (41241628)|HEAP_ALLOCATE|[51]|Bytes:23
11:37:15.0 (41246073)|HEAP_ALLOCATE|[51]|Bytes:322
11:37:15.0 (41254916)|VARIABLE_ASSIGNMENT|[51]|keywordQueryString|"&k[]=a1D6F000003TvPB (302 more) ..."
11:37:15.0 (41264553)|HEAP_ALLOCATE|[50]|Bytes:5
11:37:15.0 (41273936)|HEAP_ALLOCATE|[50]|Bytes:12
11:37:15.0 (41279079)|VARIABLE_SCOPE_BEGIN|[50]|seoKeyword|seoThemeKeywords__c|true|false
11:37:15.0 (41291191)|VARIABLE_ASSIGNMENT|[50]|seoKeyword|{"Id":"a1D6F000003TvPLUA0","CurrencyIsoCode":"AUD"}|0x3a5036a1
11:37:15.0 (41296415)|STATEMENT_EXECUTE|[50]
11:37:15.0 (41298041)|STATEMENT_EXECUTE|[51]
11:37:15.0 (41308687)|HEAP_ALLOCATE|[51]|Bytes:18
11:37:15.0 (41319383)|METHOD_ENTRY|[51]||System.EncodingUtil.urlEncode(String, String)
11:37:15.0 (41341464)|METHOD_EXIT|[51]||System.EncodingUtil.urlEncode(String, String)
11:37:15.0 (41346632)|HEAP_ALLOCATE|[51]|Bytes:23
11:37:15.0 (41351276)|HEAP_ALLOCATE|[51]|Bytes:345
11:37:15.0 (41360726)|VARIABLE_ASSIGNMENT|[51]|keywordQueryString|"&k[]=a1D6F000003TvPB (325 more) ..."
11:37:15.0 (41370750)|HEAP_ALLOCATE|[50]|Bytes:5
11:37:15.0 (41380495)|HEAP_ALLOCATE|[50]|Bytes:12
11:37:15.0 (41386105)|VARIABLE_SCOPE_BEGIN|[50]|seoKeyword|seoThemeKeywords__c|true|false
11:37:15.0 (41398235)|VARIABLE_ASSIGNMENT|[50]|seoKeyword|{"Id":"a1D6F000003TvPTUA0","CurrencyIsoCode":"AUD"}|0x7027b004
11:37:15.0 (41403400)|STATEMENT_EXECUTE|[50]
11:37:15.0 (41404998)|STATEMENT_EXECUTE|[51]
11:37:15.0 (41416336)|HEAP_ALLOCATE|[51]|Bytes:18
11:37:15.0 (41423571)|METHOD_ENTRY|[51]||System.EncodingUtil.urlEncode(String, String)
11:37:15.0 (41450637)|METHOD_EXIT|[51]||System.EncodingUtil.urlEncode(String, String)
11:37:15.0 (41455794)|HEAP_ALLOCATE|[51]|Bytes:23
11:37:15.0 (41460315)|HEAP_ALLOCATE|[51]|Bytes:368
11:37:15.0 (41469519)|VARIABLE_ASSIGNMENT|[51]|keywordQueryString|"&k[]=a1D6F000003TvPB (348 more) ..."
11:37:15.0 (41479648)|HEAP_ALLOCATE|[50]|Bytes:5
11:37:15.0 (41489394)|HEAP_ALLOCATE|[50]|Bytes:12
11:37:15.0 (41495922)|VARIABLE_SCOPE_BEGIN|[50]|seoKeyword|seoThemeKeywords__c|true|false
11:37:15.0 (41508970)|VARIABLE_ASSIGNMENT|[50]|seoKeyword|{"Id":"a1D6F000003TvPMUA0","CurrencyIsoCode":"AUD"}|0x155d94cb
11:37:15.0 (41514355)|STATEMENT_EXECUTE|[50]
11:37:15.0 (41515966)|STATEMENT_EXECUTE|[51]
11:37:15.0 (41527211)|HEAP_ALLOCATE|[51]|Bytes:18
11:37:15.0 (41534546)|METHOD_ENTRY|[51]||System.EncodingUtil.urlEncode(String, String)
11:37:15.0 (41555764)|METHOD_EXIT|[51]||System.EncodingUtil.urlEncode(String, String)
11:37:15.0 (41560728)|HEAP_ALLOCATE|[51]|Bytes:23
11:37:15.0 (41564967)|HEAP_ALLOCATE|[51]|Bytes:391
11:37:15.0 (41573444)|VARIABLE_ASSIGNMENT|[51]|keywordQueryString|"&k[]=a1D6F000003TvPB (371 more) ..."
11:37:15.0 (41583332)|HEAP_ALLOCATE|[50]|Bytes:5
11:37:15.0 (41592804)|HEAP_ALLOCATE|[50]|Bytes:12
11:37:15.0 (41597930)|VARIABLE_SCOPE_BEGIN|[50]|seoKeyword|seoThemeKeywords__c|true|false
11:37:15.0 (41610153)|VARIABLE_ASSIGNMENT|[50]|seoKeyword|{"Id":"a1D6F000003TvPGUA0","CurrencyIsoCode":"AUD"}|0x354bc339
11:37:15.0 (41615543)|STATEMENT_EXECUTE|[50]
11:37:15.0 (41617152)|STATEMENT_EXECUTE|[51]
11:37:15.0 (41627877)|HEAP_ALLOCATE|[51]|Bytes:18
11:37:15.0 (41634790)|METHOD_ENTRY|[51]||System.EncodingUtil.urlEncode(String, String)
11:37:15.0 (41655778)|METHOD_EXIT|[51]||System.EncodingUtil.urlEncode(String, String)
11:37:15.0 (41660575)|HEAP_ALLOCATE|[51]|Bytes:23
11:37:15.0 (41664700)|HEAP_ALLOCATE|[51]|Bytes:414
11:37:15.0 (41673341)|VARIABLE_ASSIGNMENT|[51]|keywordQueryString|"&k[]=a1D6F000003TvPB (394 more) ..."
11:37:15.0 (41683441)|HEAP_ALLOCATE|[50]|Bytes:5
11:37:15.0 (41692821)|HEAP_ALLOCATE|[50]|Bytes:12
11:37:15.0 (41698218)|VARIABLE_SCOPE_BEGIN|[50]|seoKeyword|seoThemeKeywords__c|true|false
11:37:15.0 (41709999)|VARIABLE_ASSIGNMENT|[50]|seoKeyword|{"Id":"a1D6F000003TvPEUA0","CurrencyIsoCode":"AUD"}|0xe151e0f
11:37:15.0 (41715421)|STATEMENT_EXECUTE|[50]
11:37:15.0 (41717091)|STATEMENT_EXECUTE|[51]
11:37:15.0 (41727842)|HEAP_ALLOCATE|[51]|Bytes:18
11:37:15.0 (41735058)|METHOD_ENTRY|[51]||System.EncodingUtil.urlEncode(String, String)
11:37:15.0 (41756252)|METHOD_EXIT|[51]||System.EncodingUtil.urlEncode(String, String)
11:37:15.0 (41761155)|HEAP_ALLOCATE|[51]|Bytes:23
11:37:15.0 (41765397)|HEAP_ALLOCATE|[51]|Bytes:437
11:37:15.0 (41774149)|VARIABLE_ASSIGNMENT|[51]|keywordQueryString|"&k[]=a1D6F000003TvPB (417 more) ..."
11:37:15.0 (41784343)|HEAP_ALLOCATE|[50]|Bytes:5
11:37:15.0 (41793972)|HEAP_ALLOCATE|[50]|Bytes:12
11:37:15.0 (41799179)|VARIABLE_SCOPE_BEGIN|[50]|seoKeyword|seoThemeKeywords__c|true|false
11:37:15.0 (41811137)|VARIABLE_ASSIGNMENT|[50]|seoKeyword|{"Id":"a1D6F000003TvPUUA0","CurrencyIsoCode":"AUD"}|0x43ff3859
11:37:15.0 (41816354)|STATEMENT_EXECUTE|[50]
11:37:15.0 (41818164)|STATEMENT_EXECUTE|[51]
11:37:15.0 (41828992)|HEAP_ALLOCATE|[51]|Bytes:18
11:37:15.0 (41836588)|METHOD_ENTRY|[51]||System.EncodingUtil.urlEncode(String, String)
11:37:15.0 (41857753)|METHOD_EXIT|[51]||System.EncodingUtil.urlEncode(String, String)
11:37:15.0 (41862579)|HEAP_ALLOCATE|[51]|Bytes:23
11:37:15.0 (41866994)|HEAP_ALLOCATE|[51]|Bytes:460
11:37:15.0 (41875909)|VARIABLE_ASSIGNMENT|[51]|keywordQueryString|"&k[]=a1D6F000003TvPB (440 more) ..."
11:37:15.0 (41885763)|HEAP_ALLOCATE|[50]|Bytes:5
11:37:15.0 (41895169)|HEAP_ALLOCATE|[50]|Bytes:12
11:37:15.0 (41900553)|VARIABLE_SCOPE_BEGIN|[50]|seoKeyword|seoThemeKeywords__c|true|false
11:37:15.0 (41912703)|VARIABLE_ASSIGNMENT|[50]|seoKeyword|{"Id":"a1D6F000003TvPKUA0","CurrencyIsoCode":"AUD"}|0x3afd1721
11:37:15.0 (41917738)|STATEMENT_EXECUTE|[50]
11:37:15.0 (41919350)|STATEMENT_EXECUTE|[51]
11:37:15.0 (41930057)|HEAP_ALLOCATE|[51]|Bytes:18
11:37:15.0 (41937207)|METHOD_ENTRY|[51]||System.EncodingUtil.urlEncode(String, String)
11:37:15.0 (41958303)|METHOD_EXIT|[51]||System.EncodingUtil.urlEncode(String, String)
11:37:15.0 (41963337)|HEAP_ALLOCATE|[51]|Bytes:23
11:37:15.0 (41967728)|HEAP_ALLOCATE|[51]|Bytes:483
11:37:15.0 (41976292)|VARIABLE_ASSIGNMENT|[51]|keywordQueryString|"&k[]=a1D6F000003TvPB (463 more) ..."
11:37:15.0 (41986234)|HEAP_ALLOCATE|[50]|Bytes:5
11:37:15.0 (41996030)|HEAP_ALLOCATE|[50]|Bytes:12
11:37:15.0 (42001391)|VARIABLE_SCOPE_BEGIN|[50]|seoKeyword|seoThemeKeywords__c|true|false
11:37:15.0 (42014212)|VARIABLE_ASSIGNMENT|[50]|seoKeyword|{"Id":"a1D6F000003TvPIUA0","CurrencyIsoCode":"AUD"}|0x51c4494c
11:37:15.0 (42019626)|STATEMENT_EXECUTE|[50]
11:37:15.0 (42021219)|STATEMENT_EXECUTE|[51]
11:37:15.0 (42032505)|HEAP_ALLOCATE|[51]|Bytes:18
11:37:15.0 (42039643)|METHOD_ENTRY|[51]||System.EncodingUtil.urlEncode(String, String)
11:37:15.0 (42061141)|METHOD_EXIT|[51]||System.EncodingUtil.urlEncode(String, String)
11:37:15.0 (42066095)|HEAP_ALLOCATE|[51]|Bytes:23
11:37:15.0 (42070396)|HEAP_ALLOCATE|[51]|Bytes:506
11:37:15.0 (42079026)|VARIABLE_ASSIGNMENT|[51]|keywordQueryString|"&k[]=a1D6F000003TvPB (486 more) ..."
11:37:15.0 (42089039)|HEAP_ALLOCATE|[50]|Bytes:5
11:37:15.0 (42098527)|HEAP_ALLOCATE|[50]|Bytes:12
11:37:15.0 (42104009)|VARIABLE_SCOPE_BEGIN|[50]|seoKeyword|seoThemeKeywords__c|true|false
11:37:15.0 (42116018)|VARIABLE_ASSIGNMENT|[50]|seoKeyword|{"Id":"a1D6F000003TvP7UAK","CurrencyIsoCode":"AUD"}|0x7707c01d
11:37:15.0 (42121386)|STATEMENT_EXECUTE|[50]
11:37:15.0 (42122999)|STATEMENT_EXECUTE|[51]
11:37:15.0 (42134099)|HEAP_ALLOCATE|[51]|Bytes:18
11:37:15.0 (42141007)|METHOD_ENTRY|[51]||System.EncodingUtil.urlEncode(String, String)
11:37:15.0 (42161955)|METHOD_EXIT|[51]||System.EncodingUtil.urlEncode(String, String)
11:37:15.0 (42167005)|HEAP_ALLOCATE|[51]|Bytes:23
11:37:15.0 (42171356)|HEAP_ALLOCATE|[51]|Bytes:529
11:37:15.0 (42179802)|VARIABLE_ASSIGNMENT|[51]|keywordQueryString|"&k[]=a1D6F000003TvPB (509 more) ..."
11:37:15.0 (42190058)|HEAP_ALLOCATE|[50]|Bytes:5
11:37:15.0 (42199668)|HEAP_ALLOCATE|[50]|Bytes:12
11:37:15.0 (42205224)|VARIABLE_SCOPE_BEGIN|[50]|seoKeyword|seoThemeKeywords__c|true|false
11:37:15.0 (42217377)|VARIABLE_ASSIGNMENT|[50]|seoKeyword|{"Id":"a1D6F000003TvP5UAK","CurrencyIsoCode":"AUD"}|0x4d000354
11:37:15.0 (42222209)|STATEMENT_EXECUTE|[50]
11:37:15.0 (42223803)|STATEMENT_EXECUTE|[51]
11:37:15.0 (42234662)|HEAP_ALLOCATE|[51]|Bytes:18
11:37:15.0 (42242072)|METHOD_ENTRY|[51]||System.EncodingUtil.urlEncode(String, String)
11:37:15.0 (42263258)|METHOD_EXIT|[51]||System.EncodingUtil.urlEncode(String, String)
11:37:15.0 (42268168)|HEAP_ALLOCATE|[51]|Bytes:23
11:37:15.0 (42272604)|HEAP_ALLOCATE|[51]|Bytes:552
11:37:15.0 (42281570)|VARIABLE_ASSIGNMENT|[51]|keywordQueryString|"&k[]=a1D6F000003TvPB (532 more) ..."
11:37:15.0 (42292086)|HEAP_ALLOCATE|[50]|Bytes:5
11:37:15.0 (42301658)|HEAP_ALLOCATE|[50]|Bytes:12
11:37:15.0 (42306855)|VARIABLE_SCOPE_BEGIN|[50]|seoKeyword|seoThemeKeywords__c|true|false
11:37:15.0 (42319343)|VARIABLE_ASSIGNMENT|[50]|seoKeyword|{"Id":"a1D6F000003TvP6UAK","CurrencyIsoCode":"AUD"}|0x1f9651ca
11:37:15.0 (42324299)|STATEMENT_EXECUTE|[50]
11:37:15.0 (42325924)|STATEMENT_EXECUTE|[51]
11:37:15.0 (42336863)|HEAP_ALLOCATE|[51]|Bytes:18
11:37:15.0 (42344277)|METHOD_ENTRY|[51]||System.EncodingUtil.urlEncode(String, String)
11:37:15.0 (42365468)|METHOD_EXIT|[51]||System.EncodingUtil.urlEncode(String, String)
11:37:15.0 (42370476)|HEAP_ALLOCATE|[51]|Bytes:23
11:37:15.0 (42374713)|HEAP_ALLOCATE|[51]|Bytes:575
11:37:15.0 (42383817)|VARIABLE_ASSIGNMENT|[51]|keywordQueryString|"&k[]=a1D6F000003TvPB (555 more) ..."
11:37:15.0 (42394106)|HEAP_ALLOCATE|[50]|Bytes:5
11:37:15.0 (42403507)|HEAP_ALLOCATE|[50]|Bytes:12
11:37:15.0 (42408739)|VARIABLE_SCOPE_BEGIN|[50]|seoKeyword|seoThemeKeywords__c|true|false
11:37:15.0 (42421020)|VARIABLE_ASSIGNMENT|[50]|seoKeyword|{"Id":"a1D6F000003TvP8UAK","CurrencyIsoCode":"AUD"}|0x6c6be55d
11:37:15.0 (42426025)|STATEMENT_EXECUTE|[50]
11:37:15.0 (42427715)|STATEMENT_EXECUTE|[51]
11:37:15.0 (42447994)|HEAP_ALLOCATE|[51]|Bytes:18
11:37:15.0 (42455835)|METHOD_ENTRY|[51]||System.EncodingUtil.urlEncode(String, String)
11:37:15.0 (42477557)|METHOD_EXIT|[51]||System.EncodingUtil.urlEncode(String, String)
11:37:15.0 (42482743)|HEAP_ALLOCATE|[51]|Bytes:23
11:37:15.0 (42487733)|HEAP_ALLOCATE|[51]|Bytes:598
11:37:15.0 (42498576)|VARIABLE_ASSIGNMENT|[51]|keywordQueryString|"&k[]=a1D6F000003TvPB (578 more) ..."
11:37:15.0 (42511092)|HEAP_ALLOCATE|[50]|Bytes:5
11:37:15.0 (42520961)|HEAP_ALLOCATE|[50]|Bytes:12
11:37:15.0 (42526394)|VARIABLE_SCOPE_BEGIN|[50]|seoKeyword|seoThemeKeywords__c|true|false
11:37:15.0 (42538811)|VARIABLE_ASSIGNMENT|[50]|seoKeyword|{"Id":"a1D6F000003TvPDUA0","CurrencyIsoCode":"AUD"}|0x2525d7e5
11:37:15.0 (42544167)|STATEMENT_EXECUTE|[50]
11:37:15.0 (42545768)|STATEMENT_EXECUTE|[51]
11:37:15.0 (42556917)|HEAP_ALLOCATE|[51]|Bytes:18
11:37:15.0 (42564400)|METHOD_ENTRY|[51]||System.EncodingUtil.urlEncode(String, String)
11:37:15.0 (42586452)|METHOD_EXIT|[51]||System.EncodingUtil.urlEncode(String, String)
11:37:15.0 (42591480)|HEAP_ALLOCATE|[51]|Bytes:23
11:37:15.0 (42595903)|HEAP_ALLOCATE|[51]|Bytes:621
11:37:15.0 (42604646)|VARIABLE_ASSIGNMENT|[51]|keywordQueryString|"&k[]=a1D6F000003TvPB (601 more) ..."
11:37:15.0 (42614865)|HEAP_ALLOCATE|[50]|Bytes:5
11:37:15.0 (42624367)|HEAP_ALLOCATE|[50]|Bytes:12
11:37:15.0 (42629697)|VARIABLE_SCOPE_BEGIN|[50]|seoKeyword|seoThemeKeywords__c|true|false
11:37:15.0 (42641727)|VARIABLE_ASSIGNMENT|[50]|seoKeyword|{"Id":"a1D6F000003TvPQUA0","CurrencyIsoCode":"AUD"}|0x68727ab6
11:37:15.0 (42647093)|STATEMENT_EXECUTE|[50]
11:37:15.0 (42648786)|STATEMENT_EXECUTE|[51]
11:37:15.0 (42659671)|HEAP_ALLOCATE|[51]|Bytes:18
11:37:15.0 (42666903)|METHOD_ENTRY|[51]||System.EncodingUtil.urlEncode(String, String)
11:37:15.0 (42688249)|METHOD_EXIT|[51]||System.EncodingUtil.urlEncode(String, String)
11:37:15.0 (42693268)|HEAP_ALLOCATE|[51]|Bytes:23
11:37:15.0 (42697839)|HEAP_ALLOCATE|[51]|Bytes:644
11:37:15.0 (42706487)|VARIABLE_ASSIGNMENT|[51]|keywordQueryString|"&k[]=a1D6F000003TvPB (624 more) ..."
11:37:15.0 (42716123)|HEAP_ALLOCATE|[50]|Bytes:5
11:37:15.0 (42725708)|HEAP_ALLOCATE|[50]|Bytes:12
11:37:15.0 (42731261)|VARIABLE_SCOPE_BEGIN|[50]|seoKeyword|seoThemeKeywords__c|true|false
11:37:15.0 (42743209)|VARIABLE_ASSIGNMENT|[50]|seoKeyword|{"Id":"a1D6F000003TvPRUA0","CurrencyIsoCode":"AUD"}|0x45477e73
11:37:15.0 (42748639)|STATEMENT_EXECUTE|[50]
11:37:15.0 (42750257)|STATEMENT_EXECUTE|[51]
11:37:15.0 (42760907)|HEAP_ALLOCATE|[51]|Bytes:18
11:37:15.0 (42768295)|METHOD_ENTRY|[51]||System.EncodingUtil.urlEncode(String, String)
11:37:15.0 (42789965)|METHOD_EXIT|[51]||System.EncodingUtil.urlEncode(String, String)
11:37:15.0 (42794755)|HEAP_ALLOCATE|[51]|Bytes:23
11:37:15.0 (42799016)|HEAP_ALLOCATE|[51]|Bytes:667
11:37:15.0 (42807886)|VARIABLE_ASSIGNMENT|[51]|keywordQueryString|"&k[]=a1D6F000003TvPB (647 more) ..."
11:37:15.0 (42818039)|HEAP_ALLOCATE|[50]|Bytes:5
11:37:15.0 (42827676)|HEAP_ALLOCATE|[50]|Bytes:12
11:37:15.0 (42833075)|VARIABLE_SCOPE_BEGIN|[50]|seoKeyword|seoThemeKeywords__c|true|false
11:37:15.0 (42845056)|VARIABLE_ASSIGNMENT|[50]|seoKeyword|{"Id":"a1D6F000003TvPWUA0","CurrencyIsoCode":"AUD"}|0x76b52a8b
11:37:15.0 (42850092)|STATEMENT_EXECUTE|[50]
11:37:15.0 (42851685)|STATEMENT_EXECUTE|[51]
11:37:15.0 (42862553)|HEAP_ALLOCATE|[51]|Bytes:18
11:37:15.0 (42869951)|METHOD_ENTRY|[51]||System.EncodingUtil.urlEncode(String, String)
11:37:15.0 (42891046)|METHOD_EXIT|[51]||System.EncodingUtil.urlEncode(String, String)
11:37:15.0 (42895928)|HEAP_ALLOCATE|[51]|Bytes:23
11:37:15.0 (42900199)|HEAP_ALLOCATE|[51]|Bytes:690
11:37:15.0 (42908712)|VARIABLE_ASSIGNMENT|[51]|keywordQueryString|"&k[]=a1D6F000003TvPB (670 more) ..."
11:37:15.0 (42918732)|HEAP_ALLOCATE|[50]|Bytes:5
11:37:15.0 (42929523)|VARIABLE_ASSIGNMENT|[50]|seoKeyword|null|
11:37:15.0 (42934439)|STATEMENT_EXECUTE|[55]
11:37:15.0 (42946045)|METHOD_EXIT|[113]|01p6F000009rEEx|SeoGeoController.getKeywordIdQueryString()
11:37:15.0 (42952355)|VARIABLE_SCOPE_BEGIN|[113]|keywordQueryString|String|false|false
11:37:15.0 (42963211)|VARIABLE_ASSIGNMENT|[113]|keywordQueryString|"&k[]=a1D6F000003TvPB (670 more) ..."
11:37:15.0 (42983630)|STATEMENT_EXECUTE|[115]
11:37:15.0 (42985735)|STATEMENT_EXECUTE|[116]
11:37:15.0 (42993323)|HEAP_ALLOCATE|[116]|Bytes:813
11:37:15.0 (43002489)|VARIABLE_ASSIGNMENT|[116]|consolePath|"/?c=seo&action=keywo (793 more) ..."
11:37:15.0 (43007544)|STATEMENT_EXECUTE|[121]
11:37:15.0 (43015967)|METHOD_EXIT|[80]|01p6F000009rEEx|SeoGeoController.getGeoURL()
11:37:15.0 (43021735)|VARIABLE_SCOPE_BEGIN|[80]|consolePath|String|false|false
11:37:15.0 (43031509)|VARIABLE_ASSIGNMENT|[80]|consolePath|"/?c=seo&action=keywo (793 more) ..."
11:37:15.0 (43036411)|STATEMENT_EXECUTE|[82]
11:37:15.0 (43038106)|STATEMENT_EXECUTE|[83]
11:37:15.0 (43886056)|HEAP_ALLOCATE|[83]|Bytes:7
11:37:15.0 (43898018)|HEAP_ALLOCATE|[83]|Bytes:10
11:37:15.0 (43910348)|METHOD_ENTRY|[1]|01p6F000006aBAZ|slxConsole.slxConsole()
11:37:15.0 (43915827)|STATEMENT_EXECUTE|[1]
11:37:15.0 (43919712)|STATEMENT_EXECUTE|[1]
11:37:15.0 (43924455)|METHOD_EXIT|[1]|slxConsole
11:37:15.0 (43935914)|METHOD_ENTRY|[83]|01p6F000006aBAZ|slxConsole.getConsolePage(String)
11:37:15.0 (43952800)|VARIABLE_SCOPE_BEGIN|[17]|path|String|false|false
11:37:15.0 (43966393)|VARIABLE_ASSIGNMENT|[17]|path|"/?c=seo&action=keywo (793 more) ..."
11:37:15.0 (43972702)|STATEMENT_EXECUTE|[17]
11:37:15.0 (43974656)|STATEMENT_EXECUTE|[20]
11:37:15.0 (43985297)|HEAP_ALLOCATE|[20]|Bytes:10
11:37:15.0 (45048809)|HEAP_ALLOCATE|[20]|Bytes:56
11:37:15.0 (45068799)|VARIABLE_SCOPE_BEGIN|[20]|consoleLogin|Login__c|true|false
11:37:15.0 (45133594)|VARIABLE_ASSIGNMENT|[20]|consoleLogin|{"LastModifiedDate":"2017-01-17T06:58:25.000Z","username__c":"salesforce","IsDeleted":false,"password__c":"49fc7fd771000d6127b3 (12 more) ...","URL__c":"https://console.spon (13 more) ...","CurrencyIsoCode":"AUD","SetupOwnerId":"00D90000000IJSaEAO","Name":"SLXConsole","SystemModstamp":"2018-03-23T09:17:56.000Z","CreatedById":"00590000000VmmqAAC","CreatedDate":"2016-03-02T07:09:34.000Z","Id":"a1w6F000005747qQAA","LastModifiedById":"00590000000VmmqAAC"}|0x41d2c073
11:37:15.0 (45147457)|STATEMENT_EXECUTE|[22]
11:37:15.0 (45156363)|STATEMENT_EXECUTE|[27]
11:37:15.0 (45186264)|VARIABLE_SCOPE_BEGIN|[27]|consoleEndpoint|String|false|false
11:37:15.0 (45201140)|VARIABLE_ASSIGNMENT|[27]|consoleEndpoint|"https://console.spon (13 more) ..."
11:37:15.0 (45205858)|STATEMENT_EXECUTE|[28]
11:37:15.0 (45223392)|VARIABLE_SCOPE_BEGIN|[28]|consoleUsername|String|false|false
11:37:15.0 (45233602)|VARIABLE_ASSIGNMENT|[28]|consoleUsername|"salesforce"
11:37:15.0 (45237760)|STATEMENT_EXECUTE|[29]
11:37:15.0 (45250342)|VARIABLE_SCOPE_BEGIN|[29]|consolePassword|String|false|false
11:37:15.0 (45261830)|VARIABLE_ASSIGNMENT|[29]|consolePassword|"49fc7fd771000d6127b3 (12 more) ..."
11:37:15.0 (45265934)|STATEMENT_EXECUTE|[33]
11:37:15.0 (45290358)|VARIABLE_SCOPE_BEGIN|[33]|req|System.HttpRequest|true|false
11:37:15.0 (45545393)|VARIABLE_ASSIGNMENT|[33]|req|"System.HttpRequest[Endpoint=null, Method=null]"|0x499be039
11:37:15.0 (45554909)|STATEMENT_EXECUTE|[34]
11:37:15.0 (45569943)|HEAP_ALLOCATE|[34]|Bytes:846
11:37:15.0 (45625977)|STATEMENT_EXECUTE|[35]
11:37:15.0 (45633904)|HEAP_ALLOCATE|[35]|Bytes:3
11:37:15.0 (45656231)|STATEMENT_EXECUTE|[36]
11:37:15.0 (45662360)|HEAP_ALLOCATE|[36]|Bytes:6
11:37:15.0 (45667715)|HEAP_ALLOCATE|[36]|Bytes:9
11:37:15.0 (45671679)|HEAP_ALLOCATE|[36]|Bytes:11
11:37:15.0 (45685071)|HEAP_ALLOCATE|[36]|Bytes:62
11:37:15.0 (45715769)|STATEMENT_EXECUTE|[40]
11:37:15.0 (45734123)|VARIABLE_SCOPE_BEGIN|[40]|http|System.Http|true|false
11:37:15.0 (45814575)|VARIABLE_ASSIGNMENT|[40]|http|"System.Http[]"|0x4ee4b840
11:37:15.0 (45823599)|STATEMENT_EXECUTE|[41]
11:37:15.0 (45881132)|CALLOUT_REQUEST|[41]|System.HttpRequest[Endpoint=https://console.sponsoredlinx.com/?c=seo&action=keywordGeoCompare&output=table&websiteid=a166F00000AJbjEQAT&geolocation=Sydney%2CNew+South+Wales%2CAustralia&k[]=a1D6F000003TvPBUA0&k[]=a1D6F000003TvPXUA0&k[]=a1D6F000003TvPVUA0&k[]=a1D6F000003TvP9UAK&k[]=a1D6F000003TvPNUA0&k[]=a1D6F000003TvPAUA0&k[]=a1D6F000003TvPCUA0&k[]=a1D6F000003TvPPUA0&k[]=a1D6F000003TvPHUA0&k[]=a1D6F000003TvPJUA0&k[]=a1D6F000003TvPYUA0&k[]=a1D6F000003TvPFUA0&k[]=a1D6F000003TvPOUA0&k[]=a1D6F000003TvPSUA0&k[]=a1D6F000003TvPLUA0&k[]=a1D6F000003TvPTUA0&k[]=a1D6F000003TvPMUA0&k[]=a1D6F000003TvPGUA0&k[]=a1D6F000003TvPEUA0&k[]=a1D6F000003TvPUUA0&k[]=a1D6F000003TvPKUA0&k[]=a1D6F000003TvPIUA0&k[]=a1D6F000003TvP7UAK&k[]=a1D6F000003TvP5UAK&k[]=a1D6F000003TvP6UAK&k[]=a1D6F000003TvP8UAK&k[]=a1D6F000003TvPDUA0&k[]=a1D6F000003TvPQUA0&k[]=a1D6F000003TvPRUA0&k[]=a1D6F000003TvPWUA0, Method=GET]
11:37:15.0 (642316259)|HEAP_ALLOCATE|[EXTERNAL]|Bytes:5384
11:37:15.0 (642520419)|CALLOUT_RESPONSE|[41]|System.HttpResponse[Status=OK, StatusCode=200]
11:37:15.0 (642540013)|HEAP_ALLOCATE|[41]|Bytes:5201
11:37:15.0 (642567985)|VARIABLE_SCOPE_BEGIN|[41]|res|System.HttpResponse|true|false
11:37:15.0 (642755377)|VARIABLE_ASSIGNMENT|[41]|res|"System.HttpResponse[Status=OK, StatusCode=200]"|0x35add28b
11:37:15.0 (642767737)|STATEMENT_EXECUTE|[44]
11:37:15.0 (643077324)|HEAP_ALLOCATE|[44]|Bytes:5195
11:37:15.0 (643098845)|METHOD_EXIT|[83]|01p6F000006aBAZ|slxConsole.getConsolePage(String)
11:37:15.0 (643122230)|VARIABLE_ASSIGNMENT|[83]|geoTable|"<style>\ntable.table{ (5175 more) ..."
11:37:15.0 (643131022)|HEAP_ALLOCATE|[87]|Bytes:10
11:37:15.0 (643210439)|STATEMENT_EXECUTE|[87]
11:37:15.0 (643213814)|STATEMENT_EXECUTE|[88]
11:37:15.0 (643298060)|VARIABLE_ASSIGNMENT|[EXTERNAL]|this|{"allGeo":"0x6b02cb71","device":"desktop","refreshRequired":true,"selectedGeo":"0x62317fbd","seoWebsite":"0xe8fec62"}|0x2cbe9e5c
11:37:15.0 (643315036)|VARIABLE_ASSIGNMENT|[EXTERNAL]|value|true
11:37:15.0 (643323630)|HEAP_ALLOCATE|[4]|Bytes:5
11:37:15.0 (643336494)|VARIABLE_ASSIGNMENT|[4]|this.refreshRequired|true|0x2cbe9e5c
11:37:15.0 (643347475)|STATEMENT_EXECUTE|[93]
11:37:15.0 (643358366)|SYSTEM_MODE_EXIT|false
11:37:15.0 (644362848)|VF_SERIALIZE_VIEWSTATE_BEGIN|0666F000007GVD0
11:37:15.0 (648220835)|VF_SERIALIZE_VIEWSTATE_END
11:37:15.650 (650114062)|CUMULATIVE_LIMIT_USAGE
11:37:15.650 (650114062)|LIMIT_USAGE_FOR_NS|(default)|
  Number of SOQL queries: 1 out of 100
  Number of query rows: 30 out of 50000
  Number of SOSL queries: 0 out of 20
  Number of DML statements: 0 out of 150
  Number of DML rows: 0 out of 10000
  Maximum CPU time: 0 out of 10000
  Maximum heap size: 0 out of 6000000
  Number of callouts: 1 out of 100
  Number of Email Invocations: 0 out of 10
  Number of future calls: 0 out of 50
  Number of queueable jobs added to the queue: 0 out of 50
  Number of Mobile Apex push calls: 0 out of 10

11:37:15.650 (650114062)|CUMULATIVE_LIMIT_USAGE_END

11:37:15.0 (650151776)|CODE_UNIT_FINISHED|VF: /apex/SeoGeoCompare
11:37:15.0 (652430493)|EXECUTION_FINISHED
