37.0 APEX_CODE,FINEST;APEX_PROFILING,INFO;CALLOUT,INFO;DB,INFO;NBA,INFO;SYSTEM,DEBUG;VALIDATION,INFO;VISUALFORCE,INFO;WAVE,INFO;WORKFLOW,INFO
11:48:30.16 (16193380)|ENTERING_MANAGED_PKG|Centify
11:48:30.16 (17152414)|ENTERING_MANAGED_PKG|Centify
11:48:30.16 (17200057)|ENTERING_MANAGED_PKG|Centify
11:48:30.16 (17395627)|ENTERING_MANAGED_PKG|Centify
11:48:30.16 (17480234)|ENTERING_MANAGED_PKG|Centify
11:48:30.16 (18296886)|ENTERING_MANAGED_PKG|Centify
11:48:30.16 (18569665)|ENTERING_MANAGED_PKG|Centify
11:48:30.16 (18594755)|ENTERING_MANAGED_PKG|Centify
11:48:30.16 (18664619)|ENTERING_MANAGED_PKG|Centify
11:48:30.16 (18701754)|ENTERING_MANAGED_PKG|Centify
11:48:30.16 (18734641)|ENTERING_MANAGED_PKG|Centify
11:48:30.16 (18758229)|ENTERING_MANAGED_PKG|Centify
11:48:30.16 (18773825)|ENTERING_MANAGED_PKG|Centify
11:48:30.16 (18943916)|ENTERING_MANAGED_PKG|Centify
11:48:30.16 (55056338)|ENTERING_MANAGED_PKG|Centify
11:48:30.16 (55126403)|ENTERING_MANAGED_PKG|Centify
11:48:30.16 (55231242)|ENTERING_MANAGED_PKG|Centify
11:48:30.16 (55272409)|ENTERING_MANAGED_PKG|Centify
11:48:30.16 (187271770)|ENTERING_MANAGED_PKG|Centify
11:48:30.16 (230074623)|ENTERING_MANAGED_PKG|Centify
11:48:30.16 (243082022)|ENTERING_MANAGED_PKG|Centify
11:48:30.16 (243129239)|ENTERING_MANAGED_PKG|Centify
11:48:30.16 (243201281)|ENTERING_MANAGED_PKG|Centify
11:48:30.16 (243232944)|ENTERING_MANAGED_PKG|Centify
11:48:30.16 (243292833)|ENTERING_MANAGED_PKG|Centify
11:48:30.16 (270612999)|ENTERING_MANAGED_PKG|Centify
11:48:30.16 (295556259)|ENTERING_MANAGED_PKG|Centify
11:48:30.16 (295615384)|ENTERING_MANAGED_PKG|Centify
11:48:30.16 (295725761)|ENTERING_MANAGED_PKG|Centify
11:48:30.16 (295791446)|ENTERING_MANAGED_PKG|Centify
11:48:30.16 (295892550)|ENTERING_MANAGED_PKG|Centify
11:48:30.16 (329638056)|ENTERING_MANAGED_PKG|Centify
11:48:30.16 (351103501)|ENTERING_MANAGED_PKG|Centify
11:48:30.16 (351181230)|ENTERING_MANAGED_PKG|Centify
11:48:30.16 (351269539)|ENTERING_MANAGED_PKG|Centify
11:48:30.16 (351302610)|ENTERING_MANAGED_PKG|Centify
11:48:30.16 (351363603)|ENTERING_MANAGED_PKG|Centify
11:48:30.16 (382770886)|ENTERING_MANAGED_PKG|Centify
11:48:30.16 (404476248)|ENTERING_MANAGED_PKG|Centify
11:48:30.16 (404542704)|ENTERING_MANAGED_PKG|Centify
11:48:30.16 (404659468)|ENTERING_MANAGED_PKG|Centify
11:48:30.16 (404712246)|ENTERING_MANAGED_PKG|Centify
11:48:30.16 (404811111)|ENTERING_MANAGED_PKG|Centify
11:48:30.16 (433965793)|ENTERING_MANAGED_PKG|Centify
11:48:30.16 (451670581)|ENTERING_MANAGED_PKG|Centify
11:48:30.16 (451743743)|ENTERING_MANAGED_PKG|Centify
11:48:30.16 (451856531)|ENTERING_MANAGED_PKG|Centify
11:48:30.16 (451913248)|ENTERING_MANAGED_PKG|Centify
11:48:30.16 (452009555)|ENTERING_MANAGED_PKG|Centify
11:48:30.16 (490428443)|ENTERING_MANAGED_PKG|Centify
11:48:30.16 (508148227)|ENTERING_MANAGED_PKG|Centify
11:48:30.16 (508200724)|ENTERING_MANAGED_PKG|Centify
11:48:30.16 (508274061)|ENTERING_MANAGED_PKG|Centify
11:48:30.16 (508306436)|ENTERING_MANAGED_PKG|Centify
11:48:30.16 (508367956)|ENTERING_MANAGED_PKG|Centify
11:48:30.16 (537422851)|ENTERING_MANAGED_PKG|Centify
11:48:30.16 (552719275)|ENTERING_MANAGED_PKG|Centify
11:48:30.16 (552767086)|ENTERING_MANAGED_PKG|Centify
11:48:30.16 (552874413)|ENTERING_MANAGED_PKG|Centify
11:48:30.16 (552913159)|ENTERING_MANAGED_PKG|Centify
11:48:30.16 (552977659)|ENTERING_MANAGED_PKG|Centify
11:48:30.16 (578284999)|ENTERING_MANAGED_PKG|Centify
11:48:30.16 (593241479)|ENTERING_MANAGED_PKG|Centify
11:48:30.16 (593291885)|ENTERING_MANAGED_PKG|Centify
11:48:30.16 (593365479)|ENTERING_MANAGED_PKG|Centify
11:48:30.16 (593397505)|ENTERING_MANAGED_PKG|Centify
11:48:30.16 (593456951)|ENTERING_MANAGED_PKG|Centify
11:48:30.16 (619032903)|ENTERING_MANAGED_PKG|Centify
11:48:30.16 (633879364)|ENTERING_MANAGED_PKG|Centify
11:48:30.16 (633927801)|ENTERING_MANAGED_PKG|Centify
11:48:30.16 (633999722)|ENTERING_MANAGED_PKG|Centify
11:48:30.16 (634039990)|ENTERING_MANAGED_PKG|Centify
11:48:30.16 (634106089)|ENTERING_MANAGED_PKG|Centify
11:48:30.16 (668469190)|ENTERING_MANAGED_PKG|Centify
11:48:30.16 (668527802)|ENTERING_MANAGED_PKG|Centify
11:48:30.16 (668675808)|ENTERING_MANAGED_PKG|Centify
11:48:30.16 (668712219)|ENTERING_MANAGED_PKG|Centify
11:48:30.16 (668741752)|ENTERING_MANAGED_PKG|Centify
11:48:30.16 (669011219)|ENTERING_MANAGED_PKG|Centify
11:48:30.16 (669082462)|ENTERING_MANAGED_PKG|Centify
11:48:30.16 (679729634)|ENTERING_MANAGED_PKG|Centify
11:48:30.16 (679823515)|ENTERING_MANAGED_PKG|Centify
11:48:30.16 (679946787)|ENTERING_MANAGED_PKG|Centify
11:48:30.16 (680702232)|ENTERING_MANAGED_PKG|Centify
11:48:30.16 (681676670)|SOQL_EXECUTE_BEGIN|[16]|Aggregations:0|select id,lastmodifieddate,isdeleted,ownerid,status,whatid,activitydate,tasksubtype,isclosed,subject from Task where LastModifiedDate >2018-10-23T01:48:06Z AND LastModifiedDate < 2018-10-23T01:48:36Z AND (  Subject = 'Email' )  ORDER BY SystemModStamp DESC LIMIT 5000  ALL ROWS
11:48:30.16 (689606806)|SOQL_EXECUTE_END|[16]|Rows:0
11:48:30.716 (716640162)|CUMULATIVE_LIMIT_USAGE
11:48:30.716 (716640162)|LIMIT_USAGE_FOR_NS|(default)|
  Number of SOQL queries: 0 out of 200
  Number of query rows: 0 out of 50000
  Number of SOSL queries: 0 out of 20
  Number of DML statements: 0 out of 150
  Number of DML rows: 0 out of 10000
  Maximum CPU time: 0 out of 60000
  Maximum heap size: 0 out of 12000000
  Number of callouts: 0 out of 0
  Number of Email Invocations: 0 out of 10
  Number of future calls: 0 out of 0
  Number of queueable jobs added to the queue: 0 out of 1
  Number of Mobile Apex push calls: 0 out of 10

11:48:30.716 (716640162)|LIMIT_USAGE_FOR_NS|Centify|
  Number of SOQL queries: 0 out of 200
  Number of query rows: 0 out of 50000
  Number of SOSL queries: 0 out of 20
  Number of DML statements: 0 out of 150
  Number of DML rows: 0 out of 10000
  Maximum CPU time: 0 out of 60000
  Maximum heap size: 0 out of 12000000
  Number of callouts: 0 out of 0
  Number of Email Invocations: 0 out of 10
  Number of future calls: 0 out of 0
  Number of queueable jobs added to the queue: 0 out of 1
  Number of Mobile Apex push calls: 0 out of 10

11:48:30.716 (716640162)|CUMULATIVE_LIMIT_USAGE_END

