31.0 APEX_CODE,FINEST;APEX_PROFILING,INFO;CALLOUT,INFO;DB,INFO;NBA,INFO;SYSTEM,DEBUG;VALIDATION,INFO;VISUALFORCE,INFO;WAVE,INFO;WORKFLOW,INFO
17:21:09.0 (389853)|USER_INFO|[EXTERNAL]|00590000000Vmmq|ben@bjbglobal.com.au|Australian Eastern Standard Time|GMT+10:00
17:21:09.0 (428566)|EXECUTION_STARTED
17:21:09.0 (432568)|CODE_UNIT_STARTED|[EXTERNAL]|TRIGGERS
17:21:09.0 (460001)|CODE_UNIT_STARTED|[EXTERNAL]|01q6F000000DhRF|TaskBeforeUpdate on Task trigger event BeforeUpdate|__sfdc_trigger/TaskBeforeUpdate
17:21:09.0 (498524)|HEAP_ALLOCATE|[EXTERNAL]|Bytes:8
17:21:09.0 (578119)|HEAP_ALLOCATE|[EXTERNAL]|Bytes:8
17:21:09.0 (994341)|HEAP_ALLOCATE|[72]|Bytes:3
17:21:09.0 (1031104)|HEAP_ALLOCATE|[77]|Bytes:152
17:21:09.0 (1046238)|HEAP_ALLOCATE|[342]|Bytes:408
17:21:09.0 (1058666)|HEAP_ALLOCATE|[355]|Bytes:408
17:21:09.0 (1069877)|HEAP_ALLOCATE|[467]|Bytes:48
17:21:09.0 (1096382)|HEAP_ALLOCATE|[139]|Bytes:6
17:21:09.0 (1118810)|HEAP_ALLOCATE|[EXTERNAL]|Bytes:4
17:21:09.0 (1126627)|VARIABLE_SCOPE_BEGIN|[10]|this|TaskBeforeUpdate|true|false
17:21:09.0 (1173136)|VARIABLE_ASSIGNMENT|[10]|this|{}|0x67f113a2
17:21:09.0 (1231867)|HEAP_ALLOCATE|[EXTERNAL]|Bytes:4
17:21:09.0 (1239865)|VARIABLE_SCOPE_BEGIN|[10]|this|TaskBeforeUpdate|true|false
17:21:09.0 (1254536)|VARIABLE_ASSIGNMENT|[10]|this|{}|0x67f113a2
17:21:09.0 (1262650)|STATEMENT_EXECUTE|[10]
17:21:09.1 (1267101)|CUMULATIVE_LIMIT_USAGE
17:21:09.1 (1267101)|LIMIT_USAGE_FOR_NS|(default)|
  Number of SOQL queries: 0 out of 100
  Number of query rows: 0 out of 50000
  Number of SOSL queries: 0 out of 20
  Number of DML statements: 0 out of 150
  Number of DML rows: 0 out of 10000
  Maximum CPU time: 0 out of 10000
  Maximum heap size: 0 out of 6000000
  Number of callouts: 0 out of 100
  Number of Email Invocations: 0 out of 10
  Number of future calls: 0 out of 50
  Number of queueable jobs added to the queue: 0 out of 50
  Number of Mobile Apex push calls: 0 out of 10

17:21:09.1 (1267101)|CUMULATIVE_LIMIT_USAGE_END

17:21:09.0 (2527086)|CODE_UNIT_FINISHED|TaskBeforeUpdate on Task trigger event BeforeUpdate|__sfdc_trigger/TaskBeforeUpdate
17:21:09.0 (9047045)|CODE_UNIT_STARTED|[EXTERNAL]|Validation:Task:00T6F00005907ns
17:21:09.0 (9067574)|VALIDATION_RULE|03d6F000000qFaO|Finish_all_call_monitor_field
17:21:09.0 (9868188)|VALIDATION_FORMULA|AND(!ISBLANK(Monitored_By__c),
    OR(ISBLANK( TEXT(CM_advised_what_will_happen_next__c)),
       ISBLANK( TEXT(Allow_customer_to_present_concerns__c) ),
       ISBLANK( TEXT(Communication_is_clear_positive_confiden__c) ),
       ISBLANK( TEXT(Demonstrate_active_listening__c )),
       ISBLANK( TEXT(Gave_correct_answers_and_infomations__c) ),
       ISBLANK( TEXT(Mirrors_clients_talking_behaviour__c) ) ))|CM_advised_what_will_happen_next__c=null , Demonstrate_active_listening__c=null , Communication_is_clear_positive_confiden__c=null , Allow_customer_to_present_concerns__c=null , Gave_correct_answers_and_infomations__c=null , Mirrors_clients_talking_behaviour__c=null , Monitored_By__c=null
17:21:09.0 (9895444)|VALIDATION_PASS
17:21:09.0 (9899555)|VALIDATION_RULE|03d900000009JbB|Interac_Quality_Must_Be_Between_1_and_10
17:21:09.0 (10055822)|VALIDATION_FORMULA|NVMContactWorld__InteractionQuality__c < 1  &#124;&#124;  NVMContactWorld__InteractionQuality__c > 10|NVMContactWorld__InteractionQuality__c=null
17:21:09.0 (10073983)|VALIDATION_PASS
17:21:09.0 (10398503)|CODE_UNIT_FINISHED|Validation:Task:00T6F00005907ns
17:21:09.0 (63377746)|CODE_UNIT_STARTED|[EXTERNAL]|Workflow:Task
17:21:09.0 (87800713)|WF_RULE_EVAL_BEGIN|Workflow
17:21:09.0 (87844123)|WF_CRITERIA_BEGIN|[Task:  00T6F00005907ns]|Update Call Monitor Details|01Q6F0000002Tdt|ON_CREATE_OR_TRIGGERING_UPDATE|0
17:21:09.0 (91004593)|WF_RULE_FILTER|[Task : Monitored By not equal to ]
17:21:09.0 (91021540)|WF_RULE_EVAL_VALUE|
17:21:09.0 (91026222)|WF_CRITERIA_END|false
17:21:09.0 (91037805)|WF_CRITERIA_BEGIN|[Task:  00T6F00005907ns]|Update_Callback_Request_Due_Date3016F0000005i0e|01Q6F0000019gyq|ON_CREATE_ONLY|0
17:21:09.0 (91048374)|WF_RULE_NOT_EVALUATED
17:21:09.0 (91054064)|WF_CRITERIA_BEGIN|[Task:  00T6F00005907ns]|Call Back Request From LinX|01Q6F000001EY2L|ON_CREATE_OR_TRIGGERING_UPDATE|0
17:21:09.0 (91120750)|WF_RULE_FILTER|[Task : Subject equals Callback Request]
17:21:09.0 (91133409)|WF_RULE_EVAL_VALUE|Outbound call to +61404257020
17:21:09.0 (91137939)|WF_CRITERIA_END|false
17:21:09.0 (91145663)|WF_CRITERIA_BEGIN|[Task:  00T6F00005907ns]|Call_Monitor3016F00000054R3|01Q6F000000oOu7|ON_ALL_CHANGES|0
17:21:09.0 (91289916)|WF_FORMULA|Formula:ENCODED:[treatNullAsNull]true|Values:
17:21:09.0 (91298450)|WF_CRITERIA_END|true
17:21:09.0 (92143929)|WF_SPOOL_ACTION_BEGIN|Workflow
17:21:09.0 (92171289)|WF_ACTION| Flow Trigger: 1;
17:21:09.0 (92176208)|WF_RULE_EVAL_END
17:21:09.0 (93207022)|WF_FLOW_ACTION_BEGIN|09L6F000000PGTV
17:21:09.94 (94705553)|FLOW_CREATE_INTERVIEW_BEGIN|00D90000000IJSa|3006F0000008usA|3016F00000054R3
17:21:09.94 (95459809)|FLOW_CREATE_INTERVIEW_END|358639cbb842d955101f4d64d991673514246f-606e|Call Monitoring
17:21:09.95 (95893395)|FLOW_START_INTERVIEWS_BEGIN|1
17:21:09.95 (95914311)|FLOW_START_INTERVIEW_BEGIN|358639cbb842d955101f4d64d991673514246f-606e|Call Monitoring
17:21:09.95 (108531437)|FLOW_START_INTERVIEW_END|358639cbb842d955101f4d64d991673514246f-606e|Call Monitoring
17:21:09.95 (108561871)|FLOW_START_INTERVIEWS_END|1
17:21:09.0 (110473380)|WF_FLOW_ACTION_END|09L6F000000PGTV
17:21:09.0 (110601747)|WF_ACTIONS_END| Flow Trigger: 1;
17:21:09.0 (110617289)|CODE_UNIT_FINISHED|Workflow:Task
17:21:09.0 (124402011)|CODE_UNIT_FINISHED|TRIGGERS
17:21:09.0 (124418959)|EXECUTION_FINISHED
