36.0 APEX_CODE,FINEST;APEX_PROFILING,INFO;CALLOUT,INFO;DB,INFO;NBA,INFO;SYSTEM,DEBUG;VALIDATION,INFO;VISUALFORCE,INFO;WAVE,INFO;WORKFLOW,INFO
11:37:50.0 (132006)|USER_INFO|[EXTERNAL]|00590000000Vmmq|ben@bjbglobal.com.au|Australian Eastern Standard Time|GMT+10:00
11:37:50.0 (181021)|EXECUTION_STARTED
11:37:50.0 (187425)|CODE_UNIT_STARTED|[EXTERNAL]|TRIGGERS
11:37:50.0 (220272)|CODE_UNIT_STARTED|[EXTERNAL]|01q6F000001IGJa|LinkCaseCallstoContact on Task trigger event BeforeInsert|__sfdc_trigger/LinkCaseCallstoContact
11:37:50.0 (258523)|HEAP_ALLOCATE|[EXTERNAL]|Bytes:8
11:37:50.0 (692496)|HEAP_ALLOCATE|[72]|Bytes:3
11:37:50.0 (737234)|HEAP_ALLOCATE|[77]|Bytes:152
11:37:50.0 (752428)|HEAP_ALLOCATE|[342]|Bytes:408
11:37:50.0 (765267)|HEAP_ALLOCATE|[355]|Bytes:408
11:37:50.0 (777083)|HEAP_ALLOCATE|[467]|Bytes:48
11:37:50.0 (804628)|HEAP_ALLOCATE|[139]|Bytes:6
11:37:50.0 (822231)|HEAP_ALLOCATE|[EXTERNAL]|Bytes:6
11:37:50.0 (836334)|HEAP_ALLOCATE|[EXTERNAL]|Bytes:4
11:37:50.0 (845354)|VARIABLE_SCOPE_BEGIN|[1]|this|LinkCaseCallstoContact|true|false
11:37:50.0 (888723)|VARIABLE_ASSIGNMENT|[1]|this|{}|0x12999329
11:37:50.0 (951075)|HEAP_ALLOCATE|[EXTERNAL]|Bytes:4
11:37:50.0 (959518)|VARIABLE_SCOPE_BEGIN|[1]|this|LinkCaseCallstoContact|true|false
11:37:50.0 (974472)|VARIABLE_ASSIGNMENT|[1]|this|{}|0x12999329
11:37:50.0 (983801)|STATEMENT_EXECUTE|[1]
11:37:50.0 (1014661)|HEAP_ALLOCATE|[50]|Bytes:5
11:37:50.0 (1038624)|HEAP_ALLOCATE|[56]|Bytes:5
11:37:50.0 (1048411)|HEAP_ALLOCATE|[64]|Bytes:7
11:37:50.0 (1324753)|HEAP_ALLOCATE|[2]|Bytes:5
11:37:50.0 (1363942)|HEAP_ALLOCATE|[2]|Bytes:4
11:37:50.0 (1376139)|VARIABLE_SCOPE_BEGIN|[2]|tsk|Task|true|false
11:37:50.0 (11812277)|VARIABLE_ASSIGNMENT|[2]|tsk|{"CallType":"Outbound","IsHighPriority":false,"IsClosed":false,"NVMStatsSF__NVM_Agent__c":"8","Is_Mobile_Number__c":true,"OwnerId":"0056F000007wQ9FQAU","IsToday__c":false,"IsReminderSet":false,"Status":"Completed","IsDeleted":false,"WhoId":"0036F00002DFtaBQAT","NVMContactWorld__CW_Call_Start_Time__c":"2018-10-23T01:37:49.000Z","ActivityDate":"2018-10-23T00:00:00.000Z","Priority":"Normal","IsVisibleInSelfService":false,"NVMContactWorld__Was_Call_Recorded__c":false,"CurrencyIsoCode":"AUD","IsRecurrence":false,"Subject":"Outbound call to +61 (9 more) ...","IsArchived":false,"CallObject":"01669e92-222c-0522-1 (16 more) ...","NVMContactWorld__Customer_Number__c":"+61468915118","NVMContactWorld__ContactWorld_Number__c":"61755564672","Day_of_the_Week__c":"Tuesday","Call_Duration_min__c":0.00,"Call_Monitored__c":false}|0x48a88d32
11:37:50.0 (11851037)|STATEMENT_EXECUTE|[2]
11:37:50.0 (11888065)|STATEMENT_EXECUTE|[4]
11:37:50.0 (11940744)|HEAP_ALLOCATE|[2]|Bytes:5
11:37:50.0 (11973609)|VARIABLE_ASSIGNMENT|[2]|tsk|null|
11:37:50.11 (11987362)|CUMULATIVE_LIMIT_USAGE
11:37:50.11 (11987362)|LIMIT_USAGE_FOR_NS|(default)|
  Number of SOQL queries: 0 out of 100
  Number of query rows: 0 out of 50000
  Number of SOSL queries: 0 out of 20
  Number of DML statements: 0 out of 150
  Number of DML rows: 0 out of 10000
  Maximum CPU time: 0 out of 10000
  Maximum heap size: 0 out of 6000000
  Number of callouts: 0 out of 100
  Number of Email Invocations: 0 out of 10
  Number of future calls: 0 out of 50
  Number of queueable jobs added to the queue: 0 out of 50
  Number of Mobile Apex push calls: 0 out of 10

11:37:50.11 (11987362)|CUMULATIVE_LIMIT_USAGE_END

11:37:50.0 (12896115)|CODE_UNIT_FINISHED|LinkCaseCallstoContact on Task trigger event BeforeInsert|__sfdc_trigger/LinkCaseCallstoContact
11:37:50.0 (16644465)|CODE_UNIT_STARTED|[EXTERNAL]|01q6F000001IKsI|TaskTrigger on Task trigger event BeforeInsert|__sfdc_trigger/TaskTrigger
11:37:50.0 (16734979)|HEAP_ALLOCATE|[EXTERNAL]|Bytes:8
11:37:50.0 (16884242)|HEAP_ALLOCATE|[EXTERNAL]|Bytes:4
11:37:50.0 (16906253)|VARIABLE_SCOPE_BEGIN|[5]|this|TaskTrigger|true|false
11:37:50.0 (16967031)|VARIABLE_ASSIGNMENT|[5]|this|{}|0x6abfd520
11:37:50.0 (17048162)|HEAP_ALLOCATE|[EXTERNAL]|Bytes:4
11:37:50.0 (17059132)|VARIABLE_SCOPE_BEGIN|[5]|this|TaskTrigger|true|false
11:37:50.0 (17074569)|VARIABLE_ASSIGNMENT|[5]|this|{}|0x6abfd520
11:37:50.0 (17084085)|STATEMENT_EXECUTE|[5]
11:37:50.0 (17116651)|STATEMENT_EXECUTE|[6]
11:37:50.0 (17119365)|STATEMENT_EXECUTE|[7]
11:37:50.0 (19823905)|VARIABLE_SCOPE_BEGIN|[2]|TaskHelper.TASK_STATUS|String|false|true
11:37:50.0 (19861600)|VARIABLE_SCOPE_BEGIN|[3]|TaskHelper.TASK_SUBJECT|String|false|true
11:37:50.0 (19882185)|VARIABLE_SCOPE_BEGIN|[4]|TaskHelper.TASK_TYPE|String|false|true
11:37:50.0 (20002913)|HEAP_ALLOCATE|[7]|Bytes:4
11:37:50.0 (20032433)|HEAP_ALLOCATE|[7]|Bytes:2
11:37:50.0 (20086099)|METHOD_ENTRY|[1]|01p6F000009rWtF|TaskHelper.TaskHelper()
11:37:50.0 (20105972)|STATEMENT_EXECUTE|[1]
11:37:50.0 (20116909)|STATEMENT_EXECUTE|[1]
11:37:50.0 (20121130)|STATEMENT_EXECUTE|[2]
11:37:50.0 (20148147)|HEAP_ALLOCATE|[2]|Bytes:9
11:37:50.0 (20184165)|VARIABLE_ASSIGNMENT|[2]|TaskHelper.TASK_STATUS|"Completed"
11:37:50.0 (20192484)|STATEMENT_EXECUTE|[3]
11:37:50.0 (20204432)|HEAP_ALLOCATE|[3]|Bytes:16
11:37:50.0 (20221119)|VARIABLE_ASSIGNMENT|[3]|TaskHelper.TASK_SUBJECT|"Outbound call to"
11:37:50.0 (20228524)|STATEMENT_EXECUTE|[4]
11:37:50.0 (20237410)|HEAP_ALLOCATE|[4]|Bytes:8
11:37:50.0 (20253370)|VARIABLE_ASSIGNMENT|[4]|TaskHelper.TASK_TYPE|"Outbound"
11:37:50.0 (20268670)|METHOD_EXIT|[1]|TaskHelper
11:37:50.0 (20295100)|HEAP_ALLOCATE|[7]|Bytes:4
11:37:50.0 (20319779)|CONSTRUCTOR_ENTRY|[7]|01p6F000009rWtF|<init>()|TaskHelper
11:37:50.0 (20351570)|VARIABLE_SCOPE_BEGIN|[1]|this|TaskHelper|true|false
11:37:50.0 (20377385)|VARIABLE_ASSIGNMENT|[1]|this|{}|0x4dd9750
11:37:50.0 (20389662)|HEAP_ALLOCATE|[EXTERNAL]|Bytes:6
11:37:50.0 (20438867)|STATEMENT_EXECUTE|[1]
11:37:50.0 (20447502)|CONSTRUCTOR_EXIT|[7]|01p6F000009rWtF|<init>()|TaskHelper
11:37:50.0 (20461573)|VARIABLE_SCOPE_BEGIN|[7]|helper|TaskHelper|true|false
11:37:50.0 (20488562)|VARIABLE_ASSIGNMENT|[7]|helper|{}|0x4dd9750
11:37:50.0 (20499062)|STATEMENT_EXECUTE|[8]
11:37:50.0 (20616416)|METHOD_ENTRY|[8]|01p6F000009rWtF|TaskHelper.setupContactToReurnCallTasks(List<Task>)
11:37:50.0 (20662400)|VARIABLE_SCOPE_BEGIN|[11]|this|TaskHelper|true|false
11:37:50.0 (20689011)|VARIABLE_ASSIGNMENT|[11]|this|{}|0x4dd9750
11:37:50.0 (20700744)|VARIABLE_SCOPE_BEGIN|[11]|newTasks|List<Task>|true|false
11:37:50.0 (23016155)|VARIABLE_ASSIGNMENT|[11]|newTasks|[{"CallType":"Outbound","IsHighPriority":false,"IsClosed":false,"NVMStatsSF__NVM_Agent__c":"8","Is_Mobile_Number__c":true,"OwnerId":"0056F000007wQ9FQAU","IsToday__c":false,"IsReminderSet":false,"Status":"Completed","IsDeleted":false,"WhoId":"0036F00002DFtaBQAT","NVMContactWorld__CW_Call_Start_Time__c":"2018-10-23T01:37:49.000Z","ActivityDate":"2018-10-23T00:00:00.000Z","Priority":"Normal","IsVisibleInSelfService":false,"NVMContactWorld__Was_Call_Recorded__c":false,"CurrencyIsoCode":"AUD","IsRecurrence":false,"Subject":"Outbound call to +61 (9 more) ...","IsArchived":false,"CallObject":"01669e92-222c-0522-1 (16 more) ...","NVMContactWorld__Customer_Number__c":"+61468915118","NVMContactWorld__ContactWorld_Number__c":"61755564672","Day_of_the_Week__c":"Tuesday","Call_Duration_min__c":0.00,"Call_Monitored__c":false}]|0x135b9e11
11:37:50.0 (23056223)|STATEMENT_EXECUTE|[11]
11:37:50.0 (23059817)|STATEMENT_EXECUTE|[12]
11:37:50.0 (23107616)|HEAP_ALLOCATE|[12]|Bytes:4
11:37:50.0 (23193561)|VARIABLE_SCOPE_BEGIN|[12]|voicemailIds|List<Id>|true|false
11:37:50.0 (23255821)|HEAP_ALLOCATE|[EXTERNAL]|Bytes:4
11:37:50.0 (23276553)|VARIABLE_ASSIGNMENT|[12]|voicemailIds|[]|0x7bd4fc3d
11:37:50.0 (23286619)|STATEMENT_EXECUTE|[13]
11:37:50.0 (23320840)|HEAP_ALLOCATE|[13]|Bytes:4
11:37:50.0 (23342060)|VARIABLE_SCOPE_BEGIN|[13]|contactIds|Map<Id,Id>|true|false
11:37:50.0 (23370141)|VARIABLE_ASSIGNMENT|[13]|contactIds|{}|0x559bb9ab
11:37:50.0 (23380072)|STATEMENT_EXECUTE|[14]
11:37:50.0 (23398744)|HEAP_ALLOCATE|[14]|Bytes:4
11:37:50.0 (23430522)|VARIABLE_SCOPE_BEGIN|[14]|results|List<Task>|true|false
11:37:50.0 (23447351)|HEAP_ALLOCATE|[EXTERNAL]|Bytes:4
11:37:50.0 (23460916)|VARIABLE_ASSIGNMENT|[14]|results|[]|0x760a5ce7
11:37:50.0 (23540795)|HEAP_ALLOCATE|[16]|Bytes:5
11:37:50.0 (23574392)|HEAP_ALLOCATE|[16]|Bytes:4
11:37:50.0 (23592430)|VARIABLE_SCOPE_BEGIN|[16]|item|Task|true|false
11:37:50.0 (24889975)|VARIABLE_ASSIGNMENT|[16]|item|{"CallType":"Outbound","IsHighPriority":false,"IsClosed":false,"NVMStatsSF__NVM_Agent__c":"8","Is_Mobile_Number__c":true,"OwnerId":"0056F000007wQ9FQAU","IsToday__c":false,"IsReminderSet":false,"Status":"Completed","IsDeleted":false,"WhoId":"0036F00002DFtaBQAT","NVMContactWorld__CW_Call_Start_Time__c":"2018-10-23T01:37:49.000Z","ActivityDate":"2018-10-23T00:00:00.000Z","Priority":"Normal","IsVisibleInSelfService":false,"NVMContactWorld__Was_Call_Recorded__c":false,"CurrencyIsoCode":"AUD","IsRecurrence":false,"Subject":"Outbound call to +61 (9 more) ...","IsArchived":false,"CallObject":"01669e92-222c-0522-1 (16 more) ...","NVMContactWorld__Customer_Number__c":"+61468915118","NVMContactWorld__ContactWorld_Number__c":"61755564672","Day_of_the_Week__c":"Tuesday","Call_Duration_min__c":0.00,"Call_Monitored__c":false}|0x48a88d32
11:37:50.0 (24929837)|STATEMENT_EXECUTE|[16]
11:37:50.0 (25418251)|STATEMENT_EXECUTE|[17]
11:37:50.0 (25487718)|HEAP_ALLOCATE|[16]|Bytes:5
11:37:50.0 (25519381)|VARIABLE_ASSIGNMENT|[16]|item|null|
11:37:50.0 (25530424)|STATEMENT_EXECUTE|[28]
11:37:50.0 (25542848)|HEAP_ALLOCATE|[28]|Bytes:72
11:37:50.0 (25577940)|HEAP_ALLOCATE|[28]|Bytes:4
11:37:50.0 (25598834)|HEAP_ALLOCATE|[28]|Bytes:7
11:37:50.0 (27342538)|SOQL_EXECUTE_BEGIN|[28]|Aggregations:0|SELECT Id, Account__c, Contact__c FROM Voicemail__c WHERE id IN :tmpVar1
11:37:50.0 (29276702)|SOQL_EXECUTE_END|[28]|Rows:0
11:37:50.0 (29321884)|HEAP_ALLOCATE|[28]|Bytes:4
11:37:50.0 (29343285)|HEAP_ALLOCATE|[28]|Bytes:0
11:37:50.0 (29453633)|HEAP_ALLOCATE|[28]|Bytes:4
11:37:50.0 (29483546)|VARIABLE_SCOPE_BEGIN|[28]|voicemails|List<Voicemail__c>|true|false
11:37:50.0 (29516282)|VARIABLE_ASSIGNMENT|[28]|voicemails|[]|0x249a8ba7
11:37:50.0 (29773624)|HEAP_ALLOCATE|[29]|Bytes:5
11:37:50.0 (29809149)|VARIABLE_ASSIGNMENT|[29]|item|null|
11:37:50.0 (29820458)|STATEMENT_EXECUTE|[29]
11:37:50.0 (29881982)|HEAP_ALLOCATE|[34]|Bytes:5
11:37:50.0 (29904802)|HEAP_ALLOCATE|[34]|Bytes:4
11:37:50.0 (29918917)|VARIABLE_SCOPE_BEGIN|[34]|item|Task|true|false
11:37:50.0 (31328526)|VARIABLE_ASSIGNMENT|[34]|item|{"CallType":"Outbound","IsHighPriority":false,"IsClosed":false,"NVMStatsSF__NVM_Agent__c":"8","Is_Mobile_Number__c":true,"OwnerId":"0056F000007wQ9FQAU","IsToday__c":false,"IsReminderSet":false,"Status":"Completed","IsDeleted":false,"WhoId":"0036F00002DFtaBQAT","NVMContactWorld__CW_Call_Start_Time__c":"2018-10-23T01:37:49.000Z","ActivityDate":"2018-10-23T00:00:00.000Z","Priority":"Normal","IsVisibleInSelfService":false,"NVMContactWorld__Was_Call_Recorded__c":false,"CurrencyIsoCode":"AUD","IsRecurrence":false,"Subject":"Outbound call to +61 (9 more) ...","IsArchived":false,"CallObject":"01669e92-222c-0522-1 (16 more) ...","NVMContactWorld__Customer_Number__c":"+61468915118","NVMContactWorld__ContactWorld_Number__c":"61755564672","Day_of_the_Week__c":"Tuesday","Call_Duration_min__c":0.00,"Call_Monitored__c":false}|0x48a88d32
11:37:50.0 (31361571)|STATEMENT_EXECUTE|[34]
11:37:50.0 (31365158)|STATEMENT_EXECUTE|[35]
11:37:50.0 (32985399)|VARIABLE_ASSIGNMENT|[35]|this.WhoId|null|0x48a88d32
11:37:50.0 (33028615)|HEAP_ALLOCATE|[34]|Bytes:5
11:37:50.0 (33058559)|VARIABLE_ASSIGNMENT|[34]|item|null|
11:37:50.0 (33079154)|METHOD_EXIT|[8]|01p6F000009rWtF|TaskHelper.setupContactToReurnCallTasks(List<Task>)
11:37:50.33 (33098414)|CUMULATIVE_LIMIT_USAGE
11:37:50.33 (33098414)|LIMIT_USAGE_FOR_NS|(default)|
  Number of SOQL queries: 1 out of 100
  Number of query rows: 0 out of 50000
  Number of SOSL queries: 0 out of 20
  Number of DML statements: 0 out of 150
  Number of DML rows: 0 out of 10000
  Maximum CPU time: 0 out of 10000
  Maximum heap size: 0 out of 6000000
  Number of callouts: 0 out of 100
  Number of Email Invocations: 0 out of 10
  Number of future calls: 0 out of 50
  Number of queueable jobs added to the queue: 0 out of 50
  Number of Mobile Apex push calls: 0 out of 10

11:37:50.33 (33098414)|CUMULATIVE_LIMIT_USAGE_END

11:37:50.0 (34646741)|CODE_UNIT_FINISHED|TaskTrigger on Task trigger event BeforeInsert|__sfdc_trigger/TaskTrigger
11:37:50.0 (39274655)|CODE_UNIT_STARTED|[EXTERNAL]|Validation:Task:new
11:37:50.0 (39297317)|VALIDATION_RULE|03d6F000000qFaO|Finish_all_call_monitor_field
11:37:50.0 (39796971)|VALIDATION_FORMULA|AND(!ISBLANK(Monitored_By__c),
    OR(ISBLANK( TEXT(CM_advised_what_will_happen_next__c)),
       ISBLANK( TEXT(Allow_customer_to_present_concerns__c) ),
       ISBLANK( TEXT(Communication_is_clear_positive_confiden__c) ),
       ISBLANK( TEXT(Demonstrate_active_listening__c )),
       ISBLANK( TEXT(Gave_correct_answers_and_infomations__c) ),
       ISBLANK( TEXT(Mirrors_clients_talking_behaviour__c) ) ))|CM_advised_what_will_happen_next__c=null , Demonstrate_active_listening__c=null , Communication_is_clear_positive_confiden__c=null , Allow_customer_to_present_concerns__c=null , Gave_correct_answers_and_infomations__c=null , Mirrors_clients_talking_behaviour__c=null , Monitored_By__c=null
11:37:50.0 (39815598)|VALIDATION_PASS
11:37:50.0 (39818614)|VALIDATION_RULE|03d900000009JbB|Interac_Quality_Must_Be_Between_1_and_10
11:37:50.0 (39911556)|VALIDATION_FORMULA|NVMContactWorld__InteractionQuality__c < 1  &#124;&#124;  NVMContactWorld__InteractionQuality__c > 10|NVMContactWorld__InteractionQuality__c=null
11:37:50.0 (39923138)|VALIDATION_PASS
11:37:50.0 (40117823)|CODE_UNIT_FINISHED|Validation:Task:new
11:37:50.0 (88087319)|CODE_UNIT_STARTED|[EXTERNAL]|Workflow:Task
11:37:50.0 (98458396)|WF_RULE_EVAL_BEGIN|Workflow
11:37:50.0 (98493848)|WF_CRITERIA_BEGIN|[Task:  00T6F0000525hTw]|Update Call Monitor Details|01Q6F0000002Tdt|ON_CREATE_OR_TRIGGERING_UPDATE|0
11:37:50.0 (101248349)|WF_RULE_FILTER|[Task : Monitored By not equal to ]
11:37:50.0 (101276157)|WF_RULE_EVAL_VALUE|
11:37:50.0 (101280950)|WF_CRITERIA_END|false
11:37:50.0 (101295601)|WF_CRITERIA_BEGIN|[Task:  00T6F0000525hTw]|Update_Callback_Request_Due_Date3016F0000005i0e|01Q6F0000019gyq|ON_CREATE_ONLY|0
11:37:50.0 (101381560)|WF_FORMULA|Formula:ENCODED:[treatNullAsNull]true|Values:
11:37:50.0 (101389180)|WF_CRITERIA_END|true
11:37:50.0 (102199533)|WF_CRITERIA_BEGIN|[Task:  00T6F0000525hTw]|Call Back Request From LinX|01Q6F000001EY2L|ON_CREATE_OR_TRIGGERING_UPDATE|0
11:37:50.0 (102259069)|WF_RULE_FILTER|[Task : Subject equals Callback Request]
11:37:50.0 (102293769)|WF_RULE_EVAL_VALUE|Outbound call to +61468915118
11:37:50.0 (102298714)|WF_CRITERIA_END|false
11:37:50.0 (102309461)|WF_CRITERIA_BEGIN|[Task:  00T6F0000525hTw]|Call_Monitor3016F00000054R3|01Q6F000000oOu7|ON_ALL_CHANGES|0
11:37:50.0 (102362486)|WF_FORMULA|Formula:ENCODED:[treatNullAsNull]true|Values:
11:37:50.0 (102369489)|WF_CRITERIA_END|true
11:37:50.0 (102392154)|WF_SPOOL_ACTION_BEGIN|Workflow
11:37:50.0 (102418767)|WF_ACTION| Flow Trigger: 2;
11:37:50.0 (102424895)|WF_RULE_EVAL_END
11:37:50.0 (103475067)|WF_FLOW_ACTION_BEGIN|09L6F000000PWtL
11:37:50.104 (104924981)|FLOW_CREATE_INTERVIEW_BEGIN|00D90000000IJSa|3006F00000091km|3016F0000005i0e
11:37:50.104 (105682908)|FLOW_CREATE_INTERVIEW_END|255949f26ba0062981a2175263281669e82ca8c-2333|Update Callback Request Due Date
11:37:50.106 (106020796)|FLOW_START_INTERVIEWS_BEGIN|1
11:37:50.106 (106044197)|FLOW_START_INTERVIEW_BEGIN|255949f26ba0062981a2175263281669e82ca8c-2333|Update Callback Request Due Date
11:37:50.106 (108404875)|FLOW_START_INTERVIEW_END|255949f26ba0062981a2175263281669e82ca8c-2333|Update Callback Request Due Date
11:37:50.106 (108430324)|FLOW_START_INTERVIEWS_END|1
11:37:50.0 (109721509)|WF_FLOW_ACTION_END|09L6F000000PWtL
11:37:50.0 (109755402)|WF_FLOW_ACTION_BEGIN|09L6F000000PGTV
11:37:50.111 (111112166)|FLOW_CREATE_INTERVIEW_BEGIN|00D90000000IJSa|3006F0000008usA|3016F00000054R3
11:37:50.111 (111788748)|FLOW_CREATE_INTERVIEW_END|256049f26ba0062981a2175263281669e82ca8c-2334|Call Monitoring
11:37:50.112 (112068962)|FLOW_START_INTERVIEWS_BEGIN|1
11:37:50.112 (112092273)|FLOW_START_INTERVIEW_BEGIN|256049f26ba0062981a2175263281669e82ca8c-2334|Call Monitoring
11:37:50.112 (114260876)|FLOW_START_INTERVIEW_END|256049f26ba0062981a2175263281669e82ca8c-2334|Call Monitoring
11:37:50.112 (114298251)|FLOW_START_INTERVIEWS_END|1
11:37:50.0 (114925778)|WF_FLOW_ACTION_END|09L6F000000PGTV
11:37:50.0 (115046662)|WF_ACTIONS_END| Flow Trigger: 2;
11:37:50.0 (115059261)|CODE_UNIT_FINISHED|Workflow:Task
11:37:50.0 (140693221)|CODE_UNIT_FINISHED|TRIGGERS
11:37:50.0 (140724066)|EXECUTION_FINISHED
