37.0 APEX_CODE,FINEST;APEX_PROFILING,INFO;CALLOUT,INFO;DB,INFO;NBA,INFO;SYSTEM,DEBUG;VALIDATION,INFO;VISUALFORCE,INFO;WAVE,INFO;WORKFLOW,INFO
17:28:03.20 (20422051)|ENTERING_MANAGED_PKG|Centify
17:28:03.20 (21422462)|ENTERING_MANAGED_PKG|Centify
17:28:03.20 (21488742)|ENTERING_MANAGED_PKG|Centify
17:28:03.20 (22078795)|ENTERING_MANAGED_PKG|Centify
17:28:03.20 (22151222)|ENTERING_MANAGED_PKG|Centify
17:28:03.20 (23225107)|ENTERING_MANAGED_PKG|Centify
17:28:03.20 (23363587)|ENTERING_MANAGED_PKG|Centify
17:28:03.20 (27180779)|ENTERING_MANAGED_PKG|Centify
17:28:03.20 (28099738)|ENTERING_MANAGED_PKG|Centify
17:28:03.20 (28246963)|ENTERING_MANAGED_PKG|Centify
17:28:03.20 (28312402)|ENTERING_MANAGED_PKG|Centify
17:28:03.20 (30370047)|ENTERING_MANAGED_PKG|Centify
17:28:03.20 (30471631)|ENTERING_MANAGED_PKG|Centify
17:28:03.20 (30751682)|ENTERING_MANAGED_PKG|Centify
17:28:03.20 (34238074)|ENTERING_MANAGED_PKG|Centify
17:28:03.20 (34309996)|ENTERING_MANAGED_PKG|Centify
17:28:03.20 (34463883)|ENTERING_MANAGED_PKG|Centify
17:28:03.20 (35792481)|ENTERING_MANAGED_PKG|Centify
17:28:03.20 (37694480)|ENTERING_MANAGED_PKG|Centify
17:28:03.20 (37763206)|ENTERING_MANAGED_PKG|Centify
17:28:03.20 (37840870)|ENTERING_MANAGED_PKG|Centify
17:28:03.20 (38818770)|ENTERING_MANAGED_PKG|Centify
17:28:03.20 (38881155)|ENTERING_MANAGED_PKG|Centify
17:28:03.20 (38988505)|ENTERING_MANAGED_PKG|Centify
17:28:03.20 (40060131)|ENTERING_MANAGED_PKG|Centify
17:28:03.20 (43275017)|ENTERING_MANAGED_PKG|Centify
17:28:03.20 (46469494)|ENTERING_MANAGED_PKG|Centify
17:28:03.20 (46649399)|ENTERING_MANAGED_PKG|Centify
17:28:03.20 (49050207)|ENTERING_MANAGED_PKG|Centify
17:28:03.20 (49108292)|ENTERING_MANAGED_PKG|Centify
17:28:03.20 (49184063)|ENTERING_MANAGED_PKG|Centify
17:28:03.20 (49277853)|ENTERING_MANAGED_PKG|Centify
17:28:03.20 (49518034)|ENTERING_MANAGED_PKG|Centify
17:28:03.20 (51827323)|SOQL_EXECUTE_BEGIN|[28]|Aggregations:0|SELECT Id FROM ApexClass WHERE Name = :tmpVar1
17:28:03.20 (60522774)|SOQL_EXECUTE_END|[28]|Rows:1
17:28:03.20 (61346545)|SOQL_EXECUTE_BEGIN|[49]|Aggregations:0|SELECT COUNT() FROM AsyncApexJob WHERE (ApexClassId = :tmpVar1 AND Status IN ('Queued', 'Holding', 'Preparing', 'Processing'))
17:28:03.20 (67275929)|SOQL_EXECUTE_END|[49]|Rows:1
17:28:03.20 (67407574)|ENTERING_MANAGED_PKG|Centify
17:28:03.20 (67724553)|ENTERING_MANAGED_PKG|Centify
17:28:03.20 (67824496)|ENTERING_MANAGED_PKG|Centify
17:28:03.20 (68649958)|ENTERING_MANAGED_PKG|Centify
17:28:03.20 (69169800)|ENTERING_MANAGED_PKG|Centify
17:28:03.20 (69271683)|ENTERING_MANAGED_PKG|Centify
17:28:03.20 (98590338)|ENTERING_MANAGED_PKG|Centify
17:28:03.20 (98729232)|ENTERING_MANAGED_PKG|Centify
17:28:03.20 (111473217)|ENTERING_MANAGED_PKG|Centify
17:28:03.20 (114451796)|ENTERING_MANAGED_PKG|Centify
17:28:03.20 (116454635)|ENTERING_MANAGED_PKG|Centify
17:28:03.20 (118569099)|ENTERING_MANAGED_PKG|Centify
17:28:03.20 (118725610)|ENTERING_MANAGED_PKG|Centify
17:28:03.20 (118784392)|ENTERING_MANAGED_PKG|Centify
17:28:03.20 (118984049)|ENTERING_MANAGED_PKG|Centify
17:28:03.20 (119077959)|ENTERING_MANAGED_PKG|Centify
17:28:03.20 (119398520)|ENTERING_MANAGED_PKG|Centify
17:28:03.20 (119658757)|ENTERING_MANAGED_PKG|Centify
17:28:03.20 (119901192)|ENTERING_MANAGED_PKG|Centify
17:28:03.20 (120057913)|ENTERING_MANAGED_PKG|Centify
17:28:03.20 (120279692)|ENTERING_MANAGED_PKG|Centify
17:28:03.20 (120536079)|ENTERING_MANAGED_PKG|Centify
17:28:03.20 (120717679)|ENTERING_MANAGED_PKG|Centify
17:28:03.20 (120886535)|ENTERING_MANAGED_PKG|Centify
17:28:03.20 (121101412)|ENTERING_MANAGED_PKG|Centify
17:28:03.20 (121327222)|ENTERING_MANAGED_PKG|Centify
17:28:03.20 (121576664)|ENTERING_MANAGED_PKG|Centify
17:28:03.20 (121834412)|ENTERING_MANAGED_PKG|Centify
17:28:03.20 (122082370)|ENTERING_MANAGED_PKG|Centify
17:28:03.20 (122336812)|ENTERING_MANAGED_PKG|Centify
17:28:03.20 (122619690)|ENTERING_MANAGED_PKG|Centify
17:28:03.20 (123140958)|ENTERING_MANAGED_PKG|Centify
17:28:03.20 (123394313)|ENTERING_MANAGED_PKG|Centify
17:28:03.20 (123675078)|ENTERING_MANAGED_PKG|Centify
17:28:03.20 (123919266)|ENTERING_MANAGED_PKG|Centify
17:28:03.20 (124156020)|ENTERING_MANAGED_PKG|Centify
17:28:03.20 (124386977)|ENTERING_MANAGED_PKG|Centify
17:28:03.20 (124600807)|ENTERING_MANAGED_PKG|Centify
17:28:03.20 (124839658)|ENTERING_MANAGED_PKG|Centify
17:28:03.20 (124996527)|ENTERING_MANAGED_PKG|Centify
17:28:03.20 (125129074)|ENTERING_MANAGED_PKG|Centify
17:28:03.20 (125304258)|ENTERING_MANAGED_PKG|Centify
17:28:03.20 (125478532)|ENTERING_MANAGED_PKG|Centify
17:28:03.20 (125689833)|ENTERING_MANAGED_PKG|Centify
17:28:03.20 (125958408)|ENTERING_MANAGED_PKG|Centify
17:28:03.20 (126179607)|ENTERING_MANAGED_PKG|Centify
17:28:03.20 (126281603)|ENTERING_MANAGED_PKG|Centify
17:28:03.20 (126363943)|ENTERING_MANAGED_PKG|Centify
17:28:03.20 (126445178)|ENTERING_MANAGED_PKG|Centify
17:28:03.20 (126631758)|ENTERING_MANAGED_PKG|Centify
17:28:03.20 (126720652)|ENTERING_MANAGED_PKG|Centify
17:28:03.20 (129603674)|ENTERING_MANAGED_PKG|Centify
17:28:03.20 (129689564)|ENTERING_MANAGED_PKG|Centify
17:28:03.20 (129808442)|ENTERING_MANAGED_PKG|Centify
17:28:03.20 (129931664)|ENTERING_MANAGED_PKG|Centify
17:28:03.20 (130250498)|ENTERING_MANAGED_PKG|Centify
17:28:03.20 (130498508)|ENTERING_MANAGED_PKG|Centify
17:28:03.20 (187475201)|ENTERING_MANAGED_PKG|Centify
17:28:03.20 (187602813)|ENTERING_MANAGED_PKG|Centify
17:28:03.20 (209778159)|ENTERING_MANAGED_PKG|Centify
17:28:03.20 (209860969)|ENTERING_MANAGED_PKG|Centify
17:28:03.20 (210025120)|ENTERING_MANAGED_PKG|Centify
17:28:03.20 (210068844)|ENTERING_MANAGED_PKG|Centify
17:28:03.20 (223519099)|ENTERING_MANAGED_PKG|Centify
17:28:03.20 (223880122)|ENTERING_MANAGED_PKG|Centify
17:28:03.20 (224537854)|ENTERING_MANAGED_PKG|Centify
17:28:03.20 (229697075)|ENTERING_MANAGED_PKG|Centify
17:28:03.20 (229789953)|ENTERING_MANAGED_PKG|Centify
17:28:03.20 (229952626)|ENTERING_MANAGED_PKG|Centify
17:28:03.20 (230032681)|ENTERING_MANAGED_PKG|Centify
17:28:03.20 (230254275)|ENTERING_MANAGED_PKG|Centify
17:28:03.20 (230539407)|ENTERING_MANAGED_PKG|Centify
17:28:03.20 (230789918)|ENTERING_MANAGED_PKG|Centify
17:28:03.20 (231030511)|ENTERING_MANAGED_PKG|Centify
17:28:03.20 (231306700)|ENTERING_MANAGED_PKG|Centify
17:28:03.20 (231472944)|ENTERING_MANAGED_PKG|Centify
17:28:03.20 (231608214)|ENTERING_MANAGED_PKG|Centify
17:28:03.20 (231767279)|ENTERING_MANAGED_PKG|Centify
17:28:03.20 (231935317)|ENTERING_MANAGED_PKG|Centify
17:28:03.20 (232067959)|ENTERING_MANAGED_PKG|Centify
17:28:03.20 (232223506)|ENTERING_MANAGED_PKG|Centify
17:28:03.20 (232396220)|ENTERING_MANAGED_PKG|Centify
17:28:03.20 (232560720)|ENTERING_MANAGED_PKG|Centify
17:28:03.20 (232720189)|ENTERING_MANAGED_PKG|Centify
17:28:03.20 (232878154)|ENTERING_MANAGED_PKG|Centify
17:28:03.20 (233065478)|ENTERING_MANAGED_PKG|Centify
17:28:03.20 (233223020)|ENTERING_MANAGED_PKG|Centify
17:28:03.20 (233418828)|ENTERING_MANAGED_PKG|Centify
17:28:03.20 (233630960)|ENTERING_MANAGED_PKG|Centify
17:28:03.20 (233783437)|ENTERING_MANAGED_PKG|Centify
17:28:03.20 (233936318)|ENTERING_MANAGED_PKG|Centify
17:28:03.20 (234086270)|ENTERING_MANAGED_PKG|Centify
17:28:03.20 (234295486)|ENTERING_MANAGED_PKG|Centify
17:28:03.20 (234516181)|ENTERING_MANAGED_PKG|Centify
17:28:03.20 (234663683)|ENTERING_MANAGED_PKG|Centify
17:28:03.20 (234792916)|ENTERING_MANAGED_PKG|Centify
17:28:03.20 (234991000)|ENTERING_MANAGED_PKG|Centify
17:28:03.20 (235233759)|ENTERING_MANAGED_PKG|Centify
17:28:03.20 (235460235)|ENTERING_MANAGED_PKG|Centify
17:28:03.20 (235714237)|ENTERING_MANAGED_PKG|Centify
17:28:03.20 (235912317)|ENTERING_MANAGED_PKG|Centify
17:28:03.20 (236143531)|ENTERING_MANAGED_PKG|Centify
17:28:03.20 (236397509)|ENTERING_MANAGED_PKG|Centify
17:28:03.20 (236666538)|ENTERING_MANAGED_PKG|Centify
17:28:03.20 (236974848)|ENTERING_MANAGED_PKG|Centify
17:28:03.20 (237183441)|ENTERING_MANAGED_PKG|Centify
17:28:03.20 (237399368)|ENTERING_MANAGED_PKG|Centify
17:28:03.20 (237652190)|ENTERING_MANAGED_PKG|Centify
17:28:03.20 (237864783)|ENTERING_MANAGED_PKG|Centify
17:28:03.20 (238047982)|ENTERING_MANAGED_PKG|Centify
17:28:03.20 (238270532)|ENTERING_MANAGED_PKG|Centify
17:28:03.20 (238470791)|ENTERING_MANAGED_PKG|Centify
17:28:03.20 (238652812)|ENTERING_MANAGED_PKG|Centify
17:28:03.20 (238796781)|ENTERING_MANAGED_PKG|Centify
17:28:03.20 (238978863)|ENTERING_MANAGED_PKG|Centify
17:28:03.20 (239113141)|ENTERING_MANAGED_PKG|Centify
17:28:03.20 (239254870)|ENTERING_MANAGED_PKG|Centify
17:28:03.20 (239420361)|ENTERING_MANAGED_PKG|Centify
17:28:03.20 (239594730)|ENTERING_MANAGED_PKG|Centify
17:28:03.20 (239731194)|ENTERING_MANAGED_PKG|Centify
17:28:03.20 (239860356)|ENTERING_MANAGED_PKG|Centify
17:28:03.20 (239994473)|ENTERING_MANAGED_PKG|Centify
17:28:03.20 (240125145)|ENTERING_MANAGED_PKG|Centify
17:28:03.20 (240259078)|ENTERING_MANAGED_PKG|Centify
17:28:03.20 (240478098)|ENTERING_MANAGED_PKG|Centify
17:28:03.20 (240518065)|ENTERING_MANAGED_PKG|Centify
17:28:03.20 (240653056)|ENTERING_MANAGED_PKG|Centify
17:28:03.20 (240714950)|ENTERING_MANAGED_PKG|Centify
17:28:03.20 (240788367)|ENTERING_MANAGED_PKG|Centify
17:28:03.20 (240858074)|ENTERING_MANAGED_PKG|Centify
17:28:03.20 (240893957)|ENTERING_MANAGED_PKG|Centify
17:28:03.20 (241372322)|ENTERING_MANAGED_PKG|Centify
17:28:03.20 (241426430)|ENTERING_MANAGED_PKG|Centify
17:28:03.20 (241455639)|ENTERING_MANAGED_PKG|Centify
17:28:03.20 (241580360)|ENTERING_MANAGED_PKG|Centify
17:28:03.20 (241732936)|ENTERING_MANAGED_PKG|Centify
17:28:03.20 (241758993)|ENTERING_MANAGED_PKG|Centify
17:28:03.20 (241785083)|ENTERING_MANAGED_PKG|Centify
17:28:03.20 (241798203)|ENTERING_MANAGED_PKG|Centify
17:28:03.20 (242259128)|ENTERING_MANAGED_PKG|Centify
17:28:03.20 (242294836)|ENTERING_MANAGED_PKG|Centify
17:28:03.20 (242308399)|ENTERING_MANAGED_PKG|Centify
17:28:03.20 (242397640)|ENTERING_MANAGED_PKG|Centify
17:28:03.20 (242547074)|ENTERING_MANAGED_PKG|Centify
17:28:03.20 (242572927)|ENTERING_MANAGED_PKG|Centify
17:28:03.20 (242599226)|ENTERING_MANAGED_PKG|Centify
17:28:03.20 (242612552)|ENTERING_MANAGED_PKG|Centify
17:28:03.20 (243127520)|ENTERING_MANAGED_PKG|Centify
17:28:03.20 (243155493)|ENTERING_MANAGED_PKG|Centify
17:28:03.20 (243168213)|ENTERING_MANAGED_PKG|Centify
17:28:03.20 (243260847)|ENTERING_MANAGED_PKG|Centify
17:28:03.20 (243425508)|ENTERING_MANAGED_PKG|Centify
17:28:03.20 (243470822)|ENTERING_MANAGED_PKG|Centify
17:28:03.20 (243521842)|ENTERING_MANAGED_PKG|Centify
17:28:03.20 (243549323)|ENTERING_MANAGED_PKG|Centify
17:28:03.20 (244323624)|ENTERING_MANAGED_PKG|Centify
17:28:03.20 (244354999)|ENTERING_MANAGED_PKG|Centify
17:28:03.20 (244369058)|ENTERING_MANAGED_PKG|Centify
17:28:03.20 (244461354)|ENTERING_MANAGED_PKG|Centify
17:28:03.20 (244609771)|ENTERING_MANAGED_PKG|Centify
17:28:03.20 (244635567)|ENTERING_MANAGED_PKG|Centify
17:28:03.20 (244662381)|ENTERING_MANAGED_PKG|Centify
17:28:03.20 (244676018)|ENTERING_MANAGED_PKG|Centify
17:28:03.20 (245680162)|ENTERING_MANAGED_PKG|Centify
17:28:03.20 (245713584)|ENTERING_MANAGED_PKG|Centify
17:28:03.20 (245730876)|ENTERING_MANAGED_PKG|Centify
17:28:03.20 (245890102)|ENTERING_MANAGED_PKG|Centify
17:28:03.20 (246163784)|ENTERING_MANAGED_PKG|Centify
17:28:03.20 (246414911)|ENTERING_MANAGED_PKG|Centify
17:28:03.20 (246559642)|ENTERING_MANAGED_PKG|Centify
17:28:03.20 (246702470)|ENTERING_MANAGED_PKG|Centify
17:28:03.20 (246730330)|ENTERING_MANAGED_PKG|Centify
17:28:03.20 (246757343)|ENTERING_MANAGED_PKG|Centify
17:28:03.20 (246772821)|ENTERING_MANAGED_PKG|Centify
17:28:03.20 (248186706)|ENTERING_MANAGED_PKG|Centify
17:28:03.20 (248222692)|ENTERING_MANAGED_PKG|Centify
17:28:03.20 (248237738)|ENTERING_MANAGED_PKG|Centify
17:28:03.20 (248376863)|ENTERING_MANAGED_PKG|Centify
17:28:03.20 (248671591)|ENTERING_MANAGED_PKG|Centify
17:28:03.20 (248719286)|ENTERING_MANAGED_PKG|Centify
17:28:03.20 (248750563)|ENTERING_MANAGED_PKG|Centify
17:28:03.20 (248765096)|ENTERING_MANAGED_PKG|Centify
17:28:03.20 (250250708)|ENTERING_MANAGED_PKG|Centify
17:28:03.20 (250291565)|ENTERING_MANAGED_PKG|Centify
17:28:03.20 (250307441)|ENTERING_MANAGED_PKG|Centify
17:28:03.20 (250404868)|ENTERING_MANAGED_PKG|Centify
17:28:03.20 (250555043)|ENTERING_MANAGED_PKG|Centify
17:28:03.20 (250585741)|ENTERING_MANAGED_PKG|Centify
17:28:03.20 (250630840)|ENTERING_MANAGED_PKG|Centify
17:28:03.20 (250657299)|ENTERING_MANAGED_PKG|Centify
17:28:03.20 (252122669)|ENTERING_MANAGED_PKG|Centify
17:28:03.20 (252159308)|ENTERING_MANAGED_PKG|Centify
17:28:03.20 (252174138)|ENTERING_MANAGED_PKG|Centify
17:28:03.20 (252294112)|ENTERING_MANAGED_PKG|Centify
17:28:03.20 (252505534)|ENTERING_MANAGED_PKG|Centify
17:28:03.20 (252535923)|ENTERING_MANAGED_PKG|Centify
17:28:03.20 (252563608)|ENTERING_MANAGED_PKG|Centify
17:28:03.20 (252577645)|ENTERING_MANAGED_PKG|Centify
17:28:03.20 (254119066)|ENTERING_MANAGED_PKG|Centify
17:28:03.20 (254160390)|ENTERING_MANAGED_PKG|Centify
17:28:03.20 (254177593)|ENTERING_MANAGED_PKG|Centify
17:28:03.20 (254280767)|ENTERING_MANAGED_PKG|Centify
17:28:03.20 (254490952)|ENTERING_MANAGED_PKG|Centify
17:28:03.20 (254522931)|ENTERING_MANAGED_PKG|Centify
17:28:03.20 (254557353)|ENTERING_MANAGED_PKG|Centify
17:28:03.20 (254583173)|ENTERING_MANAGED_PKG|Centify
17:28:03.20 (256448857)|ENTERING_MANAGED_PKG|Centify
17:28:03.20 (256485393)|ENTERING_MANAGED_PKG|Centify
17:28:03.20 (256499720)|ENTERING_MANAGED_PKG|Centify
17:28:03.20 (256642064)|ENTERING_MANAGED_PKG|Centify
17:28:03.20 (256861450)|ENTERING_MANAGED_PKG|Centify
17:28:03.20 (256911584)|ENTERING_MANAGED_PKG|Centify
17:28:03.20 (256944648)|ENTERING_MANAGED_PKG|Centify
17:28:03.20 (256962163)|ENTERING_MANAGED_PKG|Centify
17:28:03.20 (259079110)|ENTERING_MANAGED_PKG|Centify
17:28:03.20 (259134160)|ENTERING_MANAGED_PKG|Centify
17:28:03.20 (259157583)|ENTERING_MANAGED_PKG|Centify
17:28:03.20 (259314636)|ENTERING_MANAGED_PKG|Centify
17:28:03.20 (259557762)|ENTERING_MANAGED_PKG|Centify
17:28:03.20 (259601218)|ENTERING_MANAGED_PKG|Centify
17:28:03.20 (259648054)|ENTERING_MANAGED_PKG|Centify
17:28:03.20 (259673014)|ENTERING_MANAGED_PKG|Centify
17:28:03.20 (262562243)|ENTERING_MANAGED_PKG|Centify
17:28:03.20 (262624552)|ENTERING_MANAGED_PKG|Centify
17:28:03.20 (262654970)|ENTERING_MANAGED_PKG|Centify
17:28:03.20 (262834934)|ENTERING_MANAGED_PKG|Centify
17:28:03.20 (263128283)|ENTERING_MANAGED_PKG|Centify
17:28:03.20 (263181111)|ENTERING_MANAGED_PKG|Centify
17:28:03.20 (263239532)|ENTERING_MANAGED_PKG|Centify
17:28:03.20 (263277552)|ENTERING_MANAGED_PKG|Centify
17:28:03.20 (266489826)|ENTERING_MANAGED_PKG|Centify
17:28:03.20 (266552945)|ENTERING_MANAGED_PKG|Centify
17:28:03.20 (266582076)|ENTERING_MANAGED_PKG|Centify
17:28:03.20 (266751749)|ENTERING_MANAGED_PKG|Centify
17:28:03.20 (267024241)|ENTERING_MANAGED_PKG|Centify
17:28:03.20 (267073327)|ENTERING_MANAGED_PKG|Centify
17:28:03.20 (267125352)|ENTERING_MANAGED_PKG|Centify
17:28:03.20 (267150633)|ENTERING_MANAGED_PKG|Centify
17:28:03.20 (270598839)|ENTERING_MANAGED_PKG|Centify
17:28:03.20 (270660497)|ENTERING_MANAGED_PKG|Centify
17:28:03.20 (270686836)|ENTERING_MANAGED_PKG|Centify
17:28:03.20 (270845896)|ENTERING_MANAGED_PKG|Centify
17:28:03.20 (271069042)|ENTERING_MANAGED_PKG|Centify
17:28:03.20 (271120501)|ENTERING_MANAGED_PKG|Centify
17:28:03.20 (271156568)|ENTERING_MANAGED_PKG|Centify
17:28:03.20 (271171695)|ENTERING_MANAGED_PKG|Centify
17:28:03.20 (273857629)|ENTERING_MANAGED_PKG|Centify
17:28:03.20 (273911155)|ENTERING_MANAGED_PKG|Centify
17:28:03.20 (273941976)|ENTERING_MANAGED_PKG|Centify
17:28:03.20 (274095158)|ENTERING_MANAGED_PKG|Centify
17:28:03.20 (274174297)|ENTERING_MANAGED_PKG|Centify
17:28:03.20 (274246048)|ENTERING_MANAGED_PKG|Centify
17:28:03.20 (274302995)|ENTERING_MANAGED_PKG|Centify
17:28:03.20 (274706776)|ENTERING_MANAGED_PKG|Centify
17:28:03.20 (274763745)|ENTERING_MANAGED_PKG|Centify
17:28:03.20 (278801749)|ENTERING_MANAGED_PKG|Centify
17:28:03.20 (278869088)|ENTERING_MANAGED_PKG|Centify
17:28:03.20 (278917677)|ENTERING_MANAGED_PKG|Centify
17:28:03.20 (279007029)|ENTERING_MANAGED_PKG|Centify
17:28:03.20 (279206770)|ENTERING_MANAGED_PKG|Centify
17:28:03.20 (279296662)|ENTERING_MANAGED_PKG|Centify
17:28:03.20 (302724938)|ENTERING_MANAGED_PKG|Centify
17:28:03.20 (302786427)|ENTERING_MANAGED_PKG|Centify
17:28:03.20 (302891677)|ENTERING_MANAGED_PKG|Centify
17:28:03.20 (302930719)|ENTERING_MANAGED_PKG|Centify
17:28:03.20 (311903680)|ENTERING_MANAGED_PKG|Centify
17:28:03.20 (312224343)|ENTERING_MANAGED_PKG|Centify
17:28:03.20 (313379846)|ENTERING_MANAGED_PKG|Centify
17:28:03.20 (314320824)|ENTERING_MANAGED_PKG|Centify
17:28:03.20 (314391043)|ENTERING_MANAGED_PKG|Centify
17:28:03.20 (314539644)|ENTERING_MANAGED_PKG|Centify
17:28:03.20 (314606329)|ENTERING_MANAGED_PKG|Centify
17:28:03.20 (314774260)|ENTERING_MANAGED_PKG|Centify
17:28:03.20 (315015571)|ENTERING_MANAGED_PKG|Centify
17:28:03.20 (315252189)|ENTERING_MANAGED_PKG|Centify
17:28:03.20 (316499770)|ENTERING_MANAGED_PKG|Centify
17:28:03.20 (316673803)|ENTERING_MANAGED_PKG|Centify
17:28:03.20 (316833602)|ENTERING_MANAGED_PKG|Centify
17:28:03.20 (316986406)|ENTERING_MANAGED_PKG|Centify
17:28:03.20 (317134502)|ENTERING_MANAGED_PKG|Centify
17:28:03.20 (317295810)|ENTERING_MANAGED_PKG|Centify
17:28:03.20 (317446918)|ENTERING_MANAGED_PKG|Centify
17:28:03.20 (317591602)|ENTERING_MANAGED_PKG|Centify
17:28:03.20 (317742003)|ENTERING_MANAGED_PKG|Centify
17:28:03.20 (317886540)|ENTERING_MANAGED_PKG|Centify
17:28:03.20 (318037581)|ENTERING_MANAGED_PKG|Centify
17:28:03.20 (318170940)|ENTERING_MANAGED_PKG|Centify
17:28:03.20 (318347598)|ENTERING_MANAGED_PKG|Centify
17:28:03.20 (318510644)|ENTERING_MANAGED_PKG|Centify
17:28:03.20 (318663434)|ENTERING_MANAGED_PKG|Centify
17:28:03.20 (318812131)|ENTERING_MANAGED_PKG|Centify
17:28:03.20 (318992176)|ENTERING_MANAGED_PKG|Centify
17:28:03.20 (319159612)|ENTERING_MANAGED_PKG|Centify
17:28:03.20 (319323750)|ENTERING_MANAGED_PKG|Centify
17:28:03.20 (319473275)|ENTERING_MANAGED_PKG|Centify
17:28:03.20 (319623620)|ENTERING_MANAGED_PKG|Centify
17:28:03.20 (319768561)|ENTERING_MANAGED_PKG|Centify
17:28:03.20 (319918184)|ENTERING_MANAGED_PKG|Centify
17:28:03.20 (320065899)|ENTERING_MANAGED_PKG|Centify
17:28:03.20 (320218163)|ENTERING_MANAGED_PKG|Centify
17:28:03.20 (320370674)|ENTERING_MANAGED_PKG|Centify
17:28:03.20 (320520542)|ENTERING_MANAGED_PKG|Centify
17:28:03.20 (320573560)|ENTERING_MANAGED_PKG|Centify
17:28:03.20 (320615887)|ENTERING_MANAGED_PKG|Centify
17:28:03.20 (320643352)|ENTERING_MANAGED_PKG|Centify
17:28:03.20 (320704490)|ENTERING_MANAGED_PKG|Centify
17:28:03.20 (320778142)|ENTERING_MANAGED_PKG|Centify
17:28:03.20 (322999488)|ENTERING_MANAGED_PKG|Centify
17:28:03.20 (323039885)|ENTERING_MANAGED_PKG|Centify
17:28:03.20 (323071179)|ENTERING_MANAGED_PKG|Centify
17:28:03.20 (323134415)|ENTERING_MANAGED_PKG|Centify
17:28:03.20 (323287098)|ENTERING_MANAGED_PKG|Centify
17:28:03.20 (323371628)|ENTERING_MANAGED_PKG|Centify
17:28:03.20 (342637130)|ENTERING_MANAGED_PKG|Centify
17:28:03.20 (342692685)|ENTERING_MANAGED_PKG|Centify
17:28:03.20 (357608525)|ENTERING_MANAGED_PKG|Centify
17:28:03.20 (357701505)|ENTERING_MANAGED_PKG|Centify
17:28:03.20 (372459832)|ENTERING_MANAGED_PKG|Centify
17:28:03.20 (372513361)|ENTERING_MANAGED_PKG|Centify
17:28:03.20 (391410716)|ENTERING_MANAGED_PKG|Centify
17:28:03.20 (391603792)|ENTERING_MANAGED_PKG|Centify
17:28:03.20 (391797924)|ENTERING_MANAGED_PKG|Centify
17:28:03.20 (391927976)|ENTERING_MANAGED_PKG|Centify
17:28:03.20 (392120494)|ENTERING_MANAGED_PKG|Centify
17:28:03.20 (392281864)|ENTERING_MANAGED_PKG|Centify
17:28:03.20 (392392750)|ENTERING_MANAGED_PKG|Centify
17:28:03.20 (392547639)|ENTERING_MANAGED_PKG|Centify
17:28:03.20 (392814205)|ENTERING_MANAGED_PKG|Centify
17:28:03.20 (393054164)|ENTERING_MANAGED_PKG|Centify
17:28:03.20 (393315142)|ENTERING_MANAGED_PKG|Centify
17:28:03.20 (393370268)|ENTERING_MANAGED_PKG|Centify
17:28:03.20 (393454085)|ENTERING_MANAGED_PKG|Centify
17:28:03.20 (393488488)|ENTERING_MANAGED_PKG|Centify
17:28:03.20 (402373771)|ENTERING_MANAGED_PKG|Centify
17:28:03.20 (402629191)|ENTERING_MANAGED_PKG|Centify
17:28:03.20 (403523311)|ENTERING_MANAGED_PKG|Centify
17:28:03.20 (404280226)|ENTERING_MANAGED_PKG|Centify
17:28:03.20 (404332039)|ENTERING_MANAGED_PKG|Centify
17:28:03.20 (404436574)|ENTERING_MANAGED_PKG|Centify
17:28:03.20 (404480926)|ENTERING_MANAGED_PKG|Centify
17:28:03.20 (404614825)|ENTERING_MANAGED_PKG|Centify
17:28:03.20 (404799331)|ENTERING_MANAGED_PKG|Centify
17:28:03.20 (404935412)|ENTERING_MANAGED_PKG|Centify
17:28:03.20 (405065274)|ENTERING_MANAGED_PKG|Centify
17:28:03.20 (405192554)|ENTERING_MANAGED_PKG|Centify
17:28:03.20 (405325176)|ENTERING_MANAGED_PKG|Centify
17:28:03.20 (405454747)|ENTERING_MANAGED_PKG|Centify
17:28:03.20 (405668398)|ENTERING_MANAGED_PKG|Centify
17:28:03.20 (405803869)|ENTERING_MANAGED_PKG|Centify
17:28:03.20 (405930641)|ENTERING_MANAGED_PKG|Centify
17:28:03.20 (406057731)|ENTERING_MANAGED_PKG|Centify
17:28:03.20 (406184347)|ENTERING_MANAGED_PKG|Centify
17:28:03.20 (406315673)|ENTERING_MANAGED_PKG|Centify
17:28:03.20 (406440254)|ENTERING_MANAGED_PKG|Centify
17:28:03.20 (406567961)|ENTERING_MANAGED_PKG|Centify
17:28:03.20 (406765596)|ENTERING_MANAGED_PKG|Centify
17:28:03.20 (406913843)|ENTERING_MANAGED_PKG|Centify
17:28:03.20 (407126614)|ENTERING_MANAGED_PKG|Centify
17:28:03.20 (407321300)|ENTERING_MANAGED_PKG|Centify
17:28:03.20 (407499764)|ENTERING_MANAGED_PKG|Centify
17:28:03.20 (407630794)|ENTERING_MANAGED_PKG|Centify
17:28:03.20 (407838003)|ENTERING_MANAGED_PKG|Centify
17:28:03.20 (407977486)|ENTERING_MANAGED_PKG|Centify
17:28:03.20 (408181669)|ENTERING_MANAGED_PKG|Centify
17:28:03.20 (408388150)|ENTERING_MANAGED_PKG|Centify
17:28:03.20 (408591291)|ENTERING_MANAGED_PKG|Centify
17:28:03.20 (408784336)|ENTERING_MANAGED_PKG|Centify
17:28:03.20 (408959039)|ENTERING_MANAGED_PKG|Centify
17:28:03.20 (409149397)|ENTERING_MANAGED_PKG|Centify
17:28:03.20 (409366206)|ENTERING_MANAGED_PKG|Centify
17:28:03.20 (409514562)|ENTERING_MANAGED_PKG|Centify
17:28:03.20 (409754827)|ENTERING_MANAGED_PKG|Centify
17:28:03.20 (409825576)|ENTERING_MANAGED_PKG|Centify
17:28:03.20 (409890250)|ENTERING_MANAGED_PKG|Centify
17:28:03.20 (409936112)|ENTERING_MANAGED_PKG|Centify
17:28:03.20 (410010855)|ENTERING_MANAGED_PKG|Centify
17:28:03.20 (410064622)|ENTERING_MANAGED_PKG|Centify
17:28:03.20 (412879141)|ENTERING_MANAGED_PKG|Centify
17:28:03.20 (412941144)|ENTERING_MANAGED_PKG|Centify
17:28:03.20 (412993934)|ENTERING_MANAGED_PKG|Centify
17:28:03.20 (413064536)|ENTERING_MANAGED_PKG|Centify
17:28:03.20 (413198711)|ENTERING_MANAGED_PKG|Centify
17:28:03.20 (413279197)|ENTERING_MANAGED_PKG|Centify
17:28:03.20 (434704361)|ENTERING_MANAGED_PKG|Centify
17:28:03.20 (434773314)|ENTERING_MANAGED_PKG|Centify
17:28:03.20 (449526758)|ENTERING_MANAGED_PKG|Centify
17:28:03.20 (449618565)|ENTERING_MANAGED_PKG|Centify
17:28:03.20 (464367448)|ENTERING_MANAGED_PKG|Centify
17:28:03.20 (464427608)|ENTERING_MANAGED_PKG|Centify
17:28:03.20 (479141530)|ENTERING_MANAGED_PKG|Centify
17:28:03.20 (479273888)|ENTERING_MANAGED_PKG|Centify
17:28:03.20 (479364463)|ENTERING_MANAGED_PKG|Centify
17:28:03.20 (479450876)|ENTERING_MANAGED_PKG|Centify
17:28:03.20 (479564134)|ENTERING_MANAGED_PKG|Centify
17:28:03.20 (479650416)|ENTERING_MANAGED_PKG|Centify
17:28:03.20 (479733612)|ENTERING_MANAGED_PKG|Centify
17:28:03.20 (479816722)|ENTERING_MANAGED_PKG|Centify
17:28:03.20 (479962215)|ENTERING_MANAGED_PKG|Centify
17:28:03.20 (480087875)|ENTERING_MANAGED_PKG|Centify
17:28:03.20 (480234755)|ENTERING_MANAGED_PKG|Centify
17:28:03.20 (480271271)|ENTERING_MANAGED_PKG|Centify
17:28:03.20 (480349650)|ENTERING_MANAGED_PKG|Centify
17:28:03.20 (480377375)|ENTERING_MANAGED_PKG|Centify
17:28:03.20 (487568667)|ENTERING_MANAGED_PKG|Centify
17:28:03.20 (487831892)|ENTERING_MANAGED_PKG|Centify
17:28:03.20 (488295825)|ENTERING_MANAGED_PKG|Centify
17:28:03.20 (489079344)|ENTERING_MANAGED_PKG|Centify
17:28:03.20 (489129536)|ENTERING_MANAGED_PKG|Centify
17:28:03.20 (489239725)|ENTERING_MANAGED_PKG|Centify
17:28:03.20 (489288447)|ENTERING_MANAGED_PKG|Centify
17:28:03.20 (489402913)|ENTERING_MANAGED_PKG|Centify
17:28:03.20 (489560282)|ENTERING_MANAGED_PKG|Centify
17:28:03.20 (489695176)|ENTERING_MANAGED_PKG|Centify
17:28:03.20 (489823583)|ENTERING_MANAGED_PKG|Centify
17:28:03.20 (489949181)|ENTERING_MANAGED_PKG|Centify
17:28:03.20 (490075737)|ENTERING_MANAGED_PKG|Centify
17:28:03.20 (490210525)|ENTERING_MANAGED_PKG|Centify
17:28:03.20 (490345483)|ENTERING_MANAGED_PKG|Centify
17:28:03.20 (490474823)|ENTERING_MANAGED_PKG|Centify
17:28:03.20 (490601531)|ENTERING_MANAGED_PKG|Centify
17:28:03.20 (490727612)|ENTERING_MANAGED_PKG|Centify
17:28:03.20 (490880207)|ENTERING_MANAGED_PKG|Centify
17:28:03.20 (491025825)|ENTERING_MANAGED_PKG|Centify
17:28:03.20 (491171782)|ENTERING_MANAGED_PKG|Centify
17:28:03.20 (491325967)|ENTERING_MANAGED_PKG|Centify
17:28:03.20 (491472473)|ENTERING_MANAGED_PKG|Centify
17:28:03.20 (491618180)|ENTERING_MANAGED_PKG|Centify
17:28:03.20 (491745293)|ENTERING_MANAGED_PKG|Centify
17:28:03.20 (491870553)|ENTERING_MANAGED_PKG|Centify
17:28:03.20 (491999201)|ENTERING_MANAGED_PKG|Centify
17:28:03.20 (492125047)|ENTERING_MANAGED_PKG|Centify
17:28:03.20 (492258690)|ENTERING_MANAGED_PKG|Centify
17:28:03.20 (492386861)|ENTERING_MANAGED_PKG|Centify
17:28:03.20 (492511803)|ENTERING_MANAGED_PKG|Centify
17:28:03.20 (492636943)|ENTERING_MANAGED_PKG|Centify
17:28:03.20 (492762803)|ENTERING_MANAGED_PKG|Centify
17:28:03.20 (492890293)|ENTERING_MANAGED_PKG|Centify
17:28:03.20 (493017018)|ENTERING_MANAGED_PKG|Centify
17:28:03.20 (493163851)|ENTERING_MANAGED_PKG|Centify
17:28:03.20 (493301320)|ENTERING_MANAGED_PKG|Centify
17:28:03.20 (493417355)|ENTERING_MANAGED_PKG|Centify
17:28:03.20 (493556871)|ENTERING_MANAGED_PKG|Centify
17:28:03.20 (493692369)|ENTERING_MANAGED_PKG|Centify
17:28:03.20 (493821909)|ENTERING_MANAGED_PKG|Centify
17:28:03.20 (493949096)|ENTERING_MANAGED_PKG|Centify
17:28:03.20 (494075554)|ENTERING_MANAGED_PKG|Centify
17:28:03.20 (494223626)|ENTERING_MANAGED_PKG|Centify
17:28:03.20 (494360834)|ENTERING_MANAGED_PKG|Centify
17:28:03.20 (494488833)|ENTERING_MANAGED_PKG|Centify
17:28:03.20 (494616312)|ENTERING_MANAGED_PKG|Centify
17:28:03.20 (494741968)|ENTERING_MANAGED_PKG|Centify
17:28:03.20 (494868547)|ENTERING_MANAGED_PKG|Centify
17:28:03.20 (495010273)|ENTERING_MANAGED_PKG|Centify
17:28:03.20 (495095960)|ENTERING_MANAGED_PKG|Centify
17:28:03.20 (495143329)|ENTERING_MANAGED_PKG|Centify
17:28:03.20 (495168699)|ENTERING_MANAGED_PKG|Centify
17:28:03.20 (495201355)|ENTERING_MANAGED_PKG|Centify
17:28:03.20 (495215936)|ENTERING_MANAGED_PKG|Centify
17:28:03.20 (495553852)|ENTERING_MANAGED_PKG|Centify
17:28:03.20 (495583919)|ENTERING_MANAGED_PKG|Centify
17:28:03.20 (495597104)|ENTERING_MANAGED_PKG|Centify
17:28:03.20 (495689028)|ENTERING_MANAGED_PKG|Centify
17:28:03.20 (495837074)|ENTERING_MANAGED_PKG|Centify
17:28:03.20 (495863185)|ENTERING_MANAGED_PKG|Centify
17:28:03.20 (495889256)|ENTERING_MANAGED_PKG|Centify
17:28:03.20 (495902201)|ENTERING_MANAGED_PKG|Centify
17:28:03.20 (496301592)|ENTERING_MANAGED_PKG|Centify
17:28:03.20 (496330720)|ENTERING_MANAGED_PKG|Centify
17:28:03.20 (496344010)|ENTERING_MANAGED_PKG|Centify
17:28:03.20 (496431249)|ENTERING_MANAGED_PKG|Centify
17:28:03.20 (496573577)|ENTERING_MANAGED_PKG|Centify
17:28:03.20 (496599032)|ENTERING_MANAGED_PKG|Centify
17:28:03.20 (496625077)|ENTERING_MANAGED_PKG|Centify
17:28:03.20 (496637755)|ENTERING_MANAGED_PKG|Centify
17:28:03.20 (497138095)|ENTERING_MANAGED_PKG|Centify
17:28:03.20 (497166006)|ENTERING_MANAGED_PKG|Centify
17:28:03.20 (497179152)|ENTERING_MANAGED_PKG|Centify
17:28:03.20 (497273624)|ENTERING_MANAGED_PKG|Centify
17:28:03.20 (497417359)|ENTERING_MANAGED_PKG|Centify
17:28:03.20 (497441906)|ENTERING_MANAGED_PKG|Centify
17:28:03.20 (497467055)|ENTERING_MANAGED_PKG|Centify
17:28:03.20 (497479876)|ENTERING_MANAGED_PKG|Centify
17:28:03.20 (498251600)|ENTERING_MANAGED_PKG|Centify
17:28:03.20 (498285359)|ENTERING_MANAGED_PKG|Centify
17:28:03.20 (498299411)|ENTERING_MANAGED_PKG|Centify
17:28:03.20 (498387329)|ENTERING_MANAGED_PKG|Centify
17:28:03.20 (498534413)|ENTERING_MANAGED_PKG|Centify
17:28:03.20 (498559280)|ENTERING_MANAGED_PKG|Centify
17:28:03.20 (498585194)|ENTERING_MANAGED_PKG|Centify
17:28:03.20 (498598265)|ENTERING_MANAGED_PKG|Centify
17:28:03.20 (499383812)|ENTERING_MANAGED_PKG|Centify
17:28:03.20 (499413659)|ENTERING_MANAGED_PKG|Centify
17:28:03.20 (499427065)|ENTERING_MANAGED_PKG|Centify
17:28:03.20 (499514049)|ENTERING_MANAGED_PKG|Centify
17:28:03.20 (499659019)|ENTERING_MANAGED_PKG|Centify
17:28:03.20 (499684635)|ENTERING_MANAGED_PKG|Centify
17:28:03.20 (499710499)|ENTERING_MANAGED_PKG|Centify
17:28:03.20 (499723538)|ENTERING_MANAGED_PKG|Centify
17:28:03.20 (500625481)|ENTERING_MANAGED_PKG|Centify
17:28:03.20 (500655372)|ENTERING_MANAGED_PKG|Centify
17:28:03.20 (500668718)|ENTERING_MANAGED_PKG|Centify
17:28:03.20 (500755275)|ENTERING_MANAGED_PKG|Centify
17:28:03.20 (500896668)|ENTERING_MANAGED_PKG|Centify
17:28:03.20 (501029601)|ENTERING_MANAGED_PKG|Centify
17:28:03.20 (501162376)|ENTERING_MANAGED_PKG|Centify
17:28:03.20 (501306211)|ENTERING_MANAGED_PKG|Centify
17:28:03.20 (501437588)|ENTERING_MANAGED_PKG|Centify
17:28:03.20 (501565882)|ENTERING_MANAGED_PKG|Centify
17:28:03.20 (501693268)|ENTERING_MANAGED_PKG|Centify
17:28:03.20 (501822492)|ENTERING_MANAGED_PKG|Centify
17:28:03.20 (501948400)|ENTERING_MANAGED_PKG|Centify
17:28:03.20 (502073938)|ENTERING_MANAGED_PKG|Centify
17:28:03.20 (502206450)|ENTERING_MANAGED_PKG|Centify
17:28:03.20 (502335862)|ENTERING_MANAGED_PKG|Centify
17:28:03.20 (502464500)|ENTERING_MANAGED_PKG|Centify
17:28:03.20 (502596822)|ENTERING_MANAGED_PKG|Centify
17:28:03.20 (502639808)|ENTERING_MANAGED_PKG|Centify
17:28:03.20 (502675121)|ENTERING_MANAGED_PKG|Centify
17:28:03.20 (502701122)|ENTERING_MANAGED_PKG|Centify
17:28:03.20 (502870624)|ENTERING_MANAGED_PKG|Centify
17:28:03.20 (502901273)|ENTERING_MANAGED_PKG|Centify
17:28:03.20 (504993804)|ENTERING_MANAGED_PKG|Centify
17:28:03.20 (505031541)|ENTERING_MANAGED_PKG|Centify
17:28:03.20 (505058890)|ENTERING_MANAGED_PKG|Centify
17:28:03.20 (505140649)|ENTERING_MANAGED_PKG|Centify
17:28:03.20 (505168673)|ENTERING_MANAGED_PKG|Centify
17:28:03.20 (505251012)|ENTERING_MANAGED_PKG|Centify
17:28:03.20 (505278085)|ENTERING_MANAGED_PKG|Centify
17:28:03.20 (512653773)|ENTERING_MANAGED_PKG|Centify
17:28:03.20 (512912835)|ENTERING_MANAGED_PKG|Centify
17:28:03.20 (513374489)|ENTERING_MANAGED_PKG|Centify
17:28:03.20 (513978545)|ENTERING_MANAGED_PKG|Centify
17:28:03.20 (514028091)|ENTERING_MANAGED_PKG|Centify
17:28:03.20 (514130802)|ENTERING_MANAGED_PKG|Centify
17:28:03.20 (514175365)|ENTERING_MANAGED_PKG|Centify
17:28:03.20 (514299285)|ENTERING_MANAGED_PKG|Centify
17:28:03.20 (514455713)|ENTERING_MANAGED_PKG|Centify
17:28:03.20 (514591919)|ENTERING_MANAGED_PKG|Centify
17:28:03.20 (514721469)|ENTERING_MANAGED_PKG|Centify
17:28:03.20 (514849503)|ENTERING_MANAGED_PKG|Centify
17:28:03.20 (514976286)|ENTERING_MANAGED_PKG|Centify
17:28:03.20 (515102662)|ENTERING_MANAGED_PKG|Centify
17:28:03.20 (515236812)|ENTERING_MANAGED_PKG|Centify
17:28:03.20 (515363873)|ENTERING_MANAGED_PKG|Centify
17:28:03.20 (515489414)|ENTERING_MANAGED_PKG|Centify
17:28:03.20 (515603183)|ENTERING_MANAGED_PKG|Centify
17:28:03.20 (515728038)|ENTERING_MANAGED_PKG|Centify
17:28:03.20 (515861380)|ENTERING_MANAGED_PKG|Centify
17:28:03.20 (515989304)|ENTERING_MANAGED_PKG|Centify
17:28:03.20 (516115817)|ENTERING_MANAGED_PKG|Centify
17:28:03.20 (516248946)|ENTERING_MANAGED_PKG|Centify
17:28:03.20 (516377243)|ENTERING_MANAGED_PKG|Centify
17:28:03.20 (516502427)|ENTERING_MANAGED_PKG|Centify
17:28:03.20 (516629329)|ENTERING_MANAGED_PKG|Centify
17:28:03.20 (516755717)|ENTERING_MANAGED_PKG|Centify
17:28:03.20 (516881755)|ENTERING_MANAGED_PKG|Centify
17:28:03.20 (517005593)|ENTERING_MANAGED_PKG|Centify
17:28:03.20 (517046673)|ENTERING_MANAGED_PKG|Centify
17:28:03.20 (517082667)|ENTERING_MANAGED_PKG|Centify
17:28:03.20 (517107702)|ENTERING_MANAGED_PKG|Centify
17:28:03.20 (517158111)|ENTERING_MANAGED_PKG|Centify
17:28:03.20 (517209043)|ENTERING_MANAGED_PKG|Centify
17:28:03.20 (518613380)|ENTERING_MANAGED_PKG|Centify
17:28:03.20 (518646634)|ENTERING_MANAGED_PKG|Centify
17:28:03.20 (518672758)|ENTERING_MANAGED_PKG|Centify
17:28:03.20 (518747634)|ENTERING_MANAGED_PKG|Centify
17:28:03.20 (518826382)|ENTERING_MANAGED_PKG|Centify
17:28:03.20 (518950494)|ENTERING_MANAGED_PKG|Centify
17:28:03.20 (519036735)|ENTERING_MANAGED_PKG|Centify
17:28:03.20 (519064597)|ENTERING_MANAGED_PKG|Centify
17:28:03.20 (526227485)|ENTERING_MANAGED_PKG|Centify
17:28:03.20 (526456905)|ENTERING_MANAGED_PKG|Centify
17:28:03.20 (527042266)|ENTERING_MANAGED_PKG|Centify
17:28:03.20 (528281883)|ENTERING_MANAGED_PKG|Centify
17:28:03.20 (528331217)|ENTERING_MANAGED_PKG|Centify
17:28:03.20 (528430904)|ENTERING_MANAGED_PKG|Centify
17:28:03.20 (528473983)|ENTERING_MANAGED_PKG|Centify
17:28:03.20 (528586689)|ENTERING_MANAGED_PKG|Centify
17:28:03.20 (528738881)|ENTERING_MANAGED_PKG|Centify
17:28:03.20 (528869173)|ENTERING_MANAGED_PKG|Centify
17:28:03.20 (528996852)|ENTERING_MANAGED_PKG|Centify
17:28:03.20 (529124424)|ENTERING_MANAGED_PKG|Centify
17:28:03.20 (529262043)|ENTERING_MANAGED_PKG|Centify
17:28:03.20 (529387289)|ENTERING_MANAGED_PKG|Centify
17:28:03.20 (529512680)|ENTERING_MANAGED_PKG|Centify
17:28:03.20 (529638250)|ENTERING_MANAGED_PKG|Centify
17:28:03.20 (529762271)|ENTERING_MANAGED_PKG|Centify
17:28:03.20 (529889736)|ENTERING_MANAGED_PKG|Centify
17:28:03.20 (530015750)|ENTERING_MANAGED_PKG|Centify
17:28:03.20 (530140620)|ENTERING_MANAGED_PKG|Centify
17:28:03.20 (530271603)|ENTERING_MANAGED_PKG|Centify
17:28:03.20 (530397074)|ENTERING_MANAGED_PKG|Centify
17:28:03.20 (530522310)|ENTERING_MANAGED_PKG|Centify
17:28:03.20 (530637189)|ENTERING_MANAGED_PKG|Centify
17:28:03.20 (530760417)|ENTERING_MANAGED_PKG|Centify
17:28:03.20 (530893930)|ENTERING_MANAGED_PKG|Centify
17:28:03.20 (531022626)|ENTERING_MANAGED_PKG|Centify
17:28:03.20 (531151849)|ENTERING_MANAGED_PKG|Centify
17:28:03.20 (531285355)|ENTERING_MANAGED_PKG|Centify
17:28:03.20 (531413184)|ENTERING_MANAGED_PKG|Centify
17:28:03.20 (531539570)|ENTERING_MANAGED_PKG|Centify
17:28:03.20 (531667032)|ENTERING_MANAGED_PKG|Centify
17:28:03.20 (531792685)|ENTERING_MANAGED_PKG|Centify
17:28:03.20 (531918666)|ENTERING_MANAGED_PKG|Centify
17:28:03.20 (532046370)|ENTERING_MANAGED_PKG|Centify
17:28:03.20 (532173306)|ENTERING_MANAGED_PKG|Centify
17:28:03.20 (532305331)|ENTERING_MANAGED_PKG|Centify
17:28:03.20 (532433088)|ENTERING_MANAGED_PKG|Centify
17:28:03.20 (532560538)|ENTERING_MANAGED_PKG|Centify
17:28:03.20 (532688125)|ENTERING_MANAGED_PKG|Centify
17:28:03.20 (532814674)|ENTERING_MANAGED_PKG|Centify
17:28:03.20 (532855311)|ENTERING_MANAGED_PKG|Centify
17:28:03.20 (532890717)|ENTERING_MANAGED_PKG|Centify
17:28:03.20 (532915569)|ENTERING_MANAGED_PKG|Centify
17:28:03.20 (532965829)|ENTERING_MANAGED_PKG|Centify
17:28:03.20 (533011815)|ENTERING_MANAGED_PKG|Centify
17:28:03.20 (535058804)|ENTERING_MANAGED_PKG|Centify
17:28:03.20 (535093492)|ENTERING_MANAGED_PKG|Centify
17:28:03.20 (535119380)|ENTERING_MANAGED_PKG|Centify
17:28:03.20 (535172201)|ENTERING_MANAGED_PKG|Centify
17:28:03.20 (535310146)|ENTERING_MANAGED_PKG|Centify
17:28:03.20 (535385701)|ENTERING_MANAGED_PKG|Centify
17:28:03.20 (550505525)|ENTERING_MANAGED_PKG|Centify
17:28:03.20 (550563906)|ENTERING_MANAGED_PKG|Centify
17:28:03.20 (567148303)|ENTERING_MANAGED_PKG|Centify
17:28:03.20 (567206763)|ENTERING_MANAGED_PKG|Centify
17:28:03.20 (567293190)|ENTERING_MANAGED_PKG|Centify
17:28:03.20 (567324060)|ENTERING_MANAGED_PKG|Centify
17:28:03.20 (574379523)|ENTERING_MANAGED_PKG|Centify
17:28:03.20 (574623746)|ENTERING_MANAGED_PKG|Centify
17:28:03.20 (575076277)|ENTERING_MANAGED_PKG|Centify
17:28:03.20 (575691247)|ENTERING_MANAGED_PKG|Centify
17:28:03.20 (575741415)|ENTERING_MANAGED_PKG|Centify
17:28:03.20 (575844179)|ENTERING_MANAGED_PKG|Centify
17:28:03.20 (575888337)|ENTERING_MANAGED_PKG|Centify
17:28:03.20 (576002417)|ENTERING_MANAGED_PKG|Centify
17:28:03.20 (576160890)|ENTERING_MANAGED_PKG|Centify
17:28:03.20 (576302467)|ENTERING_MANAGED_PKG|Centify
17:28:03.20 (576430851)|ENTERING_MANAGED_PKG|Centify
17:28:03.20 (576560178)|ENTERING_MANAGED_PKG|Centify
17:28:03.20 (576687326)|ENTERING_MANAGED_PKG|Centify
17:28:03.20 (576813644)|ENTERING_MANAGED_PKG|Centify
17:28:03.20 (576938389)|ENTERING_MANAGED_PKG|Centify
17:28:03.20 (577061400)|ENTERING_MANAGED_PKG|Centify
17:28:03.20 (577187147)|ENTERING_MANAGED_PKG|Centify
17:28:03.20 (577318047)|ENTERING_MANAGED_PKG|Centify
17:28:03.20 (577432698)|ENTERING_MANAGED_PKG|Centify
17:28:03.20 (577557781)|ENTERING_MANAGED_PKG|Centify
17:28:03.20 (577694159)|ENTERING_MANAGED_PKG|Centify
17:28:03.20 (577823427)|ENTERING_MANAGED_PKG|Centify
17:28:03.20 (577950128)|ENTERING_MANAGED_PKG|Centify
17:28:03.20 (578079114)|ENTERING_MANAGED_PKG|Centify
17:28:03.20 (578212394)|ENTERING_MANAGED_PKG|Centify
17:28:03.20 (578340952)|ENTERING_MANAGED_PKG|Centify
17:28:03.20 (578468046)|ENTERING_MANAGED_PKG|Centify
17:28:03.20 (578593417)|ENTERING_MANAGED_PKG|Centify
17:28:03.20 (578718517)|ENTERING_MANAGED_PKG|Centify
17:28:03.20 (578843377)|ENTERING_MANAGED_PKG|Centify
17:28:03.20 (578966460)|ENTERING_MANAGED_PKG|Centify
17:28:03.20 (579006356)|ENTERING_MANAGED_PKG|Centify
17:28:03.20 (579042658)|ENTERING_MANAGED_PKG|Centify
17:28:03.20 (579067990)|ENTERING_MANAGED_PKG|Centify
17:28:03.20 (579117747)|ENTERING_MANAGED_PKG|Centify
17:28:03.20 (579163571)|ENTERING_MANAGED_PKG|Centify
17:28:03.20 (580509581)|ENTERING_MANAGED_PKG|Centify
17:28:03.20 (580541540)|ENTERING_MANAGED_PKG|Centify
17:28:03.20 (580566474)|ENTERING_MANAGED_PKG|Centify
17:28:03.20 (580640764)|ENTERING_MANAGED_PKG|Centify
17:28:03.20 (580701824)|ENTERING_MANAGED_PKG|Centify
17:28:03.20 (580755856)|ENTERING_MANAGED_PKG|Centify
17:28:03.20 (581002482)|ENTERING_MANAGED_PKG|Centify
17:28:03.20 (581257253)|ENTERING_MANAGED_PKG|Centify
17:28:03.20 (581303838)|ENTERING_MANAGED_PKG|Centify
17:28:03.20 (581431563)|ENTERING_MANAGED_PKG|Centify
17:28:03.20 (636101561)|ENTERING_MANAGED_PKG|Centify
17:28:03.20 (636299943)|ENTERING_MANAGED_PKG|Centify
17:28:03.20 (636420776)|ENTERING_MANAGED_PKG|Centify
17:28:03.20 (674975362)|ENTERING_MANAGED_PKG|Centify
17:28:03.20 (675079293)|ENTERING_MANAGED_PKG|Centify
17:28:03.20 (675181258)|ENTERING_MANAGED_PKG|Centify
17:28:03.20 (711683975)|ENTERING_MANAGED_PKG|Centify
17:28:03.20 (711811746)|ENTERING_MANAGED_PKG|Centify
17:28:03.20 (711979554)|ENTERING_MANAGED_PKG|Centify
17:28:03.20 (746895414)|ENTERING_MANAGED_PKG|Centify
17:28:03.20 (747075755)|ENTERING_MANAGED_PKG|Centify
17:28:03.20 (747256549)|ENTERING_MANAGED_PKG|Centify
17:28:03.20 (774463518)|ENTERING_MANAGED_PKG|Centify
17:28:03.20 (774590660)|ENTERING_MANAGED_PKG|Centify
17:28:03.20 (774731905)|ENTERING_MANAGED_PKG|Centify
17:28:03.20 (805930339)|ENTERING_MANAGED_PKG|Centify
17:28:03.20 (806163971)|ENTERING_MANAGED_PKG|Centify
17:28:03.20 (806354398)|ENTERING_MANAGED_PKG|Centify
17:28:03.20 (850180721)|ENTERING_MANAGED_PKG|Centify
17:28:03.20 (850358000)|ENTERING_MANAGED_PKG|Centify
17:28:03.20 (850517760)|ENTERING_MANAGED_PKG|Centify
17:28:03.20 (878891442)|ENTERING_MANAGED_PKG|Centify
17:28:03.20 (879084807)|ENTERING_MANAGED_PKG|Centify
17:28:03.20 (879145119)|ENTERING_MANAGED_PKG|Centify
17:28:03.20 (879180292)|ENTERING_MANAGED_PKG|Centify
17:28:03.20 (879243933)|ENTERING_MANAGED_PKG|Centify
17:28:03.20 (879412545)|ENTERING_MANAGED_PKG|Centify
17:28:03.20 (880595568)|SOQL_EXECUTE_BEGIN|[28]|Aggregations:0|SELECT Id FROM ApexClass WHERE Name = :tmpVar1
17:28:03.20 (888635447)|SOQL_EXECUTE_END|[28]|Rows:1
17:28:03.20 (889303227)|SOQL_EXECUTE_BEGIN|[49]|Aggregations:0|SELECT COUNT() FROM AsyncApexJob WHERE (ApexClassId = :tmpVar1 AND Status IN ('Queued', 'Holding', 'Preparing', 'Processing'))
17:28:03.20 (893445706)|SOQL_EXECUTE_END|[49]|Rows:1
17:28:03.20 (893583629)|ENTERING_MANAGED_PKG|Centify
17:28:03.20 (897150897)|ENTERING_MANAGED_PKG|Centify
17:28:03.20 (897268532)|ENTERING_MANAGED_PKG|Centify
17:28:03.20 (897489639)|ENTERING_MANAGED_PKG|Centify
17:28:03.20 (924080945)|ENTERING_MANAGED_PKG|Centify
17:28:03.20 (929880687)|ENTERING_MANAGED_PKG|Centify
17:28:03.20 (930084777)|ENTERING_MANAGED_PKG|Centify
17:28:03.20 (930347485)|ENTERING_MANAGED_PKG|Centify
17:28:03.20 (931578658)|ENTERING_MANAGED_PKG|Centify
17:28:03.20 (931636364)|ENTERING_MANAGED_PKG|Centify
17:28:03.20 (931714582)|ENTERING_MANAGED_PKG|Centify
17:28:03.20 (932516979)|ENTERING_MANAGED_PKG|Centify
17:28:03.20 (935113389)|SOQL_EXECUTE_BEGIN|[16]|Aggregations:0|SELECT Id, CronExpression, CronJobDetail.Name FROM CronTrigger WHERE CronJobDetail.Name LIKE '%Spinify%'
17:28:03.20 (943762648)|SOQL_EXECUTE_END|[16]|Rows:10
17:28:03.20 (944226861)|ENTERING_MANAGED_PKG|Centify
17:28:03.20 (944379477)|ENTERING_MANAGED_PKG|Centify
17:28:03.20 (944445861)|ENTERING_MANAGED_PKG|Centify
17:28:03.20 (944756664)|ENTERING_MANAGED_PKG|Centify
17:28:03.20 (944868647)|ENTERING_MANAGED_PKG|Centify
17:28:03.20 (944962016)|ENTERING_MANAGED_PKG|Centify
17:28:03.20 (945070947)|ENTERING_MANAGED_PKG|Centify
17:28:03.20 (946038082)|ENTERING_MANAGED_PKG|Centify
17:28:04.10 (1010339748)|CUMULATIVE_LIMIT_USAGE
17:28:04.10 (1010339748)|LIMIT_USAGE_FOR_NS|(default)|
  Number of SOQL queries: 0 out of 100
  Number of query rows: 0 out of 50000
  Number of SOSL queries: 0 out of 20
  Number of DML statements: 0 out of 150
  Number of DML rows: 0 out of 10000
  Maximum CPU time: 564 out of 10000
  Maximum heap size: 0 out of 6000000
  Number of callouts: 0 out of 100
  Number of Email Invocations: 0 out of 10
  Number of future calls: 0 out of 50
  Number of queueable jobs added to the queue: 0 out of 50
  Number of Mobile Apex push calls: 0 out of 10

17:28:04.10 (1010339748)|LIMIT_USAGE_FOR_NS|Centify|
  Number of SOQL queries: 5 out of 100
  Number of query rows: 14 out of 50000
  Number of SOSL queries: 0 out of 20
  Number of DML statements: 1 out of 150
  Number of DML rows: 1 out of 10000
  Maximum CPU time: 0 out of 10000
  Maximum heap size: 0 out of 6000000
  Number of callouts: 0 out of 100
  Number of Email Invocations: 0 out of 10
  Number of future calls: 0 out of 50
  Number of queueable jobs added to the queue: 0 out of 50
  Number of Mobile Apex push calls: 0 out of 10

17:28:04.10 (1010339748)|CUMULATIVE_LIMIT_USAGE_END

