37.0 APEX_CODE,FINEST;APEX_PROFILING,INFO;CALLOUT,INFO;DB,INFO;NBA,INFO;SYSTEM,DEBUG;VALIDATION,INFO;VISUALFORCE,INFO;WAVE,INFO;WORKFLOW,INFO
18:46:04.31 (31530814)|ENTERING_MANAGED_PKG|Centify
18:46:04.31 (35487387)|ENTERING_MANAGED_PKG|Centify
18:46:04.31 (42579455)|ENTERING_MANAGED_PKG|Centify
18:46:04.31 (42747442)|ENTERING_MANAGED_PKG|Centify
18:46:04.31 (42951989)|ENTERING_MANAGED_PKG|Centify
18:46:04.31 (43653621)|ENTERING_MANAGED_PKG|Centify
18:46:04.31 (43965128)|ENTERING_MANAGED_PKG|Centify
18:46:04.31 (43997779)|ENTERING_MANAGED_PKG|Centify
18:46:04.31 (44088925)|ENTERING_MANAGED_PKG|Centify
18:46:04.31 (44147456)|ENTERING_MANAGED_PKG|Centify
18:46:04.31 (44190312)|ENTERING_MANAGED_PKG|Centify
18:46:04.31 (44214777)|ENTERING_MANAGED_PKG|Centify
18:46:04.31 (44235200)|ENTERING_MANAGED_PKG|Centify
18:46:04.31 (44422997)|ENTERING_MANAGED_PKG|Centify
18:46:04.31 (91779411)|ENTERING_MANAGED_PKG|Centify
18:46:04.31 (91909958)|ENTERING_MANAGED_PKG|Centify
18:46:04.31 (92055986)|ENTERING_MANAGED_PKG|Centify
18:46:04.31 (92113403)|ENTERING_MANAGED_PKG|Centify
18:46:04.31 (294997778)|ENTERING_MANAGED_PKG|Centify
18:46:04.31 (338115297)|ENTERING_MANAGED_PKG|Centify
18:46:04.31 (350625984)|ENTERING_MANAGED_PKG|Centify
18:46:04.31 (350683013)|ENTERING_MANAGED_PKG|Centify
18:46:04.31 (350770604)|ENTERING_MANAGED_PKG|Centify
18:46:04.31 (350805798)|ENTERING_MANAGED_PKG|Centify
18:46:04.31 (350872891)|ENTERING_MANAGED_PKG|Centify
18:46:04.31 (377832817)|ENTERING_MANAGED_PKG|Centify
18:46:04.31 (392395294)|ENTERING_MANAGED_PKG|Centify
18:46:04.31 (392452490)|ENTERING_MANAGED_PKG|Centify
18:46:04.31 (392537058)|ENTERING_MANAGED_PKG|Centify
18:46:04.31 (392572495)|ENTERING_MANAGED_PKG|Centify
18:46:04.31 (392641024)|ENTERING_MANAGED_PKG|Centify
18:46:04.31 (419306501)|ENTERING_MANAGED_PKG|Centify
18:46:04.31 (432892528)|ENTERING_MANAGED_PKG|Centify
18:46:04.31 (432946707)|ENTERING_MANAGED_PKG|Centify
18:46:04.31 (433025560)|ENTERING_MANAGED_PKG|Centify
18:46:04.31 (433059390)|ENTERING_MANAGED_PKG|Centify
18:46:04.31 (433125802)|ENTERING_MANAGED_PKG|Centify
18:46:04.31 (458841111)|ENTERING_MANAGED_PKG|Centify
18:46:04.31 (472630189)|ENTERING_MANAGED_PKG|Centify
18:46:04.31 (472688257)|ENTERING_MANAGED_PKG|Centify
18:46:04.31 (472768277)|ENTERING_MANAGED_PKG|Centify
18:46:04.31 (472803013)|ENTERING_MANAGED_PKG|Centify
18:46:04.31 (472869846)|ENTERING_MANAGED_PKG|Centify
18:46:04.31 (497508564)|ENTERING_MANAGED_PKG|Centify
18:46:04.31 (510866750)|ENTERING_MANAGED_PKG|Centify
18:46:04.31 (510918039)|ENTERING_MANAGED_PKG|Centify
18:46:04.31 (510995349)|ENTERING_MANAGED_PKG|Centify
18:46:04.31 (511028370)|ENTERING_MANAGED_PKG|Centify
18:46:04.31 (511094433)|ENTERING_MANAGED_PKG|Centify
18:46:04.31 (535012463)|ENTERING_MANAGED_PKG|Centify
18:46:04.31 (548479035)|ENTERING_MANAGED_PKG|Centify
18:46:04.31 (548528928)|ENTERING_MANAGED_PKG|Centify
18:46:04.31 (548605234)|ENTERING_MANAGED_PKG|Centify
18:46:04.31 (548638740)|ENTERING_MANAGED_PKG|Centify
18:46:04.31 (548709811)|ENTERING_MANAGED_PKG|Centify
18:46:04.31 (573779881)|ENTERING_MANAGED_PKG|Centify
18:46:04.31 (587379921)|ENTERING_MANAGED_PKG|Centify
18:46:04.31 (587432125)|ENTERING_MANAGED_PKG|Centify
18:46:04.31 (587511329)|ENTERING_MANAGED_PKG|Centify
18:46:04.31 (587545980)|ENTERING_MANAGED_PKG|Centify
18:46:04.31 (587612275)|ENTERING_MANAGED_PKG|Centify
18:46:04.31 (612682805)|ENTERING_MANAGED_PKG|Centify
18:46:04.31 (626294262)|ENTERING_MANAGED_PKG|Centify
18:46:04.31 (626344949)|ENTERING_MANAGED_PKG|Centify
18:46:04.31 (626419673)|ENTERING_MANAGED_PKG|Centify
18:46:04.31 (626452584)|ENTERING_MANAGED_PKG|Centify
18:46:04.31 (626518818)|ENTERING_MANAGED_PKG|Centify
18:46:04.31 (651891663)|ENTERING_MANAGED_PKG|Centify
18:46:04.31 (666020849)|ENTERING_MANAGED_PKG|Centify
18:46:04.31 (666069030)|ENTERING_MANAGED_PKG|Centify
18:46:04.31 (666145198)|ENTERING_MANAGED_PKG|Centify
18:46:04.31 (666177921)|ENTERING_MANAGED_PKG|Centify
18:46:04.31 (666242843)|ENTERING_MANAGED_PKG|Centify
18:46:04.31 (704225552)|ENTERING_MANAGED_PKG|Centify
18:46:04.31 (717755272)|ENTERING_MANAGED_PKG|Centify
18:46:04.31 (717811475)|ENTERING_MANAGED_PKG|Centify
18:46:04.31 (717891191)|ENTERING_MANAGED_PKG|Centify
18:46:04.31 (717924659)|ENTERING_MANAGED_PKG|Centify
18:46:04.31 (717991889)|ENTERING_MANAGED_PKG|Centify
18:46:04.31 (743349551)|ENTERING_MANAGED_PKG|Centify
18:46:04.31 (757394537)|ENTERING_MANAGED_PKG|Centify
18:46:04.31 (757448812)|ENTERING_MANAGED_PKG|Centify
18:46:04.31 (757528285)|ENTERING_MANAGED_PKG|Centify
18:46:04.31 (757562910)|ENTERING_MANAGED_PKG|Centify
18:46:04.31 (757628979)|ENTERING_MANAGED_PKG|Centify
18:46:04.31 (787840483)|ENTERING_MANAGED_PKG|Centify
18:46:04.31 (802068236)|ENTERING_MANAGED_PKG|Centify
18:46:04.31 (802126480)|ENTERING_MANAGED_PKG|Centify
18:46:04.31 (802207742)|ENTERING_MANAGED_PKG|Centify
18:46:04.31 (802241551)|ENTERING_MANAGED_PKG|Centify
18:46:04.31 (802308757)|ENTERING_MANAGED_PKG|Centify
18:46:04.31 (829272956)|ENTERING_MANAGED_PKG|Centify
18:46:04.31 (845676737)|ENTERING_MANAGED_PKG|Centify
18:46:04.31 (845741318)|ENTERING_MANAGED_PKG|Centify
18:46:04.31 (845825014)|ENTERING_MANAGED_PKG|Centify
18:46:04.31 (845859743)|ENTERING_MANAGED_PKG|Centify
18:46:04.31 (845929214)|ENTERING_MANAGED_PKG|Centify
18:46:04.31 (879626507)|ENTERING_MANAGED_PKG|Centify
18:46:04.31 (879715695)|ENTERING_MANAGED_PKG|Centify
18:46:04.31 (879899914)|ENTERING_MANAGED_PKG|Centify
18:46:04.31 (879949488)|ENTERING_MANAGED_PKG|Centify
18:46:04.31 (879994668)|ENTERING_MANAGED_PKG|Centify
18:46:04.31 (885979668)|ENTERING_MANAGED_PKG|Centify
18:46:04.31 (886091502)|ENTERING_MANAGED_PKG|Centify
18:46:04.31 (887744130)|ENTERING_MANAGED_PKG|Centify
18:46:04.31 (887829422)|ENTERING_MANAGED_PKG|Centify
18:46:04.31 (887927247)|ENTERING_MANAGED_PKG|Centify
18:46:04.31 (888533128)|ENTERING_MANAGED_PKG|Centify
18:46:04.31 (889470000)|SOQL_EXECUTE_BEGIN|[16]|Aggregations:0|select id,lastmodifieddate,isdeleted,call_duration_min__c,createddate,tasksubtype,isclosed,subject,ownerid,activitydate,status,whatid,calldurationinseconds,calltype from Task where LastModifiedDate >2018-09-28T07:44:30Z AND LastModifiedDate < 2018-09-28T08:46:10Z AND (  CallType = 'Outbound'  OR  CallType = 'Inbound' )  ORDER BY SystemModStamp DESC LIMIT 5000  ALL ROWS
18:46:04.31 (897517769)|SOQL_EXECUTE_END|[16]|Rows:0
18:46:04.917 (917665817)|CUMULATIVE_LIMIT_USAGE
18:46:04.917 (917665817)|LIMIT_USAGE_FOR_NS|(default)|
  Number of SOQL queries: 0 out of 200
  Number of query rows: 0 out of 50000
  Number of SOSL queries: 0 out of 20
  Number of DML statements: 0 out of 150
  Number of DML rows: 0 out of 10000
  Maximum CPU time: 0 out of 60000
  Maximum heap size: 0 out of 12000000
  Number of callouts: 0 out of 0
  Number of Email Invocations: 0 out of 10
  Number of future calls: 0 out of 0
  Number of queueable jobs added to the queue: 0 out of 1
  Number of Mobile Apex push calls: 0 out of 10

18:46:04.917 (917665817)|LIMIT_USAGE_FOR_NS|Centify|
  Number of SOQL queries: 0 out of 200
  Number of query rows: 0 out of 50000
  Number of SOSL queries: 0 out of 20
  Number of DML statements: 0 out of 150
  Number of DML rows: 0 out of 10000
  Maximum CPU time: 0 out of 60000
  Maximum heap size: 0 out of 12000000
  Number of callouts: 0 out of 0
  Number of Email Invocations: 0 out of 10
  Number of future calls: 0 out of 0
  Number of queueable jobs added to the queue: 0 out of 1
  Number of Mobile Apex push calls: 0 out of 10

18:46:04.917 (917665817)|CUMULATIVE_LIMIT_USAGE_END

