37.0 APEX_CODE,FINEST;APEX_PROFILING,INFO;CALLOUT,INFO;DB,INFO;NBA,INFO;SYSTEM,DEBUG;VALIDATION,INFO;VISUALFORCE,INFO;WAVE,INFO;WORKFLOW,INFO
17:28:03.15 (15791490)|ENTERING_MANAGED_PKG|Centify
17:28:03.15 (16663683)|ENTERING_MANAGED_PKG|Centify
17:28:03.15 (16714264)|ENTERING_MANAGED_PKG|Centify
17:28:03.15 (17147368)|ENTERING_MANAGED_PKG|Centify
17:28:03.15 (17261061)|ENTERING_MANAGED_PKG|Centify
17:28:03.15 (17309900)|ENTERING_MANAGED_PKG|Centify
17:28:03.46 (46430981)|CUMULATIVE_LIMIT_USAGE
17:28:03.46 (46430981)|LIMIT_USAGE_FOR_NS|(default)|
  Number of SOQL queries: 0 out of 200
  Number of query rows: 0 out of 50000
  Number of SOSL queries: 0 out of 20
  Number of DML statements: 0 out of 150
  Number of DML rows: 0 out of 10000
  Maximum CPU time: 0 out of 60000
  Maximum heap size: 0 out of 12000000
  Number of callouts: 0 out of 0
  Number of Email Invocations: 0 out of 10
  Number of future calls: 0 out of 0
  Number of queueable jobs added to the queue: 0 out of 1
  Number of Mobile Apex push calls: 0 out of 10

17:28:03.46 (46430981)|LIMIT_USAGE_FOR_NS|Centify|
  Number of SOQL queries: 0 out of 200
  Number of query rows: 0 out of 50000
  Number of SOSL queries: 0 out of 20
  Number of DML statements: 0 out of 150
  Number of DML rows: 0 out of 10000
  Maximum CPU time: 0 out of 60000
  Maximum heap size: 0 out of 12000000
  Number of callouts: 0 out of 0
  Number of Email Invocations: 0 out of 10
  Number of future calls: 0 out of 0
  Number of queueable jobs added to the queue: 0 out of 1
  Number of Mobile Apex push calls: 0 out of 10

17:28:03.46 (46430981)|CUMULATIVE_LIMIT_USAGE_END

