37.0 APEX_CODE,FINEST;APEX_PROFILING,INFO;CALLOUT,INFO;DB,INFO;NBA,INFO;SYSTEM,DEBUG;VALIDATION,INFO;VISUALFORCE,INFO;WAVE,INFO;WORKFLOW,INFO
13:46:22.10 (10879793)|ENTERING_MANAGED_PKG|Centify
13:46:22.10 (13621738)|ENTERING_MANAGED_PKG|Centify
13:46:22.10 (17648113)|ENTERING_MANAGED_PKG|Centify
13:46:22.10 (17753356)|ENTERING_MANAGED_PKG|Centify
13:46:22.10 (17798505)|ENTERING_MANAGED_PKG|Centify
13:46:22.10 (17863830)|ENTERING_MANAGED_PKG|Centify
13:46:22.10 (17888217)|ENTERING_MANAGED_PKG|Centify
13:46:22.10 (17942520)|ENTERING_MANAGED_PKG|Centify
13:46:22.10 (17970250)|ENTERING_MANAGED_PKG|Centify
13:46:22.10 (18038505)|ENTERING_MANAGED_PKG|Centify
13:46:22.10 (18097988)|ENTERING_MANAGED_PKG|Centify
13:46:22.10 (21102839)|SOQL_EXECUTE_BEGIN|[19]|Aggregations:0|SELECT Id, OrganizationType FROM Organization LIMIT 1
13:46:22.10 (23912323)|SOQL_EXECUTE_END|[19]|Rows:1
13:46:22.10 (25680305)|ENTERING_MANAGED_PKG|Centify
13:46:22.10 (25742096)|ENTERING_MANAGED_PKG|Centify
13:46:22.10 (25857668)|ENTERING_MANAGED_PKG|Centify
13:46:22.10 (25917124)|ENTERING_MANAGED_PKG|Centify
13:46:22.10 (26280797)|ENTERING_MANAGED_PKG|Centify
13:46:22.10 (26318048)|ENTERING_MANAGED_PKG|Centify
13:46:22.10 (26397624)|ENTERING_MANAGED_PKG|Centify
13:46:22.10 (26453714)|ENTERING_MANAGED_PKG|Centify
13:46:22.10 (27910871)|SOQL_EXECUTE_BEGIN|[95]|Aggregations:0|SELECT MAX(Last_Sync_Time__c) maxDT FROM Salesforce_Sync_Settings__c
13:46:22.10 (30039229)|SOQL_EXECUTE_END|[95]|Rows:1
13:46:22.10 (30310906)|ENTERING_MANAGED_PKG|Centify
13:46:22.10 (30359399)|ENTERING_MANAGED_PKG|Centify
13:46:22.10 (34983645)|ENTERING_MANAGED_PKG|Centify
13:46:22.10 (35070878)|ENTERING_MANAGED_PKG|Centify
13:46:22.10 (37079763)|SOQL_EXECUTE_BEGIN|[84]|Aggregations:0|SELECT COUNT() FROM Notification__c WHERE ((Number_Of_Attempts__c = NULL OR Number_Of_Attempts__c < :tmpVar1) AND (CreatedDate = TODAY OR LastModifiedDate = TODAY)) LIMIT 25000
13:46:22.10 (47760302)|SOQL_EXECUTE_END|[84]|Rows:0
13:46:22.10 (47842306)|ENTERING_MANAGED_PKG|Centify
13:46:22.10 (47904374)|ENTERING_MANAGED_PKG|Centify
13:46:22.10 (47958472)|ENTERING_MANAGED_PKG|Centify
13:46:22.10 (48002901)|ENTERING_MANAGED_PKG|Centify
13:46:22.10 (48061100)|ENTERING_MANAGED_PKG|Centify
13:46:22.10 (50639206)|SOQL_EXECUTE_BEGIN|[366]|Aggregations:0|SELECT Id, Label, MasterLabel, DeveloperName, Endpoint__c, TimeOut__c FROM Endpoint_Setting__mdt LIMIT 50
13:46:22.10 (56224090)|SOQL_EXECUTE_END|[366]|Rows:24
13:46:22.10 (57492930)|ENTERING_MANAGED_PKG|Centify
13:46:22.10 (57550005)|ENTERING_MANAGED_PKG|Centify
13:46:22.10 (59077258)|ENTERING_MANAGED_PKG|Centify
13:46:22.10 (59111805)|ENTERING_MANAGED_PKG|Centify
13:46:22.10 (61889793)|ENTERING_MANAGED_PKG|Centify
13:46:22.10 (64204498)|ENTERING_MANAGED_PKG|Centify
13:46:22.10 (64258025)|ENTERING_MANAGED_PKG|Centify
13:46:22.10 (64296494)|ENTERING_MANAGED_PKG|Centify
13:46:22.10 (64922828)|ENTERING_MANAGED_PKG|Centify
13:46:22.10 (64995423)|ENTERING_MANAGED_PKG|Centify
13:46:22.10 (65049080)|ENTERING_MANAGED_PKG|Centify
13:46:22.10 (68612022)|ENTERING_MANAGED_PKG|Centify
13:46:22.10 (68663227)|ENTERING_MANAGED_PKG|Centify
13:46:22.10 (68711640)|ENTERING_MANAGED_PKG|Centify
13:46:22.10 (68758994)|ENTERING_MANAGED_PKG|Centify
13:46:22.10 (68831443)|ENTERING_MANAGED_PKG|Centify
13:46:22.10 (71137725)|ENTERING_MANAGED_PKG|Centify
13:46:22.10 (71235092)|ENTERING_MANAGED_PKG|Centify
13:46:22.10 (71888489)|ENTERING_MANAGED_PKG|Centify
13:46:22.10 (416613311)|ENTERING_MANAGED_PKG|Centify
13:46:22.429 (429384937)|CUMULATIVE_LIMIT_USAGE
13:46:22.429 (429384937)|LIMIT_USAGE_FOR_NS|(default)|
  Number of SOQL queries: 0 out of 200
  Number of query rows: 0 out of 50000
  Number of SOSL queries: 0 out of 20
  Number of DML statements: 0 out of 150
  Number of DML rows: 0 out of 10000
  Maximum CPU time: 0 out of 60000
  Maximum heap size: 0 out of 12000000
  Number of callouts: 0 out of 0
  Number of Email Invocations: 0 out of 10
  Number of future calls: 0 out of 0
  Number of queueable jobs added to the queue: 0 out of 1
  Number of Mobile Apex push calls: 0 out of 10

13:46:22.429 (429384937)|LIMIT_USAGE_FOR_NS|Centify|
  Number of SOQL queries: 0 out of 200
  Number of query rows: 0 out of 50000
  Number of SOSL queries: 0 out of 20
  Number of DML statements: 0 out of 150
  Number of DML rows: 0 out of 10000
  Maximum CPU time: 0 out of 60000
  Maximum heap size: 0 out of 12000000
  Number of callouts: 0 out of 0
  Number of Email Invocations: 0 out of 10
  Number of future calls: 0 out of 0
  Number of queueable jobs added to the queue: 0 out of 1
  Number of Mobile Apex push calls: 0 out of 10

13:46:22.429 (429384937)|CUMULATIVE_LIMIT_USAGE_END

