37.0 APEX_CODE,FINEST;APEX_PROFILING,INFO;CALLOUT,INFO;DB,INFO;NBA,INFO;SYSTEM,DEBUG;VALIDATION,INFO;VISUALFORCE,INFO;WAVE,INFO;WORKFLOW,INFO
16:54:23.9 (9655008)|ENTERING_MANAGED_PKG|Centify
16:54:23.9 (22383327)|ENTERING_MANAGED_PKG|Centify
16:54:23.9 (22464364)|ENTERING_MANAGED_PKG|Centify
16:54:23.9 (25371049)|ENTERING_MANAGED_PKG|Centify
16:54:23.9 (25446319)|ENTERING_MANAGED_PKG|Centify
16:54:23.9 (25613951)|ENTERING_MANAGED_PKG|Centify
16:54:23.9 (26210113)|ENTERING_MANAGED_PKG|Centify
16:54:23.9 (37599177)|ENTERING_MANAGED_PKG|Centify
16:54:23.9 (37693979)|ENTERING_MANAGED_PKG|Centify
16:54:23.9 (38062097)|ENTERING_MANAGED_PKG|Centify
16:54:23.9 (38106905)|ENTERING_MANAGED_PKG|Centify
16:54:23.9 (38484951)|ENTERING_MANAGED_PKG|Centify
16:54:23.9 (40525131)|ENTERING_MANAGED_PKG|Centify
16:54:23.9 (40589064)|ENTERING_MANAGED_PKG|Centify
16:54:23.9 (40713947)|ENTERING_MANAGED_PKG|Centify
16:54:23.9 (40794008)|ENTERING_MANAGED_PKG|Centify
16:54:23.9 (40819762)|ENTERING_MANAGED_PKG|Centify
16:54:23.9 (40896824)|ENTERING_MANAGED_PKG|Centify
16:54:23.9 (40921715)|ENTERING_MANAGED_PKG|Centify
16:54:23.9 (40952745)|ENTERING_MANAGED_PKG|Centify
16:54:23.9 (41101681)|ENTERING_MANAGED_PKG|Centify
16:54:23.9 (41146203)|ENTERING_MANAGED_PKG|Centify
16:54:23.9 (41660784)|ENTERING_MANAGED_PKG|Centify
16:54:23.9 (41696737)|ENTERING_MANAGED_PKG|Centify
16:54:23.9 (41748026)|ENTERING_MANAGED_PKG|Centify
16:54:23.9 (41896383)|ENTERING_MANAGED_PKG|Centify
16:54:23.9 (41948686)|ENTERING_MANAGED_PKG|Centify
16:54:23.9 (42242658)|ENTERING_MANAGED_PKG|Centify
16:54:23.9 (42410136)|ENTERING_MANAGED_PKG|Centify
16:54:23.9 (42527689)|ENTERING_MANAGED_PKG|Centify
16:54:23.9 (42649020)|ENTERING_MANAGED_PKG|Centify
16:54:23.9 (42722411)|ENTERING_MANAGED_PKG|Centify
16:54:23.9 (42828379)|ENTERING_MANAGED_PKG|Centify
16:54:23.9 (42895419)|ENTERING_MANAGED_PKG|Centify
16:54:23.9 (42952024)|ENTERING_MANAGED_PKG|Centify
16:54:23.9 (43014316)|ENTERING_MANAGED_PKG|Centify
16:54:23.9 (43121912)|ENTERING_MANAGED_PKG|Centify
16:54:23.9 (43188803)|ENTERING_MANAGED_PKG|Centify
16:54:23.9 (43297343)|ENTERING_MANAGED_PKG|Centify
16:54:23.9 (43364933)|ENTERING_MANAGED_PKG|Centify
16:54:23.9 (43467711)|ENTERING_MANAGED_PKG|Centify
16:54:23.9 (43539372)|ENTERING_MANAGED_PKG|Centify
16:54:23.9 (43710409)|ENTERING_MANAGED_PKG|Centify
16:54:23.9 (43790048)|ENTERING_MANAGED_PKG|Centify
16:54:23.9 (43896744)|ENTERING_MANAGED_PKG|Centify
16:54:23.9 (43962636)|ENTERING_MANAGED_PKG|Centify
16:54:23.9 (44063832)|ENTERING_MANAGED_PKG|Centify
16:54:23.9 (44129942)|ENTERING_MANAGED_PKG|Centify
16:54:23.9 (45397834)|ENTERING_MANAGED_PKG|Centify
16:54:23.9 (45490715)|ENTERING_MANAGED_PKG|Centify
16:54:23.9 (45611418)|ENTERING_MANAGED_PKG|Centify
16:54:23.9 (45683974)|ENTERING_MANAGED_PKG|Centify
16:54:23.9 (45795670)|ENTERING_MANAGED_PKG|Centify
16:54:23.9 (45876621)|ENTERING_MANAGED_PKG|Centify
16:54:23.9 (45982524)|ENTERING_MANAGED_PKG|Centify
16:54:23.9 (46036112)|ENTERING_MANAGED_PKG|Centify
16:54:23.9 (47184591)|ENTERING_MANAGED_PKG|Centify
16:54:23.9 (48048425)|ENTERING_MANAGED_PKG|Centify
16:54:23.9 (48147725)|ENTERING_MANAGED_PKG|Centify
16:54:23.9 (48314340)|ENTERING_MANAGED_PKG|Centify
16:54:23.9 (48350043)|ENTERING_MANAGED_PKG|Centify
16:54:23.9 (48416741)|ENTERING_MANAGED_PKG|Centify
16:54:23.9 (48450669)|ENTERING_MANAGED_PKG|Centify
16:54:23.9 (48465452)|ENTERING_MANAGED_PKG|Centify
16:54:23.9 (48497265)|ENTERING_MANAGED_PKG|Centify
16:54:23.9 (48510474)|ENTERING_MANAGED_PKG|Centify
16:54:23.9 (48533224)|ENTERING_MANAGED_PKG|Centify
16:54:23.9 (48570784)|ENTERING_MANAGED_PKG|Centify
16:54:23.9 (48593185)|ENTERING_MANAGED_PKG|Centify
16:54:23.9 (48729933)|ENTERING_MANAGED_PKG|Centify
16:54:23.9 (48754402)|ENTERING_MANAGED_PKG|Centify
16:54:23.9 (48767901)|ENTERING_MANAGED_PKG|Centify
16:54:23.9 (48872732)|ENTERING_MANAGED_PKG|Centify
16:54:23.9 (48908248)|ENTERING_MANAGED_PKG|Centify
16:54:23.9 (48969539)|ENTERING_MANAGED_PKG|Centify
16:54:23.9 (49086212)|ENTERING_MANAGED_PKG|Centify
16:54:23.9 (49155631)|ENTERING_MANAGED_PKG|Centify
16:54:23.9 (49265301)|ENTERING_MANAGED_PKG|Centify
16:54:23.9 (49328689)|ENTERING_MANAGED_PKG|Centify
16:54:23.9 (49429497)|ENTERING_MANAGED_PKG|Centify
16:54:23.9 (49481246)|ENTERING_MANAGED_PKG|Centify
16:54:23.9 (49534312)|ENTERING_MANAGED_PKG|Centify
16:54:23.9 (49583473)|ENTERING_MANAGED_PKG|Centify
16:54:23.9 (49685064)|ENTERING_MANAGED_PKG|Centify
16:54:23.9 (49740749)|ENTERING_MANAGED_PKG|Centify
16:54:23.9 (49837406)|ENTERING_MANAGED_PKG|Centify
16:54:23.9 (49890531)|ENTERING_MANAGED_PKG|Centify
16:54:23.9 (49988393)|ENTERING_MANAGED_PKG|Centify
16:54:23.9 (50042264)|ENTERING_MANAGED_PKG|Centify
16:54:23.9 (50140713)|ENTERING_MANAGED_PKG|Centify
16:54:23.9 (50202992)|ENTERING_MANAGED_PKG|Centify
16:54:23.9 (50308570)|ENTERING_MANAGED_PKG|Centify
16:54:23.9 (50362452)|ENTERING_MANAGED_PKG|Centify
16:54:23.9 (50460528)|ENTERING_MANAGED_PKG|Centify
16:54:23.9 (50513615)|ENTERING_MANAGED_PKG|Centify
16:54:23.9 (50611968)|ENTERING_MANAGED_PKG|Centify
16:54:23.9 (50664412)|ENTERING_MANAGED_PKG|Centify
16:54:23.9 (50766763)|ENTERING_MANAGED_PKG|Centify
16:54:23.9 (50820697)|ENTERING_MANAGED_PKG|Centify
16:54:23.9 (50921139)|ENTERING_MANAGED_PKG|Centify
16:54:23.9 (50982158)|ENTERING_MANAGED_PKG|Centify
16:54:23.9 (51078959)|ENTERING_MANAGED_PKG|Centify
16:54:23.9 (51121826)|ENTERING_MANAGED_PKG|Centify
16:54:23.9 (52008210)|DML_BEGIN|[76]|Op:Insert|Type:Centify__Notification__c|Rows:2
16:54:23.9 (75159970)|DML_END|[76]
16:54:23.9 (75331872)|ENTERING_MANAGED_PKG|Centify
16:54:23.9 (75679032)|ENTERING_MANAGED_PKG|Centify
16:54:23.9 (75850347)|ENTERING_MANAGED_PKG|Centify
16:54:23.103 (103296038)|CUMULATIVE_LIMIT_USAGE
16:54:23.103 (103296038)|LIMIT_USAGE_FOR_NS|(default)|
  Number of SOQL queries: 0 out of 200
  Number of query rows: 0 out of 50000
  Number of SOSL queries: 0 out of 20
  Number of DML statements: 0 out of 150
  Number of DML rows: 0 out of 10000
  Maximum CPU time: 0 out of 60000
  Maximum heap size: 0 out of 12000000
  Number of callouts: 0 out of 0
  Number of Email Invocations: 0 out of 10
  Number of future calls: 0 out of 0
  Number of queueable jobs added to the queue: 0 out of 1
  Number of Mobile Apex push calls: 0 out of 10

16:54:23.103 (103296038)|LIMIT_USAGE_FOR_NS|Centify|
  Number of SOQL queries: 0 out of 200
  Number of query rows: 0 out of 50000
  Number of SOSL queries: 0 out of 20
  Number of DML statements: 0 out of 150
  Number of DML rows: 0 out of 10000
  Maximum CPU time: 0 out of 60000
  Maximum heap size: 0 out of 12000000
  Number of callouts: 0 out of 0
  Number of Email Invocations: 0 out of 10
  Number of future calls: 0 out of 0
  Number of queueable jobs added to the queue: 0 out of 1
  Number of Mobile Apex push calls: 0 out of 10

16:54:23.103 (103296038)|CUMULATIVE_LIMIT_USAGE_END

