37.0 APEX_CODE,FINEST;APEX_PROFILING,INFO;CALLOUT,INFO;DB,INFO;NBA,INFO;SYSTEM,DEBUG;VALIDATION,INFO;VISUALFORCE,INFO;WAVE,INFO;WORKFLOW,INFO
16:59:03.19 (19954267)|ENTERING_MANAGED_PKG|Centify
16:59:03.19 (21084651)|ENTERING_MANAGED_PKG|Centify
16:59:03.19 (21129369)|ENTERING_MANAGED_PKG|Centify
16:59:03.19 (21584318)|ENTERING_MANAGED_PKG|Centify
16:59:03.19 (21684324)|ENTERING_MANAGED_PKG|Centify
16:59:03.19 (21735407)|ENTERING_MANAGED_PKG|Centify
16:59:03.115 (115567991)|CUMULATIVE_LIMIT_USAGE
16:59:03.115 (115567991)|LIMIT_USAGE_FOR_NS|(default)|
  Number of SOQL queries: 0 out of 200
  Number of query rows: 0 out of 50000
  Number of SOSL queries: 0 out of 20
  Number of DML statements: 0 out of 150
  Number of DML rows: 0 out of 10000
  Maximum CPU time: 0 out of 60000
  Maximum heap size: 0 out of 12000000
  Number of callouts: 0 out of 0
  Number of Email Invocations: 0 out of 10
  Number of future calls: 0 out of 0
  Number of queueable jobs added to the queue: 0 out of 1
  Number of Mobile Apex push calls: 0 out of 10

16:59:03.115 (115567991)|LIMIT_USAGE_FOR_NS|Centify|
  Number of SOQL queries: 0 out of 200
  Number of query rows: 0 out of 50000
  Number of SOSL queries: 0 out of 20
  Number of DML statements: 0 out of 150
  Number of DML rows: 0 out of 10000
  Maximum CPU time: 0 out of 60000
  Maximum heap size: 0 out of 12000000
  Number of callouts: 0 out of 0
  Number of Email Invocations: 0 out of 10
  Number of future calls: 0 out of 0
  Number of queueable jobs added to the queue: 0 out of 1
  Number of Mobile Apex push calls: 0 out of 10

16:59:03.115 (115567991)|CUMULATIVE_LIMIT_USAGE_END

G_MANAGED_PKG|Centify
16:59:02.28 (422754997)|ENTERING_MANAGED_PKG|Centify
16:59:02.28 (422813920)|ENTERING_MANAGED_PKG|Centify
16:59:02.28 (451435056)|ENTERING_MANAGED_PKG|Centify
16:59:02.28 (466441530)|ENTERING_MANAGED_PKG|Centify
16:59:02.28 (466488780)|ENTERING_MANAGED_PKG|Centify
16:59:02.28 (466557396)|ENTERING_MANAGED_PKG|Centify
16:59:02.28 (466587850)|ENTERING_MANAGED_PKG|Centify
16:59:02.28 (466647380)|ENTERING_MANAGED_PKG|Centify
16:59:02.28 (494828186)|ENTERING_MANAGED_PKG|Centify
16:59:02.28 (508634351)|ENTERING_MANAGED_PKG|Centify
16:59:02.28 (508675480)|ENTERING_MANAGED_PKG|Centify
16:59:02.28 (508741911)|ENTERING_MANAGED_PKG|Centify
16:59:02.28 (508771735)|ENTERING_MANAGED_PKG|Centify
16:59:02.28 (508830777)|ENTERING_MANAGED_PKG|Centify
16:59:02.28 (535502168)|ENTERING_MANAGED_PKG|Centify
16:59:02.28 (548801057)|ENTERING_MANAGED_PKG|Centify
16:59:02.28 (548841343)|ENTERING_MANAGED_PKG|Centify
16:59:02.28 (548907173)|ENTERING_MANAGED_PKG|Centify
16:59:02.28 (548936358)|ENTERING_MANAGED_PKG|Centify
16:59:02.28 (548995556)|ENTERING_MANAGED_PKG|Centify
16:59:02.28 (575487301)|ENTERING_MANAGED_PKG|Centify
16:59:02.28 (590644976)|ENTERING_MANAGED_PKG|Centify
16:59:02.28 (590689989)|ENTERING_MANAGED_PKG|Centify
16:59:02.28 (590759527)|ENTERING_MANAGED_PKG|Centify
16:59:02.28 (590789383)|ENTERING_MANAGED_PKG|Centify
16:59:02.28 (590851264)|ENTERING_MANAGED_PKG|Centify
16:59:02.28 (626648095)|ENTERING_MANAGED_PKG|Centify
16:59:02.28 (643809317)|ENTERING_MANAGED_PKG|Centify
16:59:02.28 (643864922)|ENTERING_MANAGED_PKG|Centify
16:59:02.28 (643949572)|ENTERING_MANAGED_PKG|Centify
16:59:02.28 (643992086)|ENTERING_MANAGED_PKG|Centify
16:59:02.28 (644067413)|ENTERING_MANAGED_PKG|Centify
16:59:02.28 (681369811)|ENTERING_MANAGED_PKG|Centify
16:59:02.28 (698659383)|ENTERING_MANAGED_PKG|Centify
16:59:02.28 (698719357)|ENTERING_MANAGED_PKG|Centify
16:59:02.28 (698805658)|ENTERING_MANAGED_PKG|Centify
16:59:02.28 (698843304)|ENTERING_MANAGED_PKG|Centify
16:59:02.28 (698918018)|ENTERING_MANAGED_PKG|Centify
16:59:02.28 (733973304)|ENTERING_MANAGED_PKG|Centify
16:59:02.28 (751412157)|ENTERING_MANAGED_PKG|Centify
16:59:02.28 (751462799)|ENTERING_MANAGED_PKG|Centify
16:59:02.28 (751550962)|ENTERING_MANAGED_PKG|Centify
16:59:02.28 (751589616)|ENTERING_MANAGED_PKG|Centify
16:59:02.28 (751661499)|ENTERING_MANAGED_PKG|Centify
16:59:02.28 (786861349)|ENTERING_MANAGED_PKG|Centify
16:59:02.28 (802718960)|ENTERING_MANAGED_PKG|Centify
16:59:02.28 (802771723)|ENTERING_MANAGED_PKG|Centify
16:59:02.28 (802853295)|ENTERING_MANAGED_PKG|Centify
16:59:02.28 (802889665)|ENTERING_MANAGED_PKG|Centify
16:59:02.28 (802962298)|ENTERING_MANAGED_PKG|Centify
16:59:02.28 (838042717)|ENTERING_MANAGED_PKG|Centify
16:59:02.28 (854156565)|ENTERING_MANAGED_PKG|Centify
16:59:02.28 (854210166)|ENTERING_MANAGED_PKG|Centify
16:59:02.28 (854290389)|ENTERING_MANAGED_PKG|Centify
16:59:02.28 (854325759)|ENTERING_MANAGED_PKG|Centify
16:59:02.28 (854396623)|ENTERING_MANAGED_PKG|Centify
16:59:02.28 (909693219)|ENTERING_MANAGED_PKG|Centify
16:59:02.28 (909763056)|ENTERING_MANAGED_PKG|Centify
16:59:02.28 (909910775)|ENTERING_MANAGED_PKG|Centify
16:59:02.28 (909946693)|ENTERING_MANAGED_PKG|Centify
16:59:02.28 (910132362)|ENTERING_MANAGED_PKG|Centify
16:59:02.28 (910183791)|ENTERING_MANAGED_PKG|Centify
16:59:02.28 (910225471)|ENTERING_MANAGED_PKG|Centify
16:59:02.28 (911415686)|ENTERING_MANAGED_PKG|Centify
16:59:02.28 (911514484)|ENTERING_MANAGED_PKG|Centify
16:59:02.28 (923589931)|ENTERING_MANAGED_PKG|Centify
16:59:02.28 (923660765)|ENTERING_MANAGED_PKG|Centify
16:59:02.28 (923746251)|ENTERING_MANAGED_PKG|Centify
16:59:02.28 (924288690)|ENTERING_MANAGED_PKG|Centify
16:59:02.28 (925064556)|SOQL_EXECUTE_BEGIN|[16]|Aggregations:0|select id,lastmodifieddate,isdeleted,salesperson__c,has_gtm_code_been_sent_to_client__c,are_all_possible_extensions_setup__c,status__c,product_type__c,ownerid,createddate,name,management_price__c from Sign_Up__c where LastModifiedDate >2018-11-21T06:52:21Z AND LastModifiedDate < 2018-11-21T06:59:08Z AND (  Management_Price__c > 0.00)  ORDER BY SystemModStamp DESC LIMIT 5000  ALL ROWS
16:59:02.28 (930028351)|SOQL_EXECUTE_END|[16]|Rows:0
16:59:02.957 (957666083)|CUMULATIVE_LIMIT_USAGE
16:59:02.957 (957666083)|LIMIT_USAGE_FOR_NS|(default)|
  Number of SOQL queries: 0 out of 200
  Number of query rows: 0 out of 50000
  Number of SOSL queries: 0 out of 20
  Number of DML statements: 0 out of 150
  Number of DML rows: 0 out of 10000
  Maximum CPU time: 0 out of 60000
  Maximum heap size: 0 out of 12000000
  Number of callouts: 0 out of 0
  Number of Email Invocations: 0 out of 10
  Number of future calls: 0 out of 0
  Number of queueable jobs added to the queue: 0 out of 1
  Number of Mobile Apex push calls: 0 out of 10

16:59:02.957 (957666083)|LIMIT_USAGE_FOR_NS|Centify|
  Number of SOQL queries: 0 out of 200
  Number of query rows: 0 out of 50000
  Number of SOSL queries: 0 out of 20
  Number of DML statements: 0 out of 150
  Number of DML rows: 0 out of 10000
  Maximum CPU time: 0 out of 60000
  Maximum heap size: 0 out of 12000000
  Number of callouts: 0 out of 0
  Number of Email Invocations: 0 out of 10
  Number of future calls: 0 out of 0
  Number of queueable jobs added to the queue: 0 out of 1
  Number of Mobile Apex push calls: 0 out of 10

16:59:02.957 (957666083)|CUMULATIVE_LIMIT_USAGE_END

