37.0 APEX_CODE,FINEST;APEX_PROFILING,INFO;CALLOUT,INFO;DB,INFO;NBA,INFO;SYSTEM,DEBUG;VALIDATION,INFO;VISUALFORCE,INFO;WAVE,INFO;WORKFLOW,INFO
17:18:05.33 (33776023)|ENTERING_MANAGED_PKG|Centify
17:18:05.33 (35785283)|ENTERING_MANAGED_PKG|Centify
17:18:05.33 (35848222)|ENTERING_MANAGED_PKG|Centify
17:18:05.33 (36677049)|ENTERING_MANAGED_PKG|Centify
17:18:05.33 (36746553)|ENTERING_MANAGED_PKG|Centify
17:18:05.33 (37453011)|ENTERING_MANAGED_PKG|Centify
17:18:05.33 (37743671)|ENTERING_MANAGED_PKG|Centify
17:18:05.33 (37771408)|ENTERING_MANAGED_PKG|Centify
17:18:05.33 (37850454)|ENTERING_MANAGED_PKG|Centify
17:18:05.33 (37898875)|ENTERING_MANAGED_PKG|Centify
17:18:05.33 (37934513)|ENTERING_MANAGED_PKG|Centify
17:18:05.33 (37956056)|ENTERING_MANAGED_PKG|Centify
17:18:05.33 (37972408)|ENTERING_MANAGED_PKG|Centify
17:18:05.33 (38157611)|ENTERING_MANAGED_PKG|Centify
17:18:05.33 (84444773)|ENTERING_MANAGED_PKG|Centify
17:18:05.33 (84552524)|ENTERING_MANAGED_PKG|Centify
17:18:05.33 (84681718)|ENTERING_MANAGED_PKG|Centify
17:18:05.33 (84726498)|ENTERING_MANAGED_PKG|Centify
17:18:05.33 (689722631)|ENTERING_MANAGED_PKG|Centify
17:18:05.33 (747463732)|ENTERING_MANAGED_PKG|Centify
17:18:05.33 (767914794)|ENTERING_MANAGED_PKG|Centify
17:18:05.33 (768007300)|ENTERING_MANAGED_PKG|Centify
17:18:05.33 (768141989)|ENTERING_MANAGED_PKG|Centify
17:18:05.33 (768201773)|ENTERING_MANAGED_PKG|Centify
17:18:05.33 (768314842)|ENTERING_MANAGED_PKG|Centify
17:18:05.33 (797239167)|ENTERING_MANAGED_PKG|Centify
17:18:05.33 (813265062)|ENTERING_MANAGED_PKG|Centify
17:18:05.33 (813325853)|ENTERING_MANAGED_PKG|Centify
17:18:05.33 (813408296)|ENTERING_MANAGED_PKG|Centify
17:18:05.33 (813443031)|ENTERING_MANAGED_PKG|Centify
17:18:05.33 (813507761)|ENTERING_MANAGED_PKG|Centify
17:18:05.33 (841237211)|ENTERING_MANAGED_PKG|Centify
17:18:05.33 (857540985)|ENTERING_MANAGED_PKG|Centify
17:18:05.33 (857597531)|ENTERING_MANAGED_PKG|Centify
17:18:05.33 (857677374)|ENTERING_MANAGED_PKG|Centify
17:18:05.33 (857711888)|ENTERING_MANAGED_PKG|Centify
17:18:05.33 (857777481)|ENTERING_MANAGED_PKG|Centify
17:18:05.33 (885117992)|ENTERING_MANAGED_PKG|Centify
17:18:05.33 (900036115)|ENTERING_MANAGED_PKG|Centify
17:18:05.33 (900096720)|ENTERING_MANAGED_PKG|Centify
17:18:05.33 (900177672)|ENTERING_MANAGED_PKG|Centify
17:18:05.33 (900212989)|ENTERING_MANAGED_PKG|Centify
17:18:05.33 (900280339)|ENTERING_MANAGED_PKG|Centify
17:18:05.33 (927745736)|ENTERING_MANAGED_PKG|Centify
17:18:05.33 (943651726)|ENTERING_MANAGED_PKG|Centify
17:18:05.33 (943708422)|ENTERING_MANAGED_PKG|Centify
17:18:05.33 (943787072)|ENTERING_MANAGED_PKG|Centify
17:18:05.33 (943821634)|ENTERING_MANAGED_PKG|Centify
17:18:05.33 (943885930)|ENTERING_MANAGED_PKG|Centify
17:18:05.33 (973089838)|ENTERING_MANAGED_PKG|Centify
17:18:05.33 (991880399)|ENTERING_MANAGED_PKG|Centify
17:18:05.33 (991937840)|ENTERING_MANAGED_PKG|Centify
17:18:05.33 (992022215)|ENTERING_MANAGED_PKG|Centify
17:18:05.33 (992058506)|ENTERING_MANAGED_PKG|Centify
17:18:05.33 (992124227)|ENTERING_MANAGED_PKG|Centify
17:18:05.33 (1020965158)|ENTERING_MANAGED_PKG|Centify
17:18:06.37 (1037652034)|ENTERING_MANAGED_PKG|Centify
17:18:06.37 (1037714356)|ENTERING_MANAGED_PKG|Centify
17:18:06.37 (1037795940)|ENTERING_MANAGED_PKG|Centify
17:18:06.37 (1037830901)|ENTERING_MANAGED_PKG|Centify
17:18:06.37 (1037897179)|ENTERING_MANAGED_PKG|Centify
17:18:06.37 (1064965470)|ENTERING_MANAGED_PKG|Centify
17:18:06.37 (1080137967)|ENTERING_MANAGED_PKG|Centify
17:18:06.37 (1080194071)|ENTERING_MANAGED_PKG|Centify
17:18:06.37 (1080272824)|ENTERING_MANAGED_PKG|Centify
17:18:06.37 (1080306719)|ENTERING_MANAGED_PKG|Centify
17:18:06.37 (1080370502)|ENTERING_MANAGED_PKG|Centify
17:18:06.37 (1107573678)|ENTERING_MANAGED_PKG|Centify
17:18:06.37 (1123616183)|ENTERING_MANAGED_PKG|Centify
17:18:06.37 (1123674129)|ENTERING_MANAGED_PKG|Centify
17:18:06.37 (1123754516)|ENTERING_MANAGED_PKG|Centify
17:18:06.37 (1123789127)|ENTERING_MANAGED_PKG|Centify
17:18:06.37 (1123853533)|ENTERING_MANAGED_PKG|Centify
17:18:06.37 (1150977616)|ENTERING_MANAGED_PKG|Centify
17:18:06.37 (1166509967)|ENTERING_MANAGED_PKG|Centify
17:18:06.37 (1166565387)|ENTERING_MANAGED_PKG|Centify
17:18:06.37 (1166645447)|ENTERING_MANAGED_PKG|Centify
17:18:06.37 (1166680194)|ENTERING_MANAGED_PKG|Centify
17:18:06.37 (1166746064)|ENTERING_MANAGED_PKG|Centify
17:18:06.37 (1193489496)|ENTERING_MANAGED_PKG|Centify
17:18:06.37 (1209295022)|ENTERING_MANAGED_PKG|Centify
17:18:06.37 (1209355942)|ENTERING_MANAGED_PKG|Centify
17:18:06.37 (1209436232)|ENTERING_MANAGED_PKG|Centify
17:18:06.37 (1209470705)|ENTERING_MANAGED_PKG|Centify
17:18:06.37 (1209534869)|ENTERING_MANAGED_PKG|Centify
17:18:06.37 (1236021296)|ENTERING_MANAGED_PKG|Centify
17:18:06.37 (1251286290)|ENTERING_MANAGED_PKG|Centify
17:18:06.37 (1251345020)|ENTERING_MANAGED_PKG|Centify
17:18:06.37 (1251426245)|ENTERING_MANAGED_PKG|Centify
17:18:06.37 (1251459985)|ENTERING_MANAGED_PKG|Centify
17:18:06.37 (1251525178)|ENTERING_MANAGED_PKG|Centify
17:18:06.37 (1277878701)|ENTERING_MANAGED_PKG|Centify
17:18:06.37 (1293113939)|ENTERING_MANAGED_PKG|Centify
17:18:06.37 (1293172472)|ENTERING_MANAGED_PKG|Centify
17:18:06.37 (1293251128)|ENTERING_MANAGED_PKG|Centify
17:18:06.37 (1293285678)|ENTERING_MANAGED_PKG|Centify
17:18:06.37 (1293350797)|ENTERING_MANAGED_PKG|Centify
17:18:06.37 (1320290987)|ENTERING_MANAGED_PKG|Centify
17:18:06.37 (1320354548)|ENTERING_MANAGED_PKG|Centify
17:18:06.37 (1320512810)|ENTERING_MANAGED_PKG|Centify
17:18:06.37 (1320553846)|ENTERING_MANAGED_PKG|Centify
17:18:06.37 (1320585449)|ENTERING_MANAGED_PKG|Centify
17:18:06.37 (1321855668)|ENTERING_MANAGED_PKG|Centify
17:18:06.37 (1321939460)|ENTERING_MANAGED_PKG|Centify
17:18:06.37 (1323652808)|ENTERING_MANAGED_PKG|Centify
17:18:06.37 (1323713883)|ENTERING_MANAGED_PKG|Centify
17:18:06.37 (1323799588)|ENTERING_MANAGED_PKG|Centify
17:18:06.37 (1324375817)|ENTERING_MANAGED_PKG|Centify
17:18:06.37 (1325246580)|SOQL_EXECUTE_BEGIN|[16]|Aggregations:0|select id,lastmodifieddate,isdeleted,call_duration_min__c,createddate,tasksubtype,isclosed,subject,ownerid,activitydate,status,whatid,calldurationinseconds,calltype from Task where LastModifiedDate >2018-11-21T07:17:10Z AND LastModifiedDate < 2018-11-21T07:18:12Z AND (   CallType = 'Outbound'  OR  CallType = 'Inbound'  )  ORDER BY SystemModStamp DESC LIMIT 5000  ALL ROWS
17:18:06.37 (1332433557)|SOQL_EXECUTE_END|[16]|Rows:0
17:18:06.355 (1355202301)|CUMULATIVE_LIMIT_USAGE
17:18:06.355 (1355202301)|LIMIT_USAGE_FOR_NS|(default)|
  Number of SOQL queries: 0 out of 200
  Number of query rows: 0 out of 50000
  Number of SOSL queries: 0 out of 20
  Number of DML statements: 0 out of 150
  Number of DML rows: 0 out of 10000
  Maximum CPU time: 0 out of 60000
  Maximum heap size: 0 out of 12000000
  Number of callouts: 0 out of 0
  Number of Email Invocations: 0 out of 10
  Number of future calls: 0 out of 0
  Number of queueable jobs added to the queue: 0 out of 1
  Number of Mobile Apex push calls: 0 out of 10

17:18:06.355 (1355202301)|LIMIT_USAGE_FOR_NS|Centify|
  Number of SOQL queries: 0 out of 200
  Number of query rows: 0 out of 50000
  Number of SOSL queries: 0 out of 20
  Number of DML statements: 0 out of 150
  Number of DML rows: 0 out of 10000
  Maximum CPU time: 0 out of 60000
  Maximum heap size: 0 out of 12000000
  Number of callouts: 0 out of 0
  Number of Email Invocations: 0 out of 10
  Number of future calls: 0 out of 0
  Number of queueable jobs added to the queue: 0 out of 1
  Number of Mobile Apex push calls: 0 out of 10

17:18:06.355 (1355202301)|CUMULATIVE_LIMIT_USAGE_END

