37.0 APEX_CODE,FINEST;APEX_PROFILING,INFO;CALLOUT,INFO;DB,INFO;NBA,INFO;SYSTEM,DEBUG;VALIDATION,INFO;VISUALFORCE,INFO;WAVE,INFO;WORKFLOW,INFO
18:06:07.12 (12994946)|ENTERING_MANAGED_PKG|Centify
18:06:07.12 (13670926)|ENTERING_MANAGED_PKG|Centify
18:06:07.12 (13706292)|ENTERING_MANAGED_PKG|Centify
18:06:07.12 (13836759)|ENTERING_MANAGED_PKG|Centify
18:06:07.12 (13885084)|ENTERING_MANAGED_PKG|Centify
18:06:07.12 (14502707)|ENTERING_MANAGED_PKG|Centify
18:06:07.12 (14732748)|ENTERING_MANAGED_PKG|Centify
18:06:07.12 (14757886)|ENTERING_MANAGED_PKG|Centify
18:06:07.12 (14823697)|ENTERING_MANAGED_PKG|Centify
18:06:07.12 (14861815)|ENTERING_MANAGED_PKG|Centify
18:06:07.12 (14889575)|ENTERING_MANAGED_PKG|Centify
18:06:07.12 (14906594)|ENTERING_MANAGED_PKG|Centify
18:06:07.12 (14921874)|ENTERING_MANAGED_PKG|Centify
18:06:07.12 (15080615)|ENTERING_MANAGED_PKG|Centify
18:06:07.12 (42438092)|ENTERING_MANAGED_PKG|Centify
18:06:07.12 (42510168)|ENTERING_MANAGED_PKG|Centify
18:06:07.12 (42623636)|ENTERING_MANAGED_PKG|Centify
18:06:07.12 (42665055)|ENTERING_MANAGED_PKG|Centify
18:06:07.12 (199862251)|ENTERING_MANAGED_PKG|Centify
18:06:07.12 (254180740)|ENTERING_MANAGED_PKG|Centify
18:06:07.12 (266037830)|ENTERING_MANAGED_PKG|Centify
18:06:07.12 (266087348)|ENTERING_MANAGED_PKG|Centify
18:06:07.12 (266156116)|ENTERING_MANAGED_PKG|Centify
18:06:07.12 (266186019)|ENTERING_MANAGED_PKG|Centify
18:06:07.12 (266243043)|ENTERING_MANAGED_PKG|Centify
18:06:07.12 (293719971)|ENTERING_MANAGED_PKG|Centify
18:06:07.12 (306914600)|ENTERING_MANAGED_PKG|Centify
18:06:07.12 (306958840)|ENTERING_MANAGED_PKG|Centify
18:06:07.12 (307026661)|ENTERING_MANAGED_PKG|Centify
18:06:07.12 (307056136)|ENTERING_MANAGED_PKG|Centify
18:06:07.12 (307111196)|ENTERING_MANAGED_PKG|Centify
18:06:07.12 (334120916)|ENTERING_MANAGED_PKG|Centify
18:06:07.12 (348569621)|ENTERING_MANAGED_PKG|Centify
18:06:07.12 (348621949)|ENTERING_MANAGED_PKG|Centify
18:06:07.12 (348725926)|ENTERING_MANAGED_PKG|Centify
18:06:07.12 (348759954)|ENTERING_MANAGED_PKG|Centify
18:06:07.12 (348820020)|ENTERING_MANAGED_PKG|Centify
18:06:07.12 (380687954)|ENTERING_MANAGED_PKG|Centify
18:06:07.12 (394537075)|ENTERING_MANAGED_PKG|Centify
18:06:07.12 (394585656)|ENTERING_MANAGED_PKG|Centify
18:06:07.12 (394654231)|ENTERING_MANAGED_PKG|Centify
18:06:07.12 (394683157)|ENTERING_MANAGED_PKG|Centify
18:06:07.12 (394739363)|ENTERING_MANAGED_PKG|Centify
18:06:07.12 (421292761)|ENTERING_MANAGED_PKG|Centify
18:06:07.12 (434379369)|ENTERING_MANAGED_PKG|Centify
18:06:07.12 (434428899)|ENTERING_MANAGED_PKG|Centify
18:06:07.12 (434497905)|ENTERING_MANAGED_PKG|Centify
18:06:07.12 (434527058)|ENTERING_MANAGED_PKG|Centify
18:06:07.12 (434584870)|ENTERING_MANAGED_PKG|Centify
18:06:07.12 (461846295)|ENTERING_MANAGED_PKG|Centify
18:06:07.12 (474706344)|ENTERING_MANAGED_PKG|Centify
18:06:07.12 (474764699)|ENTERING_MANAGED_PKG|Centify
18:06:07.12 (474835166)|ENTERING_MANAGED_PKG|Centify
18:06:07.12 (474865218)|ENTERING_MANAGED_PKG|Centify
18:06:07.12 (474925872)|ENTERING_MANAGED_PKG|Centify
18:06:07.12 (503266091)|ENTERING_MANAGED_PKG|Centify
18:06:07.12 (517655796)|ENTERING_MANAGED_PKG|Centify
18:06:07.12 (517709788)|ENTERING_MANAGED_PKG|Centify
18:06:07.12 (517780292)|ENTERING_MANAGED_PKG|Centify
18:06:07.12 (517810234)|ENTERING_MANAGED_PKG|Centify
18:06:07.12 (517869150)|ENTERING_MANAGED_PKG|Centify
18:06:07.12 (545255346)|ENTERING_MANAGED_PKG|Centify
18:06:07.12 (545320903)|ENTERING_MANAGED_PKG|Centify
18:06:07.12 (545441019)|ENTERING_MANAGED_PKG|Centify
18:06:07.12 (545469120)|ENTERING_MANAGED_PKG|Centify
18:06:07.12 (545589914)|ENTERING_MANAGED_PKG|Centify
18:06:07.12 (545625434)|ENTERING_MANAGED_PKG|Centify
18:06:07.12 (545655442)|ENTERING_MANAGED_PKG|Centify
18:06:07.12 (545923582)|ENTERING_MANAGED_PKG|Centify
18:06:07.12 (545998614)|ENTERING_MANAGED_PKG|Centify
18:06:07.12 (554936498)|ENTERING_MANAGED_PKG|Centify
18:06:07.12 (555107460)|ENTERING_MANAGED_PKG|Centify
18:06:07.12 (555896804)|ENTERING_MANAGED_PKG|Centify
18:06:07.12 (556824818)|SOQL_EXECUTE_BEGIN|[16]|Aggregations:0|select id,lastmodifieddate,isdeleted,name,ownerid,has_the_save_strategy_been_implemented__c,status__c,product_type__c from Cases__c where LastModifiedDate >2018-09-28T07:30:24Z AND LastModifiedDate < 2018-09-28T08:06:12Z  ORDER BY SystemModStamp DESC LIMIT 5000  ALL ROWS
18:06:07.12 (562523740)|SOQL_EXECUTE_END|[16]|Rows:0
18:06:07.581 (581715528)|CUMULATIVE_LIMIT_USAGE
18:06:07.581 (581715528)|LIMIT_USAGE_FOR_NS|(default)|
  Number of SOQL queries: 0 out of 200
  Number of query rows: 0 out of 50000
  Number of SOSL queries: 0 out of 20
  Number of DML statements: 0 out of 150
  Number of DML rows: 0 out of 10000
  Maximum CPU time: 0 out of 60000
  Maximum heap size: 0 out of 12000000
  Number of callouts: 0 out of 0
  Number of Email Invocations: 0 out of 10
  Number of future calls: 0 out of 0
  Number of queueable jobs added to the queue: 0 out of 1
  Number of Mobile Apex push calls: 0 out of 10

18:06:07.581 (581715528)|LIMIT_USAGE_FOR_NS|Centify|
  Number of SOQL queries: 0 out of 200
  Number of query rows: 0 out of 50000
  Number of SOSL queries: 0 out of 20
  Number of DML statements: 0 out of 150
  Number of DML rows: 0 out of 10000
  Maximum CPU time: 0 out of 60000
  Maximum heap size: 0 out of 12000000
  Number of callouts: 0 out of 0
  Number of Email Invocations: 0 out of 10
  Number of future calls: 0 out of 0
  Number of queueable jobs added to the queue: 0 out of 1
  Number of Mobile Apex push calls: 0 out of 10

18:06:07.581 (581715528)|CUMULATIVE_LIMIT_USAGE_END

