37.0 APEX_CODE,FINEST;APEX_PROFILING,INFO;CALLOUT,INFO;DB,INFO;NBA,INFO;SYSTEM,DEBUG;VALIDATION,INFO;VISUALFORCE,INFO;WAVE,INFO;WORKFLOW,INFO
19:03:33.19 (19461909)|ENTERING_MANAGED_PKG|Centify
19:03:33.19 (21528248)|ENTERING_MANAGED_PKG|Centify
19:03:33.19 (21591854)|ENTERING_MANAGED_PKG|Centify
19:03:33.19 (21846588)|ENTERING_MANAGED_PKG|Centify
19:03:33.19 (21946639)|ENTERING_MANAGED_PKG|Centify
19:03:33.19 (23202332)|ENTERING_MANAGED_PKG|Centify
19:03:33.19 (23711937)|ENTERING_MANAGED_PKG|Centify
19:03:33.19 (23766837)|ENTERING_MANAGED_PKG|Centify
19:03:33.19 (23931394)|ENTERING_MANAGED_PKG|Centify
19:03:33.19 (24013947)|ENTERING_MANAGED_PKG|Centify
19:03:33.19 (24083647)|ENTERING_MANAGED_PKG|Centify
19:03:33.19 (24130465)|ENTERING_MANAGED_PKG|Centify
19:03:33.19 (24170138)|ENTERING_MANAGED_PKG|Centify
19:03:33.19 (24487790)|ENTERING_MANAGED_PKG|Centify
19:03:33.19 (78706888)|ENTERING_MANAGED_PKG|Centify
19:03:33.19 (78799238)|ENTERING_MANAGED_PKG|Centify
19:03:33.19 (78978309)|ENTERING_MANAGED_PKG|Centify
19:03:33.19 (79029850)|ENTERING_MANAGED_PKG|Centify
19:03:33.19 (304473097)|ENTERING_MANAGED_PKG|Centify
19:03:33.19 (390095145)|ENTERING_MANAGED_PKG|Centify
19:03:33.19 (407513713)|ENTERING_MANAGED_PKG|Centify
19:03:33.19 (407575182)|ENTERING_MANAGED_PKG|Centify
19:03:33.19 (407662044)|ENTERING_MANAGED_PKG|Centify
19:03:33.19 (407698911)|ENTERING_MANAGED_PKG|Centify
19:03:33.19 (407768725)|ENTERING_MANAGED_PKG|Centify
19:03:33.19 (449833351)|ENTERING_MANAGED_PKG|Centify
19:03:33.19 (471979661)|ENTERING_MANAGED_PKG|Centify
19:03:33.19 (472061137)|ENTERING_MANAGED_PKG|Centify
19:03:33.19 (472189886)|ENTERING_MANAGED_PKG|Centify
19:03:33.19 (472243866)|ENTERING_MANAGED_PKG|Centify
19:03:33.19 (472362718)|ENTERING_MANAGED_PKG|Centify
19:03:33.19 (510067256)|ENTERING_MANAGED_PKG|Centify
19:03:33.19 (524612789)|ENTERING_MANAGED_PKG|Centify
19:03:33.19 (524666526)|ENTERING_MANAGED_PKG|Centify
19:03:33.19 (524748855)|ENTERING_MANAGED_PKG|Centify
19:03:33.19 (524790989)|ENTERING_MANAGED_PKG|Centify
19:03:33.19 (524862709)|ENTERING_MANAGED_PKG|Centify
19:03:33.19 (557919610)|ENTERING_MANAGED_PKG|Centify
19:03:33.19 (572512234)|ENTERING_MANAGED_PKG|Centify
19:03:33.19 (572569345)|ENTERING_MANAGED_PKG|Centify
19:03:33.19 (572655235)|ENTERING_MANAGED_PKG|Centify
19:03:33.19 (572691785)|ENTERING_MANAGED_PKG|Centify
19:03:33.19 (572764998)|ENTERING_MANAGED_PKG|Centify
19:03:33.19 (609048316)|ENTERING_MANAGED_PKG|Centify
19:03:33.19 (626454471)|ENTERING_MANAGED_PKG|Centify
19:03:33.19 (626528193)|ENTERING_MANAGED_PKG|Centify
19:03:33.19 (626637648)|ENTERING_MANAGED_PKG|Centify
19:03:33.19 (626700012)|ENTERING_MANAGED_PKG|Centify
19:03:33.19 (626826407)|ENTERING_MANAGED_PKG|Centify
19:03:33.19 (665836822)|ENTERING_MANAGED_PKG|Centify
19:03:33.19 (683617672)|ENTERING_MANAGED_PKG|Centify
19:03:33.19 (683676005)|ENTERING_MANAGED_PKG|Centify
19:03:33.19 (683762511)|ENTERING_MANAGED_PKG|Centify
19:03:33.19 (683807189)|ENTERING_MANAGED_PKG|Centify
19:03:33.19 (683913882)|ENTERING_MANAGED_PKG|Centify
19:03:33.19 (718763273)|ENTERING_MANAGED_PKG|Centify
19:03:33.19 (733483708)|ENTERING_MANAGED_PKG|Centify
19:03:33.19 (733540396)|ENTERING_MANAGED_PKG|Centify
19:03:33.19 (733624038)|ENTERING_MANAGED_PKG|Centify
19:03:33.19 (733662080)|ENTERING_MANAGED_PKG|Centify
19:03:33.19 (733736931)|ENTERING_MANAGED_PKG|Centify
19:03:33.19 (773857657)|ENTERING_MANAGED_PKG|Centify
19:03:33.19 (773930858)|ENTERING_MANAGED_PKG|Centify
19:03:33.19 (774078920)|ENTERING_MANAGED_PKG|Centify
19:03:33.19 (774112703)|ENTERING_MANAGED_PKG|Centify
19:03:33.19 (774261502)|ENTERING_MANAGED_PKG|Centify
19:03:33.19 (774302260)|ENTERING_MANAGED_PKG|Centify
19:03:33.19 (774335503)|ENTERING_MANAGED_PKG|Centify
19:03:33.19 (774629419)|ENTERING_MANAGED_PKG|Centify
19:03:33.19 (774716595)|ENTERING_MANAGED_PKG|Centify
19:03:33.19 (776277133)|ENTERING_MANAGED_PKG|Centify
19:03:33.19 (776398215)|ENTERING_MANAGED_PKG|Centify
19:03:33.19 (776986520)|ENTERING_MANAGED_PKG|Centify
19:03:33.19 (777747658)|SOQL_EXECUTE_BEGIN|[16]|Aggregations:0|select id,lastmodifieddate,isdeleted,name,ownerid,has_the_save_strategy_been_implemented__c,status__c,product_type__c from Cases__c where LastModifiedDate >2018-09-28T07:30:24Z AND LastModifiedDate < 2018-09-28T09:03:39Z  ORDER BY SystemModStamp DESC LIMIT 5000  ALL ROWS
19:03:33.19 (783806263)|SOQL_EXECUTE_END|[16]|Rows:0
19:03:33.822 (822379864)|CUMULATIVE_LIMIT_USAGE
19:03:33.822 (822379864)|LIMIT_USAGE_FOR_NS|(default)|
  Number of SOQL queries: 0 out of 200
  Number of query rows: 0 out of 50000
  Number of SOSL queries: 0 out of 20
  Number of DML statements: 0 out of 150
  Number of DML rows: 0 out of 10000
  Maximum CPU time: 0 out of 60000
  Maximum heap size: 0 out of 12000000
  Number of callouts: 0 out of 0
  Number of Email Invocations: 0 out of 10
  Number of future calls: 0 out of 0
  Number of queueable jobs added to the queue: 0 out of 1
  Number of Mobile Apex push calls: 0 out of 10

19:03:33.822 (822379864)|LIMIT_USAGE_FOR_NS|Centify|
  Number of SOQL queries: 0 out of 200
  Number of query rows: 0 out of 50000
  Number of SOSL queries: 0 out of 20
  Number of DML statements: 0 out of 150
  Number of DML rows: 0 out of 10000
  Maximum CPU time: 0 out of 60000
  Maximum heap size: 0 out of 12000000
  Number of callouts: 0 out of 0
  Number of Email Invocations: 0 out of 10
  Number of future calls: 0 out of 0
  Number of queueable jobs added to the queue: 0 out of 1
  Number of Mobile Apex push calls: 0 out of 10

19:03:33.822 (822379864)|CUMULATIVE_LIMIT_USAGE_END

