37.0 APEX_CODE,FINEST;APEX_PROFILING,INFO;CALLOUT,INFO;DB,INFO;NBA,INFO;SYSTEM,DEBUG;VALIDATION,INFO;VISUALFORCE,INFO;WAVE,INFO;WORKFLOW,INFO
11:35:08.0 (83598)|USER_INFO|[EXTERNAL]|00590000000Vmmq|ben@bjbglobal.com.au|Australian Eastern Standard Time|GMT+10:00
11:35:08.0 (122009)|EXECUTION_STARTED
11:35:08.0 (126920)|CODE_UNIT_STARTED|[EXTERNAL]|0666F000007GVD0|VF: /apex/SeoGeoCompare
11:35:08.0 (2752048)|VF_DESERIALIZE_VIEWSTATE_BEGIN|0666F000007GVD0
11:35:08.0 (11016603)|HEAP_ALLOCATE|[72]|Bytes:3
11:35:08.0 (11068204)|HEAP_ALLOCATE|[77]|Bytes:152
11:35:08.0 (11092974)|HEAP_ALLOCATE|[342]|Bytes:408
11:35:08.0 (11111350)|HEAP_ALLOCATE|[355]|Bytes:408
11:35:08.0 (11134558)|HEAP_ALLOCATE|[467]|Bytes:48
11:35:08.0 (11179186)|HEAP_ALLOCATE|[139]|Bytes:6
11:35:08.0 (11217069)|HEAP_ALLOCATE|[50]|Bytes:5
11:35:08.0 (11237182)|HEAP_ALLOCATE|[56]|Bytes:5
11:35:08.0 (11246161)|HEAP_ALLOCATE|[64]|Bytes:7
11:35:08.0 (17739119)|VF_DESERIALIZE_VIEWSTATE_END
11:35:08.0 (23222196)|SYSTEM_MODE_ENTER|true
11:35:08.0 (23268301)|HEAP_ALLOCATE|[EXTERNAL]|Bytes:196
11:35:08.0 (23281299)|HEAP_ALLOCATE|[EXTERNAL]|Bytes:30
11:35:08.0 (23312404)|METHOD_ENTRY|[1]|01p6F000009rEEx|SeoGeoController.SeoGeoController()
11:35:08.0 (23318965)|STATEMENT_EXECUTE|[1]
11:35:08.0 (23326623)|STATEMENT_EXECUTE|[1]
11:35:08.0 (23339098)|SYSTEM_MODE_ENTER|false
11:35:08.0 (23355658)|HEAP_ALLOCATE|[EXTERNAL]|Bytes:5
11:35:08.0 (23367286)|SYSTEM_MODE_EXIT|false
11:35:08.0 (23380059)|METHOD_EXIT|[1]|SeoGeoController
11:35:08.0 (24153247)|HEAP_ALLOCATE|[EXTERNAL]|Bytes:24
11:35:08.0 (24173178)|VARIABLE_SCOPE_BEGIN|[59]|this|SeoGeoController|true|false
11:35:08.0 (24294298)|VARIABLE_ASSIGNMENT|[59]|this|{"allGeo":"0x2daa7763","device":"desktop","refreshRequired":true,"selectedGeo":"0x3519e132","seoWebsite":"0x1803c9ac"}|0x52e9585c
11:35:08.0 (24320946)|SYSTEM_MODE_ENTER|false
11:35:08.0 (24330052)|HEAP_ALLOCATE|[65]|Bytes:5
11:35:08.0 (24336607)|STATEMENT_EXECUTE|[59]
11:35:08.0 (24338997)|STATEMENT_EXECUTE|[65]
11:35:08.0 (24353633)|SYSTEM_MODE_EXIT|false
11:35:08.0 (38734091)|SYSTEM_MODE_ENTER|true
11:35:08.39 (39171959)|SYSTEM_MODE_ENTER|true
11:35:08.39 (39261672)|HEAP_ALLOCATE|[EXTERNAL]|Bytes:38
11:35:08.39 (39276002)|HEAP_ALLOCATE|[EXTERNAL]|Bytes:7
11:35:08.39 (39537534)|SYSTEM_MODE_ENTER|true
11:35:08.39 (39597533)|HEAP_ALLOCATE|[EXTERNAL]|Bytes:8
11:35:08.39 (39605320)|VARIABLE_SCOPE_BEGIN|[2]|this|ApexPage.PageMessagesComponentController|true|false
11:35:08.39 (39650591)|VARIABLE_ASSIGNMENT|[2]|this|{}|0x38b920a8
11:35:08.0 (40567715)|SYSTEM_MODE_ENTER|true
11:35:08.0 (40667028)|SYSTEM_MODE_ENTER|true
11:35:08.0 (40711462)|HEAP_ALLOCATE|[EXTERNAL]|Bytes:164
11:35:08.0 (40723824)|HEAP_ALLOCATE|[EXTERNAL]|Bytes:12
11:35:08.0 (40738825)|METHOD_ENTRY|[5]|01p6F000009rEEv|MultiselectController.MultiselectController()
11:35:08.0 (40747771)|STATEMENT_EXECUTE|[5]
11:35:08.0 (40754164)|STATEMENT_EXECUTE|[5]
11:35:08.0 (40762823)|SYSTEM_MODE_ENTER|false
11:35:08.0 (40772709)|HEAP_ALLOCATE|[EXTERNAL]|Bytes:5
11:35:08.0 (40782861)|SYSTEM_MODE_EXIT|false
11:35:08.0 (40793452)|METHOD_EXIT|[5]|MultiselectController
11:35:08.0 (40816444)|HEAP_ALLOCATE|[EXTERNAL]|Bytes:232
11:35:08.0 (40829247)|HEAP_ALLOCATE|[EXTERNAL]|Bytes:20
11:35:08.0 (40851853)|VARIABLE_ASSIGNMENT|[EXTERNAL]|this.leftOptions|"List of size 57 too large to display"|0x1dc40333
11:35:08.0 (40941009)|SYSTEM_MODE_ENTER|true
11:35:08.0 (41021728)|SYSTEM_MODE_ENTER|true
11:35:08.0 (41069193)|HEAP_ALLOCATE|[EXTERNAL]|Bytes:4
11:35:08.0 (41076662)|HEAP_ALLOCATE|[EXTERNAL]|Bytes:20
11:35:08.0 (41092661)|VARIABLE_ASSIGNMENT|[EXTERNAL]|this.rightOptions|[]|0x1dc40333
11:35:08.0 (41980962)|SYSTEM_MODE_ENTER|true
11:35:08.0 (42626342)|SYSTEM_MODE_ENTER|true
11:35:08.0 (43081427)|SYSTEM_MODE_ENTER|true
11:35:08.0 (48145591)|SYSTEM_MODE_ENTER|true
11:35:08.0 (48260406)|HEAP_ALLOCATE|[EXTERNAL]|Bytes:24
11:35:08.0 (48286106)|VARIABLE_SCOPE_BEGIN|[76]|this|SeoGeoController|true|false
11:35:08.0 (48376750)|VARIABLE_ASSIGNMENT|[76]|this|{"allGeo":"0x2daa7763","device":"desktop","refreshRequired":true,"selectedGeo":"0x3519e132","seoWebsite":"0x1803c9ac"}|0x52e9585c
11:35:08.0 (48410172)|SYSTEM_MODE_ENTER|false
11:35:08.0 (48431039)|HEAP_ALLOCATE|[77]|Bytes:5
11:35:08.0 (48442505)|STATEMENT_EXECUTE|[76]
11:35:08.0 (48445618)|STATEMENT_EXECUTE|[77]
11:35:08.0 (48475022)|VARIABLE_SCOPE_BEGIN|[77]|geoTable|String|false|false
11:35:08.0 (48494716)|VARIABLE_ASSIGNMENT|[77]|geoTable|null
11:35:08.0 (48502402)|STATEMENT_EXECUTE|[80]
11:35:08.0 (48550951)|METHOD_ENTRY|[80]|01p6F000009rEEx|SeoGeoController.getGeoURL()
11:35:08.0 (48580615)|VARIABLE_SCOPE_BEGIN|[97]|this|SeoGeoController|true|false
11:35:08.0 (48612689)|VARIABLE_ASSIGNMENT|[97]|this|{"allGeo":"0x2daa7763","device":"desktop","refreshRequired":true,"selectedGeo":"0x3519e132","seoWebsite":"0x1803c9ac"}|0x52e9585c
11:35:08.0 (48627342)|HEAP_ALLOCATE|[99]|Bytes:5
11:35:08.0 (48633348)|STATEMENT_EXECUTE|[97]
11:35:08.0 (48635208)|STATEMENT_EXECUTE|[99]
11:35:08.0 (48650669)|HEAP_ALLOCATE|[99]|Bytes:56
11:35:08.0 (48719028)|VARIABLE_ASSIGNMENT|[EXTERNAL]|this|{"allGeo":"0x2daa7763","device":"desktop","refreshRequired":true,"selectedGeo":"0x3519e132","seoWebsite":"0x1803c9ac"}|0x52e9585c
11:35:08.0 (48825590)|HEAP_ALLOCATE|[99]|Bytes:18
11:35:08.0 (48839984)|HEAP_ALLOCATE|[99]|Bytes:5
11:35:08.0 (48938323)|HEAP_ALLOCATE|[99]|Bytes:15
11:35:08.0 (48965836)|SYSTEM_METHOD_ENTRY|[1]|EncodingUtil.EncodingUtil()
11:35:08.0 (48973166)|STATEMENT_EXECUTE|[1]
11:35:08.0 (48988723)|SYSTEM_METHOD_EXIT|[1]|EncodingUtil
11:35:08.0 (49009954)|METHOD_ENTRY|[99]||System.EncodingUtil.urlEncode(String, String)
11:35:08.0 (49106186)|METHOD_EXIT|[99]||System.EncodingUtil.urlEncode(String, String)
11:35:08.0 (49132196)|HEAP_ALLOCATE|[99]|Bytes:74
11:35:08.0 (49143878)|VARIABLE_SCOPE_BEGIN|[99]|consolePath|String|false|false
11:35:08.0 (49165152)|VARIABLE_ASSIGNMENT|[99]|consolePath|"/?c=seo&action=keywo (54 more) ..."
11:35:08.0 (49247421)|VARIABLE_ASSIGNMENT|[EXTERNAL]|this|{"allGeo":"0x2daa7763","device":"desktop","refreshRequired":true,"selectedGeo":"0x3519e132","seoWebsite":"0x1803c9ac"}|0x52e9585c
11:35:08.0 (49314736)|HEAP_ALLOCATE|[101]|Bytes:5
11:35:08.0 (49338573)|VARIABLE_ASSIGNMENT|[101]|so|null|
11:35:08.0 (49344640)|STATEMENT_EXECUTE|[101]
11:35:08.0 (49390654)|VARIABLE_ASSIGNMENT|[EXTERNAL]|this|{"allGeo":"0x2daa7763","device":"desktop","refreshRequired":true,"selectedGeo":"0x3519e132","seoWebsite":"0x1803c9ac"}|0x52e9585c
11:35:08.0 (49435095)|STATEMENT_EXECUTE|[105]
11:35:08.0 (49438897)|STATEMENT_EXECUTE|[106]
11:35:08.0 (49451660)|HEAP_ALLOCATE|[106]|Bytes:13
11:35:08.0 (49514771)|VARIABLE_ASSIGNMENT|[EXTERNAL]|this|{"allGeo":"0x2daa7763","device":"desktop","refreshRequired":true,"selectedGeo":"0x3519e132","seoWebsite":"0x1803c9ac"}|0x52e9585c
11:35:08.0 (49552407)|METHOD_ENTRY|[106]||System.EncodingUtil.urlEncode(String, String)
11:35:08.0 (49606431)|METHOD_EXIT|[106]||System.EncodingUtil.urlEncode(String, String)
11:35:08.0 (49621096)|HEAP_ALLOCATE|[106]|Bytes:49
11:35:08.0 (49631060)|HEAP_ALLOCATE|[106]|Bytes:123
11:35:08.0 (49653384)|VARIABLE_ASSIGNMENT|[106]|consolePath|"/?c=seo&action=keywo (103 more) ..."
11:35:08.0 (49727244)|VARIABLE_ASSIGNMENT|[EXTERNAL]|this|{"allGeo":"0x2daa7763","device":"desktop","refreshRequired":true,"selectedGeo":"0x3519e132","seoWebsite":"0x1803c9ac"}|0x52e9585c
11:35:08.0 (49754533)|HEAP_ALLOCATE|[109]|Bytes:6
11:35:08.0 (49799779)|STATEMENT_EXECUTE|[109]
11:35:08.0 (49812300)|STATEMENT_EXECUTE|[113]
11:35:08.0 (49830425)|METHOD_ENTRY|[113]|01p6F000009rEEx|SeoGeoController.getKeywordIdQueryString()
11:35:08.0 (49861787)|VARIABLE_SCOPE_BEGIN|[43]|this|SeoGeoController|true|false
11:35:08.0 (49904390)|VARIABLE_ASSIGNMENT|[43]|this|{"allGeo":"0x2daa7763","device":"desktop","refreshRequired":true,"selectedGeo":"0x3519e132","seoWebsite":"0x1803c9ac"}|0x52e9585c
11:35:08.0 (49924767)|HEAP_ALLOCATE|[44]|Bytes:5
11:35:08.0 (49932972)|STATEMENT_EXECUTE|[43]
11:35:08.0 (49935674)|STATEMENT_EXECUTE|[44]
11:35:08.0 (49949297)|VARIABLE_SCOPE_BEGIN|[44]|keywordQueryString|String|false|false
11:35:08.0 (49964619)|VARIABLE_ASSIGNMENT|[44]|keywordQueryString|""
11:35:08.0 (49971307)|STATEMENT_EXECUTE|[47]
11:35:08.0 (49979348)|HEAP_ALLOCATE|[47]|Bytes:109
11:35:08.0 (50019843)|HEAP_ALLOCATE|[47]|Bytes:4
11:35:08.0 (50039543)|HEAP_ALLOCATE|[47]|Bytes:7
11:35:08.0 (50149285)|HEAP_ALLOCATE|[47]|Bytes:359
11:35:08.0 (50216516)|HEAP_ALLOCATE|[47]|Bytes:336
11:35:08.0 (50250196)|HEAP_ALLOCATE|[47]|Bytes:2
11:35:08.0 (53236825)|SOQL_EXECUTE_BEGIN|[47]|Aggregations:0|SELECT Id FROM seoThemeKeywords__c WHERE seoWebsites__c = :tmpVar1 ORDER BY Google_Current__c ASC NULLS FIRST
11:35:08.0 (58467376)|SOQL_EXECUTE_END|[47]|Rows:30
11:35:08.0 (58516568)|HEAP_ALLOCATE|[47]|Bytes:124
11:35:08.0 (58578534)|HEAP_ALLOCATE|[47]|Bytes:1650
11:35:08.0 (58695224)|HEAP_ALLOCATE|[47]|Bytes:124
11:35:08.0 (58723617)|VARIABLE_SCOPE_BEGIN|[47]|seoKeywords|List<seoThemeKeywords__c>|true|false
11:35:08.0 (58765839)|VARIABLE_ASSIGNMENT|[47]|seoKeywords|"List of size 30 too large to display"|0x1df5628b
11:35:08.0 (58879777)|STATEMENT_EXECUTE|[49]
11:35:08.0 (59080307)|HEAP_ALLOCATE|[50]|Bytes:5
11:35:08.0 (59121213)|HEAP_ALLOCATE|[50]|Bytes:12
11:35:08.0 (59138100)|VARIABLE_SCOPE_BEGIN|[50]|seoKeyword|seoThemeKeywords__c|true|false
11:35:08.0 (59175158)|VARIABLE_ASSIGNMENT|[50]|seoKeyword|{"Id":"a1D6F000003TvPBUA0","CurrencyIsoCode":"AUD"}|0x69a6653a
11:35:08.0 (59186946)|STATEMENT_EXECUTE|[50]
11:35:08.0 (59189881)|STATEMENT_EXECUTE|[51]
11:35:08.0 (59207175)|HEAP_ALLOCATE|[51]|Bytes:5
11:35:08.0 (59265203)|HEAP_ALLOCATE|[51]|Bytes:18
11:35:08.0 (59293341)|METHOD_ENTRY|[51]||System.EncodingUtil.urlEncode(String, String)
11:35:08.0 (59374950)|METHOD_EXIT|[51]||System.EncodingUtil.urlEncode(String, String)
11:35:08.0 (59393055)|HEAP_ALLOCATE|[51]|Bytes:23
11:35:08.0 (59404005)|HEAP_ALLOCATE|[51]|Bytes:23
11:35:08.0 (59422500)|VARIABLE_ASSIGNMENT|[51]|keywordQueryString|"&k[]=a1D6F000003TvPB (3 more) ..."
11:35:08.0 (59446856)|HEAP_ALLOCATE|[50]|Bytes:5
11:35:08.0 (59469938)|HEAP_ALLOCATE|[50]|Bytes:12
11:35:08.0 (59483337)|VARIABLE_SCOPE_BEGIN|[50]|seoKeyword|seoThemeKeywords__c|true|false
11:35:08.0 (59508947)|VARIABLE_ASSIGNMENT|[50]|seoKeyword|{"Id":"a1D6F000003TvPXUA0","CurrencyIsoCode":"AUD"}|0x6fab63ee
11:35:08.0 (59519939)|STATEMENT_EXECUTE|[50]
11:35:08.0 (59522646)|STATEMENT_EXECUTE|[51]
11:35:08.0 (59551050)|HEAP_ALLOCATE|[51]|Bytes:18
11:35:08.0 (59567640)|METHOD_ENTRY|[51]||System.EncodingUtil.urlEncode(String, String)
11:35:08.0 (59616321)|METHOD_EXIT|[51]||System.EncodingUtil.urlEncode(String, String)
11:35:08.0 (59629559)|HEAP_ALLOCATE|[51]|Bytes:23
11:35:08.0 (59637926)|HEAP_ALLOCATE|[51]|Bytes:46
11:35:08.0 (59659627)|VARIABLE_ASSIGNMENT|[51]|keywordQueryString|"&k[]=a1D6F000003TvPB (26 more) ..."
11:35:08.0 (59681448)|HEAP_ALLOCATE|[50]|Bytes:5
11:35:08.0 (59703382)|HEAP_ALLOCATE|[50]|Bytes:12
11:35:08.0 (59715436)|VARIABLE_SCOPE_BEGIN|[50]|seoKeyword|seoThemeKeywords__c|true|false
11:35:08.0 (59738450)|VARIABLE_ASSIGNMENT|[50]|seoKeyword|{"Id":"a1D6F000003TvPVUA0","CurrencyIsoCode":"AUD"}|0x60f6e39e
11:35:08.0 (59749690)|STATEMENT_EXECUTE|[50]
11:35:08.0 (59752306)|STATEMENT_EXECUTE|[51]
11:35:08.0 (59779950)|HEAP_ALLOCATE|[51]|Bytes:18
11:35:08.0 (59797484)|METHOD_ENTRY|[51]||System.EncodingUtil.urlEncode(String, String)
11:35:08.0 (59843267)|METHOD_EXIT|[51]||System.EncodingUtil.urlEncode(String, String)
11:35:08.0 (59855382)|HEAP_ALLOCATE|[51]|Bytes:23
11:35:08.0 (59862347)|HEAP_ALLOCATE|[51]|Bytes:69
11:35:08.0 (59877994)|VARIABLE_ASSIGNMENT|[51]|keywordQueryString|"&k[]=a1D6F000003TvPB (49 more) ..."
11:35:08.0 (59901614)|HEAP_ALLOCATE|[50]|Bytes:5
11:35:08.0 (59923546)|HEAP_ALLOCATE|[50]|Bytes:12
11:35:08.0 (59935919)|VARIABLE_SCOPE_BEGIN|[50]|seoKeyword|seoThemeKeywords__c|true|false
11:35:08.0 (59960846)|VARIABLE_ASSIGNMENT|[50]|seoKeyword|{"Id":"a1D6F000003TvP9UAK","CurrencyIsoCode":"AUD"}|0xbfc9c40
11:35:08.0 (59970723)|STATEMENT_EXECUTE|[50]
11:35:08.0 (59973395)|STATEMENT_EXECUTE|[51]
11:35:08.0 (59999333)|HEAP_ALLOCATE|[51]|Bytes:18
11:35:08.0 (60016292)|METHOD_ENTRY|[51]||System.EncodingUtil.urlEncode(String, String)
11:35:08.0 (60064515)|METHOD_EXIT|[51]||System.EncodingUtil.urlEncode(String, String)
11:35:08.0 (60077460)|HEAP_ALLOCATE|[51]|Bytes:23
11:35:08.0 (60085472)|HEAP_ALLOCATE|[51]|Bytes:92
11:35:08.0 (60101963)|VARIABLE_ASSIGNMENT|[51]|keywordQueryString|"&k[]=a1D6F000003TvPB (72 more) ..."
11:35:08.0 (60125980)|HEAP_ALLOCATE|[50]|Bytes:5
11:35:08.0 (60149030)|HEAP_ALLOCATE|[50]|Bytes:12
11:35:08.0 (60162884)|VARIABLE_SCOPE_BEGIN|[50]|seoKeyword|seoThemeKeywords__c|true|false
11:35:08.0 (60186785)|VARIABLE_ASSIGNMENT|[50]|seoKeyword|{"Id":"a1D6F000003TvPNUA0","CurrencyIsoCode":"AUD"}|0x51a9b7b0
11:35:08.0 (60196132)|STATEMENT_EXECUTE|[50]
11:35:08.0 (60198698)|STATEMENT_EXECUTE|[51]
11:35:08.0 (60225228)|HEAP_ALLOCATE|[51]|Bytes:18
11:35:08.0 (60241913)|METHOD_ENTRY|[51]||System.EncodingUtil.urlEncode(String, String)
11:35:08.0 (60286128)|METHOD_EXIT|[51]||System.EncodingUtil.urlEncode(String, String)
11:35:08.0 (60298430)|HEAP_ALLOCATE|[51]|Bytes:23
11:35:08.0 (60306122)|HEAP_ALLOCATE|[51]|Bytes:115
11:35:08.0 (60321545)|VARIABLE_ASSIGNMENT|[51]|keywordQueryString|"&k[]=a1D6F000003TvPB (95 more) ..."
11:35:08.0 (60345232)|HEAP_ALLOCATE|[50]|Bytes:5
11:35:08.0 (60368043)|HEAP_ALLOCATE|[50]|Bytes:12
11:35:08.0 (60380976)|VARIABLE_SCOPE_BEGIN|[50]|seoKeyword|seoThemeKeywords__c|true|false
11:35:08.0 (60405308)|VARIABLE_ASSIGNMENT|[50]|seoKeyword|{"Id":"a1D6F000003TvPAUA0","CurrencyIsoCode":"AUD"}|0x65291a78
11:35:08.0 (60415498)|STATEMENT_EXECUTE|[50]
11:35:08.0 (60418201)|STATEMENT_EXECUTE|[51]
11:35:08.0 (60445367)|HEAP_ALLOCATE|[51]|Bytes:18
11:35:08.0 (60462245)|METHOD_ENTRY|[51]||System.EncodingUtil.urlEncode(String, String)
11:35:08.0 (60505415)|METHOD_EXIT|[51]||System.EncodingUtil.urlEncode(String, String)
11:35:08.0 (60516994)|HEAP_ALLOCATE|[51]|Bytes:23
11:35:08.0 (60524438)|HEAP_ALLOCATE|[51]|Bytes:138
11:35:08.0 (60539874)|VARIABLE_ASSIGNMENT|[51]|keywordQueryString|"&k[]=a1D6F000003TvPB (118 more) ..."
11:35:08.0 (60560986)|HEAP_ALLOCATE|[50]|Bytes:5
11:35:08.0 (60582564)|HEAP_ALLOCATE|[50]|Bytes:12
11:35:08.0 (60594522)|VARIABLE_SCOPE_BEGIN|[50]|seoKeyword|seoThemeKeywords__c|true|false
11:35:08.0 (60618000)|VARIABLE_ASSIGNMENT|[50]|seoKeyword|{"Id":"a1D6F000003TvPCUA0","CurrencyIsoCode":"AUD"}|0x3214ef50
11:35:08.0 (60627566)|STATEMENT_EXECUTE|[50]
11:35:08.0 (60630165)|STATEMENT_EXECUTE|[51]
11:35:08.0 (60659917)|HEAP_ALLOCATE|[51]|Bytes:18
11:35:08.0 (60674707)|METHOD_ENTRY|[51]||System.EncodingUtil.urlEncode(String, String)
11:35:08.0 (60716567)|METHOD_EXIT|[51]||System.EncodingUtil.urlEncode(String, String)
11:35:08.0 (60727993)|HEAP_ALLOCATE|[51]|Bytes:23
11:35:08.0 (60736370)|HEAP_ALLOCATE|[51]|Bytes:161
11:35:08.0 (60752137)|VARIABLE_ASSIGNMENT|[51]|keywordQueryString|"&k[]=a1D6F000003TvPB (141 more) ..."
11:35:08.0 (60774716)|HEAP_ALLOCATE|[50]|Bytes:5
11:35:08.0 (60796093)|HEAP_ALLOCATE|[50]|Bytes:12
11:35:08.0 (60808110)|VARIABLE_SCOPE_BEGIN|[50]|seoKeyword|seoThemeKeywords__c|true|false
11:35:08.0 (60830708)|VARIABLE_ASSIGNMENT|[50]|seoKeyword|{"Id":"a1D6F000003TvPPUA0","CurrencyIsoCode":"AUD"}|0x5d657bce
11:35:08.0 (60839249)|STATEMENT_EXECUTE|[50]
11:35:08.0 (60841859)|STATEMENT_EXECUTE|[51]
11:35:08.0 (60865894)|HEAP_ALLOCATE|[51]|Bytes:18
11:35:08.0 (60882899)|METHOD_ENTRY|[51]||System.EncodingUtil.urlEncode(String, String)
11:35:08.0 (60928761)|METHOD_EXIT|[51]||System.EncodingUtil.urlEncode(String, String)
11:35:08.0 (60941162)|HEAP_ALLOCATE|[51]|Bytes:23
11:35:08.0 (60949597)|HEAP_ALLOCATE|[51]|Bytes:184
11:35:08.0 (60966758)|VARIABLE_ASSIGNMENT|[51]|keywordQueryString|"&k[]=a1D6F000003TvPB (164 more) ..."
11:35:08.0 (60989712)|HEAP_ALLOCATE|[50]|Bytes:5
11:35:08.0 (61011708)|HEAP_ALLOCATE|[50]|Bytes:12
11:35:08.0 (61026281)|VARIABLE_SCOPE_BEGIN|[50]|seoKeyword|seoThemeKeywords__c|true|false
11:35:08.0 (61050142)|VARIABLE_ASSIGNMENT|[50]|seoKeyword|{"Id":"a1D6F000003TvPHUA0","CurrencyIsoCode":"AUD"}|0x416d43e5
11:35:08.0 (61060399)|STATEMENT_EXECUTE|[50]
11:35:08.0 (61063470)|STATEMENT_EXECUTE|[51]
11:35:08.0 (61087694)|HEAP_ALLOCATE|[51]|Bytes:18
11:35:08.0 (61103474)|METHOD_ENTRY|[51]||System.EncodingUtil.urlEncode(String, String)
11:35:08.0 (61148656)|METHOD_EXIT|[51]||System.EncodingUtil.urlEncode(String, String)
11:35:08.0 (61161269)|HEAP_ALLOCATE|[51]|Bytes:23
11:35:08.0 (61169401)|HEAP_ALLOCATE|[51]|Bytes:207
11:35:08.0 (61186142)|VARIABLE_ASSIGNMENT|[51]|keywordQueryString|"&k[]=a1D6F000003TvPB (187 more) ..."
11:35:08.0 (61208594)|HEAP_ALLOCATE|[50]|Bytes:5
11:35:08.0 (61228471)|HEAP_ALLOCATE|[50]|Bytes:12
11:35:08.0 (61239730)|VARIABLE_SCOPE_BEGIN|[50]|seoKeyword|seoThemeKeywords__c|true|false
11:35:08.0 (61263503)|VARIABLE_ASSIGNMENT|[50]|seoKeyword|{"Id":"a1D6F000003TvPJUA0","CurrencyIsoCode":"AUD"}|0x6cba7b6a
11:35:08.0 (61274274)|STATEMENT_EXECUTE|[50]
11:35:08.0 (61276813)|STATEMENT_EXECUTE|[51]
11:35:08.0 (61301458)|HEAP_ALLOCATE|[51]|Bytes:18
11:35:08.0 (61316705)|METHOD_ENTRY|[51]||System.EncodingUtil.urlEncode(String, String)
11:35:08.0 (61367402)|METHOD_EXIT|[51]||System.EncodingUtil.urlEncode(String, String)
11:35:08.0 (61380377)|HEAP_ALLOCATE|[51]|Bytes:23
11:35:08.0 (61388875)|HEAP_ALLOCATE|[51]|Bytes:230
11:35:08.0 (61405676)|VARIABLE_ASSIGNMENT|[51]|keywordQueryString|"&k[]=a1D6F000003TvPB (210 more) ..."
11:35:08.0 (61428902)|HEAP_ALLOCATE|[50]|Bytes:5
11:35:08.0 (61451177)|HEAP_ALLOCATE|[50]|Bytes:12
11:35:08.0 (61464041)|VARIABLE_SCOPE_BEGIN|[50]|seoKeyword|seoThemeKeywords__c|true|false
11:35:08.0 (61488177)|VARIABLE_ASSIGNMENT|[50]|seoKeyword|{"Id":"a1D6F000003TvPYUA0","CurrencyIsoCode":"AUD"}|0x79c167c2
11:35:08.0 (61498561)|STATEMENT_EXECUTE|[50]
11:35:08.0 (61501056)|STATEMENT_EXECUTE|[51]
11:35:08.0 (61526486)|HEAP_ALLOCATE|[51]|Bytes:18
11:35:08.0 (61541925)|METHOD_ENTRY|[51]||System.EncodingUtil.urlEncode(String, String)
11:35:08.0 (61583734)|METHOD_EXIT|[51]||System.EncodingUtil.urlEncode(String, String)
11:35:08.0 (61594720)|HEAP_ALLOCATE|[51]|Bytes:23
11:35:08.0 (61602039)|HEAP_ALLOCATE|[51]|Bytes:253
11:35:08.0 (61616961)|VARIABLE_ASSIGNMENT|[51]|keywordQueryString|"&k[]=a1D6F000003TvPB (233 more) ..."
11:35:08.0 (61638652)|HEAP_ALLOCATE|[50]|Bytes:5
11:35:08.0 (61665774)|HEAP_ALLOCATE|[50]|Bytes:12
11:35:08.0 (61678264)|VARIABLE_SCOPE_BEGIN|[50]|seoKeyword|seoThemeKeywords__c|true|false
11:35:08.0 (61702471)|VARIABLE_ASSIGNMENT|[50]|seoKeyword|{"Id":"a1D6F000003TvPFUA0","CurrencyIsoCode":"AUD"}|0xf8cc83f
11:35:08.0 (61712250)|STATEMENT_EXECUTE|[50]
11:35:08.0 (61714931)|STATEMENT_EXECUTE|[51]
11:35:08.0 (61739635)|HEAP_ALLOCATE|[51]|Bytes:18
11:35:08.0 (61755654)|METHOD_ENTRY|[51]||System.EncodingUtil.urlEncode(String, String)
11:35:08.0 (61797869)|METHOD_EXIT|[51]||System.EncodingUtil.urlEncode(String, String)
11:35:08.0 (61809862)|HEAP_ALLOCATE|[51]|Bytes:23
11:35:08.0 (61817878)|HEAP_ALLOCATE|[51]|Bytes:276
11:35:08.0 (61832820)|VARIABLE_ASSIGNMENT|[51]|keywordQueryString|"&k[]=a1D6F000003TvPB (256 more) ..."
11:35:08.0 (61850289)|HEAP_ALLOCATE|[50]|Bytes:5
11:35:08.0 (61867769)|HEAP_ALLOCATE|[50]|Bytes:12
11:35:08.0 (61878895)|VARIABLE_SCOPE_BEGIN|[50]|seoKeyword|seoThemeKeywords__c|true|false
11:35:08.0 (61902433)|VARIABLE_ASSIGNMENT|[50]|seoKeyword|{"Id":"a1D6F000003TvPOUA0","CurrencyIsoCode":"AUD"}|0x2455d040
11:35:08.0 (61912228)|STATEMENT_EXECUTE|[50]
11:35:08.0 (61914656)|STATEMENT_EXECUTE|[51]
11:35:08.0 (61939860)|HEAP_ALLOCATE|[51]|Bytes:18
11:35:08.0 (61955970)|METHOD_ENTRY|[51]||System.EncodingUtil.urlEncode(String, String)
11:35:08.0 (62001096)|METHOD_EXIT|[51]||System.EncodingUtil.urlEncode(String, String)
11:35:08.0 (62014766)|HEAP_ALLOCATE|[51]|Bytes:23
11:35:08.0 (62023939)|HEAP_ALLOCATE|[51]|Bytes:299
11:35:08.0 (62039843)|VARIABLE_ASSIGNMENT|[51]|keywordQueryString|"&k[]=a1D6F000003TvPB (279 more) ..."
11:35:08.0 (62063016)|HEAP_ALLOCATE|[50]|Bytes:5
11:35:08.0 (62084852)|HEAP_ALLOCATE|[50]|Bytes:12
11:35:08.0 (62096966)|VARIABLE_SCOPE_BEGIN|[50]|seoKeyword|seoThemeKeywords__c|true|false
11:35:08.0 (62120126)|VARIABLE_ASSIGNMENT|[50]|seoKeyword|{"Id":"a1D6F000003TvPSUA0","CurrencyIsoCode":"AUD"}|0x1b0b8e8b
11:35:08.0 (62128982)|STATEMENT_EXECUTE|[50]
11:35:08.0 (62131219)|STATEMENT_EXECUTE|[51]
11:35:08.0 (62152992)|HEAP_ALLOCATE|[51]|Bytes:18
11:35:08.0 (62166009)|METHOD_ENTRY|[51]||System.EncodingUtil.urlEncode(String, String)
11:35:08.0 (62210009)|METHOD_EXIT|[51]||System.EncodingUtil.urlEncode(String, String)
11:35:08.0 (62219026)|HEAP_ALLOCATE|[51]|Bytes:23
11:35:08.0 (62226251)|HEAP_ALLOCATE|[51]|Bytes:322
11:35:08.0 (62237367)|VARIABLE_ASSIGNMENT|[51]|keywordQueryString|"&k[]=a1D6F000003TvPB (302 more) ..."
11:35:08.0 (62250106)|HEAP_ALLOCATE|[50]|Bytes:5
11:35:08.0 (62263235)|HEAP_ALLOCATE|[50]|Bytes:12
11:35:08.0 (62271427)|VARIABLE_SCOPE_BEGIN|[50]|seoKeyword|seoThemeKeywords__c|true|false
11:35:08.0 (62285581)|VARIABLE_ASSIGNMENT|[50]|seoKeyword|{"Id":"a1D6F000003TvPLUA0","CurrencyIsoCode":"AUD"}|0x6906155f
11:35:08.0 (62290747)|STATEMENT_EXECUTE|[50]
11:35:08.0 (62292462)|STATEMENT_EXECUTE|[51]
11:35:08.0 (62306976)|HEAP_ALLOCATE|[51]|Bytes:18
11:35:08.0 (62315092)|METHOD_ENTRY|[51]||System.EncodingUtil.urlEncode(String, String)
11:35:08.0 (62339830)|METHOD_EXIT|[51]||System.EncodingUtil.urlEncode(String, String)
11:35:08.0 (62348113)|HEAP_ALLOCATE|[51]|Bytes:23
11:35:08.0 (62354743)|HEAP_ALLOCATE|[51]|Bytes:345
11:35:08.0 (62369770)|VARIABLE_ASSIGNMENT|[51]|keywordQueryString|"&k[]=a1D6F000003TvPB (325 more) ..."
11:35:08.0 (62388602)|HEAP_ALLOCATE|[50]|Bytes:5
11:35:08.0 (62406643)|HEAP_ALLOCATE|[50]|Bytes:12
11:35:08.0 (62417855)|VARIABLE_SCOPE_BEGIN|[50]|seoKeyword|seoThemeKeywords__c|true|false
11:35:08.0 (62439040)|VARIABLE_ASSIGNMENT|[50]|seoKeyword|{"Id":"a1D6F000003TvPTUA0","CurrencyIsoCode":"AUD"}|0xa2e570
11:35:08.0 (62448015)|STATEMENT_EXECUTE|[50]
11:35:08.0 (62450609)|STATEMENT_EXECUTE|[51]
11:35:08.0 (62474862)|HEAP_ALLOCATE|[51]|Bytes:18
11:35:08.0 (62488780)|METHOD_ENTRY|[51]||System.EncodingUtil.urlEncode(String, String)
11:35:08.0 (62530835)|METHOD_EXIT|[51]||System.EncodingUtil.urlEncode(String, String)
11:35:08.0 (62541777)|HEAP_ALLOCATE|[51]|Bytes:23
11:35:08.0 (62549511)|HEAP_ALLOCATE|[51]|Bytes:368
11:35:08.0 (62566661)|VARIABLE_ASSIGNMENT|[51]|keywordQueryString|"&k[]=a1D6F000003TvPB (348 more) ..."
11:35:08.0 (62585442)|HEAP_ALLOCATE|[50]|Bytes:5
11:35:08.0 (62601823)|HEAP_ALLOCATE|[50]|Bytes:12
11:35:08.0 (62612555)|VARIABLE_SCOPE_BEGIN|[50]|seoKeyword|seoThemeKeywords__c|true|false
11:35:08.0 (62634226)|VARIABLE_ASSIGNMENT|[50]|seoKeyword|{"Id":"a1D6F000003TvPMUA0","CurrencyIsoCode":"AUD"}|0xa7fe2f4
11:35:08.0 (62649748)|STATEMENT_EXECUTE|[50]
11:35:08.0 (62652088)|STATEMENT_EXECUTE|[51]
11:35:08.0 (62674725)|HEAP_ALLOCATE|[51]|Bytes:18
11:35:08.0 (62690120)|METHOD_ENTRY|[51]||System.EncodingUtil.urlEncode(String, String)
11:35:08.0 (62732003)|METHOD_EXIT|[51]||System.EncodingUtil.urlEncode(String, String)
11:35:08.0 (62743634)|HEAP_ALLOCATE|[51]|Bytes:23
11:35:08.0 (62752324)|HEAP_ALLOCATE|[51]|Bytes:391
11:35:08.0 (62767930)|VARIABLE_ASSIGNMENT|[51]|keywordQueryString|"&k[]=a1D6F000003TvPB (371 more) ..."
11:35:08.0 (62790251)|HEAP_ALLOCATE|[50]|Bytes:5
11:35:08.0 (62810362)|HEAP_ALLOCATE|[50]|Bytes:12
11:35:08.0 (62821841)|VARIABLE_SCOPE_BEGIN|[50]|seoKeyword|seoThemeKeywords__c|true|false
11:35:08.0 (62845881)|VARIABLE_ASSIGNMENT|[50]|seoKeyword|{"Id":"a1D6F000003TvPGUA0","CurrencyIsoCode":"AUD"}|0x4dc74ae6
11:35:08.0 (62855613)|STATEMENT_EXECUTE|[50]
11:35:08.0 (62857896)|STATEMENT_EXECUTE|[51]
11:35:08.0 (62882085)|HEAP_ALLOCATE|[51]|Bytes:18
11:35:08.0 (62896302)|METHOD_ENTRY|[51]||System.EncodingUtil.urlEncode(String, String)
11:35:08.0 (62933194)|METHOD_EXIT|[51]||System.EncodingUtil.urlEncode(String, String)
11:35:08.0 (62943379)|HEAP_ALLOCATE|[51]|Bytes:23
11:35:08.0 (62950551)|HEAP_ALLOCATE|[51]|Bytes:414
11:35:08.0 (62965028)|VARIABLE_ASSIGNMENT|[51]|keywordQueryString|"&k[]=a1D6F000003TvPB (394 more) ..."
11:35:08.0 (62982622)|HEAP_ALLOCATE|[50]|Bytes:5
11:35:08.0 (62999145)|HEAP_ALLOCATE|[50]|Bytes:12
11:35:08.0 (63009005)|VARIABLE_SCOPE_BEGIN|[50]|seoKeyword|seoThemeKeywords__c|true|false
11:35:08.0 (63031742)|VARIABLE_ASSIGNMENT|[50]|seoKeyword|{"Id":"a1D6F000003TvPEUA0","CurrencyIsoCode":"AUD"}|0x143212ec
11:35:08.0 (63041569)|STATEMENT_EXECUTE|[50]
11:35:08.0 (63043831)|STATEMENT_EXECUTE|[51]
11:35:08.0 (63067333)|HEAP_ALLOCATE|[51]|Bytes:18
11:35:08.0 (63081037)|METHOD_ENTRY|[51]||System.EncodingUtil.urlEncode(String, String)
11:35:08.0 (63120342)|METHOD_EXIT|[51]||System.EncodingUtil.urlEncode(String, String)
11:35:08.0 (63131384)|HEAP_ALLOCATE|[51]|Bytes:23
11:35:08.0 (63139291)|HEAP_ALLOCATE|[51]|Bytes:437
11:35:08.0 (63155412)|VARIABLE_ASSIGNMENT|[51]|keywordQueryString|"&k[]=a1D6F000003TvPB (417 more) ..."
11:35:08.0 (63177785)|HEAP_ALLOCATE|[50]|Bytes:5
11:35:08.0 (63199180)|HEAP_ALLOCATE|[50]|Bytes:12
11:35:08.0 (63211638)|VARIABLE_SCOPE_BEGIN|[50]|seoKeyword|seoThemeKeywords__c|true|false
11:35:08.0 (63233675)|VARIABLE_ASSIGNMENT|[50]|seoKeyword|{"Id":"a1D6F000003TvPUUA0","CurrencyIsoCode":"AUD"}|0x3acec7f
11:35:08.0 (63243916)|STATEMENT_EXECUTE|[50]
11:35:08.0 (63246430)|STATEMENT_EXECUTE|[51]
11:35:08.0 (63269001)|HEAP_ALLOCATE|[51]|Bytes:18
11:35:08.0 (63282997)|METHOD_ENTRY|[51]||System.EncodingUtil.urlEncode(String, String)
11:35:08.0 (63319441)|METHOD_EXIT|[51]||System.EncodingUtil.urlEncode(String, String)
11:35:08.0 (63329917)|HEAP_ALLOCATE|[51]|Bytes:23
11:35:08.0 (63337500)|HEAP_ALLOCATE|[51]|Bytes:460
11:35:08.0 (63354505)|VARIABLE_ASSIGNMENT|[51]|keywordQueryString|"&k[]=a1D6F000003TvPB (440 more) ..."
11:35:08.0 (63375248)|HEAP_ALLOCATE|[50]|Bytes:5
11:35:08.0 (63394337)|HEAP_ALLOCATE|[50]|Bytes:12
11:35:08.0 (63405142)|VARIABLE_SCOPE_BEGIN|[50]|seoKeyword|seoThemeKeywords__c|true|false
11:35:08.0 (63429156)|VARIABLE_ASSIGNMENT|[50]|seoKeyword|{"Id":"a1D6F000003TvPKUA0","CurrencyIsoCode":"AUD"}|0x7631d6bc
11:35:08.0 (63439816)|STATEMENT_EXECUTE|[50]
11:35:08.0 (63442414)|STATEMENT_EXECUTE|[51]
11:35:08.0 (63465148)|HEAP_ALLOCATE|[51]|Bytes:18
11:35:08.0 (63480375)|METHOD_ENTRY|[51]||System.EncodingUtil.urlEncode(String, String)
11:35:08.0 (63521354)|METHOD_EXIT|[51]||System.EncodingUtil.urlEncode(String, String)
11:35:08.0 (63531975)|HEAP_ALLOCATE|[51]|Bytes:23
11:35:08.0 (63540011)|HEAP_ALLOCATE|[51]|Bytes:483
11:35:08.0 (63555355)|VARIABLE_ASSIGNMENT|[51]|keywordQueryString|"&k[]=a1D6F000003TvPB (463 more) ..."
11:35:08.0 (63576030)|HEAP_ALLOCATE|[50]|Bytes:5
11:35:08.0 (63596592)|HEAP_ALLOCATE|[50]|Bytes:12
11:35:08.0 (63607818)|VARIABLE_SCOPE_BEGIN|[50]|seoKeyword|seoThemeKeywords__c|true|false
11:35:08.0 (63630731)|VARIABLE_ASSIGNMENT|[50]|seoKeyword|{"Id":"a1D6F000003TvPIUA0","CurrencyIsoCode":"AUD"}|0x15632e6
11:35:08.0 (63646780)|STATEMENT_EXECUTE|[50]
11:35:08.0 (63649860)|STATEMENT_EXECUTE|[51]
11:35:08.0 (63673474)|HEAP_ALLOCATE|[51]|Bytes:18
11:35:08.0 (63687466)|METHOD_ENTRY|[51]||System.EncodingUtil.urlEncode(String, String)
11:35:08.0 (63724326)|METHOD_EXIT|[51]||System.EncodingUtil.urlEncode(String, String)
11:35:08.0 (63734056)|HEAP_ALLOCATE|[51]|Bytes:23
11:35:08.0 (63740984)|HEAP_ALLOCATE|[51]|Bytes:506
11:35:08.0 (63755246)|VARIABLE_ASSIGNMENT|[51]|keywordQueryString|"&k[]=a1D6F000003TvPB (486 more) ..."
11:35:08.0 (63773440)|HEAP_ALLOCATE|[50]|Bytes:5
11:35:08.0 (63794386)|HEAP_ALLOCATE|[50]|Bytes:12
11:35:08.0 (63806644)|VARIABLE_SCOPE_BEGIN|[50]|seoKeyword|seoThemeKeywords__c|true|false
11:35:08.0 (63829650)|VARIABLE_ASSIGNMENT|[50]|seoKeyword|{"Id":"a1D6F000003TvP7UAK","CurrencyIsoCode":"AUD"}|0x5f7f552
11:35:08.0 (63839646)|STATEMENT_EXECUTE|[50]
11:35:08.0 (63842081)|STATEMENT_EXECUTE|[51]
11:35:08.0 (63865341)|HEAP_ALLOCATE|[51]|Bytes:18
11:35:08.0 (63881843)|METHOD_ENTRY|[51]||System.EncodingUtil.urlEncode(String, String)
11:35:08.0 (63925225)|METHOD_EXIT|[51]||System.EncodingUtil.urlEncode(String, String)
11:35:08.0 (63937356)|HEAP_ALLOCATE|[51]|Bytes:23
11:35:08.0 (63945661)|HEAP_ALLOCATE|[51]|Bytes:529
11:35:08.0 (63961095)|VARIABLE_ASSIGNMENT|[51]|keywordQueryString|"&k[]=a1D6F000003TvPB (509 more) ..."
11:35:08.0 (63982810)|HEAP_ALLOCATE|[50]|Bytes:5
11:35:08.0 (64004966)|HEAP_ALLOCATE|[50]|Bytes:12
11:35:08.0 (64018842)|VARIABLE_SCOPE_BEGIN|[50]|seoKeyword|seoThemeKeywords__c|true|false
11:35:08.0 (64043333)|VARIABLE_ASSIGNMENT|[50]|seoKeyword|{"Id":"a1D6F000003TvP5UAK","CurrencyIsoCode":"AUD"}|0x61dc3e87
11:35:08.0 (64052522)|STATEMENT_EXECUTE|[50]
11:35:08.0 (64054942)|STATEMENT_EXECUTE|[51]
11:35:08.0 (64079939)|HEAP_ALLOCATE|[51]|Bytes:18
11:35:08.0 (64096654)|METHOD_ENTRY|[51]||System.EncodingUtil.urlEncode(String, String)
11:35:08.0 (64142695)|METHOD_EXIT|[51]||System.EncodingUtil.urlEncode(String, String)
11:35:08.0 (64153884)|HEAP_ALLOCATE|[51]|Bytes:23
11:35:08.0 (64161314)|HEAP_ALLOCATE|[51]|Bytes:552
11:35:08.0 (64177202)|VARIABLE_ASSIGNMENT|[51]|keywordQueryString|"&k[]=a1D6F000003TvPB (532 more) ..."
11:35:08.0 (64197801)|HEAP_ALLOCATE|[50]|Bytes:5
11:35:08.0 (64220496)|HEAP_ALLOCATE|[50]|Bytes:12
11:35:08.0 (64233494)|VARIABLE_SCOPE_BEGIN|[50]|seoKeyword|seoThemeKeywords__c|true|false
11:35:08.0 (64257497)|VARIABLE_ASSIGNMENT|[50]|seoKeyword|{"Id":"a1D6F000003TvP6UAK","CurrencyIsoCode":"AUD"}|0x19a08036
11:35:08.0 (64266642)|STATEMENT_EXECUTE|[50]
11:35:08.0 (64269290)|STATEMENT_EXECUTE|[51]
11:35:08.0 (64295412)|HEAP_ALLOCATE|[51]|Bytes:18
11:35:08.0 (64310949)|METHOD_ENTRY|[51]||System.EncodingUtil.urlEncode(String, String)
11:35:08.0 (64352766)|METHOD_EXIT|[51]||System.EncodingUtil.urlEncode(String, String)
11:35:08.0 (64362943)|HEAP_ALLOCATE|[51]|Bytes:23
11:35:08.0 (64369960)|HEAP_ALLOCATE|[51]|Bytes:575
11:35:08.0 (64385738)|VARIABLE_ASSIGNMENT|[51]|keywordQueryString|"&k[]=a1D6F000003TvPB (555 more) ..."
11:35:08.0 (64407458)|HEAP_ALLOCATE|[50]|Bytes:5
11:35:08.0 (64429226)|HEAP_ALLOCATE|[50]|Bytes:12
11:35:08.0 (64441123)|VARIABLE_SCOPE_BEGIN|[50]|seoKeyword|seoThemeKeywords__c|true|false
11:35:08.0 (64465278)|VARIABLE_ASSIGNMENT|[50]|seoKeyword|{"Id":"a1D6F000003TvP8UAK","CurrencyIsoCode":"AUD"}|0x295150e6
11:35:08.0 (64474851)|STATEMENT_EXECUTE|[50]
11:35:08.0 (64477245)|STATEMENT_EXECUTE|[51]
11:35:08.0 (64502959)|HEAP_ALLOCATE|[51]|Bytes:18
11:35:08.0 (64519623)|METHOD_ENTRY|[51]||System.EncodingUtil.urlEncode(String, String)
11:35:08.0 (64564531)|METHOD_EXIT|[51]||System.EncodingUtil.urlEncode(String, String)
11:35:08.0 (64576999)|HEAP_ALLOCATE|[51]|Bytes:23
11:35:08.0 (64585336)|HEAP_ALLOCATE|[51]|Bytes:598
11:35:08.0 (64602086)|VARIABLE_ASSIGNMENT|[51]|keywordQueryString|"&k[]=a1D6F000003TvPB (578 more) ..."
11:35:08.0 (64626216)|HEAP_ALLOCATE|[50]|Bytes:5
11:35:08.0 (64655208)|HEAP_ALLOCATE|[50]|Bytes:12
11:35:08.0 (64668952)|VARIABLE_SCOPE_BEGIN|[50]|seoKeyword|seoThemeKeywords__c|true|false
11:35:08.0 (64692772)|VARIABLE_ASSIGNMENT|[50]|seoKeyword|{"Id":"a1D6F000003TvPDUA0","CurrencyIsoCode":"AUD"}|0x13367dfb
11:35:08.0 (64702458)|STATEMENT_EXECUTE|[50]
11:35:08.0 (64704866)|STATEMENT_EXECUTE|[51]
11:35:08.0 (64730679)|HEAP_ALLOCATE|[51]|Bytes:18
11:35:08.0 (64745096)|METHOD_ENTRY|[51]||System.EncodingUtil.urlEncode(String, String)
11:35:08.0 (64786080)|METHOD_EXIT|[51]||System.EncodingUtil.urlEncode(String, String)
11:35:08.0 (64797066)|HEAP_ALLOCATE|[51]|Bytes:23
11:35:08.0 (64805726)|HEAP_ALLOCATE|[51]|Bytes:621
11:35:08.0 (64821324)|VARIABLE_ASSIGNMENT|[51]|keywordQueryString|"&k[]=a1D6F000003TvPB (601 more) ..."
11:35:08.0 (64842641)|HEAP_ALLOCATE|[50]|Bytes:5
11:35:08.0 (64863784)|HEAP_ALLOCATE|[50]|Bytes:12
11:35:08.0 (64876159)|VARIABLE_SCOPE_BEGIN|[50]|seoKeyword|seoThemeKeywords__c|true|false
11:35:08.0 (64901385)|VARIABLE_ASSIGNMENT|[50]|seoKeyword|{"Id":"a1D6F000003TvPQUA0","CurrencyIsoCode":"AUD"}|0x139e411c
11:35:08.0 (64911174)|STATEMENT_EXECUTE|[50]
11:35:08.0 (64913696)|STATEMENT_EXECUTE|[51]
11:35:08.0 (64936576)|HEAP_ALLOCATE|[51]|Bytes:18
11:35:08.0 (64949824)|METHOD_ENTRY|[51]||System.EncodingUtil.urlEncode(String, String)
11:35:08.0 (64986580)|METHOD_EXIT|[51]||System.EncodingUtil.urlEncode(String, String)
11:35:08.0 (64996964)|HEAP_ALLOCATE|[51]|Bytes:23
11:35:08.0 (65004702)|HEAP_ALLOCATE|[51]|Bytes:644
11:35:08.0 (65021666)|VARIABLE_ASSIGNMENT|[51]|keywordQueryString|"&k[]=a1D6F000003TvPB (624 more) ..."
11:35:08.0 (65044355)|HEAP_ALLOCATE|[50]|Bytes:5
11:35:08.0 (65065902)|HEAP_ALLOCATE|[50]|Bytes:12
11:35:08.0 (65077713)|VARIABLE_SCOPE_BEGIN|[50]|seoKeyword|seoThemeKeywords__c|true|false
11:35:08.0 (65101383)|VARIABLE_ASSIGNMENT|[50]|seoKeyword|{"Id":"a1D6F000003TvPRUA0","CurrencyIsoCode":"AUD"}|0xea2d269
11:35:08.0 (65111479)|STATEMENT_EXECUTE|[50]
11:35:08.0 (65113895)|STATEMENT_EXECUTE|[51]
11:35:08.0 (65139960)|HEAP_ALLOCATE|[51]|Bytes:18
11:35:08.0 (65155760)|METHOD_ENTRY|[51]||System.EncodingUtil.urlEncode(String, String)
11:35:08.0 (65199458)|METHOD_EXIT|[51]||System.EncodingUtil.urlEncode(String, String)
11:35:08.0 (65211246)|HEAP_ALLOCATE|[51]|Bytes:23
11:35:08.0 (65219132)|HEAP_ALLOCATE|[51]|Bytes:667
11:35:08.0 (65234761)|VARIABLE_ASSIGNMENT|[51]|keywordQueryString|"&k[]=a1D6F000003TvPB (647 more) ..."
11:35:08.0 (65255347)|HEAP_ALLOCATE|[50]|Bytes:5
11:35:08.0 (65275925)|HEAP_ALLOCATE|[50]|Bytes:12
11:35:08.0 (65287991)|VARIABLE_SCOPE_BEGIN|[50]|seoKeyword|seoThemeKeywords__c|true|false
11:35:08.0 (65310450)|VARIABLE_ASSIGNMENT|[50]|seoKeyword|{"Id":"a1D6F000003TvPWUA0","CurrencyIsoCode":"AUD"}|0x2d57753b
11:35:08.0 (65319146)|STATEMENT_EXECUTE|[50]
11:35:08.0 (65321581)|STATEMENT_EXECUTE|[51]
11:35:08.0 (65344950)|HEAP_ALLOCATE|[51]|Bytes:18
11:35:08.0 (65360566)|METHOD_ENTRY|[51]||System.EncodingUtil.urlEncode(String, String)
11:35:08.0 (65404187)|METHOD_EXIT|[51]||System.EncodingUtil.urlEncode(String, String)
11:35:08.0 (65415592)|HEAP_ALLOCATE|[51]|Bytes:23
11:35:08.0 (65423731)|HEAP_ALLOCATE|[51]|Bytes:690
11:35:08.0 (65439500)|VARIABLE_ASSIGNMENT|[51]|keywordQueryString|"&k[]=a1D6F000003TvPB (670 more) ..."
11:35:08.0 (65458099)|HEAP_ALLOCATE|[50]|Bytes:5
11:35:08.0 (65477103)|VARIABLE_ASSIGNMENT|[50]|seoKeyword|null|
11:35:08.0 (65486433)|STATEMENT_EXECUTE|[55]
11:35:08.0 (65508747)|METHOD_EXIT|[113]|01p6F000009rEEx|SeoGeoController.getKeywordIdQueryString()
11:35:08.0 (65521339)|VARIABLE_SCOPE_BEGIN|[113]|keywordQueryString|String|false|false
11:35:08.0 (65540381)|VARIABLE_ASSIGNMENT|[113]|keywordQueryString|"&k[]=a1D6F000003TvPB (670 more) ..."
11:35:08.0 (65567433)|STATEMENT_EXECUTE|[115]
11:35:08.0 (65570879)|STATEMENT_EXECUTE|[116]
11:35:08.0 (65588160)|HEAP_ALLOCATE|[116]|Bytes:813
11:35:08.0 (65607002)|VARIABLE_ASSIGNMENT|[116]|consolePath|"/?c=seo&action=keywo (793 more) ..."
11:35:08.0 (65614982)|STATEMENT_EXECUTE|[121]
11:35:08.0 (65632331)|METHOD_EXIT|[80]|01p6F000009rEEx|SeoGeoController.getGeoURL()
11:35:08.0 (65653412)|VARIABLE_SCOPE_BEGIN|[80]|consolePath|String|false|false
11:35:08.0 (65673565)|VARIABLE_ASSIGNMENT|[80]|consolePath|"/?c=seo&action=keywo (793 more) ..."
11:35:08.0 (65681861)|STATEMENT_EXECUTE|[82]
11:35:08.0 (65684220)|STATEMENT_EXECUTE|[83]
11:35:08.0 (68355653)|HEAP_ALLOCATE|[83]|Bytes:7
11:35:08.0 (68375780)|HEAP_ALLOCATE|[83]|Bytes:10
11:35:08.0 (68407301)|METHOD_ENTRY|[1]|01p6F000006aBAZ|slxConsole.slxConsole()
11:35:08.0 (68417040)|STATEMENT_EXECUTE|[1]
11:35:08.0 (68424385)|STATEMENT_EXECUTE|[1]
11:35:08.0 (68433374)|METHOD_EXIT|[1]|slxConsole
11:35:08.0 (68467055)|METHOD_ENTRY|[83]|01p6F000006aBAZ|slxConsole.getConsolePage(String)
11:35:08.0 (68511715)|VARIABLE_SCOPE_BEGIN|[17]|path|String|false|false
11:35:08.0 (68538083)|VARIABLE_ASSIGNMENT|[17]|path|"/?c=seo&action=keywo (793 more) ..."
11:35:08.0 (68549301)|STATEMENT_EXECUTE|[17]
11:35:08.0 (68552732)|STATEMENT_EXECUTE|[20]
11:35:08.0 (68570617)|HEAP_ALLOCATE|[20]|Bytes:10
11:35:08.0 (70324722)|HEAP_ALLOCATE|[20]|Bytes:56
11:35:08.0 (70359069)|VARIABLE_SCOPE_BEGIN|[20]|consoleLogin|Login__c|true|false
11:35:08.0 (70458886)|VARIABLE_ASSIGNMENT|[20]|consoleLogin|{"LastModifiedDate":"2017-01-17T06:58:25.000Z","username__c":"salesforce","IsDeleted":false,"password__c":"49fc7fd771000d6127b3 (12 more) ...","URL__c":"https://console.spon (13 more) ...","CurrencyIsoCode":"AUD","SetupOwnerId":"00D90000000IJSaEAO","Name":"SLXConsole","SystemModstamp":"2018-03-23T09:17:56.000Z","CreatedById":"00590000000VmmqAAC","CreatedDate":"2016-03-02T07:09:34.000Z","Id":"a1w6F000005747qQAA","LastModifiedById":"00590000000VmmqAAC"}|0x44ee967d
11:35:08.0 (70483347)|STATEMENT_EXECUTE|[22]
11:35:08.0 (70499537)|STATEMENT_EXECUTE|[27]
11:35:08.0 (70550617)|VARIABLE_SCOPE_BEGIN|[27]|consoleEndpoint|String|false|false
11:35:08.0 (70574886)|VARIABLE_ASSIGNMENT|[27]|consoleEndpoint|"https://console.spon (13 more) ..."
11:35:08.0 (70583260)|STATEMENT_EXECUTE|[28]
11:35:08.0 (70616461)|VARIABLE_SCOPE_BEGIN|[28]|consoleUsername|String|false|false
11:35:08.0 (70633980)|VARIABLE_ASSIGNMENT|[28]|consoleUsername|"salesforce"
11:35:08.0 (70649648)|STATEMENT_EXECUTE|[29]
11:35:08.0 (70679016)|VARIABLE_SCOPE_BEGIN|[29]|consolePassword|String|false|false
11:35:08.0 (70700497)|VARIABLE_ASSIGNMENT|[29]|consolePassword|"49fc7fd771000d6127b3 (12 more) ..."
11:35:08.0 (70707765)|STATEMENT_EXECUTE|[33]
11:35:08.0 (70742816)|VARIABLE_SCOPE_BEGIN|[33]|req|System.HttpRequest|true|false
11:35:08.0 (71090874)|VARIABLE_ASSIGNMENT|[33]|req|"System.HttpRequest[Endpoint=null, Method=null]"|0xe42d328
11:35:08.0 (71106365)|STATEMENT_EXECUTE|[34]
11:35:08.0 (71126985)|HEAP_ALLOCATE|[34]|Bytes:846
11:35:08.0 (71202406)|STATEMENT_EXECUTE|[35]
11:35:08.0 (71212318)|HEAP_ALLOCATE|[35]|Bytes:3
11:35:08.0 (71236561)|STATEMENT_EXECUTE|[36]
11:35:08.0 (71242752)|HEAP_ALLOCATE|[36]|Bytes:6
11:35:08.0 (71247480)|HEAP_ALLOCATE|[36]|Bytes:9
11:35:08.0 (71250995)|HEAP_ALLOCATE|[36]|Bytes:11
11:35:08.0 (71264902)|HEAP_ALLOCATE|[36]|Bytes:62
11:35:08.0 (71295697)|STATEMENT_EXECUTE|[40]
11:35:08.0 (71322962)|VARIABLE_SCOPE_BEGIN|[40]|http|System.Http|true|false
11:35:08.0 (71440942)|VARIABLE_ASSIGNMENT|[40]|http|"System.Http[]"|0x5847eb10
11:35:08.0 (71453990)|STATEMENT_EXECUTE|[41]
11:35:08.0 (71544828)|CALLOUT_REQUEST|[41]|System.HttpRequest[Endpoint=https://console.sponsoredlinx.com/?c=seo&action=keywordGeoCompare&output=table&websiteid=a166F00000AJbjEQAT&geolocation=Sydney%2CNew+South+Wales%2CAustralia&k[]=a1D6F000003TvPBUA0&k[]=a1D6F000003TvPXUA0&k[]=a1D6F000003TvPVUA0&k[]=a1D6F000003TvP9UAK&k[]=a1D6F000003TvPNUA0&k[]=a1D6F000003TvPAUA0&k[]=a1D6F000003TvPCUA0&k[]=a1D6F000003TvPPUA0&k[]=a1D6F000003TvPHUA0&k[]=a1D6F000003TvPJUA0&k[]=a1D6F000003TvPYUA0&k[]=a1D6F000003TvPFUA0&k[]=a1D6F000003TvPOUA0&k[]=a1D6F000003TvPSUA0&k[]=a1D6F000003TvPLUA0&k[]=a1D6F000003TvPTUA0&k[]=a1D6F000003TvPMUA0&k[]=a1D6F000003TvPGUA0&k[]=a1D6F000003TvPEUA0&k[]=a1D6F000003TvPUUA0&k[]=a1D6F000003TvPKUA0&k[]=a1D6F000003TvPIUA0&k[]=a1D6F000003TvP7UAK&k[]=a1D6F000003TvP5UAK&k[]=a1D6F000003TvP6UAK&k[]=a1D6F000003TvP8UAK&k[]=a1D6F000003TvPDUA0&k[]=a1D6F000003TvPQUA0&k[]=a1D6F000003TvPRUA0&k[]=a1D6F000003TvPWUA0, Method=GET]
11:35:08.0 (520632501)|HEAP_ALLOCATE|[EXTERNAL]|Bytes:5384
11:35:08.0 (520942108)|CALLOUT_RESPONSE|[41]|System.HttpResponse[Status=OK, StatusCode=200]
11:35:08.0 (520994034)|HEAP_ALLOCATE|[41]|Bytes:5201
11:35:08.0 (521031521)|VARIABLE_SCOPE_BEGIN|[41]|res|System.HttpResponse|true|false
11:35:08.0 (521266564)|VARIABLE_ASSIGNMENT|[41]|res|"System.HttpResponse[Status=OK, StatusCode=200]"|0x6a2756c9
11:35:08.0 (521282646)|STATEMENT_EXECUTE|[44]
11:35:08.0 (521713130)|HEAP_ALLOCATE|[44]|Bytes:5195
11:35:08.0 (521742804)|METHOD_EXIT|[83]|01p6F000006aBAZ|slxConsole.getConsolePage(String)
11:35:08.0 (521771840)|VARIABLE_ASSIGNMENT|[83]|geoTable|"<style>\ntable.table{ (5175 more) ..."
11:35:08.0 (521785472)|HEAP_ALLOCATE|[87]|Bytes:10
11:35:08.0 (521892082)|STATEMENT_EXECUTE|[87]
11:35:08.0 (521895774)|STATEMENT_EXECUTE|[88]
11:35:08.0 (522031285)|VARIABLE_ASSIGNMENT|[EXTERNAL]|this|{"allGeo":"0x2daa7763","device":"desktop","refreshRequired":true,"selectedGeo":"0x3519e132","seoWebsite":"0x1803c9ac"}|0x52e9585c
11:35:08.0 (522058576)|VARIABLE_ASSIGNMENT|[EXTERNAL]|value|true
11:35:08.0 (522073148)|HEAP_ALLOCATE|[4]|Bytes:5
11:35:08.0 (522089249)|VARIABLE_ASSIGNMENT|[4]|this.refreshRequired|true|0x52e9585c
11:35:08.0 (522106625)|STATEMENT_EXECUTE|[93]
11:35:08.0 (522122356)|SYSTEM_MODE_EXIT|false
11:35:08.0 (523523140)|VF_SERIALIZE_VIEWSTATE_BEGIN|0666F000007GVD0
11:35:08.0 (528691044)|VF_SERIALIZE_VIEWSTATE_END
11:35:08.530 (530626097)|CUMULATIVE_LIMIT_USAGE
11:35:08.530 (530626097)|LIMIT_USAGE_FOR_NS|(default)|
  Number of SOQL queries: 1 out of 100
  Number of query rows: 30 out of 50000
  Number of SOSL queries: 0 out of 20
  Number of DML statements: 0 out of 150
  Number of DML rows: 0 out of 10000
  Maximum CPU time: 0 out of 10000
  Maximum heap size: 0 out of 6000000
  Number of callouts: 1 out of 100
  Number of Email Invocations: 0 out of 10
  Number of future calls: 0 out of 50
  Number of queueable jobs added to the queue: 0 out of 50
  Number of Mobile Apex push calls: 0 out of 10

11:35:08.530 (530626097)|CUMULATIVE_LIMIT_USAGE_END

11:35:08.0 (530684305)|CODE_UNIT_FINISHED|VF: /apex/SeoGeoCompare
11:35:08.0 (533159423)|EXECUTION_FINISHED
