37.0 APEX_CODE,FINEST;APEX_PROFILING,INFO;CALLOUT,INFO;DB,INFO;NBA,INFO;SYSTEM,DEBUG;VALIDATION,INFO;VISUALFORCE,INFO;WAVE,INFO;WORKFLOW,INFO
17:07:15.21 (21576721)|ENTERING_MANAGED_PKG|Centify
17:07:15.21 (23345808)|ENTERING_MANAGED_PKG|Centify
17:07:15.21 (23410095)|ENTERING_MANAGED_PKG|Centify
17:07:15.21 (24441143)|ENTERING_MANAGED_PKG|Centify
17:07:15.21 (24562793)|ENTERING_MANAGED_PKG|Centify
17:07:15.21 (25765562)|ENTERING_MANAGED_PKG|Centify
17:07:15.21 (26206766)|ENTERING_MANAGED_PKG|Centify
17:07:15.21 (26252621)|ENTERING_MANAGED_PKG|Centify
17:07:15.21 (26391101)|ENTERING_MANAGED_PKG|Centify
17:07:15.21 (26477472)|ENTERING_MANAGED_PKG|Centify
17:07:15.21 (26551430)|ENTERING_MANAGED_PKG|Centify
17:07:15.21 (26595348)|ENTERING_MANAGED_PKG|Centify
17:07:15.21 (26629185)|ENTERING_MANAGED_PKG|Centify
17:07:15.21 (26936161)|ENTERING_MANAGED_PKG|Centify
17:07:15.21 (90191780)|ENTERING_MANAGED_PKG|Centify
17:07:15.21 (90318609)|ENTERING_MANAGED_PKG|Centify
17:07:15.21 (90567798)|ENTERING_MANAGED_PKG|Centify
17:07:15.21 (90665867)|ENTERING_MANAGED_PKG|Centify
17:07:15.21 (382217404)|ENTERING_MANAGED_PKG|Centify
17:07:15.21 (430594846)|ENTERING_MANAGED_PKG|Centify
17:07:15.21 (446423078)|ENTERING_MANAGED_PKG|Centify
17:07:15.21 (446479592)|ENTERING_MANAGED_PKG|Centify
17:07:15.21 (446561285)|ENTERING_MANAGED_PKG|Centify
17:07:15.21 (446600780)|ENTERING_MANAGED_PKG|Centify
17:07:15.21 (446703353)|ENTERING_MANAGED_PKG|Centify
17:07:15.21 (476720285)|ENTERING_MANAGED_PKG|Centify
17:07:15.21 (494141967)|ENTERING_MANAGED_PKG|Centify
17:07:15.21 (494194344)|ENTERING_MANAGED_PKG|Centify
17:07:15.21 (494271887)|ENTERING_MANAGED_PKG|Centify
17:07:15.21 (494306156)|ENTERING_MANAGED_PKG|Centify
17:07:15.21 (494371478)|ENTERING_MANAGED_PKG|Centify
17:07:15.21 (523718197)|ENTERING_MANAGED_PKG|Centify
17:07:15.21 (541250102)|ENTERING_MANAGED_PKG|Centify
17:07:15.21 (541307951)|ENTERING_MANAGED_PKG|Centify
17:07:15.21 (541386550)|ENTERING_MANAGED_PKG|Centify
17:07:15.21 (541421283)|ENTERING_MANAGED_PKG|Centify
17:07:15.21 (541485660)|ENTERING_MANAGED_PKG|Centify
17:07:15.21 (635125507)|ENTERING_MANAGED_PKG|Centify
17:07:15.21 (653494689)|ENTERING_MANAGED_PKG|Centify
17:07:15.21 (653555573)|ENTERING_MANAGED_PKG|Centify
17:07:15.21 (653635644)|ENTERING_MANAGED_PKG|Centify
17:07:15.21 (653669926)|ENTERING_MANAGED_PKG|Centify
17:07:15.21 (653736009)|ENTERING_MANAGED_PKG|Centify
17:07:15.21 (687626605)|ENTERING_MANAGED_PKG|Centify
17:07:15.21 (706512264)|ENTERING_MANAGED_PKG|Centify
17:07:15.21 (706589762)|ENTERING_MANAGED_PKG|Centify
17:07:15.21 (706680695)|ENTERING_MANAGED_PKG|Centify
17:07:15.21 (706715854)|ENTERING_MANAGED_PKG|Centify
17:07:15.21 (706822369)|ENTERING_MANAGED_PKG|Centify
17:07:15.21 (743807996)|ENTERING_MANAGED_PKG|Centify
17:07:15.21 (762691748)|ENTERING_MANAGED_PKG|Centify
17:07:15.21 (762746848)|ENTERING_MANAGED_PKG|Centify
17:07:15.21 (762827006)|ENTERING_MANAGED_PKG|Centify
17:07:15.21 (762860715)|ENTERING_MANAGED_PKG|Centify
17:07:15.21 (762927564)|ENTERING_MANAGED_PKG|Centify
17:07:15.21 (801391731)|ENTERING_MANAGED_PKG|Centify
17:07:15.21 (821492291)|ENTERING_MANAGED_PKG|Centify
17:07:15.21 (821575369)|ENTERING_MANAGED_PKG|Centify
17:07:15.21 (821699396)|ENTERING_MANAGED_PKG|Centify
17:07:15.21 (821757090)|ENTERING_MANAGED_PKG|Centify
17:07:15.21 (821886287)|ENTERING_MANAGED_PKG|Centify
17:07:15.21 (858791923)|ENTERING_MANAGED_PKG|Centify
17:07:15.21 (879928117)|ENTERING_MANAGED_PKG|Centify
17:07:15.21 (879988568)|ENTERING_MANAGED_PKG|Centify
17:07:15.21 (880070430)|ENTERING_MANAGED_PKG|Centify
17:07:15.21 (880104041)|ENTERING_MANAGED_PKG|Centify
17:07:15.21 (880170200)|ENTERING_MANAGED_PKG|Centify
17:07:15.21 (915717881)|ENTERING_MANAGED_PKG|Centify
17:07:15.21 (936040788)|ENTERING_MANAGED_PKG|Centify
17:07:15.21 (936096921)|ENTERING_MANAGED_PKG|Centify
17:07:15.21 (936177143)|ENTERING_MANAGED_PKG|Centify
17:07:15.21 (936210748)|ENTERING_MANAGED_PKG|Centify
17:07:15.21 (936277721)|ENTERING_MANAGED_PKG|Centify
17:07:15.21 (968405904)|ENTERING_MANAGED_PKG|Centify
17:07:15.21 (988306223)|ENTERING_MANAGED_PKG|Centify
17:07:15.21 (988377239)|ENTERING_MANAGED_PKG|Centify
17:07:15.21 (988462426)|ENTERING_MANAGED_PKG|Centify
17:07:15.21 (988498081)|ENTERING_MANAGED_PKG|Centify
17:07:15.21 (988567451)|ENTERING_MANAGED_PKG|Centify
17:07:16.36 (1036426659)|ENTERING_MANAGED_PKG|Centify
17:07:16.36 (1055227311)|ENTERING_MANAGED_PKG|Centify
17:07:16.36 (1055287354)|ENTERING_MANAGED_PKG|Centify
17:07:16.36 (1055369336)|ENTERING_MANAGED_PKG|Centify
17:07:16.36 (1055403865)|ENTERING_MANAGED_PKG|Centify
17:07:16.36 (1055471248)|ENTERING_MANAGED_PKG|Centify
17:07:16.36 (1088026315)|ENTERING_MANAGED_PKG|Centify
17:07:16.36 (1105240970)|ENTERING_MANAGED_PKG|Centify
17:07:16.36 (1105294463)|ENTERING_MANAGED_PKG|Centify
17:07:16.36 (1105372506)|ENTERING_MANAGED_PKG|Centify
17:07:16.36 (1105406323)|ENTERING_MANAGED_PKG|Centify
17:07:16.36 (1105471958)|ENTERING_MANAGED_PKG|Centify
17:07:16.36 (1160152424)|ENTERING_MANAGED_PKG|Centify
17:07:16.36 (1180413503)|ENTERING_MANAGED_PKG|Centify
17:07:16.36 (1180501101)|ENTERING_MANAGED_PKG|Centify
17:07:16.36 (1180634773)|ENTERING_MANAGED_PKG|Centify
17:07:16.36 (1180695877)|ENTERING_MANAGED_PKG|Centify
17:07:16.36 (1180784220)|ENTERING_MANAGED_PKG|Centify
17:07:16.36 (1212672717)|ENTERING_MANAGED_PKG|Centify
17:07:16.36 (1212737327)|ENTERING_MANAGED_PKG|Centify
17:07:16.36 (1212906149)|ENTERING_MANAGED_PKG|Centify
17:07:16.36 (1212969570)|ENTERING_MANAGED_PKG|Centify
17:07:16.36 (1213023066)|ENTERING_MANAGED_PKG|Centify
17:07:16.36 (1214014314)|ENTERING_MANAGED_PKG|Centify
17:07:16.36 (1214107276)|ENTERING_MANAGED_PKG|Centify
17:07:16.36 (1216050504)|ENTERING_MANAGED_PKG|Centify
17:07:16.36 (1216174232)|ENTERING_MANAGED_PKG|Centify
17:07:16.36 (1216294611)|ENTERING_MANAGED_PKG|Centify
17:07:16.36 (1217011607)|ENTERING_MANAGED_PKG|Centify
17:07:16.36 (1217957165)|SOQL_EXECUTE_BEGIN|[16]|Aggregations:0|select id,lastmodifieddate,isdeleted,call_duration_min__c,createddate,tasksubtype,isclosed,subject,ownerid,activitydate,status,whatid,calldurationinseconds,calltype from Task where LastModifiedDate >2018-11-21T07:04:09Z AND LastModifiedDate < 2018-11-21T07:07:21Z AND (   CallType = 'Outbound'  OR  CallType = 'Inbound'  )  ORDER BY SystemModStamp DESC LIMIT 5000  ALL ROWS
17:07:16.36 (1227329082)|SOQL_EXECUTE_END|[16]|Rows:1
17:07:16.272 (1272510772)|CUMULATIVE_LIMIT_USAGE
17:07:16.272 (1272510772)|LIMIT_USAGE_FOR_NS|(default)|
  Number of SOQL queries: 0 out of 200
  Number of query rows: 0 out of 50000
  Number of SOSL queries: 0 out of 20
  Number of DML statements: 0 out of 150
  Number of DML rows: 0 out of 10000
  Maximum CPU time: 0 out of 60000
  Maximum heap size: 0 out of 12000000
  Number of callouts: 0 out of 0
  Number of Email Invocations: 0 out of 10
  Number of future calls: 0 out of 0
  Number of queueable jobs added to the queue: 0 out of 1
  Number of Mobile Apex push calls: 0 out of 10

17:07:16.272 (1272510772)|LIMIT_USAGE_FOR_NS|Centify|
  Number of SOQL queries: 0 out of 200
  Number of query rows: 0 out of 50000
  Number of SOSL queries: 0 out of 20
  Number of DML statements: 0 out of 150
  Number of DML rows: 0 out of 10000
  Maximum CPU time: 0 out of 60000
  Maximum heap size: 0 out of 12000000
  Number of callouts: 0 out of 0
  Number of Email Invocations: 0 out of 10
  Number of future calls: 0 out of 0
  Number of queueable jobs added to the queue: 0 out of 1
  Number of Mobile Apex push calls: 0 out of 10

17:07:16.272 (1272510772)|CUMULATIVE_LIMIT_USAGE_END

