37.0 APEX_CODE,FINEST;APEX_PROFILING,INFO;CALLOUT,INFO;DB,INFO;NBA,INFO;SYSTEM,DEBUG;VALIDATION,INFO;VISUALFORCE,INFO;WAVE,INFO;WORKFLOW,INFO
11:42:15.20 (20283787)|ENTERING_MANAGED_PKG|Centify
11:42:15.20 (22019482)|ENTERING_MANAGED_PKG|Centify
11:42:15.20 (22062173)|ENTERING_MANAGED_PKG|Centify
11:42:15.20 (22815623)|ENTERING_MANAGED_PKG|Centify
11:42:15.20 (22876630)|ENTERING_MANAGED_PKG|Centify
11:42:15.20 (23545024)|ENTERING_MANAGED_PKG|Centify
11:42:15.20 (23830430)|ENTERING_MANAGED_PKG|Centify
11:42:15.20 (23855082)|ENTERING_MANAGED_PKG|Centify
11:42:15.20 (23928107)|ENTERING_MANAGED_PKG|Centify
11:42:15.20 (23977192)|ENTERING_MANAGED_PKG|Centify
11:42:15.20 (24013756)|ENTERING_MANAGED_PKG|Centify
11:42:15.20 (24036147)|ENTERING_MANAGED_PKG|Centify
11:42:15.20 (24057300)|ENTERING_MANAGED_PKG|Centify
11:42:15.20 (24224170)|ENTERING_MANAGED_PKG|Centify
11:42:15.20 (75007820)|ENTERING_MANAGED_PKG|Centify
11:42:15.20 (75115676)|ENTERING_MANAGED_PKG|Centify
11:42:15.20 (75298175)|ENTERING_MANAGED_PKG|Centify
11:42:15.20 (75369256)|ENTERING_MANAGED_PKG|Centify
11:42:15.20 (319164191)|ENTERING_MANAGED_PKG|Centify
11:42:15.20 (353034383)|ENTERING_MANAGED_PKG|Centify
11:42:15.20 (365466058)|ENTERING_MANAGED_PKG|Centify
11:42:15.20 (365521886)|ENTERING_MANAGED_PKG|Centify
11:42:15.20 (365593767)|ENTERING_MANAGED_PKG|Centify
11:42:15.20 (365622240)|ENTERING_MANAGED_PKG|Centify
11:42:15.20 (365678265)|ENTERING_MANAGED_PKG|Centify
11:42:15.20 (385788588)|ENTERING_MANAGED_PKG|Centify
11:42:15.20 (400134862)|ENTERING_MANAGED_PKG|Centify
11:42:15.20 (400184637)|ENTERING_MANAGED_PKG|Centify
11:42:15.20 (400255741)|ENTERING_MANAGED_PKG|Centify
11:42:15.20 (400284150)|ENTERING_MANAGED_PKG|Centify
11:42:15.20 (400340599)|ENTERING_MANAGED_PKG|Centify
11:42:15.20 (421122897)|ENTERING_MANAGED_PKG|Centify
11:42:15.20 (438193631)|ENTERING_MANAGED_PKG|Centify
11:42:15.20 (438244482)|ENTERING_MANAGED_PKG|Centify
11:42:15.20 (438314008)|ENTERING_MANAGED_PKG|Centify
11:42:15.20 (438342853)|ENTERING_MANAGED_PKG|Centify
11:42:15.20 (438399785)|ENTERING_MANAGED_PKG|Centify
11:42:15.20 (460623026)|ENTERING_MANAGED_PKG|Centify
11:42:15.20 (477627318)|ENTERING_MANAGED_PKG|Centify
11:42:15.20 (477680902)|ENTERING_MANAGED_PKG|Centify
11:42:15.20 (477765687)|ENTERING_MANAGED_PKG|Centify
11:42:15.20 (477799608)|ENTERING_MANAGED_PKG|Centify
11:42:15.20 (477864368)|ENTERING_MANAGED_PKG|Centify
11:42:15.20 (499642354)|ENTERING_MANAGED_PKG|Centify
11:42:15.20 (514443985)|ENTERING_MANAGED_PKG|Centify
11:42:15.20 (514494256)|ENTERING_MANAGED_PKG|Centify
11:42:15.20 (514569803)|ENTERING_MANAGED_PKG|Centify
11:42:15.20 (514601484)|ENTERING_MANAGED_PKG|Centify
11:42:15.20 (514658164)|ENTERING_MANAGED_PKG|Centify
11:42:15.20 (538026540)|ENTERING_MANAGED_PKG|Centify
11:42:15.20 (593221448)|ENTERING_MANAGED_PKG|Centify
11:42:15.20 (593296600)|ENTERING_MANAGED_PKG|Centify
11:42:15.20 (593406504)|ENTERING_MANAGED_PKG|Centify
11:42:15.20 (593450777)|ENTERING_MANAGED_PKG|Centify
11:42:15.20 (593542768)|ENTERING_MANAGED_PKG|Centify
11:42:15.20 (622489588)|ENTERING_MANAGED_PKG|Centify
11:42:15.20 (638720978)|ENTERING_MANAGED_PKG|Centify
11:42:15.20 (638777675)|ENTERING_MANAGED_PKG|Centify
11:42:15.20 (638852019)|ENTERING_MANAGED_PKG|Centify
11:42:15.20 (638883397)|ENTERING_MANAGED_PKG|Centify
11:42:15.20 (638943347)|ENTERING_MANAGED_PKG|Centify
11:42:15.20 (660511659)|ENTERING_MANAGED_PKG|Centify
11:42:15.20 (675129362)|ENTERING_MANAGED_PKG|Centify
11:42:15.20 (675174790)|ENTERING_MANAGED_PKG|Centify
11:42:15.20 (675244668)|ENTERING_MANAGED_PKG|Centify
11:42:15.20 (675273057)|ENTERING_MANAGED_PKG|Centify
11:42:15.20 (675329622)|ENTERING_MANAGED_PKG|Centify
11:42:15.20 (692840694)|ENTERING_MANAGED_PKG|Centify
11:42:15.20 (706577234)|ENTERING_MANAGED_PKG|Centify
11:42:15.20 (706624053)|ENTERING_MANAGED_PKG|Centify
11:42:15.20 (706694724)|ENTERING_MANAGED_PKG|Centify
11:42:15.20 (706723195)|ENTERING_MANAGED_PKG|Centify
11:42:15.20 (706779037)|ENTERING_MANAGED_PKG|Centify
11:42:15.20 (724755681)|ENTERING_MANAGED_PKG|Centify
11:42:15.20 (738220807)|ENTERING_MANAGED_PKG|Centify
11:42:15.20 (738267670)|ENTERING_MANAGED_PKG|Centify
11:42:15.20 (738334580)|ENTERING_MANAGED_PKG|Centify
11:42:15.20 (738364433)|ENTERING_MANAGED_PKG|Centify
11:42:15.20 (738422654)|ENTERING_MANAGED_PKG|Centify
11:42:15.20 (755985233)|ENTERING_MANAGED_PKG|Centify
11:42:15.20 (768969221)|ENTERING_MANAGED_PKG|Centify
11:42:15.20 (769019399)|ENTERING_MANAGED_PKG|Centify
11:42:15.20 (769089454)|ENTERING_MANAGED_PKG|Centify
11:42:15.20 (769118534)|ENTERING_MANAGED_PKG|Centify
11:42:15.20 (769175874)|ENTERING_MANAGED_PKG|Centify
11:42:15.20 (786743016)|ENTERING_MANAGED_PKG|Centify
11:42:15.20 (800656390)|ENTERING_MANAGED_PKG|Centify
11:42:15.20 (800704183)|ENTERING_MANAGED_PKG|Centify
11:42:15.20 (800775351)|ENTERING_MANAGED_PKG|Centify
11:42:15.20 (800804508)|ENTERING_MANAGED_PKG|Centify
11:42:15.20 (800860664)|ENTERING_MANAGED_PKG|Centify
11:42:15.20 (819988386)|ENTERING_MANAGED_PKG|Centify
11:42:15.20 (820054937)|ENTERING_MANAGED_PKG|Centify
11:42:15.20 (820194936)|ENTERING_MANAGED_PKG|Centify
11:42:15.20 (820235469)|ENTERING_MANAGED_PKG|Centify
11:42:15.20 (820271948)|ENTERING_MANAGED_PKG|Centify
11:42:15.20 (820535453)|ENTERING_MANAGED_PKG|Centify
11:42:15.20 (820617337)|ENTERING_MANAGED_PKG|Centify
11:42:15.20 (833809699)|ENTERING_MANAGED_PKG|Centify
11:42:15.20 (833891770)|ENTERING_MANAGED_PKG|Centify
11:42:15.20 (833983465)|ENTERING_MANAGED_PKG|Centify
11:42:15.20 (834613821)|ENTERING_MANAGED_PKG|Centify
11:42:15.20 (835429293)|SOQL_EXECUTE_BEGIN|[16]|Aggregations:0|select id,lastmodifieddate,isdeleted,audit_completed_date__c,audit_booked_date__c,assign_to__c,name,ownerid,status__c,lastactivitydate,opp_type__c,spinify_is_target__c,spinify_is_auditedthismonth__c from SLXOpportunity__c where LastModifiedDate >2018-10-23T01:37:12Z AND LastModifiedDate < 2018-10-23T01:42:21Z AND (   Spinify_Is_Target__c =true OR  Spinify_Is_AuditedThisMonth__c =true )  ORDER BY SystemModStamp DESC LIMIT 5000  ALL ROWS
11:42:15.20 (840465058)|SOQL_EXECUTE_END|[16]|Rows:0
11:42:15.868 (868057703)|CUMULATIVE_LIMIT_USAGE
11:42:15.868 (868057703)|LIMIT_USAGE_FOR_NS|(default)|
  Number of SOQL queries: 0 out of 200
  Number of query rows: 0 out of 50000
  Number of SOSL queries: 0 out of 20
  Number of DML statements: 0 out of 150
  Number of DML rows: 0 out of 10000
  Maximum CPU time: 0 out of 60000
  Maximum heap size: 0 out of 12000000
  Number of callouts: 0 out of 0
  Number of Email Invocations: 0 out of 10
  Number of future calls: 0 out of 0
  Number of queueable jobs added to the queue: 0 out of 1
  Number of Mobile Apex push calls: 0 out of 10

11:42:15.868 (868057703)|LIMIT_USAGE_FOR_NS|Centify|
  Number of SOQL queries: 0 out of 200
  Number of query rows: 0 out of 50000
  Number of SOSL queries: 0 out of 20
  Number of DML statements: 0 out of 150
  Number of DML rows: 0 out of 10000
  Maximum CPU time: 0 out of 60000
  Maximum heap size: 0 out of 12000000
  Number of callouts: 0 out of 0
  Number of Email Invocations: 0 out of 10
  Number of future calls: 0 out of 0
  Number of queueable jobs added to the queue: 0 out of 1
  Number of Mobile Apex push calls: 0 out of 10

11:42:15.868 (868057703)|CUMULATIVE_LIMIT_USAGE_END

