37.0 APEX_CODE,FINEST;APEX_PROFILING,INFO;CALLOUT,INFO;DB,INFO;NBA,INFO;SYSTEM,DEBUG;VALIDATION,INFO;VISUALFORCE,INFO;WAVE,INFO;WORKFLOW,INFO
17:11:15.26 (26331011)|ENTERING_MANAGED_PKG|Centify
17:11:15.26 (28175585)|ENTERING_MANAGED_PKG|Centify
17:11:15.26 (28247794)|ENTERING_MANAGED_PKG|Centify
17:11:15.26 (29021215)|ENTERING_MANAGED_PKG|Centify
17:11:15.26 (29118191)|ENTERING_MANAGED_PKG|Centify
17:11:15.26 (30082474)|ENTERING_MANAGED_PKG|Centify
17:11:15.26 (30444369)|ENTERING_MANAGED_PKG|Centify
17:11:15.26 (30475613)|ENTERING_MANAGED_PKG|Centify
17:11:15.26 (30578816)|ENTERING_MANAGED_PKG|Centify
17:11:15.26 (30630302)|ENTERING_MANAGED_PKG|Centify
17:11:15.26 (30687269)|ENTERING_MANAGED_PKG|Centify
17:11:15.26 (30727712)|ENTERING_MANAGED_PKG|Centify
17:11:15.26 (30756266)|ENTERING_MANAGED_PKG|Centify
17:11:15.26 (31028095)|ENTERING_MANAGED_PKG|Centify
17:11:15.26 (84809674)|ENTERING_MANAGED_PKG|Centify
17:11:15.26 (84893950)|ENTERING_MANAGED_PKG|Centify
17:11:15.26 (85019957)|ENTERING_MANAGED_PKG|Centify
17:11:15.26 (85070840)|ENTERING_MANAGED_PKG|Centify
17:11:15.26 (329775505)|ENTERING_MANAGED_PKG|Centify
17:11:15.26 (445521215)|ENTERING_MANAGED_PKG|Centify
17:11:15.26 (506075919)|ENTERING_MANAGED_PKG|Centify
17:11:15.26 (506152452)|ENTERING_MANAGED_PKG|Centify
17:11:15.26 (506291168)|ENTERING_MANAGED_PKG|Centify
17:11:15.26 (506338738)|ENTERING_MANAGED_PKG|Centify
17:11:15.26 (506410914)|ENTERING_MANAGED_PKG|Centify
17:11:15.26 (555775206)|ENTERING_MANAGED_PKG|Centify
17:11:15.26 (577156171)|ENTERING_MANAGED_PKG|Centify
17:11:15.26 (577252269)|ENTERING_MANAGED_PKG|Centify
17:11:15.26 (577371308)|ENTERING_MANAGED_PKG|Centify
17:11:15.26 (577413487)|ENTERING_MANAGED_PKG|Centify
17:11:15.26 (577484672)|ENTERING_MANAGED_PKG|Centify
17:11:15.26 (627914637)|ENTERING_MANAGED_PKG|Centify
17:11:15.26 (646671975)|ENTERING_MANAGED_PKG|Centify
17:11:15.26 (646734149)|ENTERING_MANAGED_PKG|Centify
17:11:15.26 (646818133)|ENTERING_MANAGED_PKG|Centify
17:11:15.26 (646854289)|ENTERING_MANAGED_PKG|Centify
17:11:15.26 (646921137)|ENTERING_MANAGED_PKG|Centify
17:11:15.26 (684229038)|ENTERING_MANAGED_PKG|Centify
17:11:15.26 (710478360)|ENTERING_MANAGED_PKG|Centify
17:11:15.26 (710556918)|ENTERING_MANAGED_PKG|Centify
17:11:15.26 (710664284)|ENTERING_MANAGED_PKG|Centify
17:11:15.26 (710709288)|ENTERING_MANAGED_PKG|Centify
17:11:15.26 (710797943)|ENTERING_MANAGED_PKG|Centify
17:11:15.26 (759208497)|ENTERING_MANAGED_PKG|Centify
17:11:15.26 (775892209)|ENTERING_MANAGED_PKG|Centify
17:11:15.26 (775956536)|ENTERING_MANAGED_PKG|Centify
17:11:15.26 (776042898)|ENTERING_MANAGED_PKG|Centify
17:11:15.26 (776079452)|ENTERING_MANAGED_PKG|Centify
17:11:15.26 (776148274)|ENTERING_MANAGED_PKG|Centify
17:11:15.26 (812311173)|ENTERING_MANAGED_PKG|Centify
17:11:15.26 (829111179)|ENTERING_MANAGED_PKG|Centify
17:11:15.26 (829172600)|ENTERING_MANAGED_PKG|Centify
17:11:15.26 (829264513)|ENTERING_MANAGED_PKG|Centify
17:11:15.26 (829301624)|ENTERING_MANAGED_PKG|Centify
17:11:15.26 (829369793)|ENTERING_MANAGED_PKG|Centify
17:11:15.26 (864421331)|ENTERING_MANAGED_PKG|Centify
17:11:15.26 (880905451)|ENTERING_MANAGED_PKG|Centify
17:11:15.26 (880964658)|ENTERING_MANAGED_PKG|Centify
17:11:15.26 (881048292)|ENTERING_MANAGED_PKG|Centify
17:11:15.26 (881084890)|ENTERING_MANAGED_PKG|Centify
17:11:15.26 (881152399)|ENTERING_MANAGED_PKG|Centify
17:11:15.26 (916408434)|ENTERING_MANAGED_PKG|Centify
17:11:15.26 (932567604)|ENTERING_MANAGED_PKG|Centify
17:11:15.26 (932621705)|ENTERING_MANAGED_PKG|Centify
17:11:15.26 (932703908)|ENTERING_MANAGED_PKG|Centify
17:11:15.26 (932739258)|ENTERING_MANAGED_PKG|Centify
17:11:15.26 (932806987)|ENTERING_MANAGED_PKG|Centify
17:11:15.26 (968347586)|ENTERING_MANAGED_PKG|Centify
17:11:15.26 (985044387)|ENTERING_MANAGED_PKG|Centify
17:11:15.26 (985107475)|ENTERING_MANAGED_PKG|Centify
17:11:15.26 (985194402)|ENTERING_MANAGED_PKG|Centify
17:11:15.26 (985237038)|ENTERING_MANAGED_PKG|Centify
17:11:15.26 (985306593)|ENTERING_MANAGED_PKG|Centify
17:11:16.72 (1072550562)|ENTERING_MANAGED_PKG|Centify
17:11:16.72 (1094787041)|ENTERING_MANAGED_PKG|Centify
17:11:16.72 (1094848724)|ENTERING_MANAGED_PKG|Centify
17:11:16.72 (1094935329)|ENTERING_MANAGED_PKG|Centify
17:11:16.72 (1094971088)|ENTERING_MANAGED_PKG|Centify
17:11:16.72 (1095039897)|ENTERING_MANAGED_PKG|Centify
17:11:16.72 (1139691356)|ENTERING_MANAGED_PKG|Centify
17:11:16.72 (1157664206)|ENTERING_MANAGED_PKG|Centify
17:11:16.72 (1157727939)|ENTERING_MANAGED_PKG|Centify
17:11:16.72 (1157815025)|ENTERING_MANAGED_PKG|Centify
17:11:16.72 (1157851164)|ENTERING_MANAGED_PKG|Centify
17:11:16.72 (1157921468)|ENTERING_MANAGED_PKG|Centify
17:11:16.72 (1196349450)|ENTERING_MANAGED_PKG|Centify
17:11:16.72 (1196419051)|ENTERING_MANAGED_PKG|Centify
17:11:16.72 (1196546656)|ENTERING_MANAGED_PKG|Centify
17:11:16.72 (1196578381)|ENTERING_MANAGED_PKG|Centify
17:11:16.72 (1196728833)|ENTERING_MANAGED_PKG|Centify
17:11:16.72 (1196771604)|ENTERING_MANAGED_PKG|Centify
17:11:16.72 (1196807888)|ENTERING_MANAGED_PKG|Centify
17:11:16.72 (1198072675)|ENTERING_MANAGED_PKG|Centify
17:11:16.72 (1198162458)|ENTERING_MANAGED_PKG|Centify
17:11:16.72 (1209577088)|ENTERING_MANAGED_PKG|Centify
17:11:16.72 (1209664022)|ENTERING_MANAGED_PKG|Centify
17:11:16.72 (1209764807)|ENTERING_MANAGED_PKG|Centify
17:11:16.72 (1210515630)|ENTERING_MANAGED_PKG|Centify
17:11:16.72 (1211438088)|SOQL_EXECUTE_BEGIN|[16]|Aggregations:0|select id,lastmodifieddate,isdeleted,salesperson__c,has_gtm_code_been_sent_to_client__c,are_all_possible_extensions_setup__c,status__c,product_type__c,ownerid,createddate,name,management_price__c from Sign_Up__c where LastModifiedDate >2018-11-21T07:01:10Z AND LastModifiedDate < 2018-11-21T07:11:21Z AND (  Management_Price__c > 0.00)  ORDER BY SystemModStamp DESC LIMIT 5000  ALL ROWS
17:11:16.72 (1217540867)|SOQL_EXECUTE_END|[16]|Rows:1
17:11:16.244 (1244949995)|CUMULATIVE_LIMIT_USAGE
17:11:16.244 (1244949995)|LIMIT_USAGE_FOR_NS|(default)|
  Number of SOQL queries: 0 out of 200
  Number of query rows: 0 out of 50000
  Number of SOSL queries: 0 out of 20
  Number of DML statements: 0 out of 150
  Number of DML rows: 0 out of 10000
  Maximum CPU time: 0 out of 60000
  Maximum heap size: 0 out of 12000000
  Number of callouts: 0 out of 0
  Number of Email Invocations: 0 out of 10
  Number of future calls: 0 out of 0
  Number of queueable jobs added to the queue: 0 out of 1
  Number of Mobile Apex push calls: 0 out of 10

17:11:16.244 (1244949995)|LIMIT_USAGE_FOR_NS|Centify|
  Number of SOQL queries: 0 out of 200
  Number of query rows: 0 out of 50000
  Number of SOSL queries: 0 out of 20
  Number of DML statements: 0 out of 150
  Number of DML rows: 0 out of 10000
  Maximum CPU time: 0 out of 60000
  Maximum heap size: 0 out of 12000000
  Number of callouts: 0 out of 0
  Number of Email Invocations: 0 out of 10
  Number of future calls: 0 out of 0
  Number of queueable jobs added to the queue: 0 out of 1
  Number of Mobile Apex push calls: 0 out of 10

17:11:16.244 (1244949995)|CUMULATIVE_LIMIT_USAGE_END

