37.0 APEX_CODE,FINEST;APEX_PROFILING,INFO;CALLOUT,INFO;DB,INFO;NBA,INFO;SYSTEM,DEBUG;VALIDATION,INFO;VISUALFORCE,INFO;WAVE,INFO;WORKFLOW,INFO
17:26:10.15 (15766929)|ENTERING_MANAGED_PKG|Centify
17:26:10.15 (16641907)|ENTERING_MANAGED_PKG|Centify
17:26:10.15 (16682446)|ENTERING_MANAGED_PKG|Centify
17:26:10.15 (16837499)|ENTERING_MANAGED_PKG|Centify
17:26:10.15 (16890822)|ENTERING_MANAGED_PKG|Centify
17:26:10.15 (17571498)|ENTERING_MANAGED_PKG|Centify
17:26:10.15 (17848349)|ENTERING_MANAGED_PKG|Centify
17:26:10.15 (17874182)|ENTERING_MANAGED_PKG|Centify
17:26:10.15 (17949945)|ENTERING_MANAGED_PKG|Centify
17:26:10.15 (17990318)|ENTERING_MANAGED_PKG|Centify
17:26:10.15 (18019259)|ENTERING_MANAGED_PKG|Centify
17:26:10.15 (18039487)|ENTERING_MANAGED_PKG|Centify
17:26:10.15 (18055530)|ENTERING_MANAGED_PKG|Centify
17:26:10.15 (18221750)|ENTERING_MANAGED_PKG|Centify
17:26:10.15 (55398200)|ENTERING_MANAGED_PKG|Centify
17:26:10.15 (55480093)|ENTERING_MANAGED_PKG|Centify
17:26:10.15 (55600390)|ENTERING_MANAGED_PKG|Centify
17:26:10.15 (55642462)|ENTERING_MANAGED_PKG|Centify
17:26:10.15 (215011790)|ENTERING_MANAGED_PKG|Centify
17:26:10.15 (272359647)|ENTERING_MANAGED_PKG|Centify
17:26:10.15 (288547737)|ENTERING_MANAGED_PKG|Centify
17:26:10.15 (288634796)|ENTERING_MANAGED_PKG|Centify
17:26:10.15 (288731911)|ENTERING_MANAGED_PKG|Centify
17:26:10.15 (288768180)|ENTERING_MANAGED_PKG|Centify
17:26:10.15 (288834060)|ENTERING_MANAGED_PKG|Centify
17:26:10.15 (323378506)|ENTERING_MANAGED_PKG|Centify
17:26:10.15 (341067099)|ENTERING_MANAGED_PKG|Centify
17:26:10.15 (341123558)|ENTERING_MANAGED_PKG|Centify
17:26:10.15 (341199504)|ENTERING_MANAGED_PKG|Centify
17:26:10.15 (341232024)|ENTERING_MANAGED_PKG|Centify
17:26:10.15 (341293079)|ENTERING_MANAGED_PKG|Centify
17:26:10.15 (376025682)|ENTERING_MANAGED_PKG|Centify
17:26:10.15 (395399789)|ENTERING_MANAGED_PKG|Centify
17:26:10.15 (395458996)|ENTERING_MANAGED_PKG|Centify
17:26:10.15 (395540303)|ENTERING_MANAGED_PKG|Centify
17:26:10.15 (395574091)|ENTERING_MANAGED_PKG|Centify
17:26:10.15 (395667032)|ENTERING_MANAGED_PKG|Centify
17:26:10.15 (432519237)|ENTERING_MANAGED_PKG|Centify
17:26:10.15 (451361829)|ENTERING_MANAGED_PKG|Centify
17:26:10.15 (451443931)|ENTERING_MANAGED_PKG|Centify
17:26:10.15 (451564607)|ENTERING_MANAGED_PKG|Centify
17:26:10.15 (451617016)|ENTERING_MANAGED_PKG|Centify
17:26:10.15 (451718249)|ENTERING_MANAGED_PKG|Centify
17:26:10.15 (489478747)|ENTERING_MANAGED_PKG|Centify
17:26:10.15 (513384144)|ENTERING_MANAGED_PKG|Centify
17:26:10.15 (513447447)|ENTERING_MANAGED_PKG|Centify
17:26:10.15 (513545886)|ENTERING_MANAGED_PKG|Centify
17:26:10.15 (513591953)|ENTERING_MANAGED_PKG|Centify
17:26:10.15 (513682019)|ENTERING_MANAGED_PKG|Centify
17:26:10.15 (557851222)|ENTERING_MANAGED_PKG|Centify
17:26:10.15 (572456692)|ENTERING_MANAGED_PKG|Centify
17:26:10.15 (572499179)|ENTERING_MANAGED_PKG|Centify
17:26:10.15 (572566340)|ENTERING_MANAGED_PKG|Centify
17:26:10.15 (572596215)|ENTERING_MANAGED_PKG|Centify
17:26:10.15 (572655242)|ENTERING_MANAGED_PKG|Centify
17:26:10.15 (598883774)|ENTERING_MANAGED_PKG|Centify
17:26:10.15 (614092921)|ENTERING_MANAGED_PKG|Centify
17:26:10.15 (614144188)|ENTERING_MANAGED_PKG|Centify
17:26:10.15 (614231850)|ENTERING_MANAGED_PKG|Centify
17:26:10.15 (614288226)|ENTERING_MANAGED_PKG|Centify
17:26:10.15 (614387353)|ENTERING_MANAGED_PKG|Centify
17:26:10.15 (657167162)|ENTERING_MANAGED_PKG|Centify
17:26:10.15 (672148293)|ENTERING_MANAGED_PKG|Centify
17:26:10.15 (672199896)|ENTERING_MANAGED_PKG|Centify
17:26:10.15 (672282245)|ENTERING_MANAGED_PKG|Centify
17:26:10.15 (672336145)|ENTERING_MANAGED_PKG|Centify
17:26:10.15 (672413036)|ENTERING_MANAGED_PKG|Centify
17:26:10.15 (706190733)|ENTERING_MANAGED_PKG|Centify
17:26:10.15 (718820783)|ENTERING_MANAGED_PKG|Centify
17:26:10.15 (718862505)|ENTERING_MANAGED_PKG|Centify
17:26:10.15 (718942242)|ENTERING_MANAGED_PKG|Centify
17:26:10.15 (718976761)|ENTERING_MANAGED_PKG|Centify
17:26:10.15 (719045659)|ENTERING_MANAGED_PKG|Centify
17:26:10.15 (751148698)|ENTERING_MANAGED_PKG|Centify
17:26:10.15 (763828073)|ENTERING_MANAGED_PKG|Centify
17:26:10.15 (763870742)|ENTERING_MANAGED_PKG|Centify
17:26:10.15 (763948927)|ENTERING_MANAGED_PKG|Centify
17:26:10.15 (763984376)|ENTERING_MANAGED_PKG|Centify
17:26:10.15 (764053930)|ENTERING_MANAGED_PKG|Centify
17:26:10.15 (795538000)|ENTERING_MANAGED_PKG|Centify
17:26:10.15 (808577994)|ENTERING_MANAGED_PKG|Centify
17:26:10.15 (808620509)|ENTERING_MANAGED_PKG|Centify
17:26:10.15 (808688786)|ENTERING_MANAGED_PKG|Centify
17:26:10.15 (808719180)|ENTERING_MANAGED_PKG|Centify
17:26:10.15 (808777285)|ENTERING_MANAGED_PKG|Centify
17:26:10.15 (835437787)|ENTERING_MANAGED_PKG|Centify
17:26:10.15 (835491498)|ENTERING_MANAGED_PKG|Centify
17:26:10.15 (835601723)|ENTERING_MANAGED_PKG|Centify
17:26:10.15 (835628005)|ENTERING_MANAGED_PKG|Centify
17:26:10.15 (835759253)|ENTERING_MANAGED_PKG|Centify
17:26:10.15 (835794874)|ENTERING_MANAGED_PKG|Centify
17:26:10.15 (835825399)|ENTERING_MANAGED_PKG|Centify
17:26:10.15 (836062703)|ENTERING_MANAGED_PKG|Centify
17:26:10.15 (836132645)|ENTERING_MANAGED_PKG|Centify
17:26:10.15 (847213652)|ENTERING_MANAGED_PKG|Centify
17:26:10.15 (847304162)|ENTERING_MANAGED_PKG|Centify
17:26:10.15 (847402661)|ENTERING_MANAGED_PKG|Centify
17:26:10.15 (848039964)|ENTERING_MANAGED_PKG|Centify
17:26:10.15 (848923491)|SOQL_EXECUTE_BEGIN|[16]|Aggregations:0|select id,lastmodifieddate,isdeleted,salesperson__c,has_gtm_code_been_sent_to_client__c,are_all_possible_extensions_setup__c,status__c,product_type__c,ownerid,createddate,name,management_price__c from Sign_Up__c where LastModifiedDate >2018-11-21T07:16:08Z AND LastModifiedDate < 2018-11-21T07:26:16Z AND (  Management_Price__c > 0.00)  ORDER BY SystemModStamp DESC LIMIT 5000  ALL ROWS
17:26:10.15 (853416465)|SOQL_EXECUTE_END|[16]|Rows:0
17:26:10.881 (881814859)|CUMULATIVE_LIMIT_USAGE
17:26:10.881 (881814859)|LIMIT_USAGE_FOR_NS|(default)|
  Number of SOQL queries: 0 out of 200
  Number of query rows: 0 out of 50000
  Number of SOSL queries: 0 out of 20
  Number of DML statements: 0 out of 150
  Number of DML rows: 0 out of 10000
  Maximum CPU time: 0 out of 60000
  Maximum heap size: 0 out of 12000000
  Number of callouts: 0 out of 0
  Number of Email Invocations: 0 out of 10
  Number of future calls: 0 out of 0
  Number of queueable jobs added to the queue: 0 out of 1
  Number of Mobile Apex push calls: 0 out of 10

17:26:10.881 (881814859)|LIMIT_USAGE_FOR_NS|Centify|
  Number of SOQL queries: 0 out of 200
  Number of query rows: 0 out of 50000
  Number of SOSL queries: 0 out of 20
  Number of DML statements: 0 out of 150
  Number of DML rows: 0 out of 10000
  Maximum CPU time: 0 out of 60000
  Maximum heap size: 0 out of 12000000
  Number of callouts: 0 out of 0
  Number of Email Invocations: 0 out of 10
  Number of future calls: 0 out of 0
  Number of queueable jobs added to the queue: 0 out of 1
  Number of Mobile Apex push calls: 0 out of 10

17:26:10.881 (881814859)|CUMULATIVE_LIMIT_USAGE_END

