37.0 APEX_CODE,FINEST;APEX_PROFILING,INFO;CALLOUT,INFO;DB,INFO;NBA,INFO;SYSTEM,DEBUG;VALIDATION,INFO;VISUALFORCE,INFO;WAVE,INFO;WORKFLOW,INFO
19:03:09.24 (24986777)|ENTERING_MANAGED_PKG|Centify
19:03:09.24 (28426487)|ENTERING_MANAGED_PKG|Centify
19:03:09.24 (34272087)|ENTERING_MANAGED_PKG|Centify
19:03:09.24 (34389083)|ENTERING_MANAGED_PKG|Centify
19:03:09.24 (34502650)|ENTERING_MANAGED_PKG|Centify
19:03:09.24 (35108547)|ENTERING_MANAGED_PKG|Centify
19:03:09.24 (35332871)|ENTERING_MANAGED_PKG|Centify
19:03:09.24 (35361457)|ENTERING_MANAGED_PKG|Centify
19:03:09.24 (35436903)|ENTERING_MANAGED_PKG|Centify
19:03:09.24 (35484922)|ENTERING_MANAGED_PKG|Centify
19:03:09.24 (35520270)|ENTERING_MANAGED_PKG|Centify
19:03:09.24 (35541043)|ENTERING_MANAGED_PKG|Centify
19:03:09.24 (35557691)|ENTERING_MANAGED_PKG|Centify
19:03:09.24 (35723881)|ENTERING_MANAGED_PKG|Centify
19:03:09.24 (76611207)|ENTERING_MANAGED_PKG|Centify
19:03:09.24 (76732229)|ENTERING_MANAGED_PKG|Centify
19:03:09.24 (76864782)|ENTERING_MANAGED_PKG|Centify
19:03:09.24 (76916171)|ENTERING_MANAGED_PKG|Centify
19:03:09.24 (264941079)|ENTERING_MANAGED_PKG|Centify
19:03:09.24 (300501229)|ENTERING_MANAGED_PKG|Centify
19:03:09.24 (314136333)|ENTERING_MANAGED_PKG|Centify
19:03:09.24 (314188634)|ENTERING_MANAGED_PKG|Centify
19:03:09.24 (314262280)|ENTERING_MANAGED_PKG|Centify
19:03:09.24 (314294156)|ENTERING_MANAGED_PKG|Centify
19:03:09.24 (314354448)|ENTERING_MANAGED_PKG|Centify
19:03:09.24 (333192932)|ENTERING_MANAGED_PKG|Centify
19:03:09.24 (345837843)|ENTERING_MANAGED_PKG|Centify
19:03:09.24 (345881097)|ENTERING_MANAGED_PKG|Centify
19:03:09.24 (345951407)|ENTERING_MANAGED_PKG|Centify
19:03:09.24 (345980932)|ENTERING_MANAGED_PKG|Centify
19:03:09.24 (346043777)|ENTERING_MANAGED_PKG|Centify
19:03:09.24 (364052629)|ENTERING_MANAGED_PKG|Centify
19:03:09.24 (378043334)|ENTERING_MANAGED_PKG|Centify
19:03:09.24 (378094341)|ENTERING_MANAGED_PKG|Centify
19:03:09.24 (378173537)|ENTERING_MANAGED_PKG|Centify
19:03:09.24 (378204035)|ENTERING_MANAGED_PKG|Centify
19:03:09.24 (378262966)|ENTERING_MANAGED_PKG|Centify
19:03:09.24 (398803300)|ENTERING_MANAGED_PKG|Centify
19:03:09.24 (416157474)|ENTERING_MANAGED_PKG|Centify
19:03:09.24 (416222268)|ENTERING_MANAGED_PKG|Centify
19:03:09.24 (416305841)|ENTERING_MANAGED_PKG|Centify
19:03:09.24 (416338961)|ENTERING_MANAGED_PKG|Centify
19:03:09.24 (416402278)|ENTERING_MANAGED_PKG|Centify
19:03:09.24 (439284774)|ENTERING_MANAGED_PKG|Centify
19:03:09.24 (454014833)|ENTERING_MANAGED_PKG|Centify
19:03:09.24 (454070355)|ENTERING_MANAGED_PKG|Centify
19:03:09.24 (454152060)|ENTERING_MANAGED_PKG|Centify
19:03:09.24 (454197164)|ENTERING_MANAGED_PKG|Centify
19:03:09.24 (454291486)|ENTERING_MANAGED_PKG|Centify
19:03:09.24 (474652875)|ENTERING_MANAGED_PKG|Centify
19:03:09.24 (489709488)|ENTERING_MANAGED_PKG|Centify
19:03:09.24 (489768835)|ENTERING_MANAGED_PKG|Centify
19:03:09.24 (489856464)|ENTERING_MANAGED_PKG|Centify
19:03:09.24 (489893897)|ENTERING_MANAGED_PKG|Centify
19:03:09.24 (489956737)|ENTERING_MANAGED_PKG|Centify
19:03:09.24 (510825386)|ENTERING_MANAGED_PKG|Centify
19:03:09.24 (527771110)|ENTERING_MANAGED_PKG|Centify
19:03:09.24 (527824536)|ENTERING_MANAGED_PKG|Centify
19:03:09.24 (527900524)|ENTERING_MANAGED_PKG|Centify
19:03:09.24 (527934479)|ENTERING_MANAGED_PKG|Centify
19:03:09.24 (527997134)|ENTERING_MANAGED_PKG|Centify
19:03:09.24 (548849935)|ENTERING_MANAGED_PKG|Centify
19:03:09.24 (563426642)|ENTERING_MANAGED_PKG|Centify
19:03:09.24 (563478300)|ENTERING_MANAGED_PKG|Centify
19:03:09.24 (563552179)|ENTERING_MANAGED_PKG|Centify
19:03:09.24 (563583709)|ENTERING_MANAGED_PKG|Centify
19:03:09.24 (563645360)|ENTERING_MANAGED_PKG|Centify
19:03:09.24 (582641704)|ENTERING_MANAGED_PKG|Centify
19:03:09.24 (596455332)|ENTERING_MANAGED_PKG|Centify
19:03:09.24 (596509348)|ENTERING_MANAGED_PKG|Centify
19:03:09.24 (596602251)|ENTERING_MANAGED_PKG|Centify
19:03:09.24 (596641308)|ENTERING_MANAGED_PKG|Centify
19:03:09.24 (596707864)|ENTERING_MANAGED_PKG|Centify
19:03:09.24 (619998514)|ENTERING_MANAGED_PKG|Centify
19:03:09.24 (636068478)|ENTERING_MANAGED_PKG|Centify
19:03:09.24 (636127043)|ENTERING_MANAGED_PKG|Centify
19:03:09.24 (636245859)|ENTERING_MANAGED_PKG|Centify
19:03:09.24 (636296781)|ENTERING_MANAGED_PKG|Centify
19:03:09.24 (636401200)|ENTERING_MANAGED_PKG|Centify
19:03:09.24 (658463893)|ENTERING_MANAGED_PKG|Centify
19:03:09.24 (674260572)|ENTERING_MANAGED_PKG|Centify
19:03:09.24 (674312011)|ENTERING_MANAGED_PKG|Centify
19:03:09.24 (674388184)|ENTERING_MANAGED_PKG|Centify
19:03:09.24 (674420325)|ENTERING_MANAGED_PKG|Centify
19:03:09.24 (674480935)|ENTERING_MANAGED_PKG|Centify
19:03:09.24 (695044153)|ENTERING_MANAGED_PKG|Centify
19:03:09.24 (708881638)|ENTERING_MANAGED_PKG|Centify
19:03:09.24 (708936400)|ENTERING_MANAGED_PKG|Centify
19:03:09.24 (709010120)|ENTERING_MANAGED_PKG|Centify
19:03:09.24 (709042195)|ENTERING_MANAGED_PKG|Centify
19:03:09.24 (709108007)|ENTERING_MANAGED_PKG|Centify
19:03:09.24 (728162015)|ENTERING_MANAGED_PKG|Centify
19:03:09.24 (728226787)|ENTERING_MANAGED_PKG|Centify
19:03:09.24 (728367467)|ENTERING_MANAGED_PKG|Centify
19:03:09.24 (728408447)|ENTERING_MANAGED_PKG|Centify
19:03:09.24 (728446491)|ENTERING_MANAGED_PKG|Centify
19:03:09.24 (732774799)|ENTERING_MANAGED_PKG|Centify
19:03:09.24 (732856709)|ENTERING_MANAGED_PKG|Centify
19:03:09.24 (734326750)|ENTERING_MANAGED_PKG|Centify
19:03:09.24 (734391137)|ENTERING_MANAGED_PKG|Centify
19:03:09.24 (734475198)|ENTERING_MANAGED_PKG|Centify
19:03:09.24 (735014758)|ENTERING_MANAGED_PKG|Centify
19:03:09.24 (735804987)|SOQL_EXECUTE_BEGIN|[16]|Aggregations:0|select id,lastmodifieddate,isdeleted,audit_completed_date__c,audit_booked_date__c,assign_to__c,name,ownerid,status__c,lastactivitydate,opp_type__c,spinify_is_target__c,spinify_is_auditedthismonth__c from SLXOpportunity__c where LastModifiedDate >2018-09-28T05:53:54Z AND LastModifiedDate < 2018-09-28T09:03:15Z AND (  Spinify_Is_Target__c =true OR  Spinify_Is_AuditedThisMonth__c =true)  ORDER BY SystemModStamp DESC LIMIT 5000  ALL ROWS
19:03:09.24 (742872797)|SOQL_EXECUTE_END|[16]|Rows:0
19:03:09.776 (776129085)|CUMULATIVE_LIMIT_USAGE
19:03:09.776 (776129085)|LIMIT_USAGE_FOR_NS|(default)|
  Number of SOQL queries: 0 out of 200
  Number of query rows: 0 out of 50000
  Number of SOSL queries: 0 out of 20
  Number of DML statements: 0 out of 150
  Number of DML rows: 0 out of 10000
  Maximum CPU time: 0 out of 60000
  Maximum heap size: 0 out of 12000000
  Number of callouts: 0 out of 0
  Number of Email Invocations: 0 out of 10
  Number of future calls: 0 out of 0
  Number of queueable jobs added to the queue: 0 out of 1
  Number of Mobile Apex push calls: 0 out of 10

19:03:09.776 (776129085)|LIMIT_USAGE_FOR_NS|Centify|
  Number of SOQL queries: 0 out of 200
  Number of query rows: 0 out of 50000
  Number of SOSL queries: 0 out of 20
  Number of DML statements: 0 out of 150
  Number of DML rows: 0 out of 10000
  Maximum CPU time: 0 out of 60000
  Maximum heap size: 0 out of 12000000
  Number of callouts: 0 out of 0
  Number of Email Invocations: 0 out of 10
  Number of future calls: 0 out of 0
  Number of queueable jobs added to the queue: 0 out of 1
  Number of Mobile Apex push calls: 0 out of 10

19:03:09.776 (776129085)|CUMULATIVE_LIMIT_USAGE_END

