37.0 APEX_CODE,FINEST;APEX_PROFILING,INFO;CALLOUT,INFO;DB,INFO;NBA,INFO;SYSTEM,DEBUG;VALIDATION,INFO;VISUALFORCE,INFO;WAVE,INFO;WORKFLOW,INFO
17:01:14.0 (640893)|ENTERING_MANAGED_PKG|Centify
17:01:14.0 (3891379)|ENTERING_MANAGED_PKG|Centify
17:01:14.0 (3961860)|ENTERING_MANAGED_PKG|Centify
17:01:14.0 (6310181)|ENTERING_MANAGED_PKG|Centify
17:01:14.0 (6362520)|ENTERING_MANAGED_PKG|Centify
17:01:14.0 (6482275)|ENTERING_MANAGED_PKG|Centify
17:01:14.0 (8208045)|ENTERING_MANAGED_PKG|Centify
17:01:14.0 (8259690)|ENTERING_MANAGED_PKG|Centify
17:01:14.0 (8398772)|ENTERING_MANAGED_PKG|Centify
17:01:14.0 (8897075)|ENTERING_MANAGED_PKG|Centify
17:01:14.0 (9101089)|ENTERING_MANAGED_PKG|Centify
17:01:14.0 (9272298)|ENTERING_MANAGED_PKG|Centify
17:01:14.0 (9391306)|ENTERING_MANAGED_PKG|Centify
17:01:14.0 (9511724)|ENTERING_MANAGED_PKG|Centify
17:01:14.0 (9643902)|ENTERING_MANAGED_PKG|Centify
17:01:14.0 (9896969)|ENTERING_MANAGED_PKG|Centify
17:01:14.0 (13994354)|ENTERING_MANAGED_PKG|Centify
17:01:14.0 (14067734)|ENTERING_MANAGED_PKG|Centify
17:01:14.0 (14379016)|ENTERING_MANAGED_PKG|Centify
17:01:14.0 (14448320)|ENTERING_MANAGED_PKG|Centify
17:01:14.0 (14503448)|ENTERING_MANAGED_PKG|Centify
17:01:14.0 (16003504)|ENTERING_MANAGED_PKG|Centify
17:01:14.0 (16071682)|ENTERING_MANAGED_PKG|Centify
17:01:14.0 (18832873)|SOQL_EXECUTE_BEGIN|[363]|Aggregations:0|SELECT Id, Label, MasterLabel, DeveloperName, Endpoint__c, TimeOut__c FROM Endpoint_Setting__mdt LIMIT 50
17:01:14.0 (23909248)|SOQL_EXECUTE_END|[363]|Rows:23
17:01:14.0 (26136919)|ENTERING_MANAGED_PKG|Centify
17:01:14.0 (26659463)|ENTERING_MANAGED_PKG|Centify
17:01:14.0 (26701655)|ENTERING_MANAGED_PKG|Centify
17:01:14.0 (27157841)|ENTERING_MANAGED_PKG|Centify
17:01:14.0 (27201416)|ENTERING_MANAGED_PKG|Centify
17:01:14.0 (27241347)|ENTERING_MANAGED_PKG|Centify
17:01:14.0 (27265487)|ENTERING_MANAGED_PKG|Centify
17:01:14.0 (28134346)|ENTERING_MANAGED_PKG|Centify
17:01:14.0 (28198523)|ENTERING_MANAGED_PKG|Centify
17:01:14.0 (29166314)|ENTERING_MANAGED_PKG|Centify
17:01:14.0 (29214730)|ENTERING_MANAGED_PKG|Centify
17:01:14.0 (29260595)|ENTERING_MANAGED_PKG|Centify
17:01:14.0 (29303738)|ENTERING_MANAGED_PKG|Centify
17:01:14.0 (29381095)|ENTERING_MANAGED_PKG|Centify
17:01:14.0 (31691725)|ENTERING_MANAGED_PKG|Centify
17:01:14.0 (31817281)|ENTERING_MANAGED_PKG|Centify
17:01:14.0 (32475674)|ENTERING_MANAGED_PKG|Centify
17:01:17.106 (3106380680)|ENTERING_MANAGED_PKG|Centify
17:01:17.106 (3106920724)|ENTERING_MANAGED_PKG|Centify
17:01:17.106 (3109253112)|ENTERING_MANAGED_PKG|Centify
17:01:17.106 (3114813175)|ENTERING_MANAGED_PKG|Centify
17:01:17.106 (3114884051)|ENTERING_MANAGED_PKG|Centify
17:01:17.106 (3114980199)|ENTERING_MANAGED_PKG|Centify
17:01:17.106 (3115117111)|ENTERING_MANAGED_PKG|Centify
17:01:17.106 (3115347297)|ENTERING_MANAGED_PKG|Centify
17:01:17.106 (3115424636)|ENTERING_MANAGED_PKG|Centify
17:01:17.106 (3115533388)|ENTERING_MANAGED_PKG|Centify
17:01:17.106 (3115587981)|ENTERING_MANAGED_PKG|Centify
17:01:17.106 (3115685075)|ENTERING_MANAGED_PKG|Centify
17:01:17.106 (3115761132)|ENTERING_MANAGED_PKG|Centify
17:01:17.106 (3115856233)|ENTERING_MANAGED_PKG|Centify
17:01:17.106 (3116127279)|ENTERING_MANAGED_PKG|Centify
17:01:17.106 (3117886937)|DML_BEGIN|[146]|Op:Delete|Type:Centify__Notification__c|Rows:1
17:01:17.106 (3245093307)|DML_END|[146]
