37.0 APEX_CODE,FINEST;APEX_PROFILING,INFO;CALLOUT,INFO;DB,INFO;NBA,INFO;SYSTEM,DEBUG;VALIDATION,INFO;VISUALFORCE,INFO;WAVE,INFO;WORKFLOW,INFO
17:18:12.15 (15415925)|ENTERING_MANAGED_PKG|Centify
17:18:12.15 (16362654)|ENTERING_MANAGED_PKG|Centify
17:18:12.15 (16403159)|ENTERING_MANAGED_PKG|Centify
17:18:12.15 (16573516)|ENTERING_MANAGED_PKG|Centify
17:18:12.15 (16633891)|ENTERING_MANAGED_PKG|Centify
17:18:12.15 (17343587)|ENTERING_MANAGED_PKG|Centify
17:18:12.15 (17631636)|ENTERING_MANAGED_PKG|Centify
17:18:12.15 (17659905)|ENTERING_MANAGED_PKG|Centify
17:18:12.15 (17738172)|ENTERING_MANAGED_PKG|Centify
17:18:12.15 (17780031)|ENTERING_MANAGED_PKG|Centify
17:18:12.15 (17815304)|ENTERING_MANAGED_PKG|Centify
17:18:12.15 (17835688)|ENTERING_MANAGED_PKG|Centify
17:18:12.15 (17852127)|ENTERING_MANAGED_PKG|Centify
17:18:12.15 (18085844)|ENTERING_MANAGED_PKG|Centify
17:18:12.15 (59300894)|ENTERING_MANAGED_PKG|Centify
17:18:12.15 (59384928)|ENTERING_MANAGED_PKG|Centify
17:18:12.15 (59511127)|ENTERING_MANAGED_PKG|Centify
17:18:12.15 (59556946)|ENTERING_MANAGED_PKG|Centify
17:18:12.15 (220055569)|ENTERING_MANAGED_PKG|Centify
17:18:12.15 (264266514)|ENTERING_MANAGED_PKG|Centify
17:18:12.15 (278820170)|ENTERING_MANAGED_PKG|Centify
17:18:12.15 (278874859)|ENTERING_MANAGED_PKG|Centify
17:18:12.15 (278955520)|ENTERING_MANAGED_PKG|Centify
17:18:12.15 (278990862)|ENTERING_MANAGED_PKG|Centify
17:18:12.15 (279055402)|ENTERING_MANAGED_PKG|Centify
17:18:12.15 (307318429)|ENTERING_MANAGED_PKG|Centify
17:18:12.15 (342122609)|ENTERING_MANAGED_PKG|Centify
17:18:12.15 (342184205)|ENTERING_MANAGED_PKG|Centify
17:18:12.15 (342265624)|ENTERING_MANAGED_PKG|Centify
17:18:12.15 (342301639)|ENTERING_MANAGED_PKG|Centify
17:18:12.15 (342367299)|ENTERING_MANAGED_PKG|Centify
17:18:12.15 (371028417)|ENTERING_MANAGED_PKG|Centify
17:18:12.15 (387743634)|ENTERING_MANAGED_PKG|Centify
17:18:12.15 (387808784)|ENTERING_MANAGED_PKG|Centify
17:18:12.15 (387889665)|ENTERING_MANAGED_PKG|Centify
17:18:12.15 (387924797)|ENTERING_MANAGED_PKG|Centify
17:18:12.15 (387990790)|ENTERING_MANAGED_PKG|Centify
17:18:12.15 (419019842)|ENTERING_MANAGED_PKG|Centify
17:18:12.15 (436877967)|ENTERING_MANAGED_PKG|Centify
17:18:12.15 (436938209)|ENTERING_MANAGED_PKG|Centify
17:18:12.15 (437047857)|ENTERING_MANAGED_PKG|Centify
17:18:12.15 (437092469)|ENTERING_MANAGED_PKG|Centify
17:18:12.15 (437161691)|ENTERING_MANAGED_PKG|Centify
17:18:12.15 (469917137)|ENTERING_MANAGED_PKG|Centify
17:18:12.15 (490326764)|ENTERING_MANAGED_PKG|Centify
17:18:12.15 (490382605)|ENTERING_MANAGED_PKG|Centify
17:18:12.15 (490463545)|ENTERING_MANAGED_PKG|Centify
17:18:12.15 (490499426)|ENTERING_MANAGED_PKG|Centify
17:18:12.15 (490564640)|ENTERING_MANAGED_PKG|Centify
17:18:12.15 (528719170)|ENTERING_MANAGED_PKG|Centify
17:18:12.15 (550016919)|ENTERING_MANAGED_PKG|Centify
17:18:12.15 (550096660)|ENTERING_MANAGED_PKG|Centify
17:18:12.15 (550230234)|ENTERING_MANAGED_PKG|Centify
17:18:12.15 (550289483)|ENTERING_MANAGED_PKG|Centify
17:18:12.15 (550403361)|ENTERING_MANAGED_PKG|Centify
17:18:12.15 (584807109)|ENTERING_MANAGED_PKG|Centify
17:18:12.15 (605300828)|ENTERING_MANAGED_PKG|Centify
17:18:12.15 (605355243)|ENTERING_MANAGED_PKG|Centify
17:18:12.15 (605435371)|ENTERING_MANAGED_PKG|Centify
17:18:12.15 (605470758)|ENTERING_MANAGED_PKG|Centify
17:18:12.15 (605562043)|ENTERING_MANAGED_PKG|Centify
17:18:12.15 (639151980)|ENTERING_MANAGED_PKG|Centify
17:18:12.15 (661658459)|ENTERING_MANAGED_PKG|Centify
17:18:12.15 (661728891)|ENTERING_MANAGED_PKG|Centify
17:18:12.15 (661868190)|ENTERING_MANAGED_PKG|Centify
17:18:12.15 (661912277)|ENTERING_MANAGED_PKG|Centify
17:18:12.15 (661983246)|ENTERING_MANAGED_PKG|Centify
17:18:12.15 (691949666)|ENTERING_MANAGED_PKG|Centify
17:18:12.15 (710663257)|ENTERING_MANAGED_PKG|Centify
17:18:12.15 (710721835)|ENTERING_MANAGED_PKG|Centify
17:18:12.15 (710822565)|ENTERING_MANAGED_PKG|Centify
17:18:12.15 (710861749)|ENTERING_MANAGED_PKG|Centify
17:18:12.15 (710929595)|ENTERING_MANAGED_PKG|Centify
17:18:12.15 (740773185)|ENTERING_MANAGED_PKG|Centify
17:18:12.15 (740866676)|ENTERING_MANAGED_PKG|Centify
17:18:12.15 (741042742)|ENTERING_MANAGED_PKG|Centify
17:18:12.15 (741084927)|ENTERING_MANAGED_PKG|Centify
17:18:12.15 (741117585)|ENTERING_MANAGED_PKG|Centify
17:18:12.15 (741404785)|ENTERING_MANAGED_PKG|Centify
17:18:12.15 (741483416)|ENTERING_MANAGED_PKG|Centify
17:18:12.15 (742574809)|ENTERING_MANAGED_PKG|Centify
17:18:12.15 (742651514)|ENTERING_MANAGED_PKG|Centify
17:18:12.15 (742749603)|ENTERING_MANAGED_PKG|Centify
17:18:12.15 (743332129)|ENTERING_MANAGED_PKG|Centify
17:18:12.15 (744093911)|SOQL_EXECUTE_BEGIN|[16]|Aggregations:0|select id,lastmodifieddate,isdeleted,ownerid,status,whatid,activitydate,tasksubtype,isclosed,subject from Task where LastModifiedDate >2018-11-21T07:17:10Z AND LastModifiedDate < 2018-11-21T07:18:18Z AND (  Subject = 'Email' )  ORDER BY SystemModStamp DESC LIMIT 5000  ALL ROWS
17:18:12.15 (751766221)|SOQL_EXECUTE_END|[16]|Rows:0
17:18:12.776 (776113796)|CUMULATIVE_LIMIT_USAGE
17:18:12.776 (776113796)|LIMIT_USAGE_FOR_NS|(default)|
  Number of SOQL queries: 0 out of 200
  Number of query rows: 0 out of 50000
  Number of SOSL queries: 0 out of 20
  Number of DML statements: 0 out of 150
  Number of DML rows: 0 out of 10000
  Maximum CPU time: 0 out of 60000
  Maximum heap size: 0 out of 12000000
  Number of callouts: 0 out of 0
  Number of Email Invocations: 0 out of 10
  Number of future calls: 0 out of 0
  Number of queueable jobs added to the queue: 0 out of 1
  Number of Mobile Apex push calls: 0 out of 10

17:18:12.776 (776113796)|LIMIT_USAGE_FOR_NS|Centify|
  Number of SOQL queries: 0 out of 200
  Number of query rows: 0 out of 50000
  Number of SOSL queries: 0 out of 20
  Number of DML statements: 0 out of 150
  Number of DML rows: 0 out of 10000
  Maximum CPU time: 0 out of 60000
  Maximum heap size: 0 out of 12000000
  Number of callouts: 0 out of 0
  Number of Email Invocations: 0 out of 10
  Number of future calls: 0 out of 0
  Number of queueable jobs added to the queue: 0 out of 1
  Number of Mobile Apex push calls: 0 out of 10

17:18:12.776 (776113796)|CUMULATIVE_LIMIT_USAGE_END

