37.0 APEX_CODE,FINEST;APEX_PROFILING,INFO;CALLOUT,INFO;DB,INFO;NBA,INFO;SYSTEM,DEBUG;VALIDATION,INFO;VISUALFORCE,INFO;WAVE,INFO;WORKFLOW,INFO
11:44:43.16 (16558124)|ENTERING_MANAGED_PKG|Centify
11:44:43.16 (19447770)|ENTERING_MANAGED_PKG|Centify
11:44:43.16 (23723643)|ENTERING_MANAGED_PKG|Centify
11:44:43.16 (23827394)|ENTERING_MANAGED_PKG|Centify
11:44:43.16 (23877358)|ENTERING_MANAGED_PKG|Centify
11:44:43.16 (23944336)|ENTERING_MANAGED_PKG|Centify
11:44:43.16 (23968482)|ENTERING_MANAGED_PKG|Centify
11:44:43.16 (24025348)|ENTERING_MANAGED_PKG|Centify
11:44:43.16 (24051575)|ENTERING_MANAGED_PKG|Centify
11:44:43.16 (24127001)|ENTERING_MANAGED_PKG|Centify
11:44:43.16 (24191924)|ENTERING_MANAGED_PKG|Centify
11:44:43.16 (28358490)|SOQL_EXECUTE_BEGIN|[19]|Aggregations:0|SELECT Id, OrganizationType FROM Organization LIMIT 1
11:44:43.16 (31678090)|SOQL_EXECUTE_END|[19]|Rows:1
11:44:43.16 (33882292)|ENTERING_MANAGED_PKG|Centify
11:44:43.16 (33966085)|ENTERING_MANAGED_PKG|Centify
11:44:43.16 (34137181)|ENTERING_MANAGED_PKG|Centify
11:44:43.16 (34214289)|ENTERING_MANAGED_PKG|Centify
11:44:43.16 (34726701)|ENTERING_MANAGED_PKG|Centify
11:44:43.16 (34785030)|ENTERING_MANAGED_PKG|Centify
11:44:43.16 (34895680)|ENTERING_MANAGED_PKG|Centify
11:44:43.16 (34976549)|ENTERING_MANAGED_PKG|Centify
11:44:43.16 (37732515)|SOQL_EXECUTE_BEGIN|[95]|Aggregations:0|SELECT MAX(Last_Sync_Time__c) maxDT FROM Salesforce_Sync_Settings__c
11:44:43.16 (40172452)|SOQL_EXECUTE_END|[95]|Rows:1
11:44:43.16 (40453727)|ENTERING_MANAGED_PKG|Centify
11:44:43.16 (40510371)|ENTERING_MANAGED_PKG|Centify
11:44:43.16 (45738871)|ENTERING_MANAGED_PKG|Centify
11:44:43.16 (45829713)|ENTERING_MANAGED_PKG|Centify
11:44:43.16 (47847147)|SOQL_EXECUTE_BEGIN|[84]|Aggregations:0|SELECT COUNT() FROM Notification__c WHERE ((Number_Of_Attempts__c = NULL OR Number_Of_Attempts__c < :tmpVar1) AND (CreatedDate = TODAY OR LastModifiedDate = TODAY)) LIMIT 25000
11:44:43.16 (59065241)|SOQL_EXECUTE_END|[84]|Rows:0
11:44:43.16 (59627039)|ENTERING_MANAGED_PKG|Centify
11:44:43.16 (59720261)|ENTERING_MANAGED_PKG|Centify
11:44:43.16 (59815293)|ENTERING_MANAGED_PKG|Centify
11:44:43.16 (59893746)|ENTERING_MANAGED_PKG|Centify
11:44:43.16 (59992434)|ENTERING_MANAGED_PKG|Centify
11:44:43.16 (63333687)|SOQL_EXECUTE_BEGIN|[366]|Aggregations:0|SELECT Id, Label, MasterLabel, DeveloperName, Endpoint__c, TimeOut__c FROM Endpoint_Setting__mdt LIMIT 50
11:44:43.16 (72529119)|SOQL_EXECUTE_END|[366]|Rows:24
11:44:43.16 (74838987)|ENTERING_MANAGED_PKG|Centify
11:44:43.16 (74930666)|ENTERING_MANAGED_PKG|Centify
11:44:43.16 (76853431)|ENTERING_MANAGED_PKG|Centify
11:44:43.16 (76889332)|ENTERING_MANAGED_PKG|Centify
11:44:43.16 (80191749)|ENTERING_MANAGED_PKG|Centify
11:44:43.16 (83097269)|ENTERING_MANAGED_PKG|Centify
11:44:43.16 (83154664)|ENTERING_MANAGED_PKG|Centify
11:44:43.16 (83196694)|ENTERING_MANAGED_PKG|Centify
11:44:43.16 (83934424)|ENTERING_MANAGED_PKG|Centify
11:44:43.16 (84005631)|ENTERING_MANAGED_PKG|Centify
11:44:43.16 (84059216)|ENTERING_MANAGED_PKG|Centify
11:44:43.16 (87850428)|ENTERING_MANAGED_PKG|Centify
11:44:43.16 (87906589)|ENTERING_MANAGED_PKG|Centify
11:44:43.16 (87957787)|ENTERING_MANAGED_PKG|Centify
11:44:43.16 (88005287)|ENTERING_MANAGED_PKG|Centify
11:44:43.16 (88081984)|ENTERING_MANAGED_PKG|Centify
11:44:43.16 (90357994)|ENTERING_MANAGED_PKG|Centify
11:44:43.16 (90459748)|ENTERING_MANAGED_PKG|Centify
11:44:43.16 (91143572)|ENTERING_MANAGED_PKG|Centify
11:44:43.16 (329575978)|ENTERING_MANAGED_PKG|Centify
11:44:43.347 (347262675)|CUMULATIVE_LIMIT_USAGE
11:44:43.347 (347262675)|LIMIT_USAGE_FOR_NS|(default)|
  Number of SOQL queries: 0 out of 200
  Number of query rows: 0 out of 50000
  Number of SOSL queries: 0 out of 20
  Number of DML statements: 0 out of 150
  Number of DML rows: 0 out of 10000
  Maximum CPU time: 0 out of 60000
  Maximum heap size: 0 out of 12000000
  Number of callouts: 0 out of 0
  Number of Email Invocations: 0 out of 10
  Number of future calls: 0 out of 0
  Number of queueable jobs added to the queue: 0 out of 1
  Number of Mobile Apex push calls: 0 out of 10

11:44:43.347 (347262675)|LIMIT_USAGE_FOR_NS|Centify|
  Number of SOQL queries: 0 out of 200
  Number of query rows: 0 out of 50000
  Number of SOSL queries: 0 out of 20
  Number of DML statements: 0 out of 150
  Number of DML rows: 0 out of 10000
  Maximum CPU time: 0 out of 60000
  Maximum heap size: 0 out of 12000000
  Number of callouts: 0 out of 0
  Number of Email Invocations: 0 out of 10
  Number of future calls: 0 out of 0
  Number of queueable jobs added to the queue: 0 out of 1
  Number of Mobile Apex push calls: 0 out of 10

11:44:43.347 (347262675)|CUMULATIVE_LIMIT_USAGE_END

