31.0 APEX_CODE,FINEST;APEX_PROFILING,INFO;CALLOUT,INFO;DB,INFO;NBA,INFO;SYSTEM,DEBUG;VALIDATION,INFO;VISUALFORCE,INFO;WAVE,INFO;WORKFLOW,INFO
16:58:30.0 (454459)|USER_INFO|[EXTERNAL]|00590000000Vmmq|ben@bjbglobal.com.au|Australian Eastern Standard Time|GMT+10:00
16:58:30.0 (508527)|EXECUTION_STARTED
16:58:30.0 (514963)|CODE_UNIT_STARTED|[EXTERNAL]|TRIGGERS
16:58:30.0 (558908)|CODE_UNIT_STARTED|[EXTERNAL]|01q6F000000DhRF|TaskBeforeUpdate on Task trigger event BeforeUpdate|__sfdc_trigger/TaskBeforeUpdate
16:58:30.0 (617172)|HEAP_ALLOCATE|[EXTERNAL]|Bytes:8
16:58:30.0 (685546)|HEAP_ALLOCATE|[EXTERNAL]|Bytes:8
16:58:30.0 (1514823)|HEAP_ALLOCATE|[72]|Bytes:3
16:58:30.0 (1567174)|HEAP_ALLOCATE|[77]|Bytes:152
16:58:30.0 (1593580)|HEAP_ALLOCATE|[342]|Bytes:408
16:58:30.0 (1616120)|HEAP_ALLOCATE|[355]|Bytes:408
16:58:30.0 (1636889)|HEAP_ALLOCATE|[467]|Bytes:48
16:58:30.0 (1675537)|HEAP_ALLOCATE|[139]|Bytes:6
16:58:30.0 (1720068)|HEAP_ALLOCATE|[EXTERNAL]|Bytes:4
16:58:30.0 (1733792)|VARIABLE_SCOPE_BEGIN|[10]|this|TaskBeforeUpdate|true|false
16:58:30.0 (1798189)|VARIABLE_ASSIGNMENT|[10]|this|{}|0x3f46f49e
16:58:30.0 (1879904)|HEAP_ALLOCATE|[EXTERNAL]|Bytes:4
16:58:30.0 (1891603)|VARIABLE_SCOPE_BEGIN|[10]|this|TaskBeforeUpdate|true|false
16:58:30.0 (1914043)|VARIABLE_ASSIGNMENT|[10]|this|{}|0x3f46f49e
16:58:30.0 (1926175)|STATEMENT_EXECUTE|[10]
16:58:30.1 (1932176)|CUMULATIVE_LIMIT_USAGE
16:58:30.1 (1932176)|LIMIT_USAGE_FOR_NS|(default)|
  Number of SOQL queries: 0 out of 100
  Number of query rows: 0 out of 50000
  Number of SOSL queries: 0 out of 20
  Number of DML statements: 0 out of 150
  Number of DML rows: 0 out of 10000
  Maximum CPU time: 0 out of 10000
  Maximum heap size: 0 out of 6000000
  Number of callouts: 0 out of 100
  Number of Email Invocations: 0 out of 10
  Number of future calls: 0 out of 50
  Number of queueable jobs added to the queue: 0 out of 50
  Number of Mobile Apex push calls: 0 out of 10

16:58:30.1 (1932176)|CUMULATIVE_LIMIT_USAGE_END

16:58:30.0 (2879911)|CODE_UNIT_FINISHED|TaskBeforeUpdate on Task trigger event BeforeUpdate|__sfdc_trigger/TaskBeforeUpdate
16:58:30.0 (7490537)|CODE_UNIT_STARTED|[EXTERNAL]|Validation:Task:00T6F00004pvRwL
16:58:30.0 (7511266)|VALIDATION_RULE|03d6F000000qFaO|Finish_all_call_monitor_field
16:58:30.0 (8221123)|VALIDATION_FORMULA|AND(!ISBLANK(Monitored_By__c),
    OR(ISBLANK( TEXT(CM_advised_what_will_happen_next__c)),
       ISBLANK( TEXT(Allow_customer_to_present_concerns__c) ),
       ISBLANK( TEXT(Communication_is_clear_positive_confiden__c) ),
       ISBLANK( TEXT(Demonstrate_active_listening__c )),
       ISBLANK( TEXT(Gave_correct_answers_and_infomations__c) ),
       ISBLANK( TEXT(Mirrors_clients_talking_behaviour__c) ) ))|CM_advised_what_will_happen_next__c=null , Demonstrate_active_listening__c=null , Communication_is_clear_positive_confiden__c=null , Allow_customer_to_present_concerns__c=null , Gave_correct_answers_and_infomations__c=null , Mirrors_clients_talking_behaviour__c=null , Monitored_By__c=null
16:58:30.0 (8246028)|VALIDATION_PASS
16:58:30.0 (8250196)|VALIDATION_RULE|03d900000009JbB|Interac_Quality_Must_Be_Between_1_and_10
16:58:30.0 (8381988)|VALIDATION_FORMULA|NVMContactWorld__InteractionQuality__c < 1  &#124;&#124;  NVMContactWorld__InteractionQuality__c > 10|NVMContactWorld__InteractionQuality__c=null
16:58:30.0 (8397491)|VALIDATION_PASS
16:58:30.0 (8656755)|CODE_UNIT_FINISHED|Validation:Task:00T6F00004pvRwL
16:58:30.0 (40083257)|CODE_UNIT_STARTED|[EXTERNAL]|Workflow:Task
16:58:30.0 (53778739)|WF_RULE_EVAL_BEGIN|Workflow
16:58:30.0 (53822246)|WF_CRITERIA_BEGIN|[Task:  00T6F00004pvRwL]|Update Call Monitor Details|01Q6F0000002Tdt|ON_CREATE_OR_TRIGGERING_UPDATE|0
16:58:30.0 (56677420)|WF_RULE_FILTER|[Task : Monitored By not equal to ]
16:58:30.0 (56692110)|WF_RULE_EVAL_VALUE|
16:58:30.0 (56696055)|WF_CRITERIA_END|false
16:58:30.0 (56707733)|WF_CRITERIA_BEGIN|[Task:  00T6F00004pvRwL]|Update_Callback_Request_Due_Date3016F0000005i0e|01Q6F0000019gyq|ON_CREATE_ONLY|0
16:58:30.0 (56718639)|WF_RULE_NOT_EVALUATED
16:58:30.0 (56723819)|WF_CRITERIA_BEGIN|[Task:  00T6F00004pvRwL]|Call Back Request From LinX|01Q6F000001EY2L|ON_CREATE_OR_TRIGGERING_UPDATE|0
16:58:30.0 (56787433)|WF_RULE_FILTER|[Task : Subject equals Callback Request]
16:58:30.0 (56796520)|WF_RULE_EVAL_VALUE|Outbound call to +64211036683
16:58:30.0 (56800701)|WF_CRITERIA_END|false
16:58:30.0 (56807377)|WF_CRITERIA_BEGIN|[Task:  00T6F00004pvRwL]|Call_Monitor3016F00000054R3|01Q6F000000oOu7|ON_ALL_CHANGES|0
16:58:30.0 (56915294)|WF_FORMULA|Formula:ENCODED:[treatNullAsNull]true|Values:
16:58:30.0 (56922751)|WF_CRITERIA_END|true
16:58:30.0 (57579327)|WF_SPOOL_ACTION_BEGIN|Workflow
16:58:30.0 (57604699)|WF_ACTION| Flow Trigger: 1;
16:58:30.0 (57608969)|WF_RULE_EVAL_END
16:58:30.0 (58540120)|WF_FLOW_ACTION_BEGIN|09L6F000000PGTV
16:58:30.59 (59752767)|FLOW_CREATE_INTERVIEW_BEGIN|00D90000000IJSa|3006F0000008usA|3016F00000054R3
16:58:30.59 (60525162)|FLOW_CREATE_INTERVIEW_END|1854b2b09cff31096e8044831a80165898d9378-43f4|Call Monitoring
16:58:30.60 (60888860)|FLOW_START_INTERVIEWS_BEGIN|1
16:58:30.60 (60907357)|FLOW_START_INTERVIEW_BEGIN|1854b2b09cff31096e8044831a80165898d9378-43f4|Call Monitoring
16:58:30.60 (70562975)|FLOW_START_INTERVIEW_END|1854b2b09cff31096e8044831a80165898d9378-43f4|Call Monitoring
16:58:30.60 (70588087)|FLOW_START_INTERVIEWS_END|1
16:58:30.0 (71897315)|WF_FLOW_ACTION_END|09L6F000000PGTV
16:58:30.0 (72022716)|WF_ACTIONS_END| Flow Trigger: 1;
16:58:30.0 (72033307)|CODE_UNIT_FINISHED|Workflow:Task
16:58:30.0 (85037420)|CODE_UNIT_FINISHED|TRIGGERS
16:58:30.0 (85053248)|EXECUTION_FINISHED
