37.0 APEX_CODE,FINEST;APEX_PROFILING,INFO;CALLOUT,INFO;DB,INFO;NBA,INFO;SYSTEM,DEBUG;VALIDATION,INFO;VISUALFORCE,INFO;WAVE,INFO;WORKFLOW,INFO
16:57:32.14 (14782233)|ENTERING_MANAGED_PKG|Centify
16:57:32.14 (18373000)|ENTERING_MANAGED_PKG|Centify
16:57:32.14 (22023023)|ENTERING_MANAGED_PKG|Centify
16:57:32.14 (22160427)|ENTERING_MANAGED_PKG|Centify
16:57:32.14 (22207604)|ENTERING_MANAGED_PKG|Centify
16:57:32.14 (22274577)|ENTERING_MANAGED_PKG|Centify
16:57:32.14 (22309674)|ENTERING_MANAGED_PKG|Centify
16:57:32.14 (22368757)|ENTERING_MANAGED_PKG|Centify
16:57:32.14 (22393034)|ENTERING_MANAGED_PKG|Centify
16:57:32.14 (22465932)|ENTERING_MANAGED_PKG|Centify
16:57:32.14 (22528840)|ENTERING_MANAGED_PKG|Centify
16:57:32.14 (27324432)|SOQL_EXECUTE_BEGIN|[19]|Aggregations:0|SELECT Id, OrganizationType FROM Organization LIMIT 1
16:57:32.14 (33528538)|SOQL_EXECUTE_END|[19]|Rows:1
16:57:32.14 (36687737)|ENTERING_MANAGED_PKG|Centify
16:57:32.14 (36777420)|ENTERING_MANAGED_PKG|Centify
16:57:32.14 (36924038)|ENTERING_MANAGED_PKG|Centify
16:57:32.14 (36985930)|ENTERING_MANAGED_PKG|Centify
16:57:32.14 (37393979)|ENTERING_MANAGED_PKG|Centify
16:57:32.14 (37432032)|ENTERING_MANAGED_PKG|Centify
16:57:32.14 (37519799)|ENTERING_MANAGED_PKG|Centify
16:57:32.14 (37580653)|ENTERING_MANAGED_PKG|Centify
16:57:32.14 (39175603)|SOQL_EXECUTE_BEGIN|[95]|Aggregations:0|SELECT MAX(Last_Sync_Time__c) maxDT FROM Salesforce_Sync_Settings__c
16:57:32.14 (41624749)|SOQL_EXECUTE_END|[95]|Rows:1
16:57:32.14 (42057300)|ENTERING_MANAGED_PKG|Centify
16:57:32.14 (42149360)|ENTERING_MANAGED_PKG|Centify
16:57:32.14 (46435309)|ENTERING_MANAGED_PKG|Centify
16:57:32.14 (46521164)|ENTERING_MANAGED_PKG|Centify
16:57:32.14 (48273573)|SOQL_EXECUTE_BEGIN|[84]|Aggregations:0|SELECT COUNT() FROM Notification__c WHERE ((Number_Of_Attempts__c = NULL OR Number_Of_Attempts__c < :tmpVar1) AND (CreatedDate = TODAY OR LastModifiedDate = TODAY)) LIMIT 25000
16:57:32.14 (60771471)|SOQL_EXECUTE_END|[84]|Rows:0
16:57:32.14 (60869993)|ENTERING_MANAGED_PKG|Centify
16:57:32.14 (60933039)|ENTERING_MANAGED_PKG|Centify
16:57:32.14 (60993830)|ENTERING_MANAGED_PKG|Centify
16:57:32.14 (61043143)|ENTERING_MANAGED_PKG|Centify
16:57:32.14 (61108764)|ENTERING_MANAGED_PKG|Centify
16:57:32.14 (63701707)|SOQL_EXECUTE_BEGIN|[363]|Aggregations:0|SELECT Id, Label, MasterLabel, DeveloperName, Endpoint__c, TimeOut__c FROM Endpoint_Setting__mdt LIMIT 50
16:57:32.14 (69177778)|SOQL_EXECUTE_END|[363]|Rows:23
16:57:32.14 (70703853)|ENTERING_MANAGED_PKG|Centify
16:57:32.14 (70770961)|ENTERING_MANAGED_PKG|Centify
16:57:32.14 (72251165)|ENTERING_MANAGED_PKG|Centify
16:57:32.14 (72288007)|ENTERING_MANAGED_PKG|Centify
16:57:32.14 (75358988)|ENTERING_MANAGED_PKG|Centify
16:57:32.14 (78080704)|ENTERING_MANAGED_PKG|Centify
16:57:32.14 (78139650)|ENTERING_MANAGED_PKG|Centify
16:57:32.14 (78183804)|ENTERING_MANAGED_PKG|Centify
16:57:32.14 (78912674)|ENTERING_MANAGED_PKG|Centify
16:57:32.14 (78988558)|ENTERING_MANAGED_PKG|Centify
16:57:32.14 (79043456)|ENTERING_MANAGED_PKG|Centify
16:57:32.14 (83027154)|ENTERING_MANAGED_PKG|Centify
16:57:32.14 (83082384)|ENTERING_MANAGED_PKG|Centify
16:57:32.14 (83134802)|ENTERING_MANAGED_PKG|Centify
16:57:32.14 (83186452)|ENTERING_MANAGED_PKG|Centify
16:57:32.14 (83275721)|ENTERING_MANAGED_PKG|Centify
16:57:32.14 (85839274)|ENTERING_MANAGED_PKG|Centify
16:57:32.14 (85949533)|ENTERING_MANAGED_PKG|Centify
16:57:32.14 (86627439)|ENTERING_MANAGED_PKG|Centify
16:57:32.14 (336557355)|ENTERING_MANAGED_PKG|Centify
16:57:32.350 (350351759)|CUMULATIVE_LIMIT_USAGE
16:57:32.350 (350351759)|LIMIT_USAGE_FOR_NS|(default)|
  Number of SOQL queries: 0 out of 200
  Number of query rows: 0 out of 50000
  Number of SOSL queries: 0 out of 20
  Number of DML statements: 0 out of 150
  Number of DML rows: 0 out of 10000
  Maximum CPU time: 0 out of 60000
  Maximum heap size: 0 out of 12000000
  Number of callouts: 0 out of 0
  Number of Email Invocations: 0 out of 10
  Number of future calls: 0 out of 0
  Number of queueable jobs added to the queue: 0 out of 1
  Number of Mobile Apex push calls: 0 out of 10

16:57:32.350 (350351759)|LIMIT_USAGE_FOR_NS|Centify|
  Number of SOQL queries: 0 out of 200
  Number of query rows: 0 out of 50000
  Number of SOSL queries: 0 out of 20
  Number of DML statements: 0 out of 150
  Number of DML rows: 0 out of 10000
  Maximum CPU time: 0 out of 60000
  Maximum heap size: 0 out of 12000000
  Number of callouts: 0 out of 0
  Number of Email Invocations: 0 out of 10
  Number of future calls: 0 out of 0
  Number of queueable jobs added to the queue: 0 out of 1
  Number of Mobile Apex push calls: 0 out of 10

16:57:32.350 (350351759)|CUMULATIVE_LIMIT_USAGE_END

