37.0 APEX_CODE,FINEST;APEX_PROFILING,INFO;CALLOUT,INFO;DB,INFO;NBA,INFO;SYSTEM,DEBUG;VALIDATION,INFO;VISUALFORCE,INFO;WAVE,INFO;WORKFLOW,INFO
11:44:18.24 (24862477)|ENTERING_MANAGED_PKG|Centify
11:44:18.24 (29901568)|ENTERING_MANAGED_PKG|Centify
11:44:18.24 (39025386)|ENTERING_MANAGED_PKG|Centify
11:44:18.24 (39203593)|ENTERING_MANAGED_PKG|Centify
11:44:18.24 (39348877)|ENTERING_MANAGED_PKG|Centify
11:44:18.24 (40228103)|ENTERING_MANAGED_PKG|Centify
11:44:18.24 (40529893)|ENTERING_MANAGED_PKG|Centify
11:44:18.24 (40562509)|ENTERING_MANAGED_PKG|Centify
11:44:18.24 (40652884)|ENTERING_MANAGED_PKG|Centify
11:44:18.24 (40709699)|ENTERING_MANAGED_PKG|Centify
11:44:18.24 (40751155)|ENTERING_MANAGED_PKG|Centify
11:44:18.24 (40774690)|ENTERING_MANAGED_PKG|Centify
11:44:18.24 (40793916)|ENTERING_MANAGED_PKG|Centify
11:44:18.24 (41023652)|ENTERING_MANAGED_PKG|Centify
11:44:18.24 (90576044)|ENTERING_MANAGED_PKG|Centify
11:44:18.24 (90688019)|ENTERING_MANAGED_PKG|Centify
11:44:18.24 (90864158)|ENTERING_MANAGED_PKG|Centify
11:44:18.24 (90954350)|ENTERING_MANAGED_PKG|Centify
11:44:18.24 (323146437)|ENTERING_MANAGED_PKG|Centify
11:44:18.24 (384212563)|ENTERING_MANAGED_PKG|Centify
11:44:18.24 (399683091)|ENTERING_MANAGED_PKG|Centify
11:44:18.24 (399742396)|ENTERING_MANAGED_PKG|Centify
11:44:18.24 (399826990)|ENTERING_MANAGED_PKG|Centify
11:44:18.24 (399862638)|ENTERING_MANAGED_PKG|Centify
11:44:18.24 (399931626)|ENTERING_MANAGED_PKG|Centify
11:44:18.24 (440664550)|ENTERING_MANAGED_PKG|Centify
11:44:18.24 (457308264)|ENTERING_MANAGED_PKG|Centify
11:44:18.24 (457368309)|ENTERING_MANAGED_PKG|Centify
11:44:18.24 (457454221)|ENTERING_MANAGED_PKG|Centify
11:44:18.24 (457489508)|ENTERING_MANAGED_PKG|Centify
11:44:18.24 (457557319)|ENTERING_MANAGED_PKG|Centify
11:44:18.24 (496942405)|ENTERING_MANAGED_PKG|Centify
11:44:18.24 (513583781)|ENTERING_MANAGED_PKG|Centify
11:44:18.24 (513638492)|ENTERING_MANAGED_PKG|Centify
11:44:18.24 (513720734)|ENTERING_MANAGED_PKG|Centify
11:44:18.24 (513755566)|ENTERING_MANAGED_PKG|Centify
11:44:18.24 (513824140)|ENTERING_MANAGED_PKG|Centify
11:44:18.24 (552952915)|ENTERING_MANAGED_PKG|Centify
11:44:18.24 (569671390)|ENTERING_MANAGED_PKG|Centify
11:44:18.24 (569729868)|ENTERING_MANAGED_PKG|Centify
11:44:18.24 (569814554)|ENTERING_MANAGED_PKG|Centify
11:44:18.24 (569848369)|ENTERING_MANAGED_PKG|Centify
11:44:18.24 (569915483)|ENTERING_MANAGED_PKG|Centify
11:44:18.24 (609504258)|ENTERING_MANAGED_PKG|Centify
11:44:18.24 (625868562)|ENTERING_MANAGED_PKG|Centify
11:44:18.24 (625925719)|ENTERING_MANAGED_PKG|Centify
11:44:18.24 (626006703)|ENTERING_MANAGED_PKG|Centify
11:44:18.24 (626040781)|ENTERING_MANAGED_PKG|Centify
11:44:18.24 (626134273)|ENTERING_MANAGED_PKG|Centify
11:44:18.24 (670563244)|ENTERING_MANAGED_PKG|Centify
11:44:18.24 (687253203)|ENTERING_MANAGED_PKG|Centify
11:44:18.24 (687607439)|ENTERING_MANAGED_PKG|Centify
11:44:18.24 (700087760)|ENTERING_MANAGED_PKG|Centify
11:44:18.24 (700181075)|ENTERING_MANAGED_PKG|Centify
11:44:18.24 (702347323)|ENTERING_MANAGED_PKG|Centify
11:44:18.24 (702417808)|ENTERING_MANAGED_PKG|Centify
11:44:18.24 (702483829)|ENTERING_MANAGED_PKG|Centify
11:44:18.24 (702578839)|ENTERING_MANAGED_PKG|Centify
11:44:18.24 (706222223)|SOQL_EXECUTE_BEGIN|[19]|Aggregations:0|SELECT Id, OrganizationType FROM Organization LIMIT 1
11:44:18.24 (709973619)|SOQL_EXECUTE_END|[19]|Rows:1
11:44:18.24 (728087299)|ENTERING_MANAGED_PKG|Centify
11:44:18.24 (742016332)|ENTERING_MANAGED_PKG|Centify
11:44:18.24 (742080266)|ENTERING_MANAGED_PKG|Centify
11:44:18.24 (742173873)|ENTERING_MANAGED_PKG|Centify
11:44:18.24 (742213379)|ENTERING_MANAGED_PKG|Centify
11:44:18.24 (742290511)|ENTERING_MANAGED_PKG|Centify
11:44:18.24 (783111765)|ENTERING_MANAGED_PKG|Centify
11:44:18.24 (799815786)|ENTERING_MANAGED_PKG|Centify
11:44:18.24 (799872290)|ENTERING_MANAGED_PKG|Centify
11:44:18.24 (799956896)|ENTERING_MANAGED_PKG|Centify
11:44:18.24 (799993376)|ENTERING_MANAGED_PKG|Centify
11:44:18.24 (800068419)|ENTERING_MANAGED_PKG|Centify
11:44:18.24 (839310196)|ENTERING_MANAGED_PKG|Centify
11:44:18.24 (839384529)|ENTERING_MANAGED_PKG|Centify
11:44:18.24 (839553227)|ENTERING_MANAGED_PKG|Centify
11:44:18.24 (839600751)|ENTERING_MANAGED_PKG|Centify
11:44:18.24 (839645219)|ENTERING_MANAGED_PKG|Centify
11:44:18.24 (844452687)|ENTERING_MANAGED_PKG|Centify
11:44:18.24 (844549485)|ENTERING_MANAGED_PKG|Centify
11:44:18.24 (854735018)|ENTERING_MANAGED_PKG|Centify
11:44:18.24 (854904504)|ENTERING_MANAGED_PKG|Centify
11:44:18.24 (855684055)|ENTERING_MANAGED_PKG|Centify
11:44:18.24 (856482538)|SOQL_EXECUTE_BEGIN|[16]|Aggregations:0|select id,lastmodifieddate,isdeleted,createddate,industry,type,name,ownerid from Account where LastModifiedDate >2018-10-23T01:42:26Z AND LastModifiedDate < 2018-10-23T01:44:23Z  ORDER BY SystemModStamp DESC LIMIT 5000  ALL ROWS
11:44:18.24 (863736159)|SOQL_EXECUTE_END|[16]|Rows:0
11:44:18.891 (891502725)|CUMULATIVE_LIMIT_USAGE
11:44:18.891 (891502725)|LIMIT_USAGE_FOR_NS|(default)|
  Number of SOQL queries: 0 out of 200
  Number of query rows: 0 out of 50000
  Number of SOSL queries: 0 out of 20
  Number of DML statements: 0 out of 150
  Number of DML rows: 0 out of 10000
  Maximum CPU time: 0 out of 60000
  Maximum heap size: 0 out of 12000000
  Number of callouts: 0 out of 0
  Number of Email Invocations: 0 out of 10
  Number of future calls: 0 out of 0
  Number of queueable jobs added to the queue: 0 out of 1
  Number of Mobile Apex push calls: 0 out of 10

11:44:18.891 (891502725)|LIMIT_USAGE_FOR_NS|Centify|
  Number of SOQL queries: 0 out of 200
  Number of query rows: 0 out of 50000
  Number of SOSL queries: 0 out of 20
  Number of DML statements: 0 out of 150
  Number of DML rows: 0 out of 10000
  Maximum CPU time: 0 out of 60000
  Maximum heap size: 0 out of 12000000
  Number of callouts: 0 out of 0
  Number of Email Invocations: 0 out of 10
  Number of future calls: 0 out of 0
  Number of queueable jobs added to the queue: 0 out of 1
  Number of Mobile Apex push calls: 0 out of 10

11:44:18.891 (891502725)|CUMULATIVE_LIMIT_USAGE_END

