35.0 APEX_CODE,FINEST;APEX_PROFILING,INFO;CALLOUT,INFO;DB,INFO;NBA,INFO;SYSTEM,DEBUG;VALIDATION,INFO;VISUALFORCE,INFO;WAVE,INFO;WORKFLOW,INFO
18:38:47.27 (27781244)|ENTERING_MANAGED_PKG|NVMContactWorld
18:38:47.27 (27924181)|ENTERING_MANAGED_PKG|NVMContactWorld
18:38:47.27 (28161518)|ENTERING_MANAGED_PKG|NVMContactWorld
18:38:47.27 (28202621)|ENTERING_MANAGED_PKG|NVMContactWorld
18:38:47.27 (28633102)|ENTERING_MANAGED_PKG|NVMContactWorld
18:38:47.27 (30242116)|ENTERING_MANAGED_PKG|NVMContactWorld
18:38:47.27 (30279953)|ENTERING_MANAGED_PKG|NVMContactWorld
18:38:47.27 (31490807)|SOQL_EXECUTE_BEGIN|[47]|Aggregations:0|SELECT Id, MostRecentCall__c, MostRecentCallEventTimestamp__c, MostRecentCallIsActive__c, NVM_Agent_Id__c, NotesCollapsed__c FROM User WHERE Id = :tmpVar1
18:38:47.27 (37425644)|SOQL_EXECUTE_END|[47]|Rows:1
18:38:47.27 (37725897)|ENTERING_MANAGED_PKG|NVMContactWorld
18:38:47.27 (37822033)|ENTERING_MANAGED_PKG|NVMContactWorld
18:38:47.27 (37930801)|ENTERING_MANAGED_PKG|NVMContactWorld
18:38:47.27 (37989492)|ENTERING_MANAGED_PKG|NVMContactWorld
18:38:47.27 (38058736)|ENTERING_MANAGED_PKG|NVMContactWorld
18:38:47.27 (38188327)|ENTERING_MANAGED_PKG|NVMContactWorld
18:38:47.27 (40443987)|ENTERING_MANAGED_PKG|NVMContactWorld
18:38:47.27 (40494049)|ENTERING_MANAGED_PKG|NVMContactWorld
18:38:47.27 (42302474)|ENTERING_MANAGED_PKG|NVMContactWorld
18:38:47.27 (44761058)|ENTERING_MANAGED_PKG|NVMContactWorld
18:38:47.27 (44827164)|ENTERING_MANAGED_PKG|NVMContactWorld
18:38:47.27 (44916937)|ENTERING_MANAGED_PKG|NVMContactWorld
18:38:47.27 (44952903)|ENTERING_MANAGED_PKG|NVMContactWorld
18:38:47.27 (45559497)|ENTERING_MANAGED_PKG|NVMContactWorld
18:38:47.27 (47744373)|ENTERING_MANAGED_PKG|NVMContactWorld
18:38:47.27 (48031225)|ENTERING_MANAGED_PKG|NVMContactWorld
18:38:47.27 (48086062)|ENTERING_MANAGED_PKG|NVMContactWorld
18:38:47.27 (48878898)|ENTERING_MANAGED_PKG|NVMContactWorld
18:38:47.27 (48973061)|ENTERING_MANAGED_PKG|NVMContactWorld
18:38:47.27 (49171519)|ENTERING_MANAGED_PKG|NVMContactWorld
18:38:47.27 (49398474)|ENTERING_MANAGED_PKG|NVMContactWorld
18:38:47.27 (49467535)|ENTERING_MANAGED_PKG|NVMContactWorld
18:38:47.27 (49632549)|ENTERING_MANAGED_PKG|NVMContactWorld
18:38:47.27 (49694560)|ENTERING_MANAGED_PKG|NVMContactWorld
18:38:47.27 (676222234)|ENTERING_MANAGED_PKG|NVMContactWorld
18:38:47.27 (676340214)|ENTERING_MANAGED_PKG|NVMContactWorld
18:38:47.27 (676468949)|ENTERING_MANAGED_PKG|NVMContactWorld
18:38:47.27 (677432550)|ENTERING_MANAGED_PKG|NVMContactWorld
18:38:47.27 (679210978)|ENTERING_MANAGED_PKG|NVMContactWorld
18:38:47.27 (679263762)|ENTERING_MANAGED_PKG|NVMContactWorld
18:38:47.27 (679305948)|ENTERING_MANAGED_PKG|NVMContactWorld
18:38:47.27 (679349760)|ENTERING_MANAGED_PKG|NVMContactWorld
18:38:47.27 (679391268)|ENTERING_MANAGED_PKG|NVMContactWorld
18:38:47.27 (679429912)|ENTERING_MANAGED_PKG|NVMContactWorld
18:38:47.27 (679498131)|ENTERING_MANAGED_PKG|NVMContactWorld
18:38:47.27 (679563705)|ENTERING_MANAGED_PKG|NVMContactWorld
18:38:47.27 (679595525)|ENTERING_MANAGED_PKG|NVMContactWorld
18:38:47.27 (679641583)|ENTERING_MANAGED_PKG|NVMContactWorld
18:38:47.27 (679665101)|ENTERING_MANAGED_PKG|NVMContactWorld
18:38:47.27 (679700367)|ENTERING_MANAGED_PKG|NVMContactWorld
18:38:47.27 (679722373)|ENTERING_MANAGED_PKG|NVMContactWorld
18:38:47.27 (679749953)|ENTERING_MANAGED_PKG|NVMContactWorld
18:38:47.27 (684179508)|ENTERING_MANAGED_PKG|NVMContactWorld
18:38:47.27 (684203711)|ENTERING_MANAGED_PKG|NVMContactWorld
18:38:47.27 (684224500)|ENTERING_MANAGED_PKG|NVMContactWorld
18:38:47.27 (684236366)|ENTERING_MANAGED_PKG|NVMContactWorld
18:38:47.27 (684246745)|ENTERING_MANAGED_PKG|NVMContactWorld
18:38:47.27 (684277001)|ENTERING_MANAGED_PKG|NVMContactWorld
18:38:47.27 (684457633)|ENTERING_MANAGED_PKG|NVMContactWorld
18:38:47.27 (684478714)|ENTERING_MANAGED_PKG|NVMContactWorld
18:38:47.27 (684491524)|ENTERING_MANAGED_PKG|NVMContactWorld
18:38:47.27 (684502138)|ENTERING_MANAGED_PKG|NVMContactWorld
18:38:47.692 (692547736)|CUMULATIVE_LIMIT_USAGE
18:38:47.692 (692547736)|LIMIT_USAGE_FOR_NS|(default)|
  Number of SOQL queries: 0 out of 100
  Number of query rows: 0 out of 50000
  Number of SOSL queries: 0 out of 20
  Number of DML statements: 0 out of 150
  Number of DML rows: 0 out of 10000
  Maximum CPU time: 37 out of 10000
  Maximum heap size: 0 out of 6000000
  Number of callouts: 0 out of 100
  Number of Email Invocations: 0 out of 10
  Number of future calls: 0 out of 50
  Number of queueable jobs added to the queue: 0 out of 50
  Number of Mobile Apex push calls: 0 out of 10

18:38:47.692 (692547736)|LIMIT_USAGE_FOR_NS|NVMContactWorld|
  Number of SOQL queries: 1 out of 100
  Number of query rows: 1 out of 50000
  Number of SOSL queries: 0 out of 20
  Number of DML statements: 0 out of 150
  Number of DML rows: 0 out of 10000
  Maximum CPU time: 0 out of 10000
  Maximum heap size: 0 out of 6000000
  Number of callouts: 1 out of 100
  Number of Email Invocations: 0 out of 10
  Number of future calls: 0 out of 50
  Number of queueable jobs added to the queue: 0 out of 50
  Number of Mobile Apex push calls: 0 out of 10

18:38:47.692 (692547736)|CUMULATIVE_LIMIT_USAGE_END

