31.0 APEX_CODE,FINEST;APEX_PROFILING,INFO;CALLOUT,INFO;DB,INFO;NBA,INFO;SYSTEM,DEBUG;VALIDATION,INFO;VISUALFORCE,INFO;WAVE,INFO;WORKFLOW,INFO
17:00:32.0 (122172)|USER_INFO|[EXTERNAL]|00590000000Vmmq|ben@bjbglobal.com.au|Australian Eastern Standard Time|GMT+10:00
17:00:32.0 (163349)|EXECUTION_STARTED
17:00:32.0 (169015)|CODE_UNIT_STARTED|[EXTERNAL]|TRIGGERS
17:00:32.0 (201978)|CODE_UNIT_STARTED|[EXTERNAL]|01q6F000000DhRF|TaskBeforeUpdate on Task trigger event BeforeUpdate|__sfdc_trigger/TaskBeforeUpdate
17:00:32.0 (261562)|HEAP_ALLOCATE|[EXTERNAL]|Bytes:8
17:00:32.0 (311044)|HEAP_ALLOCATE|[EXTERNAL]|Bytes:8
17:00:32.0 (773265)|HEAP_ALLOCATE|[72]|Bytes:3
17:00:32.0 (822006)|HEAP_ALLOCATE|[77]|Bytes:152
17:00:32.0 (840318)|HEAP_ALLOCATE|[342]|Bytes:408
17:00:32.0 (856234)|HEAP_ALLOCATE|[355]|Bytes:408
17:00:32.0 (868465)|HEAP_ALLOCATE|[467]|Bytes:48
17:00:32.0 (899286)|HEAP_ALLOCATE|[139]|Bytes:6
17:00:32.0 (927663)|HEAP_ALLOCATE|[EXTERNAL]|Bytes:4
17:00:32.0 (939517)|VARIABLE_SCOPE_BEGIN|[10]|this|TaskBeforeUpdate|true|false
17:00:32.0 (988880)|VARIABLE_ASSIGNMENT|[10]|this|{}|0x34339101
17:00:32.0 (1055873)|HEAP_ALLOCATE|[EXTERNAL]|Bytes:4
17:00:32.0 (1065194)|VARIABLE_SCOPE_BEGIN|[10]|this|TaskBeforeUpdate|true|false
17:00:32.0 (1083418)|VARIABLE_ASSIGNMENT|[10]|this|{}|0x34339101
17:00:32.0 (1093047)|STATEMENT_EXECUTE|[10]
17:00:32.1 (1097523)|CUMULATIVE_LIMIT_USAGE
17:00:32.1 (1097523)|LIMIT_USAGE_FOR_NS|(default)|
  Number of SOQL queries: 0 out of 100
  Number of query rows: 0 out of 50000
  Number of SOSL queries: 0 out of 20
  Number of DML statements: 0 out of 150
  Number of DML rows: 0 out of 10000
  Maximum CPU time: 0 out of 10000
  Maximum heap size: 0 out of 6000000
  Number of callouts: 0 out of 100
  Number of Email Invocations: 0 out of 10
  Number of future calls: 0 out of 50
  Number of queueable jobs added to the queue: 0 out of 50
  Number of Mobile Apex push calls: 0 out of 10

17:00:32.1 (1097523)|CUMULATIVE_LIMIT_USAGE_END

17:00:32.0 (2469746)|CODE_UNIT_FINISHED|TaskBeforeUpdate on Task trigger event BeforeUpdate|__sfdc_trigger/TaskBeforeUpdate
17:00:32.0 (7130666)|CODE_UNIT_STARTED|[EXTERNAL]|Validation:Task:00T6F00004pvU6Q
17:00:32.0 (7146550)|VALIDATION_RULE|03d6F000000qFaO|Finish_all_call_monitor_field
17:00:32.0 (7636729)|VALIDATION_FORMULA|AND(!ISBLANK(Monitored_By__c),
    OR(ISBLANK( TEXT(CM_advised_what_will_happen_next__c)),
       ISBLANK( TEXT(Allow_customer_to_present_concerns__c) ),
       ISBLANK( TEXT(Communication_is_clear_positive_confiden__c) ),
       ISBLANK( TEXT(Demonstrate_active_listening__c )),
       ISBLANK( TEXT(Gave_correct_answers_and_infomations__c) ),
       ISBLANK( TEXT(Mirrors_clients_talking_behaviour__c) ) ))|CM_advised_what_will_happen_next__c=null , Demonstrate_active_listening__c=null , Communication_is_clear_positive_confiden__c=null , Allow_customer_to_present_concerns__c=null , Gave_correct_answers_and_infomations__c=null , Mirrors_clients_talking_behaviour__c=null , Monitored_By__c=null
17:00:32.0 (7659366)|VALIDATION_PASS
17:00:32.0 (7663592)|VALIDATION_RULE|03d900000009JbB|Interac_Quality_Must_Be_Between_1_and_10
17:00:32.0 (7748723)|VALIDATION_FORMULA|NVMContactWorld__InteractionQuality__c < 1  &#124;&#124;  NVMContactWorld__InteractionQuality__c > 10|NVMContactWorld__InteractionQuality__c=null
17:00:32.0 (7762808)|VALIDATION_PASS
17:00:32.0 (8015815)|CODE_UNIT_FINISHED|Validation:Task:00T6F00004pvU6Q
17:00:32.0 (26300464)|CODE_UNIT_STARTED|[EXTERNAL]|Workflow:Task
17:00:32.0 (40112981)|WF_RULE_EVAL_BEGIN|Workflow
17:00:32.0 (40155981)|WF_CRITERIA_BEGIN|[Task:  00T6F00004pvU6Q]|Update Call Monitor Details|01Q6F0000002Tdt|ON_CREATE_OR_TRIGGERING_UPDATE|0
17:00:32.0 (43039959)|WF_RULE_FILTER|[Task : Monitored By not equal to ]
17:00:32.0 (43053853)|WF_RULE_EVAL_VALUE|
17:00:32.0 (43058211)|WF_CRITERIA_END|false
17:00:32.0 (43070644)|WF_CRITERIA_BEGIN|[Task:  00T6F00004pvU6Q]|Update_Callback_Request_Due_Date3016F0000005i0e|01Q6F0000019gyq|ON_CREATE_ONLY|0
17:00:32.0 (43085643)|WF_RULE_NOT_EVALUATED
17:00:32.0 (43094059)|WF_CRITERIA_BEGIN|[Task:  00T6F00004pvU6Q]|Call Back Request From LinX|01Q6F000001EY2L|ON_CREATE_OR_TRIGGERING_UPDATE|0
17:00:32.0 (43158530)|WF_RULE_FILTER|[Task : Subject equals Callback Request]
17:00:32.0 (43170024)|WF_RULE_EVAL_VALUE|Outbound call to +61401538174
17:00:32.0 (43174272)|WF_CRITERIA_END|false
17:00:32.0 (43182802)|WF_CRITERIA_BEGIN|[Task:  00T6F00004pvU6Q]|Call_Monitor3016F00000054R3|01Q6F000000oOu7|ON_ALL_CHANGES|0
17:00:32.0 (43275863)|WF_FORMULA|Formula:ENCODED:[treatNullAsNull]true|Values:
17:00:32.0 (43283918)|WF_CRITERIA_END|true
17:00:32.0 (44110736)|WF_SPOOL_ACTION_BEGIN|Workflow
17:00:32.0 (44140747)|WF_ACTION| Flow Trigger: 1;
17:00:32.0 (44146499)|WF_RULE_EVAL_END
17:00:32.0 (45190078)|WF_FLOW_ACTION_BEGIN|09L6F000000PGTV
17:00:32.46 (46550580)|FLOW_CREATE_INTERVIEW_BEGIN|00D90000000IJSa|3006F0000008usA|3016F00000054R3
17:00:32.46 (47271599)|FLOW_CREATE_INTERVIEW_END|5656e70cecf2c6f7006570dd9b9316589969fe-8c0c|Call Monitoring
17:00:32.47 (47654037)|FLOW_START_INTERVIEWS_BEGIN|1
17:00:32.47 (47678549)|FLOW_START_INTERVIEW_BEGIN|5656e70cecf2c6f7006570dd9b9316589969fe-8c0c|Call Monitoring
17:00:32.47 (60342032)|FLOW_START_INTERVIEW_END|5656e70cecf2c6f7006570dd9b9316589969fe-8c0c|Call Monitoring
17:00:32.47 (60373134)|FLOW_START_INTERVIEWS_END|1
17:00:32.0 (61565268)|WF_FLOW_ACTION_END|09L6F000000PGTV
17:00:32.0 (61680795)|WF_ACTIONS_END| Flow Trigger: 1;
17:00:32.0 (61692293)|CODE_UNIT_FINISHED|Workflow:Task
17:00:32.0 (77713002)|CODE_UNIT_FINISHED|TRIGGERS
17:00:32.0 (77729690)|EXECUTION_FINISHED
