37.0 APEX_CODE,FINEST;APEX_PROFILING,INFO;CALLOUT,INFO;DB,INFO;NBA,INFO;SYSTEM,DEBUG;VALIDATION,INFO;VISUALFORCE,INFO;WAVE,INFO;WORKFLOW,INFO
11:38:03.32 (32032306)|ENTERING_MANAGED_PKG|Centify
11:38:03.32 (35625060)|ENTERING_MANAGED_PKG|Centify
11:38:03.32 (41941541)|ENTERING_MANAGED_PKG|Centify
11:38:03.32 (42111745)|ENTERING_MANAGED_PKG|Centify
11:38:03.32 (42253807)|ENTERING_MANAGED_PKG|Centify
11:38:03.32 (42863710)|ENTERING_MANAGED_PKG|Centify
11:38:03.32 (43211202)|ENTERING_MANAGED_PKG|Centify
11:38:03.32 (43240846)|ENTERING_MANAGED_PKG|Centify
11:38:03.32 (43329428)|ENTERING_MANAGED_PKG|Centify
11:38:03.32 (43376979)|ENTERING_MANAGED_PKG|Centify
11:38:03.32 (43411689)|ENTERING_MANAGED_PKG|Centify
11:38:03.32 (43432938)|ENTERING_MANAGED_PKG|Centify
11:38:03.32 (43450060)|ENTERING_MANAGED_PKG|Centify
11:38:03.32 (43617543)|ENTERING_MANAGED_PKG|Centify
11:38:03.32 (85887289)|ENTERING_MANAGED_PKG|Centify
11:38:03.32 (86012800)|ENTERING_MANAGED_PKG|Centify
11:38:03.32 (86138120)|ENTERING_MANAGED_PKG|Centify
11:38:03.32 (86185829)|ENTERING_MANAGED_PKG|Centify
11:38:03.32 (276894814)|ENTERING_MANAGED_PKG|Centify
11:38:03.32 (324495296)|ENTERING_MANAGED_PKG|Centify
11:38:03.32 (338537442)|ENTERING_MANAGED_PKG|Centify
11:38:03.32 (338602436)|ENTERING_MANAGED_PKG|Centify
11:38:03.32 (338693988)|ENTERING_MANAGED_PKG|Centify
11:38:03.32 (338727192)|ENTERING_MANAGED_PKG|Centify
11:38:03.32 (338789900)|ENTERING_MANAGED_PKG|Centify
11:38:03.32 (368840772)|ENTERING_MANAGED_PKG|Centify
11:38:03.32 (386824399)|ENTERING_MANAGED_PKG|Centify
11:38:03.32 (386875570)|ENTERING_MANAGED_PKG|Centify
11:38:03.32 (386947824)|ENTERING_MANAGED_PKG|Centify
11:38:03.32 (386979083)|ENTERING_MANAGED_PKG|Centify
11:38:03.32 (387040698)|ENTERING_MANAGED_PKG|Centify
11:38:03.32 (414743973)|ENTERING_MANAGED_PKG|Centify
11:38:03.32 (430444803)|ENTERING_MANAGED_PKG|Centify
11:38:03.32 (430496156)|ENTERING_MANAGED_PKG|Centify
11:38:03.32 (430568761)|ENTERING_MANAGED_PKG|Centify
11:38:03.32 (430598619)|ENTERING_MANAGED_PKG|Centify
11:38:03.32 (430659309)|ENTERING_MANAGED_PKG|Centify
11:38:03.32 (458534642)|ENTERING_MANAGED_PKG|Centify
11:38:03.32 (474829944)|ENTERING_MANAGED_PKG|Centify
11:38:03.32 (474895480)|ENTERING_MANAGED_PKG|Centify
11:38:03.32 (474974953)|ENTERING_MANAGED_PKG|Centify
11:38:03.32 (475016371)|ENTERING_MANAGED_PKG|Centify
11:38:03.32 (475108793)|ENTERING_MANAGED_PKG|Centify
11:38:03.32 (502833504)|ENTERING_MANAGED_PKG|Centify
11:38:03.32 (520466345)|ENTERING_MANAGED_PKG|Centify
11:38:03.32 (520540578)|ENTERING_MANAGED_PKG|Centify
11:38:03.32 (520619292)|ENTERING_MANAGED_PKG|Centify
11:38:03.32 (520650891)|ENTERING_MANAGED_PKG|Centify
11:38:03.32 (520714381)|ENTERING_MANAGED_PKG|Centify
11:38:03.32 (548622228)|ENTERING_MANAGED_PKG|Centify
11:38:03.32 (569436529)|ENTERING_MANAGED_PKG|Centify
11:38:03.32 (569492337)|ENTERING_MANAGED_PKG|Centify
11:38:03.32 (569569285)|ENTERING_MANAGED_PKG|Centify
11:38:03.32 (569599461)|ENTERING_MANAGED_PKG|Centify
11:38:03.32 (569662174)|ENTERING_MANAGED_PKG|Centify
11:38:03.32 (597694427)|ENTERING_MANAGED_PKG|Centify
11:38:03.32 (613839329)|ENTERING_MANAGED_PKG|Centify
11:38:03.32 (613889395)|ENTERING_MANAGED_PKG|Centify
11:38:03.32 (613962829)|ENTERING_MANAGED_PKG|Centify
11:38:03.32 (613994524)|ENTERING_MANAGED_PKG|Centify
11:38:03.32 (614057602)|ENTERING_MANAGED_PKG|Centify
11:38:03.32 (641003362)|ENTERING_MANAGED_PKG|Centify
11:38:03.32 (657441044)|ENTERING_MANAGED_PKG|Centify
11:38:03.32 (657493905)|ENTERING_MANAGED_PKG|Centify
11:38:03.32 (657569736)|ENTERING_MANAGED_PKG|Centify
11:38:03.32 (657602021)|ENTERING_MANAGED_PKG|Centify
11:38:03.32 (657665447)|ENTERING_MANAGED_PKG|Centify
11:38:03.32 (684296383)|ENTERING_MANAGED_PKG|Centify
11:38:03.32 (703872441)|ENTERING_MANAGED_PKG|Centify
11:38:03.32 (703936342)|ENTERING_MANAGED_PKG|Centify
11:38:03.32 (704040021)|ENTERING_MANAGED_PKG|Centify
11:38:03.32 (704087598)|ENTERING_MANAGED_PKG|Centify
11:38:03.32 (704173155)|ENTERING_MANAGED_PKG|Centify
11:38:03.32 (731967245)|ENTERING_MANAGED_PKG|Centify
11:38:03.32 (747713392)|ENTERING_MANAGED_PKG|Centify
11:38:03.32 (747762636)|ENTERING_MANAGED_PKG|Centify
11:38:03.32 (747843179)|ENTERING_MANAGED_PKG|Centify
11:38:03.32 (747879341)|ENTERING_MANAGED_PKG|Centify
11:38:03.32 (747952300)|ENTERING_MANAGED_PKG|Centify
11:38:03.32 (774484483)|ENTERING_MANAGED_PKG|Centify
11:38:03.32 (791123541)|ENTERING_MANAGED_PKG|Centify
11:38:03.32 (791179665)|ENTERING_MANAGED_PKG|Centify
11:38:03.32 (791263077)|ENTERING_MANAGED_PKG|Centify
11:38:03.32 (791299533)|ENTERING_MANAGED_PKG|Centify
11:38:03.32 (791371280)|ENTERING_MANAGED_PKG|Centify
11:38:03.32 (818433430)|ENTERING_MANAGED_PKG|Centify
11:38:03.32 (831845033)|ENTERING_MANAGED_PKG|Centify
11:38:03.32 (831894106)|ENTERING_MANAGED_PKG|Centify
11:38:03.32 (831972973)|ENTERING_MANAGED_PKG|Centify
11:38:03.32 (832009204)|ENTERING_MANAGED_PKG|Centify
11:38:03.32 (832085553)|ENTERING_MANAGED_PKG|Centify
11:38:03.32 (860117541)|ENTERING_MANAGED_PKG|Centify
11:38:03.32 (873924516)|ENTERING_MANAGED_PKG|Centify
11:38:03.32 (873969995)|ENTERING_MANAGED_PKG|Centify
11:38:03.32 (874050577)|ENTERING_MANAGED_PKG|Centify
11:38:03.32 (874092192)|ENTERING_MANAGED_PKG|Centify
11:38:03.32 (874163495)|ENTERING_MANAGED_PKG|Centify
11:38:03.32 (900758190)|ENTERING_MANAGED_PKG|Centify
11:38:03.32 (900836026)|ENTERING_MANAGED_PKG|Centify
11:38:03.32 (901015930)|ENTERING_MANAGED_PKG|Centify
11:38:03.32 (901066359)|ENTERING_MANAGED_PKG|Centify
11:38:03.32 (901118863)|ENTERING_MANAGED_PKG|Centify
11:38:03.32 (902400037)|ENTERING_MANAGED_PKG|Centify
11:38:03.32 (902481720)|ENTERING_MANAGED_PKG|Centify
11:38:03.32 (914315196)|ENTERING_MANAGED_PKG|Centify
11:38:03.32 (914395669)|ENTERING_MANAGED_PKG|Centify
11:38:03.32 (914478966)|ENTERING_MANAGED_PKG|Centify
11:38:03.32 (915148841)|ENTERING_MANAGED_PKG|Centify
11:38:03.32 (916069749)|SOQL_EXECUTE_BEGIN|[16]|Aggregations:0|select id,lastmodifieddate,isdeleted,call_duration_min__c,createddate,tasksubtype,isclosed,subject,ownerid,activitydate,status,whatid,calldurationinseconds,calltype from Task where LastModifiedDate >2018-10-23T01:37:12Z AND LastModifiedDate < 2018-10-23T01:38:09Z AND (   CallType = 'Outbound'  OR  CallType = 'Inbound'  )  ORDER BY SystemModStamp DESC LIMIT 5000  ALL ROWS
11:38:03.32 (923351229)|SOQL_EXECUTE_END|[16]|Rows:1
11:38:03.956 (956445062)|CUMULATIVE_LIMIT_USAGE
11:38:03.956 (956445062)|LIMIT_USAGE_FOR_NS|(default)|
  Number of SOQL queries: 0 out of 200
  Number of query rows: 0 out of 50000
  Number of SOSL queries: 0 out of 20
  Number of DML statements: 0 out of 150
  Number of DML rows: 0 out of 10000
  Maximum CPU time: 0 out of 60000
  Maximum heap size: 0 out of 12000000
  Number of callouts: 0 out of 0
  Number of Email Invocations: 0 out of 10
  Number of future calls: 0 out of 0
  Number of queueable jobs added to the queue: 0 out of 1
  Number of Mobile Apex push calls: 0 out of 10

11:38:03.956 (956445062)|LIMIT_USAGE_FOR_NS|Centify|
  Number of SOQL queries: 0 out of 200
  Number of query rows: 0 out of 50000
  Number of SOSL queries: 0 out of 20
  Number of DML statements: 0 out of 150
  Number of DML rows: 0 out of 10000
  Maximum CPU time: 0 out of 60000
  Maximum heap size: 0 out of 12000000
  Number of callouts: 0 out of 0
  Number of Email Invocations: 0 out of 10
  Number of future calls: 0 out of 0
  Number of queueable jobs added to the queue: 0 out of 1
  Number of Mobile Apex push calls: 0 out of 10

11:38:03.956 (956445062)|CUMULATIVE_LIMIT_USAGE_END

