36.0 APEX_CODE,FINEST;APEX_PROFILING,INFO;CALLOUT,INFO;DB,INFO;NBA,INFO;SYSTEM,DEBUG;VALIDATION,INFO;VISUALFORCE,INFO;WAVE,INFO;WORKFLOW,INFO
11:44:30.0 (92137)|USER_INFO|[EXTERNAL]|00590000000Vmmq|ben@bjbglobal.com.au|Australian Eastern Standard Time|GMT+10:00
11:44:30.0 (144448)|EXECUTION_STARTED
11:44:30.0 (149191)|CODE_UNIT_STARTED|[EXTERNAL]|TRIGGERS
11:44:30.0 (187342)|CODE_UNIT_STARTED|[EXTERNAL]|01q6F000001IGJa|LinkCaseCallstoContact on Task trigger event BeforeInsert|__sfdc_trigger/LinkCaseCallstoContact
11:44:30.0 (225939)|HEAP_ALLOCATE|[EXTERNAL]|Bytes:8
11:44:30.0 (608045)|HEAP_ALLOCATE|[72]|Bytes:3
11:44:30.0 (640603)|HEAP_ALLOCATE|[77]|Bytes:152
11:44:30.0 (654529)|HEAP_ALLOCATE|[342]|Bytes:408
11:44:30.0 (667283)|HEAP_ALLOCATE|[355]|Bytes:408
11:44:30.0 (679355)|HEAP_ALLOCATE|[467]|Bytes:48
11:44:30.0 (705496)|HEAP_ALLOCATE|[139]|Bytes:6
11:44:30.0 (721827)|HEAP_ALLOCATE|[EXTERNAL]|Bytes:6
11:44:30.0 (729476)|HEAP_ALLOCATE|[EXTERNAL]|Bytes:4
11:44:30.0 (736804)|VARIABLE_SCOPE_BEGIN|[1]|this|LinkCaseCallstoContact|true|false
11:44:30.0 (777229)|VARIABLE_ASSIGNMENT|[1]|this|{}|0x15f1180e
11:44:30.0 (826853)|HEAP_ALLOCATE|[EXTERNAL]|Bytes:4
11:44:30.0 (834371)|VARIABLE_SCOPE_BEGIN|[1]|this|LinkCaseCallstoContact|true|false
11:44:30.0 (848095)|VARIABLE_ASSIGNMENT|[1]|this|{}|0x15f1180e
11:44:30.0 (856365)|STATEMENT_EXECUTE|[1]
11:44:30.0 (883268)|HEAP_ALLOCATE|[50]|Bytes:5
11:44:30.0 (903087)|HEAP_ALLOCATE|[56]|Bytes:5
11:44:30.0 (911519)|HEAP_ALLOCATE|[64]|Bytes:7
11:44:30.0 (1226687)|HEAP_ALLOCATE|[2]|Bytes:5
11:44:30.0 (1292032)|HEAP_ALLOCATE|[2]|Bytes:4
11:44:30.0 (1303738)|VARIABLE_SCOPE_BEGIN|[2]|tsk|Task|true|false
11:44:30.0 (11320200)|VARIABLE_ASSIGNMENT|[2]|tsk|{"CallType":"Outbound","IsHighPriority":false,"IsClosed":false,"NVMStatsSF__NVM_Agent__c":"20","Is_Mobile_Number__c":false,"OwnerId":"0056F000009LzUGQA0","IsToday__c":false,"IsReminderSet":false,"Status":"Completed","IsDeleted":false,"WhoId":"0036F00002IhjGfQAJ","NVMContactWorld__CW_Call_Start_Time__c":"2018-11-06T01:44:29.000Z","ActivityDate":"2018-11-06T00:00:00.000Z","Priority":"Normal","IsVisibleInSelfService":false,"NVMContactWorld__Was_Call_Recorded__c":false,"CurrencyIsoCode":"AUD","IsRecurrence":false,"Subject":"Outbound call to 642 (8 more) ...","IsArchived":false,"CallObject":"0166e6b1-4462-26c5-4 (16 more) ...","NVMContactWorld__Customer_Number__c":"64274731486","NVMContactWorld__ContactWorld_Number__c":"61731530806","Day_of_the_Week__c":"Tuesday","Call_Duration_min__c":0.00,"Call_Monitored__c":false}|0x7457f590
11:44:30.0 (11349147)|STATEMENT_EXECUTE|[2]
11:44:30.0 (11377566)|STATEMENT_EXECUTE|[4]
11:44:30.0 (11423268)|HEAP_ALLOCATE|[2]|Bytes:5
11:44:30.0 (11450662)|VARIABLE_ASSIGNMENT|[2]|tsk|null|
11:44:30.11 (11462311)|CUMULATIVE_LIMIT_USAGE
11:44:30.11 (11462311)|LIMIT_USAGE_FOR_NS|(default)|
  Number of SOQL queries: 0 out of 100
  Number of query rows: 0 out of 50000
  Number of SOSL queries: 0 out of 20
  Number of DML statements: 0 out of 150
  Number of DML rows: 0 out of 10000
  Maximum CPU time: 0 out of 10000
  Maximum heap size: 0 out of 6000000
  Number of callouts: 0 out of 100
  Number of Email Invocations: 0 out of 10
  Number of future calls: 0 out of 50
  Number of queueable jobs added to the queue: 0 out of 50
  Number of Mobile Apex push calls: 0 out of 10

11:44:30.11 (11462311)|CUMULATIVE_LIMIT_USAGE_END

11:44:30.0 (12582216)|CODE_UNIT_FINISHED|LinkCaseCallstoContact on Task trigger event BeforeInsert|__sfdc_trigger/LinkCaseCallstoContact
11:44:30.0 (14306164)|CODE_UNIT_STARTED|[EXTERNAL]|01q6F000001IKsI|TaskTrigger on Task trigger event BeforeInsert|__sfdc_trigger/TaskTrigger
11:44:30.0 (14351600)|HEAP_ALLOCATE|[EXTERNAL]|Bytes:8
11:44:30.0 (14426966)|HEAP_ALLOCATE|[EXTERNAL]|Bytes:4
11:44:30.0 (14438492)|VARIABLE_SCOPE_BEGIN|[5]|this|TaskTrigger|true|false
11:44:30.0 (14471654)|VARIABLE_ASSIGNMENT|[5]|this|{}|0x566e269e
11:44:30.0 (14518827)|HEAP_ALLOCATE|[EXTERNAL]|Bytes:4
11:44:30.0 (14530306)|VARIABLE_SCOPE_BEGIN|[5]|this|TaskTrigger|true|false
11:44:30.0 (14556958)|VARIABLE_ASSIGNMENT|[5]|this|{}|0x566e269e
11:44:30.0 (14573415)|STATEMENT_EXECUTE|[5]
11:44:30.0 (14597297)|STATEMENT_EXECUTE|[6]
11:44:30.0 (14599118)|STATEMENT_EXECUTE|[7]
11:44:30.0 (14749048)|VARIABLE_SCOPE_BEGIN|[2]|TaskHelper.TASK_STATUS|String|false|true
11:44:30.0 (14761293)|VARIABLE_SCOPE_BEGIN|[3]|TaskHelper.TASK_SUBJECT|String|false|true
11:44:30.0 (14768282)|VARIABLE_SCOPE_BEGIN|[4]|TaskHelper.TASK_TYPE|String|false|true
11:44:30.0 (14814499)|HEAP_ALLOCATE|[7]|Bytes:4
11:44:30.0 (14823219)|HEAP_ALLOCATE|[7]|Bytes:2
11:44:30.0 (14837015)|METHOD_ENTRY|[1]|01p6F000009rWtF|TaskHelper.TaskHelper()
11:44:30.0 (14842985)|STATEMENT_EXECUTE|[1]
11:44:30.0 (14847014)|STATEMENT_EXECUTE|[1]
11:44:30.0 (14848806)|STATEMENT_EXECUTE|[2]
11:44:30.0 (14858678)|HEAP_ALLOCATE|[2]|Bytes:9
11:44:30.0 (14874849)|VARIABLE_ASSIGNMENT|[2]|TaskHelper.TASK_STATUS|"Completed"
11:44:30.0 (14879902)|STATEMENT_EXECUTE|[3]
11:44:30.0 (14885799)|HEAP_ALLOCATE|[3]|Bytes:16
11:44:30.0 (14894500)|VARIABLE_ASSIGNMENT|[3]|TaskHelper.TASK_SUBJECT|"Outbound call to"
11:44:30.0 (14898628)|STATEMENT_EXECUTE|[4]
11:44:30.0 (14903393)|HEAP_ALLOCATE|[4]|Bytes:8
11:44:30.0 (14911366)|VARIABLE_ASSIGNMENT|[4]|TaskHelper.TASK_TYPE|"Outbound"
11:44:30.0 (14920318)|METHOD_EXIT|[1]|TaskHelper
11:44:30.0 (14928421)|HEAP_ALLOCATE|[7]|Bytes:4
11:44:30.0 (14944367)|CONSTRUCTOR_ENTRY|[7]|01p6F000009rWtF|<init>()|TaskHelper
11:44:30.0 (14969088)|VARIABLE_SCOPE_BEGIN|[1]|this|TaskHelper|true|false
11:44:30.0 (14990611)|VARIABLE_ASSIGNMENT|[1]|this|{}|0x6f676c2d
11:44:30.0 (15001212)|HEAP_ALLOCATE|[EXTERNAL]|Bytes:6
11:44:30.0 (15038558)|STATEMENT_EXECUTE|[1]
11:44:30.0 (15044050)|CONSTRUCTOR_EXIT|[7]|01p6F000009rWtF|<init>()|TaskHelper
11:44:30.0 (15051967)|VARIABLE_SCOPE_BEGIN|[7]|helper|TaskHelper|true|false
11:44:30.0 (15065928)|VARIABLE_ASSIGNMENT|[7]|helper|{}|0x6f676c2d
11:44:30.0 (15071370)|STATEMENT_EXECUTE|[8]
11:44:30.0 (15132755)|METHOD_ENTRY|[8]|01p6F000009rWtF|TaskHelper.setupContactToReurnCallTasks(List<Task>)
11:44:30.0 (15157122)|VARIABLE_SCOPE_BEGIN|[11]|this|TaskHelper|true|false
11:44:30.0 (15173665)|VARIABLE_ASSIGNMENT|[11]|this|{}|0x6f676c2d
11:44:30.0 (15180832)|VARIABLE_SCOPE_BEGIN|[11]|newTasks|List<Task>|true|false
11:44:30.0 (16425430)|VARIABLE_ASSIGNMENT|[11]|newTasks|[{"CallType":"Outbound","IsHighPriority":false,"IsClosed":false,"NVMStatsSF__NVM_Agent__c":"20","Is_Mobile_Number__c":false,"OwnerId":"0056F000009LzUGQA0","IsToday__c":false,"IsReminderSet":false,"Status":"Completed","IsDeleted":false,"WhoId":"0036F00002IhjGfQAJ","NVMContactWorld__CW_Call_Start_Time__c":"2018-11-06T01:44:29.000Z","ActivityDate":"2018-11-06T00:00:00.000Z","Priority":"Normal","IsVisibleInSelfService":false,"NVMContactWorld__Was_Call_Recorded__c":false,"CurrencyIsoCode":"AUD","IsRecurrence":false,"Subject":"Outbound call to 642 (8 more) ...","IsArchived":false,"CallObject":"0166e6b1-4462-26c5-4 (16 more) ...","NVMContactWorld__Customer_Number__c":"64274731486","NVMContactWorld__ContactWorld_Number__c":"61731530806","Day_of_the_Week__c":"Tuesday","Call_Duration_min__c":0.00,"Call_Monitored__c":false}]|0x77dcca64
11:44:30.0 (16452192)|STATEMENT_EXECUTE|[11]
11:44:30.0 (16454492)|STATEMENT_EXECUTE|[12]
11:44:30.0 (16481373)|HEAP_ALLOCATE|[12]|Bytes:4
11:44:30.0 (16519970)|VARIABLE_SCOPE_BEGIN|[12]|voicemailIds|List<Id>|true|false
11:44:30.0 (16549381)|HEAP_ALLOCATE|[EXTERNAL]|Bytes:4
11:44:30.0 (16560582)|VARIABLE_ASSIGNMENT|[12]|voicemailIds|[]|0x50a158d7
11:44:30.0 (16566916)|STATEMENT_EXECUTE|[13]
11:44:30.0 (16590300)|HEAP_ALLOCATE|[13]|Bytes:4
11:44:30.0 (16604371)|VARIABLE_SCOPE_BEGIN|[13]|contactIds|Map<Id,Id>|true|false
11:44:30.0 (16625183)|VARIABLE_ASSIGNMENT|[13]|contactIds|{}|0x4f340ea
11:44:30.0 (16631063)|STATEMENT_EXECUTE|[14]
11:44:30.0 (16642855)|HEAP_ALLOCATE|[14]|Bytes:4
11:44:30.0 (16664729)|VARIABLE_SCOPE_BEGIN|[14]|results|List<Task>|true|false
11:44:30.0 (16676000)|HEAP_ALLOCATE|[EXTERNAL]|Bytes:4
11:44:30.0 (16684210)|VARIABLE_ASSIGNMENT|[14]|results|[]|0x1fc6b19f
11:44:30.0 (16734929)|HEAP_ALLOCATE|[16]|Bytes:5
11:44:30.0 (16757675)|HEAP_ALLOCATE|[16]|Bytes:4
11:44:30.0 (16774107)|VARIABLE_SCOPE_BEGIN|[16]|item|Task|true|false
11:44:30.0 (17576626)|VARIABLE_ASSIGNMENT|[16]|item|{"CallType":"Outbound","IsHighPriority":false,"IsClosed":false,"NVMStatsSF__NVM_Agent__c":"20","Is_Mobile_Number__c":false,"OwnerId":"0056F000009LzUGQA0","IsToday__c":false,"IsReminderSet":false,"Status":"Completed","IsDeleted":false,"WhoId":"0036F00002IhjGfQAJ","NVMContactWorld__CW_Call_Start_Time__c":"2018-11-06T01:44:29.000Z","ActivityDate":"2018-11-06T00:00:00.000Z","Priority":"Normal","IsVisibleInSelfService":false,"NVMContactWorld__Was_Call_Recorded__c":false,"CurrencyIsoCode":"AUD","IsRecurrence":false,"Subject":"Outbound call to 642 (8 more) ...","IsArchived":false,"CallObject":"0166e6b1-4462-26c5-4 (16 more) ...","NVMContactWorld__Customer_Number__c":"64274731486","NVMContactWorld__ContactWorld_Number__c":"61731530806","Day_of_the_Week__c":"Tuesday","Call_Duration_min__c":0.00,"Call_Monitored__c":false}|0x7457f590
11:44:30.0 (17599576)|STATEMENT_EXECUTE|[16]
11:44:30.0 (17756211)|STATEMENT_EXECUTE|[17]
11:44:30.0 (17779192)|HEAP_ALLOCATE|[16]|Bytes:5
11:44:30.0 (17798495)|VARIABLE_ASSIGNMENT|[16]|item|null|
11:44:30.0 (17804934)|STATEMENT_EXECUTE|[28]
11:44:30.0 (17812161)|HEAP_ALLOCATE|[28]|Bytes:72
11:44:30.0 (17832778)|HEAP_ALLOCATE|[28]|Bytes:4
11:44:30.0 (17843918)|HEAP_ALLOCATE|[28]|Bytes:7
11:44:30.0 (18552937)|SOQL_EXECUTE_BEGIN|[28]|Aggregations:0|SELECT Id, Account__c, Contact__c FROM Voicemail__c WHERE id IN :tmpVar1
11:44:30.0 (20042591)|SOQL_EXECUTE_END|[28]|Rows:0
11:44:30.0 (20070525)|HEAP_ALLOCATE|[28]|Bytes:4
11:44:30.0 (20083004)|HEAP_ALLOCATE|[28]|Bytes:0
11:44:30.0 (20181577)|HEAP_ALLOCATE|[28]|Bytes:4
11:44:30.0 (20196918)|VARIABLE_SCOPE_BEGIN|[28]|voicemails|List<Voicemail__c>|true|false
11:44:30.0 (20214507)|VARIABLE_ASSIGNMENT|[28]|voicemails|[]|0x693741f3
11:44:30.0 (20379050)|HEAP_ALLOCATE|[29]|Bytes:5
11:44:30.0 (20399738)|VARIABLE_ASSIGNMENT|[29]|item|null|
11:44:30.0 (20406142)|STATEMENT_EXECUTE|[29]
11:44:30.0 (20443264)|HEAP_ALLOCATE|[34]|Bytes:5
11:44:30.0 (20458552)|HEAP_ALLOCATE|[34]|Bytes:4
11:44:30.0 (20466581)|VARIABLE_SCOPE_BEGIN|[34]|item|Task|true|false
11:44:30.0 (21325482)|VARIABLE_ASSIGNMENT|[34]|item|{"CallType":"Outbound","IsHighPriority":false,"IsClosed":false,"NVMStatsSF__NVM_Agent__c":"20","Is_Mobile_Number__c":false,"OwnerId":"0056F000009LzUGQA0","IsToday__c":false,"IsReminderSet":false,"Status":"Completed","IsDeleted":false,"WhoId":"0036F00002IhjGfQAJ","NVMContactWorld__CW_Call_Start_Time__c":"2018-11-06T01:44:29.000Z","ActivityDate":"2018-11-06T00:00:00.000Z","Priority":"Normal","IsVisibleInSelfService":false,"NVMContactWorld__Was_Call_Recorded__c":false,"CurrencyIsoCode":"AUD","IsRecurrence":false,"Subject":"Outbound call to 642 (8 more) ...","IsArchived":false,"CallObject":"0166e6b1-4462-26c5-4 (16 more) ...","NVMContactWorld__Customer_Number__c":"64274731486","NVMContactWorld__ContactWorld_Number__c":"61731530806","Day_of_the_Week__c":"Tuesday","Call_Duration_min__c":0.00,"Call_Monitored__c":false}|0x7457f590
11:44:30.0 (21346811)|STATEMENT_EXECUTE|[34]
11:44:30.0 (21349328)|STATEMENT_EXECUTE|[35]
11:44:30.0 (22231057)|VARIABLE_ASSIGNMENT|[35]|this.WhoId|null|0x7457f590
11:44:30.0 (22257788)|HEAP_ALLOCATE|[34]|Bytes:5
11:44:30.0 (22274775)|VARIABLE_ASSIGNMENT|[34]|item|null|
11:44:30.0 (22289080)|METHOD_EXIT|[8]|01p6F000009rWtF|TaskHelper.setupContactToReurnCallTasks(List<Task>)
11:44:30.22 (22301146)|CUMULATIVE_LIMIT_USAGE
11:44:30.22 (22301146)|LIMIT_USAGE_FOR_NS|(default)|
  Number of SOQL queries: 1 out of 100
  Number of query rows: 0 out of 50000
  Number of SOSL queries: 0 out of 20
  Number of DML statements: 0 out of 150
  Number of DML rows: 0 out of 10000
  Maximum CPU time: 0 out of 10000
  Maximum heap size: 0 out of 6000000
  Number of callouts: 0 out of 100
  Number of Email Invocations: 0 out of 10
  Number of future calls: 0 out of 50
  Number of queueable jobs added to the queue: 0 out of 50
  Number of Mobile Apex push calls: 0 out of 10

11:44:30.22 (22301146)|CUMULATIVE_LIMIT_USAGE_END

11:44:30.0 (23272096)|CODE_UNIT_FINISHED|TaskTrigger on Task trigger event BeforeInsert|__sfdc_trigger/TaskTrigger
11:44:30.0 (26720112)|CODE_UNIT_STARTED|[EXTERNAL]|Validation:Task:new
11:44:30.0 (26735801)|VALIDATION_RULE|03d6F000000qFaO|Finish_all_call_monitor_field
11:44:30.0 (27178297)|VALIDATION_FORMULA|AND(!ISBLANK(Monitored_By__c),
    OR(ISBLANK( TEXT(CM_advised_what_will_happen_next__c)),
       ISBLANK( TEXT(Allow_customer_to_present_concerns__c) ),
       ISBLANK( TEXT(Communication_is_clear_positive_confiden__c) ),
       ISBLANK( TEXT(Demonstrate_active_listening__c )),
       ISBLANK( TEXT(Gave_correct_answers_and_infomations__c) ),
       ISBLANK( TEXT(Mirrors_clients_talking_behaviour__c) ) ))|CM_advised_what_will_happen_next__c=null , Demonstrate_active_listening__c=null , Communication_is_clear_positive_confiden__c=null , Allow_customer_to_present_concerns__c=null , Gave_correct_answers_and_infomations__c=null , Mirrors_clients_talking_behaviour__c=null , Monitored_By__c=null
11:44:30.0 (27196244)|VALIDATION_PASS
11:44:30.0 (27198864)|VALIDATION_RULE|03d900000009JbB|Interac_Quality_Must_Be_Between_1_and_10
11:44:30.0 (27284925)|VALIDATION_FORMULA|NVMContactWorld__InteractionQuality__c < 1  &#124;&#124;  NVMContactWorld__InteractionQuality__c > 10|NVMContactWorld__InteractionQuality__c=null
11:44:30.0 (27295368)|VALIDATION_PASS
11:44:30.0 (27450330)|CODE_UNIT_FINISHED|Validation:Task:new
11:44:30.0 (72428154)|CODE_UNIT_STARTED|[EXTERNAL]|Workflow:Task
11:44:30.0 (78694852)|WF_RULE_EVAL_BEGIN|Workflow
11:44:30.0 (78728003)|WF_CRITERIA_BEGIN|[Task:  00T6F000055TBu9]|Update Call Monitor Details|01Q6F0000002Tdt|ON_CREATE_OR_TRIGGERING_UPDATE|0
11:44:30.0 (78778550)|WF_RULE_FILTER|[Task : Monitored By not equal to ]
11:44:30.0 (78793933)|WF_RULE_EVAL_VALUE|
11:44:30.0 (78798194)|WF_CRITERIA_END|false
11:44:30.0 (78808469)|WF_CRITERIA_BEGIN|[Task:  00T6F000055TBu9]|Update_Callback_Request_Due_Date3016F0000005i0e|01Q6F0000019gyq|ON_CREATE_ONLY|0
11:44:30.0 (78880789)|WF_FORMULA|Formula:ENCODED:[treatNullAsNull]true|Values:
11:44:30.0 (78889150)|WF_CRITERIA_END|true
11:44:30.0 (79413128)|WF_CRITERIA_BEGIN|[Task:  00T6F000055TBu9]|Call Back Request From LinX|01Q6F000001EY2L|ON_CREATE_OR_TRIGGERING_UPDATE|0
11:44:30.0 (79458425)|WF_RULE_FILTER|[Task : Subject equals Callback Request]
11:44:30.0 (79479910)|WF_RULE_EVAL_VALUE|Outbound call to 64274731486
11:44:30.0 (79485007)|WF_CRITERIA_END|false
11:44:30.0 (79492850)|WF_CRITERIA_BEGIN|[Task:  00T6F000055TBu9]|Call_Monitor3016F00000054R3|01Q6F000000oOu7|ON_ALL_CHANGES|0
11:44:30.0 (79536532)|WF_FORMULA|Formula:ENCODED:[treatNullAsNull]true|Values:
11:44:30.0 (79543079)|WF_CRITERIA_END|true
11:44:30.0 (79557202)|WF_SPOOL_ACTION_BEGIN|Workflow
11:44:30.0 (79582614)|WF_ACTION| Flow Trigger: 2;
11:44:30.0 (79588101)|WF_RULE_EVAL_END
11:44:30.0 (79637970)|WF_FLOW_ACTION_BEGIN|09L6F000000PWtL
11:44:30.80 (80961444)|FLOW_CREATE_INTERVIEW_BEGIN|00D90000000IJSa|3006F00000091km|3016F0000005i0e
11:44:30.80 (81606211)|FLOW_CREATE_INTERVIEW_END|5116071480f3d09ea6b03207e539166e69e0-c3ec|Update Callback Request Due Date
11:44:30.81 (81892840)|FLOW_START_INTERVIEWS_BEGIN|1
11:44:30.81 (81913043)|FLOW_START_INTERVIEW_BEGIN|5116071480f3d09ea6b03207e539166e69e0-c3ec|Update Callback Request Due Date
11:44:30.81 (84168645)|FLOW_START_INTERVIEW_END|5116071480f3d09ea6b03207e539166e69e0-c3ec|Update Callback Request Due Date
11:44:30.81 (84192170)|FLOW_START_INTERVIEWS_END|1
11:44:30.0 (85271671)|WF_FLOW_ACTION_END|09L6F000000PWtL
11:44:30.0 (85295421)|WF_FLOW_ACTION_BEGIN|09L6F000000PGTV
11:44:30.86 (86647430)|FLOW_CREATE_INTERVIEW_BEGIN|00D90000000IJSa|3006F0000008usA|3016F00000054R3
11:44:30.86 (87252457)|FLOW_CREATE_INTERVIEW_END|5117071480f3d09ea6b03207e539166e69e0-c3ed|Call Monitoring
11:44:30.87 (87650988)|FLOW_START_INTERVIEWS_BEGIN|1
11:44:30.87 (87672127)|FLOW_START_INTERVIEW_BEGIN|5117071480f3d09ea6b03207e539166e69e0-c3ed|Call Monitoring
11:44:30.87 (89960675)|FLOW_START_INTERVIEW_END|5117071480f3d09ea6b03207e539166e69e0-c3ed|Call Monitoring
11:44:30.87 (89987187)|FLOW_START_INTERVIEWS_END|1
11:44:30.0 (90655670)|WF_FLOW_ACTION_END|09L6F000000PGTV
11:44:30.0 (90759754)|WF_ACTIONS_END| Flow Trigger: 2;
11:44:30.0 (90770355)|CODE_UNIT_FINISHED|Workflow:Task
11:44:30.0 (112168604)|CODE_UNIT_FINISHED|TRIGGERS
11:44:30.0 (112187759)|EXECUTION_FINISHED
