37.0 APEX_CODE,FINEST;APEX_PROFILING,INFO;CALLOUT,INFO;DB,INFO;NBA,INFO;SYSTEM,DEBUG;VALIDATION,INFO;VISUALFORCE,INFO;WAVE,INFO;WORKFLOW,INFO
17:09:00.13 (13518584)|ENTERING_MANAGED_PKG|Centify
17:09:00.13 (15720283)|ENTERING_MANAGED_PKG|Centify
17:09:00.13 (15780469)|ENTERING_MANAGED_PKG|Centify
17:09:00.13 (16267226)|ENTERING_MANAGED_PKG|Centify
17:09:00.13 (16349133)|ENTERING_MANAGED_PKG|Centify
17:09:00.13 (17257385)|ENTERING_MANAGED_PKG|Centify
17:09:00.13 (17384322)|ENTERING_MANAGED_PKG|Centify
17:09:00.13 (20773450)|ENTERING_MANAGED_PKG|Centify
17:09:00.13 (21651733)|ENTERING_MANAGED_PKG|Centify
17:09:00.13 (21836425)|ENTERING_MANAGED_PKG|Centify
17:09:00.13 (21919806)|ENTERING_MANAGED_PKG|Centify
17:09:00.13 (22731613)|ENTERING_MANAGED_PKG|Centify
17:09:00.13 (22819737)|ENTERING_MANAGED_PKG|Centify
17:09:00.13 (23055513)|ENTERING_MANAGED_PKG|Centify
17:09:00.13 (26088317)|ENTERING_MANAGED_PKG|Centify
17:09:00.13 (26137805)|ENTERING_MANAGED_PKG|Centify
17:09:00.13 (26311697)|ENTERING_MANAGED_PKG|Centify
17:09:00.13 (27394917)|ENTERING_MANAGED_PKG|Centify
17:09:00.13 (28917706)|ENTERING_MANAGED_PKG|Centify
17:09:00.13 (28963865)|ENTERING_MANAGED_PKG|Centify
17:09:00.13 (29029301)|ENTERING_MANAGED_PKG|Centify
17:09:00.13 (29894518)|ENTERING_MANAGED_PKG|Centify
17:09:00.13 (29945297)|ENTERING_MANAGED_PKG|Centify
17:09:00.13 (30051617)|ENTERING_MANAGED_PKG|Centify
17:09:00.13 (30741095)|ENTERING_MANAGED_PKG|Centify
17:09:00.13 (34718626)|ENTERING_MANAGED_PKG|Centify
17:09:00.13 (37663240)|ENTERING_MANAGED_PKG|Centify
17:09:00.13 (37861834)|ENTERING_MANAGED_PKG|Centify
17:09:00.13 (40094209)|ENTERING_MANAGED_PKG|Centify
17:09:00.13 (40156232)|ENTERING_MANAGED_PKG|Centify
17:09:00.13 (40242860)|ENTERING_MANAGED_PKG|Centify
17:09:00.13 (40378812)|ENTERING_MANAGED_PKG|Centify
17:09:00.13 (40579326)|ENTERING_MANAGED_PKG|Centify
17:09:00.13 (42644634)|SOQL_EXECUTE_BEGIN|[28]|Aggregations:0|SELECT Id FROM ApexClass WHERE Name = :tmpVar1
17:09:00.13 (52122958)|SOQL_EXECUTE_END|[28]|Rows:1
17:09:00.13 (52800532)|SOQL_EXECUTE_BEGIN|[49]|Aggregations:0|SELECT COUNT() FROM AsyncApexJob WHERE (ApexClassId = :tmpVar1 AND Status IN ('Queued', 'Holding', 'Preparing', 'Processing'))
17:09:00.13 (57367323)|SOQL_EXECUTE_END|[49]|Rows:0
17:09:00.13 (57577139)|ENTERING_MANAGED_PKG|Centify
17:09:00.13 (58695590)|ENTERING_MANAGED_PKG|Centify
17:09:00.13 (58791433)|ENTERING_MANAGED_PKG|Centify
17:09:00.13 (59514288)|ENTERING_MANAGED_PKG|Centify
17:09:00.13 (59856150)|ENTERING_MANAGED_PKG|Centify
17:09:00.13 (59920174)|ENTERING_MANAGED_PKG|Centify
17:09:00.13 (97859664)|ENTERING_MANAGED_PKG|Centify
17:09:00.13 (98002018)|ENTERING_MANAGED_PKG|Centify
17:09:00.13 (109177529)|ENTERING_MANAGED_PKG|Centify
17:09:00.13 (111678168)|ENTERING_MANAGED_PKG|Centify
17:09:00.13 (113211042)|ENTERING_MANAGED_PKG|Centify
17:09:00.13 (114868408)|ENTERING_MANAGED_PKG|Centify
17:09:00.13 (115007871)|ENTERING_MANAGED_PKG|Centify
17:09:00.13 (115064762)|ENTERING_MANAGED_PKG|Centify
17:09:00.13 (115238121)|ENTERING_MANAGED_PKG|Centify
17:09:00.13 (115312340)|ENTERING_MANAGED_PKG|Centify
17:09:00.13 (115537448)|ENTERING_MANAGED_PKG|Centify
17:09:00.13 (115833976)|ENTERING_MANAGED_PKG|Centify
17:09:00.13 (116048683)|ENTERING_MANAGED_PKG|Centify
17:09:00.13 (116184669)|ENTERING_MANAGED_PKG|Centify
17:09:00.13 (116406492)|ENTERING_MANAGED_PKG|Centify
17:09:00.13 (116635426)|ENTERING_MANAGED_PKG|Centify
17:09:00.13 (116837534)|ENTERING_MANAGED_PKG|Centify
17:09:00.13 (117074344)|ENTERING_MANAGED_PKG|Centify
17:09:00.13 (117329819)|ENTERING_MANAGED_PKG|Centify
17:09:00.13 (117570411)|ENTERING_MANAGED_PKG|Centify
17:09:00.13 (117818573)|ENTERING_MANAGED_PKG|Centify
17:09:00.13 (118026551)|ENTERING_MANAGED_PKG|Centify
17:09:00.13 (118203419)|ENTERING_MANAGED_PKG|Centify
17:09:00.13 (118422875)|ENTERING_MANAGED_PKG|Centify
17:09:00.13 (118682215)|ENTERING_MANAGED_PKG|Centify
17:09:00.13 (119232473)|ENTERING_MANAGED_PKG|Centify
17:09:00.13 (119526352)|ENTERING_MANAGED_PKG|Centify
17:09:00.13 (119771690)|ENTERING_MANAGED_PKG|Centify
17:09:00.13 (119968867)|ENTERING_MANAGED_PKG|Centify
17:09:00.13 (120138554)|ENTERING_MANAGED_PKG|Centify
17:09:00.13 (120342364)|ENTERING_MANAGED_PKG|Centify
17:09:00.13 (120527079)|ENTERING_MANAGED_PKG|Centify
17:09:00.13 (120707678)|ENTERING_MANAGED_PKG|Centify
17:09:00.13 (120855551)|ENTERING_MANAGED_PKG|Centify
17:09:00.13 (121067022)|ENTERING_MANAGED_PKG|Centify
17:09:00.13 (121204165)|ENTERING_MANAGED_PKG|Centify
17:09:00.13 (121387644)|ENTERING_MANAGED_PKG|Centify
17:09:00.13 (121531307)|ENTERING_MANAGED_PKG|Centify
17:09:00.13 (121662295)|ENTERING_MANAGED_PKG|Centify
17:09:00.13 (121813944)|ENTERING_MANAGED_PKG|Centify
17:09:00.13 (121902444)|ENTERING_MANAGED_PKG|Centify
17:09:00.13 (121970800)|ENTERING_MANAGED_PKG|Centify
17:09:00.13 (122018012)|ENTERING_MANAGED_PKG|Centify
17:09:00.13 (122175670)|ENTERING_MANAGED_PKG|Centify
17:09:00.13 (122247832)|ENTERING_MANAGED_PKG|Centify
17:09:00.13 (125094124)|ENTERING_MANAGED_PKG|Centify
17:09:00.13 (125146957)|ENTERING_MANAGED_PKG|Centify
17:09:00.13 (125217304)|ENTERING_MANAGED_PKG|Centify
17:09:00.13 (125322446)|ENTERING_MANAGED_PKG|Centify
17:09:00.13 (125547402)|ENTERING_MANAGED_PKG|Centify
17:09:00.13 (125711597)|ENTERING_MANAGED_PKG|Centify
17:09:00.13 (205602941)|ENTERING_MANAGED_PKG|Centify
17:09:00.13 (205718370)|ENTERING_MANAGED_PKG|Centify
17:09:00.13 (251059736)|ENTERING_MANAGED_PKG|Centify
17:09:00.13 (251152489)|ENTERING_MANAGED_PKG|Centify
17:09:00.13 (251348982)|ENTERING_MANAGED_PKG|Centify
17:09:00.13 (251403858)|ENTERING_MANAGED_PKG|Centify
17:09:00.13 (265774324)|ENTERING_MANAGED_PKG|Centify
17:09:00.13 (266182846)|ENTERING_MANAGED_PKG|Centify
17:09:00.13 (267270324)|ENTERING_MANAGED_PKG|Centify
17:09:00.13 (268228745)|ENTERING_MANAGED_PKG|Centify
17:09:00.13 (268297578)|ENTERING_MANAGED_PKG|Centify
17:09:00.13 (268413853)|ENTERING_MANAGED_PKG|Centify
17:09:00.13 (268461664)|ENTERING_MANAGED_PKG|Centify
17:09:00.13 (268603174)|ENTERING_MANAGED_PKG|Centify
17:09:00.13 (268768832)|ENTERING_MANAGED_PKG|Centify
17:09:00.13 (268949917)|ENTERING_MANAGED_PKG|Centify
17:09:00.13 (269190744)|ENTERING_MANAGED_PKG|Centify
17:09:00.13 (269357388)|ENTERING_MANAGED_PKG|Centify
17:09:00.13 (269537431)|ENTERING_MANAGED_PKG|Centify
17:09:00.13 (269711528)|ENTERING_MANAGED_PKG|Centify
17:09:00.13 (269931603)|ENTERING_MANAGED_PKG|Centify
17:09:00.13 (270100383)|ENTERING_MANAGED_PKG|Centify
17:09:00.13 (270280129)|ENTERING_MANAGED_PKG|Centify
17:09:00.13 (270443357)|ENTERING_MANAGED_PKG|Centify
17:09:00.13 (270585263)|ENTERING_MANAGED_PKG|Centify
17:09:00.13 (270877729)|ENTERING_MANAGED_PKG|Centify
17:09:00.13 (271164019)|ENTERING_MANAGED_PKG|Centify
17:09:00.13 (271346370)|ENTERING_MANAGED_PKG|Centify
17:09:00.13 (271559849)|ENTERING_MANAGED_PKG|Centify
17:09:00.13 (272073101)|ENTERING_MANAGED_PKG|Centify
17:09:00.13 (272753891)|ENTERING_MANAGED_PKG|Centify
17:09:00.13 (273239228)|ENTERING_MANAGED_PKG|Centify
17:09:00.13 (273658727)|ENTERING_MANAGED_PKG|Centify
17:09:00.13 (273824473)|ENTERING_MANAGED_PKG|Centify
17:09:00.13 (274020749)|ENTERING_MANAGED_PKG|Centify
17:09:00.13 (274266238)|ENTERING_MANAGED_PKG|Centify
17:09:00.13 (274467346)|ENTERING_MANAGED_PKG|Centify
17:09:00.13 (274635811)|ENTERING_MANAGED_PKG|Centify
17:09:00.13 (274851946)|ENTERING_MANAGED_PKG|Centify
17:09:00.13 (275062653)|ENTERING_MANAGED_PKG|Centify
17:09:00.13 (275286594)|ENTERING_MANAGED_PKG|Centify
17:09:00.13 (275442489)|ENTERING_MANAGED_PKG|Centify
17:09:00.13 (275618700)|ENTERING_MANAGED_PKG|Centify
17:09:00.13 (275800447)|ENTERING_MANAGED_PKG|Centify
17:09:00.13 (275972769)|ENTERING_MANAGED_PKG|Centify
17:09:00.13 (276124807)|ENTERING_MANAGED_PKG|Centify
17:09:00.13 (276299892)|ENTERING_MANAGED_PKG|Centify
17:09:00.13 (276501664)|ENTERING_MANAGED_PKG|Centify
17:09:00.13 (276700256)|ENTERING_MANAGED_PKG|Centify
17:09:00.13 (276858175)|ENTERING_MANAGED_PKG|Centify
17:09:00.13 (276998201)|ENTERING_MANAGED_PKG|Centify
17:09:00.13 (277130626)|ENTERING_MANAGED_PKG|Centify
17:09:00.13 (277259857)|ENTERING_MANAGED_PKG|Centify
17:09:00.13 (277395717)|ENTERING_MANAGED_PKG|Centify
17:09:00.13 (277522621)|ENTERING_MANAGED_PKG|Centify
17:09:00.13 (277667274)|ENTERING_MANAGED_PKG|Centify
17:09:00.13 (277811931)|ENTERING_MANAGED_PKG|Centify
17:09:00.13 (277934741)|ENTERING_MANAGED_PKG|Centify
17:09:00.13 (278056363)|ENTERING_MANAGED_PKG|Centify
17:09:00.13 (278179538)|ENTERING_MANAGED_PKG|Centify
17:09:00.13 (278331150)|ENTERING_MANAGED_PKG|Centify
17:09:00.13 (278462023)|ENTERING_MANAGED_PKG|Centify
17:09:00.13 (278629311)|ENTERING_MANAGED_PKG|Centify
17:09:00.13 (278760951)|ENTERING_MANAGED_PKG|Centify
17:09:00.13 (278886258)|ENTERING_MANAGED_PKG|Centify
17:09:00.13 (279012464)|ENTERING_MANAGED_PKG|Centify
17:09:00.13 (279157910)|ENTERING_MANAGED_PKG|Centify
17:09:00.13 (279367419)|ENTERING_MANAGED_PKG|Centify
17:09:00.13 (279408285)|ENTERING_MANAGED_PKG|Centify
17:09:00.13 (279551628)|ENTERING_MANAGED_PKG|Centify
17:09:00.13 (279615678)|ENTERING_MANAGED_PKG|Centify
17:09:00.13 (279687862)|ENTERING_MANAGED_PKG|Centify
17:09:00.13 (279766811)|ENTERING_MANAGED_PKG|Centify
17:09:00.13 (279828541)|ENTERING_MANAGED_PKG|Centify
17:09:00.13 (280458220)|ENTERING_MANAGED_PKG|Centify
17:09:00.13 (280518649)|ENTERING_MANAGED_PKG|Centify
17:09:00.13 (280554270)|ENTERING_MANAGED_PKG|Centify
17:09:00.13 (280689032)|ENTERING_MANAGED_PKG|Centify
17:09:00.13 (280906795)|ENTERING_MANAGED_PKG|Centify
17:09:00.13 (280936338)|ENTERING_MANAGED_PKG|Centify
17:09:00.13 (280965293)|ENTERING_MANAGED_PKG|Centify
17:09:00.13 (280978656)|ENTERING_MANAGED_PKG|Centify
17:09:00.13 (281465411)|ENTERING_MANAGED_PKG|Centify
17:09:00.13 (281508735)|ENTERING_MANAGED_PKG|Centify
17:09:00.13 (281545128)|ENTERING_MANAGED_PKG|Centify
17:09:00.13 (281705704)|ENTERING_MANAGED_PKG|Centify
17:09:00.13 (281877531)|ENTERING_MANAGED_PKG|Centify
17:09:00.13 (281904076)|ENTERING_MANAGED_PKG|Centify
17:09:00.13 (281944664)|ENTERING_MANAGED_PKG|Centify
17:09:00.13 (281967421)|ENTERING_MANAGED_PKG|Centify
17:09:00.13 (283029692)|ENTERING_MANAGED_PKG|Centify
17:09:00.13 (283088554)|ENTERING_MANAGED_PKG|Centify
17:09:00.13 (283144053)|ENTERING_MANAGED_PKG|Centify
17:09:00.13 (283345655)|ENTERING_MANAGED_PKG|Centify
17:09:00.13 (283646068)|ENTERING_MANAGED_PKG|Centify
17:09:00.13 (283696670)|ENTERING_MANAGED_PKG|Centify
17:09:00.13 (283757873)|ENTERING_MANAGED_PKG|Centify
17:09:00.13 (283786532)|ENTERING_MANAGED_PKG|Centify
17:09:00.13 (284848263)|ENTERING_MANAGED_PKG|Centify
17:09:00.13 (284904587)|ENTERING_MANAGED_PKG|Centify
17:09:00.13 (284932932)|ENTERING_MANAGED_PKG|Centify
17:09:00.13 (285098986)|ENTERING_MANAGED_PKG|Centify
17:09:00.13 (285353922)|ENTERING_MANAGED_PKG|Centify
17:09:00.13 (285384516)|ENTERING_MANAGED_PKG|Centify
17:09:00.13 (285425092)|ENTERING_MANAGED_PKG|Centify
17:09:00.13 (285449601)|ENTERING_MANAGED_PKG|Centify
17:09:00.13 (286911781)|ENTERING_MANAGED_PKG|Centify
17:09:00.13 (286968432)|ENTERING_MANAGED_PKG|Centify
17:09:00.13 (286992545)|ENTERING_MANAGED_PKG|Centify
17:09:00.13 (287182554)|ENTERING_MANAGED_PKG|Centify
17:09:00.13 (287494462)|ENTERING_MANAGED_PKG|Centify
17:09:00.13 (287718499)|ENTERING_MANAGED_PKG|Centify
17:09:00.13 (287931161)|ENTERING_MANAGED_PKG|Centify
17:09:00.13 (288177065)|ENTERING_MANAGED_PKG|Centify
17:09:00.13 (288210545)|ENTERING_MANAGED_PKG|Centify
17:09:00.13 (288242606)|ENTERING_MANAGED_PKG|Centify
17:09:00.13 (288256755)|ENTERING_MANAGED_PKG|Centify
17:09:00.13 (289786157)|ENTERING_MANAGED_PKG|Centify
17:09:00.13 (289853174)|ENTERING_MANAGED_PKG|Centify
17:09:00.13 (289887992)|ENTERING_MANAGED_PKG|Centify
17:09:00.13 (290110275)|ENTERING_MANAGED_PKG|Centify
17:09:00.13 (290400923)|ENTERING_MANAGED_PKG|Centify
17:09:00.13 (290456383)|ENTERING_MANAGED_PKG|Centify
17:09:00.13 (290518059)|ENTERING_MANAGED_PKG|Centify
17:09:00.13 (290550164)|ENTERING_MANAGED_PKG|Centify
17:09:00.13 (292687976)|ENTERING_MANAGED_PKG|Centify
17:09:00.13 (292750542)|ENTERING_MANAGED_PKG|Centify
17:09:00.13 (292779030)|ENTERING_MANAGED_PKG|Centify
17:09:00.13 (292945428)|ENTERING_MANAGED_PKG|Centify
17:09:00.13 (293186419)|ENTERING_MANAGED_PKG|Centify
17:09:00.13 (293248396)|ENTERING_MANAGED_PKG|Centify
17:09:00.13 (293287719)|ENTERING_MANAGED_PKG|Centify
17:09:00.13 (293318943)|ENTERING_MANAGED_PKG|Centify
17:09:00.13 (295288577)|ENTERING_MANAGED_PKG|Centify
17:09:00.13 (295347855)|ENTERING_MANAGED_PKG|Centify
17:09:00.13 (295376307)|ENTERING_MANAGED_PKG|Centify
17:09:00.13 (295549851)|ENTERING_MANAGED_PKG|Centify
17:09:00.13 (295790559)|ENTERING_MANAGED_PKG|Centify
17:09:00.13 (295839236)|ENTERING_MANAGED_PKG|Centify
17:09:00.13 (295894120)|ENTERING_MANAGED_PKG|Centify
17:09:00.13 (295922298)|ENTERING_MANAGED_PKG|Centify
17:09:00.13 (298329744)|ENTERING_MANAGED_PKG|Centify
17:09:00.13 (298387728)|ENTERING_MANAGED_PKG|Centify
17:09:00.13 (298415809)|ENTERING_MANAGED_PKG|Centify
17:09:00.13 (298591302)|ENTERING_MANAGED_PKG|Centify
17:09:00.13 (298852887)|ENTERING_MANAGED_PKG|Centify
17:09:00.13 (298904335)|ENTERING_MANAGED_PKG|Centify
17:09:00.13 (298936794)|ENTERING_MANAGED_PKG|Centify
17:09:00.13 (298951343)|ENTERING_MANAGED_PKG|Centify
17:09:00.13 (301313708)|ENTERING_MANAGED_PKG|Centify
17:09:00.13 (301376004)|ENTERING_MANAGED_PKG|Centify
17:09:00.13 (301403968)|ENTERING_MANAGED_PKG|Centify
17:09:00.13 (301599920)|ENTERING_MANAGED_PKG|Centify
17:09:00.13 (301910018)|ENTERING_MANAGED_PKG|Centify
17:09:00.13 (301954017)|ENTERING_MANAGED_PKG|Centify
17:09:00.13 (302007052)|ENTERING_MANAGED_PKG|Centify
17:09:00.13 (302036415)|ENTERING_MANAGED_PKG|Centify
17:09:00.13 (304272091)|ENTERING_MANAGED_PKG|Centify
17:09:00.13 (304318141)|ENTERING_MANAGED_PKG|Centify
17:09:00.13 (304333777)|ENTERING_MANAGED_PKG|Centify
17:09:00.13 (304433336)|ENTERING_MANAGED_PKG|Centify
17:09:00.13 (304596448)|ENTERING_MANAGED_PKG|Centify
17:09:00.13 (304624994)|ENTERING_MANAGED_PKG|Centify
17:09:00.13 (304672471)|ENTERING_MANAGED_PKG|Centify
17:09:00.13 (304698241)|ENTERING_MANAGED_PKG|Centify
17:09:00.13 (306576171)|ENTERING_MANAGED_PKG|Centify
17:09:00.13 (306612001)|ENTERING_MANAGED_PKG|Centify
17:09:00.13 (306626586)|ENTERING_MANAGED_PKG|Centify
17:09:00.13 (306756731)|ENTERING_MANAGED_PKG|Centify
17:09:00.13 (306978194)|ENTERING_MANAGED_PKG|Centify
17:09:00.13 (307025087)|ENTERING_MANAGED_PKG|Centify
17:09:00.13 (307078691)|ENTERING_MANAGED_PKG|Centify
17:09:00.13 (307104059)|ENTERING_MANAGED_PKG|Centify
17:09:00.13 (309092975)|ENTERING_MANAGED_PKG|Centify
17:09:00.13 (309127346)|ENTERING_MANAGED_PKG|Centify
17:09:00.13 (309141583)|ENTERING_MANAGED_PKG|Centify
17:09:00.13 (309263707)|ENTERING_MANAGED_PKG|Centify
17:09:00.13 (309478418)|ENTERING_MANAGED_PKG|Centify
17:09:00.13 (309506942)|ENTERING_MANAGED_PKG|Centify
17:09:00.13 (309534378)|ENTERING_MANAGED_PKG|Centify
17:09:00.13 (309547595)|ENTERING_MANAGED_PKG|Centify
17:09:00.13 (311469509)|ENTERING_MANAGED_PKG|Centify
17:09:00.13 (311502833)|ENTERING_MANAGED_PKG|Centify
17:09:00.13 (311516310)|ENTERING_MANAGED_PKG|Centify
17:09:00.13 (311623543)|ENTERING_MANAGED_PKG|Centify
17:09:00.13 (311838239)|ENTERING_MANAGED_PKG|Centify
17:09:00.13 (311869539)|ENTERING_MANAGED_PKG|Centify
17:09:00.13 (311900271)|ENTERING_MANAGED_PKG|Centify
17:09:00.13 (311913564)|ENTERING_MANAGED_PKG|Centify
17:09:00.13 (313804525)|ENTERING_MANAGED_PKG|Centify
17:09:00.13 (313836367)|ENTERING_MANAGED_PKG|Centify
17:09:00.13 (313849373)|ENTERING_MANAGED_PKG|Centify
17:09:00.13 (313937220)|ENTERING_MANAGED_PKG|Centify
17:09:00.13 (314002031)|ENTERING_MANAGED_PKG|Centify
17:09:00.13 (314043104)|ENTERING_MANAGED_PKG|Centify
17:09:00.13 (314070373)|ENTERING_MANAGED_PKG|Centify
17:09:00.13 (314366391)|ENTERING_MANAGED_PKG|Centify
17:09:00.13 (314400080)|ENTERING_MANAGED_PKG|Centify
17:09:00.13 (316762122)|ENTERING_MANAGED_PKG|Centify
17:09:00.13 (316799814)|ENTERING_MANAGED_PKG|Centify
17:09:00.13 (316826437)|ENTERING_MANAGED_PKG|Centify
17:09:00.13 (316881909)|ENTERING_MANAGED_PKG|Centify
17:09:00.13 (317044190)|ENTERING_MANAGED_PKG|Centify
17:09:00.13 (317125783)|ENTERING_MANAGED_PKG|Centify
17:09:00.13 (341117619)|ENTERING_MANAGED_PKG|Centify
17:09:00.13 (341178842)|ENTERING_MANAGED_PKG|Centify
17:09:00.13 (341285535)|ENTERING_MANAGED_PKG|Centify
17:09:00.13 (341331937)|ENTERING_MANAGED_PKG|Centify
17:09:00.13 (352905646)|ENTERING_MANAGED_PKG|Centify
17:09:00.13 (353301096)|ENTERING_MANAGED_PKG|Centify
17:09:00.13 (354523362)|ENTERING_MANAGED_PKG|Centify
17:09:00.13 (355383866)|ENTERING_MANAGED_PKG|Centify
17:09:00.13 (355439410)|ENTERING_MANAGED_PKG|Centify
17:09:00.13 (355541630)|ENTERING_MANAGED_PKG|Centify
17:09:00.13 (355587872)|ENTERING_MANAGED_PKG|Centify
17:09:00.13 (355725334)|ENTERING_MANAGED_PKG|Centify
17:09:00.13 (355981326)|ENTERING_MANAGED_PKG|Centify
17:09:00.13 (356195074)|ENTERING_MANAGED_PKG|Centify
17:09:00.13 (356407296)|ENTERING_MANAGED_PKG|Centify
17:09:00.13 (356612358)|ENTERING_MANAGED_PKG|Centify
17:09:00.13 (356751074)|ENTERING_MANAGED_PKG|Centify
17:09:00.13 (356879402)|ENTERING_MANAGED_PKG|Centify
17:09:00.13 (357065582)|ENTERING_MANAGED_PKG|Centify
17:09:00.13 (357251550)|ENTERING_MANAGED_PKG|Centify
17:09:00.13 (357388330)|ENTERING_MANAGED_PKG|Centify
17:09:00.13 (357537031)|ENTERING_MANAGED_PKG|Centify
17:09:00.13 (357707113)|ENTERING_MANAGED_PKG|Centify
17:09:00.13 (357934510)|ENTERING_MANAGED_PKG|Centify
17:09:00.13 (358136469)|ENTERING_MANAGED_PKG|Centify
17:09:00.13 (358263881)|ENTERING_MANAGED_PKG|Centify
17:09:00.13 (358414209)|ENTERING_MANAGED_PKG|Centify
17:09:00.13 (358618104)|ENTERING_MANAGED_PKG|Centify
17:09:00.13 (358849880)|ENTERING_MANAGED_PKG|Centify
17:09:00.13 (359053630)|ENTERING_MANAGED_PKG|Centify
17:09:00.13 (359249946)|ENTERING_MANAGED_PKG|Centify
17:09:00.13 (359388648)|ENTERING_MANAGED_PKG|Centify
17:09:00.13 (359576342)|ENTERING_MANAGED_PKG|Centify
17:09:00.13 (359738792)|ENTERING_MANAGED_PKG|Centify
17:09:00.13 (359970383)|ENTERING_MANAGED_PKG|Centify
17:09:00.13 (360133673)|ENTERING_MANAGED_PKG|Centify
17:09:00.13 (360314680)|ENTERING_MANAGED_PKG|Centify
17:09:00.13 (360532330)|ENTERING_MANAGED_PKG|Centify
17:09:00.13 (360669427)|ENTERING_MANAGED_PKG|Centify
17:09:00.13 (360828782)|ENTERING_MANAGED_PKG|Centify
17:09:00.13 (361027032)|ENTERING_MANAGED_PKG|Centify
17:09:00.13 (361090100)|ENTERING_MANAGED_PKG|Centify
17:09:00.13 (361160920)|ENTERING_MANAGED_PKG|Centify
17:09:00.13 (361203074)|ENTERING_MANAGED_PKG|Centify
17:09:00.13 (361265523)|ENTERING_MANAGED_PKG|Centify
17:09:00.13 (361317440)|ENTERING_MANAGED_PKG|Centify
17:09:00.13 (363869884)|ENTERING_MANAGED_PKG|Centify
17:09:00.13 (363908355)|ENTERING_MANAGED_PKG|Centify
17:09:00.13 (363943707)|ENTERING_MANAGED_PKG|Centify
17:09:00.13 (364031792)|ENTERING_MANAGED_PKG|Centify
17:09:00.13 (364221924)|ENTERING_MANAGED_PKG|Centify
17:09:00.13 (364314443)|ENTERING_MANAGED_PKG|Centify
17:09:00.13 (387949198)|ENTERING_MANAGED_PKG|Centify
17:09:00.13 (388028501)|ENTERING_MANAGED_PKG|Centify
17:09:00.13 (411437472)|ENTERING_MANAGED_PKG|Centify
17:09:00.13 (411582423)|ENTERING_MANAGED_PKG|Centify
17:09:00.13 (431437826)|ENTERING_MANAGED_PKG|Centify
17:09:00.13 (431505740)|ENTERING_MANAGED_PKG|Centify
17:09:00.13 (452677270)|ENTERING_MANAGED_PKG|Centify
17:09:00.13 (452954923)|ENTERING_MANAGED_PKG|Centify
17:09:00.13 (453162426)|ENTERING_MANAGED_PKG|Centify
17:09:00.13 (453289051)|ENTERING_MANAGED_PKG|Centify
17:09:00.13 (453471133)|ENTERING_MANAGED_PKG|Centify
17:09:00.13 (453605465)|ENTERING_MANAGED_PKG|Centify
17:09:00.13 (453712154)|ENTERING_MANAGED_PKG|Centify
17:09:00.13 (453815907)|ENTERING_MANAGED_PKG|Centify
17:09:00.13 (454081216)|ENTERING_MANAGED_PKG|Centify
17:09:00.13 (454369663)|ENTERING_MANAGED_PKG|Centify
17:09:00.13 (454649127)|ENTERING_MANAGED_PKG|Centify
17:09:00.13 (454714747)|ENTERING_MANAGED_PKG|Centify
17:09:00.13 (454865322)|ENTERING_MANAGED_PKG|Centify
17:09:00.13 (454913334)|ENTERING_MANAGED_PKG|Centify
17:09:00.13 (469117503)|ENTERING_MANAGED_PKG|Centify
17:09:00.13 (469533341)|ENTERING_MANAGED_PKG|Centify
17:09:00.13 (470896865)|ENTERING_MANAGED_PKG|Centify
17:09:00.13 (471799145)|ENTERING_MANAGED_PKG|Centify
17:09:00.13 (471883457)|ENTERING_MANAGED_PKG|Centify
17:09:00.13 (472054840)|ENTERING_MANAGED_PKG|Centify
17:09:00.13 (472137516)|ENTERING_MANAGED_PKG|Centify
17:09:00.13 (472356662)|ENTERING_MANAGED_PKG|Centify
17:09:00.13 (472660488)|ENTERING_MANAGED_PKG|Centify
17:09:00.13 (472935407)|ENTERING_MANAGED_PKG|Centify
17:09:00.13 (473211968)|ENTERING_MANAGED_PKG|Centify
17:09:00.13 (473483125)|ENTERING_MANAGED_PKG|Centify
17:09:00.13 (473720590)|ENTERING_MANAGED_PKG|Centify
17:09:00.13 (473935094)|ENTERING_MANAGED_PKG|Centify
17:09:00.13 (474173002)|ENTERING_MANAGED_PKG|Centify
17:09:00.13 (474439009)|ENTERING_MANAGED_PKG|Centify
17:09:00.13 (474689022)|ENTERING_MANAGED_PKG|Centify
17:09:00.13 (474902525)|ENTERING_MANAGED_PKG|Centify
17:09:00.13 (475077624)|ENTERING_MANAGED_PKG|Centify
17:09:00.13 (475345355)|ENTERING_MANAGED_PKG|Centify
17:09:00.13 (475592974)|ENTERING_MANAGED_PKG|Centify
17:09:00.13 (475852866)|ENTERING_MANAGED_PKG|Centify
17:09:00.13 (476067059)|ENTERING_MANAGED_PKG|Centify
17:09:00.13 (476210899)|ENTERING_MANAGED_PKG|Centify
17:09:00.13 (476413282)|ENTERING_MANAGED_PKG|Centify
17:09:00.13 (476619744)|ENTERING_MANAGED_PKG|Centify
17:09:00.13 (476787883)|ENTERING_MANAGED_PKG|Centify
17:09:00.13 (476946127)|ENTERING_MANAGED_PKG|Centify
17:09:00.13 (477096936)|ENTERING_MANAGED_PKG|Centify
17:09:00.13 (477314514)|ENTERING_MANAGED_PKG|Centify
17:09:00.13 (477469415)|ENTERING_MANAGED_PKG|Centify
17:09:00.13 (477667480)|ENTERING_MANAGED_PKG|Centify
17:09:00.13 (477802578)|ENTERING_MANAGED_PKG|Centify
17:09:00.13 (478066062)|ENTERING_MANAGED_PKG|Centify
17:09:00.13 (478342261)|ENTERING_MANAGED_PKG|Centify
17:09:00.13 (478584178)|ENTERING_MANAGED_PKG|Centify
17:09:00.13 (478808991)|ENTERING_MANAGED_PKG|Centify
17:09:00.13 (479034764)|ENTERING_MANAGED_PKG|Centify
17:09:00.13 (479279070)|ENTERING_MANAGED_PKG|Centify
17:09:00.13 (479368232)|ENTERING_MANAGED_PKG|Centify
17:09:00.13 (479444717)|ENTERING_MANAGED_PKG|Centify
17:09:00.13 (479500631)|ENTERING_MANAGED_PKG|Centify
17:09:00.13 (479606331)|ENTERING_MANAGED_PKG|Centify
17:09:00.13 (479679361)|ENTERING_MANAGED_PKG|Centify
17:09:00.13 (483096353)|ENTERING_MANAGED_PKG|Centify
17:09:00.13 (483169383)|ENTERING_MANAGED_PKG|Centify
17:09:00.13 (483219774)|ENTERING_MANAGED_PKG|Centify
17:09:00.13 (483311964)|ENTERING_MANAGED_PKG|Centify
17:09:00.13 (483554574)|ENTERING_MANAGED_PKG|Centify
17:09:00.13 (483689349)|ENTERING_MANAGED_PKG|Centify
17:09:00.13 (522248895)|ENTERING_MANAGED_PKG|Centify
17:09:00.13 (522328640)|ENTERING_MANAGED_PKG|Centify
17:09:00.13 (544640472)|ENTERING_MANAGED_PKG|Centify
17:09:00.13 (544758908)|ENTERING_MANAGED_PKG|Centify
17:09:00.13 (565024758)|ENTERING_MANAGED_PKG|Centify
17:09:00.13 (565088395)|ENTERING_MANAGED_PKG|Centify
17:09:00.13 (582293859)|ENTERING_MANAGED_PKG|Centify
17:09:00.13 (582423172)|ENTERING_MANAGED_PKG|Centify
17:09:00.13 (582513572)|ENTERING_MANAGED_PKG|Centify
17:09:00.13 (582601089)|ENTERING_MANAGED_PKG|Centify
17:09:00.13 (582711913)|ENTERING_MANAGED_PKG|Centify
17:09:00.13 (582796980)|ENTERING_MANAGED_PKG|Centify
17:09:00.13 (582879877)|ENTERING_MANAGED_PKG|Centify
17:09:00.13 (582962815)|ENTERING_MANAGED_PKG|Centify
17:09:00.13 (583107222)|ENTERING_MANAGED_PKG|Centify
17:09:00.13 (583232090)|ENTERING_MANAGED_PKG|Centify
17:09:00.13 (583377811)|ENTERING_MANAGED_PKG|Centify
17:09:00.13 (583416043)|ENTERING_MANAGED_PKG|Centify
17:09:00.13 (583494225)|ENTERING_MANAGED_PKG|Centify
17:09:00.13 (583521555)|ENTERING_MANAGED_PKG|Centify
17:09:00.13 (590987405)|ENTERING_MANAGED_PKG|Centify
17:09:00.13 (591260032)|ENTERING_MANAGED_PKG|Centify
17:09:00.13 (591710735)|ENTERING_MANAGED_PKG|Centify
17:09:00.13 (592363939)|ENTERING_MANAGED_PKG|Centify
17:09:00.13 (592418049)|ENTERING_MANAGED_PKG|Centify
17:09:00.13 (592516391)|ENTERING_MANAGED_PKG|Centify
17:09:00.13 (592560364)|ENTERING_MANAGED_PKG|Centify
17:09:00.13 (592678604)|ENTERING_MANAGED_PKG|Centify
17:09:00.13 (592831660)|ENTERING_MANAGED_PKG|Centify
17:09:00.13 (592961546)|ENTERING_MANAGED_PKG|Centify
17:09:00.13 (593087607)|ENTERING_MANAGED_PKG|Centify
17:09:00.13 (593209667)|ENTERING_MANAGED_PKG|Centify
17:09:00.13 (593335817)|ENTERING_MANAGED_PKG|Centify
17:09:00.13 (593467067)|ENTERING_MANAGED_PKG|Centify
17:09:00.13 (593591674)|ENTERING_MANAGED_PKG|Centify
17:09:00.13 (593714661)|ENTERING_MANAGED_PKG|Centify
17:09:00.13 (593837521)|ENTERING_MANAGED_PKG|Centify
17:09:00.13 (593957950)|ENTERING_MANAGED_PKG|Centify
17:09:00.13 (594107217)|ENTERING_MANAGED_PKG|Centify
17:09:00.13 (594267400)|ENTERING_MANAGED_PKG|Centify
17:09:00.13 (594418602)|ENTERING_MANAGED_PKG|Centify
17:09:00.13 (594559828)|ENTERING_MANAGED_PKG|Centify
17:09:00.13 (594698988)|ENTERING_MANAGED_PKG|Centify
17:09:00.13 (594838066)|ENTERING_MANAGED_PKG|Centify
17:09:00.13 (594961243)|ENTERING_MANAGED_PKG|Centify
17:09:00.13 (595083519)|ENTERING_MANAGED_PKG|Centify
17:09:00.13 (595207136)|ENTERING_MANAGED_PKG|Centify
17:09:00.13 (595332661)|ENTERING_MANAGED_PKG|Centify
17:09:00.13 (595459877)|ENTERING_MANAGED_PKG|Centify
17:09:00.13 (595582047)|ENTERING_MANAGED_PKG|Centify
17:09:00.13 (595703191)|ENTERING_MANAGED_PKG|Centify
17:09:00.13 (595823774)|ENTERING_MANAGED_PKG|Centify
17:09:00.13 (595944111)|ENTERING_MANAGED_PKG|Centify
17:09:00.13 (596066887)|ENTERING_MANAGED_PKG|Centify
17:09:00.13 (596188620)|ENTERING_MANAGED_PKG|Centify
17:09:00.13 (596324968)|ENTERING_MANAGED_PKG|Centify
17:09:00.13 (596458205)|ENTERING_MANAGED_PKG|Centify
17:09:00.13 (596573708)|ENTERING_MANAGED_PKG|Centify
17:09:00.13 (596708142)|ENTERING_MANAGED_PKG|Centify
17:09:00.13 (596836333)|ENTERING_MANAGED_PKG|Centify
17:09:00.13 (596958158)|ENTERING_MANAGED_PKG|Centify
17:09:00.13 (597079785)|ENTERING_MANAGED_PKG|Centify
17:09:00.13 (597200008)|ENTERING_MANAGED_PKG|Centify
17:09:00.13 (597324884)|ENTERING_MANAGED_PKG|Centify
17:09:00.13 (597453561)|ENTERING_MANAGED_PKG|Centify
17:09:00.13 (597574750)|ENTERING_MANAGED_PKG|Centify
17:09:00.13 (597697434)|ENTERING_MANAGED_PKG|Centify
17:09:00.13 (597817372)|ENTERING_MANAGED_PKG|Centify
17:09:00.13 (597938786)|ENTERING_MANAGED_PKG|Centify
17:09:00.13 (598079727)|ENTERING_MANAGED_PKG|Centify
17:09:00.13 (598161549)|ENTERING_MANAGED_PKG|Centify
17:09:00.13 (598210117)|ENTERING_MANAGED_PKG|Centify
17:09:00.13 (598235491)|ENTERING_MANAGED_PKG|Centify
17:09:00.13 (598262350)|ENTERING_MANAGED_PKG|Centify
17:09:00.13 (598275979)|ENTERING_MANAGED_PKG|Centify
17:09:00.13 (598594524)|ENTERING_MANAGED_PKG|Centify
17:09:00.13 (598622884)|ENTERING_MANAGED_PKG|Centify
17:09:00.13 (598635385)|ENTERING_MANAGED_PKG|Centify
17:09:00.13 (598722775)|ENTERING_MANAGED_PKG|Centify
17:09:00.13 (598860693)|ENTERING_MANAGED_PKG|Centify
17:09:00.13 (598884588)|ENTERING_MANAGED_PKG|Centify
17:09:00.13 (598909642)|ENTERING_MANAGED_PKG|Centify
17:09:00.13 (598921907)|ENTERING_MANAGED_PKG|Centify
17:09:00.13 (599298178)|ENTERING_MANAGED_PKG|Centify
17:09:00.13 (599329902)|ENTERING_MANAGED_PKG|Centify
17:09:00.13 (599342610)|ENTERING_MANAGED_PKG|Centify
17:09:00.13 (599429725)|ENTERING_MANAGED_PKG|Centify
17:09:00.13 (599565125)|ENTERING_MANAGED_PKG|Centify
17:09:00.13 (599589882)|ENTERING_MANAGED_PKG|Centify
17:09:00.13 (599614624)|ENTERING_MANAGED_PKG|Centify
17:09:00.13 (599626965)|ENTERING_MANAGED_PKG|Centify
17:09:00.13 (600098758)|ENTERING_MANAGED_PKG|Centify
17:09:00.13 (600125109)|ENTERING_MANAGED_PKG|Centify
17:09:00.13 (600137508)|ENTERING_MANAGED_PKG|Centify
17:09:00.13 (600218357)|ENTERING_MANAGED_PKG|Centify
17:09:00.13 (600359339)|ENTERING_MANAGED_PKG|Centify
17:09:00.13 (600385974)|ENTERING_MANAGED_PKG|Centify
17:09:00.13 (600410764)|ENTERING_MANAGED_PKG|Centify
17:09:00.13 (600423399)|ENTERING_MANAGED_PKG|Centify
17:09:00.13 (601009926)|ENTERING_MANAGED_PKG|Centify
17:09:00.13 (601036733)|ENTERING_MANAGED_PKG|Centify
17:09:00.13 (601049129)|ENTERING_MANAGED_PKG|Centify
17:09:00.13 (601130845)|ENTERING_MANAGED_PKG|Centify
17:09:00.13 (601267137)|ENTERING_MANAGED_PKG|Centify
17:09:00.13 (601291201)|ENTERING_MANAGED_PKG|Centify
17:09:00.13 (601320325)|ENTERING_MANAGED_PKG|Centify
17:09:00.13 (601333852)|ENTERING_MANAGED_PKG|Centify
17:09:00.13 (602036267)|ENTERING_MANAGED_PKG|Centify
17:09:00.13 (602062768)|ENTERING_MANAGED_PKG|Centify
17:09:00.13 (602075554)|ENTERING_MANAGED_PKG|Centify
17:09:00.13 (602156568)|ENTERING_MANAGED_PKG|Centify
17:09:00.13 (602292913)|ENTERING_MANAGED_PKG|Centify
17:09:00.13 (602334460)|ENTERING_MANAGED_PKG|Centify
17:09:00.13 (602362030)|ENTERING_MANAGED_PKG|Centify
17:09:00.13 (602376501)|ENTERING_MANAGED_PKG|Centify
17:09:00.13 (603193850)|ENTERING_MANAGED_PKG|Centify
17:09:00.13 (603221073)|ENTERING_MANAGED_PKG|Centify
17:09:00.13 (603233686)|ENTERING_MANAGED_PKG|Centify
17:09:00.13 (603320179)|ENTERING_MANAGED_PKG|Centify
17:09:00.13 (603455282)|ENTERING_MANAGED_PKG|Centify
17:09:00.13 (603578688)|ENTERING_MANAGED_PKG|Centify
17:09:00.13 (603702550)|ENTERING_MANAGED_PKG|Centify
17:09:00.13 (603824312)|ENTERING_MANAGED_PKG|Centify
17:09:00.13 (603946450)|ENTERING_MANAGED_PKG|Centify
17:09:00.13 (604066690)|ENTERING_MANAGED_PKG|Centify
17:09:00.13 (604187690)|ENTERING_MANAGED_PKG|Centify
17:09:00.13 (604316612)|ENTERING_MANAGED_PKG|Centify
17:09:00.13 (604443060)|ENTERING_MANAGED_PKG|Centify
17:09:00.13 (604564700)|ENTERING_MANAGED_PKG|Centify
17:09:00.13 (604685596)|ENTERING_MANAGED_PKG|Centify
17:09:00.13 (604805582)|ENTERING_MANAGED_PKG|Centify
17:09:00.13 (604924951)|ENTERING_MANAGED_PKG|Centify
17:09:00.13 (605051608)|ENTERING_MANAGED_PKG|Centify
17:09:00.13 (605109967)|ENTERING_MANAGED_PKG|Centify
17:09:00.13 (605145474)|ENTERING_MANAGED_PKG|Centify
17:09:00.13 (605170791)|ENTERING_MANAGED_PKG|Centify
17:09:00.13 (605348261)|ENTERING_MANAGED_PKG|Centify
17:09:00.13 (605382315)|ENTERING_MANAGED_PKG|Centify
17:09:00.13 (607365762)|ENTERING_MANAGED_PKG|Centify
17:09:00.13 (607402819)|ENTERING_MANAGED_PKG|Centify
17:09:00.13 (607428053)|ENTERING_MANAGED_PKG|Centify
17:09:00.13 (607504696)|ENTERING_MANAGED_PKG|Centify
17:09:00.13 (607533278)|ENTERING_MANAGED_PKG|Centify
17:09:00.13 (607608837)|ENTERING_MANAGED_PKG|Centify
17:09:00.13 (607635581)|ENTERING_MANAGED_PKG|Centify
17:09:00.13 (614968927)|ENTERING_MANAGED_PKG|Centify
17:09:00.13 (615238165)|ENTERING_MANAGED_PKG|Centify
17:09:00.13 (615688583)|ENTERING_MANAGED_PKG|Centify
17:09:00.13 (616242075)|ENTERING_MANAGED_PKG|Centify
17:09:00.13 (616292891)|ENTERING_MANAGED_PKG|Centify
17:09:00.13 (616398143)|ENTERING_MANAGED_PKG|Centify
17:09:00.13 (616443076)|ENTERING_MANAGED_PKG|Centify
17:09:00.13 (616558133)|ENTERING_MANAGED_PKG|Centify
17:09:00.13 (616710392)|ENTERING_MANAGED_PKG|Centify
17:09:00.13 (616838294)|ENTERING_MANAGED_PKG|Centify
17:09:00.13 (616961484)|ENTERING_MANAGED_PKG|Centify
17:09:00.13 (617084839)|ENTERING_MANAGED_PKG|Centify
17:09:00.13 (617209480)|ENTERING_MANAGED_PKG|Centify
17:09:00.13 (617337288)|ENTERING_MANAGED_PKG|Centify
17:09:00.13 (617468243)|ENTERING_MANAGED_PKG|Centify
17:09:00.13 (617592747)|ENTERING_MANAGED_PKG|Centify
17:09:00.13 (617713978)|ENTERING_MANAGED_PKG|Centify
17:09:00.13 (617824807)|ENTERING_MANAGED_PKG|Centify
17:09:00.13 (617948430)|ENTERING_MANAGED_PKG|Centify
17:09:00.13 (618075901)|ENTERING_MANAGED_PKG|Centify
17:09:00.13 (618199395)|ENTERING_MANAGED_PKG|Centify
17:09:00.13 (618324712)|ENTERING_MANAGED_PKG|Centify
17:09:00.13 (618449454)|ENTERING_MANAGED_PKG|Centify
17:09:00.13 (618569938)|ENTERING_MANAGED_PKG|Centify
17:09:00.13 (618689194)|ENTERING_MANAGED_PKG|Centify
17:09:00.13 (618808548)|ENTERING_MANAGED_PKG|Centify
17:09:00.13 (618928008)|ENTERING_MANAGED_PKG|Centify
17:09:00.13 (619046470)|ENTERING_MANAGED_PKG|Centify
17:09:00.13 (619168051)|ENTERING_MANAGED_PKG|Centify
17:09:00.13 (619209708)|ENTERING_MANAGED_PKG|Centify
17:09:00.13 (619246477)|ENTERING_MANAGED_PKG|Centify
17:09:00.13 (619271421)|ENTERING_MANAGED_PKG|Centify
17:09:00.13 (619326624)|ENTERING_MANAGED_PKG|Centify
17:09:00.13 (619371494)|ENTERING_MANAGED_PKG|Centify
17:09:00.13 (620716149)|ENTERING_MANAGED_PKG|Centify
17:09:00.13 (620748972)|ENTERING_MANAGED_PKG|Centify
17:09:00.13 (620773926)|ENTERING_MANAGED_PKG|Centify
17:09:00.13 (620846109)|ENTERING_MANAGED_PKG|Centify
17:09:00.13 (620923378)|ENTERING_MANAGED_PKG|Centify
17:09:00.13 (621032007)|ENTERING_MANAGED_PKG|Centify
17:09:00.13 (621117639)|ENTERING_MANAGED_PKG|Centify
17:09:00.13 (621144991)|ENTERING_MANAGED_PKG|Centify
17:09:00.13 (628368401)|ENTERING_MANAGED_PKG|Centify
17:09:00.13 (628649133)|ENTERING_MANAGED_PKG|Centify
17:09:00.13 (629231161)|ENTERING_MANAGED_PKG|Centify
17:09:00.13 (629883843)|ENTERING_MANAGED_PKG|Centify
17:09:00.13 (629935184)|ENTERING_MANAGED_PKG|Centify
17:09:00.13 (630033655)|ENTERING_MANAGED_PKG|Centify
17:09:00.13 (630077645)|ENTERING_MANAGED_PKG|Centify
17:09:00.13 (630193509)|ENTERING_MANAGED_PKG|Centify
17:09:00.13 (630354144)|ENTERING_MANAGED_PKG|Centify
17:09:00.13 (630486479)|ENTERING_MANAGED_PKG|Centify
17:09:00.13 (630613388)|ENTERING_MANAGED_PKG|Centify
17:09:00.13 (630737317)|ENTERING_MANAGED_PKG|Centify
17:09:00.13 (630859402)|ENTERING_MANAGED_PKG|Centify
17:09:00.13 (630979610)|ENTERING_MANAGED_PKG|Centify
17:09:00.13 (631102704)|ENTERING_MANAGED_PKG|Centify
17:09:00.13 (631227357)|ENTERING_MANAGED_PKG|Centify
17:09:00.13 (631353957)|ENTERING_MANAGED_PKG|Centify
17:09:00.13 (631483079)|ENTERING_MANAGED_PKG|Centify
17:09:00.13 (631605960)|ENTERING_MANAGED_PKG|Centify
17:09:00.13 (631727021)|ENTERING_MANAGED_PKG|Centify
17:09:00.13 (631848801)|ENTERING_MANAGED_PKG|Centify
17:09:00.13 (631970895)|ENTERING_MANAGED_PKG|Centify
17:09:00.13 (632093169)|ENTERING_MANAGED_PKG|Centify
17:09:00.13 (632207766)|ENTERING_MANAGED_PKG|Centify
17:09:00.13 (632342884)|ENTERING_MANAGED_PKG|Centify
17:09:00.13 (632475852)|ENTERING_MANAGED_PKG|Centify
17:09:00.13 (632598634)|ENTERING_MANAGED_PKG|Centify
17:09:00.13 (632720239)|ENTERING_MANAGED_PKG|Centify
17:09:00.13 (632841191)|ENTERING_MANAGED_PKG|Centify
17:09:00.13 (632962225)|ENTERING_MANAGED_PKG|Centify
17:09:00.13 (633080620)|ENTERING_MANAGED_PKG|Centify
17:09:00.13 (633202152)|ENTERING_MANAGED_PKG|Centify
17:09:00.13 (633326928)|ENTERING_MANAGED_PKG|Centify
17:09:00.13 (633454207)|ENTERING_MANAGED_PKG|Centify
17:09:00.13 (633576399)|ENTERING_MANAGED_PKG|Centify
17:09:00.13 (633696472)|ENTERING_MANAGED_PKG|Centify
17:09:00.13 (633816872)|ENTERING_MANAGED_PKG|Centify
17:09:00.13 (633937986)|ENTERING_MANAGED_PKG|Centify
17:09:00.13 (634095509)|ENTERING_MANAGED_PKG|Centify
17:09:00.13 (634261325)|ENTERING_MANAGED_PKG|Centify
17:09:00.13 (634428587)|ENTERING_MANAGED_PKG|Centify
17:09:00.13 (634474276)|ENTERING_MANAGED_PKG|Centify
17:09:00.13 (634510159)|ENTERING_MANAGED_PKG|Centify
17:09:00.13 (634536672)|ENTERING_MANAGED_PKG|Centify
17:09:00.13 (634590473)|ENTERING_MANAGED_PKG|Centify
17:09:00.13 (634632262)|ENTERING_MANAGED_PKG|Centify
17:09:00.13 (636340008)|ENTERING_MANAGED_PKG|Centify
17:09:00.13 (636375785)|ENTERING_MANAGED_PKG|Centify
17:09:00.13 (636402225)|ENTERING_MANAGED_PKG|Centify
17:09:00.13 (636455783)|ENTERING_MANAGED_PKG|Centify
17:09:00.13 (636583772)|ENTERING_MANAGED_PKG|Centify
17:09:00.13 (636657612)|ENTERING_MANAGED_PKG|Centify
17:09:00.13 (651927735)|ENTERING_MANAGED_PKG|Centify
17:09:00.13 (651977420)|ENTERING_MANAGED_PKG|Centify
17:09:00.13 (667435619)|ENTERING_MANAGED_PKG|Centify
17:09:00.13 (667481619)|ENTERING_MANAGED_PKG|Centify
17:09:00.13 (667560473)|ENTERING_MANAGED_PKG|Centify
17:09:00.13 (667590665)|ENTERING_MANAGED_PKG|Centify
17:09:00.13 (674749461)|ENTERING_MANAGED_PKG|Centify
17:09:00.13 (675015544)|ENTERING_MANAGED_PKG|Centify
17:09:00.13 (675469007)|ENTERING_MANAGED_PKG|Centify
17:09:00.13 (676022723)|ENTERING_MANAGED_PKG|Centify
17:09:00.13 (676073321)|ENTERING_MANAGED_PKG|Centify
17:09:00.13 (676167488)|ENTERING_MANAGED_PKG|Centify
17:09:00.13 (676211662)|ENTERING_MANAGED_PKG|Centify
17:09:00.13 (676333004)|ENTERING_MANAGED_PKG|Centify
17:09:00.13 (676492219)|ENTERING_MANAGED_PKG|Centify
17:09:00.13 (676621452)|ENTERING_MANAGED_PKG|Centify
17:09:00.13 (676744495)|ENTERING_MANAGED_PKG|Centify
17:09:00.13 (676867946)|ENTERING_MANAGED_PKG|Centify
17:09:00.13 (676996594)|ENTERING_MANAGED_PKG|Centify
17:09:00.13 (677119580)|ENTERING_MANAGED_PKG|Centify
17:09:00.13 (677242885)|ENTERING_MANAGED_PKG|Centify
17:09:00.13 (677368630)|ENTERING_MANAGED_PKG|Centify
17:09:00.13 (677495473)|ENTERING_MANAGED_PKG|Centify
17:09:00.13 (677616967)|ENTERING_MANAGED_PKG|Centify
17:09:00.13 (677728495)|ENTERING_MANAGED_PKG|Centify
17:09:00.13 (677853015)|ENTERING_MANAGED_PKG|Centify
17:09:00.13 (677980802)|ENTERING_MANAGED_PKG|Centify
17:09:00.13 (678100158)|ENTERING_MANAGED_PKG|Centify
17:09:00.13 (678219867)|ENTERING_MANAGED_PKG|Centify
17:09:00.13 (678346422)|ENTERING_MANAGED_PKG|Centify
17:09:00.13 (678470065)|ENTERING_MANAGED_PKG|Centify
17:09:00.13 (678590529)|ENTERING_MANAGED_PKG|Centify
17:09:00.13 (678710636)|ENTERING_MANAGED_PKG|Centify
17:09:00.13 (678830035)|ENTERING_MANAGED_PKG|Centify
17:09:00.13 (678948315)|ENTERING_MANAGED_PKG|Centify
17:09:00.13 (679065750)|ENTERING_MANAGED_PKG|Centify
17:09:00.13 (679188538)|ENTERING_MANAGED_PKG|Centify
17:09:00.13 (679230716)|ENTERING_MANAGED_PKG|Centify
17:09:00.13 (679266218)|ENTERING_MANAGED_PKG|Centify
17:09:00.13 (679291959)|ENTERING_MANAGED_PKG|Centify
17:09:00.13 (679349947)|ENTERING_MANAGED_PKG|Centify
17:09:00.13 (679396966)|ENTERING_MANAGED_PKG|Centify
17:09:00.13 (680709430)|ENTERING_MANAGED_PKG|Centify
17:09:00.13 (680742152)|ENTERING_MANAGED_PKG|Centify
17:09:00.13 (680767199)|ENTERING_MANAGED_PKG|Centify
17:09:00.13 (680841755)|ENTERING_MANAGED_PKG|Centify
17:09:00.13 (680903241)|ENTERING_MANAGED_PKG|Centify
17:09:00.13 (680959249)|ENTERING_MANAGED_PKG|Centify
17:09:00.13 (681208310)|ENTERING_MANAGED_PKG|Centify
17:09:00.13 (681427315)|ENTERING_MANAGED_PKG|Centify
17:09:00.13 (681475007)|ENTERING_MANAGED_PKG|Centify
17:09:00.13 (681602880)|ENTERING_MANAGED_PKG|Centify
17:09:00.13 (743973339)|ENTERING_MANAGED_PKG|Centify
17:09:00.13 (744105613)|ENTERING_MANAGED_PKG|Centify
17:09:00.13 (744255368)|ENTERING_MANAGED_PKG|Centify
17:09:00.13 (790750246)|ENTERING_MANAGED_PKG|Centify
17:09:00.13 (790863466)|ENTERING_MANAGED_PKG|Centify
17:09:00.13 (790985991)|ENTERING_MANAGED_PKG|Centify
17:09:00.13 (832965006)|ENTERING_MANAGED_PKG|Centify
17:09:00.13 (833091997)|ENTERING_MANAGED_PKG|Centify
17:09:00.13 (833224659)|ENTERING_MANAGED_PKG|Centify
17:09:00.13 (879552396)|ENTERING_MANAGED_PKG|Centify
17:09:00.13 (879720386)|ENTERING_MANAGED_PKG|Centify
17:09:00.13 (879867701)|ENTERING_MANAGED_PKG|Centify
17:09:00.13 (935632920)|ENTERING_MANAGED_PKG|Centify
17:09:00.13 (935767868)|ENTERING_MANAGED_PKG|Centify
17:09:00.13 (935908856)|ENTERING_MANAGED_PKG|Centify
17:09:00.13 (970033764)|ENTERING_MANAGED_PKG|Centify
17:09:00.13 (970134657)|ENTERING_MANAGED_PKG|Centify
17:09:00.13 (970231766)|ENTERING_MANAGED_PKG|Centify
17:09:00.13 (1002970373)|ENTERING_MANAGED_PKG|Centify
17:09:00.13 (1003093680)|ENTERING_MANAGED_PKG|Centify
17:09:00.13 (1003211924)|ENTERING_MANAGED_PKG|Centify
17:09:01.38 (1038603494)|ENTERING_MANAGED_PKG|Centify
17:09:01.38 (1038793415)|ENTERING_MANAGED_PKG|Centify
17:09:01.38 (1038852056)|ENTERING_MANAGED_PKG|Centify
17:09:01.38 (1038884949)|ENTERING_MANAGED_PKG|Centify
17:09:01.38 (1038938252)|ENTERING_MANAGED_PKG|Centify
17:09:01.38 (1039084514)|ENTERING_MANAGED_PKG|Centify
17:09:01.38 (1039973712)|SOQL_EXECUTE_BEGIN|[28]|Aggregations:0|SELECT Id FROM ApexClass WHERE Name = :tmpVar1
17:09:01.38 (1046556022)|SOQL_EXECUTE_END|[28]|Rows:1
17:09:01.38 (1047162821)|SOQL_EXECUTE_BEGIN|[49]|Aggregations:0|SELECT COUNT() FROM AsyncApexJob WHERE (ApexClassId = :tmpVar1 AND Status IN ('Queued', 'Holding', 'Preparing', 'Processing'))
17:09:01.38 (1051036115)|SOQL_EXECUTE_END|[49]|Rows:0
17:09:01.38 (1051167206)|ENTERING_MANAGED_PKG|Centify
17:09:01.38 (1055504418)|ENTERING_MANAGED_PKG|Centify
17:09:01.38 (1055583568)|ENTERING_MANAGED_PKG|Centify
17:09:01.38 (1055712651)|ENTERING_MANAGED_PKG|Centify
17:09:01.38 (1079083522)|ENTERING_MANAGED_PKG|Centify
17:09:01.38 (1080573618)|ENTERING_MANAGED_PKG|Centify
17:09:01.38 (1080636388)|ENTERING_MANAGED_PKG|Centify
17:09:01.38 (1080811488)|ENTERING_MANAGED_PKG|Centify
17:09:01.38 (1081619258)|ENTERING_MANAGED_PKG|Centify
17:09:01.38 (1081665165)|ENTERING_MANAGED_PKG|Centify
17:09:01.38 (1081741953)|ENTERING_MANAGED_PKG|Centify
17:09:01.38 (1082461844)|ENTERING_MANAGED_PKG|Centify
17:09:01.38 (1085255711)|SOQL_EXECUTE_BEGIN|[16]|Aggregations:0|SELECT Id, CronExpression, CronJobDetail.Name FROM CronTrigger WHERE CronJobDetail.Name LIKE '%Spinify%'
17:09:01.38 (1093013084)|SOQL_EXECUTE_END|[16]|Rows:10
17:09:01.38 (1093565231)|ENTERING_MANAGED_PKG|Centify
17:09:01.38 (1093722255)|ENTERING_MANAGED_PKG|Centify
17:09:01.38 (1093804030)|ENTERING_MANAGED_PKG|Centify
17:09:01.38 (1094205439)|ENTERING_MANAGED_PKG|Centify
17:09:01.38 (1094354893)|ENTERING_MANAGED_PKG|Centify
17:09:01.38 (1094503618)|ENTERING_MANAGED_PKG|Centify
17:09:01.38 (1094636477)|ENTERING_MANAGED_PKG|Centify
17:09:01.38 (1095821087)|ENTERING_MANAGED_PKG|Centify
17:09:01.175 (1175643554)|CUMULATIVE_LIMIT_USAGE
17:09:01.175 (1175643554)|LIMIT_USAGE_FOR_NS|(default)|
  Number of SOQL queries: 0 out of 100
  Number of query rows: 0 out of 50000
  Number of SOSL queries: 0 out of 20
  Number of DML statements: 0 out of 150
  Number of DML rows: 0 out of 10000
  Maximum CPU time: 571 out of 10000
  Maximum heap size: 0 out of 6000000
  Number of callouts: 0 out of 100
  Number of Email Invocations: 0 out of 10
  Number of future calls: 0 out of 50
  Number of queueable jobs added to the queue: 0 out of 50
  Number of Mobile Apex push calls: 0 out of 10

17:09:01.175 (1175643554)|LIMIT_USAGE_FOR_NS|Centify|
  Number of SOQL queries: 5 out of 100
  Number of query rows: 14 out of 50000
  Number of SOSL queries: 0 out of 20
  Number of DML statements: 1 out of 150
  Number of DML rows: 1 out of 10000
  Maximum CPU time: 0 out of 10000
  Maximum heap size: 0 out of 6000000
  Number of callouts: 0 out of 100
  Number of Email Invocations: 0 out of 10
  Number of future calls: 0 out of 50
  Number of queueable jobs added to the queue: 0 out of 50
  Number of Mobile Apex push calls: 0 out of 10

17:09:01.175 (1175643554)|CUMULATIVE_LIMIT_USAGE_END

