37.0 APEX_CODE,FINEST;APEX_PROFILING,INFO;CALLOUT,INFO;DB,INFO;NBA,INFO;SYSTEM,DEBUG;VALIDATION,INFO;VISUALFORCE,INFO;WAVE,INFO;WORKFLOW,INFO
18:47:06.28 (28285122)|ENTERING_MANAGED_PKG|Centify
18:47:06.28 (33013263)|ENTERING_MANAGED_PKG|Centify
18:47:06.28 (41977373)|ENTERING_MANAGED_PKG|Centify
18:47:06.28 (42196363)|ENTERING_MANAGED_PKG|Centify
18:47:06.28 (42411096)|ENTERING_MANAGED_PKG|Centify
18:47:06.28 (43247070)|ENTERING_MANAGED_PKG|Centify
18:47:06.28 (43600554)|ENTERING_MANAGED_PKG|Centify
18:47:06.28 (43640935)|ENTERING_MANAGED_PKG|Centify
18:47:06.28 (43763829)|ENTERING_MANAGED_PKG|Centify
18:47:06.28 (43832699)|ENTERING_MANAGED_PKG|Centify
18:47:06.28 (43890656)|ENTERING_MANAGED_PKG|Centify
18:47:06.28 (43918729)|ENTERING_MANAGED_PKG|Centify
18:47:06.28 (43945870)|ENTERING_MANAGED_PKG|Centify
18:47:06.28 (44186566)|ENTERING_MANAGED_PKG|Centify
18:47:06.28 (89472530)|ENTERING_MANAGED_PKG|Centify
18:47:06.28 (89651646)|ENTERING_MANAGED_PKG|Centify
18:47:06.28 (89811311)|ENTERING_MANAGED_PKG|Centify
18:47:06.28 (89869333)|ENTERING_MANAGED_PKG|Centify
18:47:06.28 (324066651)|ENTERING_MANAGED_PKG|Centify
18:47:06.28 (410233282)|ENTERING_MANAGED_PKG|Centify
18:47:06.28 (422912464)|ENTERING_MANAGED_PKG|Centify
18:47:06.28 (422972038)|ENTERING_MANAGED_PKG|Centify
18:47:06.28 (423055328)|ENTERING_MANAGED_PKG|Centify
18:47:06.28 (423090392)|ENTERING_MANAGED_PKG|Centify
18:47:06.28 (423157454)|ENTERING_MANAGED_PKG|Centify
18:47:06.28 (456070662)|ENTERING_MANAGED_PKG|Centify
18:47:06.28 (470639976)|ENTERING_MANAGED_PKG|Centify
18:47:06.28 (470695486)|ENTERING_MANAGED_PKG|Centify
18:47:06.28 (470775389)|ENTERING_MANAGED_PKG|Centify
18:47:06.28 (470810897)|ENTERING_MANAGED_PKG|Centify
18:47:06.28 (470876205)|ENTERING_MANAGED_PKG|Centify
18:47:06.28 (508890775)|ENTERING_MANAGED_PKG|Centify
18:47:06.28 (526016734)|ENTERING_MANAGED_PKG|Centify
18:47:06.28 (526072307)|ENTERING_MANAGED_PKG|Centify
18:47:06.28 (526153451)|ENTERING_MANAGED_PKG|Centify
18:47:06.28 (526190206)|ENTERING_MANAGED_PKG|Centify
18:47:06.28 (526298825)|ENTERING_MANAGED_PKG|Centify
18:47:06.28 (561151885)|ENTERING_MANAGED_PKG|Centify
18:47:06.28 (578001211)|ENTERING_MANAGED_PKG|Centify
18:47:06.28 (578057172)|ENTERING_MANAGED_PKG|Centify
18:47:06.28 (578135832)|ENTERING_MANAGED_PKG|Centify
18:47:06.28 (578169724)|ENTERING_MANAGED_PKG|Centify
18:47:06.28 (578254221)|ENTERING_MANAGED_PKG|Centify
18:47:06.28 (615585876)|ENTERING_MANAGED_PKG|Centify
18:47:06.28 (633447641)|ENTERING_MANAGED_PKG|Centify
18:47:06.28 (633504067)|ENTERING_MANAGED_PKG|Centify
18:47:06.28 (633583048)|ENTERING_MANAGED_PKG|Centify
18:47:06.28 (633617528)|ENTERING_MANAGED_PKG|Centify
18:47:06.28 (633680754)|ENTERING_MANAGED_PKG|Centify
18:47:06.28 (666310851)|ENTERING_MANAGED_PKG|Centify
18:47:06.28 (682386560)|ENTERING_MANAGED_PKG|Centify
18:47:06.28 (682444200)|ENTERING_MANAGED_PKG|Centify
18:47:06.28 (682524582)|ENTERING_MANAGED_PKG|Centify
18:47:06.28 (682558108)|ENTERING_MANAGED_PKG|Centify
18:47:06.28 (682639267)|ENTERING_MANAGED_PKG|Centify
18:47:06.28 (722766366)|ENTERING_MANAGED_PKG|Centify
18:47:06.28 (740105497)|ENTERING_MANAGED_PKG|Centify
18:47:06.28 (740170961)|ENTERING_MANAGED_PKG|Centify
18:47:06.28 (740284593)|ENTERING_MANAGED_PKG|Centify
18:47:06.28 (740325616)|ENTERING_MANAGED_PKG|Centify
18:47:06.28 (740422287)|ENTERING_MANAGED_PKG|Centify
18:47:06.28 (787012289)|ENTERING_MANAGED_PKG|Centify
18:47:06.28 (787111251)|ENTERING_MANAGED_PKG|Centify
18:47:06.28 (787326708)|ENTERING_MANAGED_PKG|Centify
18:47:06.28 (787370788)|ENTERING_MANAGED_PKG|Centify
18:47:06.28 (787582063)|ENTERING_MANAGED_PKG|Centify
18:47:06.28 (787647944)|ENTERING_MANAGED_PKG|Centify
18:47:06.28 (787711798)|ENTERING_MANAGED_PKG|Centify
18:47:06.28 (793520537)|ENTERING_MANAGED_PKG|Centify
18:47:06.28 (793632923)|ENTERING_MANAGED_PKG|Centify
18:47:06.28 (805103702)|ENTERING_MANAGED_PKG|Centify
18:47:06.28 (805415676)|ENTERING_MANAGED_PKG|Centify
18:47:06.28 (806368591)|ENTERING_MANAGED_PKG|Centify
18:47:06.28 (807433154)|SOQL_EXECUTE_BEGIN|[16]|Aggregations:0|select id,lastmodifieddate,isdeleted,name,ownerid,has_the_save_strategy_been_implemented__c,status__c,product_type__c from Cases__c where LastModifiedDate >2018-09-28T07:30:24Z AND LastModifiedDate < 2018-09-28T08:47:11Z  ORDER BY SystemModStamp DESC LIMIT 5000  ALL ROWS
18:47:06.28 (815865132)|SOQL_EXECUTE_END|[16]|Rows:0
18:47:06.840 (840054663)|CUMULATIVE_LIMIT_USAGE
18:47:06.840 (840054663)|LIMIT_USAGE_FOR_NS|(default)|
  Number of SOQL queries: 0 out of 200
  Number of query rows: 0 out of 50000
  Number of SOSL queries: 0 out of 20
  Number of DML statements: 0 out of 150
  Number of DML rows: 0 out of 10000
  Maximum CPU time: 0 out of 60000
  Maximum heap size: 0 out of 12000000
  Number of callouts: 0 out of 0
  Number of Email Invocations: 0 out of 10
  Number of future calls: 0 out of 0
  Number of queueable jobs added to the queue: 0 out of 1
  Number of Mobile Apex push calls: 0 out of 10

18:47:06.840 (840054663)|LIMIT_USAGE_FOR_NS|Centify|
  Number of SOQL queries: 0 out of 200
  Number of query rows: 0 out of 50000
  Number of SOSL queries: 0 out of 20
  Number of DML statements: 0 out of 150
  Number of DML rows: 0 out of 10000
  Maximum CPU time: 0 out of 60000
  Maximum heap size: 0 out of 12000000
  Number of callouts: 0 out of 0
  Number of Email Invocations: 0 out of 10
  Number of future calls: 0 out of 0
  Number of queueable jobs added to the queue: 0 out of 1
  Number of Mobile Apex push calls: 0 out of 10

18:47:06.840 (840054663)|CUMULATIVE_LIMIT_USAGE_END

