37.0 APEX_CODE,FINEST;APEX_PROFILING,INFO;CALLOUT,INFO;DB,INFO;NBA,INFO;SYSTEM,DEBUG;VALIDATION,INFO;VISUALFORCE,INFO;WAVE,INFO;WORKFLOW,INFO
16:56:00.12 (12715230)|ENTERING_MANAGED_PKG|Centify
16:56:00.12 (13520955)|ENTERING_MANAGED_PKG|Centify
16:56:00.12 (13570156)|ENTERING_MANAGED_PKG|Centify
16:56:00.12 (13886939)|ENTERING_MANAGED_PKG|Centify
16:56:00.12 (13934992)|ENTERING_MANAGED_PKG|Centify
16:56:00.12 (15053926)|ENTERING_MANAGED_PKG|Centify
16:56:00.12 (15127004)|ENTERING_MANAGED_PKG|Centify
16:56:00.12 (17576678)|ENTERING_MANAGED_PKG|Centify
16:56:00.12 (17998349)|ENTERING_MANAGED_PKG|Centify
16:56:00.12 (18126606)|ENTERING_MANAGED_PKG|Centify
16:56:00.12 (18173429)|ENTERING_MANAGED_PKG|Centify
16:56:00.12 (18740293)|ENTERING_MANAGED_PKG|Centify
16:56:00.12 (18789491)|ENTERING_MANAGED_PKG|Centify
16:56:00.12 (18925200)|ENTERING_MANAGED_PKG|Centify
16:56:00.12 (20693938)|ENTERING_MANAGED_PKG|Centify
16:56:00.12 (20729902)|ENTERING_MANAGED_PKG|Centify
16:56:00.12 (20818240)|ENTERING_MANAGED_PKG|Centify
16:56:00.12 (21528611)|ENTERING_MANAGED_PKG|Centify
16:56:00.12 (22565827)|ENTERING_MANAGED_PKG|Centify
16:56:00.12 (22604065)|ENTERING_MANAGED_PKG|Centify
16:56:00.12 (22657623)|ENTERING_MANAGED_PKG|Centify
16:56:00.12 (23114543)|ENTERING_MANAGED_PKG|Centify
16:56:00.12 (23142002)|ENTERING_MANAGED_PKG|Centify
16:56:00.12 (23189349)|ENTERING_MANAGED_PKG|Centify
16:56:00.12 (23697013)|ENTERING_MANAGED_PKG|Centify
16:56:00.12 (25324918)|ENTERING_MANAGED_PKG|Centify
16:56:00.12 (25690255)|ENTERING_MANAGED_PKG|Centify
16:56:00.12 (25777480)|ENTERING_MANAGED_PKG|Centify
16:56:00.12 (27322077)|ENTERING_MANAGED_PKG|Centify
16:56:00.12 (27358022)|ENTERING_MANAGED_PKG|Centify
16:56:00.12 (27413295)|ENTERING_MANAGED_PKG|Centify
16:56:00.12 (27477890)|ENTERING_MANAGED_PKG|Centify
16:56:00.12 (27617300)|ENTERING_MANAGED_PKG|Centify
16:56:00.12 (29140107)|SOQL_EXECUTE_BEGIN|[28]|Aggregations:0|SELECT Id FROM ApexClass WHERE Name = :tmpVar1
16:56:00.12 (36278443)|SOQL_EXECUTE_END|[28]|Rows:1
16:56:00.12 (36922403)|SOQL_EXECUTE_BEGIN|[49]|Aggregations:0|SELECT COUNT() FROM AsyncApexJob WHERE (ApexClassId = :tmpVar1 AND Status IN ('Queued', 'Holding', 'Preparing', 'Processing'))
16:56:00.12 (40985651)|SOQL_EXECUTE_END|[49]|Rows:0
16:56:00.12 (41070972)|ENTERING_MANAGED_PKG|Centify
16:56:00.12 (47182334)|ENTERING_MANAGED_PKG|Centify
16:56:00.12 (48005789)|ENTERING_MANAGED_PKG|Centify
16:56:00.12 (48654543)|ENTERING_MANAGED_PKG|Centify
16:56:00.12 (48798070)|ENTERING_MANAGED_PKG|Centify
16:56:00.12 (48846065)|ENTERING_MANAGED_PKG|Centify
16:56:00.12 (69602256)|ENTERING_MANAGED_PKG|Centify
16:56:00.12 (69794747)|ENTERING_MANAGED_PKG|Centify
16:56:00.12 (75926067)|ENTERING_MANAGED_PKG|Centify
16:56:00.12 (77578874)|ENTERING_MANAGED_PKG|Centify
16:56:00.12 (78476912)|ENTERING_MANAGED_PKG|Centify
16:56:00.12 (80000549)|ENTERING_MANAGED_PKG|Centify
16:56:00.12 (80091217)|ENTERING_MANAGED_PKG|Centify
16:56:00.12 (80125798)|ENTERING_MANAGED_PKG|Centify
16:56:00.12 (80240164)|ENTERING_MANAGED_PKG|Centify
16:56:00.12 (80292500)|ENTERING_MANAGED_PKG|Centify
16:56:00.12 (80465637)|ENTERING_MANAGED_PKG|Centify
16:56:00.12 (80648175)|ENTERING_MANAGED_PKG|Centify
16:56:00.12 (80767713)|ENTERING_MANAGED_PKG|Centify
16:56:00.12 (80878028)|ENTERING_MANAGED_PKG|Centify
16:56:00.12 (80998462)|ENTERING_MANAGED_PKG|Centify
16:56:00.12 (81106710)|ENTERING_MANAGED_PKG|Centify
16:56:00.12 (81213227)|ENTERING_MANAGED_PKG|Centify
16:56:00.12 (81320076)|ENTERING_MANAGED_PKG|Centify
16:56:00.12 (81425197)|ENTERING_MANAGED_PKG|Centify
16:56:00.12 (81532046)|ENTERING_MANAGED_PKG|Centify
16:56:00.12 (81638953)|ENTERING_MANAGED_PKG|Centify
16:56:00.12 (81746226)|ENTERING_MANAGED_PKG|Centify
16:56:00.12 (81857330)|ENTERING_MANAGED_PKG|Centify
16:56:00.12 (81976012)|ENTERING_MANAGED_PKG|Centify
16:56:00.12 (82085692)|ENTERING_MANAGED_PKG|Centify
16:56:00.12 (82978872)|ENTERING_MANAGED_PKG|Centify
16:56:00.12 (83151009)|ENTERING_MANAGED_PKG|Centify
16:56:00.12 (83267312)|ENTERING_MANAGED_PKG|Centify
16:56:00.12 (83374874)|ENTERING_MANAGED_PKG|Centify
16:56:00.12 (83485066)|ENTERING_MANAGED_PKG|Centify
16:56:00.12 (83608979)|ENTERING_MANAGED_PKG|Centify
16:56:00.12 (83744795)|ENTERING_MANAGED_PKG|Centify
16:56:00.12 (83852800)|ENTERING_MANAGED_PKG|Centify
16:56:00.12 (83965449)|ENTERING_MANAGED_PKG|Centify
16:56:00.12 (84072928)|ENTERING_MANAGED_PKG|Centify
16:56:00.12 (84178707)|ENTERING_MANAGED_PKG|Centify
16:56:00.12 (84284138)|ENTERING_MANAGED_PKG|Centify
16:56:00.12 (84392658)|ENTERING_MANAGED_PKG|Centify
16:56:00.12 (84500452)|ENTERING_MANAGED_PKG|Centify
16:56:00.12 (84633596)|ENTERING_MANAGED_PKG|Centify
16:56:00.12 (84700247)|ENTERING_MANAGED_PKG|Centify
16:56:00.12 (84755990)|ENTERING_MANAGED_PKG|Centify
16:56:00.12 (84795741)|ENTERING_MANAGED_PKG|Centify
16:56:00.12 (84906632)|ENTERING_MANAGED_PKG|Centify
16:56:00.12 (84968389)|ENTERING_MANAGED_PKG|Centify
16:56:00.12 (86623991)|ENTERING_MANAGED_PKG|Centify
16:56:00.12 (86662419)|ENTERING_MANAGED_PKG|Centify
16:56:00.12 (86715002)|ENTERING_MANAGED_PKG|Centify
16:56:00.12 (86794710)|ENTERING_MANAGED_PKG|Centify
16:56:00.12 (86964191)|ENTERING_MANAGED_PKG|Centify
16:56:00.12 (87137781)|ENTERING_MANAGED_PKG|Centify
16:56:00.12 (124604778)|ENTERING_MANAGED_PKG|Centify
16:56:00.12 (124677049)|ENTERING_MANAGED_PKG|Centify
16:56:00.12 (137850553)|ENTERING_MANAGED_PKG|Centify
16:56:00.12 (137907095)|ENTERING_MANAGED_PKG|Centify
16:56:00.12 (138053451)|ENTERING_MANAGED_PKG|Centify
16:56:00.12 (138084034)|ENTERING_MANAGED_PKG|Centify
16:56:00.12 (144327376)|ENTERING_MANAGED_PKG|Centify
16:56:00.12 (144553602)|ENTERING_MANAGED_PKG|Centify
16:56:00.12 (145263497)|ENTERING_MANAGED_PKG|Centify
16:56:00.12 (145827929)|ENTERING_MANAGED_PKG|Centify
16:56:00.12 (145873966)|ENTERING_MANAGED_PKG|Centify
16:56:00.12 (145970093)|ENTERING_MANAGED_PKG|Centify
16:56:00.12 (146010849)|ENTERING_MANAGED_PKG|Centify
16:56:00.12 (146115900)|ENTERING_MANAGED_PKG|Centify
16:56:00.12 (146250630)|ENTERING_MANAGED_PKG|Centify
16:56:00.12 (146366994)|ENTERING_MANAGED_PKG|Centify
16:56:00.12 (146474440)|ENTERING_MANAGED_PKG|Centify
16:56:00.12 (146581365)|ENTERING_MANAGED_PKG|Centify
16:56:00.12 (146692299)|ENTERING_MANAGED_PKG|Centify
16:56:00.12 (146798782)|ENTERING_MANAGED_PKG|Centify
16:56:00.12 (146903902)|ENTERING_MANAGED_PKG|Centify
16:56:00.12 (147019854)|ENTERING_MANAGED_PKG|Centify
16:56:00.12 (147129530)|ENTERING_MANAGED_PKG|Centify
16:56:00.12 (147236103)|ENTERING_MANAGED_PKG|Centify
16:56:00.12 (147343634)|ENTERING_MANAGED_PKG|Centify
16:56:00.12 (147460671)|ENTERING_MANAGED_PKG|Centify
16:56:00.12 (147588412)|ENTERING_MANAGED_PKG|Centify
16:56:00.12 (147705840)|ENTERING_MANAGED_PKG|Centify
16:56:00.12 (147816139)|ENTERING_MANAGED_PKG|Centify
16:56:00.12 (147985817)|ENTERING_MANAGED_PKG|Centify
16:56:00.12 (148127099)|ENTERING_MANAGED_PKG|Centify
16:56:00.12 (148257707)|ENTERING_MANAGED_PKG|Centify
16:56:00.12 (148372540)|ENTERING_MANAGED_PKG|Centify
16:56:00.12 (148483872)|ENTERING_MANAGED_PKG|Centify
16:56:00.12 (148588505)|ENTERING_MANAGED_PKG|Centify
16:56:00.12 (148724532)|ENTERING_MANAGED_PKG|Centify
16:56:00.12 (148854576)|ENTERING_MANAGED_PKG|Centify
16:56:00.12 (148969361)|ENTERING_MANAGED_PKG|Centify
16:56:00.12 (149076138)|ENTERING_MANAGED_PKG|Centify
16:56:00.12 (149184112)|ENTERING_MANAGED_PKG|Centify
16:56:00.12 (149319454)|ENTERING_MANAGED_PKG|Centify
16:56:00.12 (149448828)|ENTERING_MANAGED_PKG|Centify
16:56:00.12 (149565571)|ENTERING_MANAGED_PKG|Centify
16:56:00.12 (149601774)|ENTERING_MANAGED_PKG|Centify
16:56:00.12 (149635281)|ENTERING_MANAGED_PKG|Centify
16:56:00.12 (149659243)|ENTERING_MANAGED_PKG|Centify
16:56:00.12 (149704907)|ENTERING_MANAGED_PKG|Centify
16:56:00.12 (149745852)|ENTERING_MANAGED_PKG|Centify
16:56:00.12 (151327733)|ENTERING_MANAGED_PKG|Centify
16:56:00.12 (151359103)|ENTERING_MANAGED_PKG|Centify
16:56:00.12 (151383187)|ENTERING_MANAGED_PKG|Centify
16:56:00.12 (151431118)|ENTERING_MANAGED_PKG|Centify
16:56:00.12 (151554559)|ENTERING_MANAGED_PKG|Centify
16:56:00.12 (151624558)|ENTERING_MANAGED_PKG|Centify
16:56:00.12 (165022147)|ENTERING_MANAGED_PKG|Centify
16:56:00.12 (165067460)|ENTERING_MANAGED_PKG|Centify
16:56:00.12 (177598748)|ENTERING_MANAGED_PKG|Centify
16:56:00.12 (177683613)|ENTERING_MANAGED_PKG|Centify
16:56:00.12 (190268218)|ENTERING_MANAGED_PKG|Centify
16:56:00.12 (190314952)|ENTERING_MANAGED_PKG|Centify
16:56:00.12 (204256846)|ENTERING_MANAGED_PKG|Centify
16:56:00.12 (204416413)|ENTERING_MANAGED_PKG|Centify
16:56:00.12 (204614643)|ENTERING_MANAGED_PKG|Centify
16:56:00.12 (204752668)|ENTERING_MANAGED_PKG|Centify
16:56:00.12 (204885538)|ENTERING_MANAGED_PKG|Centify
16:56:00.12 (204925072)|ENTERING_MANAGED_PKG|Centify
16:56:00.12 (205002664)|ENTERING_MANAGED_PKG|Centify
16:56:00.12 (205028774)|ENTERING_MANAGED_PKG|Centify
16:56:00.12 (212234641)|ENTERING_MANAGED_PKG|Centify
16:56:00.12 (212515726)|ENTERING_MANAGED_PKG|Centify
16:56:00.12 (213286676)|ENTERING_MANAGED_PKG|Centify
16:56:00.12 (213915407)|ENTERING_MANAGED_PKG|Centify
16:56:00.12 (213971502)|ENTERING_MANAGED_PKG|Centify
16:56:00.12 (214067281)|ENTERING_MANAGED_PKG|Centify
16:56:00.12 (214110075)|ENTERING_MANAGED_PKG|Centify
16:56:00.12 (214216484)|ENTERING_MANAGED_PKG|Centify
16:56:00.12 (214356656)|ENTERING_MANAGED_PKG|Centify
16:56:00.12 (214469181)|ENTERING_MANAGED_PKG|Centify
16:56:00.12 (214577700)|ENTERING_MANAGED_PKG|Centify
16:56:00.12 (214685837)|ENTERING_MANAGED_PKG|Centify
16:56:00.12 (214792537)|ENTERING_MANAGED_PKG|Centify
16:56:00.12 (214901561)|ENTERING_MANAGED_PKG|Centify
16:56:00.12 (215017346)|ENTERING_MANAGED_PKG|Centify
16:56:00.12 (215126873)|ENTERING_MANAGED_PKG|Centify
16:56:00.12 (215285773)|ENTERING_MANAGED_PKG|Centify
16:56:00.12 (215456762)|ENTERING_MANAGED_PKG|Centify
16:56:00.12 (215598797)|ENTERING_MANAGED_PKG|Centify
16:56:00.12 (215722190)|ENTERING_MANAGED_PKG|Centify
16:56:00.12 (215846204)|ENTERING_MANAGED_PKG|Centify
16:56:00.12 (215961198)|ENTERING_MANAGED_PKG|Centify
16:56:00.12 (216073481)|ENTERING_MANAGED_PKG|Centify
16:56:00.12 (216183182)|ENTERING_MANAGED_PKG|Centify
16:56:00.12 (216358237)|ENTERING_MANAGED_PKG|Centify
16:56:00.12 (216484015)|ENTERING_MANAGED_PKG|Centify
16:56:00.12 (216608926)|ENTERING_MANAGED_PKG|Centify
16:56:00.12 (216732279)|ENTERING_MANAGED_PKG|Centify
16:56:00.12 (216894709)|ENTERING_MANAGED_PKG|Centify
16:56:00.12 (217040600)|ENTERING_MANAGED_PKG|Centify
16:56:00.12 (217153663)|ENTERING_MANAGED_PKG|Centify
16:56:00.12 (217261787)|ENTERING_MANAGED_PKG|Centify
16:56:00.12 (217422114)|ENTERING_MANAGED_PKG|Centify
16:56:00.12 (217588169)|ENTERING_MANAGED_PKG|Centify
16:56:00.12 (217732999)|ENTERING_MANAGED_PKG|Centify
16:56:00.12 (217879367)|ENTERING_MANAGED_PKG|Centify
16:56:00.12 (218013054)|ENTERING_MANAGED_PKG|Centify
16:56:00.12 (218142176)|ENTERING_MANAGED_PKG|Centify
16:56:00.12 (218310578)|ENTERING_MANAGED_PKG|Centify
16:56:00.12 (218445954)|ENTERING_MANAGED_PKG|Centify
16:56:00.12 (218591860)|ENTERING_MANAGED_PKG|Centify
16:56:00.12 (218716865)|ENTERING_MANAGED_PKG|Centify
16:56:00.12 (218829460)|ENTERING_MANAGED_PKG|Centify
16:56:00.12 (218935417)|ENTERING_MANAGED_PKG|Centify
16:56:00.12 (219052974)|ENTERING_MANAGED_PKG|Centify
16:56:00.12 (219166128)|ENTERING_MANAGED_PKG|Centify
16:56:00.12 (219273569)|ENTERING_MANAGED_PKG|Centify
16:56:00.12 (219379929)|ENTERING_MANAGED_PKG|Centify
16:56:00.12 (219487520)|ENTERING_MANAGED_PKG|Centify
16:56:00.12 (219593065)|ENTERING_MANAGED_PKG|Centify
16:56:00.12 (219700769)|ENTERING_MANAGED_PKG|Centify
16:56:00.12 (219804964)|ENTERING_MANAGED_PKG|Centify
16:56:00.12 (219910018)|ENTERING_MANAGED_PKG|Centify
16:56:00.12 (220023540)|ENTERING_MANAGED_PKG|Centify
16:56:00.12 (220152368)|ENTERING_MANAGED_PKG|Centify
16:56:00.12 (220265512)|ENTERING_MANAGED_PKG|Centify
16:56:00.12 (220372843)|ENTERING_MANAGED_PKG|Centify
16:56:00.12 (220502632)|ENTERING_MANAGED_PKG|Centify
16:56:00.12 (220610545)|ENTERING_MANAGED_PKG|Centify
16:56:00.12 (220717518)|ENTERING_MANAGED_PKG|Centify
16:56:00.12 (220824451)|ENTERING_MANAGED_PKG|Centify
16:56:00.12 (221119473)|ENTERING_MANAGED_PKG|Centify
16:56:00.12 (221165223)|ENTERING_MANAGED_PKG|Centify
16:56:00.12 (221291098)|ENTERING_MANAGED_PKG|Centify
16:56:00.12 (221379802)|ENTERING_MANAGED_PKG|Centify
16:56:00.12 (221440681)|ENTERING_MANAGED_PKG|Centify
16:56:00.12 (221487887)|ENTERING_MANAGED_PKG|Centify
16:56:00.12 (221516500)|ENTERING_MANAGED_PKG|Centify
16:56:00.12 (221861555)|ENTERING_MANAGED_PKG|Centify
16:56:00.12 (221894140)|ENTERING_MANAGED_PKG|Centify
16:56:00.12 (221914759)|ENTERING_MANAGED_PKG|Centify
16:56:00.12 (222030851)|ENTERING_MANAGED_PKG|Centify
16:56:00.12 (222168705)|ENTERING_MANAGED_PKG|Centify
16:56:00.12 (222191337)|ENTERING_MANAGED_PKG|Centify
16:56:00.12 (222215714)|ENTERING_MANAGED_PKG|Centify
16:56:00.12 (222228012)|ENTERING_MANAGED_PKG|Centify
16:56:00.12 (222559187)|ENTERING_MANAGED_PKG|Centify
16:56:00.12 (222584497)|ENTERING_MANAGED_PKG|Centify
16:56:00.12 (222596147)|ENTERING_MANAGED_PKG|Centify
16:56:00.12 (222669773)|ENTERING_MANAGED_PKG|Centify
16:56:00.12 (222794496)|ENTERING_MANAGED_PKG|Centify
16:56:00.12 (222816271)|ENTERING_MANAGED_PKG|Centify
16:56:00.12 (222840153)|ENTERING_MANAGED_PKG|Centify
16:56:00.12 (222852102)|ENTERING_MANAGED_PKG|Centify
16:56:00.12 (223272838)|ENTERING_MANAGED_PKG|Centify
16:56:00.12 (223298213)|ENTERING_MANAGED_PKG|Centify
16:56:00.12 (223310615)|ENTERING_MANAGED_PKG|Centify
16:56:00.12 (223386087)|ENTERING_MANAGED_PKG|Centify
16:56:00.12 (223509614)|ENTERING_MANAGED_PKG|Centify
16:56:00.12 (223532457)|ENTERING_MANAGED_PKG|Centify
16:56:00.12 (223556306)|ENTERING_MANAGED_PKG|Centify
16:56:00.12 (223569017)|ENTERING_MANAGED_PKG|Centify
16:56:00.12 (224097143)|ENTERING_MANAGED_PKG|Centify
16:56:00.12 (224122724)|ENTERING_MANAGED_PKG|Centify
16:56:00.12 (224134924)|ENTERING_MANAGED_PKG|Centify
16:56:00.12 (224225278)|ENTERING_MANAGED_PKG|Centify
16:56:00.12 (224375910)|ENTERING_MANAGED_PKG|Centify
16:56:00.12 (224398471)|ENTERING_MANAGED_PKG|Centify
16:56:00.12 (224423323)|ENTERING_MANAGED_PKG|Centify
16:56:00.12 (224435893)|ENTERING_MANAGED_PKG|Centify
16:56:00.12 (225138696)|ENTERING_MANAGED_PKG|Centify
16:56:00.12 (225164864)|ENTERING_MANAGED_PKG|Centify
16:56:00.12 (225177835)|ENTERING_MANAGED_PKG|Centify
16:56:00.12 (225252251)|ENTERING_MANAGED_PKG|Centify
16:56:00.12 (225369869)|ENTERING_MANAGED_PKG|Centify
16:56:00.12 (225481679)|ENTERING_MANAGED_PKG|Centify
16:56:00.12 (225591394)|ENTERING_MANAGED_PKG|Centify
16:56:00.12 (225709410)|ENTERING_MANAGED_PKG|Centify
16:56:00.12 (225732493)|ENTERING_MANAGED_PKG|Centify
16:56:00.12 (225756693)|ENTERING_MANAGED_PKG|Centify
16:56:00.12 (225768815)|ENTERING_MANAGED_PKG|Centify
16:56:00.12 (226480469)|ENTERING_MANAGED_PKG|Centify
16:56:00.12 (226505187)|ENTERING_MANAGED_PKG|Centify
16:56:00.12 (226517495)|ENTERING_MANAGED_PKG|Centify
16:56:00.12 (226593272)|ENTERING_MANAGED_PKG|Centify
16:56:00.12 (226717353)|ENTERING_MANAGED_PKG|Centify
16:56:00.12 (226739253)|ENTERING_MANAGED_PKG|Centify
16:56:00.12 (226762516)|ENTERING_MANAGED_PKG|Centify
16:56:00.12 (226774848)|ENTERING_MANAGED_PKG|Centify
16:56:00.12 (227600101)|ENTERING_MANAGED_PKG|Centify
16:56:00.12 (227624655)|ENTERING_MANAGED_PKG|Centify
16:56:00.12 (227636661)|ENTERING_MANAGED_PKG|Centify
16:56:00.12 (227708070)|ENTERING_MANAGED_PKG|Centify
16:56:00.12 (227830421)|ENTERING_MANAGED_PKG|Centify
16:56:00.12 (227851897)|ENTERING_MANAGED_PKG|Centify
16:56:00.12 (227876060)|ENTERING_MANAGED_PKG|Centify
16:56:00.12 (227887701)|ENTERING_MANAGED_PKG|Centify
16:56:00.12 (228754983)|ENTERING_MANAGED_PKG|Centify
16:56:00.12 (228780386)|ENTERING_MANAGED_PKG|Centify
16:56:00.12 (228792869)|ENTERING_MANAGED_PKG|Centify
16:56:00.12 (228864792)|ENTERING_MANAGED_PKG|Centify
16:56:00.12 (229006307)|ENTERING_MANAGED_PKG|Centify
16:56:00.12 (229028336)|ENTERING_MANAGED_PKG|Centify
16:56:00.12 (229052142)|ENTERING_MANAGED_PKG|Centify
16:56:00.12 (229064789)|ENTERING_MANAGED_PKG|Centify
16:56:00.12 (230012218)|ENTERING_MANAGED_PKG|Centify
16:56:00.12 (230037422)|ENTERING_MANAGED_PKG|Centify
16:56:00.12 (230049380)|ENTERING_MANAGED_PKG|Centify
16:56:00.12 (230120100)|ENTERING_MANAGED_PKG|Centify
16:56:00.12 (230242263)|ENTERING_MANAGED_PKG|Centify
16:56:00.12 (230263650)|ENTERING_MANAGED_PKG|Centify
16:56:00.12 (230287293)|ENTERING_MANAGED_PKG|Centify
16:56:00.12 (230299045)|ENTERING_MANAGED_PKG|Centify
16:56:00.12 (231344303)|ENTERING_MANAGED_PKG|Centify
16:56:00.12 (231369646)|ENTERING_MANAGED_PKG|Centify
16:56:00.12 (231381863)|ENTERING_MANAGED_PKG|Centify
16:56:00.12 (231453981)|ENTERING_MANAGED_PKG|Centify
16:56:00.12 (231578433)|ENTERING_MANAGED_PKG|Centify
16:56:00.12 (231600214)|ENTERING_MANAGED_PKG|Centify
16:56:00.12 (231624841)|ENTERING_MANAGED_PKG|Centify
16:56:00.12 (231636825)|ENTERING_MANAGED_PKG|Centify
16:56:00.12 (232746250)|ENTERING_MANAGED_PKG|Centify
16:56:00.12 (232770799)|ENTERING_MANAGED_PKG|Centify
16:56:00.12 (232783293)|ENTERING_MANAGED_PKG|Centify
16:56:00.12 (232855297)|ENTERING_MANAGED_PKG|Centify
16:56:00.12 (232983138)|ENTERING_MANAGED_PKG|Centify
16:56:00.12 (233005414)|ENTERING_MANAGED_PKG|Centify
16:56:00.12 (233030175)|ENTERING_MANAGED_PKG|Centify
16:56:00.12 (233041906)|ENTERING_MANAGED_PKG|Centify
16:56:00.12 (234245401)|ENTERING_MANAGED_PKG|Centify
16:56:00.12 (234270475)|ENTERING_MANAGED_PKG|Centify
16:56:00.12 (234282385)|ENTERING_MANAGED_PKG|Centify
16:56:00.12 (234354862)|ENTERING_MANAGED_PKG|Centify
16:56:00.12 (234476854)|ENTERING_MANAGED_PKG|Centify
16:56:00.12 (234498352)|ENTERING_MANAGED_PKG|Centify
16:56:00.12 (234521729)|ENTERING_MANAGED_PKG|Centify
16:56:00.12 (234533295)|ENTERING_MANAGED_PKG|Centify
16:56:00.12 (235834603)|ENTERING_MANAGED_PKG|Centify
16:56:00.12 (235859790)|ENTERING_MANAGED_PKG|Centify
16:56:00.12 (235872260)|ENTERING_MANAGED_PKG|Centify
16:56:00.12 (235944332)|ENTERING_MANAGED_PKG|Centify
16:56:00.12 (236070195)|ENTERING_MANAGED_PKG|Centify
16:56:00.12 (236092047)|ENTERING_MANAGED_PKG|Centify
16:56:00.12 (236116443)|ENTERING_MANAGED_PKG|Centify
16:56:00.12 (236128319)|ENTERING_MANAGED_PKG|Centify
16:56:00.12 (237584950)|ENTERING_MANAGED_PKG|Centify
16:56:00.12 (237611642)|ENTERING_MANAGED_PKG|Centify
16:56:00.12 (237624804)|ENTERING_MANAGED_PKG|Centify
16:56:00.12 (237699054)|ENTERING_MANAGED_PKG|Centify
16:56:00.12 (237823035)|ENTERING_MANAGED_PKG|Centify
16:56:00.12 (237845502)|ENTERING_MANAGED_PKG|Centify
16:56:00.12 (237870769)|ENTERING_MANAGED_PKG|Centify
16:56:00.12 (237883145)|ENTERING_MANAGED_PKG|Centify
16:56:00.12 (239455074)|ENTERING_MANAGED_PKG|Centify
16:56:00.12 (239481871)|ENTERING_MANAGED_PKG|Centify
16:56:00.12 (239494113)|ENTERING_MANAGED_PKG|Centify
16:56:00.12 (239603401)|ENTERING_MANAGED_PKG|Centify
16:56:00.12 (239731007)|ENTERING_MANAGED_PKG|Centify
16:56:00.12 (239848480)|ENTERING_MANAGED_PKG|Centify
16:56:00.12 (239888368)|ENTERING_MANAGED_PKG|Centify
16:56:00.12 (239919757)|ENTERING_MANAGED_PKG|Centify
16:56:00.12 (239949140)|ENTERING_MANAGED_PKG|Centify
16:56:00.12 (240257504)|ENTERING_MANAGED_PKG|Centify
16:56:00.12 (240290100)|ENTERING_MANAGED_PKG|Centify
16:56:00.12 (241872085)|ENTERING_MANAGED_PKG|Centify
16:56:00.12 (241902888)|ENTERING_MANAGED_PKG|Centify
16:56:00.12 (241927557)|ENTERING_MANAGED_PKG|Centify
16:56:00.12 (241982309)|ENTERING_MANAGED_PKG|Centify
16:56:00.12 (242102657)|ENTERING_MANAGED_PKG|Centify
16:56:00.12 (242174035)|ENTERING_MANAGED_PKG|Centify
16:56:00.12 (258941711)|ENTERING_MANAGED_PKG|Centify
16:56:00.12 (258995329)|ENTERING_MANAGED_PKG|Centify
16:56:00.12 (272018862)|ENTERING_MANAGED_PKG|Centify
16:56:00.12 (272101440)|ENTERING_MANAGED_PKG|Centify
16:56:00.12 (285117404)|ENTERING_MANAGED_PKG|Centify
16:56:00.12 (285166578)|ENTERING_MANAGED_PKG|Centify
16:56:00.12 (298734580)|ENTERING_MANAGED_PKG|Centify
16:56:00.12 (298857468)|ENTERING_MANAGED_PKG|Centify
16:56:00.12 (299007424)|ENTERING_MANAGED_PKG|Centify
16:56:00.12 (299120519)|ENTERING_MANAGED_PKG|Centify
16:56:00.12 (299241569)|ENTERING_MANAGED_PKG|Centify
16:56:00.12 (299276148)|ENTERING_MANAGED_PKG|Centify
16:56:00.12 (299348516)|ENTERING_MANAGED_PKG|Centify
16:56:00.12 (299373331)|ENTERING_MANAGED_PKG|Centify
16:56:00.12 (305801326)|ENTERING_MANAGED_PKG|Centify
16:56:00.12 (306059186)|ENTERING_MANAGED_PKG|Centify
16:56:00.12 (306449767)|ENTERING_MANAGED_PKG|Centify
16:56:00.12 (307053195)|ENTERING_MANAGED_PKG|Centify
16:56:00.12 (307099805)|ENTERING_MANAGED_PKG|Centify
16:56:00.12 (307204186)|ENTERING_MANAGED_PKG|Centify
16:56:00.12 (307248201)|ENTERING_MANAGED_PKG|Centify
16:56:00.12 (307372777)|ENTERING_MANAGED_PKG|Centify
16:56:00.12 (307525926)|ENTERING_MANAGED_PKG|Centify
16:56:00.12 (307656120)|ENTERING_MANAGED_PKG|Centify
16:56:00.12 (307767315)|ENTERING_MANAGED_PKG|Centify
16:56:00.12 (307876332)|ENTERING_MANAGED_PKG|Centify
16:56:00.12 (307991065)|ENTERING_MANAGED_PKG|Centify
16:56:00.12 (308101180)|ENTERING_MANAGED_PKG|Centify
16:56:00.12 (308209442)|ENTERING_MANAGED_PKG|Centify
16:56:00.12 (308321356)|ENTERING_MANAGED_PKG|Centify
16:56:00.12 (308430908)|ENTERING_MANAGED_PKG|Centify
16:56:00.12 (308538613)|ENTERING_MANAGED_PKG|Centify
16:56:00.12 (308669139)|ENTERING_MANAGED_PKG|Centify
16:56:00.12 (308842018)|ENTERING_MANAGED_PKG|Centify
16:56:00.12 (308981904)|ENTERING_MANAGED_PKG|Centify
16:56:00.12 (309109741)|ENTERING_MANAGED_PKG|Centify
16:56:00.12 (309236080)|ENTERING_MANAGED_PKG|Centify
16:56:00.12 (309361152)|ENTERING_MANAGED_PKG|Centify
16:56:00.12 (309472203)|ENTERING_MANAGED_PKG|Centify
16:56:00.12 (309581545)|ENTERING_MANAGED_PKG|Centify
16:56:00.12 (309690717)|ENTERING_MANAGED_PKG|Centify
16:56:00.12 (309798346)|ENTERING_MANAGED_PKG|Centify
16:56:00.12 (309905061)|ENTERING_MANAGED_PKG|Centify
16:56:00.12 (310017198)|ENTERING_MANAGED_PKG|Centify
16:56:00.12 (310123832)|ENTERING_MANAGED_PKG|Centify
16:56:00.12 (310231867)|ENTERING_MANAGED_PKG|Centify
16:56:00.12 (310339930)|ENTERING_MANAGED_PKG|Centify
16:56:00.12 (310447986)|ENTERING_MANAGED_PKG|Centify
16:56:00.12 (310553175)|ENTERING_MANAGED_PKG|Centify
16:56:00.12 (310659893)|ENTERING_MANAGED_PKG|Centify
16:56:00.12 (310768112)|ENTERING_MANAGED_PKG|Centify
16:56:00.12 (310867455)|ENTERING_MANAGED_PKG|Centify
16:56:00.12 (310983996)|ENTERING_MANAGED_PKG|Centify
16:56:00.12 (311095594)|ENTERING_MANAGED_PKG|Centify
16:56:00.12 (311202620)|ENTERING_MANAGED_PKG|Centify
16:56:00.12 (311307613)|ENTERING_MANAGED_PKG|Centify
16:56:00.12 (311412540)|ENTERING_MANAGED_PKG|Centify
16:56:00.12 (311518782)|ENTERING_MANAGED_PKG|Centify
16:56:00.12 (311625205)|ENTERING_MANAGED_PKG|Centify
16:56:00.12 (311732446)|ENTERING_MANAGED_PKG|Centify
16:56:00.12 (311838541)|ENTERING_MANAGED_PKG|Centify
16:56:00.12 (311944939)|ENTERING_MANAGED_PKG|Centify
16:56:00.12 (312056201)|ENTERING_MANAGED_PKG|Centify
16:56:00.12 (312176619)|ENTERING_MANAGED_PKG|Centify
16:56:00.12 (312247445)|ENTERING_MANAGED_PKG|Centify
16:56:00.12 (312288585)|ENTERING_MANAGED_PKG|Centify
16:56:00.12 (312312319)|ENTERING_MANAGED_PKG|Centify
16:56:00.12 (312338402)|ENTERING_MANAGED_PKG|Centify
16:56:00.12 (312351266)|ENTERING_MANAGED_PKG|Centify
16:56:00.12 (312626335)|ENTERING_MANAGED_PKG|Centify
16:56:00.12 (312653007)|ENTERING_MANAGED_PKG|Centify
16:56:00.12 (312664861)|ENTERING_MANAGED_PKG|Centify
16:56:00.12 (312742407)|ENTERING_MANAGED_PKG|Centify
16:56:00.12 (312865878)|ENTERING_MANAGED_PKG|Centify
16:56:00.12 (312887684)|ENTERING_MANAGED_PKG|Centify
16:56:00.12 (312910656)|ENTERING_MANAGED_PKG|Centify
16:56:00.12 (312922837)|ENTERING_MANAGED_PKG|Centify
16:56:00.12 (313244316)|ENTERING_MANAGED_PKG|Centify
16:56:00.12 (313268863)|ENTERING_MANAGED_PKG|Centify
16:56:00.12 (313280423)|ENTERING_MANAGED_PKG|Centify
16:56:00.12 (313351404)|ENTERING_MANAGED_PKG|Centify
16:56:00.12 (313472969)|ENTERING_MANAGED_PKG|Centify
16:56:00.12 (313494669)|ENTERING_MANAGED_PKG|Centify
16:56:00.12 (313517792)|ENTERING_MANAGED_PKG|Centify
16:56:00.12 (313534056)|ENTERING_MANAGED_PKG|Centify
16:56:00.12 (313945075)|ENTERING_MANAGED_PKG|Centify
16:56:00.12 (313973817)|ENTERING_MANAGED_PKG|Centify
16:56:00.12 (313986571)|ENTERING_MANAGED_PKG|Centify
16:56:00.12 (314058941)|ENTERING_MANAGED_PKG|Centify
16:56:00.12 (314180741)|ENTERING_MANAGED_PKG|Centify
16:56:00.12 (314202344)|ENTERING_MANAGED_PKG|Centify
16:56:00.12 (314225920)|ENTERING_MANAGED_PKG|Centify
16:56:00.12 (314238767)|ENTERING_MANAGED_PKG|Centify
16:56:00.12 (314742722)|ENTERING_MANAGED_PKG|Centify
16:56:00.12 (314766661)|ENTERING_MANAGED_PKG|Centify
16:56:00.12 (314778585)|ENTERING_MANAGED_PKG|Centify
16:56:00.12 (314849927)|ENTERING_MANAGED_PKG|Centify
16:56:00.12 (314974491)|ENTERING_MANAGED_PKG|Centify
16:56:00.12 (314996988)|ENTERING_MANAGED_PKG|Centify
16:56:00.12 (315020748)|ENTERING_MANAGED_PKG|Centify
16:56:00.12 (315032878)|ENTERING_MANAGED_PKG|Centify
16:56:00.12 (315630955)|ENTERING_MANAGED_PKG|Centify
16:56:00.12 (315654859)|ENTERING_MANAGED_PKG|Centify
16:56:00.12 (315666983)|ENTERING_MANAGED_PKG|Centify
16:56:00.12 (315737782)|ENTERING_MANAGED_PKG|Centify
16:56:00.12 (315858290)|ENTERING_MANAGED_PKG|Centify
16:56:00.12 (315880029)|ENTERING_MANAGED_PKG|Centify
16:56:00.12 (315902946)|ENTERING_MANAGED_PKG|Centify
16:56:00.12 (315915510)|ENTERING_MANAGED_PKG|Centify
16:56:00.12 (316608655)|ENTERING_MANAGED_PKG|Centify
16:56:00.12 (316632844)|ENTERING_MANAGED_PKG|Centify
16:56:00.12 (316644771)|ENTERING_MANAGED_PKG|Centify
16:56:00.12 (316715547)|ENTERING_MANAGED_PKG|Centify
16:56:00.12 (316830229)|ENTERING_MANAGED_PKG|Centify
16:56:00.12 (316939823)|ENTERING_MANAGED_PKG|Centify
16:56:00.12 (317055543)|ENTERING_MANAGED_PKG|Centify
16:56:00.12 (317163976)|ENTERING_MANAGED_PKG|Centify
16:56:00.12 (317270315)|ENTERING_MANAGED_PKG|Centify
16:56:00.12 (317379624)|ENTERING_MANAGED_PKG|Centify
16:56:00.12 (317486376)|ENTERING_MANAGED_PKG|Centify
16:56:00.12 (317595339)|ENTERING_MANAGED_PKG|Centify
16:56:00.12 (317707276)|ENTERING_MANAGED_PKG|Centify
16:56:00.12 (317821365)|ENTERING_MANAGED_PKG|Centify
16:56:00.12 (317933858)|ENTERING_MANAGED_PKG|Centify
16:56:00.12 (318047921)|ENTERING_MANAGED_PKG|Centify
16:56:00.12 (318154917)|ENTERING_MANAGED_PKG|Centify
16:56:00.12 (318268603)|ENTERING_MANAGED_PKG|Centify
16:56:00.12 (318306486)|ENTERING_MANAGED_PKG|Centify
16:56:00.12 (318339012)|ENTERING_MANAGED_PKG|Centify
16:56:00.12 (318363843)|ENTERING_MANAGED_PKG|Centify
16:56:00.12 (318518204)|ENTERING_MANAGED_PKG|Centify
16:56:00.12 (318545877)|ENTERING_MANAGED_PKG|Centify
16:56:00.12 (320325151)|ENTERING_MANAGED_PKG|Centify
16:56:00.12 (320355054)|ENTERING_MANAGED_PKG|Centify
16:56:00.12 (320379049)|ENTERING_MANAGED_PKG|Centify
16:56:00.12 (320448198)|ENTERING_MANAGED_PKG|Centify
16:56:00.12 (320474593)|ENTERING_MANAGED_PKG|Centify
16:56:00.12 (320544920)|ENTERING_MANAGED_PKG|Centify
16:56:00.12 (320570236)|ENTERING_MANAGED_PKG|Centify
16:56:00.12 (326712587)|ENTERING_MANAGED_PKG|Centify
16:56:00.12 (326957719)|ENTERING_MANAGED_PKG|Centify
16:56:00.12 (327469048)|ENTERING_MANAGED_PKG|Centify
16:56:00.12 (327987510)|ENTERING_MANAGED_PKG|Centify
16:56:00.12 (328033498)|ENTERING_MANAGED_PKG|Centify
16:56:00.12 (328125870)|ENTERING_MANAGED_PKG|Centify
16:56:00.12 (328167768)|ENTERING_MANAGED_PKG|Centify
16:56:00.12 (328267710)|ENTERING_MANAGED_PKG|Centify
16:56:00.12 (328404713)|ENTERING_MANAGED_PKG|Centify
16:56:00.12 (328515685)|ENTERING_MANAGED_PKG|Centify
16:56:00.12 (328624096)|ENTERING_MANAGED_PKG|Centify
16:56:00.12 (328732330)|ENTERING_MANAGED_PKG|Centify
16:56:00.12 (328839107)|ENTERING_MANAGED_PKG|Centify
16:56:00.12 (328945261)|ENTERING_MANAGED_PKG|Centify
16:56:00.12 (329059797)|ENTERING_MANAGED_PKG|Centify
16:56:00.12 (329167126)|ENTERING_MANAGED_PKG|Centify
16:56:00.12 (329274469)|ENTERING_MANAGED_PKG|Centify
16:56:00.12 (329371331)|ENTERING_MANAGED_PKG|Centify
16:56:00.12 (329478828)|ENTERING_MANAGED_PKG|Centify
16:56:00.12 (329591005)|ENTERING_MANAGED_PKG|Centify
16:56:00.12 (329698899)|ENTERING_MANAGED_PKG|Centify
16:56:00.12 (329804323)|ENTERING_MANAGED_PKG|Centify
16:56:00.12 (329910088)|ENTERING_MANAGED_PKG|Centify
16:56:00.12 (330022125)|ENTERING_MANAGED_PKG|Centify
16:56:00.12 (330128217)|ENTERING_MANAGED_PKG|Centify
16:56:00.12 (330233845)|ENTERING_MANAGED_PKG|Centify
16:56:00.12 (330338934)|ENTERING_MANAGED_PKG|Centify
16:56:00.12 (330444616)|ENTERING_MANAGED_PKG|Centify
16:56:00.12 (330555485)|ENTERING_MANAGED_PKG|Centify
16:56:00.12 (330590219)|ENTERING_MANAGED_PKG|Centify
16:56:00.12 (330622967)|ENTERING_MANAGED_PKG|Centify
16:56:00.12 (330646387)|ENTERING_MANAGED_PKG|Centify
16:56:00.12 (330690947)|ENTERING_MANAGED_PKG|Centify
16:56:00.12 (330731529)|ENTERING_MANAGED_PKG|Centify
16:56:00.12 (331916235)|ENTERING_MANAGED_PKG|Centify
16:56:00.12 (331945230)|ENTERING_MANAGED_PKG|Centify
16:56:00.12 (331973067)|ENTERING_MANAGED_PKG|Centify
16:56:00.12 (332022104)|ENTERING_MANAGED_PKG|Centify
16:56:00.12 (332131633)|ENTERING_MANAGED_PKG|Centify
16:56:00.12 (332198998)|ENTERING_MANAGED_PKG|Centify
16:56:00.12 (344955730)|ENTERING_MANAGED_PKG|Centify
16:56:00.12 (345011204)|ENTERING_MANAGED_PKG|Centify
16:56:00.12 (358516780)|ENTERING_MANAGED_PKG|Centify
16:56:00.12 (358613694)|ENTERING_MANAGED_PKG|Centify
16:56:00.12 (358721657)|ENTERING_MANAGED_PKG|Centify
16:56:00.12 (358806219)|ENTERING_MANAGED_PKG|Centify
16:56:00.12 (358836895)|ENTERING_MANAGED_PKG|Centify
16:56:00.12 (365057668)|ENTERING_MANAGED_PKG|Centify
16:56:00.12 (365284641)|ENTERING_MANAGED_PKG|Centify
16:56:00.12 (365710835)|ENTERING_MANAGED_PKG|Centify
16:56:00.12 (366252470)|ENTERING_MANAGED_PKG|Centify
16:56:00.12 (366299868)|ENTERING_MANAGED_PKG|Centify
16:56:00.12 (366393512)|ENTERING_MANAGED_PKG|Centify
16:56:00.12 (366434270)|ENTERING_MANAGED_PKG|Centify
16:56:00.12 (366537718)|ENTERING_MANAGED_PKG|Centify
16:56:00.12 (366675820)|ENTERING_MANAGED_PKG|Centify
16:56:00.12 (366787594)|ENTERING_MANAGED_PKG|Centify
16:56:00.12 (366896111)|ENTERING_MANAGED_PKG|Centify
16:56:00.12 (367009422)|ENTERING_MANAGED_PKG|Centify
16:56:00.12 (367118877)|ENTERING_MANAGED_PKG|Centify
16:56:00.12 (367226456)|ENTERING_MANAGED_PKG|Centify
16:56:00.12 (367334210)|ENTERING_MANAGED_PKG|Centify
16:56:00.12 (367442589)|ENTERING_MANAGED_PKG|Centify
16:56:00.12 (367600459)|ENTERING_MANAGED_PKG|Centify
16:56:00.12 (367710353)|ENTERING_MANAGED_PKG|Centify
16:56:00.12 (367820703)|ENTERING_MANAGED_PKG|Centify
16:56:00.12 (367935673)|ENTERING_MANAGED_PKG|Centify
16:56:00.12 (368054813)|ENTERING_MANAGED_PKG|Centify
16:56:00.12 (368163569)|ENTERING_MANAGED_PKG|Centify
16:56:00.12 (368269939)|ENTERING_MANAGED_PKG|Centify
16:56:00.12 (368377194)|ENTERING_MANAGED_PKG|Centify
16:56:00.12 (368484106)|ENTERING_MANAGED_PKG|Centify
16:56:00.12 (368591536)|ENTERING_MANAGED_PKG|Centify
16:56:00.12 (368698238)|ENTERING_MANAGED_PKG|Centify
16:56:00.12 (368805275)|ENTERING_MANAGED_PKG|Centify
16:56:00.12 (368912489)|ENTERING_MANAGED_PKG|Centify
16:56:00.12 (368949031)|ENTERING_MANAGED_PKG|Centify
16:56:00.12 (368986602)|ENTERING_MANAGED_PKG|Centify
16:56:00.12 (369010443)|ENTERING_MANAGED_PKG|Centify
16:56:00.12 (369056070)|ENTERING_MANAGED_PKG|Centify
16:56:00.12 (369095450)|ENTERING_MANAGED_PKG|Centify
16:56:00.12 (370261944)|ENTERING_MANAGED_PKG|Centify
16:56:00.12 (370292021)|ENTERING_MANAGED_PKG|Centify
16:56:00.12 (370315862)|ENTERING_MANAGED_PKG|Centify
16:56:00.12 (370384170)|ENTERING_MANAGED_PKG|Centify
16:56:00.12 (370435859)|ENTERING_MANAGED_PKG|Centify
16:56:00.12 (370485245)|ENTERING_MANAGED_PKG|Centify
16:56:00.12 (370557486)|ENTERING_MANAGED_PKG|Centify
16:56:00.12 (370582681)|ENTERING_MANAGED_PKG|Centify
16:56:00.12 (376798751)|ENTERING_MANAGED_PKG|Centify
16:56:00.12 (377014018)|ENTERING_MANAGED_PKG|Centify
16:56:00.12 (377519459)|ENTERING_MANAGED_PKG|Centify
16:56:00.12 (378197720)|ENTERING_MANAGED_PKG|Centify
16:56:00.12 (378248897)|ENTERING_MANAGED_PKG|Centify
16:56:00.12 (378343083)|ENTERING_MANAGED_PKG|Centify
16:56:00.12 (378383300)|ENTERING_MANAGED_PKG|Centify
16:56:00.12 (378488727)|ENTERING_MANAGED_PKG|Centify
16:56:00.12 (378621942)|ENTERING_MANAGED_PKG|Centify
16:56:00.12 (378735261)|ENTERING_MANAGED_PKG|Centify
16:56:00.12 (378847562)|ENTERING_MANAGED_PKG|Centify
16:56:00.12 (378958142)|ENTERING_MANAGED_PKG|Centify
16:56:00.12 (379078795)|ENTERING_MANAGED_PKG|Centify
16:56:00.12 (379191679)|ENTERING_MANAGED_PKG|Centify
16:56:00.12 (379303261)|ENTERING_MANAGED_PKG|Centify
16:56:00.12 (379414495)|ENTERING_MANAGED_PKG|Centify
16:56:00.12 (379522972)|ENTERING_MANAGED_PKG|Centify
16:56:00.12 (379632315)|ENTERING_MANAGED_PKG|Centify
16:56:00.12 (379740642)|ENTERING_MANAGED_PKG|Centify
16:56:00.12 (379848303)|ENTERING_MANAGED_PKG|Centify
16:56:00.12 (379956600)|ENTERING_MANAGED_PKG|Centify
16:56:00.12 (380074868)|ENTERING_MANAGED_PKG|Centify
16:56:00.12 (380185116)|ENTERING_MANAGED_PKG|Centify
16:56:00.12 (380285898)|ENTERING_MANAGED_PKG|Centify
16:56:00.12 (380397723)|ENTERING_MANAGED_PKG|Centify
16:56:00.12 (380510413)|ENTERING_MANAGED_PKG|Centify
16:56:00.12 (380618187)|ENTERING_MANAGED_PKG|Centify
16:56:00.12 (380725952)|ENTERING_MANAGED_PKG|Centify
16:56:00.12 (380832714)|ENTERING_MANAGED_PKG|Centify
16:56:00.12 (380939479)|ENTERING_MANAGED_PKG|Centify
16:56:00.12 (381053378)|ENTERING_MANAGED_PKG|Centify
16:56:00.12 (381161697)|ENTERING_MANAGED_PKG|Centify
16:56:00.12 (381268744)|ENTERING_MANAGED_PKG|Centify
16:56:00.12 (381373799)|ENTERING_MANAGED_PKG|Centify
16:56:00.12 (381480899)|ENTERING_MANAGED_PKG|Centify
16:56:00.12 (381586453)|ENTERING_MANAGED_PKG|Centify
16:56:00.12 (381738814)|ENTERING_MANAGED_PKG|Centify
16:56:00.12 (381877756)|ENTERING_MANAGED_PKG|Centify
16:56:00.12 (381994846)|ENTERING_MANAGED_PKG|Centify
16:56:00.12 (382105880)|ENTERING_MANAGED_PKG|Centify
16:56:00.12 (382217043)|ENTERING_MANAGED_PKG|Centify
16:56:00.12 (382255922)|ENTERING_MANAGED_PKG|Centify
16:56:00.12 (382289572)|ENTERING_MANAGED_PKG|Centify
16:56:00.12 (382313504)|ENTERING_MANAGED_PKG|Centify
16:56:00.12 (382361699)|ENTERING_MANAGED_PKG|Centify
16:56:00.12 (382406551)|ENTERING_MANAGED_PKG|Centify
16:56:00.12 (383836482)|ENTERING_MANAGED_PKG|Centify
16:56:00.12 (383870072)|ENTERING_MANAGED_PKG|Centify
16:56:00.12 (383894315)|ENTERING_MANAGED_PKG|Centify
16:56:00.12 (383945216)|ENTERING_MANAGED_PKG|Centify
16:56:00.12 (384067362)|ENTERING_MANAGED_PKG|Centify
16:56:00.12 (384137924)|ENTERING_MANAGED_PKG|Centify
16:56:00.12 (397722452)|ENTERING_MANAGED_PKG|Centify
16:56:00.12 (397772097)|ENTERING_MANAGED_PKG|Centify
16:56:00.12 (411709531)|ENTERING_MANAGED_PKG|Centify
16:56:00.12 (411757612)|ENTERING_MANAGED_PKG|Centify
16:56:00.12 (411836403)|ENTERING_MANAGED_PKG|Centify
16:56:00.12 (411865410)|ENTERING_MANAGED_PKG|Centify
16:56:00.12 (417987565)|ENTERING_MANAGED_PKG|Centify
16:56:00.12 (418196014)|ENTERING_MANAGED_PKG|Centify
16:56:00.12 (418574777)|ENTERING_MANAGED_PKG|Centify
16:56:00.12 (419097761)|ENTERING_MANAGED_PKG|Centify
16:56:00.12 (419144283)|ENTERING_MANAGED_PKG|Centify
16:56:00.12 (419237532)|ENTERING_MANAGED_PKG|Centify
16:56:00.12 (419278266)|ENTERING_MANAGED_PKG|Centify
16:56:00.12 (419380596)|ENTERING_MANAGED_PKG|Centify
16:56:00.12 (419521261)|ENTERING_MANAGED_PKG|Centify
16:56:00.12 (419635062)|ENTERING_MANAGED_PKG|Centify
16:56:00.12 (419743392)|ENTERING_MANAGED_PKG|Centify
16:56:00.12 (419852809)|ENTERING_MANAGED_PKG|Centify
16:56:00.12 (419960321)|ENTERING_MANAGED_PKG|Centify
16:56:00.12 (420077490)|ENTERING_MANAGED_PKG|Centify
16:56:00.12 (420186848)|ENTERING_MANAGED_PKG|Centify
16:56:00.12 (420294042)|ENTERING_MANAGED_PKG|Centify
16:56:00.12 (420401526)|ENTERING_MANAGED_PKG|Centify
16:56:00.12 (420507034)|ENTERING_MANAGED_PKG|Centify
16:56:00.12 (420632237)|ENTERING_MANAGED_PKG|Centify
16:56:00.12 (420744670)|ENTERING_MANAGED_PKG|Centify
16:56:00.12 (420904100)|ENTERING_MANAGED_PKG|Centify
16:56:00.12 (421020136)|ENTERING_MANAGED_PKG|Centify
16:56:00.12 (421131150)|ENTERING_MANAGED_PKG|Centify
16:56:00.12 (421238260)|ENTERING_MANAGED_PKG|Centify
16:56:00.12 (421345145)|ENTERING_MANAGED_PKG|Centify
16:56:00.12 (421450967)|ENTERING_MANAGED_PKG|Centify
16:56:00.12 (421556838)|ENTERING_MANAGED_PKG|Centify
16:56:00.12 (421662158)|ENTERING_MANAGED_PKG|Centify
16:56:00.12 (421769381)|ENTERING_MANAGED_PKG|Centify
16:56:00.12 (421874013)|ENTERING_MANAGED_PKG|Centify
16:56:00.12 (421984344)|ENTERING_MANAGED_PKG|Centify
16:56:00.12 (422020799)|ENTERING_MANAGED_PKG|Centify
16:56:00.12 (422058980)|ENTERING_MANAGED_PKG|Centify
16:56:00.12 (422082192)|ENTERING_MANAGED_PKG|Centify
16:56:00.12 (422128626)|ENTERING_MANAGED_PKG|Centify
16:56:00.12 (422170441)|ENTERING_MANAGED_PKG|Centify
16:56:00.12 (423321642)|ENTERING_MANAGED_PKG|Centify
16:56:00.12 (423352459)|ENTERING_MANAGED_PKG|Centify
16:56:00.12 (423376246)|ENTERING_MANAGED_PKG|Centify
16:56:00.12 (423444402)|ENTERING_MANAGED_PKG|Centify
16:56:00.12 (423495923)|ENTERING_MANAGED_PKG|Centify
16:56:00.12 (423545425)|ENTERING_MANAGED_PKG|Centify
16:56:00.12 (423769694)|ENTERING_MANAGED_PKG|Centify
16:56:00.12 (424685891)|ENTERING_MANAGED_PKG|Centify
16:56:00.12 (424731400)|ENTERING_MANAGED_PKG|Centify
16:56:00.12 (424850865)|ENTERING_MANAGED_PKG|Centify
16:56:00.12 (473643692)|ENTERING_MANAGED_PKG|Centify
16:56:00.12 (473746074)|ENTERING_MANAGED_PKG|Centify
16:56:00.12 (473846376)|ENTERING_MANAGED_PKG|Centify
16:56:00.12 (510744563)|ENTERING_MANAGED_PKG|Centify
16:56:00.12 (510846708)|ENTERING_MANAGED_PKG|Centify
16:56:00.12 (510942941)|ENTERING_MANAGED_PKG|Centify
16:56:00.12 (542463514)|ENTERING_MANAGED_PKG|Centify
16:56:00.12 (542559253)|ENTERING_MANAGED_PKG|Centify
16:56:00.12 (542657660)|ENTERING_MANAGED_PKG|Centify
16:56:00.12 (574960619)|ENTERING_MANAGED_PKG|Centify
16:56:00.12 (575067034)|ENTERING_MANAGED_PKG|Centify
16:56:00.12 (575169350)|ENTERING_MANAGED_PKG|Centify
16:56:00.12 (606539622)|ENTERING_MANAGED_PKG|Centify
16:56:00.12 (606669888)|ENTERING_MANAGED_PKG|Centify
16:56:00.12 (606803233)|ENTERING_MANAGED_PKG|Centify
16:56:00.12 (632584393)|ENTERING_MANAGED_PKG|Centify
16:56:00.12 (632671251)|ENTERING_MANAGED_PKG|Centify
16:56:00.12 (632761432)|ENTERING_MANAGED_PKG|Centify
16:56:00.12 (653845741)|ENTERING_MANAGED_PKG|Centify
16:56:00.12 (653926700)|ENTERING_MANAGED_PKG|Centify
16:56:00.12 (654043823)|ENTERING_MANAGED_PKG|Centify
16:56:00.12 (677655631)|ENTERING_MANAGED_PKG|Centify
16:56:00.12 (677815546)|ENTERING_MANAGED_PKG|Centify
16:56:00.12 (680161747)|ENTERING_MANAGED_PKG|Centify
16:56:00.12 (680227585)|ENTERING_MANAGED_PKG|Centify
16:56:00.12 (680325533)|ENTERING_MANAGED_PKG|Centify
16:56:00.12 (700834209)|ENTERING_MANAGED_PKG|Centify
16:56:00.12 (704091355)|ENTERING_MANAGED_PKG|Centify
16:56:00.12 (704224313)|ENTERING_MANAGED_PKG|Centify
16:56:00.12 (704367858)|ENTERING_MANAGED_PKG|Centify
16:56:00.12 (706325189)|ENTERING_MANAGED_PKG|Centify
16:56:00.12 (706362733)|ENTERING_MANAGED_PKG|Centify
16:56:00.12 (706438858)|ENTERING_MANAGED_PKG|Centify
16:56:00.12 (707031754)|ENTERING_MANAGED_PKG|Centify
16:56:00.12 (709242996)|SOQL_EXECUTE_BEGIN|[16]|Aggregations:0|SELECT Id, CronExpression, CronJobDetail.Name FROM CronTrigger WHERE CronJobDetail.Name LIKE '%Spinify%'
16:56:00.12 (716033247)|SOQL_EXECUTE_END|[16]|Rows:10
16:56:00.12 (716502406)|ENTERING_MANAGED_PKG|Centify
16:56:00.12 (716644876)|ENTERING_MANAGED_PKG|Centify
16:56:00.12 (716708719)|ENTERING_MANAGED_PKG|Centify
16:56:00.12 (717078924)|ENTERING_MANAGED_PKG|Centify
16:56:00.12 (717181353)|ENTERING_MANAGED_PKG|Centify
16:56:00.12 (717264545)|ENTERING_MANAGED_PKG|Centify
16:56:00.12 (717358937)|ENTERING_MANAGED_PKG|Centify
16:56:00.12 (718200205)|ENTERING_MANAGED_PKG|Centify
16:56:00.774 (774205801)|CUMULATIVE_LIMIT_USAGE
16:56:00.774 (774205801)|LIMIT_USAGE_FOR_NS|(default)|
  Number of SOQL queries: 0 out of 100
  Number of query rows: 0 out of 50000
  Number of SOSL queries: 0 out of 20
  Number of DML statements: 0 out of 150
  Number of DML rows: 0 out of 10000
  Maximum CPU time: 382 out of 10000
  Maximum heap size: 0 out of 6000000
  Number of callouts: 0 out of 100
  Number of Email Invocations: 0 out of 10
  Number of future calls: 0 out of 50
  Number of queueable jobs added to the queue: 0 out of 50
  Number of Mobile Apex push calls: 0 out of 10

16:56:00.774 (774205801)|LIMIT_USAGE_FOR_NS|Centify|
  Number of SOQL queries: 3 out of 100
  Number of query rows: 12 out of 50000
  Number of SOSL queries: 0 out of 20
  Number of DML statements: 1 out of 150
  Number of DML rows: 1 out of 10000
  Maximum CPU time: 0 out of 10000
  Maximum heap size: 0 out of 6000000
  Number of callouts: 0 out of 100
  Number of Email Invocations: 0 out of 10
  Number of future calls: 0 out of 50
  Number of queueable jobs added to the queue: 0 out of 50
  Number of Mobile Apex push calls: 0 out of 10

16:56:00.774 (774205801)|CUMULATIVE_LIMIT_USAGE_END

