37.0 APEX_CODE,FINEST;APEX_PROFILING,INFO;CALLOUT,INFO;DB,INFO;NBA,INFO;SYSTEM,DEBUG;VALIDATION,INFO;VISUALFORCE,INFO;WAVE,INFO;WORKFLOW,INFO
18:22:15.6 (6978854)|ENTERING_MANAGED_PKG|Centify
18:22:15.6 (9850082)|ENTERING_MANAGED_PKG|Centify
18:22:15.6 (14362218)|ENTERING_MANAGED_PKG|Centify
18:22:15.6 (14478883)|ENTERING_MANAGED_PKG|Centify
18:22:15.6 (14528769)|ENTERING_MANAGED_PKG|Centify
18:22:15.6 (14600717)|ENTERING_MANAGED_PKG|Centify
18:22:15.6 (14627155)|ENTERING_MANAGED_PKG|Centify
18:22:15.6 (14689175)|ENTERING_MANAGED_PKG|Centify
18:22:15.6 (14713849)|ENTERING_MANAGED_PKG|Centify
18:22:15.6 (14792357)|ENTERING_MANAGED_PKG|Centify
18:22:15.6 (14860712)|ENTERING_MANAGED_PKG|Centify
18:22:15.6 (19974371)|SOQL_EXECUTE_BEGIN|[19]|Aggregations:0|SELECT Id, OrganizationType FROM Organization LIMIT 1
18:22:15.6 (23063186)|SOQL_EXECUTE_END|[19]|Rows:1
18:22:15.6 (24972537)|ENTERING_MANAGED_PKG|Centify
18:22:15.6 (25046587)|ENTERING_MANAGED_PKG|Centify
18:22:15.6 (25184329)|ENTERING_MANAGED_PKG|Centify
18:22:15.6 (25249481)|ENTERING_MANAGED_PKG|Centify
18:22:15.6 (25741468)|ENTERING_MANAGED_PKG|Centify
18:22:15.6 (25784351)|ENTERING_MANAGED_PKG|Centify
18:22:15.6 (25881506)|ENTERING_MANAGED_PKG|Centify
18:22:15.6 (25948967)|ENTERING_MANAGED_PKG|Centify
18:22:15.6 (28243040)|SOQL_EXECUTE_BEGIN|[95]|Aggregations:0|SELECT MAX(Last_Sync_Time__c) maxDT FROM Salesforce_Sync_Settings__c
18:22:15.6 (30638935)|SOQL_EXECUTE_END|[95]|Rows:1
18:22:15.6 (31002496)|ENTERING_MANAGED_PKG|Centify
18:22:15.6 (31076264)|ENTERING_MANAGED_PKG|Centify
18:22:15.6 (32386178)|ENTERING_MANAGED_PKG|Centify
18:22:15.6 (32465317)|ENTERING_MANAGED_PKG|Centify
18:22:15.6 (33973615)|SOQL_EXECUTE_BEGIN|[84]|Aggregations:0|SELECT COUNT() FROM Notification__c WHERE ((Number_Of_Attempts__c = NULL OR Number_Of_Attempts__c < :tmpVar1) AND (CreatedDate = TODAY OR LastModifiedDate = TODAY)) LIMIT 25000
18:22:15.6 (45872683)|SOQL_EXECUTE_END|[84]|Rows:0
18:22:15.6 (45984185)|ENTERING_MANAGED_PKG|Centify
18:22:15.6 (46075839)|ENTERING_MANAGED_PKG|Centify
18:22:15.6 (46152364)|ENTERING_MANAGED_PKG|Centify
18:22:15.6 (46207572)|ENTERING_MANAGED_PKG|Centify
18:22:15.6 (46284677)|ENTERING_MANAGED_PKG|Centify
18:22:15.6 (49822507)|SOQL_EXECUTE_BEGIN|[363]|Aggregations:0|SELECT Id, Label, MasterLabel, DeveloperName, Endpoint__c, TimeOut__c FROM Endpoint_Setting__mdt LIMIT 50
18:22:15.6 (55826505)|SOQL_EXECUTE_END|[363]|Rows:23
18:22:15.6 (57316183)|ENTERING_MANAGED_PKG|Centify
18:22:15.6 (57388611)|ENTERING_MANAGED_PKG|Centify
18:22:15.6 (58715261)|ENTERING_MANAGED_PKG|Centify
18:22:15.6 (58754306)|ENTERING_MANAGED_PKG|Centify
18:22:15.6 (61547725)|ENTERING_MANAGED_PKG|Centify
18:22:15.6 (64127227)|ENTERING_MANAGED_PKG|Centify
18:22:15.6 (64184812)|ENTERING_MANAGED_PKG|Centify
18:22:15.6 (64229245)|ENTERING_MANAGED_PKG|Centify
18:22:15.6 (65045548)|ENTERING_MANAGED_PKG|Centify
18:22:15.6 (65127580)|ENTERING_MANAGED_PKG|Centify
18:22:15.6 (65205344)|ENTERING_MANAGED_PKG|Centify
18:22:15.6 (69408464)|ENTERING_MANAGED_PKG|Centify
18:22:15.6 (69473681)|ENTERING_MANAGED_PKG|Centify
18:22:15.6 (69539355)|ENTERING_MANAGED_PKG|Centify
18:22:15.6 (69605198)|ENTERING_MANAGED_PKG|Centify
18:22:15.6 (69704728)|ENTERING_MANAGED_PKG|Centify
18:22:15.6 (72248713)|ENTERING_MANAGED_PKG|Centify
18:22:15.6 (72378921)|ENTERING_MANAGED_PKG|Centify
18:22:15.6 (73199683)|ENTERING_MANAGED_PKG|Centify
18:22:15.6 (650984232)|ENTERING_MANAGED_PKG|Centify
18:22:15.664 (664803659)|CUMULATIVE_LIMIT_USAGE
18:22:15.664 (664803659)|LIMIT_USAGE_FOR_NS|(default)|
  Number of SOQL queries: 0 out of 200
  Number of query rows: 0 out of 50000
  Number of SOSL queries: 0 out of 20
  Number of DML statements: 0 out of 150
  Number of DML rows: 0 out of 10000
  Maximum CPU time: 0 out of 60000
  Maximum heap size: 0 out of 12000000
  Number of callouts: 0 out of 0
  Number of Email Invocations: 0 out of 10
  Number of future calls: 0 out of 0
  Number of queueable jobs added to the queue: 0 out of 1
  Number of Mobile Apex push calls: 0 out of 10

18:22:15.664 (664803659)|LIMIT_USAGE_FOR_NS|Centify|
  Number of SOQL queries: 0 out of 200
  Number of query rows: 0 out of 50000
  Number of SOSL queries: 0 out of 20
  Number of DML statements: 0 out of 150
  Number of DML rows: 0 out of 10000
  Maximum CPU time: 0 out of 60000
  Maximum heap size: 0 out of 12000000
  Number of callouts: 0 out of 0
  Number of Email Invocations: 0 out of 10
  Number of future calls: 0 out of 0
  Number of queueable jobs added to the queue: 0 out of 1
  Number of Mobile Apex push calls: 0 out of 10

18:22:15.664 (664803659)|CUMULATIVE_LIMIT_USAGE_END

