37.0 APEX_CODE,FINEST;APEX_PROFILING,INFO;CALLOUT,INFO;DB,INFO;NBA,INFO;SYSTEM,DEBUG;VALIDATION,INFO;VISUALFORCE,INFO;WAVE,INFO;WORKFLOW,INFO
16:50:23.24 (24149357)|ENTERING_MANAGED_PKG|Centify
16:50:23.24 (24991625)|ENTERING_MANAGED_PKG|Centify
16:50:23.24 (25030960)|ENTERING_MANAGED_PKG|Centify
16:50:23.24 (26369444)|ENTERING_MANAGED_PKG|Centify
16:50:23.24 (26479105)|ENTERING_MANAGED_PKG|Centify
16:50:23.24 (26525072)|ENTERING_MANAGED_PKG|Centify
16:50:23.24 (31270796)|DML_BEGIN|[324]|Op:Upsert|Type:Centify__Salesforce_Sync_Settings__c|Rows:1
16:50:23.24 (61314013)|DML_END|[324]
16:50:23.75 (75008112)|CUMULATIVE_LIMIT_USAGE
16:50:23.75 (75008112)|LIMIT_USAGE_FOR_NS|(default)|
  Number of SOQL queries: 0 out of 200
  Number of query rows: 0 out of 50000
  Number of SOSL queries: 0 out of 20
  Number of DML statements: 0 out of 150
  Number of DML rows: 0 out of 10000
  Maximum CPU time: 0 out of 60000
  Maximum heap size: 0 out of 12000000
  Number of callouts: 0 out of 0
  Number of Email Invocations: 0 out of 10
  Number of future calls: 0 out of 0
  Number of queueable jobs added to the queue: 0 out of 1
  Number of Mobile Apex push calls: 0 out of 10

16:50:23.75 (75008112)|LIMIT_USAGE_FOR_NS|Centify|
  Number of SOQL queries: 0 out of 200
  Number of query rows: 0 out of 50000
  Number of SOSL queries: 0 out of 20
  Number of DML statements: 0 out of 150
  Number of DML rows: 0 out of 10000
  Maximum CPU time: 0 out of 60000
  Maximum heap size: 0 out of 12000000
  Number of callouts: 0 out of 0
  Number of Email Invocations: 0 out of 10
  Number of future calls: 0 out of 0
  Number of queueable jobs added to the queue: 0 out of 1
  Number of Mobile Apex push calls: 0 out of 10

16:50:23.75 (75008112)|CUMULATIVE_LIMIT_USAGE_END

