37.0 APEX_CODE,FINEST;APEX_PROFILING,INFO;CALLOUT,INFO;DB,INFO;NBA,INFO;SYSTEM,DEBUG;VALIDATION,INFO;VISUALFORCE,INFO;WAVE,INFO;WORKFLOW,INFO
18:40:05.15 (15296299)|ENTERING_MANAGED_PKG|Centify
18:40:05.15 (20374597)|ENTERING_MANAGED_PKG|Centify
18:40:05.15 (20465242)|ENTERING_MANAGED_PKG|Centify
18:40:05.15 (20712757)|ENTERING_MANAGED_PKG|Centify
18:40:05.15 (20754479)|ENTERING_MANAGED_PKG|Centify
18:40:05.15 (20842156)|ENTERING_MANAGED_PKG|Centify
18:40:05.15 (21395192)|ENTERING_MANAGED_PKG|Centify
18:40:05.15 (27792396)|ENTERING_MANAGED_PKG|Centify
18:40:05.15 (27866074)|ENTERING_MANAGED_PKG|Centify
18:40:05.15 (28172539)|ENTERING_MANAGED_PKG|Centify
18:40:05.15 (28211234)|ENTERING_MANAGED_PKG|Centify
18:40:05.15 (28501992)|ENTERING_MANAGED_PKG|Centify
18:40:05.15 (30201809)|ENTERING_MANAGED_PKG|Centify
18:40:05.15 (30259104)|ENTERING_MANAGED_PKG|Centify
18:40:05.15 (30376076)|ENTERING_MANAGED_PKG|Centify
18:40:05.15 (30464780)|ENTERING_MANAGED_PKG|Centify
18:40:05.15 (30504058)|ENTERING_MANAGED_PKG|Centify
18:40:05.15 (30578123)|ENTERING_MANAGED_PKG|Centify
18:40:05.15 (30604499)|ENTERING_MANAGED_PKG|Centify
18:40:05.15 (30637905)|ENTERING_MANAGED_PKG|Centify
18:40:05.15 (30799646)|ENTERING_MANAGED_PKG|Centify
18:40:05.15 (30847249)|ENTERING_MANAGED_PKG|Centify
18:40:05.15 (33177584)|ENTERING_MANAGED_PKG|Centify
18:40:05.15 (33226091)|ENTERING_MANAGED_PKG|Centify
18:40:05.15 (33270837)|ENTERING_MANAGED_PKG|Centify
18:40:05.15 (33425381)|ENTERING_MANAGED_PKG|Centify
18:40:05.15 (33492562)|ENTERING_MANAGED_PKG|Centify
18:40:05.15 (34256925)|ENTERING_MANAGED_PKG|Centify
18:40:05.15 (34531884)|ENTERING_MANAGED_PKG|Centify
18:40:05.15 (34667645)|ENTERING_MANAGED_PKG|Centify
18:40:05.15 (34822732)|ENTERING_MANAGED_PKG|Centify
18:40:05.15 (34910897)|ENTERING_MANAGED_PKG|Centify
18:40:05.15 (35120631)|ENTERING_MANAGED_PKG|Centify
18:40:05.15 (35219226)|ENTERING_MANAGED_PKG|Centify
18:40:05.15 (35438349)|ENTERING_MANAGED_PKG|Centify
18:40:05.15 (35535071)|ENTERING_MANAGED_PKG|Centify
18:40:05.15 (35695365)|ENTERING_MANAGED_PKG|Centify
18:40:05.15 (35795182)|ENTERING_MANAGED_PKG|Centify
18:40:05.15 (35947745)|ENTERING_MANAGED_PKG|Centify
18:40:05.15 (36053085)|ENTERING_MANAGED_PKG|Centify
18:40:05.15 (36143110)|ENTERING_MANAGED_PKG|Centify
18:40:05.15 (36239790)|ENTERING_MANAGED_PKG|Centify
18:40:05.15 (36427334)|ENTERING_MANAGED_PKG|Centify
18:40:05.15 (36527919)|ENTERING_MANAGED_PKG|Centify
18:40:05.15 (36707729)|ENTERING_MANAGED_PKG|Centify
18:40:05.15 (36839818)|ENTERING_MANAGED_PKG|Centify
18:40:05.15 (37014534)|ENTERING_MANAGED_PKG|Centify
18:40:05.15 (37105669)|ENTERING_MANAGED_PKG|Centify
18:40:05.15 (37170487)|ENTERING_MANAGED_PKG|Centify
18:40:05.15 (37266611)|ENTERING_MANAGED_PKG|Centify
18:40:05.15 (37432595)|ENTERING_MANAGED_PKG|Centify
18:40:05.15 (37516566)|ENTERING_MANAGED_PKG|Centify
18:40:05.15 (37614053)|ENTERING_MANAGED_PKG|Centify
18:40:05.15 (37751393)|ENTERING_MANAGED_PKG|Centify
18:40:05.15 (37831358)|ENTERING_MANAGED_PKG|Centify
18:40:05.15 (37907722)|ENTERING_MANAGED_PKG|Centify
18:40:05.15 (38018133)|ENTERING_MANAGED_PKG|Centify
18:40:05.15 (38093937)|ENTERING_MANAGED_PKG|Centify
18:40:05.15 (38171527)|ENTERING_MANAGED_PKG|Centify
18:40:05.15 (38253778)|ENTERING_MANAGED_PKG|Centify
18:40:05.15 (38316994)|ENTERING_MANAGED_PKG|Centify
18:40:05.15 (38388125)|ENTERING_MANAGED_PKG|Centify
18:40:05.15 (38555126)|ENTERING_MANAGED_PKG|Centify
18:40:05.15 (38648281)|ENTERING_MANAGED_PKG|Centify
18:40:05.15 (38809731)|ENTERING_MANAGED_PKG|Centify
18:40:05.15 (38904516)|ENTERING_MANAGED_PKG|Centify
18:40:05.15 (39081289)|ENTERING_MANAGED_PKG|Centify
18:40:05.15 (39178052)|ENTERING_MANAGED_PKG|Centify
18:40:05.15 (39450475)|ENTERING_MANAGED_PKG|Centify
18:40:05.15 (39488654)|ENTERING_MANAGED_PKG|Centify
18:40:05.15 (39553034)|ENTERING_MANAGED_PKG|Centify
18:40:05.15 (39596148)|ENTERING_MANAGED_PKG|Centify
18:40:05.15 (39653000)|ENTERING_MANAGED_PKG|Centify
18:40:05.15 (39734743)|ENTERING_MANAGED_PKG|Centify
18:40:05.15 (41814140)|DML_BEGIN|[53]|Op:Insert|Type:Centify__Notification__c|Rows:1
18:40:05.15 (87641562)|DML_END|[53]
18:40:05.15 (87782017)|ENTERING_MANAGED_PKG|Centify
18:40:05.15 (88104100)|ENTERING_MANAGED_PKG|Centify
18:40:05.109 (109798245)|CUMULATIVE_LIMIT_USAGE
18:40:05.109 (109798245)|LIMIT_USAGE_FOR_NS|(default)|
  Number of SOQL queries: 0 out of 200
  Number of query rows: 0 out of 50000
  Number of SOSL queries: 0 out of 20
  Number of DML statements: 0 out of 150
  Number of DML rows: 0 out of 10000
  Maximum CPU time: 0 out of 60000
  Maximum heap size: 0 out of 12000000
  Number of callouts: 0 out of 0
  Number of Email Invocations: 0 out of 10
  Number of future calls: 0 out of 0
  Number of queueable jobs added to the queue: 0 out of 1
  Number of Mobile Apex push calls: 0 out of 10

18:40:05.109 (109798245)|LIMIT_USAGE_FOR_NS|Centify|
  Number of SOQL queries: 0 out of 200
  Number of query rows: 0 out of 50000
  Number of SOSL queries: 0 out of 20
  Number of DML statements: 0 out of 150
  Number of DML rows: 0 out of 10000
  Maximum CPU time: 0 out of 60000
  Maximum heap size: 0 out of 12000000
  Number of callouts: 0 out of 0
  Number of Email Invocations: 0 out of 10
  Number of future calls: 0 out of 0
  Number of queueable jobs added to the queue: 0 out of 1
  Number of Mobile Apex push calls: 0 out of 10

18:40:05.109 (109798245)|CUMULATIVE_LIMIT_USAGE_END

