37.0 APEX_CODE,FINEST;APEX_PROFILING,INFO;CALLOUT,INFO;DB,INFO;NBA,INFO;SYSTEM,DEBUG;VALIDATION,INFO;VISUALFORCE,INFO;WAVE,INFO;WORKFLOW,INFO
17:18:01.30 (30377854)|ENTERING_MANAGED_PKG|Centify
17:18:01.30 (31981799)|ENTERING_MANAGED_PKG|Centify
17:18:01.30 (32022933)|ENTERING_MANAGED_PKG|Centify
17:18:01.30 (32626176)|ENTERING_MANAGED_PKG|Centify
17:18:01.30 (32691006)|ENTERING_MANAGED_PKG|Centify
17:18:01.30 (33411417)|ENTERING_MANAGED_PKG|Centify
17:18:01.30 (33699294)|ENTERING_MANAGED_PKG|Centify
17:18:01.30 (33728468)|ENTERING_MANAGED_PKG|Centify
17:18:01.30 (33804262)|ENTERING_MANAGED_PKG|Centify
17:18:01.30 (33848375)|ENTERING_MANAGED_PKG|Centify
17:18:01.30 (33887209)|ENTERING_MANAGED_PKG|Centify
17:18:01.30 (33908531)|ENTERING_MANAGED_PKG|Centify
17:18:01.30 (33925973)|ENTERING_MANAGED_PKG|Centify
17:18:01.30 (34110450)|ENTERING_MANAGED_PKG|Centify
17:18:01.30 (78721463)|ENTERING_MANAGED_PKG|Centify
17:18:01.30 (78807140)|ENTERING_MANAGED_PKG|Centify
17:18:01.30 (78946414)|ENTERING_MANAGED_PKG|Centify
17:18:01.30 (78994992)|ENTERING_MANAGED_PKG|Centify
17:18:01.30 (359043107)|ENTERING_MANAGED_PKG|Centify
17:18:01.30 (399836874)|ENTERING_MANAGED_PKG|Centify
17:18:01.30 (415089184)|ENTERING_MANAGED_PKG|Centify
17:18:01.30 (415149552)|ENTERING_MANAGED_PKG|Centify
17:18:01.30 (415235489)|ENTERING_MANAGED_PKG|Centify
17:18:01.30 (415271638)|ENTERING_MANAGED_PKG|Centify
17:18:01.30 (415340670)|ENTERING_MANAGED_PKG|Centify
17:18:01.30 (439341531)|ENTERING_MANAGED_PKG|Centify
17:18:01.30 (459216636)|ENTERING_MANAGED_PKG|Centify
17:18:01.30 (459277344)|ENTERING_MANAGED_PKG|Centify
17:18:01.30 (459364301)|ENTERING_MANAGED_PKG|Centify
17:18:01.30 (459400367)|ENTERING_MANAGED_PKG|Centify
17:18:01.30 (459469159)|ENTERING_MANAGED_PKG|Centify
17:18:01.30 (488663268)|ENTERING_MANAGED_PKG|Centify
17:18:01.30 (509818932)|ENTERING_MANAGED_PKG|Centify
17:18:01.30 (509899064)|ENTERING_MANAGED_PKG|Centify
17:18:01.30 (509989779)|ENTERING_MANAGED_PKG|Centify
17:18:01.30 (510026132)|ENTERING_MANAGED_PKG|Centify
17:18:01.30 (510099083)|ENTERING_MANAGED_PKG|Centify
17:18:01.30 (533921187)|ENTERING_MANAGED_PKG|Centify
17:18:01.30 (555565322)|ENTERING_MANAGED_PKG|Centify
17:18:01.30 (555656950)|ENTERING_MANAGED_PKG|Centify
17:18:01.30 (555811047)|ENTERING_MANAGED_PKG|Centify
17:18:01.30 (555894434)|ENTERING_MANAGED_PKG|Centify
17:18:01.30 (556013841)|ENTERING_MANAGED_PKG|Centify
17:18:01.30 (582053747)|ENTERING_MANAGED_PKG|Centify
17:18:01.30 (600349039)|ENTERING_MANAGED_PKG|Centify
17:18:01.30 (600407456)|ENTERING_MANAGED_PKG|Centify
17:18:01.30 (600501383)|ENTERING_MANAGED_PKG|Centify
17:18:01.30 (600550737)|ENTERING_MANAGED_PKG|Centify
17:18:01.30 (600624273)|ENTERING_MANAGED_PKG|Centify
17:18:01.30 (625276089)|ENTERING_MANAGED_PKG|Centify
17:18:01.30 (641565903)|ENTERING_MANAGED_PKG|Centify
17:18:01.30 (641634792)|ENTERING_MANAGED_PKG|Centify
17:18:01.30 (641758208)|ENTERING_MANAGED_PKG|Centify
17:18:01.30 (641807014)|ENTERING_MANAGED_PKG|Centify
17:18:01.30 (641884381)|ENTERING_MANAGED_PKG|Centify
17:18:01.30 (673409008)|ENTERING_MANAGED_PKG|Centify
17:18:01.30 (692209578)|ENTERING_MANAGED_PKG|Centify
17:18:01.30 (692283371)|ENTERING_MANAGED_PKG|Centify
17:18:01.30 (692385595)|ENTERING_MANAGED_PKG|Centify
17:18:01.30 (692450862)|ENTERING_MANAGED_PKG|Centify
17:18:01.30 (692561459)|ENTERING_MANAGED_PKG|Centify
17:18:01.30 (721004683)|ENTERING_MANAGED_PKG|Centify
17:18:01.30 (762181267)|ENTERING_MANAGED_PKG|Centify
17:18:01.30 (762260220)|ENTERING_MANAGED_PKG|Centify
17:18:01.30 (762385951)|ENTERING_MANAGED_PKG|Centify
17:18:01.30 (762440788)|ENTERING_MANAGED_PKG|Centify
17:18:01.30 (762549834)|ENTERING_MANAGED_PKG|Centify
17:18:01.30 (796102792)|ENTERING_MANAGED_PKG|Centify
17:18:01.30 (817205615)|ENTERING_MANAGED_PKG|Centify
17:18:01.30 (817289584)|ENTERING_MANAGED_PKG|Centify
17:18:01.30 (817422091)|ENTERING_MANAGED_PKG|Centify
17:18:01.30 (817479964)|ENTERING_MANAGED_PKG|Centify
17:18:01.30 (817596905)|ENTERING_MANAGED_PKG|Centify
17:18:01.30 (843522414)|ENTERING_MANAGED_PKG|Centify
17:18:01.30 (861754685)|ENTERING_MANAGED_PKG|Centify
17:18:01.30 (861817135)|ENTERING_MANAGED_PKG|Centify
17:18:01.30 (861907402)|ENTERING_MANAGED_PKG|Centify
17:18:01.30 (861945560)|ENTERING_MANAGED_PKG|Centify
17:18:01.30 (862015605)|ENTERING_MANAGED_PKG|Centify
17:18:01.30 (884606710)|ENTERING_MANAGED_PKG|Centify
17:18:01.30 (898343755)|ENTERING_MANAGED_PKG|Centify
17:18:01.30 (898398071)|ENTERING_MANAGED_PKG|Centify
17:18:01.30 (898477020)|ENTERING_MANAGED_PKG|Centify
17:18:01.30 (898512169)|ENTERING_MANAGED_PKG|Centify
17:18:01.30 (898579705)|ENTERING_MANAGED_PKG|Centify
17:18:01.30 (919908943)|ENTERING_MANAGED_PKG|Centify
17:18:01.30 (938045199)|ENTERING_MANAGED_PKG|Centify
17:18:01.30 (938103815)|ENTERING_MANAGED_PKG|Centify
17:18:01.30 (938185315)|ENTERING_MANAGED_PKG|Centify
17:18:01.30 (938221144)|ENTERING_MANAGED_PKG|Centify
17:18:01.30 (938290911)|ENTERING_MANAGED_PKG|Centify
17:18:01.30 (965146863)|ENTERING_MANAGED_PKG|Centify
17:18:01.30 (965246377)|ENTERING_MANAGED_PKG|Centify
17:18:01.30 (965542171)|ENTERING_MANAGED_PKG|Centify
17:18:01.30 (965620582)|ENTERING_MANAGED_PKG|Centify
17:18:01.30 (965685869)|ENTERING_MANAGED_PKG|Centify
17:18:01.30 (971614068)|ENTERING_MANAGED_PKG|Centify
17:18:01.30 (971767676)|ENTERING_MANAGED_PKG|Centify
17:18:01.30 (973635132)|ENTERING_MANAGED_PKG|Centify
17:18:01.30 (973713778)|ENTERING_MANAGED_PKG|Centify
17:18:01.30 (973813840)|ENTERING_MANAGED_PKG|Centify
17:18:01.30 (974661514)|ENTERING_MANAGED_PKG|Centify
17:18:01.30 (975910373)|SOQL_EXECUTE_BEGIN|[16]|Aggregations:0|select id,lastmodifieddate,isdeleted,audit_completed_date__c,audit_booked_date__c,assign_to__c,name,ownerid,status__c,lastactivitydate,opp_type__c,spinify_is_target__c,spinify_is_auditedthismonth__c from SLXOpportunity__c where LastModifiedDate >2018-11-21T06:02:05Z AND LastModifiedDate < 2018-11-21T07:18:07Z AND (   Spinify_Is_Target__c =true OR  Spinify_Is_AuditedThisMonth__c =true )  ORDER BY SystemModStamp DESC LIMIT 5000  ALL ROWS
17:18:01.30 (985438495)|SOQL_EXECUTE_END|[16]|Rows:0
17:18:02.12 (1012284441)|CUMULATIVE_LIMIT_USAGE
17:18:02.12 (1012284441)|LIMIT_USAGE_FOR_NS|(default)|
  Number of SOQL queries: 0 out of 200
  Number of query rows: 0 out of 50000
  Number of SOSL queries: 0 out of 20
  Number of DML statements: 0 out of 150
  Number of DML rows: 0 out of 10000
  Maximum CPU time: 0 out of 60000
  Maximum heap size: 0 out of 12000000
  Number of callouts: 0 out of 0
  Number of Email Invocations: 0 out of 10
  Number of future calls: 0 out of 0
  Number of queueable jobs added to the queue: 0 out of 1
  Number of Mobile Apex push calls: 0 out of 10

17:18:02.12 (1012284441)|LIMIT_USAGE_FOR_NS|Centify|
  Number of SOQL queries: 0 out of 200
  Number of query rows: 0 out of 50000
  Number of SOSL queries: 0 out of 20
  Number of DML statements: 0 out of 150
  Number of DML rows: 0 out of 10000
  Maximum CPU time: 0 out of 60000
  Maximum heap size: 0 out of 12000000
  Number of callouts: 0 out of 0
  Number of Email Invocations: 0 out of 10
  Number of future calls: 0 out of 0
  Number of queueable jobs added to the queue: 0 out of 1
  Number of Mobile Apex push calls: 0 out of 10

17:18:02.12 (1012284441)|CUMULATIVE_LIMIT_USAGE_END

