37.0 APEX_CODE,FINEST;APEX_PROFILING,INFO;CALLOUT,INFO;DB,INFO;NBA,INFO;SYSTEM,DEBUG;VALIDATION,INFO;VISUALFORCE,INFO;WAVE,INFO;WORKFLOW,INFO
13:46:06.12 (12803569)|ENTERING_MANAGED_PKG|Centify
13:46:06.12 (13835835)|ENTERING_MANAGED_PKG|Centify
13:46:06.12 (13893731)|ENTERING_MANAGED_PKG|Centify
13:46:06.12 (14382292)|ENTERING_MANAGED_PKG|Centify
13:46:06.12 (14468747)|ENTERING_MANAGED_PKG|Centify
13:46:06.12 (14507850)|ENTERING_MANAGED_PKG|Centify
13:46:06.12 (17922652)|DML_BEGIN|[324]|Op:Upsert|Type:Centify__Salesforce_Sync_Settings__c|Rows:1
13:46:06.12 (42099520)|DML_END|[324]
13:46:06.63 (63419415)|CUMULATIVE_LIMIT_USAGE
13:46:06.63 (63419415)|LIMIT_USAGE_FOR_NS|(default)|
  Number of SOQL queries: 0 out of 200
  Number of query rows: 0 out of 50000
  Number of SOSL queries: 0 out of 20
  Number of DML statements: 0 out of 150
  Number of DML rows: 0 out of 10000
  Maximum CPU time: 0 out of 60000
  Maximum heap size: 0 out of 12000000
  Number of callouts: 0 out of 0
  Number of Email Invocations: 0 out of 10
  Number of future calls: 0 out of 0
  Number of queueable jobs added to the queue: 0 out of 1
  Number of Mobile Apex push calls: 0 out of 10

13:46:06.63 (63419415)|LIMIT_USAGE_FOR_NS|Centify|
  Number of SOQL queries: 0 out of 200
  Number of query rows: 0 out of 50000
  Number of SOSL queries: 0 out of 20
  Number of DML statements: 0 out of 150
  Number of DML rows: 0 out of 10000
  Maximum CPU time: 0 out of 60000
  Maximum heap size: 0 out of 12000000
  Number of callouts: 0 out of 0
  Number of Email Invocations: 0 out of 10
  Number of future calls: 0 out of 0
  Number of queueable jobs added to the queue: 0 out of 1
  Number of Mobile Apex push calls: 0 out of 10

13:46:06.63 (63419415)|CUMULATIVE_LIMIT_USAGE_END

