37.0 APEX_CODE,FINEST;APEX_PROFILING,INFO;CALLOUT,INFO;DB,INFO;NBA,INFO;SYSTEM,DEBUG;VALIDATION,INFO;VISUALFORCE,INFO;WAVE,INFO;WORKFLOW,INFO
18:18:20.13 (13220726)|ENTERING_MANAGED_PKG|Centify
18:18:20.13 (14161329)|ENTERING_MANAGED_PKG|Centify
18:18:20.13 (14195337)|ENTERING_MANAGED_PKG|Centify
18:18:20.13 (14483337)|ENTERING_MANAGED_PKG|Centify
18:18:20.13 (14554052)|ENTERING_MANAGED_PKG|Centify
18:18:20.13 (14589153)|ENTERING_MANAGED_PKG|Centify
18:18:20.33 (33891155)|CUMULATIVE_LIMIT_USAGE
18:18:20.33 (33891155)|LIMIT_USAGE_FOR_NS|(default)|
  Number of SOQL queries: 0 out of 200
  Number of query rows: 0 out of 50000
  Number of SOSL queries: 0 out of 20
  Number of DML statements: 0 out of 150
  Number of DML rows: 0 out of 10000
  Maximum CPU time: 0 out of 60000
  Maximum heap size: 0 out of 12000000
  Number of callouts: 0 out of 0
  Number of Email Invocations: 0 out of 10
  Number of future calls: 0 out of 0
  Number of queueable jobs added to the queue: 0 out of 1
  Number of Mobile Apex push calls: 0 out of 10

18:18:20.33 (33891155)|LIMIT_USAGE_FOR_NS|Centify|
  Number of SOQL queries: 0 out of 200
  Number of query rows: 0 out of 50000
  Number of SOSL queries: 0 out of 20
  Number of DML statements: 0 out of 150
  Number of DML rows: 0 out of 10000
  Maximum CPU time: 0 out of 60000
  Maximum heap size: 0 out of 12000000
  Number of callouts: 0 out of 0
  Number of Email Invocations: 0 out of 10
  Number of future calls: 0 out of 0
  Number of queueable jobs added to the queue: 0 out of 1
  Number of Mobile Apex push calls: 0 out of 10

18:18:20.33 (33891155)|CUMULATIVE_LIMIT_USAGE_END

