31.0 APEX_CODE,FINEST;APEX_PROFILING,INFO;CALLOUT,INFO;DB,INFO;NBA,INFO;SYSTEM,DEBUG;VALIDATION,INFO;VISUALFORCE,INFO;WAVE,INFO;WORKFLOW,INFO
18:53:45.0 (354655)|USER_INFO|[EXTERNAL]|0056F000006HQLx|checkout_slx@bjbglobal.force.com|Australian Eastern Standard Time|GMT+10:00
18:53:45.0 (385227)|EXECUTION_STARTED
18:53:45.0 (388691)|CODE_UNIT_STARTED|[EXTERNAL]|0666F000005libo|VF: /apex/CheckoutMain_slx
18:53:45.0 (24473866)|SYSTEM_MODE_ENTER|true
18:53:45.0 (25053683)|HEAP_ALLOCATE|[72]|Bytes:3
18:53:45.0 (25088733)|HEAP_ALLOCATE|[77]|Bytes:152
18:53:45.0 (25101195)|HEAP_ALLOCATE|[342]|Bytes:408
18:53:45.0 (25112454)|HEAP_ALLOCATE|[355]|Bytes:408
18:53:45.0 (25122841)|HEAP_ALLOCATE|[467]|Bytes:48
18:53:45.0 (25146926)|HEAP_ALLOCATE|[139]|Bytes:6
18:53:45.0 (25161929)|HEAP_ALLOCATE|[EXTERNAL]|Bytes:660
18:53:45.0 (25167987)|HEAP_ALLOCATE|[EXTERNAL]|Bytes:270
18:53:45.0 (25171916)|HEAP_ALLOCATE|[EXTERNAL]|Bytes:163
18:53:45.0 (25183261)|METHOD_ENTRY|[1]|01p6F000006He6M|CheckoutController.CheckoutController()
18:53:45.0 (25189384)|STATEMENT_EXECUTE|[1]
18:53:45.0 (25194444)|STATEMENT_EXECUTE|[1]
18:53:45.0 (25229221)|HEAP_ALLOCATE|[50]|Bytes:5
18:53:45.0 (25254012)|HEAP_ALLOCATE|[56]|Bytes:5
18:53:45.0 (25261330)|HEAP_ALLOCATE|[64]|Bytes:7
18:53:45.0 (25275690)|SYSTEM_MODE_ENTER|false
18:53:45.0 (25285617)|HEAP_ALLOCATE|[EXTERNAL]|Bytes:5
18:53:45.0 (25293282)|SYSTEM_MODE_EXIT|false
18:53:45.0 (25301618)|METHOD_EXIT|[1]|CheckoutController
18:53:45.0 (31263245)|HEAP_ALLOCATE|[EXTERNAL]|Bytes:184
18:53:45.0 (31280403)|VARIABLE_SCOPE_BEGIN|[60]|this|CheckoutController|true|false
18:53:45.0 (31453094)|VARIABLE_ASSIGNMENT|[60]|this|{}|0x1bca3f93
18:53:45.0 (31470791)|SYSTEM_MODE_ENTER|false
18:53:45.0 (31479277)|HEAP_ALLOCATE|[18]|Bytes:5
18:53:45.0 (31484544)|STATEMENT_EXECUTE|[1]
18:53:45.0 (31487967)|HEAP_ALLOCATE|[18]|Bytes:5
18:53:45.0 (31491126)|STATEMENT_EXECUTE|[3]
18:53:45.0 (31502592)|STATEMENT_EXECUTE|[4]
18:53:45.0 (31506326)|STATEMENT_EXECUTE|[5]
18:53:45.0 (31509255)|STATEMENT_EXECUTE|[6]
18:53:45.0 (31512162)|STATEMENT_EXECUTE|[7]
18:53:45.0 (31514976)|STATEMENT_EXECUTE|[8]
18:53:45.0 (31517884)|STATEMENT_EXECUTE|[9]
18:53:45.0 (31520624)|STATEMENT_EXECUTE|[10]
18:53:45.0 (31523694)|STATEMENT_EXECUTE|[13]
18:53:45.0 (31526495)|STATEMENT_EXECUTE|[14]
18:53:45.0 (31529307)|STATEMENT_EXECUTE|[15]
18:53:45.0 (31532102)|STATEMENT_EXECUTE|[16]
18:53:45.0 (31534887)|STATEMENT_EXECUTE|[17]
18:53:45.0 (31537709)|STATEMENT_EXECUTE|[18]
18:53:45.0 (31540928)|STATEMENT_EXECUTE|[18]
18:53:45.0 (31542337)|STATEMENT_EXECUTE|[18]
18:53:45.0 (31549255)|HEAP_ALLOCATE|[18]|Bytes:184
18:53:45.0 (31555830)|HEAP_ALLOCATE|[18]|Bytes:9
18:53:45.0 (31572371)|METHOD_ENTRY|[1]|01p6F00000AAxq8|CardDetails.CardDetails()
18:53:45.0 (31577624)|STATEMENT_EXECUTE|[1]
18:53:45.0 (31581751)|STATEMENT_EXECUTE|[1]
18:53:45.0 (31585846)|HEAP_ALLOCATE|[18]|Bytes:5
18:53:45.0 (31595698)|METHOD_EXIT|[1]|CardDetails
18:53:45.0 (31608786)|HEAP_ALLOCATE|[18]|Bytes:24
18:53:45.0 (31620920)|CONSTRUCTOR_ENTRY|[18]|01p6F00000AAxq8|<init>()|CardDetails
18:53:45.0 (31758891)|VARIABLE_SCOPE_BEGIN|[1]|this|CardDetails|true|false
18:53:45.0 (31792040)|VARIABLE_ASSIGNMENT|[1]|this|{}|0x8526d88
18:53:45.0 (31802447)|HEAP_ALLOCATE|[EXTERNAL]|Bytes:5
18:53:45.0 (31811348)|HEAP_ALLOCATE|[EXTERNAL]|Bytes:6
18:53:45.0 (31870114)|STATEMENT_EXECUTE|[1]
18:53:45.0 (31874788)|HEAP_ALLOCATE|[EXTERNAL]|Bytes:5
18:53:45.0 (31879125)|STATEMENT_EXECUTE|[3]
18:53:45.0 (31884971)|STATEMENT_EXECUTE|[4]
18:53:45.0 (31888014)|STATEMENT_EXECUTE|[5]
18:53:45.0 (31890934)|STATEMENT_EXECUTE|[6]
18:53:45.0 (31893846)|STATEMENT_EXECUTE|[7]
18:53:45.0 (31901092)|CONSTRUCTOR_EXIT|[18]|01p6F00000AAxq8|<init>()|CardDetails
18:53:45.0 (31981761)|VARIABLE_ASSIGNMENT|[EXTERNAL]|this|{}|0x1bca3f93
18:53:45.0 (31998411)|VARIABLE_ASSIGNMENT|[EXTERNAL]|value|{}|0x8526d88
18:53:45.0 (32010970)|VARIABLE_ASSIGNMENT|[18]|this.cardDetails|0x8526d88|0x1bca3f93
18:53:45.0 (32023060)|STATEMENT_EXECUTE|[20]
18:53:45.0 (32027848)|STATEMENT_EXECUTE|[22]
18:53:45.0 (32031171)|STATEMENT_EXECUTE|[23]
18:53:45.0 (32034100)|STATEMENT_EXECUTE|[24]
18:53:45.0 (32037099)|STATEMENT_EXECUTE|[25]
18:53:45.0 (32040319)|STATEMENT_EXECUTE|[26]
18:53:45.0 (32043195)|STATEMENT_EXECUTE|[27]
18:53:45.0 (32046101)|STATEMENT_EXECUTE|[28]
18:53:45.0 (32049058)|STATEMENT_EXECUTE|[29]
18:53:45.0 (32051997)|STATEMENT_EXECUTE|[30]
18:53:45.0 (32054833)|STATEMENT_EXECUTE|[31]
18:53:45.0 (32057780)|STATEMENT_EXECUTE|[32]
18:53:45.0 (32060651)|STATEMENT_EXECUTE|[33]
18:53:45.0 (32063695)|STATEMENT_EXECUTE|[34]
18:53:45.0 (32066754)|STATEMENT_EXECUTE|[35]
18:53:45.0 (32070008)|STATEMENT_EXECUTE|[36]
18:53:45.0 (32073094)|STATEMENT_EXECUTE|[37]
18:53:45.0 (32076015)|STATEMENT_EXECUTE|[38]
18:53:45.0 (32078938)|STATEMENT_EXECUTE|[39]
18:53:45.0 (32081908)|STATEMENT_EXECUTE|[40]
18:53:45.0 (32084825)|STATEMENT_EXECUTE|[41]
18:53:45.0 (32087733)|STATEMENT_EXECUTE|[42]
18:53:45.0 (32090686)|STATEMENT_EXECUTE|[43]
18:53:45.0 (32093718)|STATEMENT_EXECUTE|[45]
18:53:45.0 (32096856)|STATEMENT_EXECUTE|[47]
18:53:45.0 (32110139)|HEAP_ALLOCATE|[47]|Bytes:4
18:53:45.0 (32134111)|VARIABLE_ASSIGNMENT|[47]|this.paymentTypesEnabled|{}|0x1bca3f93
18:53:45.0 (32140307)|STATEMENT_EXECUTE|[49]
18:53:45.0 (32144296)|STATEMENT_EXECUTE|[50]
18:53:45.0 (32147609)|STATEMENT_EXECUTE|[51]
18:53:45.0 (32150412)|STATEMENT_EXECUTE|[53]
18:53:45.0 (32153621)|STATEMENT_EXECUTE|[54]
18:53:45.0 (32156610)|STATEMENT_EXECUTE|[57]
18:53:45.0 (32171485)|STATEMENT_EXECUTE|[60]
18:53:45.0 (32173249)|STATEMENT_EXECUTE|[61]
18:53:45.0 (32191244)|HEAP_ALLOCATE|[61]|Bytes:4
18:53:45.0 (32391123)|VARIABLE_ASSIGNMENT|[EXTERNAL]|this|{"cardDetails":"0x8526d88","paymentTypesEnabled":"0x3105d8c3"}|0x1bca3f93
18:53:45.0 (32407003)|VARIABLE_ASSIGNMENT|[EXTERNAL]|value|{}|0x2a20cd46
18:53:45.0 (32418095)|VARIABLE_ASSIGNMENT|[4]|this.acc|{}|0x1bca3f93
18:53:45.0 (32507615)|VARIABLE_ASSIGNMENT|[EXTERNAL]|this|{"acc":"0x2a20cd46","cardDetails":"0x8526d88","paymentTypesEnabled":"0x3105d8c3"}|0x1bca3f93
18:53:45.0 (32520918)|STATEMENT_EXECUTE|[63]
18:53:45.0 (32522834)|STATEMENT_EXECUTE|[64]
18:53:45.0 (32545073)|HEAP_ALLOCATE|[64]|Bytes:4
18:53:45.0 (32683235)|VARIABLE_ASSIGNMENT|[EXTERNAL]|this|{"acc":"0x2a20cd46","cardDetails":"0x8526d88","paymentTypesEnabled":"0x3105d8c3"}|0x1bca3f93
18:53:45.0 (32696095)|VARIABLE_ASSIGNMENT|[EXTERNAL]|value|{}|0x60f0ab07
18:53:45.0 (32706759)|VARIABLE_ASSIGNMENT|[3]|this.signup|{}|0x1bca3f93
18:53:45.0 (32716189)|STATEMENT_EXECUTE|[68]
18:53:45.0 (32787859)|HEAP_ALLOCATE|[68]|Bytes:35
18:53:45.0 (32830676)|HEAP_ALLOCATE|[68]|Bytes:592
18:53:45.0 (32859155)|HEAP_ALLOCATE|[68]|Bytes:7
18:53:45.0 (32879087)|VARIABLE_SCOPE_BEGIN|[68]|referer|String|false|false
18:53:45.0 (32893870)|VARIABLE_ASSIGNMENT|[68]|referer|"https://www.sponsore (36 more) ..."
18:53:45.0 (32899043)|STATEMENT_EXECUTE|[69]
18:53:45.0 (32905866)|HEAP_ALLOCATE|[69]|Bytes:3
18:53:45.0 (32910142)|VARIABLE_SCOPE_BEGIN|[69]|detectedLocale|String|false|false
18:53:45.0 (32918208)|VARIABLE_ASSIGNMENT|[69]|detectedLocale|"AUD"
18:53:45.0 (32939634)|HEAP_ALLOCATE|[70]|Bytes:35
18:53:45.0 (32962879)|HEAP_ALLOCATE|[70]|Bytes:9
18:53:45.0 (32976478)|HEAP_ALLOCATE|[70]|Bytes:6
18:53:45.0 (32988237)|STATEMENT_EXECUTE|[70]
18:53:45.0 (32990073)|STATEMENT_EXECUTE|[71]
18:53:45.0 (33006804)|HEAP_ALLOCATE|[71]|Bytes:35
18:53:45.0 (33024629)|HEAP_ALLOCATE|[71]|Bytes:9
18:53:45.0 (33045757)|VARIABLE_ASSIGNMENT|[71]|detectedLocale|"AUD"
18:53:45.0 (33051252)|STATEMENT_EXECUTE|[77]
18:53:45.0 (33091824)|HEAP_ALLOCATE|[77]|Bytes:161
18:53:45.0 (33101758)|SYSTEM_METHOD_ENTRY|[1]|Site.Site()
18:53:45.0 (33105804)|STATEMENT_EXECUTE|[1]
18:53:45.0 (33111780)|SYSTEM_METHOD_EXIT|[1]|Site
18:53:45.0 (33123972)|METHOD_ENTRY|[77]||System.Site.getName()
18:53:45.0 (33159292)|METHOD_EXIT|[77]||System.Site.getName()
18:53:45.0 (33237305)|METHOD_ENTRY|[77]|01p6F000006He6M|CheckoutController.setSite(String, String)
18:53:45.0 (33246816)|VARIABLE_SCOPE_BEGIN|[911]|this|CheckoutController|true|false
18:53:45.0 (33325427)|VARIABLE_ASSIGNMENT|[911]|this|{"acc":"0x2a20cd46","cardDetails":"0x8526d88","paymentTypesEnabled":"0x3105d8c3","signup":"0x60f0ab07"}|0x1bca3f93
18:53:45.0 (33333297)|VARIABLE_SCOPE_BEGIN|[911]|setSiteName|String|false|false
18:53:45.0 (33342485)|VARIABLE_ASSIGNMENT|[911]|setSiteName|"checkout_SLX"
18:53:45.0 (33346707)|VARIABLE_SCOPE_BEGIN|[911]|setLocale|String|false|false
18:53:45.0 (33355162)|VARIABLE_ASSIGNMENT|[911]|setLocale|"AUD"
18:53:45.0 (33366098)|HEAP_ALLOCATE|[912]|Bytes:5
18:53:45.0 (33371259)|STATEMENT_EXECUTE|[911]
18:53:45.0 (33373142)|STATEMENT_EXECUTE|[912]
18:53:45.0 (33386668)|VARIABLE_ASSIGNMENT|[912]|this.siteName|"checkout_SLX"|0x1bca3f93
18:53:45.0 (33392570)|STATEMENT_EXECUTE|[913]
18:53:45.0 (33399787)|VARIABLE_ASSIGNMENT|[913]|this.locale|"AUD"|0x1bca3f93
18:53:45.0 (33406348)|STATEMENT_EXECUTE|[915]
18:53:45.0 (33409787)|STATEMENT_EXECUTE|[919]
18:53:45.0 (33411310)|STATEMENT_EXECUTE|[919]
18:53:45.0 (33412799)|STATEMENT_EXECUTE|[921]
18:53:45.0 (33417148)|HEAP_ALLOCATE|[921]|Bytes:83
18:53:45.0 (33430978)|HEAP_ALLOCATE|[921]|Bytes:4
18:53:45.0 (33440027)|HEAP_ALLOCATE|[921]|Bytes:7
18:53:45.0 (33816378)|SOQL_EXECUTE_BEGIN|[921]|Aggregations:0|SELECT Name, Status, Subdomain, GuestUserId FROM Site WHERE Name = :tmpVar1 LIMIT 1
18:53:45.0 (36488687)|SOQL_EXECUTE_END|[921]|Rows:1
18:53:45.0 (36508416)|HEAP_ALLOCATE|[921]|Bytes:8
18:53:45.0 (36529469)|HEAP_ALLOCATE|[921]|Bytes:124
18:53:45.0 (36567605)|HEAP_ALLOCATE|[921]|Bytes:8
18:53:45.0 (36579002)|HEAP_ALLOCATE|[921]|Bytes:30
18:53:45.0 (36609840)|HEAP_ALLOCATE|[921]|Bytes:24
18:53:45.0 (36638687)|VARIABLE_ASSIGNMENT|[921]|this.mySite|{"Name":"checkout_SLX","Status":"Active","Subdomain":"bjbglobal","GuestUserId":"0056F000006HQLxQAO","Id":"0DM6F00000003pHWAQ"}|0x1bca3f93
18:53:45.0 (36650284)|STATEMENT_EXECUTE|[922]
18:53:45.0 (36658290)|HEAP_ALLOCATE|[922]|Bytes:205
18:53:45.0 (36670823)|HEAP_ALLOCATE|[922]|Bytes:4
18:53:45.0 (36708553)|HEAP_ALLOCATE|[922]|Bytes:7
18:53:45.0 (37110527)|SOQL_EXECUTE_BEGIN|[922]|Aggregations:0|SELECT Id, Name, Business_Name__c, Checkout_Site__c, Checkout_Direct_Debit__c, CurrencyIsoCode, Payment_Gateway__c FROM Company__c WHERE (Checkout_Site__c = :tmpVar1 AND CurrencyIsoCode = :tmpVar2) LIMIT 1
18:53:45.0 (40362790)|SOQL_EXECUTE_END|[922]|Rows:1
18:53:45.0 (40384098)|HEAP_ALLOCATE|[922]|Bytes:8
18:53:45.0 (40402300)|HEAP_ALLOCATE|[922]|Bytes:200
18:53:45.0 (40442386)|HEAP_ALLOCATE|[922]|Bytes:8
18:53:45.0 (40453944)|HEAP_ALLOCATE|[922]|Bytes:36
18:53:45.0 (40484436)|HEAP_ALLOCATE|[922]|Bytes:32
18:53:45.0 (40519540)|VARIABLE_ASSIGNMENT|[922]|this.bjbCompany|{"Id":"a0C90000002PU4fEAG","Name":"SponsoredLinX","Business_Name__c":"SponsoredLinX","Checkout_Site__c":"checkout_SLX","Checkout_Direct_Debit__c":false,"CurrencyIsoCode":"AUD","Payment_Gateway__c":"Eway2"}|0x1bca3f93
18:53:45.0 (40531904)|HEAP_ALLOCATE|[925]|Bytes:12
18:53:45.0 (40568923)|STATEMENT_EXECUTE|[925]
18:53:45.0 (40576304)|HEAP_ALLOCATE|[926]|Bytes:3
18:53:45.0 (40588976)|STATEMENT_EXECUTE|[934]
18:53:45.0 (40591916)|STATEMENT_EXECUTE|[935]
18:53:45.0 (40602515)|HEAP_ALLOCATE|[935]|Bytes:13
18:53:45.0 (40619450)|VARIABLE_ASSIGNMENT|[935]|this.companyName|"SponsoredLinX"|0x1bca3f93
18:53:45.0 (40628625)|STATEMENT_EXECUTE|[936]
18:53:45.0 (40637149)|HEAP_ALLOCATE|[936]|Bytes:24
18:53:45.0 (40655465)|VARIABLE_ASSIGNMENT|[936]|this.emailSignupAddress|"signup@sponsoredlinx (4 more) ..."|0x1bca3f93
18:53:45.0 (43195077)|HEAP_ALLOCATE|[937]|Bytes:43
18:53:45.0 (43206685)|HEAP_ALLOCATE|[937]|Bytes:3
18:53:45.0 (43230273)|METHOD_ENTRY|[1]|01p6F000006uYhT|Utility.Utility()
18:53:45.0 (43236959)|STATEMENT_EXECUTE|[1]
18:53:45.0 (43243019)|STATEMENT_EXECUTE|[1]
18:53:45.0 (43249967)|HEAP_ALLOCATE|[937]|Bytes:5
18:53:45.0 (43260421)|METHOD_EXIT|[1]|Utility
18:53:45.0 (43281677)|METHOD_ENTRY|[937]|01p6F000006uYhT|Utility.runningInASandbox()
18:53:45.0 (43313110)|HEAP_ALLOCATE|[61]|Bytes:5
18:53:45.0 (43318660)|STATEMENT_EXECUTE|[60]
18:53:45.0 (43320356)|STATEMENT_EXECUTE|[61]
18:53:45.0 (43329659)|HEAP_ALLOCATE|[61]|Bytes:46
18:53:45.0 (43342734)|HEAP_ALLOCATE|[61]|Bytes:4
18:53:45.0 (47536318)|SOQL_EXECUTE_BEGIN|[61]|Aggregations:0|SELECT Id, IsSandbox FROM Organization LIMIT 1
18:53:45.0 (48929641)|SOQL_EXECUTE_END|[61]|Rows:1
18:53:45.0 (48949265)|HEAP_ALLOCATE|[61]|Bytes:8
18:53:45.0 (48965065)|HEAP_ALLOCATE|[61]|Bytes:50
18:53:45.0 (49019215)|HEAP_ALLOCATE|[61]|Bytes:8
18:53:45.0 (49030476)|HEAP_ALLOCATE|[61]|Bytes:38
18:53:45.0 (49066422)|HEAP_ALLOCATE|[61]|Bytes:12
18:53:45.0 (49099460)|METHOD_EXIT|[937]|01p6F000006uYhT|Utility.runningInASandbox()
18:53:45.0 (49109745)|STATEMENT_EXECUTE|[939]
18:53:45.0 (49112000)|STATEMENT_EXECUTE|[940]
18:53:45.0 (49120927)|HEAP_ALLOCATE|[940]|Bytes:20
18:53:45.0 (49148462)|VARIABLE_ASSIGNMENT|[940]|this.fromSource|"sponsoredlinx.com.au"|0x1bca3f93
18:53:45.0 (49154761)|STATEMENT_EXECUTE|[966]
18:53:45.0 (49162493)|HEAP_ALLOCATE|[966]|Bytes:29
18:53:45.0 (49169443)|HEAP_ALLOCATE|[966]|Bytes:26
18:53:45.0 (49186544)|METHOD_ENTRY|[1]|01p6F000006He6K|Cart.Cart()
18:53:45.0 (49191651)|STATEMENT_EXECUTE|[1]
18:53:45.0 (49197504)|STATEMENT_EXECUTE|[1]
18:53:45.0 (49199101)|STATEMENT_EXECUTE|[7]
18:53:45.0 (49200603)|STATEMENT_EXECUTE|[17]
18:53:45.0 (49205263)|METHOD_EXIT|[1]|Cart
18:53:45.0 (49405073)|HEAP_ALLOCATE|[966]|Bytes:12
18:53:45.0 (49424341)|CONSTRUCTOR_ENTRY|[966]|01p6F000006He6K|<init>(String)|Cart
18:53:45.0 (49458028)|VARIABLE_SCOPE_BEGIN|[19]|this|Cart|true|false
18:53:45.0 (49492853)|VARIABLE_ASSIGNMENT|[19]|this|{}|0x20dd1463
18:53:45.0 (49499823)|VARIABLE_SCOPE_BEGIN|[19]|forCompanyName|String|false|false
18:53:45.0 (49510455)|VARIABLE_ASSIGNMENT|[19]|forCompanyName|"SponsoredLinX"
18:53:45.0 (49516115)|STATEMENT_EXECUTE|[1]
18:53:45.0 (49517935)|STATEMENT_EXECUTE|[4]
18:53:45.0 (49524200)|STATEMENT_EXECUTE|[15]
18:53:45.0 (49559553)|HEAP_ALLOCATE|[15]|Bytes:24
18:53:45.0 (49572800)|CONSTRUCTOR_ENTRY|[15]|01p6F000006He6K|<init>()|Cart.cartPackageData
18:53:45.0 (49620060)|VARIABLE_SCOPE_BEGIN|[7]|this|Cart.cartPackageData|true|false
18:53:45.0 (49672044)|VARIABLE_ASSIGNMENT|[7]|this|{}|0x294147a2
18:53:45.0 (49694427)|STATEMENT_EXECUTE|[7]
18:53:45.0 (49696264)|STATEMENT_EXECUTE|[8]
18:53:45.0 (49709347)|HEAP_ALLOCATE|[8]|Bytes:4
18:53:45.0 (49758258)|HEAP_ALLOCATE|[EXTERNAL]|Bytes:4
18:53:45.0 (49772326)|VARIABLE_ASSIGNMENT|[8]|this.productIds|[]|0x294147a2
18:53:45.0 (49777761)|STATEMENT_EXECUTE|[9]
18:53:45.0 (49782666)|STATEMENT_EXECUTE|[10]
18:53:45.0 (49785644)|STATEMENT_EXECUTE|[11]
18:53:45.0 (49794116)|HEAP_ALLOCATE|[11]|Bytes:4
18:53:45.0 (49837456)|HEAP_ALLOCATE|[EXTERNAL]|Bytes:4
18:53:45.0 (49845386)|VARIABLE_ASSIGNMENT|[11]|this.addons|[]|0x294147a2
18:53:45.0 (49850970)|STATEMENT_EXECUTE|[12]
18:53:45.0 (49857554)|CONSTRUCTOR_EXIT|[15]|01p6F000006He6K|<init>()|Cart.cartPackageData
18:53:45.0 (49865683)|VARIABLE_ASSIGNMENT|[15]|this.myPackageData|0x294147a2|0x20dd1463
18:53:45.0 (49879863)|STATEMENT_EXECUTE|[19]
18:53:45.0 (49881973)|STATEMENT_EXECUTE|[21]
18:53:45.0 (49891260)|VARIABLE_ASSIGNMENT|[21]|this.companyName|"SponsoredLinX"|0x20dd1463
18:53:45.0 (49899378)|CONSTRUCTOR_EXIT|[966]|01p6F000006He6K|<init>(String)|Cart
18:53:45.0 (49908469)|VARIABLE_ASSIGNMENT|[966]|this.mycart|0x20dd1463|0x1bca3f93
18:53:45.0 (49913502)|STATEMENT_EXECUTE|[969]
18:53:45.0 (49942126)|METHOD_ENTRY|[969]|01p6F000006He6M|CheckoutController.loadCart()
18:53:45.0 (49969529)|VARIABLE_SCOPE_BEGIN|[1068]|this|CheckoutController|true|false
18:53:45.0 (50084647)|VARIABLE_ASSIGNMENT|[1068]|this|{"acc":"0x2a20cd46","bjbCompany":"0x42abfdf","cardDetails":"0x8526d88","companyName":"SponsoredLinX","emailSignupAddress":"signup@sponsoredlinx (4 more) ...","fromSource":"sponsoredlinx.com.au","locale":"AUD","mycart":"0x20dd1463","mySite":"0x7922ea20","paymentTypesEnabled":"0x3105d8c3","signup":"0x60f0ab07","siteName":"checkout_SLX"}|0x1bca3f93
18:53:45.0 (50102960)|HEAP_ALLOCATE|[1070]|Bytes:5
18:53:45.0 (50108418)|STATEMENT_EXECUTE|[1068]
18:53:45.0 (50110157)|STATEMENT_EXECUTE|[1070]
18:53:45.0 (50144166)|HEAP_ALLOCATE|[1070]|Bytes:35
18:53:45.0 (50188057)|HEAP_ALLOCATE|[1070]|Bytes:189
18:53:45.0 (50223876)|HEAP_ALLOCATE|[1070]|Bytes:5
18:53:45.0 (50245501)|HEAP_ALLOCATE|[1070]|Bytes:20
18:53:45.0 (50269653)|VARIABLE_SCOPE_BEGIN|[1070]|cartCookie|System.Cookie|true|false
18:53:45.0 (50522898)|VARIABLE_ASSIGNMENT|[1070]|cartCookie|"common.apex.api.net.CookieValue@706aa441"|0x706aa441
18:53:45.0 (50532208)|STATEMENT_EXECUTE|[1072]
18:53:45.0 (50533927)|STATEMENT_EXECUTE|[1073]
18:53:45.0 (50565730)|HEAP_ALLOCATE|[1073]|Bytes:149
18:53:45.0 (50590303)|METHOD_ENTRY|[1073]|01p6F000006He6K|Cart.setCookieJSON(String)
18:53:45.0 (50598395)|VARIABLE_SCOPE_BEGIN|[30]|this|Cart|true|false
18:53:45.0 (50623479)|VARIABLE_ASSIGNMENT|[30]|this|{"companyName":"SponsoredLinX","myPackageData":"0x294147a2"}|0x20dd1463
18:53:45.0 (50630833)|VARIABLE_SCOPE_BEGIN|[30]|cartSerialized|String|false|false
18:53:45.0 (50642161)|VARIABLE_ASSIGNMENT|[30]|cartSerialized|"{\"promocode\":null,\"p (129 more) ..."
18:53:45.0 (50647907)|STATEMENT_EXECUTE|[30]
18:53:45.0 (50649818)|STATEMENT_EXECUTE|[31]
18:53:45.0 (50656671)|HEAP_ALLOCATE|[31]|Bytes:20
18:53:45.0 (50742648)|HEAP_ALLOCATE|[31]|Bytes:27
18:53:45.0 (50754303)|SYSTEM_METHOD_ENTRY|[1]|Type.Type()
18:53:45.0 (50758879)|STATEMENT_EXECUTE|[1]
18:53:45.0 (50765693)|SYSTEM_METHOD_EXIT|[1]|Type
18:53:45.0 (50772421)|HEAP_ALLOCATE|[31]|Bytes:8
18:53:45.0 (50787603)|HEAP_ALLOCATE|[31]|Bytes:8
18:53:45.0 (50794373)|VARIABLE_SCOPE_BEGIN|[4]|this|System.Type|true|false
18:53:45.0 (50813248)|VARIABLE_ASSIGNMENT|[4]|this|{}|0x5e218aee
18:53:45.0 (50820052)|VARIABLE_SCOPE_BEGIN|[4]|apextype|java:common.apex.runtime.ApexObjectType|true|false
18:53:45.0 (50903494)|VARIABLE_ASSIGNMENT|[4]|apextype|"Cart.cartPackageData"|0x658b967
18:53:45.0 (50937476)|HEAP_ALLOCATE|[31]|Bytes:8
18:53:45.0 (50970492)|HEAP_ALLOCATE|[31]|Bytes:24
18:53:45.0 (50979269)|SYSTEM_METHOD_ENTRY|[1]|JSON.JSON()
18:53:45.0 (50983197)|STATEMENT_EXECUTE|[1]
18:53:45.0 (50988010)|SYSTEM_METHOD_EXIT|[1]|JSON
18:53:45.0 (51000085)|METHOD_ENTRY|[31]||System.JSON.deserialize(String, System.Type)
18:53:45.0 (51495239)|METHOD_EXIT|[31]||System.JSON.deserialize(String, System.Type)
18:53:45.0 (51510972)|VARIABLE_ASSIGNMENT|[31]|this.myPackageData|0x448eab72|0x20dd1463
18:53:45.0 (51519072)|STATEMENT_EXECUTE|[34]
18:53:45.0 (51529314)|STATEMENT_EXECUTE|[38]
18:53:45.0 (51535567)|METHOD_EXIT|[1073]|01p6F000006He6K|Cart.setCookieJSON(String)
18:53:45.0 (51545495)|METHOD_EXIT|[969]|01p6F000006He6M|CheckoutController.loadCart()
18:53:45.0 (51550724)|STATEMENT_EXECUTE|[972]
18:53:45.0 (51558061)|HEAP_ALLOCATE|[972]|Bytes:11
18:53:45.0 (51592897)|HEAP_ALLOCATE|[972]|Bytes:5
18:53:45.0 (51601445)|HEAP_ALLOCATE|[EXTERNAL]|Bytes:-4
18:53:45.0 (51634028)|STATEMENT_EXECUTE|[974]
18:53:45.0 (51645175)|METHOD_ENTRY|[979]|01p6F000006uYhT|Utility.runningInASandbox()
18:53:45.0 (51662801)|HEAP_ALLOCATE|[61]|Bytes:5
18:53:45.0 (51667240)|STATEMENT_EXECUTE|[60]
18:53:45.0 (51669026)|STATEMENT_EXECUTE|[61]
18:53:45.0 (51683512)|HEAP_ALLOCATE|[61]|Bytes:4
18:53:45.0 (51789158)|SOQL_EXECUTE_BEGIN|[61]|Aggregations:0|SELECT Id, IsSandbox FROM Organization LIMIT 1
18:53:45.0 (53294689)|SOQL_EXECUTE_END|[61]|Rows:1
18:53:45.0 (53312694)|HEAP_ALLOCATE|[61]|Bytes:8
18:53:45.0 (53326022)|HEAP_ALLOCATE|[61]|Bytes:50
18:53:45.0 (53350083)|HEAP_ALLOCATE|[61]|Bytes:8
18:53:45.0 (53365644)|HEAP_ALLOCATE|[61]|Bytes:12
18:53:45.0 (53384620)|METHOD_EXIT|[979]|01p6F000006uYhT|Utility.runningInASandbox()
18:53:45.0 (53393339)|STATEMENT_EXECUTE|[979]
18:53:45.0 (53404222)|METHOD_EXIT|[77]|01p6F000006He6M|CheckoutController.setSite(String, String)
18:53:45.0 (53409134)|STATEMENT_EXECUTE|[80]
18:53:45.0 (53554880)|VARIABLE_ASSIGNMENT|[EXTERNAL]|this|{"acc":"0x2a20cd46","bjbCompany":"0x42abfdf","cardDetails":"0x8526d88","companyName":"SponsoredLinX","emailSignupAddress":"signup@sponsoredlinx (4 more) ...","fromSource":"sponsoredlinx.com.au","locale":"AUD","mycart":"0x20dd1463","mySite":"0x7922ea20","paymentTypesEnabled":"0x3105d8c3","signup":"0x60f0ab07","siteName":"checkout_SLX"}|0x1bca3f93
18:53:45.0 (53569995)|VARIABLE_ASSIGNMENT|[EXTERNAL]|value|"Credit Card"
18:53:45.0 (53582402)|VARIABLE_ASSIGNMENT|[13]|this.paymentType|"Credit Card"|0x1bca3f93
18:53:45.0 (53591369)|STATEMENT_EXECUTE|[82]
18:53:45.0 (53707191)|VARIABLE_ASSIGNMENT|[EXTERNAL]|this|{"acc":"0x2a20cd46","bjbCompany":"0x42abfdf","cardDetails":"0x8526d88","companyName":"SponsoredLinX","emailSignupAddress":"signup@sponsoredlinx (4 more) ...","fromSource":"sponsoredlinx.com.au","locale":"AUD","mycart":"0x20dd1463","mySite":"0x7922ea20","paymentType":"Credit Card","paymentTypesEnabled":"0x3105d8c3","signup":"0x60f0ab07","siteName":"checkout_SLX"}|0x1bca3f93
18:53:45.0 (53723884)|VARIABLE_ASSIGNMENT|[EXTERNAL]|value|true
18:53:45.0 (53731009)|HEAP_ALLOCATE|[20]|Bytes:5
18:53:45.0 (53738883)|VARIABLE_ASSIGNMENT|[20]|this.mailing_address|true|0x1bca3f93
18:53:45.0 (53760050)|STATEMENT_EXECUTE|[84]
18:53:45.0 (53765524)|STATEMENT_EXECUTE|[89]
18:53:45.0 (53788181)|METHOD_ENTRY|[89]|01p6F000006He6M|CheckoutController.loadAccount()
18:53:45.0 (53808939)|VARIABLE_SCOPE_BEGIN|[990]|this|CheckoutController|true|false
18:53:45.0 (53901035)|VARIABLE_ASSIGNMENT|[990]|this|{"acc":"0x2a20cd46","bjbCompany":"0x42abfdf","cardDetails":"0x8526d88","companyName":"SponsoredLinX","emailSignupAddress":"signup@sponsoredlinx (4 more) ...","fromSource":"sponsoredlinx.com.au","locale":"AUD","mailing_address":true,"mycart":"0x20dd1463","mySite":"0x7922ea20","paymentType":"Credit Card","paymentTypesEnabled":"0x3105d8c3","signup":"0x60f0ab07","siteName":"checkout_SLX"}|0x1bca3f93
18:53:45.0 (53916827)|HEAP_ALLOCATE|[992]|Bytes:5
18:53:45.0 (53921709)|STATEMENT_EXECUTE|[990]
18:53:45.0 (53947770)|HEAP_ALLOCATE|[992]|Bytes:35
18:53:45.0 (53978240)|HEAP_ALLOCATE|[992]|Bytes:9
18:53:45.0 (53995595)|HEAP_ALLOCATE|[992]|Bytes:9
18:53:45.0 (54015094)|STATEMENT_EXECUTE|[992]
18:53:45.0 (54021450)|STATEMENT_EXECUTE|[1003]
18:53:45.0 (54039144)|HEAP_ALLOCATE|[1003]|Bytes:35
18:53:45.0 (54057861)|HEAP_ALLOCATE|[1003]|Bytes:189
18:53:45.0 (54081300)|HEAP_ALLOCATE|[1003]|Bytes:8
18:53:45.0 (54093619)|HEAP_ALLOCATE|[1003]|Bytes:23
18:53:45.0 (54107156)|VARIABLE_SCOPE_BEGIN|[1003]|acctCookie|System.Cookie|true|false
18:53:45.0 (54117809)|VARIABLE_ASSIGNMENT|[1003]|acctCookie|null|
18:53:45.0 (54122949)|STATEMENT_EXECUTE|[1005]
18:53:45.0 (54132938)|METHOD_EXIT|[89]|01p6F000006He6M|CheckoutController.loadAccount()
18:53:45.0 (54139363)|SYSTEM_MODE_EXIT|false
18:53:45.0 (54262970)|HEAP_ALLOCATE|[EXTERNAL]|Bytes:184
18:53:45.0 (54272482)|VARIABLE_SCOPE_BEGIN|[97]|this|CheckoutController|true|false
18:53:45.0 (54367037)|VARIABLE_ASSIGNMENT|[97]|this|{"acc":"0x2a20cd46","bjbCompany":"0x42abfdf","cardDetails":"0x8526d88","companyName":"SponsoredLinX","emailSignupAddress":"signup@sponsoredlinx (4 more) ...","fromSource":"sponsoredlinx.com.au","locale":"AUD","mailing_address":true,"mycart":"0x20dd1463","mySite":"0x7922ea20","paymentType":"Credit Card","paymentTypesEnabled":"0x3105d8c3","signup":"0x60f0ab07","siteName":"checkout_SLX"}|0x1bca3f93
18:53:45.0 (54384798)|SYSTEM_MODE_ENTER|false
18:53:45.0 (54392611)|HEAP_ALLOCATE|[98]|Bytes:5
18:53:45.0 (54397185)|STATEMENT_EXECUTE|[97]
18:53:45.0 (54399133)|STATEMENT_EXECUTE|[98]
18:53:45.0 (54400552)|STATEMENT_EXECUTE|[98]
18:53:45.0 (54402083)|STATEMENT_EXECUTE|[100]
18:53:45.0 (54425880)|HEAP_ALLOCATE|[100]|Bytes:35
18:53:45.0 (54449849)|HEAP_ALLOCATE|[100]|Bytes:9
18:53:45.0 (54464700)|HEAP_ALLOCATE|[100]|Bytes:2
18:53:45.0 (54479153)|VARIABLE_SCOPE_BEGIN|[100]|action|String|false|false
18:53:45.0 (54490426)|VARIABLE_ASSIGNMENT|[100]|action|null
18:53:45.0 (54496768)|STATEMENT_EXECUTE|[103]
18:53:45.0 (54501814)|STATEMENT_EXECUTE|[111]
18:53:45.0 (54507030)|SYSTEM_MODE_EXIT|false
18:53:45.54 (54951160)|SYSTEM_MODE_ENTER|true
18:53:45.54 (54983505)|HEAP_ALLOCATE|[EXTERNAL]|Bytes:38
18:53:45.54 (54990172)|HEAP_ALLOCATE|[EXTERNAL]|Bytes:7
18:53:45.55 (55137044)|SYSTEM_MODE_ENTER|true
18:53:45.55 (55192450)|HEAP_ALLOCATE|[EXTERNAL]|Bytes:8
18:53:45.55 (55199858)|VARIABLE_SCOPE_BEGIN|[88]|this|ApexPage.PageMessagesComponentController|true|false
18:53:45.55 (55224599)|VARIABLE_ASSIGNMENT|[88]|this|{}|0x23d06ec9
18:53:45.55 (55237246)|VARIABLE_SCOPE_BEGIN|[88]|escape|Boolean|false|false
18:53:45.55 (55246202)|VARIABLE_ASSIGNMENT|[88]|escape|null
18:53:45.55 (55396049)|SYSTEM_MODE_ENTER|true
18:53:45.55 (55433256)|HEAP_ALLOCATE|[EXTERNAL]|Bytes:8
18:53:45.55 (55439958)|VARIABLE_SCOPE_BEGIN|[2]|this|ApexPage.PageMessagesComponentController|true|false
18:53:45.55 (55459669)|VARIABLE_ASSIGNMENT|[2]|this|{}|0x23d06ec9
18:53:45.0 (56218420)|SYSTEM_MODE_ENTER|true
18:53:45.0 (56271064)|HEAP_ALLOCATE|[EXTERNAL]|Bytes:184
18:53:45.0 (56280075)|VARIABLE_SCOPE_BEGIN|[857]|this|CheckoutController|true|false
18:53:45.0 (56380152)|VARIABLE_ASSIGNMENT|[857]|this|{"acc":"0x2a20cd46","bjbCompany":"0x42abfdf","cardDetails":"0x8526d88","companyName":"SponsoredLinX","emailSignupAddress":"signup@sponsoredlinx (4 more) ...","fromSource":"sponsoredlinx.com.au","locale":"AUD","mailing_address":true,"mycart":"0x20dd1463","mySite":"0x7922ea20","paymentType":"Credit Card","paymentTypesEnabled":"0x3105d8c3","signup":"0x60f0ab07","siteName":"checkout_SLX"}|0x1bca3f93
18:53:45.0 (56397543)|SYSTEM_MODE_ENTER|false
18:53:45.0 (56404890)|HEAP_ALLOCATE|[858]|Bytes:5
18:53:45.0 (56410125)|STATEMENT_EXECUTE|[857]
18:53:45.0 (56412202)|STATEMENT_EXECUTE|[858]
18:53:45.0 (56455283)|HEAP_ALLOCATE|[858]|Bytes:5
18:53:45.0 (56462303)|SYSTEM_MODE_EXIT|false
18:53:45.0 (56468228)|HEAP_ALLOCATE|[858]|Bytes:5
18:53:45.0 (56623770)|SYSTEM_MODE_ENTER|true
18:53:45.0 (56671234)|HEAP_ALLOCATE|[EXTERNAL]|Bytes:184
18:53:45.0 (56683634)|VARIABLE_SCOPE_BEGIN|[766]|this|CheckoutController|true|false
18:53:45.0 (56791243)|VARIABLE_ASSIGNMENT|[766]|this|{"acc":"0x2a20cd46","bjbCompany":"0x42abfdf","cardDetails":"0x8526d88","companyName":"SponsoredLinX","emailSignupAddress":"signup@sponsoredlinx (4 more) ...","fromSource":"sponsoredlinx.com.au","locale":"AUD","mailing_address":true,"mycart":"0x20dd1463","mySite":"0x7922ea20","paymentType":"Credit Card","paymentTypesEnabled":"0x3105d8c3","signup":"0x60f0ab07","siteName":"checkout_SLX"}|0x1bca3f93
18:53:45.0 (56809406)|SYSTEM_MODE_ENTER|false
18:53:45.0 (56816579)|HEAP_ALLOCATE|[768]|Bytes:5
18:53:45.0 (56821095)|STATEMENT_EXECUTE|[766]
18:53:45.0 (56825133)|STATEMENT_EXECUTE|[768]
18:53:45.0 (56826766)|STATEMENT_EXECUTE|[770]
18:53:45.0 (56844217)|HEAP_ALLOCATE|[770]|Bytes:4
18:53:45.0 (56900114)|HEAP_ALLOCATE|[EXTERNAL]|Bytes:4
18:53:45.0 (56913983)|VARIABLE_ASSIGNMENT|[770]|this.packages|[]|0x1bca3f93
18:53:45.0 (56920527)|STATEMENT_EXECUTE|[773]
18:53:45.0 (56922122)|STATEMENT_EXECUTE|[773]
18:53:45.0 (56923616)|STATEMENT_EXECUTE|[774]
18:53:45.0 (56943330)|METHOD_ENTRY|[774]|01p6F000006He6K|Cart.getPackageFromPackageData(Cart.cartPackageData)
18:53:45.0 (56962356)|VARIABLE_SCOPE_BEGIN|[128]|this|Cart|true|false
18:53:45.0 (56985652)|VARIABLE_ASSIGNMENT|[128]|this|{"companyName":"SponsoredLinX","myPackageData":"0x448eab72"}|0x20dd1463
18:53:45.0 (56992775)|VARIABLE_SCOPE_BEGIN|[128]|fromPackageData|Cart.cartPackageData|true|false
18:53:45.0 (57034942)|VARIABLE_ASSIGNMENT|[128]|fromPackageData|{"addons":"0x70e4fca2","addTime":"2018-09-28T08:53:43.460Z","productIds":"0x4adf1b5b","productType":"Facebook"}|0x448eab72
18:53:45.0 (57044282)|STATEMENT_EXECUTE|[128]
18:53:45.0 (57046109)|STATEMENT_EXECUTE|[129]
18:53:45.0 (57058037)|HEAP_ALLOCATE|[129]|Bytes:4
18:53:45.0 (57091436)|VARIABLE_SCOPE_BEGIN|[129]|items|List<CartItem>|true|false
18:53:45.0 (57108467)|HEAP_ALLOCATE|[EXTERNAL]|Bytes:4
18:53:45.0 (57115985)|VARIABLE_ASSIGNMENT|[129]|items|[]|0x6c8d7518
18:53:45.0 (57123465)|STATEMENT_EXECUTE|[132]
18:53:45.0 (57125038)|STATEMENT_EXECUTE|[133]
18:53:45.0 (57193338)|HEAP_ALLOCATE|[133]|Bytes:4
18:53:45.0 (57200794)|HEAP_ALLOCATE|[133]|Bytes:244
18:53:45.0 (57209428)|HEAP_ALLOCATE|[133]|Bytes:4
18:53:45.0 (58168542)|SOQL_EXECUTE_BEGIN|[133]|Aggregations:0|SELECT Id, Name, product_price__c, product_recurring__c, recurring_period__c, company_name__c, Product_Family__c, Is_Ghost__c, Billed_In_Advance__c FROM SLX_Product__c WHERE (IsActive__c = TRUE AND company_name__c = :tmpVar1 AND Id IN :tmpVar2)
18:53:45.0 (64958077)|SOQL_EXECUTE_END|[133]|Rows:2
18:53:45.0 (64981877)|HEAP_ALLOCATE|[133]|Bytes:12
18:53:45.0 (65007066)|HEAP_ALLOCATE|[133]|Bytes:604
18:53:45.0 (65049505)|HEAP_ALLOCATE|[133]|Bytes:12
18:53:45.0 (65096269)|HEAP_ALLOCATE|[133]|Bytes:40
18:53:45.0 (65109877)|HEAP_ALLOCATE|[133]|Bytes:4
18:53:45.0 (65116005)|HEAP_ALLOCATE|[133]|Bytes:44
18:53:45.0 (65120738)|HEAP_ALLOCATE|[133]|Bytes:4
18:53:45.0 (65132788)|VARIABLE_SCOPE_BEGIN|[133]|productsMap|Map<Id,SLX_Product__c>|true|false
18:53:45.0 (65203948)|VARIABLE_ASSIGNMENT|[133]|productsMap|{"a1B6F000007u3QXUAY":{"Id":"a1B6F000007u3QXUAY","Name":"Social Engage - Simp (8 more) ...","product_price__c":399.00,"product_recurring__c":"No","company_name__c":"SponsoredLinx","Product_Family__c":"Facebook","Is_Ghost__c":false,"Billed_In_Advance__c":true,"CurrencyIsoCode":"AUD"},"a1B6F000007u3QmUAI":{"Id":"a1B6F000007u3QmUAI","Name":"Social Engage - Simp (20 more) ...","product_price__c":89.00,"product_recurring__c":"Yes","recurring_period__c":"Weekly","company_name__c":"SponsoredLinx","Product_Family__c":"Facebook","Is_Ghost__c":false,"Billed_In_Advance__c":false,"CurrencyIsoCode":"AUD"}}|0x6b6c0991
18:53:45.0 (65230748)|STATEMENT_EXECUTE|[135]
18:53:45.0 (65244750)|VARIABLE_SCOPE_BEGIN|[135]|previousProductId|Id|false|false
18:53:45.0 (65256120)|VARIABLE_ASSIGNMENT|[135]|previousProductId|null
18:53:45.0 (65341848)|HEAP_ALLOCATE|[136]|Bytes:5
18:53:45.0 (65355139)|HEAP_ALLOCATE|[136]|Bytes:18
18:53:45.0 (65384859)|HEAP_ALLOCATE|[136]|Bytes:4
18:53:45.0 (65390167)|VARIABLE_SCOPE_BEGIN|[136]|packageProductId|Id|false|false
18:53:45.0 (65514676)|VARIABLE_ASSIGNMENT|[136]|packageProductId|"a1B6F000007u3QXUAY"
18:53:45.0 (65522659)|STATEMENT_EXECUTE|[136]
18:53:45.0 (65524605)|STATEMENT_EXECUTE|[137]
18:53:45.0 (65576404)|VARIABLE_SCOPE_BEGIN|[137]|product|SLX_Product__c|true|false
18:53:45.0 (65607174)|VARIABLE_ASSIGNMENT|[137]|product|{"Id":"a1B6F000007u3QXUAY","Name":"Social Engage - Simp (8 more) ...","product_price__c":399.00,"product_recurring__c":"No","company_name__c":"SponsoredLinx","Product_Family__c":"Facebook","Is_Ghost__c":false,"Billed_In_Advance__c":true,"CurrencyIsoCode":"AUD"}|0x2d50a6a4
18:53:45.0 (65615928)|STATEMENT_EXECUTE|[140]
18:53:45.0 (65621019)|STATEMENT_EXECUTE|[144]
18:53:45.0 (65720383)|HEAP_ALLOCATE|[144]|Bytes:236
18:53:45.0 (65728764)|HEAP_ALLOCATE|[144]|Bytes:32
18:53:45.0 (65746227)|METHOD_ENTRY|[1]|01p6F000006He6L|CartItem.CartItem()
18:53:45.0 (65751936)|STATEMENT_EXECUTE|[1]
18:53:45.0 (65757311)|STATEMENT_EXECUTE|[1]
18:53:45.0 (65761881)|METHOD_EXIT|[1]|CartItem
18:53:45.0 (65783104)|HEAP_ALLOCATE|[144]|Bytes:36
18:53:45.0 (65797642)|CONSTRUCTOR_ENTRY|[144]|01p6F000006He6L|<init>(SLX_Product__c)|CartItem
18:53:45.0 (65822610)|VARIABLE_SCOPE_BEGIN|[13]|this|CartItem|true|false
18:53:45.0 (65870912)|VARIABLE_ASSIGNMENT|[13]|this|{}|0x759bfc8b
18:53:45.0 (65878925)|VARIABLE_SCOPE_BEGIN|[13]|product|SLX_Product__c|true|false
18:53:45.0 (65903180)|VARIABLE_ASSIGNMENT|[13]|product|{"Id":"a1B6F000007u3QXUAY","Name":"Social Engage - Simp (8 more) ...","product_price__c":399.00,"product_recurring__c":"No","company_name__c":"SponsoredLinx","Product_Family__c":"Facebook","Is_Ghost__c":false,"Billed_In_Advance__c":true,"CurrencyIsoCode":"AUD"}|0x2d50a6a4
18:53:45.0 (65912472)|STATEMENT_EXECUTE|[1]
18:53:45.0 (65914332)|STATEMENT_EXECUTE|[3]
18:53:45.0 (65920176)|STATEMENT_EXECUTE|[5]
18:53:45.0 (65923480)|STATEMENT_EXECUTE|[6]
18:53:45.0 (65926687)|STATEMENT_EXECUTE|[7]
18:53:45.0 (65929663)|STATEMENT_EXECUTE|[8]
18:53:45.0 (65932554)|STATEMENT_EXECUTE|[9]
18:53:45.0 (65935333)|STATEMENT_EXECUTE|[10]
18:53:45.0 (65938608)|STATEMENT_EXECUTE|[11]
18:53:45.0 (65956012)|STATEMENT_EXECUTE|[13]
18:53:45.0 (65957827)|STATEMENT_EXECUTE|[14]
18:53:45.0 (66030110)|VARIABLE_ASSIGNMENT|[EXTERNAL]|this|{}|0x759bfc8b
18:53:45.0 (66055726)|VARIABLE_ASSIGNMENT|[EXTERNAL]|value|{"Id":"a1B6F000007u3QXUAY","Name":"Social Engage - Simp (8 more) ...","product_price__c":399.00,"product_recurring__c":"No","company_name__c":"SponsoredLinx","Product_Family__c":"Facebook","Is_Ghost__c":false,"Billed_In_Advance__c":true,"CurrencyIsoCode":"AUD"}|0x2d50a6a4
18:53:45.0 (66083080)|VARIABLE_ASSIGNMENT|[3]|this.product|{"Id":"a1B6F000007u3QXUAY","Name":"Social Engage - Simp (8 more) ...","product_price__c":399.00,"product_recurring__c":"No","company_name__c":"SponsoredLinx","Product_Family__c":"Facebook","Is_Ghost__c":false,"Billed_In_Advance__c":true,"CurrencyIsoCode":"AUD"}|0x759bfc8b
18:53:45.0 (66094938)|STATEMENT_EXECUTE|[16]
18:53:45.0 (66143991)|VARIABLE_ASSIGNMENT|[EXTERNAL]|this|{"product":"0x2d50a6a4"}|0x759bfc8b
18:53:45.0 (66156335)|VARIABLE_ASSIGNMENT|[EXTERNAL]|value|1
18:53:45.0 (66162105)|HEAP_ALLOCATE|[5]|Bytes:4
18:53:45.0 (66169468)|VARIABLE_ASSIGNMENT|[5]|this.qty|1|0x759bfc8b
18:53:45.0 (66177878)|STATEMENT_EXECUTE|[17]
18:53:45.0 (66184281)|HEAP_ALLOCATE|[17]|Bytes:4
18:53:45.0 (66205379)|HEAP_ALLOCATE|[17]|Bytes:28
18:53:45.0 (66255925)|VARIABLE_ASSIGNMENT|[EXTERNAL]|this|{"product":"0x2d50a6a4","qty":1}|0x759bfc8b
18:53:45.0 (66265975)|VARIABLE_ASSIGNMENT|[EXTERNAL]|value|0.00
18:53:45.0 (66274757)|VARIABLE_ASSIGNMENT|[8]|this.discount|0.00|0x759bfc8b
18:53:45.0 (66282678)|STATEMENT_EXECUTE|[18]
18:53:45.0 (66355612)|VARIABLE_ASSIGNMENT|[EXTERNAL]|this|{"discount":0.00,"product":"0x2d50a6a4","qty":1}|0x759bfc8b
18:53:45.0 (66366700)|VARIABLE_ASSIGNMENT|[EXTERNAL]|value|399.00
18:53:45.0 (66374987)|VARIABLE_ASSIGNMENT|[7]|this.priceGross|399.00|0x759bfc8b
18:53:45.0 (66383479)|STATEMENT_EXECUTE|[19]
18:53:45.0 (66426156)|VARIABLE_ASSIGNMENT|[EXTERNAL]|this|{"discount":0.00,"priceGross":399.00,"product":"0x2d50a6a4","qty":1}|0x759bfc8b
18:53:45.0 (66470333)|HEAP_ALLOCATE|[19]|Bytes:28
18:53:45.0 (66509742)|VARIABLE_ASSIGNMENT|[EXTERNAL]|this|{"discount":0.00,"priceGross":399.00,"product":"0x2d50a6a4","qty":1}|0x759bfc8b
18:53:45.0 (66519257)|VARIABLE_ASSIGNMENT|[EXTERNAL]|value|399.00
18:53:45.0 (66527080)|VARIABLE_ASSIGNMENT|[9]|this.priceNet|399.00|0x759bfc8b
18:53:45.0 (66534292)|STATEMENT_EXECUTE|[20]
18:53:45.0 (66596969)|VARIABLE_ASSIGNMENT|[EXTERNAL]|this|{"discount":0.00,"priceGross":399.00,"priceNet":399.00,"product":"0x2d50a6a4","qty":1}|0x759bfc8b
18:53:45.0 (66607497)|VARIABLE_ASSIGNMENT|[EXTERNAL]|value|false
18:53:45.0 (66615735)|VARIABLE_ASSIGNMENT|[11]|this.isGhost|false|0x759bfc8b
18:53:45.0 (66628724)|CONSTRUCTOR_EXIT|[144]|01p6F000006He6L|<init>(SLX_Product__c)|CartItem
18:53:45.0 (66646722)|HEAP_ALLOCATE|[EXTERNAL]|Bytes:4
18:53:45.0 (66653575)|STATEMENT_EXECUTE|[146]
18:53:45.0 (66731223)|VARIABLE_ASSIGNMENT|[146]|previousProductId|"a1B6F000007u3QXUAY"
18:53:45.0 (66749144)|HEAP_ALLOCATE|[136]|Bytes:5
18:53:45.0 (66760137)|HEAP_ALLOCATE|[136]|Bytes:18
18:53:45.0 (66779276)|HEAP_ALLOCATE|[136]|Bytes:4
18:53:45.0 (66785053)|VARIABLE_SCOPE_BEGIN|[136]|packageProductId|Id|false|false
18:53:45.0 (66854405)|VARIABLE_ASSIGNMENT|[136]|packageProductId|"a1B6F000007u3QmUAI"
18:53:45.0 (66861040)|STATEMENT_EXECUTE|[136]
18:53:45.0 (66862787)|STATEMENT_EXECUTE|[137]
18:53:45.0 (66881946)|VARIABLE_SCOPE_BEGIN|[137]|product|SLX_Product__c|true|false
18:53:45.0 (66911141)|VARIABLE_ASSIGNMENT|[137]|product|{"Id":"a1B6F000007u3QmUAI","Name":"Social Engage - Simp (20 more) ...","product_price__c":89.00,"product_recurring__c":"Yes","recurring_period__c":"Weekly","company_name__c":"SponsoredLinx","Product_Family__c":"Facebook","Is_Ghost__c":false,"Billed_In_Advance__c":false,"CurrencyIsoCode":"AUD"}|0x6416a8ef
18:53:45.0 (66920035)|STATEMENT_EXECUTE|[140]
18:53:45.0 (66924035)|STATEMENT_EXECUTE|[144]
18:53:45.0 (66930488)|HEAP_ALLOCATE|[144]|Bytes:36
18:53:45.0 (66939850)|CONSTRUCTOR_ENTRY|[144]|01p6F000006He6L|<init>(SLX_Product__c)|CartItem
18:53:45.0 (66947198)|VARIABLE_SCOPE_BEGIN|[13]|this|CartItem|true|false
18:53:45.0 (66971600)|VARIABLE_ASSIGNMENT|[13]|this|{}|0x1fe1afae
18:53:45.0 (66977235)|VARIABLE_SCOPE_BEGIN|[13]|product|SLX_Product__c|true|false
18:53:45.0 (67000043)|VARIABLE_ASSIGNMENT|[13]|product|{"Id":"a1B6F000007u3QmUAI","Name":"Social Engage - Simp (20 more) ...","product_price__c":89.00,"product_recurring__c":"Yes","recurring_period__c":"Weekly","company_name__c":"SponsoredLinx","Product_Family__c":"Facebook","Is_Ghost__c":false,"Billed_In_Advance__c":false,"CurrencyIsoCode":"AUD"}|0x6416a8ef
18:53:45.0 (67009853)|STATEMENT_EXECUTE|[1]
18:53:45.0 (67011645)|STATEMENT_EXECUTE|[3]
18:53:45.0 (67015645)|STATEMENT_EXECUTE|[5]
18:53:45.0 (67018460)|STATEMENT_EXECUTE|[6]
18:53:45.0 (67021333)|STATEMENT_EXECUTE|[7]
18:53:45.0 (67024290)|STATEMENT_EXECUTE|[8]
18:53:45.0 (67027105)|STATEMENT_EXECUTE|[9]
18:53:45.0 (67030145)|STATEMENT_EXECUTE|[10]
18:53:45.0 (67033112)|STATEMENT_EXECUTE|[11]
18:53:45.0 (67046080)|STATEMENT_EXECUTE|[13]
18:53:45.0 (67047677)|STATEMENT_EXECUTE|[14]
18:53:45.0 (67070306)|VARIABLE_ASSIGNMENT|[EXTERNAL]|this|{}|0x1fe1afae
18:53:45.0 (67093959)|VARIABLE_ASSIGNMENT|[EXTERNAL]|value|{"Id":"a1B6F000007u3QmUAI","Name":"Social Engage - Simp (20 more) ...","product_price__c":89.00,"product_recurring__c":"Yes","recurring_period__c":"Weekly","company_name__c":"SponsoredLinx","Product_Family__c":"Facebook","Is_Ghost__c":false,"Billed_In_Advance__c":false,"CurrencyIsoCode":"AUD"}|0x6416a8ef
18:53:45.0 (67117263)|VARIABLE_ASSIGNMENT|[3]|this.product|{"Id":"a1B6F000007u3QmUAI","Name":"Social Engage - Simp (20 more) ...","product_price__c":89.00,"product_recurring__c":"Yes","recurring_period__c":"Weekly","company_name__c":"SponsoredLinx","Product_Family__c":"Facebook","Is_Ghost__c":false,"Billed_In_Advance__c":false,"CurrencyIsoCode":"AUD"}|0x1fe1afae
18:53:45.0 (67127760)|STATEMENT_EXECUTE|[16]
18:53:45.0 (67152079)|VARIABLE_ASSIGNMENT|[EXTERNAL]|this|{"product":"0x6416a8ef"}|0x1fe1afae
18:53:45.0 (67160793)|VARIABLE_ASSIGNMENT|[EXTERNAL]|value|1
18:53:45.0 (67165614)|HEAP_ALLOCATE|[5]|Bytes:4
18:53:45.0 (67172057)|VARIABLE_ASSIGNMENT|[5]|this.qty|1|0x1fe1afae
18:53:45.0 (67179115)|STATEMENT_EXECUTE|[17]
18:53:45.0 (67189156)|HEAP_ALLOCATE|[17]|Bytes:28
18:53:45.0 (67213747)|VARIABLE_ASSIGNMENT|[EXTERNAL]|this|{"product":"0x6416a8ef","qty":1}|0x1fe1afae
18:53:45.0 (67227441)|VARIABLE_ASSIGNMENT|[EXTERNAL]|value|0.00
18:53:45.0 (67234555)|VARIABLE_ASSIGNMENT|[8]|this.discount|0.00|0x1fe1afae
18:53:45.0 (67242062)|STATEMENT_EXECUTE|[18]
18:53:45.0 (67274407)|VARIABLE_ASSIGNMENT|[EXTERNAL]|this|{"discount":0.00,"product":"0x6416a8ef","qty":1}|0x1fe1afae
18:53:45.0 (67282781)|VARIABLE_ASSIGNMENT|[EXTERNAL]|value|89.00
18:53:45.0 (67289806)|VARIABLE_ASSIGNMENT|[7]|this.priceGross|89.00|0x1fe1afae
18:53:45.0 (67297038)|STATEMENT_EXECUTE|[19]
18:53:45.0 (67323795)|VARIABLE_ASSIGNMENT|[EXTERNAL]|this|{"discount":0.00,"priceGross":89.00,"product":"0x6416a8ef","qty":1}|0x1fe1afae
18:53:45.0 (67348993)|HEAP_ALLOCATE|[19]|Bytes:28
18:53:45.0 (67380220)|VARIABLE_ASSIGNMENT|[EXTERNAL]|this|{"discount":0.00,"priceGross":89.00,"product":"0x6416a8ef","qty":1}|0x1fe1afae
18:53:45.0 (67389017)|VARIABLE_ASSIGNMENT|[EXTERNAL]|value|89.00
18:53:45.0 (67395589)|VARIABLE_ASSIGNMENT|[9]|this.priceNet|89.00|0x1fe1afae
18:53:45.0 (67402703)|STATEMENT_EXECUTE|[20]
18:53:45.0 (67431590)|VARIABLE_ASSIGNMENT|[EXTERNAL]|this|{"discount":0.00,"priceGross":89.00,"priceNet":89.00,"product":"0x6416a8ef","qty":1}|0x1fe1afae
18:53:45.0 (67439989)|VARIABLE_ASSIGNMENT|[EXTERNAL]|value|false
18:53:45.0 (67446343)|VARIABLE_ASSIGNMENT|[11]|this.isGhost|false|0x1fe1afae
18:53:45.0 (67457080)|CONSTRUCTOR_EXIT|[144]|01p6F000006He6L|<init>(SLX_Product__c)|CartItem
18:53:45.0 (67469235)|HEAP_ALLOCATE|[EXTERNAL]|Bytes:4
18:53:45.0 (67475326)|STATEMENT_EXECUTE|[146]
18:53:45.0 (67546295)|VARIABLE_ASSIGNMENT|[146]|previousProductId|"a1B6F000007u3QmUAI"
18:53:45.0 (67562970)|HEAP_ALLOCATE|[136]|Bytes:5
18:53:45.0 (67574716)|VARIABLE_ASSIGNMENT|[136]|packageProductId|null
18:53:45.0 (67582899)|STATEMENT_EXECUTE|[151]
18:53:45.0 (67587725)|STATEMENT_EXECUTE|[167]
18:53:45.0 (67595919)|METHOD_EXIT|[774]|01p6F000006He6K|Cart.getPackageFromPackageData(Cart.cartPackageData)
18:53:45.0 (67628125)|HEAP_ALLOCATE|[EXTERNAL]|Bytes:4
18:53:45.0 (67642160)|STATEMENT_EXECUTE|[777]
18:53:45.0 (67763020)|HEAP_ALLOCATE|[778]|Bytes:5
18:53:45.0 (67776383)|VARIABLE_ASSIGNMENT|[778]|addonPackageData|null|
18:53:45.0 (67781908)|STATEMENT_EXECUTE|[778]
18:53:45.0 (67788198)|STATEMENT_EXECUTE|[788]
18:53:45.0 (67796867)|SYSTEM_MODE_EXIT|false
18:53:45.0 (68505969)|SYSTEM_MODE_ENTER|true
18:53:45.0 (68561209)|HEAP_ALLOCATE|[EXTERNAL]|Bytes:184
18:53:45.0 (68571401)|VARIABLE_SCOPE_BEGIN|[811]|this|CheckoutController|true|false
18:53:45.0 (68685576)|VARIABLE_ASSIGNMENT|[811]|this|{"acc":"0x2a20cd46","bjbCompany":"0x42abfdf","cardDetails":"0x8526d88","companyName":"SponsoredLinX","emailSignupAddress":"signup@sponsoredlinx (4 more) ...","fromSource":"sponsoredlinx.com.au","locale":"AUD","mailing_address":true,"mycart":"0x20dd1463","mySite":"0x7922ea20","packages":"0x304f8eca","paymentType":"Credit Card","paymentTypesEnabled":"0x3105d8c3","signup":"0x60f0ab07","siteName":"checkout_SLX"}|0x1bca3f93
18:53:45.0 (68704373)|SYSTEM_MODE_ENTER|false
18:53:45.0 (68711998)|HEAP_ALLOCATE|[812]|Bytes:5
18:53:45.0 (68717283)|STATEMENT_EXECUTE|[811]
18:53:45.0 (68719161)|STATEMENT_EXECUTE|[812]
18:53:45.0 (68742487)|HEAP_ALLOCATE|[812]|Bytes:4
18:53:45.0 (68756030)|VARIABLE_SCOPE_BEGIN|[812]|totals|Map<String,Decimal>|true|false
18:53:45.0 (68771018)|VARIABLE_ASSIGNMENT|[812]|totals|{}|0x29e11972
18:53:45.0 (68776787)|STATEMENT_EXECUTE|[814]
18:53:45.0 (68784512)|VARIABLE_SCOPE_BEGIN|[814]|description|String|false|false
18:53:45.0 (68794354)|VARIABLE_ASSIGNMENT|[814]|description|""
18:53:45.0 (68821309)|METHOD_ENTRY|[817]|01p6F000006He6M|CheckoutController.getPackages()
18:53:45.0 (68836502)|VARIABLE_SCOPE_BEGIN|[766]|this|CheckoutController|true|false
18:53:45.0 (68931071)|VARIABLE_ASSIGNMENT|[766]|this|{"acc":"0x2a20cd46","bjbCompany":"0x42abfdf","cardDetails":"0x8526d88","companyName":"SponsoredLinX","emailSignupAddress":"signup@sponsoredlinx (4 more) ...","fromSource":"sponsoredlinx.com.au","locale":"AUD","mailing_address":true,"mycart":"0x20dd1463","mySite":"0x7922ea20","packages":"0x304f8eca","paymentType":"Credit Card","paymentTypesEnabled":"0x3105d8c3","signup":"0x60f0ab07","siteName":"checkout_SLX"}|0x1bca3f93
18:53:45.0 (68946235)|HEAP_ALLOCATE|[768]|Bytes:5
18:53:45.0 (68951062)|STATEMENT_EXECUTE|[766]
18:53:45.0 (68953959)|STATEMENT_EXECUTE|[768]
18:53:45.0 (68960028)|STATEMENT_EXECUTE|[788]
18:53:45.0 (68971434)|METHOD_EXIT|[817]|01p6F000006He6M|CheckoutController.getPackages()
18:53:45.0 (69062618)|HEAP_ALLOCATE|[817]|Bytes:5
18:53:45.0 (69089310)|HEAP_ALLOCATE|[817]|Bytes:12
18:53:45.0 (69098274)|VARIABLE_SCOPE_BEGIN|[817]|items|List<CartItem>|true|false
18:53:45.0 (69158434)|VARIABLE_ASSIGNMENT|[817]|items|[{"discount":0.00,"isGhost":false,"priceGross":399.00,"priceNet":399.00,"product":"0x2d50a6a4","qty":1},{"discount":0.00,"isGhost":false,"priceGross":89.00,"priceNet":89.00,"product":"0x6416a8ef","qty":1}]|0x6c8d7518
18:53:45.0 (69167696)|STATEMENT_EXECUTE|[817]
18:53:45.0 (69255111)|HEAP_ALLOCATE|[818]|Bytes:5
18:53:45.0 (69267472)|HEAP_ALLOCATE|[818]|Bytes:36
18:53:45.0 (69273610)|VARIABLE_SCOPE_BEGIN|[818]|item|CartItem|true|false
18:53:45.0 (69306646)|VARIABLE_ASSIGNMENT|[818]|item|{"discount":0.00,"isGhost":false,"priceGross":399.00,"priceNet":399.00,"product":"0x2d50a6a4","qty":1}|0x759bfc8b
18:53:45.0 (69313674)|STATEMENT_EXECUTE|[818]
18:53:45.0 (69315361)|STATEMENT_EXECUTE|[819]
18:53:45.0 (69323183)|HEAP_ALLOCATE|[819]|Bytes:5
18:53:45.0 (69329248)|VARIABLE_SCOPE_BEGIN|[819]|totalType|String|false|false
18:53:45.0 (69338889)|VARIABLE_ASSIGNMENT|[819]|totalType|"setup"
18:53:45.0 (69388893)|VARIABLE_ASSIGNMENT|[EXTERNAL]|this|{"discount":0.00,"isGhost":false,"priceGross":399.00,"priceNet":399.00,"product":"0x2d50a6a4","qty":1}|0x759bfc8b
18:53:45.0 (69422535)|HEAP_ALLOCATE|[820]|Bytes:3
18:53:45.0 (69440885)|STATEMENT_EXECUTE|[820]
18:53:45.0 (69446321)|STATEMENT_EXECUTE|[824]
18:53:45.0 (69484485)|VARIABLE_ASSIGNMENT|[EXTERNAL]|this|{"discount":0.00,"isGhost":false,"priceGross":399.00,"priceNet":399.00,"product":"0x2d50a6a4","qty":1}|0x759bfc8b
18:53:45.0 (69518115)|METHOD_ENTRY|[824]|01p6F000006uYhT|Utility.zerofy(Decimal)
18:53:45.0 (69525919)|VARIABLE_SCOPE_BEGIN|[36]|myNumber|Decimal|false|false
18:53:45.0 (69535528)|VARIABLE_ASSIGNMENT|[36]|myNumber|null
18:53:45.0 (69545427)|HEAP_ALLOCATE|[37]|Bytes:5
18:53:45.0 (69549940)|STATEMENT_EXECUTE|[36]
18:53:45.0 (69551748)|STATEMENT_EXECUTE|[37]
18:53:45.0 (69575226)|HEAP_ALLOCATE|[37]|Bytes:28
18:53:45.0 (69579534)|HEAP_ALLOCATE|[37]|Bytes:28
18:53:45.0 (69586925)|METHOD_EXIT|[824]|01p6F000006uYhT|Utility.zerofy(Decimal)
18:53:45.0 (69615540)|HEAP_ALLOCATE|[824]|Bytes:28
18:53:45.0 (69619612)|HEAP_ALLOCATE|[824]|Bytes:28
18:53:45.0 (69638782)|HEAP_ALLOCATE|[EXTERNAL]|Bytes:-4
18:53:45.0 (69652595)|HEAP_ALLOCATE|[818]|Bytes:5
18:53:45.0 (69661840)|HEAP_ALLOCATE|[818]|Bytes:36
18:53:45.0 (69667676)|VARIABLE_SCOPE_BEGIN|[818]|item|CartItem|true|false
18:53:45.0 (69700779)|VARIABLE_ASSIGNMENT|[818]|item|{"discount":0.00,"isGhost":false,"priceGross":89.00,"priceNet":89.00,"product":"0x6416a8ef","qty":1}|0x1fe1afae
18:53:45.0 (69711583)|STATEMENT_EXECUTE|[818]
18:53:45.0 (69713719)|STATEMENT_EXECUTE|[819]
18:53:45.0 (69723071)|VARIABLE_SCOPE_BEGIN|[819]|totalType|String|false|false
18:53:45.0 (69738641)|VARIABLE_ASSIGNMENT|[819]|totalType|"setup"
18:53:45.0 (69771187)|VARIABLE_ASSIGNMENT|[EXTERNAL]|this|{"discount":0.00,"isGhost":false,"priceGross":89.00,"priceNet":89.00,"product":"0x6416a8ef","qty":1}|0x1fe1afae
18:53:45.0 (69830847)|VARIABLE_ASSIGNMENT|[EXTERNAL]|this|{"discount":0.00,"isGhost":false,"priceGross":89.00,"priceNet":89.00,"product":"0x6416a8ef","qty":1}|0x1fe1afae
18:53:45.0 (69862033)|STATEMENT_EXECUTE|[820]
18:53:45.0 (69864123)|STATEMENT_EXECUTE|[821]
18:53:45.0 (69904988)|VARIABLE_ASSIGNMENT|[EXTERNAL]|this|{"discount":0.00,"isGhost":false,"priceGross":89.00,"priceNet":89.00,"product":"0x6416a8ef","qty":1}|0x1fe1afae
18:53:45.0 (69937706)|HEAP_ALLOCATE|[821]|Bytes:6
18:53:45.0 (69951039)|VARIABLE_ASSIGNMENT|[821]|totalType|"weekly"
18:53:45.0 (69955724)|STATEMENT_EXECUTE|[824]
18:53:45.0 (69985509)|VARIABLE_ASSIGNMENT|[EXTERNAL]|this|{"discount":0.00,"isGhost":false,"priceGross":89.00,"priceNet":89.00,"product":"0x6416a8ef","qty":1}|0x1fe1afae
18:53:45.0 (70004838)|METHOD_ENTRY|[824]|01p6F000006uYhT|Utility.zerofy(Decimal)
18:53:45.0 (70010555)|VARIABLE_SCOPE_BEGIN|[36]|myNumber|Decimal|false|false
18:53:45.0 (70018590)|VARIABLE_ASSIGNMENT|[36]|myNumber|null
18:53:45.0 (70028153)|HEAP_ALLOCATE|[37]|Bytes:5
18:53:45.0 (70032574)|STATEMENT_EXECUTE|[36]
18:53:45.0 (70034305)|STATEMENT_EXECUTE|[37]
18:53:45.0 (70044370)|HEAP_ALLOCATE|[37]|Bytes:28
18:53:45.0 (70047912)|HEAP_ALLOCATE|[37]|Bytes:28
18:53:45.0 (70054022)|METHOD_EXIT|[824]|01p6F000006uYhT|Utility.zerofy(Decimal)
18:53:45.0 (70071566)|HEAP_ALLOCATE|[824]|Bytes:28
18:53:45.0 (70075506)|HEAP_ALLOCATE|[824]|Bytes:28
18:53:45.0 (70088528)|HEAP_ALLOCATE|[EXTERNAL]|Bytes:-4
18:53:45.0 (70102180)|HEAP_ALLOCATE|[818]|Bytes:5
18:53:45.0 (70112058)|VARIABLE_ASSIGNMENT|[818]|item|null|
18:53:45.0 (70121476)|HEAP_ALLOCATE|[817]|Bytes:5
18:53:45.0 (70129917)|VARIABLE_ASSIGNMENT|[817]|items|null|
18:53:45.0 (70135979)|HEAP_ALLOCATE|[828]|Bytes:6
18:53:45.0 (70163755)|HEAP_ALLOCATE|[828]|Bytes:28
18:53:45.0 (70175565)|HEAP_ALLOCATE|[828]|Bytes:28
18:53:45.0 (70179509)|HEAP_ALLOCATE|[828]|Bytes:28
18:53:45.0 (70202595)|STATEMENT_EXECUTE|[828]
18:53:45.0 (70209388)|HEAP_ALLOCATE|[835]|Bytes:7
18:53:45.0 (70242718)|STATEMENT_EXECUTE|[835]
18:53:45.0 (70261821)|HEAP_ALLOCATE|[842]|Bytes:28
18:53:45.0 (70272572)|HEAP_ALLOCATE|[842]|Bytes:28
18:53:45.0 (70276368)|HEAP_ALLOCATE|[842]|Bytes:28
18:53:45.0 (70292782)|STATEMENT_EXECUTE|[842]
18:53:45.0 (70304380)|STATEMENT_EXECUTE|[849]
18:53:45.0 (70308395)|STATEMENT_EXECUTE|[853]
18:53:45.0 (70314118)|SYSTEM_MODE_EXIT|false
18:53:45.0 (70422275)|SYSTEM_MODE_ENTER|true
18:53:45.0 (70466901)|HEAP_ALLOCATE|[EXTERNAL]|Bytes:184
18:53:45.0 (70475457)|VARIABLE_SCOPE_BEGIN|[792]|this|CheckoutController|true|false
18:53:45.0 (70576620)|VARIABLE_ASSIGNMENT|[792]|this|{"acc":"0x2a20cd46","bjbCompany":"0x42abfdf","cardDetails":"0x8526d88","companyName":"SponsoredLinX","emailSignupAddress":"signup@sponsoredlinx (4 more) ...","fromSource":"sponsoredlinx.com.au","locale":"AUD","mailing_address":true,"mycart":"0x20dd1463","mySite":"0x7922ea20","packages":"0x304f8eca","paymentType":"Credit Card","paymentTypesEnabled":"0x3105d8c3","signup":"0x60f0ab07","siteName":"checkout_SLX"}|0x1bca3f93
18:53:45.0 (70593868)|SYSTEM_MODE_ENTER|false
18:53:45.0 (70600233)|HEAP_ALLOCATE|[793]|Bytes:5
18:53:45.0 (70604971)|STATEMENT_EXECUTE|[792]
18:53:45.0 (70607259)|STATEMENT_EXECUTE|[793]
18:53:45.0 (70622727)|HEAP_ALLOCATE|[793]|Bytes:4
18:53:45.0 (70631009)|VARIABLE_SCOPE_BEGIN|[793]|totals|Map<String,Decimal>|true|false
18:53:45.0 (70643940)|VARIABLE_ASSIGNMENT|[793]|totals|{}|0x77161a72
18:53:45.0 (70659948)|METHOD_ENTRY|[796]|01p6F000006He6M|CheckoutController.getPackages()
18:53:45.0 (70673368)|VARIABLE_SCOPE_BEGIN|[766]|this|CheckoutController|true|false
18:53:45.0 (70764471)|VARIABLE_ASSIGNMENT|[766]|this|{"acc":"0x2a20cd46","bjbCompany":"0x42abfdf","cardDetails":"0x8526d88","companyName":"SponsoredLinX","emailSignupAddress":"signup@sponsoredlinx (4 more) ...","fromSource":"sponsoredlinx.com.au","locale":"AUD","mailing_address":true,"mycart":"0x20dd1463","mySite":"0x7922ea20","packages":"0x304f8eca","paymentType":"Credit Card","paymentTypesEnabled":"0x3105d8c3","signup":"0x60f0ab07","siteName":"checkout_SLX"}|0x1bca3f93
18:53:45.0 (70779024)|HEAP_ALLOCATE|[768]|Bytes:5
18:53:45.0 (70783562)|STATEMENT_EXECUTE|[766]
18:53:45.0 (70786142)|STATEMENT_EXECUTE|[768]
18:53:45.0 (70791293)|STATEMENT_EXECUTE|[788]
18:53:45.0 (70798703)|METHOD_EXIT|[796]|01p6F000006He6M|CheckoutController.getPackages()
18:53:45.0 (70820458)|HEAP_ALLOCATE|[796]|Bytes:5
18:53:45.0 (70836214)|HEAP_ALLOCATE|[796]|Bytes:12
18:53:45.0 (70843194)|VARIABLE_SCOPE_BEGIN|[796]|items|List<CartItem>|true|false
18:53:45.0 (70891510)|VARIABLE_ASSIGNMENT|[796]|items|[{"discount":0.00,"isGhost":false,"priceGross":399.00,"priceNet":399.00,"product":"0x2d50a6a4","qty":1},{"discount":0.00,"isGhost":false,"priceGross":89.00,"priceNet":89.00,"product":"0x6416a8ef","qty":1}]|0x6c8d7518
18:53:45.0 (70902827)|STATEMENT_EXECUTE|[796]
18:53:45.0 (70931216)|HEAP_ALLOCATE|[797]|Bytes:5
18:53:45.0 (70940729)|HEAP_ALLOCATE|[797]|Bytes:36
18:53:45.0 (70945834)|VARIABLE_SCOPE_BEGIN|[797]|item|CartItem|true|false
18:53:45.0 (70975085)|VARIABLE_ASSIGNMENT|[797]|item|{"discount":0.00,"isGhost":false,"priceGross":399.00,"priceNet":399.00,"product":"0x2d50a6a4","qty":1}|0x759bfc8b
18:53:45.0 (70981790)|STATEMENT_EXECUTE|[797]
18:53:45.0 (70983512)|STATEMENT_EXECUTE|[798]
18:53:45.0 (70990224)|VARIABLE_SCOPE_BEGIN|[798]|totalType|String|false|false
18:53:45.0 (70998786)|VARIABLE_ASSIGNMENT|[798]|totalType|"setup"
18:53:45.0 (71035958)|VARIABLE_ASSIGNMENT|[EXTERNAL]|this|{"discount":0.00,"isGhost":false,"priceGross":399.00,"priceNet":399.00,"product":"0x2d50a6a4","qty":1}|0x759bfc8b
18:53:45.0 (71060626)|STATEMENT_EXECUTE|[799]
18:53:45.0 (71065827)|STATEMENT_EXECUTE|[803]
18:53:45.0 (71105873)|VARIABLE_ASSIGNMENT|[EXTERNAL]|this|{"discount":0.00,"isGhost":false,"priceGross":399.00,"priceNet":399.00,"product":"0x2d50a6a4","qty":1}|0x759bfc8b
18:53:45.0 (71128887)|METHOD_ENTRY|[803]|01p6F000006uYhT|Utility.zerofy(Decimal)
18:53:45.0 (71134490)|VARIABLE_SCOPE_BEGIN|[36]|myNumber|Decimal|false|false
18:53:45.0 (71142807)|VARIABLE_ASSIGNMENT|[36]|myNumber|null
18:53:45.0 (71151747)|HEAP_ALLOCATE|[37]|Bytes:5
18:53:45.0 (71156127)|STATEMENT_EXECUTE|[36]
18:53:45.0 (71157943)|STATEMENT_EXECUTE|[37]
18:53:45.0 (71173208)|HEAP_ALLOCATE|[37]|Bytes:28
18:53:45.0 (71177027)|HEAP_ALLOCATE|[37]|Bytes:28
18:53:45.0 (71184306)|METHOD_EXIT|[803]|01p6F000006uYhT|Utility.zerofy(Decimal)
18:53:45.0 (71205772)|HEAP_ALLOCATE|[803]|Bytes:28
18:53:45.0 (71226459)|HEAP_ALLOCATE|[EXTERNAL]|Bytes:-4
18:53:45.0 (71240024)|HEAP_ALLOCATE|[797]|Bytes:5
18:53:45.0 (71248193)|HEAP_ALLOCATE|[797]|Bytes:36
18:53:45.0 (71253923)|VARIABLE_SCOPE_BEGIN|[797]|item|CartItem|true|false
18:53:45.0 (71283417)|VARIABLE_ASSIGNMENT|[797]|item|{"discount":0.00,"isGhost":false,"priceGross":89.00,"priceNet":89.00,"product":"0x6416a8ef","qty":1}|0x1fe1afae
18:53:45.0 (71290943)|STATEMENT_EXECUTE|[797]
18:53:45.0 (71292562)|STATEMENT_EXECUTE|[798]
18:53:45.0 (71299065)|VARIABLE_SCOPE_BEGIN|[798]|totalType|String|false|false
18:53:45.0 (71308157)|VARIABLE_ASSIGNMENT|[798]|totalType|"setup"
18:53:45.0 (71336486)|VARIABLE_ASSIGNMENT|[EXTERNAL]|this|{"discount":0.00,"isGhost":false,"priceGross":89.00,"priceNet":89.00,"product":"0x6416a8ef","qty":1}|0x1fe1afae
18:53:45.0 (71379390)|VARIABLE_ASSIGNMENT|[EXTERNAL]|this|{"discount":0.00,"isGhost":false,"priceGross":89.00,"priceNet":89.00,"product":"0x6416a8ef","qty":1}|0x1fe1afae
18:53:45.0 (71390639)|STATEMENT_EXECUTE|[799]
18:53:45.0 (71392314)|STATEMENT_EXECUTE|[800]
18:53:45.0 (71427956)|VARIABLE_ASSIGNMENT|[EXTERNAL]|this|{"discount":0.00,"isGhost":false,"priceGross":89.00,"priceNet":89.00,"product":"0x6416a8ef","qty":1}|0x1fe1afae
18:53:45.0 (71449354)|HEAP_ALLOCATE|[800]|Bytes:6
18:53:45.0 (71460572)|VARIABLE_ASSIGNMENT|[800]|totalType|"weekly"
18:53:45.0 (71465319)|STATEMENT_EXECUTE|[803]
18:53:45.0 (71493498)|VARIABLE_ASSIGNMENT|[EXTERNAL]|this|{"discount":0.00,"isGhost":false,"priceGross":89.00,"priceNet":89.00,"product":"0x6416a8ef","qty":1}|0x1fe1afae
18:53:45.0 (71511679)|METHOD_ENTRY|[803]|01p6F000006uYhT|Utility.zerofy(Decimal)
18:53:45.0 (71517348)|VARIABLE_SCOPE_BEGIN|[36]|myNumber|Decimal|false|false
18:53:45.0 (71525468)|VARIABLE_ASSIGNMENT|[36]|myNumber|null
18:53:45.0 (71533768)|HEAP_ALLOCATE|[37]|Bytes:5
18:53:45.0 (71538029)|STATEMENT_EXECUTE|[36]
18:53:45.0 (71539639)|STATEMENT_EXECUTE|[37]
18:53:45.0 (71548938)|HEAP_ALLOCATE|[37]|Bytes:28
18:53:45.0 (71553375)|HEAP_ALLOCATE|[37]|Bytes:28
18:53:45.0 (71558892)|METHOD_EXIT|[803]|01p6F000006uYhT|Utility.zerofy(Decimal)
18:53:45.0 (71575401)|HEAP_ALLOCATE|[803]|Bytes:28
18:53:45.0 (71588391)|HEAP_ALLOCATE|[EXTERNAL]|Bytes:-4
18:53:45.0 (71600268)|HEAP_ALLOCATE|[797]|Bytes:5
18:53:45.0 (71609683)|VARIABLE_ASSIGNMENT|[797]|item|null|
18:53:45.0 (71618192)|HEAP_ALLOCATE|[796]|Bytes:5
18:53:45.0 (71626523)|VARIABLE_ASSIGNMENT|[796]|items|null|
18:53:45.0 (71631246)|STATEMENT_EXECUTE|[807]
18:53:45.0 (71637017)|SYSTEM_MODE_EXIT|false
18:53:45.0 (71839714)|SYSTEM_MODE_ENTER|true
18:53:45.0 (75380274)|SYSTEM_MODE_ENTER|true
18:53:45.0 (79626484)|SYSTEM_MODE_ENTER|true
18:53:45.0 (79701387)|HEAP_ALLOCATE|[EXTERNAL]|Bytes:184
18:53:45.0 (79717003)|VARIABLE_SCOPE_BEGIN|[692]|this|CheckoutController|true|false
18:53:45.0 (79856019)|VARIABLE_ASSIGNMENT|[692]|this|{"acc":"0x2a20cd46","bjbCompany":"0x42abfdf","cardDetails":"0x8526d88","companyName":"SponsoredLinX","emailSignupAddress":"signup@sponsoredlinx (4 more) ...","fromSource":"sponsoredlinx.com.au","locale":"AUD","mailing_address":true,"mycart":"0x20dd1463","mySite":"0x7922ea20","packages":"0x304f8eca","paymentType":"Credit Card","paymentTypesEnabled":"0x3105d8c3","signup":"0x60f0ab07","siteName":"checkout_SLX"}|0x1bca3f93
18:53:45.0 (79877158)|SYSTEM_MODE_ENTER|false
18:53:45.0 (79885137)|HEAP_ALLOCATE|[693]|Bytes:5
18:53:45.0 (79891308)|STATEMENT_EXECUTE|[692]
18:53:45.0 (79893648)|STATEMENT_EXECUTE|[693]
18:53:45.0 (79911175)|SYSTEM_MODE_EXIT|false
18:53:45.0 (80511421)|SYSTEM_MODE_ENTER|true
18:53:45.0 (80559465)|HEAP_ALLOCATE|[EXTERNAL]|Bytes:184
18:53:45.0 (80568641)|VARIABLE_SCOPE_BEGIN|[1380]|this|CheckoutController|true|false
18:53:45.0 (80671263)|VARIABLE_ASSIGNMENT|[1380]|this|{"acc":"0x2a20cd46","bjbCompany":"0x42abfdf","cardDetails":"0x8526d88","companyName":"SponsoredLinX","emailSignupAddress":"signup@sponsoredlinx (4 more) ...","fromSource":"sponsoredlinx.com.au","locale":"AUD","mailing_address":true,"mycart":"0x20dd1463","mySite":"0x7922ea20","packages":"0x304f8eca","paymentType":"Credit Card","paymentTypesEnabled":"0x3105d8c3","signup":"0x60f0ab07","siteName":"checkout_SLX"}|0x1bca3f93
18:53:45.0 (80688348)|SYSTEM_MODE_ENTER|false
18:53:45.0 (80695724)|HEAP_ALLOCATE|[1381]|Bytes:5
18:53:45.0 (80701051)|STATEMENT_EXECUTE|[1380]
18:53:45.0 (80702927)|STATEMENT_EXECUTE|[1381]
18:53:45.0 (80726215)|HEAP_ALLOCATE|[1381]|Bytes:4
18:53:45.0 (80768872)|VARIABLE_SCOPE_BEGIN|[1381]|options|List<System.SelectOption>|true|false
18:53:45.0 (80799949)|HEAP_ALLOCATE|[EXTERNAL]|Bytes:4
18:53:45.0 (80811776)|VARIABLE_ASSIGNMENT|[1381]|options|[]|0x477112b9
18:53:45.0 (80817898)|STATEMENT_EXECUTE|[1382]
18:53:45.0 (80889499)|HEAP_ALLOCATE|[EXTERNAL]|Bytes:4
18:53:45.0 (80903508)|HEAP_ALLOCATE|[1384]|Bytes:12
18:53:45.0 (80932513)|STATEMENT_EXECUTE|[1384]
18:53:45.0 (80937923)|STATEMENT_EXECUTE|[1388]
18:53:45.0 (80944149)|SYSTEM_MODE_EXIT|false
18:53:45.0 (81056021)|SYSTEM_MODE_ENTER|true
18:53:45.0 (81645295)|SYSTEM_MODE_ENTER|true
18:53:45.0 (82704778)|SYSTEM_MODE_ENTER|true
18:53:45.0 (82786764)|HEAP_ALLOCATE|[EXTERNAL]|Bytes:184
18:53:45.0 (82797808)|VARIABLE_SCOPE_BEGIN|[745]|this|CheckoutController|true|false
18:53:45.0 (82953308)|VARIABLE_ASSIGNMENT|[745]|this|{"acc":"0x2a20cd46","bjbCompany":"0x42abfdf","cardDetails":"0x8526d88","companyName":"SponsoredLinX","emailSignupAddress":"signup@sponsoredlinx (4 more) ...","fromSource":"sponsoredlinx.com.au","locale":"AUD","mailing_address":true,"mycart":"0x20dd1463","mySite":"0x7922ea20","packages":"0x304f8eca","paymentType":"Credit Card","paymentTypesEnabled":"0x3105d8c3","signup":"0x60f0ab07","siteName":"checkout_SLX"}|0x1bca3f93
18:53:45.0 (82982769)|SYSTEM_MODE_ENTER|false
18:53:45.0 (82993821)|HEAP_ALLOCATE|[746]|Bytes:5
18:53:45.0 (83001739)|STATEMENT_EXECUTE|[745]
18:53:45.0 (83005121)|STATEMENT_EXECUTE|[746]
18:53:45.0 (83031287)|HEAP_ALLOCATE|[746]|Bytes:4
18:53:45.0 (83077747)|VARIABLE_SCOPE_BEGIN|[746]|productFamilies|Set<String>|true|false
18:53:45.0 (83121350)|VARIABLE_ASSIGNMENT|[746]|productFamilies|[]|0x5f883de
18:53:45.0 (83155939)|METHOD_ENTRY|[748]|01p6F000006He6K|Cart.getPackageFromPackageData(Cart.cartPackageData)
18:53:45.0 (83180577)|VARIABLE_SCOPE_BEGIN|[128]|this|Cart|true|false
18:53:45.0 (83218305)|VARIABLE_ASSIGNMENT|[128]|this|{"companyName":"SponsoredLinX","myPackageData":"0x448eab72"}|0x20dd1463
18:53:45.0 (83228501)|VARIABLE_SCOPE_BEGIN|[128]|fromPackageData|Cart.cartPackageData|true|false
18:53:45.0 (83294314)|VARIABLE_ASSIGNMENT|[128]|fromPackageData|{"addons":"0x70e4fca2","addTime":"2018-09-28T08:53:43.460Z","productIds":"0x4adf1b5b","productType":"Facebook"}|0x448eab72
18:53:45.0 (83313582)|STATEMENT_EXECUTE|[128]
18:53:45.0 (83316467)|STATEMENT_EXECUTE|[129]
18:53:45.0 (83336692)|HEAP_ALLOCATE|[129]|Bytes:4
18:53:45.0 (83356131)|VARIABLE_SCOPE_BEGIN|[129]|items|List<CartItem>|true|false
18:53:45.0 (83383672)|HEAP_ALLOCATE|[EXTERNAL]|Bytes:4
18:53:45.0 (83395777)|VARIABLE_ASSIGNMENT|[129]|items|[]|0x28c8ebd5
18:53:45.0 (83405931)|STATEMENT_EXECUTE|[132]
18:53:45.0 (83408554)|STATEMENT_EXECUTE|[133]
18:53:45.0 (83432901)|HEAP_ALLOCATE|[133]|Bytes:4
18:53:45.0 (83448805)|HEAP_ALLOCATE|[133]|Bytes:4
18:53:45.0 (83982481)|SOQL_EXECUTE_BEGIN|[133]|Aggregations:0|SELECT Id, Name, product_price__c, product_recurring__c, recurring_period__c, company_name__c, Product_Family__c, Is_Ghost__c, Billed_In_Advance__c FROM SLX_Product__c WHERE (IsActive__c = TRUE AND company_name__c = :tmpVar1 AND Id IN :tmpVar2)
18:53:45.0 (90590143)|SOQL_EXECUTE_END|[133]|Rows:2
18:53:45.0 (90621594)|HEAP_ALLOCATE|[133]|Bytes:12
18:53:45.0 (90655179)|HEAP_ALLOCATE|[133]|Bytes:604
18:53:45.0 (90696972)|HEAP_ALLOCATE|[133]|Bytes:12
18:53:45.0 (90719594)|HEAP_ALLOCATE|[133]|Bytes:40
18:53:45.0 (90734214)|HEAP_ALLOCATE|[133]|Bytes:4
18:53:45.0 (90743080)|HEAP_ALLOCATE|[133]|Bytes:44
18:53:45.0 (90750186)|HEAP_ALLOCATE|[133]|Bytes:4
18:53:45.0 (90761571)|VARIABLE_SCOPE_BEGIN|[133]|productsMap|Map<Id,SLX_Product__c>|true|false
18:53:45.0 (90896526)|VARIABLE_ASSIGNMENT|[133]|productsMap|{"a1B6F000007u3QXUAY":{"Id":"a1B6F000007u3QXUAY","Name":"Social Engage - Simp (8 more) ...","product_price__c":399.00,"product_recurring__c":"No","company_name__c":"SponsoredLinx","Product_Family__c":"Facebook","Is_Ghost__c":false,"Billed_In_Advance__c":true,"CurrencyIsoCode":"AUD"},"a1B6F000007u3QmUAI":{"Id":"a1B6F000007u3QmUAI","Name":"Social Engage - Simp (20 more) ...","product_price__c":89.00,"product_recurring__c":"Yes","recurring_period__c":"Weekly","company_name__c":"SponsoredLinx","Product_Family__c":"Facebook","Is_Ghost__c":false,"Billed_In_Advance__c":false,"CurrencyIsoCode":"AUD"}}|0x5899eeea
18:53:45.0 (90917939)|STATEMENT_EXECUTE|[135]
18:53:45.0 (90931029)|VARIABLE_SCOPE_BEGIN|[135]|previousProductId|Id|false|false
18:53:45.0 (90944862)|VARIABLE_ASSIGNMENT|[135]|previousProductId|null
18:53:45.0 (91311633)|HEAP_ALLOCATE|[136]|Bytes:5
18:53:45.0 (91341856)|HEAP_ALLOCATE|[136]|Bytes:18
18:53:45.0 (91381637)|HEAP_ALLOCATE|[136]|Bytes:4
18:53:45.0 (91389531)|VARIABLE_SCOPE_BEGIN|[136]|packageProductId|Id|false|false
18:53:45.0 (91574985)|VARIABLE_ASSIGNMENT|[136]|packageProductId|"a1B6F000007u3QXUAY"
18:53:45.0 (91585277)|STATEMENT_EXECUTE|[136]
18:53:45.0 (91588095)|STATEMENT_EXECUTE|[137]
18:53:45.0 (91670285)|VARIABLE_SCOPE_BEGIN|[137]|product|SLX_Product__c|true|false
18:53:45.0 (91712709)|VARIABLE_ASSIGNMENT|[137]|product|{"Id":"a1B6F000007u3QXUAY","Name":"Social Engage - Simp (8 more) ...","product_price__c":399.00,"product_recurring__c":"No","company_name__c":"SponsoredLinx","Product_Family__c":"Facebook","Is_Ghost__c":false,"Billed_In_Advance__c":true,"CurrencyIsoCode":"AUD"}|0x4142d221
18:53:45.0 (91726437)|STATEMENT_EXECUTE|[140]
18:53:45.0 (91733823)|STATEMENT_EXECUTE|[144]
18:53:45.0 (91745326)|HEAP_ALLOCATE|[144]|Bytes:36
18:53:45.0 (91763393)|CONSTRUCTOR_ENTRY|[144]|01p6F000006He6L|<init>(SLX_Product__c)|CartItem
18:53:45.0 (91775127)|VARIABLE_SCOPE_BEGIN|[13]|this|CartItem|true|false
18:53:45.0 (92212192)|VARIABLE_ASSIGNMENT|[13]|this|{}|0x7bde2ca6
18:53:45.0 (92226558)|VARIABLE_SCOPE_BEGIN|[13]|product|SLX_Product__c|true|false
18:53:45.0 (92262174)|VARIABLE_ASSIGNMENT|[13]|product|{"Id":"a1B6F000007u3QXUAY","Name":"Social Engage - Simp (8 more) ...","product_price__c":399.00,"product_recurring__c":"No","company_name__c":"SponsoredLinx","Product_Family__c":"Facebook","Is_Ghost__c":false,"Billed_In_Advance__c":true,"CurrencyIsoCode":"AUD"}|0x4142d221
18:53:45.0 (92276157)|STATEMENT_EXECUTE|[1]
18:53:45.0 (92279100)|STATEMENT_EXECUTE|[3]
18:53:45.0 (92287955)|STATEMENT_EXECUTE|[5]
18:53:45.0 (92292671)|STATEMENT_EXECUTE|[6]
18:53:45.0 (92297342)|STATEMENT_EXECUTE|[7]
18:53:45.0 (92305869)|STATEMENT_EXECUTE|[8]
18:53:45.0 (92310391)|STATEMENT_EXECUTE|[9]
18:53:45.0 (92314727)|STATEMENT_EXECUTE|[10]
18:53:45.0 (92319622)|STATEMENT_EXECUTE|[11]
18:53:45.0 (92347102)|STATEMENT_EXECUTE|[13]
18:53:45.0 (92349581)|STATEMENT_EXECUTE|[14]
18:53:45.0 (92391068)|VARIABLE_ASSIGNMENT|[EXTERNAL]|this|{}|0x7bde2ca6
18:53:45.0 (92423186)|VARIABLE_ASSIGNMENT|[EXTERNAL]|value|{"Id":"a1B6F000007u3QXUAY","Name":"Social Engage - Simp (8 more) ...","product_price__c":399.00,"product_recurring__c":"No","company_name__c":"SponsoredLinx","Product_Family__c":"Facebook","Is_Ghost__c":false,"Billed_In_Advance__c":true,"CurrencyIsoCode":"AUD"}|0x4142d221
18:53:45.0 (92460883)|VARIABLE_ASSIGNMENT|[3]|this.product|{"Id":"a1B6F000007u3QXUAY","Name":"Social Engage - Simp (8 more) ...","product_price__c":399.00,"product_recurring__c":"No","company_name__c":"SponsoredLinx","Product_Family__c":"Facebook","Is_Ghost__c":false,"Billed_In_Advance__c":true,"CurrencyIsoCode":"AUD"}|0x7bde2ca6
18:53:45.0 (92519304)|STATEMENT_EXECUTE|[16]
18:53:45.0 (92564618)|VARIABLE_ASSIGNMENT|[EXTERNAL]|this|{"product":"0x4142d221"}|0x7bde2ca6
18:53:45.0 (92580188)|VARIABLE_ASSIGNMENT|[EXTERNAL]|value|1
18:53:45.0 (92588229)|HEAP_ALLOCATE|[5]|Bytes:4
18:53:45.0 (92597763)|VARIABLE_ASSIGNMENT|[5]|this.qty|1|0x7bde2ca6
18:53:45.0 (92609148)|STATEMENT_EXECUTE|[17]
18:53:45.0 (92685315)|HEAP_ALLOCATE|[17]|Bytes:28
18:53:45.0 (92732982)|VARIABLE_ASSIGNMENT|[EXTERNAL]|this|{"product":"0x4142d221","qty":1}|0x7bde2ca6
18:53:45.0 (92836132)|VARIABLE_ASSIGNMENT|[EXTERNAL]|value|0.00
18:53:45.0 (92852291)|VARIABLE_ASSIGNMENT|[8]|this.discount|0.00|0x7bde2ca6
18:53:45.0 (92866152)|STATEMENT_EXECUTE|[18]
18:53:45.0 (92928007)|VARIABLE_ASSIGNMENT|[EXTERNAL]|this|{"discount":0.00,"product":"0x4142d221","qty":1}|0x7bde2ca6
18:53:45.0 (92942029)|VARIABLE_ASSIGNMENT|[EXTERNAL]|value|399.00
18:53:45.0 (92953322)|VARIABLE_ASSIGNMENT|[7]|this.priceGross|399.00|0x7bde2ca6
18:53:45.0 (92965069)|STATEMENT_EXECUTE|[19]
18:53:45.0 (93010312)|VARIABLE_ASSIGNMENT|[EXTERNAL]|this|{"discount":0.00,"priceGross":399.00,"product":"0x4142d221","qty":1}|0x7bde2ca6
18:53:45.0 (93064916)|HEAP_ALLOCATE|[19]|Bytes:28
18:53:45.0 (93113108)|VARIABLE_ASSIGNMENT|[EXTERNAL]|this|{"discount":0.00,"priceGross":399.00,"product":"0x4142d221","qty":1}|0x7bde2ca6
18:53:45.0 (93126410)|VARIABLE_ASSIGNMENT|[EXTERNAL]|value|399.00
18:53:45.0 (93137203)|VARIABLE_ASSIGNMENT|[9]|this.priceNet|399.00|0x7bde2ca6
18:53:45.0 (93148291)|STATEMENT_EXECUTE|[20]
18:53:45.0 (93194260)|VARIABLE_ASSIGNMENT|[EXTERNAL]|this|{"discount":0.00,"priceGross":399.00,"priceNet":399.00,"product":"0x4142d221","qty":1}|0x7bde2ca6
18:53:45.0 (93206972)|VARIABLE_ASSIGNMENT|[EXTERNAL]|value|false
18:53:45.0 (93217070)|VARIABLE_ASSIGNMENT|[11]|this.isGhost|false|0x7bde2ca6
18:53:45.0 (93235578)|CONSTRUCTOR_EXIT|[144]|01p6F000006He6L|<init>(SLX_Product__c)|CartItem
18:53:45.0 (93256747)|HEAP_ALLOCATE|[EXTERNAL]|Bytes:4
18:53:45.0 (93266038)|STATEMENT_EXECUTE|[146]
18:53:45.0 (93454348)|VARIABLE_ASSIGNMENT|[146]|previousProductId|"a1B6F000007u3QXUAY"
18:53:45.0 (93480337)|HEAP_ALLOCATE|[136]|Bytes:5
18:53:45.0 (93495557)|HEAP_ALLOCATE|[136]|Bytes:18
18:53:45.0 (93521679)|HEAP_ALLOCATE|[136]|Bytes:4
18:53:45.0 (93528655)|VARIABLE_SCOPE_BEGIN|[136]|packageProductId|Id|false|false
18:53:45.0 (93713601)|VARIABLE_ASSIGNMENT|[136]|packageProductId|"a1B6F000007u3QmUAI"
18:53:45.0 (93723018)|STATEMENT_EXECUTE|[136]
18:53:45.0 (93725501)|STATEMENT_EXECUTE|[137]
18:53:45.0 (93752646)|VARIABLE_SCOPE_BEGIN|[137]|product|SLX_Product__c|true|false
18:53:45.0 (93793351)|VARIABLE_ASSIGNMENT|[137]|product|{"Id":"a1B6F000007u3QmUAI","Name":"Social Engage - Simp (20 more) ...","product_price__c":89.00,"product_recurring__c":"Yes","recurring_period__c":"Weekly","company_name__c":"SponsoredLinx","Product_Family__c":"Facebook","Is_Ghost__c":false,"Billed_In_Advance__c":false,"CurrencyIsoCode":"AUD"}|0x35b59373
18:53:45.0 (93806224)|STATEMENT_EXECUTE|[140]
18:53:45.0 (93812346)|STATEMENT_EXECUTE|[144]
18:53:45.0 (93820854)|HEAP_ALLOCATE|[144]|Bytes:36
18:53:45.0 (93833552)|CONSTRUCTOR_ENTRY|[144]|01p6F000006He6L|<init>(SLX_Product__c)|CartItem
18:53:45.0 (93843749)|VARIABLE_SCOPE_BEGIN|[13]|this|CartItem|true|false
18:53:45.0 (93950091)|VARIABLE_ASSIGNMENT|[13]|this|{}|0x224cc591
18:53:45.0 (93959920)|VARIABLE_SCOPE_BEGIN|[13]|product|SLX_Product__c|true|false
18:53:45.0 (93994087)|VARIABLE_ASSIGNMENT|[13]|product|{"Id":"a1B6F000007u3QmUAI","Name":"Social Engage - Simp (20 more) ...","product_price__c":89.00,"product_recurring__c":"Yes","recurring_period__c":"Weekly","company_name__c":"SponsoredLinx","Product_Family__c":"Facebook","Is_Ghost__c":false,"Billed_In_Advance__c":false,"CurrencyIsoCode":"AUD"}|0x35b59373
18:53:45.0 (94007026)|STATEMENT_EXECUTE|[1]
18:53:45.0 (94010423)|STATEMENT_EXECUTE|[3]
18:53:45.0 (94017216)|STATEMENT_EXECUTE|[5]
18:53:45.0 (94021617)|STATEMENT_EXECUTE|[6]
18:53:45.0 (94026248)|STATEMENT_EXECUTE|[7]
18:53:45.0 (94189849)|STATEMENT_EXECUTE|[8]
18:53:45.0 (94195619)|STATEMENT_EXECUTE|[9]
18:53:45.0 (94199928)|STATEMENT_EXECUTE|[10]
18:53:45.0 (94204359)|STATEMENT_EXECUTE|[11]
18:53:45.0 (94225022)|STATEMENT_EXECUTE|[13]
18:53:45.0 (94227312)|STATEMENT_EXECUTE|[14]
18:53:45.0 (94267681)|VARIABLE_ASSIGNMENT|[EXTERNAL]|this|{}|0x224cc591
18:53:45.0 (94310741)|VARIABLE_ASSIGNMENT|[EXTERNAL]|value|{"Id":"a1B6F000007u3QmUAI","Name":"Social Engage - Simp (20 more) ...","product_price__c":89.00,"product_recurring__c":"Yes","recurring_period__c":"Weekly","company_name__c":"SponsoredLinx","Product_Family__c":"Facebook","Is_Ghost__c":false,"Billed_In_Advance__c":false,"CurrencyIsoCode":"AUD"}|0x35b59373
18:53:45.0 (94347961)|VARIABLE_ASSIGNMENT|[3]|this.product|{"Id":"a1B6F000007u3QmUAI","Name":"Social Engage - Simp (20 more) ...","product_price__c":89.00,"product_recurring__c":"Yes","recurring_period__c":"Weekly","company_name__c":"SponsoredLinx","Product_Family__c":"Facebook","Is_Ghost__c":false,"Billed_In_Advance__c":false,"CurrencyIsoCode":"AUD"}|0x224cc591
18:53:45.0 (94364851)|STATEMENT_EXECUTE|[16]
18:53:45.0 (94402445)|VARIABLE_ASSIGNMENT|[EXTERNAL]|this|{"product":"0x35b59373"}|0x224cc591
18:53:45.0 (94416101)|VARIABLE_ASSIGNMENT|[EXTERNAL]|value|1
18:53:45.0 (94423537)|HEAP_ALLOCATE|[5]|Bytes:4
18:53:45.0 (94433122)|VARIABLE_ASSIGNMENT|[5]|this.qty|1|0x224cc591
18:53:45.0 (94444798)|STATEMENT_EXECUTE|[17]
18:53:45.0 (94458182)|HEAP_ALLOCATE|[17]|Bytes:28
18:53:45.0 (94535984)|VARIABLE_ASSIGNMENT|[EXTERNAL]|this|{"product":"0x35b59373","qty":1}|0x224cc591
18:53:45.0 (94550545)|VARIABLE_ASSIGNMENT|[EXTERNAL]|value|0.00
18:53:45.0 (94561800)|VARIABLE_ASSIGNMENT|[8]|this.discount|0.00|0x224cc591
18:53:45.0 (94574147)|STATEMENT_EXECUTE|[18]
18:53:45.0 (94681095)|VARIABLE_ASSIGNMENT|[EXTERNAL]|this|{"discount":0.00,"product":"0x35b59373","qty":1}|0x224cc591
18:53:45.0 (94768290)|VARIABLE_ASSIGNMENT|[EXTERNAL]|value|89.00
18:53:45.0 (94784590)|VARIABLE_ASSIGNMENT|[7]|this.priceGross|89.00|0x224cc591
18:53:45.0 (94797678)|STATEMENT_EXECUTE|[19]
18:53:45.0 (94869359)|VARIABLE_ASSIGNMENT|[EXTERNAL]|this|{"discount":0.00,"priceGross":89.00,"product":"0x35b59373","qty":1}|0x224cc591
18:53:45.0 (94910311)|HEAP_ALLOCATE|[19]|Bytes:28
18:53:45.0 (94959216)|VARIABLE_ASSIGNMENT|[EXTERNAL]|this|{"discount":0.00,"priceGross":89.00,"product":"0x35b59373","qty":1}|0x224cc591
18:53:45.0 (94972040)|VARIABLE_ASSIGNMENT|[EXTERNAL]|value|89.00
18:53:45.0 (94982436)|VARIABLE_ASSIGNMENT|[9]|this.priceNet|89.00|0x224cc591
18:53:45.0 (94993488)|STATEMENT_EXECUTE|[20]
18:53:45.0 (95038718)|VARIABLE_ASSIGNMENT|[EXTERNAL]|this|{"discount":0.00,"priceGross":89.00,"priceNet":89.00,"product":"0x35b59373","qty":1}|0x224cc591
18:53:45.0 (95090301)|VARIABLE_ASSIGNMENT|[EXTERNAL]|value|false
18:53:45.0 (95104919)|VARIABLE_ASSIGNMENT|[11]|this.isGhost|false|0x224cc591
18:53:45.0 (95122648)|CONSTRUCTOR_EXIT|[144]|01p6F000006He6L|<init>(SLX_Product__c)|CartItem
18:53:45.0 (95140092)|HEAP_ALLOCATE|[EXTERNAL]|Bytes:4
18:53:45.0 (95149074)|STATEMENT_EXECUTE|[146]
18:53:45.0 (95325105)|VARIABLE_ASSIGNMENT|[146]|previousProductId|"a1B6F000007u3QmUAI"
18:53:45.0 (95350284)|HEAP_ALLOCATE|[136]|Bytes:5
18:53:45.0 (95367517)|VARIABLE_ASSIGNMENT|[136]|packageProductId|null
18:53:45.0 (95462617)|STATEMENT_EXECUTE|[151]
18:53:45.0 (95471138)|STATEMENT_EXECUTE|[167]
18:53:45.0 (95486987)|METHOD_EXIT|[748]|01p6F000006He6K|Cart.getPackageFromPackageData(Cart.cartPackageData)
18:53:45.0 (95523215)|HEAP_ALLOCATE|[748]|Bytes:5
18:53:45.0 (95537712)|HEAP_ALLOCATE|[748]|Bytes:36
18:53:45.0 (95547035)|VARIABLE_SCOPE_BEGIN|[748]|myCartItem|CartItem|true|false
18:53:45.0 (95596401)|VARIABLE_ASSIGNMENT|[748]|myCartItem|{"discount":0.00,"isGhost":false,"priceGross":399.00,"priceNet":399.00,"product":"0x4142d221","qty":1}|0x7bde2ca6
18:53:45.0 (95607156)|STATEMENT_EXECUTE|[748]
18:53:45.0 (95609746)|STATEMENT_EXECUTE|[749]
18:53:45.0 (95619153)|HEAP_ALLOCATE|[749]|Bytes:16
18:53:45.0 (95649745)|METHOD_ENTRY|[749]|01p6F000006He6L|CartItem.getProductFamily()
18:53:45.0 (95686148)|VARIABLE_SCOPE_BEGIN|[24]|this|CartItem|true|false
18:53:45.0 (95729756)|VARIABLE_ASSIGNMENT|[24]|this|{"discount":0.00,"isGhost":false,"priceGross":399.00,"priceNet":399.00,"product":"0x4142d221","qty":1}|0x7bde2ca6
18:53:45.0 (95741469)|STATEMENT_EXECUTE|[24]
18:53:45.0 (95744043)|STATEMENT_EXECUTE|[25]
18:53:45.0 (95872253)|VARIABLE_ASSIGNMENT|[EXTERNAL]|this|{"discount":0.00,"isGhost":false,"priceGross":399.00,"priceNet":399.00,"product":"0x4142d221","qty":1}|0x7bde2ca6
18:53:45.0 (95921016)|METHOD_EXIT|[749]|01p6F000006He6L|CartItem.getProductFamily()
18:53:45.0 (95944218)|HEAP_ALLOCATE|[749]|Bytes:24
18:53:45.0 (95974350)|USER_DEBUG|[749]|DEBUG|product family: Facebook
18:53:45.0 (95985866)|STATEMENT_EXECUTE|[750]
18:53:45.0 (95999764)|METHOD_ENTRY|[750]|01p6F000006He6L|CartItem.getProductFamily()
18:53:45.0 (96015883)|VARIABLE_SCOPE_BEGIN|[24]|this|CartItem|true|false
18:53:45.0 (96060693)|VARIABLE_ASSIGNMENT|[24]|this|{"discount":0.00,"isGhost":false,"priceGross":399.00,"priceNet":399.00,"product":"0x4142d221","qty":1}|0x7bde2ca6
18:53:45.0 (96071667)|STATEMENT_EXECUTE|[24]
18:53:45.0 (96074133)|STATEMENT_EXECUTE|[25]
18:53:45.0 (96115283)|VARIABLE_ASSIGNMENT|[EXTERNAL]|this|{"discount":0.00,"isGhost":false,"priceGross":399.00,"priceNet":399.00,"product":"0x4142d221","qty":1}|0x7bde2ca6
18:53:45.0 (96134398)|METHOD_EXIT|[750]|01p6F000006He6L|CartItem.getProductFamily()
18:53:45.0 (96156371)|HEAP_ALLOCATE|[EXTERNAL]|Bytes:4
18:53:45.0 (96175324)|HEAP_ALLOCATE|[748]|Bytes:5
18:53:45.0 (96188006)|HEAP_ALLOCATE|[748]|Bytes:36
18:53:45.0 (96195575)|VARIABLE_SCOPE_BEGIN|[748]|myCartItem|CartItem|true|false
18:53:45.0 (96236791)|VARIABLE_ASSIGNMENT|[748]|myCartItem|{"discount":0.00,"isGhost":false,"priceGross":89.00,"priceNet":89.00,"product":"0x35b59373","qty":1}|0x224cc591
18:53:45.0 (96285713)|STATEMENT_EXECUTE|[748]
18:53:45.0 (96289299)|STATEMENT_EXECUTE|[749]
18:53:45.0 (96306738)|METHOD_ENTRY|[749]|01p6F000006He6L|CartItem.getProductFamily()
18:53:45.0 (96315725)|VARIABLE_SCOPE_BEGIN|[24]|this|CartItem|true|false
18:53:45.0 (96357240)|VARIABLE_ASSIGNMENT|[24]|this|{"discount":0.00,"isGhost":false,"priceGross":89.00,"priceNet":89.00,"product":"0x35b59373","qty":1}|0x224cc591
18:53:45.0 (96367131)|STATEMENT_EXECUTE|[24]
18:53:45.0 (96369500)|STATEMENT_EXECUTE|[25]
18:53:45.0 (96408499)|VARIABLE_ASSIGNMENT|[EXTERNAL]|this|{"discount":0.00,"isGhost":false,"priceGross":89.00,"priceNet":89.00,"product":"0x35b59373","qty":1}|0x224cc591
18:53:45.0 (96426705)|METHOD_EXIT|[749]|01p6F000006He6L|CartItem.getProductFamily()
18:53:45.0 (96437358)|HEAP_ALLOCATE|[749]|Bytes:24
18:53:45.0 (96508090)|USER_DEBUG|[749]|DEBUG|product family: Facebook
18:53:45.0 (96520012)|STATEMENT_EXECUTE|[750]
18:53:45.0 (96530488)|METHOD_ENTRY|[750]|01p6F000006He6L|CartItem.getProductFamily()
18:53:45.0 (96538019)|VARIABLE_SCOPE_BEGIN|[24]|this|CartItem|true|false
18:53:45.0 (96581005)|VARIABLE_ASSIGNMENT|[24]|this|{"discount":0.00,"isGhost":false,"priceGross":89.00,"priceNet":89.00,"product":"0x35b59373","qty":1}|0x224cc591
18:53:45.0 (96590449)|STATEMENT_EXECUTE|[24]
18:53:45.0 (96592821)|STATEMENT_EXECUTE|[25]
18:53:45.0 (96630908)|VARIABLE_ASSIGNMENT|[EXTERNAL]|this|{"discount":0.00,"isGhost":false,"priceGross":89.00,"priceNet":89.00,"product":"0x35b59373","qty":1}|0x224cc591
18:53:45.0 (96648031)|METHOD_EXIT|[750]|01p6F000006He6L|CartItem.getProductFamily()
18:53:45.0 (96661065)|HEAP_ALLOCATE|[EXTERNAL]|Bytes:4
18:53:45.0 (96678530)|HEAP_ALLOCATE|[748]|Bytes:5
18:53:45.0 (96693458)|VARIABLE_ASSIGNMENT|[748]|myCartItem|null|
18:53:45.0 (96711726)|STATEMENT_EXECUTE|[754]
18:53:45.0 (96761877)|HEAP_ALLOCATE|[755]|Bytes:5
18:53:45.0 (96775795)|VARIABLE_ASSIGNMENT|[755]|addonPackageData|null|
18:53:45.0 (96782755)|STATEMENT_EXECUTE|[755]
18:53:45.0 (96789814)|STATEMENT_EXECUTE|[762]
18:53:45.0 (96799488)|SYSTEM_MODE_EXIT|false
18:53:45.0 (98123928)|SYSTEM_MODE_ENTER|true
18:53:45.0 (98214959)|HEAP_ALLOCATE|[EXTERNAL]|Bytes:184
18:53:45.0 (98232360)|VARIABLE_SCOPE_BEGIN|[862]|this|CheckoutController|true|false
18:53:45.0 (98423246)|VARIABLE_ASSIGNMENT|[862]|this|{"acc":"0x2a20cd46","bjbCompany":"0x42abfdf","cardDetails":"0x8526d88","companyName":"SponsoredLinX","emailSignupAddress":"signup@sponsoredlinx (4 more) ...","fromSource":"sponsoredlinx.com.au","locale":"AUD","mailing_address":true,"mycart":"0x20dd1463","mySite":"0x7922ea20","packages":"0x304f8eca","paymentType":"Credit Card","paymentTypesEnabled":"0x3105d8c3","signup":"0x60f0ab07","siteName":"checkout_SLX"}|0x1bca3f93
18:53:45.0 (98452102)|SYSTEM_MODE_ENTER|false
18:53:45.0 (98460793)|HEAP_ALLOCATE|[864]|Bytes:5
18:53:45.0 (98467392)|STATEMENT_EXECUTE|[862]
18:53:45.0 (98511288)|HEAP_ALLOCATE|[864]|Bytes:35
18:53:45.0 (98551967)|HEAP_ALLOCATE|[864]|Bytes:592
18:53:45.0 (98627977)|HEAP_ALLOCATE|[864]|Bytes:45
18:53:45.0 (98690457)|HEAP_ALLOCATE|[866]|Bytes:35
18:53:45.0 (98709988)|HEAP_ALLOCATE|[866]|Bytes:592
18:53:45.0 (98742599)|HEAP_ALLOCATE|[866]|Bytes:39
18:53:45.0 (98766736)|METHOD_ENTRY|[868]|01p6F000006uYhT|Utility.runningInASandbox()
18:53:45.0 (98793074)|HEAP_ALLOCATE|[61]|Bytes:5
18:53:45.0 (98798584)|STATEMENT_EXECUTE|[60]
18:53:45.0 (98800522)|STATEMENT_EXECUTE|[61]
18:53:45.0 (98821219)|HEAP_ALLOCATE|[61]|Bytes:4
18:53:45.0 (99021901)|SOQL_EXECUTE_BEGIN|[61]|Aggregations:0|SELECT Id, IsSandbox FROM Organization LIMIT 1
18:53:45.0 (100854347)|SOQL_EXECUTE_END|[61]|Rows:1
18:53:45.0 (100876953)|HEAP_ALLOCATE|[61]|Bytes:8
18:53:45.0 (100897868)|HEAP_ALLOCATE|[61]|Bytes:50
18:53:45.0 (100930694)|HEAP_ALLOCATE|[61]|Bytes:8
18:53:45.0 (100950368)|HEAP_ALLOCATE|[61]|Bytes:12
18:53:45.0 (100987004)|METHOD_EXIT|[868]|01p6F000006uYhT|Utility.runningInASandbox()
18:53:45.0 (101022640)|HEAP_ALLOCATE|[873]|Bytes:12
18:53:45.0 (101033235)|STATEMENT_EXECUTE|[876]
18:53:45.0 (101035362)|STATEMENT_EXECUTE|[877]
18:53:45.0 (101046083)|HEAP_ALLOCATE|[877]|Bytes:8
18:53:45.0 (101056753)|HEAP_ALLOCATE|[877]|Bytes:28
18:53:45.0 (101062331)|SYSTEM_MODE_EXIT|false
18:53:45.0 (101175057)|SYSTEM_MODE_ENTER|true
18:53:45.0 (101238873)|HEAP_ALLOCATE|[EXTERNAL]|Bytes:184
18:53:45.0 (101248569)|VARIABLE_SCOPE_BEGIN|[882]|this|CheckoutController|true|false
18:53:45.0 (101370172)|VARIABLE_ASSIGNMENT|[882]|this|{"acc":"0x2a20cd46","bjbCompany":"0x42abfdf","cardDetails":"0x8526d88","companyName":"SponsoredLinX","emailSignupAddress":"signup@sponsoredlinx (4 more) ...","fromSource":"sponsoredlinx.com.au","locale":"AUD","mailing_address":true,"mycart":"0x20dd1463","mySite":"0x7922ea20","packages":"0x304f8eca","paymentType":"Credit Card","paymentTypesEnabled":"0x3105d8c3","signup":"0x60f0ab07","siteName":"checkout_SLX"}|0x1bca3f93
18:53:45.0 (101388998)|SYSTEM_MODE_ENTER|false
18:53:45.0 (101396015)|HEAP_ALLOCATE|[884]|Bytes:5
18:53:45.0 (101400704)|STATEMENT_EXECUTE|[882]
18:53:45.0 (101414870)|STATEMENT_EXECUTE|[890]
18:53:45.0 (101422336)|METHOD_ENTRY|[891]|01p6F000006uYhT|Utility.runningInASandbox()
18:53:45.0 (101441973)|HEAP_ALLOCATE|[61]|Bytes:5
18:53:45.0 (101447398)|STATEMENT_EXECUTE|[60]
18:53:45.0 (101449104)|STATEMENT_EXECUTE|[61]
18:53:45.0 (101466667)|HEAP_ALLOCATE|[61]|Bytes:4
18:53:45.0 (101582383)|SOQL_EXECUTE_BEGIN|[61]|Aggregations:0|SELECT Id, IsSandbox FROM Organization LIMIT 1
18:53:45.0 (102787386)|SOQL_EXECUTE_END|[61]|Rows:1
18:53:45.0 (102805703)|HEAP_ALLOCATE|[61]|Bytes:8
18:53:45.0 (102818419)|HEAP_ALLOCATE|[61]|Bytes:50
18:53:45.0 (102843159)|HEAP_ALLOCATE|[61]|Bytes:8
18:53:45.0 (102858030)|HEAP_ALLOCATE|[61]|Bytes:12
18:53:45.0 (102876710)|METHOD_EXIT|[891]|01p6F000006uYhT|Utility.runningInASandbox()
18:53:45.0 (102884673)|STATEMENT_EXECUTE|[893]
18:53:45.0 (102886635)|STATEMENT_EXECUTE|[894]
18:53:45.0 (102894448)|HEAP_ALLOCATE|[894]|Bytes:52
18:53:45.0 (102900703)|SYSTEM_MODE_EXIT|false
18:53:45.103 (103151296)|SYSTEM_MODE_ENTER|true
18:53:45.103 (103222645)|HEAP_ALLOCATE|[EXTERNAL]|Bytes:8
18:53:45.103 (103238663)|VARIABLE_SCOPE_BEGIN|[88]|this|ApexPage.PageMessagesComponentController|true|false
18:53:45.103 (103267774)|VARIABLE_ASSIGNMENT|[88]|this|{}|0x23d06ec9
18:53:45.103 (103275489)|VARIABLE_SCOPE_BEGIN|[88]|escape|Boolean|false|false
18:53:45.103 (103283894)|VARIABLE_ASSIGNMENT|[88]|escape|null
18:53:45.103 (103407799)|SYSTEM_MODE_ENTER|true
18:53:45.103 (103446325)|HEAP_ALLOCATE|[EXTERNAL]|Bytes:8
18:53:45.103 (103452964)|VARIABLE_SCOPE_BEGIN|[2]|this|ApexPage.PageMessagesComponentController|true|false
18:53:45.103 (103472962)|VARIABLE_ASSIGNMENT|[2]|this|{}|0x23d06ec9
18:53:45.0 (104025038)|SYSTEM_MODE_ENTER|true
18:53:45.0 (104075032)|HEAP_ALLOCATE|[EXTERNAL]|Bytes:184
18:53:45.0 (104084191)|VARIABLE_SCOPE_BEGIN|[697]|this|CheckoutController|true|false
18:53:45.0 (104202258)|VARIABLE_ASSIGNMENT|[697]|this|{"acc":"0x2a20cd46","bjbCompany":"0x42abfdf","cardDetails":"0x8526d88","companyName":"SponsoredLinX","emailSignupAddress":"signup@sponsoredlinx (4 more) ...","fromSource":"sponsoredlinx.com.au","locale":"AUD","mailing_address":true,"mycart":"0x20dd1463","mySite":"0x7922ea20","packages":"0x304f8eca","paymentType":"Credit Card","paymentTypesEnabled":"0x3105d8c3","signup":"0x60f0ab07","siteName":"checkout_SLX"}|0x1bca3f93
18:53:45.0 (104221520)|SYSTEM_MODE_ENTER|false
18:53:45.0 (104233112)|HEAP_ALLOCATE|[698]|Bytes:5
18:53:45.0 (104238381)|STATEMENT_EXECUTE|[697]
18:53:45.0 (104240487)|STATEMENT_EXECUTE|[698]
18:53:45.0 (104253066)|SYSTEM_MODE_EXIT|false
18:53:45.0 (104330303)|SYSTEM_MODE_ENTER|true
18:53:45.0 (104368982)|HEAP_ALLOCATE|[EXTERNAL]|Bytes:184
18:53:45.0 (104376884)|VARIABLE_SCOPE_BEGIN|[900]|this|CheckoutController|true|false
18:53:45.0 (104491140)|VARIABLE_ASSIGNMENT|[900]|this|{"acc":"0x2a20cd46","bjbCompany":"0x42abfdf","cardDetails":"0x8526d88","companyName":"SponsoredLinX","emailSignupAddress":"signup@sponsoredlinx (4 more) ...","fromSource":"sponsoredlinx.com.au","locale":"AUD","mailing_address":true,"mycart":"0x20dd1463","mySite":"0x7922ea20","packages":"0x304f8eca","paymentType":"Credit Card","paymentTypesEnabled":"0x3105d8c3","signup":"0x60f0ab07","siteName":"checkout_SLX"}|0x1bca3f93
18:53:45.0 (104508065)|SYSTEM_MODE_ENTER|false
18:53:45.0 (104514731)|HEAP_ALLOCATE|[901]|Bytes:5
18:53:45.0 (104519207)|STATEMENT_EXECUTE|[900]
18:53:45.0 (104521064)|STATEMENT_EXECUTE|[901]
18:53:45.0 (104545629)|METHOD_ENTRY|[901]||System.JSON.serializePretty(Object)
18:53:45.0 (105046066)|METHOD_EXIT|[901]||System.JSON.serializePretty(Object)
18:53:45.0 (105057320)|SYSTEM_MODE_EXIT|false
18:53:45.0 (106657849)|SYSTEM_MODE_ENTER|true
18:53:45.0 (106707261)|HEAP_ALLOCATE|[EXTERNAL]|Bytes:184
18:53:45.0 (106717214)|VARIABLE_SCOPE_BEGIN|[702]|this|CheckoutController|true|false
18:53:45.0 (106826764)|VARIABLE_ASSIGNMENT|[702]|this|{"acc":"0x2a20cd46","bjbCompany":"0x42abfdf","cardDetails":"0x8526d88","companyName":"SponsoredLinX","emailSignupAddress":"signup@sponsoredlinx (4 more) ...","fromSource":"sponsoredlinx.com.au","locale":"AUD","mailing_address":true,"mycart":"0x20dd1463","mySite":"0x7922ea20","packages":"0x304f8eca","paymentType":"Credit Card","paymentTypesEnabled":"0x3105d8c3","signup":"0x60f0ab07","siteName":"checkout_SLX"}|0x1bca3f93
18:53:45.0 (106845304)|SYSTEM_MODE_ENTER|false
18:53:45.0 (106853388)|HEAP_ALLOCATE|[703]|Bytes:5
18:53:45.0 (106859036)|STATEMENT_EXECUTE|[702]
18:53:45.0 (106860901)|STATEMENT_EXECUTE|[703]
18:53:45.0 (106875855)|SYSTEM_MODE_EXIT|false
18:53:45.0 (113372199)|SYSTEM_MODE_ENTER|true
18:53:45.0 (113477496)|HEAP_ALLOCATE|[EXTERNAL]|Bytes:184
18:53:45.0 (113502840)|VARIABLE_SCOPE_BEGIN|[1288]|this|CheckoutController|true|false
18:53:45.0 (113651752)|VARIABLE_ASSIGNMENT|[1288]|this|{"acc":"0x2a20cd46","bjbCompany":"0x42abfdf","cardDetails":"0x8526d88","companyName":"SponsoredLinX","emailSignupAddress":"signup@sponsoredlinx (4 more) ...","fromSource":"sponsoredlinx.com.au","locale":"AUD","mailing_address":true,"mycart":"0x20dd1463","mySite":"0x7922ea20","packages":"0x304f8eca","paymentType":"Credit Card","paymentTypesEnabled":"0x3105d8c3","signup":"0x60f0ab07","siteName":"checkout_SLX"}|0x1bca3f93
18:53:45.0 (113676408)|SYSTEM_MODE_ENTER|false
18:53:45.0 (113685011)|HEAP_ALLOCATE|[1289]|Bytes:5
18:53:45.0 (113691616)|STATEMENT_EXECUTE|[1288]
18:53:45.0 (113694054)|STATEMENT_EXECUTE|[1289]
18:53:45.0 (113715497)|HEAP_ALLOCATE|[1289]|Bytes:4
18:53:45.0 (113754736)|VARIABLE_SCOPE_BEGIN|[1289]|options|List<System.SelectOption>|true|false
18:53:45.0 (113781121)|HEAP_ALLOCATE|[EXTERNAL]|Bytes:4
18:53:45.0 (113794197)|VARIABLE_ASSIGNMENT|[1289]|options|[]|0x24096a5d
18:53:45.0 (113815251)|STATEMENT_EXECUTE|[1290]
18:53:45.0 (113825217)|STATEMENT_EXECUTE|[1294]
18:53:45.0 (113827580)|STATEMENT_EXECUTE|[1295]
18:53:45.0 (113896439)|HEAP_ALLOCATE|[EXTERNAL]|Bytes:4
18:53:45.0 (113908678)|STATEMENT_EXECUTE|[1298]
18:53:45.0 (113919719)|HEAP_ALLOCATE|[1298]|Bytes:3
18:53:45.0 (113962716)|HEAP_ALLOCATE|[EXTERNAL]|Bytes:4
18:53:45.0 (113973718)|STATEMENT_EXECUTE|[1299]
18:53:45.0 (113981659)|HEAP_ALLOCATE|[1299]|Bytes:3
18:53:45.0 (114007642)|HEAP_ALLOCATE|[EXTERNAL]|Bytes:4
18:53:45.0 (114014837)|STATEMENT_EXECUTE|[1300]
18:53:45.0 (114023091)|HEAP_ALLOCATE|[1300]|Bytes:3
18:53:45.0 (114057754)|HEAP_ALLOCATE|[EXTERNAL]|Bytes:4
18:53:45.0 (114067804)|STATEMENT_EXECUTE|[1301]
18:53:45.0 (114077538)|HEAP_ALLOCATE|[1301]|Bytes:3
18:53:45.0 (114107686)|HEAP_ALLOCATE|[EXTERNAL]|Bytes:4
18:53:45.0 (114114325)|STATEMENT_EXECUTE|[1302]
18:53:45.0 (114121034)|HEAP_ALLOCATE|[1302]|Bytes:2
18:53:45.0 (114145187)|HEAP_ALLOCATE|[EXTERNAL]|Bytes:4
18:53:45.0 (114152857)|STATEMENT_EXECUTE|[1303]
18:53:45.0 (114159612)|HEAP_ALLOCATE|[1303]|Bytes:2
18:53:45.0 (114181182)|HEAP_ALLOCATE|[EXTERNAL]|Bytes:4
18:53:45.0 (114187441)|STATEMENT_EXECUTE|[1304]
18:53:45.0 (114194773)|HEAP_ALLOCATE|[1304]|Bytes:2
18:53:45.0 (114219015)|HEAP_ALLOCATE|[EXTERNAL]|Bytes:4
18:53:45.0 (114225507)|STATEMENT_EXECUTE|[1305]
18:53:45.0 (114231943)|HEAP_ALLOCATE|[1305]|Bytes:3
18:53:45.0 (114253158)|HEAP_ALLOCATE|[EXTERNAL]|Bytes:4
18:53:45.0 (114262280)|STATEMENT_EXECUTE|[1308]
18:53:45.0 (114273720)|SYSTEM_MODE_EXIT|false
18:53:45.0 (115247673)|SYSTEM_MODE_ENTER|true
18:53:45.0 (117805124)|SYSTEM_MODE_ENTER|true
18:53:45.0 (117866113)|HEAP_ALLOCATE|[EXTERNAL]|Bytes:184
18:53:45.0 (117877673)|VARIABLE_SCOPE_BEGIN|[1312]|this|CheckoutController|true|false
18:53:45.0 (118004464)|VARIABLE_ASSIGNMENT|[1312]|this|{"acc":"0x2a20cd46","bjbCompany":"0x42abfdf","cardDetails":"0x8526d88","companyName":"SponsoredLinX","emailSignupAddress":"signup@sponsoredlinx (4 more) ...","fromSource":"sponsoredlinx.com.au","locale":"AUD","mailing_address":true,"mycart":"0x20dd1463","mySite":"0x7922ea20","packages":"0x304f8eca","paymentType":"Credit Card","paymentTypesEnabled":"0x3105d8c3","signup":"0x60f0ab07","siteName":"checkout_SLX"}|0x1bca3f93
18:53:45.0 (118024536)|SYSTEM_MODE_ENTER|false
18:53:45.0 (118034054)|HEAP_ALLOCATE|[1313]|Bytes:5
18:53:45.0 (118039612)|STATEMENT_EXECUTE|[1312]
18:53:45.0 (118041640)|STATEMENT_EXECUTE|[1313]
18:53:45.0 (118060683)|HEAP_ALLOCATE|[1313]|Bytes:4
18:53:45.0 (118089992)|VARIABLE_SCOPE_BEGIN|[1313]|options|List<System.SelectOption>|true|false
18:53:45.0 (118113840)|HEAP_ALLOCATE|[EXTERNAL]|Bytes:4
18:53:45.0 (118125204)|VARIABLE_ASSIGNMENT|[1313]|options|[]|0x65478d20
18:53:45.0 (118131196)|STATEMENT_EXECUTE|[1314]
18:53:45.0 (118143475)|HEAP_ALLOCATE|[1314]|Bytes:10
18:53:45.0 (118193090)|HEAP_ALLOCATE|[EXTERNAL]|Bytes:4
18:53:45.0 (118204391)|STATEMENT_EXECUTE|[1315]
18:53:45.0 (118212546)|HEAP_ALLOCATE|[1315]|Bytes:4
18:53:45.0 (118238183)|HEAP_ALLOCATE|[EXTERNAL]|Bytes:4
18:53:45.0 (118245430)|STATEMENT_EXECUTE|[1316]
18:53:45.0 (118254906)|SYSTEM_MODE_EXIT|false
18:53:45.0 (118407394)|SYSTEM_MODE_ENTER|true
18:53:45.0 (119427463)|SYSTEM_MODE_ENTER|true
18:53:45.0 (119479248)|HEAP_ALLOCATE|[EXTERNAL]|Bytes:184
18:53:45.0 (119489592)|VARIABLE_SCOPE_BEGIN|[1333]|this|CheckoutController|true|false
18:53:45.0 (119600146)|VARIABLE_ASSIGNMENT|[1333]|this|{"acc":"0x2a20cd46","bjbCompany":"0x42abfdf","cardDetails":"0x8526d88","companyName":"SponsoredLinX","emailSignupAddress":"signup@sponsoredlinx (4 more) ...","fromSource":"sponsoredlinx.com.au","locale":"AUD","mailing_address":true,"mycart":"0x20dd1463","mySite":"0x7922ea20","packages":"0x304f8eca","paymentType":"Credit Card","paymentTypesEnabled":"0x3105d8c3","signup":"0x60f0ab07","siteName":"checkout_SLX"}|0x1bca3f93
18:53:45.0 (119618691)|SYSTEM_MODE_ENTER|false
18:53:45.0 (119626704)|HEAP_ALLOCATE|[1334]|Bytes:5
18:53:45.0 (119633979)|STATEMENT_EXECUTE|[1333]
18:53:45.0 (119636427)|STATEMENT_EXECUTE|[1334]
18:53:45.0 (119652789)|HEAP_ALLOCATE|[1334]|Bytes:4
18:53:45.0 (119676629)|VARIABLE_SCOPE_BEGIN|[1334]|options|List<System.SelectOption>|true|false
18:53:45.0 (119700654)|HEAP_ALLOCATE|[EXTERNAL]|Bytes:4
18:53:45.0 (119711002)|VARIABLE_ASSIGNMENT|[1334]|options|[]|0x772335c8
18:53:45.0 (119716752)|STATEMENT_EXECUTE|[1335]
18:53:45.0 (119727494)|HEAP_ALLOCATE|[1335]|Bytes:5
18:53:45.0 (119771911)|HEAP_ALLOCATE|[EXTERNAL]|Bytes:4
18:53:45.0 (119780927)|STATEMENT_EXECUTE|[1336]
18:53:45.0 (119789145)|HEAP_ALLOCATE|[1336]|Bytes:2
18:53:45.0 (119793859)|HEAP_ALLOCATE|[1336]|Bytes:11
18:53:45.0 (119823657)|HEAP_ALLOCATE|[EXTERNAL]|Bytes:4
18:53:45.0 (119830604)|STATEMENT_EXECUTE|[1337]
18:53:45.0 (119836985)|HEAP_ALLOCATE|[1337]|Bytes:2
18:53:45.0 (119841285)|HEAP_ALLOCATE|[1337]|Bytes:12
18:53:45.0 (119866981)|HEAP_ALLOCATE|[EXTERNAL]|Bytes:4
18:53:45.0 (119873709)|STATEMENT_EXECUTE|[1338]
18:53:45.0 (119880136)|HEAP_ALLOCATE|[1338]|Bytes:2
18:53:45.0 (119884442)|HEAP_ALLOCATE|[1338]|Bytes:9
18:53:45.0 (119904549)|HEAP_ALLOCATE|[EXTERNAL]|Bytes:4
18:53:45.0 (119911547)|STATEMENT_EXECUTE|[1339]
18:53:45.0 (119920112)|HEAP_ALLOCATE|[1339]|Bytes:2
18:53:45.0 (119924460)|HEAP_ALLOCATE|[1339]|Bytes:9
18:53:45.0 (119946054)|HEAP_ALLOCATE|[EXTERNAL]|Bytes:4
18:53:45.0 (119952386)|STATEMENT_EXECUTE|[1340]
18:53:45.0 (119958242)|HEAP_ALLOCATE|[1340]|Bytes:2
18:53:45.0 (119962388)|HEAP_ALLOCATE|[1340]|Bytes:7
18:53:45.0 (119985578)|HEAP_ALLOCATE|[EXTERNAL]|Bytes:4
18:53:45.0 (119992385)|STATEMENT_EXECUTE|[1341]
18:53:45.0 (119998552)|HEAP_ALLOCATE|[1341]|Bytes:2
18:53:45.0 (120002149)|HEAP_ALLOCATE|[1341]|Bytes:8
18:53:45.0 (120023382)|HEAP_ALLOCATE|[EXTERNAL]|Bytes:4
18:53:45.0 (120032366)|STATEMENT_EXECUTE|[1342]
18:53:45.0 (120038554)|HEAP_ALLOCATE|[1342]|Bytes:2
18:53:45.0 (120042927)|HEAP_ALLOCATE|[1342]|Bytes:8
18:53:45.0 (120063311)|HEAP_ALLOCATE|[EXTERNAL]|Bytes:4
18:53:45.0 (120069405)|STATEMENT_EXECUTE|[1343]
18:53:45.0 (120075205)|HEAP_ALLOCATE|[1343]|Bytes:2
18:53:45.0 (120080128)|HEAP_ALLOCATE|[1343]|Bytes:10
18:53:45.0 (120104517)|HEAP_ALLOCATE|[EXTERNAL]|Bytes:4
18:53:45.0 (120111168)|STATEMENT_EXECUTE|[1344]
18:53:45.0 (120117036)|HEAP_ALLOCATE|[1344]|Bytes:2
18:53:45.0 (120120788)|HEAP_ALLOCATE|[1344]|Bytes:13
18:53:45.0 (120145484)|HEAP_ALLOCATE|[EXTERNAL]|Bytes:4
18:53:45.0 (120152585)|STATEMENT_EXECUTE|[1345]
18:53:45.0 (120158677)|HEAP_ALLOCATE|[1345]|Bytes:2
18:53:45.0 (120163803)|HEAP_ALLOCATE|[1345]|Bytes:12
18:53:45.0 (120183627)|HEAP_ALLOCATE|[EXTERNAL]|Bytes:4
18:53:45.0 (120190332)|STATEMENT_EXECUTE|[1346]
18:53:45.0 (120198192)|HEAP_ALLOCATE|[1346]|Bytes:2
18:53:45.0 (120204136)|HEAP_ALLOCATE|[1346]|Bytes:13
18:53:45.0 (120225230)|HEAP_ALLOCATE|[EXTERNAL]|Bytes:4
18:53:45.0 (120231649)|STATEMENT_EXECUTE|[1347]
18:53:45.0 (120237649)|HEAP_ALLOCATE|[1347]|Bytes:2
18:53:45.0 (120242003)|HEAP_ALLOCATE|[1347]|Bytes:13
18:53:45.0 (120265177)|HEAP_ALLOCATE|[EXTERNAL]|Bytes:4
18:53:45.0 (120276787)|STATEMENT_EXECUTE|[1348]
18:53:45.0 (120284329)|SYSTEM_MODE_EXIT|false
18:53:45.0 (121407814)|SYSTEM_MODE_ENTER|true
18:53:45.0 (121463263)|HEAP_ALLOCATE|[EXTERNAL]|Bytes:184
18:53:45.0 (121473461)|VARIABLE_SCOPE_BEGIN|[1352]|this|CheckoutController|true|false
18:53:45.0 (121613325)|VARIABLE_ASSIGNMENT|[1352]|this|{"acc":"0x2a20cd46","bjbCompany":"0x42abfdf","cardDetails":"0x8526d88","companyName":"SponsoredLinX","emailSignupAddress":"signup@sponsoredlinx (4 more) ...","fromSource":"sponsoredlinx.com.au","locale":"AUD","mailing_address":true,"mycart":"0x20dd1463","mySite":"0x7922ea20","packages":"0x304f8eca","paymentType":"Credit Card","paymentTypesEnabled":"0x3105d8c3","signup":"0x60f0ab07","siteName":"checkout_SLX"}|0x1bca3f93
18:53:45.0 (121640161)|SYSTEM_MODE_ENTER|false
18:53:45.0 (121650771)|HEAP_ALLOCATE|[1353]|Bytes:5
18:53:45.0 (121658947)|STATEMENT_EXECUTE|[1352]
18:53:45.0 (121662165)|STATEMENT_EXECUTE|[1353]
18:53:45.0 (121682662)|HEAP_ALLOCATE|[1353]|Bytes:4
18:53:45.0 (121709838)|VARIABLE_SCOPE_BEGIN|[1353]|options|List<System.SelectOption>|true|false
18:53:45.0 (121731594)|HEAP_ALLOCATE|[EXTERNAL]|Bytes:4
18:53:45.0 (121742425)|VARIABLE_ASSIGNMENT|[1353]|options|[]|0x246ced77
18:53:45.0 (121749890)|STATEMENT_EXECUTE|[1354]
18:53:45.0 (121759989)|HEAP_ALLOCATE|[1354]|Bytes:4
18:53:45.0 (121815883)|HEAP_ALLOCATE|[EXTERNAL]|Bytes:4
18:53:45.0 (121825895)|STATEMENT_EXECUTE|[1357]
18:53:45.0 (121867187)|HEAP_ALLOCATE|[1357]|Bytes:4
18:53:45.0 (121906960)|VARIABLE_SCOPE_BEGIN|[1357]|currentYear|Integer|false|false
18:53:45.0 (121919733)|HEAP_ALLOCATE|[1357]|Bytes:4
18:53:45.0 (121928444)|VARIABLE_ASSIGNMENT|[1357]|currentYear|2018
18:53:45.0 (121934180)|STATEMENT_EXECUTE|[1358]
18:53:45.0 (121939959)|VARIABLE_SCOPE_BEGIN|[1358]|year|Integer|false|false
18:53:45.0 (121946752)|HEAP_ALLOCATE|[1358]|Bytes:4
18:53:45.0 (121951421)|VARIABLE_ASSIGNMENT|[1358]|year|2018
18:53:45.0 (121958750)|STATEMENT_EXECUTE|[1358]
18:53:45.0 (121960236)|STATEMENT_EXECUTE|[1359]
18:53:45.0 (121999016)|HEAP_ALLOCATE|[1359]|Bytes:4
18:53:45.0 (122015192)|HEAP_ALLOCATE|[1359]|Bytes:4
18:53:45.0 (122040367)|HEAP_ALLOCATE|[EXTERNAL]|Bytes:4
18:53:45.0 (122047621)|HEAP_ALLOCATE|[1358]|Bytes:4
18:53:45.0 (122054206)|VARIABLE_ASSIGNMENT|[1358]|year|2019
18:53:45.0 (122060070)|STATEMENT_EXECUTE|[1358]
18:53:45.0 (122061614)|STATEMENT_EXECUTE|[1359]
18:53:45.0 (122074607)|HEAP_ALLOCATE|[1359]|Bytes:4
18:53:45.0 (122090449)|HEAP_ALLOCATE|[1359]|Bytes:4
18:53:45.0 (122102385)|HEAP_ALLOCATE|[EXTERNAL]|Bytes:4
18:53:45.0 (122107632)|HEAP_ALLOCATE|[1358]|Bytes:4
18:53:45.0 (122112746)|VARIABLE_ASSIGNMENT|[1358]|year|2020
18:53:45.0 (122118167)|STATEMENT_EXECUTE|[1358]
18:53:45.0 (122119761)|STATEMENT_EXECUTE|[1359]
18:53:45.0 (122130364)|HEAP_ALLOCATE|[1359]|Bytes:4
18:53:45.0 (122146153)|HEAP_ALLOCATE|[1359]|Bytes:4
18:53:45.0 (122156675)|HEAP_ALLOCATE|[EXTERNAL]|Bytes:4
18:53:45.0 (122161822)|HEAP_ALLOCATE|[1358]|Bytes:4
18:53:45.0 (122166871)|VARIABLE_ASSIGNMENT|[1358]|year|2021
18:53:45.0 (122171465)|STATEMENT_EXECUTE|[1358]
18:53:45.0 (122173082)|STATEMENT_EXECUTE|[1359]
18:53:45.0 (122182548)|HEAP_ALLOCATE|[1359]|Bytes:4
18:53:45.0 (122196008)|HEAP_ALLOCATE|[1359]|Bytes:4
18:53:45.0 (122208044)|HEAP_ALLOCATE|[EXTERNAL]|Bytes:4
18:53:45.0 (122212981)|HEAP_ALLOCATE|[1358]|Bytes:4
18:53:45.0 (122218224)|VARIABLE_ASSIGNMENT|[1358]|year|2022
18:53:45.0 (122222932)|STATEMENT_EXECUTE|[1358]
18:53:45.0 (122224535)|STATEMENT_EXECUTE|[1359]
18:53:45.0 (122234377)|HEAP_ALLOCATE|[1359]|Bytes:4
18:53:45.0 (122245626)|HEAP_ALLOCATE|[1359]|Bytes:4
18:53:45.0 (122259754)|HEAP_ALLOCATE|[EXTERNAL]|Bytes:4
18:53:45.0 (122265046)|HEAP_ALLOCATE|[1358]|Bytes:4
18:53:45.0 (122274943)|VARIABLE_ASSIGNMENT|[1358]|year|2023
18:53:45.0 (122280002)|STATEMENT_EXECUTE|[1358]
18:53:45.0 (122281547)|STATEMENT_EXECUTE|[1359]
18:53:45.0 (122291964)|HEAP_ALLOCATE|[1359]|Bytes:4
18:53:45.0 (122304096)|HEAP_ALLOCATE|[1359]|Bytes:4
18:53:45.0 (122317795)|HEAP_ALLOCATE|[EXTERNAL]|Bytes:4
18:53:45.0 (122322854)|HEAP_ALLOCATE|[1358]|Bytes:4
18:53:45.0 (122328519)|VARIABLE_ASSIGNMENT|[1358]|year|2024
18:53:45.0 (122333204)|STATEMENT_EXECUTE|[1358]
18:53:45.0 (122334730)|STATEMENT_EXECUTE|[1359]
18:53:45.0 (122344752)|HEAP_ALLOCATE|[1359]|Bytes:4
18:53:45.0 (122355771)|HEAP_ALLOCATE|[1359]|Bytes:4
18:53:45.0 (122369214)|HEAP_ALLOCATE|[EXTERNAL]|Bytes:4
18:53:45.0 (122374878)|HEAP_ALLOCATE|[1358]|Bytes:4
18:53:45.0 (122380579)|VARIABLE_ASSIGNMENT|[1358]|year|2025
18:53:45.0 (122385420)|STATEMENT_EXECUTE|[1358]
18:53:45.0 (122386897)|STATEMENT_EXECUTE|[1359]
18:53:45.0 (122397398)|HEAP_ALLOCATE|[1359]|Bytes:4
18:53:45.0 (122407901)|HEAP_ALLOCATE|[1359]|Bytes:4
18:53:45.0 (122419815)|HEAP_ALLOCATE|[EXTERNAL]|Bytes:4
18:53:45.0 (122427000)|HEAP_ALLOCATE|[1358]|Bytes:4
18:53:45.0 (122432601)|VARIABLE_ASSIGNMENT|[1358]|year|2026
18:53:45.0 (122438044)|STATEMENT_EXECUTE|[1358]
18:53:45.0 (122439552)|STATEMENT_EXECUTE|[1359]
18:53:45.0 (122449621)|HEAP_ALLOCATE|[1359]|Bytes:4
18:53:45.0 (122460155)|HEAP_ALLOCATE|[1359]|Bytes:4
18:53:45.0 (122470261)|HEAP_ALLOCATE|[EXTERNAL]|Bytes:4
18:53:45.0 (122477900)|HEAP_ALLOCATE|[1358]|Bytes:4
18:53:45.0 (122484304)|VARIABLE_ASSIGNMENT|[1358]|year|2027
18:53:45.0 (122489103)|STATEMENT_EXECUTE|[1358]
18:53:45.0 (122490870)|STATEMENT_EXECUTE|[1359]
18:53:45.0 (122500839)|HEAP_ALLOCATE|[1359]|Bytes:4
18:53:45.0 (122511441)|HEAP_ALLOCATE|[1359]|Bytes:4
18:53:45.0 (122522155)|HEAP_ALLOCATE|[EXTERNAL]|Bytes:4
18:53:45.0 (122527558)|HEAP_ALLOCATE|[1358]|Bytes:4
18:53:45.0 (122534916)|VARIABLE_ASSIGNMENT|[1358]|year|2028
18:53:45.0 (122540598)|STATEMENT_EXECUTE|[1358]
18:53:45.0 (122542109)|STATEMENT_EXECUTE|[1359]
18:53:45.0 (122552320)|HEAP_ALLOCATE|[1359]|Bytes:4
18:53:45.0 (122563645)|HEAP_ALLOCATE|[1359]|Bytes:4
18:53:45.0 (122573392)|HEAP_ALLOCATE|[EXTERNAL]|Bytes:4
18:53:45.0 (122578371)|HEAP_ALLOCATE|[1358]|Bytes:4
18:53:45.0 (122584304)|VARIABLE_ASSIGNMENT|[1358]|year|2029
18:53:45.0 (122592763)|STATEMENT_EXECUTE|[1362]
18:53:45.0 (122599786)|SYSTEM_MODE_EXIT|false
18:53:45.0 (124558551)|SYSTEM_MODE_ENTER|true
18:53:45.0 (124680782)|SYSTEM_MODE_ENTER|true
18:53:45.0 (124762877)|SYSTEM_MODE_ENTER|true
18:53:45.0 (124838552)|SYSTEM_MODE_ENTER|true
18:53:45.0 (124908473)|SYSTEM_MODE_ENTER|true
18:53:45.0 (126042299)|VF_SERIALIZE_VIEWSTATE_BEGIN|0666F000005libo
18:53:45.0 (131367375)|VF_SERIALIZE_VIEWSTATE_END
18:53:45.141 (141023880)|CUMULATIVE_LIMIT_USAGE
18:53:45.141 (141023880)|LIMIT_USAGE_FOR_NS|(default)|
  Number of SOQL queries: 8 out of 100
  Number of query rows: 10 out of 50000
  Number of SOSL queries: 0 out of 20
  Number of DML statements: 0 out of 150
  Number of DML rows: 0 out of 10000
  Maximum CPU time: 0 out of 10000
  Maximum heap size: 0 out of 6000000
  Number of callouts: 0 out of 100
  Number of Email Invocations: 0 out of 10
  Number of future calls: 0 out of 50
  Number of queueable jobs added to the queue: 0 out of 50
  Number of Mobile Apex push calls: 0 out of 10

18:53:45.141 (141023880)|CUMULATIVE_LIMIT_USAGE_END

18:53:45.0 (141071790)|CODE_UNIT_FINISHED|VF: /apex/CheckoutMain_slx
18:53:45.0 (142051107)|EXECUTION_FINISHED
