37.0 APEX_CODE,FINEST;APEX_PROFILING,INFO;CALLOUT,INFO;DB,INFO;NBA,INFO;SYSTEM,DEBUG;VALIDATION,INFO;VISUALFORCE,INFO;WAVE,INFO;WORKFLOW,INFO
11:52:20.16 (16300374)|ENTERING_MANAGED_PKG|Centify
11:52:20.16 (17119161)|ENTERING_MANAGED_PKG|Centify
11:52:20.16 (17154230)|ENTERING_MANAGED_PKG|Centify
11:52:20.16 (17303062)|ENTERING_MANAGED_PKG|Centify
11:52:20.16 (17357172)|ENTERING_MANAGED_PKG|Centify
11:52:20.16 (17999964)|ENTERING_MANAGED_PKG|Centify
11:52:20.16 (18248120)|ENTERING_MANAGED_PKG|Centify
11:52:20.16 (18274473)|ENTERING_MANAGED_PKG|Centify
11:52:20.16 (18339279)|ENTERING_MANAGED_PKG|Centify
11:52:20.16 (18376468)|ENTERING_MANAGED_PKG|Centify
11:52:20.16 (18403400)|ENTERING_MANAGED_PKG|Centify
11:52:20.16 (18422465)|ENTERING_MANAGED_PKG|Centify
11:52:20.16 (18437520)|ENTERING_MANAGED_PKG|Centify
11:52:20.16 (18596315)|ENTERING_MANAGED_PKG|Centify
11:52:20.16 (55046826)|ENTERING_MANAGED_PKG|Centify
11:52:20.16 (55179914)|ENTERING_MANAGED_PKG|Centify
11:52:20.16 (55317783)|ENTERING_MANAGED_PKG|Centify
11:52:20.16 (55363102)|ENTERING_MANAGED_PKG|Centify
11:52:20.16 (184068294)|ENTERING_MANAGED_PKG|Centify
11:52:20.16 (224583872)|ENTERING_MANAGED_PKG|Centify
11:52:20.16 (237312745)|ENTERING_MANAGED_PKG|Centify
11:52:20.16 (237370372)|ENTERING_MANAGED_PKG|Centify
11:52:20.16 (237446193)|ENTERING_MANAGED_PKG|Centify
11:52:20.16 (237478902)|ENTERING_MANAGED_PKG|Centify
11:52:20.16 (237542977)|ENTERING_MANAGED_PKG|Centify
11:52:20.16 (274236200)|ENTERING_MANAGED_PKG|Centify
11:52:20.16 (288745490)|ENTERING_MANAGED_PKG|Centify
11:52:20.16 (288800475)|ENTERING_MANAGED_PKG|Centify
11:52:20.16 (288878812)|ENTERING_MANAGED_PKG|Centify
11:52:20.16 (288916852)|ENTERING_MANAGED_PKG|Centify
11:52:20.16 (288979884)|ENTERING_MANAGED_PKG|Centify
11:52:20.16 (316540529)|ENTERING_MANAGED_PKG|Centify
11:52:20.16 (331977240)|ENTERING_MANAGED_PKG|Centify
11:52:20.16 (332031564)|ENTERING_MANAGED_PKG|Centify
11:52:20.16 (332107859)|ENTERING_MANAGED_PKG|Centify
11:52:20.16 (332142164)|ENTERING_MANAGED_PKG|Centify
11:52:20.16 (332203405)|ENTERING_MANAGED_PKG|Centify
11:52:20.16 (362079585)|ENTERING_MANAGED_PKG|Centify
11:52:20.16 (377341898)|ENTERING_MANAGED_PKG|Centify
11:52:20.16 (377396306)|ENTERING_MANAGED_PKG|Centify
11:52:20.16 (377467089)|ENTERING_MANAGED_PKG|Centify
11:52:20.16 (377499256)|ENTERING_MANAGED_PKG|Centify
11:52:20.16 (377561245)|ENTERING_MANAGED_PKG|Centify
11:52:20.16 (405202555)|ENTERING_MANAGED_PKG|Centify
11:52:20.16 (419886683)|ENTERING_MANAGED_PKG|Centify
11:52:20.16 (419937888)|ENTERING_MANAGED_PKG|Centify
11:52:20.16 (420014070)|ENTERING_MANAGED_PKG|Centify
11:52:20.16 (420048069)|ENTERING_MANAGED_PKG|Centify
11:52:20.16 (420109851)|ENTERING_MANAGED_PKG|Centify
11:52:20.16 (448368753)|ENTERING_MANAGED_PKG|Centify
11:52:20.16 (462655185)|ENTERING_MANAGED_PKG|Centify
11:52:20.16 (462707930)|ENTERING_MANAGED_PKG|Centify
11:52:20.16 (462783916)|ENTERING_MANAGED_PKG|Centify
11:52:20.16 (462821868)|ENTERING_MANAGED_PKG|Centify
11:52:20.16 (462884292)|ENTERING_MANAGED_PKG|Centify
11:52:20.16 (491374098)|ENTERING_MANAGED_PKG|Centify
11:52:20.16 (506110588)|ENTERING_MANAGED_PKG|Centify
11:52:20.16 (506162934)|ENTERING_MANAGED_PKG|Centify
11:52:20.16 (506236328)|ENTERING_MANAGED_PKG|Centify
11:52:20.16 (506269308)|ENTERING_MANAGED_PKG|Centify
11:52:20.16 (506328839)|ENTERING_MANAGED_PKG|Centify
11:52:20.16 (534746087)|ENTERING_MANAGED_PKG|Centify
11:52:20.16 (549499806)|ENTERING_MANAGED_PKG|Centify
11:52:20.16 (549552607)|ENTERING_MANAGED_PKG|Centify
11:52:20.16 (549628564)|ENTERING_MANAGED_PKG|Centify
11:52:20.16 (549662873)|ENTERING_MANAGED_PKG|Centify
11:52:20.16 (549723627)|ENTERING_MANAGED_PKG|Centify
11:52:20.16 (577307902)|ENTERING_MANAGED_PKG|Centify
11:52:20.16 (591776648)|ENTERING_MANAGED_PKG|Centify
11:52:20.16 (591832009)|ENTERING_MANAGED_PKG|Centify
11:52:20.16 (591908080)|ENTERING_MANAGED_PKG|Centify
11:52:20.16 (591941359)|ENTERING_MANAGED_PKG|Centify
11:52:20.16 (592001667)|ENTERING_MANAGED_PKG|Centify
11:52:20.16 (619251885)|ENTERING_MANAGED_PKG|Centify
11:52:20.16 (633606542)|ENTERING_MANAGED_PKG|Centify
11:52:20.16 (633871172)|ENTERING_MANAGED_PKG|Centify
11:52:20.16 (647155682)|ENTERING_MANAGED_PKG|Centify
11:52:20.16 (647238358)|ENTERING_MANAGED_PKG|Centify
11:52:20.16 (648131122)|ENTERING_MANAGED_PKG|Centify
11:52:20.16 (648190681)|ENTERING_MANAGED_PKG|Centify
11:52:20.16 (648237723)|ENTERING_MANAGED_PKG|Centify
11:52:20.16 (648313434)|ENTERING_MANAGED_PKG|Centify
11:52:20.16 (651739040)|SOQL_EXECUTE_BEGIN|[19]|Aggregations:0|SELECT Id, OrganizationType FROM Organization LIMIT 1
11:52:20.16 (655522250)|SOQL_EXECUTE_END|[19]|Rows:1
11:52:20.16 (671567902)|ENTERING_MANAGED_PKG|Centify
11:52:20.16 (671631688)|ENTERING_MANAGED_PKG|Centify
11:52:20.16 (671777622)|ENTERING_MANAGED_PKG|Centify
11:52:20.16 (671822221)|ENTERING_MANAGED_PKG|Centify
11:52:20.16 (671854158)|ENTERING_MANAGED_PKG|Centify
11:52:20.16 (672120832)|ENTERING_MANAGED_PKG|Centify
11:52:20.16 (672194939)|ENTERING_MANAGED_PKG|Centify
11:52:20.16 (685017544)|ENTERING_MANAGED_PKG|Centify
11:52:20.16 (685167664)|ENTERING_MANAGED_PKG|Centify
11:52:20.16 (685690511)|ENTERING_MANAGED_PKG|Centify
11:52:20.16 (686370254)|SOQL_EXECUTE_BEGIN|[16]|Aggregations:0|select id,lastmodifieddate,isdeleted,name,createddate,ownerid,status,isconverted,converteddate,company from Lead where LastModifiedDate >2018-11-06T01:11:32Z AND LastModifiedDate < 2018-11-06T01:52:25Z  ORDER BY SystemModStamp DESC LIMIT 5000  ALL ROWS
11:52:20.16 (691868840)|SOQL_EXECUTE_END|[16]|Rows:0
11:52:20.714 (714952991)|CUMULATIVE_LIMIT_USAGE
11:52:20.714 (714952991)|LIMIT_USAGE_FOR_NS|(default)|
  Number of SOQL queries: 0 out of 200
  Number of query rows: 0 out of 50000
  Number of SOSL queries: 0 out of 20
  Number of DML statements: 0 out of 150
  Number of DML rows: 0 out of 10000
  Maximum CPU time: 0 out of 60000
  Maximum heap size: 0 out of 12000000
  Number of callouts: 0 out of 0
  Number of Email Invocations: 0 out of 10
  Number of future calls: 0 out of 0
  Number of queueable jobs added to the queue: 0 out of 1
  Number of Mobile Apex push calls: 0 out of 10

11:52:20.714 (714952991)|LIMIT_USAGE_FOR_NS|Centify|
  Number of SOQL queries: 0 out of 200
  Number of query rows: 0 out of 50000
  Number of SOSL queries: 0 out of 20
  Number of DML statements: 0 out of 150
  Number of DML rows: 0 out of 10000
  Maximum CPU time: 0 out of 60000
  Maximum heap size: 0 out of 12000000
  Number of callouts: 0 out of 0
  Number of Email Invocations: 0 out of 10
  Number of future calls: 0 out of 0
  Number of queueable jobs added to the queue: 0 out of 1
  Number of Mobile Apex push calls: 0 out of 10

11:52:20.714 (714952991)|CUMULATIVE_LIMIT_USAGE_END

