37.0 APEX_CODE,FINEST;APEX_PROFILING,INFO;CALLOUT,INFO;DB,INFO;NBA,INFO;SYSTEM,DEBUG;VALIDATION,INFO;VISUALFORCE,INFO;WAVE,INFO;WORKFLOW,INFO
18:28:19.12 (12543167)|ENTERING_MANAGED_PKG|Centify
18:28:19.12 (15672126)|ENTERING_MANAGED_PKG|Centify
18:28:19.12 (20826316)|ENTERING_MANAGED_PKG|Centify
18:28:19.12 (20991014)|ENTERING_MANAGED_PKG|Centify
18:28:19.12 (21065792)|ENTERING_MANAGED_PKG|Centify
18:28:19.12 (21175812)|ENTERING_MANAGED_PKG|Centify
18:28:19.12 (21217133)|ENTERING_MANAGED_PKG|Centify
18:28:19.12 (21314905)|ENTERING_MANAGED_PKG|Centify
18:28:19.12 (21356060)|ENTERING_MANAGED_PKG|Centify
18:28:19.12 (21479697)|ENTERING_MANAGED_PKG|Centify
18:28:19.12 (21586422)|ENTERING_MANAGED_PKG|Centify
18:28:19.12 (27846727)|SOQL_EXECUTE_BEGIN|[19]|Aggregations:0|SELECT Id, OrganizationType FROM Organization LIMIT 1
18:28:19.12 (31966818)|SOQL_EXECUTE_END|[19]|Rows:1
18:28:19.12 (34473721)|ENTERING_MANAGED_PKG|Centify
18:28:19.12 (34571644)|ENTERING_MANAGED_PKG|Centify
18:28:19.12 (34764860)|ENTERING_MANAGED_PKG|Centify
18:28:19.12 (34854405)|ENTERING_MANAGED_PKG|Centify
18:28:19.12 (35384531)|ENTERING_MANAGED_PKG|Centify
18:28:19.12 (35450107)|ENTERING_MANAGED_PKG|Centify
18:28:19.12 (35581440)|ENTERING_MANAGED_PKG|Centify
18:28:19.12 (35683319)|ENTERING_MANAGED_PKG|Centify
18:28:19.12 (37505951)|SOQL_EXECUTE_BEGIN|[95]|Aggregations:0|SELECT MAX(Last_Sync_Time__c) maxDT FROM Salesforce_Sync_Settings__c
18:28:19.12 (40013109)|SOQL_EXECUTE_END|[95]|Rows:1
18:28:19.12 (40389638)|ENTERING_MANAGED_PKG|Centify
18:28:19.12 (40471795)|ENTERING_MANAGED_PKG|Centify
18:28:19.12 (44607227)|ENTERING_MANAGED_PKG|Centify
18:28:19.12 (44711529)|ENTERING_MANAGED_PKG|Centify
18:28:19.12 (46511653)|SOQL_EXECUTE_BEGIN|[84]|Aggregations:0|SELECT COUNT() FROM Notification__c WHERE ((Number_Of_Attempts__c = NULL OR Number_Of_Attempts__c < :tmpVar1) AND (CreatedDate = TODAY OR LastModifiedDate = TODAY)) LIMIT 25000
18:28:19.12 (56898686)|SOQL_EXECUTE_END|[84]|Rows:0
18:28:19.12 (57030213)|ENTERING_MANAGED_PKG|Centify
18:28:19.12 (57118779)|ENTERING_MANAGED_PKG|Centify
18:28:19.12 (57216573)|ENTERING_MANAGED_PKG|Centify
18:28:19.12 (57284791)|ENTERING_MANAGED_PKG|Centify
18:28:19.12 (57374068)|ENTERING_MANAGED_PKG|Centify
18:28:19.12 (61070501)|SOQL_EXECUTE_BEGIN|[363]|Aggregations:0|SELECT Id, Label, MasterLabel, DeveloperName, Endpoint__c, TimeOut__c FROM Endpoint_Setting__mdt LIMIT 50
18:28:19.12 (66672990)|SOQL_EXECUTE_END|[363]|Rows:23
18:28:19.12 (68679426)|ENTERING_MANAGED_PKG|Centify
18:28:19.12 (68775670)|ENTERING_MANAGED_PKG|Centify
18:28:19.12 (70520433)|ENTERING_MANAGED_PKG|Centify
18:28:19.12 (70583018)|ENTERING_MANAGED_PKG|Centify
18:28:19.12 (74068993)|ENTERING_MANAGED_PKG|Centify
18:28:19.12 (76904700)|ENTERING_MANAGED_PKG|Centify
18:28:19.12 (76979130)|ENTERING_MANAGED_PKG|Centify
18:28:19.12 (77041967)|ENTERING_MANAGED_PKG|Centify
18:28:19.12 (77841044)|ENTERING_MANAGED_PKG|Centify
18:28:19.12 (77944587)|ENTERING_MANAGED_PKG|Centify
18:28:19.12 (78033312)|ENTERING_MANAGED_PKG|Centify
18:28:19.12 (82249449)|ENTERING_MANAGED_PKG|Centify
18:28:19.12 (82310129)|ENTERING_MANAGED_PKG|Centify
18:28:19.12 (82406524)|ENTERING_MANAGED_PKG|Centify
18:28:19.12 (82507827)|ENTERING_MANAGED_PKG|Centify
18:28:19.12 (82614698)|ENTERING_MANAGED_PKG|Centify
18:28:19.12 (85435739)|ENTERING_MANAGED_PKG|Centify
18:28:19.12 (85609242)|ENTERING_MANAGED_PKG|Centify
18:28:19.12 (86557370)|ENTERING_MANAGED_PKG|Centify
18:28:19.12 (560084760)|ENTERING_MANAGED_PKG|Centify
18:28:19.574 (574328681)|CUMULATIVE_LIMIT_USAGE
18:28:19.574 (574328681)|LIMIT_USAGE_FOR_NS|(default)|
  Number of SOQL queries: 0 out of 200
  Number of query rows: 0 out of 50000
  Number of SOSL queries: 0 out of 20
  Number of DML statements: 0 out of 150
  Number of DML rows: 0 out of 10000
  Maximum CPU time: 0 out of 60000
  Maximum heap size: 0 out of 12000000
  Number of callouts: 0 out of 0
  Number of Email Invocations: 0 out of 10
  Number of future calls: 0 out of 0
  Number of queueable jobs added to the queue: 0 out of 1
  Number of Mobile Apex push calls: 0 out of 10

18:28:19.574 (574328681)|LIMIT_USAGE_FOR_NS|Centify|
  Number of SOQL queries: 0 out of 200
  Number of query rows: 0 out of 50000
  Number of SOSL queries: 0 out of 20
  Number of DML statements: 0 out of 150
  Number of DML rows: 0 out of 10000
  Maximum CPU time: 0 out of 60000
  Maximum heap size: 0 out of 12000000
  Number of callouts: 0 out of 0
  Number of Email Invocations: 0 out of 10
  Number of future calls: 0 out of 0
  Number of queueable jobs added to the queue: 0 out of 1
  Number of Mobile Apex push calls: 0 out of 10

18:28:19.574 (574328681)|CUMULATIVE_LIMIT_USAGE_END

