37.0 APEX_CODE,FINEST;APEX_PROFILING,INFO;CALLOUT,INFO;DB,INFO;NBA,INFO;SYSTEM,DEBUG;VALIDATION,INFO;VISUALFORCE,INFO;WAVE,INFO;WORKFLOW,INFO
17:00:52.14 (14498198)|ENTERING_MANAGED_PKG|Centify
17:00:52.14 (19142822)|ENTERING_MANAGED_PKG|Centify
17:00:52.14 (23836183)|ENTERING_MANAGED_PKG|Centify
17:00:52.14 (23991091)|ENTERING_MANAGED_PKG|Centify
17:00:52.14 (24042611)|ENTERING_MANAGED_PKG|Centify
17:00:52.14 (24123573)|ENTERING_MANAGED_PKG|Centify
17:00:52.14 (24154513)|ENTERING_MANAGED_PKG|Centify
17:00:52.14 (24222425)|ENTERING_MANAGED_PKG|Centify
17:00:52.14 (24256997)|ENTERING_MANAGED_PKG|Centify
17:00:52.14 (24366741)|ENTERING_MANAGED_PKG|Centify
17:00:52.14 (24438920)|ENTERING_MANAGED_PKG|Centify
17:00:52.14 (30283167)|SOQL_EXECUTE_BEGIN|[19]|Aggregations:0|SELECT Id, OrganizationType FROM Organization LIMIT 1
17:00:52.14 (34196091)|SOQL_EXECUTE_END|[19]|Rows:1
17:00:52.14 (37320249)|ENTERING_MANAGED_PKG|Centify
17:00:52.14 (37477437)|ENTERING_MANAGED_PKG|Centify
17:00:52.14 (37727355)|ENTERING_MANAGED_PKG|Centify
17:00:52.14 (37824896)|ENTERING_MANAGED_PKG|Centify
17:00:52.14 (38528180)|ENTERING_MANAGED_PKG|Centify
17:00:52.14 (38626936)|ENTERING_MANAGED_PKG|Centify
17:00:52.14 (38817712)|ENTERING_MANAGED_PKG|Centify
17:00:52.14 (38937965)|ENTERING_MANAGED_PKG|Centify
17:00:52.14 (41467758)|SOQL_EXECUTE_BEGIN|[95]|Aggregations:0|SELECT MAX(Last_Sync_Time__c) maxDT FROM Salesforce_Sync_Settings__c
17:00:52.14 (45515495)|SOQL_EXECUTE_END|[95]|Rows:1
17:00:52.14 (46004759)|ENTERING_MANAGED_PKG|Centify
17:00:52.14 (46092091)|ENTERING_MANAGED_PKG|Centify
17:00:52.14 (51610434)|ENTERING_MANAGED_PKG|Centify
17:00:52.14 (51711289)|ENTERING_MANAGED_PKG|Centify
17:00:52.14 (53865774)|SOQL_EXECUTE_BEGIN|[84]|Aggregations:0|SELECT COUNT() FROM Notification__c WHERE ((Number_Of_Attempts__c = NULL OR Number_Of_Attempts__c < :tmpVar1) AND (CreatedDate = TODAY OR LastModifiedDate = TODAY)) LIMIT 25000
17:00:52.14 (68924138)|SOQL_EXECUTE_END|[84]|Rows:0
17:00:52.14 (69073939)|ENTERING_MANAGED_PKG|Centify
17:00:52.14 (69161468)|ENTERING_MANAGED_PKG|Centify
17:00:52.14 (69240759)|ENTERING_MANAGED_PKG|Centify
17:00:52.14 (69308646)|ENTERING_MANAGED_PKG|Centify
17:00:52.14 (69356782)|ENTERING_MANAGED_PKG|Centify
17:00:52.14 (73722460)|SOQL_EXECUTE_BEGIN|[366]|Aggregations:0|SELECT Id, Label, MasterLabel, DeveloperName, Endpoint__c, TimeOut__c FROM Endpoint_Setting__mdt LIMIT 50
17:00:52.14 (80070242)|SOQL_EXECUTE_END|[366]|Rows:24
17:00:52.14 (81908525)|ENTERING_MANAGED_PKG|Centify
17:00:52.14 (81968750)|ENTERING_MANAGED_PKG|Centify
17:00:52.14 (83955782)|ENTERING_MANAGED_PKG|Centify
17:00:52.14 (84036480)|ENTERING_MANAGED_PKG|Centify
17:00:52.14 (87878676)|ENTERING_MANAGED_PKG|Centify
17:00:52.14 (93506868)|ENTERING_MANAGED_PKG|Centify
17:00:52.14 (93592358)|ENTERING_MANAGED_PKG|Centify
17:00:52.14 (93647680)|ENTERING_MANAGED_PKG|Centify
17:00:52.14 (94549464)|ENTERING_MANAGED_PKG|Centify
17:00:52.14 (94676524)|ENTERING_MANAGED_PKG|Centify
17:00:52.14 (94777877)|ENTERING_MANAGED_PKG|Centify
17:00:52.14 (100061760)|ENTERING_MANAGED_PKG|Centify
17:00:52.14 (100143297)|ENTERING_MANAGED_PKG|Centify
17:00:52.14 (100217678)|ENTERING_MANAGED_PKG|Centify
17:00:52.14 (100275183)|ENTERING_MANAGED_PKG|Centify
17:00:52.14 (100369920)|ENTERING_MANAGED_PKG|Centify
17:00:52.14 (103253051)|ENTERING_MANAGED_PKG|Centify
17:00:52.14 (103373985)|ENTERING_MANAGED_PKG|Centify
17:00:52.14 (104132268)|ENTERING_MANAGED_PKG|Centify
17:00:52.14 (335344020)|ENTERING_MANAGED_PKG|Centify
17:00:52.355 (355834143)|CUMULATIVE_LIMIT_USAGE
17:00:52.355 (355834143)|LIMIT_USAGE_FOR_NS|(default)|
  Number of SOQL queries: 0 out of 200
  Number of query rows: 0 out of 50000
  Number of SOSL queries: 0 out of 20
  Number of DML statements: 0 out of 150
  Number of DML rows: 0 out of 10000
  Maximum CPU time: 0 out of 60000
  Maximum heap size: 0 out of 12000000
  Number of callouts: 0 out of 0
  Number of Email Invocations: 0 out of 10
  Number of future calls: 0 out of 0
  Number of queueable jobs added to the queue: 0 out of 1
  Number of Mobile Apex push calls: 0 out of 10

17:00:52.355 (355834143)|LIMIT_USAGE_FOR_NS|Centify|
  Number of SOQL queries: 0 out of 200
  Number of query rows: 0 out of 50000
  Number of SOSL queries: 0 out of 20
  Number of DML statements: 0 out of 150
  Number of DML rows: 0 out of 10000
  Maximum CPU time: 0 out of 60000
  Maximum heap size: 0 out of 12000000
  Number of callouts: 0 out of 0
  Number of Email Invocations: 0 out of 10
  Number of future calls: 0 out of 0
  Number of queueable jobs added to the queue: 0 out of 1
  Number of Mobile Apex push calls: 0 out of 10

17:00:52.355 (355834143)|CUMULATIVE_LIMIT_USAGE_END

