31.0 APEX_CODE,FINEST;APEX_PROFILING,INFO;CALLOUT,INFO;DB,INFO;NBA,INFO;SYSTEM,DEBUG;VALIDATION,INFO;VISUALFORCE,INFO;WAVE,INFO;WORKFLOW,INFO
18:44:13.0 (112915)|USER_INFO|[EXTERNAL]|0056F000006HQLx|checkout_slx@bjbglobal.force.com|Australian Eastern Standard Time|GMT+10:00
18:44:13.0 (164097)|EXECUTION_STARTED
18:44:13.0 (169102)|CODE_UNIT_STARTED|[EXTERNAL]|0666F000005libo|VF: /apex/CheckoutMain_slx
18:44:13.0 (23177004)|SYSTEM_MODE_ENTER|true
18:44:13.0 (23713446)|HEAP_ALLOCATE|[72]|Bytes:3
18:44:13.0 (23750689)|HEAP_ALLOCATE|[77]|Bytes:152
18:44:13.0 (23763461)|HEAP_ALLOCATE|[342]|Bytes:408
18:44:13.0 (23775033)|HEAP_ALLOCATE|[355]|Bytes:408
18:44:13.0 (23786240)|HEAP_ALLOCATE|[467]|Bytes:48
18:44:13.0 (23811614)|HEAP_ALLOCATE|[139]|Bytes:6
18:44:13.0 (23827369)|HEAP_ALLOCATE|[EXTERNAL]|Bytes:660
18:44:13.0 (23834124)|HEAP_ALLOCATE|[EXTERNAL]|Bytes:270
18:44:13.0 (23838439)|HEAP_ALLOCATE|[EXTERNAL]|Bytes:163
18:44:13.0 (23848754)|METHOD_ENTRY|[1]|01p6F000006He6M|CheckoutController.CheckoutController()
18:44:13.0 (23856100)|STATEMENT_EXECUTE|[1]
18:44:13.0 (23860308)|STATEMENT_EXECUTE|[1]
18:44:13.0 (23897714)|HEAP_ALLOCATE|[50]|Bytes:5
18:44:13.0 (23918917)|HEAP_ALLOCATE|[56]|Bytes:5
18:44:13.0 (23926278)|HEAP_ALLOCATE|[64]|Bytes:7
18:44:13.0 (23941267)|SYSTEM_MODE_ENTER|false
18:44:13.0 (23952700)|HEAP_ALLOCATE|[EXTERNAL]|Bytes:5
18:44:13.0 (23959510)|SYSTEM_MODE_EXIT|false
18:44:13.0 (23967752)|METHOD_EXIT|[1]|CheckoutController
18:44:13.0 (30070738)|HEAP_ALLOCATE|[EXTERNAL]|Bytes:184
18:44:13.0 (30085940)|VARIABLE_SCOPE_BEGIN|[60]|this|CheckoutController|true|false
18:44:13.0 (30263462)|VARIABLE_ASSIGNMENT|[60]|this|{}|0x5c0de79c
18:44:13.0 (30280545)|SYSTEM_MODE_ENTER|false
18:44:13.0 (30288525)|HEAP_ALLOCATE|[18]|Bytes:5
18:44:13.0 (30293981)|STATEMENT_EXECUTE|[1]
18:44:13.0 (30297941)|HEAP_ALLOCATE|[18]|Bytes:5
18:44:13.0 (30301511)|STATEMENT_EXECUTE|[3]
18:44:13.0 (30311492)|STATEMENT_EXECUTE|[4]
18:44:13.0 (30315157)|STATEMENT_EXECUTE|[5]
18:44:13.0 (30318353)|STATEMENT_EXECUTE|[6]
18:44:13.0 (30321419)|STATEMENT_EXECUTE|[7]
18:44:13.0 (30324333)|STATEMENT_EXECUTE|[8]
18:44:13.0 (30327403)|STATEMENT_EXECUTE|[9]
18:44:13.0 (30330222)|STATEMENT_EXECUTE|[10]
18:44:13.0 (30333366)|STATEMENT_EXECUTE|[13]
18:44:13.0 (30336474)|STATEMENT_EXECUTE|[14]
18:44:13.0 (30339390)|STATEMENT_EXECUTE|[15]
18:44:13.0 (30342466)|STATEMENT_EXECUTE|[16]
18:44:13.0 (30345292)|STATEMENT_EXECUTE|[17]
18:44:13.0 (30348142)|STATEMENT_EXECUTE|[18]
18:44:13.0 (30351084)|STATEMENT_EXECUTE|[18]
18:44:13.0 (30352612)|STATEMENT_EXECUTE|[18]
18:44:13.0 (30359182)|HEAP_ALLOCATE|[18]|Bytes:184
18:44:13.0 (30366271)|HEAP_ALLOCATE|[18]|Bytes:9
18:44:13.0 (30381700)|METHOD_ENTRY|[1]|01p6F00000AAxq8|CardDetails.CardDetails()
18:44:13.0 (30388492)|STATEMENT_EXECUTE|[1]
18:44:13.0 (30391471)|STATEMENT_EXECUTE|[1]
18:44:13.0 (30395742)|HEAP_ALLOCATE|[18]|Bytes:5
18:44:13.0 (30404164)|METHOD_EXIT|[1]|CardDetails
18:44:13.0 (30416378)|HEAP_ALLOCATE|[18]|Bytes:24
18:44:13.0 (30429621)|CONSTRUCTOR_ENTRY|[18]|01p6F00000AAxq8|<init>()|CardDetails
18:44:13.0 (30574841)|VARIABLE_SCOPE_BEGIN|[1]|this|CardDetails|true|false
18:44:13.0 (30609847)|VARIABLE_ASSIGNMENT|[1]|this|{}|0x379482e4
18:44:13.0 (30619726)|HEAP_ALLOCATE|[EXTERNAL]|Bytes:5
18:44:13.0 (30629382)|HEAP_ALLOCATE|[EXTERNAL]|Bytes:6
18:44:13.0 (30687259)|STATEMENT_EXECUTE|[1]
18:44:13.0 (30691641)|HEAP_ALLOCATE|[EXTERNAL]|Bytes:5
18:44:13.0 (30696462)|STATEMENT_EXECUTE|[3]
18:44:13.0 (30702977)|STATEMENT_EXECUTE|[4]
18:44:13.0 (30705998)|STATEMENT_EXECUTE|[5]
18:44:13.0 (30708842)|STATEMENT_EXECUTE|[6]
18:44:13.0 (30711677)|STATEMENT_EXECUTE|[7]
18:44:13.0 (30720267)|CONSTRUCTOR_EXIT|[18]|01p6F00000AAxq8|<init>()|CardDetails
18:44:13.0 (30789959)|VARIABLE_ASSIGNMENT|[EXTERNAL]|this|{}|0x5c0de79c
18:44:13.0 (30806663)|VARIABLE_ASSIGNMENT|[EXTERNAL]|value|{}|0x379482e4
18:44:13.0 (30818954)|VARIABLE_ASSIGNMENT|[18]|this.cardDetails|0x379482e4|0x5c0de79c
18:44:13.0 (30828605)|STATEMENT_EXECUTE|[20]
18:44:13.0 (30833450)|STATEMENT_EXECUTE|[22]
18:44:13.0 (30836392)|STATEMENT_EXECUTE|[23]
18:44:13.0 (30839432)|STATEMENT_EXECUTE|[24]
18:44:13.0 (30842213)|STATEMENT_EXECUTE|[25]
18:44:13.0 (30845073)|STATEMENT_EXECUTE|[26]
18:44:13.0 (30847893)|STATEMENT_EXECUTE|[27]
18:44:13.0 (30850896)|STATEMENT_EXECUTE|[28]
18:44:13.0 (30853781)|STATEMENT_EXECUTE|[29]
18:44:13.0 (30856671)|STATEMENT_EXECUTE|[30]
18:44:13.0 (30859432)|STATEMENT_EXECUTE|[31]
18:44:13.0 (30862488)|STATEMENT_EXECUTE|[32]
18:44:13.0 (30865361)|STATEMENT_EXECUTE|[33]
18:44:13.0 (30868303)|STATEMENT_EXECUTE|[34]
18:44:13.0 (30871220)|STATEMENT_EXECUTE|[35]
18:44:13.0 (30874172)|STATEMENT_EXECUTE|[36]
18:44:13.0 (30877017)|STATEMENT_EXECUTE|[37]
18:44:13.0 (30879786)|STATEMENT_EXECUTE|[38]
18:44:13.0 (30882800)|STATEMENT_EXECUTE|[39]
18:44:13.0 (30885711)|STATEMENT_EXECUTE|[40]
18:44:13.0 (30888644)|STATEMENT_EXECUTE|[41]
18:44:13.0 (30891440)|STATEMENT_EXECUTE|[42]
18:44:13.0 (30894393)|STATEMENT_EXECUTE|[43]
18:44:13.0 (30897795)|STATEMENT_EXECUTE|[45]
18:44:13.0 (30901026)|STATEMENT_EXECUTE|[47]
18:44:13.0 (30913369)|HEAP_ALLOCATE|[47]|Bytes:4
18:44:13.0 (30935308)|VARIABLE_ASSIGNMENT|[47]|this.paymentTypesEnabled|{}|0x5c0de79c
18:44:13.0 (30941145)|STATEMENT_EXECUTE|[49]
18:44:13.0 (30945236)|STATEMENT_EXECUTE|[50]
18:44:13.0 (30948361)|STATEMENT_EXECUTE|[51]
18:44:13.0 (30951358)|STATEMENT_EXECUTE|[53]
18:44:13.0 (30954321)|STATEMENT_EXECUTE|[54]
18:44:13.0 (30957459)|STATEMENT_EXECUTE|[57]
18:44:13.0 (30971967)|STATEMENT_EXECUTE|[60]
18:44:13.0 (30973713)|STATEMENT_EXECUTE|[61]
18:44:13.0 (30992151)|HEAP_ALLOCATE|[61]|Bytes:4
18:44:13.0 (31177566)|VARIABLE_ASSIGNMENT|[EXTERNAL]|this|{"cardDetails":"0x379482e4","paymentTypesEnabled":"0x471feeb5"}|0x5c0de79c
18:44:13.0 (31195639)|VARIABLE_ASSIGNMENT|[EXTERNAL]|value|{}|0x548fc710
18:44:13.0 (31207519)|VARIABLE_ASSIGNMENT|[4]|this.acc|{}|0x5c0de79c
18:44:13.0 (31287778)|VARIABLE_ASSIGNMENT|[EXTERNAL]|this|{"acc":"0x548fc710","cardDetails":"0x379482e4","paymentTypesEnabled":"0x471feeb5"}|0x5c0de79c
18:44:13.0 (31300741)|STATEMENT_EXECUTE|[63]
18:44:13.0 (31302572)|STATEMENT_EXECUTE|[64]
18:44:13.0 (31325067)|HEAP_ALLOCATE|[64]|Bytes:4
18:44:13.0 (31456790)|VARIABLE_ASSIGNMENT|[EXTERNAL]|this|{"acc":"0x548fc710","cardDetails":"0x379482e4","paymentTypesEnabled":"0x471feeb5"}|0x5c0de79c
18:44:13.0 (31470355)|VARIABLE_ASSIGNMENT|[EXTERNAL]|value|{}|0x39f894c2
18:44:13.0 (31482777)|VARIABLE_ASSIGNMENT|[3]|this.signup|{}|0x5c0de79c
18:44:13.0 (31491940)|STATEMENT_EXECUTE|[68]
18:44:13.0 (31569296)|HEAP_ALLOCATE|[68]|Bytes:35
18:44:13.0 (31610905)|HEAP_ALLOCATE|[68]|Bytes:592
18:44:13.0 (31641664)|HEAP_ALLOCATE|[68]|Bytes:7
18:44:13.0 (31662426)|VARIABLE_SCOPE_BEGIN|[68]|referer|String|false|false
18:44:13.0 (31677741)|VARIABLE_ASSIGNMENT|[68]|referer|"https://www.sponsore (36 more) ..."
18:44:13.0 (31682866)|STATEMENT_EXECUTE|[69]
18:44:13.0 (31689632)|HEAP_ALLOCATE|[69]|Bytes:3
18:44:13.0 (31694779)|VARIABLE_SCOPE_BEGIN|[69]|detectedLocale|String|false|false
18:44:13.0 (31704570)|VARIABLE_ASSIGNMENT|[69]|detectedLocale|"AUD"
18:44:13.0 (31724795)|HEAP_ALLOCATE|[70]|Bytes:35
18:44:13.0 (31748442)|HEAP_ALLOCATE|[70]|Bytes:9
18:44:13.0 (31763700)|HEAP_ALLOCATE|[70]|Bytes:6
18:44:13.0 (31776752)|STATEMENT_EXECUTE|[70]
18:44:13.0 (31778548)|STATEMENT_EXECUTE|[71]
18:44:13.0 (31797571)|HEAP_ALLOCATE|[71]|Bytes:35
18:44:13.0 (31817045)|HEAP_ALLOCATE|[71]|Bytes:9
18:44:13.0 (31840432)|VARIABLE_ASSIGNMENT|[71]|detectedLocale|"AUD"
18:44:13.0 (31846748)|STATEMENT_EXECUTE|[77]
18:44:13.0 (31886306)|HEAP_ALLOCATE|[77]|Bytes:161
18:44:13.0 (31896883)|SYSTEM_METHOD_ENTRY|[1]|Site.Site()
18:44:13.0 (31901412)|STATEMENT_EXECUTE|[1]
18:44:13.0 (31906579)|SYSTEM_METHOD_EXIT|[1]|Site
18:44:13.0 (31918802)|METHOD_ENTRY|[77]||System.Site.getName()
18:44:13.0 (31952891)|METHOD_EXIT|[77]||System.Site.getName()
18:44:13.0 (32033112)|METHOD_ENTRY|[77]|01p6F000006He6M|CheckoutController.setSite(String, String)
18:44:13.0 (32042797)|VARIABLE_SCOPE_BEGIN|[911]|this|CheckoutController|true|false
18:44:13.0 (32114854)|VARIABLE_ASSIGNMENT|[911]|this|{"acc":"0x548fc710","cardDetails":"0x379482e4","paymentTypesEnabled":"0x471feeb5","signup":"0x39f894c2"}|0x5c0de79c
18:44:13.0 (32122722)|VARIABLE_SCOPE_BEGIN|[911]|setSiteName|String|false|false
18:44:13.0 (32132750)|VARIABLE_ASSIGNMENT|[911]|setSiteName|"checkout_SLX"
18:44:13.0 (32137508)|VARIABLE_SCOPE_BEGIN|[911]|setLocale|String|false|false
18:44:13.0 (32146094)|VARIABLE_ASSIGNMENT|[911]|setLocale|"AUD"
18:44:13.0 (32156393)|HEAP_ALLOCATE|[912]|Bytes:5
18:44:13.0 (32161342)|STATEMENT_EXECUTE|[911]
18:44:13.0 (32163099)|STATEMENT_EXECUTE|[912]
18:44:13.0 (32179277)|VARIABLE_ASSIGNMENT|[912]|this.siteName|"checkout_SLX"|0x5c0de79c
18:44:13.0 (32185243)|STATEMENT_EXECUTE|[913]
18:44:13.0 (32193893)|VARIABLE_ASSIGNMENT|[913]|this.locale|"AUD"|0x5c0de79c
18:44:13.0 (32200978)|STATEMENT_EXECUTE|[915]
18:44:13.0 (32204803)|STATEMENT_EXECUTE|[919]
18:44:13.0 (32206309)|STATEMENT_EXECUTE|[919]
18:44:13.0 (32207753)|STATEMENT_EXECUTE|[921]
18:44:13.0 (32212199)|HEAP_ALLOCATE|[921]|Bytes:83
18:44:13.0 (32226531)|HEAP_ALLOCATE|[921]|Bytes:4
18:44:13.0 (32236048)|HEAP_ALLOCATE|[921]|Bytes:7
18:44:13.0 (32617636)|SOQL_EXECUTE_BEGIN|[921]|Aggregations:0|SELECT Name, Status, Subdomain, GuestUserId FROM Site WHERE Name = :tmpVar1 LIMIT 1
18:44:13.0 (35277835)|SOQL_EXECUTE_END|[921]|Rows:1
18:44:13.0 (35307175)|HEAP_ALLOCATE|[921]|Bytes:8
18:44:13.0 (35333187)|HEAP_ALLOCATE|[921]|Bytes:124
18:44:13.0 (35385266)|HEAP_ALLOCATE|[921]|Bytes:8
18:44:13.0 (35403184)|HEAP_ALLOCATE|[921]|Bytes:30
18:44:13.0 (35444312)|HEAP_ALLOCATE|[921]|Bytes:24
18:44:13.0 (35491818)|VARIABLE_ASSIGNMENT|[921]|this.mySite|{"Name":"checkout_SLX","Status":"Active","Subdomain":"bjbglobal","GuestUserId":"0056F000006HQLxQAO","Id":"0DM6F00000003pHWAQ"}|0x5c0de79c
18:44:13.0 (35505461)|STATEMENT_EXECUTE|[922]
18:44:13.0 (35519382)|HEAP_ALLOCATE|[922]|Bytes:205
18:44:13.0 (35538849)|HEAP_ALLOCATE|[922]|Bytes:4
18:44:13.0 (35597716)|HEAP_ALLOCATE|[922]|Bytes:7
18:44:13.0 (36861089)|SOQL_EXECUTE_BEGIN|[922]|Aggregations:0|SELECT Id, Name, Business_Name__c, Checkout_Site__c, Checkout_Direct_Debit__c, CurrencyIsoCode, Payment_Gateway__c FROM Company__c WHERE (Checkout_Site__c = :tmpVar1 AND CurrencyIsoCode = :tmpVar2) LIMIT 1
18:44:13.0 (40098681)|SOQL_EXECUTE_END|[922]|Rows:1
18:44:13.0 (40128866)|HEAP_ALLOCATE|[922]|Bytes:8
18:44:13.0 (40152645)|HEAP_ALLOCATE|[922]|Bytes:200
18:44:13.0 (40203944)|HEAP_ALLOCATE|[922]|Bytes:8
18:44:13.0 (40220352)|HEAP_ALLOCATE|[922]|Bytes:36
18:44:13.0 (40259349)|HEAP_ALLOCATE|[922]|Bytes:32
18:44:13.0 (40310777)|VARIABLE_ASSIGNMENT|[922]|this.bjbCompany|{"Id":"a0C90000002PU4fEAG","Name":"SponsoredLinX","Business_Name__c":"SponsoredLinX","Checkout_Site__c":"checkout_SLX","Checkout_Direct_Debit__c":false,"CurrencyIsoCode":"AUD","Payment_Gateway__c":"Eway2"}|0x5c0de79c
18:44:13.0 (40331140)|HEAP_ALLOCATE|[925]|Bytes:12
18:44:13.0 (40366395)|STATEMENT_EXECUTE|[925]
18:44:13.0 (40374716)|HEAP_ALLOCATE|[926]|Bytes:3
18:44:13.0 (40388995)|STATEMENT_EXECUTE|[934]
18:44:13.0 (40391599)|STATEMENT_EXECUTE|[935]
18:44:13.0 (40402677)|HEAP_ALLOCATE|[935]|Bytes:13
18:44:13.0 (40422256)|VARIABLE_ASSIGNMENT|[935]|this.companyName|"SponsoredLinX"|0x5c0de79c
18:44:13.0 (40433355)|STATEMENT_EXECUTE|[936]
18:44:13.0 (40442647)|HEAP_ALLOCATE|[936]|Bytes:24
18:44:13.0 (40463972)|VARIABLE_ASSIGNMENT|[936]|this.emailSignupAddress|"signup@sponsoredlinx (4 more) ..."|0x5c0de79c
18:44:13.0 (43687748)|HEAP_ALLOCATE|[937]|Bytes:43
18:44:13.0 (43699657)|HEAP_ALLOCATE|[937]|Bytes:3
18:44:13.0 (43720464)|METHOD_ENTRY|[1]|01p6F000006uYhT|Utility.Utility()
18:44:13.0 (43727407)|STATEMENT_EXECUTE|[1]
18:44:13.0 (43732269)|STATEMENT_EXECUTE|[1]
18:44:13.0 (43739115)|HEAP_ALLOCATE|[937]|Bytes:5
18:44:13.0 (43749318)|METHOD_EXIT|[1]|Utility
18:44:13.0 (43773522)|METHOD_ENTRY|[937]|01p6F000006uYhT|Utility.runningInASandbox()
18:44:13.0 (43810122)|HEAP_ALLOCATE|[61]|Bytes:5
18:44:13.0 (43816279)|STATEMENT_EXECUTE|[60]
18:44:13.0 (43818259)|STATEMENT_EXECUTE|[61]
18:44:13.0 (43827680)|HEAP_ALLOCATE|[61]|Bytes:46
18:44:13.0 (43841391)|HEAP_ALLOCATE|[61]|Bytes:4
18:44:13.0 (47998271)|SOQL_EXECUTE_BEGIN|[61]|Aggregations:0|SELECT Id, IsSandbox FROM Organization LIMIT 1
18:44:13.0 (49652194)|SOQL_EXECUTE_END|[61]|Rows:1
18:44:13.0 (49682047)|HEAP_ALLOCATE|[61]|Bytes:8
18:44:13.0 (49700747)|HEAP_ALLOCATE|[61]|Bytes:50
18:44:13.0 (49771275)|HEAP_ALLOCATE|[61]|Bytes:8
18:44:13.0 (49784518)|HEAP_ALLOCATE|[61]|Bytes:38
18:44:13.0 (49832773)|HEAP_ALLOCATE|[61]|Bytes:12
18:44:13.0 (49873309)|METHOD_EXIT|[937]|01p6F000006uYhT|Utility.runningInASandbox()
18:44:13.0 (49885778)|STATEMENT_EXECUTE|[939]
18:44:13.0 (49888298)|STATEMENT_EXECUTE|[940]
18:44:13.0 (49898312)|HEAP_ALLOCATE|[940]|Bytes:20
18:44:13.0 (49929355)|VARIABLE_ASSIGNMENT|[940]|this.fromSource|"sponsoredlinx.com.au"|0x5c0de79c
18:44:13.0 (49937054)|STATEMENT_EXECUTE|[966]
18:44:13.0 (49946624)|HEAP_ALLOCATE|[966]|Bytes:29
18:44:13.0 (49955433)|HEAP_ALLOCATE|[966]|Bytes:26
18:44:13.0 (49977007)|METHOD_ENTRY|[1]|01p6F000006He6K|Cart.Cart()
18:44:13.0 (49983823)|STATEMENT_EXECUTE|[1]
18:44:13.0 (49988236)|STATEMENT_EXECUTE|[1]
18:44:13.0 (49989965)|STATEMENT_EXECUTE|[7]
18:44:13.0 (49991586)|STATEMENT_EXECUTE|[17]
18:44:13.0 (49996761)|METHOD_EXIT|[1]|Cart
18:44:13.0 (50156397)|HEAP_ALLOCATE|[966]|Bytes:12
18:44:13.0 (50179757)|CONSTRUCTOR_ENTRY|[966]|01p6F000006He6K|<init>(String)|Cart
18:44:13.0 (50215017)|VARIABLE_SCOPE_BEGIN|[19]|this|Cart|true|false
18:44:13.0 (50251997)|VARIABLE_ASSIGNMENT|[19]|this|{}|0x1088157b
18:44:13.0 (50260455)|VARIABLE_SCOPE_BEGIN|[19]|forCompanyName|String|false|false
18:44:13.0 (50272289)|VARIABLE_ASSIGNMENT|[19]|forCompanyName|"SponsoredLinX"
18:44:13.0 (50278037)|STATEMENT_EXECUTE|[1]
18:44:13.0 (50279889)|STATEMENT_EXECUTE|[4]
18:44:13.0 (50286883)|STATEMENT_EXECUTE|[15]
18:44:13.0 (50325910)|HEAP_ALLOCATE|[15]|Bytes:24
18:44:13.0 (50341252)|CONSTRUCTOR_ENTRY|[15]|01p6F000006He6K|<init>()|Cart.cartPackageData
18:44:13.0 (50390526)|VARIABLE_SCOPE_BEGIN|[7]|this|Cart.cartPackageData|true|false
18:44:13.0 (50439802)|VARIABLE_ASSIGNMENT|[7]|this|{}|0x73de3a75
18:44:13.0 (50465392)|STATEMENT_EXECUTE|[7]
18:44:13.0 (50467229)|STATEMENT_EXECUTE|[8]
18:44:13.0 (50482398)|HEAP_ALLOCATE|[8]|Bytes:4
18:44:13.0 (50536691)|HEAP_ALLOCATE|[EXTERNAL]|Bytes:4
18:44:13.0 (50551082)|VARIABLE_ASSIGNMENT|[8]|this.productIds|[]|0x73de3a75
18:44:13.0 (50557195)|STATEMENT_EXECUTE|[9]
18:44:13.0 (50562927)|STATEMENT_EXECUTE|[10]
18:44:13.0 (50566174)|STATEMENT_EXECUTE|[11]
18:44:13.0 (50574506)|HEAP_ALLOCATE|[11]|Bytes:4
18:44:13.0 (50620067)|HEAP_ALLOCATE|[EXTERNAL]|Bytes:4
18:44:13.0 (50629497)|VARIABLE_ASSIGNMENT|[11]|this.addons|[]|0x73de3a75
18:44:13.0 (50635763)|STATEMENT_EXECUTE|[12]
18:44:13.0 (50644021)|CONSTRUCTOR_EXIT|[15]|01p6F000006He6K|<init>()|Cart.cartPackageData
18:44:13.0 (50653718)|VARIABLE_ASSIGNMENT|[15]|this.myPackageData|0x73de3a75|0x1088157b
18:44:13.0 (50674402)|STATEMENT_EXECUTE|[19]
18:44:13.0 (50676089)|STATEMENT_EXECUTE|[21]
18:44:13.0 (50686958)|VARIABLE_ASSIGNMENT|[21]|this.companyName|"SponsoredLinX"|0x1088157b
18:44:13.0 (50697405)|CONSTRUCTOR_EXIT|[966]|01p6F000006He6K|<init>(String)|Cart
18:44:13.0 (50709610)|VARIABLE_ASSIGNMENT|[966]|this.mycart|0x1088157b|0x5c0de79c
18:44:13.0 (50715553)|STATEMENT_EXECUTE|[969]
18:44:13.0 (50752355)|METHOD_ENTRY|[969]|01p6F000006He6M|CheckoutController.loadCart()
18:44:13.0 (50782844)|VARIABLE_SCOPE_BEGIN|[1068]|this|CheckoutController|true|false
18:44:13.0 (50887522)|VARIABLE_ASSIGNMENT|[1068]|this|{"acc":"0x548fc710","bjbCompany":"0x891a467","cardDetails":"0x379482e4","companyName":"SponsoredLinX","emailSignupAddress":"signup@sponsoredlinx (4 more) ...","fromSource":"sponsoredlinx.com.au","locale":"AUD","mycart":"0x1088157b","mySite":"0x421a0411","paymentTypesEnabled":"0x471feeb5","signup":"0x39f894c2","siteName":"checkout_SLX"}|0x5c0de79c
18:44:13.0 (50906134)|HEAP_ALLOCATE|[1070]|Bytes:5
18:44:13.0 (50911656)|STATEMENT_EXECUTE|[1068]
18:44:13.0 (50913390)|STATEMENT_EXECUTE|[1070]
18:44:13.0 (50948268)|HEAP_ALLOCATE|[1070]|Bytes:35
18:44:13.0 (50998646)|HEAP_ALLOCATE|[1070]|Bytes:189
18:44:13.0 (51039858)|HEAP_ALLOCATE|[1070]|Bytes:5
18:44:13.0 (51062760)|HEAP_ALLOCATE|[1070]|Bytes:20
18:44:13.0 (51091516)|VARIABLE_SCOPE_BEGIN|[1070]|cartCookie|System.Cookie|true|false
18:44:13.0 (51301256)|VARIABLE_ASSIGNMENT|[1070]|cartCookie|"common.apex.api.net.CookieValue@a33de53"|0xa33de53
18:44:13.0 (51310329)|STATEMENT_EXECUTE|[1072]
18:44:13.0 (51312011)|STATEMENT_EXECUTE|[1073]
18:44:13.0 (51343853)|HEAP_ALLOCATE|[1073]|Bytes:149
18:44:13.0 (51370184)|METHOD_ENTRY|[1073]|01p6F000006He6K|Cart.setCookieJSON(String)
18:44:13.0 (51378652)|VARIABLE_SCOPE_BEGIN|[30]|this|Cart|true|false
18:44:13.0 (51402822)|VARIABLE_ASSIGNMENT|[30]|this|{"companyName":"SponsoredLinX","myPackageData":"0x73de3a75"}|0x1088157b
18:44:13.0 (51410323)|VARIABLE_SCOPE_BEGIN|[30]|cartSerialized|String|false|false
18:44:13.0 (51422716)|VARIABLE_ASSIGNMENT|[30]|cartSerialized|"{\"promocode\":null,\"p (129 more) ..."
18:44:13.0 (51429294)|STATEMENT_EXECUTE|[30]
18:44:13.0 (51430988)|STATEMENT_EXECUTE|[31]
18:44:13.0 (51438306)|HEAP_ALLOCATE|[31]|Bytes:20
18:44:13.0 (51522932)|HEAP_ALLOCATE|[31]|Bytes:27
18:44:13.0 (51533686)|SYSTEM_METHOD_ENTRY|[1]|Type.Type()
18:44:13.0 (51539024)|STATEMENT_EXECUTE|[1]
18:44:13.0 (51544924)|SYSTEM_METHOD_EXIT|[1]|Type
18:44:13.0 (51552223)|HEAP_ALLOCATE|[31]|Bytes:8
18:44:13.0 (51570469)|HEAP_ALLOCATE|[31]|Bytes:8
18:44:13.0 (51576723)|VARIABLE_SCOPE_BEGIN|[4]|this|System.Type|true|false
18:44:13.0 (51595444)|VARIABLE_ASSIGNMENT|[4]|this|{}|0x651d7f84
18:44:13.0 (51602631)|VARIABLE_SCOPE_BEGIN|[4]|apextype|java:common.apex.runtime.ApexObjectType|true|false
18:44:13.0 (51686913)|VARIABLE_ASSIGNMENT|[4]|apextype|"Cart.cartPackageData"|0x4d3e6958
18:44:13.0 (51720179)|HEAP_ALLOCATE|[31]|Bytes:8
18:44:13.0 (51755023)|HEAP_ALLOCATE|[31]|Bytes:24
18:44:13.0 (51764675)|SYSTEM_METHOD_ENTRY|[1]|JSON.JSON()
18:44:13.0 (51768453)|STATEMENT_EXECUTE|[1]
18:44:13.0 (51773267)|SYSTEM_METHOD_EXIT|[1]|JSON
18:44:13.0 (51784924)|METHOD_ENTRY|[31]||System.JSON.deserialize(String, System.Type)
18:44:13.0 (52268834)|METHOD_EXIT|[31]||System.JSON.deserialize(String, System.Type)
18:44:13.0 (52284888)|VARIABLE_ASSIGNMENT|[31]|this.myPackageData|0x4127b77|0x1088157b
18:44:13.0 (52294190)|STATEMENT_EXECUTE|[34]
18:44:13.0 (52304069)|STATEMENT_EXECUTE|[38]
18:44:13.0 (52310554)|METHOD_EXIT|[1073]|01p6F000006He6K|Cart.setCookieJSON(String)
18:44:13.0 (52320647)|METHOD_EXIT|[969]|01p6F000006He6M|CheckoutController.loadCart()
18:44:13.0 (52325224)|STATEMENT_EXECUTE|[972]
18:44:13.0 (52332907)|HEAP_ALLOCATE|[972]|Bytes:11
18:44:13.0 (52368242)|HEAP_ALLOCATE|[972]|Bytes:5
18:44:13.0 (52376633)|HEAP_ALLOCATE|[EXTERNAL]|Bytes:-4
18:44:13.0 (52412966)|STATEMENT_EXECUTE|[974]
18:44:13.0 (52424221)|METHOD_ENTRY|[979]|01p6F000006uYhT|Utility.runningInASandbox()
18:44:13.0 (52448230)|HEAP_ALLOCATE|[61]|Bytes:5
18:44:13.0 (52456376)|STATEMENT_EXECUTE|[60]
18:44:13.0 (52458786)|STATEMENT_EXECUTE|[61]
18:44:13.0 (52478114)|HEAP_ALLOCATE|[61]|Bytes:4
18:44:13.0 (52617595)|SOQL_EXECUTE_BEGIN|[61]|Aggregations:0|SELECT Id, IsSandbox FROM Organization LIMIT 1
18:44:13.0 (54465854)|SOQL_EXECUTE_END|[61]|Rows:1
18:44:13.0 (54486796)|HEAP_ALLOCATE|[61]|Bytes:8
18:44:13.0 (54502908)|HEAP_ALLOCATE|[61]|Bytes:50
18:44:13.0 (54529402)|HEAP_ALLOCATE|[61]|Bytes:8
18:44:13.0 (54549347)|HEAP_ALLOCATE|[61]|Bytes:12
18:44:13.0 (54569710)|METHOD_EXIT|[979]|01p6F000006uYhT|Utility.runningInASandbox()
18:44:13.0 (54577388)|STATEMENT_EXECUTE|[979]
18:44:13.0 (54589725)|METHOD_EXIT|[77]|01p6F000006He6M|CheckoutController.setSite(String, String)
18:44:13.0 (54595136)|STATEMENT_EXECUTE|[80]
18:44:13.0 (54744380)|VARIABLE_ASSIGNMENT|[EXTERNAL]|this|{"acc":"0x548fc710","bjbCompany":"0x891a467","cardDetails":"0x379482e4","companyName":"SponsoredLinX","emailSignupAddress":"signup@sponsoredlinx (4 more) ...","fromSource":"sponsoredlinx.com.au","locale":"AUD","mycart":"0x1088157b","mySite":"0x421a0411","paymentTypesEnabled":"0x471feeb5","signup":"0x39f894c2","siteName":"checkout_SLX"}|0x5c0de79c
18:44:13.0 (54760708)|VARIABLE_ASSIGNMENT|[EXTERNAL]|value|"Credit Card"
18:44:13.0 (54775139)|VARIABLE_ASSIGNMENT|[13]|this.paymentType|"Credit Card"|0x5c0de79c
18:44:13.0 (54785152)|STATEMENT_EXECUTE|[82]
18:44:13.0 (54892071)|VARIABLE_ASSIGNMENT|[EXTERNAL]|this|{"acc":"0x548fc710","bjbCompany":"0x891a467","cardDetails":"0x379482e4","companyName":"SponsoredLinX","emailSignupAddress":"signup@sponsoredlinx (4 more) ...","fromSource":"sponsoredlinx.com.au","locale":"AUD","mycart":"0x1088157b","mySite":"0x421a0411","paymentType":"Credit Card","paymentTypesEnabled":"0x471feeb5","signup":"0x39f894c2","siteName":"checkout_SLX"}|0x5c0de79c
18:44:13.0 (54909779)|VARIABLE_ASSIGNMENT|[EXTERNAL]|value|true
18:44:13.0 (54917112)|HEAP_ALLOCATE|[20]|Bytes:5
18:44:13.0 (54926513)|VARIABLE_ASSIGNMENT|[20]|this.mailing_address|true|0x5c0de79c
18:44:13.0 (54955013)|STATEMENT_EXECUTE|[84]
18:44:13.0 (54960740)|STATEMENT_EXECUTE|[89]
18:44:13.0 (54989972)|METHOD_ENTRY|[89]|01p6F000006He6M|CheckoutController.loadAccount()
18:44:13.0 (55012343)|VARIABLE_SCOPE_BEGIN|[990]|this|CheckoutController|true|false
18:44:13.0 (55094505)|VARIABLE_ASSIGNMENT|[990]|this|{"acc":"0x548fc710","bjbCompany":"0x891a467","cardDetails":"0x379482e4","companyName":"SponsoredLinX","emailSignupAddress":"signup@sponsoredlinx (4 more) ...","fromSource":"sponsoredlinx.com.au","locale":"AUD","mailing_address":true,"mycart":"0x1088157b","mySite":"0x421a0411","paymentType":"Credit Card","paymentTypesEnabled":"0x471feeb5","signup":"0x39f894c2","siteName":"checkout_SLX"}|0x5c0de79c
18:44:13.0 (55111215)|HEAP_ALLOCATE|[992]|Bytes:5
18:44:13.0 (55116887)|STATEMENT_EXECUTE|[990]
18:44:13.0 (55143695)|HEAP_ALLOCATE|[992]|Bytes:35
18:44:13.0 (55178862)|HEAP_ALLOCATE|[992]|Bytes:9
18:44:13.0 (55197746)|HEAP_ALLOCATE|[992]|Bytes:9
18:44:13.0 (55219360)|STATEMENT_EXECUTE|[992]
18:44:13.0 (55225514)|STATEMENT_EXECUTE|[1003]
18:44:13.0 (55242289)|HEAP_ALLOCATE|[1003]|Bytes:35
18:44:13.0 (55260404)|HEAP_ALLOCATE|[1003]|Bytes:189
18:44:13.0 (55287248)|HEAP_ALLOCATE|[1003]|Bytes:8
18:44:13.0 (55302421)|HEAP_ALLOCATE|[1003]|Bytes:23
18:44:13.0 (55317644)|VARIABLE_SCOPE_BEGIN|[1003]|acctCookie|System.Cookie|true|false
18:44:13.0 (55329396)|VARIABLE_ASSIGNMENT|[1003]|acctCookie|null|
18:44:13.0 (55335457)|STATEMENT_EXECUTE|[1005]
18:44:13.0 (55345988)|METHOD_EXIT|[89]|01p6F000006He6M|CheckoutController.loadAccount()
18:44:13.0 (55352932)|SYSTEM_MODE_EXIT|false
18:44:13.0 (55462329)|HEAP_ALLOCATE|[EXTERNAL]|Bytes:184
18:44:13.0 (55472262)|VARIABLE_SCOPE_BEGIN|[97]|this|CheckoutController|true|false
18:44:13.0 (55562359)|VARIABLE_ASSIGNMENT|[97]|this|{"acc":"0x548fc710","bjbCompany":"0x891a467","cardDetails":"0x379482e4","companyName":"SponsoredLinX","emailSignupAddress":"signup@sponsoredlinx (4 more) ...","fromSource":"sponsoredlinx.com.au","locale":"AUD","mailing_address":true,"mycart":"0x1088157b","mySite":"0x421a0411","paymentType":"Credit Card","paymentTypesEnabled":"0x471feeb5","signup":"0x39f894c2","siteName":"checkout_SLX"}|0x5c0de79c
18:44:13.0 (55580592)|SYSTEM_MODE_ENTER|false
18:44:13.0 (55587535)|HEAP_ALLOCATE|[98]|Bytes:5
18:44:13.0 (55593104)|STATEMENT_EXECUTE|[97]
18:44:13.0 (55594885)|STATEMENT_EXECUTE|[98]
18:44:13.0 (55596737)|STATEMENT_EXECUTE|[98]
18:44:13.0 (55598231)|STATEMENT_EXECUTE|[100]
18:44:13.0 (55621376)|HEAP_ALLOCATE|[100]|Bytes:35
18:44:13.0 (55646235)|HEAP_ALLOCATE|[100]|Bytes:9
18:44:13.0 (55675545)|HEAP_ALLOCATE|[100]|Bytes:2
18:44:13.0 (55691353)|VARIABLE_SCOPE_BEGIN|[100]|action|String|false|false
18:44:13.0 (55701701)|VARIABLE_ASSIGNMENT|[100]|action|null
18:44:13.0 (55709534)|STATEMENT_EXECUTE|[103]
18:44:13.0 (55714714)|STATEMENT_EXECUTE|[111]
18:44:13.0 (55720551)|SYSTEM_MODE_EXIT|false
18:44:13.56 (56119500)|SYSTEM_MODE_ENTER|true
18:44:13.56 (56151717)|HEAP_ALLOCATE|[EXTERNAL]|Bytes:38
18:44:13.56 (56158728)|HEAP_ALLOCATE|[EXTERNAL]|Bytes:7
18:44:13.56 (56302025)|SYSTEM_MODE_ENTER|true
18:44:13.56 (56357659)|HEAP_ALLOCATE|[EXTERNAL]|Bytes:8
18:44:13.56 (56365446)|VARIABLE_SCOPE_BEGIN|[88]|this|ApexPage.PageMessagesComponentController|true|false
18:44:13.56 (56390601)|VARIABLE_ASSIGNMENT|[88]|this|{}|0x3325566c
18:44:13.56 (56397271)|VARIABLE_SCOPE_BEGIN|[88]|escape|Boolean|false|false
18:44:13.56 (56406197)|VARIABLE_ASSIGNMENT|[88]|escape|null
18:44:13.56 (56546366)|SYSTEM_MODE_ENTER|true
18:44:13.56 (56582669)|HEAP_ALLOCATE|[EXTERNAL]|Bytes:8
18:44:13.56 (56589952)|VARIABLE_SCOPE_BEGIN|[2]|this|ApexPage.PageMessagesComponentController|true|false
18:44:13.56 (56609430)|VARIABLE_ASSIGNMENT|[2]|this|{}|0x3325566c
18:44:13.0 (57370537)|SYSTEM_MODE_ENTER|true
18:44:13.0 (57420276)|HEAP_ALLOCATE|[EXTERNAL]|Bytes:184
18:44:13.0 (57434323)|VARIABLE_SCOPE_BEGIN|[857]|this|CheckoutController|true|false
18:44:13.0 (57546745)|VARIABLE_ASSIGNMENT|[857]|this|{"acc":"0x548fc710","bjbCompany":"0x891a467","cardDetails":"0x379482e4","companyName":"SponsoredLinX","emailSignupAddress":"signup@sponsoredlinx (4 more) ...","fromSource":"sponsoredlinx.com.au","locale":"AUD","mailing_address":true,"mycart":"0x1088157b","mySite":"0x421a0411","paymentType":"Credit Card","paymentTypesEnabled":"0x471feeb5","signup":"0x39f894c2","siteName":"checkout_SLX"}|0x5c0de79c
18:44:13.0 (57566601)|SYSTEM_MODE_ENTER|false
18:44:13.0 (57574183)|HEAP_ALLOCATE|[858]|Bytes:5
18:44:13.0 (57580352)|STATEMENT_EXECUTE|[857]
18:44:13.0 (57582902)|STATEMENT_EXECUTE|[858]
18:44:13.0 (57643200)|HEAP_ALLOCATE|[858]|Bytes:5
18:44:13.0 (57653499)|SYSTEM_MODE_EXIT|false
18:44:13.0 (57666905)|HEAP_ALLOCATE|[858]|Bytes:5
18:44:13.0 (57808436)|SYSTEM_MODE_ENTER|true
18:44:13.0 (57853353)|HEAP_ALLOCATE|[EXTERNAL]|Bytes:184
18:44:13.0 (57867633)|VARIABLE_SCOPE_BEGIN|[766]|this|CheckoutController|true|false
18:44:13.0 (57958841)|VARIABLE_ASSIGNMENT|[766]|this|{"acc":"0x548fc710","bjbCompany":"0x891a467","cardDetails":"0x379482e4","companyName":"SponsoredLinX","emailSignupAddress":"signup@sponsoredlinx (4 more) ...","fromSource":"sponsoredlinx.com.au","locale":"AUD","mailing_address":true,"mycart":"0x1088157b","mySite":"0x421a0411","paymentType":"Credit Card","paymentTypesEnabled":"0x471feeb5","signup":"0x39f894c2","siteName":"checkout_SLX"}|0x5c0de79c
18:44:13.0 (57988114)|SYSTEM_MODE_ENTER|false
18:44:13.0 (57997973)|HEAP_ALLOCATE|[768]|Bytes:5
18:44:13.0 (58006668)|STATEMENT_EXECUTE|[766]
18:44:13.0 (58013648)|STATEMENT_EXECUTE|[768]
18:44:13.0 (58015334)|STATEMENT_EXECUTE|[770]
18:44:13.0 (58034360)|HEAP_ALLOCATE|[770]|Bytes:4
18:44:13.0 (58096041)|HEAP_ALLOCATE|[EXTERNAL]|Bytes:4
18:44:13.0 (58109706)|VARIABLE_ASSIGNMENT|[770]|this.packages|[]|0x5c0de79c
18:44:13.0 (58115736)|STATEMENT_EXECUTE|[773]
18:44:13.0 (58117254)|STATEMENT_EXECUTE|[773]
18:44:13.0 (58118819)|STATEMENT_EXECUTE|[774]
18:44:13.0 (58141658)|METHOD_ENTRY|[774]|01p6F000006He6K|Cart.getPackageFromPackageData(Cart.cartPackageData)
18:44:13.0 (58162302)|VARIABLE_SCOPE_BEGIN|[128]|this|Cart|true|false
18:44:13.0 (58187030)|VARIABLE_ASSIGNMENT|[128]|this|{"companyName":"SponsoredLinX","myPackageData":"0x4127b77"}|0x1088157b
18:44:13.0 (58194264)|VARIABLE_SCOPE_BEGIN|[128]|fromPackageData|Cart.cartPackageData|true|false
18:44:13.0 (58231580)|VARIABLE_ASSIGNMENT|[128]|fromPackageData|{"addons":"0x6e206709","addTime":"2018-09-28T08:44:10.624Z","productIds":"0x243e1714","productType":"Facebook"}|0x4127b77
18:44:13.0 (58241376)|STATEMENT_EXECUTE|[128]
18:44:13.0 (58243183)|STATEMENT_EXECUTE|[129]
18:44:13.0 (58254752)|HEAP_ALLOCATE|[129]|Bytes:4
18:44:13.0 (58288344)|VARIABLE_SCOPE_BEGIN|[129]|items|List<CartItem>|true|false
18:44:13.0 (58306716)|HEAP_ALLOCATE|[EXTERNAL]|Bytes:4
18:44:13.0 (58314765)|VARIABLE_ASSIGNMENT|[129]|items|[]|0x7b7cc435
18:44:13.0 (58322076)|STATEMENT_EXECUTE|[132]
18:44:13.0 (58323725)|STATEMENT_EXECUTE|[133]
18:44:13.0 (58406129)|HEAP_ALLOCATE|[133]|Bytes:4
18:44:13.0 (58414015)|HEAP_ALLOCATE|[133]|Bytes:244
18:44:13.0 (58424584)|HEAP_ALLOCATE|[133]|Bytes:4
18:44:13.0 (59600008)|SOQL_EXECUTE_BEGIN|[133]|Aggregations:0|SELECT Id, Name, product_price__c, product_recurring__c, recurring_period__c, company_name__c, Product_Family__c, Is_Ghost__c, Billed_In_Advance__c FROM SLX_Product__c WHERE (IsActive__c = TRUE AND company_name__c = :tmpVar1 AND Id IN :tmpVar2)
18:44:13.0 (66368008)|SOQL_EXECUTE_END|[133]|Rows:2
18:44:13.0 (66403300)|HEAP_ALLOCATE|[133]|Bytes:12
18:44:13.0 (66438900)|HEAP_ALLOCATE|[133]|Bytes:602
18:44:13.0 (66497492)|HEAP_ALLOCATE|[133]|Bytes:12
18:44:13.0 (66556866)|HEAP_ALLOCATE|[133]|Bytes:40
18:44:13.0 (66572804)|HEAP_ALLOCATE|[133]|Bytes:4
18:44:13.0 (66580122)|HEAP_ALLOCATE|[133]|Bytes:44
18:44:13.0 (66585160)|HEAP_ALLOCATE|[133]|Bytes:4
18:44:13.0 (66597299)|VARIABLE_SCOPE_BEGIN|[133]|productsMap|Map<Id,SLX_Product__c>|true|false
18:44:13.0 (66666013)|VARIABLE_ASSIGNMENT|[133]|productsMap|{"a1B6F000007u3QcUAI":{"Id":"a1B6F000007u3QcUAI","Name":"Social Engage - Supe (7 more) ...","product_price__c":399.00,"product_recurring__c":"No","company_name__c":"SponsoredLinx","Product_Family__c":"Facebook","Is_Ghost__c":false,"Billed_In_Advance__c":true,"CurrencyIsoCode":"AUD"},"a1B6F000007u3SoUAI":{"Id":"a1B6F000007u3SoUAI","Name":"Social Engage - Supe (19 more) ...","product_price__c":99.00,"product_recurring__c":"Yes","recurring_period__c":"Weekly","company_name__c":"SponsoredLinx","Product_Family__c":"Facebook","Is_Ghost__c":false,"Billed_In_Advance__c":false,"CurrencyIsoCode":"AUD"}}|0xce74d52
18:44:13.0 (66681331)|STATEMENT_EXECUTE|[135]
18:44:13.0 (66693660)|VARIABLE_SCOPE_BEGIN|[135]|previousProductId|Id|false|false
18:44:13.0 (66704485)|VARIABLE_ASSIGNMENT|[135]|previousProductId|null
18:44:13.0 (66779705)|HEAP_ALLOCATE|[136]|Bytes:5
18:44:13.0 (66796221)|HEAP_ALLOCATE|[136]|Bytes:18
18:44:13.0 (66829955)|HEAP_ALLOCATE|[136]|Bytes:4
18:44:13.0 (66835502)|VARIABLE_SCOPE_BEGIN|[136]|packageProductId|Id|false|false
18:44:13.0 (66981870)|VARIABLE_ASSIGNMENT|[136]|packageProductId|"a1B6F000007u3QcUAI"
18:44:13.0 (66991487)|STATEMENT_EXECUTE|[136]
18:44:13.0 (66993489)|STATEMENT_EXECUTE|[137]
18:44:13.0 (67052842)|VARIABLE_SCOPE_BEGIN|[137]|product|SLX_Product__c|true|false
18:44:13.0 (67096591)|VARIABLE_ASSIGNMENT|[137]|product|{"Id":"a1B6F000007u3QcUAI","Name":"Social Engage - Supe (7 more) ...","product_price__c":399.00,"product_recurring__c":"No","company_name__c":"SponsoredLinx","Product_Family__c":"Facebook","Is_Ghost__c":false,"Billed_In_Advance__c":true,"CurrencyIsoCode":"AUD"}|0x4b06017f
18:44:13.0 (67113438)|STATEMENT_EXECUTE|[140]
18:44:13.0 (67121559)|STATEMENT_EXECUTE|[144]
18:44:13.0 (67244874)|HEAP_ALLOCATE|[144]|Bytes:236
18:44:13.0 (67256246)|HEAP_ALLOCATE|[144]|Bytes:32
18:44:13.0 (67282444)|METHOD_ENTRY|[1]|01p6F000006He6L|CartItem.CartItem()
18:44:13.0 (67293109)|STATEMENT_EXECUTE|[1]
18:44:13.0 (67299400)|STATEMENT_EXECUTE|[1]
18:44:13.0 (67307077)|METHOD_EXIT|[1]|CartItem
18:44:13.0 (67340968)|HEAP_ALLOCATE|[144]|Bytes:36
18:44:13.0 (67364748)|CONSTRUCTOR_ENTRY|[144]|01p6F000006He6L|<init>(SLX_Product__c)|CartItem
18:44:13.0 (67407610)|VARIABLE_SCOPE_BEGIN|[13]|this|CartItem|true|false
18:44:13.0 (67483011)|VARIABLE_ASSIGNMENT|[13]|this|{}|0x3b44fde0
18:44:13.0 (67496033)|VARIABLE_SCOPE_BEGIN|[13]|product|SLX_Product__c|true|false
18:44:13.0 (67540695)|VARIABLE_ASSIGNMENT|[13]|product|{"Id":"a1B6F000007u3QcUAI","Name":"Social Engage - Supe (7 more) ...","product_price__c":399.00,"product_recurring__c":"No","company_name__c":"SponsoredLinx","Product_Family__c":"Facebook","Is_Ghost__c":false,"Billed_In_Advance__c":true,"CurrencyIsoCode":"AUD"}|0x4b06017f
18:44:13.0 (67552483)|STATEMENT_EXECUTE|[1]
18:44:13.0 (67554376)|STATEMENT_EXECUTE|[3]
18:44:13.0 (67561967)|STATEMENT_EXECUTE|[5]
18:44:13.0 (67565414)|STATEMENT_EXECUTE|[6]
18:44:13.0 (67568676)|STATEMENT_EXECUTE|[7]
18:44:13.0 (67571788)|STATEMENT_EXECUTE|[8]
18:44:13.0 (67574936)|STATEMENT_EXECUTE|[9]
18:44:13.0 (67577872)|STATEMENT_EXECUTE|[10]
18:44:13.0 (67581083)|STATEMENT_EXECUTE|[11]
18:44:13.0 (67605157)|STATEMENT_EXECUTE|[13]
18:44:13.0 (67607339)|STATEMENT_EXECUTE|[14]
18:44:13.0 (67688944)|VARIABLE_ASSIGNMENT|[EXTERNAL]|this|{}|0x3b44fde0
18:44:13.0 (67716062)|VARIABLE_ASSIGNMENT|[EXTERNAL]|value|{"Id":"a1B6F000007u3QcUAI","Name":"Social Engage - Supe (7 more) ...","product_price__c":399.00,"product_recurring__c":"No","company_name__c":"SponsoredLinx","Product_Family__c":"Facebook","Is_Ghost__c":false,"Billed_In_Advance__c":true,"CurrencyIsoCode":"AUD"}|0x4b06017f
18:44:13.0 (67745645)|VARIABLE_ASSIGNMENT|[3]|this.product|{"Id":"a1B6F000007u3QcUAI","Name":"Social Engage - Supe (7 more) ...","product_price__c":399.00,"product_recurring__c":"No","company_name__c":"SponsoredLinx","Product_Family__c":"Facebook","Is_Ghost__c":false,"Billed_In_Advance__c":true,"CurrencyIsoCode":"AUD"}|0x3b44fde0
18:44:13.0 (67758372)|STATEMENT_EXECUTE|[16]
18:44:13.0 (67806613)|VARIABLE_ASSIGNMENT|[EXTERNAL]|this|{"product":"0x4b06017f"}|0x3b44fde0
18:44:13.0 (67819363)|VARIABLE_ASSIGNMENT|[EXTERNAL]|value|1
18:44:13.0 (67825944)|HEAP_ALLOCATE|[5]|Bytes:4
18:44:13.0 (67833882)|VARIABLE_ASSIGNMENT|[5]|this.qty|1|0x3b44fde0
18:44:13.0 (67843055)|STATEMENT_EXECUTE|[17]
18:44:13.0 (67850822)|HEAP_ALLOCATE|[17]|Bytes:4
18:44:13.0 (67875992)|HEAP_ALLOCATE|[17]|Bytes:28
18:44:13.0 (67921397)|VARIABLE_ASSIGNMENT|[EXTERNAL]|this|{"product":"0x4b06017f","qty":1}|0x3b44fde0
18:44:13.0 (67932915)|VARIABLE_ASSIGNMENT|[EXTERNAL]|value|0.00
18:44:13.0 (67942878)|VARIABLE_ASSIGNMENT|[8]|this.discount|0.00|0x3b44fde0
18:44:13.0 (67951145)|STATEMENT_EXECUTE|[18]
18:44:13.0 (68027960)|VARIABLE_ASSIGNMENT|[EXTERNAL]|this|{"discount":0.00,"product":"0x4b06017f","qty":1}|0x3b44fde0
18:44:13.0 (68039437)|VARIABLE_ASSIGNMENT|[EXTERNAL]|value|399.00
18:44:13.0 (68048671)|VARIABLE_ASSIGNMENT|[7]|this.priceGross|399.00|0x3b44fde0
18:44:13.0 (68057505)|STATEMENT_EXECUTE|[19]
18:44:13.0 (68099797)|VARIABLE_ASSIGNMENT|[EXTERNAL]|this|{"discount":0.00,"priceGross":399.00,"product":"0x4b06017f","qty":1}|0x3b44fde0
18:44:13.0 (68146506)|HEAP_ALLOCATE|[19]|Bytes:28
18:44:13.0 (68185289)|VARIABLE_ASSIGNMENT|[EXTERNAL]|this|{"discount":0.00,"priceGross":399.00,"product":"0x4b06017f","qty":1}|0x3b44fde0
18:44:13.0 (68195174)|VARIABLE_ASSIGNMENT|[EXTERNAL]|value|399.00
18:44:13.0 (68203775)|VARIABLE_ASSIGNMENT|[9]|this.priceNet|399.00|0x3b44fde0
18:44:13.0 (68213040)|STATEMENT_EXECUTE|[20]
18:44:13.0 (68302438)|VARIABLE_ASSIGNMENT|[EXTERNAL]|this|{"discount":0.00,"priceGross":399.00,"priceNet":399.00,"product":"0x4b06017f","qty":1}|0x3b44fde0
18:44:13.0 (68320287)|VARIABLE_ASSIGNMENT|[EXTERNAL]|value|false
18:44:13.0 (68333794)|VARIABLE_ASSIGNMENT|[11]|this.isGhost|false|0x3b44fde0
18:44:13.0 (68355140)|CONSTRUCTOR_EXIT|[144]|01p6F000006He6L|<init>(SLX_Product__c)|CartItem
18:44:13.0 (68379934)|HEAP_ALLOCATE|[EXTERNAL]|Bytes:4
18:44:13.0 (68390482)|STATEMENT_EXECUTE|[146]
18:44:13.0 (68489704)|VARIABLE_ASSIGNMENT|[146]|previousProductId|"a1B6F000007u3QcUAI"
18:44:13.0 (68516656)|HEAP_ALLOCATE|[136]|Bytes:5
18:44:13.0 (68539013)|HEAP_ALLOCATE|[136]|Bytes:18
18:44:13.0 (68565085)|HEAP_ALLOCATE|[136]|Bytes:4
18:44:13.0 (68573315)|VARIABLE_SCOPE_BEGIN|[136]|packageProductId|Id|false|false
18:44:13.0 (68662840)|VARIABLE_ASSIGNMENT|[136]|packageProductId|"a1B6F000007u3SoUAI"
18:44:13.0 (68673169)|STATEMENT_EXECUTE|[136]
18:44:13.0 (68675414)|STATEMENT_EXECUTE|[137]
18:44:13.0 (68703091)|VARIABLE_SCOPE_BEGIN|[137]|product|SLX_Product__c|true|false
18:44:13.0 (68746962)|VARIABLE_ASSIGNMENT|[137]|product|{"Id":"a1B6F000007u3SoUAI","Name":"Social Engage - Supe (19 more) ...","product_price__c":99.00,"product_recurring__c":"Yes","recurring_period__c":"Weekly","company_name__c":"SponsoredLinx","Product_Family__c":"Facebook","Is_Ghost__c":false,"Billed_In_Advance__c":false,"CurrencyIsoCode":"AUD"}|0x19b9bb3
18:44:13.0 (68762246)|STATEMENT_EXECUTE|[140]
18:44:13.0 (68769663)|STATEMENT_EXECUTE|[144]
18:44:13.0 (68779572)|HEAP_ALLOCATE|[144]|Bytes:36
18:44:13.0 (68796915)|CONSTRUCTOR_ENTRY|[144]|01p6F000006He6L|<init>(SLX_Product__c)|CartItem
18:44:13.0 (68808850)|VARIABLE_SCOPE_BEGIN|[13]|this|CartItem|true|false
18:44:13.0 (68845679)|VARIABLE_ASSIGNMENT|[13]|this|{}|0x78950033
18:44:13.0 (68854458)|VARIABLE_SCOPE_BEGIN|[13]|product|SLX_Product__c|true|false
18:44:13.0 (68895462)|VARIABLE_ASSIGNMENT|[13]|product|{"Id":"a1B6F000007u3SoUAI","Name":"Social Engage - Supe (19 more) ...","product_price__c":99.00,"product_recurring__c":"Yes","recurring_period__c":"Weekly","company_name__c":"SponsoredLinx","Product_Family__c":"Facebook","Is_Ghost__c":false,"Billed_In_Advance__c":false,"CurrencyIsoCode":"AUD"}|0x19b9bb3
18:44:13.0 (68909862)|STATEMENT_EXECUTE|[1]
18:44:13.0 (68912128)|STATEMENT_EXECUTE|[3]
18:44:13.0 (68919481)|STATEMENT_EXECUTE|[5]
18:44:13.0 (68923828)|STATEMENT_EXECUTE|[6]
18:44:13.0 (68927854)|STATEMENT_EXECUTE|[7]
18:44:13.0 (68931894)|STATEMENT_EXECUTE|[8]
18:44:13.0 (68936242)|STATEMENT_EXECUTE|[9]
18:44:13.0 (68940242)|STATEMENT_EXECUTE|[10]
18:44:13.0 (68944792)|STATEMENT_EXECUTE|[11]
18:44:13.0 (68964944)|STATEMENT_EXECUTE|[13]
18:44:13.0 (68967158)|STATEMENT_EXECUTE|[14]
18:44:13.0 (69002333)|VARIABLE_ASSIGNMENT|[EXTERNAL]|this|{}|0x78950033
18:44:13.0 (69040608)|VARIABLE_ASSIGNMENT|[EXTERNAL]|value|{"Id":"a1B6F000007u3SoUAI","Name":"Social Engage - Supe (19 more) ...","product_price__c":99.00,"product_recurring__c":"Yes","recurring_period__c":"Weekly","company_name__c":"SponsoredLinx","Product_Family__c":"Facebook","Is_Ghost__c":false,"Billed_In_Advance__c":false,"CurrencyIsoCode":"AUD"}|0x19b9bb3
18:44:13.0 (69084012)|VARIABLE_ASSIGNMENT|[3]|this.product|{"Id":"a1B6F000007u3SoUAI","Name":"Social Engage - Supe (19 more) ...","product_price__c":99.00,"product_recurring__c":"Yes","recurring_period__c":"Weekly","company_name__c":"SponsoredLinx","Product_Family__c":"Facebook","Is_Ghost__c":false,"Billed_In_Advance__c":false,"CurrencyIsoCode":"AUD"}|0x78950033
18:44:13.0 (69102842)|STATEMENT_EXECUTE|[16]
18:44:13.0 (69140330)|VARIABLE_ASSIGNMENT|[EXTERNAL]|this|{"product":"0x19b9bb3"}|0x78950033
18:44:13.0 (69155141)|VARIABLE_ASSIGNMENT|[EXTERNAL]|value|1
18:44:13.0 (69164042)|HEAP_ALLOCATE|[5]|Bytes:4
18:44:13.0 (69175308)|VARIABLE_ASSIGNMENT|[5]|this.qty|1|0x78950033
18:44:13.0 (69188048)|STATEMENT_EXECUTE|[17]
18:44:13.0 (69202929)|HEAP_ALLOCATE|[17]|Bytes:28
18:44:13.0 (69240187)|VARIABLE_ASSIGNMENT|[EXTERNAL]|this|{"product":"0x19b9bb3","qty":1}|0x78950033
18:44:13.0 (69253526)|VARIABLE_ASSIGNMENT|[EXTERNAL]|value|0.00
18:44:13.0 (69265157)|VARIABLE_ASSIGNMENT|[8]|this.discount|0.00|0x78950033
18:44:13.0 (69278176)|STATEMENT_EXECUTE|[18]
18:44:13.0 (69325688)|VARIABLE_ASSIGNMENT|[EXTERNAL]|this|{"discount":0.00,"product":"0x19b9bb3","qty":1}|0x78950033
18:44:13.0 (69340077)|VARIABLE_ASSIGNMENT|[EXTERNAL]|value|99.00
18:44:13.0 (69351410)|VARIABLE_ASSIGNMENT|[7]|this.priceGross|99.00|0x78950033
18:44:13.0 (69363508)|STATEMENT_EXECUTE|[19]
18:44:13.0 (69407112)|VARIABLE_ASSIGNMENT|[EXTERNAL]|this|{"discount":0.00,"priceGross":99.00,"product":"0x19b9bb3","qty":1}|0x78950033
18:44:13.0 (69447663)|HEAP_ALLOCATE|[19]|Bytes:28
18:44:13.0 (69494084)|VARIABLE_ASSIGNMENT|[EXTERNAL]|this|{"discount":0.00,"priceGross":99.00,"product":"0x19b9bb3","qty":1}|0x78950033
18:44:13.0 (69507739)|VARIABLE_ASSIGNMENT|[EXTERNAL]|value|99.00
18:44:13.0 (69520867)|VARIABLE_ASSIGNMENT|[9]|this.priceNet|99.00|0x78950033
18:44:13.0 (69542276)|STATEMENT_EXECUTE|[20]
18:44:13.0 (69610664)|VARIABLE_ASSIGNMENT|[EXTERNAL]|this|{"discount":0.00,"priceGross":99.00,"priceNet":99.00,"product":"0x19b9bb3","qty":1}|0x78950033
18:44:13.0 (69627755)|VARIABLE_ASSIGNMENT|[EXTERNAL]|value|false
18:44:13.0 (69642594)|VARIABLE_ASSIGNMENT|[11]|this.isGhost|false|0x78950033
18:44:13.0 (69663505)|CONSTRUCTOR_EXIT|[144]|01p6F000006He6L|<init>(SLX_Product__c)|CartItem
18:44:13.0 (69679734)|HEAP_ALLOCATE|[EXTERNAL]|Bytes:4
18:44:13.0 (69687831)|STATEMENT_EXECUTE|[146]
18:44:13.0 (69769538)|VARIABLE_ASSIGNMENT|[146]|previousProductId|"a1B6F000007u3SoUAI"
18:44:13.0 (69791046)|HEAP_ALLOCATE|[136]|Bytes:5
18:44:13.0 (69805603)|VARIABLE_ASSIGNMENT|[136]|packageProductId|null
18:44:13.0 (69816078)|STATEMENT_EXECUTE|[151]
18:44:13.0 (69822913)|STATEMENT_EXECUTE|[167]
18:44:13.0 (69833953)|METHOD_EXIT|[774]|01p6F000006He6K|Cart.getPackageFromPackageData(Cart.cartPackageData)
18:44:13.0 (69876085)|HEAP_ALLOCATE|[EXTERNAL]|Bytes:4
18:44:13.0 (69898063)|STATEMENT_EXECUTE|[777]
18:44:13.0 (70067889)|HEAP_ALLOCATE|[778]|Bytes:5
18:44:13.0 (70088453)|VARIABLE_ASSIGNMENT|[778]|addonPackageData|null|
18:44:13.0 (70096980)|STATEMENT_EXECUTE|[778]
18:44:13.0 (70106316)|STATEMENT_EXECUTE|[788]
18:44:13.0 (70120585)|SYSTEM_MODE_EXIT|false
18:44:13.0 (70975222)|SYSTEM_MODE_ENTER|true
18:44:13.0 (71031328)|HEAP_ALLOCATE|[EXTERNAL]|Bytes:184
18:44:13.0 (71042634)|VARIABLE_SCOPE_BEGIN|[811]|this|CheckoutController|true|false
18:44:13.0 (71154711)|VARIABLE_ASSIGNMENT|[811]|this|{"acc":"0x548fc710","bjbCompany":"0x891a467","cardDetails":"0x379482e4","companyName":"SponsoredLinX","emailSignupAddress":"signup@sponsoredlinx (4 more) ...","fromSource":"sponsoredlinx.com.au","locale":"AUD","mailing_address":true,"mycart":"0x1088157b","mySite":"0x421a0411","packages":"0x21d707dd","paymentType":"Credit Card","paymentTypesEnabled":"0x471feeb5","signup":"0x39f894c2","siteName":"checkout_SLX"}|0x5c0de79c
18:44:13.0 (71173852)|SYSTEM_MODE_ENTER|false
18:44:13.0 (71181776)|HEAP_ALLOCATE|[812]|Bytes:5
18:44:13.0 (71187638)|STATEMENT_EXECUTE|[811]
18:44:13.0 (71189479)|STATEMENT_EXECUTE|[812]
18:44:13.0 (71213846)|HEAP_ALLOCATE|[812]|Bytes:4
18:44:13.0 (71227858)|VARIABLE_SCOPE_BEGIN|[812]|totals|Map<String,Decimal>|true|false
18:44:13.0 (71245070)|VARIABLE_ASSIGNMENT|[812]|totals|{}|0x2fe0e5f7
18:44:13.0 (71250607)|STATEMENT_EXECUTE|[814]
18:44:13.0 (71258842)|VARIABLE_SCOPE_BEGIN|[814]|description|String|false|false
18:44:13.0 (71269030)|VARIABLE_ASSIGNMENT|[814]|description|""
18:44:13.0 (71302828)|METHOD_ENTRY|[817]|01p6F000006He6M|CheckoutController.getPackages()
18:44:13.0 (71317828)|VARIABLE_SCOPE_BEGIN|[766]|this|CheckoutController|true|false
18:44:13.0 (71401952)|VARIABLE_ASSIGNMENT|[766]|this|{"acc":"0x548fc710","bjbCompany":"0x891a467","cardDetails":"0x379482e4","companyName":"SponsoredLinX","emailSignupAddress":"signup@sponsoredlinx (4 more) ...","fromSource":"sponsoredlinx.com.au","locale":"AUD","mailing_address":true,"mycart":"0x1088157b","mySite":"0x421a0411","packages":"0x21d707dd","paymentType":"Credit Card","paymentTypesEnabled":"0x471feeb5","signup":"0x39f894c2","siteName":"checkout_SLX"}|0x5c0de79c
18:44:13.0 (71417691)|HEAP_ALLOCATE|[768]|Bytes:5
18:44:13.0 (71422654)|STATEMENT_EXECUTE|[766]
18:44:13.0 (71425247)|STATEMENT_EXECUTE|[768]
18:44:13.0 (71430563)|STATEMENT_EXECUTE|[788]
18:44:13.0 (71439229)|METHOD_EXIT|[817]|01p6F000006He6M|CheckoutController.getPackages()
18:44:13.0 (71516006)|HEAP_ALLOCATE|[817]|Bytes:5
18:44:13.0 (71536226)|HEAP_ALLOCATE|[817]|Bytes:12
18:44:13.0 (71544810)|VARIABLE_SCOPE_BEGIN|[817]|items|List<CartItem>|true|false
18:44:13.0 (71601079)|VARIABLE_ASSIGNMENT|[817]|items|[{"discount":0.00,"isGhost":false,"priceGross":399.00,"priceNet":399.00,"product":"0x4b06017f","qty":1},{"discount":0.00,"isGhost":false,"priceGross":99.00,"priceNet":99.00,"product":"0x19b9bb3","qty":1}]|0x7b7cc435
18:44:13.0 (71610553)|STATEMENT_EXECUTE|[817]
18:44:13.0 (71681243)|HEAP_ALLOCATE|[818]|Bytes:5
18:44:13.0 (71693442)|HEAP_ALLOCATE|[818]|Bytes:36
18:44:13.0 (71700051)|VARIABLE_SCOPE_BEGIN|[818]|item|CartItem|true|false
18:44:13.0 (71730496)|VARIABLE_ASSIGNMENT|[818]|item|{"discount":0.00,"isGhost":false,"priceGross":399.00,"priceNet":399.00,"product":"0x4b06017f","qty":1}|0x3b44fde0
18:44:13.0 (71738050)|STATEMENT_EXECUTE|[818]
18:44:13.0 (71739903)|STATEMENT_EXECUTE|[819]
18:44:13.0 (71747347)|HEAP_ALLOCATE|[819]|Bytes:5
18:44:13.0 (71753259)|VARIABLE_SCOPE_BEGIN|[819]|totalType|String|false|false
18:44:13.0 (71763644)|VARIABLE_ASSIGNMENT|[819]|totalType|"setup"
18:44:13.0 (71815850)|VARIABLE_ASSIGNMENT|[EXTERNAL]|this|{"discount":0.00,"isGhost":false,"priceGross":399.00,"priceNet":399.00,"product":"0x4b06017f","qty":1}|0x3b44fde0
18:44:13.0 (71851334)|HEAP_ALLOCATE|[820]|Bytes:3
18:44:13.0 (71877296)|STATEMENT_EXECUTE|[820]
18:44:13.0 (71883301)|STATEMENT_EXECUTE|[824]
18:44:13.0 (71920029)|VARIABLE_ASSIGNMENT|[EXTERNAL]|this|{"discount":0.00,"isGhost":false,"priceGross":399.00,"priceNet":399.00,"product":"0x4b06017f","qty":1}|0x3b44fde0
18:44:13.0 (71957111)|METHOD_ENTRY|[824]|01p6F000006uYhT|Utility.zerofy(Decimal)
18:44:13.0 (71967151)|VARIABLE_SCOPE_BEGIN|[36]|myNumber|Decimal|false|false
18:44:13.0 (71976762)|VARIABLE_ASSIGNMENT|[36]|myNumber|null
18:44:13.0 (71986466)|HEAP_ALLOCATE|[37]|Bytes:5
18:44:13.0 (71992012)|STATEMENT_EXECUTE|[36]
18:44:13.0 (71993717)|STATEMENT_EXECUTE|[37]
18:44:13.0 (72021304)|HEAP_ALLOCATE|[37]|Bytes:28
18:44:13.0 (72026430)|HEAP_ALLOCATE|[37]|Bytes:28
18:44:13.0 (72035443)|METHOD_EXIT|[824]|01p6F000006uYhT|Utility.zerofy(Decimal)
18:44:13.0 (72068498)|HEAP_ALLOCATE|[824]|Bytes:28
18:44:13.0 (72073062)|HEAP_ALLOCATE|[824]|Bytes:28
18:44:13.0 (72093326)|HEAP_ALLOCATE|[EXTERNAL]|Bytes:-4
18:44:13.0 (72107476)|HEAP_ALLOCATE|[818]|Bytes:5
18:44:13.0 (72120900)|HEAP_ALLOCATE|[818]|Bytes:36
18:44:13.0 (72130825)|VARIABLE_SCOPE_BEGIN|[818]|item|CartItem|true|false
18:44:13.0 (72174721)|VARIABLE_ASSIGNMENT|[818]|item|{"discount":0.00,"isGhost":false,"priceGross":99.00,"priceNet":99.00,"product":"0x19b9bb3","qty":1}|0x78950033
18:44:13.0 (72187909)|STATEMENT_EXECUTE|[818]
18:44:13.0 (72190189)|STATEMENT_EXECUTE|[819]
18:44:13.0 (72202213)|VARIABLE_SCOPE_BEGIN|[819]|totalType|String|false|false
18:44:13.0 (72219808)|VARIABLE_ASSIGNMENT|[819]|totalType|"setup"
18:44:13.0 (72267589)|VARIABLE_ASSIGNMENT|[EXTERNAL]|this|{"discount":0.00,"isGhost":false,"priceGross":99.00,"priceNet":99.00,"product":"0x19b9bb3","qty":1}|0x78950033
18:44:13.0 (72336831)|VARIABLE_ASSIGNMENT|[EXTERNAL]|this|{"discount":0.00,"isGhost":false,"priceGross":99.00,"priceNet":99.00,"product":"0x19b9bb3","qty":1}|0x78950033
18:44:13.0 (72378623)|STATEMENT_EXECUTE|[820]
18:44:13.0 (72381647)|STATEMENT_EXECUTE|[821]
18:44:13.0 (72440166)|VARIABLE_ASSIGNMENT|[EXTERNAL]|this|{"discount":0.00,"isGhost":false,"priceGross":99.00,"priceNet":99.00,"product":"0x19b9bb3","qty":1}|0x78950033
18:44:13.0 (72487304)|HEAP_ALLOCATE|[821]|Bytes:6
18:44:13.0 (72503458)|VARIABLE_ASSIGNMENT|[821]|totalType|"weekly"
18:44:13.0 (72508726)|STATEMENT_EXECUTE|[824]
18:44:13.0 (72539977)|VARIABLE_ASSIGNMENT|[EXTERNAL]|this|{"discount":0.00,"isGhost":false,"priceGross":99.00,"priceNet":99.00,"product":"0x19b9bb3","qty":1}|0x78950033
18:44:13.0 (72565063)|METHOD_ENTRY|[824]|01p6F000006uYhT|Utility.zerofy(Decimal)
18:44:13.0 (72571927)|VARIABLE_SCOPE_BEGIN|[36]|myNumber|Decimal|false|false
18:44:13.0 (72581144)|VARIABLE_ASSIGNMENT|[36]|myNumber|null
18:44:13.0 (72591011)|HEAP_ALLOCATE|[37]|Bytes:5
18:44:13.0 (72596274)|STATEMENT_EXECUTE|[36]
18:44:13.0 (72597953)|STATEMENT_EXECUTE|[37]
18:44:13.0 (72609474)|HEAP_ALLOCATE|[37]|Bytes:28
18:44:13.0 (72614331)|HEAP_ALLOCATE|[37]|Bytes:28
18:44:13.0 (72621264)|METHOD_EXIT|[824]|01p6F000006uYhT|Utility.zerofy(Decimal)
18:44:13.0 (72640925)|HEAP_ALLOCATE|[824]|Bytes:28
18:44:13.0 (72645272)|HEAP_ALLOCATE|[824]|Bytes:28
18:44:13.0 (72660026)|HEAP_ALLOCATE|[EXTERNAL]|Bytes:-4
18:44:13.0 (72673632)|HEAP_ALLOCATE|[818]|Bytes:5
18:44:13.0 (72684814)|VARIABLE_ASSIGNMENT|[818]|item|null|
18:44:13.0 (72694667)|HEAP_ALLOCATE|[817]|Bytes:5
18:44:13.0 (72704491)|VARIABLE_ASSIGNMENT|[817]|items|null|
18:44:13.0 (72713464)|HEAP_ALLOCATE|[828]|Bytes:6
18:44:13.0 (72754662)|HEAP_ALLOCATE|[828]|Bytes:28
18:44:13.0 (72773546)|HEAP_ALLOCATE|[828]|Bytes:28
18:44:13.0 (72779911)|HEAP_ALLOCATE|[828]|Bytes:28
18:44:13.0 (72811466)|STATEMENT_EXECUTE|[828]
18:44:13.0 (72819307)|HEAP_ALLOCATE|[835]|Bytes:7
18:44:13.0 (72851623)|STATEMENT_EXECUTE|[835]
18:44:13.0 (72870838)|HEAP_ALLOCATE|[842]|Bytes:28
18:44:13.0 (72882789)|HEAP_ALLOCATE|[842]|Bytes:28
18:44:13.0 (72888840)|HEAP_ALLOCATE|[842]|Bytes:28
18:44:13.0 (72917376)|STATEMENT_EXECUTE|[842]
18:44:13.0 (72934481)|STATEMENT_EXECUTE|[849]
18:44:13.0 (72939971)|STATEMENT_EXECUTE|[853]
18:44:13.0 (72949023)|SYSTEM_MODE_EXIT|false
18:44:13.0 (73092526)|SYSTEM_MODE_ENTER|true
18:44:13.0 (73157917)|HEAP_ALLOCATE|[EXTERNAL]|Bytes:184
18:44:13.0 (73171761)|VARIABLE_SCOPE_BEGIN|[792]|this|CheckoutController|true|false
18:44:13.0 (73300291)|VARIABLE_ASSIGNMENT|[792]|this|{"acc":"0x548fc710","bjbCompany":"0x891a467","cardDetails":"0x379482e4","companyName":"SponsoredLinX","emailSignupAddress":"signup@sponsoredlinx (4 more) ...","fromSource":"sponsoredlinx.com.au","locale":"AUD","mailing_address":true,"mycart":"0x1088157b","mySite":"0x421a0411","packages":"0x21d707dd","paymentType":"Credit Card","paymentTypesEnabled":"0x471feeb5","signup":"0x39f894c2","siteName":"checkout_SLX"}|0x5c0de79c
18:44:13.0 (73326450)|SYSTEM_MODE_ENTER|false
18:44:13.0 (73336087)|HEAP_ALLOCATE|[793]|Bytes:5
18:44:13.0 (73343163)|STATEMENT_EXECUTE|[792]
18:44:13.0 (73345230)|STATEMENT_EXECUTE|[793]
18:44:13.0 (73361683)|HEAP_ALLOCATE|[793]|Bytes:4
18:44:13.0 (73370733)|VARIABLE_SCOPE_BEGIN|[793]|totals|Map<String,Decimal>|true|false
18:44:13.0 (73385460)|VARIABLE_ASSIGNMENT|[793]|totals|{}|0x141cf408
18:44:13.0 (73402022)|METHOD_ENTRY|[796]|01p6F000006He6M|CheckoutController.getPackages()
18:44:13.0 (73415959)|VARIABLE_SCOPE_BEGIN|[766]|this|CheckoutController|true|false
18:44:13.0 (73499676)|VARIABLE_ASSIGNMENT|[766]|this|{"acc":"0x548fc710","bjbCompany":"0x891a467","cardDetails":"0x379482e4","companyName":"SponsoredLinX","emailSignupAddress":"signup@sponsoredlinx (4 more) ...","fromSource":"sponsoredlinx.com.au","locale":"AUD","mailing_address":true,"mycart":"0x1088157b","mySite":"0x421a0411","packages":"0x21d707dd","paymentType":"Credit Card","paymentTypesEnabled":"0x471feeb5","signup":"0x39f894c2","siteName":"checkout_SLX"}|0x5c0de79c
18:44:13.0 (73514834)|HEAP_ALLOCATE|[768]|Bytes:5
18:44:13.0 (73519246)|STATEMENT_EXECUTE|[766]
18:44:13.0 (73521824)|STATEMENT_EXECUTE|[768]
18:44:13.0 (73527111)|STATEMENT_EXECUTE|[788]
18:44:13.0 (73535683)|METHOD_EXIT|[796]|01p6F000006He6M|CheckoutController.getPackages()
18:44:13.0 (73558936)|HEAP_ALLOCATE|[796]|Bytes:5
18:44:13.0 (73581312)|HEAP_ALLOCATE|[796]|Bytes:12
18:44:13.0 (73588916)|VARIABLE_SCOPE_BEGIN|[796]|items|List<CartItem>|true|false
18:44:13.0 (73634313)|VARIABLE_ASSIGNMENT|[796]|items|[{"discount":0.00,"isGhost":false,"priceGross":399.00,"priceNet":399.00,"product":"0x4b06017f","qty":1},{"discount":0.00,"isGhost":false,"priceGross":99.00,"priceNet":99.00,"product":"0x19b9bb3","qty":1}]|0x7b7cc435
18:44:13.0 (73643170)|STATEMENT_EXECUTE|[796]
18:44:13.0 (73669796)|HEAP_ALLOCATE|[797]|Bytes:5
18:44:13.0 (73679264)|HEAP_ALLOCATE|[797]|Bytes:36
18:44:13.0 (73685047)|VARIABLE_SCOPE_BEGIN|[797]|item|CartItem|true|false
18:44:13.0 (73712053)|VARIABLE_ASSIGNMENT|[797]|item|{"discount":0.00,"isGhost":false,"priceGross":399.00,"priceNet":399.00,"product":"0x4b06017f","qty":1}|0x3b44fde0
18:44:13.0 (73718734)|STATEMENT_EXECUTE|[797]
18:44:13.0 (73720409)|STATEMENT_EXECUTE|[798]
18:44:13.0 (73727908)|VARIABLE_SCOPE_BEGIN|[798]|totalType|String|false|false
18:44:13.0 (73737453)|VARIABLE_ASSIGNMENT|[798]|totalType|"setup"
18:44:13.0 (73772871)|VARIABLE_ASSIGNMENT|[EXTERNAL]|this|{"discount":0.00,"isGhost":false,"priceGross":399.00,"priceNet":399.00,"product":"0x4b06017f","qty":1}|0x3b44fde0
18:44:13.0 (73799189)|STATEMENT_EXECUTE|[799]
18:44:13.0 (73804604)|STATEMENT_EXECUTE|[803]
18:44:13.0 (73844776)|VARIABLE_ASSIGNMENT|[EXTERNAL]|this|{"discount":0.00,"isGhost":false,"priceGross":399.00,"priceNet":399.00,"product":"0x4b06017f","qty":1}|0x3b44fde0
18:44:13.0 (73869523)|METHOD_ENTRY|[803]|01p6F000006uYhT|Utility.zerofy(Decimal)
18:44:13.0 (73875693)|VARIABLE_SCOPE_BEGIN|[36]|myNumber|Decimal|false|false
18:44:13.0 (73884365)|VARIABLE_ASSIGNMENT|[36]|myNumber|null
18:44:13.0 (73893622)|HEAP_ALLOCATE|[37]|Bytes:5
18:44:13.0 (73898285)|STATEMENT_EXECUTE|[36]
18:44:13.0 (73899861)|STATEMENT_EXECUTE|[37]
18:44:13.0 (73911263)|HEAP_ALLOCATE|[37]|Bytes:28
18:44:13.0 (73915083)|HEAP_ALLOCATE|[37]|Bytes:28
18:44:13.0 (73923238)|METHOD_EXIT|[803]|01p6F000006uYhT|Utility.zerofy(Decimal)
18:44:13.0 (73947078)|HEAP_ALLOCATE|[803]|Bytes:28
18:44:13.0 (73964173)|HEAP_ALLOCATE|[EXTERNAL]|Bytes:-4
18:44:13.0 (73977119)|HEAP_ALLOCATE|[797]|Bytes:5
18:44:13.0 (73986744)|HEAP_ALLOCATE|[797]|Bytes:36
18:44:13.0 (73992510)|VARIABLE_SCOPE_BEGIN|[797]|item|CartItem|true|false
18:44:13.0 (74020859)|VARIABLE_ASSIGNMENT|[797]|item|{"discount":0.00,"isGhost":false,"priceGross":99.00,"priceNet":99.00,"product":"0x19b9bb3","qty":1}|0x78950033
18:44:13.0 (74028342)|STATEMENT_EXECUTE|[797]
18:44:13.0 (74029887)|STATEMENT_EXECUTE|[798]
18:44:13.0 (74036537)|VARIABLE_SCOPE_BEGIN|[798]|totalType|String|false|false
18:44:13.0 (74045713)|VARIABLE_ASSIGNMENT|[798]|totalType|"setup"
18:44:13.0 (74073051)|VARIABLE_ASSIGNMENT|[EXTERNAL]|this|{"discount":0.00,"isGhost":false,"priceGross":99.00,"priceNet":99.00,"product":"0x19b9bb3","qty":1}|0x78950033
18:44:13.0 (74114013)|VARIABLE_ASSIGNMENT|[EXTERNAL]|this|{"discount":0.00,"isGhost":false,"priceGross":99.00,"priceNet":99.00,"product":"0x19b9bb3","qty":1}|0x78950033
18:44:13.0 (74146039)|STATEMENT_EXECUTE|[799]
18:44:13.0 (74147911)|STATEMENT_EXECUTE|[800]
18:44:13.0 (74203658)|VARIABLE_ASSIGNMENT|[EXTERNAL]|this|{"discount":0.00,"isGhost":false,"priceGross":99.00,"priceNet":99.00,"product":"0x19b9bb3","qty":1}|0x78950033
18:44:13.0 (74257931)|HEAP_ALLOCATE|[800]|Bytes:6
18:44:13.0 (74280022)|VARIABLE_ASSIGNMENT|[800]|totalType|"weekly"
18:44:13.0 (74286274)|STATEMENT_EXECUTE|[803]
18:44:13.0 (74319390)|VARIABLE_ASSIGNMENT|[EXTERNAL]|this|{"discount":0.00,"isGhost":false,"priceGross":99.00,"priceNet":99.00,"product":"0x19b9bb3","qty":1}|0x78950033
18:44:13.0 (74340668)|METHOD_ENTRY|[803]|01p6F000006uYhT|Utility.zerofy(Decimal)
18:44:13.0 (74346718)|VARIABLE_SCOPE_BEGIN|[36]|myNumber|Decimal|false|false
18:44:13.0 (74355284)|VARIABLE_ASSIGNMENT|[36]|myNumber|null
18:44:13.0 (74364810)|HEAP_ALLOCATE|[37]|Bytes:5
18:44:13.0 (74369359)|STATEMENT_EXECUTE|[36]
18:44:13.0 (74370932)|STATEMENT_EXECUTE|[37]
18:44:13.0 (74381922)|HEAP_ALLOCATE|[37]|Bytes:28
18:44:13.0 (74386599)|HEAP_ALLOCATE|[37]|Bytes:28
18:44:13.0 (74393125)|METHOD_EXIT|[803]|01p6F000006uYhT|Utility.zerofy(Decimal)
18:44:13.0 (74412429)|HEAP_ALLOCATE|[803]|Bytes:28
18:44:13.0 (74427322)|HEAP_ALLOCATE|[EXTERNAL]|Bytes:-4
18:44:13.0 (74440530)|HEAP_ALLOCATE|[797]|Bytes:5
18:44:13.0 (74451586)|VARIABLE_ASSIGNMENT|[797]|item|null|
18:44:13.0 (74462052)|HEAP_ALLOCATE|[796]|Bytes:5
18:44:13.0 (74471413)|VARIABLE_ASSIGNMENT|[796]|items|null|
18:44:13.0 (74475756)|STATEMENT_EXECUTE|[807]
18:44:13.0 (74482497)|SYSTEM_MODE_EXIT|false
18:44:13.0 (74683137)|SYSTEM_MODE_ENTER|true
18:44:13.0 (78420291)|SYSTEM_MODE_ENTER|true
18:44:13.0 (96345929)|SYSTEM_MODE_ENTER|true
18:44:13.0 (96411579)|HEAP_ALLOCATE|[EXTERNAL]|Bytes:184
18:44:13.0 (96423494)|VARIABLE_SCOPE_BEGIN|[692]|this|CheckoutController|true|false
18:44:13.0 (96580939)|VARIABLE_ASSIGNMENT|[692]|this|{"acc":"0x548fc710","bjbCompany":"0x891a467","cardDetails":"0x379482e4","companyName":"SponsoredLinX","emailSignupAddress":"signup@sponsoredlinx (4 more) ...","fromSource":"sponsoredlinx.com.au","locale":"AUD","mailing_address":true,"mycart":"0x1088157b","mySite":"0x421a0411","packages":"0x21d707dd","paymentType":"Credit Card","paymentTypesEnabled":"0x471feeb5","signup":"0x39f894c2","siteName":"checkout_SLX"}|0x5c0de79c
18:44:13.0 (96610840)|SYSTEM_MODE_ENTER|false
18:44:13.0 (96620180)|HEAP_ALLOCATE|[693]|Bytes:5
18:44:13.0 (96627916)|STATEMENT_EXECUTE|[692]
18:44:13.0 (96630975)|STATEMENT_EXECUTE|[693]
18:44:13.0 (96647945)|SYSTEM_MODE_EXIT|false
18:44:13.0 (97435924)|SYSTEM_MODE_ENTER|true
18:44:13.0 (97491104)|HEAP_ALLOCATE|[EXTERNAL]|Bytes:184
18:44:13.0 (97501572)|VARIABLE_SCOPE_BEGIN|[1380]|this|CheckoutController|true|false
18:44:13.0 (97598328)|VARIABLE_ASSIGNMENT|[1380]|this|{"acc":"0x548fc710","bjbCompany":"0x891a467","cardDetails":"0x379482e4","companyName":"SponsoredLinX","emailSignupAddress":"signup@sponsoredlinx (4 more) ...","fromSource":"sponsoredlinx.com.au","locale":"AUD","mailing_address":true,"mycart":"0x1088157b","mySite":"0x421a0411","packages":"0x21d707dd","paymentType":"Credit Card","paymentTypesEnabled":"0x471feeb5","signup":"0x39f894c2","siteName":"checkout_SLX"}|0x5c0de79c
18:44:13.0 (97617129)|SYSTEM_MODE_ENTER|false
18:44:13.0 (97624135)|HEAP_ALLOCATE|[1381]|Bytes:5
18:44:13.0 (97629904)|STATEMENT_EXECUTE|[1380]
18:44:13.0 (97631904)|STATEMENT_EXECUTE|[1381]
18:44:13.0 (97650208)|HEAP_ALLOCATE|[1381]|Bytes:4
18:44:13.0 (97688600)|VARIABLE_SCOPE_BEGIN|[1381]|options|List<System.SelectOption>|true|false
18:44:13.0 (97728035)|HEAP_ALLOCATE|[EXTERNAL]|Bytes:4
18:44:13.0 (97743023)|VARIABLE_ASSIGNMENT|[1381]|options|[]|0x460210f4
18:44:13.0 (97751808)|STATEMENT_EXECUTE|[1382]
18:44:13.0 (97827063)|HEAP_ALLOCATE|[EXTERNAL]|Bytes:4
18:44:13.0 (97842026)|HEAP_ALLOCATE|[1384]|Bytes:12
18:44:13.0 (97871696)|STATEMENT_EXECUTE|[1384]
18:44:13.0 (97878104)|STATEMENT_EXECUTE|[1388]
18:44:13.0 (97884500)|SYSTEM_MODE_EXIT|false
18:44:13.0 (97996381)|SYSTEM_MODE_ENTER|true
18:44:13.0 (98768022)|SYSTEM_MODE_ENTER|true
18:44:13.0 (99871994)|SYSTEM_MODE_ENTER|true
18:44:13.0 (99925718)|HEAP_ALLOCATE|[EXTERNAL]|Bytes:184
18:44:13.0 (99935851)|VARIABLE_SCOPE_BEGIN|[745]|this|CheckoutController|true|false
18:44:13.0 (100036179)|VARIABLE_ASSIGNMENT|[745]|this|{"acc":"0x548fc710","bjbCompany":"0x891a467","cardDetails":"0x379482e4","companyName":"SponsoredLinX","emailSignupAddress":"signup@sponsoredlinx (4 more) ...","fromSource":"sponsoredlinx.com.au","locale":"AUD","mailing_address":true,"mycart":"0x1088157b","mySite":"0x421a0411","packages":"0x21d707dd","paymentType":"Credit Card","paymentTypesEnabled":"0x471feeb5","signup":"0x39f894c2","siteName":"checkout_SLX"}|0x5c0de79c
18:44:13.0 (100056789)|SYSTEM_MODE_ENTER|false
18:44:13.0 (100064616)|HEAP_ALLOCATE|[746]|Bytes:5
18:44:13.0 (100070558)|STATEMENT_EXECUTE|[745]
18:44:13.0 (100072549)|STATEMENT_EXECUTE|[746]
18:44:13.0 (100092747)|HEAP_ALLOCATE|[746]|Bytes:4
18:44:13.0 (100126842)|VARIABLE_SCOPE_BEGIN|[746]|productFamilies|Set<String>|true|false
18:44:13.0 (100154415)|VARIABLE_ASSIGNMENT|[746]|productFamilies|[]|0x745f3842
18:44:13.0 (100179890)|METHOD_ENTRY|[748]|01p6F000006He6K|Cart.getPackageFromPackageData(Cart.cartPackageData)
18:44:13.0 (100196769)|VARIABLE_SCOPE_BEGIN|[128]|this|Cart|true|false
18:44:13.0 (100220862)|VARIABLE_ASSIGNMENT|[128]|this|{"companyName":"SponsoredLinX","myPackageData":"0x4127b77"}|0x1088157b
18:44:13.0 (100228250)|VARIABLE_SCOPE_BEGIN|[128]|fromPackageData|Cart.cartPackageData|true|false
18:44:13.0 (100272009)|VARIABLE_ASSIGNMENT|[128]|fromPackageData|{"addons":"0x6e206709","addTime":"2018-09-28T08:44:10.624Z","productIds":"0x243e1714","productType":"Facebook"}|0x4127b77
18:44:13.0 (100282218)|STATEMENT_EXECUTE|[128]
18:44:13.0 (100284162)|STATEMENT_EXECUTE|[129]
18:44:13.0 (100298423)|HEAP_ALLOCATE|[129]|Bytes:4
18:44:13.0 (100312304)|VARIABLE_SCOPE_BEGIN|[129]|items|List<CartItem>|true|false
18:44:13.0 (100330810)|HEAP_ALLOCATE|[EXTERNAL]|Bytes:4
18:44:13.0 (100339153)|VARIABLE_ASSIGNMENT|[129]|items|[]|0x10ba66ee
18:44:13.0 (100346083)|STATEMENT_EXECUTE|[132]
18:44:13.0 (100347719)|STATEMENT_EXECUTE|[133]
18:44:13.0 (100361499)|HEAP_ALLOCATE|[133]|Bytes:4
18:44:13.0 (100371935)|HEAP_ALLOCATE|[133]|Bytes:4
18:44:13.0 (100729925)|SOQL_EXECUTE_BEGIN|[133]|Aggregations:0|SELECT Id, Name, product_price__c, product_recurring__c, recurring_period__c, company_name__c, Product_Family__c, Is_Ghost__c, Billed_In_Advance__c FROM SLX_Product__c WHERE (IsActive__c = TRUE AND company_name__c = :tmpVar1 AND Id IN :tmpVar2)
18:44:13.0 (103517550)|SOQL_EXECUTE_END|[133]|Rows:2
18:44:13.0 (103545400)|HEAP_ALLOCATE|[133]|Bytes:12
18:44:13.0 (103575849)|HEAP_ALLOCATE|[133]|Bytes:602
18:44:13.0 (103608878)|HEAP_ALLOCATE|[133]|Bytes:12
18:44:13.0 (103630807)|HEAP_ALLOCATE|[133]|Bytes:40
18:44:13.0 (103646706)|HEAP_ALLOCATE|[133]|Bytes:4
18:44:13.0 (103655764)|HEAP_ALLOCATE|[133]|Bytes:44
18:44:13.0 (103669788)|HEAP_ALLOCATE|[133]|Bytes:4
18:44:13.0 (103680981)|VARIABLE_SCOPE_BEGIN|[133]|productsMap|Map<Id,SLX_Product__c>|true|false
18:44:13.0 (103760523)|VARIABLE_ASSIGNMENT|[133]|productsMap|{"a1B6F000007u3QcUAI":{"Id":"a1B6F000007u3QcUAI","Name":"Social Engage - Supe (7 more) ...","product_price__c":399.00,"product_recurring__c":"No","company_name__c":"SponsoredLinx","Product_Family__c":"Facebook","Is_Ghost__c":false,"Billed_In_Advance__c":true,"CurrencyIsoCode":"AUD"},"a1B6F000007u3SoUAI":{"Id":"a1B6F000007u3SoUAI","Name":"Social Engage - Supe (19 more) ...","product_price__c":99.00,"product_recurring__c":"Yes","recurring_period__c":"Weekly","company_name__c":"SponsoredLinx","Product_Family__c":"Facebook","Is_Ghost__c":false,"Billed_In_Advance__c":false,"CurrencyIsoCode":"AUD"}}|0x5f146a85
18:44:13.0 (103781825)|STATEMENT_EXECUTE|[135]
18:44:13.0 (103795631)|VARIABLE_SCOPE_BEGIN|[135]|previousProductId|Id|false|false
18:44:13.0 (103810835)|VARIABLE_ASSIGNMENT|[135]|previousProductId|null
18:44:13.0 (103854443)|HEAP_ALLOCATE|[136]|Bytes:5
18:44:13.0 (103873653)|HEAP_ALLOCATE|[136]|Bytes:18
18:44:13.0 (103913420)|HEAP_ALLOCATE|[136]|Bytes:4
18:44:13.0 (103921646)|VARIABLE_SCOPE_BEGIN|[136]|packageProductId|Id|false|false
18:44:13.0 (104128095)|VARIABLE_ASSIGNMENT|[136]|packageProductId|"a1B6F000007u3QcUAI"
18:44:13.0 (104139803)|STATEMENT_EXECUTE|[136]
18:44:13.0 (104142277)|STATEMENT_EXECUTE|[137]
18:44:13.0 (104173040)|VARIABLE_SCOPE_BEGIN|[137]|product|SLX_Product__c|true|false
18:44:13.0 (104213259)|VARIABLE_ASSIGNMENT|[137]|product|{"Id":"a1B6F000007u3QcUAI","Name":"Social Engage - Supe (7 more) ...","product_price__c":399.00,"product_recurring__c":"No","company_name__c":"SponsoredLinx","Product_Family__c":"Facebook","Is_Ghost__c":false,"Billed_In_Advance__c":true,"CurrencyIsoCode":"AUD"}|0x3616fb70
18:44:13.0 (104228003)|STATEMENT_EXECUTE|[140]
18:44:13.0 (104234827)|STATEMENT_EXECUTE|[144]
18:44:13.0 (104245693)|HEAP_ALLOCATE|[144]|Bytes:36
18:44:13.0 (104265052)|CONSTRUCTOR_ENTRY|[144]|01p6F000006He6L|<init>(SLX_Product__c)|CartItem
18:44:13.0 (104279223)|VARIABLE_SCOPE_BEGIN|[13]|this|CartItem|true|false
18:44:13.0 (104319570)|VARIABLE_ASSIGNMENT|[13]|this|{}|0x45ad9983
18:44:13.0 (104330575)|VARIABLE_SCOPE_BEGIN|[13]|product|SLX_Product__c|true|false
18:44:13.0 (104364006)|VARIABLE_ASSIGNMENT|[13]|product|{"Id":"a1B6F000007u3QcUAI","Name":"Social Engage - Supe (7 more) ...","product_price__c":399.00,"product_recurring__c":"No","company_name__c":"SponsoredLinx","Product_Family__c":"Facebook","Is_Ghost__c":false,"Billed_In_Advance__c":true,"CurrencyIsoCode":"AUD"}|0x3616fb70
18:44:13.0 (104378119)|STATEMENT_EXECUTE|[1]
18:44:13.0 (104380659)|STATEMENT_EXECUTE|[3]
18:44:13.0 (104387499)|STATEMENT_EXECUTE|[5]
18:44:13.0 (104392010)|STATEMENT_EXECUTE|[6]
18:44:13.0 (104396612)|STATEMENT_EXECUTE|[7]
18:44:13.0 (104400810)|STATEMENT_EXECUTE|[8]
18:44:13.0 (104405414)|STATEMENT_EXECUTE|[9]
18:44:13.0 (104409889)|STATEMENT_EXECUTE|[10]
18:44:13.0 (104414791)|STATEMENT_EXECUTE|[11]
18:44:13.0 (104437657)|STATEMENT_EXECUTE|[13]
18:44:13.0 (104440151)|STATEMENT_EXECUTE|[14]
18:44:13.0 (104479073)|VARIABLE_ASSIGNMENT|[EXTERNAL]|this|{}|0x45ad9983
18:44:13.0 (104516917)|VARIABLE_ASSIGNMENT|[EXTERNAL]|value|{"Id":"a1B6F000007u3QcUAI","Name":"Social Engage - Supe (7 more) ...","product_price__c":399.00,"product_recurring__c":"No","company_name__c":"SponsoredLinx","Product_Family__c":"Facebook","Is_Ghost__c":false,"Billed_In_Advance__c":true,"CurrencyIsoCode":"AUD"}|0x3616fb70
18:44:13.0 (104562447)|VARIABLE_ASSIGNMENT|[3]|this.product|{"Id":"a1B6F000007u3QcUAI","Name":"Social Engage - Supe (7 more) ...","product_price__c":399.00,"product_recurring__c":"No","company_name__c":"SponsoredLinx","Product_Family__c":"Facebook","Is_Ghost__c":false,"Billed_In_Advance__c":true,"CurrencyIsoCode":"AUD"}|0x45ad9983
18:44:13.0 (104584031)|STATEMENT_EXECUTE|[16]
18:44:13.0 (104626944)|VARIABLE_ASSIGNMENT|[EXTERNAL]|this|{"product":"0x3616fb70"}|0x45ad9983
18:44:13.0 (104645338)|VARIABLE_ASSIGNMENT|[EXTERNAL]|value|1
18:44:13.0 (104654284)|HEAP_ALLOCATE|[5]|Bytes:4
18:44:13.0 (104673142)|VARIABLE_ASSIGNMENT|[5]|this.qty|1|0x45ad9983
18:44:13.0 (104687726)|STATEMENT_EXECUTE|[17]
18:44:13.0 (104708808)|HEAP_ALLOCATE|[17]|Bytes:28
18:44:13.0 (104749339)|VARIABLE_ASSIGNMENT|[EXTERNAL]|this|{"product":"0x3616fb70","qty":1}|0x45ad9983
18:44:13.0 (104765421)|VARIABLE_ASSIGNMENT|[EXTERNAL]|value|0.00
18:44:13.0 (104777941)|VARIABLE_ASSIGNMENT|[8]|this.discount|0.00|0x45ad9983
18:44:13.0 (104790413)|STATEMENT_EXECUTE|[18]
18:44:13.0 (104842231)|VARIABLE_ASSIGNMENT|[EXTERNAL]|this|{"discount":0.00,"product":"0x3616fb70","qty":1}|0x45ad9983
18:44:13.0 (104856664)|VARIABLE_ASSIGNMENT|[EXTERNAL]|value|399.00
18:44:13.0 (104869854)|VARIABLE_ASSIGNMENT|[7]|this.priceGross|399.00|0x45ad9983
18:44:13.0 (104882810)|STATEMENT_EXECUTE|[19]
18:44:13.0 (104927900)|VARIABLE_ASSIGNMENT|[EXTERNAL]|this|{"discount":0.00,"priceGross":399.00,"product":"0x3616fb70","qty":1}|0x45ad9983
18:44:13.0 (104986151)|HEAP_ALLOCATE|[19]|Bytes:28
18:44:13.0 (105037494)|VARIABLE_ASSIGNMENT|[EXTERNAL]|this|{"discount":0.00,"priceGross":399.00,"product":"0x3616fb70","qty":1}|0x45ad9983
18:44:13.0 (105052966)|VARIABLE_ASSIGNMENT|[EXTERNAL]|value|399.00
18:44:13.0 (105065847)|VARIABLE_ASSIGNMENT|[9]|this.priceNet|399.00|0x45ad9983
18:44:13.0 (105079123)|STATEMENT_EXECUTE|[20]
18:44:13.0 (105126399)|VARIABLE_ASSIGNMENT|[EXTERNAL]|this|{"discount":0.00,"priceGross":399.00,"priceNet":399.00,"product":"0x3616fb70","qty":1}|0x45ad9983
18:44:13.0 (105141482)|VARIABLE_ASSIGNMENT|[EXTERNAL]|value|false
18:44:13.0 (105153074)|VARIABLE_ASSIGNMENT|[11]|this.isGhost|false|0x45ad9983
18:44:13.0 (105174270)|CONSTRUCTOR_EXIT|[144]|01p6F000006He6L|<init>(SLX_Product__c)|CartItem
18:44:13.0 (105196063)|HEAP_ALLOCATE|[EXTERNAL]|Bytes:4
18:44:13.0 (105206762)|STATEMENT_EXECUTE|[146]
18:44:13.0 (105310311)|VARIABLE_ASSIGNMENT|[146]|previousProductId|"a1B6F000007u3QcUAI"
18:44:13.0 (105333904)|HEAP_ALLOCATE|[136]|Bytes:5
18:44:13.0 (105349690)|HEAP_ALLOCATE|[136]|Bytes:18
18:44:13.0 (105376982)|HEAP_ALLOCATE|[136]|Bytes:4
18:44:13.0 (105385255)|VARIABLE_SCOPE_BEGIN|[136]|packageProductId|Id|false|false
18:44:13.0 (105476061)|VARIABLE_ASSIGNMENT|[136]|packageProductId|"a1B6F000007u3SoUAI"
18:44:13.0 (105486099)|STATEMENT_EXECUTE|[136]
18:44:13.0 (105488894)|STATEMENT_EXECUTE|[137]
18:44:13.0 (105515585)|VARIABLE_SCOPE_BEGIN|[137]|product|SLX_Product__c|true|false
18:44:13.0 (105557458)|VARIABLE_ASSIGNMENT|[137]|product|{"Id":"a1B6F000007u3SoUAI","Name":"Social Engage - Supe (19 more) ...","product_price__c":99.00,"product_recurring__c":"Yes","recurring_period__c":"Weekly","company_name__c":"SponsoredLinx","Product_Family__c":"Facebook","Is_Ghost__c":false,"Billed_In_Advance__c":false,"CurrencyIsoCode":"AUD"}|0x87f434b
18:44:13.0 (105572103)|STATEMENT_EXECUTE|[140]
18:44:13.0 (105579071)|STATEMENT_EXECUTE|[144]
18:44:13.0 (105588445)|HEAP_ALLOCATE|[144]|Bytes:36
18:44:13.0 (105604740)|CONSTRUCTOR_ENTRY|[144]|01p6F000006He6L|<init>(SLX_Product__c)|CartItem
18:44:13.0 (105615882)|VARIABLE_SCOPE_BEGIN|[13]|this|CartItem|true|false
18:44:13.0 (105648122)|VARIABLE_ASSIGNMENT|[13]|this|{}|0x74434083
18:44:13.0 (105657883)|VARIABLE_SCOPE_BEGIN|[13]|product|SLX_Product__c|true|false
18:44:13.0 (105699078)|VARIABLE_ASSIGNMENT|[13]|product|{"Id":"a1B6F000007u3SoUAI","Name":"Social Engage - Supe (19 more) ...","product_price__c":99.00,"product_recurring__c":"Yes","recurring_period__c":"Weekly","company_name__c":"SponsoredLinx","Product_Family__c":"Facebook","Is_Ghost__c":false,"Billed_In_Advance__c":false,"CurrencyIsoCode":"AUD"}|0x87f434b
18:44:13.0 (105714331)|STATEMENT_EXECUTE|[1]
18:44:13.0 (105716898)|STATEMENT_EXECUTE|[3]
18:44:13.0 (105723361)|STATEMENT_EXECUTE|[5]
18:44:13.0 (105727748)|STATEMENT_EXECUTE|[6]
18:44:13.0 (105732110)|STATEMENT_EXECUTE|[7]
18:44:13.0 (105736515)|STATEMENT_EXECUTE|[8]
18:44:13.0 (105741046)|STATEMENT_EXECUTE|[9]
18:44:13.0 (105745315)|STATEMENT_EXECUTE|[10]
18:44:13.0 (105749797)|STATEMENT_EXECUTE|[11]
18:44:13.0 (105768934)|STATEMENT_EXECUTE|[13]
18:44:13.0 (105771520)|STATEMENT_EXECUTE|[14]
18:44:13.0 (105803245)|VARIABLE_ASSIGNMENT|[EXTERNAL]|this|{}|0x74434083
18:44:13.0 (105838781)|VARIABLE_ASSIGNMENT|[EXTERNAL]|value|{"Id":"a1B6F000007u3SoUAI","Name":"Social Engage - Supe (19 more) ...","product_price__c":99.00,"product_recurring__c":"Yes","recurring_period__c":"Weekly","company_name__c":"SponsoredLinx","Product_Family__c":"Facebook","Is_Ghost__c":false,"Billed_In_Advance__c":false,"CurrencyIsoCode":"AUD"}|0x87f434b
18:44:13.0 (105880476)|VARIABLE_ASSIGNMENT|[3]|this.product|{"Id":"a1B6F000007u3SoUAI","Name":"Social Engage - Supe (19 more) ...","product_price__c":99.00,"product_recurring__c":"Yes","recurring_period__c":"Weekly","company_name__c":"SponsoredLinx","Product_Family__c":"Facebook","Is_Ghost__c":false,"Billed_In_Advance__c":false,"CurrencyIsoCode":"AUD"}|0x74434083
18:44:13.0 (105899284)|STATEMENT_EXECUTE|[16]
18:44:13.0 (105935872)|VARIABLE_ASSIGNMENT|[EXTERNAL]|this|{"product":"0x87f434b"}|0x74434083
18:44:13.0 (105950624)|VARIABLE_ASSIGNMENT|[EXTERNAL]|value|1
18:44:13.0 (105958430)|HEAP_ALLOCATE|[5]|Bytes:4
18:44:13.0 (105968227)|VARIABLE_ASSIGNMENT|[5]|this.qty|1|0x74434083
18:44:13.0 (105980412)|STATEMENT_EXECUTE|[17]
18:44:13.0 (105993922)|HEAP_ALLOCATE|[17]|Bytes:28
18:44:13.0 (106032769)|VARIABLE_ASSIGNMENT|[EXTERNAL]|this|{"product":"0x87f434b","qty":1}|0x74434083
18:44:13.0 (106048479)|VARIABLE_ASSIGNMENT|[EXTERNAL]|value|0.00
18:44:13.0 (106061198)|VARIABLE_ASSIGNMENT|[8]|this.discount|0.00|0x74434083
18:44:13.0 (106075270)|STATEMENT_EXECUTE|[18]
18:44:13.0 (106126095)|VARIABLE_ASSIGNMENT|[EXTERNAL]|this|{"discount":0.00,"product":"0x87f434b","qty":1}|0x74434083
18:44:13.0 (106140394)|VARIABLE_ASSIGNMENT|[EXTERNAL]|value|99.00
18:44:13.0 (106152803)|VARIABLE_ASSIGNMENT|[7]|this.priceGross|99.00|0x74434083
18:44:13.0 (106166873)|STATEMENT_EXECUTE|[19]
18:44:13.0 (106217607)|VARIABLE_ASSIGNMENT|[EXTERNAL]|this|{"discount":0.00,"priceGross":99.00,"product":"0x87f434b","qty":1}|0x74434083
18:44:13.0 (106259891)|HEAP_ALLOCATE|[19]|Bytes:28
18:44:13.0 (106311952)|VARIABLE_ASSIGNMENT|[EXTERNAL]|this|{"discount":0.00,"priceGross":99.00,"product":"0x87f434b","qty":1}|0x74434083
18:44:13.0 (106326767)|VARIABLE_ASSIGNMENT|[EXTERNAL]|value|99.00
18:44:13.0 (106339142)|VARIABLE_ASSIGNMENT|[9]|this.priceNet|99.00|0x74434083
18:44:13.0 (106352034)|STATEMENT_EXECUTE|[20]
18:44:13.0 (106397230)|VARIABLE_ASSIGNMENT|[EXTERNAL]|this|{"discount":0.00,"priceGross":99.00,"priceNet":99.00,"product":"0x87f434b","qty":1}|0x74434083
18:44:13.0 (106410596)|VARIABLE_ASSIGNMENT|[EXTERNAL]|value|false
18:44:13.0 (106422568)|VARIABLE_ASSIGNMENT|[11]|this.isGhost|false|0x74434083
18:44:13.0 (106443735)|CONSTRUCTOR_EXIT|[144]|01p6F000006He6L|<init>(SLX_Product__c)|CartItem
18:44:13.0 (106461384)|HEAP_ALLOCATE|[EXTERNAL]|Bytes:4
18:44:13.0 (106471508)|STATEMENT_EXECUTE|[146]
18:44:13.0 (106567720)|VARIABLE_ASSIGNMENT|[146]|previousProductId|"a1B6F000007u3SoUAI"
18:44:13.0 (106591632)|HEAP_ALLOCATE|[136]|Bytes:5
18:44:13.0 (106609108)|VARIABLE_ASSIGNMENT|[136]|packageProductId|null
18:44:13.0 (106619179)|STATEMENT_EXECUTE|[151]
18:44:13.0 (106626557)|STATEMENT_EXECUTE|[167]
18:44:13.0 (106639181)|METHOD_EXIT|[748]|01p6F000006He6K|Cart.getPackageFromPackageData(Cart.cartPackageData)
18:44:13.0 (106680513)|HEAP_ALLOCATE|[748]|Bytes:5
18:44:13.0 (106695474)|HEAP_ALLOCATE|[748]|Bytes:36
18:44:13.0 (106705534)|VARIABLE_SCOPE_BEGIN|[748]|myCartItem|CartItem|true|false
18:44:13.0 (106748614)|VARIABLE_ASSIGNMENT|[748]|myCartItem|{"discount":0.00,"isGhost":false,"priceGross":399.00,"priceNet":399.00,"product":"0x3616fb70","qty":1}|0x45ad9983
18:44:13.0 (106759692)|STATEMENT_EXECUTE|[748]
18:44:13.0 (106762586)|STATEMENT_EXECUTE|[749]
18:44:13.0 (106772009)|HEAP_ALLOCATE|[749]|Bytes:16
18:44:13.0 (106805315)|METHOD_ENTRY|[749]|01p6F000006He6L|CartItem.getProductFamily()
18:44:13.0 (106837144)|VARIABLE_SCOPE_BEGIN|[24]|this|CartItem|true|false
18:44:13.0 (106877854)|VARIABLE_ASSIGNMENT|[24]|this|{"discount":0.00,"isGhost":false,"priceGross":399.00,"priceNet":399.00,"product":"0x3616fb70","qty":1}|0x45ad9983
18:44:13.0 (106890158)|STATEMENT_EXECUTE|[24]
18:44:13.0 (106892562)|STATEMENT_EXECUTE|[25]
18:44:13.0 (106946091)|VARIABLE_ASSIGNMENT|[EXTERNAL]|this|{"discount":0.00,"isGhost":false,"priceGross":399.00,"priceNet":399.00,"product":"0x3616fb70","qty":1}|0x45ad9983
18:44:13.0 (106993790)|METHOD_EXIT|[749]|01p6F000006He6L|CartItem.getProductFamily()
18:44:13.0 (107017066)|HEAP_ALLOCATE|[749]|Bytes:24
18:44:13.0 (107045932)|USER_DEBUG|[749]|DEBUG|product family: Facebook
18:44:13.0 (107058295)|STATEMENT_EXECUTE|[750]
18:44:13.0 (107073566)|METHOD_ENTRY|[750]|01p6F000006He6L|CartItem.getProductFamily()
18:44:13.0 (107089962)|VARIABLE_SCOPE_BEGIN|[24]|this|CartItem|true|false
18:44:13.0 (107130936)|VARIABLE_ASSIGNMENT|[24]|this|{"discount":0.00,"isGhost":false,"priceGross":399.00,"priceNet":399.00,"product":"0x3616fb70","qty":1}|0x45ad9983
18:44:13.0 (107142222)|STATEMENT_EXECUTE|[24]
18:44:13.0 (107144672)|STATEMENT_EXECUTE|[25]
18:44:13.0 (107185696)|VARIABLE_ASSIGNMENT|[EXTERNAL]|this|{"discount":0.00,"isGhost":false,"priceGross":399.00,"priceNet":399.00,"product":"0x3616fb70","qty":1}|0x45ad9983
18:44:13.0 (107206918)|METHOD_EXIT|[750]|01p6F000006He6L|CartItem.getProductFamily()
18:44:13.0 (107227810)|HEAP_ALLOCATE|[EXTERNAL]|Bytes:4
18:44:13.0 (107248445)|HEAP_ALLOCATE|[748]|Bytes:5
18:44:13.0 (107262721)|HEAP_ALLOCATE|[748]|Bytes:36
18:44:13.0 (107271669)|VARIABLE_SCOPE_BEGIN|[748]|myCartItem|CartItem|true|false
18:44:13.0 (107313363)|VARIABLE_ASSIGNMENT|[748]|myCartItem|{"discount":0.00,"isGhost":false,"priceGross":99.00,"priceNet":99.00,"product":"0x87f434b","qty":1}|0x74434083
18:44:13.0 (107324394)|STATEMENT_EXECUTE|[748]
18:44:13.0 (107326642)|STATEMENT_EXECUTE|[749]
18:44:13.0 (107339950)|METHOD_ENTRY|[749]|01p6F000006He6L|CartItem.getProductFamily()
18:44:13.0 (107347820)|VARIABLE_SCOPE_BEGIN|[24]|this|CartItem|true|false
18:44:13.0 (107385415)|VARIABLE_ASSIGNMENT|[24]|this|{"discount":0.00,"isGhost":false,"priceGross":99.00,"priceNet":99.00,"product":"0x87f434b","qty":1}|0x74434083
18:44:13.0 (107397238)|STATEMENT_EXECUTE|[24]
18:44:13.0 (107399465)|STATEMENT_EXECUTE|[25]
18:44:13.0 (107438347)|VARIABLE_ASSIGNMENT|[EXTERNAL]|this|{"discount":0.00,"isGhost":false,"priceGross":99.00,"priceNet":99.00,"product":"0x87f434b","qty":1}|0x74434083
18:44:13.0 (107458614)|METHOD_EXIT|[749]|01p6F000006He6L|CartItem.getProductFamily()
18:44:13.0 (107469916)|HEAP_ALLOCATE|[749]|Bytes:24
18:44:13.0 (107482154)|USER_DEBUG|[749]|DEBUG|product family: Facebook
18:44:13.0 (107491888)|STATEMENT_EXECUTE|[750]
18:44:13.0 (107502271)|METHOD_ENTRY|[750]|01p6F000006He6L|CartItem.getProductFamily()
18:44:13.0 (107510516)|VARIABLE_SCOPE_BEGIN|[24]|this|CartItem|true|false
18:44:13.0 (107549184)|VARIABLE_ASSIGNMENT|[24]|this|{"discount":0.00,"isGhost":false,"priceGross":99.00,"priceNet":99.00,"product":"0x87f434b","qty":1}|0x74434083
18:44:13.0 (107559564)|STATEMENT_EXECUTE|[24]
18:44:13.0 (107561713)|STATEMENT_EXECUTE|[25]
18:44:13.0 (107601006)|VARIABLE_ASSIGNMENT|[EXTERNAL]|this|{"discount":0.00,"isGhost":false,"priceGross":99.00,"priceNet":99.00,"product":"0x87f434b","qty":1}|0x74434083
18:44:13.0 (107621990)|METHOD_EXIT|[750]|01p6F000006He6L|CartItem.getProductFamily()
18:44:13.0 (107635568)|HEAP_ALLOCATE|[EXTERNAL]|Bytes:4
18:44:13.0 (107653280)|HEAP_ALLOCATE|[748]|Bytes:5
18:44:13.0 (107673790)|VARIABLE_ASSIGNMENT|[748]|myCartItem|null|
18:44:13.0 (107691229)|STATEMENT_EXECUTE|[754]
18:44:13.0 (107747503)|HEAP_ALLOCATE|[755]|Bytes:5
18:44:13.0 (107765441)|VARIABLE_ASSIGNMENT|[755]|addonPackageData|null|
18:44:13.0 (107773385)|STATEMENT_EXECUTE|[755]
18:44:13.0 (107781352)|STATEMENT_EXECUTE|[762]
18:44:13.0 (107791669)|SYSTEM_MODE_EXIT|false
18:44:13.0 (108911785)|SYSTEM_MODE_ENTER|true
18:44:13.0 (108970671)|HEAP_ALLOCATE|[EXTERNAL]|Bytes:184
18:44:13.0 (108981145)|VARIABLE_SCOPE_BEGIN|[862]|this|CheckoutController|true|false
18:44:13.0 (109087957)|VARIABLE_ASSIGNMENT|[862]|this|{"acc":"0x548fc710","bjbCompany":"0x891a467","cardDetails":"0x379482e4","companyName":"SponsoredLinX","emailSignupAddress":"signup@sponsoredlinx (4 more) ...","fromSource":"sponsoredlinx.com.au","locale":"AUD","mailing_address":true,"mycart":"0x1088157b","mySite":"0x421a0411","packages":"0x21d707dd","paymentType":"Credit Card","paymentTypesEnabled":"0x471feeb5","signup":"0x39f894c2","siteName":"checkout_SLX"}|0x5c0de79c
18:44:13.0 (109107367)|SYSTEM_MODE_ENTER|false
18:44:13.0 (109115251)|HEAP_ALLOCATE|[864]|Bytes:5
18:44:13.0 (109120972)|STATEMENT_EXECUTE|[862]
18:44:13.0 (109156228)|HEAP_ALLOCATE|[864]|Bytes:35
18:44:13.0 (109192991)|HEAP_ALLOCATE|[864]|Bytes:592
18:44:13.0 (109243515)|HEAP_ALLOCATE|[864]|Bytes:45
18:44:13.0 (109274170)|HEAP_ALLOCATE|[866]|Bytes:35
18:44:13.0 (109289863)|HEAP_ALLOCATE|[866]|Bytes:592
18:44:13.0 (109318054)|HEAP_ALLOCATE|[866]|Bytes:39
18:44:13.0 (109335147)|METHOD_ENTRY|[868]|01p6F000006uYhT|Utility.runningInASandbox()
18:44:13.0 (109353880)|HEAP_ALLOCATE|[61]|Bytes:5
18:44:13.0 (109359423)|STATEMENT_EXECUTE|[60]
18:44:13.0 (109361217)|STATEMENT_EXECUTE|[61]
18:44:13.0 (109377504)|HEAP_ALLOCATE|[61]|Bytes:4
18:44:13.0 (109488580)|SOQL_EXECUTE_BEGIN|[61]|Aggregations:0|SELECT Id, IsSandbox FROM Organization LIMIT 1
18:44:13.0 (110794669)|SOQL_EXECUTE_END|[61]|Rows:1
18:44:13.0 (110815427)|HEAP_ALLOCATE|[61]|Bytes:8
18:44:13.0 (110829017)|HEAP_ALLOCATE|[61]|Bytes:50
18:44:13.0 (110855275)|HEAP_ALLOCATE|[61]|Bytes:8
18:44:13.0 (110873483)|HEAP_ALLOCATE|[61]|Bytes:12
18:44:13.0 (110894119)|METHOD_EXIT|[868]|01p6F000006uYhT|Utility.runningInASandbox()
18:44:13.0 (110923886)|HEAP_ALLOCATE|[873]|Bytes:12
18:44:13.0 (110933825)|STATEMENT_EXECUTE|[876]
18:44:13.0 (110936105)|STATEMENT_EXECUTE|[877]
18:44:13.0 (110944168)|HEAP_ALLOCATE|[877]|Bytes:8
18:44:13.0 (110955703)|HEAP_ALLOCATE|[877]|Bytes:28
18:44:13.0 (110962075)|SYSTEM_MODE_EXIT|false
18:44:13.0 (111050022)|SYSTEM_MODE_ENTER|true
18:44:13.0 (111099369)|HEAP_ALLOCATE|[EXTERNAL]|Bytes:184
18:44:13.0 (111108911)|VARIABLE_SCOPE_BEGIN|[882]|this|CheckoutController|true|false
18:44:13.0 (111207673)|VARIABLE_ASSIGNMENT|[882]|this|{"acc":"0x548fc710","bjbCompany":"0x891a467","cardDetails":"0x379482e4","companyName":"SponsoredLinX","emailSignupAddress":"signup@sponsoredlinx (4 more) ...","fromSource":"sponsoredlinx.com.au","locale":"AUD","mailing_address":true,"mycart":"0x1088157b","mySite":"0x421a0411","packages":"0x21d707dd","paymentType":"Credit Card","paymentTypesEnabled":"0x471feeb5","signup":"0x39f894c2","siteName":"checkout_SLX"}|0x5c0de79c
18:44:13.0 (111225872)|SYSTEM_MODE_ENTER|false
18:44:13.0 (111233160)|HEAP_ALLOCATE|[884]|Bytes:5
18:44:13.0 (111238528)|STATEMENT_EXECUTE|[882]
18:44:13.0 (111253439)|STATEMENT_EXECUTE|[890]
18:44:13.0 (111259394)|METHOD_ENTRY|[891]|01p6F000006uYhT|Utility.runningInASandbox()
18:44:13.0 (111277439)|HEAP_ALLOCATE|[61]|Bytes:5
18:44:13.0 (111281962)|STATEMENT_EXECUTE|[60]
18:44:13.0 (111283710)|STATEMENT_EXECUTE|[61]
18:44:13.0 (111301139)|HEAP_ALLOCATE|[61]|Bytes:4
18:44:13.0 (111397663)|SOQL_EXECUTE_BEGIN|[61]|Aggregations:0|SELECT Id, IsSandbox FROM Organization LIMIT 1
18:44:13.0 (112614810)|SOQL_EXECUTE_END|[61]|Rows:1
18:44:13.0 (112635285)|HEAP_ALLOCATE|[61]|Bytes:8
18:44:13.0 (112648414)|HEAP_ALLOCATE|[61]|Bytes:50
18:44:13.0 (112678773)|HEAP_ALLOCATE|[61]|Bytes:8
18:44:13.0 (112695982)|HEAP_ALLOCATE|[61]|Bytes:12
18:44:13.0 (112714900)|METHOD_EXIT|[891]|01p6F000006uYhT|Utility.runningInASandbox()
18:44:13.0 (112722913)|STATEMENT_EXECUTE|[893]
18:44:13.0 (112725139)|STATEMENT_EXECUTE|[894]
18:44:13.0 (112733686)|HEAP_ALLOCATE|[894]|Bytes:52
18:44:13.0 (112740428)|SYSTEM_MODE_EXIT|false
18:44:13.112 (112951441)|SYSTEM_MODE_ENTER|true
18:44:13.112 (113021433)|HEAP_ALLOCATE|[EXTERNAL]|Bytes:8
18:44:13.112 (113031687)|VARIABLE_SCOPE_BEGIN|[88]|this|ApexPage.PageMessagesComponentController|true|false
18:44:13.112 (113060067)|VARIABLE_ASSIGNMENT|[88]|this|{}|0x3325566c
18:44:13.112 (113067209)|VARIABLE_SCOPE_BEGIN|[88]|escape|Boolean|false|false
18:44:13.112 (113076346)|VARIABLE_ASSIGNMENT|[88]|escape|null
18:44:13.113 (113194534)|SYSTEM_MODE_ENTER|true
18:44:13.113 (113233586)|HEAP_ALLOCATE|[EXTERNAL]|Bytes:8
18:44:13.113 (113240890)|VARIABLE_SCOPE_BEGIN|[2]|this|ApexPage.PageMessagesComponentController|true|false
18:44:13.113 (113261922)|VARIABLE_ASSIGNMENT|[2]|this|{}|0x3325566c
18:44:13.0 (113746483)|SYSTEM_MODE_ENTER|true
18:44:13.0 (113795470)|HEAP_ALLOCATE|[EXTERNAL]|Bytes:184
18:44:13.0 (113804667)|VARIABLE_SCOPE_BEGIN|[697]|this|CheckoutController|true|false
18:44:13.0 (113901904)|VARIABLE_ASSIGNMENT|[697]|this|{"acc":"0x548fc710","bjbCompany":"0x891a467","cardDetails":"0x379482e4","companyName":"SponsoredLinX","emailSignupAddress":"signup@sponsoredlinx (4 more) ...","fromSource":"sponsoredlinx.com.au","locale":"AUD","mailing_address":true,"mycart":"0x1088157b","mySite":"0x421a0411","packages":"0x21d707dd","paymentType":"Credit Card","paymentTypesEnabled":"0x471feeb5","signup":"0x39f894c2","siteName":"checkout_SLX"}|0x5c0de79c
18:44:13.0 (113919741)|SYSTEM_MODE_ENTER|false
18:44:13.0 (113927706)|HEAP_ALLOCATE|[698]|Bytes:5
18:44:13.0 (113933729)|STATEMENT_EXECUTE|[697]
18:44:13.0 (113935610)|STATEMENT_EXECUTE|[698]
18:44:13.0 (113948216)|SYSTEM_MODE_EXIT|false
18:44:13.0 (114023357)|SYSTEM_MODE_ENTER|true
18:44:13.0 (114062453)|HEAP_ALLOCATE|[EXTERNAL]|Bytes:184
18:44:13.0 (114070686)|VARIABLE_SCOPE_BEGIN|[900]|this|CheckoutController|true|false
18:44:13.0 (114156419)|VARIABLE_ASSIGNMENT|[900]|this|{"acc":"0x548fc710","bjbCompany":"0x891a467","cardDetails":"0x379482e4","companyName":"SponsoredLinX","emailSignupAddress":"signup@sponsoredlinx (4 more) ...","fromSource":"sponsoredlinx.com.au","locale":"AUD","mailing_address":true,"mycart":"0x1088157b","mySite":"0x421a0411","packages":"0x21d707dd","paymentType":"Credit Card","paymentTypesEnabled":"0x471feeb5","signup":"0x39f894c2","siteName":"checkout_SLX"}|0x5c0de79c
18:44:13.0 (114173004)|SYSTEM_MODE_ENTER|false
18:44:13.0 (114179363)|HEAP_ALLOCATE|[901]|Bytes:5
18:44:13.0 (114184484)|STATEMENT_EXECUTE|[900]
18:44:13.0 (114186222)|STATEMENT_EXECUTE|[901]
18:44:13.0 (114209075)|METHOD_ENTRY|[901]||System.JSON.serializePretty(Object)
18:44:13.0 (114633095)|METHOD_EXIT|[901]||System.JSON.serializePretty(Object)
18:44:13.0 (114642554)|SYSTEM_MODE_EXIT|false
18:44:13.0 (116032074)|SYSTEM_MODE_ENTER|true
18:44:13.0 (116082637)|HEAP_ALLOCATE|[EXTERNAL]|Bytes:184
18:44:13.0 (116092314)|VARIABLE_SCOPE_BEGIN|[702]|this|CheckoutController|true|false
18:44:13.0 (116190217)|VARIABLE_ASSIGNMENT|[702]|this|{"acc":"0x548fc710","bjbCompany":"0x891a467","cardDetails":"0x379482e4","companyName":"SponsoredLinX","emailSignupAddress":"signup@sponsoredlinx (4 more) ...","fromSource":"sponsoredlinx.com.au","locale":"AUD","mailing_address":true,"mycart":"0x1088157b","mySite":"0x421a0411","packages":"0x21d707dd","paymentType":"Credit Card","paymentTypesEnabled":"0x471feeb5","signup":"0x39f894c2","siteName":"checkout_SLX"}|0x5c0de79c
18:44:13.0 (116208144)|SYSTEM_MODE_ENTER|false
18:44:13.0 (116216234)|HEAP_ALLOCATE|[703]|Bytes:5
18:44:13.0 (116221754)|STATEMENT_EXECUTE|[702]
18:44:13.0 (116223686)|STATEMENT_EXECUTE|[703]
18:44:13.0 (116239264)|SYSTEM_MODE_EXIT|false
18:44:13.0 (122157417)|SYSTEM_MODE_ENTER|true
18:44:13.0 (122234474)|HEAP_ALLOCATE|[EXTERNAL]|Bytes:184
18:44:13.0 (122247850)|VARIABLE_SCOPE_BEGIN|[1288]|this|CheckoutController|true|false
18:44:13.0 (122375853)|VARIABLE_ASSIGNMENT|[1288]|this|{"acc":"0x548fc710","bjbCompany":"0x891a467","cardDetails":"0x379482e4","companyName":"SponsoredLinX","emailSignupAddress":"signup@sponsoredlinx (4 more) ...","fromSource":"sponsoredlinx.com.au","locale":"AUD","mailing_address":true,"mycart":"0x1088157b","mySite":"0x421a0411","packages":"0x21d707dd","paymentType":"Credit Card","paymentTypesEnabled":"0x471feeb5","signup":"0x39f894c2","siteName":"checkout_SLX"}|0x5c0de79c
18:44:13.0 (122399410)|SYSTEM_MODE_ENTER|false
18:44:13.0 (122409482)|HEAP_ALLOCATE|[1289]|Bytes:5
18:44:13.0 (122415763)|STATEMENT_EXECUTE|[1288]
18:44:13.0 (122417859)|STATEMENT_EXECUTE|[1289]
18:44:13.0 (122443744)|HEAP_ALLOCATE|[1289]|Bytes:4
18:44:13.0 (122482479)|VARIABLE_SCOPE_BEGIN|[1289]|options|List<System.SelectOption>|true|false
18:44:13.0 (122514328)|HEAP_ALLOCATE|[EXTERNAL]|Bytes:4
18:44:13.0 (122527464)|VARIABLE_ASSIGNMENT|[1289]|options|[]|0x395b03f1
18:44:13.0 (122557392)|STATEMENT_EXECUTE|[1290]
18:44:13.0 (122567486)|STATEMENT_EXECUTE|[1294]
18:44:13.0 (122568996)|STATEMENT_EXECUTE|[1295]
18:44:13.0 (122646441)|HEAP_ALLOCATE|[EXTERNAL]|Bytes:4
18:44:13.0 (122657259)|STATEMENT_EXECUTE|[1298]
18:44:13.0 (122671348)|HEAP_ALLOCATE|[1298]|Bytes:3
18:44:13.0 (122700493)|HEAP_ALLOCATE|[EXTERNAL]|Bytes:4
18:44:13.0 (122707745)|STATEMENT_EXECUTE|[1299]
18:44:13.0 (122714998)|HEAP_ALLOCATE|[1299]|Bytes:3
18:44:13.0 (122737742)|HEAP_ALLOCATE|[EXTERNAL]|Bytes:4
18:44:13.0 (122744635)|STATEMENT_EXECUTE|[1300]
18:44:13.0 (122750925)|HEAP_ALLOCATE|[1300]|Bytes:3
18:44:13.0 (122772481)|HEAP_ALLOCATE|[EXTERNAL]|Bytes:4
18:44:13.0 (122779189)|STATEMENT_EXECUTE|[1301]
18:44:13.0 (122785654)|HEAP_ALLOCATE|[1301]|Bytes:3
18:44:13.0 (122806633)|HEAP_ALLOCATE|[EXTERNAL]|Bytes:4
18:44:13.0 (122813108)|STATEMENT_EXECUTE|[1302]
18:44:13.0 (122819145)|HEAP_ALLOCATE|[1302]|Bytes:2
18:44:13.0 (122840177)|HEAP_ALLOCATE|[EXTERNAL]|Bytes:4
18:44:13.0 (122847160)|STATEMENT_EXECUTE|[1303]
18:44:13.0 (122854153)|HEAP_ALLOCATE|[1303]|Bytes:2
18:44:13.0 (122876536)|HEAP_ALLOCATE|[EXTERNAL]|Bytes:4
18:44:13.0 (122883946)|STATEMENT_EXECUTE|[1304]
18:44:13.0 (122889698)|HEAP_ALLOCATE|[1304]|Bytes:2
18:44:13.0 (122910449)|HEAP_ALLOCATE|[EXTERNAL]|Bytes:4
18:44:13.0 (122917217)|STATEMENT_EXECUTE|[1305]
18:44:13.0 (122923054)|HEAP_ALLOCATE|[1305]|Bytes:3
18:44:13.0 (122943719)|HEAP_ALLOCATE|[EXTERNAL]|Bytes:4
18:44:13.0 (122950931)|STATEMENT_EXECUTE|[1308]
18:44:13.0 (122960246)|SYSTEM_MODE_EXIT|false
18:44:13.0 (123846562)|SYSTEM_MODE_ENTER|true
18:44:13.0 (125855225)|SYSTEM_MODE_ENTER|true
18:44:13.0 (125909123)|HEAP_ALLOCATE|[EXTERNAL]|Bytes:184
18:44:13.0 (125919205)|VARIABLE_SCOPE_BEGIN|[1312]|this|CheckoutController|true|false
18:44:13.0 (126031382)|VARIABLE_ASSIGNMENT|[1312]|this|{"acc":"0x548fc710","bjbCompany":"0x891a467","cardDetails":"0x379482e4","companyName":"SponsoredLinX","emailSignupAddress":"signup@sponsoredlinx (4 more) ...","fromSource":"sponsoredlinx.com.au","locale":"AUD","mailing_address":true,"mycart":"0x1088157b","mySite":"0x421a0411","packages":"0x21d707dd","paymentType":"Credit Card","paymentTypesEnabled":"0x471feeb5","signup":"0x39f894c2","siteName":"checkout_SLX"}|0x5c0de79c
18:44:13.0 (126052725)|SYSTEM_MODE_ENTER|false
18:44:13.0 (126060353)|HEAP_ALLOCATE|[1313]|Bytes:5
18:44:13.0 (126066022)|STATEMENT_EXECUTE|[1312]
18:44:13.0 (126068316)|STATEMENT_EXECUTE|[1313]
18:44:13.0 (126086790)|HEAP_ALLOCATE|[1313]|Bytes:4
18:44:13.0 (126115830)|VARIABLE_SCOPE_BEGIN|[1313]|options|List<System.SelectOption>|true|false
18:44:13.0 (126144333)|HEAP_ALLOCATE|[EXTERNAL]|Bytes:4
18:44:13.0 (126155647)|VARIABLE_ASSIGNMENT|[1313]|options|[]|0x7ec95475
18:44:13.0 (126162350)|STATEMENT_EXECUTE|[1314]
18:44:13.0 (126172399)|HEAP_ALLOCATE|[1314]|Bytes:10
18:44:13.0 (126220128)|HEAP_ALLOCATE|[EXTERNAL]|Bytes:4
18:44:13.0 (126229554)|STATEMENT_EXECUTE|[1315]
18:44:13.0 (126237862)|HEAP_ALLOCATE|[1315]|Bytes:4
18:44:13.0 (126264653)|HEAP_ALLOCATE|[EXTERNAL]|Bytes:4
18:44:13.0 (126272032)|STATEMENT_EXECUTE|[1316]
18:44:13.0 (126280274)|SYSTEM_MODE_EXIT|false
18:44:13.0 (126409499)|SYSTEM_MODE_ENTER|true
18:44:13.0 (127279472)|SYSTEM_MODE_ENTER|true
18:44:13.0 (127331038)|HEAP_ALLOCATE|[EXTERNAL]|Bytes:184
18:44:13.0 (127340830)|VARIABLE_SCOPE_BEGIN|[1333]|this|CheckoutController|true|false
18:44:13.0 (127442099)|VARIABLE_ASSIGNMENT|[1333]|this|{"acc":"0x548fc710","bjbCompany":"0x891a467","cardDetails":"0x379482e4","companyName":"SponsoredLinX","emailSignupAddress":"signup@sponsoredlinx (4 more) ...","fromSource":"sponsoredlinx.com.au","locale":"AUD","mailing_address":true,"mycart":"0x1088157b","mySite":"0x421a0411","packages":"0x21d707dd","paymentType":"Credit Card","paymentTypesEnabled":"0x471feeb5","signup":"0x39f894c2","siteName":"checkout_SLX"}|0x5c0de79c
18:44:13.0 (127461215)|SYSTEM_MODE_ENTER|false
18:44:13.0 (127468621)|HEAP_ALLOCATE|[1334]|Bytes:5
18:44:13.0 (127474213)|STATEMENT_EXECUTE|[1333]
18:44:13.0 (127476017)|STATEMENT_EXECUTE|[1334]
18:44:13.0 (127492858)|HEAP_ALLOCATE|[1334]|Bytes:4
18:44:13.0 (127517466)|VARIABLE_SCOPE_BEGIN|[1334]|options|List<System.SelectOption>|true|false
18:44:13.0 (127542264)|HEAP_ALLOCATE|[EXTERNAL]|Bytes:4
18:44:13.0 (127551763)|VARIABLE_ASSIGNMENT|[1334]|options|[]|0x26e589fc
18:44:13.0 (127558277)|STATEMENT_EXECUTE|[1335]
18:44:13.0 (127568625)|HEAP_ALLOCATE|[1335]|Bytes:5
18:44:13.0 (127615002)|HEAP_ALLOCATE|[EXTERNAL]|Bytes:4
18:44:13.0 (127624203)|STATEMENT_EXECUTE|[1336]
18:44:13.0 (127632254)|HEAP_ALLOCATE|[1336]|Bytes:2
18:44:13.0 (127637425)|HEAP_ALLOCATE|[1336]|Bytes:11
18:44:13.0 (127670018)|HEAP_ALLOCATE|[EXTERNAL]|Bytes:4
18:44:13.0 (127677789)|STATEMENT_EXECUTE|[1337]
18:44:13.0 (127684358)|HEAP_ALLOCATE|[1337]|Bytes:2
18:44:13.0 (127688828)|HEAP_ALLOCATE|[1337]|Bytes:12
18:44:13.0 (127710891)|HEAP_ALLOCATE|[EXTERNAL]|Bytes:4
18:44:13.0 (127718529)|STATEMENT_EXECUTE|[1338]
18:44:13.0 (127724193)|HEAP_ALLOCATE|[1338]|Bytes:2
18:44:13.0 (127728788)|HEAP_ALLOCATE|[1338]|Bytes:9
18:44:13.0 (127749625)|HEAP_ALLOCATE|[EXTERNAL]|Bytes:4
18:44:13.0 (127756758)|STATEMENT_EXECUTE|[1339]
18:44:13.0 (127762739)|HEAP_ALLOCATE|[1339]|Bytes:2
18:44:13.0 (127767114)|HEAP_ALLOCATE|[1339]|Bytes:9
18:44:13.0 (127787121)|HEAP_ALLOCATE|[EXTERNAL]|Bytes:4
18:44:13.0 (127794299)|STATEMENT_EXECUTE|[1340]
18:44:13.0 (127800251)|HEAP_ALLOCATE|[1340]|Bytes:2
18:44:13.0 (127804570)|HEAP_ALLOCATE|[1340]|Bytes:7
18:44:13.0 (127824324)|HEAP_ALLOCATE|[EXTERNAL]|Bytes:4
18:44:13.0 (127830811)|STATEMENT_EXECUTE|[1341]
18:44:13.0 (127836207)|HEAP_ALLOCATE|[1341]|Bytes:2
18:44:13.0 (127840302)|HEAP_ALLOCATE|[1341]|Bytes:8
18:44:13.0 (127860304)|HEAP_ALLOCATE|[EXTERNAL]|Bytes:4
18:44:13.0 (127866959)|STATEMENT_EXECUTE|[1342]
18:44:13.0 (127872732)|HEAP_ALLOCATE|[1342]|Bytes:2
18:44:13.0 (127877369)|HEAP_ALLOCATE|[1342]|Bytes:8
18:44:13.0 (127896967)|HEAP_ALLOCATE|[EXTERNAL]|Bytes:4
18:44:13.0 (127903583)|STATEMENT_EXECUTE|[1343]
18:44:13.0 (127909181)|HEAP_ALLOCATE|[1343]|Bytes:2
18:44:13.0 (127913424)|HEAP_ALLOCATE|[1343]|Bytes:10
18:44:13.0 (127934679)|HEAP_ALLOCATE|[EXTERNAL]|Bytes:4
18:44:13.0 (127941025)|STATEMENT_EXECUTE|[1344]
18:44:13.0 (127946768)|HEAP_ALLOCATE|[1344]|Bytes:2
18:44:13.0 (127951391)|HEAP_ALLOCATE|[1344]|Bytes:13
18:44:13.0 (127970898)|HEAP_ALLOCATE|[EXTERNAL]|Bytes:4
18:44:13.0 (127977699)|STATEMENT_EXECUTE|[1345]
18:44:13.0 (127983404)|HEAP_ALLOCATE|[1345]|Bytes:2
18:44:13.0 (127988028)|HEAP_ALLOCATE|[1345]|Bytes:12
18:44:13.0 (128007636)|HEAP_ALLOCATE|[EXTERNAL]|Bytes:4
18:44:13.0 (128015058)|STATEMENT_EXECUTE|[1346]
18:44:13.0 (128020707)|HEAP_ALLOCATE|[1346]|Bytes:2
18:44:13.0 (128025436)|HEAP_ALLOCATE|[1346]|Bytes:13
18:44:13.0 (128045057)|HEAP_ALLOCATE|[EXTERNAL]|Bytes:4
18:44:13.0 (128051544)|STATEMENT_EXECUTE|[1347]
18:44:13.0 (128057743)|HEAP_ALLOCATE|[1347]|Bytes:2
18:44:13.0 (128062397)|HEAP_ALLOCATE|[1347]|Bytes:13
18:44:13.0 (128081671)|HEAP_ALLOCATE|[EXTERNAL]|Bytes:4
18:44:13.0 (128088254)|STATEMENT_EXECUTE|[1348]
18:44:13.0 (128095501)|SYSTEM_MODE_EXIT|false
18:44:13.0 (129024203)|SYSTEM_MODE_ENTER|true
18:44:13.0 (129072389)|HEAP_ALLOCATE|[EXTERNAL]|Bytes:184
18:44:13.0 (129082696)|VARIABLE_SCOPE_BEGIN|[1352]|this|CheckoutController|true|false
18:44:13.0 (129180618)|VARIABLE_ASSIGNMENT|[1352]|this|{"acc":"0x548fc710","bjbCompany":"0x891a467","cardDetails":"0x379482e4","companyName":"SponsoredLinX","emailSignupAddress":"signup@sponsoredlinx (4 more) ...","fromSource":"sponsoredlinx.com.au","locale":"AUD","mailing_address":true,"mycart":"0x1088157b","mySite":"0x421a0411","packages":"0x21d707dd","paymentType":"Credit Card","paymentTypesEnabled":"0x471feeb5","signup":"0x39f894c2","siteName":"checkout_SLX"}|0x5c0de79c
18:44:13.0 (129199266)|SYSTEM_MODE_ENTER|false
18:44:13.0 (129206778)|HEAP_ALLOCATE|[1353]|Bytes:5
18:44:13.0 (129212311)|STATEMENT_EXECUTE|[1352]
18:44:13.0 (129214157)|STATEMENT_EXECUTE|[1353]
18:44:13.0 (129229840)|HEAP_ALLOCATE|[1353]|Bytes:4
18:44:13.0 (129252804)|VARIABLE_SCOPE_BEGIN|[1353]|options|List<System.SelectOption>|true|false
18:44:13.0 (129277794)|HEAP_ALLOCATE|[EXTERNAL]|Bytes:4
18:44:13.0 (129287389)|VARIABLE_ASSIGNMENT|[1353]|options|[]|0x4adaec3b
18:44:13.0 (129294163)|STATEMENT_EXECUTE|[1354]
18:44:13.0 (129303783)|HEAP_ALLOCATE|[1354]|Bytes:4
18:44:13.0 (129358245)|HEAP_ALLOCATE|[EXTERNAL]|Bytes:4
18:44:13.0 (129367877)|STATEMENT_EXECUTE|[1357]
18:44:13.0 (129403452)|HEAP_ALLOCATE|[1357]|Bytes:4
18:44:13.0 (129440373)|VARIABLE_SCOPE_BEGIN|[1357]|currentYear|Integer|false|false
18:44:13.0 (129449909)|HEAP_ALLOCATE|[1357]|Bytes:4
18:44:13.0 (129458439)|VARIABLE_ASSIGNMENT|[1357]|currentYear|2018
18:44:13.0 (129464234)|STATEMENT_EXECUTE|[1358]
18:44:13.0 (129470401)|VARIABLE_SCOPE_BEGIN|[1358]|year|Integer|false|false
18:44:13.0 (129477485)|HEAP_ALLOCATE|[1358]|Bytes:4
18:44:13.0 (129482944)|VARIABLE_ASSIGNMENT|[1358]|year|2018
18:44:13.0 (129490811)|STATEMENT_EXECUTE|[1358]
18:44:13.0 (129492342)|STATEMENT_EXECUTE|[1359]
18:44:13.0 (129529148)|HEAP_ALLOCATE|[1359]|Bytes:4
18:44:13.0 (129547195)|HEAP_ALLOCATE|[1359]|Bytes:4
18:44:13.0 (129570921)|HEAP_ALLOCATE|[EXTERNAL]|Bytes:4
18:44:13.0 (129579113)|HEAP_ALLOCATE|[1358]|Bytes:4
18:44:13.0 (129586110)|VARIABLE_ASSIGNMENT|[1358]|year|2019
18:44:13.0 (129595153)|STATEMENT_EXECUTE|[1358]
18:44:13.0 (129596784)|STATEMENT_EXECUTE|[1359]
18:44:13.0 (129611151)|HEAP_ALLOCATE|[1359]|Bytes:4
18:44:13.0 (129623773)|HEAP_ALLOCATE|[1359]|Bytes:4
18:44:13.0 (129636411)|HEAP_ALLOCATE|[EXTERNAL]|Bytes:4
18:44:13.0 (129642453)|HEAP_ALLOCATE|[1358]|Bytes:4
18:44:13.0 (129648249)|VARIABLE_ASSIGNMENT|[1358]|year|2020
18:44:13.0 (129653664)|STATEMENT_EXECUTE|[1358]
18:44:13.0 (129655117)|STATEMENT_EXECUTE|[1359]
18:44:13.0 (129671106)|HEAP_ALLOCATE|[1359]|Bytes:4
18:44:13.0 (129683340)|HEAP_ALLOCATE|[1359]|Bytes:4
18:44:13.0 (129695237)|HEAP_ALLOCATE|[EXTERNAL]|Bytes:4
18:44:13.0 (129701572)|HEAP_ALLOCATE|[1358]|Bytes:4
18:44:13.0 (129706751)|VARIABLE_ASSIGNMENT|[1358]|year|2021
18:44:13.0 (129711284)|STATEMENT_EXECUTE|[1358]
18:44:13.0 (129712768)|STATEMENT_EXECUTE|[1359]
18:44:13.0 (129723508)|HEAP_ALLOCATE|[1359]|Bytes:4
18:44:13.0 (129735487)|HEAP_ALLOCATE|[1359]|Bytes:4
18:44:13.0 (129746518)|HEAP_ALLOCATE|[EXTERNAL]|Bytes:4
18:44:13.0 (129752824)|HEAP_ALLOCATE|[1358]|Bytes:4
18:44:13.0 (129758494)|VARIABLE_ASSIGNMENT|[1358]|year|2022
18:44:13.0 (129763737)|STATEMENT_EXECUTE|[1358]
18:44:13.0 (129765153)|STATEMENT_EXECUTE|[1359]
18:44:13.0 (129775711)|HEAP_ALLOCATE|[1359]|Bytes:4
18:44:13.0 (129787994)|HEAP_ALLOCATE|[1359]|Bytes:4
18:44:13.0 (129799593)|HEAP_ALLOCATE|[EXTERNAL]|Bytes:4
18:44:13.0 (129805566)|HEAP_ALLOCATE|[1358]|Bytes:4
18:44:13.0 (129810392)|VARIABLE_ASSIGNMENT|[1358]|year|2023
18:44:13.0 (129816130)|STATEMENT_EXECUTE|[1358]
18:44:13.0 (129817610)|STATEMENT_EXECUTE|[1359]
18:44:13.0 (129827618)|HEAP_ALLOCATE|[1359]|Bytes:4
18:44:13.0 (129839752)|HEAP_ALLOCATE|[1359]|Bytes:4
18:44:13.0 (129851129)|HEAP_ALLOCATE|[EXTERNAL]|Bytes:4
18:44:13.0 (129857555)|HEAP_ALLOCATE|[1358]|Bytes:4
18:44:13.0 (129862879)|VARIABLE_ASSIGNMENT|[1358]|year|2024
18:44:13.0 (129867989)|STATEMENT_EXECUTE|[1358]
18:44:13.0 (129869409)|STATEMENT_EXECUTE|[1359]
18:44:13.0 (129880084)|HEAP_ALLOCATE|[1359]|Bytes:4
18:44:13.0 (129892854)|HEAP_ALLOCATE|[1359]|Bytes:4
18:44:13.0 (129903724)|HEAP_ALLOCATE|[EXTERNAL]|Bytes:4
18:44:13.0 (129909614)|HEAP_ALLOCATE|[1358]|Bytes:4
18:44:13.0 (129915003)|VARIABLE_ASSIGNMENT|[1358]|year|2025
18:44:13.0 (129920138)|STATEMENT_EXECUTE|[1358]
18:44:13.0 (129921628)|STATEMENT_EXECUTE|[1359]
18:44:13.0 (129932009)|HEAP_ALLOCATE|[1359]|Bytes:4
18:44:13.0 (129944426)|HEAP_ALLOCATE|[1359]|Bytes:4
18:44:13.0 (129955375)|HEAP_ALLOCATE|[EXTERNAL]|Bytes:4
18:44:13.0 (129960996)|HEAP_ALLOCATE|[1358]|Bytes:4
18:44:13.0 (129966426)|VARIABLE_ASSIGNMENT|[1358]|year|2026
18:44:13.0 (129972288)|STATEMENT_EXECUTE|[1358]
18:44:13.0 (129973717)|STATEMENT_EXECUTE|[1359]
18:44:13.0 (129983886)|HEAP_ALLOCATE|[1359]|Bytes:4
18:44:13.0 (129996328)|HEAP_ALLOCATE|[1359]|Bytes:4
18:44:13.0 (130006957)|HEAP_ALLOCATE|[EXTERNAL]|Bytes:4
18:44:13.0 (130013368)|HEAP_ALLOCATE|[1358]|Bytes:4
18:44:13.0 (130019399)|VARIABLE_ASSIGNMENT|[1358]|year|2027
18:44:13.0 (130024604)|STATEMENT_EXECUTE|[1358]
18:44:13.0 (130026293)|STATEMENT_EXECUTE|[1359]
18:44:13.0 (130036671)|HEAP_ALLOCATE|[1359]|Bytes:4
18:44:13.0 (130048537)|HEAP_ALLOCATE|[1359]|Bytes:4
18:44:13.0 (130059734)|HEAP_ALLOCATE|[EXTERNAL]|Bytes:4
18:44:13.0 (130066015)|HEAP_ALLOCATE|[1358]|Bytes:4
18:44:13.0 (130071011)|VARIABLE_ASSIGNMENT|[1358]|year|2028
18:44:13.0 (130075761)|STATEMENT_EXECUTE|[1358]
18:44:13.0 (130077251)|STATEMENT_EXECUTE|[1359]
18:44:13.0 (130087574)|HEAP_ALLOCATE|[1359]|Bytes:4
18:44:13.0 (130099175)|HEAP_ALLOCATE|[1359]|Bytes:4
18:44:13.0 (130110303)|HEAP_ALLOCATE|[EXTERNAL]|Bytes:4
18:44:13.0 (130116341)|HEAP_ALLOCATE|[1358]|Bytes:4
18:44:13.0 (130121686)|VARIABLE_ASSIGNMENT|[1358]|year|2029
18:44:13.0 (130127033)|STATEMENT_EXECUTE|[1362]
18:44:13.0 (130134387)|SYSTEM_MODE_EXIT|false
18:44:13.0 (131772312)|SYSTEM_MODE_ENTER|true
18:44:13.0 (131886970)|SYSTEM_MODE_ENTER|true
18:44:13.0 (131958017)|SYSTEM_MODE_ENTER|true
18:44:13.0 (132026552)|SYSTEM_MODE_ENTER|true
18:44:13.0 (132090393)|SYSTEM_MODE_ENTER|true
18:44:13.0 (133046195)|VF_SERIALIZE_VIEWSTATE_BEGIN|0666F000005libo
18:44:13.0 (137955051)|VF_SERIALIZE_VIEWSTATE_END
18:44:13.145 (145873766)|CUMULATIVE_LIMIT_USAGE
18:44:13.145 (145873766)|LIMIT_USAGE_FOR_NS|(default)|
  Number of SOQL queries: 8 out of 100
  Number of query rows: 10 out of 50000
  Number of SOSL queries: 0 out of 20
  Number of DML statements: 0 out of 150
  Number of DML rows: 0 out of 10000
  Maximum CPU time: 0 out of 10000
  Maximum heap size: 0 out of 6000000
  Number of callouts: 0 out of 100
  Number of Email Invocations: 0 out of 10
  Number of future calls: 0 out of 50
  Number of queueable jobs added to the queue: 0 out of 50
  Number of Mobile Apex push calls: 0 out of 10

18:44:13.145 (145873766)|CUMULATIVE_LIMIT_USAGE_END

18:44:13.0 (145919060)|CODE_UNIT_FINISHED|VF: /apex/CheckoutMain_slx
18:44:13.0 (146691457)|EXECUTION_FINISHED
