37.0 APEX_CODE,FINEST;APEX_PROFILING,INFO;CALLOUT,INFO;DB,INFO;NBA,INFO;SYSTEM,DEBUG;VALIDATION,INFO;VISUALFORCE,INFO;WAVE,INFO;WORKFLOW,INFO
11:55:18.15 (15007174)|ENTERING_MANAGED_PKG|Centify
11:55:18.15 (15689520)|ENTERING_MANAGED_PKG|Centify
11:55:18.15 (15734529)|ENTERING_MANAGED_PKG|Centify
11:55:18.15 (16800906)|ENTERING_MANAGED_PKG|Centify
11:55:18.15 (16881996)|ENTERING_MANAGED_PKG|Centify
11:55:18.15 (16919467)|ENTERING_MANAGED_PKG|Centify
11:55:18.31 (31352606)|CUMULATIVE_LIMIT_USAGE
11:55:18.31 (31352606)|LIMIT_USAGE_FOR_NS|(default)|
  Number of SOQL queries: 0 out of 200
  Number of query rows: 0 out of 50000
  Number of SOSL queries: 0 out of 20
  Number of DML statements: 0 out of 150
  Number of DML rows: 0 out of 10000
  Maximum CPU time: 0 out of 60000
  Maximum heap size: 0 out of 12000000
  Number of callouts: 0 out of 0
  Number of Email Invocations: 0 out of 10
  Number of future calls: 0 out of 0
  Number of queueable jobs added to the queue: 0 out of 1
  Number of Mobile Apex push calls: 0 out of 10

11:55:18.31 (31352606)|LIMIT_USAGE_FOR_NS|Centify|
  Number of SOQL queries: 0 out of 200
  Number of query rows: 0 out of 50000
  Number of SOSL queries: 0 out of 20
  Number of DML statements: 0 out of 150
  Number of DML rows: 0 out of 10000
  Maximum CPU time: 0 out of 60000
  Maximum heap size: 0 out of 12000000
  Number of callouts: 0 out of 0
  Number of Email Invocations: 0 out of 10
  Number of future calls: 0 out of 0
  Number of queueable jobs added to the queue: 0 out of 1
  Number of Mobile Apex push calls: 0 out of 10

11:55:18.31 (31352606)|CUMULATIVE_LIMIT_USAGE_END

ANAGED_PKG|Centify
11:55:17.55 (78924910)|ENTERING_MANAGED_PKG|Centify
11:55:17.55 (79040130)|ENTERING_MANAGED_PKG|Centify
11:55:17.55 (79112327)|ENTERING_MANAGED_PKG|Centify
11:55:17.55 (79217493)|ENTERING_MANAGED_PKG|Centify
11:55:17.55 (79282433)|ENTERING_MANAGED_PKG|Centify
11:55:17.55 (79407819)|ENTERING_MANAGED_PKG|Centify
11:55:17.55 (79507703)|ENTERING_MANAGED_PKG|Centify
11:55:17.55 (79683867)|ENTERING_MANAGED_PKG|Centify
11:55:17.55 (79790755)|ENTERING_MANAGED_PKG|Centify
11:55:17.55 (79966198)|ENTERING_MANAGED_PKG|Centify
11:55:17.55 (80055278)|ENTERING_MANAGED_PKG|Centify
11:55:17.55 (80123939)|ENTERING_MANAGED_PKG|Centify
11:55:17.55 (80224834)|ENTERING_MANAGED_PKG|Centify
11:55:17.55 (80395883)|ENTERING_MANAGED_PKG|Centify
11:55:17.55 (80502256)|ENTERING_MANAGED_PKG|Centify
11:55:17.55 (80652265)|ENTERING_MANAGED_PKG|Centify
11:55:17.55 (80766042)|ENTERING_MANAGED_PKG|Centify
11:55:17.55 (80950310)|ENTERING_MANAGED_PKG|Centify
11:55:17.55 (81029042)|ENTERING_MANAGED_PKG|Centify
11:55:17.55 (81115794)|ENTERING_MANAGED_PKG|Centify
11:55:17.55 (81215678)|ENTERING_MANAGED_PKG|Centify
11:55:17.55 (81370871)|ENTERING_MANAGED_PKG|Centify
11:55:17.55 (81444677)|ENTERING_MANAGED_PKG|Centify
11:55:17.55 (81529512)|ENTERING_MANAGED_PKG|Centify
11:55:17.55 (81629717)|ENTERING_MANAGED_PKG|Centify
11:55:17.55 (81698293)|ENTERING_MANAGED_PKG|Centify
11:55:17.55 (81770424)|ENTERING_MANAGED_PKG|Centify
11:55:17.55 (81853999)|ENTERING_MANAGED_PKG|Centify
11:55:17.55 (81948087)|ENTERING_MANAGED_PKG|Centify
11:55:17.55 (82030309)|ENTERING_MANAGED_PKG|Centify
11:55:17.55 (82149696)|ENTERING_MANAGED_PKG|Centify
11:55:17.55 (82240873)|ENTERING_MANAGED_PKG|Centify
11:55:17.55 (82313985)|ENTERING_MANAGED_PKG|Centify
11:55:17.55 (82469481)|ENTERING_MANAGED_PKG|Centify
11:55:17.55 (82576274)|ENTERING_MANAGED_PKG|Centify
11:55:17.55 (82706822)|ENTERING_MANAGED_PKG|Centify
11:55:17.55 (82784941)|ENTERING_MANAGED_PKG|Centify
11:55:17.55 (82975588)|ENTERING_MANAGED_PKG|Centify
11:55:17.55 (83069372)|ENTERING_MANAGED_PKG|Centify
11:55:17.55 (83374561)|ENTERING_MANAGED_PKG|Centify
11:55:17.55 (83409843)|ENTERING_MANAGED_PKG|Centify
11:55:17.55 (83488790)|ENTERING_MANAGED_PKG|Centify
11:55:17.55 (83545772)|ENTERING_MANAGED_PKG|Centify
11:55:17.55 (83601912)|ENTERING_MANAGED_PKG|Centify
11:55:17.55 (83695920)|ENTERING_MANAGED_PKG|Centify
11:55:17.55 (85996795)|DML_BEGIN|[76]|Op:Insert|Type:Centify__Notification__c|Rows:1
11:55:17.55 (121096440)|DML_END|[76]
11:55:17.55 (121292746)|ENTERING_MANAGED_PKG|Centify
11:55:17.55 (121705762)|ENTERING_MANAGED_PKG|Centify
11:55:17.144 (144952336)|CUMULATIVE_LIMIT_USAGE
11:55:17.144 (144952336)|LIMIT_USAGE_FOR_NS|(default)|
  Number of SOQL queries: 0 out of 200
  Number of query rows: 0 out of 50000
  Number of SOSL queries: 0 out of 20
  Number of DML statements: 0 out of 150
  Number of DML rows: 0 out of 10000
  Maximum CPU time: 0 out of 60000
  Maximum heap size: 0 out of 12000000
  Number of callouts: 0 out of 0
  Number of Email Invocations: 0 out of 10
  Number of future calls: 0 out of 0
  Number of queueable jobs added to the queue: 0 out of 1
  Number of Mobile Apex push calls: 0 out of 10

11:55:17.144 (144952336)|LIMIT_USAGE_FOR_NS|Centify|
  Number of SOQL queries: 0 out of 200
  Number of query rows: 0 out of 50000
  Number of SOSL queries: 0 out of 20
  Number of DML statements: 0 out of 150
  Number of DML rows: 0 out of 10000
  Maximum CPU time: 0 out of 60000
  Maximum heap size: 0 out of 12000000
  Number of callouts: 0 out of 0
  Number of Email Invocations: 0 out of 10
  Number of future calls: 0 out of 0
  Number of queueable jobs added to the queue: 0 out of 1
  Number of Mobile Apex push calls: 0 out of 10

11:55:17.144 (144952336)|CUMULATIVE_LIMIT_USAGE_END

