37.0 APEX_CODE,FINEST;APEX_PROFILING,INFO;CALLOUT,INFO;DB,INFO;NBA,INFO;SYSTEM,DEBUG;VALIDATION,INFO;VISUALFORCE,INFO;WAVE,INFO;WORKFLOW,INFO
18:13:15.9 (9988422)|ENTERING_MANAGED_PKG|Centify
18:13:15.9 (12763436)|ENTERING_MANAGED_PKG|Centify
18:13:15.9 (16030382)|ENTERING_MANAGED_PKG|Centify
18:13:15.9 (16173522)|ENTERING_MANAGED_PKG|Centify
18:13:15.9 (16226785)|ENTERING_MANAGED_PKG|Centify
18:13:15.9 (16290162)|ENTERING_MANAGED_PKG|Centify
18:13:15.9 (16312358)|ENTERING_MANAGED_PKG|Centify
18:13:15.9 (16358568)|ENTERING_MANAGED_PKG|Centify
18:13:15.9 (16380212)|ENTERING_MANAGED_PKG|Centify
18:13:15.9 (16449749)|ENTERING_MANAGED_PKG|Centify
18:13:15.9 (16511986)|ENTERING_MANAGED_PKG|Centify
18:13:15.9 (21609636)|SOQL_EXECUTE_BEGIN|[19]|Aggregations:0|SELECT Id, OrganizationType FROM Organization LIMIT 1
18:13:15.9 (24797109)|SOQL_EXECUTE_END|[19]|Rows:1
18:13:15.9 (27118859)|ENTERING_MANAGED_PKG|Centify
18:13:15.9 (27211566)|ENTERING_MANAGED_PKG|Centify
18:13:15.9 (27369830)|ENTERING_MANAGED_PKG|Centify
18:13:15.9 (27430921)|ENTERING_MANAGED_PKG|Centify
18:13:15.9 (27879437)|ENTERING_MANAGED_PKG|Centify
18:13:15.9 (27920799)|ENTERING_MANAGED_PKG|Centify
18:13:15.9 (28024749)|ENTERING_MANAGED_PKG|Centify
18:13:15.9 (28093005)|ENTERING_MANAGED_PKG|Centify
18:13:15.9 (30478012)|SOQL_EXECUTE_BEGIN|[95]|Aggregations:0|SELECT MAX(Last_Sync_Time__c) maxDT FROM Salesforce_Sync_Settings__c
18:13:15.9 (33396726)|SOQL_EXECUTE_END|[95]|Rows:1
18:13:15.9 (33819347)|ENTERING_MANAGED_PKG|Centify
18:13:15.9 (33914751)|ENTERING_MANAGED_PKG|Centify
18:13:15.9 (38834948)|ENTERING_MANAGED_PKG|Centify
18:13:15.9 (38984363)|ENTERING_MANAGED_PKG|Centify
18:13:15.9 (40755549)|SOQL_EXECUTE_BEGIN|[84]|Aggregations:0|SELECT COUNT() FROM Notification__c WHERE ((Number_Of_Attempts__c = NULL OR Number_Of_Attempts__c < :tmpVar1) AND (CreatedDate = TODAY OR LastModifiedDate = TODAY)) LIMIT 25000
18:13:15.9 (54182227)|SOQL_EXECUTE_END|[84]|Rows:0
18:13:15.9 (54282374)|ENTERING_MANAGED_PKG|Centify
18:13:15.9 (54342816)|ENTERING_MANAGED_PKG|Centify
18:13:15.9 (54407310)|ENTERING_MANAGED_PKG|Centify
18:13:15.9 (54454418)|ENTERING_MANAGED_PKG|Centify
18:13:15.9 (54520434)|ENTERING_MANAGED_PKG|Centify
18:13:15.9 (58220282)|SOQL_EXECUTE_BEGIN|[363]|Aggregations:0|SELECT Id, Label, MasterLabel, DeveloperName, Endpoint__c, TimeOut__c FROM Endpoint_Setting__mdt LIMIT 50
18:13:15.9 (64528504)|SOQL_EXECUTE_END|[363]|Rows:23
18:13:15.9 (66481779)|ENTERING_MANAGED_PKG|Centify
18:13:15.9 (66551196)|ENTERING_MANAGED_PKG|Centify
18:13:15.9 (67684247)|ENTERING_MANAGED_PKG|Centify
18:13:15.9 (67734645)|ENTERING_MANAGED_PKG|Centify
18:13:15.9 (68833645)|ENTERING_MANAGED_PKG|Centify
18:13:15.9 (72763856)|ENTERING_MANAGED_PKG|Centify
18:13:15.9 (72860678)|ENTERING_MANAGED_PKG|Centify
18:13:15.9 (72924312)|ENTERING_MANAGED_PKG|Centify
18:13:15.9 (73884818)|ENTERING_MANAGED_PKG|Centify
18:13:15.9 (73969578)|ENTERING_MANAGED_PKG|Centify
18:13:15.9 (74024262)|ENTERING_MANAGED_PKG|Centify
18:13:15.9 (74289660)|ENTERING_MANAGED_PKG|Centify
18:13:15.9 (74333906)|ENTERING_MANAGED_PKG|Centify
18:13:15.9 (74377902)|ENTERING_MANAGED_PKG|Centify
18:13:15.9 (74420141)|ENTERING_MANAGED_PKG|Centify
18:13:15.9 (74485722)|ENTERING_MANAGED_PKG|Centify
18:13:15.9 (76608782)|ENTERING_MANAGED_PKG|Centify
18:13:15.9 (76698662)|ENTERING_MANAGED_PKG|Centify
18:13:15.9 (77592104)|ENTERING_MANAGED_PKG|Centify
18:13:15.9 (254855245)|ENTERING_MANAGED_PKG|Centify
18:13:15.268 (268242446)|CUMULATIVE_LIMIT_USAGE
18:13:15.268 (268242446)|LIMIT_USAGE_FOR_NS|(default)|
  Number of SOQL queries: 0 out of 200
  Number of query rows: 0 out of 50000
  Number of SOSL queries: 0 out of 20
  Number of DML statements: 0 out of 150
  Number of DML rows: 0 out of 10000
  Maximum CPU time: 0 out of 60000
  Maximum heap size: 0 out of 12000000
  Number of callouts: 0 out of 0
  Number of Email Invocations: 0 out of 10
  Number of future calls: 0 out of 0
  Number of queueable jobs added to the queue: 0 out of 1
  Number of Mobile Apex push calls: 0 out of 10

18:13:15.268 (268242446)|LIMIT_USAGE_FOR_NS|Centify|
  Number of SOQL queries: 0 out of 200
  Number of query rows: 0 out of 50000
  Number of SOSL queries: 0 out of 20
  Number of DML statements: 0 out of 150
  Number of DML rows: 0 out of 10000
  Maximum CPU time: 0 out of 60000
  Maximum heap size: 0 out of 12000000
  Number of callouts: 0 out of 0
  Number of Email Invocations: 0 out of 10
  Number of future calls: 0 out of 0
  Number of queueable jobs added to the queue: 0 out of 1
  Number of Mobile Apex push calls: 0 out of 10

18:13:15.268 (268242446)|CUMULATIVE_LIMIT_USAGE_END

