37.0 APEX_CODE,FINEST;APEX_PROFILING,INFO;CALLOUT,INFO;DB,INFO;NBA,INFO;SYSTEM,DEBUG;VALIDATION,INFO;VISUALFORCE,INFO;WAVE,INFO;WORKFLOW,INFO
18:27:01.23 (23197826)|ENTERING_MANAGED_PKG|Centify
18:27:01.23 (26761475)|ENTERING_MANAGED_PKG|Centify
18:27:01.23 (32371445)|ENTERING_MANAGED_PKG|Centify
18:27:01.23 (32501467)|ENTERING_MANAGED_PKG|Centify
18:27:01.23 (32636665)|ENTERING_MANAGED_PKG|Centify
18:27:01.23 (33272991)|ENTERING_MANAGED_PKG|Centify
18:27:01.23 (33578545)|ENTERING_MANAGED_PKG|Centify
18:27:01.23 (33607392)|ENTERING_MANAGED_PKG|Centify
18:27:01.23 (33694253)|ENTERING_MANAGED_PKG|Centify
18:27:01.23 (33747935)|ENTERING_MANAGED_PKG|Centify
18:27:01.23 (33785167)|ENTERING_MANAGED_PKG|Centify
18:27:01.23 (33805770)|ENTERING_MANAGED_PKG|Centify
18:27:01.23 (33823143)|ENTERING_MANAGED_PKG|Centify
18:27:01.23 (33988757)|ENTERING_MANAGED_PKG|Centify
18:27:01.23 (69500088)|ENTERING_MANAGED_PKG|Centify
18:27:01.23 (69606038)|ENTERING_MANAGED_PKG|Centify
18:27:01.23 (69739859)|ENTERING_MANAGED_PKG|Centify
18:27:01.23 (69788391)|ENTERING_MANAGED_PKG|Centify
18:27:01.23 (255589336)|ENTERING_MANAGED_PKG|Centify
18:27:01.23 (294891106)|ENTERING_MANAGED_PKG|Centify
18:27:01.23 (307074552)|ENTERING_MANAGED_PKG|Centify
18:27:01.23 (307143573)|ENTERING_MANAGED_PKG|Centify
18:27:01.23 (307253880)|ENTERING_MANAGED_PKG|Centify
18:27:01.23 (307302513)|ENTERING_MANAGED_PKG|Centify
18:27:01.23 (307405400)|ENTERING_MANAGED_PKG|Centify
18:27:01.23 (334337826)|ENTERING_MANAGED_PKG|Centify
18:27:01.23 (349308211)|ENTERING_MANAGED_PKG|Centify
18:27:01.23 (349360208)|ENTERING_MANAGED_PKG|Centify
18:27:01.23 (349433767)|ENTERING_MANAGED_PKG|Centify
18:27:01.23 (349463358)|ENTERING_MANAGED_PKG|Centify
18:27:01.23 (349521151)|ENTERING_MANAGED_PKG|Centify
18:27:01.23 (377375635)|ENTERING_MANAGED_PKG|Centify
18:27:01.23 (392275887)|ENTERING_MANAGED_PKG|Centify
18:27:01.23 (392324159)|ENTERING_MANAGED_PKG|Centify
18:27:01.23 (392396788)|ENTERING_MANAGED_PKG|Centify
18:27:01.23 (392426554)|ENTERING_MANAGED_PKG|Centify
18:27:01.23 (392484393)|ENTERING_MANAGED_PKG|Centify
18:27:01.23 (423109196)|ENTERING_MANAGED_PKG|Centify
18:27:01.23 (438619614)|ENTERING_MANAGED_PKG|Centify
18:27:01.23 (438668461)|ENTERING_MANAGED_PKG|Centify
18:27:01.23 (438748077)|ENTERING_MANAGED_PKG|Centify
18:27:01.23 (438781663)|ENTERING_MANAGED_PKG|Centify
18:27:01.23 (438844963)|ENTERING_MANAGED_PKG|Centify
18:27:01.23 (466006416)|ENTERING_MANAGED_PKG|Centify
18:27:01.23 (482110801)|ENTERING_MANAGED_PKG|Centify
18:27:01.23 (482161296)|ENTERING_MANAGED_PKG|Centify
18:27:01.23 (482231908)|ENTERING_MANAGED_PKG|Centify
18:27:01.23 (482261753)|ENTERING_MANAGED_PKG|Centify
18:27:01.23 (482319863)|ENTERING_MANAGED_PKG|Centify
18:27:01.23 (509777844)|ENTERING_MANAGED_PKG|Centify
18:27:01.23 (524013847)|ENTERING_MANAGED_PKG|Centify
18:27:01.23 (524068801)|ENTERING_MANAGED_PKG|Centify
18:27:01.23 (524144816)|ENTERING_MANAGED_PKG|Centify
18:27:01.23 (524175081)|ENTERING_MANAGED_PKG|Centify
18:27:01.23 (524234886)|ENTERING_MANAGED_PKG|Centify
18:27:01.23 (548341942)|ENTERING_MANAGED_PKG|Centify
18:27:01.23 (562023013)|ENTERING_MANAGED_PKG|Centify
18:27:01.23 (562075658)|ENTERING_MANAGED_PKG|Centify
18:27:01.23 (562150539)|ENTERING_MANAGED_PKG|Centify
18:27:01.23 (562180605)|ENTERING_MANAGED_PKG|Centify
18:27:01.23 (562238074)|ENTERING_MANAGED_PKG|Centify
18:27:01.23 (585454414)|ENTERING_MANAGED_PKG|Centify
18:27:01.23 (599694453)|ENTERING_MANAGED_PKG|Centify
18:27:01.23 (599755505)|ENTERING_MANAGED_PKG|Centify
18:27:01.23 (599831407)|ENTERING_MANAGED_PKG|Centify
18:27:01.23 (599861875)|ENTERING_MANAGED_PKG|Centify
18:27:01.23 (599922320)|ENTERING_MANAGED_PKG|Centify
18:27:01.23 (624568310)|ENTERING_MANAGED_PKG|Centify
18:27:01.23 (673726570)|ENTERING_MANAGED_PKG|Centify
18:27:01.23 (673800547)|ENTERING_MANAGED_PKG|Centify
18:27:01.23 (673911456)|ENTERING_MANAGED_PKG|Centify
18:27:01.23 (673953262)|ENTERING_MANAGED_PKG|Centify
18:27:01.23 (674042313)|ENTERING_MANAGED_PKG|Centify
18:27:01.23 (704991910)|ENTERING_MANAGED_PKG|Centify
18:27:01.23 (721130493)|ENTERING_MANAGED_PKG|Centify
18:27:01.23 (721225297)|ENTERING_MANAGED_PKG|Centify
18:27:01.23 (721336231)|ENTERING_MANAGED_PKG|Centify
18:27:01.23 (721381935)|ENTERING_MANAGED_PKG|Centify
18:27:01.23 (721478248)|ENTERING_MANAGED_PKG|Centify
18:27:01.23 (754032375)|ENTERING_MANAGED_PKG|Centify
18:27:01.23 (769125453)|ENTERING_MANAGED_PKG|Centify
18:27:01.23 (769173273)|ENTERING_MANAGED_PKG|Centify
18:27:01.23 (769246667)|ENTERING_MANAGED_PKG|Centify
18:27:01.23 (769276478)|ENTERING_MANAGED_PKG|Centify
18:27:01.23 (769335278)|ENTERING_MANAGED_PKG|Centify
18:27:01.23 (795336912)|ENTERING_MANAGED_PKG|Centify
18:27:01.23 (809624706)|ENTERING_MANAGED_PKG|Centify
18:27:01.23 (809674806)|ENTERING_MANAGED_PKG|Centify
18:27:01.23 (809752037)|ENTERING_MANAGED_PKG|Centify
18:27:01.23 (809782350)|ENTERING_MANAGED_PKG|Centify
18:27:01.23 (809843383)|ENTERING_MANAGED_PKG|Centify
18:27:01.23 (837047485)|ENTERING_MANAGED_PKG|Centify
18:27:01.23 (851862351)|ENTERING_MANAGED_PKG|Centify
18:27:01.23 (851921500)|ENTERING_MANAGED_PKG|Centify
18:27:01.23 (852003104)|ENTERING_MANAGED_PKG|Centify
18:27:01.23 (852035640)|ENTERING_MANAGED_PKG|Centify
18:27:01.23 (852096139)|ENTERING_MANAGED_PKG|Centify
18:27:01.23 (875706715)|ENTERING_MANAGED_PKG|Centify
18:27:01.23 (875775926)|ENTERING_MANAGED_PKG|Centify
18:27:01.23 (875919249)|ENTERING_MANAGED_PKG|Centify
18:27:01.23 (875958077)|ENTERING_MANAGED_PKG|Centify
18:27:01.23 (875995397)|ENTERING_MANAGED_PKG|Centify
18:27:01.23 (879914101)|ENTERING_MANAGED_PKG|Centify
18:27:01.23 (880011093)|ENTERING_MANAGED_PKG|Centify
18:27:01.23 (881613861)|ENTERING_MANAGED_PKG|Centify
18:27:01.23 (881686489)|ENTERING_MANAGED_PKG|Centify
18:27:01.23 (881778101)|ENTERING_MANAGED_PKG|Centify
18:27:01.23 (882360133)|ENTERING_MANAGED_PKG|Centify
18:27:01.23 (883248533)|SOQL_EXECUTE_BEGIN|[16]|Aggregations:0|select id,lastmodifieddate,isdeleted,call_duration_min__c,createddate,tasksubtype,isclosed,subject,ownerid,activitydate,status,whatid,calldurationinseconds,calltype from Task where LastModifiedDate >2018-09-28T07:44:30Z AND LastModifiedDate < 2018-09-28T08:27:07Z AND (  CallType = 'Outbound'  OR  CallType = 'Inbound' )  ORDER BY SystemModStamp DESC LIMIT 5000  ALL ROWS
18:27:01.23 (889775934)|SOQL_EXECUTE_END|[16]|Rows:0
18:27:01.911 (911022859)|CUMULATIVE_LIMIT_USAGE
18:27:01.911 (911022859)|LIMIT_USAGE_FOR_NS|(default)|
  Number of SOQL queries: 0 out of 200
  Number of query rows: 0 out of 50000
  Number of SOSL queries: 0 out of 20
  Number of DML statements: 0 out of 150
  Number of DML rows: 0 out of 10000
  Maximum CPU time: 0 out of 60000
  Maximum heap size: 0 out of 12000000
  Number of callouts: 0 out of 0
  Number of Email Invocations: 0 out of 10
  Number of future calls: 0 out of 0
  Number of queueable jobs added to the queue: 0 out of 1
  Number of Mobile Apex push calls: 0 out of 10

18:27:01.911 (911022859)|LIMIT_USAGE_FOR_NS|Centify|
  Number of SOQL queries: 0 out of 200
  Number of query rows: 0 out of 50000
  Number of SOSL queries: 0 out of 20
  Number of DML statements: 0 out of 150
  Number of DML rows: 0 out of 10000
  Maximum CPU time: 0 out of 60000
  Maximum heap size: 0 out of 12000000
  Number of callouts: 0 out of 0
  Number of Email Invocations: 0 out of 10
  Number of future calls: 0 out of 0
  Number of queueable jobs added to the queue: 0 out of 1
  Number of Mobile Apex push calls: 0 out of 10

18:27:01.911 (911022859)|CUMULATIVE_LIMIT_USAGE_END

