37.0 APEX_CODE,FINEST;APEX_PROFILING,INFO;CALLOUT,INFO;DB,INFO;NBA,INFO;SYSTEM,DEBUG;VALIDATION,INFO;VISUALFORCE,INFO;WAVE,INFO;WORKFLOW,INFO
18:18:14.23 (23254011)|ENTERING_MANAGED_PKG|Centify
18:18:14.23 (23911917)|ENTERING_MANAGED_PKG|Centify
18:18:14.23 (23947223)|ENTERING_MANAGED_PKG|Centify
18:18:14.23 (28483824)|ENTERING_MANAGED_PKG|Centify
18:18:14.23 (28576616)|ENTERING_MANAGED_PKG|Centify
18:18:14.23 (28636078)|ENTERING_MANAGED_PKG|Centify
18:18:14.43 (43686631)|CUMULATIVE_LIMIT_USAGE
18:18:14.43 (43686631)|LIMIT_USAGE_FOR_NS|(default)|
  Number of SOQL queries: 0 out of 200
  Number of query rows: 0 out of 50000
  Number of SOSL queries: 0 out of 20
  Number of DML statements: 0 out of 150
  Number of DML rows: 0 out of 10000
  Maximum CPU time: 0 out of 60000
  Maximum heap size: 0 out of 12000000
  Number of callouts: 0 out of 0
  Number of Email Invocations: 0 out of 10
  Number of future calls: 0 out of 0
  Number of queueable jobs added to the queue: 0 out of 1
  Number of Mobile Apex push calls: 0 out of 10

18:18:14.43 (43686631)|LIMIT_USAGE_FOR_NS|Centify|
  Number of SOQL queries: 0 out of 200
  Number of query rows: 0 out of 50000
  Number of SOSL queries: 0 out of 20
  Number of DML statements: 0 out of 150
  Number of DML rows: 0 out of 10000
  Maximum CPU time: 0 out of 60000
  Maximum heap size: 0 out of 12000000
  Number of callouts: 0 out of 0
  Number of Email Invocations: 0 out of 10
  Number of future calls: 0 out of 0
  Number of queueable jobs added to the queue: 0 out of 1
  Number of Mobile Apex push calls: 0 out of 10

18:18:14.43 (43686631)|CUMULATIVE_LIMIT_USAGE_END

|ENTERING_MANAGED_PKG|Centify
18:18:13.21 (451545159)|ENTERING_MANAGED_PKG|Centify
18:18:13.21 (451660012)|ENTERING_MANAGED_PKG|Centify
18:18:13.21 (489607812)|ENTERING_MANAGED_PKG|Centify
18:18:13.21 (506509855)|ENTERING_MANAGED_PKG|Centify
18:18:13.21 (506562839)|ENTERING_MANAGED_PKG|Centify
18:18:13.21 (506641110)|ENTERING_MANAGED_PKG|Centify
18:18:13.21 (506675133)|ENTERING_MANAGED_PKG|Centify
18:18:13.21 (506740311)|ENTERING_MANAGED_PKG|Centify
18:18:13.21 (540225070)|ENTERING_MANAGED_PKG|Centify
18:18:13.21 (557445225)|ENTERING_MANAGED_PKG|Centify
18:18:13.21 (557497629)|ENTERING_MANAGED_PKG|Centify
18:18:13.21 (557577197)|ENTERING_MANAGED_PKG|Centify
18:18:13.21 (557611103)|ENTERING_MANAGED_PKG|Centify
18:18:13.21 (557677817)|ENTERING_MANAGED_PKG|Centify
18:18:13.21 (590897739)|ENTERING_MANAGED_PKG|Centify
18:18:13.21 (606507727)|ENTERING_MANAGED_PKG|Centify
18:18:13.21 (606560349)|ENTERING_MANAGED_PKG|Centify
18:18:13.21 (606638913)|ENTERING_MANAGED_PKG|Centify
18:18:13.21 (606672093)|ENTERING_MANAGED_PKG|Centify
18:18:13.21 (606737469)|ENTERING_MANAGED_PKG|Centify
18:18:13.21 (640593403)|ENTERING_MANAGED_PKG|Centify
18:18:13.21 (655767350)|ENTERING_MANAGED_PKG|Centify
18:18:13.21 (655821784)|ENTERING_MANAGED_PKG|Centify
18:18:13.21 (655907342)|ENTERING_MANAGED_PKG|Centify
18:18:13.21 (655941283)|ENTERING_MANAGED_PKG|Centify
18:18:13.21 (656005404)|ENTERING_MANAGED_PKG|Centify
18:18:13.21 (688791789)|ENTERING_MANAGED_PKG|Centify
18:18:13.21 (702685631)|ENTERING_MANAGED_PKG|Centify
18:18:13.21 (702739227)|ENTERING_MANAGED_PKG|Centify
18:18:13.21 (702818059)|ENTERING_MANAGED_PKG|Centify
18:18:13.21 (702855769)|ENTERING_MANAGED_PKG|Centify
18:18:13.21 (702929052)|ENTERING_MANAGED_PKG|Centify
18:18:13.21 (735847578)|ENTERING_MANAGED_PKG|Centify
18:18:13.21 (735931765)|ENTERING_MANAGED_PKG|Centify
18:18:13.21 (736071445)|ENTERING_MANAGED_PKG|Centify
18:18:13.21 (736098771)|ENTERING_MANAGED_PKG|Centify
18:18:13.21 (736241292)|ENTERING_MANAGED_PKG|Centify
18:18:13.21 (736283935)|ENTERING_MANAGED_PKG|Centify
18:18:13.21 (736326775)|ENTERING_MANAGED_PKG|Centify
18:18:13.21 (740800689)|ENTERING_MANAGED_PKG|Centify
18:18:13.21 (740899267)|ENTERING_MANAGED_PKG|Centify
18:18:13.21 (742476374)|ENTERING_MANAGED_PKG|Centify
18:18:13.21 (742608648)|ENTERING_MANAGED_PKG|Centify
18:18:13.21 (743157282)|ENTERING_MANAGED_PKG|Centify
18:18:13.21 (743871998)|SOQL_EXECUTE_BEGIN|[16]|Aggregations:0|select id,lastmodifieddate,isdeleted,name,ownerid,has_the_save_strategy_been_implemented__c,status__c,product_type__c from Cases__c where LastModifiedDate >2018-09-28T07:30:24Z AND LastModifiedDate < 2018-09-28T08:18:19Z  ORDER BY SystemModStamp DESC LIMIT 5000  ALL ROWS
18:18:13.21 (751924453)|SOQL_EXECUTE_END|[16]|Rows:0
18:18:13.778 (778142485)|CUMULATIVE_LIMIT_USAGE
18:18:13.778 (778142485)|LIMIT_USAGE_FOR_NS|(default)|
  Number of SOQL queries: 0 out of 200
  Number of query rows: 0 out of 50000
  Number of SOSL queries: 0 out of 20
  Number of DML statements: 0 out of 150
  Number of DML rows: 0 out of 10000
  Maximum CPU time: 0 out of 60000
  Maximum heap size: 0 out of 12000000
  Number of callouts: 0 out of 0
  Number of Email Invocations: 0 out of 10
  Number of future calls: 0 out of 0
  Number of queueable jobs added to the queue: 0 out of 1
  Number of Mobile Apex push calls: 0 out of 10

18:18:13.778 (778142485)|LIMIT_USAGE_FOR_NS|Centify|
  Number of SOQL queries: 0 out of 200
  Number of query rows: 0 out of 50000
  Number of SOSL queries: 0 out of 20
  Number of DML statements: 0 out of 150
  Number of DML rows: 0 out of 10000
  Maximum CPU time: 0 out of 60000
  Maximum heap size: 0 out of 12000000
  Number of callouts: 0 out of 0
  Number of Email Invocations: 0 out of 10
  Number of future calls: 0 out of 0
  Number of queueable jobs added to the queue: 0 out of 1
  Number of Mobile Apex push calls: 0 out of 10

18:18:13.778 (778142485)|CUMULATIVE_LIMIT_USAGE_END

