37.0 APEX_CODE,FINEST;APEX_PROFILING,INFO;CALLOUT,INFO;DB,INFO;NBA,INFO;SYSTEM,DEBUG;VALIDATION,INFO;VISUALFORCE,INFO;WAVE,INFO;WORKFLOW,INFO
16:51:10.16 (16566970)|ENTERING_MANAGED_PKG|Centify
16:51:10.16 (18315439)|ENTERING_MANAGED_PKG|Centify
16:51:10.16 (18371920)|ENTERING_MANAGED_PKG|Centify
16:51:10.16 (19190164)|ENTERING_MANAGED_PKG|Centify
16:51:10.16 (19278254)|ENTERING_MANAGED_PKG|Centify
16:51:10.16 (20225894)|ENTERING_MANAGED_PKG|Centify
16:51:10.16 (20600979)|ENTERING_MANAGED_PKG|Centify
16:51:10.16 (20641002)|ENTERING_MANAGED_PKG|Centify
16:51:10.16 (20744953)|ENTERING_MANAGED_PKG|Centify
16:51:10.16 (20802681)|ENTERING_MANAGED_PKG|Centify
16:51:10.16 (20851569)|ENTERING_MANAGED_PKG|Centify
16:51:10.16 (20880729)|ENTERING_MANAGED_PKG|Centify
16:51:10.16 (20909460)|ENTERING_MANAGED_PKG|Centify
16:51:10.16 (21154460)|ENTERING_MANAGED_PKG|Centify
16:51:10.16 (68730378)|ENTERING_MANAGED_PKG|Centify
16:51:10.16 (68822022)|ENTERING_MANAGED_PKG|Centify
16:51:10.16 (68956798)|ENTERING_MANAGED_PKG|Centify
16:51:10.16 (69004149)|ENTERING_MANAGED_PKG|Centify
16:51:10.16 (297422069)|ENTERING_MANAGED_PKG|Centify
16:51:10.16 (351751479)|ENTERING_MANAGED_PKG|Centify
16:51:10.16 (416068396)|ENTERING_MANAGED_PKG|Centify
16:51:10.16 (416124397)|ENTERING_MANAGED_PKG|Centify
16:51:10.16 (416206550)|ENTERING_MANAGED_PKG|Centify
16:51:10.16 (416242184)|ENTERING_MANAGED_PKG|Centify
16:51:10.16 (416311185)|ENTERING_MANAGED_PKG|Centify
16:51:10.16 (448378883)|ENTERING_MANAGED_PKG|Centify
16:51:10.16 (465699444)|ENTERING_MANAGED_PKG|Centify
16:51:10.16 (465754589)|ENTERING_MANAGED_PKG|Centify
16:51:10.16 (465835079)|ENTERING_MANAGED_PKG|Centify
16:51:10.16 (465871413)|ENTERING_MANAGED_PKG|Centify
16:51:10.16 (465941791)|ENTERING_MANAGED_PKG|Centify
16:51:10.16 (509522038)|ENTERING_MANAGED_PKG|Centify
16:51:10.16 (527691285)|ENTERING_MANAGED_PKG|Centify
16:51:10.16 (527751555)|ENTERING_MANAGED_PKG|Centify
16:51:10.16 (527837927)|ENTERING_MANAGED_PKG|Centify
16:51:10.16 (527874058)|ENTERING_MANAGED_PKG|Centify
16:51:10.16 (527945902)|ENTERING_MANAGED_PKG|Centify
16:51:10.16 (560622262)|ENTERING_MANAGED_PKG|Centify
16:51:10.16 (577111480)|ENTERING_MANAGED_PKG|Centify
16:51:10.16 (577169091)|ENTERING_MANAGED_PKG|Centify
16:51:10.16 (577255320)|ENTERING_MANAGED_PKG|Centify
16:51:10.16 (577292490)|ENTERING_MANAGED_PKG|Centify
16:51:10.16 (577364331)|ENTERING_MANAGED_PKG|Centify
16:51:10.16 (610330430)|ENTERING_MANAGED_PKG|Centify
16:51:10.16 (628947181)|ENTERING_MANAGED_PKG|Centify
16:51:10.16 (629025190)|ENTERING_MANAGED_PKG|Centify
16:51:10.16 (629141382)|ENTERING_MANAGED_PKG|Centify
16:51:10.16 (629192509)|ENTERING_MANAGED_PKG|Centify
16:51:10.16 (629290412)|ENTERING_MANAGED_PKG|Centify
16:51:10.16 (670273220)|ENTERING_MANAGED_PKG|Centify
16:51:10.16 (687313331)|ENTERING_MANAGED_PKG|Centify
16:51:10.16 (687379124)|ENTERING_MANAGED_PKG|Centify
16:51:10.16 (687475859)|ENTERING_MANAGED_PKG|Centify
16:51:10.16 (687524088)|ENTERING_MANAGED_PKG|Centify
16:51:10.16 (687610516)|ENTERING_MANAGED_PKG|Centify
16:51:10.16 (725249531)|ENTERING_MANAGED_PKG|Centify
16:51:10.16 (742195446)|ENTERING_MANAGED_PKG|Centify
16:51:10.16 (742258788)|ENTERING_MANAGED_PKG|Centify
16:51:10.16 (742357924)|ENTERING_MANAGED_PKG|Centify
16:51:10.16 (742400874)|ENTERING_MANAGED_PKG|Centify
16:51:10.16 (742490737)|ENTERING_MANAGED_PKG|Centify
16:51:10.16 (780165664)|ENTERING_MANAGED_PKG|Centify
16:51:10.16 (796362409)|ENTERING_MANAGED_PKG|Centify
16:51:10.16 (796423523)|ENTERING_MANAGED_PKG|Centify
16:51:10.16 (796526247)|ENTERING_MANAGED_PKG|Centify
16:51:10.16 (796570325)|ENTERING_MANAGED_PKG|Centify
16:51:10.16 (796653482)|ENTERING_MANAGED_PKG|Centify
16:51:10.16 (833147355)|ENTERING_MANAGED_PKG|Centify
16:51:10.16 (849819751)|ENTERING_MANAGED_PKG|Centify
16:51:10.16 (849884421)|ENTERING_MANAGED_PKG|Centify
16:51:10.16 (849979884)|ENTERING_MANAGED_PKG|Centify
16:51:10.16 (850022327)|ENTERING_MANAGED_PKG|Centify
16:51:10.16 (850106687)|ENTERING_MANAGED_PKG|Centify
16:51:10.16 (887176412)|ENTERING_MANAGED_PKG|Centify
16:51:10.16 (903998335)|ENTERING_MANAGED_PKG|Centify
16:51:10.16 (904345227)|ENTERING_MANAGED_PKG|Centify
16:51:10.16 (918232773)|ENTERING_MANAGED_PKG|Centify
16:51:10.16 (918328006)|ENTERING_MANAGED_PKG|Centify
16:51:10.16 (919492731)|ENTERING_MANAGED_PKG|Centify
16:51:10.16 (919570085)|ENTERING_MANAGED_PKG|Centify
16:51:10.16 (919632379)|ENTERING_MANAGED_PKG|Centify
16:51:10.16 (919726172)|ENTERING_MANAGED_PKG|Centify
16:51:10.16 (923289104)|SOQL_EXECUTE_BEGIN|[19]|Aggregations:0|SELECT Id, OrganizationType FROM Organization LIMIT 1
16:51:10.16 (927118353)|SOQL_EXECUTE_END|[19]|Rows:1
16:51:10.16 (943666902)|ENTERING_MANAGED_PKG|Centify
16:51:10.16 (943725299)|ENTERING_MANAGED_PKG|Centify
16:51:10.16 (943893930)|ENTERING_MANAGED_PKG|Centify
16:51:10.16 (943935776)|ENTERING_MANAGED_PKG|Centify
16:51:10.16 (943972123)|ENTERING_MANAGED_PKG|Centify
16:51:10.16 (945165892)|ENTERING_MANAGED_PKG|Centify
16:51:10.16 (945250834)|ENTERING_MANAGED_PKG|Centify
16:51:10.16 (955622652)|ENTERING_MANAGED_PKG|Centify
16:51:10.16 (955767544)|ENTERING_MANAGED_PKG|Centify
16:51:10.16 (956464012)|ENTERING_MANAGED_PKG|Centify
16:51:10.16 (957249612)|SOQL_EXECUTE_BEGIN|[16]|Aggregations:0|select id,lastmodifieddate,isdeleted,name,createddate,ownerid,status,isconverted,converteddate,company from Lead where LastModifiedDate >2018-11-21T05:26:56Z AND LastModifiedDate < 2018-11-21T06:51:16Z  ORDER BY SystemModStamp DESC LIMIT 5000  ALL ROWS
16:51:10.16 (962764104)|SOQL_EXECUTE_END|[16]|Rows:0
16:51:10.986 (986154473)|CUMULATIVE_LIMIT_USAGE
16:51:10.986 (986154473)|LIMIT_USAGE_FOR_NS|(default)|
  Number of SOQL queries: 0 out of 200
  Number of query rows: 0 out of 50000
  Number of SOSL queries: 0 out of 20
  Number of DML statements: 0 out of 150
  Number of DML rows: 0 out of 10000
  Maximum CPU time: 0 out of 60000
  Maximum heap size: 0 out of 12000000
  Number of callouts: 0 out of 0
  Number of Email Invocations: 0 out of 10
  Number of future calls: 0 out of 0
  Number of queueable jobs added to the queue: 0 out of 1
  Number of Mobile Apex push calls: 0 out of 10

16:51:10.986 (986154473)|LIMIT_USAGE_FOR_NS|Centify|
  Number of SOQL queries: 0 out of 200
  Number of query rows: 0 out of 50000
  Number of SOSL queries: 0 out of 20
  Number of DML statements: 0 out of 150
  Number of DML rows: 0 out of 10000
  Maximum CPU time: 0 out of 60000
  Maximum heap size: 0 out of 12000000
  Number of callouts: 0 out of 0
  Number of Email Invocations: 0 out of 10
  Number of future calls: 0 out of 0
  Number of queueable jobs added to the queue: 0 out of 1
  Number of Mobile Apex push calls: 0 out of 10

16:51:10.986 (986154473)|CUMULATIVE_LIMIT_USAGE_END

