37.0 APEX_CODE,FINEST;APEX_PROFILING,INFO;CALLOUT,INFO;DB,INFO;NBA,INFO;SYSTEM,DEBUG;VALIDATION,INFO;VISUALFORCE,INFO;WAVE,INFO;WORKFLOW,INFO
18:21:04.18 (18040293)|ENTERING_MANAGED_PKG|Centify
18:21:04.18 (22156294)|ENTERING_MANAGED_PKG|Centify
18:21:04.18 (29175974)|ENTERING_MANAGED_PKG|Centify
18:21:04.18 (29345878)|ENTERING_MANAGED_PKG|Centify
18:21:04.18 (29497060)|ENTERING_MANAGED_PKG|Centify
18:21:04.18 (30116034)|ENTERING_MANAGED_PKG|Centify
18:21:04.18 (30390523)|ENTERING_MANAGED_PKG|Centify
18:21:04.18 (30418558)|ENTERING_MANAGED_PKG|Centify
18:21:04.18 (30494480)|ENTERING_MANAGED_PKG|Centify
18:21:04.18 (30542632)|ENTERING_MANAGED_PKG|Centify
18:21:04.18 (30578773)|ENTERING_MANAGED_PKG|Centify
18:21:04.18 (30599809)|ENTERING_MANAGED_PKG|Centify
18:21:04.18 (30617128)|ENTERING_MANAGED_PKG|Centify
18:21:04.18 (30782495)|ENTERING_MANAGED_PKG|Centify
18:21:04.18 (73804010)|ENTERING_MANAGED_PKG|Centify
18:21:04.18 (73940927)|ENTERING_MANAGED_PKG|Centify
18:21:04.18 (74074769)|ENTERING_MANAGED_PKG|Centify
18:21:04.18 (74134718)|ENTERING_MANAGED_PKG|Centify
18:21:04.18 (278354422)|ENTERING_MANAGED_PKG|Centify
18:21:04.18 (325742322)|ENTERING_MANAGED_PKG|Centify
18:21:04.18 (337791849)|ENTERING_MANAGED_PKG|Centify
18:21:04.18 (337841321)|ENTERING_MANAGED_PKG|Centify
18:21:04.18 (337916023)|ENTERING_MANAGED_PKG|Centify
18:21:04.18 (337947783)|ENTERING_MANAGED_PKG|Centify
18:21:04.18 (338018155)|ENTERING_MANAGED_PKG|Centify
18:21:04.18 (364037868)|ENTERING_MANAGED_PKG|Centify
18:21:04.18 (379117431)|ENTERING_MANAGED_PKG|Centify
18:21:04.18 (379169107)|ENTERING_MANAGED_PKG|Centify
18:21:04.18 (379245052)|ENTERING_MANAGED_PKG|Centify
18:21:04.18 (379276669)|ENTERING_MANAGED_PKG|Centify
18:21:04.18 (379337798)|ENTERING_MANAGED_PKG|Centify
18:21:04.18 (404845719)|ENTERING_MANAGED_PKG|Centify
18:21:04.18 (419233451)|ENTERING_MANAGED_PKG|Centify
18:21:04.18 (419284529)|ENTERING_MANAGED_PKG|Centify
18:21:04.18 (419360975)|ENTERING_MANAGED_PKG|Centify
18:21:04.18 (419392223)|ENTERING_MANAGED_PKG|Centify
18:21:04.18 (419456347)|ENTERING_MANAGED_PKG|Centify
18:21:04.18 (444606327)|ENTERING_MANAGED_PKG|Centify
18:21:04.18 (460208816)|ENTERING_MANAGED_PKG|Centify
18:21:04.18 (460264628)|ENTERING_MANAGED_PKG|Centify
18:21:04.18 (460340424)|ENTERING_MANAGED_PKG|Centify
18:21:04.18 (460372327)|ENTERING_MANAGED_PKG|Centify
18:21:04.18 (460434345)|ENTERING_MANAGED_PKG|Centify
18:21:04.18 (484930328)|ENTERING_MANAGED_PKG|Centify
18:21:04.18 (499648184)|ENTERING_MANAGED_PKG|Centify
18:21:04.18 (499699729)|ENTERING_MANAGED_PKG|Centify
18:21:04.18 (499775237)|ENTERING_MANAGED_PKG|Centify
18:21:04.18 (499805328)|ENTERING_MANAGED_PKG|Centify
18:21:04.18 (499867151)|ENTERING_MANAGED_PKG|Centify
18:21:04.18 (524710291)|ENTERING_MANAGED_PKG|Centify
18:21:04.18 (539727089)|ENTERING_MANAGED_PKG|Centify
18:21:04.18 (539776186)|ENTERING_MANAGED_PKG|Centify
18:21:04.18 (539850226)|ENTERING_MANAGED_PKG|Centify
18:21:04.18 (539882408)|ENTERING_MANAGED_PKG|Centify
18:21:04.18 (539942760)|ENTERING_MANAGED_PKG|Centify
18:21:04.18 (566077913)|ENTERING_MANAGED_PKG|Centify
18:21:04.18 (581189224)|ENTERING_MANAGED_PKG|Centify
18:21:04.18 (581238637)|ENTERING_MANAGED_PKG|Centify
18:21:04.18 (581314637)|ENTERING_MANAGED_PKG|Centify
18:21:04.18 (581347811)|ENTERING_MANAGED_PKG|Centify
18:21:04.18 (581408918)|ENTERING_MANAGED_PKG|Centify
18:21:04.18 (608185543)|ENTERING_MANAGED_PKG|Centify
18:21:04.18 (624067655)|ENTERING_MANAGED_PKG|Centify
18:21:04.18 (624117816)|ENTERING_MANAGED_PKG|Centify
18:21:04.18 (624192856)|ENTERING_MANAGED_PKG|Centify
18:21:04.18 (624224164)|ENTERING_MANAGED_PKG|Centify
18:21:04.18 (624285568)|ENTERING_MANAGED_PKG|Centify
18:21:04.18 (651614767)|ENTERING_MANAGED_PKG|Centify
18:21:04.18 (668514272)|ENTERING_MANAGED_PKG|Centify
18:21:04.18 (668561840)|ENTERING_MANAGED_PKG|Centify
18:21:04.18 (668632795)|ENTERING_MANAGED_PKG|Centify
18:21:04.18 (668664278)|ENTERING_MANAGED_PKG|Centify
18:21:04.18 (668723735)|ENTERING_MANAGED_PKG|Centify
18:21:04.18 (705482919)|ENTERING_MANAGED_PKG|Centify
18:21:04.18 (705548094)|ENTERING_MANAGED_PKG|Centify
18:21:04.18 (705697147)|ENTERING_MANAGED_PKG|Centify
18:21:04.18 (705738695)|ENTERING_MANAGED_PKG|Centify
18:21:04.18 (705776759)|ENTERING_MANAGED_PKG|Centify
18:21:04.18 (710142409)|ENTERING_MANAGED_PKG|Centify
18:21:04.18 (710228138)|ENTERING_MANAGED_PKG|Centify
18:21:04.18 (711713738)|ENTERING_MANAGED_PKG|Centify
18:21:04.18 (711782932)|ENTERING_MANAGED_PKG|Centify
18:21:04.18 (711871827)|ENTERING_MANAGED_PKG|Centify
18:21:04.18 (712404300)|ENTERING_MANAGED_PKG|Centify
18:21:04.18 (713145154)|SOQL_EXECUTE_BEGIN|[16]|Aggregations:0|select id,lastmodifieddate,isdeleted,ownerid,status,whatid,activitydate,tasksubtype,isclosed,subject from Task where LastModifiedDate >2018-09-28T07:44:30Z AND LastModifiedDate < 2018-09-28T08:21:10Z AND (  Subject = 'Email' )  ORDER BY SystemModStamp DESC LIMIT 5000  ALL ROWS
18:21:04.18 (719560954)|SOQL_EXECUTE_END|[16]|Rows:0
18:21:04.738 (738230672)|CUMULATIVE_LIMIT_USAGE
18:21:04.738 (738230672)|LIMIT_USAGE_FOR_NS|(default)|
  Number of SOQL queries: 0 out of 200
  Number of query rows: 0 out of 50000
  Number of SOSL queries: 0 out of 20
  Number of DML statements: 0 out of 150
  Number of DML rows: 0 out of 10000
  Maximum CPU time: 0 out of 60000
  Maximum heap size: 0 out of 12000000
  Number of callouts: 0 out of 0
  Number of Email Invocations: 0 out of 10
  Number of future calls: 0 out of 0
  Number of queueable jobs added to the queue: 0 out of 1
  Number of Mobile Apex push calls: 0 out of 10

18:21:04.738 (738230672)|LIMIT_USAGE_FOR_NS|Centify|
  Number of SOQL queries: 0 out of 200
  Number of query rows: 0 out of 50000
  Number of SOSL queries: 0 out of 20
  Number of DML statements: 0 out of 150
  Number of DML rows: 0 out of 10000
  Maximum CPU time: 0 out of 60000
  Maximum heap size: 0 out of 12000000
  Number of callouts: 0 out of 0
  Number of Email Invocations: 0 out of 10
  Number of future calls: 0 out of 0
  Number of queueable jobs added to the queue: 0 out of 1
  Number of Mobile Apex push calls: 0 out of 10

18:21:04.738 (738230672)|CUMULATIVE_LIMIT_USAGE_END

