37.0 APEX_CODE,FINEST;APEX_PROFILING,INFO;CALLOUT,INFO;DB,INFO;NBA,INFO;SYSTEM,DEBUG;VALIDATION,INFO;VISUALFORCE,INFO;WAVE,INFO;WORKFLOW,INFO
18:52:03.19 (19312240)|ENTERING_MANAGED_PKG|Centify
18:52:03.19 (23722401)|ENTERING_MANAGED_PKG|Centify
18:52:03.19 (30376431)|ENTERING_MANAGED_PKG|Centify
18:52:03.19 (30504068)|ENTERING_MANAGED_PKG|Centify
18:52:03.19 (30661052)|ENTERING_MANAGED_PKG|Centify
18:52:03.19 (31324348)|ENTERING_MANAGED_PKG|Centify
18:52:03.19 (31641204)|ENTERING_MANAGED_PKG|Centify
18:52:03.19 (31669523)|ENTERING_MANAGED_PKG|Centify
18:52:03.19 (31744981)|ENTERING_MANAGED_PKG|Centify
18:52:03.19 (31792528)|ENTERING_MANAGED_PKG|Centify
18:52:03.19 (31826031)|ENTERING_MANAGED_PKG|Centify
18:52:03.19 (31845669)|ENTERING_MANAGED_PKG|Centify
18:52:03.19 (31867894)|ENTERING_MANAGED_PKG|Centify
18:52:03.19 (32067915)|ENTERING_MANAGED_PKG|Centify
18:52:03.19 (72570699)|ENTERING_MANAGED_PKG|Centify
18:52:03.19 (72706636)|ENTERING_MANAGED_PKG|Centify
18:52:03.19 (72843726)|ENTERING_MANAGED_PKG|Centify
18:52:03.19 (72892569)|ENTERING_MANAGED_PKG|Centify
18:52:03.19 (278176702)|ENTERING_MANAGED_PKG|Centify
18:52:03.19 (358683012)|ENTERING_MANAGED_PKG|Centify
18:52:03.19 (373142773)|ENTERING_MANAGED_PKG|Centify
18:52:03.19 (373207244)|ENTERING_MANAGED_PKG|Centify
18:52:03.19 (373326753)|ENTERING_MANAGED_PKG|Centify
18:52:03.19 (373374835)|ENTERING_MANAGED_PKG|Centify
18:52:03.19 (373470774)|ENTERING_MANAGED_PKG|Centify
18:52:03.19 (402838963)|ENTERING_MANAGED_PKG|Centify
18:52:03.19 (417813102)|ENTERING_MANAGED_PKG|Centify
18:52:03.19 (417867318)|ENTERING_MANAGED_PKG|Centify
18:52:03.19 (417959602)|ENTERING_MANAGED_PKG|Centify
18:52:03.19 (417993406)|ENTERING_MANAGED_PKG|Centify
18:52:03.19 (418050846)|ENTERING_MANAGED_PKG|Centify
18:52:03.19 (505058737)|ENTERING_MANAGED_PKG|Centify
18:52:03.19 (521331039)|ENTERING_MANAGED_PKG|Centify
18:52:03.19 (521396566)|ENTERING_MANAGED_PKG|Centify
18:52:03.19 (521507762)|ENTERING_MANAGED_PKG|Centify
18:52:03.19 (521558229)|ENTERING_MANAGED_PKG|Centify
18:52:03.19 (521650738)|ENTERING_MANAGED_PKG|Centify
18:52:03.19 (548525094)|ENTERING_MANAGED_PKG|Centify
18:52:03.19 (563481701)|ENTERING_MANAGED_PKG|Centify
18:52:03.19 (563532188)|ENTERING_MANAGED_PKG|Centify
18:52:03.19 (563603969)|ENTERING_MANAGED_PKG|Centify
18:52:03.19 (563635000)|ENTERING_MANAGED_PKG|Centify
18:52:03.19 (563690824)|ENTERING_MANAGED_PKG|Centify
18:52:03.19 (590502989)|ENTERING_MANAGED_PKG|Centify
18:52:03.19 (606408384)|ENTERING_MANAGED_PKG|Centify
18:52:03.19 (606459216)|ENTERING_MANAGED_PKG|Centify
18:52:03.19 (606534496)|ENTERING_MANAGED_PKG|Centify
18:52:03.19 (606580243)|ENTERING_MANAGED_PKG|Centify
18:52:03.19 (606642375)|ENTERING_MANAGED_PKG|Centify
18:52:03.19 (673815216)|ENTERING_MANAGED_PKG|Centify
18:52:03.19 (731371938)|ENTERING_MANAGED_PKG|Centify
18:52:03.19 (731441633)|ENTERING_MANAGED_PKG|Centify
18:52:03.19 (731549651)|ENTERING_MANAGED_PKG|Centify
18:52:03.19 (731596057)|ENTERING_MANAGED_PKG|Centify
18:52:03.19 (731684466)|ENTERING_MANAGED_PKG|Centify
18:52:03.19 (802224172)|ENTERING_MANAGED_PKG|Centify
18:52:03.19 (817510202)|ENTERING_MANAGED_PKG|Centify
18:52:03.19 (817558913)|ENTERING_MANAGED_PKG|Centify
18:52:03.19 (817629156)|ENTERING_MANAGED_PKG|Centify
18:52:03.19 (817659758)|ENTERING_MANAGED_PKG|Centify
18:52:03.19 (817752265)|ENTERING_MANAGED_PKG|Centify
18:52:03.19 (844477355)|ENTERING_MANAGED_PKG|Centify
18:52:03.19 (858031950)|ENTERING_MANAGED_PKG|Centify
18:52:03.19 (858089070)|ENTERING_MANAGED_PKG|Centify
18:52:03.19 (858162544)|ENTERING_MANAGED_PKG|Centify
18:52:03.19 (858193459)|ENTERING_MANAGED_PKG|Centify
18:52:03.19 (858256364)|ENTERING_MANAGED_PKG|Centify
18:52:03.19 (884787299)|ENTERING_MANAGED_PKG|Centify
18:52:03.19 (899630247)|ENTERING_MANAGED_PKG|Centify
18:52:03.19 (899696675)|ENTERING_MANAGED_PKG|Centify
18:52:03.19 (899801275)|ENTERING_MANAGED_PKG|Centify
18:52:03.19 (899847065)|ENTERING_MANAGED_PKG|Centify
18:52:03.19 (899935766)|ENTERING_MANAGED_PKG|Centify
18:52:03.19 (924378533)|ENTERING_MANAGED_PKG|Centify
18:52:03.19 (939708267)|ENTERING_MANAGED_PKG|Centify
18:52:03.19 (939758169)|ENTERING_MANAGED_PKG|Centify
18:52:03.19 (939830383)|ENTERING_MANAGED_PKG|Centify
18:52:03.19 (939860425)|ENTERING_MANAGED_PKG|Centify
18:52:03.19 (939918121)|ENTERING_MANAGED_PKG|Centify
18:52:03.19 (964007749)|ENTERING_MANAGED_PKG|Centify
18:52:03.19 (979615635)|ENTERING_MANAGED_PKG|Centify
18:52:03.19 (979671949)|ENTERING_MANAGED_PKG|Centify
18:52:03.19 (979776288)|ENTERING_MANAGED_PKG|Centify
18:52:03.19 (979822162)|ENTERING_MANAGED_PKG|Centify
18:52:03.19 (979916700)|ENTERING_MANAGED_PKG|Centify
18:52:04.34 (1034210055)|ENTERING_MANAGED_PKG|Centify
18:52:04.34 (1062696568)|ENTERING_MANAGED_PKG|Centify
18:52:04.34 (1062745096)|ENTERING_MANAGED_PKG|Centify
18:52:04.34 (1062823429)|ENTERING_MANAGED_PKG|Centify
18:52:04.34 (1062870329)|ENTERING_MANAGED_PKG|Centify
18:52:04.34 (1062939370)|ENTERING_MANAGED_PKG|Centify
18:52:04.34 (1087300184)|ENTERING_MANAGED_PKG|Centify
18:52:04.34 (1144791452)|ENTERING_MANAGED_PKG|Centify
18:52:04.34 (1144843860)|ENTERING_MANAGED_PKG|Centify
18:52:04.34 (1144918221)|ENTERING_MANAGED_PKG|Centify
18:52:04.34 (1144949329)|ENTERING_MANAGED_PKG|Centify
18:52:04.34 (1145010234)|ENTERING_MANAGED_PKG|Centify
18:52:04.34 (1202415354)|ENTERING_MANAGED_PKG|Centify
18:52:04.34 (1202484397)|ENTERING_MANAGED_PKG|Centify
18:52:04.34 (1202624003)|ENTERING_MANAGED_PKG|Centify
18:52:04.34 (1202664076)|ENTERING_MANAGED_PKG|Centify
18:52:04.34 (1202700028)|ENTERING_MANAGED_PKG|Centify
18:52:04.34 (1203727946)|ENTERING_MANAGED_PKG|Centify
18:52:04.34 (1203804820)|ENTERING_MANAGED_PKG|Centify
18:52:04.34 (1205350363)|ENTERING_MANAGED_PKG|Centify
18:52:04.34 (1205412881)|ENTERING_MANAGED_PKG|Centify
18:52:04.34 (1205495179)|ENTERING_MANAGED_PKG|Centify
18:52:04.34 (1206025931)|ENTERING_MANAGED_PKG|Centify
18:52:04.34 (1206836524)|SOQL_EXECUTE_BEGIN|[16]|Aggregations:0|select id,lastmodifieddate,isdeleted,call_duration_min__c,createddate,tasksubtype,isclosed,subject,ownerid,activitydate,status,whatid,calldurationinseconds,calltype from Task where LastModifiedDate >2018-09-28T07:44:30Z AND LastModifiedDate < 2018-09-28T08:52:09Z AND (  CallType = 'Outbound'  OR  CallType = 'Inbound' )  ORDER BY SystemModStamp DESC LIMIT 5000  ALL ROWS
18:52:04.34 (1218502464)|SOQL_EXECUTE_END|[16]|Rows:0
18:52:04.236 (1236851387)|CUMULATIVE_LIMIT_USAGE
18:52:04.236 (1236851387)|LIMIT_USAGE_FOR_NS|(default)|
  Number of SOQL queries: 0 out of 200
  Number of query rows: 0 out of 50000
  Number of SOSL queries: 0 out of 20
  Number of DML statements: 0 out of 150
  Number of DML rows: 0 out of 10000
  Maximum CPU time: 0 out of 60000
  Maximum heap size: 0 out of 12000000
  Number of callouts: 0 out of 0
  Number of Email Invocations: 0 out of 10
  Number of future calls: 0 out of 0
  Number of queueable jobs added to the queue: 0 out of 1
  Number of Mobile Apex push calls: 0 out of 10

18:52:04.236 (1236851387)|LIMIT_USAGE_FOR_NS|Centify|
  Number of SOQL queries: 0 out of 200
  Number of query rows: 0 out of 50000
  Number of SOSL queries: 0 out of 20
  Number of DML statements: 0 out of 150
  Number of DML rows: 0 out of 10000
  Maximum CPU time: 0 out of 60000
  Maximum heap size: 0 out of 12000000
  Number of callouts: 0 out of 0
  Number of Email Invocations: 0 out of 10
  Number of future calls: 0 out of 0
  Number of queueable jobs added to the queue: 0 out of 1
  Number of Mobile Apex push calls: 0 out of 10

18:52:04.236 (1236851387)|CUMULATIVE_LIMIT_USAGE_END

