37.0 APEX_CODE,FINEST;APEX_PROFILING,INFO;CALLOUT,INFO;DB,INFO;NBA,INFO;SYSTEM,DEBUG;VALIDATION,INFO;VISUALFORCE,INFO;WAVE,INFO;WORKFLOW,INFO
13:44:06.56 (56794592)|ENTERING_MANAGED_PKG|Centify
13:44:06.56 (58443709)|ENTERING_MANAGED_PKG|Centify
13:44:06.56 (58487708)|ENTERING_MANAGED_PKG|Centify
13:44:06.56 (59441681)|ENTERING_MANAGED_PKG|Centify
13:44:06.56 (59514909)|ENTERING_MANAGED_PKG|Centify
13:44:06.56 (60355729)|ENTERING_MANAGED_PKG|Centify
13:44:06.56 (60681592)|ENTERING_MANAGED_PKG|Centify
13:44:06.56 (60715575)|ENTERING_MANAGED_PKG|Centify
13:44:06.56 (60810218)|ENTERING_MANAGED_PKG|Centify
13:44:06.56 (60871954)|ENTERING_MANAGED_PKG|Centify
13:44:06.56 (60919164)|ENTERING_MANAGED_PKG|Centify
13:44:06.56 (60944829)|ENTERING_MANAGED_PKG|Centify
13:44:06.56 (60965039)|ENTERING_MANAGED_PKG|Centify
13:44:06.56 (61157223)|ENTERING_MANAGED_PKG|Centify
13:44:06.56 (118915457)|ENTERING_MANAGED_PKG|Centify
13:44:06.56 (119005855)|ENTERING_MANAGED_PKG|Centify
13:44:06.56 (119156484)|ENTERING_MANAGED_PKG|Centify
13:44:06.56 (119238535)|ENTERING_MANAGED_PKG|Centify
13:44:06.56 (338243323)|ENTERING_MANAGED_PKG|Centify
13:44:06.56 (385237483)|ENTERING_MANAGED_PKG|Centify
13:44:06.56 (400199880)|ENTERING_MANAGED_PKG|Centify
13:44:06.56 (400258145)|ENTERING_MANAGED_PKG|Centify
13:44:06.56 (400348392)|ENTERING_MANAGED_PKG|Centify
13:44:06.56 (400385097)|ENTERING_MANAGED_PKG|Centify
13:44:06.56 (400455584)|ENTERING_MANAGED_PKG|Centify
13:44:06.56 (430095542)|ENTERING_MANAGED_PKG|Centify
13:44:06.56 (446068619)|ENTERING_MANAGED_PKG|Centify
13:44:06.56 (446121219)|ENTERING_MANAGED_PKG|Centify
13:44:06.56 (446202712)|ENTERING_MANAGED_PKG|Centify
13:44:06.56 (446237545)|ENTERING_MANAGED_PKG|Centify
13:44:06.56 (446313051)|ENTERING_MANAGED_PKG|Centify
13:44:06.56 (473821282)|ENTERING_MANAGED_PKG|Centify
13:44:06.56 (489473607)|ENTERING_MANAGED_PKG|Centify
13:44:06.56 (489522392)|ENTERING_MANAGED_PKG|Centify
13:44:06.56 (489601655)|ENTERING_MANAGED_PKG|Centify
13:44:06.56 (489636017)|ENTERING_MANAGED_PKG|Centify
13:44:06.56 (489705269)|ENTERING_MANAGED_PKG|Centify
13:44:06.56 (517071818)|ENTERING_MANAGED_PKG|Centify
13:44:06.56 (532515462)|ENTERING_MANAGED_PKG|Centify
13:44:06.56 (532565980)|ENTERING_MANAGED_PKG|Centify
13:44:06.56 (532646677)|ENTERING_MANAGED_PKG|Centify
13:44:06.56 (532681659)|ENTERING_MANAGED_PKG|Centify
13:44:06.56 (532748836)|ENTERING_MANAGED_PKG|Centify
13:44:06.56 (569074148)|ENTERING_MANAGED_PKG|Centify
13:44:06.56 (586319904)|ENTERING_MANAGED_PKG|Centify
13:44:06.56 (586376832)|ENTERING_MANAGED_PKG|Centify
13:44:06.56 (586459476)|ENTERING_MANAGED_PKG|Centify
13:44:06.56 (586496190)|ENTERING_MANAGED_PKG|Centify
13:44:06.56 (586564730)|ENTERING_MANAGED_PKG|Centify
13:44:06.56 (614715976)|ENTERING_MANAGED_PKG|Centify
13:44:06.56 (630039272)|ENTERING_MANAGED_PKG|Centify
13:44:06.56 (630091628)|ENTERING_MANAGED_PKG|Centify
13:44:06.56 (630172825)|ENTERING_MANAGED_PKG|Centify
13:44:06.56 (630207907)|ENTERING_MANAGED_PKG|Centify
13:44:06.56 (630282602)|ENTERING_MANAGED_PKG|Centify
13:44:06.56 (658897312)|ENTERING_MANAGED_PKG|Centify
13:44:06.56 (674409178)|ENTERING_MANAGED_PKG|Centify
13:44:06.56 (674464119)|ENTERING_MANAGED_PKG|Centify
13:44:06.56 (674565857)|ENTERING_MANAGED_PKG|Centify
13:44:06.56 (674606031)|ENTERING_MANAGED_PKG|Centify
13:44:06.56 (674677997)|ENTERING_MANAGED_PKG|Centify
13:44:06.56 (703728165)|ENTERING_MANAGED_PKG|Centify
13:44:06.56 (720683019)|ENTERING_MANAGED_PKG|Centify
13:44:06.56 (720739323)|ENTERING_MANAGED_PKG|Centify
13:44:06.56 (720823077)|ENTERING_MANAGED_PKG|Centify
13:44:06.56 (720858676)|ENTERING_MANAGED_PKG|Centify
13:44:06.56 (720929169)|ENTERING_MANAGED_PKG|Centify
13:44:06.56 (751767772)|ENTERING_MANAGED_PKG|Centify
13:44:06.56 (768190713)|ENTERING_MANAGED_PKG|Centify
13:44:06.56 (768245474)|ENTERING_MANAGED_PKG|Centify
13:44:06.56 (768334159)|ENTERING_MANAGED_PKG|Centify
13:44:06.56 (768370777)|ENTERING_MANAGED_PKG|Centify
13:44:06.56 (768440095)|ENTERING_MANAGED_PKG|Centify
13:44:06.56 (798512084)|ENTERING_MANAGED_PKG|Centify
13:44:06.56 (816133649)|ENTERING_MANAGED_PKG|Centify
13:44:06.56 (816187927)|ENTERING_MANAGED_PKG|Centify
13:44:06.56 (816277092)|ENTERING_MANAGED_PKG|Centify
13:44:06.56 (816320335)|ENTERING_MANAGED_PKG|Centify
13:44:06.56 (816392218)|ENTERING_MANAGED_PKG|Centify
13:44:06.56 (849630933)|ENTERING_MANAGED_PKG|Centify
13:44:06.56 (866638724)|ENTERING_MANAGED_PKG|Centify
13:44:06.56 (866694144)|ENTERING_MANAGED_PKG|Centify
13:44:06.56 (866775357)|ENTERING_MANAGED_PKG|Centify
13:44:06.56 (866811959)|ENTERING_MANAGED_PKG|Centify
13:44:06.56 (866880537)|ENTERING_MANAGED_PKG|Centify
13:44:06.56 (898850101)|ENTERING_MANAGED_PKG|Centify
13:44:06.56 (921188529)|ENTERING_MANAGED_PKG|Centify
13:44:06.56 (921257661)|ENTERING_MANAGED_PKG|Centify
13:44:06.56 (921380113)|ENTERING_MANAGED_PKG|Centify
13:44:06.56 (921430302)|ENTERING_MANAGED_PKG|Centify
13:44:06.56 (921537573)|ENTERING_MANAGED_PKG|Centify
13:44:06.56 (956642452)|ENTERING_MANAGED_PKG|Centify
13:44:06.56 (973000987)|ENTERING_MANAGED_PKG|Centify
13:44:06.56 (973057552)|ENTERING_MANAGED_PKG|Centify
13:44:06.56 (973139381)|ENTERING_MANAGED_PKG|Centify
13:44:06.56 (973176057)|ENTERING_MANAGED_PKG|Centify
13:44:06.56 (973250297)|ENTERING_MANAGED_PKG|Centify
13:44:06.56 (1008748379)|ENTERING_MANAGED_PKG|Centify
13:44:06.56 (1008818878)|ENTERING_MANAGED_PKG|Centify
13:44:06.56 (1009052013)|ENTERING_MANAGED_PKG|Centify
13:44:06.56 (1009108952)|ENTERING_MANAGED_PKG|Centify
13:44:06.56 (1009157848)|ENTERING_MANAGED_PKG|Centify
13:44:06.56 (1009446059)|ENTERING_MANAGED_PKG|Centify
13:44:06.56 (1009532326)|ENTERING_MANAGED_PKG|Centify
13:44:06.56 (1020806718)|ENTERING_MANAGED_PKG|Centify
13:44:06.56 (1020927800)|ENTERING_MANAGED_PKG|Centify
13:44:06.56 (1021058353)|ENTERING_MANAGED_PKG|Centify
13:44:06.56 (1021813204)|ENTERING_MANAGED_PKG|Centify
13:44:06.56 (1023209882)|SOQL_EXECUTE_BEGIN|[16]|Aggregations:0|select id,lastmodifieddate,isdeleted,call_duration_min__c,createddate,tasksubtype,isclosed,subject,ownerid,activitydate,status,whatid,calldurationinseconds,calltype from Task where LastModifiedDate >2018-11-06T03:42:27Z AND LastModifiedDate < 2018-11-06T03:44:12Z AND (   CallType = 'Outbound'  OR  CallType = 'Inbound'  )  ORDER BY SystemModStamp DESC LIMIT 5000  ALL ROWS
13:44:06.56 (1032869618)|SOQL_EXECUTE_END|[16]|Rows:2
13:44:07.61 (1061838973)|CUMULATIVE_LIMIT_USAGE
13:44:07.61 (1061838973)|LIMIT_USAGE_FOR_NS|(default)|
  Number of SOQL queries: 0 out of 200
  Number of query rows: 0 out of 50000
  Number of SOSL queries: 0 out of 20
  Number of DML statements: 0 out of 150
  Number of DML rows: 0 out of 10000
  Maximum CPU time: 0 out of 60000
  Maximum heap size: 0 out of 12000000
  Number of callouts: 0 out of 0
  Number of Email Invocations: 0 out of 10
  Number of future calls: 0 out of 0
  Number of queueable jobs added to the queue: 0 out of 1
  Number of Mobile Apex push calls: 0 out of 10

13:44:07.61 (1061838973)|LIMIT_USAGE_FOR_NS|Centify|
  Number of SOQL queries: 0 out of 200
  Number of query rows: 0 out of 50000
  Number of SOSL queries: 0 out of 20
  Number of DML statements: 0 out of 150
  Number of DML rows: 0 out of 10000
  Maximum CPU time: 0 out of 60000
  Maximum heap size: 0 out of 12000000
  Number of callouts: 0 out of 0
  Number of Email Invocations: 0 out of 10
  Number of future calls: 0 out of 0
  Number of queueable jobs added to the queue: 0 out of 1
  Number of Mobile Apex push calls: 0 out of 10

13:44:07.61 (1061838973)|CUMULATIVE_LIMIT_USAGE_END

