37.0 APEX_CODE,FINEST;APEX_PROFILING,INFO;CALLOUT,INFO;DB,INFO;NBA,INFO;SYSTEM,DEBUG;VALIDATION,INFO;VISUALFORCE,INFO;WAVE,INFO;WORKFLOW,INFO
11:41:43.8 (8771088)|ENTERING_MANAGED_PKG|Centify
11:41:43.8 (27865810)|ENTERING_MANAGED_PKG|Centify
11:41:43.8 (27916943)|ENTERING_MANAGED_PKG|Centify
11:41:43.8 (29725029)|ENTERING_MANAGED_PKG|Centify
11:41:43.8 (29771327)|ENTERING_MANAGED_PKG|Centify
11:41:43.8 (29865881)|ENTERING_MANAGED_PKG|Centify
11:41:43.8 (30351181)|ENTERING_MANAGED_PKG|Centify
11:41:43.8 (39873027)|ENTERING_MANAGED_PKG|Centify
11:41:43.8 (39942280)|ENTERING_MANAGED_PKG|Centify
11:41:43.8 (40209412)|ENTERING_MANAGED_PKG|Centify
11:41:43.8 (40243054)|ENTERING_MANAGED_PKG|Centify
11:41:43.8 (40502487)|ENTERING_MANAGED_PKG|Centify
11:41:43.8 (42073413)|ENTERING_MANAGED_PKG|Centify
11:41:43.8 (42124180)|ENTERING_MANAGED_PKG|Centify
11:41:43.8 (42226420)|ENTERING_MANAGED_PKG|Centify
11:41:43.8 (42301910)|ENTERING_MANAGED_PKG|Centify
11:41:43.8 (42334267)|ENTERING_MANAGED_PKG|Centify
11:41:43.8 (42403250)|ENTERING_MANAGED_PKG|Centify
11:41:43.8 (42424416)|ENTERING_MANAGED_PKG|Centify
11:41:43.8 (42452908)|ENTERING_MANAGED_PKG|Centify
11:41:43.8 (42589683)|ENTERING_MANAGED_PKG|Centify
11:41:43.8 (42636412)|ENTERING_MANAGED_PKG|Centify
11:41:43.8 (43410869)|ENTERING_MANAGED_PKG|Centify
11:41:43.8 (43450168)|ENTERING_MANAGED_PKG|Centify
11:41:43.8 (43482934)|ENTERING_MANAGED_PKG|Centify
11:41:43.8 (43651362)|ENTERING_MANAGED_PKG|Centify
11:41:43.8 (43767989)|ENTERING_MANAGED_PKG|Centify
11:41:43.8 (44515947)|ENTERING_MANAGED_PKG|Centify
11:41:43.8 (44695839)|ENTERING_MANAGED_PKG|Centify
11:41:43.8 (44800672)|ENTERING_MANAGED_PKG|Centify
11:41:43.8 (44859516)|ENTERING_MANAGED_PKG|Centify
11:41:43.8 (44926536)|ENTERING_MANAGED_PKG|Centify
11:41:43.8 (44980318)|ENTERING_MANAGED_PKG|Centify
11:41:43.8 (45040025)|ENTERING_MANAGED_PKG|Centify
11:41:43.8 (45092392)|ENTERING_MANAGED_PKG|Centify
11:41:43.8 (45153168)|ENTERING_MANAGED_PKG|Centify
11:41:43.8 (45261179)|ENTERING_MANAGED_PKG|Centify
11:41:43.8 (45328170)|ENTERING_MANAGED_PKG|Centify
11:41:43.8 (45431635)|ENTERING_MANAGED_PKG|Centify
11:41:43.8 (45499106)|ENTERING_MANAGED_PKG|Centify
11:41:43.8 (45613224)|ENTERING_MANAGED_PKG|Centify
11:41:43.8 (45683617)|ENTERING_MANAGED_PKG|Centify
11:41:43.8 (45781593)|ENTERING_MANAGED_PKG|Centify
11:41:43.8 (45846479)|ENTERING_MANAGED_PKG|Centify
11:41:43.8 (46534259)|ENTERING_MANAGED_PKG|Centify
11:41:43.8 (46646375)|ENTERING_MANAGED_PKG|Centify
11:41:43.8 (46801732)|ENTERING_MANAGED_PKG|Centify
11:41:43.8 (46909106)|ENTERING_MANAGED_PKG|Centify
11:41:43.8 (47069182)|ENTERING_MANAGED_PKG|Centify
11:41:43.8 (47154717)|ENTERING_MANAGED_PKG|Centify
11:41:43.8 (48737591)|ENTERING_MANAGED_PKG|Centify
11:41:43.8 (50190677)|ENTERING_MANAGED_PKG|Centify
11:41:43.8 (50294455)|ENTERING_MANAGED_PKG|Centify
11:41:43.8 (50436263)|ENTERING_MANAGED_PKG|Centify
11:41:43.8 (50472378)|ENTERING_MANAGED_PKG|Centify
11:41:43.8 (50538350)|ENTERING_MANAGED_PKG|Centify
11:41:43.8 (50575200)|ENTERING_MANAGED_PKG|Centify
11:41:43.8 (50589105)|ENTERING_MANAGED_PKG|Centify
11:41:43.8 (50628068)|ENTERING_MANAGED_PKG|Centify
11:41:43.8 (50641895)|ENTERING_MANAGED_PKG|Centify
11:41:43.8 (50664870)|ENTERING_MANAGED_PKG|Centify
11:41:43.8 (50706585)|ENTERING_MANAGED_PKG|Centify
11:41:43.8 (50729892)|ENTERING_MANAGED_PKG|Centify
11:41:43.8 (50869309)|ENTERING_MANAGED_PKG|Centify
11:41:43.8 (50894084)|ENTERING_MANAGED_PKG|Centify
11:41:43.8 (50907194)|ENTERING_MANAGED_PKG|Centify
11:41:43.8 (51011353)|ENTERING_MANAGED_PKG|Centify
11:41:43.8 (51047837)|ENTERING_MANAGED_PKG|Centify
11:41:43.8 (51110115)|ENTERING_MANAGED_PKG|Centify
11:41:43.8 (51223938)|ENTERING_MANAGED_PKG|Centify
11:41:43.8 (51284245)|ENTERING_MANAGED_PKG|Centify
11:41:43.8 (51337625)|ENTERING_MANAGED_PKG|Centify
11:41:43.8 (51387979)|ENTERING_MANAGED_PKG|Centify
11:41:43.8 (51438175)|ENTERING_MANAGED_PKG|Centify
11:41:43.8 (51485731)|ENTERING_MANAGED_PKG|Centify
11:41:43.8 (51535755)|ENTERING_MANAGED_PKG|Centify
11:41:43.8 (51585369)|ENTERING_MANAGED_PKG|Centify
11:41:43.8 (51692778)|ENTERING_MANAGED_PKG|Centify
11:41:43.8 (51750429)|ENTERING_MANAGED_PKG|Centify
11:41:43.8 (51851348)|ENTERING_MANAGED_PKG|Centify
11:41:43.8 (51906961)|ENTERING_MANAGED_PKG|Centify
11:41:43.8 (52010159)|ENTERING_MANAGED_PKG|Centify
11:41:43.8 (52067391)|ENTERING_MANAGED_PKG|Centify
11:41:43.8 (52162484)|ENTERING_MANAGED_PKG|Centify
11:41:43.8 (52216113)|ENTERING_MANAGED_PKG|Centify
11:41:43.8 (52497286)|ENTERING_MANAGED_PKG|Centify
11:41:43.8 (52557172)|ENTERING_MANAGED_PKG|Centify
11:41:43.8 (52666246)|ENTERING_MANAGED_PKG|Centify
11:41:43.8 (52724097)|ENTERING_MANAGED_PKG|Centify
11:41:43.8 (52822955)|ENTERING_MANAGED_PKG|Centify
11:41:43.8 (52867126)|ENTERING_MANAGED_PKG|Centify
11:41:43.8 (53562963)|ENTERING_MANAGED_PKG|Centify
11:41:43.8 (54519600)|ENTERING_MANAGED_PKG|Centify
11:41:43.8 (54628366)|ENTERING_MANAGED_PKG|Centify
11:41:43.8 (54763935)|ENTERING_MANAGED_PKG|Centify
11:41:43.8 (54799078)|ENTERING_MANAGED_PKG|Centify
11:41:43.8 (54859833)|ENTERING_MANAGED_PKG|Centify
11:41:43.8 (54895992)|ENTERING_MANAGED_PKG|Centify
11:41:43.8 (54910520)|ENTERING_MANAGED_PKG|Centify
11:41:43.8 (54943310)|ENTERING_MANAGED_PKG|Centify
11:41:43.8 (54956920)|ENTERING_MANAGED_PKG|Centify
11:41:43.8 (54979620)|ENTERING_MANAGED_PKG|Centify
11:41:43.8 (55016559)|ENTERING_MANAGED_PKG|Centify
11:41:43.8 (55045441)|ENTERING_MANAGED_PKG|Centify
11:41:43.8 (55174438)|ENTERING_MANAGED_PKG|Centify
11:41:43.8 (55198760)|ENTERING_MANAGED_PKG|Centify
11:41:43.8 (55212104)|ENTERING_MANAGED_PKG|Centify
11:41:43.8 (55313316)|ENTERING_MANAGED_PKG|Centify
11:41:43.8 (55347915)|ENTERING_MANAGED_PKG|Centify
11:41:43.8 (55404868)|ENTERING_MANAGED_PKG|Centify
11:41:43.8 (55515075)|ENTERING_MANAGED_PKG|Centify
11:41:43.8 (55571622)|ENTERING_MANAGED_PKG|Centify
11:41:43.8 (55631046)|ENTERING_MANAGED_PKG|Centify
11:41:43.8 (55681890)|ENTERING_MANAGED_PKG|Centify
11:41:43.8 (55733050)|ENTERING_MANAGED_PKG|Centify
11:41:43.8 (55782520)|ENTERING_MANAGED_PKG|Centify
11:41:43.8 (55833539)|ENTERING_MANAGED_PKG|Centify
11:41:43.8 (55883555)|ENTERING_MANAGED_PKG|Centify
11:41:43.8 (55984673)|ENTERING_MANAGED_PKG|Centify
11:41:43.8 (56041631)|ENTERING_MANAGED_PKG|Centify
11:41:43.8 (56140559)|ENTERING_MANAGED_PKG|Centify
11:41:43.8 (56196730)|ENTERING_MANAGED_PKG|Centify
11:41:43.8 (56291527)|ENTERING_MANAGED_PKG|Centify
11:41:43.8 (56345289)|ENTERING_MANAGED_PKG|Centify
11:41:43.8 (56437415)|ENTERING_MANAGED_PKG|Centify
11:41:43.8 (56490017)|ENTERING_MANAGED_PKG|Centify
11:41:43.8 (56768037)|ENTERING_MANAGED_PKG|Centify
11:41:43.8 (56858827)|ENTERING_MANAGED_PKG|Centify
11:41:43.8 (57000169)|ENTERING_MANAGED_PKG|Centify
11:41:43.8 (57063937)|ENTERING_MANAGED_PKG|Centify
11:41:43.8 (57165582)|ENTERING_MANAGED_PKG|Centify
11:41:43.8 (57208466)|ENTERING_MANAGED_PKG|Centify
11:41:43.8 (57942760)|DML_BEGIN|[74]|Op:Insert|Type:Centify__Notification__c|Rows:3
11:41:43.8 (105029782)|DML_END|[74]
11:41:43.8 (105192855)|ENTERING_MANAGED_PKG|Centify
11:41:43.8 (105516170)|ENTERING_MANAGED_PKG|Centify
11:41:43.8 (105667623)|ENTERING_MANAGED_PKG|Centify
11:41:43.8 (105839255)|ENTERING_MANAGED_PKG|Centify
11:41:43.144 (144642903)|CUMULATIVE_LIMIT_USAGE
11:41:43.144 (144642903)|LIMIT_USAGE_FOR_NS|(default)|
  Number of SOQL queries: 0 out of 200
  Number of query rows: 0 out of 50000
  Number of SOSL queries: 0 out of 20
  Number of DML statements: 0 out of 150
  Number of DML rows: 0 out of 10000
  Maximum CPU time: 0 out of 60000
  Maximum heap size: 0 out of 12000000
  Number of callouts: 0 out of 0
  Number of Email Invocations: 0 out of 10
  Number of future calls: 0 out of 0
  Number of queueable jobs added to the queue: 0 out of 1
  Number of Mobile Apex push calls: 0 out of 10

11:41:43.144 (144642903)|LIMIT_USAGE_FOR_NS|Centify|
  Number of SOQL queries: 0 out of 200
  Number of query rows: 0 out of 50000
  Number of SOSL queries: 0 out of 20
  Number of DML statements: 0 out of 150
  Number of DML rows: 0 out of 10000
  Maximum CPU time: 0 out of 60000
  Maximum heap size: 0 out of 12000000
  Number of callouts: 0 out of 0
  Number of Email Invocations: 0 out of 10
  Number of future calls: 0 out of 0
  Number of queueable jobs added to the queue: 0 out of 1
  Number of Mobile Apex push calls: 0 out of 10

11:41:43.144 (144642903)|CUMULATIVE_LIMIT_USAGE_END

