37.0 APEX_CODE,FINEST;APEX_PROFILING,INFO;CALLOUT,INFO;DB,INFO;NBA,INFO;SYSTEM,DEBUG;VALIDATION,INFO;VISUALFORCE,INFO;WAVE,INFO;WORKFLOW,INFO
11:36:47.22 (22219030)|ENTERING_MANAGED_PKG|Centify
11:36:47.22 (25571968)|ENTERING_MANAGED_PKG|Centify
11:36:47.22 (31062920)|ENTERING_MANAGED_PKG|Centify
11:36:47.22 (31199592)|ENTERING_MANAGED_PKG|Centify
11:36:47.22 (31333343)|ENTERING_MANAGED_PKG|Centify
11:36:47.22 (31930717)|ENTERING_MANAGED_PKG|Centify
11:36:47.22 (32212219)|ENTERING_MANAGED_PKG|Centify
11:36:47.22 (32240237)|ENTERING_MANAGED_PKG|Centify
11:36:47.22 (32323157)|ENTERING_MANAGED_PKG|Centify
11:36:47.22 (32368901)|ENTERING_MANAGED_PKG|Centify
11:36:47.22 (32402574)|ENTERING_MANAGED_PKG|Centify
11:36:47.22 (32423209)|ENTERING_MANAGED_PKG|Centify
11:36:47.22 (32440427)|ENTERING_MANAGED_PKG|Centify
11:36:47.22 (32598204)|ENTERING_MANAGED_PKG|Centify
11:36:47.22 (71873148)|ENTERING_MANAGED_PKG|Centify
11:36:47.22 (71981242)|ENTERING_MANAGED_PKG|Centify
11:36:47.22 (72103629)|ENTERING_MANAGED_PKG|Centify
11:36:47.22 (72151936)|ENTERING_MANAGED_PKG|Centify
11:36:47.22 (215586021)|ENTERING_MANAGED_PKG|Centify
11:36:47.22 (260472484)|ENTERING_MANAGED_PKG|Centify
11:36:47.22 (274471986)|ENTERING_MANAGED_PKG|Centify
11:36:47.22 (274520983)|ENTERING_MANAGED_PKG|Centify
11:36:47.22 (274592074)|ENTERING_MANAGED_PKG|Centify
11:36:47.22 (274643771)|ENTERING_MANAGED_PKG|Centify
11:36:47.22 (274715611)|ENTERING_MANAGED_PKG|Centify
11:36:47.22 (303848977)|ENTERING_MANAGED_PKG|Centify
11:36:47.22 (332925401)|ENTERING_MANAGED_PKG|Centify
11:36:47.22 (332976484)|ENTERING_MANAGED_PKG|Centify
11:36:47.22 (333052216)|ENTERING_MANAGED_PKG|Centify
11:36:47.22 (333088177)|ENTERING_MANAGED_PKG|Centify
11:36:47.22 (333149870)|ENTERING_MANAGED_PKG|Centify
11:36:47.22 (362408119)|ENTERING_MANAGED_PKG|Centify
11:36:47.22 (379133856)|ENTERING_MANAGED_PKG|Centify
11:36:47.22 (379188159)|ENTERING_MANAGED_PKG|Centify
11:36:47.22 (379263119)|ENTERING_MANAGED_PKG|Centify
11:36:47.22 (379294270)|ENTERING_MANAGED_PKG|Centify
11:36:47.22 (379355802)|ENTERING_MANAGED_PKG|Centify
11:36:47.22 (411062290)|ENTERING_MANAGED_PKG|Centify
11:36:47.22 (426791125)|ENTERING_MANAGED_PKG|Centify
11:36:47.22 (426838452)|ENTERING_MANAGED_PKG|Centify
11:36:47.22 (426909651)|ENTERING_MANAGED_PKG|Centify
11:36:47.22 (426940180)|ENTERING_MANAGED_PKG|Centify
11:36:47.22 (426999496)|ENTERING_MANAGED_PKG|Centify
11:36:47.22 (457962796)|ENTERING_MANAGED_PKG|Centify
11:36:47.22 (473584437)|ENTERING_MANAGED_PKG|Centify
11:36:47.22 (473633092)|ENTERING_MANAGED_PKG|Centify
11:36:47.22 (473704598)|ENTERING_MANAGED_PKG|Centify
11:36:47.22 (473734686)|ENTERING_MANAGED_PKG|Centify
11:36:47.22 (473793946)|ENTERING_MANAGED_PKG|Centify
11:36:47.22 (502140990)|ENTERING_MANAGED_PKG|Centify
11:36:47.22 (517469805)|ENTERING_MANAGED_PKG|Centify
11:36:47.22 (517516426)|ENTERING_MANAGED_PKG|Centify
11:36:47.22 (517587129)|ENTERING_MANAGED_PKG|Centify
11:36:47.22 (517617773)|ENTERING_MANAGED_PKG|Centify
11:36:47.22 (517676805)|ENTERING_MANAGED_PKG|Centify
11:36:47.22 (546906481)|ENTERING_MANAGED_PKG|Centify
11:36:47.22 (562406583)|ENTERING_MANAGED_PKG|Centify
11:36:47.22 (562455652)|ENTERING_MANAGED_PKG|Centify
11:36:47.22 (562529152)|ENTERING_MANAGED_PKG|Centify
11:36:47.22 (562560963)|ENTERING_MANAGED_PKG|Centify
11:36:47.22 (562621110)|ENTERING_MANAGED_PKG|Centify
11:36:47.22 (591991140)|ENTERING_MANAGED_PKG|Centify
11:36:47.22 (607376053)|ENTERING_MANAGED_PKG|Centify
11:36:47.22 (607421880)|ENTERING_MANAGED_PKG|Centify
11:36:47.22 (607492702)|ENTERING_MANAGED_PKG|Centify
11:36:47.22 (607523402)|ENTERING_MANAGED_PKG|Centify
11:36:47.22 (607581956)|ENTERING_MANAGED_PKG|Centify
11:36:47.22 (637994594)|ENTERING_MANAGED_PKG|Centify
11:36:47.22 (654042407)|ENTERING_MANAGED_PKG|Centify
11:36:47.22 (654093234)|ENTERING_MANAGED_PKG|Centify
11:36:47.22 (654166428)|ENTERING_MANAGED_PKG|Centify
11:36:47.22 (654197744)|ENTERING_MANAGED_PKG|Centify
11:36:47.22 (654257731)|ENTERING_MANAGED_PKG|Centify
11:36:47.22 (683668307)|ENTERING_MANAGED_PKG|Centify
11:36:47.22 (700658120)|ENTERING_MANAGED_PKG|Centify
11:36:47.22 (700954878)|ENTERING_MANAGED_PKG|Centify
11:36:47.22 (714077722)|ENTERING_MANAGED_PKG|Centify
11:36:47.22 (714155492)|ENTERING_MANAGED_PKG|Centify
11:36:47.22 (715988110)|ENTERING_MANAGED_PKG|Centify
11:36:47.22 (716055294)|ENTERING_MANAGED_PKG|Centify
11:36:47.22 (716104282)|ENTERING_MANAGED_PKG|Centify
11:36:47.22 (716183568)|ENTERING_MANAGED_PKG|Centify
11:36:47.22 (719687714)|SOQL_EXECUTE_BEGIN|[19]|Aggregations:0|SELECT Id, OrganizationType FROM Organization LIMIT 1
11:36:47.22 (722724862)|SOQL_EXECUTE_END|[19]|Rows:1
11:36:47.22 (741391141)|ENTERING_MANAGED_PKG|Centify
11:36:47.22 (741446208)|ENTERING_MANAGED_PKG|Centify
11:36:47.22 (741588728)|ENTERING_MANAGED_PKG|Centify
11:36:47.22 (741627074)|ENTERING_MANAGED_PKG|Centify
11:36:47.22 (741665575)|ENTERING_MANAGED_PKG|Centify
11:36:47.22 (743008174)|ENTERING_MANAGED_PKG|Centify
11:36:47.22 (743091241)|ENTERING_MANAGED_PKG|Centify
11:36:47.22 (758273737)|ENTERING_MANAGED_PKG|Centify
11:36:47.22 (758408257)|ENTERING_MANAGED_PKG|Centify
11:36:47.22 (759003563)|ENTERING_MANAGED_PKG|Centify
11:36:47.22 (759625792)|SOQL_EXECUTE_BEGIN|[16]|Aggregations:0|select id,lastmodifieddate,isdeleted,name,createddate,ownerid,status,isconverted,converteddate,company from Lead where LastModifiedDate >2018-10-23T01:26:52Z AND LastModifiedDate < 2018-10-23T01:36:53Z  ORDER BY SystemModStamp DESC LIMIT 5000  ALL ROWS
11:36:47.22 (764260175)|SOQL_EXECUTE_END|[16]|Rows:0
11:36:47.786 (786952444)|CUMULATIVE_LIMIT_USAGE
11:36:47.786 (786952444)|LIMIT_USAGE_FOR_NS|(default)|
  Number of SOQL queries: 0 out of 200
  Number of query rows: 0 out of 50000
  Number of SOSL queries: 0 out of 20
  Number of DML statements: 0 out of 150
  Number of DML rows: 0 out of 10000
  Maximum CPU time: 0 out of 60000
  Maximum heap size: 0 out of 12000000
  Number of callouts: 0 out of 0
  Number of Email Invocations: 0 out of 10
  Number of future calls: 0 out of 0
  Number of queueable jobs added to the queue: 0 out of 1
  Number of Mobile Apex push calls: 0 out of 10

11:36:47.786 (786952444)|LIMIT_USAGE_FOR_NS|Centify|
  Number of SOQL queries: 0 out of 200
  Number of query rows: 0 out of 50000
  Number of SOSL queries: 0 out of 20
  Number of DML statements: 0 out of 150
  Number of DML rows: 0 out of 10000
  Maximum CPU time: 0 out of 60000
  Maximum heap size: 0 out of 12000000
  Number of callouts: 0 out of 0
  Number of Email Invocations: 0 out of 10
  Number of future calls: 0 out of 0
  Number of queueable jobs added to the queue: 0 out of 1
  Number of Mobile Apex push calls: 0 out of 10

11:36:47.786 (786952444)|CUMULATIVE_LIMIT_USAGE_END

