37.0 APEX_CODE,FINEST;APEX_PROFILING,INFO;CALLOUT,INFO;DB,INFO;NBA,INFO;SYSTEM,DEBUG;VALIDATION,INFO;VISUALFORCE,INFO;WAVE,INFO;WORKFLOW,INFO
11:39:22.127 (127437893)|ENTERING_MANAGED_PKG|Centify
11:39:22.127 (147057774)|ENTERING_MANAGED_PKG|Centify
11:39:22.127 (152293509)|ENTERING_MANAGED_PKG|Centify
11:39:22.127 (178115628)|ENTERING_MANAGED_PKG|Centify
11:39:22.127 (178225194)|ENTERING_MANAGED_PKG|Centify
11:39:22.127 (179283160)|ENTERING_MANAGED_PKG|Centify
11:39:22.127 (179428057)|ENTERING_MANAGED_PKG|Centify
11:39:22.127 (205371472)|ENTERING_MANAGED_PKG|Centify
11:39:22.127 (205938926)|ENTERING_MANAGED_PKG|Centify
11:39:22.127 (227052682)|ENTERING_MANAGED_PKG|Centify
11:39:22.127 (227163846)|ENTERING_MANAGED_PKG|Centify
11:39:22.127 (227424466)|ENTERING_MANAGED_PKG|Centify
11:39:22.127 (227504992)|ENTERING_MANAGED_PKG|Centify
11:39:22.127 (227735512)|ENTERING_MANAGED_PKG|Centify
11:39:22.127 (230418891)|ENTERING_MANAGED_PKG|Centify
11:39:22.127 (230480471)|ENTERING_MANAGED_PKG|Centify
11:39:22.127 (230611680)|ENTERING_MANAGED_PKG|Centify
11:39:22.127 (248470686)|ENTERING_MANAGED_PKG|Centify
11:39:22.127 (250294696)|ENTERING_MANAGED_PKG|Centify
11:39:22.127 (250353031)|ENTERING_MANAGED_PKG|Centify
11:39:22.127 (250448823)|ENTERING_MANAGED_PKG|Centify
11:39:22.127 (251181884)|ENTERING_MANAGED_PKG|Centify
11:39:22.127 (251217284)|ENTERING_MANAGED_PKG|Centify
11:39:22.127 (251276761)|ENTERING_MANAGED_PKG|Centify
11:39:22.127 (252047209)|ENTERING_MANAGED_PKG|Centify
11:39:22.127 (253159334)|ENTERING_MANAGED_PKG|Centify
11:39:22.127 (255810886)|ENTERING_MANAGED_PKG|Centify
11:39:22.127 (255988890)|ENTERING_MANAGED_PKG|Centify
11:39:22.127 (256181422)|ENTERING_MANAGED_PKG|Centify
11:39:22.127 (256223070)|ENTERING_MANAGED_PKG|Centify
11:39:22.127 (256283148)|ENTERING_MANAGED_PKG|Centify
11:39:22.127 (256365580)|ENTERING_MANAGED_PKG|Centify
11:39:22.127 (256580306)|ENTERING_MANAGED_PKG|Centify
11:39:22.127 (258715462)|SOQL_EXECUTE_BEGIN|[28]|Aggregations:0|SELECT Id FROM ApexClass WHERE Name = :tmpVar1
11:39:22.127 (267895137)|SOQL_EXECUTE_END|[28]|Rows:1
11:39:22.127 (285619524)|SOQL_EXECUTE_BEGIN|[49]|Aggregations:0|SELECT COUNT() FROM AsyncApexJob WHERE (ApexClassId = :tmpVar1 AND Status IN ('Queued', 'Holding', 'Preparing', 'Processing'))
11:39:22.127 (470042018)|SOQL_EXECUTE_END|[49]|Rows:0
11:39:22.127 (470264847)|ENTERING_MANAGED_PKG|Centify
11:39:22.127 (517517126)|ENTERING_MANAGED_PKG|Centify
11:39:22.127 (517864776)|ENTERING_MANAGED_PKG|Centify
11:39:22.127 (535708957)|ENTERING_MANAGED_PKG|Centify
11:39:22.127 (535916392)|ENTERING_MANAGED_PKG|Centify
11:39:22.127 (535981437)|ENTERING_MANAGED_PKG|Centify
11:39:22.127 (597085129)|ENTERING_MANAGED_PKG|Centify
11:39:22.127 (597300775)|ENTERING_MANAGED_PKG|Centify
11:39:22.127 (608651152)|ENTERING_MANAGED_PKG|Centify
11:39:22.127 (633826248)|ENTERING_MANAGED_PKG|Centify
11:39:22.127 (635798173)|ENTERING_MANAGED_PKG|Centify
11:39:22.127 (637652243)|ENTERING_MANAGED_PKG|Centify
11:39:22.127 (637807598)|ENTERING_MANAGED_PKG|Centify
11:39:22.127 (637862046)|ENTERING_MANAGED_PKG|Centify
11:39:22.127 (638047489)|ENTERING_MANAGED_PKG|Centify
11:39:22.127 (638134487)|ENTERING_MANAGED_PKG|Centify
11:39:22.127 (638418959)|ENTERING_MANAGED_PKG|Centify
11:39:22.127 (638707236)|ENTERING_MANAGED_PKG|Centify
11:39:22.127 (638873530)|ENTERING_MANAGED_PKG|Centify
11:39:22.127 (639011254)|ENTERING_MANAGED_PKG|Centify
11:39:22.127 (639219545)|ENTERING_MANAGED_PKG|Centify
11:39:22.127 (639439318)|ENTERING_MANAGED_PKG|Centify
11:39:22.127 (639651040)|ENTERING_MANAGED_PKG|Centify
11:39:22.127 (639879577)|ENTERING_MANAGED_PKG|Centify
11:39:22.127 (640099453)|ENTERING_MANAGED_PKG|Centify
11:39:22.127 (640309583)|ENTERING_MANAGED_PKG|Centify
11:39:22.127 (640532915)|ENTERING_MANAGED_PKG|Centify
11:39:22.127 (640741086)|ENTERING_MANAGED_PKG|Centify
11:39:22.127 (640940602)|ENTERING_MANAGED_PKG|Centify
11:39:22.127 (658452155)|ENTERING_MANAGED_PKG|Centify
11:39:22.127 (658713167)|ENTERING_MANAGED_PKG|Centify
11:39:22.127 (659233849)|ENTERING_MANAGED_PKG|Centify
11:39:22.127 (659460647)|ENTERING_MANAGED_PKG|Centify
11:39:22.127 (659676481)|ENTERING_MANAGED_PKG|Centify
11:39:22.127 (659849197)|ENTERING_MANAGED_PKG|Centify
11:39:22.127 (660010802)|ENTERING_MANAGED_PKG|Centify
11:39:22.127 (660189292)|ENTERING_MANAGED_PKG|Centify
11:39:22.127 (660337869)|ENTERING_MANAGED_PKG|Centify
11:39:22.127 (660460430)|ENTERING_MANAGED_PKG|Centify
11:39:22.127 (660659610)|ENTERING_MANAGED_PKG|Centify
11:39:22.127 (660800200)|ENTERING_MANAGED_PKG|Centify
11:39:22.127 (660982420)|ENTERING_MANAGED_PKG|Centify
11:39:22.127 (661183584)|ENTERING_MANAGED_PKG|Centify
11:39:22.127 (661375308)|ENTERING_MANAGED_PKG|Centify
11:39:22.127 (661575033)|ENTERING_MANAGED_PKG|Centify
11:39:22.127 (661792607)|ENTERING_MANAGED_PKG|Centify
11:39:22.127 (661918452)|ENTERING_MANAGED_PKG|Centify
11:39:22.127 (662010476)|ENTERING_MANAGED_PKG|Centify
11:39:22.127 (662077289)|ENTERING_MANAGED_PKG|Centify
11:39:22.127 (662268088)|ENTERING_MANAGED_PKG|Centify
11:39:22.127 (662363623)|ENTERING_MANAGED_PKG|Centify
11:39:22.127 (664921020)|ENTERING_MANAGED_PKG|Centify
11:39:22.127 (665016758)|ENTERING_MANAGED_PKG|Centify
11:39:22.127 (665106697)|ENTERING_MANAGED_PKG|Centify
11:39:22.127 (665223810)|ENTERING_MANAGED_PKG|Centify
11:39:22.127 (665474425)|ENTERING_MANAGED_PKG|Centify
11:39:22.127 (665660658)|ENTERING_MANAGED_PKG|Centify
11:39:22.127 (734649199)|ENTERING_MANAGED_PKG|Centify
11:39:22.127 (734728399)|ENTERING_MANAGED_PKG|Centify
11:39:22.127 (770213260)|ENTERING_MANAGED_PKG|Centify
11:39:22.127 (770293725)|ENTERING_MANAGED_PKG|Centify
11:39:22.127 (770456447)|ENTERING_MANAGED_PKG|Centify
11:39:22.127 (770501373)|ENTERING_MANAGED_PKG|Centify
11:39:22.127 (782222140)|ENTERING_MANAGED_PKG|Centify
11:39:22.127 (782576375)|ENTERING_MANAGED_PKG|Centify
11:39:22.127 (783518431)|ENTERING_MANAGED_PKG|Centify
11:39:22.127 (784331671)|ENTERING_MANAGED_PKG|Centify
11:39:22.127 (784393436)|ENTERING_MANAGED_PKG|Centify
11:39:22.127 (784533219)|ENTERING_MANAGED_PKG|Centify
11:39:22.127 (784595853)|ENTERING_MANAGED_PKG|Centify
11:39:22.127 (784771232)|ENTERING_MANAGED_PKG|Centify
11:39:22.127 (785004198)|ENTERING_MANAGED_PKG|Centify
11:39:22.127 (785214616)|ENTERING_MANAGED_PKG|Centify
11:39:22.127 (785428258)|ENTERING_MANAGED_PKG|Centify
11:39:22.127 (785629571)|ENTERING_MANAGED_PKG|Centify
11:39:22.127 (785886179)|ENTERING_MANAGED_PKG|Centify
11:39:22.127 (786115017)|ENTERING_MANAGED_PKG|Centify
11:39:22.127 (786319416)|ENTERING_MANAGED_PKG|Centify
11:39:22.127 (786519536)|ENTERING_MANAGED_PKG|Centify
11:39:22.127 (786718380)|ENTERING_MANAGED_PKG|Centify
11:39:22.127 (786926029)|ENTERING_MANAGED_PKG|Centify
11:39:22.127 (787160340)|ENTERING_MANAGED_PKG|Centify
11:39:22.127 (787365142)|ENTERING_MANAGED_PKG|Centify
11:39:22.127 (787564614)|ENTERING_MANAGED_PKG|Centify
11:39:22.127 (787804492)|ENTERING_MANAGED_PKG|Centify
11:39:22.127 (788014424)|ENTERING_MANAGED_PKG|Centify
11:39:22.127 (788221922)|ENTERING_MANAGED_PKG|Centify
11:39:22.127 (788428726)|ENTERING_MANAGED_PKG|Centify
11:39:22.127 (788736204)|ENTERING_MANAGED_PKG|Centify
11:39:22.127 (788988985)|ENTERING_MANAGED_PKG|Centify
11:39:22.127 (789225306)|ENTERING_MANAGED_PKG|Centify
11:39:22.127 (789462138)|ENTERING_MANAGED_PKG|Centify
11:39:22.127 (789697981)|ENTERING_MANAGED_PKG|Centify
11:39:22.127 (789907774)|ENTERING_MANAGED_PKG|Centify
11:39:22.127 (790106786)|ENTERING_MANAGED_PKG|Centify
11:39:22.127 (790304657)|ENTERING_MANAGED_PKG|Centify
11:39:22.127 (790536620)|ENTERING_MANAGED_PKG|Centify
11:39:22.127 (790770269)|ENTERING_MANAGED_PKG|Centify
11:39:22.127 (791002887)|ENTERING_MANAGED_PKG|Centify
11:39:22.127 (791237400)|ENTERING_MANAGED_PKG|Centify
11:39:22.127 (791469378)|ENTERING_MANAGED_PKG|Centify
11:39:22.127 (791697404)|ENTERING_MANAGED_PKG|Centify
11:39:22.127 (791935831)|ENTERING_MANAGED_PKG|Centify
11:39:22.127 (792165963)|ENTERING_MANAGED_PKG|Centify
11:39:22.127 (792395761)|ENTERING_MANAGED_PKG|Centify
11:39:22.127 (792609070)|ENTERING_MANAGED_PKG|Centify
11:39:22.127 (792828763)|ENTERING_MANAGED_PKG|Centify
11:39:22.127 (792994748)|ENTERING_MANAGED_PKG|Centify
11:39:22.127 (793117214)|ENTERING_MANAGED_PKG|Centify
11:39:22.127 (793230780)|ENTERING_MANAGED_PKG|Centify
11:39:22.127 (793342794)|ENTERING_MANAGED_PKG|Centify
11:39:22.127 (793454676)|ENTERING_MANAGED_PKG|Centify
11:39:22.127 (793565248)|ENTERING_MANAGED_PKG|Centify
11:39:22.127 (793679625)|ENTERING_MANAGED_PKG|Centify
11:39:22.127 (793804734)|ENTERING_MANAGED_PKG|Centify
11:39:22.127 (793968157)|ENTERING_MANAGED_PKG|Centify
11:39:22.127 (794131143)|ENTERING_MANAGED_PKG|Centify
11:39:22.127 (794267085)|ENTERING_MANAGED_PKG|Centify
11:39:22.127 (794379908)|ENTERING_MANAGED_PKG|Centify
11:39:22.127 (794495020)|ENTERING_MANAGED_PKG|Centify
11:39:22.127 (794624969)|ENTERING_MANAGED_PKG|Centify
11:39:22.127 (794734206)|ENTERING_MANAGED_PKG|Centify
11:39:22.127 (794850207)|ENTERING_MANAGED_PKG|Centify
11:39:22.127 (794959461)|ENTERING_MANAGED_PKG|Centify
11:39:22.127 (795233786)|ENTERING_MANAGED_PKG|Centify
11:39:22.127 (795293848)|ENTERING_MANAGED_PKG|Centify
11:39:22.127 (795414610)|ENTERING_MANAGED_PKG|Centify
11:39:22.127 (795469114)|ENTERING_MANAGED_PKG|Centify
11:39:22.127 (795536202)|ENTERING_MANAGED_PKG|Centify
11:39:22.127 (795577904)|ENTERING_MANAGED_PKG|Centify
11:39:22.127 (795605985)|ENTERING_MANAGED_PKG|Centify
11:39:22.127 (795912204)|ENTERING_MANAGED_PKG|Centify
11:39:22.127 (795941452)|ENTERING_MANAGED_PKG|Centify
11:39:22.127 (795959889)|ENTERING_MANAGED_PKG|Centify
11:39:22.127 (796080860)|ENTERING_MANAGED_PKG|Centify
11:39:22.127 (796215352)|ENTERING_MANAGED_PKG|Centify
11:39:22.127 (796238027)|ENTERING_MANAGED_PKG|Centify
11:39:22.127 (796262196)|ENTERING_MANAGED_PKG|Centify
11:39:22.127 (796274695)|ENTERING_MANAGED_PKG|Centify
11:39:22.127 (796612565)|ENTERING_MANAGED_PKG|Centify
11:39:22.127 (796635576)|ENTERING_MANAGED_PKG|Centify
11:39:22.127 (796646728)|ENTERING_MANAGED_PKG|Centify
11:39:22.127 (796720813)|ENTERING_MANAGED_PKG|Centify
11:39:22.127 (796851026)|ENTERING_MANAGED_PKG|Centify
11:39:22.127 (796872778)|ENTERING_MANAGED_PKG|Centify
11:39:22.127 (796897541)|ENTERING_MANAGED_PKG|Centify
11:39:22.127 (796916178)|ENTERING_MANAGED_PKG|Centify
11:39:22.127 (797389112)|ENTERING_MANAGED_PKG|Centify
11:39:22.127 (797434910)|ENTERING_MANAGED_PKG|Centify
11:39:22.127 (797448179)|ENTERING_MANAGED_PKG|Centify
11:39:22.127 (797525382)|ENTERING_MANAGED_PKG|Centify
11:39:22.127 (797652484)|ENTERING_MANAGED_PKG|Centify
11:39:22.127 (797674022)|ENTERING_MANAGED_PKG|Centify
11:39:22.127 (797697787)|ENTERING_MANAGED_PKG|Centify
11:39:22.127 (797709724)|ENTERING_MANAGED_PKG|Centify
11:39:22.127 (798305813)|ENTERING_MANAGED_PKG|Centify
11:39:22.127 (798330630)|ENTERING_MANAGED_PKG|Centify
11:39:22.127 (798343335)|ENTERING_MANAGED_PKG|Centify
11:39:22.127 (798417545)|ENTERING_MANAGED_PKG|Centify
11:39:22.127 (798540330)|ENTERING_MANAGED_PKG|Centify
11:39:22.127 (798560529)|ENTERING_MANAGED_PKG|Centify
11:39:22.127 (798582913)|ENTERING_MANAGED_PKG|Centify
11:39:22.127 (798594969)|ENTERING_MANAGED_PKG|Centify
11:39:22.127 (799223534)|ENTERING_MANAGED_PKG|Centify
11:39:22.127 (799247588)|ENTERING_MANAGED_PKG|Centify
11:39:22.127 (799259499)|ENTERING_MANAGED_PKG|Centify
11:39:22.127 (799333558)|ENTERING_MANAGED_PKG|Centify
11:39:22.127 (799450545)|ENTERING_MANAGED_PKG|Centify
11:39:22.127 (799561793)|ENTERING_MANAGED_PKG|Centify
11:39:22.127 (799672107)|ENTERING_MANAGED_PKG|Centify
11:39:22.127 (799792937)|ENTERING_MANAGED_PKG|Centify
11:39:22.127 (799813570)|ENTERING_MANAGED_PKG|Centify
11:39:22.127 (799836735)|ENTERING_MANAGED_PKG|Centify
11:39:22.127 (799848436)|ENTERING_MANAGED_PKG|Centify
11:39:22.127 (800563203)|ENTERING_MANAGED_PKG|Centify
11:39:22.127 (800586801)|ENTERING_MANAGED_PKG|Centify
11:39:22.127 (800598360)|ENTERING_MANAGED_PKG|Centify
11:39:22.127 (800669182)|ENTERING_MANAGED_PKG|Centify
11:39:22.127 (800793592)|ENTERING_MANAGED_PKG|Centify
11:39:22.127 (800813932)|ENTERING_MANAGED_PKG|Centify
11:39:22.127 (800836261)|ENTERING_MANAGED_PKG|Centify
11:39:22.127 (800847746)|ENTERING_MANAGED_PKG|Centify
11:39:22.127 (801717080)|ENTERING_MANAGED_PKG|Centify
11:39:22.127 (801742335)|ENTERING_MANAGED_PKG|Centify
11:39:22.127 (801754979)|ENTERING_MANAGED_PKG|Centify
11:39:22.127 (801834310)|ENTERING_MANAGED_PKG|Centify
11:39:22.127 (801974173)|ENTERING_MANAGED_PKG|Centify
11:39:22.127 (802000314)|ENTERING_MANAGED_PKG|Centify
11:39:22.127 (802024227)|ENTERING_MANAGED_PKG|Centify
11:39:22.127 (802036294)|ENTERING_MANAGED_PKG|Centify
11:39:22.127 (802996606)|ENTERING_MANAGED_PKG|Centify
11:39:22.127 (803022347)|ENTERING_MANAGED_PKG|Centify
11:39:22.127 (803035109)|ENTERING_MANAGED_PKG|Centify
11:39:22.127 (803111897)|ENTERING_MANAGED_PKG|Centify
11:39:22.127 (803239160)|ENTERING_MANAGED_PKG|Centify
11:39:22.127 (803267738)|ENTERING_MANAGED_PKG|Centify
11:39:22.127 (803304852)|ENTERING_MANAGED_PKG|Centify
11:39:22.127 (803317577)|ENTERING_MANAGED_PKG|Centify
11:39:22.127 (804395418)|ENTERING_MANAGED_PKG|Centify
11:39:22.127 (804423681)|ENTERING_MANAGED_PKG|Centify
11:39:22.127 (804436261)|ENTERING_MANAGED_PKG|Centify
11:39:22.127 (804515709)|ENTERING_MANAGED_PKG|Centify
11:39:22.127 (804644569)|ENTERING_MANAGED_PKG|Centify
11:39:22.127 (804671722)|ENTERING_MANAGED_PKG|Centify
11:39:22.127 (804714534)|ENTERING_MANAGED_PKG|Centify
11:39:22.127 (804731444)|ENTERING_MANAGED_PKG|Centify
11:39:22.127 (806015640)|ENTERING_MANAGED_PKG|Centify
11:39:22.127 (806045123)|ENTERING_MANAGED_PKG|Centify
11:39:22.127 (806062549)|ENTERING_MANAGED_PKG|Centify
11:39:22.127 (806163585)|ENTERING_MANAGED_PKG|Centify
11:39:22.127 (806298901)|ENTERING_MANAGED_PKG|Centify
11:39:22.127 (806321287)|ENTERING_MANAGED_PKG|Centify
11:39:22.127 (806345873)|ENTERING_MANAGED_PKG|Centify
11:39:22.127 (806359117)|ENTERING_MANAGED_PKG|Centify
11:39:22.127 (807689386)|ENTERING_MANAGED_PKG|Centify
11:39:22.127 (807720320)|ENTERING_MANAGED_PKG|Centify
11:39:22.127 (807733539)|ENTERING_MANAGED_PKG|Centify
11:39:22.127 (807819744)|ENTERING_MANAGED_PKG|Centify
11:39:22.127 (807951452)|ENTERING_MANAGED_PKG|Centify
11:39:22.127 (807972459)|ENTERING_MANAGED_PKG|Centify
11:39:22.127 (807998375)|ENTERING_MANAGED_PKG|Centify
11:39:22.127 (808010503)|ENTERING_MANAGED_PKG|Centify
11:39:22.127 (809377463)|ENTERING_MANAGED_PKG|Centify
11:39:22.127 (809407583)|ENTERING_MANAGED_PKG|Centify
11:39:22.127 (809421264)|ENTERING_MANAGED_PKG|Centify
11:39:22.127 (809504766)|ENTERING_MANAGED_PKG|Centify
11:39:22.127 (809657748)|ENTERING_MANAGED_PKG|Centify
11:39:22.127 (809680034)|ENTERING_MANAGED_PKG|Centify
11:39:22.127 (809703693)|ENTERING_MANAGED_PKG|Centify
11:39:22.127 (809715660)|ENTERING_MANAGED_PKG|Centify
11:39:22.127 (811209356)|ENTERING_MANAGED_PKG|Centify
11:39:22.127 (811237315)|ENTERING_MANAGED_PKG|Centify
11:39:22.127 (811250108)|ENTERING_MANAGED_PKG|Centify
11:39:22.127 (827380291)|ENTERING_MANAGED_PKG|Centify
11:39:22.127 (827675586)|ENTERING_MANAGED_PKG|Centify
11:39:22.127 (827730753)|ENTERING_MANAGED_PKG|Centify
11:39:22.127 (827780278)|ENTERING_MANAGED_PKG|Centify
11:39:22.127 (827802242)|ENTERING_MANAGED_PKG|Centify
11:39:22.127 (830667940)|ENTERING_MANAGED_PKG|Centify
11:39:22.127 (830731540)|ENTERING_MANAGED_PKG|Centify
11:39:22.127 (830757971)|ENTERING_MANAGED_PKG|Centify
11:39:22.127 (830920220)|ENTERING_MANAGED_PKG|Centify
11:39:22.127 (831181233)|ENTERING_MANAGED_PKG|Centify
11:39:22.127 (831223117)|ENTERING_MANAGED_PKG|Centify
11:39:22.127 (831268183)|ENTERING_MANAGED_PKG|Centify
11:39:22.127 (831289896)|ENTERING_MANAGED_PKG|Centify
11:39:22.127 (834109828)|ENTERING_MANAGED_PKG|Centify
11:39:22.127 (834163500)|ENTERING_MANAGED_PKG|Centify
11:39:22.127 (834185457)|ENTERING_MANAGED_PKG|Centify
11:39:22.127 (834345052)|ENTERING_MANAGED_PKG|Centify
11:39:22.127 (834405877)|ENTERING_MANAGED_PKG|Centify
11:39:22.127 (834457869)|ENTERING_MANAGED_PKG|Centify
11:39:22.127 (834493705)|ENTERING_MANAGED_PKG|Centify
11:39:22.127 (834794577)|ENTERING_MANAGED_PKG|Centify
11:39:22.127 (834846287)|ENTERING_MANAGED_PKG|Centify
11:39:22.127 (838189037)|ENTERING_MANAGED_PKG|Centify
11:39:22.127 (838243615)|ENTERING_MANAGED_PKG|Centify
11:39:22.127 (838283709)|ENTERING_MANAGED_PKG|Centify
11:39:22.127 (838364014)|ENTERING_MANAGED_PKG|Centify
11:39:22.127 (838555359)|ENTERING_MANAGED_PKG|Centify
11:39:22.127 (838669264)|ENTERING_MANAGED_PKG|Centify
11:39:22.127 (879060577)|ENTERING_MANAGED_PKG|Centify
11:39:22.127 (879124873)|ENTERING_MANAGED_PKG|Centify
11:39:22.127 (879258855)|ENTERING_MANAGED_PKG|Centify
11:39:22.127 (879303109)|ENTERING_MANAGED_PKG|Centify
11:39:22.127 (888981745)|ENTERING_MANAGED_PKG|Centify
11:39:22.127 (889316666)|ENTERING_MANAGED_PKG|Centify
11:39:22.127 (890458000)|ENTERING_MANAGED_PKG|Centify
11:39:22.127 (891287420)|ENTERING_MANAGED_PKG|Centify
11:39:22.127 (891359429)|ENTERING_MANAGED_PKG|Centify
11:39:22.127 (891492499)|ENTERING_MANAGED_PKG|Centify
11:39:22.127 (891551401)|ENTERING_MANAGED_PKG|Centify
11:39:22.127 (891746149)|ENTERING_MANAGED_PKG|Centify
11:39:22.127 (891980846)|ENTERING_MANAGED_PKG|Centify
11:39:22.127 (908754108)|ENTERING_MANAGED_PKG|Centify
11:39:22.127 (908951850)|ENTERING_MANAGED_PKG|Centify
11:39:22.127 (909137957)|ENTERING_MANAGED_PKG|Centify
11:39:22.127 (909324196)|ENTERING_MANAGED_PKG|Centify
11:39:22.127 (909518787)|ENTERING_MANAGED_PKG|Centify
11:39:22.127 (909780448)|ENTERING_MANAGED_PKG|Centify
11:39:22.127 (909976911)|ENTERING_MANAGED_PKG|Centify
11:39:22.127 (910208873)|ENTERING_MANAGED_PKG|Centify
11:39:22.127 (910394659)|ENTERING_MANAGED_PKG|Centify
11:39:22.127 (910568433)|ENTERING_MANAGED_PKG|Centify
11:39:22.127 (910754447)|ENTERING_MANAGED_PKG|Centify
11:39:22.127 (910963614)|ENTERING_MANAGED_PKG|Centify
11:39:22.127 (911146020)|ENTERING_MANAGED_PKG|Centify
11:39:22.127 (911323473)|ENTERING_MANAGED_PKG|Centify
11:39:22.127 (911518912)|ENTERING_MANAGED_PKG|Centify
11:39:22.127 (911654104)|ENTERING_MANAGED_PKG|Centify
11:39:22.127 (911793146)|ENTERING_MANAGED_PKG|Centify
11:39:22.127 (911927983)|ENTERING_MANAGED_PKG|Centify
11:39:22.127 (912049581)|ENTERING_MANAGED_PKG|Centify
11:39:22.127 (912169581)|ENTERING_MANAGED_PKG|Centify
11:39:22.127 (912306016)|ENTERING_MANAGED_PKG|Centify
11:39:22.127 (912483703)|ENTERING_MANAGED_PKG|Centify
11:39:22.127 (912697771)|ENTERING_MANAGED_PKG|Centify
11:39:22.127 (912887526)|ENTERING_MANAGED_PKG|Centify
11:39:22.127 (913074571)|ENTERING_MANAGED_PKG|Centify
11:39:22.127 (913263767)|ENTERING_MANAGED_PKG|Centify
11:39:22.127 (913473771)|ENTERING_MANAGED_PKG|Centify
11:39:22.127 (913691015)|ENTERING_MANAGED_PKG|Centify
11:39:22.127 (913753602)|ENTERING_MANAGED_PKG|Centify
11:39:22.127 (913805308)|ENTERING_MANAGED_PKG|Centify
11:39:22.127 (913845431)|ENTERING_MANAGED_PKG|Centify
11:39:22.127 (913915555)|ENTERING_MANAGED_PKG|Centify
11:39:22.127 (913976067)|ENTERING_MANAGED_PKG|Centify
11:39:22.127 (916599973)|ENTERING_MANAGED_PKG|Centify
11:39:22.127 (916657035)|ENTERING_MANAGED_PKG|Centify
11:39:22.127 (916696110)|ENTERING_MANAGED_PKG|Centify
11:39:22.127 (916771851)|ENTERING_MANAGED_PKG|Centify
11:39:22.127 (916947106)|ENTERING_MANAGED_PKG|Centify
11:39:22.127 (917025414)|ENTERING_MANAGED_PKG|Centify
11:39:22.127 (956672666)|ENTERING_MANAGED_PKG|Centify
11:39:22.127 (956734314)|ENTERING_MANAGED_PKG|Centify
11:39:22.127 (974959156)|ENTERING_MANAGED_PKG|Centify
11:39:22.127 (975044046)|ENTERING_MANAGED_PKG|Centify
11:39:22.127 (1010565845)|ENTERING_MANAGED_PKG|Centify
11:39:22.127 (1010628586)|ENTERING_MANAGED_PKG|Centify
11:39:22.127 (1030903228)|ENTERING_MANAGED_PKG|Centify
11:39:22.127 (1031103333)|ENTERING_MANAGED_PKG|Centify
11:39:22.127 (1031248386)|ENTERING_MANAGED_PKG|Centify
11:39:22.127 (1031388306)|ENTERING_MANAGED_PKG|Centify
11:39:22.127 (1031547171)|ENTERING_MANAGED_PKG|Centify
11:39:22.127 (1031669754)|ENTERING_MANAGED_PKG|Centify
11:39:22.127 (1031788797)|ENTERING_MANAGED_PKG|Centify
11:39:22.127 (1031905372)|ENTERING_MANAGED_PKG|Centify
11:39:22.127 (1032165630)|ENTERING_MANAGED_PKG|Centify
11:39:22.127 (1032373615)|ENTERING_MANAGED_PKG|Centify
11:39:22.127 (1032609842)|ENTERING_MANAGED_PKG|Centify
11:39:22.127 (1032662170)|ENTERING_MANAGED_PKG|Centify
11:39:22.127 (1032778625)|ENTERING_MANAGED_PKG|Centify
11:39:22.127 (1032816463)|ENTERING_MANAGED_PKG|Centify
11:39:22.127 (1042479110)|ENTERING_MANAGED_PKG|Centify
11:39:22.127 (1042808171)|ENTERING_MANAGED_PKG|Centify
11:39:22.127 (1043619589)|ENTERING_MANAGED_PKG|Centify
11:39:22.127 (1044252883)|ENTERING_MANAGED_PKG|Centify
11:39:22.127 (1044320320)|ENTERING_MANAGED_PKG|Centify
11:39:22.127 (1044429546)|ENTERING_MANAGED_PKG|Centify
11:39:22.127 (1044494376)|ENTERING_MANAGED_PKG|Centify
11:39:22.127 (1044621158)|ENTERING_MANAGED_PKG|Centify
11:39:22.127 (1044768486)|ENTERING_MANAGED_PKG|Centify
11:39:22.127 (1044891965)|ENTERING_MANAGED_PKG|Centify
11:39:22.127 (1045051183)|ENTERING_MANAGED_PKG|Centify
11:39:22.127 (1045295747)|ENTERING_MANAGED_PKG|Centify
11:39:22.127 (1045422959)|ENTERING_MANAGED_PKG|Centify
11:39:22.127 (1045550703)|ENTERING_MANAGED_PKG|Centify
11:39:22.127 (1045663017)|ENTERING_MANAGED_PKG|Centify
11:39:22.127 (1045814104)|ENTERING_MANAGED_PKG|Centify
11:39:22.127 (1045966626)|ENTERING_MANAGED_PKG|Centify
11:39:22.127 (1046082333)|ENTERING_MANAGED_PKG|Centify
11:39:22.127 (1046193308)|ENTERING_MANAGED_PKG|Centify
11:39:22.127 (1046301824)|ENTERING_MANAGED_PKG|Centify
11:39:22.127 (1046407725)|ENTERING_MANAGED_PKG|Centify
11:39:22.127 (1046539784)|ENTERING_MANAGED_PKG|Centify
11:39:22.127 (1046691621)|ENTERING_MANAGED_PKG|Centify
11:39:22.127 (1046861783)|ENTERING_MANAGED_PKG|Centify
11:39:22.127 (1047011720)|ENTERING_MANAGED_PKG|Centify
11:39:22.127 (1047127613)|ENTERING_MANAGED_PKG|Centify
11:39:22.127 (1047238401)|ENTERING_MANAGED_PKG|Centify
11:39:22.127 (1047370737)|ENTERING_MANAGED_PKG|Centify
11:39:22.127 (1047485099)|ENTERING_MANAGED_PKG|Centify
11:39:22.127 (1047640840)|ENTERING_MANAGED_PKG|Centify
11:39:22.127 (1047777653)|ENTERING_MANAGED_PKG|Centify
11:39:22.127 (1047910836)|ENTERING_MANAGED_PKG|Centify
11:39:22.127 (1048018665)|ENTERING_MANAGED_PKG|Centify
11:39:22.127 (1048126777)|ENTERING_MANAGED_PKG|Centify
11:39:22.127 (1048232864)|ENTERING_MANAGED_PKG|Centify
11:39:22.127 (1048339384)|ENTERING_MANAGED_PKG|Centify
11:39:22.127 (1048492914)|ENTERING_MANAGED_PKG|Centify
11:39:22.127 (1048610078)|ENTERING_MANAGED_PKG|Centify
11:39:22.127 (1048730743)|ENTERING_MANAGED_PKG|Centify
11:39:22.127 (1048769439)|ENTERING_MANAGED_PKG|Centify
11:39:22.127 (1048801902)|ENTERING_MANAGED_PKG|Centify
11:39:22.127 (1048823434)|ENTERING_MANAGED_PKG|Centify
11:39:22.127 (1048872895)|ENTERING_MANAGED_PKG|Centify
11:39:22.127 (1048910972)|ENTERING_MANAGED_PKG|Centify
11:39:22.127 (1050625399)|ENTERING_MANAGED_PKG|Centify
11:39:22.127 (1050657314)|ENTERING_MANAGED_PKG|Centify
11:39:22.127 (1050680650)|ENTERING_MANAGED_PKG|Centify
11:39:22.127 (1050732256)|ENTERING_MANAGED_PKG|Centify
11:39:22.127 (1050847496)|ENTERING_MANAGED_PKG|Centify
11:39:22.127 (1050912287)|ENTERING_MANAGED_PKG|Centify
11:39:22.127 (1087801208)|ENTERING_MANAGED_PKG|Centify
11:39:22.127 (1087863419)|ENTERING_MANAGED_PKG|Centify
11:39:22.127 (1105843869)|ENTERING_MANAGED_PKG|Centify
11:39:22.127 (1105931725)|ENTERING_MANAGED_PKG|Centify
11:39:22.127 (1121127764)|ENTERING_MANAGED_PKG|Centify
11:39:22.127 (1121177089)|ENTERING_MANAGED_PKG|Centify
11:39:23.153 (1153459738)|ENTERING_MANAGED_PKG|Centify
11:39:23.153 (1153586971)|ENTERING_MANAGED_PKG|Centify
11:39:23.153 (1153666624)|ENTERING_MANAGED_PKG|Centify
11:39:23.153 (1153743490)|ENTERING_MANAGED_PKG|Centify
11:39:23.153 (1153847393)|ENTERING_MANAGED_PKG|Centify
11:39:23.153 (1153922563)|ENTERING_MANAGED_PKG|Centify
11:39:23.153 (1154028194)|ENTERING_MANAGED_PKG|Centify
11:39:23.153 (1154112658)|ENTERING_MANAGED_PKG|Centify
11:39:23.153 (1154262520)|ENTERING_MANAGED_PKG|Centify
11:39:23.153 (1154463994)|ENTERING_MANAGED_PKG|Centify
11:39:23.153 (1154634658)|ENTERING_MANAGED_PKG|Centify
11:39:23.153 (1154681355)|ENTERING_MANAGED_PKG|Centify
11:39:23.153 (1154780514)|ENTERING_MANAGED_PKG|Centify
11:39:23.153 (1154821943)|ENTERING_MANAGED_PKG|Centify
11:39:23.153 (1162898596)|ENTERING_MANAGED_PKG|Centify
11:39:23.153 (1163233405)|ENTERING_MANAGED_PKG|Centify
11:39:23.153 (1163997211)|ENTERING_MANAGED_PKG|Centify
11:39:23.153 (1164649096)|ENTERING_MANAGED_PKG|Centify
11:39:23.153 (1164713280)|ENTERING_MANAGED_PKG|Centify
11:39:23.153 (1164833290)|ENTERING_MANAGED_PKG|Centify
11:39:23.153 (1164875639)|ENTERING_MANAGED_PKG|Centify
11:39:23.153 (1164986566)|ENTERING_MANAGED_PKG|Centify
11:39:23.153 (1165117853)|ENTERING_MANAGED_PKG|Centify
11:39:23.153 (1165235291)|ENTERING_MANAGED_PKG|Centify
11:39:23.153 (1165346268)|ENTERING_MANAGED_PKG|Centify
11:39:23.153 (1165455228)|ENTERING_MANAGED_PKG|Centify
11:39:23.153 (1165565426)|ENTERING_MANAGED_PKG|Centify
11:39:23.153 (1165676197)|ENTERING_MANAGED_PKG|Centify
11:39:23.153 (1165789665)|ENTERING_MANAGED_PKG|Centify
11:39:23.153 (1165907366)|ENTERING_MANAGED_PKG|Centify
11:39:23.153 (1166017849)|ENTERING_MANAGED_PKG|Centify
11:39:23.153 (1166129516)|ENTERING_MANAGED_PKG|Centify
11:39:23.153 (1166265085)|ENTERING_MANAGED_PKG|Centify
11:39:23.153 (1166393259)|ENTERING_MANAGED_PKG|Centify
11:39:23.153 (1166518391)|ENTERING_MANAGED_PKG|Centify
11:39:23.153 (1166643858)|ENTERING_MANAGED_PKG|Centify
11:39:23.153 (1166817591)|ENTERING_MANAGED_PKG|Centify
11:39:23.153 (1166957594)|ENTERING_MANAGED_PKG|Centify
11:39:23.153 (1167091330)|ENTERING_MANAGED_PKG|Centify
11:39:23.153 (1167237884)|ENTERING_MANAGED_PKG|Centify
11:39:23.153 (1167428926)|ENTERING_MANAGED_PKG|Centify
11:39:23.153 (1167564502)|ENTERING_MANAGED_PKG|Centify
11:39:23.153 (1167677539)|ENTERING_MANAGED_PKG|Centify
11:39:23.153 (1167789425)|ENTERING_MANAGED_PKG|Centify
11:39:23.153 (1167933428)|ENTERING_MANAGED_PKG|Centify
11:39:23.153 (1168049242)|ENTERING_MANAGED_PKG|Centify
11:39:23.153 (1168181383)|ENTERING_MANAGED_PKG|Centify
11:39:23.153 (1168312858)|ENTERING_MANAGED_PKG|Centify
11:39:23.153 (1168426947)|ENTERING_MANAGED_PKG|Centify
11:39:23.153 (1168557116)|ENTERING_MANAGED_PKG|Centify
11:39:23.153 (1168672296)|ENTERING_MANAGED_PKG|Centify
11:39:23.153 (1168804090)|ENTERING_MANAGED_PKG|Centify
11:39:23.153 (1168973062)|ENTERING_MANAGED_PKG|Centify
11:39:23.153 (1169130798)|ENTERING_MANAGED_PKG|Centify
11:39:23.153 (1169244940)|ENTERING_MANAGED_PKG|Centify
11:39:23.153 (1169371445)|ENTERING_MANAGED_PKG|Centify
11:39:23.153 (1169487792)|ENTERING_MANAGED_PKG|Centify
11:39:23.153 (1169617597)|ENTERING_MANAGED_PKG|Centify
11:39:23.153 (1169805119)|ENTERING_MANAGED_PKG|Centify
11:39:23.153 (1169940254)|ENTERING_MANAGED_PKG|Centify
11:39:23.153 (1170075539)|ENTERING_MANAGED_PKG|Centify
11:39:23.153 (1170191576)|ENTERING_MANAGED_PKG|Centify
11:39:23.153 (1170304719)|ENTERING_MANAGED_PKG|Centify
11:39:23.153 (1170436257)|ENTERING_MANAGED_PKG|Centify
11:39:23.153 (1170511678)|ENTERING_MANAGED_PKG|Centify
11:39:23.153 (1170555805)|ENTERING_MANAGED_PKG|Centify
11:39:23.153 (1170579777)|ENTERING_MANAGED_PKG|Centify
11:39:23.153 (1170606445)|ENTERING_MANAGED_PKG|Centify
11:39:23.153 (1170619991)|ENTERING_MANAGED_PKG|Centify
11:39:23.153 (1170934606)|ENTERING_MANAGED_PKG|Centify
11:39:23.153 (1170970420)|ENTERING_MANAGED_PKG|Centify
11:39:23.153 (1170989243)|ENTERING_MANAGED_PKG|Centify
11:39:23.153 (1171087224)|ENTERING_MANAGED_PKG|Centify
11:39:23.153 (1171219468)|ENTERING_MANAGED_PKG|Centify
11:39:23.153 (1171241208)|ENTERING_MANAGED_PKG|Centify
11:39:23.153 (1171265459)|ENTERING_MANAGED_PKG|Centify
11:39:23.153 (1171277515)|ENTERING_MANAGED_PKG|Centify
11:39:23.153 (1171617886)|ENTERING_MANAGED_PKG|Centify
11:39:23.153 (1171641293)|ENTERING_MANAGED_PKG|Centify
11:39:23.153 (1171653427)|ENTERING_MANAGED_PKG|Centify
11:39:23.153 (1171730562)|ENTERING_MANAGED_PKG|Centify
11:39:23.153 (1171860807)|ENTERING_MANAGED_PKG|Centify
11:39:23.153 (1171881931)|ENTERING_MANAGED_PKG|Centify
11:39:23.153 (1171905012)|ENTERING_MANAGED_PKG|Centify
11:39:23.153 (1171917363)|ENTERING_MANAGED_PKG|Centify
11:39:23.153 (1172368052)|ENTERING_MANAGED_PKG|Centify
11:39:23.153 (1172392279)|ENTERING_MANAGED_PKG|Centify
11:39:23.153 (1172404205)|ENTERING_MANAGED_PKG|Centify
11:39:23.153 (1172484587)|ENTERING_MANAGED_PKG|Centify
11:39:23.153 (1172663378)|ENTERING_MANAGED_PKG|Centify
11:39:23.153 (1172698734)|ENTERING_MANAGED_PKG|Centify
11:39:23.153 (1172729933)|ENTERING_MANAGED_PKG|Centify
11:39:23.153 (1172742588)|ENTERING_MANAGED_PKG|Centify
11:39:23.153 (1173410532)|ENTERING_MANAGED_PKG|Centify
11:39:23.153 (1173448795)|ENTERING_MANAGED_PKG|Centify
11:39:23.153 (1173467074)|ENTERING_MANAGED_PKG|Centify
11:39:23.153 (1173579734)|ENTERING_MANAGED_PKG|Centify
11:39:23.153 (1173784005)|ENTERING_MANAGED_PKG|Centify
11:39:23.153 (1173840021)|ENTERING_MANAGED_PKG|Centify
11:39:23.153 (1173878085)|ENTERING_MANAGED_PKG|Centify
11:39:23.153 (1173891403)|ENTERING_MANAGED_PKG|Centify
11:39:23.153 (1174837687)|ENTERING_MANAGED_PKG|Centify
11:39:23.153 (1174869180)|ENTERING_MANAGED_PKG|Centify
11:39:23.153 (1174882315)|ENTERING_MANAGED_PKG|Centify
11:39:23.153 (1174983651)|ENTERING_MANAGED_PKG|Centify
11:39:23.153 (1175196056)|ENTERING_MANAGED_PKG|Centify
11:39:23.153 (1175237050)|ENTERING_MANAGED_PKG|Centify
11:39:23.153 (1175276932)|ENTERING_MANAGED_PKG|Centify
11:39:23.153 (1175298570)|ENTERING_MANAGED_PKG|Centify
11:39:23.153 (1176598391)|ENTERING_MANAGED_PKG|Centify
11:39:23.153 (1176645346)|ENTERING_MANAGED_PKG|Centify
11:39:23.153 (1176668548)|ENTERING_MANAGED_PKG|Centify
11:39:23.153 (1176811298)|ENTERING_MANAGED_PKG|Centify
11:39:23.153 (1176994540)|ENTERING_MANAGED_PKG|Centify
11:39:23.153 (1177176521)|ENTERING_MANAGED_PKG|Centify
11:39:23.153 (1177353099)|ENTERING_MANAGED_PKG|Centify
11:39:23.153 (1177511811)|ENTERING_MANAGED_PKG|Centify
11:39:23.153 (1177687341)|ENTERING_MANAGED_PKG|Centify
11:39:23.153 (1177823844)|ENTERING_MANAGED_PKG|Centify
11:39:23.153 (1177942371)|ENTERING_MANAGED_PKG|Centify
11:39:23.153 (1178113554)|ENTERING_MANAGED_PKG|Centify
11:39:23.153 (1178268510)|ENTERING_MANAGED_PKG|Centify
11:39:23.153 (1178380708)|ENTERING_MANAGED_PKG|Centify
11:39:23.153 (1178490217)|ENTERING_MANAGED_PKG|Centify
11:39:23.153 (1178625701)|ENTERING_MANAGED_PKG|Centify
11:39:23.153 (1178803081)|ENTERING_MANAGED_PKG|Centify
11:39:23.153 (1178991314)|ENTERING_MANAGED_PKG|Centify
11:39:23.153 (1179049174)|ENTERING_MANAGED_PKG|Centify
11:39:23.153 (1179100696)|ENTERING_MANAGED_PKG|Centify
11:39:23.153 (1179138174)|ENTERING_MANAGED_PKG|Centify
11:39:23.153 (1179304003)|ENTERING_MANAGED_PKG|Centify
11:39:23.153 (1179329315)|ENTERING_MANAGED_PKG|Centify
11:39:23.153 (1182237141)|ENTERING_MANAGED_PKG|Centify
11:39:23.153 (1182290973)|ENTERING_MANAGED_PKG|Centify
11:39:23.153 (1182332069)|ENTERING_MANAGED_PKG|Centify
11:39:23.153 (1182439481)|ENTERING_MANAGED_PKG|Centify
11:39:23.153 (1182482259)|ENTERING_MANAGED_PKG|Centify
11:39:23.153 (1182590558)|ENTERING_MANAGED_PKG|Centify
11:39:23.153 (1182627955)|ENTERING_MANAGED_PKG|Centify
11:39:23.153 (1193044469)|ENTERING_MANAGED_PKG|Centify
11:39:23.153 (1193356938)|ENTERING_MANAGED_PKG|Centify
11:39:23.153 (1193984042)|ENTERING_MANAGED_PKG|Centify
11:39:23.153 (1194587231)|ENTERING_MANAGED_PKG|Centify
11:39:23.153 (1194653787)|ENTERING_MANAGED_PKG|Centify
11:39:23.153 (1194788189)|ENTERING_MANAGED_PKG|Centify
11:39:23.153 (1194857999)|ENTERING_MANAGED_PKG|Centify
11:39:23.153 (1195009033)|ENTERING_MANAGED_PKG|Centify
11:39:23.153 (1195221015)|ENTERING_MANAGED_PKG|Centify
11:39:23.153 (1195406818)|ENTERING_MANAGED_PKG|Centify
11:39:23.153 (1195586359)|ENTERING_MANAGED_PKG|Centify
11:39:23.153 (1195773335)|ENTERING_MANAGED_PKG|Centify
11:39:23.153 (1195999329)|ENTERING_MANAGED_PKG|Centify
11:39:23.153 (1196180044)|ENTERING_MANAGED_PKG|Centify
11:39:23.153 (1196363003)|ENTERING_MANAGED_PKG|Centify
11:39:23.153 (1196542747)|ENTERING_MANAGED_PKG|Centify
11:39:23.153 (1196722028)|ENTERING_MANAGED_PKG|Centify
11:39:23.153 (1196890634)|ENTERING_MANAGED_PKG|Centify
11:39:23.153 (1197054869)|ENTERING_MANAGED_PKG|Centify
11:39:23.153 (1197240768)|ENTERING_MANAGED_PKG|Centify
11:39:23.153 (1197420453)|ENTERING_MANAGED_PKG|Centify
11:39:23.153 (1197597047)|ENTERING_MANAGED_PKG|Centify
11:39:23.153 (1197772994)|ENTERING_MANAGED_PKG|Centify
11:39:23.153 (1197960627)|ENTERING_MANAGED_PKG|Centify
11:39:23.153 (1198138859)|ENTERING_MANAGED_PKG|Centify
11:39:23.153 (1198321442)|ENTERING_MANAGED_PKG|Centify
11:39:23.153 (1198544359)|ENTERING_MANAGED_PKG|Centify
11:39:23.153 (1198761856)|ENTERING_MANAGED_PKG|Centify
11:39:23.153 (1198942204)|ENTERING_MANAGED_PKG|Centify
11:39:23.153 (1198999473)|ENTERING_MANAGED_PKG|Centify
11:39:23.153 (1199084898)|ENTERING_MANAGED_PKG|Centify
11:39:23.153 (1199124541)|ENTERING_MANAGED_PKG|Centify
11:39:23.153 (1199195617)|ENTERING_MANAGED_PKG|Centify
11:39:23.153 (1199261031)|ENTERING_MANAGED_PKG|Centify
11:39:23.153 (1201231430)|ENTERING_MANAGED_PKG|Centify
11:39:23.153 (1201277196)|ENTERING_MANAGED_PKG|Centify
11:39:23.153 (1201314686)|ENTERING_MANAGED_PKG|Centify
11:39:23.153 (1201413372)|ENTERING_MANAGED_PKG|Centify
11:39:23.153 (1201512839)|ENTERING_MANAGED_PKG|Centify
11:39:23.153 (1201648324)|ENTERING_MANAGED_PKG|Centify
11:39:23.153 (1201762364)|ENTERING_MANAGED_PKG|Centify
11:39:23.153 (1201804499)|ENTERING_MANAGED_PKG|Centify
11:39:23.153 (1211242364)|ENTERING_MANAGED_PKG|Centify
11:39:23.153 (1211499233)|ENTERING_MANAGED_PKG|Centify
11:39:23.153 (1212029838)|ENTERING_MANAGED_PKG|Centify
11:39:23.153 (1212649312)|ENTERING_MANAGED_PKG|Centify
11:39:23.153 (1212695551)|ENTERING_MANAGED_PKG|Centify
11:39:23.153 (1212791698)|ENTERING_MANAGED_PKG|Centify
11:39:23.153 (1212832272)|ENTERING_MANAGED_PKG|Centify
11:39:23.153 (1212936653)|ENTERING_MANAGED_PKG|Centify
11:39:23.153 (1213066084)|ENTERING_MANAGED_PKG|Centify
11:39:23.153 (1213177374)|ENTERING_MANAGED_PKG|Centify
11:39:23.153 (1213287091)|ENTERING_MANAGED_PKG|Centify
11:39:23.153 (1213394212)|ENTERING_MANAGED_PKG|Centify
11:39:23.153 (1213502862)|ENTERING_MANAGED_PKG|Centify
11:39:23.153 (1213610153)|ENTERING_MANAGED_PKG|Centify
11:39:23.153 (1213719931)|ENTERING_MANAGED_PKG|Centify
11:39:23.153 (1213833466)|ENTERING_MANAGED_PKG|Centify
11:39:23.153 (1213941213)|ENTERING_MANAGED_PKG|Centify
11:39:23.153 (1214050523)|ENTERING_MANAGED_PKG|Centify
11:39:23.153 (1214160628)|ENTERING_MANAGED_PKG|Centify
11:39:23.153 (1214266346)|ENTERING_MANAGED_PKG|Centify
11:39:23.153 (1214372365)|ENTERING_MANAGED_PKG|Centify
11:39:23.153 (1214479151)|ENTERING_MANAGED_PKG|Centify
11:39:23.153 (1214585270)|ENTERING_MANAGED_PKG|Centify
11:39:23.153 (1214685537)|ENTERING_MANAGED_PKG|Centify
11:39:23.153 (1214800488)|ENTERING_MANAGED_PKG|Centify
11:39:23.153 (1214911402)|ENTERING_MANAGED_PKG|Centify
11:39:23.153 (1215018268)|ENTERING_MANAGED_PKG|Centify
11:39:23.153 (1215125141)|ENTERING_MANAGED_PKG|Centify
11:39:23.153 (1215230451)|ENTERING_MANAGED_PKG|Centify
11:39:23.153 (1215336374)|ENTERING_MANAGED_PKG|Centify
11:39:23.153 (1215440700)|ENTERING_MANAGED_PKG|Centify
11:39:23.153 (1215546536)|ENTERING_MANAGED_PKG|Centify
11:39:23.153 (1215651747)|ENTERING_MANAGED_PKG|Centify
11:39:23.153 (1215760071)|ENTERING_MANAGED_PKG|Centify
11:39:23.153 (1215867181)|ENTERING_MANAGED_PKG|Centify
11:39:23.153 (1215972668)|ENTERING_MANAGED_PKG|Centify
11:39:23.153 (1216076596)|ENTERING_MANAGED_PKG|Centify
11:39:23.153 (1216182880)|ENTERING_MANAGED_PKG|Centify
11:39:23.153 (1216289829)|ENTERING_MANAGED_PKG|Centify
11:39:23.153 (1216400180)|ENTERING_MANAGED_PKG|Centify
11:39:23.153 (1216511873)|ENTERING_MANAGED_PKG|Centify
11:39:23.153 (1216548508)|ENTERING_MANAGED_PKG|Centify
11:39:23.153 (1216582186)|ENTERING_MANAGED_PKG|Centify
11:39:23.153 (1216604606)|ENTERING_MANAGED_PKG|Centify
11:39:23.153 (1216651188)|ENTERING_MANAGED_PKG|Centify
11:39:23.153 (1216697713)|ENTERING_MANAGED_PKG|Centify
11:39:23.153 (1218182540)|ENTERING_MANAGED_PKG|Centify
11:39:23.153 (1218214283)|ENTERING_MANAGED_PKG|Centify
11:39:23.153 (1218237479)|ENTERING_MANAGED_PKG|Centify
11:39:23.153 (1218285749)|ENTERING_MANAGED_PKG|Centify
11:39:23.153 (1218407339)|ENTERING_MANAGED_PKG|Centify
11:39:23.153 (1218471288)|ENTERING_MANAGED_PKG|Centify
11:39:23.153 (1232715606)|ENTERING_MANAGED_PKG|Centify
11:39:23.153 (1232767888)|ENTERING_MANAGED_PKG|Centify
11:39:23.153 (1247405953)|ENTERING_MANAGED_PKG|Centify
11:39:23.153 (1247451907)|ENTERING_MANAGED_PKG|Centify
11:39:23.153 (1247528144)|ENTERING_MANAGED_PKG|Centify
11:39:23.153 (1247555225)|ENTERING_MANAGED_PKG|Centify
11:39:23.153 (1254291461)|ENTERING_MANAGED_PKG|Centify
11:39:23.153 (1254534091)|ENTERING_MANAGED_PKG|Centify
11:39:23.153 (1254938627)|ENTERING_MANAGED_PKG|Centify
11:39:23.153 (1255797059)|ENTERING_MANAGED_PKG|Centify
11:39:23.153 (1255852784)|ENTERING_MANAGED_PKG|Centify
11:39:23.153 (1255957567)|ENTERING_MANAGED_PKG|Centify
11:39:23.153 (1255999084)|ENTERING_MANAGED_PKG|Centify
11:39:23.153 (1256103731)|ENTERING_MANAGED_PKG|Centify
11:39:23.153 (1256239809)|ENTERING_MANAGED_PKG|Centify
11:39:23.153 (1256353448)|ENTERING_MANAGED_PKG|Centify
11:39:23.153 (1256468513)|ENTERING_MANAGED_PKG|Centify
11:39:23.153 (1256600879)|ENTERING_MANAGED_PKG|Centify
11:39:23.153 (1256709427)|ENTERING_MANAGED_PKG|Centify
11:39:23.153 (1256824987)|ENTERING_MANAGED_PKG|Centify
11:39:23.153 (1256931787)|ENTERING_MANAGED_PKG|Centify
11:39:23.153 (1257037896)|ENTERING_MANAGED_PKG|Centify
11:39:23.153 (1257147403)|ENTERING_MANAGED_PKG|Centify
11:39:23.153 (1257254400)|ENTERING_MANAGED_PKG|Centify
11:39:23.153 (1257351474)|ENTERING_MANAGED_PKG|Centify
11:39:23.153 (1257461000)|ENTERING_MANAGED_PKG|Centify
11:39:23.153 (1257573569)|ENTERING_MANAGED_PKG|Centify
11:39:23.153 (1257703214)|ENTERING_MANAGED_PKG|Centify
11:39:23.153 (1257848721)|ENTERING_MANAGED_PKG|Centify
11:39:23.153 (1257963547)|ENTERING_MANAGED_PKG|Centify
11:39:23.153 (1258071527)|ENTERING_MANAGED_PKG|Centify
11:39:23.153 (1258179024)|ENTERING_MANAGED_PKG|Centify
11:39:23.153 (1258284195)|ENTERING_MANAGED_PKG|Centify
11:39:23.153 (1258389237)|ENTERING_MANAGED_PKG|Centify
11:39:23.153 (1258494955)|ENTERING_MANAGED_PKG|Centify
11:39:23.153 (1258599870)|ENTERING_MANAGED_PKG|Centify
11:39:23.153 (1258708127)|ENTERING_MANAGED_PKG|Centify
11:39:23.153 (1258744019)|ENTERING_MANAGED_PKG|Centify
11:39:23.153 (1258781283)|ENTERING_MANAGED_PKG|Centify
11:39:23.153 (1258803290)|ENTERING_MANAGED_PKG|Centify
11:39:23.153 (1258849655)|ENTERING_MANAGED_PKG|Centify
11:39:23.153 (1258888353)|ENTERING_MANAGED_PKG|Centify
11:39:23.153 (1260046863)|ENTERING_MANAGED_PKG|Centify
11:39:23.153 (1260075048)|ENTERING_MANAGED_PKG|Centify
11:39:23.153 (1260096835)|ENTERING_MANAGED_PKG|Centify
11:39:23.153 (1260161087)|ENTERING_MANAGED_PKG|Centify
11:39:23.153 (1260216601)|ENTERING_MANAGED_PKG|Centify
11:39:23.153 (1260269068)|ENTERING_MANAGED_PKG|Centify
11:39:23.153 (1260500956)|ENTERING_MANAGED_PKG|Centify
11:39:23.153 (1260740158)|ENTERING_MANAGED_PKG|Centify
11:39:23.153 (1260790066)|ENTERING_MANAGED_PKG|Centify
11:39:23.153 (1260907210)|ENTERING_MANAGED_PKG|Centify
11:39:23.153 (1320061229)|ENTERING_MANAGED_PKG|Centify
11:39:23.153 (1320150322)|ENTERING_MANAGED_PKG|Centify
11:39:23.153 (1320244425)|ENTERING_MANAGED_PKG|Centify
11:39:23.153 (1356457909)|ENTERING_MANAGED_PKG|Centify
11:39:23.153 (1356553596)|ENTERING_MANAGED_PKG|Centify
11:39:23.153 (1356651209)|ENTERING_MANAGED_PKG|Centify
11:39:23.153 (1385147808)|ENTERING_MANAGED_PKG|Centify
11:39:23.153 (1385266640)|ENTERING_MANAGED_PKG|Centify
11:39:23.153 (1385398725)|ENTERING_MANAGED_PKG|Centify
11:39:23.153 (1415783943)|ENTERING_MANAGED_PKG|Centify
11:39:23.153 (1415886906)|ENTERING_MANAGED_PKG|Centify
11:39:23.153 (1415984741)|ENTERING_MANAGED_PKG|Centify
11:39:23.153 (1449075576)|ENTERING_MANAGED_PKG|Centify
11:39:23.153 (1449204943)|ENTERING_MANAGED_PKG|Centify
11:39:23.153 (1449322837)|ENTERING_MANAGED_PKG|Centify
11:39:23.153 (1488058974)|ENTERING_MANAGED_PKG|Centify
11:39:23.153 (1488173814)|ENTERING_MANAGED_PKG|Centify
11:39:23.153 (1488288944)|ENTERING_MANAGED_PKG|Centify
11:39:23.153 (1522765842)|ENTERING_MANAGED_PKG|Centify
11:39:23.153 (1522876156)|ENTERING_MANAGED_PKG|Centify
11:39:23.153 (1522979157)|ENTERING_MANAGED_PKG|Centify
11:39:23.153 (1565141164)|ENTERING_MANAGED_PKG|Centify
11:39:23.153 (1565265435)|ENTERING_MANAGED_PKG|Centify
11:39:23.153 (1565311724)|ENTERING_MANAGED_PKG|Centify
11:39:23.153 (1565342464)|ENTERING_MANAGED_PKG|Centify
11:39:23.153 (1565388644)|ENTERING_MANAGED_PKG|Centify
11:39:23.153 (1565503799)|ENTERING_MANAGED_PKG|Centify
11:39:23.153 (1566104223)|SOQL_EXECUTE_BEGIN|[28]|Aggregations:0|SELECT Id FROM ApexClass WHERE Name = :tmpVar1
11:39:23.153 (1571750145)|SOQL_EXECUTE_END|[28]|Rows:1
11:39:23.153 (1572139836)|SOQL_EXECUTE_BEGIN|[49]|Aggregations:0|SELECT COUNT() FROM AsyncApexJob WHERE (ApexClassId = :tmpVar1 AND Status IN ('Queued', 'Holding', 'Preparing', 'Processing'))
11:39:23.153 (1576295273)|SOQL_EXECUTE_END|[49]|Rows:0
11:39:23.153 (1576390429)|ENTERING_MANAGED_PKG|Centify
11:39:23.153 (1576629323)|ENTERING_MANAGED_PKG|Centify
11:39:23.153 (1576677449)|ENTERING_MANAGED_PKG|Centify
11:39:23.153 (1576779804)|ENTERING_MANAGED_PKG|Centify
11:39:23.153 (1596077053)|ENTERING_MANAGED_PKG|Centify
11:39:23.153 (1599087455)|ENTERING_MANAGED_PKG|Centify
11:39:23.153 (1599211033)|ENTERING_MANAGED_PKG|Centify
11:39:23.153 (1599357176)|ENTERING_MANAGED_PKG|Centify
11:39:23.153 (1602449009)|ENTERING_MANAGED_PKG|Centify
11:39:23.153 (1602490085)|ENTERING_MANAGED_PKG|Centify
11:39:23.153 (1602557933)|ENTERING_MANAGED_PKG|Centify
11:39:23.153 (1603138915)|ENTERING_MANAGED_PKG|Centify
11:39:23.153 (1605030604)|SOQL_EXECUTE_BEGIN|[16]|Aggregations:0|SELECT Id, CronExpression, CronJobDetail.Name FROM CronTrigger WHERE CronJobDetail.Name LIKE '%Spinify%'
11:39:23.153 (1610001675)|SOQL_EXECUTE_END|[16]|Rows:10
11:39:23.153 (1610345039)|ENTERING_MANAGED_PKG|Centify
11:39:23.153 (1610458150)|ENTERING_MANAGED_PKG|Centify
11:39:23.153 (1610513992)|ENTERING_MANAGED_PKG|Centify
11:39:23.153 (1610789366)|ENTERING_MANAGED_PKG|Centify
11:39:23.153 (1610896123)|ENTERING_MANAGED_PKG|Centify
11:39:23.153 (1610981249)|ENTERING_MANAGED_PKG|Centify
11:39:23.153 (1611069951)|ENTERING_MANAGED_PKG|Centify
11:39:23.153 (1611907204)|ENTERING_MANAGED_PKG|Centify
11:39:23.697 (1697146664)|CUMULATIVE_LIMIT_USAGE
11:39:23.697 (1697146664)|LIMIT_USAGE_FOR_NS|(default)|
  Number of SOQL queries: 0 out of 100
  Number of query rows: 0 out of 50000
  Number of SOSL queries: 0 out of 20
  Number of DML statements: 0 out of 150
  Number of DML rows: 0 out of 10000
  Maximum CPU time: 526 out of 10000
  Maximum heap size: 0 out of 6000000
  Number of callouts: 0 out of 100
  Number of Email Invocations: 0 out of 10
  Number of future calls: 0 out of 50
  Number of queueable jobs added to the queue: 0 out of 50
  Number of Mobile Apex push calls: 0 out of 10

11:39:23.697 (1697146664)|LIMIT_USAGE_FOR_NS|Centify|
  Number of SOQL queries: 5 out of 100
  Number of query rows: 14 out of 50000
  Number of SOSL queries: 0 out of 20
  Number of DML statements: 1 out of 150
  Number of DML rows: 1 out of 10000
  Maximum CPU time: 0 out of 10000
  Maximum heap size: 0 out of 6000000
  Number of callouts: 0 out of 100
  Number of Email Invocations: 0 out of 10
  Number of future calls: 0 out of 50
  Number of queueable jobs added to the queue: 0 out of 50
  Number of Mobile Apex push calls: 0 out of 10

11:39:23.697 (1697146664)|CUMULATIVE_LIMIT_USAGE_END

