37.0 APEX_CODE,FINEST;APEX_PROFILING,INFO;CALLOUT,INFO;DB,INFO;NBA,INFO;SYSTEM,DEBUG;VALIDATION,INFO;VISUALFORCE,INFO;WAVE,INFO;WORKFLOW,INFO
17:20:06.15 (15519836)|ENTERING_MANAGED_PKG|Centify
17:20:06.15 (16570325)|ENTERING_MANAGED_PKG|Centify
17:20:06.15 (16617691)|ENTERING_MANAGED_PKG|Centify
17:20:06.15 (17001798)|ENTERING_MANAGED_PKG|Centify
17:20:06.15 (17058145)|ENTERING_MANAGED_PKG|Centify
17:20:06.15 (17840660)|ENTERING_MANAGED_PKG|Centify
17:20:06.15 (17933649)|ENTERING_MANAGED_PKG|Centify
17:20:06.15 (20299994)|ENTERING_MANAGED_PKG|Centify
17:20:06.15 (20858736)|ENTERING_MANAGED_PKG|Centify
17:20:06.15 (20992540)|ENTERING_MANAGED_PKG|Centify
17:20:06.15 (21048377)|ENTERING_MANAGED_PKG|Centify
17:20:06.15 (21183425)|ENTERING_MANAGED_PKG|Centify
17:20:06.15 (21239204)|ENTERING_MANAGED_PKG|Centify
17:20:06.15 (21391420)|ENTERING_MANAGED_PKG|Centify
17:20:06.15 (23238987)|ENTERING_MANAGED_PKG|Centify
17:20:06.15 (23284680)|ENTERING_MANAGED_PKG|Centify
17:20:06.15 (23382263)|ENTERING_MANAGED_PKG|Centify
17:20:06.15 (24264596)|ENTERING_MANAGED_PKG|Centify
17:20:06.15 (25672246)|ENTERING_MANAGED_PKG|Centify
17:20:06.15 (25716539)|ENTERING_MANAGED_PKG|Centify
17:20:06.15 (25779564)|ENTERING_MANAGED_PKG|Centify
17:20:06.15 (26386941)|ENTERING_MANAGED_PKG|Centify
17:20:06.15 (26419104)|ENTERING_MANAGED_PKG|Centify
17:20:06.15 (26479874)|ENTERING_MANAGED_PKG|Centify
17:20:06.15 (27160042)|ENTERING_MANAGED_PKG|Centify
17:20:06.15 (28299875)|ENTERING_MANAGED_PKG|Centify
17:20:06.15 (30626528)|ENTERING_MANAGED_PKG|Centify
17:20:06.15 (30752197)|ENTERING_MANAGED_PKG|Centify
17:20:06.15 (30891134)|ENTERING_MANAGED_PKG|Centify
17:20:06.15 (30924581)|ENTERING_MANAGED_PKG|Centify
17:20:06.15 (30973849)|ENTERING_MANAGED_PKG|Centify
17:20:06.15 (31035972)|ENTERING_MANAGED_PKG|Centify
17:20:06.15 (31196880)|ENTERING_MANAGED_PKG|Centify
17:20:06.15 (33514482)|SOQL_EXECUTE_BEGIN|[28]|Aggregations:0|SELECT Id FROM ApexClass WHERE Name = :tmpVar1
17:20:06.15 (45486994)|SOQL_EXECUTE_END|[28]|Rows:1
17:20:06.15 (46237696)|SOQL_EXECUTE_BEGIN|[49]|Aggregations:0|SELECT COUNT() FROM AsyncApexJob WHERE (ApexClassId = :tmpVar1 AND Status IN ('Queued', 'Holding', 'Preparing', 'Processing'))
17:20:06.15 (50760312)|SOQL_EXECUTE_END|[49]|Rows:0
17:20:06.15 (50884712)|ENTERING_MANAGED_PKG|Centify
17:20:06.15 (59804965)|ENTERING_MANAGED_PKG|Centify
17:20:06.15 (61842761)|ENTERING_MANAGED_PKG|Centify
17:20:06.15 (62517773)|ENTERING_MANAGED_PKG|Centify
17:20:06.15 (62683754)|ENTERING_MANAGED_PKG|Centify
17:20:06.15 (62739535)|ENTERING_MANAGED_PKG|Centify
17:20:06.15 (88809403)|ENTERING_MANAGED_PKG|Centify
17:20:06.15 (89040211)|ENTERING_MANAGED_PKG|Centify
17:20:06.15 (96787387)|ENTERING_MANAGED_PKG|Centify
17:20:06.15 (99147704)|ENTERING_MANAGED_PKG|Centify
17:20:06.15 (100562313)|ENTERING_MANAGED_PKG|Centify
17:20:06.15 (102653064)|ENTERING_MANAGED_PKG|Centify
17:20:06.15 (102788281)|ENTERING_MANAGED_PKG|Centify
17:20:06.15 (104943387)|ENTERING_MANAGED_PKG|Centify
17:20:06.15 (105156066)|ENTERING_MANAGED_PKG|Centify
17:20:06.15 (105238457)|ENTERING_MANAGED_PKG|Centify
17:20:06.15 (105552767)|ENTERING_MANAGED_PKG|Centify
17:20:06.15 (105835296)|ENTERING_MANAGED_PKG|Centify
17:20:06.15 (106021044)|ENTERING_MANAGED_PKG|Centify
17:20:06.15 (106167856)|ENTERING_MANAGED_PKG|Centify
17:20:06.15 (106303219)|ENTERING_MANAGED_PKG|Centify
17:20:06.15 (106436387)|ENTERING_MANAGED_PKG|Centify
17:20:06.15 (106566812)|ENTERING_MANAGED_PKG|Centify
17:20:06.15 (106702970)|ENTERING_MANAGED_PKG|Centify
17:20:06.15 (106834002)|ENTERING_MANAGED_PKG|Centify
17:20:06.15 (106964291)|ENTERING_MANAGED_PKG|Centify
17:20:06.15 (107096152)|ENTERING_MANAGED_PKG|Centify
17:20:06.15 (107228088)|ENTERING_MANAGED_PKG|Centify
17:20:06.15 (107361261)|ENTERING_MANAGED_PKG|Centify
17:20:06.15 (107495221)|ENTERING_MANAGED_PKG|Centify
17:20:06.15 (107634397)|ENTERING_MANAGED_PKG|Centify
17:20:06.15 (107910647)|ENTERING_MANAGED_PKG|Centify
17:20:06.15 (108065105)|ENTERING_MANAGED_PKG|Centify
17:20:06.15 (108201096)|ENTERING_MANAGED_PKG|Centify
17:20:06.15 (108328890)|ENTERING_MANAGED_PKG|Centify
17:20:06.15 (108460238)|ENTERING_MANAGED_PKG|Centify
17:20:06.15 (108587813)|ENTERING_MANAGED_PKG|Centify
17:20:06.15 (108725144)|ENTERING_MANAGED_PKG|Centify
17:20:06.15 (108854561)|ENTERING_MANAGED_PKG|Centify
17:20:06.15 (108983771)|ENTERING_MANAGED_PKG|Centify
17:20:06.15 (109110945)|ENTERING_MANAGED_PKG|Centify
17:20:06.15 (109240432)|ENTERING_MANAGED_PKG|Centify
17:20:06.15 (109403118)|ENTERING_MANAGED_PKG|Centify
17:20:06.15 (109580810)|ENTERING_MANAGED_PKG|Centify
17:20:06.15 (109725153)|ENTERING_MANAGED_PKG|Centify
17:20:06.15 (109876905)|ENTERING_MANAGED_PKG|Centify
17:20:06.15 (109964946)|ENTERING_MANAGED_PKG|Centify
17:20:06.15 (110031380)|ENTERING_MANAGED_PKG|Centify
17:20:06.15 (110080470)|ENTERING_MANAGED_PKG|Centify
17:20:06.15 (110222642)|ENTERING_MANAGED_PKG|Centify
17:20:06.15 (110293152)|ENTERING_MANAGED_PKG|Centify
17:20:06.15 (112273406)|ENTERING_MANAGED_PKG|Centify
17:20:06.15 (112323209)|ENTERING_MANAGED_PKG|Centify
17:20:06.15 (112389168)|ENTERING_MANAGED_PKG|Centify
17:20:06.15 (112484632)|ENTERING_MANAGED_PKG|Centify
17:20:06.15 (112703251)|ENTERING_MANAGED_PKG|Centify
17:20:06.15 (112863719)|ENTERING_MANAGED_PKG|Centify
17:20:06.15 (200274456)|ENTERING_MANAGED_PKG|Centify
17:20:06.15 (200361219)|ENTERING_MANAGED_PKG|Centify
17:20:06.15 (219507630)|ENTERING_MANAGED_PKG|Centify
17:20:06.15 (219591419)|ENTERING_MANAGED_PKG|Centify
17:20:06.15 (219754524)|ENTERING_MANAGED_PKG|Centify
17:20:06.15 (219817370)|ENTERING_MANAGED_PKG|Centify
17:20:06.15 (230293028)|ENTERING_MANAGED_PKG|Centify
17:20:06.15 (230586935)|ENTERING_MANAGED_PKG|Centify
17:20:06.15 (231318608)|ENTERING_MANAGED_PKG|Centify
17:20:06.15 (232456449)|ENTERING_MANAGED_PKG|Centify
17:20:06.15 (232517106)|ENTERING_MANAGED_PKG|Centify
17:20:06.15 (232644076)|ENTERING_MANAGED_PKG|Centify
17:20:06.15 (232721853)|ENTERING_MANAGED_PKG|Centify
17:20:06.15 (232868128)|ENTERING_MANAGED_PKG|Centify
17:20:06.15 (233062808)|ENTERING_MANAGED_PKG|Centify
17:20:06.15 (233240597)|ENTERING_MANAGED_PKG|Centify
17:20:06.15 (233376312)|ENTERING_MANAGED_PKG|Centify
17:20:06.15 (233556456)|ENTERING_MANAGED_PKG|Centify
17:20:06.15 (233756781)|ENTERING_MANAGED_PKG|Centify
17:20:06.15 (233947310)|ENTERING_MANAGED_PKG|Centify
17:20:06.15 (234158975)|ENTERING_MANAGED_PKG|Centify
17:20:06.15 (234340356)|ENTERING_MANAGED_PKG|Centify
17:20:06.15 (234514983)|ENTERING_MANAGED_PKG|Centify
17:20:06.15 (234705567)|ENTERING_MANAGED_PKG|Centify
17:20:06.15 (234957498)|ENTERING_MANAGED_PKG|Centify
17:20:06.15 (235114104)|ENTERING_MANAGED_PKG|Centify
17:20:06.15 (235249621)|ENTERING_MANAGED_PKG|Centify
17:20:06.15 (235384096)|ENTERING_MANAGED_PKG|Centify
17:20:06.15 (235543943)|ENTERING_MANAGED_PKG|Centify
17:20:06.15 (235706441)|ENTERING_MANAGED_PKG|Centify
17:20:06.15 (235881591)|ENTERING_MANAGED_PKG|Centify
17:20:06.15 (236160216)|ENTERING_MANAGED_PKG|Centify
17:20:06.15 (236386015)|ENTERING_MANAGED_PKG|Centify
17:20:06.15 (236599161)|ENTERING_MANAGED_PKG|Centify
17:20:06.15 (236821307)|ENTERING_MANAGED_PKG|Centify
17:20:06.15 (237034246)|ENTERING_MANAGED_PKG|Centify
17:20:06.15 (237217379)|ENTERING_MANAGED_PKG|Centify
17:20:06.15 (237397163)|ENTERING_MANAGED_PKG|Centify
17:20:06.15 (237582683)|ENTERING_MANAGED_PKG|Centify
17:20:06.15 (237802393)|ENTERING_MANAGED_PKG|Centify
17:20:06.15 (238013128)|ENTERING_MANAGED_PKG|Centify
17:20:06.15 (238228437)|ENTERING_MANAGED_PKG|Centify
17:20:06.15 (238465475)|ENTERING_MANAGED_PKG|Centify
17:20:06.15 (238691168)|ENTERING_MANAGED_PKG|Centify
17:20:06.15 (238935087)|ENTERING_MANAGED_PKG|Centify
17:20:06.15 (239150242)|ENTERING_MANAGED_PKG|Centify
17:20:06.15 (239362347)|ENTERING_MANAGED_PKG|Centify
17:20:06.15 (239574199)|ENTERING_MANAGED_PKG|Centify
17:20:06.15 (239784171)|ENTERING_MANAGED_PKG|Centify
17:20:06.15 (239965846)|ENTERING_MANAGED_PKG|Centify
17:20:06.15 (240156675)|ENTERING_MANAGED_PKG|Centify
17:20:06.15 (240341259)|ENTERING_MANAGED_PKG|Centify
17:20:06.15 (240527007)|ENTERING_MANAGED_PKG|Centify
17:20:06.15 (240717621)|ENTERING_MANAGED_PKG|Centify
17:20:06.15 (240898749)|ENTERING_MANAGED_PKG|Centify
17:20:06.15 (241076478)|ENTERING_MANAGED_PKG|Centify
17:20:06.15 (241269149)|ENTERING_MANAGED_PKG|Centify
17:20:06.15 (241447985)|ENTERING_MANAGED_PKG|Centify
17:20:06.15 (241628506)|ENTERING_MANAGED_PKG|Centify
17:20:06.15 (241899661)|ENTERING_MANAGED_PKG|Centify
17:20:06.15 (242086569)|ENTERING_MANAGED_PKG|Centify
17:20:06.15 (242292812)|ENTERING_MANAGED_PKG|Centify
17:20:06.15 (242493863)|ENTERING_MANAGED_PKG|Centify
17:20:06.15 (242688024)|ENTERING_MANAGED_PKG|Centify
17:20:06.15 (242906181)|ENTERING_MANAGED_PKG|Centify
17:20:06.15 (243138375)|ENTERING_MANAGED_PKG|Centify
17:20:06.15 (243353977)|ENTERING_MANAGED_PKG|Centify
17:20:06.15 (243821006)|ENTERING_MANAGED_PKG|Centify
17:20:06.15 (243895045)|ENTERING_MANAGED_PKG|Centify
17:20:06.15 (244067746)|ENTERING_MANAGED_PKG|Centify
17:20:06.15 (244146769)|ENTERING_MANAGED_PKG|Centify
17:20:06.15 (244242418)|ENTERING_MANAGED_PKG|Centify
17:20:06.15 (244310200)|ENTERING_MANAGED_PKG|Centify
17:20:06.15 (244348885)|ENTERING_MANAGED_PKG|Centify
17:20:06.15 (244853262)|ENTERING_MANAGED_PKG|Centify
17:20:06.15 (244902817)|ENTERING_MANAGED_PKG|Centify
17:20:06.15 (244931220)|ENTERING_MANAGED_PKG|Centify
17:20:06.15 (245091423)|ENTERING_MANAGED_PKG|Centify
17:20:06.15 (245339646)|ENTERING_MANAGED_PKG|Centify
17:20:06.15 (245375229)|ENTERING_MANAGED_PKG|Centify
17:20:06.15 (245412469)|ENTERING_MANAGED_PKG|Centify
17:20:06.15 (245431375)|ENTERING_MANAGED_PKG|Centify
17:20:06.15 (246042405)|ENTERING_MANAGED_PKG|Centify
17:20:06.15 (246081138)|ENTERING_MANAGED_PKG|Centify
17:20:06.15 (246100519)|ENTERING_MANAGED_PKG|Centify
17:20:06.15 (246222430)|ENTERING_MANAGED_PKG|Centify
17:20:06.15 (246427666)|ENTERING_MANAGED_PKG|Centify
17:20:06.15 (246463138)|ENTERING_MANAGED_PKG|Centify
17:20:06.15 (246499960)|ENTERING_MANAGED_PKG|Centify
17:20:06.15 (246536817)|ENTERING_MANAGED_PKG|Centify
17:20:06.15 (247285956)|ENTERING_MANAGED_PKG|Centify
17:20:06.15 (247326149)|ENTERING_MANAGED_PKG|Centify
17:20:06.15 (247346448)|ENTERING_MANAGED_PKG|Centify
17:20:06.15 (247467681)|ENTERING_MANAGED_PKG|Centify
17:20:06.15 (247683524)|ENTERING_MANAGED_PKG|Centify
17:20:06.15 (247722984)|ENTERING_MANAGED_PKG|Centify
17:20:06.15 (247760489)|ENTERING_MANAGED_PKG|Centify
17:20:06.15 (247779109)|ENTERING_MANAGED_PKG|Centify
17:20:06.15 (248652397)|ENTERING_MANAGED_PKG|Centify
17:20:06.15 (248697116)|ENTERING_MANAGED_PKG|Centify
17:20:06.15 (248716610)|ENTERING_MANAGED_PKG|Centify
17:20:06.15 (248837309)|ENTERING_MANAGED_PKG|Centify
17:20:06.15 (249046535)|ENTERING_MANAGED_PKG|Centify
17:20:06.15 (249082372)|ENTERING_MANAGED_PKG|Centify
17:20:06.15 (249119271)|ENTERING_MANAGED_PKG|Centify
17:20:06.15 (249138561)|ENTERING_MANAGED_PKG|Centify
17:20:06.15 (250180229)|ENTERING_MANAGED_PKG|Centify
17:20:06.15 (250218748)|ENTERING_MANAGED_PKG|Centify
17:20:06.15 (250241429)|ENTERING_MANAGED_PKG|Centify
17:20:06.15 (250364045)|ENTERING_MANAGED_PKG|Centify
17:20:06.15 (250578206)|ENTERING_MANAGED_PKG|Centify
17:20:06.15 (250779522)|ENTERING_MANAGED_PKG|Centify
17:20:06.15 (250962952)|ENTERING_MANAGED_PKG|Centify
17:20:06.15 (251190261)|ENTERING_MANAGED_PKG|Centify
17:20:06.15 (251232027)|ENTERING_MANAGED_PKG|Centify
17:20:06.15 (251287823)|ENTERING_MANAGED_PKG|Centify
17:20:06.15 (251308237)|ENTERING_MANAGED_PKG|Centify
17:20:06.15 (252548241)|ENTERING_MANAGED_PKG|Centify
17:20:06.15 (252590272)|ENTERING_MANAGED_PKG|Centify
17:20:06.15 (252609677)|ENTERING_MANAGED_PKG|Centify
17:20:06.15 (252742532)|ENTERING_MANAGED_PKG|Centify
17:20:06.15 (252956786)|ENTERING_MANAGED_PKG|Centify
17:20:06.15 (252992882)|ENTERING_MANAGED_PKG|Centify
17:20:06.15 (253029270)|ENTERING_MANAGED_PKG|Centify
17:20:06.15 (253050460)|ENTERING_MANAGED_PKG|Centify
17:20:06.15 (254586725)|ENTERING_MANAGED_PKG|Centify
17:20:06.15 (254637991)|ENTERING_MANAGED_PKG|Centify
17:20:06.15 (254662942)|ENTERING_MANAGED_PKG|Centify
17:20:06.15 (254812911)|ENTERING_MANAGED_PKG|Centify
17:20:06.15 (255026696)|ENTERING_MANAGED_PKG|Centify
17:20:06.15 (255056597)|ENTERING_MANAGED_PKG|Centify
17:20:06.15 (255086218)|ENTERING_MANAGED_PKG|Centify
17:20:06.15 (255099776)|ENTERING_MANAGED_PKG|Centify
17:20:06.15 (256234303)|ENTERING_MANAGED_PKG|Centify
17:20:06.15 (256267714)|ENTERING_MANAGED_PKG|Centify
17:20:06.15 (256282237)|ENTERING_MANAGED_PKG|Centify
17:20:06.15 (256409744)|ENTERING_MANAGED_PKG|Centify
17:20:06.15 (256625466)|ENTERING_MANAGED_PKG|Centify
17:20:06.15 (256653453)|ENTERING_MANAGED_PKG|Centify
17:20:06.15 (256686858)|ENTERING_MANAGED_PKG|Centify
17:20:06.15 (256701083)|ENTERING_MANAGED_PKG|Centify
17:20:06.15 (258632337)|ENTERING_MANAGED_PKG|Centify
17:20:06.15 (258715268)|ENTERING_MANAGED_PKG|Centify
17:20:06.15 (258750960)|ENTERING_MANAGED_PKG|Centify
17:20:06.15 (258923387)|ENTERING_MANAGED_PKG|Centify
17:20:06.15 (259273703)|ENTERING_MANAGED_PKG|Centify
17:20:06.15 (259330582)|ENTERING_MANAGED_PKG|Centify
17:20:06.15 (259400080)|ENTERING_MANAGED_PKG|Centify
17:20:06.15 (259428937)|ENTERING_MANAGED_PKG|Centify
17:20:06.15 (261096328)|ENTERING_MANAGED_PKG|Centify
17:20:06.15 (261150380)|ENTERING_MANAGED_PKG|Centify
17:20:06.15 (261170184)|ENTERING_MANAGED_PKG|Centify
17:20:06.15 (261295893)|ENTERING_MANAGED_PKG|Centify
17:20:06.15 (261511079)|ENTERING_MANAGED_PKG|Centify
17:20:06.15 (261543439)|ENTERING_MANAGED_PKG|Centify
17:20:06.15 (261573714)|ENTERING_MANAGED_PKG|Centify
17:20:06.15 (261587068)|ENTERING_MANAGED_PKG|Centify
17:20:06.15 (263610808)|ENTERING_MANAGED_PKG|Centify
17:20:06.15 (263652807)|ENTERING_MANAGED_PKG|Centify
17:20:06.15 (263676496)|ENTERING_MANAGED_PKG|Centify
17:20:06.15 (263871587)|ENTERING_MANAGED_PKG|Centify
17:20:06.15 (264178456)|ENTERING_MANAGED_PKG|Centify
17:20:06.15 (264213377)|ENTERING_MANAGED_PKG|Centify
17:20:06.15 (264246524)|ENTERING_MANAGED_PKG|Centify
17:20:06.15 (264260031)|ENTERING_MANAGED_PKG|Centify
17:20:06.15 (266848986)|ENTERING_MANAGED_PKG|Centify
17:20:06.15 (266891437)|ENTERING_MANAGED_PKG|Centify
17:20:06.15 (266907312)|ENTERING_MANAGED_PKG|Centify
17:20:06.15 (267017074)|ENTERING_MANAGED_PKG|Centify
17:20:06.15 (267188143)|ENTERING_MANAGED_PKG|Centify
17:20:06.15 (267216616)|ENTERING_MANAGED_PKG|Centify
17:20:06.15 (267247400)|ENTERING_MANAGED_PKG|Centify
17:20:06.15 (267260635)|ENTERING_MANAGED_PKG|Centify
17:20:06.15 (269052946)|ENTERING_MANAGED_PKG|Centify
17:20:06.15 (269088827)|ENTERING_MANAGED_PKG|Centify
17:20:06.15 (269102978)|ENTERING_MANAGED_PKG|Centify
17:20:06.15 (269209307)|ENTERING_MANAGED_PKG|Centify
17:20:06.15 (269370940)|ENTERING_MANAGED_PKG|Centify
17:20:06.15 (269397390)|ENTERING_MANAGED_PKG|Centify
17:20:06.15 (269424942)|ENTERING_MANAGED_PKG|Centify
17:20:06.15 (269438405)|ENTERING_MANAGED_PKG|Centify
17:20:06.15 (271321132)|ENTERING_MANAGED_PKG|Centify
17:20:06.15 (271357055)|ENTERING_MANAGED_PKG|Centify
17:20:06.15 (271372058)|ENTERING_MANAGED_PKG|Centify
17:20:06.15 (271474980)|ENTERING_MANAGED_PKG|Centify
17:20:06.15 (271636288)|ENTERING_MANAGED_PKG|Centify
17:20:06.15 (271662233)|ENTERING_MANAGED_PKG|Centify
17:20:06.15 (271695979)|ENTERING_MANAGED_PKG|Centify
17:20:06.15 (271709949)|ENTERING_MANAGED_PKG|Centify
17:20:06.15 (273634193)|ENTERING_MANAGED_PKG|Centify
17:20:06.15 (273673054)|ENTERING_MANAGED_PKG|Centify
17:20:06.15 (273688050)|ENTERING_MANAGED_PKG|Centify
17:20:06.15 (273806127)|ENTERING_MANAGED_PKG|Centify
17:20:06.15 (273853041)|ENTERING_MANAGED_PKG|Centify
17:20:06.15 (273890356)|ENTERING_MANAGED_PKG|Centify
17:20:06.15 (273916285)|ENTERING_MANAGED_PKG|Centify
17:20:06.15 (274243365)|ENTERING_MANAGED_PKG|Centify
17:20:06.15 (274283943)|ENTERING_MANAGED_PKG|Centify
17:20:06.15 (277728124)|ENTERING_MANAGED_PKG|Centify
17:20:06.15 (277805033)|ENTERING_MANAGED_PKG|Centify
17:20:06.15 (277856470)|ENTERING_MANAGED_PKG|Centify
17:20:06.15 (277936499)|ENTERING_MANAGED_PKG|Centify
17:20:06.15 (278142445)|ENTERING_MANAGED_PKG|Centify
17:20:06.15 (278320859)|ENTERING_MANAGED_PKG|Centify
17:20:06.15 (305382386)|ENTERING_MANAGED_PKG|Centify
17:20:06.15 (305429612)|ENTERING_MANAGED_PKG|Centify
17:20:06.15 (305514991)|ENTERING_MANAGED_PKG|Centify
17:20:06.15 (305545130)|ENTERING_MANAGED_PKG|Centify
17:20:06.15 (312861559)|ENTERING_MANAGED_PKG|Centify
17:20:06.15 (313119165)|ENTERING_MANAGED_PKG|Centify
17:20:06.15 (313983399)|ENTERING_MANAGED_PKG|Centify
17:20:06.15 (314756736)|ENTERING_MANAGED_PKG|Centify
17:20:06.15 (314806773)|ENTERING_MANAGED_PKG|Centify
17:20:06.15 (314904705)|ENTERING_MANAGED_PKG|Centify
17:20:06.15 (314947385)|ENTERING_MANAGED_PKG|Centify
17:20:06.15 (315060196)|ENTERING_MANAGED_PKG|Centify
17:20:06.15 (315221940)|ENTERING_MANAGED_PKG|Centify
17:20:06.15 (315355933)|ENTERING_MANAGED_PKG|Centify
17:20:06.15 (315484185)|ENTERING_MANAGED_PKG|Centify
17:20:06.15 (315616601)|ENTERING_MANAGED_PKG|Centify
17:20:06.15 (315865887)|ENTERING_MANAGED_PKG|Centify
17:20:06.15 (316058651)|ENTERING_MANAGED_PKG|Centify
17:20:06.15 (316228170)|ENTERING_MANAGED_PKG|Centify
17:20:06.15 (316388961)|ENTERING_MANAGED_PKG|Centify
17:20:06.15 (316564596)|ENTERING_MANAGED_PKG|Centify
17:20:06.15 (316706885)|ENTERING_MANAGED_PKG|Centify
17:20:06.15 (316836652)|ENTERING_MANAGED_PKG|Centify
17:20:06.15 (316965509)|ENTERING_MANAGED_PKG|Centify
17:20:06.15 (317095494)|ENTERING_MANAGED_PKG|Centify
17:20:06.15 (317210070)|ENTERING_MANAGED_PKG|Centify
17:20:06.15 (317341819)|ENTERING_MANAGED_PKG|Centify
17:20:06.15 (317481344)|ENTERING_MANAGED_PKG|Centify
17:20:06.15 (317613679)|ENTERING_MANAGED_PKG|Centify
17:20:06.15 (317745843)|ENTERING_MANAGED_PKG|Centify
17:20:06.15 (317870810)|ENTERING_MANAGED_PKG|Centify
17:20:06.15 (317996027)|ENTERING_MANAGED_PKG|Centify
17:20:06.15 (318121305)|ENTERING_MANAGED_PKG|Centify
17:20:06.15 (318319066)|ENTERING_MANAGED_PKG|Centify
17:20:06.15 (318473456)|ENTERING_MANAGED_PKG|Centify
17:20:06.15 (318605308)|ENTERING_MANAGED_PKG|Centify
17:20:06.15 (318736377)|ENTERING_MANAGED_PKG|Centify
17:20:06.15 (318862325)|ENTERING_MANAGED_PKG|Centify
17:20:06.15 (318988427)|ENTERING_MANAGED_PKG|Centify
17:20:06.15 (319115803)|ENTERING_MANAGED_PKG|Centify
17:20:06.15 (319239257)|ENTERING_MANAGED_PKG|Centify
17:20:06.15 (319307255)|ENTERING_MANAGED_PKG|Centify
17:20:06.15 (319367195)|ENTERING_MANAGED_PKG|Centify
17:20:06.15 (319403441)|ENTERING_MANAGED_PKG|Centify
17:20:06.15 (319473672)|ENTERING_MANAGED_PKG|Centify
17:20:06.15 (319535386)|ENTERING_MANAGED_PKG|Centify
17:20:06.15 (322087010)|ENTERING_MANAGED_PKG|Centify
17:20:06.15 (322131803)|ENTERING_MANAGED_PKG|Centify
17:20:06.15 (322163979)|ENTERING_MANAGED_PKG|Centify
17:20:06.15 (322226879)|ENTERING_MANAGED_PKG|Centify
17:20:06.15 (322387344)|ENTERING_MANAGED_PKG|Centify
17:20:06.15 (322479462)|ENTERING_MANAGED_PKG|Centify
17:20:06.15 (341834756)|ENTERING_MANAGED_PKG|Centify
17:20:06.15 (341889562)|ENTERING_MANAGED_PKG|Centify
17:20:06.15 (358718158)|ENTERING_MANAGED_PKG|Centify
17:20:06.15 (358843270)|ENTERING_MANAGED_PKG|Centify
17:20:06.15 (397815131)|ENTERING_MANAGED_PKG|Centify
17:20:06.15 (397896590)|ENTERING_MANAGED_PKG|Centify
17:20:06.15 (420433853)|ENTERING_MANAGED_PKG|Centify
17:20:06.15 (420654580)|ENTERING_MANAGED_PKG|Centify
17:20:06.15 (420777323)|ENTERING_MANAGED_PKG|Centify
17:20:06.15 (420885192)|ENTERING_MANAGED_PKG|Centify
17:20:06.15 (421043162)|ENTERING_MANAGED_PKG|Centify
17:20:06.15 (421141573)|ENTERING_MANAGED_PKG|Centify
17:20:06.15 (421241732)|ENTERING_MANAGED_PKG|Centify
17:20:06.15 (421329971)|ENTERING_MANAGED_PKG|Centify
17:20:06.15 (421568739)|ENTERING_MANAGED_PKG|Centify
17:20:06.15 (421797912)|ENTERING_MANAGED_PKG|Centify
17:20:06.15 (422006647)|ENTERING_MANAGED_PKG|Centify
17:20:06.15 (422074789)|ENTERING_MANAGED_PKG|Centify
17:20:06.15 (422211809)|ENTERING_MANAGED_PKG|Centify
17:20:06.15 (422265477)|ENTERING_MANAGED_PKG|Centify
17:20:06.15 (432180464)|ENTERING_MANAGED_PKG|Centify
17:20:06.15 (432630463)|ENTERING_MANAGED_PKG|Centify
17:20:06.15 (434013858)|ENTERING_MANAGED_PKG|Centify
17:20:06.15 (434943751)|ENTERING_MANAGED_PKG|Centify
17:20:06.15 (435007601)|ENTERING_MANAGED_PKG|Centify
17:20:06.15 (435163294)|ENTERING_MANAGED_PKG|Centify
17:20:06.15 (435227235)|ENTERING_MANAGED_PKG|Centify
17:20:06.15 (435439151)|ENTERING_MANAGED_PKG|Centify
17:20:06.15 (435677803)|ENTERING_MANAGED_PKG|Centify
17:20:06.15 (435929183)|ENTERING_MANAGED_PKG|Centify
17:20:06.15 (436187974)|ENTERING_MANAGED_PKG|Centify
17:20:06.15 (436432399)|ENTERING_MANAGED_PKG|Centify
17:20:06.15 (436679270)|ENTERING_MANAGED_PKG|Centify
17:20:06.15 (436923464)|ENTERING_MANAGED_PKG|Centify
17:20:06.15 (437159928)|ENTERING_MANAGED_PKG|Centify
17:20:06.15 (437403144)|ENTERING_MANAGED_PKG|Centify
17:20:06.15 (437651495)|ENTERING_MANAGED_PKG|Centify
17:20:06.15 (437895388)|ENTERING_MANAGED_PKG|Centify
17:20:06.15 (438134977)|ENTERING_MANAGED_PKG|Centify
17:20:06.15 (438379658)|ENTERING_MANAGED_PKG|Centify
17:20:06.15 (438629477)|ENTERING_MANAGED_PKG|Centify
17:20:06.15 (438877985)|ENTERING_MANAGED_PKG|Centify
17:20:06.15 (439105389)|ENTERING_MANAGED_PKG|Centify
17:20:06.15 (439356691)|ENTERING_MANAGED_PKG|Centify
17:20:06.15 (439619460)|ENTERING_MANAGED_PKG|Centify
17:20:06.15 (439907730)|ENTERING_MANAGED_PKG|Centify
17:20:06.15 (440163647)|ENTERING_MANAGED_PKG|Centify
17:20:06.15 (440317325)|ENTERING_MANAGED_PKG|Centify
17:20:06.15 (440450140)|ENTERING_MANAGED_PKG|Centify
17:20:06.15 (440580384)|ENTERING_MANAGED_PKG|Centify
17:20:06.15 (440720177)|ENTERING_MANAGED_PKG|Centify
17:20:06.15 (440853981)|ENTERING_MANAGED_PKG|Centify
17:20:06.15 (440982479)|ENTERING_MANAGED_PKG|Centify
17:20:06.15 (441175305)|ENTERING_MANAGED_PKG|Centify
17:20:06.15 (441317368)|ENTERING_MANAGED_PKG|Centify
17:20:06.15 (441515937)|ENTERING_MANAGED_PKG|Centify
17:20:06.15 (441665396)|ENTERING_MANAGED_PKG|Centify
17:20:06.15 (441841861)|ENTERING_MANAGED_PKG|Centify
17:20:06.15 (442071167)|ENTERING_MANAGED_PKG|Centify
17:20:06.15 (442126518)|ENTERING_MANAGED_PKG|Centify
17:20:06.15 (442165642)|ENTERING_MANAGED_PKG|Centify
17:20:06.15 (442193338)|ENTERING_MANAGED_PKG|Centify
17:20:06.15 (442269460)|ENTERING_MANAGED_PKG|Centify
17:20:06.15 (442325952)|ENTERING_MANAGED_PKG|Centify
17:20:06.15 (444842832)|ENTERING_MANAGED_PKG|Centify
17:20:06.15 (444905565)|ENTERING_MANAGED_PKG|Centify
17:20:06.15 (444943478)|ENTERING_MANAGED_PKG|Centify
17:20:06.15 (445019354)|ENTERING_MANAGED_PKG|Centify
17:20:06.15 (445223770)|ENTERING_MANAGED_PKG|Centify
17:20:06.15 (445330259)|ENTERING_MANAGED_PKG|Centify
17:20:06.15 (472807735)|ENTERING_MANAGED_PKG|Centify
17:20:06.15 (472899679)|ENTERING_MANAGED_PKG|Centify
17:20:06.15 (498025264)|ENTERING_MANAGED_PKG|Centify
17:20:06.15 (498167629)|ENTERING_MANAGED_PKG|Centify
17:20:06.15 (527182052)|ENTERING_MANAGED_PKG|Centify
17:20:06.15 (527257324)|ENTERING_MANAGED_PKG|Centify
17:20:06.15 (564773891)|ENTERING_MANAGED_PKG|Centify
17:20:06.15 (564992429)|ENTERING_MANAGED_PKG|Centify
17:20:06.15 (565167691)|ENTERING_MANAGED_PKG|Centify
17:20:06.15 (565336237)|ENTERING_MANAGED_PKG|Centify
17:20:06.15 (565512106)|ENTERING_MANAGED_PKG|Centify
17:20:06.15 (565698486)|ENTERING_MANAGED_PKG|Centify
17:20:06.15 (565834956)|ENTERING_MANAGED_PKG|Centify
17:20:06.15 (566080161)|ENTERING_MANAGED_PKG|Centify
17:20:06.15 (566446375)|ENTERING_MANAGED_PKG|Centify
17:20:06.15 (566703450)|ENTERING_MANAGED_PKG|Centify
17:20:06.15 (566981907)|ENTERING_MANAGED_PKG|Centify
17:20:06.15 (567055371)|ENTERING_MANAGED_PKG|Centify
17:20:06.15 (567215110)|ENTERING_MANAGED_PKG|Centify
17:20:06.15 (567270970)|ENTERING_MANAGED_PKG|Centify
17:20:06.15 (579292436)|ENTERING_MANAGED_PKG|Centify
17:20:06.15 (579684422)|ENTERING_MANAGED_PKG|Centify
17:20:06.15 (580634374)|ENTERING_MANAGED_PKG|Centify
17:20:06.15 (581798026)|ENTERING_MANAGED_PKG|Centify
17:20:06.15 (581883977)|ENTERING_MANAGED_PKG|Centify
17:20:06.15 (582086400)|ENTERING_MANAGED_PKG|Centify
17:20:06.15 (582168570)|ENTERING_MANAGED_PKG|Centify
17:20:06.15 (582388229)|ENTERING_MANAGED_PKG|Centify
17:20:06.15 (582710563)|ENTERING_MANAGED_PKG|Centify
17:20:06.15 (582882396)|ENTERING_MANAGED_PKG|Centify
17:20:06.15 (583023201)|ENTERING_MANAGED_PKG|Centify
17:20:06.15 (583250402)|ENTERING_MANAGED_PKG|Centify
17:20:06.15 (583467032)|ENTERING_MANAGED_PKG|Centify
17:20:06.15 (583635217)|ENTERING_MANAGED_PKG|Centify
17:20:06.15 (583793205)|ENTERING_MANAGED_PKG|Centify
17:20:06.15 (583974584)|ENTERING_MANAGED_PKG|Centify
17:20:06.15 (584148487)|ENTERING_MANAGED_PKG|Centify
17:20:06.15 (584303567)|ENTERING_MANAGED_PKG|Centify
17:20:06.15 (584541610)|ENTERING_MANAGED_PKG|Centify
17:20:06.15 (584834167)|ENTERING_MANAGED_PKG|Centify
17:20:06.15 (585041465)|ENTERING_MANAGED_PKG|Centify
17:20:06.15 (585202670)|ENTERING_MANAGED_PKG|Centify
17:20:06.15 (585359376)|ENTERING_MANAGED_PKG|Centify
17:20:06.15 (585505790)|ENTERING_MANAGED_PKG|Centify
17:20:06.15 (585673081)|ENTERING_MANAGED_PKG|Centify
17:20:06.15 (585929957)|ENTERING_MANAGED_PKG|Centify
17:20:06.15 (586177843)|ENTERING_MANAGED_PKG|Centify
17:20:06.15 (586435425)|ENTERING_MANAGED_PKG|Centify
17:20:06.15 (586695343)|ENTERING_MANAGED_PKG|Centify
17:20:06.15 (586964713)|ENTERING_MANAGED_PKG|Centify
17:20:06.15 (587259167)|ENTERING_MANAGED_PKG|Centify
17:20:06.15 (587537090)|ENTERING_MANAGED_PKG|Centify
17:20:06.15 (587764918)|ENTERING_MANAGED_PKG|Centify
17:20:06.15 (588154950)|ENTERING_MANAGED_PKG|Centify
17:20:06.15 (588434631)|ENTERING_MANAGED_PKG|Centify
17:20:06.15 (588697446)|ENTERING_MANAGED_PKG|Centify
17:20:06.15 (588967813)|ENTERING_MANAGED_PKG|Centify
17:20:06.15 (589237821)|ENTERING_MANAGED_PKG|Centify
17:20:06.15 (589481822)|ENTERING_MANAGED_PKG|Centify
17:20:06.15 (589762161)|ENTERING_MANAGED_PKG|Centify
17:20:06.15 (590072088)|ENTERING_MANAGED_PKG|Centify
17:20:06.15 (590367283)|ENTERING_MANAGED_PKG|Centify
17:20:06.15 (590699992)|ENTERING_MANAGED_PKG|Centify
17:20:06.15 (590927037)|ENTERING_MANAGED_PKG|Centify
17:20:06.15 (591125833)|ENTERING_MANAGED_PKG|Centify
17:20:06.15 (591328771)|ENTERING_MANAGED_PKG|Centify
17:20:06.15 (591593577)|ENTERING_MANAGED_PKG|Centify
17:20:06.15 (591820981)|ENTERING_MANAGED_PKG|Centify
17:20:06.15 (592062075)|ENTERING_MANAGED_PKG|Centify
17:20:06.15 (592312126)|ENTERING_MANAGED_PKG|Centify
17:20:06.15 (592438303)|ENTERING_MANAGED_PKG|Centify
17:20:06.15 (592513957)|ENTERING_MANAGED_PKG|Centify
17:20:06.15 (592557147)|ENTERING_MANAGED_PKG|Centify
17:20:06.15 (592609277)|ENTERING_MANAGED_PKG|Centify
17:20:06.15 (592640592)|ENTERING_MANAGED_PKG|Centify
17:20:06.15 (593143973)|ENTERING_MANAGED_PKG|Centify
17:20:06.15 (593191011)|ENTERING_MANAGED_PKG|Centify
17:20:06.15 (593212050)|ENTERING_MANAGED_PKG|Centify
17:20:06.15 (593349478)|ENTERING_MANAGED_PKG|Centify
17:20:06.15 (593558022)|ENTERING_MANAGED_PKG|Centify
17:20:06.15 (593594423)|ENTERING_MANAGED_PKG|Centify
17:20:06.15 (593636842)|ENTERING_MANAGED_PKG|Centify
17:20:06.15 (593657258)|ENTERING_MANAGED_PKG|Centify
17:20:06.15 (594204141)|ENTERING_MANAGED_PKG|Centify
17:20:06.15 (594242114)|ENTERING_MANAGED_PKG|Centify
17:20:06.15 (594260701)|ENTERING_MANAGED_PKG|Centify
17:20:06.15 (594376169)|ENTERING_MANAGED_PKG|Centify
17:20:06.15 (594611157)|ENTERING_MANAGED_PKG|Centify
17:20:06.15 (594686129)|ENTERING_MANAGED_PKG|Centify
17:20:06.15 (594731718)|ENTERING_MANAGED_PKG|Centify
17:20:06.15 (594751598)|ENTERING_MANAGED_PKG|Centify
17:20:06.15 (595668762)|ENTERING_MANAGED_PKG|Centify
17:20:06.15 (595712258)|ENTERING_MANAGED_PKG|Centify
17:20:06.15 (595731998)|ENTERING_MANAGED_PKG|Centify
17:20:06.15 (595865481)|ENTERING_MANAGED_PKG|Centify
17:20:06.15 (596080562)|ENTERING_MANAGED_PKG|Centify
17:20:06.15 (596116667)|ENTERING_MANAGED_PKG|Centify
17:20:06.15 (596153269)|ENTERING_MANAGED_PKG|Centify
17:20:06.15 (596172289)|ENTERING_MANAGED_PKG|Centify
17:20:06.15 (597246932)|ENTERING_MANAGED_PKG|Centify
17:20:06.15 (597291571)|ENTERING_MANAGED_PKG|Centify
17:20:06.15 (597312498)|ENTERING_MANAGED_PKG|Centify
17:20:06.15 (597459189)|ENTERING_MANAGED_PKG|Centify
17:20:06.15 (597717689)|ENTERING_MANAGED_PKG|Centify
17:20:06.15 (597756568)|ENTERING_MANAGED_PKG|Centify
17:20:06.15 (597795777)|ENTERING_MANAGED_PKG|Centify
17:20:06.15 (597815014)|ENTERING_MANAGED_PKG|Centify
17:20:06.15 (599055726)|ENTERING_MANAGED_PKG|Centify
17:20:06.15 (599105491)|ENTERING_MANAGED_PKG|Centify
17:20:06.15 (599129704)|ENTERING_MANAGED_PKG|Centify
17:20:06.15 (599294421)|ENTERING_MANAGED_PKG|Centify
17:20:06.15 (599526487)|ENTERING_MANAGED_PKG|Centify
17:20:06.15 (599564887)|ENTERING_MANAGED_PKG|Centify
17:20:06.15 (599606574)|ENTERING_MANAGED_PKG|Centify
17:20:06.15 (599631415)|ENTERING_MANAGED_PKG|Centify
17:20:06.15 (601148283)|ENTERING_MANAGED_PKG|Centify
17:20:06.15 (601193119)|ENTERING_MANAGED_PKG|Centify
17:20:06.15 (601214363)|ENTERING_MANAGED_PKG|Centify
17:20:06.15 (601356252)|ENTERING_MANAGED_PKG|Centify
17:20:06.15 (601580435)|ENTERING_MANAGED_PKG|Centify
17:20:06.15 (601812562)|ENTERING_MANAGED_PKG|Centify
17:20:06.15 (602048233)|ENTERING_MANAGED_PKG|Centify
17:20:06.15 (602278277)|ENTERING_MANAGED_PKG|Centify
17:20:06.15 (602497913)|ENTERING_MANAGED_PKG|Centify
17:20:06.15 (602713647)|ENTERING_MANAGED_PKG|Centify
17:20:06.15 (602911935)|ENTERING_MANAGED_PKG|Centify
17:20:06.15 (603101556)|ENTERING_MANAGED_PKG|Centify
17:20:06.15 (603285468)|ENTERING_MANAGED_PKG|Centify
17:20:06.15 (603469581)|ENTERING_MANAGED_PKG|Centify
17:20:06.15 (603662280)|ENTERING_MANAGED_PKG|Centify
17:20:06.15 (603841028)|ENTERING_MANAGED_PKG|Centify
17:20:06.15 (604073718)|ENTERING_MANAGED_PKG|Centify
17:20:06.15 (604284656)|ENTERING_MANAGED_PKG|Centify
17:20:06.15 (604359134)|ENTERING_MANAGED_PKG|Centify
17:20:06.15 (604425982)|ENTERING_MANAGED_PKG|Centify
17:20:06.15 (604487870)|ENTERING_MANAGED_PKG|Centify
17:20:06.15 (604742239)|ENTERING_MANAGED_PKG|Centify
17:20:06.15 (604785706)|ENTERING_MANAGED_PKG|Centify
17:20:06.15 (608178874)|ENTERING_MANAGED_PKG|Centify
17:20:06.15 (608239901)|ENTERING_MANAGED_PKG|Centify
17:20:06.15 (608281128)|ENTERING_MANAGED_PKG|Centify
17:20:06.15 (608419718)|ENTERING_MANAGED_PKG|Centify
17:20:06.15 (608473541)|ENTERING_MANAGED_PKG|Centify
17:20:06.15 (608608332)|ENTERING_MANAGED_PKG|Centify
17:20:06.15 (608711622)|ENTERING_MANAGED_PKG|Centify
17:20:06.15 (617629824)|ENTERING_MANAGED_PKG|Centify
17:20:06.15 (618009867)|ENTERING_MANAGED_PKG|Centify
17:20:06.15 (618548493)|ENTERING_MANAGED_PKG|Centify
17:20:06.15 (619172878)|ENTERING_MANAGED_PKG|Centify
17:20:06.15 (619225806)|ENTERING_MANAGED_PKG|Centify
17:20:06.15 (619329947)|ENTERING_MANAGED_PKG|Centify
17:20:06.15 (619376006)|ENTERING_MANAGED_PKG|Centify
17:20:06.15 (619496533)|ENTERING_MANAGED_PKG|Centify
17:20:06.15 (619672225)|ENTERING_MANAGED_PKG|Centify
17:20:06.15 (619886658)|ENTERING_MANAGED_PKG|Centify
17:20:06.15 (620064787)|ENTERING_MANAGED_PKG|Centify
17:20:06.15 (620200832)|ENTERING_MANAGED_PKG|Centify
17:20:06.15 (620411420)|ENTERING_MANAGED_PKG|Centify
17:20:06.15 (620558609)|ENTERING_MANAGED_PKG|Centify
17:20:06.15 (620706779)|ENTERING_MANAGED_PKG|Centify
17:20:06.15 (620838192)|ENTERING_MANAGED_PKG|Centify
17:20:06.15 (621008349)|ENTERING_MANAGED_PKG|Centify
17:20:06.15 (621200743)|ENTERING_MANAGED_PKG|Centify
17:20:06.15 (621396290)|ENTERING_MANAGED_PKG|Centify
17:20:06.15 (621613870)|ENTERING_MANAGED_PKG|Centify
17:20:06.15 (621833430)|ENTERING_MANAGED_PKG|Centify
17:20:06.15 (622035153)|ENTERING_MANAGED_PKG|Centify
17:20:06.15 (622235366)|ENTERING_MANAGED_PKG|Centify
17:20:06.15 (622436059)|ENTERING_MANAGED_PKG|Centify
17:20:06.15 (622625082)|ENTERING_MANAGED_PKG|Centify
17:20:06.15 (622785088)|ENTERING_MANAGED_PKG|Centify
17:20:06.15 (622914998)|ENTERING_MANAGED_PKG|Centify
17:20:06.15 (623040720)|ENTERING_MANAGED_PKG|Centify
17:20:06.15 (623170364)|ENTERING_MANAGED_PKG|Centify
17:20:06.15 (623215218)|ENTERING_MANAGED_PKG|Centify
17:20:06.15 (623260504)|ENTERING_MANAGED_PKG|Centify
17:20:06.15 (623291794)|ENTERING_MANAGED_PKG|Centify
17:20:06.15 (623352236)|ENTERING_MANAGED_PKG|Centify
17:20:06.15 (623399887)|ENTERING_MANAGED_PKG|Centify
17:20:06.15 (624869991)|ENTERING_MANAGED_PKG|Centify
17:20:06.15 (624908070)|ENTERING_MANAGED_PKG|Centify
17:20:06.15 (624934880)|ENTERING_MANAGED_PKG|Centify
17:20:06.15 (625017330)|ENTERING_MANAGED_PKG|Centify
17:20:06.15 (625104379)|ENTERING_MANAGED_PKG|Centify
17:20:06.15 (625231154)|ENTERING_MANAGED_PKG|Centify
17:20:06.15 (625324377)|ENTERING_MANAGED_PKG|Centify
17:20:06.15 (625353412)|ENTERING_MANAGED_PKG|Centify
17:20:06.15 (633861884)|ENTERING_MANAGED_PKG|Centify
17:20:06.15 (634172292)|ENTERING_MANAGED_PKG|Centify
17:20:06.15 (634883383)|ENTERING_MANAGED_PKG|Centify
17:20:06.15 (636517165)|ENTERING_MANAGED_PKG|Centify
17:20:06.15 (636612608)|ENTERING_MANAGED_PKG|Centify
17:20:06.15 (636797633)|ENTERING_MANAGED_PKG|Centify
17:20:06.15 (636870647)|ENTERING_MANAGED_PKG|Centify
17:20:06.15 (637107915)|ENTERING_MANAGED_PKG|Centify
17:20:06.15 (637403221)|ENTERING_MANAGED_PKG|Centify
17:20:06.15 (637651619)|ENTERING_MANAGED_PKG|Centify
17:20:06.15 (637881856)|ENTERING_MANAGED_PKG|Centify
17:20:06.15 (638122595)|ENTERING_MANAGED_PKG|Centify
17:20:06.15 (638375708)|ENTERING_MANAGED_PKG|Centify
17:20:06.15 (638601130)|ENTERING_MANAGED_PKG|Centify
17:20:06.15 (638855936)|ENTERING_MANAGED_PKG|Centify
17:20:06.15 (639062488)|ENTERING_MANAGED_PKG|Centify
17:20:06.15 (639257812)|ENTERING_MANAGED_PKG|Centify
17:20:06.15 (639457474)|ENTERING_MANAGED_PKG|Centify
17:20:06.15 (639654160)|ENTERING_MANAGED_PKG|Centify
17:20:06.15 (639851158)|ENTERING_MANAGED_PKG|Centify
17:20:06.15 (640048120)|ENTERING_MANAGED_PKG|Centify
17:20:06.15 (640245252)|ENTERING_MANAGED_PKG|Centify
17:20:06.15 (640467575)|ENTERING_MANAGED_PKG|Centify
17:20:06.15 (640686145)|ENTERING_MANAGED_PKG|Centify
17:20:06.15 (640899429)|ENTERING_MANAGED_PKG|Centify
17:20:06.15 (641144680)|ENTERING_MANAGED_PKG|Centify
17:20:06.15 (641393208)|ENTERING_MANAGED_PKG|Centify
17:20:06.15 (641616867)|ENTERING_MANAGED_PKG|Centify
17:20:06.15 (641856051)|ENTERING_MANAGED_PKG|Centify
17:20:06.15 (642064525)|ENTERING_MANAGED_PKG|Centify
17:20:06.15 (642318793)|ENTERING_MANAGED_PKG|Centify
17:20:06.15 (642564458)|ENTERING_MANAGED_PKG|Centify
17:20:06.15 (642799680)|ENTERING_MANAGED_PKG|Centify
17:20:06.15 (643037030)|ENTERING_MANAGED_PKG|Centify
17:20:06.15 (643294269)|ENTERING_MANAGED_PKG|Centify
17:20:06.15 (643505110)|ENTERING_MANAGED_PKG|Centify
17:20:06.15 (643755169)|ENTERING_MANAGED_PKG|Centify
17:20:06.15 (644002804)|ENTERING_MANAGED_PKG|Centify
17:20:06.15 (644173819)|ENTERING_MANAGED_PKG|Centify
17:20:06.15 (644396833)|ENTERING_MANAGED_PKG|Centify
17:20:06.15 (644564693)|ENTERING_MANAGED_PKG|Centify
17:20:06.15 (644642256)|ENTERING_MANAGED_PKG|Centify
17:20:06.15 (644703984)|ENTERING_MANAGED_PKG|Centify
17:20:06.15 (644739459)|ENTERING_MANAGED_PKG|Centify
17:20:06.15 (644814872)|ENTERING_MANAGED_PKG|Centify
17:20:06.15 (644900143)|ENTERING_MANAGED_PKG|Centify
17:20:06.15 (647585395)|ENTERING_MANAGED_PKG|Centify
17:20:06.15 (647642989)|ENTERING_MANAGED_PKG|Centify
17:20:06.15 (647698785)|ENTERING_MANAGED_PKG|Centify
17:20:06.15 (647775521)|ENTERING_MANAGED_PKG|Centify
17:20:06.15 (647983552)|ENTERING_MANAGED_PKG|Centify
17:20:06.15 (648083653)|ENTERING_MANAGED_PKG|Centify
17:20:06.15 (665613229)|ENTERING_MANAGED_PKG|Centify
17:20:06.15 (665675339)|ENTERING_MANAGED_PKG|Centify
17:20:06.15 (680220340)|ENTERING_MANAGED_PKG|Centify
17:20:06.15 (680270227)|ENTERING_MANAGED_PKG|Centify
17:20:06.15 (680352388)|ENTERING_MANAGED_PKG|Centify
17:20:06.15 (680382580)|ENTERING_MANAGED_PKG|Centify
17:20:06.15 (796137953)|ENTERING_MANAGED_PKG|Centify
17:20:06.15 (796587352)|ENTERING_MANAGED_PKG|Centify
17:20:06.15 (797582828)|ENTERING_MANAGED_PKG|Centify
17:20:06.15 (798556808)|ENTERING_MANAGED_PKG|Centify
17:20:06.15 (798645842)|ENTERING_MANAGED_PKG|Centify
17:20:06.15 (798813533)|ENTERING_MANAGED_PKG|Centify
17:20:06.15 (798898227)|ENTERING_MANAGED_PKG|Centify
17:20:06.15 (799123813)|ENTERING_MANAGED_PKG|Centify
17:20:06.15 (799438553)|ENTERING_MANAGED_PKG|Centify
17:20:06.15 (799742680)|ENTERING_MANAGED_PKG|Centify
17:20:06.15 (800030252)|ENTERING_MANAGED_PKG|Centify
17:20:06.15 (800321810)|ENTERING_MANAGED_PKG|Centify
17:20:06.15 (800615803)|ENTERING_MANAGED_PKG|Centify
17:20:06.15 (800894226)|ENTERING_MANAGED_PKG|Centify
17:20:06.15 (801183080)|ENTERING_MANAGED_PKG|Centify
17:20:06.15 (801462061)|ENTERING_MANAGED_PKG|Centify
17:20:06.15 (801681257)|ENTERING_MANAGED_PKG|Centify
17:20:06.15 (801817554)|ENTERING_MANAGED_PKG|Centify
17:20:06.15 (801935594)|ENTERING_MANAGED_PKG|Centify
17:20:06.15 (802064147)|ENTERING_MANAGED_PKG|Centify
17:20:06.15 (802201634)|ENTERING_MANAGED_PKG|Centify
17:20:06.15 (802329086)|ENTERING_MANAGED_PKG|Centify
17:20:06.15 (802455908)|ENTERING_MANAGED_PKG|Centify
17:20:06.15 (802582853)|ENTERING_MANAGED_PKG|Centify
17:20:06.15 (802714637)|ENTERING_MANAGED_PKG|Centify
17:20:06.15 (802842234)|ENTERING_MANAGED_PKG|Centify
17:20:06.15 (802966851)|ENTERING_MANAGED_PKG|Centify
17:20:06.15 (803090070)|ENTERING_MANAGED_PKG|Centify
17:20:06.15 (803215760)|ENTERING_MANAGED_PKG|Centify
17:20:06.15 (803339335)|ENTERING_MANAGED_PKG|Centify
17:20:06.15 (803463375)|ENTERING_MANAGED_PKG|Centify
17:20:06.15 (803504255)|ENTERING_MANAGED_PKG|Centify
17:20:06.15 (803539622)|ENTERING_MANAGED_PKG|Centify
17:20:06.15 (803563003)|ENTERING_MANAGED_PKG|Centify
17:20:06.15 (803618205)|ENTERING_MANAGED_PKG|Centify
17:20:06.15 (803665844)|ENTERING_MANAGED_PKG|Centify
17:20:06.15 (804995162)|ENTERING_MANAGED_PKG|Centify
17:20:06.15 (805026848)|ENTERING_MANAGED_PKG|Centify
17:20:06.15 (805051048)|ENTERING_MANAGED_PKG|Centify
17:20:06.15 (805123372)|ENTERING_MANAGED_PKG|Centify
17:20:06.15 (805189031)|ENTERING_MANAGED_PKG|Centify
17:20:06.15 (805250490)|ENTERING_MANAGED_PKG|Centify
17:20:06.15 (805509308)|ENTERING_MANAGED_PKG|Centify
17:20:06.15 (808175596)|ENTERING_MANAGED_PKG|Centify
17:20:06.15 (808237060)|ENTERING_MANAGED_PKG|Centify
17:20:06.15 (808372748)|ENTERING_MANAGED_PKG|Centify
17:20:06.15 (857371079)|ENTERING_MANAGED_PKG|Centify
17:20:06.15 (857494272)|ENTERING_MANAGED_PKG|Centify
17:20:06.15 (857621147)|ENTERING_MANAGED_PKG|Centify
17:20:06.15 (898290077)|ENTERING_MANAGED_PKG|Centify
17:20:06.15 (898447477)|ENTERING_MANAGED_PKG|Centify
17:20:06.15 (898625952)|ENTERING_MANAGED_PKG|Centify
17:20:06.15 (947798786)|ENTERING_MANAGED_PKG|Centify
17:20:06.15 (947899310)|ENTERING_MANAGED_PKG|Centify
17:20:06.15 (948000019)|ENTERING_MANAGED_PKG|Centify
17:20:06.15 (986484063)|ENTERING_MANAGED_PKG|Centify
17:20:06.15 (986603265)|ENTERING_MANAGED_PKG|Centify
17:20:06.15 (986741062)|ENTERING_MANAGED_PKG|Centify
17:20:07.25 (1025287825)|ENTERING_MANAGED_PKG|Centify
17:20:07.25 (1025406041)|ENTERING_MANAGED_PKG|Centify
17:20:07.25 (1025514122)|ENTERING_MANAGED_PKG|Centify
17:20:07.25 (1052382762)|ENTERING_MANAGED_PKG|Centify
17:20:07.25 (1052488571)|ENTERING_MANAGED_PKG|Centify
17:20:07.25 (1052601120)|ENTERING_MANAGED_PKG|Centify
17:20:07.25 (1082601767)|ENTERING_MANAGED_PKG|Centify
17:20:07.25 (1082711650)|ENTERING_MANAGED_PKG|Centify
17:20:07.25 (1082830523)|ENTERING_MANAGED_PKG|Centify
17:20:07.25 (1113878174)|ENTERING_MANAGED_PKG|Centify
17:20:07.25 (1114089865)|ENTERING_MANAGED_PKG|Centify
17:20:07.25 (1114175865)|ENTERING_MANAGED_PKG|Centify
17:20:07.25 (1114233372)|ENTERING_MANAGED_PKG|Centify
17:20:07.25 (1114323091)|ENTERING_MANAGED_PKG|Centify
17:20:07.25 (1114529580)|ENTERING_MANAGED_PKG|Centify
17:20:07.25 (1115662283)|SOQL_EXECUTE_BEGIN|[28]|Aggregations:0|SELECT Id FROM ApexClass WHERE Name = :tmpVar1
17:20:07.25 (1121990331)|SOQL_EXECUTE_END|[28]|Rows:1
17:20:07.25 (1122625507)|SOQL_EXECUTE_BEGIN|[49]|Aggregations:0|SELECT COUNT() FROM AsyncApexJob WHERE (ApexClassId = :tmpVar1 AND Status IN ('Queued', 'Holding', 'Preparing', 'Processing'))
17:20:07.25 (1127173044)|SOQL_EXECUTE_END|[49]|Rows:0
17:20:07.25 (1127342302)|ENTERING_MANAGED_PKG|Centify
17:20:07.25 (1127713707)|ENTERING_MANAGED_PKG|Centify
17:20:07.25 (1127773093)|ENTERING_MANAGED_PKG|Centify
17:20:07.25 (1127879385)|ENTERING_MANAGED_PKG|Centify
17:20:07.25 (1148431999)|ENTERING_MANAGED_PKG|Centify
17:20:07.25 (1151845321)|ENTERING_MANAGED_PKG|Centify
17:20:07.25 (1152016426)|ENTERING_MANAGED_PKG|Centify
17:20:07.25 (1152207334)|ENTERING_MANAGED_PKG|Centify
17:20:07.25 (1154474948)|ENTERING_MANAGED_PKG|Centify
17:20:07.25 (1154521121)|ENTERING_MANAGED_PKG|Centify
17:20:07.25 (1154601782)|ENTERING_MANAGED_PKG|Centify
17:20:07.25 (1155262657)|ENTERING_MANAGED_PKG|Centify
17:20:07.25 (1157722224)|SOQL_EXECUTE_BEGIN|[16]|Aggregations:0|SELECT Id, CronExpression, CronJobDetail.Name FROM CronTrigger WHERE CronJobDetail.Name LIKE '%Spinify%'
17:20:07.25 (1166000262)|SOQL_EXECUTE_END|[16]|Rows:10
17:20:07.25 (1166523348)|ENTERING_MANAGED_PKG|Centify
17:20:07.25 (1166695110)|ENTERING_MANAGED_PKG|Centify
17:20:07.25 (1166772281)|ENTERING_MANAGED_PKG|Centify
17:20:07.25 (1167139243)|ENTERING_MANAGED_PKG|Centify
17:20:07.25 (1167274966)|ENTERING_MANAGED_PKG|Centify
17:20:07.25 (1167385792)|ENTERING_MANAGED_PKG|Centify
17:20:07.25 (1167520789)|ENTERING_MANAGED_PKG|Centify
17:20:07.25 (1168730055)|ENTERING_MANAGED_PKG|Centify
17:20:07.227 (1227932850)|CUMULATIVE_LIMIT_USAGE
17:20:07.227 (1227932850)|LIMIT_USAGE_FOR_NS|(default)|
  Number of SOQL queries: 0 out of 100
  Number of query rows: 0 out of 50000
  Number of SOSL queries: 0 out of 20
  Number of DML statements: 0 out of 150
  Number of DML rows: 0 out of 10000
  Maximum CPU time: 591 out of 10000
  Maximum heap size: 0 out of 6000000
  Number of callouts: 0 out of 100
  Number of Email Invocations: 0 out of 10
  Number of future calls: 0 out of 50
  Number of queueable jobs added to the queue: 0 out of 50
  Number of Mobile Apex push calls: 0 out of 10

17:20:07.227 (1227932850)|LIMIT_USAGE_FOR_NS|Centify|
  Number of SOQL queries: 5 out of 100
  Number of query rows: 14 out of 50000
  Number of SOSL queries: 0 out of 20
  Number of DML statements: 1 out of 150
  Number of DML rows: 1 out of 10000
  Maximum CPU time: 0 out of 10000
  Maximum heap size: 0 out of 6000000
  Number of callouts: 0 out of 100
  Number of Email Invocations: 0 out of 10
  Number of future calls: 0 out of 50
  Number of queueable jobs added to the queue: 0 out of 50
  Number of Mobile Apex push calls: 0 out of 10

17:20:07.227 (1227932850)|CUMULATIVE_LIMIT_USAGE_END

