37.0 APEX_CODE,FINEST;APEX_PROFILING,INFO;CALLOUT,INFO;DB,INFO;NBA,INFO;SYSTEM,DEBUG;VALIDATION,INFO;VISUALFORCE,INFO;WAVE,INFO;WORKFLOW,INFO
18:27:05.15 (15896239)|ENTERING_MANAGED_PKG|Centify
18:27:05.15 (16650396)|ENTERING_MANAGED_PKG|Centify
18:27:05.15 (16689492)|ENTERING_MANAGED_PKG|Centify
18:27:05.15 (16887804)|ENTERING_MANAGED_PKG|Centify
18:27:05.15 (16975189)|ENTERING_MANAGED_PKG|Centify
18:27:05.15 (17775814)|ENTERING_MANAGED_PKG|Centify
18:27:05.15 (18084924)|ENTERING_MANAGED_PKG|Centify
18:27:05.15 (18116515)|ENTERING_MANAGED_PKG|Centify
18:27:05.15 (18228833)|ENTERING_MANAGED_PKG|Centify
18:27:05.15 (18277606)|ENTERING_MANAGED_PKG|Centify
18:27:05.15 (18310532)|ENTERING_MANAGED_PKG|Centify
18:27:05.15 (18331360)|ENTERING_MANAGED_PKG|Centify
18:27:05.15 (18347551)|ENTERING_MANAGED_PKG|Centify
18:27:05.15 (18555586)|ENTERING_MANAGED_PKG|Centify
18:27:05.15 (49929199)|ENTERING_MANAGED_PKG|Centify
18:27:05.15 (50014632)|ENTERING_MANAGED_PKG|Centify
18:27:05.15 (50143325)|ENTERING_MANAGED_PKG|Centify
18:27:05.15 (50191721)|ENTERING_MANAGED_PKG|Centify
18:27:05.15 (196576266)|ENTERING_MANAGED_PKG|Centify
18:27:05.15 (241599556)|ENTERING_MANAGED_PKG|Centify
18:27:05.15 (253836031)|ENTERING_MANAGED_PKG|Centify
18:27:05.15 (253892956)|ENTERING_MANAGED_PKG|Centify
18:27:05.15 (253977214)|ENTERING_MANAGED_PKG|Centify
18:27:05.15 (254012331)|ENTERING_MANAGED_PKG|Centify
18:27:05.15 (254080052)|ENTERING_MANAGED_PKG|Centify
18:27:05.15 (283653004)|ENTERING_MANAGED_PKG|Centify
18:27:05.15 (297662223)|ENTERING_MANAGED_PKG|Centify
18:27:05.15 (297717431)|ENTERING_MANAGED_PKG|Centify
18:27:05.15 (297800182)|ENTERING_MANAGED_PKG|Centify
18:27:05.15 (297834782)|ENTERING_MANAGED_PKG|Centify
18:27:05.15 (297900639)|ENTERING_MANAGED_PKG|Centify
18:27:05.15 (327441625)|ENTERING_MANAGED_PKG|Centify
18:27:05.15 (342415811)|ENTERING_MANAGED_PKG|Centify
18:27:05.15 (342486842)|ENTERING_MANAGED_PKG|Centify
18:27:05.15 (342580432)|ENTERING_MANAGED_PKG|Centify
18:27:05.15 (342620743)|ENTERING_MANAGED_PKG|Centify
18:27:05.15 (342698667)|ENTERING_MANAGED_PKG|Centify
18:27:05.15 (375533172)|ENTERING_MANAGED_PKG|Centify
18:27:05.15 (390527246)|ENTERING_MANAGED_PKG|Centify
18:27:05.15 (390586832)|ENTERING_MANAGED_PKG|Centify
18:27:05.15 (390676156)|ENTERING_MANAGED_PKG|Centify
18:27:05.15 (390716328)|ENTERING_MANAGED_PKG|Centify
18:27:05.15 (390790276)|ENTERING_MANAGED_PKG|Centify
18:27:05.15 (422172076)|ENTERING_MANAGED_PKG|Centify
18:27:05.15 (436320572)|ENTERING_MANAGED_PKG|Centify
18:27:05.15 (436380347)|ENTERING_MANAGED_PKG|Centify
18:27:05.15 (436474122)|ENTERING_MANAGED_PKG|Centify
18:27:05.15 (436510850)|ENTERING_MANAGED_PKG|Centify
18:27:05.15 (436578497)|ENTERING_MANAGED_PKG|Centify
18:27:05.15 (466456117)|ENTERING_MANAGED_PKG|Centify
18:27:05.15 (481005393)|ENTERING_MANAGED_PKG|Centify
18:27:05.15 (481065262)|ENTERING_MANAGED_PKG|Centify
18:27:05.15 (481150460)|ENTERING_MANAGED_PKG|Centify
18:27:05.15 (481186259)|ENTERING_MANAGED_PKG|Centify
18:27:05.15 (481253815)|ENTERING_MANAGED_PKG|Centify
18:27:05.15 (511169438)|ENTERING_MANAGED_PKG|Centify
18:27:05.15 (527039336)|ENTERING_MANAGED_PKG|Centify
18:27:05.15 (527101248)|ENTERING_MANAGED_PKG|Centify
18:27:05.15 (527381234)|ENTERING_MANAGED_PKG|Centify
18:27:05.15 (527455775)|ENTERING_MANAGED_PKG|Centify
18:27:05.15 (527590010)|ENTERING_MANAGED_PKG|Centify
18:27:05.15 (567942443)|ENTERING_MANAGED_PKG|Centify
18:27:05.15 (584013662)|ENTERING_MANAGED_PKG|Centify
18:27:05.15 (584074401)|ENTERING_MANAGED_PKG|Centify
18:27:05.15 (584161418)|ENTERING_MANAGED_PKG|Centify
18:27:05.15 (584196652)|ENTERING_MANAGED_PKG|Centify
18:27:05.15 (584265295)|ENTERING_MANAGED_PKG|Centify
18:27:05.15 (614292171)|ENTERING_MANAGED_PKG|Centify
18:27:05.15 (628441548)|ENTERING_MANAGED_PKG|Centify
18:27:05.15 (628506301)|ENTERING_MANAGED_PKG|Centify
18:27:05.15 (628590983)|ENTERING_MANAGED_PKG|Centify
18:27:05.15 (628626532)|ENTERING_MANAGED_PKG|Centify
18:27:05.15 (628693903)|ENTERING_MANAGED_PKG|Centify
18:27:05.15 (658652996)|ENTERING_MANAGED_PKG|Centify
18:27:05.15 (672011130)|ENTERING_MANAGED_PKG|Centify
18:27:05.15 (672311762)|ENTERING_MANAGED_PKG|Centify
18:27:05.15 (683001925)|ENTERING_MANAGED_PKG|Centify
18:27:05.15 (683077867)|ENTERING_MANAGED_PKG|Centify
18:27:05.15 (683267761)|ENTERING_MANAGED_PKG|Centify
18:27:05.15 (683323182)|ENTERING_MANAGED_PKG|Centify
18:27:05.15 (683363685)|ENTERING_MANAGED_PKG|Centify
18:27:05.15 (683431997)|ENTERING_MANAGED_PKG|Centify
18:27:05.15 (687990594)|SOQL_EXECUTE_BEGIN|[19]|Aggregations:0|SELECT Id, OrganizationType FROM Organization LIMIT 1
18:27:05.15 (691351058)|SOQL_EXECUTE_END|[19]|Rows:1
18:27:05.15 (711339898)|ENTERING_MANAGED_PKG|Centify
18:27:05.15 (711403604)|ENTERING_MANAGED_PKG|Centify
18:27:05.15 (711617169)|ENTERING_MANAGED_PKG|Centify
18:27:05.15 (711669049)|ENTERING_MANAGED_PKG|Centify
18:27:05.15 (711711742)|ENTERING_MANAGED_PKG|Centify
18:27:05.15 (711958808)|ENTERING_MANAGED_PKG|Centify
18:27:05.15 (712041618)|ENTERING_MANAGED_PKG|Centify
18:27:05.15 (722239100)|ENTERING_MANAGED_PKG|Centify
18:27:05.15 (722463792)|ENTERING_MANAGED_PKG|Centify
18:27:05.15 (723353174)|ENTERING_MANAGED_PKG|Centify
18:27:05.15 (724122446)|SOQL_EXECUTE_BEGIN|[16]|Aggregations:0|select id,lastmodifieddate,isdeleted,name,createddate,ownerid,status,isconverted,converteddate,company from Lead where LastModifiedDate >2018-09-28T07:00:24Z AND LastModifiedDate < 2018-09-28T08:27:11Z  ORDER BY SystemModStamp DESC LIMIT 5000  ALL ROWS
18:27:05.15 (729038828)|SOQL_EXECUTE_END|[16]|Rows:0
18:27:05.750 (750741329)|CUMULATIVE_LIMIT_USAGE
18:27:05.750 (750741329)|LIMIT_USAGE_FOR_NS|(default)|
  Number of SOQL queries: 0 out of 200
  Number of query rows: 0 out of 50000
  Number of SOSL queries: 0 out of 20
  Number of DML statements: 0 out of 150
  Number of DML rows: 0 out of 10000
  Maximum CPU time: 0 out of 60000
  Maximum heap size: 0 out of 12000000
  Number of callouts: 0 out of 0
  Number of Email Invocations: 0 out of 10
  Number of future calls: 0 out of 0
  Number of queueable jobs added to the queue: 0 out of 1
  Number of Mobile Apex push calls: 0 out of 10

18:27:05.750 (750741329)|LIMIT_USAGE_FOR_NS|Centify|
  Number of SOQL queries: 0 out of 200
  Number of query rows: 0 out of 50000
  Number of SOSL queries: 0 out of 20
  Number of DML statements: 0 out of 150
  Number of DML rows: 0 out of 10000
  Maximum CPU time: 0 out of 60000
  Maximum heap size: 0 out of 12000000
  Number of callouts: 0 out of 0
  Number of Email Invocations: 0 out of 10
  Number of future calls: 0 out of 0
  Number of queueable jobs added to the queue: 0 out of 1
  Number of Mobile Apex push calls: 0 out of 10

18:27:05.750 (750741329)|CUMULATIVE_LIMIT_USAGE_END

