37.0 APEX_CODE,FINEST;APEX_PROFILING,INFO;CALLOUT,INFO;DB,INFO;NBA,INFO;SYSTEM,DEBUG;VALIDATION,INFO;VISUALFORCE,INFO;WAVE,INFO;WORKFLOW,INFO
18:59:04.21 (21028954)|ENTERING_MANAGED_PKG|Centify
18:59:04.21 (24683617)|ENTERING_MANAGED_PKG|Centify
18:59:04.21 (31055261)|ENTERING_MANAGED_PKG|Centify
18:59:04.21 (31212311)|ENTERING_MANAGED_PKG|Centify
18:59:04.21 (31372781)|ENTERING_MANAGED_PKG|Centify
18:59:04.21 (31977086)|ENTERING_MANAGED_PKG|Centify
18:59:04.21 (32273642)|ENTERING_MANAGED_PKG|Centify
18:59:04.21 (32301245)|ENTERING_MANAGED_PKG|Centify
18:59:04.21 (32388709)|ENTERING_MANAGED_PKG|Centify
18:59:04.21 (32435499)|ENTERING_MANAGED_PKG|Centify
18:59:04.21 (32469098)|ENTERING_MANAGED_PKG|Centify
18:59:04.21 (32489500)|ENTERING_MANAGED_PKG|Centify
18:59:04.21 (32505962)|ENTERING_MANAGED_PKG|Centify
18:59:04.21 (32670174)|ENTERING_MANAGED_PKG|Centify
18:59:04.21 (69985674)|ENTERING_MANAGED_PKG|Centify
18:59:04.21 (70104818)|ENTERING_MANAGED_PKG|Centify
18:59:04.21 (70240099)|ENTERING_MANAGED_PKG|Centify
18:59:04.21 (70287819)|ENTERING_MANAGED_PKG|Centify
18:59:04.21 (251780911)|ENTERING_MANAGED_PKG|Centify
18:59:04.21 (297871914)|ENTERING_MANAGED_PKG|Centify
18:59:04.21 (308826186)|ENTERING_MANAGED_PKG|Centify
18:59:04.21 (308877677)|ENTERING_MANAGED_PKG|Centify
18:59:04.21 (308970870)|ENTERING_MANAGED_PKG|Centify
18:59:04.21 (309010099)|ENTERING_MANAGED_PKG|Centify
18:59:04.21 (309082658)|ENTERING_MANAGED_PKG|Centify
18:59:04.21 (337467359)|ENTERING_MANAGED_PKG|Centify
18:59:04.21 (351105243)|ENTERING_MANAGED_PKG|Centify
18:59:04.21 (351157002)|ENTERING_MANAGED_PKG|Centify
18:59:04.21 (351230893)|ENTERING_MANAGED_PKG|Centify
18:59:04.21 (351260019)|ENTERING_MANAGED_PKG|Centify
18:59:04.21 (351320555)|ENTERING_MANAGED_PKG|Centify
18:59:04.21 (384783240)|ENTERING_MANAGED_PKG|Centify
18:59:04.21 (397933592)|ENTERING_MANAGED_PKG|Centify
18:59:04.21 (397982311)|ENTERING_MANAGED_PKG|Centify
18:59:04.21 (398059834)|ENTERING_MANAGED_PKG|Centify
18:59:04.21 (398089959)|ENTERING_MANAGED_PKG|Centify
18:59:04.21 (398148903)|ENTERING_MANAGED_PKG|Centify
18:59:04.21 (428664856)|ENTERING_MANAGED_PKG|Centify
18:59:04.21 (445267347)|ENTERING_MANAGED_PKG|Centify
18:59:04.21 (445316596)|ENTERING_MANAGED_PKG|Centify
18:59:04.21 (445389406)|ENTERING_MANAGED_PKG|Centify
18:59:04.21 (445419583)|ENTERING_MANAGED_PKG|Centify
18:59:04.21 (445479370)|ENTERING_MANAGED_PKG|Centify
18:59:04.21 (474883589)|ENTERING_MANAGED_PKG|Centify
18:59:04.21 (489926305)|ENTERING_MANAGED_PKG|Centify
18:59:04.21 (489980372)|ENTERING_MANAGED_PKG|Centify
18:59:04.21 (490060991)|ENTERING_MANAGED_PKG|Centify
18:59:04.21 (490090765)|ENTERING_MANAGED_PKG|Centify
18:59:04.21 (490152735)|ENTERING_MANAGED_PKG|Centify
18:59:04.21 (518427452)|ENTERING_MANAGED_PKG|Centify
18:59:04.21 (531100601)|ENTERING_MANAGED_PKG|Centify
18:59:04.21 (531153057)|ENTERING_MANAGED_PKG|Centify
18:59:04.21 (531226976)|ENTERING_MANAGED_PKG|Centify
18:59:04.21 (531258073)|ENTERING_MANAGED_PKG|Centify
18:59:04.21 (531320592)|ENTERING_MANAGED_PKG|Centify
18:59:04.21 (560284447)|ENTERING_MANAGED_PKG|Centify
18:59:04.21 (573332071)|ENTERING_MANAGED_PKG|Centify
18:59:04.21 (573403412)|ENTERING_MANAGED_PKG|Centify
18:59:04.21 (573513878)|ENTERING_MANAGED_PKG|Centify
18:59:04.21 (573559445)|ENTERING_MANAGED_PKG|Centify
18:59:04.21 (573657964)|ENTERING_MANAGED_PKG|Centify
18:59:04.21 (607031888)|ENTERING_MANAGED_PKG|Centify
18:59:04.21 (619771667)|ENTERING_MANAGED_PKG|Centify
18:59:04.21 (619820965)|ENTERING_MANAGED_PKG|Centify
18:59:04.21 (619892110)|ENTERING_MANAGED_PKG|Centify
18:59:04.21 (619921334)|ENTERING_MANAGED_PKG|Centify
18:59:04.21 (619980474)|ENTERING_MANAGED_PKG|Centify
18:59:04.21 (647798459)|ENTERING_MANAGED_PKG|Centify
18:59:04.21 (659801119)|ENTERING_MANAGED_PKG|Centify
18:59:04.21 (659853126)|ENTERING_MANAGED_PKG|Centify
18:59:04.21 (659925013)|ENTERING_MANAGED_PKG|Centify
18:59:04.21 (659954079)|ENTERING_MANAGED_PKG|Centify
18:59:04.21 (660020025)|ENTERING_MANAGED_PKG|Centify
18:59:04.21 (686875374)|ENTERING_MANAGED_PKG|Centify
18:59:04.21 (698419355)|ENTERING_MANAGED_PKG|Centify
18:59:04.21 (698471621)|ENTERING_MANAGED_PKG|Centify
18:59:04.21 (698544319)|ENTERING_MANAGED_PKG|Centify
18:59:04.21 (698573655)|ENTERING_MANAGED_PKG|Centify
18:59:04.21 (698632623)|ENTERING_MANAGED_PKG|Centify
18:59:04.21 (727987680)|ENTERING_MANAGED_PKG|Centify
18:59:04.21 (740961081)|ENTERING_MANAGED_PKG|Centify
18:59:04.21 (741013484)|ENTERING_MANAGED_PKG|Centify
18:59:04.21 (741087789)|ENTERING_MANAGED_PKG|Centify
18:59:04.21 (741118291)|ENTERING_MANAGED_PKG|Centify
18:59:04.21 (741180354)|ENTERING_MANAGED_PKG|Centify
18:59:04.21 (773066614)|ENTERING_MANAGED_PKG|Centify
18:59:04.21 (773137360)|ENTERING_MANAGED_PKG|Centify
18:59:04.21 (773248050)|ENTERING_MANAGED_PKG|Centify
18:59:04.21 (773269825)|ENTERING_MANAGED_PKG|Centify
18:59:04.21 (773396382)|ENTERING_MANAGED_PKG|Centify
18:59:04.21 (773433758)|ENTERING_MANAGED_PKG|Centify
18:59:04.21 (773489730)|ENTERING_MANAGED_PKG|Centify
18:59:04.21 (774422953)|ENTERING_MANAGED_PKG|Centify
18:59:04.21 (774502508)|ENTERING_MANAGED_PKG|Centify
18:59:04.21 (785135602)|ENTERING_MANAGED_PKG|Centify
18:59:04.21 (785216080)|ENTERING_MANAGED_PKG|Centify
18:59:04.21 (785299893)|ENTERING_MANAGED_PKG|Centify
18:59:04.21 (785868024)|ENTERING_MANAGED_PKG|Centify
18:59:04.21 (786666824)|SOQL_EXECUTE_BEGIN|[16]|Aggregations:0|select id,lastmodifieddate,isdeleted,salesperson__c,has_gtm_code_been_sent_to_client__c,are_all_possible_extensions_setup__c,status__c,product_type__c,ownerid,createddate,name,management_price__c from Sign_Up__c where LastModifiedDate >2018-09-28T08:57:11Z AND LastModifiedDate < 2018-09-28T08:59:09Z AND (  Management_Price__c > 0.00)  ORDER BY SystemModStamp DESC LIMIT 5000  ALL ROWS
18:59:04.21 (791872167)|SOQL_EXECUTE_END|[16]|Rows:0
18:59:04.824 (824271460)|CUMULATIVE_LIMIT_USAGE
18:59:04.824 (824271460)|LIMIT_USAGE_FOR_NS|(default)|
  Number of SOQL queries: 0 out of 200
  Number of query rows: 0 out of 50000
  Number of SOSL queries: 0 out of 20
  Number of DML statements: 0 out of 150
  Number of DML rows: 0 out of 10000
  Maximum CPU time: 0 out of 60000
  Maximum heap size: 0 out of 12000000
  Number of callouts: 0 out of 0
  Number of Email Invocations: 0 out of 10
  Number of future calls: 0 out of 0
  Number of queueable jobs added to the queue: 0 out of 1
  Number of Mobile Apex push calls: 0 out of 10

18:59:04.824 (824271460)|LIMIT_USAGE_FOR_NS|Centify|
  Number of SOQL queries: 0 out of 200
  Number of query rows: 0 out of 50000
  Number of SOSL queries: 0 out of 20
  Number of DML statements: 0 out of 150
  Number of DML rows: 0 out of 10000
  Maximum CPU time: 0 out of 60000
  Maximum heap size: 0 out of 12000000
  Number of callouts: 0 out of 0
  Number of Email Invocations: 0 out of 10
  Number of future calls: 0 out of 0
  Number of queueable jobs added to the queue: 0 out of 1
  Number of Mobile Apex push calls: 0 out of 10

18:59:04.824 (824271460)|CUMULATIVE_LIMIT_USAGE_END

