36.0 APEX_CODE,FINEST;APEX_PROFILING,INFO;CALLOUT,INFO;DB,INFO;NBA,INFO;SYSTEM,DEBUG;VALIDATION,INFO;VISUALFORCE,INFO;WAVE,INFO;WORKFLOW,INFO
11:32:10.0 (114389)|USER_INFO|[EXTERNAL]|00590000000Vmmq|ben@bjbglobal.com.au|Australian Eastern Standard Time|GMT+10:00
11:32:10.0 (152481)|EXECUTION_STARTED
11:32:10.0 (158021)|CODE_UNIT_STARTED|[EXTERNAL]|TRIGGERS
11:32:10.0 (193154)|CODE_UNIT_STARTED|[EXTERNAL]|01q6F000001IGJa|LinkCaseCallstoContact on Task trigger event BeforeInsert|__sfdc_trigger/LinkCaseCallstoContact
11:32:10.0 (247944)|HEAP_ALLOCATE|[EXTERNAL]|Bytes:8
11:32:10.0 (699425)|HEAP_ALLOCATE|[72]|Bytes:3
11:32:10.0 (740635)|HEAP_ALLOCATE|[77]|Bytes:152
11:32:10.0 (755518)|HEAP_ALLOCATE|[342]|Bytes:408
11:32:10.0 (768540)|HEAP_ALLOCATE|[355]|Bytes:408
11:32:10.0 (786691)|HEAP_ALLOCATE|[467]|Bytes:48
11:32:10.0 (817005)|HEAP_ALLOCATE|[139]|Bytes:6
11:32:10.0 (834187)|HEAP_ALLOCATE|[EXTERNAL]|Bytes:6
11:32:10.0 (848515)|HEAP_ALLOCATE|[EXTERNAL]|Bytes:4
11:32:10.0 (856064)|VARIABLE_SCOPE_BEGIN|[1]|this|LinkCaseCallstoContact|true|false
11:32:10.0 (893349)|VARIABLE_ASSIGNMENT|[1]|this|{}|0x562b6af1
11:32:10.0 (964092)|HEAP_ALLOCATE|[EXTERNAL]|Bytes:4
11:32:10.0 (972825)|VARIABLE_SCOPE_BEGIN|[1]|this|LinkCaseCallstoContact|true|false
11:32:10.0 (987700)|VARIABLE_ASSIGNMENT|[1]|this|{}|0x562b6af1
11:32:10.0 (996103)|STATEMENT_EXECUTE|[1]
11:32:10.0 (1029875)|HEAP_ALLOCATE|[50]|Bytes:5
11:32:10.0 (1056428)|HEAP_ALLOCATE|[56]|Bytes:5
11:32:10.0 (1065564)|HEAP_ALLOCATE|[64]|Bytes:7
11:32:10.0 (1447672)|HEAP_ALLOCATE|[2]|Bytes:5
11:32:10.0 (1494445)|HEAP_ALLOCATE|[2]|Bytes:4
11:32:10.0 (1506088)|VARIABLE_SCOPE_BEGIN|[2]|tsk|Task|true|false
11:32:10.0 (12844017)|VARIABLE_ASSIGNMENT|[2]|tsk|{"WhatId":"a196F00000CMOIFQA5","CallType":"Outbound","IsHighPriority":false,"IsClosed":false,"NVMStatsSF__NVM_Agent__c":"35","Is_Mobile_Number__c":true,"OwnerId":"00590000004ovg6AAA","IsToday__c":false,"IsReminderSet":false,"Status":"Completed","IsDeleted":false,"NVMContactWorld__CW_Call_Start_Time__c":"2018-10-23T01:32:09.000Z","ActivityDate":"2018-10-23T00:00:00.000Z","Priority":"Normal","IsVisibleInSelfService":false,"NVMContactWorld__Was_Call_Recorded__c":false,"CurrencyIsoCode":"AUD","IsRecurrence":false,"Subject":"Outbound call to +61 (9 more) ...","IsArchived":false,"CallObject":"01669e8c-f25d-94fa-1 (16 more) ...","NVMContactWorld__Customer_Number__c":"+61459998100","NVMContactWorld__ContactWorld_Number__c":"61731530806","Day_of_the_Week__c":"Tuesday","Call_Duration_min__c":0.00,"Call_Monitored__c":false}|0x303aa1d4
11:32:10.0 (12875746)|STATEMENT_EXECUTE|[2]
11:32:10.0 (12923729)|HEAP_ALLOCATE|[4]|Bytes:8
11:32:10.0 (12979510)|STATEMENT_EXECUTE|[4]
11:32:10.0 (12982310)|STATEMENT_EXECUTE|[5]
11:32:10.0 (14024581)|USER_DEBUG|[5]|DEBUG|Task:{Id=null, WhoId=null, WhatId=a196F00000CMOIFQA5, Subject=Outbound call to +61459998100, ActivityDate=2018-10-23 00:00:00, Status=Completed, Priority=Normal, IsHighPriority=false, OwnerId=00590000004ovg6AAA, Description=null, CurrencyIsoCode=AUD, Type=null, IsDeleted=false, AccountId=null, IsClosed=false, CreatedDate=null, CreatedById=null, LastModifiedDate=null, LastModifiedById=null, SystemModstamp=null, IsArchived=false, IsVisibleInSelfService=false, CallDurationInSeconds=null, CallType=Outbound, CallDisposition=null, CallObject=01669e8c-f25d-94fa-1073-d14c3a0182bb, ReminderDateTime=null, IsReminderSet=false, ConnectionReceivedId=null, ConnectionSentId=null, RecurrenceActivityId=null, IsRecurrence=false, RecurrenceStartDateOnly=null, RecurrenceEndDateOnly=null, RecurrenceTimeZoneSidKey=null, RecurrenceType=null, RecurrenceInterval=null, RecurrenceDayOfWeekMask=null, RecurrenceDayOfMonth=null, RecurrenceInstance=null, RecurrenceMonthOfYear=null, RecurrenceRegeneratedType=null, TaskSubtype=null, NVMContactWorld__ACD__c=null, NVMContactWorld__CW_Call_End_Time__c=null, NVMContactWorld__CW_Call_Start_Time__c=2018-10-23 01:32:09, NVMContactWorld__CallRingTimeInSeconds__c=null, NVMContactWorld__CallTalkTimeInSeconds__c=null, NVMContactWorld__ContactWorld_Number__c=61731530806, NVMContactWorld__Customer_Number__c=+61459998100, NVMContactWorld__InteractionQuality__c=null, NVMContactWorld__Service_Name__c=null, NVMContactWorld__Was_Call_Recorded__c=false, Call_Monitored__c=false, Monitored_By__c=null, Call_Outcome_Result__c=null, Monitored_Date__c=null, Demonstrate_active_listening__c=null, Communication_is_clear_positive_confiden__c=null, Mirrors_clients_talking_behaviour__c=null, Built_Rapport__c=null, Allow_customer_to_present_concerns__c=null, Gave_correct_answers_and_infomations__c=null, CM_advised_what_will_happen_next__c=null, TL_Notes__c=null, Day_of_the_Week__c=Tuesday, Email_Received_Date__c=null, Email_Response_Time__c=null, Call_Duration_converted__c=null, Email_Received_Date_Business_Hour__c=null, NVMStatsSF__NVM_Agent__c=35, Is_Mobile_Number__c=true, Call_Duration_min__c=0.00, IsToday__c=false}
11:32:10.0 (14069202)|STATEMENT_EXECUTE|[6]
11:32:10.0 (14071881)|STATEMENT_EXECUTE|[6]
11:32:10.0 (14073827)|STATEMENT_EXECUTE|[7]
11:32:10.0 (14085492)|HEAP_ALLOCATE|[7]|Bytes:65
11:32:10.0 (14107386)|HEAP_ALLOCATE|[7]|Bytes:4
11:32:10.0 (14121331)|HEAP_ALLOCATE|[7]|Bytes:7
11:32:10.0 (14818522)|SOQL_EXECUTE_BEGIN|[7]|Aggregations:0|SELECT Id, Account__c, phone__c FROM Cases__c WHERE id = :tmpVar1
11:32:10.0 (17767744)|SOQL_EXECUTE_END|[7]|Rows:0
11:32:10.0 (17804867)|HEAP_ALLOCATE|[7]|Bytes:4
11:32:10.0 (17824144)|HEAP_ALLOCATE|[7]|Bytes:0
11:32:10.0 (17908037)|HEAP_ALLOCATE|[7]|Bytes:4
11:32:10.0 (17926682)|HEAP_ALLOCATE|[7]|Bytes:34
11:32:10.0 (18005328)|HEAP_ALLOCATE|[7]|Bytes:46
11:32:10.0 (18042061)|VARIABLE_SCOPE_BEGIN|[14]|e|Exception|true|false
11:32:10.0 (18312979)|VARIABLE_ASSIGNMENT|[14]|e|"common.apex.runtime.impl.ExecutionException: List has no rows for assignment to SObject"|0x3447f68b
11:32:10.0 (18329348)|STATEMENT_EXECUTE|[14]
11:32:10.0 (18332042)|STATEMENT_EXECUTE|[15]
11:32:10.0 (18387192)|HEAP_ALLOCATE|[15]|Bytes:42
11:32:10.0 (18411641)|USER_DEBUG|[15]|DEBUG|List has no rows for assignment to SObject
11:32:10.0 (18434155)|HEAP_ALLOCATE|[2]|Bytes:5
11:32:10.0 (18470578)|VARIABLE_ASSIGNMENT|[2]|tsk|null|
11:32:10.18 (18485808)|CUMULATIVE_LIMIT_USAGE
11:32:10.18 (18485808)|LIMIT_USAGE_FOR_NS|(default)|
  Number of SOQL queries: 1 out of 100
  Number of query rows: 0 out of 50000
  Number of SOSL queries: 0 out of 20
  Number of DML statements: 0 out of 150
  Number of DML rows: 0 out of 10000
  Maximum CPU time: 0 out of 10000
  Maximum heap size: 0 out of 6000000
  Number of callouts: 0 out of 100
  Number of Email Invocations: 0 out of 10
  Number of future calls: 0 out of 50
  Number of queueable jobs added to the queue: 0 out of 50
  Number of Mobile Apex push calls: 0 out of 10

11:32:10.18 (18485808)|CUMULATIVE_LIMIT_USAGE_END

11:32:10.0 (19437407)|CODE_UNIT_FINISHED|LinkCaseCallstoContact on Task trigger event BeforeInsert|__sfdc_trigger/LinkCaseCallstoContact
11:32:10.0 (21279856)|CODE_UNIT_STARTED|[EXTERNAL]|01q6F000001IKsI|TaskTrigger on Task trigger event BeforeInsert|__sfdc_trigger/TaskTrigger
11:32:10.0 (21326357)|HEAP_ALLOCATE|[EXTERNAL]|Bytes:8
11:32:10.0 (21434330)|HEAP_ALLOCATE|[EXTERNAL]|Bytes:4
11:32:10.0 (21447016)|VARIABLE_SCOPE_BEGIN|[5]|this|TaskTrigger|true|false
11:32:10.0 (21481455)|VARIABLE_ASSIGNMENT|[5]|this|{}|0x5d9aa507
11:32:10.0 (21548687)|HEAP_ALLOCATE|[EXTERNAL]|Bytes:4
11:32:10.0 (21557559)|VARIABLE_SCOPE_BEGIN|[5]|this|TaskTrigger|true|false
11:32:10.0 (21572906)|VARIABLE_ASSIGNMENT|[5]|this|{}|0x5d9aa507
11:32:10.0 (21580818)|STATEMENT_EXECUTE|[5]
11:32:10.0 (21604703)|STATEMENT_EXECUTE|[6]
11:32:10.0 (21606620)|STATEMENT_EXECUTE|[7]
11:32:10.0 (22473530)|VARIABLE_SCOPE_BEGIN|[2]|TaskHelper.TASK_STATUS|String|false|true
11:32:10.0 (22487489)|VARIABLE_SCOPE_BEGIN|[3]|TaskHelper.TASK_SUBJECT|String|false|true
11:32:10.0 (22495632)|VARIABLE_SCOPE_BEGIN|[4]|TaskHelper.TASK_TYPE|String|false|true
11:32:10.0 (22544786)|HEAP_ALLOCATE|[7]|Bytes:4
11:32:10.0 (22554852)|HEAP_ALLOCATE|[7]|Bytes:2
11:32:10.0 (22573941)|METHOD_ENTRY|[1]|01p6F000009rWtF|TaskHelper.TaskHelper()
11:32:10.0 (22580636)|STATEMENT_EXECUTE|[1]
11:32:10.0 (22584527)|STATEMENT_EXECUTE|[1]
11:32:10.0 (22586509)|STATEMENT_EXECUTE|[2]
11:32:10.0 (22596837)|HEAP_ALLOCATE|[2]|Bytes:9
11:32:10.0 (22615734)|VARIABLE_ASSIGNMENT|[2]|TaskHelper.TASK_STATUS|"Completed"
11:32:10.0 (22621209)|STATEMENT_EXECUTE|[3]
11:32:10.0 (22627649)|HEAP_ALLOCATE|[3]|Bytes:16
11:32:10.0 (22636936)|VARIABLE_ASSIGNMENT|[3]|TaskHelper.TASK_SUBJECT|"Outbound call to"
11:32:10.0 (22641350)|STATEMENT_EXECUTE|[4]
11:32:10.0 (22650782)|VARIABLE_ASSIGNMENT|[4]|TaskHelper.TASK_TYPE|"Outbound"
11:32:10.0 (22660694)|METHOD_EXIT|[1]|TaskHelper
11:32:10.0 (22675083)|HEAP_ALLOCATE|[7]|Bytes:4
11:32:10.0 (22691364)|CONSTRUCTOR_ENTRY|[7]|01p6F000009rWtF|<init>()|TaskHelper
11:32:10.0 (22726249)|VARIABLE_SCOPE_BEGIN|[1]|this|TaskHelper|true|false
11:32:10.0 (22756553)|VARIABLE_ASSIGNMENT|[1]|this|{}|0x2b118fc8
11:32:10.0 (22781054)|HEAP_ALLOCATE|[EXTERNAL]|Bytes:6
11:32:10.0 (22825527)|STATEMENT_EXECUTE|[1]
11:32:10.0 (22833785)|CONSTRUCTOR_EXIT|[7]|01p6F000009rWtF|<init>()|TaskHelper
11:32:10.0 (22846408)|VARIABLE_SCOPE_BEGIN|[7]|helper|TaskHelper|true|false
11:32:10.0 (22870289)|VARIABLE_ASSIGNMENT|[7]|helper|{}|0x2b118fc8
11:32:10.0 (22876838)|STATEMENT_EXECUTE|[8]
11:32:10.0 (22956505)|METHOD_ENTRY|[8]|01p6F000009rWtF|TaskHelper.setupContactToReurnCallTasks(List<Task>)
11:32:10.0 (22985953)|VARIABLE_SCOPE_BEGIN|[11]|this|TaskHelper|true|false
11:32:10.0 (23003290)|VARIABLE_ASSIGNMENT|[11]|this|{}|0x2b118fc8
11:32:10.0 (23011134)|VARIABLE_SCOPE_BEGIN|[11]|newTasks|List<Task>|true|false
11:32:10.0 (24381234)|VARIABLE_ASSIGNMENT|[11]|newTasks|[{"WhatId":"a196F00000CMOIFQA5","CallType":"Outbound","IsHighPriority":false,"IsClosed":false,"NVMStatsSF__NVM_Agent__c":"35","Is_Mobile_Number__c":true,"OwnerId":"00590000004ovg6AAA","IsToday__c":false,"IsReminderSet":false,"Status":"Completed","IsDeleted":false,"NVMContactWorld__CW_Call_Start_Time__c":"2018-10-23T01:32:09.000Z","ActivityDate":"2018-10-23T00:00:00.000Z","Priority":"Normal","IsVisibleInSelfService":false,"NVMContactWorld__Was_Call_Recorded__c":false,"CurrencyIsoCode":"AUD","IsRecurrence":false,"Subject":"Outbound call to +61 (9 more) ...","IsArchived":false,"CallObject":"01669e8c-f25d-94fa-1 (16 more) ...","NVMContactWorld__Customer_Number__c":"+61459998100","NVMContactWorld__ContactWorld_Number__c":"61731530806","Day_of_the_Week__c":"Tuesday","Call_Duration_min__c":0.00,"Call_Monitored__c":false}]|0x5000651f
11:32:10.0 (24406213)|STATEMENT_EXECUTE|[11]
11:32:10.0 (24408766)|STATEMENT_EXECUTE|[12]
11:32:10.0 (24434707)|HEAP_ALLOCATE|[12]|Bytes:4
11:32:10.0 (24491923)|VARIABLE_SCOPE_BEGIN|[12]|voicemailIds|List<Id>|true|false
11:32:10.0 (24526280)|HEAP_ALLOCATE|[EXTERNAL]|Bytes:4
11:32:10.0 (24538719)|VARIABLE_ASSIGNMENT|[12]|voicemailIds|[]|0x7748df18
11:32:10.0 (24545284)|STATEMENT_EXECUTE|[13]
11:32:10.0 (24566623)|HEAP_ALLOCATE|[13]|Bytes:4
11:32:10.0 (24583193)|VARIABLE_SCOPE_BEGIN|[13]|contactIds|Map<Id,Id>|true|false
11:32:10.0 (24601385)|VARIABLE_ASSIGNMENT|[13]|contactIds|{}|0x69020a2e
11:32:10.0 (24606811)|STATEMENT_EXECUTE|[14]
11:32:10.0 (24618653)|HEAP_ALLOCATE|[14]|Bytes:4
11:32:10.0 (24640707)|VARIABLE_SCOPE_BEGIN|[14]|results|List<Task>|true|false
11:32:10.0 (24651104)|HEAP_ALLOCATE|[EXTERNAL]|Bytes:4
11:32:10.0 (24658509)|VARIABLE_ASSIGNMENT|[14]|results|[]|0x644ce242
11:32:10.0 (24710890)|HEAP_ALLOCATE|[16]|Bytes:5
11:32:10.0 (24731773)|HEAP_ALLOCATE|[16]|Bytes:4
11:32:10.0 (24743332)|VARIABLE_SCOPE_BEGIN|[16]|item|Task|true|false
11:32:10.0 (25654527)|VARIABLE_ASSIGNMENT|[16]|item|{"WhatId":"a196F00000CMOIFQA5","CallType":"Outbound","IsHighPriority":false,"IsClosed":false,"NVMStatsSF__NVM_Agent__c":"35","Is_Mobile_Number__c":true,"OwnerId":"00590000004ovg6AAA","IsToday__c":false,"IsReminderSet":false,"Status":"Completed","IsDeleted":false,"NVMContactWorld__CW_Call_Start_Time__c":"2018-10-23T01:32:09.000Z","ActivityDate":"2018-10-23T00:00:00.000Z","Priority":"Normal","IsVisibleInSelfService":false,"NVMContactWorld__Was_Call_Recorded__c":false,"CurrencyIsoCode":"AUD","IsRecurrence":false,"Subject":"Outbound call to +61 (9 more) ...","IsArchived":false,"CallObject":"01669e8c-f25d-94fa-1 (16 more) ...","NVMContactWorld__Customer_Number__c":"+61459998100","NVMContactWorld__ContactWorld_Number__c":"61731530806","Day_of_the_Week__c":"Tuesday","Call_Duration_min__c":0.00,"Call_Monitored__c":false}|0x303aa1d4
11:32:10.0 (25676229)|STATEMENT_EXECUTE|[16]
11:32:10.0 (25884003)|STATEMENT_EXECUTE|[17]
11:32:10.0 (25887651)|STATEMENT_EXECUTE|[18]
11:32:10.0 (25932388)|HEAP_ALLOCATE|[18]|Bytes:18
11:32:10.0 (25962918)|HEAP_ALLOCATE|[18]|Bytes:18
11:32:10.0 (25974029)|VARIABLE_SCOPE_BEGIN|[18]|voicemailId|String|false|false
11:32:10.0 (25989160)|VARIABLE_ASSIGNMENT|[18]|voicemailId|"a196F00000CMOIFQA5"
11:32:10.0 (25994207)|STATEMENT_EXECUTE|[19]
11:32:10.0 (26003277)|HEAP_ALLOCATE|[19]|Bytes:57
11:32:10.0 (26040363)|HEAP_ALLOCATE|[19]|Bytes:18
11:32:10.0 (26062684)|HEAP_ALLOCATE|[19]|Bytes:75
11:32:10.0 (26087789)|USER_DEBUG|[19]|DEBUG|TaskHelper :: setupContactToReurnCallTasks :: item.WhatIda196F00000CMOIFQA5
11:32:10.0 (26099956)|HEAP_ALLOCATE|[20]|Bytes:12
11:32:10.0 (26379938)|HEAP_ALLOCATE|[20]|Bytes:4
11:32:10.0 (26420163)|HEAP_ALLOCATE|[20]|Bytes:3
11:32:10.0 (26444943)|STATEMENT_EXECUTE|[20]
11:32:10.0 (26468401)|HEAP_ALLOCATE|[16]|Bytes:5
11:32:10.0 (26493124)|VARIABLE_ASSIGNMENT|[16]|item|null|
11:32:10.0 (26503197)|STATEMENT_EXECUTE|[28]
11:32:10.0 (26512722)|HEAP_ALLOCATE|[28]|Bytes:72
11:32:10.0 (26530374)|HEAP_ALLOCATE|[28]|Bytes:4
11:32:10.0 (27744744)|SOQL_EXECUTE_BEGIN|[28]|Aggregations:0|SELECT Id, Account__c, Contact__c FROM Voicemail__c WHERE id IN :tmpVar1
11:32:10.0 (33037035)|SOQL_EXECUTE_END|[28]|Rows:0
11:32:10.0 (33078358)|HEAP_ALLOCATE|[28]|Bytes:4
11:32:10.0 (33094659)|HEAP_ALLOCATE|[28]|Bytes:0
11:32:10.0 (33187076)|HEAP_ALLOCATE|[28]|Bytes:4
11:32:10.0 (33210163)|VARIABLE_SCOPE_BEGIN|[28]|voicemails|List<Voicemail__c>|true|false
11:32:10.0 (33240528)|VARIABLE_ASSIGNMENT|[28]|voicemails|[]|0x13336164
11:32:10.0 (33435819)|HEAP_ALLOCATE|[29]|Bytes:5
11:32:10.0 (33459447)|VARIABLE_ASSIGNMENT|[29]|item|null|
11:32:10.0 (33466983)|STATEMENT_EXECUTE|[29]
11:32:10.0 (33511088)|HEAP_ALLOCATE|[34]|Bytes:5
11:32:10.0 (33530925)|HEAP_ALLOCATE|[34]|Bytes:4
11:32:10.0 (33540718)|VARIABLE_SCOPE_BEGIN|[34]|item|Task|true|false
11:32:10.0 (34571227)|VARIABLE_ASSIGNMENT|[34]|item|{"WhatId":"a196F00000CMOIFQA5","CallType":"Outbound","IsHighPriority":false,"IsClosed":false,"NVMStatsSF__NVM_Agent__c":"35","Is_Mobile_Number__c":true,"OwnerId":"00590000004ovg6AAA","IsToday__c":false,"IsReminderSet":false,"Status":"Completed","IsDeleted":false,"NVMContactWorld__CW_Call_Start_Time__c":"2018-10-23T01:32:09.000Z","ActivityDate":"2018-10-23T00:00:00.000Z","Priority":"Normal","IsVisibleInSelfService":false,"NVMContactWorld__Was_Call_Recorded__c":false,"CurrencyIsoCode":"AUD","IsRecurrence":false,"Subject":"Outbound call to +61 (9 more) ...","IsArchived":false,"CallObject":"01669e8c-f25d-94fa-1 (16 more) ...","NVMContactWorld__Customer_Number__c":"+61459998100","NVMContactWorld__ContactWorld_Number__c":"61731530806","Day_of_the_Week__c":"Tuesday","Call_Duration_min__c":0.00,"Call_Monitored__c":false}|0x303aa1d4
11:32:10.0 (34593747)|STATEMENT_EXECUTE|[34]
11:32:10.0 (34596289)|STATEMENT_EXECUTE|[35]
11:32:10.0 (35438109)|VARIABLE_ASSIGNMENT|[35]|this.WhoId|null|0x303aa1d4
11:32:10.0 (35466283)|HEAP_ALLOCATE|[34]|Bytes:5
11:32:10.0 (35485041)|VARIABLE_ASSIGNMENT|[34]|item|null|
11:32:10.0 (35501525)|METHOD_EXIT|[8]|01p6F000009rWtF|TaskHelper.setupContactToReurnCallTasks(List<Task>)
11:32:10.35 (35515335)|CUMULATIVE_LIMIT_USAGE
11:32:10.35 (35515335)|LIMIT_USAGE_FOR_NS|(default)|
  Number of SOQL queries: 2 out of 100
  Number of query rows: 0 out of 50000
  Number of SOSL queries: 0 out of 20
  Number of DML statements: 0 out of 150
  Number of DML rows: 0 out of 10000
  Maximum CPU time: 0 out of 10000
  Maximum heap size: 0 out of 6000000
  Number of callouts: 0 out of 100
  Number of Email Invocations: 0 out of 10
  Number of future calls: 0 out of 50
  Number of queueable jobs added to the queue: 0 out of 50
  Number of Mobile Apex push calls: 0 out of 10

11:32:10.35 (35515335)|CUMULATIVE_LIMIT_USAGE_END

11:32:10.0 (36526284)|CODE_UNIT_FINISHED|TaskTrigger on Task trigger event BeforeInsert|__sfdc_trigger/TaskTrigger
11:32:10.0 (58565774)|CODE_UNIT_STARTED|[EXTERNAL]|Validation:Task:new
11:32:10.0 (58593582)|VALIDATION_RULE|03d6F000000qFaO|Finish_all_call_monitor_field
11:32:10.0 (59322222)|VALIDATION_FORMULA|AND(!ISBLANK(Monitored_By__c),
    OR(ISBLANK( TEXT(CM_advised_what_will_happen_next__c)),
       ISBLANK( TEXT(Allow_customer_to_present_concerns__c) ),
       ISBLANK( TEXT(Communication_is_clear_positive_confiden__c) ),
       ISBLANK( TEXT(Demonstrate_active_listening__c )),
       ISBLANK( TEXT(Gave_correct_answers_and_infomations__c) ),
       ISBLANK( TEXT(Mirrors_clients_talking_behaviour__c) ) ))|CM_advised_what_will_happen_next__c=null , Demonstrate_active_listening__c=null , Communication_is_clear_positive_confiden__c=null , Allow_customer_to_present_concerns__c=null , Gave_correct_answers_and_infomations__c=null , Mirrors_clients_talking_behaviour__c=null , Monitored_By__c=null
11:32:10.0 (59347263)|VALIDATION_PASS
11:32:10.0 (59350950)|VALIDATION_RULE|03d900000009JbB|Interac_Quality_Must_Be_Between_1_and_10
11:32:10.0 (59502202)|VALIDATION_FORMULA|NVMContactWorld__InteractionQuality__c < 1  &#124;&#124;  NVMContactWorld__InteractionQuality__c > 10|NVMContactWorld__InteractionQuality__c=null
11:32:10.0 (59520378)|VALIDATION_PASS
11:32:10.0 (59839258)|CODE_UNIT_FINISHED|Validation:Task:new
11:32:10.0 (127945610)|CODE_UNIT_STARTED|[EXTERNAL]|Workflow:Task
11:32:10.0 (136108623)|WF_RULE_EVAL_BEGIN|Workflow
11:32:10.0 (136155484)|WF_CRITERIA_BEGIN|[Task:  00T6F0000525gzi]|Update Call Monitor Details|01Q6F0000002Tdt|ON_CREATE_OR_TRIGGERING_UPDATE|0
11:32:10.0 (139155278)|WF_RULE_FILTER|[Task : Monitored By not equal to ]
11:32:10.0 (139179638)|WF_RULE_EVAL_VALUE|
11:32:10.0 (139184535)|WF_CRITERIA_END|false
11:32:10.0 (139201329)|WF_CRITERIA_BEGIN|[Task:  00T6F0000525gzi]|Update_Callback_Request_Due_Date3016F0000005i0e|01Q6F0000019gyq|ON_CREATE_ONLY|0
11:32:10.0 (139314926)|WF_FORMULA|Formula:ENCODED:[treatNullAsNull]true|Values:
11:32:10.0 (139322885)|WF_CRITERIA_END|true
11:32:10.0 (140273210)|WF_CRITERIA_BEGIN|[Task:  00T6F0000525gzi]|Call Back Request From LinX|01Q6F000001EY2L|ON_CREATE_OR_TRIGGERING_UPDATE|0
11:32:10.0 (140348971)|WF_RULE_FILTER|[Task : Subject equals Callback Request]
11:32:10.0 (140374482)|WF_RULE_EVAL_VALUE|Outbound call to +61459998100
11:32:10.0 (140382041)|WF_CRITERIA_END|false
11:32:10.0 (140397309)|WF_CRITERIA_BEGIN|[Task:  00T6F0000525gzi]|Call_Monitor3016F00000054R3|01Q6F000000oOu7|ON_ALL_CHANGES|0
11:32:10.0 (140483925)|WF_FORMULA|Formula:ENCODED:[treatNullAsNull]true|Values:
11:32:10.0 (140496267)|WF_CRITERIA_END|true
11:32:10.0 (140532883)|WF_SPOOL_ACTION_BEGIN|Workflow
11:32:10.0 (140571476)|WF_ACTION| Flow Trigger: 2;
11:32:10.0 (140582607)|WF_RULE_EVAL_END
11:32:10.0 (141829248)|WF_FLOW_ACTION_BEGIN|09L6F000000PWtL
11:32:10.143 (143477945)|FLOW_CREATE_INTERVIEW_BEGIN|00D90000000IJSa|3006F00000091km|3016F0000005i0e
11:32:10.143 (144188805)|FLOW_CREATE_INTERVIEW_END|52134c6917b456ea80b66c7a4fcf1669e7147fe-466d|Update Callback Request Due Date
11:32:10.144 (144716125)|FLOW_START_INTERVIEWS_BEGIN|1
11:32:10.144 (144743036)|FLOW_START_INTERVIEW_BEGIN|52134c6917b456ea80b66c7a4fcf1669e7147fe-466d|Update Callback Request Due Date
11:32:10.144 (147498642)|FLOW_START_INTERVIEW_END|52134c6917b456ea80b66c7a4fcf1669e7147fe-466d|Update Callback Request Due Date
11:32:10.144 (147524521)|FLOW_START_INTERVIEWS_END|1
11:32:10.0 (148802256)|WF_FLOW_ACTION_END|09L6F000000PWtL
11:32:10.0 (148833313)|WF_FLOW_ACTION_BEGIN|09L6F000000PGTV
11:32:10.150 (150376774)|FLOW_CREATE_INTERVIEW_BEGIN|00D90000000IJSa|3006F0000008usA|3016F00000054R3
11:32:10.150 (151168572)|FLOW_CREATE_INTERVIEW_END|52144c6917b456ea80b66c7a4fcf1669e7147fe-466e|Call Monitoring
11:32:10.151 (151578289)|FLOW_START_INTERVIEWS_BEGIN|1
11:32:10.151 (151602821)|FLOW_START_INTERVIEW_BEGIN|52144c6917b456ea80b66c7a4fcf1669e7147fe-466e|Call Monitoring
11:32:10.151 (154205106)|FLOW_START_INTERVIEW_END|52144c6917b456ea80b66c7a4fcf1669e7147fe-466e|Call Monitoring
11:32:10.151 (154228111)|FLOW_START_INTERVIEWS_END|1
11:32:10.0 (154852167)|WF_FLOW_ACTION_END|09L6F000000PGTV
11:32:10.0 (155057255)|WF_ACTIONS_END| Flow Trigger: 2;
11:32:10.0 (155070216)|CODE_UNIT_FINISHED|Workflow:Task
11:32:10.0 (177791054)|CODE_UNIT_FINISHED|TRIGGERS
11:32:10.0 (177808235)|EXECUTION_FINISHED
