25.0 APEX_CODE,FINEST;APEX_PROFILING,INFO;CALLOUT,INFO;DB,INFO;NBA,INFO;SYSTEM,DEBUG;VALIDATION,INFO;VISUALFORCE,INFO;WAVE,INFO;WORKFLOW,INFO
18:28:04.0 (98776)|USER_INFO|[EXTERNAL]|00590000000Vmmq|ben@bjbglobal.com.au|Australian Eastern Standard Time|GMT+10:00
18:28:04.0 (143189)|EXECUTION_STARTED
18:28:04.0 (149118)|CODE_UNIT_STARTED|[EXTERNAL]|06690000001n1iJ|VF: /apex/ClientHistoryView
18:28:04.0 (8374513)|SYSTEM_MODE_ENTER|true
18:28:04.0 (8835765)|HEAP_ALLOCATE|[72]|Bytes:3
18:28:04.0 (8873972)|HEAP_ALLOCATE|[77]|Bytes:152
18:28:04.0 (8886917)|HEAP_ALLOCATE|[342]|Bytes:408
18:28:04.0 (8900780)|HEAP_ALLOCATE|[355]|Bytes:408
18:28:04.0 (8911595)|HEAP_ALLOCATE|[467]|Bytes:48
18:28:04.0 (8938507)|HEAP_ALLOCATE|[139]|Bytes:6
18:28:04.0 (8955387)|HEAP_ALLOCATE|[EXTERNAL]|Bytes:22
18:28:04.0 (8961495)|HEAP_ALLOCATE|[EXTERNAL]|Bytes:124
18:28:04.0 (8965073)|HEAP_ALLOCATE|[EXTERNAL]|Bytes:5
18:28:04.0 (8969501)|HEAP_ALLOCATE|[EXTERNAL]|Bytes:163
18:28:04.0 (8980648)|METHOD_ENTRY|[1]|01p90000001romu|ClientHistoryController.ClientHistoryController()
18:28:04.0 (8988214)|STATEMENT_EXECUTE|[1]
18:28:04.0 (8993505)|STATEMENT_EXECUTE|[1]
18:28:04.0 (9047498)|HEAP_ALLOCATE|[50]|Bytes:5
18:28:04.0 (9070850)|HEAP_ALLOCATE|[56]|Bytes:5
18:28:04.0 (9079568)|HEAP_ALLOCATE|[64]|Bytes:7
18:28:04.0 (9094965)|SYSTEM_MODE_ENTER|false
18:28:04.0 (9106474)|HEAP_ALLOCATE|[EXTERNAL]|Bytes:5
18:28:04.0 (9110925)|STATEMENT_EXECUTE|[63]
18:28:04.0 (9113145)|STATEMENT_EXECUTE|[93]
18:28:04.0 (9117364)|SYSTEM_MODE_EXIT|false
18:28:04.0 (9125699)|METHOD_EXIT|[1]|ClientHistoryController
18:28:04.0 (9357029)|HEAP_ALLOCATE|[EXTERNAL]|Bytes:12
18:28:04.0 (9375125)|VARIABLE_SCOPE_BEGIN|[5]|this|ClientHistoryController|true|false
18:28:04.0 (9430702)|VARIABLE_ASSIGNMENT|[5]|this|{}|0x61847fa0
18:28:04.0 (9439992)|VARIABLE_SCOPE_BEGIN|[5]|controller|ApexPages.StandardController|true|false
18:28:04.0 (9695024)|VARIABLE_ASSIGNMENT|[5]|controller|"StandardController [null]"|0x1c37e460
18:28:04.0 (9714468)|SYSTEM_MODE_ENTER|false
18:28:04.0 (9722841)|HEAP_ALLOCATE|[6]|Bytes:5
18:28:04.0 (9728856)|STATEMENT_EXECUTE|[1]
18:28:04.0 (9732305)|HEAP_ALLOCATE|[6]|Bytes:5
18:28:04.0 (9735585)|STATEMENT_EXECUTE|[2]
18:28:04.0 (9755196)|STATEMENT_EXECUTE|[3]
18:28:04.0 (9769733)|HEAP_ALLOCATE|[6]|Bytes:6
18:28:04.0 (9815421)|STATEMENT_EXECUTE|[5]
18:28:04.0 (9818843)|STATEMENT_EXECUTE|[6]
18:28:04.0 (16649591)|HEAP_ALLOCATE|[6]|Bytes:12
18:28:04.0 (16690911)|VARIABLE_SCOPE_BEGIN|[6]|acc|Account|true|false
18:28:04.0 (16731036)|VARIABLE_ASSIGNMENT|[6]|acc|{"CurrencyIsoCode":"AUD","Id":"0019000000EEhNvAAL"}|0x6bf33304
18:28:04.0 (16740508)|STATEMENT_EXECUTE|[9]
18:28:04.0 (16768441)|HEAP_ALLOCATE|[9]|Bytes:134
18:28:04.0 (16795121)|HEAP_ALLOCATE|[9]|Bytes:4
18:28:04.0 (16817814)|HEAP_ALLOCATE|[9]|Bytes:7
18:28:04.0 (17851307)|SOQL_EXECUTE_BEGIN|[9]|Aggregations:0|SELECT name, ID FROM Account_Product__c WHERE (Account__c = :tmpVar1 AND recurring_period__c != NULL AND recurring_period__c != 'N/A')
18:28:04.0 (23322290)|SOQL_EXECUTE_END|[9]|Rows:1
18:28:04.0 (23363148)|HEAP_ALLOCATE|[9]|Bytes:8
18:28:04.0 (23384643)|HEAP_ALLOCATE|[9]|Bytes:137
18:28:04.0 (23478105)|HEAP_ALLOCATE|[9]|Bytes:8
18:28:04.0 (23499753)|VARIABLE_SCOPE_BEGIN|[9]|aps|List<Account_Product__c>|true|false
18:28:04.0 (23552580)|VARIABLE_ASSIGNMENT|[9]|aps|[{"Name":"Social Engage - Simp (20 more) ...","Id":"a076F00000qLJbkQAG","RecordTypeId":"0126F000001zXB3QAM","CurrencyIsoCode":"AUD"}]|0x64ea8f8c
18:28:04.0 (23562292)|STATEMENT_EXECUTE|[11]
18:28:04.0 (23582137)|HEAP_ALLOCATE|[11]|Bytes:4
18:28:04.0 (23669051)|VARIABLE_SCOPE_BEGIN|[11]|phs|List<ClientHistoryController.productHistory>|true|false
18:28:04.0 (23692378)|HEAP_ALLOCATE|[EXTERNAL]|Bytes:4
18:28:04.0 (23703345)|VARIABLE_ASSIGNMENT|[11]|phs|[]|0xf400f04
18:28:04.0 (23925354)|HEAP_ALLOCATE|[13]|Bytes:5
18:28:04.0 (23951644)|HEAP_ALLOCATE|[13]|Bytes:20
18:28:04.0 (23962426)|VARIABLE_SCOPE_BEGIN|[13]|ap|Account_Product__c|true|false
18:28:04.0 (23986822)|VARIABLE_ASSIGNMENT|[13]|ap|{"Name":"Social Engage - Simp (20 more) ...","Id":"a076F00000qLJbkQAG","RecordTypeId":"0126F000001zXB3QAM","CurrencyIsoCode":"AUD"}|0x687f22f7
18:28:04.0 (23995324)|STATEMENT_EXECUTE|[13]
18:28:04.0 (23997530)|STATEMENT_EXECUTE|[14]
18:28:04.0 (24008068)|HEAP_ALLOCATE|[14]|Bytes:140
18:28:04.0 (24029682)|HEAP_ALLOCATE|[14]|Bytes:4
18:28:04.0 (25382098)|SOQL_EXECUTE_BEGIN|[14]|Aggregations:0|SELECT Type__c, Start_Date__c, End_Date__c FROM Client_History__c WHERE Account_Product__c = :tmpVar1 ORDER BY Start_Date__c ASC NULLS FIRST
18:28:04.0 (32453275)|SOQL_EXECUTE_END|[14]|Rows:1
18:28:04.0 (32508494)|HEAP_ALLOCATE|[14]|Bytes:8
18:28:04.0 (32540928)|HEAP_ALLOCATE|[14]|Bytes:106
18:28:04.0 (32629993)|HEAP_ALLOCATE|[14]|Bytes:8
18:28:04.0 (32654046)|VARIABLE_SCOPE_BEGIN|[14]|chs|List<Client_History__c>|true|false
18:28:04.0 (32729825)|VARIABLE_ASSIGNMENT|[14]|chs|[{"Type__c":"Pending Linking","Start_Date__c":"2018-09-28T00:00:00.000Z","Id":"a1E6F000006iPL9UAM","CurrencyIsoCode":"AUD"}]|0x6ce30694
18:28:04.0 (32739642)|STATEMENT_EXECUTE|[15]
18:28:04.0 (33101694)|HEAP_ALLOCATE|[15]|Bytes:4
18:28:04.0 (33183517)|VARIABLE_SCOPE_BEGIN|[15]|histories|List<ClientHistoryController.history>|true|false
18:28:04.0 (33207773)|HEAP_ALLOCATE|[EXTERNAL]|Bytes:4
18:28:04.0 (33220304)|VARIABLE_ASSIGNMENT|[15]|histories|[]|0x61dae7fb
18:28:04.0 (33228025)|STATEMENT_EXECUTE|[17]
18:28:04.0 (33241927)|VARIABLE_SCOPE_BEGIN|[17]|i|Integer|false|false
18:28:04.0 (33254267)|HEAP_ALLOCATE|[17]|Bytes:4
18:28:04.0 (33263388)|VARIABLE_ASSIGNMENT|[17]|i|0
18:28:04.0 (33324816)|STATEMENT_EXECUTE|[17]
18:28:04.0 (33327192)|STATEMENT_EXECUTE|[18]
18:28:04.0 (33414808)|HEAP_ALLOCATE|[18]|Bytes:168
18:28:04.0 (33424577)|HEAP_ALLOCATE|[18]|Bytes:23
18:28:04.0 (33442491)|HEAP_ALLOCATE|[18]|Bytes:24
18:28:04.0 (33460571)|CONSTRUCTOR_ENTRY|[18]|01p90000001romu|<init>()|ClientHistoryController.history
18:28:04.0 (33491478)|VARIABLE_SCOPE_BEGIN|[63]|this|ClientHistoryController.history|true|false
18:28:04.0 (33536525)|VARIABLE_ASSIGNMENT|[63]|this|{}|0x46a4ba22
18:28:04.0 (33561003)|STATEMENT_EXECUTE|[63]
18:28:04.0 (33563198)|STATEMENT_EXECUTE|[64]
18:28:04.0 (33570867)|STATEMENT_EXECUTE|[65]
18:28:04.0 (33574646)|STATEMENT_EXECUTE|[66]
18:28:04.0 (33577939)|STATEMENT_EXECUTE|[67]
18:28:04.0 (33581834)|STATEMENT_EXECUTE|[75]
18:28:04.0 (33587941)|CONSTRUCTOR_EXIT|[18]|01p90000001romu|<init>()|ClientHistoryController.history
18:28:04.0 (33596450)|VARIABLE_SCOPE_BEGIN|[18]|h|ClientHistoryController.history|true|false
18:28:04.0 (33624381)|VARIABLE_ASSIGNMENT|[18]|h|{}|0x46a4ba22
18:28:04.0 (33639084)|STATEMENT_EXECUTE|[19]
18:28:04.0 (33666774)|HEAP_ALLOCATE|[19]|Bytes:20
18:28:04.0 (33803696)|VARIABLE_ASSIGNMENT|[EXTERNAL]|this|{}|0x46a4ba22
18:28:04.0 (33828593)|VARIABLE_ASSIGNMENT|[EXTERNAL]|value|"Pending Linking"
18:28:04.0 (33852193)|VARIABLE_ASSIGNMENT|[67]|this.label|"Pending Linking"|0x46a4ba22
18:28:04.0 (33904101)|VARIABLE_ASSIGNMENT|[EXTERNAL]|this|{"label":"Pending Linking"}|0x46a4ba22
18:28:04.0 (33921330)|HEAP_ALLOCATE|[20]|Bytes:6
18:28:04.0 (33987026)|VARIABLE_ASSIGNMENT|[EXTERNAL]|this|{"label":"Pending Linking"}|0x46a4ba22
18:28:04.0 (34008479)|HEAP_ALLOCATE|[22]|Bytes:6
18:28:04.0 (34063965)|VARIABLE_ASSIGNMENT|[EXTERNAL]|this|{"label":"Pending Linking"}|0x46a4ba22
18:28:04.0 (34085502)|HEAP_ALLOCATE|[24]|Bytes:9
18:28:04.0 (34129094)|VARIABLE_ASSIGNMENT|[EXTERNAL]|this|{"label":"Pending Linking"}|0x46a4ba22
18:28:04.0 (34142539)|HEAP_ALLOCATE|[26]|Bytes:5
18:28:04.0 (34172691)|VARIABLE_ASSIGNMENT|[EXTERNAL]|this|{"label":"Pending Linking"}|0x46a4ba22
18:28:04.0 (34193177)|HEAP_ALLOCATE|[28]|Bytes:9
18:28:04.0 (34207593)|STATEMENT_EXECUTE|[30]
18:28:04.0 (34210690)|STATEMENT_EXECUTE|[31]
18:28:04.0 (34222471)|HEAP_ALLOCATE|[31]|Bytes:9
18:28:04.0 (34295572)|VARIABLE_ASSIGNMENT|[EXTERNAL]|this|{"label":"Pending Linking"}|0x46a4ba22
18:28:04.0 (34315330)|VARIABLE_ASSIGNMENT|[EXTERNAL]|value|"ganttBlue"
18:28:04.0 (34333105)|VARIABLE_ASSIGNMENT|[75]|this.customClass|"ganttBlue"|0x46a4ba22
18:28:04.0 (34347371)|STATEMENT_EXECUTE|[33]
18:28:04.0 (34368120)|HEAP_ALLOCATE|[33]|Bytes:20
18:28:04.0 (34475198)|HEAP_ALLOCATE|[33]|Bytes:20
18:28:04.0 (34516992)|HEAP_ALLOCATE|[33]|Bytes:20
18:28:04.0 (34568019)|HEAP_ALLOCATE|[33]|Bytes:56
18:28:04.0 (34593275)|VARIABLE_SCOPE_BEGIN|[33]|startdate|Datetime|false|false
18:28:04.0 (34643336)|VARIABLE_ASSIGNMENT|[33]|startdate|"2018-09-28T00:00:00.000Z"
18:28:04.0 (34652254)|STATEMENT_EXECUTE|[34]
18:28:04.0 (34731862)|HEAP_ALLOCATE|[74]|Bytes:4
18:28:04.0 (34772928)|HEAP_ALLOCATE|[34]|Bytes:12
18:28:04.0 (34816877)|HEAP_ALLOCATE|[34]|Bytes:13
18:28:04.0 (34862073)|METHOD_ENTRY|[34]|01p90000001romu|ClientHistoryController.history.setFromDate(String)
18:28:04.0 (34874887)|VARIABLE_SCOPE_BEGIN|[81]|this|ClientHistoryController.history|true|false
18:28:04.0 (34918077)|VARIABLE_ASSIGNMENT|[81]|this|{"customClass":"ganttBlue","label":"Pending Linking"}|0x46a4ba22
18:28:04.0 (34929317)|VARIABLE_SCOPE_BEGIN|[81]|val|String|false|false
18:28:04.0 (34943345)|VARIABLE_ASSIGNMENT|[81]|val|"1538092800000"
18:28:04.0 (34954997)|STATEMENT_EXECUTE|[82]
18:28:04.0 (34957815)|STATEMENT_EXECUTE|[83]
18:28:04.0 (34986979)|METHOD_ENTRY|[83]|01p90000001romu|ClientHistoryController.history.setDate(String)
18:28:04.0 (35037225)|VARIABLE_SCOPE_BEGIN|[87]|this|ClientHistoryController.history|true|false
18:28:04.0 (35077979)|VARIABLE_ASSIGNMENT|[87]|this|{"customClass":"ganttBlue","label":"Pending Linking"}|0x46a4ba22
18:28:04.0 (35088903)|VARIABLE_SCOPE_BEGIN|[87]|val|String|false|false
18:28:04.0 (35102161)|VARIABLE_ASSIGNMENT|[87]|val|"1538092800000"
18:28:04.0 (35111850)|STATEMENT_EXECUTE|[88]
18:28:04.0 (35114941)|STATEMENT_EXECUTE|[89]
18:28:04.0 (35127220)|HEAP_ALLOCATE|[89]|Bytes:6
18:28:04.0 (35135543)|HEAP_ALLOCATE|[89]|Bytes:2
18:28:04.0 (35151575)|HEAP_ALLOCATE|[89]|Bytes:21
18:28:04.0 (35164591)|METHOD_EXIT|[83]|01p90000001romu|ClientHistoryController.history.setDate(String)
18:28:04.0 (35214373)|VARIABLE_ASSIGNMENT|[EXTERNAL]|this|{"customClass":"ganttBlue","label":"Pending Linking"}|0x46a4ba22
18:28:04.0 (35233058)|VARIABLE_ASSIGNMENT|[EXTERNAL]|value|"/Date(1538092800000) (1 more) ..."
18:28:04.0 (35256552)|VARIABLE_ASSIGNMENT|[64]|this.from_c|"/Date(1538092800000) (1 more) ..."|0x46a4ba22
18:28:04.0 (35276384)|METHOD_EXIT|[34]|01p90000001romu|ClientHistoryController.history.setFromDate(String)
18:28:04.0 (35295504)|HEAP_ALLOCATE|[35]|Bytes:20
18:28:04.0 (35309380)|STATEMENT_EXECUTE|[35]
18:28:04.0 (35312055)|STATEMENT_EXECUTE|[36]
18:28:04.0 (35367045)|HEAP_ALLOCATE|[36]|Bytes:56
18:28:04.0 (35396484)|HEAP_ALLOCATE|[36]|Bytes:12
18:28:04.0 (35423103)|HEAP_ALLOCATE|[36]|Bytes:13
18:28:04.0 (35449765)|METHOD_ENTRY|[36]|01p90000001romu|ClientHistoryController.history.setToDate(String)
18:28:04.0 (35461427)|VARIABLE_SCOPE_BEGIN|[77]|this|ClientHistoryController.history|true|false
18:28:04.0 (35500172)|VARIABLE_ASSIGNMENT|[77]|this|{"customClass":"ganttBlue","from_c":"/Date(1538092800000) (1 more) ...","label":"Pending Linking"}|0x46a4ba22
18:28:04.0 (35511748)|VARIABLE_SCOPE_BEGIN|[77]|val|String|false|false
18:28:04.0 (35526300)|VARIABLE_ASSIGNMENT|[77]|val|"1538123284525"
18:28:04.0 (35534901)|STATEMENT_EXECUTE|[78]
18:28:04.0 (35537573)|STATEMENT_EXECUTE|[79]
18:28:04.0 (35556694)|METHOD_ENTRY|[79]|01p90000001romu|ClientHistoryController.history.setDate(String)
18:28:04.0 (35576544)|VARIABLE_SCOPE_BEGIN|[87]|this|ClientHistoryController.history|true|false
18:28:04.0 (35619272)|VARIABLE_ASSIGNMENT|[87]|this|{"customClass":"ganttBlue","from_c":"/Date(1538092800000) (1 more) ...","label":"Pending Linking"}|0x46a4ba22
18:28:04.0 (35629218)|VARIABLE_SCOPE_BEGIN|[87]|val|String|false|false
18:28:04.0 (35645294)|VARIABLE_ASSIGNMENT|[87]|val|"1538123284525"
18:28:04.0 (35654285)|STATEMENT_EXECUTE|[88]
18:28:04.0 (35656837)|STATEMENT_EXECUTE|[89]
18:28:04.0 (35673272)|HEAP_ALLOCATE|[89]|Bytes:21
18:28:04.0 (35686000)|METHOD_EXIT|[79]|01p90000001romu|ClientHistoryController.history.setDate(String)
18:28:04.0 (35738476)|VARIABLE_ASSIGNMENT|[EXTERNAL]|this|{"customClass":"ganttBlue","from_c":"/Date(1538092800000) (1 more) ...","label":"Pending Linking"}|0x46a4ba22
18:28:04.0 (35767149)|VARIABLE_ASSIGNMENT|[EXTERNAL]|value|"/Date(1538123284525) (1 more) ..."
18:28:04.0 (35788536)|VARIABLE_ASSIGNMENT|[65]|this.to|"/Date(1538123284525) (1 more) ..."|0x46a4ba22
18:28:04.0 (35807229)|METHOD_EXIT|[36]|01p90000001romu|ClientHistoryController.history.setToDate(String)
18:28:04.0 (35816518)|STATEMENT_EXECUTE|[37]
18:28:04.0 (35838505)|HEAP_ALLOCATE|[37]|Bytes:20
18:28:04.0 (35935887)|HEAP_ALLOCATE|[37]|Bytes:10
18:28:04.0 (35953900)|HEAP_ALLOCATE|[37]|Bytes:11
18:28:04.0 (35972788)|HEAP_ALLOCATE|[37]|Bytes:21
18:28:04.0 (36027205)|VARIABLE_ASSIGNMENT|[EXTERNAL]|this|{"customClass":"ganttBlue","from_c":"/Date(1538092800000) (1 more) ...","label":"Pending Linking","to":"/Date(1538123284525) (1 more) ..."}|0x46a4ba22
18:28:04.0 (36048517)|VARIABLE_ASSIGNMENT|[EXTERNAL]|value|"28/09/2018 continuin (1 more) ..."
18:28:04.0 (36066259)|VARIABLE_ASSIGNMENT|[66]|this.desc_c|"28/09/2018 continuin (1 more) ..."|0x46a4ba22
18:28:04.0 (36087124)|STATEMENT_EXECUTE|[43]
18:28:04.0 (36147622)|HEAP_ALLOCATE|[EXTERNAL]|Bytes:4
18:28:04.0 (36163849)|HEAP_ALLOCATE|[17]|Bytes:4
18:28:04.0 (36176806)|VARIABLE_ASSIGNMENT|[17]|i|1
18:28:04.0 (36201522)|STATEMENT_EXECUTE|[46]
18:28:04.0 (36308693)|HEAP_ALLOCATE|[46]|Bytes:108
18:28:04.0 (36321644)|HEAP_ALLOCATE|[46]|Bytes:5
18:28:04.0 (36344588)|HEAP_ALLOCATE|[46]|Bytes:12
18:28:04.0 (36370345)|CONSTRUCTOR_ENTRY|[46]|01p90000001romu|<init>()|ClientHistoryController.productHistory
18:28:04.0 (36404882)|VARIABLE_SCOPE_BEGIN|[93]|this|ClientHistoryController.productHistory|true|false
18:28:04.0 (36444337)|VARIABLE_ASSIGNMENT|[93]|this|{}|0x66823b8a
18:28:04.0 (36478615)|STATEMENT_EXECUTE|[93]
18:28:04.0 (36481934)|STATEMENT_EXECUTE|[94]
18:28:04.0 (36491917)|STATEMENT_EXECUTE|[95]
18:28:04.0 (36501744)|CONSTRUCTOR_EXIT|[46]|01p90000001romu|<init>()|ClientHistoryController.productHistory
18:28:04.0 (36513608)|VARIABLE_SCOPE_BEGIN|[46]|ph|ClientHistoryController.productHistory|true|false
18:28:04.0 (36539179)|VARIABLE_ASSIGNMENT|[46]|ph|{}|0x66823b8a
18:28:04.0 (36548669)|STATEMENT_EXECUTE|[47]
18:28:04.0 (36662484)|VARIABLE_ASSIGNMENT|[EXTERNAL]|this|{}|0x66823b8a
18:28:04.0 (36689272)|VARIABLE_ASSIGNMENT|[EXTERNAL]|value|"Social Engage - Simp (20 more) ..."
18:28:04.0 (36708813)|VARIABLE_ASSIGNMENT|[94]|this.name|"Social Engage - Simp (20 more) ..."|0x66823b8a
18:28:04.0 (36726333)|STATEMENT_EXECUTE|[48]
18:28:04.0 (36807152)|VARIABLE_ASSIGNMENT|[EXTERNAL]|this|{"name":"Social Engage - Simp (20 more) ..."}|0x66823b8a
18:28:04.0 (36857309)|VARIABLE_ASSIGNMENT|[EXTERNAL]|value|[{"customClass":"ganttBlue","desc_c":"28/09/2018 continuin (1 more) ...","from_c":"/Date(1538092800000) (1 more) ...","label":"Pending Linking","to":"/Date(1538123284525) (1 more) ..."}]|0x61dae7fb
18:28:04.0 (36900467)|VARIABLE_ASSIGNMENT|[95]|this.values|[{"customClass":"ganttBlue","desc_c":"28/09/2018 continuin (1 more) ...","from_c":"/Date(1538092800000) (1 more) ...","label":"Pending Linking","to":"/Date(1538123284525) (1 more) ..."}]|0x66823b8a
18:28:04.0 (36918217)|STATEMENT_EXECUTE|[50]
18:28:04.0 (36967083)|HEAP_ALLOCATE|[EXTERNAL]|Bytes:4
18:28:04.0 (36995828)|HEAP_ALLOCATE|[13]|Bytes:5
18:28:04.0 (37019377)|VARIABLE_ASSIGNMENT|[13]|ap|null|
18:28:04.0 (37028627)|STATEMENT_EXECUTE|[55]
18:28:04.0 (37112394)|HEAP_ALLOCATE|[55]|Bytes:24
18:28:04.0 (37133018)|SYSTEM_METHOD_ENTRY|[1]|JSON.JSON()
18:28:04.0 (37139836)|STATEMENT_EXECUTE|[1]
18:28:04.0 (37149679)|SYSTEM_METHOD_EXIT|[1]|JSON
18:28:04.0 (37165544)|METHOD_ENTRY|[55]||System.JSON.serialize(Object)
18:28:04.0 (38005897)|METHOD_EXIT|[55]||System.JSON.serialize(Object)
18:28:04.0 (38020145)|HEAP_ALLOCATE|[55]|Bytes:6
18:28:04.0 (38028480)|HEAP_ALLOCATE|[55]|Bytes:4
18:28:04.0 (38086012)|HEAP_ALLOCATE|[55]|Bytes:211
18:28:04.0 (38104331)|HEAP_ALLOCATE|[55]|Bytes:6
18:28:04.0 (38110812)|HEAP_ALLOCATE|[55]|Bytes:4
18:28:04.0 (38133971)|HEAP_ALLOCATE|[55]|Bytes:209
18:28:04.0 (38185386)|VARIABLE_ASSIGNMENT|[EXTERNAL]|this|{}|0x61847fa0
18:28:04.0 (38206872)|VARIABLE_ASSIGNMENT|[EXTERNAL]|value|"[{\"values\":[{\"to\":\"/ (189 more) ..."
18:28:04.0 (38225829)|VARIABLE_ASSIGNMENT|[3]|this.productHistoryJson|"[{\"values\":[{\"to\":\"/ (189 more) ..."|0x61847fa0
18:28:04.0 (38244871)|SYSTEM_MODE_EXIT|false
18:28:04.0 (46422966)|SYSTEM_MODE_ENTER|true
18:28:04.49 (49924001)|CUMULATIVE_LIMIT_USAGE
18:28:04.49 (49924001)|LIMIT_USAGE_FOR_NS|(default)|
  Number of SOQL queries: 2 out of 100
  Number of query rows: 2 out of 50000
  Number of SOSL queries: 0 out of 20
  Number of DML statements: 0 out of 150
  Number of DML rows: 0 out of 10000
  Maximum CPU time: 0 out of 10000
  Maximum heap size: 0 out of 6000000
  Number of callouts: 0 out of 100
  Number of Email Invocations: 0 out of 10
  Number of future calls: 0 out of 50
  Number of queueable jobs added to the queue: 0 out of 50
  Number of Mobile Apex push calls: 0 out of 10

18:28:04.49 (49924001)|CUMULATIVE_LIMIT_USAGE_END

18:28:04.0 (49975093)|CODE_UNIT_FINISHED|VF: /apex/ClientHistoryView
18:28:04.0 (50859765)|EXECUTION_FINISHED
