37.0 APEX_CODE,FINEST;APEX_PROFILING,INFO;CALLOUT,INFO;DB,INFO;NBA,INFO;SYSTEM,DEBUG;VALIDATION,INFO;VISUALFORCE,INFO;WAVE,INFO;WORKFLOW,INFO
19:05:29.17 (17230156)|ENTERING_MANAGED_PKG|Centify
19:05:29.17 (21447286)|ENTERING_MANAGED_PKG|Centify
19:05:29.17 (23282957)|ENTERING_MANAGED_PKG|Centify
19:05:29.17 (23396230)|ENTERING_MANAGED_PKG|Centify
19:05:29.17 (23445099)|ENTERING_MANAGED_PKG|Centify
19:05:29.17 (24066826)|ENTERING_MANAGED_PKG|Centify
19:05:29.17 (24278755)|ENTERING_MANAGED_PKG|Centify
19:05:29.17 (24304805)|ENTERING_MANAGED_PKG|Centify
19:05:29.17 (24376030)|ENTERING_MANAGED_PKG|Centify
19:05:29.17 (24423940)|ENTERING_MANAGED_PKG|Centify
19:05:29.17 (24461391)|ENTERING_MANAGED_PKG|Centify
19:05:29.17 (24481937)|ENTERING_MANAGED_PKG|Centify
19:05:29.17 (24499048)|ENTERING_MANAGED_PKG|Centify
19:05:29.17 (24658185)|ENTERING_MANAGED_PKG|Centify
19:05:29.17 (73189426)|ENTERING_MANAGED_PKG|Centify
19:05:29.17 (73299445)|ENTERING_MANAGED_PKG|Centify
19:05:29.17 (73482547)|ENTERING_MANAGED_PKG|Centify
19:05:29.17 (73555186)|ENTERING_MANAGED_PKG|Centify
19:05:29.17 (273662323)|ENTERING_MANAGED_PKG|Centify
19:05:29.17 (316336401)|ENTERING_MANAGED_PKG|Centify
19:05:29.17 (327373308)|ENTERING_MANAGED_PKG|Centify
19:05:29.17 (327427555)|ENTERING_MANAGED_PKG|Centify
19:05:29.17 (327499843)|ENTERING_MANAGED_PKG|Centify
19:05:29.17 (327529154)|ENTERING_MANAGED_PKG|Centify
19:05:29.17 (327588719)|ENTERING_MANAGED_PKG|Centify
19:05:29.17 (356851182)|ENTERING_MANAGED_PKG|Centify
19:05:29.17 (372748408)|ENTERING_MANAGED_PKG|Centify
19:05:29.17 (372826422)|ENTERING_MANAGED_PKG|Centify
19:05:29.17 (372942888)|ENTERING_MANAGED_PKG|Centify
19:05:29.17 (372991717)|ENTERING_MANAGED_PKG|Centify
19:05:29.17 (373094129)|ENTERING_MANAGED_PKG|Centify
19:05:29.17 (403954860)|ENTERING_MANAGED_PKG|Centify
19:05:29.17 (419033575)|ENTERING_MANAGED_PKG|Centify
19:05:29.17 (419091062)|ENTERING_MANAGED_PKG|Centify
19:05:29.17 (419162156)|ENTERING_MANAGED_PKG|Centify
19:05:29.17 (419192185)|ENTERING_MANAGED_PKG|Centify
19:05:29.17 (419271009)|ENTERING_MANAGED_PKG|Centify
19:05:29.17 (445727841)|ENTERING_MANAGED_PKG|Centify
19:05:29.17 (460007881)|ENTERING_MANAGED_PKG|Centify
19:05:29.17 (460059588)|ENTERING_MANAGED_PKG|Centify
19:05:29.17 (460130545)|ENTERING_MANAGED_PKG|Centify
19:05:29.17 (460159866)|ENTERING_MANAGED_PKG|Centify
19:05:29.17 (460219734)|ENTERING_MANAGED_PKG|Centify
19:05:29.17 (490361783)|ENTERING_MANAGED_PKG|Centify
19:05:29.17 (544784826)|ENTERING_MANAGED_PKG|Centify
19:05:29.17 (544851799)|ENTERING_MANAGED_PKG|Centify
19:05:29.17 (544953495)|ENTERING_MANAGED_PKG|Centify
19:05:29.17 (544997055)|ENTERING_MANAGED_PKG|Centify
19:05:29.17 (545085546)|ENTERING_MANAGED_PKG|Centify
19:05:29.17 (577426078)|ENTERING_MANAGED_PKG|Centify
19:05:29.17 (596049058)|ENTERING_MANAGED_PKG|Centify
19:05:29.17 (596135476)|ENTERING_MANAGED_PKG|Centify
19:05:29.17 (596231376)|ENTERING_MANAGED_PKG|Centify
19:05:29.17 (596270107)|ENTERING_MANAGED_PKG|Centify
19:05:29.17 (596348242)|ENTERING_MANAGED_PKG|Centify
19:05:29.17 (628714499)|ENTERING_MANAGED_PKG|Centify
19:05:29.17 (645440316)|ENTERING_MANAGED_PKG|Centify
19:05:29.17 (645492767)|ENTERING_MANAGED_PKG|Centify
19:05:29.17 (645564510)|ENTERING_MANAGED_PKG|Centify
19:05:29.17 (645594797)|ENTERING_MANAGED_PKG|Centify
19:05:29.17 (645654484)|ENTERING_MANAGED_PKG|Centify
19:05:29.17 (673709015)|ENTERING_MANAGED_PKG|Centify
19:05:29.17 (687714358)|ENTERING_MANAGED_PKG|Centify
19:05:29.17 (687766790)|ENTERING_MANAGED_PKG|Centify
19:05:29.17 (687844208)|ENTERING_MANAGED_PKG|Centify
19:05:29.17 (687873086)|ENTERING_MANAGED_PKG|Centify
19:05:29.17 (687932968)|ENTERING_MANAGED_PKG|Centify
19:05:29.17 (714207629)|ENTERING_MANAGED_PKG|Centify
19:05:29.17 (728136209)|ENTERING_MANAGED_PKG|Centify
19:05:29.17 (728191729)|ENTERING_MANAGED_PKG|Centify
19:05:29.17 (728268004)|ENTERING_MANAGED_PKG|Centify
19:05:29.17 (728318873)|ENTERING_MANAGED_PKG|Centify
19:05:29.17 (728417342)|ENTERING_MANAGED_PKG|Centify
19:05:29.17 (759670943)|ENTERING_MANAGED_PKG|Centify
19:05:29.17 (776407927)|ENTERING_MANAGED_PKG|Centify
19:05:29.17 (776860516)|ENTERING_MANAGED_PKG|Centify
19:05:29.17 (790617946)|ENTERING_MANAGED_PKG|Centify
19:05:29.17 (790694591)|ENTERING_MANAGED_PKG|Centify
19:05:29.17 (792820981)|ENTERING_MANAGED_PKG|Centify
19:05:29.17 (792880884)|ENTERING_MANAGED_PKG|Centify
19:05:29.17 (792930546)|ENTERING_MANAGED_PKG|Centify
19:05:29.17 (793003800)|ENTERING_MANAGED_PKG|Centify
19:05:29.17 (798244417)|SOQL_EXECUTE_BEGIN|[19]|Aggregations:0|SELECT Id, OrganizationType FROM Organization LIMIT 1
19:05:29.17 (801748964)|SOQL_EXECUTE_END|[19]|Rows:1
19:05:29.17 (818421316)|ENTERING_MANAGED_PKG|Centify
19:05:29.17 (818497297)|ENTERING_MANAGED_PKG|Centify
19:05:29.17 (818655423)|ENTERING_MANAGED_PKG|Centify
19:05:29.17 (818700565)|ENTERING_MANAGED_PKG|Centify
19:05:29.17 (818742544)|ENTERING_MANAGED_PKG|Centify
19:05:29.17 (819021617)|ENTERING_MANAGED_PKG|Centify
19:05:29.17 (819102641)|ENTERING_MANAGED_PKG|Centify
19:05:29.17 (820160134)|ENTERING_MANAGED_PKG|Centify
19:05:29.17 (820280592)|ENTERING_MANAGED_PKG|Centify
19:05:29.17 (820838237)|ENTERING_MANAGED_PKG|Centify
19:05:29.17 (821529005)|SOQL_EXECUTE_BEGIN|[16]|Aggregations:0|select id,lastmodifieddate,isdeleted,name,createddate,ownerid,status,isconverted,converteddate,company from Lead where LastModifiedDate >2018-09-28T07:00:24Z AND LastModifiedDate < 2018-09-28T09:05:35Z  ORDER BY SystemModStamp DESC LIMIT 5000  ALL ROWS
19:05:29.17 (827530963)|SOQL_EXECUTE_END|[16]|Rows:0
19:05:29.861 (861558801)|CUMULATIVE_LIMIT_USAGE
19:05:29.861 (861558801)|LIMIT_USAGE_FOR_NS|(default)|
  Number of SOQL queries: 0 out of 200
  Number of query rows: 0 out of 50000
  Number of SOSL queries: 0 out of 20
  Number of DML statements: 0 out of 150
  Number of DML rows: 0 out of 10000
  Maximum CPU time: 0 out of 60000
  Maximum heap size: 0 out of 12000000
  Number of callouts: 0 out of 0
  Number of Email Invocations: 0 out of 10
  Number of future calls: 0 out of 0
  Number of queueable jobs added to the queue: 0 out of 1
  Number of Mobile Apex push calls: 0 out of 10

19:05:29.861 (861558801)|LIMIT_USAGE_FOR_NS|Centify|
  Number of SOQL queries: 0 out of 200
  Number of query rows: 0 out of 50000
  Number of SOSL queries: 0 out of 20
  Number of DML statements: 0 out of 150
  Number of DML rows: 0 out of 10000
  Maximum CPU time: 0 out of 60000
  Maximum heap size: 0 out of 12000000
  Number of callouts: 0 out of 0
  Number of Email Invocations: 0 out of 10
  Number of future calls: 0 out of 0
  Number of queueable jobs added to the queue: 0 out of 1
  Number of Mobile Apex push calls: 0 out of 10

19:05:29.861 (861558801)|CUMULATIVE_LIMIT_USAGE_END

