37.0 APEX_CODE,FINEST;APEX_PROFILING,INFO;CALLOUT,INFO;DB,INFO;NBA,INFO;SYSTEM,DEBUG;VALIDATION,INFO;VISUALFORCE,INFO;WAVE,INFO;WORKFLOW,INFO
18:52:00.11 (11118168)|ENTERING_MANAGED_PKG|Centify
18:52:00.11 (12118633)|ENTERING_MANAGED_PKG|Centify
18:52:00.11 (12166854)|ENTERING_MANAGED_PKG|Centify
18:52:00.11 (12600833)|ENTERING_MANAGED_PKG|Centify
18:52:00.11 (12667487)|ENTERING_MANAGED_PKG|Centify
18:52:00.11 (13433134)|ENTERING_MANAGED_PKG|Centify
18:52:00.11 (13550806)|ENTERING_MANAGED_PKG|Centify
18:52:00.11 (16585981)|ENTERING_MANAGED_PKG|Centify
18:52:00.11 (17219008)|ENTERING_MANAGED_PKG|Centify
18:52:00.11 (17362911)|ENTERING_MANAGED_PKG|Centify
18:52:00.11 (17425597)|ENTERING_MANAGED_PKG|Centify
18:52:00.11 (22248550)|ENTERING_MANAGED_PKG|Centify
18:52:00.11 (22331883)|ENTERING_MANAGED_PKG|Centify
18:52:00.11 (22535807)|ENTERING_MANAGED_PKG|Centify
18:52:00.11 (25102545)|ENTERING_MANAGED_PKG|Centify
18:52:00.11 (25152102)|ENTERING_MANAGED_PKG|Centify
18:52:00.11 (25285392)|ENTERING_MANAGED_PKG|Centify
18:52:00.11 (26309477)|ENTERING_MANAGED_PKG|Centify
18:52:00.11 (28074632)|ENTERING_MANAGED_PKG|Centify
18:52:00.11 (28126172)|ENTERING_MANAGED_PKG|Centify
18:52:00.11 (28196555)|ENTERING_MANAGED_PKG|Centify
18:52:00.11 (28959916)|ENTERING_MANAGED_PKG|Centify
18:52:00.11 (28997342)|ENTERING_MANAGED_PKG|Centify
18:52:00.11 (29067514)|ENTERING_MANAGED_PKG|Centify
18:52:00.11 (29896125)|ENTERING_MANAGED_PKG|Centify
18:52:00.11 (33229157)|ENTERING_MANAGED_PKG|Centify
18:52:00.11 (33734058)|ENTERING_MANAGED_PKG|Centify
18:52:00.11 (33862056)|ENTERING_MANAGED_PKG|Centify
18:52:00.11 (35390207)|ENTERING_MANAGED_PKG|Centify
18:52:00.11 (35432457)|ENTERING_MANAGED_PKG|Centify
18:52:00.11 (35511102)|ENTERING_MANAGED_PKG|Centify
18:52:00.11 (35623284)|ENTERING_MANAGED_PKG|Centify
18:52:00.11 (35837709)|ENTERING_MANAGED_PKG|Centify
18:52:00.11 (37826494)|SOQL_EXECUTE_BEGIN|[28]|Aggregations:0|SELECT Id FROM ApexClass WHERE Name = :tmpVar1
18:52:00.11 (45602682)|SOQL_EXECUTE_END|[28]|Rows:1
18:52:00.11 (46433202)|SOQL_EXECUTE_BEGIN|[49]|Aggregations:0|SELECT COUNT() FROM AsyncApexJob WHERE (ApexClassId = :tmpVar1 AND Status IN ('Queued', 'Holding', 'Preparing', 'Processing'))
18:52:00.11 (52690592)|SOQL_EXECUTE_END|[49]|Rows:0
18:52:00.11 (52825234)|ENTERING_MANAGED_PKG|Centify
18:52:00.11 (53101613)|ENTERING_MANAGED_PKG|Centify
18:52:00.11 (53200714)|ENTERING_MANAGED_PKG|Centify
18:52:00.11 (54081155)|ENTERING_MANAGED_PKG|Centify
18:52:00.11 (54405390)|ENTERING_MANAGED_PKG|Centify
18:52:00.11 (54486995)|ENTERING_MANAGED_PKG|Centify
18:52:00.11 (93308394)|ENTERING_MANAGED_PKG|Centify
18:52:00.11 (93429341)|ENTERING_MANAGED_PKG|Centify
18:52:00.11 (104837351)|ENTERING_MANAGED_PKG|Centify
18:52:00.11 (107313223)|ENTERING_MANAGED_PKG|Centify
18:52:00.11 (109121600)|ENTERING_MANAGED_PKG|Centify
18:52:00.11 (111067811)|ENTERING_MANAGED_PKG|Centify
18:52:00.11 (111183277)|ENTERING_MANAGED_PKG|Centify
18:52:00.11 (111226800)|ENTERING_MANAGED_PKG|Centify
18:52:00.11 (111364651)|ENTERING_MANAGED_PKG|Centify
18:52:00.11 (111429000)|ENTERING_MANAGED_PKG|Centify
18:52:00.11 (111685457)|ENTERING_MANAGED_PKG|Centify
18:52:00.11 (111923674)|ENTERING_MANAGED_PKG|Centify
18:52:00.11 (112076204)|ENTERING_MANAGED_PKG|Centify
18:52:00.11 (112253555)|ENTERING_MANAGED_PKG|Centify
18:52:00.11 (112477454)|ENTERING_MANAGED_PKG|Centify
18:52:00.11 (112767565)|ENTERING_MANAGED_PKG|Centify
18:52:00.11 (113039085)|ENTERING_MANAGED_PKG|Centify
18:52:00.11 (113348274)|ENTERING_MANAGED_PKG|Centify
18:52:00.11 (113625509)|ENTERING_MANAGED_PKG|Centify
18:52:00.11 (113899959)|ENTERING_MANAGED_PKG|Centify
18:52:00.11 (114172183)|ENTERING_MANAGED_PKG|Centify
18:52:00.11 (114452125)|ENTERING_MANAGED_PKG|Centify
18:52:00.11 (114726172)|ENTERING_MANAGED_PKG|Centify
18:52:00.11 (115023715)|ENTERING_MANAGED_PKG|Centify
18:52:00.11 (115307242)|ENTERING_MANAGED_PKG|Centify
18:52:00.11 (115944777)|ENTERING_MANAGED_PKG|Centify
18:52:00.11 (116276186)|ENTERING_MANAGED_PKG|Centify
18:52:00.11 (116562074)|ENTERING_MANAGED_PKG|Centify
18:52:00.11 (116866768)|ENTERING_MANAGED_PKG|Centify
18:52:00.11 (117155313)|ENTERING_MANAGED_PKG|Centify
18:52:00.11 (117483700)|ENTERING_MANAGED_PKG|Centify
18:52:00.11 (117772325)|ENTERING_MANAGED_PKG|Centify
18:52:00.11 (118074740)|ENTERING_MANAGED_PKG|Centify
18:52:00.11 (118407363)|ENTERING_MANAGED_PKG|Centify
18:52:00.11 (118690590)|ENTERING_MANAGED_PKG|Centify
18:52:00.11 (118976873)|ENTERING_MANAGED_PKG|Centify
18:52:00.11 (119308743)|ENTERING_MANAGED_PKG|Centify
18:52:00.11 (119613269)|ENTERING_MANAGED_PKG|Centify
18:52:00.11 (119914589)|ENTERING_MANAGED_PKG|Centify
18:52:00.11 (120206768)|ENTERING_MANAGED_PKG|Centify
18:52:00.11 (120363269)|ENTERING_MANAGED_PKG|Centify
18:52:00.11 (120494555)|ENTERING_MANAGED_PKG|Centify
18:52:00.11 (120599593)|ENTERING_MANAGED_PKG|Centify
18:52:00.11 (120870008)|ENTERING_MANAGED_PKG|Centify
18:52:00.11 (120995939)|ENTERING_MANAGED_PKG|Centify
18:52:00.11 (125325016)|ENTERING_MANAGED_PKG|Centify
18:52:00.11 (125421720)|ENTERING_MANAGED_PKG|Centify
18:52:00.11 (125540775)|ENTERING_MANAGED_PKG|Centify
18:52:00.11 (125721841)|ENTERING_MANAGED_PKG|Centify
18:52:00.11 (126075468)|ENTERING_MANAGED_PKG|Centify
18:52:00.11 (126366352)|ENTERING_MANAGED_PKG|Centify
18:52:00.11 (175662539)|ENTERING_MANAGED_PKG|Centify
18:52:00.11 (175750274)|ENTERING_MANAGED_PKG|Centify
18:52:00.11 (191909894)|ENTERING_MANAGED_PKG|Centify
18:52:00.11 (191994596)|ENTERING_MANAGED_PKG|Centify
18:52:00.11 (192186668)|ENTERING_MANAGED_PKG|Centify
18:52:00.11 (192237594)|ENTERING_MANAGED_PKG|Centify
18:52:00.11 (200924100)|ENTERING_MANAGED_PKG|Centify
18:52:00.11 (201187621)|ENTERING_MANAGED_PKG|Centify
18:52:00.11 (201805728)|ENTERING_MANAGED_PKG|Centify
18:52:00.11 (202550974)|ENTERING_MANAGED_PKG|Centify
18:52:00.11 (202604850)|ENTERING_MANAGED_PKG|Centify
18:52:00.11 (202706442)|ENTERING_MANAGED_PKG|Centify
18:52:00.11 (202753169)|ENTERING_MANAGED_PKG|Centify
18:52:00.11 (202875903)|ENTERING_MANAGED_PKG|Centify
18:52:00.11 (203041648)|ENTERING_MANAGED_PKG|Centify
18:52:00.11 (203180266)|ENTERING_MANAGED_PKG|Centify
18:52:00.11 (203311391)|ENTERING_MANAGED_PKG|Centify
18:52:00.11 (203443081)|ENTERING_MANAGED_PKG|Centify
18:52:00.11 (203573723)|ENTERING_MANAGED_PKG|Centify
18:52:00.11 (203701887)|ENTERING_MANAGED_PKG|Centify
18:52:00.11 (203839404)|ENTERING_MANAGED_PKG|Centify
18:52:00.11 (203969238)|ENTERING_MANAGED_PKG|Centify
18:52:00.11 (204098797)|ENTERING_MANAGED_PKG|Centify
18:52:00.11 (204229020)|ENTERING_MANAGED_PKG|Centify
18:52:00.11 (204357909)|ENTERING_MANAGED_PKG|Centify
18:52:00.11 (204487586)|ENTERING_MANAGED_PKG|Centify
18:52:00.11 (204615128)|ENTERING_MANAGED_PKG|Centify
18:52:00.11 (204746793)|ENTERING_MANAGED_PKG|Centify
18:52:00.11 (204881786)|ENTERING_MANAGED_PKG|Centify
18:52:00.11 (205010599)|ENTERING_MANAGED_PKG|Centify
18:52:00.11 (205141692)|ENTERING_MANAGED_PKG|Centify
18:52:00.11 (205342079)|ENTERING_MANAGED_PKG|Centify
18:52:00.11 (205491880)|ENTERING_MANAGED_PKG|Centify
18:52:00.11 (205639476)|ENTERING_MANAGED_PKG|Centify
18:52:00.11 (205784618)|ENTERING_MANAGED_PKG|Centify
18:52:00.11 (205936936)|ENTERING_MANAGED_PKG|Centify
18:52:00.11 (206064994)|ENTERING_MANAGED_PKG|Centify
18:52:00.11 (206194433)|ENTERING_MANAGED_PKG|Centify
18:52:00.11 (206322831)|ENTERING_MANAGED_PKG|Centify
18:52:00.11 (206468732)|ENTERING_MANAGED_PKG|Centify
18:52:00.11 (206613011)|ENTERING_MANAGED_PKG|Centify
18:52:00.11 (206758680)|ENTERING_MANAGED_PKG|Centify
18:52:00.11 (206910041)|ENTERING_MANAGED_PKG|Centify
18:52:00.11 (207055032)|ENTERING_MANAGED_PKG|Centify
18:52:00.11 (207200382)|ENTERING_MANAGED_PKG|Centify
18:52:00.11 (207345777)|ENTERING_MANAGED_PKG|Centify
18:52:00.11 (207490080)|ENTERING_MANAGED_PKG|Centify
18:52:00.11 (207635825)|ENTERING_MANAGED_PKG|Centify
18:52:00.11 (207773296)|ENTERING_MANAGED_PKG|Centify
18:52:00.11 (207915138)|ENTERING_MANAGED_PKG|Centify
18:52:00.11 (208051795)|ENTERING_MANAGED_PKG|Centify
18:52:00.11 (208180259)|ENTERING_MANAGED_PKG|Centify
18:52:00.11 (208305963)|ENTERING_MANAGED_PKG|Centify
18:52:00.11 (208432168)|ENTERING_MANAGED_PKG|Centify
18:52:00.11 (208558066)|ENTERING_MANAGED_PKG|Centify
18:52:00.11 (208683832)|ENTERING_MANAGED_PKG|Centify
18:52:00.11 (208815236)|ENTERING_MANAGED_PKG|Centify
18:52:00.11 (208943401)|ENTERING_MANAGED_PKG|Centify
18:52:00.11 (209069277)|ENTERING_MANAGED_PKG|Centify
18:52:00.11 (209197083)|ENTERING_MANAGED_PKG|Centify
18:52:00.11 (209323582)|ENTERING_MANAGED_PKG|Centify
18:52:00.11 (209451076)|ENTERING_MANAGED_PKG|Centify
18:52:00.11 (209576934)|ENTERING_MANAGED_PKG|Centify
18:52:00.11 (209704995)|ENTERING_MANAGED_PKG|Centify
18:52:00.11 (209837740)|ENTERING_MANAGED_PKG|Centify
18:52:00.11 (209965895)|ENTERING_MANAGED_PKG|Centify
18:52:00.11 (210094176)|ENTERING_MANAGED_PKG|Centify
18:52:00.11 (210370706)|ENTERING_MANAGED_PKG|Centify
18:52:00.11 (210421214)|ENTERING_MANAGED_PKG|Centify
18:52:00.11 (210543760)|ENTERING_MANAGED_PKG|Centify
18:52:00.11 (210605357)|ENTERING_MANAGED_PKG|Centify
18:52:00.11 (210677795)|ENTERING_MANAGED_PKG|Centify
18:52:00.11 (210728389)|ENTERING_MANAGED_PKG|Centify
18:52:00.11 (210759529)|ENTERING_MANAGED_PKG|Centify
18:52:00.11 (211124372)|ENTERING_MANAGED_PKG|Centify
18:52:00.11 (211162399)|ENTERING_MANAGED_PKG|Centify
18:52:00.11 (211186114)|ENTERING_MANAGED_PKG|Centify
18:52:00.11 (211330536)|ENTERING_MANAGED_PKG|Centify
18:52:00.11 (211484496)|ENTERING_MANAGED_PKG|Centify
18:52:00.11 (211510301)|ENTERING_MANAGED_PKG|Centify
18:52:00.11 (211538260)|ENTERING_MANAGED_PKG|Centify
18:52:00.11 (211551614)|ENTERING_MANAGED_PKG|Centify
18:52:00.11 (211969113)|ENTERING_MANAGED_PKG|Centify
18:52:00.11 (211998095)|ENTERING_MANAGED_PKG|Centify
18:52:00.11 (212011589)|ENTERING_MANAGED_PKG|Centify
18:52:00.11 (212101755)|ENTERING_MANAGED_PKG|Centify
18:52:00.11 (212246035)|ENTERING_MANAGED_PKG|Centify
18:52:00.11 (212270841)|ENTERING_MANAGED_PKG|Centify
18:52:00.11 (212297657)|ENTERING_MANAGED_PKG|Centify
18:52:00.11 (212310950)|ENTERING_MANAGED_PKG|Centify
18:52:00.11 (212831957)|ENTERING_MANAGED_PKG|Centify
18:52:00.11 (212860262)|ENTERING_MANAGED_PKG|Centify
18:52:00.11 (212873404)|ENTERING_MANAGED_PKG|Centify
18:52:00.11 (212958257)|ENTERING_MANAGED_PKG|Centify
18:52:00.11 (213100780)|ENTERING_MANAGED_PKG|Centify
18:52:00.11 (213126152)|ENTERING_MANAGED_PKG|Centify
18:52:00.11 (213152888)|ENTERING_MANAGED_PKG|Centify
18:52:00.11 (213165864)|ENTERING_MANAGED_PKG|Centify
18:52:00.11 (213811189)|ENTERING_MANAGED_PKG|Centify
18:52:00.11 (213841338)|ENTERING_MANAGED_PKG|Centify
18:52:00.11 (213854798)|ENTERING_MANAGED_PKG|Centify
18:52:00.11 (213942797)|ENTERING_MANAGED_PKG|Centify
18:52:00.11 (214086143)|ENTERING_MANAGED_PKG|Centify
18:52:00.11 (214111051)|ENTERING_MANAGED_PKG|Centify
18:52:00.11 (214137912)|ENTERING_MANAGED_PKG|Centify
18:52:00.11 (214151718)|ENTERING_MANAGED_PKG|Centify
18:52:00.11 (214944505)|ENTERING_MANAGED_PKG|Centify
18:52:00.11 (214973481)|ENTERING_MANAGED_PKG|Centify
18:52:00.11 (214986774)|ENTERING_MANAGED_PKG|Centify
18:52:00.11 (215073875)|ENTERING_MANAGED_PKG|Centify
18:52:00.11 (215211903)|ENTERING_MANAGED_PKG|Centify
18:52:00.11 (215342661)|ENTERING_MANAGED_PKG|Centify
18:52:00.11 (215470135)|ENTERING_MANAGED_PKG|Centify
18:52:00.11 (215606315)|ENTERING_MANAGED_PKG|Centify
18:52:00.11 (215631844)|ENTERING_MANAGED_PKG|Centify
18:52:00.11 (215658518)|ENTERING_MANAGED_PKG|Centify
18:52:00.11 (215671951)|ENTERING_MANAGED_PKG|Centify
18:52:00.11 (216551321)|ENTERING_MANAGED_PKG|Centify
18:52:00.11 (216580353)|ENTERING_MANAGED_PKG|Centify
18:52:00.11 (216593743)|ENTERING_MANAGED_PKG|Centify
18:52:00.11 (216678723)|ENTERING_MANAGED_PKG|Centify
18:52:00.11 (216825400)|ENTERING_MANAGED_PKG|Centify
18:52:00.11 (216850507)|ENTERING_MANAGED_PKG|Centify
18:52:00.11 (216877132)|ENTERING_MANAGED_PKG|Centify
18:52:00.11 (216890582)|ENTERING_MANAGED_PKG|Centify
18:52:00.11 (217969149)|ENTERING_MANAGED_PKG|Centify
18:52:00.11 (217999822)|ENTERING_MANAGED_PKG|Centify
18:52:00.11 (218013578)|ENTERING_MANAGED_PKG|Centify
18:52:00.11 (218101367)|ENTERING_MANAGED_PKG|Centify
18:52:00.11 (218246713)|ENTERING_MANAGED_PKG|Centify
18:52:00.11 (218271406)|ENTERING_MANAGED_PKG|Centify
18:52:00.11 (218298507)|ENTERING_MANAGED_PKG|Centify
18:52:00.11 (218311582)|ENTERING_MANAGED_PKG|Centify
18:52:00.11 (219382169)|ENTERING_MANAGED_PKG|Centify
18:52:00.11 (219410560)|ENTERING_MANAGED_PKG|Centify
18:52:00.11 (219423660)|ENTERING_MANAGED_PKG|Centify
18:52:00.11 (219508872)|ENTERING_MANAGED_PKG|Centify
18:52:00.11 (219650619)|ENTERING_MANAGED_PKG|Centify
18:52:00.11 (219675674)|ENTERING_MANAGED_PKG|Centify
18:52:00.11 (219702219)|ENTERING_MANAGED_PKG|Centify
18:52:00.11 (219715314)|ENTERING_MANAGED_PKG|Centify
18:52:00.11 (220892367)|ENTERING_MANAGED_PKG|Centify
18:52:00.11 (220920639)|ENTERING_MANAGED_PKG|Centify
18:52:00.11 (220934994)|ENTERING_MANAGED_PKG|Centify
18:52:00.11 (221020303)|ENTERING_MANAGED_PKG|Centify
18:52:00.11 (221196890)|ENTERING_MANAGED_PKG|Centify
18:52:00.11 (221238347)|ENTERING_MANAGED_PKG|Centify
18:52:00.11 (221276685)|ENTERING_MANAGED_PKG|Centify
18:52:00.11 (221291446)|ENTERING_MANAGED_PKG|Centify
18:52:00.11 (222615984)|ENTERING_MANAGED_PKG|Centify
18:52:00.11 (222645642)|ENTERING_MANAGED_PKG|Centify
18:52:00.11 (222659568)|ENTERING_MANAGED_PKG|Centify
18:52:00.11 (222750157)|ENTERING_MANAGED_PKG|Centify
18:52:00.11 (222963802)|ENTERING_MANAGED_PKG|Centify
18:52:00.11 (222990678)|ENTERING_MANAGED_PKG|Centify
18:52:00.11 (223018735)|ENTERING_MANAGED_PKG|Centify
18:52:00.11 (223033268)|ENTERING_MANAGED_PKG|Centify
18:52:00.11 (224476370)|ENTERING_MANAGED_PKG|Centify
18:52:00.11 (224507245)|ENTERING_MANAGED_PKG|Centify
18:52:00.11 (224520886)|ENTERING_MANAGED_PKG|Centify
18:52:00.11 (224609056)|ENTERING_MANAGED_PKG|Centify
18:52:00.11 (224757308)|ENTERING_MANAGED_PKG|Centify
18:52:00.11 (224783110)|ENTERING_MANAGED_PKG|Centify
18:52:00.11 (224814765)|ENTERING_MANAGED_PKG|Centify
18:52:00.11 (224828683)|ENTERING_MANAGED_PKG|Centify
18:52:00.11 (226526113)|ENTERING_MANAGED_PKG|Centify
18:52:00.11 (226559269)|ENTERING_MANAGED_PKG|Centify
18:52:00.11 (226573569)|ENTERING_MANAGED_PKG|Centify
18:52:00.11 (226662944)|ENTERING_MANAGED_PKG|Centify
18:52:00.11 (226816848)|ENTERING_MANAGED_PKG|Centify
18:52:00.11 (226842848)|ENTERING_MANAGED_PKG|Centify
18:52:00.11 (226870610)|ENTERING_MANAGED_PKG|Centify
18:52:00.11 (226883920)|ENTERING_MANAGED_PKG|Centify
18:52:00.11 (228553701)|ENTERING_MANAGED_PKG|Centify
18:52:00.11 (228587508)|ENTERING_MANAGED_PKG|Centify
18:52:00.11 (228601198)|ENTERING_MANAGED_PKG|Centify
18:52:00.11 (228696676)|ENTERING_MANAGED_PKG|Centify
18:52:00.11 (228859421)|ENTERING_MANAGED_PKG|Centify
18:52:00.11 (228885212)|ENTERING_MANAGED_PKG|Centify
18:52:00.11 (228914181)|ENTERING_MANAGED_PKG|Centify
18:52:00.11 (228927515)|ENTERING_MANAGED_PKG|Centify
18:52:00.11 (230722262)|ENTERING_MANAGED_PKG|Centify
18:52:00.11 (230752907)|ENTERING_MANAGED_PKG|Centify
18:52:00.11 (230766638)|ENTERING_MANAGED_PKG|Centify
18:52:00.11 (230859098)|ENTERING_MANAGED_PKG|Centify
18:52:00.11 (231007158)|ENTERING_MANAGED_PKG|Centify
18:52:00.11 (231033018)|ENTERING_MANAGED_PKG|Centify
18:52:00.11 (231060132)|ENTERING_MANAGED_PKG|Centify
18:52:00.11 (231073792)|ENTERING_MANAGED_PKG|Centify
18:52:00.11 (232983497)|ENTERING_MANAGED_PKG|Centify
18:52:00.11 (233014238)|ENTERING_MANAGED_PKG|Centify
18:52:00.11 (233027844)|ENTERING_MANAGED_PKG|Centify
18:52:00.11 (233113359)|ENTERING_MANAGED_PKG|Centify
18:52:00.11 (233155504)|ENTERING_MANAGED_PKG|Centify
18:52:00.11 (233190836)|ENTERING_MANAGED_PKG|Centify
18:52:00.11 (233215547)|ENTERING_MANAGED_PKG|Centify
18:52:00.11 (233450562)|ENTERING_MANAGED_PKG|Centify
18:52:00.11 (233481971)|ENTERING_MANAGED_PKG|Centify
18:52:00.11 (235655444)|ENTERING_MANAGED_PKG|Centify
18:52:00.11 (235694532)|ENTERING_MANAGED_PKG|Centify
18:52:00.11 (235720614)|ENTERING_MANAGED_PKG|Centify
18:52:00.11 (235793657)|ENTERING_MANAGED_PKG|Centify
18:52:00.11 (235939171)|ENTERING_MANAGED_PKG|Centify
18:52:00.11 (236014374)|ENTERING_MANAGED_PKG|Centify
18:52:00.11 (255470819)|ENTERING_MANAGED_PKG|Centify
18:52:00.11 (255518790)|ENTERING_MANAGED_PKG|Centify
18:52:00.11 (255606580)|ENTERING_MANAGED_PKG|Centify
18:52:00.11 (255636012)|ENTERING_MANAGED_PKG|Centify
18:52:00.11 (262726435)|ENTERING_MANAGED_PKG|Centify
18:52:00.11 (263003122)|ENTERING_MANAGED_PKG|Centify
18:52:00.11 (263845384)|ENTERING_MANAGED_PKG|Centify
18:52:00.11 (264595715)|ENTERING_MANAGED_PKG|Centify
18:52:00.11 (264647578)|ENTERING_MANAGED_PKG|Centify
18:52:00.11 (264746014)|ENTERING_MANAGED_PKG|Centify
18:52:00.11 (264792980)|ENTERING_MANAGED_PKG|Centify
18:52:00.11 (264916624)|ENTERING_MANAGED_PKG|Centify
18:52:00.11 (265081212)|ENTERING_MANAGED_PKG|Centify
18:52:00.11 (265218673)|ENTERING_MANAGED_PKG|Centify
18:52:00.11 (265348469)|ENTERING_MANAGED_PKG|Centify
18:52:00.11 (265478886)|ENTERING_MANAGED_PKG|Centify
18:52:00.11 (265609754)|ENTERING_MANAGED_PKG|Centify
18:52:00.11 (265737675)|ENTERING_MANAGED_PKG|Centify
18:52:00.11 (265871668)|ENTERING_MANAGED_PKG|Centify
18:52:00.11 (266002114)|ENTERING_MANAGED_PKG|Centify
18:52:00.11 (266132310)|ENTERING_MANAGED_PKG|Centify
18:52:00.11 (266272200)|ENTERING_MANAGED_PKG|Centify
18:52:00.11 (266422975)|ENTERING_MANAGED_PKG|Centify
18:52:00.11 (266555161)|ENTERING_MANAGED_PKG|Centify
18:52:00.11 (266687023)|ENTERING_MANAGED_PKG|Centify
18:52:00.11 (266807553)|ENTERING_MANAGED_PKG|Centify
18:52:00.11 (266931952)|ENTERING_MANAGED_PKG|Centify
18:52:00.11 (267084513)|ENTERING_MANAGED_PKG|Centify
18:52:00.11 (267218512)|ENTERING_MANAGED_PKG|Centify
18:52:00.11 (267344765)|ENTERING_MANAGED_PKG|Centify
18:52:00.11 (267471268)|ENTERING_MANAGED_PKG|Centify
18:52:00.11 (267597439)|ENTERING_MANAGED_PKG|Centify
18:52:00.11 (267722906)|ENTERING_MANAGED_PKG|Centify
18:52:00.11 (267857219)|ENTERING_MANAGED_PKG|Centify
18:52:00.11 (267983950)|ENTERING_MANAGED_PKG|Centify
18:52:00.11 (268109558)|ENTERING_MANAGED_PKG|Centify
18:52:00.11 (268235652)|ENTERING_MANAGED_PKG|Centify
18:52:00.11 (268361621)|ENTERING_MANAGED_PKG|Centify
18:52:00.11 (268487844)|ENTERING_MANAGED_PKG|Centify
18:52:00.11 (268616530)|ENTERING_MANAGED_PKG|Centify
18:52:00.11 (268741982)|ENTERING_MANAGED_PKG|Centify
18:52:00.11 (268783821)|ENTERING_MANAGED_PKG|Centify
18:52:00.11 (268824964)|ENTERING_MANAGED_PKG|Centify
18:52:00.11 (268850415)|ENTERING_MANAGED_PKG|Centify
18:52:00.11 (268902845)|ENTERING_MANAGED_PKG|Centify
18:52:00.11 (268949104)|ENTERING_MANAGED_PKG|Centify
18:52:00.11 (270796003)|ENTERING_MANAGED_PKG|Centify
18:52:00.11 (270834677)|ENTERING_MANAGED_PKG|Centify
18:52:00.11 (270860073)|ENTERING_MANAGED_PKG|Centify
18:52:00.11 (270912746)|ENTERING_MANAGED_PKG|Centify
18:52:00.11 (271038094)|ENTERING_MANAGED_PKG|Centify
18:52:00.11 (271114717)|ENTERING_MANAGED_PKG|Centify
18:52:00.11 (285707669)|ENTERING_MANAGED_PKG|Centify
18:52:00.11 (285756747)|ENTERING_MANAGED_PKG|Centify
18:52:00.11 (299122051)|ENTERING_MANAGED_PKG|Centify
18:52:00.11 (299206987)|ENTERING_MANAGED_PKG|Centify
18:52:00.11 (312599470)|ENTERING_MANAGED_PKG|Centify
18:52:00.11 (312648556)|ENTERING_MANAGED_PKG|Centify
18:52:00.11 (326660308)|ENTERING_MANAGED_PKG|Centify
18:52:00.11 (326842637)|ENTERING_MANAGED_PKG|Centify
18:52:00.11 (327066036)|ENTERING_MANAGED_PKG|Centify
18:52:00.11 (327231426)|ENTERING_MANAGED_PKG|Centify
18:52:00.11 (327392250)|ENTERING_MANAGED_PKG|Centify
18:52:00.11 (327431609)|ENTERING_MANAGED_PKG|Centify
18:52:00.11 (327513878)|ENTERING_MANAGED_PKG|Centify
18:52:00.11 (327540598)|ENTERING_MANAGED_PKG|Centify
18:52:00.11 (334581745)|ENTERING_MANAGED_PKG|Centify
18:52:00.11 (334820789)|ENTERING_MANAGED_PKG|Centify
18:52:00.11 (335630794)|ENTERING_MANAGED_PKG|Centify
18:52:00.11 (336394891)|ENTERING_MANAGED_PKG|Centify
18:52:00.11 (336446502)|ENTERING_MANAGED_PKG|Centify
18:52:00.11 (336542871)|ENTERING_MANAGED_PKG|Centify
18:52:00.11 (336588456)|ENTERING_MANAGED_PKG|Centify
18:52:00.11 (336707147)|ENTERING_MANAGED_PKG|Centify
18:52:00.11 (336879285)|ENTERING_MANAGED_PKG|Centify
18:52:00.11 (337020114)|ENTERING_MANAGED_PKG|Centify
18:52:00.11 (337155775)|ENTERING_MANAGED_PKG|Centify
18:52:00.11 (337287167)|ENTERING_MANAGED_PKG|Centify
18:52:00.11 (337417058)|ENTERING_MANAGED_PKG|Centify
18:52:00.11 (337544926)|ENTERING_MANAGED_PKG|Centify
18:52:00.11 (337673895)|ENTERING_MANAGED_PKG|Centify
18:52:00.11 (337808406)|ENTERING_MANAGED_PKG|Centify
18:52:00.11 (337940798)|ENTERING_MANAGED_PKG|Centify
18:52:00.11 (338071259)|ENTERING_MANAGED_PKG|Centify
18:52:00.11 (338201302)|ENTERING_MANAGED_PKG|Centify
18:52:00.11 (338330451)|ENTERING_MANAGED_PKG|Centify
18:52:00.11 (338457940)|ENTERING_MANAGED_PKG|Centify
18:52:00.11 (338589647)|ENTERING_MANAGED_PKG|Centify
18:52:00.11 (338712162)|ENTERING_MANAGED_PKG|Centify
18:52:00.11 (338838867)|ENTERING_MANAGED_PKG|Centify
18:52:00.11 (338978370)|ENTERING_MANAGED_PKG|Centify
18:52:00.11 (339111001)|ENTERING_MANAGED_PKG|Centify
18:52:00.11 (339240605)|ENTERING_MANAGED_PKG|Centify
18:52:00.11 (339368659)|ENTERING_MANAGED_PKG|Centify
18:52:00.11 (339496391)|ENTERING_MANAGED_PKG|Centify
18:52:00.11 (339623122)|ENTERING_MANAGED_PKG|Centify
18:52:00.11 (339750057)|ENTERING_MANAGED_PKG|Centify
18:52:00.11 (339884520)|ENTERING_MANAGED_PKG|Centify
18:52:00.11 (340011795)|ENTERING_MANAGED_PKG|Centify
18:52:00.11 (340141491)|ENTERING_MANAGED_PKG|Centify
18:52:00.11 (340270034)|ENTERING_MANAGED_PKG|Centify
18:52:00.11 (340398563)|ENTERING_MANAGED_PKG|Centify
18:52:00.11 (340525334)|ENTERING_MANAGED_PKG|Centify
18:52:00.11 (340655166)|ENTERING_MANAGED_PKG|Centify
18:52:00.11 (340789040)|ENTERING_MANAGED_PKG|Centify
18:52:00.11 (340839475)|ENTERING_MANAGED_PKG|Centify
18:52:00.11 (340876641)|ENTERING_MANAGED_PKG|Centify
18:52:00.11 (340902542)|ENTERING_MANAGED_PKG|Centify
18:52:00.11 (340955889)|ENTERING_MANAGED_PKG|Centify
18:52:00.11 (341003818)|ENTERING_MANAGED_PKG|Centify
18:52:00.11 (342903774)|ENTERING_MANAGED_PKG|Centify
18:52:00.11 (342939280)|ENTERING_MANAGED_PKG|Centify
18:52:00.11 (342964882)|ENTERING_MANAGED_PKG|Centify
18:52:00.11 (343017584)|ENTERING_MANAGED_PKG|Centify
18:52:00.11 (343148665)|ENTERING_MANAGED_PKG|Centify
18:52:00.11 (343223347)|ENTERING_MANAGED_PKG|Centify
18:52:00.11 (357243027)|ENTERING_MANAGED_PKG|Centify
18:52:00.11 (357290839)|ENTERING_MANAGED_PKG|Centify
18:52:00.11 (370358482)|ENTERING_MANAGED_PKG|Centify
18:52:00.11 (370445149)|ENTERING_MANAGED_PKG|Centify
18:52:00.11 (383610090)|ENTERING_MANAGED_PKG|Centify
18:52:00.11 (383659469)|ENTERING_MANAGED_PKG|Centify
18:52:00.11 (396261959)|ENTERING_MANAGED_PKG|Centify
18:52:00.11 (396401517)|ENTERING_MANAGED_PKG|Centify
18:52:00.11 (396570801)|ENTERING_MANAGED_PKG|Centify
18:52:00.11 (396701905)|ENTERING_MANAGED_PKG|Centify
18:52:00.11 (396848627)|ENTERING_MANAGED_PKG|Centify
18:52:00.11 (396886095)|ENTERING_MANAGED_PKG|Centify
18:52:00.11 (396966478)|ENTERING_MANAGED_PKG|Centify
18:52:00.11 (396993716)|ENTERING_MANAGED_PKG|Centify
18:52:00.11 (404141143)|ENTERING_MANAGED_PKG|Centify
18:52:00.11 (404378449)|ENTERING_MANAGED_PKG|Centify
18:52:00.11 (404841915)|ENTERING_MANAGED_PKG|Centify
18:52:00.11 (405445340)|ENTERING_MANAGED_PKG|Centify
18:52:00.11 (405499496)|ENTERING_MANAGED_PKG|Centify
18:52:00.11 (405599983)|ENTERING_MANAGED_PKG|Centify
18:52:00.11 (405645202)|ENTERING_MANAGED_PKG|Centify
18:52:00.11 (405760585)|ENTERING_MANAGED_PKG|Centify
18:52:00.11 (405927474)|ENTERING_MANAGED_PKG|Centify
18:52:00.11 (406065213)|ENTERING_MANAGED_PKG|Centify
18:52:00.11 (406198143)|ENTERING_MANAGED_PKG|Centify
18:52:00.11 (406327608)|ENTERING_MANAGED_PKG|Centify
18:52:00.11 (406456341)|ENTERING_MANAGED_PKG|Centify
18:52:00.11 (406586130)|ENTERING_MANAGED_PKG|Centify
18:52:00.11 (406716524)|ENTERING_MANAGED_PKG|Centify
18:52:00.11 (406852332)|ENTERING_MANAGED_PKG|Centify
18:52:00.11 (406983300)|ENTERING_MANAGED_PKG|Centify
18:52:00.11 (407125484)|ENTERING_MANAGED_PKG|Centify
18:52:00.11 (407297619)|ENTERING_MANAGED_PKG|Centify
18:52:00.11 (407445599)|ENTERING_MANAGED_PKG|Centify
18:52:00.11 (407591013)|ENTERING_MANAGED_PKG|Centify
18:52:00.11 (407735782)|ENTERING_MANAGED_PKG|Centify
18:52:00.11 (407886985)|ENTERING_MANAGED_PKG|Centify
18:52:00.11 (408032290)|ENTERING_MANAGED_PKG|Centify
18:52:00.11 (408161376)|ENTERING_MANAGED_PKG|Centify
18:52:00.11 (408289789)|ENTERING_MANAGED_PKG|Centify
18:52:00.11 (408419048)|ENTERING_MANAGED_PKG|Centify
18:52:00.11 (408546975)|ENTERING_MANAGED_PKG|Centify
18:52:00.11 (408673690)|ENTERING_MANAGED_PKG|Centify
18:52:00.11 (408804960)|ENTERING_MANAGED_PKG|Centify
18:52:00.11 (408934762)|ENTERING_MANAGED_PKG|Centify
18:52:00.11 (409062881)|ENTERING_MANAGED_PKG|Centify
18:52:00.11 (409190930)|ENTERING_MANAGED_PKG|Centify
18:52:00.11 (409317862)|ENTERING_MANAGED_PKG|Centify
18:52:00.11 (409444790)|ENTERING_MANAGED_PKG|Centify
18:52:00.11 (409572697)|ENTERING_MANAGED_PKG|Centify
18:52:00.11 (409699599)|ENTERING_MANAGED_PKG|Centify
18:52:00.11 (409823213)|ENTERING_MANAGED_PKG|Centify
18:52:00.11 (409960669)|ENTERING_MANAGED_PKG|Centify
18:52:00.11 (410097222)|ENTERING_MANAGED_PKG|Centify
18:52:00.11 (410259239)|ENTERING_MANAGED_PKG|Centify
18:52:00.11 (410390743)|ENTERING_MANAGED_PKG|Centify
18:52:00.11 (410516952)|ENTERING_MANAGED_PKG|Centify
18:52:00.11 (410643380)|ENTERING_MANAGED_PKG|Centify
18:52:00.11 (410770222)|ENTERING_MANAGED_PKG|Centify
18:52:00.11 (410903766)|ENTERING_MANAGED_PKG|Centify
18:52:00.11 (411031828)|ENTERING_MANAGED_PKG|Centify
18:52:00.11 (411159325)|ENTERING_MANAGED_PKG|Centify
18:52:00.11 (411285725)|ENTERING_MANAGED_PKG|Centify
18:52:00.11 (411429935)|ENTERING_MANAGED_PKG|Centify
18:52:00.11 (411518569)|ENTERING_MANAGED_PKG|Centify
18:52:00.11 (411567449)|ENTERING_MANAGED_PKG|Centify
18:52:00.11 (411592878)|ENTERING_MANAGED_PKG|Centify
18:52:00.11 (411622237)|ENTERING_MANAGED_PKG|Centify
18:52:00.11 (411637079)|ENTERING_MANAGED_PKG|Centify
18:52:00.11 (411989654)|ENTERING_MANAGED_PKG|Centify
18:52:00.11 (412040313)|ENTERING_MANAGED_PKG|Centify
18:52:00.11 (412063281)|ENTERING_MANAGED_PKG|Centify
18:52:00.11 (412185692)|ENTERING_MANAGED_PKG|Centify
18:52:00.11 (412350482)|ENTERING_MANAGED_PKG|Centify
18:52:00.11 (412387960)|ENTERING_MANAGED_PKG|Centify
18:52:00.11 (412425971)|ENTERING_MANAGED_PKG|Centify
18:52:00.11 (412458295)|ENTERING_MANAGED_PKG|Centify
18:52:00.11 (412883734)|ENTERING_MANAGED_PKG|Centify
18:52:00.11 (412912342)|ENTERING_MANAGED_PKG|Centify
18:52:00.11 (412925707)|ENTERING_MANAGED_PKG|Centify
18:52:00.11 (413013471)|ENTERING_MANAGED_PKG|Centify
18:52:00.11 (413159037)|ENTERING_MANAGED_PKG|Centify
18:52:00.11 (413183706)|ENTERING_MANAGED_PKG|Centify
18:52:00.11 (413211394)|ENTERING_MANAGED_PKG|Centify
18:52:00.11 (413224424)|ENTERING_MANAGED_PKG|Centify
18:52:00.11 (413734917)|ENTERING_MANAGED_PKG|Centify
18:52:00.11 (413762992)|ENTERING_MANAGED_PKG|Centify
18:52:00.11 (413776341)|ENTERING_MANAGED_PKG|Centify
18:52:00.11 (413870125)|ENTERING_MANAGED_PKG|Centify
18:52:00.11 (414012765)|ENTERING_MANAGED_PKG|Centify
18:52:00.11 (414038310)|ENTERING_MANAGED_PKG|Centify
18:52:00.11 (414064500)|ENTERING_MANAGED_PKG|Centify
18:52:00.11 (414077801)|ENTERING_MANAGED_PKG|Centify
18:52:00.11 (414754280)|ENTERING_MANAGED_PKG|Centify
18:52:00.11 (414783235)|ENTERING_MANAGED_PKG|Centify
18:52:00.11 (414800875)|ENTERING_MANAGED_PKG|Centify
18:52:00.11 (414889451)|ENTERING_MANAGED_PKG|Centify
18:52:00.11 (415033303)|ENTERING_MANAGED_PKG|Centify
18:52:00.11 (415058579)|ENTERING_MANAGED_PKG|Centify
18:52:00.11 (415085868)|ENTERING_MANAGED_PKG|Centify
18:52:00.11 (415099493)|ENTERING_MANAGED_PKG|Centify
18:52:00.11 (415853404)|ENTERING_MANAGED_PKG|Centify
18:52:00.11 (415882147)|ENTERING_MANAGED_PKG|Centify
18:52:00.11 (415895696)|ENTERING_MANAGED_PKG|Centify
18:52:00.11 (415980520)|ENTERING_MANAGED_PKG|Centify
18:52:00.11 (416120507)|ENTERING_MANAGED_PKG|Centify
18:52:00.11 (416145785)|ENTERING_MANAGED_PKG|Centify
18:52:00.11 (416172085)|ENTERING_MANAGED_PKG|Centify
18:52:00.11 (416185485)|ENTERING_MANAGED_PKG|Centify
18:52:00.11 (417060755)|ENTERING_MANAGED_PKG|Centify
18:52:00.11 (417089816)|ENTERING_MANAGED_PKG|Centify
18:52:00.11 (417102749)|ENTERING_MANAGED_PKG|Centify
18:52:00.11 (417186129)|ENTERING_MANAGED_PKG|Centify
18:52:00.11 (417324591)|ENTERING_MANAGED_PKG|Centify
18:52:00.11 (417455914)|ENTERING_MANAGED_PKG|Centify
18:52:00.11 (417585163)|ENTERING_MANAGED_PKG|Centify
18:52:00.11 (417713841)|ENTERING_MANAGED_PKG|Centify
18:52:00.11 (417845008)|ENTERING_MANAGED_PKG|Centify
18:52:00.11 (417972834)|ENTERING_MANAGED_PKG|Centify
18:52:00.11 (418098427)|ENTERING_MANAGED_PKG|Centify
18:52:00.11 (418225410)|ENTERING_MANAGED_PKG|Centify
18:52:00.11 (418350628)|ENTERING_MANAGED_PKG|Centify
18:52:00.11 (418476096)|ENTERING_MANAGED_PKG|Centify
18:52:00.11 (418602262)|ENTERING_MANAGED_PKG|Centify
18:52:00.11 (418729277)|ENTERING_MANAGED_PKG|Centify
18:52:00.11 (418919602)|ENTERING_MANAGED_PKG|Centify
18:52:00.11 (419070972)|ENTERING_MANAGED_PKG|Centify
18:52:00.11 (419115975)|ENTERING_MANAGED_PKG|Centify
18:52:00.11 (419152265)|ENTERING_MANAGED_PKG|Centify
18:52:00.11 (419182645)|ENTERING_MANAGED_PKG|Centify
18:52:00.11 (419343975)|ENTERING_MANAGED_PKG|Centify
18:52:00.11 (419374520)|ENTERING_MANAGED_PKG|Centify
18:52:00.11 (421586615)|ENTERING_MANAGED_PKG|Centify
18:52:00.11 (421627738)|ENTERING_MANAGED_PKG|Centify
18:52:00.11 (421655941)|ENTERING_MANAGED_PKG|Centify
18:52:00.11 (421736389)|ENTERING_MANAGED_PKG|Centify
18:52:00.11 (421764921)|ENTERING_MANAGED_PKG|Centify
18:52:00.11 (421850458)|ENTERING_MANAGED_PKG|Centify
18:52:00.11 (421881397)|ENTERING_MANAGED_PKG|Centify
18:52:00.11 (428992867)|ENTERING_MANAGED_PKG|Centify
18:52:00.11 (429270948)|ENTERING_MANAGED_PKG|Centify
18:52:00.11 (429737676)|ENTERING_MANAGED_PKG|Centify
18:52:00.11 (430347255)|ENTERING_MANAGED_PKG|Centify
18:52:00.11 (430402729)|ENTERING_MANAGED_PKG|Centify
18:52:00.11 (430507310)|ENTERING_MANAGED_PKG|Centify
18:52:00.11 (430553717)|ENTERING_MANAGED_PKG|Centify
18:52:00.11 (430671781)|ENTERING_MANAGED_PKG|Centify
18:52:00.11 (430838463)|ENTERING_MANAGED_PKG|Centify
18:52:00.11 (430978436)|ENTERING_MANAGED_PKG|Centify
18:52:00.11 (431108152)|ENTERING_MANAGED_PKG|Centify
18:52:00.11 (431238591)|ENTERING_MANAGED_PKG|Centify
18:52:00.11 (431368102)|ENTERING_MANAGED_PKG|Centify
18:52:00.11 (431498823)|ENTERING_MANAGED_PKG|Centify
18:52:00.11 (431628825)|ENTERING_MANAGED_PKG|Centify
18:52:00.11 (431758078)|ENTERING_MANAGED_PKG|Centify
18:52:00.11 (431898080)|ENTERING_MANAGED_PKG|Centify
18:52:00.11 (432017408)|ENTERING_MANAGED_PKG|Centify
18:52:00.11 (432146809)|ENTERING_MANAGED_PKG|Centify
18:52:00.11 (432281200)|ENTERING_MANAGED_PKG|Centify
18:52:00.11 (432411883)|ENTERING_MANAGED_PKG|Centify
18:52:00.11 (432537964)|ENTERING_MANAGED_PKG|Centify
18:52:00.11 (432664850)|ENTERING_MANAGED_PKG|Centify
18:52:00.11 (432796581)|ENTERING_MANAGED_PKG|Centify
18:52:00.11 (432929738)|ENTERING_MANAGED_PKG|Centify
18:52:00.11 (433057495)|ENTERING_MANAGED_PKG|Centify
18:52:00.11 (433185045)|ENTERING_MANAGED_PKG|Centify
18:52:00.11 (433311508)|ENTERING_MANAGED_PKG|Centify
18:52:00.11 (433439142)|ENTERING_MANAGED_PKG|Centify
18:52:00.11 (433481266)|ENTERING_MANAGED_PKG|Centify
18:52:00.11 (433517589)|ENTERING_MANAGED_PKG|Centify
18:52:00.11 (433543004)|ENTERING_MANAGED_PKG|Centify
18:52:00.11 (433596324)|ENTERING_MANAGED_PKG|Centify
18:52:00.11 (433649877)|ENTERING_MANAGED_PKG|Centify
18:52:00.11 (435085594)|ENTERING_MANAGED_PKG|Centify
18:52:00.11 (435120674)|ENTERING_MANAGED_PKG|Centify
18:52:00.11 (435146502)|ENTERING_MANAGED_PKG|Centify
18:52:00.11 (435223190)|ENTERING_MANAGED_PKG|Centify
18:52:00.11 (435303745)|ENTERING_MANAGED_PKG|Centify
18:52:00.11 (435413605)|ENTERING_MANAGED_PKG|Centify
18:52:00.11 (435505315)|ENTERING_MANAGED_PKG|Centify
18:52:00.11 (435533353)|ENTERING_MANAGED_PKG|Centify
18:52:00.11 (442699158)|ENTERING_MANAGED_PKG|Centify
18:52:00.11 (442954611)|ENTERING_MANAGED_PKG|Centify
18:52:00.11 (443563426)|ENTERING_MANAGED_PKG|Centify
18:52:00.11 (444176887)|ENTERING_MANAGED_PKG|Centify
18:52:00.11 (444230310)|ENTERING_MANAGED_PKG|Centify
18:52:00.11 (444332590)|ENTERING_MANAGED_PKG|Centify
18:52:00.11 (444379026)|ENTERING_MANAGED_PKG|Centify
18:52:00.11 (444495061)|ENTERING_MANAGED_PKG|Centify
18:52:00.11 (444654926)|ENTERING_MANAGED_PKG|Centify
18:52:00.11 (444797418)|ENTERING_MANAGED_PKG|Centify
18:52:00.11 (444938998)|ENTERING_MANAGED_PKG|Centify
18:52:00.11 (445071442)|ENTERING_MANAGED_PKG|Centify
18:52:00.11 (445203718)|ENTERING_MANAGED_PKG|Centify
18:52:00.11 (445333000)|ENTERING_MANAGED_PKG|Centify
18:52:00.11 (445463224)|ENTERING_MANAGED_PKG|Centify
18:52:00.11 (445591649)|ENTERING_MANAGED_PKG|Centify
18:52:00.11 (445719480)|ENTERING_MANAGED_PKG|Centify
18:52:00.11 (445857936)|ENTERING_MANAGED_PKG|Centify
18:52:00.11 (445992837)|ENTERING_MANAGED_PKG|Centify
18:52:00.11 (446122741)|ENTERING_MANAGED_PKG|Centify
18:52:00.11 (446252319)|ENTERING_MANAGED_PKG|Centify
18:52:00.11 (446381249)|ENTERING_MANAGED_PKG|Centify
18:52:00.11 (446511121)|ENTERING_MANAGED_PKG|Centify
18:52:00.11 (446628922)|ENTERING_MANAGED_PKG|Centify
18:52:00.11 (446758157)|ENTERING_MANAGED_PKG|Centify
18:52:00.11 (446901308)|ENTERING_MANAGED_PKG|Centify
18:52:00.11 (447030995)|ENTERING_MANAGED_PKG|Centify
18:52:00.11 (447160286)|ENTERING_MANAGED_PKG|Centify
18:52:00.11 (447289163)|ENTERING_MANAGED_PKG|Centify
18:52:00.11 (447417596)|ENTERING_MANAGED_PKG|Centify
18:52:00.11 (447544654)|ENTERING_MANAGED_PKG|Centify
18:52:00.11 (447673542)|ENTERING_MANAGED_PKG|Centify
18:52:00.11 (447806622)|ENTERING_MANAGED_PKG|Centify
18:52:00.11 (447940799)|ENTERING_MANAGED_PKG|Centify
18:52:00.11 (448067886)|ENTERING_MANAGED_PKG|Centify
18:52:00.11 (448195386)|ENTERING_MANAGED_PKG|Centify
18:52:00.11 (448321440)|ENTERING_MANAGED_PKG|Centify
18:52:00.11 (448447882)|ENTERING_MANAGED_PKG|Centify
18:52:00.11 (448574748)|ENTERING_MANAGED_PKG|Centify
18:52:00.11 (448701330)|ENTERING_MANAGED_PKG|Centify
18:52:00.11 (448833516)|ENTERING_MANAGED_PKG|Centify
18:52:00.11 (448880300)|ENTERING_MANAGED_PKG|Centify
18:52:00.11 (448917105)|ENTERING_MANAGED_PKG|Centify
18:52:00.11 (448942703)|ENTERING_MANAGED_PKG|Centify
18:52:00.11 (448998447)|ENTERING_MANAGED_PKG|Centify
18:52:00.11 (449046705)|ENTERING_MANAGED_PKG|Centify
18:52:00.11 (450806281)|ENTERING_MANAGED_PKG|Centify
18:52:00.11 (450843500)|ENTERING_MANAGED_PKG|Centify
18:52:00.11 (450873242)|ENTERING_MANAGED_PKG|Centify
18:52:00.11 (450927907)|ENTERING_MANAGED_PKG|Centify
18:52:00.11 (451058290)|ENTERING_MANAGED_PKG|Centify
18:52:00.11 (451134552)|ENTERING_MANAGED_PKG|Centify
18:52:00.11 (466093645)|ENTERING_MANAGED_PKG|Centify
18:52:00.11 (466155217)|ENTERING_MANAGED_PKG|Centify
18:52:00.11 (483859550)|ENTERING_MANAGED_PKG|Centify
18:52:00.11 (483909661)|ENTERING_MANAGED_PKG|Centify
18:52:00.11 (483997858)|ENTERING_MANAGED_PKG|Centify
18:52:00.11 (484028192)|ENTERING_MANAGED_PKG|Centify
18:52:00.11 (492487761)|ENTERING_MANAGED_PKG|Centify
18:52:00.11 (492744329)|ENTERING_MANAGED_PKG|Centify
18:52:00.11 (493291687)|ENTERING_MANAGED_PKG|Centify
18:52:00.11 (493897062)|ENTERING_MANAGED_PKG|Centify
18:52:00.11 (493950733)|ENTERING_MANAGED_PKG|Centify
18:52:00.11 (494052190)|ENTERING_MANAGED_PKG|Centify
18:52:00.11 (494099044)|ENTERING_MANAGED_PKG|Centify
18:52:00.11 (494215009)|ENTERING_MANAGED_PKG|Centify
18:52:00.11 (494377280)|ENTERING_MANAGED_PKG|Centify
18:52:00.11 (494514220)|ENTERING_MANAGED_PKG|Centify
18:52:00.11 (494645913)|ENTERING_MANAGED_PKG|Centify
18:52:00.11 (494778346)|ENTERING_MANAGED_PKG|Centify
18:52:00.11 (494932697)|ENTERING_MANAGED_PKG|Centify
18:52:00.11 (495066478)|ENTERING_MANAGED_PKG|Centify
18:52:00.11 (495198170)|ENTERING_MANAGED_PKG|Centify
18:52:00.11 (495327180)|ENTERING_MANAGED_PKG|Centify
18:52:00.11 (495463458)|ENTERING_MANAGED_PKG|Centify
18:52:00.11 (495595145)|ENTERING_MANAGED_PKG|Centify
18:52:00.11 (495711364)|ENTERING_MANAGED_PKG|Centify
18:52:00.11 (495889972)|ENTERING_MANAGED_PKG|Centify
18:52:00.11 (496093503)|ENTERING_MANAGED_PKG|Centify
18:52:00.11 (496285570)|ENTERING_MANAGED_PKG|Centify
18:52:00.11 (496420897)|ENTERING_MANAGED_PKG|Centify
18:52:00.11 (496550787)|ENTERING_MANAGED_PKG|Centify
18:52:00.11 (496677947)|ENTERING_MANAGED_PKG|Centify
18:52:00.11 (496808143)|ENTERING_MANAGED_PKG|Centify
18:52:00.11 (496942266)|ENTERING_MANAGED_PKG|Centify
18:52:00.11 (497067855)|ENTERING_MANAGED_PKG|Centify
18:52:00.11 (497218877)|ENTERING_MANAGED_PKG|Centify
18:52:00.11 (497348020)|ENTERING_MANAGED_PKG|Centify
18:52:00.11 (497509386)|ENTERING_MANAGED_PKG|Centify
18:52:00.11 (497556934)|ENTERING_MANAGED_PKG|Centify
18:52:00.11 (497594309)|ENTERING_MANAGED_PKG|Centify
18:52:00.11 (497623727)|ENTERING_MANAGED_PKG|Centify
18:52:00.11 (497682152)|ENTERING_MANAGED_PKG|Centify
18:52:00.11 (497731830)|ENTERING_MANAGED_PKG|Centify
18:52:00.11 (499199105)|ENTERING_MANAGED_PKG|Centify
18:52:00.11 (499236874)|ENTERING_MANAGED_PKG|Centify
18:52:00.11 (499263001)|ENTERING_MANAGED_PKG|Centify
18:52:00.11 (499339890)|ENTERING_MANAGED_PKG|Centify
18:52:00.11 (499399927)|ENTERING_MANAGED_PKG|Centify
18:52:00.11 (499454279)|ENTERING_MANAGED_PKG|Centify
18:52:00.11 (499661162)|ENTERING_MANAGED_PKG|Centify
18:52:00.11 (499890737)|ENTERING_MANAGED_PKG|Centify
18:52:00.11 (499939985)|ENTERING_MANAGED_PKG|Centify
18:52:00.11 (500111665)|ENTERING_MANAGED_PKG|Centify
18:52:00.11 (541490794)|ENTERING_MANAGED_PKG|Centify
18:52:00.11 (541600675)|ENTERING_MANAGED_PKG|Centify
18:52:00.11 (541703499)|ENTERING_MANAGED_PKG|Centify
18:52:00.11 (580806196)|ENTERING_MANAGED_PKG|Centify
18:52:00.11 (580921013)|ENTERING_MANAGED_PKG|Centify
18:52:00.11 (581099670)|ENTERING_MANAGED_PKG|Centify
18:52:00.11 (629353572)|ENTERING_MANAGED_PKG|Centify
18:52:00.11 (629509743)|ENTERING_MANAGED_PKG|Centify
18:52:00.11 (629684993)|ENTERING_MANAGED_PKG|Centify
18:52:00.11 (667457119)|ENTERING_MANAGED_PKG|Centify
18:52:00.11 (667603136)|ENTERING_MANAGED_PKG|Centify
18:52:00.11 (667747820)|ENTERING_MANAGED_PKG|Centify
18:52:00.11 (704952335)|ENTERING_MANAGED_PKG|Centify
18:52:00.11 (705123233)|ENTERING_MANAGED_PKG|Centify
18:52:00.11 (705341533)|ENTERING_MANAGED_PKG|Centify
18:52:00.11 (735235277)|ENTERING_MANAGED_PKG|Centify
18:52:00.11 (735384554)|ENTERING_MANAGED_PKG|Centify
18:52:00.11 (735545654)|ENTERING_MANAGED_PKG|Centify
18:52:00.11 (766643370)|ENTERING_MANAGED_PKG|Centify
18:52:00.11 (766747117)|ENTERING_MANAGED_PKG|Centify
18:52:00.11 (766855020)|ENTERING_MANAGED_PKG|Centify
18:52:00.11 (803598976)|ENTERING_MANAGED_PKG|Centify
18:52:00.11 (803829840)|ENTERING_MANAGED_PKG|Centify
18:52:00.11 (806564972)|ENTERING_MANAGED_PKG|Centify
18:52:00.11 (806649715)|ENTERING_MANAGED_PKG|Centify
18:52:00.11 (806797219)|ENTERING_MANAGED_PKG|Centify
18:52:00.11 (832182641)|ENTERING_MANAGED_PKG|Centify
18:52:00.11 (835924213)|ENTERING_MANAGED_PKG|Centify
18:52:00.11 (836070463)|ENTERING_MANAGED_PKG|Centify
18:52:00.11 (836304284)|ENTERING_MANAGED_PKG|Centify
18:52:00.11 (839071538)|ENTERING_MANAGED_PKG|Centify
18:52:00.11 (839139823)|ENTERING_MANAGED_PKG|Centify
18:52:00.11 (839235281)|ENTERING_MANAGED_PKG|Centify
18:52:00.11 (840058808)|ENTERING_MANAGED_PKG|Centify
18:52:00.11 (842356826)|SOQL_EXECUTE_BEGIN|[16]|Aggregations:0|SELECT Id, CronExpression, CronJobDetail.Name FROM CronTrigger WHERE CronJobDetail.Name LIKE '%Spinify%'
18:52:00.11 (847844811)|SOQL_EXECUTE_END|[16]|Rows:10
18:52:00.11 (848272522)|ENTERING_MANAGED_PKG|Centify
18:52:00.11 (848438279)|ENTERING_MANAGED_PKG|Centify
18:52:00.11 (848558302)|ENTERING_MANAGED_PKG|Centify
18:52:00.11 (849026177)|ENTERING_MANAGED_PKG|Centify
18:52:00.11 (849190944)|ENTERING_MANAGED_PKG|Centify
18:52:00.11 (849360451)|ENTERING_MANAGED_PKG|Centify
18:52:00.11 (849533268)|ENTERING_MANAGED_PKG|Centify
18:52:00.11 (850492977)|ENTERING_MANAGED_PKG|Centify
18:52:00.917 (917726092)|CUMULATIVE_LIMIT_USAGE
18:52:00.917 (917726092)|LIMIT_USAGE_FOR_NS|(default)|
  Number of SOQL queries: 0 out of 100
  Number of query rows: 0 out of 50000
  Number of SOSL queries: 0 out of 20
  Number of DML statements: 0 out of 150
  Number of DML rows: 0 out of 10000
  Maximum CPU time: 447 out of 10000
  Maximum heap size: 0 out of 6000000
  Number of callouts: 0 out of 100
  Number of Email Invocations: 0 out of 10
  Number of future calls: 0 out of 50
  Number of queueable jobs added to the queue: 0 out of 50
  Number of Mobile Apex push calls: 0 out of 10

18:52:00.917 (917726092)|LIMIT_USAGE_FOR_NS|Centify|
  Number of SOQL queries: 3 out of 100
  Number of query rows: 12 out of 50000
  Number of SOSL queries: 0 out of 20
  Number of DML statements: 1 out of 150
  Number of DML rows: 1 out of 10000
  Maximum CPU time: 0 out of 10000
  Maximum heap size: 0 out of 6000000
  Number of callouts: 0 out of 100
  Number of Email Invocations: 0 out of 10
  Number of future calls: 0 out of 50
  Number of queueable jobs added to the queue: 0 out of 50
  Number of Mobile Apex push calls: 0 out of 10

18:52:00.917 (917726092)|CUMULATIVE_LIMIT_USAGE_END

