37.0 APEX_CODE,FINEST;APEX_PROFILING,INFO;CALLOUT,INFO;DB,INFO;NBA,INFO;SYSTEM,DEBUG;VALIDATION,INFO;VISUALFORCE,INFO;WAVE,INFO;WORKFLOW,INFO
16:51:28.13 (13018953)|ENTERING_MANAGED_PKG|Centify
16:51:28.13 (16751661)|ENTERING_MANAGED_PKG|Centify
16:51:28.13 (20820344)|ENTERING_MANAGED_PKG|Centify
16:51:28.13 (21000340)|ENTERING_MANAGED_PKG|Centify
16:51:28.13 (21104854)|ENTERING_MANAGED_PKG|Centify
16:51:28.13 (21226273)|ENTERING_MANAGED_PKG|Centify
16:51:28.13 (21266115)|ENTERING_MANAGED_PKG|Centify
16:51:28.13 (21356443)|ENTERING_MANAGED_PKG|Centify
16:51:28.13 (21391743)|ENTERING_MANAGED_PKG|Centify
16:51:28.13 (21522468)|ENTERING_MANAGED_PKG|Centify
16:51:28.13 (21652960)|ENTERING_MANAGED_PKG|Centify
16:51:28.13 (27426668)|SOQL_EXECUTE_BEGIN|[19]|Aggregations:0|SELECT Id, OrganizationType FROM Organization LIMIT 1
16:51:28.13 (31651831)|SOQL_EXECUTE_END|[19]|Rows:1
16:51:28.13 (33377226)|ENTERING_MANAGED_PKG|Centify
16:51:28.13 (33472239)|ENTERING_MANAGED_PKG|Centify
16:51:28.13 (33695045)|ENTERING_MANAGED_PKG|Centify
16:51:28.13 (33807380)|ENTERING_MANAGED_PKG|Centify
16:51:28.13 (34414338)|ENTERING_MANAGED_PKG|Centify
16:51:28.13 (34487170)|ENTERING_MANAGED_PKG|Centify
16:51:28.13 (34648848)|ENTERING_MANAGED_PKG|Centify
16:51:28.13 (34762834)|ENTERING_MANAGED_PKG|Centify
16:51:28.13 (36530556)|SOQL_EXECUTE_BEGIN|[95]|Aggregations:0|SELECT MAX(Last_Sync_Time__c) maxDT FROM Salesforce_Sync_Settings__c
16:51:28.13 (39419292)|SOQL_EXECUTE_END|[95]|Rows:1
16:51:28.13 (39900126)|ENTERING_MANAGED_PKG|Centify
16:51:28.13 (39975239)|ENTERING_MANAGED_PKG|Centify
16:51:28.13 (45755318)|ENTERING_MANAGED_PKG|Centify
16:51:28.13 (45861196)|ENTERING_MANAGED_PKG|Centify
16:51:28.13 (48228882)|SOQL_EXECUTE_BEGIN|[84]|Aggregations:0|SELECT COUNT() FROM Notification__c WHERE ((Number_Of_Attempts__c = NULL OR Number_Of_Attempts__c < :tmpVar1) AND (CreatedDate = TODAY OR LastModifiedDate = TODAY)) LIMIT 25000
16:51:28.13 (60829873)|SOQL_EXECUTE_END|[84]|Rows:0
16:51:28.13 (60947307)|ENTERING_MANAGED_PKG|Centify
16:51:28.13 (61020856)|ENTERING_MANAGED_PKG|Centify
16:51:28.13 (61103923)|ENTERING_MANAGED_PKG|Centify
16:51:28.13 (61184581)|ENTERING_MANAGED_PKG|Centify
16:51:28.13 (61288506)|ENTERING_MANAGED_PKG|Centify
16:51:28.13 (64937247)|SOQL_EXECUTE_BEGIN|[366]|Aggregations:0|SELECT Id, Label, MasterLabel, DeveloperName, Endpoint__c, TimeOut__c FROM Endpoint_Setting__mdt LIMIT 50
16:51:28.13 (71927277)|SOQL_EXECUTE_END|[366]|Rows:24
16:51:28.13 (73632747)|ENTERING_MANAGED_PKG|Centify
16:51:28.13 (73712493)|ENTERING_MANAGED_PKG|Centify
16:51:28.13 (75493526)|ENTERING_MANAGED_PKG|Centify
16:51:28.13 (75544737)|ENTERING_MANAGED_PKG|Centify
16:51:28.13 (78198339)|ENTERING_MANAGED_PKG|Centify
16:51:28.13 (80763892)|ENTERING_MANAGED_PKG|Centify
16:51:28.13 (80839543)|ENTERING_MANAGED_PKG|Centify
16:51:28.13 (80895301)|ENTERING_MANAGED_PKG|Centify
16:51:28.13 (81790436)|ENTERING_MANAGED_PKG|Centify
16:51:28.13 (81904178)|ENTERING_MANAGED_PKG|Centify
16:51:28.13 (81978577)|ENTERING_MANAGED_PKG|Centify
16:51:28.13 (86014787)|ENTERING_MANAGED_PKG|Centify
16:51:28.13 (86092120)|ENTERING_MANAGED_PKG|Centify
16:51:28.13 (86164076)|ENTERING_MANAGED_PKG|Centify
16:51:28.13 (86223305)|ENTERING_MANAGED_PKG|Centify
16:51:28.13 (86326769)|ENTERING_MANAGED_PKG|Centify
16:51:28.13 (89160334)|ENTERING_MANAGED_PKG|Centify
16:51:28.13 (89296950)|ENTERING_MANAGED_PKG|Centify
16:51:28.13 (90212337)|ENTERING_MANAGED_PKG|Centify
16:51:28.13 (497280201)|ENTERING_MANAGED_PKG|Centify
16:51:28.512 (512579508)|CUMULATIVE_LIMIT_USAGE
16:51:28.512 (512579508)|LIMIT_USAGE_FOR_NS|(default)|
  Number of SOQL queries: 0 out of 200
  Number of query rows: 0 out of 50000
  Number of SOSL queries: 0 out of 20
  Number of DML statements: 0 out of 150
  Number of DML rows: 0 out of 10000
  Maximum CPU time: 0 out of 60000
  Maximum heap size: 0 out of 12000000
  Number of callouts: 0 out of 0
  Number of Email Invocations: 0 out of 10
  Number of future calls: 0 out of 0
  Number of queueable jobs added to the queue: 0 out of 1
  Number of Mobile Apex push calls: 0 out of 10

16:51:28.512 (512579508)|LIMIT_USAGE_FOR_NS|Centify|
  Number of SOQL queries: 0 out of 200
  Number of query rows: 0 out of 50000
  Number of SOSL queries: 0 out of 20
  Number of DML statements: 0 out of 150
  Number of DML rows: 0 out of 10000
  Maximum CPU time: 0 out of 60000
  Maximum heap size: 0 out of 12000000
  Number of callouts: 0 out of 0
  Number of Email Invocations: 0 out of 10
  Number of future calls: 0 out of 0
  Number of queueable jobs added to the queue: 0 out of 1
  Number of Mobile Apex push calls: 0 out of 10

16:51:28.512 (512579508)|CUMULATIVE_LIMIT_USAGE_END

