37.0 APEX_CODE,FINEST;APEX_PROFILING,INFO;CALLOUT,INFO;DB,INFO;NBA,INFO;SYSTEM,DEBUG;VALIDATION,INFO;VISUALFORCE,INFO;WAVE,INFO;WORKFLOW,INFO
17:00:10.26 (26758892)|ENTERING_MANAGED_PKG|Centify
17:00:10.26 (30931147)|ENTERING_MANAGED_PKG|Centify
17:00:10.26 (37181549)|ENTERING_MANAGED_PKG|Centify
17:00:10.26 (37297225)|ENTERING_MANAGED_PKG|Centify
17:00:10.26 (37454917)|ENTERING_MANAGED_PKG|Centify
17:00:10.26 (38075020)|ENTERING_MANAGED_PKG|Centify
17:00:10.26 (38345740)|ENTERING_MANAGED_PKG|Centify
17:00:10.26 (38385851)|ENTERING_MANAGED_PKG|Centify
17:00:10.26 (38475381)|ENTERING_MANAGED_PKG|Centify
17:00:10.26 (38526113)|ENTERING_MANAGED_PKG|Centify
17:00:10.26 (38562243)|ENTERING_MANAGED_PKG|Centify
17:00:10.26 (38584542)|ENTERING_MANAGED_PKG|Centify
17:00:10.26 (38601766)|ENTERING_MANAGED_PKG|Centify
17:00:10.26 (38849314)|ENTERING_MANAGED_PKG|Centify
17:00:10.26 (85397295)|ENTERING_MANAGED_PKG|Centify
17:00:10.26 (85519046)|ENTERING_MANAGED_PKG|Centify
17:00:10.26 (85663658)|ENTERING_MANAGED_PKG|Centify
17:00:10.26 (85714652)|ENTERING_MANAGED_PKG|Centify
17:00:10.26 (323558515)|ENTERING_MANAGED_PKG|Centify
17:00:10.26 (361971397)|ENTERING_MANAGED_PKG|Centify
17:00:10.26 (375516678)|ENTERING_MANAGED_PKG|Centify
17:00:10.26 (375568050)|ENTERING_MANAGED_PKG|Centify
17:00:10.26 (375638790)|ENTERING_MANAGED_PKG|Centify
17:00:10.26 (375668550)|ENTERING_MANAGED_PKG|Centify
17:00:10.26 (375727512)|ENTERING_MANAGED_PKG|Centify
17:00:10.26 (399417610)|ENTERING_MANAGED_PKG|Centify
17:00:10.26 (413647024)|ENTERING_MANAGED_PKG|Centify
17:00:10.26 (413689876)|ENTERING_MANAGED_PKG|Centify
17:00:10.26 (413760745)|ENTERING_MANAGED_PKG|Centify
17:00:10.26 (413790826)|ENTERING_MANAGED_PKG|Centify
17:00:10.26 (413855250)|ENTERING_MANAGED_PKG|Centify
17:00:10.26 (437655860)|ENTERING_MANAGED_PKG|Centify
17:00:10.26 (451848034)|ENTERING_MANAGED_PKG|Centify
17:00:10.26 (451893065)|ENTERING_MANAGED_PKG|Centify
17:00:10.26 (451963449)|ENTERING_MANAGED_PKG|Centify
17:00:10.26 (451992682)|ENTERING_MANAGED_PKG|Centify
17:00:10.26 (452050282)|ENTERING_MANAGED_PKG|Centify
17:00:10.26 (479430470)|ENTERING_MANAGED_PKG|Centify
17:00:10.26 (498389424)|ENTERING_MANAGED_PKG|Centify
17:00:10.26 (498447438)|ENTERING_MANAGED_PKG|Centify
17:00:10.26 (498538547)|ENTERING_MANAGED_PKG|Centify
17:00:10.26 (498574107)|ENTERING_MANAGED_PKG|Centify
17:00:10.26 (498648512)|ENTERING_MANAGED_PKG|Centify
17:00:10.26 (522859521)|ENTERING_MANAGED_PKG|Centify
17:00:10.26 (536966649)|ENTERING_MANAGED_PKG|Centify
17:00:10.26 (537011914)|ENTERING_MANAGED_PKG|Centify
17:00:10.26 (537082800)|ENTERING_MANAGED_PKG|Centify
17:00:10.26 (537111405)|ENTERING_MANAGED_PKG|Centify
17:00:10.26 (537169556)|ENTERING_MANAGED_PKG|Centify
17:00:10.26 (560428212)|ENTERING_MANAGED_PKG|Centify
17:00:10.26 (574728182)|ENTERING_MANAGED_PKG|Centify
17:00:10.26 (574770369)|ENTERING_MANAGED_PKG|Centify
17:00:10.26 (574843994)|ENTERING_MANAGED_PKG|Centify
17:00:10.26 (574873621)|ENTERING_MANAGED_PKG|Centify
17:00:10.26 (574931894)|ENTERING_MANAGED_PKG|Centify
17:00:10.26 (598400906)|ENTERING_MANAGED_PKG|Centify
17:00:10.26 (612288988)|ENTERING_MANAGED_PKG|Centify
17:00:10.26 (612330301)|ENTERING_MANAGED_PKG|Centify
17:00:10.26 (612398233)|ENTERING_MANAGED_PKG|Centify
17:00:10.26 (612427757)|ENTERING_MANAGED_PKG|Centify
17:00:10.26 (612484970)|ENTERING_MANAGED_PKG|Centify
17:00:10.26 (635518810)|ENTERING_MANAGED_PKG|Centify
17:00:10.26 (649500964)|ENTERING_MANAGED_PKG|Centify
17:00:10.26 (649545606)|ENTERING_MANAGED_PKG|Centify
17:00:10.26 (649617036)|ENTERING_MANAGED_PKG|Centify
17:00:10.26 (649647682)|ENTERING_MANAGED_PKG|Centify
17:00:10.26 (649706441)|ENTERING_MANAGED_PKG|Centify
17:00:10.26 (673276624)|ENTERING_MANAGED_PKG|Centify
17:00:10.26 (687376396)|ENTERING_MANAGED_PKG|Centify
17:00:10.26 (687421488)|ENTERING_MANAGED_PKG|Centify
17:00:10.26 (687494892)|ENTERING_MANAGED_PKG|Centify
17:00:10.26 (687523994)|ENTERING_MANAGED_PKG|Centify
17:00:10.26 (687582712)|ENTERING_MANAGED_PKG|Centify
17:00:10.26 (711210483)|ENTERING_MANAGED_PKG|Centify
17:00:10.26 (711269709)|ENTERING_MANAGED_PKG|Centify
17:00:10.26 (711407164)|ENTERING_MANAGED_PKG|Centify
17:00:10.26 (711445550)|ENTERING_MANAGED_PKG|Centify
17:00:10.26 (711482663)|ENTERING_MANAGED_PKG|Centify
17:00:10.26 (715690578)|ENTERING_MANAGED_PKG|Centify
17:00:10.26 (715788965)|ENTERING_MANAGED_PKG|Centify
17:00:10.26 (717248553)|ENTERING_MANAGED_PKG|Centify
17:00:10.26 (717325018)|ENTERING_MANAGED_PKG|Centify
17:00:10.26 (717407208)|ENTERING_MANAGED_PKG|Centify
17:00:10.26 (717975730)|ENTERING_MANAGED_PKG|Centify
17:00:10.26 (718690573)|SOQL_EXECUTE_BEGIN|[16]|Aggregations:0|select id,lastmodifieddate,isdeleted,ownerid,status,whatid,activitydate,tasksubtype,isclosed,subject from Task where LastModifiedDate >2018-08-30T06:58:47Z AND LastModifiedDate < 2018-08-30T07:00:15Z AND (  Subject = 'Email' )  ORDER BY SystemModStamp DESC LIMIT 5000  ALL ROWS
17:00:10.26 (725354413)|SOQL_EXECUTE_END|[16]|Rows:0
17:00:10.749 (749226690)|CUMULATIVE_LIMIT_USAGE
17:00:10.749 (749226690)|LIMIT_USAGE_FOR_NS|(default)|
  Number of SOQL queries: 0 out of 200
  Number of query rows: 0 out of 50000
  Number of SOSL queries: 0 out of 20
  Number of DML statements: 0 out of 150
  Number of DML rows: 0 out of 10000
  Maximum CPU time: 0 out of 60000
  Maximum heap size: 0 out of 12000000
  Number of callouts: 0 out of 0
  Number of Email Invocations: 0 out of 10
  Number of future calls: 0 out of 0
  Number of queueable jobs added to the queue: 0 out of 1
  Number of Mobile Apex push calls: 0 out of 10

17:00:10.749 (749226690)|LIMIT_USAGE_FOR_NS|Centify|
  Number of SOQL queries: 0 out of 200
  Number of query rows: 0 out of 50000
  Number of SOSL queries: 0 out of 20
  Number of DML statements: 0 out of 150
  Number of DML rows: 0 out of 10000
  Maximum CPU time: 0 out of 60000
  Maximum heap size: 0 out of 12000000
  Number of callouts: 0 out of 0
  Number of Email Invocations: 0 out of 10
  Number of future calls: 0 out of 0
  Number of queueable jobs added to the queue: 0 out of 1
  Number of Mobile Apex push calls: 0 out of 10

17:00:10.749 (749226690)|CUMULATIVE_LIMIT_USAGE_END

