37.0 APEX_CODE,FINEST;APEX_PROFILING,INFO;CALLOUT,INFO;DB,INFO;NBA,INFO;SYSTEM,DEBUG;VALIDATION,INFO;VISUALFORCE,INFO;WAVE,INFO;WORKFLOW,INFO
11:47:13.15 (15219507)|ENTERING_MANAGED_PKG|Centify
11:47:13.15 (16680863)|ENTERING_MANAGED_PKG|Centify
11:47:13.15 (16720553)|ENTERING_MANAGED_PKG|Centify
11:47:13.15 (17285561)|ENTERING_MANAGED_PKG|Centify
11:47:13.15 (17350087)|ENTERING_MANAGED_PKG|Centify
11:47:13.15 (17968983)|ENTERING_MANAGED_PKG|Centify
11:47:13.15 (18235480)|ENTERING_MANAGED_PKG|Centify
11:47:13.15 (18261092)|ENTERING_MANAGED_PKG|Centify
11:47:13.15 (18330138)|ENTERING_MANAGED_PKG|Centify
11:47:13.15 (18366387)|ENTERING_MANAGED_PKG|Centify
11:47:13.15 (18396115)|ENTERING_MANAGED_PKG|Centify
11:47:13.15 (18414819)|ENTERING_MANAGED_PKG|Centify
11:47:13.15 (18431336)|ENTERING_MANAGED_PKG|Centify
11:47:13.15 (18590003)|ENTERING_MANAGED_PKG|Centify
11:47:13.15 (61574283)|ENTERING_MANAGED_PKG|Centify
11:47:13.15 (61646394)|ENTERING_MANAGED_PKG|Centify
11:47:13.15 (61754297)|ENTERING_MANAGED_PKG|Centify
11:47:13.15 (61794253)|ENTERING_MANAGED_PKG|Centify
11:47:13.15 (256493289)|ENTERING_MANAGED_PKG|Centify
11:47:13.15 (317411934)|ENTERING_MANAGED_PKG|Centify
11:47:13.15 (331756084)|ENTERING_MANAGED_PKG|Centify
11:47:13.15 (331806010)|ENTERING_MANAGED_PKG|Centify
11:47:13.15 (331894787)|ENTERING_MANAGED_PKG|Centify
11:47:13.15 (331927188)|ENTERING_MANAGED_PKG|Centify
11:47:13.15 (331988379)|ENTERING_MANAGED_PKG|Centify
11:47:13.15 (363489824)|ENTERING_MANAGED_PKG|Centify
11:47:13.15 (398581208)|ENTERING_MANAGED_PKG|Centify
11:47:13.15 (398652554)|ENTERING_MANAGED_PKG|Centify
11:47:13.15 (398755156)|ENTERING_MANAGED_PKG|Centify
11:47:13.15 (398798180)|ENTERING_MANAGED_PKG|Centify
11:47:13.15 (398899942)|ENTERING_MANAGED_PKG|Centify
11:47:13.15 (436790072)|ENTERING_MANAGED_PKG|Centify
11:47:13.15 (455882309)|ENTERING_MANAGED_PKG|Centify
11:47:13.15 (455934140)|ENTERING_MANAGED_PKG|Centify
11:47:13.15 (456024977)|ENTERING_MANAGED_PKG|Centify
11:47:13.15 (456058093)|ENTERING_MANAGED_PKG|Centify
11:47:13.15 (456118842)|ENTERING_MANAGED_PKG|Centify
11:47:13.15 (487755626)|ENTERING_MANAGED_PKG|Centify
11:47:13.15 (503755547)|ENTERING_MANAGED_PKG|Centify
11:47:13.15 (503809630)|ENTERING_MANAGED_PKG|Centify
11:47:13.15 (503886659)|ENTERING_MANAGED_PKG|Centify
11:47:13.15 (503917212)|ENTERING_MANAGED_PKG|Centify
11:47:13.15 (503980392)|ENTERING_MANAGED_PKG|Centify
11:47:13.15 (536198365)|ENTERING_MANAGED_PKG|Centify
11:47:13.15 (552898672)|ENTERING_MANAGED_PKG|Centify
11:47:13.15 (552949340)|ENTERING_MANAGED_PKG|Centify
11:47:13.15 (553022955)|ENTERING_MANAGED_PKG|Centify
11:47:13.15 (553054175)|ENTERING_MANAGED_PKG|Centify
11:47:13.15 (553132256)|ENTERING_MANAGED_PKG|Centify
11:47:13.15 (603906021)|ENTERING_MANAGED_PKG|Centify
11:47:13.15 (620742253)|ENTERING_MANAGED_PKG|Centify
11:47:13.15 (620805531)|ENTERING_MANAGED_PKG|Centify
11:47:13.15 (620882695)|ENTERING_MANAGED_PKG|Centify
11:47:13.15 (620914175)|ENTERING_MANAGED_PKG|Centify
11:47:13.15 (620975408)|ENTERING_MANAGED_PKG|Centify
11:47:13.15 (654300644)|ENTERING_MANAGED_PKG|Centify
11:47:13.15 (670056964)|ENTERING_MANAGED_PKG|Centify
11:47:13.15 (670106826)|ENTERING_MANAGED_PKG|Centify
11:47:13.15 (670180404)|ENTERING_MANAGED_PKG|Centify
11:47:13.15 (670212570)|ENTERING_MANAGED_PKG|Centify
11:47:13.15 (670272434)|ENTERING_MANAGED_PKG|Centify
11:47:13.15 (701705345)|ENTERING_MANAGED_PKG|Centify
11:47:13.15 (701761733)|ENTERING_MANAGED_PKG|Centify
11:47:13.15 (701884224)|ENTERING_MANAGED_PKG|Centify
11:47:13.15 (701904604)|ENTERING_MANAGED_PKG|Centify
11:47:13.15 (702027037)|ENTERING_MANAGED_PKG|Centify
11:47:13.15 (702062078)|ENTERING_MANAGED_PKG|Centify
11:47:13.15 (702091860)|ENTERING_MANAGED_PKG|Centify
11:47:13.15 (703026175)|ENTERING_MANAGED_PKG|Centify
11:47:13.15 (703104575)|ENTERING_MANAGED_PKG|Centify
11:47:13.15 (713770137)|ENTERING_MANAGED_PKG|Centify
11:47:13.15 (713950442)|ENTERING_MANAGED_PKG|Centify
11:47:13.15 (714727394)|ENTERING_MANAGED_PKG|Centify
11:47:13.15 (715737659)|SOQL_EXECUTE_BEGIN|[16]|Aggregations:0|select id,lastmodifieddate,isdeleted,name,ownerid,has_the_save_strategy_been_implemented__c,status__c,product_type__c from Cases__c where LastModifiedDate >2018-11-06T01:45:45Z AND LastModifiedDate < 2018-11-06T01:47:19Z  ORDER BY SystemModStamp DESC LIMIT 5000  ALL ROWS
11:47:13.15 (726015239)|SOQL_EXECUTE_END|[16]|Rows:0
11:47:13.755 (755206978)|CUMULATIVE_LIMIT_USAGE
11:47:13.755 (755206978)|LIMIT_USAGE_FOR_NS|(default)|
  Number of SOQL queries: 0 out of 200
  Number of query rows: 0 out of 50000
  Number of SOSL queries: 0 out of 20
  Number of DML statements: 0 out of 150
  Number of DML rows: 0 out of 10000
  Maximum CPU time: 0 out of 60000
  Maximum heap size: 0 out of 12000000
  Number of callouts: 0 out of 0
  Number of Email Invocations: 0 out of 10
  Number of future calls: 0 out of 0
  Number of queueable jobs added to the queue: 0 out of 1
  Number of Mobile Apex push calls: 0 out of 10

11:47:13.755 (755206978)|LIMIT_USAGE_FOR_NS|Centify|
  Number of SOQL queries: 0 out of 200
  Number of query rows: 0 out of 50000
  Number of SOSL queries: 0 out of 20
  Number of DML statements: 0 out of 150
  Number of DML rows: 0 out of 10000
  Maximum CPU time: 0 out of 60000
  Maximum heap size: 0 out of 12000000
  Number of callouts: 0 out of 0
  Number of Email Invocations: 0 out of 10
  Number of future calls: 0 out of 0
  Number of queueable jobs added to the queue: 0 out of 1
  Number of Mobile Apex push calls: 0 out of 10

11:47:13.755 (755206978)|CUMULATIVE_LIMIT_USAGE_END

