37.0 APEX_CODE,FINEST;APEX_PROFILING,INFO;CALLOUT,INFO;DB,INFO;NBA,INFO;SYSTEM,DEBUG;VALIDATION,INFO;VISUALFORCE,INFO;WAVE,INFO;WORKFLOW,INFO
11:41:37.21 (21366599)|ENTERING_MANAGED_PKG|Centify
11:41:37.21 (23101948)|ENTERING_MANAGED_PKG|Centify
11:41:37.21 (23160479)|ENTERING_MANAGED_PKG|Centify
11:41:37.21 (23747129)|ENTERING_MANAGED_PKG|Centify
11:41:37.21 (23819867)|ENTERING_MANAGED_PKG|Centify
11:41:37.21 (24450799)|ENTERING_MANAGED_PKG|Centify
11:41:37.21 (24725344)|ENTERING_MANAGED_PKG|Centify
11:41:37.21 (24751134)|ENTERING_MANAGED_PKG|Centify
11:41:37.21 (24823303)|ENTERING_MANAGED_PKG|Centify
11:41:37.21 (24862031)|ENTERING_MANAGED_PKG|Centify
11:41:37.21 (24889818)|ENTERING_MANAGED_PKG|Centify
11:41:37.21 (24908660)|ENTERING_MANAGED_PKG|Centify
11:41:37.21 (24924300)|ENTERING_MANAGED_PKG|Centify
11:41:37.21 (25089983)|ENTERING_MANAGED_PKG|Centify
11:41:37.21 (68244902)|ENTERING_MANAGED_PKG|Centify
11:41:37.21 (68327576)|ENTERING_MANAGED_PKG|Centify
11:41:37.21 (68433479)|ENTERING_MANAGED_PKG|Centify
11:41:37.21 (68474696)|ENTERING_MANAGED_PKG|Centify
11:41:37.21 (266327325)|ENTERING_MANAGED_PKG|Centify
11:41:37.21 (320157067)|ENTERING_MANAGED_PKG|Centify
11:41:37.21 (333571157)|ENTERING_MANAGED_PKG|Centify
11:41:37.21 (333631290)|ENTERING_MANAGED_PKG|Centify
11:41:37.21 (333708916)|ENTERING_MANAGED_PKG|Centify
11:41:37.21 (333740065)|ENTERING_MANAGED_PKG|Centify
11:41:37.21 (333802144)|ENTERING_MANAGED_PKG|Centify
11:41:37.21 (369051772)|ENTERING_MANAGED_PKG|Centify
11:41:37.21 (387541587)|ENTERING_MANAGED_PKG|Centify
11:41:37.21 (387620452)|ENTERING_MANAGED_PKG|Centify
11:41:37.21 (387731140)|ENTERING_MANAGED_PKG|Centify
11:41:37.21 (387776581)|ENTERING_MANAGED_PKG|Centify
11:41:37.21 (387871393)|ENTERING_MANAGED_PKG|Centify
11:41:37.21 (430249156)|ENTERING_MANAGED_PKG|Centify
11:41:37.21 (447810338)|ENTERING_MANAGED_PKG|Centify
11:41:37.21 (447882176)|ENTERING_MANAGED_PKG|Centify
11:41:37.21 (448005420)|ENTERING_MANAGED_PKG|Centify
11:41:37.21 (448058161)|ENTERING_MANAGED_PKG|Centify
11:41:37.21 (448207211)|ENTERING_MANAGED_PKG|Centify
11:41:37.21 (485971988)|ENTERING_MANAGED_PKG|Centify
11:41:37.21 (502606950)|ENTERING_MANAGED_PKG|Centify
11:41:37.21 (502667148)|ENTERING_MANAGED_PKG|Centify
11:41:37.21 (502745645)|ENTERING_MANAGED_PKG|Centify
11:41:37.21 (502776804)|ENTERING_MANAGED_PKG|Centify
11:41:37.21 (502838040)|ENTERING_MANAGED_PKG|Centify
11:41:37.21 (542322156)|ENTERING_MANAGED_PKG|Centify
11:41:37.21 (558013439)|ENTERING_MANAGED_PKG|Centify
11:41:37.21 (558091966)|ENTERING_MANAGED_PKG|Centify
11:41:37.21 (558197762)|ENTERING_MANAGED_PKG|Centify
11:41:37.21 (558234177)|ENTERING_MANAGED_PKG|Centify
11:41:37.21 (558299544)|ENTERING_MANAGED_PKG|Centify
11:41:37.21 (594050393)|ENTERING_MANAGED_PKG|Centify
11:41:37.21 (609035077)|ENTERING_MANAGED_PKG|Centify
11:41:37.21 (609321825)|ENTERING_MANAGED_PKG|Centify
11:41:37.21 (624371290)|ENTERING_MANAGED_PKG|Centify
11:41:37.21 (624459514)|ENTERING_MANAGED_PKG|Centify
11:41:37.21 (625510702)|ENTERING_MANAGED_PKG|Centify
11:41:37.21 (625571982)|ENTERING_MANAGED_PKG|Centify
11:41:37.21 (625628547)|ENTERING_MANAGED_PKG|Centify
11:41:37.21 (625703869)|ENTERING_MANAGED_PKG|Centify
11:41:37.21 (629125294)|SOQL_EXECUTE_BEGIN|[19]|Aggregations:0|SELECT Id, OrganizationType FROM Organization LIMIT 1
11:41:37.21 (632080034)|SOQL_EXECUTE_END|[19]|Rows:1
11:41:37.21 (668964296)|ENTERING_MANAGED_PKG|Centify
11:41:37.21 (684287354)|ENTERING_MANAGED_PKG|Centify
11:41:37.21 (684343296)|ENTERING_MANAGED_PKG|Centify
11:41:37.21 (684420967)|ENTERING_MANAGED_PKG|Centify
11:41:37.21 (684452470)|ENTERING_MANAGED_PKG|Centify
11:41:37.21 (684514562)|ENTERING_MANAGED_PKG|Centify
11:41:37.21 (720954604)|ENTERING_MANAGED_PKG|Centify
11:41:37.21 (736355792)|ENTERING_MANAGED_PKG|Centify
11:41:37.21 (736410422)|ENTERING_MANAGED_PKG|Centify
11:41:37.21 (736486344)|ENTERING_MANAGED_PKG|Centify
11:41:37.21 (736518929)|ENTERING_MANAGED_PKG|Centify
11:41:37.21 (736588200)|ENTERING_MANAGED_PKG|Centify
11:41:37.21 (777475653)|ENTERING_MANAGED_PKG|Centify
11:41:37.21 (777546863)|ENTERING_MANAGED_PKG|Centify
11:41:37.21 (777710388)|ENTERING_MANAGED_PKG|Centify
11:41:37.21 (777749764)|ENTERING_MANAGED_PKG|Centify
11:41:37.21 (777780862)|ENTERING_MANAGED_PKG|Centify
11:41:37.21 (778863534)|ENTERING_MANAGED_PKG|Centify
11:41:37.21 (778945715)|ENTERING_MANAGED_PKG|Centify
11:41:37.21 (789910784)|ENTERING_MANAGED_PKG|Centify
11:41:37.21 (790044984)|ENTERING_MANAGED_PKG|Centify
11:41:37.21 (790753212)|ENTERING_MANAGED_PKG|Centify
11:41:37.21 (791430758)|SOQL_EXECUTE_BEGIN|[16]|Aggregations:0|select id,lastmodifieddate,isdeleted,createddate,industry,type,name,ownerid from Account where LastModifiedDate >2018-10-23T01:38:50Z AND LastModifiedDate < 2018-10-23T01:41:42Z  ORDER BY SystemModStamp DESC LIMIT 5000  ALL ROWS
11:41:37.21 (797135210)|SOQL_EXECUTE_END|[16]|Rows:3
11:41:37.827 (827078992)|CUMULATIVE_LIMIT_USAGE
11:41:37.827 (827078992)|LIMIT_USAGE_FOR_NS|(default)|
  Number of SOQL queries: 0 out of 200
  Number of query rows: 0 out of 50000
  Number of SOSL queries: 0 out of 20
  Number of DML statements: 0 out of 150
  Number of DML rows: 0 out of 10000
  Maximum CPU time: 0 out of 60000
  Maximum heap size: 0 out of 12000000
  Number of callouts: 0 out of 0
  Number of Email Invocations: 0 out of 10
  Number of future calls: 0 out of 0
  Number of queueable jobs added to the queue: 0 out of 1
  Number of Mobile Apex push calls: 0 out of 10

11:41:37.827 (827078992)|LIMIT_USAGE_FOR_NS|Centify|
  Number of SOQL queries: 0 out of 200
  Number of query rows: 0 out of 50000
  Number of SOSL queries: 0 out of 20
  Number of DML statements: 0 out of 150
  Number of DML rows: 0 out of 10000
  Maximum CPU time: 0 out of 60000
  Maximum heap size: 0 out of 12000000
  Number of callouts: 0 out of 0
  Number of Email Invocations: 0 out of 10
  Number of future calls: 0 out of 0
  Number of queueable jobs added to the queue: 0 out of 1
  Number of Mobile Apex push calls: 0 out of 10

11:41:37.827 (827078992)|CUMULATIVE_LIMIT_USAGE_END

