37.0 APEX_CODE,FINEST;APEX_PROFILING,INFO;CALLOUT,INFO;DB,INFO;NBA,INFO;SYSTEM,DEBUG;VALIDATION,INFO;VISUALFORCE,INFO;WAVE,INFO;WORKFLOW,INFO
18:19:24.8 (8269595)|ENTERING_MANAGED_PKG|Centify
18:19:24.8 (12416771)|ENTERING_MANAGED_PKG|Centify
18:19:24.8 (12483542)|ENTERING_MANAGED_PKG|Centify
18:19:24.8 (14827815)|ENTERING_MANAGED_PKG|Centify
18:19:24.8 (14881359)|ENTERING_MANAGED_PKG|Centify
18:19:24.8 (15018268)|ENTERING_MANAGED_PKG|Centify
18:19:24.8 (15528552)|ENTERING_MANAGED_PKG|Centify
18:19:24.8 (24037373)|ENTERING_MANAGED_PKG|Centify
18:19:24.8 (24092261)|ENTERING_MANAGED_PKG|Centify
18:19:24.8 (24341052)|ENTERING_MANAGED_PKG|Centify
18:19:24.8 (24374468)|ENTERING_MANAGED_PKG|Centify
18:19:24.8 (24645995)|ENTERING_MANAGED_PKG|Centify
18:19:24.8 (26272524)|ENTERING_MANAGED_PKG|Centify
18:19:24.8 (26350974)|ENTERING_MANAGED_PKG|Centify
18:19:24.8 (26479314)|ENTERING_MANAGED_PKG|Centify
18:19:24.8 (26569370)|ENTERING_MANAGED_PKG|Centify
18:19:24.8 (26606978)|ENTERING_MANAGED_PKG|Centify
18:19:24.8 (26713880)|ENTERING_MANAGED_PKG|Centify
18:19:24.8 (26747578)|ENTERING_MANAGED_PKG|Centify
18:19:24.8 (26787623)|ENTERING_MANAGED_PKG|Centify
18:19:24.8 (26934698)|ENTERING_MANAGED_PKG|Centify
18:19:24.8 (26981611)|ENTERING_MANAGED_PKG|Centify
18:19:24.8 (30157983)|ENTERING_MANAGED_PKG|Centify
18:19:24.8 (30232672)|ENTERING_MANAGED_PKG|Centify
18:19:24.8 (30300366)|ENTERING_MANAGED_PKG|Centify
18:19:24.8 (30573385)|ENTERING_MANAGED_PKG|Centify
18:19:24.8 (30650402)|ENTERING_MANAGED_PKG|Centify
18:19:24.8 (31415582)|ENTERING_MANAGED_PKG|Centify
18:19:24.8 (31600604)|ENTERING_MANAGED_PKG|Centify
18:19:24.8 (31720634)|ENTERING_MANAGED_PKG|Centify
18:19:24.8 (31791375)|ENTERING_MANAGED_PKG|Centify
18:19:24.8 (31867870)|ENTERING_MANAGED_PKG|Centify
18:19:24.8 (31930802)|ENTERING_MANAGED_PKG|Centify
18:19:24.8 (32000703)|ENTERING_MANAGED_PKG|Centify
18:19:24.8 (32063537)|ENTERING_MANAGED_PKG|Centify
18:19:24.8 (32132117)|ENTERING_MANAGED_PKG|Centify
18:19:24.8 (32259022)|ENTERING_MANAGED_PKG|Centify
18:19:24.8 (32337027)|ENTERING_MANAGED_PKG|Centify
18:19:24.8 (32462245)|ENTERING_MANAGED_PKG|Centify
18:19:24.8 (32543839)|ENTERING_MANAGED_PKG|Centify
18:19:24.8 (32663955)|ENTERING_MANAGED_PKG|Centify
18:19:24.8 (32741048)|ENTERING_MANAGED_PKG|Centify
18:19:24.8 (32856135)|ENTERING_MANAGED_PKG|Centify
18:19:24.8 (32929507)|ENTERING_MANAGED_PKG|Centify
18:19:24.8 (33472919)|ENTERING_MANAGED_PKG|Centify
18:19:24.8 (33569757)|ENTERING_MANAGED_PKG|Centify
18:19:24.8 (33699639)|ENTERING_MANAGED_PKG|Centify
18:19:24.8 (33779767)|ENTERING_MANAGED_PKG|Centify
18:19:24.8 (33902846)|ENTERING_MANAGED_PKG|Centify
18:19:24.8 (33961945)|ENTERING_MANAGED_PKG|Centify
18:19:24.8 (35119442)|DML_BEGIN|[53]|Op:Insert|Type:Centify__Notification__c|Rows:1
18:19:24.8 (67265376)|DML_END|[53]
18:19:24.8 (67522151)|ENTERING_MANAGED_PKG|Centify
18:19:24.8 (68113096)|ENTERING_MANAGED_PKG|Centify
18:19:24.88 (88692638)|CUMULATIVE_LIMIT_USAGE
18:19:24.88 (88692638)|LIMIT_USAGE_FOR_NS|(default)|
  Number of SOQL queries: 0 out of 200
  Number of query rows: 0 out of 50000
  Number of SOSL queries: 0 out of 20
  Number of DML statements: 0 out of 150
  Number of DML rows: 0 out of 10000
  Maximum CPU time: 0 out of 60000
  Maximum heap size: 0 out of 12000000
  Number of callouts: 0 out of 0
  Number of Email Invocations: 0 out of 10
  Number of future calls: 0 out of 0
  Number of queueable jobs added to the queue: 0 out of 1
  Number of Mobile Apex push calls: 0 out of 10

18:19:24.88 (88692638)|LIMIT_USAGE_FOR_NS|Centify|
  Number of SOQL queries: 0 out of 200
  Number of query rows: 0 out of 50000
  Number of SOSL queries: 0 out of 20
  Number of DML statements: 0 out of 150
  Number of DML rows: 0 out of 10000
  Maximum CPU time: 0 out of 60000
  Maximum heap size: 0 out of 12000000
  Number of callouts: 0 out of 0
  Number of Email Invocations: 0 out of 10
  Number of future calls: 0 out of 0
  Number of queueable jobs added to the queue: 0 out of 1
  Number of Mobile Apex push calls: 0 out of 10

18:19:24.88 (88692638)|CUMULATIVE_LIMIT_USAGE_END

