37.0 APEX_CODE,FINEST;APEX_PROFILING,INFO;CALLOUT,INFO;DB,INFO;NBA,INFO;SYSTEM,DEBUG;VALIDATION,INFO;VISUALFORCE,INFO;WAVE,INFO;WORKFLOW,INFO
19:00:16.22 (22671826)|ENTERING_MANAGED_PKG|Centify
19:00:16.22 (25655327)|ENTERING_MANAGED_PKG|Centify
19:00:16.22 (31673937)|ENTERING_MANAGED_PKG|Centify
19:00:16.22 (31828703)|ENTERING_MANAGED_PKG|Centify
19:00:16.22 (31957362)|ENTERING_MANAGED_PKG|Centify
19:00:16.22 (32585885)|ENTERING_MANAGED_PKG|Centify
19:00:16.22 (32903755)|ENTERING_MANAGED_PKG|Centify
19:00:16.22 (32932266)|ENTERING_MANAGED_PKG|Centify
19:00:16.22 (33011059)|ENTERING_MANAGED_PKG|Centify
19:00:16.22 (33056942)|ENTERING_MANAGED_PKG|Centify
19:00:16.22 (33090656)|ENTERING_MANAGED_PKG|Centify
19:00:16.22 (33110498)|ENTERING_MANAGED_PKG|Centify
19:00:16.22 (33128264)|ENTERING_MANAGED_PKG|Centify
19:00:16.22 (33286283)|ENTERING_MANAGED_PKG|Centify
19:00:16.22 (87591962)|ENTERING_MANAGED_PKG|Centify
19:00:16.22 (87704819)|ENTERING_MANAGED_PKG|Centify
19:00:16.22 (87832332)|ENTERING_MANAGED_PKG|Centify
19:00:16.22 (87879991)|ENTERING_MANAGED_PKG|Centify
19:00:16.22 (270955970)|ENTERING_MANAGED_PKG|Centify
19:00:16.22 (329740145)|ENTERING_MANAGED_PKG|Centify
19:00:16.22 (343160122)|ENTERING_MANAGED_PKG|Centify
19:00:16.22 (343207273)|ENTERING_MANAGED_PKG|Centify
19:00:16.22 (343275857)|ENTERING_MANAGED_PKG|Centify
19:00:16.22 (343304246)|ENTERING_MANAGED_PKG|Centify
19:00:16.22 (343375870)|ENTERING_MANAGED_PKG|Centify
19:00:16.22 (375619003)|ENTERING_MANAGED_PKG|Centify
19:00:16.22 (389512419)|ENTERING_MANAGED_PKG|Centify
19:00:16.22 (389582239)|ENTERING_MANAGED_PKG|Centify
19:00:16.22 (389653212)|ENTERING_MANAGED_PKG|Centify
19:00:16.22 (389681778)|ENTERING_MANAGED_PKG|Centify
19:00:16.22 (389737120)|ENTERING_MANAGED_PKG|Centify
19:00:16.22 (421391130)|ENTERING_MANAGED_PKG|Centify
19:00:16.22 (436395101)|ENTERING_MANAGED_PKG|Centify
19:00:16.22 (436442030)|ENTERING_MANAGED_PKG|Centify
19:00:16.22 (436508224)|ENTERING_MANAGED_PKG|Centify
19:00:16.22 (436536299)|ENTERING_MANAGED_PKG|Centify
19:00:16.22 (436592554)|ENTERING_MANAGED_PKG|Centify
19:00:16.22 (468604925)|ENTERING_MANAGED_PKG|Centify
19:00:16.22 (485466472)|ENTERING_MANAGED_PKG|Centify
19:00:16.22 (485533807)|ENTERING_MANAGED_PKG|Centify
19:00:16.22 (485636239)|ENTERING_MANAGED_PKG|Centify
19:00:16.22 (485681038)|ENTERING_MANAGED_PKG|Centify
19:00:16.22 (485773464)|ENTERING_MANAGED_PKG|Centify
19:00:16.22 (515097683)|ENTERING_MANAGED_PKG|Centify
19:00:16.22 (529774604)|ENTERING_MANAGED_PKG|Centify
19:00:16.22 (529827582)|ENTERING_MANAGED_PKG|Centify
19:00:16.22 (529898144)|ENTERING_MANAGED_PKG|Centify
19:00:16.22 (529927136)|ENTERING_MANAGED_PKG|Centify
19:00:16.22 (529984489)|ENTERING_MANAGED_PKG|Centify
19:00:16.22 (562032593)|ENTERING_MANAGED_PKG|Centify
19:00:16.22 (580008362)|ENTERING_MANAGED_PKG|Centify
19:00:16.22 (580055244)|ENTERING_MANAGED_PKG|Centify
19:00:16.22 (580123620)|ENTERING_MANAGED_PKG|Centify
19:00:16.22 (580151957)|ENTERING_MANAGED_PKG|Centify
19:00:16.22 (580208231)|ENTERING_MANAGED_PKG|Centify
19:00:16.22 (614453696)|ENTERING_MANAGED_PKG|Centify
19:00:16.22 (630271138)|ENTERING_MANAGED_PKG|Centify
19:00:16.22 (630340662)|ENTERING_MANAGED_PKG|Centify
19:00:16.22 (630444856)|ENTERING_MANAGED_PKG|Centify
19:00:16.22 (630487191)|ENTERING_MANAGED_PKG|Centify
19:00:16.22 (630569885)|ENTERING_MANAGED_PKG|Centify
19:00:16.22 (664324792)|ENTERING_MANAGED_PKG|Centify
19:00:16.22 (664395636)|ENTERING_MANAGED_PKG|Centify
19:00:16.22 (664567779)|ENTERING_MANAGED_PKG|Centify
19:00:16.22 (664604473)|ENTERING_MANAGED_PKG|Centify
19:00:16.22 (664764527)|ENTERING_MANAGED_PKG|Centify
19:00:16.22 (664804838)|ENTERING_MANAGED_PKG|Centify
19:00:16.22 (664845073)|ENTERING_MANAGED_PKG|Centify
19:00:16.22 (665865113)|ENTERING_MANAGED_PKG|Centify
19:00:16.22 (665981649)|ENTERING_MANAGED_PKG|Centify
19:00:16.22 (667765133)|ENTERING_MANAGED_PKG|Centify
19:00:16.22 (667922119)|ENTERING_MANAGED_PKG|Centify
19:00:16.22 (668610063)|ENTERING_MANAGED_PKG|Centify
19:00:16.22 (669230053)|SOQL_EXECUTE_BEGIN|[16]|Aggregations:0|select id,lastmodifieddate,isdeleted,name,ownerid,has_the_save_strategy_been_implemented__c,status__c,product_type__c from Cases__c where LastModifiedDate >2018-09-28T07:30:24Z AND LastModifiedDate < 2018-09-28T09:00:22Z  ORDER BY SystemModStamp DESC LIMIT 5000  ALL ROWS
19:00:16.22 (674708770)|SOQL_EXECUTE_END|[16]|Rows:0
19:00:16.696 (696587436)|CUMULATIVE_LIMIT_USAGE
19:00:16.696 (696587436)|LIMIT_USAGE_FOR_NS|(default)|
  Number of SOQL queries: 0 out of 200
  Number of query rows: 0 out of 50000
  Number of SOSL queries: 0 out of 20
  Number of DML statements: 0 out of 150
  Number of DML rows: 0 out of 10000
  Maximum CPU time: 0 out of 60000
  Maximum heap size: 0 out of 12000000
  Number of callouts: 0 out of 0
  Number of Email Invocations: 0 out of 10
  Number of future calls: 0 out of 0
  Number of queueable jobs added to the queue: 0 out of 1
  Number of Mobile Apex push calls: 0 out of 10

19:00:16.696 (696587436)|LIMIT_USAGE_FOR_NS|Centify|
  Number of SOQL queries: 0 out of 200
  Number of query rows: 0 out of 50000
  Number of SOSL queries: 0 out of 20
  Number of DML statements: 0 out of 150
  Number of DML rows: 0 out of 10000
  Maximum CPU time: 0 out of 60000
  Maximum heap size: 0 out of 12000000
  Number of callouts: 0 out of 0
  Number of Email Invocations: 0 out of 10
  Number of future calls: 0 out of 0
  Number of queueable jobs added to the queue: 0 out of 1
  Number of Mobile Apex push calls: 0 out of 10

19:00:16.696 (696587436)|CUMULATIVE_LIMIT_USAGE_END

