37.0 APEX_CODE,FINEST;APEX_PROFILING,INFO;CALLOUT,INFO;DB,INFO;NBA,INFO;SYSTEM,DEBUG;VALIDATION,INFO;VISUALFORCE,INFO;WAVE,INFO;WORKFLOW,INFO
16:56:34.8 (8764837)|ENTERING_MANAGED_PKG|Centify
16:56:34.8 (12695975)|ENTERING_MANAGED_PKG|Centify
16:56:34.8 (12757300)|ENTERING_MANAGED_PKG|Centify
16:56:34.8 (14722176)|ENTERING_MANAGED_PKG|Centify
16:56:34.8 (14767564)|ENTERING_MANAGED_PKG|Centify
16:56:34.8 (14867013)|ENTERING_MANAGED_PKG|Centify
16:56:34.8 (15349711)|ENTERING_MANAGED_PKG|Centify
16:56:34.8 (23952103)|ENTERING_MANAGED_PKG|Centify
16:56:34.8 (24008250)|ENTERING_MANAGED_PKG|Centify
16:56:34.8 (24251835)|ENTERING_MANAGED_PKG|Centify
16:56:34.8 (24292087)|ENTERING_MANAGED_PKG|Centify
16:56:34.8 (24548288)|ENTERING_MANAGED_PKG|Centify
16:56:34.8 (25923964)|ENTERING_MANAGED_PKG|Centify
16:56:34.8 (25977457)|ENTERING_MANAGED_PKG|Centify
16:56:34.8 (26093471)|ENTERING_MANAGED_PKG|Centify
16:56:34.8 (26185582)|ENTERING_MANAGED_PKG|Centify
16:56:34.8 (26222841)|ENTERING_MANAGED_PKG|Centify
16:56:34.8 (26296299)|ENTERING_MANAGED_PKG|Centify
16:56:34.8 (26324305)|ENTERING_MANAGED_PKG|Centify
16:56:34.8 (26363125)|ENTERING_MANAGED_PKG|Centify
16:56:34.8 (26520857)|ENTERING_MANAGED_PKG|Centify
16:56:34.8 (26580205)|ENTERING_MANAGED_PKG|Centify
16:56:34.8 (27497602)|ENTERING_MANAGED_PKG|Centify
16:56:34.8 (27545477)|ENTERING_MANAGED_PKG|Centify
16:56:34.8 (27586826)|ENTERING_MANAGED_PKG|Centify
16:56:34.8 (27740106)|ENTERING_MANAGED_PKG|Centify
16:56:34.8 (27797854)|ENTERING_MANAGED_PKG|Centify
16:56:34.8 (28027530)|ENTERING_MANAGED_PKG|Centify
16:56:34.8 (28114003)|ENTERING_MANAGED_PKG|Centify
16:56:34.8 (28905327)|ENTERING_MANAGED_PKG|Centify
16:56:34.8 (29053892)|ENTERING_MANAGED_PKG|Centify
16:56:34.8 (29144793)|ENTERING_MANAGED_PKG|Centify
16:56:34.8 (29213256)|ENTERING_MANAGED_PKG|Centify
16:56:34.8 (29300663)|ENTERING_MANAGED_PKG|Centify
16:56:34.8 (29434598)|ENTERING_MANAGED_PKG|Centify
16:56:34.8 (29515373)|ENTERING_MANAGED_PKG|Centify
16:56:34.8 (29580107)|ENTERING_MANAGED_PKG|Centify
16:56:34.8 (29651684)|ENTERING_MANAGED_PKG|Centify
16:56:34.8 (29712966)|ENTERING_MANAGED_PKG|Centify
16:56:34.8 (29783082)|ENTERING_MANAGED_PKG|Centify
16:56:34.8 (29845300)|ENTERING_MANAGED_PKG|Centify
16:56:34.8 (29915226)|ENTERING_MANAGED_PKG|Centify
16:56:34.8 (29995272)|ENTERING_MANAGED_PKG|Centify
16:56:34.8 (30091928)|ENTERING_MANAGED_PKG|Centify
16:56:34.8 (30156639)|ENTERING_MANAGED_PKG|Centify
16:56:34.8 (30226975)|ENTERING_MANAGED_PKG|Centify
16:56:34.8 (30294559)|ENTERING_MANAGED_PKG|Centify
16:56:34.8 (30372707)|ENTERING_MANAGED_PKG|Centify
16:56:34.8 (30507804)|ENTERING_MANAGED_PKG|Centify
16:56:34.8 (30590370)|ENTERING_MANAGED_PKG|Centify
16:56:34.8 (30745463)|ENTERING_MANAGED_PKG|Centify
16:56:34.8 (30823773)|ENTERING_MANAGED_PKG|Centify
16:56:34.8 (30887046)|ENTERING_MANAGED_PKG|Centify
16:56:34.8 (30956108)|ENTERING_MANAGED_PKG|Centify
16:56:34.8 (31016876)|ENTERING_MANAGED_PKG|Centify
16:56:34.8 (31089558)|ENTERING_MANAGED_PKG|Centify
16:56:34.8 (31217002)|ENTERING_MANAGED_PKG|Centify
16:56:34.8 (31303321)|ENTERING_MANAGED_PKG|Centify
16:56:34.8 (31428052)|ENTERING_MANAGED_PKG|Centify
16:56:34.8 (31508763)|ENTERING_MANAGED_PKG|Centify
16:56:34.8 (31638090)|ENTERING_MANAGED_PKG|Centify
16:56:34.8 (31714823)|ENTERING_MANAGED_PKG|Centify
16:56:34.8 (31777953)|ENTERING_MANAGED_PKG|Centify
16:56:34.8 (31847902)|ENTERING_MANAGED_PKG|Centify
16:56:34.8 (31909505)|ENTERING_MANAGED_PKG|Centify
16:56:34.8 (31979269)|ENTERING_MANAGED_PKG|Centify
16:56:34.8 (32044058)|ENTERING_MANAGED_PKG|Centify
16:56:34.8 (32133854)|ENTERING_MANAGED_PKG|Centify
16:56:34.8 (32214988)|ENTERING_MANAGED_PKG|Centify
16:56:34.8 (32314796)|ENTERING_MANAGED_PKG|Centify
16:56:34.8 (32523565)|ENTERING_MANAGED_PKG|Centify
16:56:34.8 (32642053)|ENTERING_MANAGED_PKG|Centify
16:56:34.8 (32729957)|ENTERING_MANAGED_PKG|Centify
16:56:34.8 (32814259)|ENTERING_MANAGED_PKG|Centify
16:56:34.8 (32877845)|ENTERING_MANAGED_PKG|Centify
16:56:34.8 (32953739)|ENTERING_MANAGED_PKG|Centify
16:56:34.8 (33239392)|ENTERING_MANAGED_PKG|Centify
16:56:34.8 (33284184)|ENTERING_MANAGED_PKG|Centify
16:56:34.8 (33352085)|ENTERING_MANAGED_PKG|Centify
16:56:34.8 (33399022)|ENTERING_MANAGED_PKG|Centify
16:56:34.8 (33441581)|ENTERING_MANAGED_PKG|Centify
16:56:34.8 (33525024)|ENTERING_MANAGED_PKG|Centify
16:56:34.8 (35217003)|DML_BEGIN|[76]|Op:Insert|Type:Centify__Notification__c|Rows:1
16:56:34.8 (68239675)|DML_END|[76]
16:56:34.8 (68421054)|ENTERING_MANAGED_PKG|Centify
16:56:34.8 (68770537)|ENTERING_MANAGED_PKG|Centify
16:56:34.86 (86545099)|CUMULATIVE_LIMIT_USAGE
16:56:34.86 (86545099)|LIMIT_USAGE_FOR_NS|(default)|
  Number of SOQL queries: 0 out of 200
  Number of query rows: 0 out of 50000
  Number of SOSL queries: 0 out of 20
  Number of DML statements: 0 out of 150
  Number of DML rows: 0 out of 10000
  Maximum CPU time: 0 out of 60000
  Maximum heap size: 0 out of 12000000
  Number of callouts: 0 out of 0
  Number of Email Invocations: 0 out of 10
  Number of future calls: 0 out of 0
  Number of queueable jobs added to the queue: 0 out of 1
  Number of Mobile Apex push calls: 0 out of 10

16:56:34.86 (86545099)|LIMIT_USAGE_FOR_NS|Centify|
  Number of SOQL queries: 0 out of 200
  Number of query rows: 0 out of 50000
  Number of SOSL queries: 0 out of 20
  Number of DML statements: 0 out of 150
  Number of DML rows: 0 out of 10000
  Maximum CPU time: 0 out of 60000
  Maximum heap size: 0 out of 12000000
  Number of callouts: 0 out of 0
  Number of Email Invocations: 0 out of 10
  Number of future calls: 0 out of 0
  Number of queueable jobs added to the queue: 0 out of 1
  Number of Mobile Apex push calls: 0 out of 10

16:56:34.86 (86545099)|CUMULATIVE_LIMIT_USAGE_END

