37.0 APEX_CODE,FINEST;APEX_PROFILING,INFO;CALLOUT,INFO;DB,INFO;NBA,INFO;SYSTEM,DEBUG;VALIDATION,INFO;VISUALFORCE,INFO;WAVE,INFO;WORKFLOW,INFO
17:01:04.18 (18462694)|ENTERING_MANAGED_PKG|Centify
17:01:04.18 (23017936)|ENTERING_MANAGED_PKG|Centify
17:01:04.18 (30084864)|ENTERING_MANAGED_PKG|Centify
17:01:04.18 (30223575)|ENTERING_MANAGED_PKG|Centify
17:01:04.18 (30355985)|ENTERING_MANAGED_PKG|Centify
17:01:04.18 (30970213)|ENTERING_MANAGED_PKG|Centify
17:01:04.18 (31263023)|ENTERING_MANAGED_PKG|Centify
17:01:04.18 (31290203)|ENTERING_MANAGED_PKG|Centify
17:01:04.18 (31379013)|ENTERING_MANAGED_PKG|Centify
17:01:04.18 (31433908)|ENTERING_MANAGED_PKG|Centify
17:01:04.18 (31470689)|ENTERING_MANAGED_PKG|Centify
17:01:04.18 (31495530)|ENTERING_MANAGED_PKG|Centify
17:01:04.18 (31512973)|ENTERING_MANAGED_PKG|Centify
17:01:04.18 (31685823)|ENTERING_MANAGED_PKG|Centify
17:01:04.18 (67541176)|ENTERING_MANAGED_PKG|Centify
17:01:04.18 (67666687)|ENTERING_MANAGED_PKG|Centify
17:01:04.18 (67794245)|ENTERING_MANAGED_PKG|Centify
17:01:04.18 (67845444)|ENTERING_MANAGED_PKG|Centify
17:01:04.18 (258896143)|ENTERING_MANAGED_PKG|Centify
17:01:04.18 (329628829)|ENTERING_MANAGED_PKG|Centify
17:01:04.18 (343477929)|ENTERING_MANAGED_PKG|Centify
17:01:04.18 (343527340)|ENTERING_MANAGED_PKG|Centify
17:01:04.18 (343596613)|ENTERING_MANAGED_PKG|Centify
17:01:04.18 (343625852)|ENTERING_MANAGED_PKG|Centify
17:01:04.18 (343683662)|ENTERING_MANAGED_PKG|Centify
17:01:04.18 (367792505)|ENTERING_MANAGED_PKG|Centify
17:01:04.18 (381994104)|ENTERING_MANAGED_PKG|Centify
17:01:04.18 (382048420)|ENTERING_MANAGED_PKG|Centify
17:01:04.18 (382121100)|ENTERING_MANAGED_PKG|Centify
17:01:04.18 (382150335)|ENTERING_MANAGED_PKG|Centify
17:01:04.18 (382209152)|ENTERING_MANAGED_PKG|Centify
17:01:04.18 (406734503)|ENTERING_MANAGED_PKG|Centify
17:01:04.18 (422397564)|ENTERING_MANAGED_PKG|Centify
17:01:04.18 (422473110)|ENTERING_MANAGED_PKG|Centify
17:01:04.18 (422559755)|ENTERING_MANAGED_PKG|Centify
17:01:04.18 (422590338)|ENTERING_MANAGED_PKG|Centify
17:01:04.18 (422650651)|ENTERING_MANAGED_PKG|Centify
17:01:04.18 (448260346)|ENTERING_MANAGED_PKG|Centify
17:01:04.18 (462777249)|ENTERING_MANAGED_PKG|Centify
17:01:04.18 (462824950)|ENTERING_MANAGED_PKG|Centify
17:01:04.18 (462895211)|ENTERING_MANAGED_PKG|Centify
17:01:04.18 (462925199)|ENTERING_MANAGED_PKG|Centify
17:01:04.18 (462983030)|ENTERING_MANAGED_PKG|Centify
17:01:04.18 (487756019)|ENTERING_MANAGED_PKG|Centify
17:01:04.18 (506309313)|ENTERING_MANAGED_PKG|Centify
17:01:04.18 (506379788)|ENTERING_MANAGED_PKG|Centify
17:01:04.18 (506490741)|ENTERING_MANAGED_PKG|Centify
17:01:04.18 (506536530)|ENTERING_MANAGED_PKG|Centify
17:01:04.18 (506631782)|ENTERING_MANAGED_PKG|Centify
17:01:04.18 (540049263)|ENTERING_MANAGED_PKG|Centify
17:01:04.18 (554697707)|ENTERING_MANAGED_PKG|Centify
17:01:04.18 (554749332)|ENTERING_MANAGED_PKG|Centify
17:01:04.18 (554817932)|ENTERING_MANAGED_PKG|Centify
17:01:04.18 (554847570)|ENTERING_MANAGED_PKG|Centify
17:01:04.18 (554905664)|ENTERING_MANAGED_PKG|Centify
17:01:04.18 (579356489)|ENTERING_MANAGED_PKG|Centify
17:01:04.18 (593959393)|ENTERING_MANAGED_PKG|Centify
17:01:04.18 (594010171)|ENTERING_MANAGED_PKG|Centify
17:01:04.18 (594080089)|ENTERING_MANAGED_PKG|Centify
17:01:04.18 (594109162)|ENTERING_MANAGED_PKG|Centify
17:01:04.18 (594166260)|ENTERING_MANAGED_PKG|Centify
17:01:04.18 (622361458)|ENTERING_MANAGED_PKG|Centify
17:01:04.18 (638322150)|ENTERING_MANAGED_PKG|Centify
17:01:04.18 (638387382)|ENTERING_MANAGED_PKG|Centify
17:01:04.18 (638500576)|ENTERING_MANAGED_PKG|Centify
17:01:04.18 (638548248)|ENTERING_MANAGED_PKG|Centify
17:01:04.18 (638643734)|ENTERING_MANAGED_PKG|Centify
17:01:04.18 (668387528)|ENTERING_MANAGED_PKG|Centify
17:01:04.18 (685392106)|ENTERING_MANAGED_PKG|Centify
17:01:04.18 (685453816)|ENTERING_MANAGED_PKG|Centify
17:01:04.18 (685530085)|ENTERING_MANAGED_PKG|Centify
17:01:04.18 (685572001)|ENTERING_MANAGED_PKG|Centify
17:01:04.18 (685643247)|ENTERING_MANAGED_PKG|Centify
17:01:04.18 (711933654)|ENTERING_MANAGED_PKG|Centify
17:01:04.18 (712002482)|ENTERING_MANAGED_PKG|Centify
17:01:04.18 (712146142)|ENTERING_MANAGED_PKG|Centify
17:01:04.18 (712187143)|ENTERING_MANAGED_PKG|Centify
17:01:04.18 (712225247)|ENTERING_MANAGED_PKG|Centify
17:01:04.18 (712471600)|ENTERING_MANAGED_PKG|Centify
17:01:04.18 (712542951)|ENTERING_MANAGED_PKG|Centify
17:01:04.18 (726835391)|ENTERING_MANAGED_PKG|Centify
17:01:04.18 (726915041)|ENTERING_MANAGED_PKG|Centify
17:01:04.18 (727021090)|ENTERING_MANAGED_PKG|Centify
17:01:04.18 (727664738)|ENTERING_MANAGED_PKG|Centify
17:01:04.18 (728349591)|SOQL_EXECUTE_BEGIN|[16]|Aggregations:0|select id,lastmodifieddate,isdeleted,ownerid,status,whatid,activitydate,tasksubtype,isclosed,subject from Task where LastModifiedDate >2018-08-30T06:59:31Z AND LastModifiedDate < 2018-08-30T07:01:10Z AND (  Subject = 'Email' )  ORDER BY SystemModStamp DESC LIMIT 5000  ALL ROWS
17:01:04.18 (735478567)|SOQL_EXECUTE_END|[16]|Rows:0
17:01:04.773 (773504653)|CUMULATIVE_LIMIT_USAGE
17:01:04.773 (773504653)|LIMIT_USAGE_FOR_NS|(default)|
  Number of SOQL queries: 0 out of 200
  Number of query rows: 0 out of 50000
  Number of SOSL queries: 0 out of 20
  Number of DML statements: 0 out of 150
  Number of DML rows: 0 out of 10000
  Maximum CPU time: 0 out of 60000
  Maximum heap size: 0 out of 12000000
  Number of callouts: 0 out of 0
  Number of Email Invocations: 0 out of 10
  Number of future calls: 0 out of 0
  Number of queueable jobs added to the queue: 0 out of 1
  Number of Mobile Apex push calls: 0 out of 10

17:01:04.773 (773504653)|LIMIT_USAGE_FOR_NS|Centify|
  Number of SOQL queries: 0 out of 200
  Number of query rows: 0 out of 50000
  Number of SOSL queries: 0 out of 20
  Number of DML statements: 0 out of 150
  Number of DML rows: 0 out of 10000
  Maximum CPU time: 0 out of 60000
  Maximum heap size: 0 out of 12000000
  Number of callouts: 0 out of 0
  Number of Email Invocations: 0 out of 10
  Number of future calls: 0 out of 0
  Number of queueable jobs added to the queue: 0 out of 1
  Number of Mobile Apex push calls: 0 out of 10

17:01:04.773 (773504653)|CUMULATIVE_LIMIT_USAGE_END

