37.0 APEX_CODE,FINEST;APEX_PROFILING,INFO;CALLOUT,INFO;DB,INFO;NBA,INFO;SYSTEM,DEBUG;VALIDATION,INFO;VISUALFORCE,INFO;WAVE,INFO;WORKFLOW,INFO
17:02:25.36 (36575586)|ENTERING_MANAGED_PKG|Centify
17:02:25.36 (43890711)|ENTERING_MANAGED_PKG|Centify
17:02:25.36 (75142171)|ENTERING_MANAGED_PKG|Centify
17:02:25.36 (75364453)|ENTERING_MANAGED_PKG|Centify
17:02:25.36 (75608549)|ENTERING_MANAGED_PKG|Centify
17:02:25.36 (76770888)|ENTERING_MANAGED_PKG|Centify
17:02:25.36 (77208319)|ENTERING_MANAGED_PKG|Centify
17:02:25.36 (77255790)|ENTERING_MANAGED_PKG|Centify
17:02:25.36 (77402309)|ENTERING_MANAGED_PKG|Centify
17:02:25.36 (77503351)|ENTERING_MANAGED_PKG|Centify
17:02:25.36 (77578711)|ENTERING_MANAGED_PKG|Centify
17:02:25.36 (77619524)|ENTERING_MANAGED_PKG|Centify
17:02:25.36 (77654454)|ENTERING_MANAGED_PKG|Centify
17:02:25.36 (77970058)|ENTERING_MANAGED_PKG|Centify
17:02:25.36 (218129933)|ENTERING_MANAGED_PKG|Centify
17:02:25.36 (218285628)|ENTERING_MANAGED_PKG|Centify
17:02:25.36 (218561437)|ENTERING_MANAGED_PKG|Centify
17:02:25.36 (218680587)|ENTERING_MANAGED_PKG|Centify
17:02:25.36 (795350527)|ENTERING_MANAGED_PKG|Centify
17:02:25.36 (933518875)|ENTERING_MANAGED_PKG|Centify
17:02:25.36 (954103870)|ENTERING_MANAGED_PKG|Centify
17:02:25.36 (954160124)|ENTERING_MANAGED_PKG|Centify
17:02:25.36 (954290845)|ENTERING_MANAGED_PKG|Centify
17:02:25.36 (954350867)|ENTERING_MANAGED_PKG|Centify
17:02:25.36 (954428752)|ENTERING_MANAGED_PKG|Centify
17:02:25.36 (1018545307)|ENTERING_MANAGED_PKG|Centify
17:02:26.43 (1043749015)|ENTERING_MANAGED_PKG|Centify
17:02:26.43 (1043810775)|ENTERING_MANAGED_PKG|Centify
17:02:26.43 (1043896381)|ENTERING_MANAGED_PKG|Centify
17:02:26.43 (1043931783)|ENTERING_MANAGED_PKG|Centify
17:02:26.43 (1044031402)|ENTERING_MANAGED_PKG|Centify
17:02:26.43 (1153114349)|ENTERING_MANAGED_PKG|Centify
17:02:26.43 (1180022997)|ENTERING_MANAGED_PKG|Centify
17:02:26.43 (1180091062)|ENTERING_MANAGED_PKG|Centify
17:02:26.43 (1180198203)|ENTERING_MANAGED_PKG|Centify
17:02:26.43 (1180244338)|ENTERING_MANAGED_PKG|Centify
17:02:26.43 (1180343623)|ENTERING_MANAGED_PKG|Centify
17:02:26.43 (1270381265)|ENTERING_MANAGED_PKG|Centify
17:02:26.43 (1351115639)|ENTERING_MANAGED_PKG|Centify
17:02:26.43 (1351197358)|ENTERING_MANAGED_PKG|Centify
17:02:26.43 (1351323031)|ENTERING_MANAGED_PKG|Centify
17:02:26.43 (1351380304)|ENTERING_MANAGED_PKG|Centify
17:02:26.43 (1351488600)|ENTERING_MANAGED_PKG|Centify
17:02:26.43 (1402301804)|ENTERING_MANAGED_PKG|Centify
17:02:26.43 (1424451413)|ENTERING_MANAGED_PKG|Centify
17:02:26.43 (1424506997)|ENTERING_MANAGED_PKG|Centify
17:02:26.43 (1424589477)|ENTERING_MANAGED_PKG|Centify
17:02:26.43 (1424625417)|ENTERING_MANAGED_PKG|Centify
17:02:26.43 (1424697056)|ENTERING_MANAGED_PKG|Centify
17:02:26.43 (1464386050)|ENTERING_MANAGED_PKG|Centify
17:02:26.43 (1489362834)|ENTERING_MANAGED_PKG|Centify
17:02:26.43 (1489448228)|ENTERING_MANAGED_PKG|Centify
17:02:26.43 (1489582381)|ENTERING_MANAGED_PKG|Centify
17:02:26.43 (1489637258)|ENTERING_MANAGED_PKG|Centify
17:02:26.43 (1489744129)|ENTERING_MANAGED_PKG|Centify
17:02:26.43 (1543170199)|ENTERING_MANAGED_PKG|Centify
17:02:26.43 (1569807958)|ENTERING_MANAGED_PKG|Centify
17:02:26.43 (1569906046)|ENTERING_MANAGED_PKG|Centify
17:02:26.43 (1570036041)|ENTERING_MANAGED_PKG|Centify
17:02:26.43 (1570090779)|ENTERING_MANAGED_PKG|Centify
17:02:26.43 (1570204662)|ENTERING_MANAGED_PKG|Centify
17:02:26.43 (1616377133)|ENTERING_MANAGED_PKG|Centify
17:02:26.43 (1644351092)|ENTERING_MANAGED_PKG|Centify
17:02:26.43 (1644445767)|ENTERING_MANAGED_PKG|Centify
17:02:26.43 (1644598079)|ENTERING_MANAGED_PKG|Centify
17:02:26.43 (1644664427)|ENTERING_MANAGED_PKG|Centify
17:02:26.43 (1644795440)|ENTERING_MANAGED_PKG|Centify
17:02:26.43 (1707788055)|ENTERING_MANAGED_PKG|Centify
17:02:26.43 (1738644341)|ENTERING_MANAGED_PKG|Centify
17:02:26.43 (1738732177)|ENTERING_MANAGED_PKG|Centify
17:02:26.43 (1738882767)|ENTERING_MANAGED_PKG|Centify
17:02:26.43 (1738944487)|ENTERING_MANAGED_PKG|Centify
17:02:26.43 (1739069512)|ENTERING_MANAGED_PKG|Centify
17:02:26.43 (1787909794)|ENTERING_MANAGED_PKG|Centify
17:02:26.43 (1804825004)|ENTERING_MANAGED_PKG|Centify
17:02:26.43 (1805122351)|ENTERING_MANAGED_PKG|Centify
17:02:26.43 (1819768682)|ENTERING_MANAGED_PKG|Centify
17:02:26.43 (1819857255)|ENTERING_MANAGED_PKG|Centify
17:02:26.43 (1822669321)|ENTERING_MANAGED_PKG|Centify
17:02:26.43 (1822793984)|ENTERING_MANAGED_PKG|Centify
17:02:26.43 (1822893874)|ENTERING_MANAGED_PKG|Centify
17:02:26.43 (1822991584)|ENTERING_MANAGED_PKG|Centify
17:02:26.43 (1878390625)|SOQL_EXECUTE_BEGIN|[19]|Aggregations:0|SELECT Id, OrganizationType FROM Organization LIMIT 1
17:02:26.43 (1883638318)|SOQL_EXECUTE_END|[19]|Rows:1
17:02:26.43 (1913492719)|ENTERING_MANAGED_PKG|Centify
17:02:26.43 (1913586451)|ENTERING_MANAGED_PKG|Centify
17:02:26.43 (1913929277)|ENTERING_MANAGED_PKG|Centify
17:02:26.43 (1914034654)|ENTERING_MANAGED_PKG|Centify
17:02:26.43 (1914118471)|ENTERING_MANAGED_PKG|Centify
17:02:26.43 (1915581770)|ENTERING_MANAGED_PKG|Centify
17:02:26.43 (1915710882)|ENTERING_MANAGED_PKG|Centify
17:02:26.43 (1931267032)|ENTERING_MANAGED_PKG|Centify
17:02:26.43 (1931502762)|ENTERING_MANAGED_PKG|Centify
17:02:26.43 (1932427773)|ENTERING_MANAGED_PKG|Centify
17:02:26.43 (1933633996)|SOQL_EXECUTE_BEGIN|[16]|Aggregations:0|select id,lastmodifieddate,isdeleted,name,createddate,ownerid,status,isconverted,converteddate,company from Lead where LastModifiedDate >2018-11-21T05:26:56Z AND LastModifiedDate < 2018-11-21T07:02:32Z  ORDER BY SystemModStamp DESC LIMIT 5000  ALL ROWS
17:02:26.43 (1942116903)|SOQL_EXECUTE_END|[16]|Rows:0
17:02:26.976 (1976182816)|CUMULATIVE_LIMIT_USAGE
17:02:26.976 (1976182816)|LIMIT_USAGE_FOR_NS|(default)|
  Number of SOQL queries: 0 out of 200
  Number of query rows: 0 out of 50000
  Number of SOSL queries: 0 out of 20
  Number of DML statements: 0 out of 150
  Number of DML rows: 0 out of 10000
  Maximum CPU time: 0 out of 60000
  Maximum heap size: 0 out of 12000000
  Number of callouts: 0 out of 0
  Number of Email Invocations: 0 out of 10
  Number of future calls: 0 out of 0
  Number of queueable jobs added to the queue: 0 out of 1
  Number of Mobile Apex push calls: 0 out of 10

17:02:26.976 (1976182816)|LIMIT_USAGE_FOR_NS|Centify|
  Number of SOQL queries: 0 out of 200
  Number of query rows: 0 out of 50000
  Number of SOSL queries: 0 out of 20
  Number of DML statements: 0 out of 150
  Number of DML rows: 0 out of 10000
  Maximum CPU time: 0 out of 60000
  Maximum heap size: 0 out of 12000000
  Number of callouts: 0 out of 0
  Number of Email Invocations: 0 out of 10
  Number of future calls: 0 out of 0
  Number of queueable jobs added to the queue: 0 out of 1
  Number of Mobile Apex push calls: 0 out of 10

17:02:26.976 (1976182816)|CUMULATIVE_LIMIT_USAGE_END

