37.0 APEX_CODE,FINEST;APEX_PROFILING,INFO;CALLOUT,INFO;DB,INFO;NBA,INFO;SYSTEM,DEBUG;VALIDATION,INFO;VISUALFORCE,INFO;WAVE,INFO;WORKFLOW,INFO
11:58:20.26 (26354417)|ENTERING_MANAGED_PKG|Centify
11:58:20.26 (27864776)|ENTERING_MANAGED_PKG|Centify
11:58:20.26 (27903244)|ENTERING_MANAGED_PKG|Centify
11:58:20.26 (28655292)|ENTERING_MANAGED_PKG|Centify
11:58:20.26 (28722141)|ENTERING_MANAGED_PKG|Centify
11:58:20.26 (29546356)|ENTERING_MANAGED_PKG|Centify
11:58:20.26 (29897468)|ENTERING_MANAGED_PKG|Centify
11:58:20.26 (29935271)|ENTERING_MANAGED_PKG|Centify
11:58:20.26 (30033297)|ENTERING_MANAGED_PKG|Centify
11:58:20.26 (30107944)|ENTERING_MANAGED_PKG|Centify
11:58:20.26 (30167924)|ENTERING_MANAGED_PKG|Centify
11:58:20.26 (30199064)|ENTERING_MANAGED_PKG|Centify
11:58:20.26 (30226523)|ENTERING_MANAGED_PKG|Centify
11:58:20.26 (30431560)|ENTERING_MANAGED_PKG|Centify
11:58:20.26 (75250093)|ENTERING_MANAGED_PKG|Centify
11:58:20.26 (75339492)|ENTERING_MANAGED_PKG|Centify
11:58:20.26 (75471639)|ENTERING_MANAGED_PKG|Centify
11:58:20.26 (75518907)|ENTERING_MANAGED_PKG|Centify
11:58:20.26 (254444687)|ENTERING_MANAGED_PKG|Centify
11:58:20.26 (307768297)|ENTERING_MANAGED_PKG|Centify
11:58:20.26 (320425711)|ENTERING_MANAGED_PKG|Centify
11:58:20.26 (320471775)|ENTERING_MANAGED_PKG|Centify
11:58:20.26 (320542918)|ENTERING_MANAGED_PKG|Centify
11:58:20.26 (320571847)|ENTERING_MANAGED_PKG|Centify
11:58:20.26 (320630727)|ENTERING_MANAGED_PKG|Centify
11:58:20.26 (348944063)|ENTERING_MANAGED_PKG|Centify
11:58:20.26 (363897079)|ENTERING_MANAGED_PKG|Centify
11:58:20.26 (363941861)|ENTERING_MANAGED_PKG|Centify
11:58:20.26 (364011884)|ENTERING_MANAGED_PKG|Centify
11:58:20.26 (364040914)|ENTERING_MANAGED_PKG|Centify
11:58:20.26 (364098978)|ENTERING_MANAGED_PKG|Centify
11:58:20.26 (943794796)|ENTERING_MANAGED_PKG|Centify
11:58:20.26 (968878248)|ENTERING_MANAGED_PKG|Centify
11:58:20.26 (968946122)|ENTERING_MANAGED_PKG|Centify
11:58:20.26 (969055924)|ENTERING_MANAGED_PKG|Centify
11:58:20.26 (969103222)|ENTERING_MANAGED_PKG|Centify
11:58:20.26 (969190544)|ENTERING_MANAGED_PKG|Centify
11:58:20.26 (1008190768)|ENTERING_MANAGED_PKG|Centify
11:58:20.26 (1024101644)|ENTERING_MANAGED_PKG|Centify
11:58:20.26 (1024150639)|ENTERING_MANAGED_PKG|Centify
11:58:20.26 (1024222444)|ENTERING_MANAGED_PKG|Centify
11:58:20.26 (1024251010)|ENTERING_MANAGED_PKG|Centify
11:58:20.26 (1024308532)|ENTERING_MANAGED_PKG|Centify
11:58:21.55 (1055560402)|ENTERING_MANAGED_PKG|Centify
11:58:21.55 (1071760085)|ENTERING_MANAGED_PKG|Centify
11:58:21.55 (1071808592)|ENTERING_MANAGED_PKG|Centify
11:58:21.55 (1071878171)|ENTERING_MANAGED_PKG|Centify
11:58:21.55 (1071908706)|ENTERING_MANAGED_PKG|Centify
11:58:21.55 (1071965035)|ENTERING_MANAGED_PKG|Centify
11:58:21.55 (1102193975)|ENTERING_MANAGED_PKG|Centify
11:58:21.55 (1117937268)|ENTERING_MANAGED_PKG|Centify
11:58:21.55 (1117982378)|ENTERING_MANAGED_PKG|Centify
11:58:21.55 (1118051466)|ENTERING_MANAGED_PKG|Centify
11:58:21.55 (1118081526)|ENTERING_MANAGED_PKG|Centify
11:58:21.55 (1118137804)|ENTERING_MANAGED_PKG|Centify
11:58:21.55 (1149822376)|ENTERING_MANAGED_PKG|Centify
11:58:21.55 (1166898701)|ENTERING_MANAGED_PKG|Centify
11:58:21.55 (1166944530)|ENTERING_MANAGED_PKG|Centify
11:58:21.55 (1167016811)|ENTERING_MANAGED_PKG|Centify
11:58:21.55 (1167046885)|ENTERING_MANAGED_PKG|Centify
11:58:21.55 (1167105382)|ENTERING_MANAGED_PKG|Centify
11:58:21.55 (1199122604)|ENTERING_MANAGED_PKG|Centify
11:58:21.55 (1199181675)|ENTERING_MANAGED_PKG|Centify
11:58:21.55 (1199298960)|ENTERING_MANAGED_PKG|Centify
11:58:21.55 (1199321665)|ENTERING_MANAGED_PKG|Centify
11:58:21.55 (1199437390)|ENTERING_MANAGED_PKG|Centify
11:58:21.55 (1199472996)|ENTERING_MANAGED_PKG|Centify
11:58:21.55 (1199509838)|ENTERING_MANAGED_PKG|Centify
11:58:21.55 (1200412746)|ENTERING_MANAGED_PKG|Centify
11:58:21.55 (1200487885)|ENTERING_MANAGED_PKG|Centify
11:58:21.55 (1213285562)|ENTERING_MANAGED_PKG|Centify
11:58:21.55 (1213455501)|ENTERING_MANAGED_PKG|Centify
11:58:21.55 (1214252091)|ENTERING_MANAGED_PKG|Centify
11:58:21.55 (1215250446)|SOQL_EXECUTE_BEGIN|[16]|Aggregations:0|select id,lastmodifieddate,isdeleted,name,ownerid,has_the_save_strategy_been_implemented__c,status__c,product_type__c from Cases__c where LastModifiedDate >2018-11-06T01:55:48Z AND LastModifiedDate < 2018-11-06T01:58:27Z  ORDER BY SystemModStamp DESC LIMIT 5000  ALL ROWS
11:58:21.55 (1223774829)|SOQL_EXECUTE_END|[16]|Rows:1
11:58:21.247 (1247922992)|CUMULATIVE_LIMIT_USAGE
11:58:21.247 (1247922992)|LIMIT_USAGE_FOR_NS|(default)|
  Number of SOQL queries: 0 out of 200
  Number of query rows: 0 out of 50000
  Number of SOSL queries: 0 out of 20
  Number of DML statements: 0 out of 150
  Number of DML rows: 0 out of 10000
  Maximum CPU time: 0 out of 60000
  Maximum heap size: 0 out of 12000000
  Number of callouts: 0 out of 0
  Number of Email Invocations: 0 out of 10
  Number of future calls: 0 out of 0
  Number of queueable jobs added to the queue: 0 out of 1
  Number of Mobile Apex push calls: 0 out of 10

11:58:21.247 (1247922992)|LIMIT_USAGE_FOR_NS|Centify|
  Number of SOQL queries: 0 out of 200
  Number of query rows: 0 out of 50000
  Number of SOSL queries: 0 out of 20
  Number of DML statements: 0 out of 150
  Number of DML rows: 0 out of 10000
  Maximum CPU time: 0 out of 60000
  Maximum heap size: 0 out of 12000000
  Number of callouts: 0 out of 0
  Number of Email Invocations: 0 out of 10
  Number of future calls: 0 out of 0
  Number of queueable jobs added to the queue: 0 out of 1
  Number of Mobile Apex push calls: 0 out of 10

11:58:21.247 (1247922992)|CUMULATIVE_LIMIT_USAGE_END

