35.0 APEX_CODE,FINEST;APEX_PROFILING,INFO;CALLOUT,INFO;DB,INFO;NBA,INFO;SYSTEM,DEBUG;VALIDATION,INFO;VISUALFORCE,INFO;WAVE,INFO;WORKFLOW,INFO
16:55:36.0 (118383)|USER_INFO|[EXTERNAL]|00590000000Vmmq|ben@bjbglobal.com.au|Australian Eastern Standard Time|GMT+10:00
16:55:36.0 (175732)|EXECUTION_STARTED
16:55:36.0 (181503)|CODE_UNIT_STARTED|[EXTERNAL]|Workflow:01I6F000002Fh8S
16:55:36.0 (10433654)|WF_RULE_EVAL_BEGIN|Workflow
16:55:36.0 (10513004)|WF_CRITERIA_BEGIN|[Voicemail: VM-05344 a2b6F000005w51f]|Update_Owner_to_Client_Manager3016F0000005rQr|01Q6F0000019kvy|ON_ALL_CHANGES|0
16:55:36.0 (10692383)|WF_FORMULA|Formula:ENCODED:[treatNullAsNull]true|Values:
16:55:36.0 (10702737)|WF_CRITERIA_END|true
16:55:36.0 (11681987)|WF_CRITERIA_BEGIN|[Voicemail: VM-05344 a2b6F000005w51f]|Miss Call Notification|01Q6F0000019j3j|ON_CREATE_OR_TRIGGERING_UPDATE|0
16:55:36.0 (13889903)|WF_RULE_FILTER|[Voicemail : Client Manager not equal to null] 
AND [Voicemail : Status equals New]
16:55:36.0 (13949173)|WF_RULE_EVAL_VALUE|0056F00000A79Mp
16:55:36.0 (13969551)|WF_RULE_EVAL_VALUE|1
16:55:36.0 (13974605)|WF_CRITERIA_END|true
16:55:36.0 (14001869)|WF_CRITERIA_BEGIN|[Voicemail: VM-05344 a2b6F000005w51f]|Auto Close Anonymous Call|01Q6F000000S2Ae|ON_CREATE_OR_TRIGGERING_UPDATE|0
16:55:36.0 (14056947)|WF_RULE_FILTER|[Voicemail : Mobile Phone contains anonymous] 
AND [Voicemail : Status equals New]
16:55:36.0 (14071365)|WF_RULE_EVAL_VALUE|+61490827033
16:55:36.0 (14076311)|WF_CRITERIA_END|false
16:55:36.0 (14094401)|WF_SPOOL_ACTION_BEGIN|Workflow
16:55:36.0 (14116346)|WF_RULE_INVOCATION|[Voicemail: VM-05344 a2b6F000005w51f]
16:55:36.0 (14124627)|WF_EMAIL_ALERT|Id=01W6F000000RUVV|CurrentRule:Miss Call Notification (Id=01Q6F0000019j3j)
16:55:36.0 (98569522)|WF_EMAIL_SENT|Template:00X6F000001rVi0|Recipients:emma.morcombe@sponsoredlinx.com |CcEmails:
16:55:36.0 (98630685)|WF_ACTION| Email Alert: 1; Flow Trigger: 1;
16:55:36.0 (98636889)|WF_RULE_EVAL_END
16:55:36.0 (100529306)|WF_FLOW_ACTION_BEGIN|09L6F000000PZYm
16:55:36.104 (104150070)|FLOW_CREATE_INTERVIEW_BEGIN|00D90000000IJSa|3006F00000091rx|3016F0000005rQr
16:55:36.104 (105128587)|FLOW_CREATE_INTERVIEW_END|586992b0949433a1ceca18b1b29167350a8575-604a|Update Owner to Client Manager
16:55:36.105 (105766990)|FLOW_START_INTERVIEWS_BEGIN|1
16:55:36.105 (105810553)|FLOW_START_INTERVIEW_BEGIN|586992b0949433a1ceca18b1b29167350a8575-604a|Update Owner to Client Manager
16:55:36.105 (137697196)|FLOW_START_INTERVIEW_END|586992b0949433a1ceca18b1b29167350a8575-604a|Update Owner to Client Manager
16:55:36.105 (213759184)|FLOW_START_INTERVIEWS_END|1
16:55:36.0 (214846064)|WF_FLOW_ACTION_END|09L6F000000PZYm
16:55:36.0 (214905554)|WF_RULE_EVAL_BEGIN|Workflow
16:55:36.0 (214948438)|WF_CRITERIA_BEGIN|[Voicemail: VM-05344 a2b6F000005w51f]|Auto Close Anonymous Call|01Q6F000000S2Ae|ON_CREATE_OR_TRIGGERING_UPDATE|1
16:55:36.0 (215025960)|WF_RULE_FILTER|[Voicemail : Mobile Phone contains anonymous] 
AND [Voicemail : Status equals New]
16:55:36.0 (215062907)|WF_RULE_EVAL_VALUE|+61490827033
16:55:36.0 (215074861)|WF_CRITERIA_END|false
16:55:36.0 (215104062)|WF_SPOOL_ACTION_BEGIN|Workflow
16:55:36.0 (215119888)|WF_ACTION| None
16:55:36.0 (215125853)|WF_RULE_EVAL_END
16:55:36.0 (215212650)|WF_TIME_TRIGGERS_BEGIN
16:55:36.0 (217141757)|WF_TIME_TRIGGER|[Voicemail: VM-05344 a2b6F000005w51f]|2 after CreatedDate|Miss Call Notification 01Q6F0000019j3j|18:55:36.0
16:55:36.0 (223231698)|WF_ACTIONS_END| Email Alert: 1; Flow Trigger: 1;
16:55:36.0 (223248851)|CODE_UNIT_FINISHED|Workflow:01I6F000002Fh8S
16:55:36.0 (224231712)|EXECUTION_FINISHED
