37.0 APEX_CODE,FINEST;APEX_PROFILING,INFO;CALLOUT,INFO;DB,INFO;NBA,INFO;SYSTEM,DEBUG;VALIDATION,INFO;VISUALFORCE,INFO;WAVE,INFO;WORKFLOW,INFO
18:51:01.14 (14564742)|ENTERING_MANAGED_PKG|Centify
18:51:01.14 (15506694)|ENTERING_MANAGED_PKG|Centify
18:51:01.14 (15558996)|ENTERING_MANAGED_PKG|Centify
18:51:01.14 (15740044)|ENTERING_MANAGED_PKG|Centify
18:51:01.14 (15805707)|ENTERING_MANAGED_PKG|Centify
18:51:01.14 (16536006)|ENTERING_MANAGED_PKG|Centify
18:51:01.14 (16844704)|ENTERING_MANAGED_PKG|Centify
18:51:01.14 (16874148)|ENTERING_MANAGED_PKG|Centify
18:51:01.14 (16955685)|ENTERING_MANAGED_PKG|Centify
18:51:01.14 (17000588)|ENTERING_MANAGED_PKG|Centify
18:51:01.14 (17037517)|ENTERING_MANAGED_PKG|Centify
18:51:01.14 (17059414)|ENTERING_MANAGED_PKG|Centify
18:51:01.14 (17075662)|ENTERING_MANAGED_PKG|Centify
18:51:01.14 (17277122)|ENTERING_MANAGED_PKG|Centify
18:51:01.14 (88270669)|ENTERING_MANAGED_PKG|Centify
18:51:01.14 (88361920)|ENTERING_MANAGED_PKG|Centify
18:51:01.14 (88493273)|ENTERING_MANAGED_PKG|Centify
18:51:01.14 (88543258)|ENTERING_MANAGED_PKG|Centify
18:51:01.14 (340725209)|ENTERING_MANAGED_PKG|Centify
18:51:01.14 (446839146)|ENTERING_MANAGED_PKG|Centify
18:51:01.14 (463584547)|ENTERING_MANAGED_PKG|Centify
18:51:01.14 (463664448)|ENTERING_MANAGED_PKG|Centify
18:51:01.14 (463797449)|ENTERING_MANAGED_PKG|Centify
18:51:01.14 (463860392)|ENTERING_MANAGED_PKG|Centify
18:51:01.14 (463982527)|ENTERING_MANAGED_PKG|Centify
18:51:01.14 (500497713)|ENTERING_MANAGED_PKG|Centify
18:51:01.14 (517414710)|ENTERING_MANAGED_PKG|Centify
18:51:01.14 (517475778)|ENTERING_MANAGED_PKG|Centify
18:51:01.14 (517565391)|ENTERING_MANAGED_PKG|Centify
18:51:01.14 (517603244)|ENTERING_MANAGED_PKG|Centify
18:51:01.14 (517683568)|ENTERING_MANAGED_PKG|Centify
18:51:01.14 (547119823)|ENTERING_MANAGED_PKG|Centify
18:51:01.14 (565755304)|ENTERING_MANAGED_PKG|Centify
18:51:01.14 (565816344)|ENTERING_MANAGED_PKG|Centify
18:51:01.14 (565906893)|ENTERING_MANAGED_PKG|Centify
18:51:01.14 (565943400)|ENTERING_MANAGED_PKG|Centify
18:51:01.14 (566012207)|ENTERING_MANAGED_PKG|Centify
18:51:01.14 (664616578)|ENTERING_MANAGED_PKG|Centify
18:51:01.14 (681661519)|ENTERING_MANAGED_PKG|Centify
18:51:01.14 (681728262)|ENTERING_MANAGED_PKG|Centify
18:51:01.14 (681825059)|ENTERING_MANAGED_PKG|Centify
18:51:01.14 (681867456)|ENTERING_MANAGED_PKG|Centify
18:51:01.14 (681945145)|ENTERING_MANAGED_PKG|Centify
18:51:01.14 (714261377)|ENTERING_MANAGED_PKG|Centify
18:51:01.14 (729519946)|ENTERING_MANAGED_PKG|Centify
18:51:01.14 (729579770)|ENTERING_MANAGED_PKG|Centify
18:51:01.14 (729674529)|ENTERING_MANAGED_PKG|Centify
18:51:01.14 (729713234)|ENTERING_MANAGED_PKG|Centify
18:51:01.14 (729782509)|ENTERING_MANAGED_PKG|Centify
18:51:01.14 (756146818)|ENTERING_MANAGED_PKG|Centify
18:51:01.14 (771510443)|ENTERING_MANAGED_PKG|Centify
18:51:01.14 (771568285)|ENTERING_MANAGED_PKG|Centify
18:51:01.14 (771651931)|ENTERING_MANAGED_PKG|Centify
18:51:01.14 (771686876)|ENTERING_MANAGED_PKG|Centify
18:51:01.14 (771754676)|ENTERING_MANAGED_PKG|Centify
18:51:01.14 (799414449)|ENTERING_MANAGED_PKG|Centify
18:51:01.14 (814940576)|ENTERING_MANAGED_PKG|Centify
18:51:01.14 (814997688)|ENTERING_MANAGED_PKG|Centify
18:51:01.14 (815082294)|ENTERING_MANAGED_PKG|Centify
18:51:01.14 (815120243)|ENTERING_MANAGED_PKG|Centify
18:51:01.14 (815194521)|ENTERING_MANAGED_PKG|Centify
18:51:01.14 (846417506)|ENTERING_MANAGED_PKG|Centify
18:51:01.14 (862418262)|ENTERING_MANAGED_PKG|Centify
18:51:01.14 (862480877)|ENTERING_MANAGED_PKG|Centify
18:51:01.14 (862575648)|ENTERING_MANAGED_PKG|Centify
18:51:01.14 (862616470)|ENTERING_MANAGED_PKG|Centify
18:51:01.14 (862694596)|ENTERING_MANAGED_PKG|Centify
18:51:01.14 (891451276)|ENTERING_MANAGED_PKG|Centify
18:51:01.14 (907213721)|ENTERING_MANAGED_PKG|Centify
18:51:01.14 (907271510)|ENTERING_MANAGED_PKG|Centify
18:51:01.14 (907364538)|ENTERING_MANAGED_PKG|Centify
18:51:01.14 (907403125)|ENTERING_MANAGED_PKG|Centify
18:51:01.14 (907482941)|ENTERING_MANAGED_PKG|Centify
18:51:01.14 (935470097)|ENTERING_MANAGED_PKG|Centify
18:51:01.14 (950024184)|ENTERING_MANAGED_PKG|Centify
18:51:01.14 (950072529)|ENTERING_MANAGED_PKG|Centify
18:51:01.14 (950149530)|ENTERING_MANAGED_PKG|Centify
18:51:01.14 (950190480)|ENTERING_MANAGED_PKG|Centify
18:51:01.14 (950259587)|ENTERING_MANAGED_PKG|Centify
18:51:01.14 (973275283)|ENTERING_MANAGED_PKG|Centify
18:51:01.14 (984674277)|ENTERING_MANAGED_PKG|Centify
18:51:01.14 (984720906)|ENTERING_MANAGED_PKG|Centify
18:51:01.14 (984796142)|ENTERING_MANAGED_PKG|Centify
18:51:01.14 (984829118)|ENTERING_MANAGED_PKG|Centify
18:51:01.14 (984893171)|ENTERING_MANAGED_PKG|Centify
18:51:02.20 (1020063465)|ENTERING_MANAGED_PKG|Centify
18:51:02.20 (1088396916)|ENTERING_MANAGED_PKG|Centify
18:51:02.20 (1088491554)|ENTERING_MANAGED_PKG|Centify
18:51:02.20 (1088650214)|ENTERING_MANAGED_PKG|Centify
18:51:02.20 (1088721176)|ENTERING_MANAGED_PKG|Centify
18:51:02.20 (1088843562)|ENTERING_MANAGED_PKG|Centify
18:51:02.20 (1141512598)|ENTERING_MANAGED_PKG|Centify
18:51:02.20 (1161564565)|ENTERING_MANAGED_PKG|Centify
18:51:02.20 (1161620736)|ENTERING_MANAGED_PKG|Centify
18:51:02.20 (1161705033)|ENTERING_MANAGED_PKG|Centify
18:51:02.20 (1161743473)|ENTERING_MANAGED_PKG|Centify
18:51:02.20 (1161811172)|ENTERING_MANAGED_PKG|Centify
18:51:02.20 (1190484322)|ENTERING_MANAGED_PKG|Centify
18:51:02.20 (1190545856)|ENTERING_MANAGED_PKG|Centify
18:51:02.20 (1190714408)|ENTERING_MANAGED_PKG|Centify
18:51:02.20 (1190772784)|ENTERING_MANAGED_PKG|Centify
18:51:02.20 (1190810356)|ENTERING_MANAGED_PKG|Centify
18:51:02.20 (1191067039)|ENTERING_MANAGED_PKG|Centify
18:51:02.20 (1191153001)|ENTERING_MANAGED_PKG|Centify
18:51:02.20 (1192280451)|ENTERING_MANAGED_PKG|Centify
18:51:02.20 (1192369351)|ENTERING_MANAGED_PKG|Centify
18:51:02.20 (1192478798)|ENTERING_MANAGED_PKG|Centify
18:51:02.20 (1193043605)|ENTERING_MANAGED_PKG|Centify
18:51:02.20 (1193914691)|SOQL_EXECUTE_BEGIN|[16]|Aggregations:0|select id,lastmodifieddate,isdeleted,call_duration_min__c,createddate,tasksubtype,isclosed,subject,ownerid,activitydate,status,whatid,calldurationinseconds,calltype from Task where LastModifiedDate >2018-09-28T07:44:30Z AND LastModifiedDate < 2018-09-28T08:51:08Z AND (  CallType = 'Outbound'  OR  CallType = 'Inbound' )  ORDER BY SystemModStamp DESC LIMIT 5000  ALL ROWS
18:51:02.20 (1201678851)|SOQL_EXECUTE_END|[16]|Rows:0
18:51:02.225 (1225401309)|CUMULATIVE_LIMIT_USAGE
18:51:02.225 (1225401309)|LIMIT_USAGE_FOR_NS|(default)|
  Number of SOQL queries: 0 out of 200
  Number of query rows: 0 out of 50000
  Number of SOSL queries: 0 out of 20
  Number of DML statements: 0 out of 150
  Number of DML rows: 0 out of 10000
  Maximum CPU time: 0 out of 60000
  Maximum heap size: 0 out of 12000000
  Number of callouts: 0 out of 0
  Number of Email Invocations: 0 out of 10
  Number of future calls: 0 out of 0
  Number of queueable jobs added to the queue: 0 out of 1
  Number of Mobile Apex push calls: 0 out of 10

18:51:02.225 (1225401309)|LIMIT_USAGE_FOR_NS|Centify|
  Number of SOQL queries: 0 out of 200
  Number of query rows: 0 out of 50000
  Number of SOSL queries: 0 out of 20
  Number of DML statements: 0 out of 150
  Number of DML rows: 0 out of 10000
  Maximum CPU time: 0 out of 60000
  Maximum heap size: 0 out of 12000000
  Number of callouts: 0 out of 0
  Number of Email Invocations: 0 out of 10
  Number of future calls: 0 out of 0
  Number of queueable jobs added to the queue: 0 out of 1
  Number of Mobile Apex push calls: 0 out of 10

18:51:02.225 (1225401309)|CUMULATIVE_LIMIT_USAGE_END

