37.0 APEX_CODE,FINEST;APEX_PROFILING,INFO;CALLOUT,INFO;DB,INFO;NBA,INFO;SYSTEM,DEBUG;VALIDATION,INFO;VISUALFORCE,INFO;WAVE,INFO;WORKFLOW,INFO
16:57:13.21 (21433793)|ENTERING_MANAGED_PKG|Centify
16:57:13.21 (23275859)|ENTERING_MANAGED_PKG|Centify
16:57:13.21 (23334118)|ENTERING_MANAGED_PKG|Centify
16:57:13.21 (24168865)|ENTERING_MANAGED_PKG|Centify
16:57:13.21 (24249448)|ENTERING_MANAGED_PKG|Centify
16:57:13.21 (25209649)|ENTERING_MANAGED_PKG|Centify
16:57:13.21 (25574732)|ENTERING_MANAGED_PKG|Centify
16:57:13.21 (25613014)|ENTERING_MANAGED_PKG|Centify
16:57:13.21 (25716811)|ENTERING_MANAGED_PKG|Centify
16:57:13.21 (25788569)|ENTERING_MANAGED_PKG|Centify
16:57:13.21 (25850671)|ENTERING_MANAGED_PKG|Centify
16:57:13.21 (25888586)|ENTERING_MANAGED_PKG|Centify
16:57:13.21 (25913214)|ENTERING_MANAGED_PKG|Centify
16:57:13.21 (26161769)|ENTERING_MANAGED_PKG|Centify
16:57:13.21 (77416314)|ENTERING_MANAGED_PKG|Centify
16:57:13.21 (77507121)|ENTERING_MANAGED_PKG|Centify
16:57:13.21 (77651929)|ENTERING_MANAGED_PKG|Centify
16:57:13.21 (77717427)|ENTERING_MANAGED_PKG|Centify
16:57:13.21 (305152076)|ENTERING_MANAGED_PKG|Centify
16:57:13.21 (348520484)|ENTERING_MANAGED_PKG|Centify
16:57:13.21 (363449203)|ENTERING_MANAGED_PKG|Centify
16:57:13.21 (363515323)|ENTERING_MANAGED_PKG|Centify
16:57:13.21 (363616803)|ENTERING_MANAGED_PKG|Centify
16:57:13.21 (363663771)|ENTERING_MANAGED_PKG|Centify
16:57:13.21 (363756487)|ENTERING_MANAGED_PKG|Centify
16:57:13.21 (398406733)|ENTERING_MANAGED_PKG|Centify
16:57:13.21 (416854870)|ENTERING_MANAGED_PKG|Centify
16:57:13.21 (416917167)|ENTERING_MANAGED_PKG|Centify
16:57:13.21 (417024336)|ENTERING_MANAGED_PKG|Centify
16:57:13.21 (417071687)|ENTERING_MANAGED_PKG|Centify
16:57:13.21 (417161742)|ENTERING_MANAGED_PKG|Centify
16:57:13.21 (453336406)|ENTERING_MANAGED_PKG|Centify
16:57:13.21 (471645120)|ENTERING_MANAGED_PKG|Centify
16:57:13.21 (471707771)|ENTERING_MANAGED_PKG|Centify
16:57:13.21 (471810350)|ENTERING_MANAGED_PKG|Centify
16:57:13.21 (471856743)|ENTERING_MANAGED_PKG|Centify
16:57:13.21 (471945752)|ENTERING_MANAGED_PKG|Centify
16:57:13.21 (508124851)|ENTERING_MANAGED_PKG|Centify
16:57:13.21 (524652736)|ENTERING_MANAGED_PKG|Centify
16:57:13.21 (524706654)|ENTERING_MANAGED_PKG|Centify
16:57:13.21 (524785970)|ENTERING_MANAGED_PKG|Centify
16:57:13.21 (524819448)|ENTERING_MANAGED_PKG|Centify
16:57:13.21 (524885207)|ENTERING_MANAGED_PKG|Centify
16:57:13.21 (552329399)|ENTERING_MANAGED_PKG|Centify
16:57:13.21 (567350190)|ENTERING_MANAGED_PKG|Centify
16:57:13.21 (567401897)|ENTERING_MANAGED_PKG|Centify
16:57:13.21 (567477380)|ENTERING_MANAGED_PKG|Centify
16:57:13.21 (567510813)|ENTERING_MANAGED_PKG|Centify
16:57:13.21 (567577059)|ENTERING_MANAGED_PKG|Centify
16:57:13.21 (592916287)|ENTERING_MANAGED_PKG|Centify
16:57:13.21 (612708958)|ENTERING_MANAGED_PKG|Centify
16:57:13.21 (612770528)|ENTERING_MANAGED_PKG|Centify
16:57:13.21 (612871705)|ENTERING_MANAGED_PKG|Centify
16:57:13.21 (612913093)|ENTERING_MANAGED_PKG|Centify
16:57:13.21 (612996880)|ENTERING_MANAGED_PKG|Centify
16:57:13.21 (657371111)|ENTERING_MANAGED_PKG|Centify
16:57:13.21 (675022197)|ENTERING_MANAGED_PKG|Centify
16:57:13.21 (675078540)|ENTERING_MANAGED_PKG|Centify
16:57:13.21 (675160970)|ENTERING_MANAGED_PKG|Centify
16:57:13.21 (675196324)|ENTERING_MANAGED_PKG|Centify
16:57:13.21 (675264766)|ENTERING_MANAGED_PKG|Centify
16:57:13.21 (707864001)|ENTERING_MANAGED_PKG|Centify
16:57:13.21 (725939568)|ENTERING_MANAGED_PKG|Centify
16:57:13.21 (726016554)|ENTERING_MANAGED_PKG|Centify
16:57:13.21 (726105500)|ENTERING_MANAGED_PKG|Centify
16:57:13.21 (726141388)|ENTERING_MANAGED_PKG|Centify
16:57:13.21 (726208368)|ENTERING_MANAGED_PKG|Centify
16:57:13.21 (780619528)|ENTERING_MANAGED_PKG|Centify
16:57:13.21 (801520949)|ENTERING_MANAGED_PKG|Centify
16:57:13.21 (801603102)|ENTERING_MANAGED_PKG|Centify
16:57:13.21 (801740371)|ENTERING_MANAGED_PKG|Centify
16:57:13.21 (801806310)|ENTERING_MANAGED_PKG|Centify
16:57:13.21 (801928611)|ENTERING_MANAGED_PKG|Centify
16:57:13.21 (842010327)|ENTERING_MANAGED_PKG|Centify
16:57:13.21 (863459401)|ENTERING_MANAGED_PKG|Centify
16:57:13.21 (863520251)|ENTERING_MANAGED_PKG|Centify
16:57:13.21 (863605771)|ENTERING_MANAGED_PKG|Centify
16:57:13.21 (863641941)|ENTERING_MANAGED_PKG|Centify
16:57:13.21 (863710613)|ENTERING_MANAGED_PKG|Centify
16:57:13.21 (895834612)|ENTERING_MANAGED_PKG|Centify
16:57:13.21 (914928605)|ENTERING_MANAGED_PKG|Centify
16:57:13.21 (914988200)|ENTERING_MANAGED_PKG|Centify
16:57:13.21 (915083097)|ENTERING_MANAGED_PKG|Centify
16:57:13.21 (915144750)|ENTERING_MANAGED_PKG|Centify
16:57:13.21 (915246411)|ENTERING_MANAGED_PKG|Centify
16:57:13.21 (952688581)|ENTERING_MANAGED_PKG|Centify
16:57:13.21 (973966698)|ENTERING_MANAGED_PKG|Centify
16:57:13.21 (974027343)|ENTERING_MANAGED_PKG|Centify
16:57:13.21 (974113001)|ENTERING_MANAGED_PKG|Centify
16:57:13.21 (974160411)|ENTERING_MANAGED_PKG|Centify
16:57:13.21 (974266485)|ENTERING_MANAGED_PKG|Centify
16:57:13.21 (1008741659)|ENTERING_MANAGED_PKG|Centify
16:57:14.31 (1031627852)|ENTERING_MANAGED_PKG|Centify
16:57:14.31 (1031692336)|ENTERING_MANAGED_PKG|Centify
16:57:14.31 (1031778377)|ENTERING_MANAGED_PKG|Centify
16:57:14.31 (1031813894)|ENTERING_MANAGED_PKG|Centify
16:57:14.31 (1031920632)|ENTERING_MANAGED_PKG|Centify
16:57:14.31 (1063691288)|ENTERING_MANAGED_PKG|Centify
16:57:14.31 (1063757535)|ENTERING_MANAGED_PKG|Centify
16:57:14.31 (1063919968)|ENTERING_MANAGED_PKG|Centify
16:57:14.31 (1063968878)|ENTERING_MANAGED_PKG|Centify
16:57:14.31 (1064013091)|ENTERING_MANAGED_PKG|Centify
16:57:14.31 (1065020667)|ENTERING_MANAGED_PKG|Centify
16:57:14.31 (1065106963)|ENTERING_MANAGED_PKG|Centify
16:57:14.31 (1078240837)|ENTERING_MANAGED_PKG|Centify
16:57:14.31 (1078378825)|ENTERING_MANAGED_PKG|Centify
16:57:14.31 (1078538358)|ENTERING_MANAGED_PKG|Centify
16:57:14.31 (1079482428)|ENTERING_MANAGED_PKG|Centify
16:57:14.31 (1080695758)|SOQL_EXECUTE_BEGIN|[16]|Aggregations:0|select id,lastmodifieddate,isdeleted,call_duration_min__c,createddate,tasksubtype,isclosed,subject,ownerid,activitydate,status,whatid,calldurationinseconds,calltype from Task where LastModifiedDate >2018-11-21T06:55:50Z AND LastModifiedDate < 2018-11-21T06:57:19Z AND (   CallType = 'Outbound'  OR  CallType = 'Inbound'  )  ORDER BY SystemModStamp DESC LIMIT 5000  ALL ROWS
16:57:14.31 (1090326384)|SOQL_EXECUTE_END|[16]|Rows:5
16:57:14.117 (1117574253)|CUMULATIVE_LIMIT_USAGE
16:57:14.117 (1117574253)|LIMIT_USAGE_FOR_NS|(default)|
  Number of SOQL queries: 0 out of 200
  Number of query rows: 0 out of 50000
  Number of SOSL queries: 0 out of 20
  Number of DML statements: 0 out of 150
  Number of DML rows: 0 out of 10000
  Maximum CPU time: 0 out of 60000
  Maximum heap size: 0 out of 12000000
  Number of callouts: 0 out of 0
  Number of Email Invocations: 0 out of 10
  Number of future calls: 0 out of 0
  Number of queueable jobs added to the queue: 0 out of 1
  Number of Mobile Apex push calls: 0 out of 10

16:57:14.117 (1117574253)|LIMIT_USAGE_FOR_NS|Centify|
  Number of SOQL queries: 0 out of 200
  Number of query rows: 0 out of 50000
  Number of SOSL queries: 0 out of 20
  Number of DML statements: 0 out of 150
  Number of DML rows: 0 out of 10000
  Maximum CPU time: 0 out of 60000
  Maximum heap size: 0 out of 12000000
  Number of callouts: 0 out of 0
  Number of Email Invocations: 0 out of 10
  Number of future calls: 0 out of 0
  Number of queueable jobs added to the queue: 0 out of 1
  Number of Mobile Apex push calls: 0 out of 10

16:57:14.117 (1117574253)|CUMULATIVE_LIMIT_USAGE_END

