37.0 APEX_CODE,FINEST;APEX_PROFILING,INFO;CALLOUT,INFO;DB,INFO;NBA,INFO;SYSTEM,DEBUG;VALIDATION,INFO;VISUALFORCE,INFO;WAVE,INFO;WORKFLOW,INFO
19:00:04.15 (15276369)|ENTERING_MANAGED_PKG|Centify
19:00:04.15 (21446106)|ENTERING_MANAGED_PKG|Centify
19:00:04.15 (29417753)|ENTERING_MANAGED_PKG|Centify
19:00:04.15 (29596683)|ENTERING_MANAGED_PKG|Centify
19:00:04.15 (29759959)|ENTERING_MANAGED_PKG|Centify
19:00:04.15 (30402245)|ENTERING_MANAGED_PKG|Centify
19:00:04.15 (30744272)|ENTERING_MANAGED_PKG|Centify
19:00:04.15 (30773810)|ENTERING_MANAGED_PKG|Centify
19:00:04.15 (30886272)|ENTERING_MANAGED_PKG|Centify
19:00:04.15 (30966412)|ENTERING_MANAGED_PKG|Centify
19:00:04.15 (31020609)|ENTERING_MANAGED_PKG|Centify
19:00:04.15 (31054566)|ENTERING_MANAGED_PKG|Centify
19:00:04.15 (31084423)|ENTERING_MANAGED_PKG|Centify
19:00:04.15 (31303040)|ENTERING_MANAGED_PKG|Centify
19:00:04.15 (72153382)|ENTERING_MANAGED_PKG|Centify
19:00:04.15 (72283403)|ENTERING_MANAGED_PKG|Centify
19:00:04.15 (72464314)|ENTERING_MANAGED_PKG|Centify
19:00:04.15 (72521511)|ENTERING_MANAGED_PKG|Centify
19:00:04.15 (282789032)|ENTERING_MANAGED_PKG|Centify
19:00:04.15 (328462378)|ENTERING_MANAGED_PKG|Centify
19:00:04.15 (340232462)|ENTERING_MANAGED_PKG|Centify
19:00:04.15 (340288267)|ENTERING_MANAGED_PKG|Centify
19:00:04.15 (340369074)|ENTERING_MANAGED_PKG|Centify
19:00:04.15 (340404567)|ENTERING_MANAGED_PKG|Centify
19:00:04.15 (340473643)|ENTERING_MANAGED_PKG|Centify
19:00:04.15 (365272942)|ENTERING_MANAGED_PKG|Centify
19:00:04.15 (378348717)|ENTERING_MANAGED_PKG|Centify
19:00:04.15 (378394774)|ENTERING_MANAGED_PKG|Centify
19:00:04.15 (378474464)|ENTERING_MANAGED_PKG|Centify
19:00:04.15 (378506027)|ENTERING_MANAGED_PKG|Centify
19:00:04.15 (378572144)|ENTERING_MANAGED_PKG|Centify
19:00:04.15 (400993795)|ENTERING_MANAGED_PKG|Centify
19:00:04.15 (412852867)|ENTERING_MANAGED_PKG|Centify
19:00:04.15 (412899887)|ENTERING_MANAGED_PKG|Centify
19:00:04.15 (412969576)|ENTERING_MANAGED_PKG|Centify
19:00:04.15 (412998632)|ENTERING_MANAGED_PKG|Centify
19:00:04.15 (413055961)|ENTERING_MANAGED_PKG|Centify
19:00:04.15 (434020421)|ENTERING_MANAGED_PKG|Centify
19:00:04.15 (446405883)|ENTERING_MANAGED_PKG|Centify
19:00:04.15 (446456310)|ENTERING_MANAGED_PKG|Centify
19:00:04.15 (446525307)|ENTERING_MANAGED_PKG|Centify
19:00:04.15 (446555108)|ENTERING_MANAGED_PKG|Centify
19:00:04.15 (446612982)|ENTERING_MANAGED_PKG|Centify
19:00:04.15 (467920068)|ENTERING_MANAGED_PKG|Centify
19:00:04.15 (479751436)|ENTERING_MANAGED_PKG|Centify
19:00:04.15 (479805353)|ENTERING_MANAGED_PKG|Centify
19:00:04.15 (479874315)|ENTERING_MANAGED_PKG|Centify
19:00:04.15 (479904279)|ENTERING_MANAGED_PKG|Centify
19:00:04.15 (479962009)|ENTERING_MANAGED_PKG|Centify
19:00:04.15 (503511451)|ENTERING_MANAGED_PKG|Centify
19:00:04.15 (516013125)|ENTERING_MANAGED_PKG|Centify
19:00:04.15 (516061077)|ENTERING_MANAGED_PKG|Centify
19:00:04.15 (516129609)|ENTERING_MANAGED_PKG|Centify
19:00:04.15 (516159417)|ENTERING_MANAGED_PKG|Centify
19:00:04.15 (516217291)|ENTERING_MANAGED_PKG|Centify
19:00:04.15 (535284119)|ENTERING_MANAGED_PKG|Centify
19:00:04.15 (544082749)|ENTERING_MANAGED_PKG|Centify
19:00:04.15 (544119643)|ENTERING_MANAGED_PKG|Centify
19:00:04.15 (544180427)|ENTERING_MANAGED_PKG|Centify
19:00:04.15 (544208939)|ENTERING_MANAGED_PKG|Centify
19:00:04.15 (544262852)|ENTERING_MANAGED_PKG|Centify
19:00:04.15 (562334836)|ENTERING_MANAGED_PKG|Centify
19:00:04.15 (571839851)|ENTERING_MANAGED_PKG|Centify
19:00:04.15 (571878120)|ENTERING_MANAGED_PKG|Centify
19:00:04.15 (571939914)|ENTERING_MANAGED_PKG|Centify
19:00:04.15 (571967788)|ENTERING_MANAGED_PKG|Centify
19:00:04.15 (572022032)|ENTERING_MANAGED_PKG|Centify
19:00:04.15 (590716155)|ENTERING_MANAGED_PKG|Centify
19:00:04.15 (601441834)|ENTERING_MANAGED_PKG|Centify
19:00:04.15 (601480951)|ENTERING_MANAGED_PKG|Centify
19:00:04.15 (601544738)|ENTERING_MANAGED_PKG|Centify
19:00:04.15 (601573636)|ENTERING_MANAGED_PKG|Centify
19:00:04.15 (601629930)|ENTERING_MANAGED_PKG|Centify
19:00:04.15 (620084621)|ENTERING_MANAGED_PKG|Centify
19:00:04.15 (629766053)|ENTERING_MANAGED_PKG|Centify
19:00:04.15 (629809658)|ENTERING_MANAGED_PKG|Centify
19:00:04.15 (629873047)|ENTERING_MANAGED_PKG|Centify
19:00:04.15 (629901545)|ENTERING_MANAGED_PKG|Centify
19:00:04.15 (629957731)|ENTERING_MANAGED_PKG|Centify
19:00:04.15 (648315123)|ENTERING_MANAGED_PKG|Centify
19:00:04.15 (659628423)|ENTERING_MANAGED_PKG|Centify
19:00:04.15 (659677729)|ENTERING_MANAGED_PKG|Centify
19:00:04.15 (659765121)|ENTERING_MANAGED_PKG|Centify
19:00:04.15 (659805874)|ENTERING_MANAGED_PKG|Centify
19:00:04.15 (659881576)|ENTERING_MANAGED_PKG|Centify
19:00:04.15 (686833015)|ENTERING_MANAGED_PKG|Centify
19:00:04.15 (701512975)|ENTERING_MANAGED_PKG|Centify
19:00:04.15 (701565485)|ENTERING_MANAGED_PKG|Centify
19:00:04.15 (701656396)|ENTERING_MANAGED_PKG|Centify
19:00:04.15 (701698103)|ENTERING_MANAGED_PKG|Centify
19:00:04.15 (701781612)|ENTERING_MANAGED_PKG|Centify
19:00:04.15 (727926675)|ENTERING_MANAGED_PKG|Centify
19:00:04.15 (741673406)|ENTERING_MANAGED_PKG|Centify
19:00:04.15 (741723739)|ENTERING_MANAGED_PKG|Centify
19:00:04.15 (741820100)|ENTERING_MANAGED_PKG|Centify
19:00:04.15 (741859948)|ENTERING_MANAGED_PKG|Centify
19:00:04.15 (741936964)|ENTERING_MANAGED_PKG|Centify
19:00:04.15 (761663072)|ENTERING_MANAGED_PKG|Centify
19:00:04.15 (761723761)|ENTERING_MANAGED_PKG|Centify
19:00:04.15 (761872222)|ENTERING_MANAGED_PKG|Centify
19:00:04.15 (761913611)|ENTERING_MANAGED_PKG|Centify
19:00:04.15 (761951738)|ENTERING_MANAGED_PKG|Centify
19:00:04.15 (762277138)|ENTERING_MANAGED_PKG|Centify
19:00:04.15 (762361607)|ENTERING_MANAGED_PKG|Centify
19:00:04.15 (763455302)|ENTERING_MANAGED_PKG|Centify
19:00:04.15 (763512823)|ENTERING_MANAGED_PKG|Centify
19:00:04.15 (763596820)|ENTERING_MANAGED_PKG|Centify
19:00:04.15 (764147063)|ENTERING_MANAGED_PKG|Centify
19:00:04.15 (764987480)|SOQL_EXECUTE_BEGIN|[16]|Aggregations:0|select id,lastmodifieddate,isdeleted,call_duration_min__c,createddate,tasksubtype,isclosed,subject,ownerid,activitydate,status,whatid,calldurationinseconds,calltype from Task where LastModifiedDate >2018-09-28T07:44:30Z AND LastModifiedDate < 2018-09-28T09:00:10Z AND (  CallType = 'Outbound'  OR  CallType = 'Inbound' )  ORDER BY SystemModStamp DESC LIMIT 5000  ALL ROWS
19:00:04.15 (773326661)|SOQL_EXECUTE_END|[16]|Rows:0
19:00:04.804 (804631126)|CUMULATIVE_LIMIT_USAGE
19:00:04.804 (804631126)|LIMIT_USAGE_FOR_NS|(default)|
  Number of SOQL queries: 0 out of 200
  Number of query rows: 0 out of 50000
  Number of SOSL queries: 0 out of 20
  Number of DML statements: 0 out of 150
  Number of DML rows: 0 out of 10000
  Maximum CPU time: 0 out of 60000
  Maximum heap size: 0 out of 12000000
  Number of callouts: 0 out of 0
  Number of Email Invocations: 0 out of 10
  Number of future calls: 0 out of 0
  Number of queueable jobs added to the queue: 0 out of 1
  Number of Mobile Apex push calls: 0 out of 10

19:00:04.804 (804631126)|LIMIT_USAGE_FOR_NS|Centify|
  Number of SOQL queries: 0 out of 200
  Number of query rows: 0 out of 50000
  Number of SOSL queries: 0 out of 20
  Number of DML statements: 0 out of 150
  Number of DML rows: 0 out of 10000
  Maximum CPU time: 0 out of 60000
  Maximum heap size: 0 out of 12000000
  Number of callouts: 0 out of 0
  Number of Email Invocations: 0 out of 10
  Number of future calls: 0 out of 0
  Number of queueable jobs added to the queue: 0 out of 1
  Number of Mobile Apex push calls: 0 out of 10

19:00:04.804 (804631126)|CUMULATIVE_LIMIT_USAGE_END

