31.0 APEX_CODE,FINEST;APEX_PROFILING,INFO;CALLOUT,INFO;DB,INFO;NBA,INFO;SYSTEM,DEBUG;VALIDATION,INFO;VISUALFORCE,INFO;WAVE,INFO;WORKFLOW,INFO
16:57:09.0 (160132)|USER_INFO|[EXTERNAL]|00590000000Vmmq|ben@bjbglobal.com.au|Australian Eastern Standard Time|GMT+10:00
16:57:09.0 (198655)|EXECUTION_STARTED
16:57:09.0 (203650)|CODE_UNIT_STARTED|[EXTERNAL]|TRIGGERS
16:57:09.0 (239222)|CODE_UNIT_STARTED|[EXTERNAL]|01q6F000000DhRF|TaskBeforeUpdate on Task trigger event BeforeUpdate|__sfdc_trigger/TaskBeforeUpdate
16:57:09.0 (291622)|HEAP_ALLOCATE|[EXTERNAL]|Bytes:8
16:57:09.0 (359224)|HEAP_ALLOCATE|[EXTERNAL]|Bytes:8
16:57:09.0 (1060062)|HEAP_ALLOCATE|[72]|Bytes:3
16:57:09.0 (1104468)|HEAP_ALLOCATE|[77]|Bytes:152
16:57:09.0 (1123032)|HEAP_ALLOCATE|[342]|Bytes:408
16:57:09.0 (1138992)|HEAP_ALLOCATE|[355]|Bytes:408
16:57:09.0 (1152093)|HEAP_ALLOCATE|[467]|Bytes:48
16:57:09.0 (1185222)|HEAP_ALLOCATE|[139]|Bytes:6
16:57:09.0 (1214659)|HEAP_ALLOCATE|[EXTERNAL]|Bytes:4
16:57:09.0 (1223995)|VARIABLE_SCOPE_BEGIN|[10]|this|TaskBeforeUpdate|true|false
16:57:09.0 (1278997)|VARIABLE_ASSIGNMENT|[10]|this|{}|0x7bac85c7
16:57:09.0 (1354330)|HEAP_ALLOCATE|[EXTERNAL]|Bytes:4
16:57:09.0 (1364572)|VARIABLE_SCOPE_BEGIN|[10]|this|TaskBeforeUpdate|true|false
16:57:09.0 (1379972)|VARIABLE_ASSIGNMENT|[10]|this|{}|0x7bac85c7
16:57:09.0 (1389670)|STATEMENT_EXECUTE|[10]
16:57:09.1 (1394953)|CUMULATIVE_LIMIT_USAGE
16:57:09.1 (1394953)|LIMIT_USAGE_FOR_NS|(default)|
  Number of SOQL queries: 0 out of 100
  Number of query rows: 0 out of 50000
  Number of SOSL queries: 0 out of 20
  Number of DML statements: 0 out of 150
  Number of DML rows: 0 out of 10000
  Maximum CPU time: 0 out of 10000
  Maximum heap size: 0 out of 6000000
  Number of callouts: 0 out of 100
  Number of Email Invocations: 0 out of 10
  Number of future calls: 0 out of 50
  Number of queueable jobs added to the queue: 0 out of 50
  Number of Mobile Apex push calls: 0 out of 10

16:57:09.1 (1394953)|CUMULATIVE_LIMIT_USAGE_END

16:57:09.0 (3041358)|CODE_UNIT_FINISHED|TaskBeforeUpdate on Task trigger event BeforeUpdate|__sfdc_trigger/TaskBeforeUpdate
16:57:09.0 (12722075)|CODE_UNIT_STARTED|[EXTERNAL]|Validation:Task:00T6F00005905NJ
16:57:09.0 (12741026)|VALIDATION_RULE|03d6F000000qFaO|Finish_all_call_monitor_field
16:57:09.0 (13278531)|VALIDATION_FORMULA|AND(!ISBLANK(Monitored_By__c),
    OR(ISBLANK( TEXT(CM_advised_what_will_happen_next__c)),
       ISBLANK( TEXT(Allow_customer_to_present_concerns__c) ),
       ISBLANK( TEXT(Communication_is_clear_positive_confiden__c) ),
       ISBLANK( TEXT(Demonstrate_active_listening__c )),
       ISBLANK( TEXT(Gave_correct_answers_and_infomations__c) ),
       ISBLANK( TEXT(Mirrors_clients_talking_behaviour__c) ) ))|CM_advised_what_will_happen_next__c=null , Demonstrate_active_listening__c=null , Communication_is_clear_positive_confiden__c=null , Allow_customer_to_present_concerns__c=null , Gave_correct_answers_and_infomations__c=null , Mirrors_clients_talking_behaviour__c=null , Monitored_By__c=null
16:57:09.0 (13297191)|VALIDATION_PASS
16:57:09.0 (13300087)|VALIDATION_RULE|03d900000009JbB|Interac_Quality_Must_Be_Between_1_and_10
16:57:09.0 (13418834)|VALIDATION_FORMULA|NVMContactWorld__InteractionQuality__c < 1  &#124;&#124;  NVMContactWorld__InteractionQuality__c > 10|NVMContactWorld__InteractionQuality__c=null
16:57:09.0 (13431313)|VALIDATION_PASS
16:57:09.0 (13656796)|CODE_UNIT_FINISHED|Validation:Task:00T6F00005905NJ
16:57:09.0 (49857629)|CODE_UNIT_STARTED|[EXTERNAL]|Workflow:Task
16:57:09.0 (61528024)|WF_RULE_EVAL_BEGIN|Workflow
16:57:09.0 (61573800)|WF_CRITERIA_BEGIN|[Task:  00T6F00005905NJ]|Update Call Monitor Details|01Q6F0000002Tdt|ON_CREATE_OR_TRIGGERING_UPDATE|0
16:57:09.0 (64728374)|WF_RULE_FILTER|[Task : Monitored By not equal to ]
16:57:09.0 (64746318)|WF_RULE_EVAL_VALUE|
16:57:09.0 (64751635)|WF_CRITERIA_END|false
16:57:09.0 (64766491)|WF_CRITERIA_BEGIN|[Task:  00T6F00005905NJ]|Update_Callback_Request_Due_Date3016F0000005i0e|01Q6F0000019gyq|ON_CREATE_ONLY|0
16:57:09.0 (64782498)|WF_RULE_NOT_EVALUATED
16:57:09.0 (64789847)|WF_CRITERIA_BEGIN|[Task:  00T6F00005905NJ]|Call Back Request From LinX|01Q6F000001EY2L|ON_CREATE_OR_TRIGGERING_UPDATE|0
16:57:09.0 (64870765)|WF_RULE_FILTER|[Task : Subject equals Callback Request]
16:57:09.0 (64883959)|WF_RULE_EVAL_VALUE|Outbound call to +61411103488
16:57:09.0 (64890189)|WF_CRITERIA_END|false
16:57:09.0 (64900193)|WF_CRITERIA_BEGIN|[Task:  00T6F00005905NJ]|Call_Monitor3016F00000054R3|01Q6F000000oOu7|ON_ALL_CHANGES|0
16:57:09.0 (65033109)|WF_FORMULA|Formula:ENCODED:[treatNullAsNull]true|Values:
16:57:09.0 (65050167)|WF_CRITERIA_END|true
16:57:09.0 (66099700)|WF_SPOOL_ACTION_BEGIN|Workflow
16:57:09.0 (66140958)|WF_ACTION| Flow Trigger: 1;
16:57:09.0 (66151106)|WF_RULE_EVAL_END
16:57:09.0 (67448827)|WF_FLOW_ACTION_BEGIN|09L6F000000PGTV
16:57:09.69 (69352004)|FLOW_CREATE_INTERVIEW_BEGIN|00D90000000IJSa|3006F0000008usA|3016F00000054R3
16:57:09.69 (70418747)|FLOW_CREATE_INTERVIEW_END|9814a50608d0aa7205f17a241f6b16735063a48-25bb|Call Monitoring
16:57:09.70 (70996756)|FLOW_START_INTERVIEWS_BEGIN|1
16:57:09.70 (71020814)|FLOW_START_INTERVIEW_BEGIN|9814a50608d0aa7205f17a241f6b16735063a48-25bb|Call Monitoring
16:57:09.70 (82683524)|FLOW_START_INTERVIEW_END|9814a50608d0aa7205f17a241f6b16735063a48-25bb|Call Monitoring
16:57:09.70 (82713930)|FLOW_START_INTERVIEWS_END|1
16:57:09.0 (83701168)|WF_FLOW_ACTION_END|09L6F000000PGTV
16:57:09.0 (83818666)|WF_ACTIONS_END| Flow Trigger: 1;
16:57:09.0 (83828986)|CODE_UNIT_FINISHED|Workflow:Task
16:57:09.0 (97077301)|CODE_UNIT_FINISHED|TRIGGERS
16:57:09.0 (97099845)|EXECUTION_FINISHED
