37.0 APEX_CODE,FINEST;APEX_PROFILING,INFO;CALLOUT,INFO;DB,INFO;NBA,INFO;SYSTEM,DEBUG;VALIDATION,INFO;VISUALFORCE,INFO;WAVE,INFO;WORKFLOW,INFO
18:17:10.19 (19882279)|ENTERING_MANAGED_PKG|Centify
18:17:10.19 (23312942)|ENTERING_MANAGED_PKG|Centify
18:17:10.19 (29307771)|ENTERING_MANAGED_PKG|Centify
18:17:10.19 (29453625)|ENTERING_MANAGED_PKG|Centify
18:17:10.19 (29601099)|ENTERING_MANAGED_PKG|Centify
18:17:10.19 (30222755)|ENTERING_MANAGED_PKG|Centify
18:17:10.19 (30491451)|ENTERING_MANAGED_PKG|Centify
18:17:10.19 (30516317)|ENTERING_MANAGED_PKG|Centify
18:17:10.19 (30594612)|ENTERING_MANAGED_PKG|Centify
18:17:10.19 (30645980)|ENTERING_MANAGED_PKG|Centify
18:17:10.19 (30688732)|ENTERING_MANAGED_PKG|Centify
18:17:10.19 (30709977)|ENTERING_MANAGED_PKG|Centify
18:17:10.19 (30728666)|ENTERING_MANAGED_PKG|Centify
18:17:10.19 (30896448)|ENTERING_MANAGED_PKG|Centify
18:17:10.19 (68090877)|ENTERING_MANAGED_PKG|Centify
18:17:10.19 (68215796)|ENTERING_MANAGED_PKG|Centify
18:17:10.19 (68352560)|ENTERING_MANAGED_PKG|Centify
18:17:10.19 (68401541)|ENTERING_MANAGED_PKG|Centify
18:17:10.19 (299229607)|ENTERING_MANAGED_PKG|Centify
18:17:10.19 (354493752)|ENTERING_MANAGED_PKG|Centify
18:17:10.19 (371646429)|ENTERING_MANAGED_PKG|Centify
18:17:10.19 (371715769)|ENTERING_MANAGED_PKG|Centify
18:17:10.19 (371820763)|ENTERING_MANAGED_PKG|Centify
18:17:10.19 (371869719)|ENTERING_MANAGED_PKG|Centify
18:17:10.19 (371960439)|ENTERING_MANAGED_PKG|Centify
18:17:10.19 (407066852)|ENTERING_MANAGED_PKG|Centify
18:17:10.19 (424492671)|ENTERING_MANAGED_PKG|Centify
18:17:10.19 (424540159)|ENTERING_MANAGED_PKG|Centify
18:17:10.19 (424619426)|ENTERING_MANAGED_PKG|Centify
18:17:10.19 (424653564)|ENTERING_MANAGED_PKG|Centify
18:17:10.19 (424715910)|ENTERING_MANAGED_PKG|Centify
18:17:10.19 (456142646)|ENTERING_MANAGED_PKG|Centify
18:17:10.19 (470967067)|ENTERING_MANAGED_PKG|Centify
18:17:10.19 (471012558)|ENTERING_MANAGED_PKG|Centify
18:17:10.19 (471085742)|ENTERING_MANAGED_PKG|Centify
18:17:10.19 (471116859)|ENTERING_MANAGED_PKG|Centify
18:17:10.19 (471177671)|ENTERING_MANAGED_PKG|Centify
18:17:10.19 (503891317)|ENTERING_MANAGED_PKG|Centify
18:17:10.19 (519118625)|ENTERING_MANAGED_PKG|Centify
18:17:10.19 (519169631)|ENTERING_MANAGED_PKG|Centify
18:17:10.19 (519245509)|ENTERING_MANAGED_PKG|Centify
18:17:10.19 (519278164)|ENTERING_MANAGED_PKG|Centify
18:17:10.19 (519341781)|ENTERING_MANAGED_PKG|Centify
18:17:10.19 (550489026)|ENTERING_MANAGED_PKG|Centify
18:17:10.19 (566780125)|ENTERING_MANAGED_PKG|Centify
18:17:10.19 (566830711)|ENTERING_MANAGED_PKG|Centify
18:17:10.19 (566906770)|ENTERING_MANAGED_PKG|Centify
18:17:10.19 (566939340)|ENTERING_MANAGED_PKG|Centify
18:17:10.19 (567003950)|ENTERING_MANAGED_PKG|Centify
18:17:10.19 (599963420)|ENTERING_MANAGED_PKG|Centify
18:17:10.19 (616074898)|ENTERING_MANAGED_PKG|Centify
18:17:10.19 (616123184)|ENTERING_MANAGED_PKG|Centify
18:17:10.19 (616197468)|ENTERING_MANAGED_PKG|Centify
18:17:10.19 (616229337)|ENTERING_MANAGED_PKG|Centify
18:17:10.19 (616289755)|ENTERING_MANAGED_PKG|Centify
18:17:10.19 (648317297)|ENTERING_MANAGED_PKG|Centify
18:17:10.19 (664562794)|ENTERING_MANAGED_PKG|Centify
18:17:10.19 (664631890)|ENTERING_MANAGED_PKG|Centify
18:17:10.19 (664709296)|ENTERING_MANAGED_PKG|Centify
18:17:10.19 (664742905)|ENTERING_MANAGED_PKG|Centify
18:17:10.19 (664805013)|ENTERING_MANAGED_PKG|Centify
18:17:10.19 (697772230)|ENTERING_MANAGED_PKG|Centify
18:17:10.19 (712957852)|ENTERING_MANAGED_PKG|Centify
18:17:10.19 (713006519)|ENTERING_MANAGED_PKG|Centify
18:17:10.19 (713079712)|ENTERING_MANAGED_PKG|Centify
18:17:10.19 (713111567)|ENTERING_MANAGED_PKG|Centify
18:17:10.19 (713173791)|ENTERING_MANAGED_PKG|Centify
18:17:10.19 (743963298)|ENTERING_MANAGED_PKG|Centify
18:17:10.19 (758895217)|ENTERING_MANAGED_PKG|Centify
18:17:10.19 (758942417)|ENTERING_MANAGED_PKG|Centify
18:17:10.19 (759015212)|ENTERING_MANAGED_PKG|Centify
18:17:10.19 (759047832)|ENTERING_MANAGED_PKG|Centify
18:17:10.19 (759108782)|ENTERING_MANAGED_PKG|Centify
18:17:10.19 (790552540)|ENTERING_MANAGED_PKG|Centify
18:17:10.19 (805499475)|ENTERING_MANAGED_PKG|Centify
18:17:10.19 (805546985)|ENTERING_MANAGED_PKG|Centify
18:17:10.19 (805625150)|ENTERING_MANAGED_PKG|Centify
18:17:10.19 (805656635)|ENTERING_MANAGED_PKG|Centify
18:17:10.19 (805718791)|ENTERING_MANAGED_PKG|Centify
18:17:10.19 (836735817)|ENTERING_MANAGED_PKG|Centify
18:17:10.19 (852343433)|ENTERING_MANAGED_PKG|Centify
18:17:10.19 (852392232)|ENTERING_MANAGED_PKG|Centify
18:17:10.19 (852465626)|ENTERING_MANAGED_PKG|Centify
18:17:10.19 (852497432)|ENTERING_MANAGED_PKG|Centify
18:17:10.19 (852557393)|ENTERING_MANAGED_PKG|Centify
18:17:10.19 (883912143)|ENTERING_MANAGED_PKG|Centify
18:17:10.19 (883982954)|ENTERING_MANAGED_PKG|Centify
18:17:10.19 (884093437)|ENTERING_MANAGED_PKG|Centify
18:17:10.19 (884117893)|ENTERING_MANAGED_PKG|Centify
18:17:10.19 (884242900)|ENTERING_MANAGED_PKG|Centify
18:17:10.19 (884281248)|ENTERING_MANAGED_PKG|Centify
18:17:10.19 (884319033)|ENTERING_MANAGED_PKG|Centify
18:17:10.19 (888470986)|ENTERING_MANAGED_PKG|Centify
18:17:10.19 (888557368)|ENTERING_MANAGED_PKG|Centify
18:17:10.19 (889872622)|ENTERING_MANAGED_PKG|Centify
18:17:10.19 (889940227)|ENTERING_MANAGED_PKG|Centify
18:17:10.19 (890025453)|ENTERING_MANAGED_PKG|Centify
18:17:10.19 (890523941)|ENTERING_MANAGED_PKG|Centify
18:17:10.19 (891335025)|SOQL_EXECUTE_BEGIN|[16]|Aggregations:0|select id,lastmodifieddate,isdeleted,salesperson__c,has_gtm_code_been_sent_to_client__c,are_all_possible_extensions_setup__c,status__c,product_type__c,ownerid,createddate,name,management_price__c from Sign_Up__c where LastModifiedDate >2018-09-28T08:13:03Z AND LastModifiedDate < 2018-09-28T08:17:16Z AND (  Management_Price__c > 0.00)  ORDER BY SystemModStamp DESC LIMIT 5000  ALL ROWS
18:17:10.19 (895382865)|SOQL_EXECUTE_END|[16]|Rows:0
18:17:10.913 (913700383)|CUMULATIVE_LIMIT_USAGE
18:17:10.913 (913700383)|LIMIT_USAGE_FOR_NS|(default)|
  Number of SOQL queries: 0 out of 200
  Number of query rows: 0 out of 50000
  Number of SOSL queries: 0 out of 20
  Number of DML statements: 0 out of 150
  Number of DML rows: 0 out of 10000
  Maximum CPU time: 0 out of 60000
  Maximum heap size: 0 out of 12000000
  Number of callouts: 0 out of 0
  Number of Email Invocations: 0 out of 10
  Number of future calls: 0 out of 0
  Number of queueable jobs added to the queue: 0 out of 1
  Number of Mobile Apex push calls: 0 out of 10

18:17:10.913 (913700383)|LIMIT_USAGE_FOR_NS|Centify|
  Number of SOQL queries: 0 out of 200
  Number of query rows: 0 out of 50000
  Number of SOSL queries: 0 out of 20
  Number of DML statements: 0 out of 150
  Number of DML rows: 0 out of 10000
  Maximum CPU time: 0 out of 60000
  Maximum heap size: 0 out of 12000000
  Number of callouts: 0 out of 0
  Number of Email Invocations: 0 out of 10
  Number of future calls: 0 out of 0
  Number of queueable jobs added to the queue: 0 out of 1
  Number of Mobile Apex push calls: 0 out of 10

18:17:10.913 (913700383)|CUMULATIVE_LIMIT_USAGE_END

