31.0 APEX_CODE,FINEST;APEX_PROFILING,INFO;CALLOUT,INFO;DB,INFO;NBA,INFO;SYSTEM,DEBUG;VALIDATION,INFO;VISUALFORCE,INFO;WAVE,INFO;WORKFLOW,INFO
11:46:53.0 (388793)|USER_INFO|[EXTERNAL]|00590000000Vmmq|ben@bjbglobal.com.au|Australian Eastern Standard Time|GMT+10:00
11:46:53.0 (427834)|EXECUTION_STARTED
11:46:53.0 (432363)|CODE_UNIT_STARTED|[EXTERNAL]|TRIGGERS
11:46:53.0 (463991)|CODE_UNIT_STARTED|[EXTERNAL]|01q6F000000DhRF|TaskBeforeUpdate on Task trigger event BeforeUpdate|__sfdc_trigger/TaskBeforeUpdate
11:46:53.0 (510268)|HEAP_ALLOCATE|[EXTERNAL]|Bytes:8
11:46:53.0 (573835)|HEAP_ALLOCATE|[EXTERNAL]|Bytes:8
11:46:53.0 (988842)|HEAP_ALLOCATE|[72]|Bytes:3
11:46:53.0 (1038814)|HEAP_ALLOCATE|[77]|Bytes:152
11:46:53.0 (1067363)|HEAP_ALLOCATE|[342]|Bytes:408
11:46:53.0 (1095378)|HEAP_ALLOCATE|[355]|Bytes:408
11:46:53.0 (1121679)|HEAP_ALLOCATE|[467]|Bytes:48
11:46:53.0 (1175828)|HEAP_ALLOCATE|[139]|Bytes:6
11:46:53.0 (1211971)|HEAP_ALLOCATE|[EXTERNAL]|Bytes:4
11:46:53.0 (1223810)|VARIABLE_SCOPE_BEGIN|[10]|this|TaskBeforeUpdate|true|false
11:46:53.0 (1280128)|VARIABLE_ASSIGNMENT|[10]|this|{}|0x71930fa0
11:46:53.0 (1381341)|HEAP_ALLOCATE|[EXTERNAL]|Bytes:4
11:46:53.0 (1393659)|VARIABLE_SCOPE_BEGIN|[10]|this|TaskBeforeUpdate|true|false
11:46:53.0 (1413387)|VARIABLE_ASSIGNMENT|[10]|this|{}|0x71930fa0
11:46:53.0 (1425360)|STATEMENT_EXECUTE|[10]
11:46:53.1 (1431626)|CUMULATIVE_LIMIT_USAGE
11:46:53.1 (1431626)|LIMIT_USAGE_FOR_NS|(default)|
  Number of SOQL queries: 0 out of 100
  Number of query rows: 0 out of 50000
  Number of SOSL queries: 0 out of 20
  Number of DML statements: 0 out of 150
  Number of DML rows: 0 out of 10000
  Maximum CPU time: 0 out of 10000
  Maximum heap size: 0 out of 6000000
  Number of callouts: 0 out of 100
  Number of Email Invocations: 0 out of 10
  Number of future calls: 0 out of 50
  Number of queueable jobs added to the queue: 0 out of 50
  Number of Mobile Apex push calls: 0 out of 10

11:46:53.1 (1431626)|CUMULATIVE_LIMIT_USAGE_END

11:46:53.0 (2804353)|CODE_UNIT_FINISHED|TaskBeforeUpdate on Task trigger event BeforeUpdate|__sfdc_trigger/TaskBeforeUpdate
11:46:53.0 (7425672)|CODE_UNIT_STARTED|[EXTERNAL]|Validation:Task:00T6F000055TBHZ
11:46:53.0 (7444013)|VALIDATION_RULE|03d6F000000qFaO|Finish_all_call_monitor_field
11:46:53.0 (7835594)|VALIDATION_FORMULA|AND(!ISBLANK(Monitored_By__c),
    OR(ISBLANK( TEXT(CM_advised_what_will_happen_next__c)),
       ISBLANK( TEXT(Allow_customer_to_present_concerns__c) ),
       ISBLANK( TEXT(Communication_is_clear_positive_confiden__c) ),
       ISBLANK( TEXT(Demonstrate_active_listening__c )),
       ISBLANK( TEXT(Gave_correct_answers_and_infomations__c) ),
       ISBLANK( TEXT(Mirrors_clients_talking_behaviour__c) ) ))|CM_advised_what_will_happen_next__c=null , Demonstrate_active_listening__c=null , Communication_is_clear_positive_confiden__c=null , Allow_customer_to_present_concerns__c=null , Gave_correct_answers_and_infomations__c=null , Mirrors_clients_talking_behaviour__c=null , Monitored_By__c=null
11:46:53.0 (7852049)|VALIDATION_PASS
11:46:53.0 (7854859)|VALIDATION_RULE|03d900000009JbB|Interac_Quality_Must_Be_Between_1_and_10
11:46:53.0 (7927617)|VALIDATION_FORMULA|NVMContactWorld__InteractionQuality__c < 1  &#124;&#124;  NVMContactWorld__InteractionQuality__c > 10|NVMContactWorld__InteractionQuality__c=null
11:46:53.0 (7936700)|VALIDATION_PASS
11:46:53.0 (8153316)|CODE_UNIT_FINISHED|Validation:Task:00T6F000055TBHZ
11:46:53.0 (32275753)|CODE_UNIT_STARTED|[EXTERNAL]|Workflow:Task
11:46:53.0 (45745869)|WF_RULE_EVAL_BEGIN|Workflow
11:46:53.0 (45785105)|WF_CRITERIA_BEGIN|[Task:  00T6F000055TBHZ]|Update Call Monitor Details|01Q6F0000002Tdt|ON_CREATE_OR_TRIGGERING_UPDATE|0
11:46:53.0 (48952380)|WF_RULE_FILTER|[Task : Monitored By not equal to ]
11:46:53.0 (48970445)|WF_RULE_EVAL_VALUE|
11:46:53.0 (48974903)|WF_CRITERIA_END|false
11:46:53.0 (48988043)|WF_CRITERIA_BEGIN|[Task:  00T6F000055TBHZ]|Update_Callback_Request_Due_Date3016F0000005i0e|01Q6F0000019gyq|ON_CREATE_ONLY|0
11:46:53.0 (48999323)|WF_RULE_NOT_EVALUATED
11:46:53.0 (49004661)|WF_CRITERIA_BEGIN|[Task:  00T6F000055TBHZ]|Call Back Request From LinX|01Q6F000001EY2L|ON_CREATE_OR_TRIGGERING_UPDATE|0
11:46:53.0 (49059477)|WF_RULE_FILTER|[Task : Subject equals Callback Request]
11:46:53.0 (49068103)|WF_RULE_EVAL_VALUE|Outbound call to +61730888424
11:46:53.0 (49071841)|WF_CRITERIA_END|false
11:46:53.0 (49078565)|WF_CRITERIA_BEGIN|[Task:  00T6F000055TBHZ]|Call_Monitor3016F00000054R3|01Q6F000000oOu7|ON_ALL_CHANGES|0
11:46:53.0 (49161793)|WF_FORMULA|Formula:ENCODED:[treatNullAsNull]true|Values:
11:46:53.0 (49168602)|WF_CRITERIA_END|true
11:46:53.0 (49942224)|WF_SPOOL_ACTION_BEGIN|Workflow
11:46:53.0 (49968234)|WF_ACTION| Flow Trigger: 1;
11:46:53.0 (49973613)|WF_RULE_EVAL_END
11:46:53.0 (50949327)|WF_FLOW_ACTION_BEGIN|09L6F000000PGTV
11:46:53.52 (52408735)|FLOW_CREATE_INTERVIEW_BEGIN|00D90000000IJSa|3006F0000008usA|3016F00000054R3
11:46:53.52 (53132546)|FLOW_CREATE_INTERVIEW_END|7549eb5c132d03652eb221ade91b166e6a54652-125f|Call Monitoring
11:46:53.53 (53501765)|FLOW_START_INTERVIEWS_BEGIN|1
11:46:53.53 (53520510)|FLOW_START_INTERVIEW_BEGIN|7549eb5c132d03652eb221ade91b166e6a54652-125f|Call Monitoring
11:46:53.53 (65382150)|FLOW_START_INTERVIEW_END|7549eb5c132d03652eb221ade91b166e6a54652-125f|Call Monitoring
11:46:53.53 (65418633)|FLOW_START_INTERVIEWS_END|1
11:46:53.0 (68132877)|WF_FLOW_ACTION_END|09L6F000000PGTV
11:46:53.0 (68237495)|WF_ACTIONS_END| Flow Trigger: 1;
11:46:53.0 (68248955)|CODE_UNIT_FINISHED|Workflow:Task
11:46:53.0 (85661962)|CODE_UNIT_FINISHED|TRIGGERS
11:46:53.0 (85678065)|EXECUTION_FINISHED
