37.0 APEX_CODE,FINEST;APEX_PROFILING,INFO;CALLOUT,INFO;DB,INFO;NBA,INFO;SYSTEM,DEBUG;VALIDATION,INFO;VISUALFORCE,INFO;WAVE,INFO;WORKFLOW,INFO
16:56:24.14 (14132815)|ENTERING_MANAGED_PKG|Centify
16:56:24.14 (15451630)|ENTERING_MANAGED_PKG|Centify
16:56:24.14 (15490270)|ENTERING_MANAGED_PKG|Centify
16:56:24.14 (15642505)|ENTERING_MANAGED_PKG|Centify
16:56:24.14 (15695446)|ENTERING_MANAGED_PKG|Centify
16:56:24.14 (16296950)|ENTERING_MANAGED_PKG|Centify
16:56:24.14 (16524887)|ENTERING_MANAGED_PKG|Centify
16:56:24.14 (16549969)|ENTERING_MANAGED_PKG|Centify
16:56:24.14 (16617864)|ENTERING_MANAGED_PKG|Centify
16:56:24.14 (16670004)|ENTERING_MANAGED_PKG|Centify
16:56:24.14 (16709510)|ENTERING_MANAGED_PKG|Centify
16:56:24.14 (16729118)|ENTERING_MANAGED_PKG|Centify
16:56:24.14 (16746176)|ENTERING_MANAGED_PKG|Centify
16:56:24.14 (16908331)|ENTERING_MANAGED_PKG|Centify
16:56:24.14 (50459596)|ENTERING_MANAGED_PKG|Centify
16:56:24.14 (50574798)|ENTERING_MANAGED_PKG|Centify
16:56:24.14 (50757967)|ENTERING_MANAGED_PKG|Centify
16:56:24.14 (50841968)|ENTERING_MANAGED_PKG|Centify
16:56:24.14 (244570285)|ENTERING_MANAGED_PKG|Centify
16:56:24.14 (303185939)|ENTERING_MANAGED_PKG|Centify
16:56:24.14 (316804474)|ENTERING_MANAGED_PKG|Centify
16:56:24.14 (316860424)|ENTERING_MANAGED_PKG|Centify
16:56:24.14 (316936713)|ENTERING_MANAGED_PKG|Centify
16:56:24.14 (316968136)|ENTERING_MANAGED_PKG|Centify
16:56:24.14 (317028828)|ENTERING_MANAGED_PKG|Centify
16:56:24.14 (348618959)|ENTERING_MANAGED_PKG|Centify
16:56:24.14 (363851815)|ENTERING_MANAGED_PKG|Centify
16:56:24.14 (363906033)|ENTERING_MANAGED_PKG|Centify
16:56:24.14 (363982035)|ENTERING_MANAGED_PKG|Centify
16:56:24.14 (364011857)|ENTERING_MANAGED_PKG|Centify
16:56:24.14 (364073009)|ENTERING_MANAGED_PKG|Centify
16:56:24.14 (394064230)|ENTERING_MANAGED_PKG|Centify
16:56:24.14 (408990134)|ENTERING_MANAGED_PKG|Centify
16:56:24.14 (409045825)|ENTERING_MANAGED_PKG|Centify
16:56:24.14 (409122092)|ENTERING_MANAGED_PKG|Centify
16:56:24.14 (409153150)|ENTERING_MANAGED_PKG|Centify
16:56:24.14 (409212655)|ENTERING_MANAGED_PKG|Centify
16:56:24.14 (438630285)|ENTERING_MANAGED_PKG|Centify
16:56:24.14 (454616454)|ENTERING_MANAGED_PKG|Centify
16:56:24.14 (454674314)|ENTERING_MANAGED_PKG|Centify
16:56:24.14 (454750516)|ENTERING_MANAGED_PKG|Centify
16:56:24.14 (454780883)|ENTERING_MANAGED_PKG|Centify
16:56:24.14 (454849035)|ENTERING_MANAGED_PKG|Centify
16:56:24.14 (484987228)|ENTERING_MANAGED_PKG|Centify
16:56:24.14 (499039108)|ENTERING_MANAGED_PKG|Centify
16:56:24.14 (499086828)|ENTERING_MANAGED_PKG|Centify
16:56:24.14 (499156957)|ENTERING_MANAGED_PKG|Centify
16:56:24.14 (499186927)|ENTERING_MANAGED_PKG|Centify
16:56:24.14 (499245672)|ENTERING_MANAGED_PKG|Centify
16:56:24.14 (527646264)|ENTERING_MANAGED_PKG|Centify
16:56:24.14 (542101003)|ENTERING_MANAGED_PKG|Centify
16:56:24.14 (542154063)|ENTERING_MANAGED_PKG|Centify
16:56:24.14 (542228953)|ENTERING_MANAGED_PKG|Centify
16:56:24.14 (542259579)|ENTERING_MANAGED_PKG|Centify
16:56:24.14 (542318917)|ENTERING_MANAGED_PKG|Centify
16:56:24.14 (570147754)|ENTERING_MANAGED_PKG|Centify
16:56:24.14 (585275155)|ENTERING_MANAGED_PKG|Centify
16:56:24.14 (585329667)|ENTERING_MANAGED_PKG|Centify
16:56:24.14 (585404697)|ENTERING_MANAGED_PKG|Centify
16:56:24.14 (585436533)|ENTERING_MANAGED_PKG|Centify
16:56:24.14 (585496070)|ENTERING_MANAGED_PKG|Centify
16:56:24.14 (615355057)|ENTERING_MANAGED_PKG|Centify
16:56:24.14 (615418807)|ENTERING_MANAGED_PKG|Centify
16:56:24.14 (615546296)|ENTERING_MANAGED_PKG|Centify
16:56:24.14 (615569452)|ENTERING_MANAGED_PKG|Centify
16:56:24.14 (615689206)|ENTERING_MANAGED_PKG|Centify
16:56:24.14 (615725270)|ENTERING_MANAGED_PKG|Centify
16:56:24.14 (615764589)|ENTERING_MANAGED_PKG|Centify
16:56:24.14 (616037224)|ENTERING_MANAGED_PKG|Centify
16:56:24.14 (616108866)|ENTERING_MANAGED_PKG|Centify
16:56:24.14 (625975987)|ENTERING_MANAGED_PKG|Centify
16:56:24.14 (626106133)|ENTERING_MANAGED_PKG|Centify
16:56:24.14 (626768917)|ENTERING_MANAGED_PKG|Centify
16:56:24.14 (627484070)|SOQL_EXECUTE_BEGIN|[16]|Aggregations:0|select id,lastmodifieddate,isdeleted,name,ownerid,has_the_save_strategy_been_implemented__c,status__c,product_type__c from Cases__c where LastModifiedDate >2018-11-21T06:53:00Z AND LastModifiedDate < 2018-11-21T06:56:30Z  ORDER BY SystemModStamp DESC LIMIT 5000  ALL ROWS
16:56:24.14 (634069165)|SOQL_EXECUTE_END|[16]|Rows:1
16:56:24.654 (654894225)|CUMULATIVE_LIMIT_USAGE
16:56:24.654 (654894225)|LIMIT_USAGE_FOR_NS|(default)|
  Number of SOQL queries: 0 out of 200
  Number of query rows: 0 out of 50000
  Number of SOSL queries: 0 out of 20
  Number of DML statements: 0 out of 150
  Number of DML rows: 0 out of 10000
  Maximum CPU time: 0 out of 60000
  Maximum heap size: 0 out of 12000000
  Number of callouts: 0 out of 0
  Number of Email Invocations: 0 out of 10
  Number of future calls: 0 out of 0
  Number of queueable jobs added to the queue: 0 out of 1
  Number of Mobile Apex push calls: 0 out of 10

16:56:24.654 (654894225)|LIMIT_USAGE_FOR_NS|Centify|
  Number of SOQL queries: 0 out of 200
  Number of query rows: 0 out of 50000
  Number of SOSL queries: 0 out of 20
  Number of DML statements: 0 out of 150
  Number of DML rows: 0 out of 10000
  Maximum CPU time: 0 out of 60000
  Maximum heap size: 0 out of 12000000
  Number of callouts: 0 out of 0
  Number of Email Invocations: 0 out of 10
  Number of future calls: 0 out of 0
  Number of queueable jobs added to the queue: 0 out of 1
  Number of Mobile Apex push calls: 0 out of 10

16:56:24.654 (654894225)|CUMULATIVE_LIMIT_USAGE_END

