37.0 APEX_CODE,FINEST;APEX_PROFILING,INFO;CALLOUT,INFO;DB,INFO;NBA,INFO;SYSTEM,DEBUG;VALIDATION,INFO;VISUALFORCE,INFO;WAVE,INFO;WORKFLOW,INFO
18:24:06.21 (21354559)|ENTERING_MANAGED_PKG|Centify
18:24:06.21 (25333109)|ENTERING_MANAGED_PKG|Centify
18:24:06.21 (35577086)|ENTERING_MANAGED_PKG|Centify
18:24:06.21 (35803461)|ENTERING_MANAGED_PKG|Centify
18:24:06.21 (36048887)|ENTERING_MANAGED_PKG|Centify
18:24:06.21 (492851457)|ENTERING_MANAGED_PKG|Centify
18:24:06.21 (493530159)|ENTERING_MANAGED_PKG|Centify
18:24:06.21 (493588262)|ENTERING_MANAGED_PKG|Centify
18:24:06.21 (493748407)|ENTERING_MANAGED_PKG|Centify
18:24:06.21 (493852888)|ENTERING_MANAGED_PKG|Centify
18:24:06.21 (493930893)|ENTERING_MANAGED_PKG|Centify
18:24:06.21 (493977332)|ENTERING_MANAGED_PKG|Centify
18:24:06.21 (494013862)|ENTERING_MANAGED_PKG|Centify
18:24:06.21 (494345917)|ENTERING_MANAGED_PKG|Centify
18:24:06.21 (547629258)|ENTERING_MANAGED_PKG|Centify
18:24:06.21 (547763632)|ENTERING_MANAGED_PKG|Centify
18:24:06.21 (547936657)|ENTERING_MANAGED_PKG|Centify
18:24:06.21 (548001113)|ENTERING_MANAGED_PKG|Centify
18:24:06.21 (771725923)|ENTERING_MANAGED_PKG|Centify
18:24:06.21 (868507435)|ENTERING_MANAGED_PKG|Centify
18:24:06.21 (881004193)|ENTERING_MANAGED_PKG|Centify
18:24:06.21 (881055264)|ENTERING_MANAGED_PKG|Centify
18:24:06.21 (881132890)|ENTERING_MANAGED_PKG|Centify
18:24:06.21 (881165650)|ENTERING_MANAGED_PKG|Centify
18:24:06.21 (881230429)|ENTERING_MANAGED_PKG|Centify
18:24:06.21 (913287312)|ENTERING_MANAGED_PKG|Centify
18:24:06.21 (927403583)|ENTERING_MANAGED_PKG|Centify
18:24:06.21 (927457726)|ENTERING_MANAGED_PKG|Centify
18:24:06.21 (927540713)|ENTERING_MANAGED_PKG|Centify
18:24:06.21 (927578493)|ENTERING_MANAGED_PKG|Centify
18:24:06.21 (927644853)|ENTERING_MANAGED_PKG|Centify
18:24:06.21 (959066677)|ENTERING_MANAGED_PKG|Centify
18:24:06.21 (973066008)|ENTERING_MANAGED_PKG|Centify
18:24:06.21 (973117519)|ENTERING_MANAGED_PKG|Centify
18:24:06.21 (973193870)|ENTERING_MANAGED_PKG|Centify
18:24:06.21 (973227313)|ENTERING_MANAGED_PKG|Centify
18:24:06.21 (973292352)|ENTERING_MANAGED_PKG|Centify
18:24:06.21 (1004146094)|ENTERING_MANAGED_PKG|Centify
18:24:06.21 (1017620618)|ENTERING_MANAGED_PKG|Centify
18:24:06.21 (1017672262)|ENTERING_MANAGED_PKG|Centify
18:24:06.21 (1017746564)|ENTERING_MANAGED_PKG|Centify
18:24:06.21 (1017778872)|ENTERING_MANAGED_PKG|Centify
18:24:06.21 (1017843096)|ENTERING_MANAGED_PKG|Centify
18:24:07.48 (1048146476)|ENTERING_MANAGED_PKG|Centify
18:24:07.48 (1062142583)|ENTERING_MANAGED_PKG|Centify
18:24:07.48 (1062197199)|ENTERING_MANAGED_PKG|Centify
18:24:07.48 (1062274310)|ENTERING_MANAGED_PKG|Centify
18:24:07.48 (1062306710)|ENTERING_MANAGED_PKG|Centify
18:24:07.48 (1062372403)|ENTERING_MANAGED_PKG|Centify
18:24:07.48 (1091281620)|ENTERING_MANAGED_PKG|Centify
18:24:07.48 (1102127670)|ENTERING_MANAGED_PKG|Centify
18:24:07.48 (1102169979)|ENTERING_MANAGED_PKG|Centify
18:24:07.48 (1102239315)|ENTERING_MANAGED_PKG|Centify
18:24:07.48 (1102270013)|ENTERING_MANAGED_PKG|Centify
18:24:07.48 (1102330102)|ENTERING_MANAGED_PKG|Centify
18:24:07.48 (1132230846)|ENTERING_MANAGED_PKG|Centify
18:24:07.48 (1146984954)|ENTERING_MANAGED_PKG|Centify
18:24:07.48 (1147043289)|ENTERING_MANAGED_PKG|Centify
18:24:07.48 (1147123108)|ENTERING_MANAGED_PKG|Centify
18:24:07.48 (1147157964)|ENTERING_MANAGED_PKG|Centify
18:24:07.48 (1147222560)|ENTERING_MANAGED_PKG|Centify
18:24:07.48 (1179490522)|ENTERING_MANAGED_PKG|Centify
18:24:07.48 (1179571429)|ENTERING_MANAGED_PKG|Centify
18:24:07.48 (1179706363)|ENTERING_MANAGED_PKG|Centify
18:24:07.48 (1179731025)|ENTERING_MANAGED_PKG|Centify
18:24:07.48 (1179868011)|ENTERING_MANAGED_PKG|Centify
18:24:07.48 (1179910254)|ENTERING_MANAGED_PKG|Centify
18:24:07.48 (1179952727)|ENTERING_MANAGED_PKG|Centify
18:24:07.48 (1180204716)|ENTERING_MANAGED_PKG|Centify
18:24:07.48 (1180280054)|ENTERING_MANAGED_PKG|Centify
18:24:07.48 (1190018150)|ENTERING_MANAGED_PKG|Centify
18:24:07.48 (1190169511)|ENTERING_MANAGED_PKG|Centify
18:24:07.48 (1190874671)|ENTERING_MANAGED_PKG|Centify
18:24:07.48 (1191662046)|SOQL_EXECUTE_BEGIN|[16]|Aggregations:0|select id,lastmodifieddate,isdeleted,name,ownerid,has_the_save_strategy_been_implemented__c,status__c,product_type__c from Cases__c where LastModifiedDate >2018-09-28T07:30:24Z AND LastModifiedDate < 2018-09-28T08:24:13Z  ORDER BY SystemModStamp DESC LIMIT 5000  ALL ROWS
18:24:07.48 (1197184404)|SOQL_EXECUTE_END|[16]|Rows:0
18:24:07.215 (1215846659)|CUMULATIVE_LIMIT_USAGE
18:24:07.215 (1215846659)|LIMIT_USAGE_FOR_NS|(default)|
  Number of SOQL queries: 0 out of 200
  Number of query rows: 0 out of 50000
  Number of SOSL queries: 0 out of 20
  Number of DML statements: 0 out of 150
  Number of DML rows: 0 out of 10000
  Maximum CPU time: 0 out of 60000
  Maximum heap size: 0 out of 12000000
  Number of callouts: 0 out of 0
  Number of Email Invocations: 0 out of 10
  Number of future calls: 0 out of 0
  Number of queueable jobs added to the queue: 0 out of 1
  Number of Mobile Apex push calls: 0 out of 10

18:24:07.215 (1215846659)|LIMIT_USAGE_FOR_NS|Centify|
  Number of SOQL queries: 0 out of 200
  Number of query rows: 0 out of 50000
  Number of SOSL queries: 0 out of 20
  Number of DML statements: 0 out of 150
  Number of DML rows: 0 out of 10000
  Maximum CPU time: 0 out of 60000
  Maximum heap size: 0 out of 12000000
  Number of callouts: 0 out of 0
  Number of Email Invocations: 0 out of 10
  Number of future calls: 0 out of 0
  Number of queueable jobs added to the queue: 0 out of 1
  Number of Mobile Apex push calls: 0 out of 10

18:24:07.215 (1215846659)|CUMULATIVE_LIMIT_USAGE_END

