37.0 APEX_CODE,FINEST;APEX_PROFILING,INFO;CALLOUT,INFO;DB,INFO;NBA,INFO;SYSTEM,DEBUG;VALIDATION,INFO;VISUALFORCE,INFO;WAVE,INFO;WORKFLOW,INFO
11:39:24.16 (16907102)|ENTERING_MANAGED_PKG|Centify
11:39:24.16 (18686953)|ENTERING_MANAGED_PKG|Centify
11:39:24.16 (18749426)|ENTERING_MANAGED_PKG|Centify
11:39:24.16 (19569727)|ENTERING_MANAGED_PKG|Centify
11:39:24.16 (19646469)|ENTERING_MANAGED_PKG|Centify
11:39:24.16 (20600921)|ENTERING_MANAGED_PKG|Centify
11:39:24.16 (20962818)|ENTERING_MANAGED_PKG|Centify
11:39:24.16 (21007969)|ENTERING_MANAGED_PKG|Centify
11:39:24.16 (21097210)|ENTERING_MANAGED_PKG|Centify
11:39:24.16 (21168146)|ENTERING_MANAGED_PKG|Centify
11:39:24.16 (21240656)|ENTERING_MANAGED_PKG|Centify
11:39:24.16 (21280547)|ENTERING_MANAGED_PKG|Centify
11:39:24.16 (21304145)|ENTERING_MANAGED_PKG|Centify
11:39:24.16 (21553544)|ENTERING_MANAGED_PKG|Centify
11:39:24.16 (63475825)|ENTERING_MANAGED_PKG|Centify
11:39:24.16 (63559894)|ENTERING_MANAGED_PKG|Centify
11:39:24.16 (63699267)|ENTERING_MANAGED_PKG|Centify
11:39:24.16 (63754126)|ENTERING_MANAGED_PKG|Centify
11:39:24.16 (290645905)|ENTERING_MANAGED_PKG|Centify
11:39:24.16 (331973785)|ENTERING_MANAGED_PKG|Centify
11:39:24.16 (352200061)|ENTERING_MANAGED_PKG|Centify
11:39:24.16 (352257387)|ENTERING_MANAGED_PKG|Centify
11:39:24.16 (352388490)|ENTERING_MANAGED_PKG|Centify
11:39:24.16 (352452593)|ENTERING_MANAGED_PKG|Centify
11:39:24.16 (352569253)|ENTERING_MANAGED_PKG|Centify
11:39:24.16 (386026051)|ENTERING_MANAGED_PKG|Centify
11:39:24.16 (402089412)|ENTERING_MANAGED_PKG|Centify
11:39:24.16 (402141694)|ENTERING_MANAGED_PKG|Centify
11:39:24.16 (402220491)|ENTERING_MANAGED_PKG|Centify
11:39:24.16 (402255479)|ENTERING_MANAGED_PKG|Centify
11:39:24.16 (402320049)|ENTERING_MANAGED_PKG|Centify
11:39:24.16 (433862948)|ENTERING_MANAGED_PKG|Centify
11:39:24.16 (450485470)|ENTERING_MANAGED_PKG|Centify
11:39:24.16 (450557924)|ENTERING_MANAGED_PKG|Centify
11:39:24.16 (450646679)|ENTERING_MANAGED_PKG|Centify
11:39:24.16 (450681892)|ENTERING_MANAGED_PKG|Centify
11:39:24.16 (450750011)|ENTERING_MANAGED_PKG|Centify
11:39:24.16 (482560990)|ENTERING_MANAGED_PKG|Centify
11:39:24.16 (500101933)|ENTERING_MANAGED_PKG|Centify
11:39:24.16 (500154863)|ENTERING_MANAGED_PKG|Centify
11:39:24.16 (500236273)|ENTERING_MANAGED_PKG|Centify
11:39:24.16 (500271198)|ENTERING_MANAGED_PKG|Centify
11:39:24.16 (500337226)|ENTERING_MANAGED_PKG|Centify
11:39:24.16 (530966465)|ENTERING_MANAGED_PKG|Centify
11:39:24.16 (551343101)|ENTERING_MANAGED_PKG|Centify
11:39:24.16 (551398132)|ENTERING_MANAGED_PKG|Centify
11:39:24.16 (551485176)|ENTERING_MANAGED_PKG|Centify
11:39:24.16 (551520198)|ENTERING_MANAGED_PKG|Centify
11:39:24.16 (551588443)|ENTERING_MANAGED_PKG|Centify
11:39:24.16 (575532036)|ENTERING_MANAGED_PKG|Centify
11:39:24.16 (591226973)|ENTERING_MANAGED_PKG|Centify
11:39:24.16 (591282923)|ENTERING_MANAGED_PKG|Centify
11:39:24.16 (591365160)|ENTERING_MANAGED_PKG|Centify
11:39:24.16 (591400146)|ENTERING_MANAGED_PKG|Centify
11:39:24.16 (591466190)|ENTERING_MANAGED_PKG|Centify
11:39:24.16 (616095203)|ENTERING_MANAGED_PKG|Centify
11:39:24.16 (632771948)|ENTERING_MANAGED_PKG|Centify
11:39:24.16 (632840025)|ENTERING_MANAGED_PKG|Centify
11:39:24.16 (632921502)|ENTERING_MANAGED_PKG|Centify
11:39:24.16 (632958046)|ENTERING_MANAGED_PKG|Centify
11:39:24.16 (633025615)|ENTERING_MANAGED_PKG|Centify
11:39:24.16 (656279034)|ENTERING_MANAGED_PKG|Centify
11:39:24.16 (673434105)|ENTERING_MANAGED_PKG|Centify
11:39:24.16 (673518885)|ENTERING_MANAGED_PKG|Centify
11:39:24.16 (673649646)|ENTERING_MANAGED_PKG|Centify
11:39:24.16 (673706249)|ENTERING_MANAGED_PKG|Centify
11:39:24.16 (673828441)|ENTERING_MANAGED_PKG|Centify
11:39:24.16 (717208714)|ENTERING_MANAGED_PKG|Centify
11:39:24.16 (842359030)|ENTERING_MANAGED_PKG|Centify
11:39:24.16 (842448987)|ENTERING_MANAGED_PKG|Centify
11:39:24.16 (842588538)|ENTERING_MANAGED_PKG|Centify
11:39:24.16 (842652698)|ENTERING_MANAGED_PKG|Centify
11:39:24.16 (842772217)|ENTERING_MANAGED_PKG|Centify
11:39:24.16 (868519897)|ENTERING_MANAGED_PKG|Centify
11:39:24.16 (885837513)|ENTERING_MANAGED_PKG|Centify
11:39:24.16 (885911910)|ENTERING_MANAGED_PKG|Centify
11:39:24.16 (886029838)|ENTERING_MANAGED_PKG|Centify
11:39:24.16 (886081060)|ENTERING_MANAGED_PKG|Centify
11:39:24.16 (886181938)|ENTERING_MANAGED_PKG|Centify
11:39:24.16 (912751165)|ENTERING_MANAGED_PKG|Centify
11:39:24.16 (912824606)|ENTERING_MANAGED_PKG|Centify
11:39:24.16 (912990026)|ENTERING_MANAGED_PKG|Centify
11:39:24.16 (913036388)|ENTERING_MANAGED_PKG|Centify
11:39:24.16 (913082048)|ENTERING_MANAGED_PKG|Centify
11:39:24.16 (913368504)|ENTERING_MANAGED_PKG|Centify
11:39:24.16 (913451193)|ENTERING_MANAGED_PKG|Centify
11:39:24.16 (924698644)|ENTERING_MANAGED_PKG|Centify
11:39:24.16 (924840101)|ENTERING_MANAGED_PKG|Centify
11:39:24.16 (925049967)|ENTERING_MANAGED_PKG|Centify
11:39:24.16 (926001182)|ENTERING_MANAGED_PKG|Centify
11:39:24.16 (927513993)|SOQL_EXECUTE_BEGIN|[16]|Aggregations:0|select id,lastmodifieddate,isdeleted,isgmt__c,role__c,name,createddate,ownerid,active_clients__c,customer_service_index__c,service_index_in_string__c from CM_Daily_Stats__c where LastModifiedDate >2018-10-22T22:21:21Z AND LastModifiedDate < 2018-10-23T01:39:30Z AND (  isActive__c =true)  ORDER BY SystemModStamp DESC LIMIT 5000  ALL ROWS
11:39:24.16 (944953041)|SOQL_EXECUTE_END|[16]|Rows:0
11:39:24.971 (971469522)|CUMULATIVE_LIMIT_USAGE
11:39:24.971 (971469522)|LIMIT_USAGE_FOR_NS|(default)|
  Number of SOQL queries: 0 out of 200
  Number of query rows: 0 out of 50000
  Number of SOSL queries: 0 out of 20
  Number of DML statements: 0 out of 150
  Number of DML rows: 0 out of 10000
  Maximum CPU time: 0 out of 60000
  Maximum heap size: 0 out of 12000000
  Number of callouts: 0 out of 0
  Number of Email Invocations: 0 out of 10
  Number of future calls: 0 out of 0
  Number of queueable jobs added to the queue: 0 out of 1
  Number of Mobile Apex push calls: 0 out of 10

11:39:24.971 (971469522)|LIMIT_USAGE_FOR_NS|Centify|
  Number of SOQL queries: 0 out of 200
  Number of query rows: 0 out of 50000
  Number of SOSL queries: 0 out of 20
  Number of DML statements: 0 out of 150
  Number of DML rows: 0 out of 10000
  Maximum CPU time: 0 out of 60000
  Maximum heap size: 0 out of 12000000
  Number of callouts: 0 out of 0
  Number of Email Invocations: 0 out of 10
  Number of future calls: 0 out of 0
  Number of queueable jobs added to the queue: 0 out of 1
  Number of Mobile Apex push calls: 0 out of 10

11:39:24.971 (971469522)|CUMULATIVE_LIMIT_USAGE_END

