37.0 APEX_CODE,FINEST;APEX_PROFILING,INFO;CALLOUT,INFO;DB,INFO;NBA,INFO;SYSTEM,DEBUG;VALIDATION,INFO;VISUALFORCE,INFO;WAVE,INFO;WORKFLOW,INFO
19:01:15.26 (26357991)|ENTERING_MANAGED_PKG|Centify
19:01:15.26 (31730173)|ENTERING_MANAGED_PKG|Centify
19:01:15.26 (40751352)|ENTERING_MANAGED_PKG|Centify
19:01:15.26 (40987308)|ENTERING_MANAGED_PKG|Centify
19:01:15.26 (41235802)|ENTERING_MANAGED_PKG|Centify
19:01:15.26 (42455421)|ENTERING_MANAGED_PKG|Centify
19:01:15.26 (42949045)|ENTERING_MANAGED_PKG|Centify
19:01:15.26 (43011558)|ENTERING_MANAGED_PKG|Centify
19:01:15.26 (43170277)|ENTERING_MANAGED_PKG|Centify
19:01:15.26 (43270785)|ENTERING_MANAGED_PKG|Centify
19:01:15.26 (43347911)|ENTERING_MANAGED_PKG|Centify
19:01:15.26 (43394533)|ENTERING_MANAGED_PKG|Centify
19:01:15.26 (43425368)|ENTERING_MANAGED_PKG|Centify
19:01:15.26 (43649220)|ENTERING_MANAGED_PKG|Centify
19:01:15.26 (92534407)|ENTERING_MANAGED_PKG|Centify
19:01:15.26 (92684856)|ENTERING_MANAGED_PKG|Centify
19:01:15.26 (92867883)|ENTERING_MANAGED_PKG|Centify
19:01:15.26 (92950474)|ENTERING_MANAGED_PKG|Centify
19:01:15.26 (320498023)|ENTERING_MANAGED_PKG|Centify
19:01:15.26 (376001025)|ENTERING_MANAGED_PKG|Centify
19:01:15.26 (388072563)|ENTERING_MANAGED_PKG|Centify
19:01:15.26 (388121683)|ENTERING_MANAGED_PKG|Centify
19:01:15.26 (388197160)|ENTERING_MANAGED_PKG|Centify
19:01:15.26 (388230832)|ENTERING_MANAGED_PKG|Centify
19:01:15.26 (388293847)|ENTERING_MANAGED_PKG|Centify
19:01:15.26 (425624437)|ENTERING_MANAGED_PKG|Centify
19:01:15.26 (440281374)|ENTERING_MANAGED_PKG|Centify
19:01:15.26 (440337359)|ENTERING_MANAGED_PKG|Centify
19:01:15.26 (440418068)|ENTERING_MANAGED_PKG|Centify
19:01:15.26 (440453468)|ENTERING_MANAGED_PKG|Centify
19:01:15.26 (440522242)|ENTERING_MANAGED_PKG|Centify
19:01:15.26 (478993344)|ENTERING_MANAGED_PKG|Centify
19:01:15.26 (493274902)|ENTERING_MANAGED_PKG|Centify
19:01:15.26 (493326356)|ENTERING_MANAGED_PKG|Centify
19:01:15.26 (493405108)|ENTERING_MANAGED_PKG|Centify
19:01:15.26 (493440136)|ENTERING_MANAGED_PKG|Centify
19:01:15.26 (493506214)|ENTERING_MANAGED_PKG|Centify
19:01:15.26 (528568585)|ENTERING_MANAGED_PKG|Centify
19:01:15.26 (542591074)|ENTERING_MANAGED_PKG|Centify
19:01:15.26 (542639894)|ENTERING_MANAGED_PKG|Centify
19:01:15.26 (542717261)|ENTERING_MANAGED_PKG|Centify
19:01:15.26 (542751607)|ENTERING_MANAGED_PKG|Centify
19:01:15.26 (542817184)|ENTERING_MANAGED_PKG|Centify
19:01:15.26 (575538001)|ENTERING_MANAGED_PKG|Centify
19:01:15.26 (590151113)|ENTERING_MANAGED_PKG|Centify
19:01:15.26 (590205645)|ENTERING_MANAGED_PKG|Centify
19:01:15.26 (590286097)|ENTERING_MANAGED_PKG|Centify
19:01:15.26 (590320756)|ENTERING_MANAGED_PKG|Centify
19:01:15.26 (590390136)|ENTERING_MANAGED_PKG|Centify
19:01:15.26 (626027023)|ENTERING_MANAGED_PKG|Centify
19:01:15.26 (640844701)|ENTERING_MANAGED_PKG|Centify
19:01:15.26 (641154862)|ENTERING_MANAGED_PKG|Centify
19:01:15.26 (653133298)|ENTERING_MANAGED_PKG|Centify
19:01:15.26 (653226886)|ENTERING_MANAGED_PKG|Centify
19:01:15.26 (655254047)|ENTERING_MANAGED_PKG|Centify
19:01:15.26 (655318512)|ENTERING_MANAGED_PKG|Centify
19:01:15.26 (655378031)|ENTERING_MANAGED_PKG|Centify
19:01:15.26 (655466675)|ENTERING_MANAGED_PKG|Centify
19:01:15.26 (659693280)|SOQL_EXECUTE_BEGIN|[19]|Aggregations:0|SELECT Id, OrganizationType FROM Organization LIMIT 1
19:01:15.26 (665618811)|SOQL_EXECUTE_END|[19]|Rows:1
19:01:15.26 (683609184)|ENTERING_MANAGED_PKG|Centify
19:01:15.26 (732122307)|ENTERING_MANAGED_PKG|Centify
19:01:15.26 (732185518)|ENTERING_MANAGED_PKG|Centify
19:01:15.26 (732282114)|ENTERING_MANAGED_PKG|Centify
19:01:15.26 (732324927)|ENTERING_MANAGED_PKG|Centify
19:01:15.26 (732404740)|ENTERING_MANAGED_PKG|Centify
19:01:15.26 (788531524)|ENTERING_MANAGED_PKG|Centify
19:01:15.26 (810487167)|ENTERING_MANAGED_PKG|Centify
19:01:15.26 (810545488)|ENTERING_MANAGED_PKG|Centify
19:01:15.26 (810624208)|ENTERING_MANAGED_PKG|Centify
19:01:15.26 (810658572)|ENTERING_MANAGED_PKG|Centify
19:01:15.26 (810724097)|ENTERING_MANAGED_PKG|Centify
19:01:15.26 (938496094)|ENTERING_MANAGED_PKG|Centify
19:01:15.26 (938605226)|ENTERING_MANAGED_PKG|Centify
19:01:15.26 (938900656)|ENTERING_MANAGED_PKG|Centify
19:01:15.26 (938974504)|ENTERING_MANAGED_PKG|Centify
19:01:15.26 (939059263)|ENTERING_MANAGED_PKG|Centify
19:01:15.26 (945333490)|ENTERING_MANAGED_PKG|Centify
19:01:15.26 (945441743)|ENTERING_MANAGED_PKG|Centify
19:01:15.26 (947311749)|ENTERING_MANAGED_PKG|Centify
19:01:15.26 (947501756)|ENTERING_MANAGED_PKG|Centify
19:01:15.26 (948392033)|ENTERING_MANAGED_PKG|Centify
19:01:15.26 (949397211)|SOQL_EXECUTE_BEGIN|[16]|Aggregations:0|select id,lastmodifieddate,isdeleted,createddate,industry,type,name,ownerid from Account where LastModifiedDate >2018-09-28T08:57:56Z AND LastModifiedDate < 2018-09-28T09:01:21Z  ORDER BY SystemModStamp DESC LIMIT 5000  ALL ROWS
19:01:15.26 (957473934)|SOQL_EXECUTE_END|[16]|Rows:0
19:01:15.979 (979539482)|CUMULATIVE_LIMIT_USAGE
19:01:15.979 (979539482)|LIMIT_USAGE_FOR_NS|(default)|
  Number of SOQL queries: 0 out of 200
  Number of query rows: 0 out of 50000
  Number of SOSL queries: 0 out of 20
  Number of DML statements: 0 out of 150
  Number of DML rows: 0 out of 10000
  Maximum CPU time: 0 out of 60000
  Maximum heap size: 0 out of 12000000
  Number of callouts: 0 out of 0
  Number of Email Invocations: 0 out of 10
  Number of future calls: 0 out of 0
  Number of queueable jobs added to the queue: 0 out of 1
  Number of Mobile Apex push calls: 0 out of 10

19:01:15.979 (979539482)|LIMIT_USAGE_FOR_NS|Centify|
  Number of SOQL queries: 0 out of 200
  Number of query rows: 0 out of 50000
  Number of SOSL queries: 0 out of 20
  Number of DML statements: 0 out of 150
  Number of DML rows: 0 out of 10000
  Maximum CPU time: 0 out of 60000
  Maximum heap size: 0 out of 12000000
  Number of callouts: 0 out of 0
  Number of Email Invocations: 0 out of 10
  Number of future calls: 0 out of 0
  Number of queueable jobs added to the queue: 0 out of 1
  Number of Mobile Apex push calls: 0 out of 10

19:01:15.979 (979539482)|CUMULATIVE_LIMIT_USAGE_END

