37.0 APEX_CODE,FINEST;APEX_PROFILING,INFO;CALLOUT,INFO;DB,INFO;NBA,INFO;SYSTEM,DEBUG;VALIDATION,INFO;VISUALFORCE,INFO;WAVE,INFO;WORKFLOW,INFO
18:58:16.7 (7876342)|ENTERING_MANAGED_PKG|Centify
18:58:16.7 (10672984)|ENTERING_MANAGED_PKG|Centify
18:58:16.7 (14826057)|ENTERING_MANAGED_PKG|Centify
18:58:16.7 (14949147)|ENTERING_MANAGED_PKG|Centify
18:58:16.7 (14999655)|ENTERING_MANAGED_PKG|Centify
18:58:16.7 (15085284)|ENTERING_MANAGED_PKG|Centify
18:58:16.7 (15111330)|ENTERING_MANAGED_PKG|Centify
18:58:16.7 (15167003)|ENTERING_MANAGED_PKG|Centify
18:58:16.7 (15189380)|ENTERING_MANAGED_PKG|Centify
18:58:16.7 (15256587)|ENTERING_MANAGED_PKG|Centify
18:58:16.7 (15314996)|ENTERING_MANAGED_PKG|Centify
18:58:16.7 (19683999)|SOQL_EXECUTE_BEGIN|[19]|Aggregations:0|SELECT Id, OrganizationType FROM Organization LIMIT 1
18:58:16.7 (22615799)|SOQL_EXECUTE_END|[19]|Rows:1
18:58:16.7 (24675933)|ENTERING_MANAGED_PKG|Centify
18:58:16.7 (24745015)|ENTERING_MANAGED_PKG|Centify
18:58:16.7 (24874627)|ENTERING_MANAGED_PKG|Centify
18:58:16.7 (24959461)|ENTERING_MANAGED_PKG|Centify
18:58:16.7 (25356797)|ENTERING_MANAGED_PKG|Centify
18:58:16.7 (25400158)|ENTERING_MANAGED_PKG|Centify
18:58:16.7 (25480353)|ENTERING_MANAGED_PKG|Centify
18:58:16.7 (25539811)|ENTERING_MANAGED_PKG|Centify
18:58:16.7 (27017613)|SOQL_EXECUTE_BEGIN|[95]|Aggregations:0|SELECT MAX(Last_Sync_Time__c) maxDT FROM Salesforce_Sync_Settings__c
18:58:16.7 (29556964)|SOQL_EXECUTE_END|[95]|Rows:1
18:58:16.7 (29852346)|ENTERING_MANAGED_PKG|Centify
18:58:16.7 (29907267)|ENTERING_MANAGED_PKG|Centify
18:58:16.7 (34212499)|ENTERING_MANAGED_PKG|Centify
18:58:16.7 (34323733)|ENTERING_MANAGED_PKG|Centify
18:58:16.7 (36237857)|SOQL_EXECUTE_BEGIN|[84]|Aggregations:0|SELECT COUNT() FROM Notification__c WHERE ((Number_Of_Attempts__c = NULL OR Number_Of_Attempts__c < :tmpVar1) AND (CreatedDate = TODAY OR LastModifiedDate = TODAY)) LIMIT 25000
18:58:16.7 (49520007)|SOQL_EXECUTE_END|[84]|Rows:1
18:58:16.7 (49627793)|ENTERING_MANAGED_PKG|Centify
18:58:16.7 (49687997)|ENTERING_MANAGED_PKG|Centify
18:58:16.7 (49738293)|ENTERING_MANAGED_PKG|Centify
18:58:16.7 (49778338)|ENTERING_MANAGED_PKG|Centify
18:58:16.7 (49807844)|ENTERING_MANAGED_PKG|Centify
18:58:16.7 (52776918)|SOQL_EXECUTE_BEGIN|[363]|Aggregations:0|SELECT Id, Label, MasterLabel, DeveloperName, Endpoint__c, TimeOut__c FROM Endpoint_Setting__mdt LIMIT 50
18:58:16.7 (57943008)|SOQL_EXECUTE_END|[363]|Rows:23
18:58:16.7 (59409350)|ENTERING_MANAGED_PKG|Centify
18:58:16.7 (59463471)|ENTERING_MANAGED_PKG|Centify
18:58:16.7 (61055244)|ENTERING_MANAGED_PKG|Centify
18:58:16.7 (61094315)|ENTERING_MANAGED_PKG|Centify
18:58:16.7 (64215626)|ENTERING_MANAGED_PKG|Centify
18:58:16.7 (66862644)|ENTERING_MANAGED_PKG|Centify
18:58:16.7 (66920709)|ENTERING_MANAGED_PKG|Centify
18:58:16.7 (66960625)|ENTERING_MANAGED_PKG|Centify
18:58:16.7 (67710388)|ENTERING_MANAGED_PKG|Centify
18:58:16.7 (67798450)|ENTERING_MANAGED_PKG|Centify
18:58:16.7 (67888717)|ENTERING_MANAGED_PKG|Centify
18:58:16.7 (68703650)|ENTERING_MANAGED_PKG|Centify
18:58:16.7 (68747349)|ENTERING_MANAGED_PKG|Centify
18:58:16.7 (68791607)|ENTERING_MANAGED_PKG|Centify
18:58:16.7 (68832770)|ENTERING_MANAGED_PKG|Centify
18:58:16.7 (68896649)|ENTERING_MANAGED_PKG|Centify
18:58:16.7 (71070811)|ENTERING_MANAGED_PKG|Centify
18:58:16.7 (71168863)|ENTERING_MANAGED_PKG|Centify
18:58:16.7 (71846264)|ENTERING_MANAGED_PKG|Centify
18:58:16.7 (453788212)|ENTERING_MANAGED_PKG|Centify
18:58:16.468 (468338887)|CUMULATIVE_LIMIT_USAGE
18:58:16.468 (468338887)|LIMIT_USAGE_FOR_NS|(default)|
  Number of SOQL queries: 0 out of 200
  Number of query rows: 0 out of 50000
  Number of SOSL queries: 0 out of 20
  Number of DML statements: 0 out of 150
  Number of DML rows: 0 out of 10000
  Maximum CPU time: 0 out of 60000
  Maximum heap size: 0 out of 12000000
  Number of callouts: 0 out of 0
  Number of Email Invocations: 0 out of 10
  Number of future calls: 0 out of 0
  Number of queueable jobs added to the queue: 0 out of 1
  Number of Mobile Apex push calls: 0 out of 10

18:58:16.468 (468338887)|LIMIT_USAGE_FOR_NS|Centify|
  Number of SOQL queries: 0 out of 200
  Number of query rows: 0 out of 50000
  Number of SOSL queries: 0 out of 20
  Number of DML statements: 0 out of 150
  Number of DML rows: 0 out of 10000
  Maximum CPU time: 0 out of 60000
  Maximum heap size: 0 out of 12000000
  Number of callouts: 0 out of 0
  Number of Email Invocations: 0 out of 10
  Number of future calls: 0 out of 0
  Number of queueable jobs added to the queue: 0 out of 1
  Number of Mobile Apex push calls: 0 out of 10

18:58:16.468 (468338887)|CUMULATIVE_LIMIT_USAGE_END

