35.0 APEX_CODE,FINEST;APEX_PROFILING,INFO;CALLOUT,INFO;DB,INFO;NBA,INFO;SYSTEM,DEBUG;VALIDATION,INFO;VISUALFORCE,INFO;WAVE,INFO;WORKFLOW,INFO
18:28:18.11 (11550226)|ENTERING_MANAGED_PKG|NVMContactWorld
18:28:18.11 (11687209)|ENTERING_MANAGED_PKG|NVMContactWorld
18:28:18.11 (11729037)|ENTERING_MANAGED_PKG|NVMContactWorld
18:28:18.11 (11753486)|ENTERING_MANAGED_PKG|NVMContactWorld
18:28:18.11 (11776139)|ENTERING_MANAGED_PKG|NVMContactWorld
18:28:18.11 (11835941)|ENTERING_MANAGED_PKG|NVMContactWorld
18:28:18.11 (11856986)|ENTERING_MANAGED_PKG|NVMContactWorld
18:28:18.11 (11881900)|ENTERING_MANAGED_PKG|NVMContactWorld
18:28:18.11 (12143467)|ENTERING_MANAGED_PKG|NVMContactWorld
18:28:18.11 (12184676)|ENTERING_MANAGED_PKG|NVMContactWorld
18:28:18.11 (12204689)|ENTERING_MANAGED_PKG|NVMContactWorld
18:28:18.11 (12216043)|ENTERING_MANAGED_PKG|NVMContactWorld
18:28:18.11 (12516394)|ENTERING_MANAGED_PKG|NVMContactWorld
18:28:18.11 (12548220)|ENTERING_MANAGED_PKG|NVMContactWorld
18:28:18.11 (12635921)|ENTERING_MANAGED_PKG|NVMContactWorld
18:28:18.11 (12772968)|ENTERING_MANAGED_PKG|NVMContactWorld
18:28:18.11 (12798660)|ENTERING_MANAGED_PKG|NVMContactWorld
18:28:18.11 (14175446)|SOQL_EXECUTE_BEGIN|[47]|Aggregations:0|SELECT Id, MostRecentCall__c, MostRecentCallEventTimestamp__c, MostRecentCallIsActive__c, NVM_Agent_Id__c, NotesCollapsed__c FROM User WHERE Id = :tmpVar1
18:28:18.11 (20957024)|SOQL_EXECUTE_END|[47]|Rows:1
18:28:18.11 (21185990)|ENTERING_MANAGED_PKG|NVMContactWorld
18:28:18.11 (21279470)|ENTERING_MANAGED_PKG|NVMContactWorld
18:28:18.11 (21439607)|ENTERING_MANAGED_PKG|NVMContactWorld
18:28:18.11 (21466630)|ENTERING_MANAGED_PKG|NVMContactWorld
18:28:18.11 (22487521)|ENTERING_MANAGED_PKG|NVMContactWorld
18:28:18.11 (22814994)|ENTERING_MANAGED_PKG|NVMContactWorld
18:28:18.11 (22851591)|ENTERING_MANAGED_PKG|NVMContactWorld
18:28:18.11 (22900749)|ENTERING_MANAGED_PKG|NVMContactWorld
18:28:18.11 (22916764)|ENTERING_MANAGED_PKG|NVMContactWorld
18:28:18.11 (23256247)|ENTERING_MANAGED_PKG|NVMContactWorld
18:28:18.11 (24574970)|ENTERING_MANAGED_PKG|NVMContactWorld
18:28:18.11 (24618865)|ENTERING_MANAGED_PKG|NVMContactWorld
18:28:18.11 (24655565)|ENTERING_MANAGED_PKG|NVMContactWorld
18:28:18.11 (25382467)|ENTERING_MANAGED_PKG|NVMContactWorld
18:28:18.11 (25455313)|ENTERING_MANAGED_PKG|NVMContactWorld
18:28:18.11 (25628231)|ENTERING_MANAGED_PKG|NVMContactWorld
18:28:18.11 (25838267)|ENTERING_MANAGED_PKG|NVMContactWorld
18:28:18.11 (25889899)|ENTERING_MANAGED_PKG|NVMContactWorld
18:28:18.11 (26025311)|ENTERING_MANAGED_PKG|NVMContactWorld
18:28:18.11 (26078898)|ENTERING_MANAGED_PKG|NVMContactWorld
18:28:18.11 (323124903)|ENTERING_MANAGED_PKG|NVMContactWorld
18:28:18.11 (323229885)|ENTERING_MANAGED_PKG|NVMContactWorld
18:28:18.11 (323405467)|ENTERING_MANAGED_PKG|NVMContactWorld
18:28:18.11 (327157698)|ENTERING_MANAGED_PKG|NVMContactWorld
18:28:18.11 (327248787)|ENTERING_MANAGED_PKG|NVMContactWorld
18:28:18.11 (327276143)|ENTERING_MANAGED_PKG|NVMContactWorld
18:28:18.11 (327306648)|ENTERING_MANAGED_PKG|NVMContactWorld
18:28:18.11 (327338080)|ENTERING_MANAGED_PKG|NVMContactWorld
18:28:18.11 (327370656)|ENTERING_MANAGED_PKG|NVMContactWorld
18:28:18.11 (327400527)|ENTERING_MANAGED_PKG|NVMContactWorld
18:28:18.11 (327463844)|ENTERING_MANAGED_PKG|NVMContactWorld
18:28:18.11 (327525632)|ENTERING_MANAGED_PKG|NVMContactWorld
18:28:18.11 (327545388)|ENTERING_MANAGED_PKG|NVMContactWorld
18:28:18.11 (327575929)|ENTERING_MANAGED_PKG|NVMContactWorld
18:28:18.11 (327592147)|ENTERING_MANAGED_PKG|NVMContactWorld
18:28:18.11 (327604165)|ENTERING_MANAGED_PKG|NVMContactWorld
18:28:18.11 (327619972)|ENTERING_MANAGED_PKG|NVMContactWorld
18:28:18.11 (327644356)|ENTERING_MANAGED_PKG|NVMContactWorld
18:28:18.11 (327656411)|ENTERING_MANAGED_PKG|NVMContactWorld
18:28:18.11 (327667402)|ENTERING_MANAGED_PKG|NVMContactWorld
18:28:18.11 (327729368)|ENTERING_MANAGED_PKG|NVMContactWorld
18:28:18.11 (327751981)|ENTERING_MANAGED_PKG|NVMContactWorld
18:28:18.11 (327772798)|ENTERING_MANAGED_PKG|NVMContactWorld
18:28:18.11 (327815074)|ENTERING_MANAGED_PKG|NVMContactWorld
18:28:18.11 (332239984)|ENTERING_MANAGED_PKG|NVMContactWorld
18:28:18.11 (332282641)|ENTERING_MANAGED_PKG|NVMContactWorld
18:28:18.11 (332316346)|ENTERING_MANAGED_PKG|NVMContactWorld
18:28:18.11 (332333339)|ENTERING_MANAGED_PKG|NVMContactWorld
18:28:18.11 (332346106)|ENTERING_MANAGED_PKG|NVMContactWorld
18:28:18.11 (332380322)|ENTERING_MANAGED_PKG|NVMContactWorld
18:28:18.11 (332610060)|ENTERING_MANAGED_PKG|NVMContactWorld
18:28:18.11 (332641317)|ENTERING_MANAGED_PKG|NVMContactWorld
18:28:18.11 (332659943)|ENTERING_MANAGED_PKG|NVMContactWorld
18:28:18.11 (332675217)|ENTERING_MANAGED_PKG|NVMContactWorld
18:28:18.340 (340910873)|CUMULATIVE_LIMIT_USAGE
18:28:18.340 (340910873)|LIMIT_USAGE_FOR_NS|(default)|
  Number of SOQL queries: 0 out of 100
  Number of query rows: 0 out of 50000
  Number of SOSL queries: 0 out of 20
  Number of DML statements: 0 out of 150
  Number of DML rows: 0 out of 10000
  Maximum CPU time: 25 out of 10000
  Maximum heap size: 0 out of 6000000
  Number of callouts: 0 out of 100
  Number of Email Invocations: 0 out of 10
  Number of future calls: 0 out of 50
  Number of queueable jobs added to the queue: 0 out of 50
  Number of Mobile Apex push calls: 0 out of 10

18:28:18.340 (340910873)|LIMIT_USAGE_FOR_NS|NVMContactWorld|
  Number of SOQL queries: 1 out of 100
  Number of query rows: 1 out of 50000
  Number of SOSL queries: 0 out of 20
  Number of DML statements: 0 out of 150
  Number of DML rows: 0 out of 10000
  Maximum CPU time: 0 out of 10000
  Maximum heap size: 0 out of 6000000
  Number of callouts: 1 out of 100
  Number of Email Invocations: 0 out of 10
  Number of future calls: 0 out of 50
  Number of queueable jobs added to the queue: 0 out of 50
  Number of Mobile Apex push calls: 0 out of 10

18:28:18.340 (340910873)|CUMULATIVE_LIMIT_USAGE_END

