37.0 APEX_CODE,FINEST;APEX_PROFILING,INFO;CALLOUT,INFO;DB,INFO;NBA,INFO;SYSTEM,DEBUG;VALIDATION,INFO;VISUALFORCE,INFO;WAVE,INFO;WORKFLOW,INFO
16:56:08.18 (18571834)|ENTERING_MANAGED_PKG|Centify
16:56:08.18 (27940764)|ENTERING_MANAGED_PKG|Centify
16:56:08.18 (28027179)|ENTERING_MANAGED_PKG|Centify
16:56:08.18 (31292896)|ENTERING_MANAGED_PKG|Centify
16:56:08.18 (31366635)|ENTERING_MANAGED_PKG|Centify
16:56:08.18 (31537704)|ENTERING_MANAGED_PKG|Centify
16:56:08.18 (32126269)|ENTERING_MANAGED_PKG|Centify
16:56:08.18 (75812670)|ENTERING_MANAGED_PKG|Centify
16:56:08.18 (75918538)|ENTERING_MANAGED_PKG|Centify
16:56:08.18 (76451729)|ENTERING_MANAGED_PKG|Centify
16:56:08.18 (76500525)|ENTERING_MANAGED_PKG|Centify
16:56:08.18 (77001149)|ENTERING_MANAGED_PKG|Centify
16:56:08.18 (79339891)|ENTERING_MANAGED_PKG|Centify
16:56:08.18 (79442200)|ENTERING_MANAGED_PKG|Centify
16:56:08.18 (79658003)|ENTERING_MANAGED_PKG|Centify
16:56:08.18 (79801015)|ENTERING_MANAGED_PKG|Centify
16:56:08.18 (79877609)|ENTERING_MANAGED_PKG|Centify
16:56:08.18 (80005394)|ENTERING_MANAGED_PKG|Centify
16:56:08.18 (80052218)|ENTERING_MANAGED_PKG|Centify
16:56:08.18 (80122519)|ENTERING_MANAGED_PKG|Centify
16:56:08.18 (80349150)|ENTERING_MANAGED_PKG|Centify
16:56:08.18 (80428191)|ENTERING_MANAGED_PKG|Centify
16:56:08.18 (88287494)|ENTERING_MANAGED_PKG|Centify
16:56:08.18 (88473935)|ENTERING_MANAGED_PKG|Centify
16:56:08.18 (88668478)|ENTERING_MANAGED_PKG|Centify
16:56:08.18 (89090649)|ENTERING_MANAGED_PKG|Centify
16:56:08.18 (89243557)|ENTERING_MANAGED_PKG|Centify
16:56:08.18 (90800784)|ENTERING_MANAGED_PKG|Centify
16:56:08.18 (91270515)|ENTERING_MANAGED_PKG|Centify
16:56:08.18 (91550936)|ENTERING_MANAGED_PKG|Centify
16:56:08.18 (91795290)|ENTERING_MANAGED_PKG|Centify
16:56:08.18 (92014677)|ENTERING_MANAGED_PKG|Centify
16:56:08.18 (92551175)|ENTERING_MANAGED_PKG|Centify
16:56:08.18 (92710501)|ENTERING_MANAGED_PKG|Centify
16:56:08.18 (92842794)|ENTERING_MANAGED_PKG|Centify
16:56:08.18 (93033852)|ENTERING_MANAGED_PKG|Centify
16:56:08.18 (93369608)|ENTERING_MANAGED_PKG|Centify
16:56:08.18 (94118472)|ENTERING_MANAGED_PKG|Centify
16:56:08.18 (94372291)|ENTERING_MANAGED_PKG|Centify
16:56:08.18 (94538520)|ENTERING_MANAGED_PKG|Centify
16:56:08.18 (94785258)|ENTERING_MANAGED_PKG|Centify
16:56:08.18 (94989025)|ENTERING_MANAGED_PKG|Centify
16:56:08.18 (95458293)|ENTERING_MANAGED_PKG|Centify
16:56:08.18 (95646031)|ENTERING_MANAGED_PKG|Centify
16:56:08.18 (95937592)|ENTERING_MANAGED_PKG|Centify
16:56:08.18 (96229458)|ENTERING_MANAGED_PKG|Centify
16:56:08.18 (96494550)|ENTERING_MANAGED_PKG|Centify
16:56:08.18 (96719304)|ENTERING_MANAGED_PKG|Centify
16:56:08.18 (104172720)|ENTERING_MANAGED_PKG|Centify
16:56:08.18 (105070404)|ENTERING_MANAGED_PKG|Centify
16:56:08.18 (105327822)|ENTERING_MANAGED_PKG|Centify
16:56:08.18 (105485038)|ENTERING_MANAGED_PKG|Centify
16:56:08.18 (105735855)|ENTERING_MANAGED_PKG|Centify
16:56:08.18 (105907034)|ENTERING_MANAGED_PKG|Centify
16:56:08.18 (106153895)|ENTERING_MANAGED_PKG|Centify
16:56:08.18 (106251778)|ENTERING_MANAGED_PKG|Centify
16:56:08.18 (108125847)|ENTERING_MANAGED_PKG|Centify
16:56:08.18 (110404905)|ENTERING_MANAGED_PKG|Centify
16:56:08.18 (110612500)|ENTERING_MANAGED_PKG|Centify
16:56:08.18 (111072533)|ENTERING_MANAGED_PKG|Centify
16:56:08.18 (111177336)|ENTERING_MANAGED_PKG|Centify
16:56:08.18 (111297475)|ENTERING_MANAGED_PKG|Centify
16:56:08.18 (111373834)|ENTERING_MANAGED_PKG|Centify
16:56:08.18 (111400060)|ENTERING_MANAGED_PKG|Centify
16:56:08.18 (111459427)|ENTERING_MANAGED_PKG|Centify
16:56:08.18 (111487124)|ENTERING_MANAGED_PKG|Centify
16:56:08.18 (111533792)|ENTERING_MANAGED_PKG|Centify
16:56:08.18 (111602818)|ENTERING_MANAGED_PKG|Centify
16:56:08.18 (111658192)|ENTERING_MANAGED_PKG|Centify
16:56:08.18 (112936562)|ENTERING_MANAGED_PKG|Centify
16:56:08.18 (113007173)|ENTERING_MANAGED_PKG|Centify
16:56:08.18 (113042622)|ENTERING_MANAGED_PKG|Centify
16:56:08.18 (113304149)|ENTERING_MANAGED_PKG|Centify
16:56:08.18 (113385973)|ENTERING_MANAGED_PKG|Centify
16:56:08.18 (113523865)|ENTERING_MANAGED_PKG|Centify
16:56:08.18 (113781062)|ENTERING_MANAGED_PKG|Centify
16:56:08.18 (113932583)|ENTERING_MANAGED_PKG|Centify
16:56:08.18 (114182206)|ENTERING_MANAGED_PKG|Centify
16:56:08.18 (114312520)|ENTERING_MANAGED_PKG|Centify
16:56:08.18 (114535660)|ENTERING_MANAGED_PKG|Centify
16:56:08.18 (114653239)|ENTERING_MANAGED_PKG|Centify
16:56:08.18 (114767385)|ENTERING_MANAGED_PKG|Centify
16:56:08.18 (114894494)|ENTERING_MANAGED_PKG|Centify
16:56:08.18 (115120913)|ENTERING_MANAGED_PKG|Centify
16:56:08.18 (115235311)|ENTERING_MANAGED_PKG|Centify
16:56:08.18 (115447661)|ENTERING_MANAGED_PKG|Centify
16:56:08.18 (115568501)|ENTERING_MANAGED_PKG|Centify
16:56:08.18 (115788091)|ENTERING_MANAGED_PKG|Centify
16:56:08.18 (115912814)|ENTERING_MANAGED_PKG|Centify
16:56:08.18 (116110308)|ENTERING_MANAGED_PKG|Centify
16:56:08.18 (116231195)|ENTERING_MANAGED_PKG|Centify
16:56:08.18 (116440695)|ENTERING_MANAGED_PKG|Centify
16:56:08.18 (116561130)|ENTERING_MANAGED_PKG|Centify
16:56:08.18 (116794146)|ENTERING_MANAGED_PKG|Centify
16:56:08.18 (116916307)|ENTERING_MANAGED_PKG|Centify
16:56:08.18 (117125014)|ENTERING_MANAGED_PKG|Centify
16:56:08.18 (117251284)|ENTERING_MANAGED_PKG|Centify
16:56:08.18 (117466860)|ENTERING_MANAGED_PKG|Centify
16:56:08.18 (117574148)|ENTERING_MANAGED_PKG|Centify
16:56:08.18 (117792205)|ENTERING_MANAGED_PKG|Centify
16:56:08.18 (117922141)|ENTERING_MANAGED_PKG|Centify
16:56:08.18 (118111452)|ENTERING_MANAGED_PKG|Centify
16:56:08.18 (118194556)|ENTERING_MANAGED_PKG|Centify
16:56:08.18 (119685328)|ENTERING_MANAGED_PKG|Centify
16:56:08.18 (121826549)|ENTERING_MANAGED_PKG|Centify
16:56:08.18 (122032570)|ENTERING_MANAGED_PKG|Centify
16:56:08.18 (122297822)|ENTERING_MANAGED_PKG|Centify
16:56:08.18 (122375105)|ENTERING_MANAGED_PKG|Centify
16:56:08.18 (122497729)|ENTERING_MANAGED_PKG|Centify
16:56:08.18 (122562893)|ENTERING_MANAGED_PKG|Centify
16:56:08.18 (122591514)|ENTERING_MANAGED_PKG|Centify
16:56:08.18 (122654712)|ENTERING_MANAGED_PKG|Centify
16:56:08.18 (122684549)|ENTERING_MANAGED_PKG|Centify
16:56:08.18 (122729248)|ENTERING_MANAGED_PKG|Centify
16:56:08.18 (122804777)|ENTERING_MANAGED_PKG|Centify
16:56:08.18 (122851992)|ENTERING_MANAGED_PKG|Centify
16:56:08.18 (123109836)|ENTERING_MANAGED_PKG|Centify
16:56:08.18 (123166332)|ENTERING_MANAGED_PKG|Centify
16:56:08.18 (123192893)|ENTERING_MANAGED_PKG|Centify
16:56:08.18 (123395153)|ENTERING_MANAGED_PKG|Centify
16:56:08.18 (123469035)|ENTERING_MANAGED_PKG|Centify
16:56:08.18 (123592216)|ENTERING_MANAGED_PKG|Centify
16:56:08.18 (123854983)|ENTERING_MANAGED_PKG|Centify
16:56:08.18 (124001253)|ENTERING_MANAGED_PKG|Centify
16:56:08.18 (124222982)|ENTERING_MANAGED_PKG|Centify
16:56:08.18 (124335751)|ENTERING_MANAGED_PKG|Centify
16:56:08.18 (124544533)|ENTERING_MANAGED_PKG|Centify
16:56:08.18 (124657317)|ENTERING_MANAGED_PKG|Centify
16:56:08.18 (124775095)|ENTERING_MANAGED_PKG|Centify
16:56:08.18 (124901129)|ENTERING_MANAGED_PKG|Centify
16:56:08.18 (125143068)|ENTERING_MANAGED_PKG|Centify
16:56:08.18 (125276416)|ENTERING_MANAGED_PKG|Centify
16:56:08.18 (125507331)|ENTERING_MANAGED_PKG|Centify
16:56:08.18 (125630606)|ENTERING_MANAGED_PKG|Centify
16:56:08.18 (125838949)|ENTERING_MANAGED_PKG|Centify
16:56:08.18 (125958214)|ENTERING_MANAGED_PKG|Centify
16:56:08.18 (126336334)|ENTERING_MANAGED_PKG|Centify
16:56:08.18 (126495049)|ENTERING_MANAGED_PKG|Centify
16:56:08.18 (126793092)|ENTERING_MANAGED_PKG|Centify
16:56:08.18 (126924735)|ENTERING_MANAGED_PKG|Centify
16:56:08.18 (127259983)|ENTERING_MANAGED_PKG|Centify
16:56:08.18 (127518641)|ENTERING_MANAGED_PKG|Centify
16:56:08.18 (127742632)|ENTERING_MANAGED_PKG|Centify
16:56:08.18 (127946579)|ENTERING_MANAGED_PKG|Centify
16:56:08.18 (128371572)|ENTERING_MANAGED_PKG|Centify
16:56:08.18 (128512886)|ENTERING_MANAGED_PKG|Centify
16:56:08.18 (128833398)|ENTERING_MANAGED_PKG|Centify
16:56:08.18 (128996740)|ENTERING_MANAGED_PKG|Centify
16:56:08.18 (129213521)|ENTERING_MANAGED_PKG|Centify
16:56:08.18 (129307460)|ENTERING_MANAGED_PKG|Centify
16:56:08.18 (130966139)|DML_BEGIN|[76]|Op:Insert|Type:Centify__Notification__c|Rows:3
16:56:08.18 (179096100)|DML_END|[76]
16:56:08.18 (179281788)|ENTERING_MANAGED_PKG|Centify
16:56:08.18 (179774639)|ENTERING_MANAGED_PKG|Centify
16:56:08.18 (180058812)|ENTERING_MANAGED_PKG|Centify
16:56:08.18 (180356066)|ENTERING_MANAGED_PKG|Centify
16:56:08.203 (203886355)|CUMULATIVE_LIMIT_USAGE
16:56:08.203 (203886355)|LIMIT_USAGE_FOR_NS|(default)|
  Number of SOQL queries: 0 out of 200
  Number of query rows: 0 out of 50000
  Number of SOSL queries: 0 out of 20
  Number of DML statements: 0 out of 150
  Number of DML rows: 0 out of 10000
  Maximum CPU time: 0 out of 60000
  Maximum heap size: 0 out of 12000000
  Number of callouts: 0 out of 0
  Number of Email Invocations: 0 out of 10
  Number of future calls: 0 out of 0
  Number of queueable jobs added to the queue: 0 out of 1
  Number of Mobile Apex push calls: 0 out of 10

16:56:08.203 (203886355)|LIMIT_USAGE_FOR_NS|Centify|
  Number of SOQL queries: 0 out of 200
  Number of query rows: 0 out of 50000
  Number of SOSL queries: 0 out of 20
  Number of DML statements: 0 out of 150
  Number of DML rows: 0 out of 10000
  Maximum CPU time: 0 out of 60000
  Maximum heap size: 0 out of 12000000
  Number of callouts: 0 out of 0
  Number of Email Invocations: 0 out of 10
  Number of future calls: 0 out of 0
  Number of queueable jobs added to the queue: 0 out of 1
  Number of Mobile Apex push calls: 0 out of 10

16:56:08.203 (203886355)|CUMULATIVE_LIMIT_USAGE_END

