35.0 APEX_CODE,FINEST;APEX_PROFILING,INFO;CALLOUT,INFO;DB,INFO;NBA,INFO;SYSTEM,DEBUG;VALIDATION,INFO;VISUALFORCE,INFO;WAVE,INFO;WORKFLOW,INFO
18:25:29.29 (29514170)|ENTERING_MANAGED_PKG|NVMContactWorld
18:25:29.29 (29676952)|ENTERING_MANAGED_PKG|NVMContactWorld
18:25:29.29 (29962628)|ENTERING_MANAGED_PKG|NVMContactWorld
18:25:29.29 (30010592)|ENTERING_MANAGED_PKG|NVMContactWorld
18:25:29.29 (30500416)|ENTERING_MANAGED_PKG|NVMContactWorld
18:25:29.29 (32393322)|ENTERING_MANAGED_PKG|NVMContactWorld
18:25:29.29 (32434094)|ENTERING_MANAGED_PKG|NVMContactWorld
18:25:29.29 (33856703)|SOQL_EXECUTE_BEGIN|[47]|Aggregations:0|SELECT Id, MostRecentCall__c, MostRecentCallEventTimestamp__c, MostRecentCallIsActive__c, NVM_Agent_Id__c, NotesCollapsed__c FROM User WHERE Id = :tmpVar1
18:25:29.29 (39658328)|SOQL_EXECUTE_END|[47]|Rows:1
18:25:29.29 (39997958)|ENTERING_MANAGED_PKG|NVMContactWorld
18:25:29.29 (40071657)|ENTERING_MANAGED_PKG|NVMContactWorld
18:25:29.29 (40176586)|ENTERING_MANAGED_PKG|NVMContactWorld
18:25:29.29 (40265032)|ENTERING_MANAGED_PKG|NVMContactWorld
18:25:29.29 (40353133)|ENTERING_MANAGED_PKG|NVMContactWorld
18:25:29.29 (40461204)|ENTERING_MANAGED_PKG|NVMContactWorld
18:25:29.29 (42582257)|ENTERING_MANAGED_PKG|NVMContactWorld
18:25:29.29 (42623364)|ENTERING_MANAGED_PKG|NVMContactWorld
18:25:29.29 (44530138)|ENTERING_MANAGED_PKG|NVMContactWorld
18:25:29.29 (46579649)|ENTERING_MANAGED_PKG|NVMContactWorld
18:25:29.29 (46642711)|ENTERING_MANAGED_PKG|NVMContactWorld
18:25:29.29 (46709590)|ENTERING_MANAGED_PKG|NVMContactWorld
18:25:29.29 (46731669)|ENTERING_MANAGED_PKG|NVMContactWorld
18:25:29.29 (47212943)|ENTERING_MANAGED_PKG|NVMContactWorld
18:25:29.29 (49517468)|ENTERING_MANAGED_PKG|NVMContactWorld
18:25:29.29 (49836205)|ENTERING_MANAGED_PKG|NVMContactWorld
18:25:29.29 (49898281)|ENTERING_MANAGED_PKG|NVMContactWorld
18:25:29.29 (50857721)|ENTERING_MANAGED_PKG|NVMContactWorld
18:25:29.29 (50955763)|ENTERING_MANAGED_PKG|NVMContactWorld
18:25:29.29 (51171094)|ENTERING_MANAGED_PKG|NVMContactWorld
18:25:29.29 (51433598)|ENTERING_MANAGED_PKG|NVMContactWorld
18:25:29.29 (51514235)|ENTERING_MANAGED_PKG|NVMContactWorld
18:25:29.29 (51700377)|ENTERING_MANAGED_PKG|NVMContactWorld
18:25:29.29 (51778402)|ENTERING_MANAGED_PKG|NVMContactWorld
18:25:29.29 (665607103)|ENTERING_MANAGED_PKG|NVMContactWorld
18:25:29.29 (665794689)|ENTERING_MANAGED_PKG|NVMContactWorld
18:25:29.29 (666032703)|ENTERING_MANAGED_PKG|NVMContactWorld
18:25:29.29 (667799273)|ENTERING_MANAGED_PKG|NVMContactWorld
18:25:29.29 (669920643)|ENTERING_MANAGED_PKG|NVMContactWorld
18:25:29.29 (670001708)|ENTERING_MANAGED_PKG|NVMContactWorld
18:25:29.29 (670092829)|ENTERING_MANAGED_PKG|NVMContactWorld
18:25:29.29 (670176167)|ENTERING_MANAGED_PKG|NVMContactWorld
18:25:29.29 (670267467)|ENTERING_MANAGED_PKG|NVMContactWorld
18:25:29.29 (670326449)|ENTERING_MANAGED_PKG|NVMContactWorld
18:25:29.29 (670435706)|ENTERING_MANAGED_PKG|NVMContactWorld
18:25:29.29 (670557837)|ENTERING_MANAGED_PKG|NVMContactWorld
18:25:29.29 (670612366)|ENTERING_MANAGED_PKG|NVMContactWorld
18:25:29.29 (670702913)|ENTERING_MANAGED_PKG|NVMContactWorld
18:25:29.29 (670751362)|ENTERING_MANAGED_PKG|NVMContactWorld
18:25:29.29 (670828607)|ENTERING_MANAGED_PKG|NVMContactWorld
18:25:29.29 (670857367)|ENTERING_MANAGED_PKG|NVMContactWorld
18:25:29.29 (670898727)|ENTERING_MANAGED_PKG|NVMContactWorld
18:25:29.29 (678367394)|ENTERING_MANAGED_PKG|NVMContactWorld
18:25:29.29 (678417412)|ENTERING_MANAGED_PKG|NVMContactWorld
18:25:29.29 (678465371)|ENTERING_MANAGED_PKG|NVMContactWorld
18:25:29.29 (678493532)|ENTERING_MANAGED_PKG|NVMContactWorld
18:25:29.29 (678516631)|ENTERING_MANAGED_PKG|NVMContactWorld
18:25:29.29 (678573014)|ENTERING_MANAGED_PKG|NVMContactWorld
18:25:29.29 (678949979)|ENTERING_MANAGED_PKG|NVMContactWorld
18:25:29.29 (678989817)|ENTERING_MANAGED_PKG|NVMContactWorld
18:25:29.29 (679012444)|ENTERING_MANAGED_PKG|NVMContactWorld
18:25:29.29 (679059505)|ENTERING_MANAGED_PKG|NVMContactWorld
18:25:29.688 (688166036)|CUMULATIVE_LIMIT_USAGE
18:25:29.688 (688166036)|LIMIT_USAGE_FOR_NS|(default)|
  Number of SOQL queries: 0 out of 100
  Number of query rows: 0 out of 50000
  Number of SOSL queries: 0 out of 20
  Number of DML statements: 0 out of 150
  Number of DML rows: 0 out of 10000
  Maximum CPU time: 42 out of 10000
  Maximum heap size: 0 out of 6000000
  Number of callouts: 0 out of 100
  Number of Email Invocations: 0 out of 10
  Number of future calls: 0 out of 50
  Number of queueable jobs added to the queue: 0 out of 50
  Number of Mobile Apex push calls: 0 out of 10

18:25:29.688 (688166036)|LIMIT_USAGE_FOR_NS|NVMContactWorld|
  Number of SOQL queries: 1 out of 100
  Number of query rows: 1 out of 50000
  Number of SOSL queries: 0 out of 20
  Number of DML statements: 0 out of 150
  Number of DML rows: 0 out of 10000
  Maximum CPU time: 0 out of 10000
  Maximum heap size: 0 out of 6000000
  Number of callouts: 1 out of 100
  Number of Email Invocations: 0 out of 10
  Number of future calls: 0 out of 50
  Number of queueable jobs added to the queue: 0 out of 50
  Number of Mobile Apex push calls: 0 out of 10

18:25:29.688 (688166036)|CUMULATIVE_LIMIT_USAGE_END

