37.0 APEX_CODE,FINEST;APEX_PROFILING,INFO;CALLOUT,INFO;DB,INFO;NBA,INFO;SYSTEM,DEBUG;VALIDATION,INFO;VISUALFORCE,INFO;WAVE,INFO;WORKFLOW,INFO
16:59:44.15 (15710746)|ENTERING_MANAGED_PKG|Centify
16:59:44.15 (18718800)|ENTERING_MANAGED_PKG|Centify
16:59:44.15 (22408816)|ENTERING_MANAGED_PKG|Centify
16:59:44.15 (22534168)|ENTERING_MANAGED_PKG|Centify
16:59:44.15 (22580390)|ENTERING_MANAGED_PKG|Centify
16:59:44.15 (22652628)|ENTERING_MANAGED_PKG|Centify
16:59:44.15 (22683084)|ENTERING_MANAGED_PKG|Centify
16:59:44.15 (22743283)|ENTERING_MANAGED_PKG|Centify
16:59:44.15 (22769027)|ENTERING_MANAGED_PKG|Centify
16:59:44.15 (22845053)|ENTERING_MANAGED_PKG|Centify
16:59:44.15 (22908069)|ENTERING_MANAGED_PKG|Centify
16:59:44.15 (27257384)|SOQL_EXECUTE_BEGIN|[19]|Aggregations:0|SELECT Id, OrganizationType FROM Organization LIMIT 1
16:59:44.15 (30607803)|SOQL_EXECUTE_END|[19]|Rows:1
16:59:44.15 (32623248)|ENTERING_MANAGED_PKG|Centify
16:59:44.15 (32704496)|ENTERING_MANAGED_PKG|Centify
16:59:44.15 (32853507)|ENTERING_MANAGED_PKG|Centify
16:59:44.15 (32914796)|ENTERING_MANAGED_PKG|Centify
16:59:44.15 (33331207)|ENTERING_MANAGED_PKG|Centify
16:59:44.15 (33374721)|ENTERING_MANAGED_PKG|Centify
16:59:44.15 (33469911)|ENTERING_MANAGED_PKG|Centify
16:59:44.15 (33535707)|ENTERING_MANAGED_PKG|Centify
16:59:44.15 (36124642)|SOQL_EXECUTE_BEGIN|[95]|Aggregations:0|SELECT MAX(Last_Sync_Time__c) maxDT FROM Salesforce_Sync_Settings__c
16:59:44.15 (39337532)|SOQL_EXECUTE_END|[95]|Rows:1
16:59:44.15 (39735493)|ENTERING_MANAGED_PKG|Centify
16:59:44.15 (39808279)|ENTERING_MANAGED_PKG|Centify
16:59:44.15 (45561605)|ENTERING_MANAGED_PKG|Centify
16:59:44.15 (45659399)|ENTERING_MANAGED_PKG|Centify
16:59:44.15 (48364325)|SOQL_EXECUTE_BEGIN|[84]|Aggregations:0|SELECT COUNT() FROM Notification__c WHERE ((Number_Of_Attempts__c = NULL OR Number_Of_Attempts__c < :tmpVar1) AND (CreatedDate = TODAY OR LastModifiedDate = TODAY)) LIMIT 25000
16:59:44.15 (65497119)|SOQL_EXECUTE_END|[84]|Rows:0
16:59:44.15 (65672284)|ENTERING_MANAGED_PKG|Centify
16:59:44.15 (65787819)|ENTERING_MANAGED_PKG|Centify
16:59:44.15 (65875056)|ENTERING_MANAGED_PKG|Centify
16:59:44.15 (65944854)|ENTERING_MANAGED_PKG|Centify
16:59:44.15 (66000069)|ENTERING_MANAGED_PKG|Centify
16:59:44.15 (70383614)|SOQL_EXECUTE_BEGIN|[366]|Aggregations:0|SELECT Id, Label, MasterLabel, DeveloperName, Endpoint__c, TimeOut__c FROM Endpoint_Setting__mdt LIMIT 50
16:59:44.15 (79001323)|SOQL_EXECUTE_END|[366]|Rows:24
16:59:44.15 (81695507)|ENTERING_MANAGED_PKG|Centify
16:59:44.15 (81784072)|ENTERING_MANAGED_PKG|Centify
16:59:44.15 (84067525)|ENTERING_MANAGED_PKG|Centify
16:59:44.15 (84139487)|ENTERING_MANAGED_PKG|Centify
16:59:44.15 (88972834)|ENTERING_MANAGED_PKG|Centify
16:59:44.15 (93299599)|ENTERING_MANAGED_PKG|Centify
16:59:44.15 (93395226)|ENTERING_MANAGED_PKG|Centify
16:59:44.15 (93471028)|ENTERING_MANAGED_PKG|Centify
16:59:44.15 (94615925)|ENTERING_MANAGED_PKG|Centify
16:59:44.15 (94739465)|ENTERING_MANAGED_PKG|Centify
16:59:44.15 (94845542)|ENTERING_MANAGED_PKG|Centify
16:59:44.15 (101922889)|ENTERING_MANAGED_PKG|Centify
16:59:44.15 (102057253)|ENTERING_MANAGED_PKG|Centify
16:59:44.15 (102171547)|ENTERING_MANAGED_PKG|Centify
16:59:44.15 (102273950)|ENTERING_MANAGED_PKG|Centify
16:59:44.15 (102430798)|ENTERING_MANAGED_PKG|Centify
16:59:44.15 (106367250)|ENTERING_MANAGED_PKG|Centify
16:59:44.15 (106574974)|ENTERING_MANAGED_PKG|Centify
16:59:44.15 (108135813)|ENTERING_MANAGED_PKG|Centify
16:59:44.15 (346319058)|ENTERING_MANAGED_PKG|Centify
16:59:44.362 (362000277)|CUMULATIVE_LIMIT_USAGE
16:59:44.362 (362000277)|LIMIT_USAGE_FOR_NS|(default)|
  Number of SOQL queries: 0 out of 200
  Number of query rows: 0 out of 50000
  Number of SOSL queries: 0 out of 20
  Number of DML statements: 0 out of 150
  Number of DML rows: 0 out of 10000
  Maximum CPU time: 0 out of 60000
  Maximum heap size: 0 out of 12000000
  Number of callouts: 0 out of 0
  Number of Email Invocations: 0 out of 10
  Number of future calls: 0 out of 0
  Number of queueable jobs added to the queue: 0 out of 1
  Number of Mobile Apex push calls: 0 out of 10

16:59:44.362 (362000277)|LIMIT_USAGE_FOR_NS|Centify|
  Number of SOQL queries: 0 out of 200
  Number of query rows: 0 out of 50000
  Number of SOSL queries: 0 out of 20
  Number of DML statements: 0 out of 150
  Number of DML rows: 0 out of 10000
  Maximum CPU time: 0 out of 60000
  Maximum heap size: 0 out of 12000000
  Number of callouts: 0 out of 0
  Number of Email Invocations: 0 out of 10
  Number of future calls: 0 out of 0
  Number of queueable jobs added to the queue: 0 out of 1
  Number of Mobile Apex push calls: 0 out of 10

16:59:44.362 (362000277)|CUMULATIVE_LIMIT_USAGE_END

