37.0 APEX_CODE,FINEST;APEX_PROFILING,INFO;CALLOUT,INFO;DB,INFO;NBA,INFO;SYSTEM,DEBUG;VALIDATION,INFO;VISUALFORCE,INFO;WAVE,INFO;WORKFLOW,INFO
18:50:17.13 (13284762)|ENTERING_MANAGED_PKG|Centify
18:50:17.13 (13999484)|ENTERING_MANAGED_PKG|Centify
18:50:17.13 (14031026)|ENTERING_MANAGED_PKG|Centify
18:50:17.13 (14380296)|ENTERING_MANAGED_PKG|Centify
18:50:17.13 (14473398)|ENTERING_MANAGED_PKG|Centify
18:50:17.13 (14520444)|ENTERING_MANAGED_PKG|Centify
18:50:17.29 (29257596)|CUMULATIVE_LIMIT_USAGE
18:50:17.29 (29257596)|LIMIT_USAGE_FOR_NS|(default)|
  Number of SOQL queries: 0 out of 200
  Number of query rows: 0 out of 50000
  Number of SOSL queries: 0 out of 20
  Number of DML statements: 0 out of 150
  Number of DML rows: 0 out of 10000
  Maximum CPU time: 0 out of 60000
  Maximum heap size: 0 out of 12000000
  Number of callouts: 0 out of 0
  Number of Email Invocations: 0 out of 10
  Number of future calls: 0 out of 0
  Number of queueable jobs added to the queue: 0 out of 1
  Number of Mobile Apex push calls: 0 out of 10

18:50:17.29 (29257596)|LIMIT_USAGE_FOR_NS|Centify|
  Number of SOQL queries: 0 out of 200
  Number of query rows: 0 out of 50000
  Number of SOSL queries: 0 out of 20
  Number of DML statements: 0 out of 150
  Number of DML rows: 0 out of 10000
  Maximum CPU time: 0 out of 60000
  Maximum heap size: 0 out of 12000000
  Number of callouts: 0 out of 0
  Number of Email Invocations: 0 out of 10
  Number of future calls: 0 out of 0
  Number of queueable jobs added to the queue: 0 out of 1
  Number of Mobile Apex push calls: 0 out of 10

18:50:17.29 (29257596)|CUMULATIVE_LIMIT_USAGE_END

