37.0 APEX_CODE,FINEST;APEX_PROFILING,INFO;CALLOUT,INFO;DB,INFO;NBA,INFO;SYSTEM,DEBUG;VALIDATION,INFO;VISUALFORCE,INFO;WAVE,INFO;WORKFLOW,INFO
18:23:18.15 (15543419)|ENTERING_MANAGED_PKG|Centify
18:23:18.15 (18910195)|ENTERING_MANAGED_PKG|Centify
18:23:18.15 (21984815)|ENTERING_MANAGED_PKG|Centify
18:23:18.15 (22086859)|ENTERING_MANAGED_PKG|Centify
18:23:18.15 (22131524)|ENTERING_MANAGED_PKG|Centify
18:23:18.15 (22193355)|ENTERING_MANAGED_PKG|Centify
18:23:18.15 (22214443)|ENTERING_MANAGED_PKG|Centify
18:23:18.15 (22261543)|ENTERING_MANAGED_PKG|Centify
18:23:18.15 (22281886)|ENTERING_MANAGED_PKG|Centify
18:23:18.15 (22346428)|ENTERING_MANAGED_PKG|Centify
18:23:18.15 (22407348)|ENTERING_MANAGED_PKG|Centify
18:23:18.15 (26818831)|SOQL_EXECUTE_BEGIN|[19]|Aggregations:0|SELECT Id, OrganizationType FROM Organization LIMIT 1
18:23:18.15 (29692993)|SOQL_EXECUTE_END|[19]|Rows:1
18:23:18.15 (32065207)|ENTERING_MANAGED_PKG|Centify
18:23:18.15 (32138953)|ENTERING_MANAGED_PKG|Centify
18:23:18.15 (32298583)|ENTERING_MANAGED_PKG|Centify
18:23:18.15 (32370787)|ENTERING_MANAGED_PKG|Centify
18:23:18.15 (32740396)|ENTERING_MANAGED_PKG|Centify
18:23:18.15 (32775899)|ENTERING_MANAGED_PKG|Centify
18:23:18.15 (32855762)|ENTERING_MANAGED_PKG|Centify
18:23:18.15 (32916834)|ENTERING_MANAGED_PKG|Centify
18:23:18.15 (34423654)|SOQL_EXECUTE_BEGIN|[95]|Aggregations:0|SELECT MAX(Last_Sync_Time__c) maxDT FROM Salesforce_Sync_Settings__c
18:23:18.15 (36719060)|SOQL_EXECUTE_END|[95]|Rows:1
18:23:18.15 (37029246)|ENTERING_MANAGED_PKG|Centify
18:23:18.15 (37084314)|ENTERING_MANAGED_PKG|Centify
18:23:18.15 (40826974)|ENTERING_MANAGED_PKG|Centify
18:23:18.15 (40908594)|ENTERING_MANAGED_PKG|Centify
18:23:18.15 (42565980)|SOQL_EXECUTE_BEGIN|[84]|Aggregations:0|SELECT COUNT() FROM Notification__c WHERE ((Number_Of_Attempts__c = NULL OR Number_Of_Attempts__c < :tmpVar1) AND (CreatedDate = TODAY OR LastModifiedDate = TODAY)) LIMIT 25000
18:23:18.15 (53890895)|SOQL_EXECUTE_END|[84]|Rows:0
18:23:18.15 (53972870)|ENTERING_MANAGED_PKG|Centify
18:23:18.15 (54028835)|ENTERING_MANAGED_PKG|Centify
18:23:18.15 (54089336)|ENTERING_MANAGED_PKG|Centify
18:23:18.15 (54135234)|ENTERING_MANAGED_PKG|Centify
18:23:18.15 (54197874)|ENTERING_MANAGED_PKG|Centify
18:23:18.15 (57319158)|SOQL_EXECUTE_BEGIN|[363]|Aggregations:0|SELECT Id, Label, MasterLabel, DeveloperName, Endpoint__c, TimeOut__c FROM Endpoint_Setting__mdt LIMIT 50
18:23:18.15 (62264912)|SOQL_EXECUTE_END|[363]|Rows:23
18:23:18.15 (63592219)|ENTERING_MANAGED_PKG|Centify
18:23:18.15 (63648699)|ENTERING_MANAGED_PKG|Centify
18:23:18.15 (65144196)|ENTERING_MANAGED_PKG|Centify
18:23:18.15 (65180544)|ENTERING_MANAGED_PKG|Centify
18:23:18.15 (66107406)|ENTERING_MANAGED_PKG|Centify
18:23:18.15 (68896110)|ENTERING_MANAGED_PKG|Centify
18:23:18.15 (68954282)|ENTERING_MANAGED_PKG|Centify
18:23:18.15 (68994705)|ENTERING_MANAGED_PKG|Centify
18:23:18.15 (69673014)|ENTERING_MANAGED_PKG|Centify
18:23:18.15 (69761238)|ENTERING_MANAGED_PKG|Centify
18:23:18.15 (69817462)|ENTERING_MANAGED_PKG|Centify
18:23:18.15 (70052360)|ENTERING_MANAGED_PKG|Centify
18:23:18.15 (70093639)|ENTERING_MANAGED_PKG|Centify
18:23:18.15 (70136024)|ENTERING_MANAGED_PKG|Centify
18:23:18.15 (70175407)|ENTERING_MANAGED_PKG|Centify
18:23:18.15 (70234425)|ENTERING_MANAGED_PKG|Centify
18:23:18.15 (72716080)|ENTERING_MANAGED_PKG|Centify
18:23:18.15 (72806960)|ENTERING_MANAGED_PKG|Centify
18:23:18.15 (73483653)|ENTERING_MANAGED_PKG|Centify
18:23:18.15 (451551216)|ENTERING_MANAGED_PKG|Centify
18:23:18.465 (465389504)|CUMULATIVE_LIMIT_USAGE
18:23:18.465 (465389504)|LIMIT_USAGE_FOR_NS|(default)|
  Number of SOQL queries: 0 out of 200
  Number of query rows: 0 out of 50000
  Number of SOSL queries: 0 out of 20
  Number of DML statements: 0 out of 150
  Number of DML rows: 0 out of 10000
  Maximum CPU time: 0 out of 60000
  Maximum heap size: 0 out of 12000000
  Number of callouts: 0 out of 0
  Number of Email Invocations: 0 out of 10
  Number of future calls: 0 out of 0
  Number of queueable jobs added to the queue: 0 out of 1
  Number of Mobile Apex push calls: 0 out of 10

18:23:18.465 (465389504)|LIMIT_USAGE_FOR_NS|Centify|
  Number of SOQL queries: 0 out of 200
  Number of query rows: 0 out of 50000
  Number of SOSL queries: 0 out of 20
  Number of DML statements: 0 out of 150
  Number of DML rows: 0 out of 10000
  Maximum CPU time: 0 out of 60000
  Maximum heap size: 0 out of 12000000
  Number of callouts: 0 out of 0
  Number of Email Invocations: 0 out of 10
  Number of future calls: 0 out of 0
  Number of queueable jobs added to the queue: 0 out of 1
  Number of Mobile Apex push calls: 0 out of 10

18:23:18.465 (465389504)|CUMULATIVE_LIMIT_USAGE_END

