37.0 APEX_CODE,FINEST;APEX_PROFILING,INFO;CALLOUT,INFO;DB,INFO;NBA,INFO;SYSTEM,DEBUG;VALIDATION,INFO;VISUALFORCE,INFO;WAVE,INFO;WORKFLOW,INFO
11:50:08.14 (14177504)|ENTERING_MANAGED_PKG|Centify
11:50:08.14 (15213972)|ENTERING_MANAGED_PKG|Centify
11:50:08.14 (15247058)|ENTERING_MANAGED_PKG|Centify
11:50:08.14 (15387759)|ENTERING_MANAGED_PKG|Centify
11:50:08.14 (15438731)|ENTERING_MANAGED_PKG|Centify
11:50:08.14 (16038710)|ENTERING_MANAGED_PKG|Centify
11:50:08.14 (16317959)|ENTERING_MANAGED_PKG|Centify
11:50:08.14 (16366924)|ENTERING_MANAGED_PKG|Centify
11:50:08.14 (16438683)|ENTERING_MANAGED_PKG|Centify
11:50:08.14 (16477116)|ENTERING_MANAGED_PKG|Centify
11:50:08.14 (16507185)|ENTERING_MANAGED_PKG|Centify
11:50:08.14 (16525087)|ENTERING_MANAGED_PKG|Centify
11:50:08.14 (16539757)|ENTERING_MANAGED_PKG|Centify
11:50:08.14 (16701038)|ENTERING_MANAGED_PKG|Centify
11:50:08.14 (55045676)|ENTERING_MANAGED_PKG|Centify
11:50:08.14 (55163533)|ENTERING_MANAGED_PKG|Centify
11:50:08.14 (55347077)|ENTERING_MANAGED_PKG|Centify
11:50:08.14 (55402931)|ENTERING_MANAGED_PKG|Centify
11:50:08.14 (228618301)|ENTERING_MANAGED_PKG|Centify
11:50:08.14 (279355701)|ENTERING_MANAGED_PKG|Centify
11:50:08.14 (294007248)|ENTERING_MANAGED_PKG|Centify
11:50:08.14 (294064160)|ENTERING_MANAGED_PKG|Centify
11:50:08.14 (294141892)|ENTERING_MANAGED_PKG|Centify
11:50:08.14 (294175614)|ENTERING_MANAGED_PKG|Centify
11:50:08.14 (294242372)|ENTERING_MANAGED_PKG|Centify
11:50:08.14 (323025152)|ENTERING_MANAGED_PKG|Centify
11:50:08.14 (339213845)|ENTERING_MANAGED_PKG|Centify
11:50:08.14 (339271144)|ENTERING_MANAGED_PKG|Centify
11:50:08.14 (339353535)|ENTERING_MANAGED_PKG|Centify
11:50:08.14 (339385374)|ENTERING_MANAGED_PKG|Centify
11:50:08.14 (339445565)|ENTERING_MANAGED_PKG|Centify
11:50:08.14 (368247830)|ENTERING_MANAGED_PKG|Centify
11:50:08.14 (384031101)|ENTERING_MANAGED_PKG|Centify
11:50:08.14 (384084201)|ENTERING_MANAGED_PKG|Centify
11:50:08.14 (384183886)|ENTERING_MANAGED_PKG|Centify
11:50:08.14 (384230933)|ENTERING_MANAGED_PKG|Centify
11:50:08.14 (384311236)|ENTERING_MANAGED_PKG|Centify
11:50:08.14 (412692633)|ENTERING_MANAGED_PKG|Centify
11:50:08.14 (427760994)|ENTERING_MANAGED_PKG|Centify
11:50:08.14 (427813133)|ENTERING_MANAGED_PKG|Centify
11:50:08.14 (427886563)|ENTERING_MANAGED_PKG|Centify
11:50:08.14 (427917492)|ENTERING_MANAGED_PKG|Centify
11:50:08.14 (427977367)|ENTERING_MANAGED_PKG|Centify
11:50:08.14 (456563471)|ENTERING_MANAGED_PKG|Centify
11:50:08.14 (471537202)|ENTERING_MANAGED_PKG|Centify
11:50:08.14 (471587030)|ENTERING_MANAGED_PKG|Centify
11:50:08.14 (471661940)|ENTERING_MANAGED_PKG|Centify
11:50:08.14 (471692524)|ENTERING_MANAGED_PKG|Centify
11:50:08.14 (471751394)|ENTERING_MANAGED_PKG|Centify
11:50:08.14 (500135533)|ENTERING_MANAGED_PKG|Centify
11:50:08.14 (514906032)|ENTERING_MANAGED_PKG|Centify
11:50:08.14 (514958055)|ENTERING_MANAGED_PKG|Centify
11:50:08.14 (515033678)|ENTERING_MANAGED_PKG|Centify
11:50:08.14 (515064974)|ENTERING_MANAGED_PKG|Centify
11:50:08.14 (515124711)|ENTERING_MANAGED_PKG|Centify
11:50:08.14 (544009542)|ENTERING_MANAGED_PKG|Centify
11:50:08.14 (558938440)|ENTERING_MANAGED_PKG|Centify
11:50:08.14 (558986883)|ENTERING_MANAGED_PKG|Centify
11:50:08.14 (559057754)|ENTERING_MANAGED_PKG|Centify
11:50:08.14 (559090006)|ENTERING_MANAGED_PKG|Centify
11:50:08.14 (559149252)|ENTERING_MANAGED_PKG|Centify
11:50:08.14 (586368547)|ENTERING_MANAGED_PKG|Centify
11:50:08.14 (601077734)|ENTERING_MANAGED_PKG|Centify
11:50:08.14 (601127174)|ENTERING_MANAGED_PKG|Centify
11:50:08.14 (601199274)|ENTERING_MANAGED_PKG|Centify
11:50:08.14 (601230445)|ENTERING_MANAGED_PKG|Centify
11:50:08.14 (601307658)|ENTERING_MANAGED_PKG|Centify
11:50:08.14 (628712419)|ENTERING_MANAGED_PKG|Centify
11:50:08.14 (643637531)|ENTERING_MANAGED_PKG|Centify
11:50:08.14 (643691434)|ENTERING_MANAGED_PKG|Centify
11:50:08.14 (643784189)|ENTERING_MANAGED_PKG|Centify
11:50:08.14 (643818583)|ENTERING_MANAGED_PKG|Centify
11:50:08.14 (643887545)|ENTERING_MANAGED_PKG|Centify
11:50:08.14 (679560453)|ENTERING_MANAGED_PKG|Centify
11:50:08.14 (696739306)|ENTERING_MANAGED_PKG|Centify
11:50:08.14 (697049554)|ENTERING_MANAGED_PKG|Centify
11:50:08.14 (710571204)|ENTERING_MANAGED_PKG|Centify
11:50:08.14 (710643163)|ENTERING_MANAGED_PKG|Centify
11:50:08.14 (711307823)|ENTERING_MANAGED_PKG|Centify
11:50:08.14 (711363435)|ENTERING_MANAGED_PKG|Centify
11:50:08.14 (711400933)|ENTERING_MANAGED_PKG|Centify
11:50:08.14 (711466454)|ENTERING_MANAGED_PKG|Centify
11:50:08.14 (714972683)|SOQL_EXECUTE_BEGIN|[19]|Aggregations:0|SELECT Id, OrganizationType FROM Organization LIMIT 1
11:50:08.14 (718334406)|SOQL_EXECUTE_END|[19]|Rows:1
11:50:08.14 (734926691)|ENTERING_MANAGED_PKG|Centify
11:50:08.14 (734984234)|ENTERING_MANAGED_PKG|Centify
11:50:08.14 (735127362)|ENTERING_MANAGED_PKG|Centify
11:50:08.14 (735165388)|ENTERING_MANAGED_PKG|Centify
11:50:08.14 (735194975)|ENTERING_MANAGED_PKG|Centify
11:50:08.14 (735427001)|ENTERING_MANAGED_PKG|Centify
11:50:08.14 (735496866)|ENTERING_MANAGED_PKG|Centify
11:50:08.14 (748832328)|ENTERING_MANAGED_PKG|Centify
11:50:08.14 (748956296)|ENTERING_MANAGED_PKG|Centify
11:50:08.14 (749549129)|ENTERING_MANAGED_PKG|Centify
11:50:08.14 (750263673)|SOQL_EXECUTE_BEGIN|[16]|Aggregations:0|select id,lastmodifieddate,isdeleted,name,createddate,ownerid,status,isconverted,converteddate,company from Lead where LastModifiedDate >2018-10-23T01:49:03Z AND LastModifiedDate < 2018-10-23T01:50:14Z  ORDER BY SystemModStamp DESC LIMIT 5000  ALL ROWS
11:50:08.14 (756287171)|SOQL_EXECUTE_END|[16]|Rows:0
11:50:08.777 (777980956)|CUMULATIVE_LIMIT_USAGE
11:50:08.777 (777980956)|LIMIT_USAGE_FOR_NS|(default)|
  Number of SOQL queries: 0 out of 200
  Number of query rows: 0 out of 50000
  Number of SOSL queries: 0 out of 20
  Number of DML statements: 0 out of 150
  Number of DML rows: 0 out of 10000
  Maximum CPU time: 0 out of 60000
  Maximum heap size: 0 out of 12000000
  Number of callouts: 0 out of 0
  Number of Email Invocations: 0 out of 10
  Number of future calls: 0 out of 0
  Number of queueable jobs added to the queue: 0 out of 1
  Number of Mobile Apex push calls: 0 out of 10

11:50:08.777 (777980956)|LIMIT_USAGE_FOR_NS|Centify|
  Number of SOQL queries: 0 out of 200
  Number of query rows: 0 out of 50000
  Number of SOSL queries: 0 out of 20
  Number of DML statements: 0 out of 150
  Number of DML rows: 0 out of 10000
  Maximum CPU time: 0 out of 60000
  Maximum heap size: 0 out of 12000000
  Number of callouts: 0 out of 0
  Number of Email Invocations: 0 out of 10
  Number of future calls: 0 out of 0
  Number of queueable jobs added to the queue: 0 out of 1
  Number of Mobile Apex push calls: 0 out of 10

11:50:08.777 (777980956)|CUMULATIVE_LIMIT_USAGE_END

