37.0 APEX_CODE,FINEST;APEX_PROFILING,INFO;CALLOUT,INFO;DB,INFO;NBA,INFO;SYSTEM,DEBUG;VALIDATION,INFO;VISUALFORCE,INFO;WAVE,INFO;WORKFLOW,INFO
16:51:12.28 (28465153)|ENTERING_MANAGED_PKG|Centify
16:51:12.28 (30563585)|ENTERING_MANAGED_PKG|Centify
16:51:12.28 (30617169)|ENTERING_MANAGED_PKG|Centify
16:51:12.28 (31347879)|ENTERING_MANAGED_PKG|Centify
16:51:12.28 (31415500)|ENTERING_MANAGED_PKG|Centify
16:51:12.28 (32199172)|ENTERING_MANAGED_PKG|Centify
16:51:12.28 (32491449)|ENTERING_MANAGED_PKG|Centify
16:51:12.28 (32517944)|ENTERING_MANAGED_PKG|Centify
16:51:12.28 (32594390)|ENTERING_MANAGED_PKG|Centify
16:51:12.28 (32632290)|ENTERING_MANAGED_PKG|Centify
16:51:12.28 (32663601)|ENTERING_MANAGED_PKG|Centify
16:51:12.28 (32682212)|ENTERING_MANAGED_PKG|Centify
16:51:12.28 (32698166)|ENTERING_MANAGED_PKG|Centify
16:51:12.28 (32905652)|ENTERING_MANAGED_PKG|Centify
16:51:12.28 (73620745)|ENTERING_MANAGED_PKG|Centify
16:51:12.28 (73702287)|ENTERING_MANAGED_PKG|Centify
16:51:12.28 (73816001)|ENTERING_MANAGED_PKG|Centify
16:51:12.28 (73856273)|ENTERING_MANAGED_PKG|Centify
16:51:12.28 (486509316)|ENTERING_MANAGED_PKG|Centify
16:51:12.28 (552645245)|ENTERING_MANAGED_PKG|Centify
16:51:12.28 (568694836)|ENTERING_MANAGED_PKG|Centify
16:51:12.28 (568766150)|ENTERING_MANAGED_PKG|Centify
16:51:12.28 (568882070)|ENTERING_MANAGED_PKG|Centify
16:51:12.28 (568933563)|ENTERING_MANAGED_PKG|Centify
16:51:12.28 (569040712)|ENTERING_MANAGED_PKG|Centify
16:51:12.28 (602123932)|ENTERING_MANAGED_PKG|Centify
16:51:12.28 (617956714)|ENTERING_MANAGED_PKG|Centify
16:51:12.28 (618014688)|ENTERING_MANAGED_PKG|Centify
16:51:12.28 (618093048)|ENTERING_MANAGED_PKG|Centify
16:51:12.28 (618124033)|ENTERING_MANAGED_PKG|Centify
16:51:12.28 (618186590)|ENTERING_MANAGED_PKG|Centify
16:51:12.28 (650335921)|ENTERING_MANAGED_PKG|Centify
16:51:12.28 (669259727)|ENTERING_MANAGED_PKG|Centify
16:51:12.28 (669312432)|ENTERING_MANAGED_PKG|Centify
16:51:12.28 (669387839)|ENTERING_MANAGED_PKG|Centify
16:51:12.28 (669419065)|ENTERING_MANAGED_PKG|Centify
16:51:12.28 (669478253)|ENTERING_MANAGED_PKG|Centify
16:51:12.28 (706832233)|ENTERING_MANAGED_PKG|Centify
16:51:12.28 (721974885)|ENTERING_MANAGED_PKG|Centify
16:51:12.28 (722027595)|ENTERING_MANAGED_PKG|Centify
16:51:12.28 (722099310)|ENTERING_MANAGED_PKG|Centify
16:51:12.28 (722130287)|ENTERING_MANAGED_PKG|Centify
16:51:12.28 (722188090)|ENTERING_MANAGED_PKG|Centify
16:51:12.28 (759243504)|ENTERING_MANAGED_PKG|Centify
16:51:12.28 (774491927)|ENTERING_MANAGED_PKG|Centify
16:51:12.28 (774542834)|ENTERING_MANAGED_PKG|Centify
16:51:12.28 (774614679)|ENTERING_MANAGED_PKG|Centify
16:51:12.28 (774652006)|ENTERING_MANAGED_PKG|Centify
16:51:12.28 (774716345)|ENTERING_MANAGED_PKG|Centify
16:51:12.28 (809731020)|ENTERING_MANAGED_PKG|Centify
16:51:12.28 (825713322)|ENTERING_MANAGED_PKG|Centify
16:51:12.28 (825770621)|ENTERING_MANAGED_PKG|Centify
16:51:12.28 (825845028)|ENTERING_MANAGED_PKG|Centify
16:51:12.28 (825876501)|ENTERING_MANAGED_PKG|Centify
16:51:12.28 (825936991)|ENTERING_MANAGED_PKG|Centify
16:51:12.28 (860021937)|ENTERING_MANAGED_PKG|Centify
16:51:12.28 (886133096)|ENTERING_MANAGED_PKG|Centify
16:51:12.28 (886195208)|ENTERING_MANAGED_PKG|Centify
16:51:12.28 (886289330)|ENTERING_MANAGED_PKG|Centify
16:51:12.28 (886329623)|ENTERING_MANAGED_PKG|Centify
16:51:12.28 (886406640)|ENTERING_MANAGED_PKG|Centify
16:51:12.28 (919847583)|ENTERING_MANAGED_PKG|Centify
16:51:12.28 (935682396)|ENTERING_MANAGED_PKG|Centify
16:51:12.28 (935737868)|ENTERING_MANAGED_PKG|Centify
16:51:12.28 (935809163)|ENTERING_MANAGED_PKG|Centify
16:51:12.28 (935840061)|ENTERING_MANAGED_PKG|Centify
16:51:12.28 (935898813)|ENTERING_MANAGED_PKG|Centify
16:51:12.28 (970465369)|ENTERING_MANAGED_PKG|Centify
16:51:12.28 (985547783)|ENTERING_MANAGED_PKG|Centify
16:51:12.28 (985598322)|ENTERING_MANAGED_PKG|Centify
16:51:12.28 (985675466)|ENTERING_MANAGED_PKG|Centify
16:51:12.28 (985705660)|ENTERING_MANAGED_PKG|Centify
16:51:12.28 (985768805)|ENTERING_MANAGED_PKG|Centify
16:51:12.28 (1017817579)|ENTERING_MANAGED_PKG|Centify
16:51:13.32 (1032988006)|ENTERING_MANAGED_PKG|Centify
16:51:13.32 (1033041618)|ENTERING_MANAGED_PKG|Centify
16:51:13.32 (1033113156)|ENTERING_MANAGED_PKG|Centify
16:51:13.32 (1033143856)|ENTERING_MANAGED_PKG|Centify
16:51:13.32 (1033203621)|ENTERING_MANAGED_PKG|Centify
16:51:13.32 (1062718513)|ENTERING_MANAGED_PKG|Centify
16:51:13.32 (1077132375)|ENTERING_MANAGED_PKG|Centify
16:51:13.32 (1077184439)|ENTERING_MANAGED_PKG|Centify
16:51:13.32 (1077256606)|ENTERING_MANAGED_PKG|Centify
16:51:13.32 (1077287227)|ENTERING_MANAGED_PKG|Centify
16:51:13.32 (1077345335)|ENTERING_MANAGED_PKG|Centify
16:51:13.32 (1109523850)|ENTERING_MANAGED_PKG|Centify
16:51:13.32 (1109585022)|ENTERING_MANAGED_PKG|Centify
16:51:13.32 (1109690167)|ENTERING_MANAGED_PKG|Centify
16:51:13.32 (1109718226)|ENTERING_MANAGED_PKG|Centify
16:51:13.32 (1109849877)|ENTERING_MANAGED_PKG|Centify
16:51:13.32 (1109884910)|ENTERING_MANAGED_PKG|Centify
16:51:13.32 (1109914333)|ENTERING_MANAGED_PKG|Centify
16:51:13.32 (1110990868)|ENTERING_MANAGED_PKG|Centify
16:51:13.32 (1111074371)|ENTERING_MANAGED_PKG|Centify
16:51:13.32 (1123557052)|ENTERING_MANAGED_PKG|Centify
16:51:13.32 (1123631443)|ENTERING_MANAGED_PKG|Centify
16:51:13.32 (1123729745)|ENTERING_MANAGED_PKG|Centify
16:51:13.32 (1124327391)|ENTERING_MANAGED_PKG|Centify
16:51:13.32 (1125155712)|SOQL_EXECUTE_BEGIN|[16]|Aggregations:0|select id,lastmodifieddate,isdeleted,salesperson__c,has_gtm_code_been_sent_to_client__c,are_all_possible_extensions_setup__c,status__c,product_type__c,ownerid,createddate,name,management_price__c from Sign_Up__c where LastModifiedDate >2018-11-21T06:46:59Z AND LastModifiedDate < 2018-11-21T06:51:18Z AND (  Management_Price__c > 0.00)  ORDER BY SystemModStamp DESC LIMIT 5000  ALL ROWS
16:51:13.32 (1129624452)|SOQL_EXECUTE_END|[16]|Rows:0
16:51:13.154 (1154240137)|CUMULATIVE_LIMIT_USAGE
16:51:13.154 (1154240137)|LIMIT_USAGE_FOR_NS|(default)|
  Number of SOQL queries: 0 out of 200
  Number of query rows: 0 out of 50000
  Number of SOSL queries: 0 out of 20
  Number of DML statements: 0 out of 150
  Number of DML rows: 0 out of 10000
  Maximum CPU time: 0 out of 60000
  Maximum heap size: 0 out of 12000000
  Number of callouts: 0 out of 0
  Number of Email Invocations: 0 out of 10
  Number of future calls: 0 out of 0
  Number of queueable jobs added to the queue: 0 out of 1
  Number of Mobile Apex push calls: 0 out of 10

16:51:13.154 (1154240137)|LIMIT_USAGE_FOR_NS|Centify|
  Number of SOQL queries: 0 out of 200
  Number of query rows: 0 out of 50000
  Number of SOSL queries: 0 out of 20
  Number of DML statements: 0 out of 150
  Number of DML rows: 0 out of 10000
  Maximum CPU time: 0 out of 60000
  Maximum heap size: 0 out of 12000000
  Number of callouts: 0 out of 0
  Number of Email Invocations: 0 out of 10
  Number of future calls: 0 out of 0
  Number of queueable jobs added to the queue: 0 out of 1
  Number of Mobile Apex push calls: 0 out of 10

16:51:13.154 (1154240137)|CUMULATIVE_LIMIT_USAGE_END

