19.0 APEX_CODE,FINEST;APEX_PROFILING,INFO;CALLOUT,INFO;DB,INFO;NBA,INFO;SYSTEM,DEBUG;VALIDATION,INFO;VISUALFORCE,INFO;WAVE,INFO;WORKFLOW,INFO
15:08:41.0 (147013)|USER_INFO|[EXTERNAL]|0056F00000Az5s6|nurmala.moyden@sponsoredlinx.com|Australian Eastern Standard Time|GMT+10:00
15:08:41.0 (205740)|EXECUTION_STARTED
15:08:41.0 (213134)|CODE_UNIT_STARTED|[EXTERNAL]|06690000000KZK7|VF: /apex/accountProductList
15:08:41.0 (13708515)|SYSTEM_MODE_ENTER|true
15:08:41.0 (14301096)|HEAP_ALLOCATE|[72]|Bytes:3
15:08:41.0 (14366042)|HEAP_ALLOCATE|[77]|Bytes:152
15:08:41.0 (14407390)|HEAP_ALLOCATE|[342]|Bytes:408
15:08:41.0 (14435043)|HEAP_ALLOCATE|[355]|Bytes:408
15:08:41.0 (14457749)|HEAP_ALLOCATE|[467]|Bytes:48
15:08:41.0 (14502771)|HEAP_ALLOCATE|[139]|Bytes:6
15:08:41.0 (14536651)|HEAP_ALLOCATE|[EXTERNAL]|Bytes:108
15:08:41.0 (14548195)|HEAP_ALLOCATE|[EXTERNAL]|Bytes:8
15:08:41.0 (14553968)|HEAP_ALLOCATE|[EXTERNAL]|Bytes:32
15:08:41.0 (14573436)|METHOD_ENTRY|[1]|01p90000000KqfN|accountProductList.accountProductList()
15:08:41.0 (14584769)|STATEMENT_EXECUTE|[1]
15:08:41.0 (14592390)|STATEMENT_EXECUTE|[1]
15:08:41.0 (14650057)|HEAP_ALLOCATE|[50]|Bytes:5
15:08:41.0 (14690422)|HEAP_ALLOCATE|[56]|Bytes:5
15:08:41.0 (14706575)|HEAP_ALLOCATE|[64]|Bytes:7
15:08:41.0 (14738538)|SYSTEM_MODE_ENTER|false
15:08:41.0 (14760809)|HEAP_ALLOCATE|[EXTERNAL]|Bytes:5
15:08:41.0 (14774816)|SYSTEM_MODE_EXIT|false
15:08:41.0 (14790737)|METHOD_EXIT|[1]|accountProductList
15:08:41.0 (14958622)|HEAP_ALLOCATE|[EXTERNAL]|Bytes:16
15:08:41.0 (14991931)|VARIABLE_SCOPE_BEGIN|[7]|this|accountProductList|true|false
15:08:41.0 (15073020)|VARIABLE_ASSIGNMENT|[7]|this|{}|0x7c5ece69
15:08:41.0 (15088304)|VARIABLE_SCOPE_BEGIN|[7]|controller|ApexPages.StandardController|true|false
15:08:41.0 (15462202)|VARIABLE_ASSIGNMENT|[7]|controller|"StandardController [null]"|0x2155ab09
15:08:41.0 (15495851)|SYSTEM_MODE_ENTER|false
15:08:41.0 (15513805)|HEAP_ALLOCATE|[3]|Bytes:5
15:08:41.0 (15524090)|STATEMENT_EXECUTE|[1]
15:08:41.0 (15531816)|HEAP_ALLOCATE|[3]|Bytes:5
15:08:41.0 (15538938)|STATEMENT_EXECUTE|[3]
15:08:41.0 (15574472)|HEAP_ALLOCATE|[3]|Bytes:4
15:08:41.0 (15762152)|HEAP_ALLOCATE|[EXTERNAL]|Bytes:4
15:08:41.0 (15787050)|VARIABLE_ASSIGNMENT|[3]|this.accountProductList|[]|0x7c5ece69
15:08:41.0 (15798573)|STATEMENT_EXECUTE|[4]
15:08:41.0 (15811227)|STATEMENT_EXECUTE|[5]
15:08:41.0 (15835510)|HEAP_ALLOCATE|[3]|Bytes:6
15:08:41.0 (15946930)|STATEMENT_EXECUTE|[7]
15:08:41.0 (15951448)|STATEMENT_EXECUTE|[8]
15:08:41.0 (24716917)|HEAP_ALLOCATE|[8]|Bytes:20
15:08:41.0 (24760211)|VARIABLE_SCOPE_BEGIN|[8]|cases|Cases__c|true|false
15:08:41.0 (24806010)|VARIABLE_ASSIGNMENT|[8]|cases|{"Account__c":"0016F00002Sk6pjQAB","CurrencyIsoCode":"AUD","Id":"a0K6F00000ioF0HUAU","Name":"103892"}|0x4d6d6f3e
15:08:41.0 (24820993)|STATEMENT_EXECUTE|[9]
15:08:41.0 (24824531)|STATEMENT_EXECUTE|[9]
15:08:41.0 (24827007)|STATEMENT_EXECUTE|[10]
15:08:41.0 (24847498)|HEAP_ALLOCATE|[10]|Bytes:265
15:08:41.0 (24872407)|HEAP_ALLOCATE|[10]|Bytes:4
15:08:41.0 (24888301)|HEAP_ALLOCATE|[10]|Bytes:7
15:08:41.0 (25782005)|SOQL_EXECUTE_BEGIN|[10]|Aggregations:0|SELECT Name, Description__c, Product_Number__c, Product_Price__c, Product_Status__c, Recurring_Frequency__c, Payment_Option__c, Recurring_Period__c, Start_Date__c, CreatedDate, activeat__c, pauseat__c, cancelat__c FROM Account_Product__c WHERE Account__c = :tmpVar1
15:08:41.0 (31955996)|SOQL_EXECUTE_END|[10]|Rows:3
15:08:41.0 (32004694)|HEAP_ALLOCATE|[10]|Bytes:16
15:08:41.0 (32048638)|HEAP_ALLOCATE|[10]|Bytes:999
15:08:41.0 (32097923)|HEAP_ALLOCATE|[10]|Bytes:16
15:08:41.0 (32280083)|VARIABLE_ASSIGNMENT|[10]|this.accountProductList|[{"Name":"Adwords Premium Setu (1 more) ...","Description__c":"sponsoredlinx.com.au (8 more) ...","Product_Number__c":"P376976","Product_Price__c":299.00,"Product_Status__c":"Active","Payment_Option__c":"Eway","CreatedDate":"2018-08-28T07:19:54.000Z","Id":"a076F00000qJz5SQAS","CurrencyIsoCode":"AUD"},{"Name":"Adwords Premium Week (13 more) ...","Description__c":"sponsoredlinx.com.au (8 more) ...","Product_Number__c":"P376977","Product_Price__c":109.00,"Product_Status__c":"Active","Payment_Option__c":"Eway","Recurring_Period__c":"Weekly","CreatedDate":"2018-08-28T07:19:55.000Z","activeat__c":"2018-09-05T00:00:00.000Z","pauseat__c":"2018-09-04T00:00:00.000Z","Id":"a076F00000qJz5TQAS","CurrencyIsoCode":"AUD"},{"Name":"ConvertoPages Monthl (12 more) ...","Description__c":"ConvertoPages Monthl (12 more) ...","Product_Number__c":"P378514","Product_Price__c":0.00,"Product_Status__c":"Active","Payment_Option__c":"Other","Recurring_Period__c":"Monthly","CreatedDate":"2018-09-04T03:38:40.000Z","Id":"a076F00000qKCJDQA4","CurrencyIsoCode":"AUD"}]|0x7c5ece69
15:08:41.0 (32394572)|STATEMENT_EXECUTE|[11]
15:08:41.0 (32399077)|STATEMENT_EXECUTE|[12]
15:08:41.0 (32528295)|VARIABLE_ASSIGNMENT|[EXTERNAL]|this|{"accountProductList":"0x46750f38"}|0x7c5ece69
15:08:41.0 (32553285)|VARIABLE_ASSIGNMENT|[EXTERNAL]|value|true
15:08:41.0 (32566324)|HEAP_ALLOCATE|[4]|Bytes:5
15:08:41.0 (32582041)|VARIABLE_ASSIGNMENT|[4]|this.renderList|true|0x7c5ece69
15:08:41.0 (32601154)|STATEMENT_EXECUTE|[13]
15:08:41.0 (32688397)|VARIABLE_ASSIGNMENT|[EXTERNAL]|this|{"accountProductList":"0x46750f38","renderList":true}|0x7c5ece69
15:08:41.0 (32711252)|VARIABLE_ASSIGNMENT|[EXTERNAL]|value|false
15:08:41.0 (32723573)|HEAP_ALLOCATE|[5]|Bytes:5
15:08:41.0 (32738382)|VARIABLE_ASSIGNMENT|[5]|this.renderMsg|false|0x7c5ece69
15:08:41.0 (32760602)|SYSTEM_MODE_EXIT|false
15:08:41.0 (32912494)|SYSTEM_MODE_ENTER|true
15:08:41.0 (33130045)|SYSTEM_MODE_ENTER|true
15:08:41.0 (33211349)|HEAP_ALLOCATE|[EXTERNAL]|Bytes:16
15:08:41.0 (33228484)|VARIABLE_SCOPE_BEGIN|[21]|this|accountProductList|true|false
15:08:41.0 (33270154)|VARIABLE_ASSIGNMENT|[21]|this|{"accountProductList":"0x46750f38","renderList":true,"renderMsg":false}|0x7c5ece69
15:08:41.0 (33296111)|SYSTEM_MODE_ENTER|false
15:08:41.0 (33306359)|HEAP_ALLOCATE|[22]|Bytes:5
15:08:41.0 (33314453)|STATEMENT_EXECUTE|[21]
15:08:41.0 (33317185)|STATEMENT_EXECUTE|[22]
15:08:41.0 (33335142)|SYSTEM_MODE_EXIT|false
15:08:41.0 (35195609)|SYSTEM_MODE_ENTER|true
15:08:41.0 (62038158)|VF_SERIALIZE_VIEWSTATE_BEGIN|06690000000KZK7
15:08:41.0 (65690725)|VF_SERIALIZE_VIEWSTATE_END
15:08:41.70 (70344368)|CUMULATIVE_LIMIT_USAGE
15:08:41.70 (70344368)|LIMIT_USAGE_FOR_NS|(default)|
  Number of SOQL queries: 1 out of 100
  Number of query rows: 3 out of 50000
  Number of SOSL queries: 0 out of 20
  Number of DML statements: 0 out of 150
  Number of DML rows: 0 out of 10000
  Maximum CPU time: 0 out of 10000
  Maximum heap size: 0 out of 6000000
  Number of callouts: 0 out of 100
  Number of Email Invocations: 0 out of 10
  Number of future calls: 0 out of 50
  Number of queueable jobs added to the queue: 0 out of 50
  Number of Mobile Apex push calls: 0 out of 10

15:08:41.70 (70344368)|CUMULATIVE_LIMIT_USAGE_END

15:08:41.0 (70404924)|CODE_UNIT_FINISHED|VF: /apex/accountProductList
15:08:41.0 (71359577)|EXECUTION_FINISHED
