37.0 APEX_CODE,FINEST;APEX_PROFILING,INFO;CALLOUT,INFO;DB,INFO;NBA,INFO;SYSTEM,DEBUG;VALIDATION,INFO;VISUALFORCE,INFO;WAVE,INFO;WORKFLOW,INFO
11:37:46.9 (9787221)|ENTERING_MANAGED_PKG|Centify
11:37:46.9 (14159739)|ENTERING_MANAGED_PKG|Centify
11:37:46.9 (14216378)|ENTERING_MANAGED_PKG|Centify
11:37:46.9 (16188349)|ENTERING_MANAGED_PKG|Centify
11:37:46.9 (16233055)|ENTERING_MANAGED_PKG|Centify
11:37:46.9 (16330864)|ENTERING_MANAGED_PKG|Centify
11:37:46.9 (16803674)|ENTERING_MANAGED_PKG|Centify
11:37:46.9 (25930197)|ENTERING_MANAGED_PKG|Centify
11:37:46.9 (26015073)|ENTERING_MANAGED_PKG|Centify
11:37:46.9 (26300809)|ENTERING_MANAGED_PKG|Centify
11:37:46.9 (26330525)|ENTERING_MANAGED_PKG|Centify
11:37:46.9 (26588000)|ENTERING_MANAGED_PKG|Centify
11:37:46.9 (28606421)|ENTERING_MANAGED_PKG|Centify
11:37:46.9 (28683248)|ENTERING_MANAGED_PKG|Centify
11:37:46.9 (28868818)|ENTERING_MANAGED_PKG|Centify
11:37:46.9 (29005754)|ENTERING_MANAGED_PKG|Centify
11:37:46.9 (29068952)|ENTERING_MANAGED_PKG|Centify
11:37:46.9 (29196320)|ENTERING_MANAGED_PKG|Centify
11:37:46.9 (29239061)|ENTERING_MANAGED_PKG|Centify
11:37:46.9 (29278918)|ENTERING_MANAGED_PKG|Centify
11:37:46.9 (29441023)|ENTERING_MANAGED_PKG|Centify
11:37:46.9 (29489874)|ENTERING_MANAGED_PKG|Centify
11:37:46.9 (29992863)|ENTERING_MANAGED_PKG|Centify
11:37:46.9 (30031861)|ENTERING_MANAGED_PKG|Centify
11:37:46.9 (30069543)|ENTERING_MANAGED_PKG|Centify
11:37:46.9 (30221154)|ENTERING_MANAGED_PKG|Centify
11:37:46.9 (30277074)|ENTERING_MANAGED_PKG|Centify
11:37:46.9 (31218937)|ENTERING_MANAGED_PKG|Centify
11:37:46.9 (31406355)|ENTERING_MANAGED_PKG|Centify
11:37:46.9 (31544473)|ENTERING_MANAGED_PKG|Centify
11:37:46.9 (31682533)|ENTERING_MANAGED_PKG|Centify
11:37:46.9 (31766107)|ENTERING_MANAGED_PKG|Centify
11:37:46.9 (31888475)|ENTERING_MANAGED_PKG|Centify
11:37:46.9 (31965224)|ENTERING_MANAGED_PKG|Centify
11:37:46.9 (32026373)|ENTERING_MANAGED_PKG|Centify
11:37:46.9 (32096556)|ENTERING_MANAGED_PKG|Centify
11:37:46.9 (32224687)|ENTERING_MANAGED_PKG|Centify
11:37:46.9 (32301922)|ENTERING_MANAGED_PKG|Centify
11:37:46.9 (32418830)|ENTERING_MANAGED_PKG|Centify
11:37:46.9 (32494606)|ENTERING_MANAGED_PKG|Centify
11:37:46.9 (32611473)|ENTERING_MANAGED_PKG|Centify
11:37:46.9 (32686963)|ENTERING_MANAGED_PKG|Centify
11:37:46.9 (32805224)|ENTERING_MANAGED_PKG|Centify
11:37:46.9 (32891508)|ENTERING_MANAGED_PKG|Centify
11:37:46.9 (33011437)|ENTERING_MANAGED_PKG|Centify
11:37:46.9 (33085855)|ENTERING_MANAGED_PKG|Centify
11:37:46.9 (33206912)|ENTERING_MANAGED_PKG|Centify
11:37:46.9 (33281255)|ENTERING_MANAGED_PKG|Centify
11:37:46.9 (34472388)|ENTERING_MANAGED_PKG|Centify
11:37:46.9 (34567514)|ENTERING_MANAGED_PKG|Centify
11:37:46.9 (34703262)|ENTERING_MANAGED_PKG|Centify
11:37:46.9 (34787044)|ENTERING_MANAGED_PKG|Centify
11:37:46.9 (34913996)|ENTERING_MANAGED_PKG|Centify
11:37:46.9 (35003772)|ENTERING_MANAGED_PKG|Centify
11:37:46.9 (35125563)|ENTERING_MANAGED_PKG|Centify
11:37:46.9 (35189398)|ENTERING_MANAGED_PKG|Centify
11:37:46.9 (36485603)|ENTERING_MANAGED_PKG|Centify
11:37:46.9 (37499450)|ENTERING_MANAGED_PKG|Centify
11:37:46.9 (37602987)|ENTERING_MANAGED_PKG|Centify
11:37:46.9 (37752821)|ENTERING_MANAGED_PKG|Centify
11:37:46.9 (37791415)|ENTERING_MANAGED_PKG|Centify
11:37:46.9 (37860524)|ENTERING_MANAGED_PKG|Centify
11:37:46.9 (37896597)|ENTERING_MANAGED_PKG|Centify
11:37:46.9 (37910581)|ENTERING_MANAGED_PKG|Centify
11:37:46.9 (37943953)|ENTERING_MANAGED_PKG|Centify
11:37:46.9 (37957316)|ENTERING_MANAGED_PKG|Centify
11:37:46.9 (37980853)|ENTERING_MANAGED_PKG|Centify
11:37:46.9 (38018985)|ENTERING_MANAGED_PKG|Centify
11:37:46.9 (38043332)|ENTERING_MANAGED_PKG|Centify
11:37:46.9 (38187589)|ENTERING_MANAGED_PKG|Centify
11:37:46.9 (38215587)|ENTERING_MANAGED_PKG|Centify
11:37:46.9 (38229571)|ENTERING_MANAGED_PKG|Centify
11:37:46.9 (38345471)|ENTERING_MANAGED_PKG|Centify
11:37:46.9 (38384801)|ENTERING_MANAGED_PKG|Centify
11:37:46.9 (38447176)|ENTERING_MANAGED_PKG|Centify
11:37:46.9 (38578115)|ENTERING_MANAGED_PKG|Centify
11:37:46.9 (38653363)|ENTERING_MANAGED_PKG|Centify
11:37:46.9 (38776478)|ENTERING_MANAGED_PKG|Centify
11:37:46.9 (38841717)|ENTERING_MANAGED_PKG|Centify
11:37:46.9 (38955306)|ENTERING_MANAGED_PKG|Centify
11:37:46.9 (39015638)|ENTERING_MANAGED_PKG|Centify
11:37:46.9 (39074864)|ENTERING_MANAGED_PKG|Centify
11:37:46.9 (39140627)|ENTERING_MANAGED_PKG|Centify
11:37:46.9 (39260439)|ENTERING_MANAGED_PKG|Centify
11:37:46.9 (39322775)|ENTERING_MANAGED_PKG|Centify
11:37:46.9 (39435829)|ENTERING_MANAGED_PKG|Centify
11:37:46.9 (39497273)|ENTERING_MANAGED_PKG|Centify
11:37:46.9 (39607250)|ENTERING_MANAGED_PKG|Centify
11:37:46.9 (39668293)|ENTERING_MANAGED_PKG|Centify
11:37:46.9 (39780747)|ENTERING_MANAGED_PKG|Centify
11:37:46.9 (39851717)|ENTERING_MANAGED_PKG|Centify
11:37:46.9 (39966817)|ENTERING_MANAGED_PKG|Centify
11:37:46.9 (40026905)|ENTERING_MANAGED_PKG|Centify
11:37:46.9 (40142049)|ENTERING_MANAGED_PKG|Centify
11:37:46.9 (40204297)|ENTERING_MANAGED_PKG|Centify
11:37:46.9 (40315614)|ENTERING_MANAGED_PKG|Centify
11:37:46.9 (40375459)|ENTERING_MANAGED_PKG|Centify
11:37:46.9 (40490337)|ENTERING_MANAGED_PKG|Centify
11:37:46.9 (40551840)|ENTERING_MANAGED_PKG|Centify
11:37:46.9 (40663636)|ENTERING_MANAGED_PKG|Centify
11:37:46.9 (40733833)|ENTERING_MANAGED_PKG|Centify
11:37:46.9 (40846054)|ENTERING_MANAGED_PKG|Centify
11:37:46.9 (40891245)|ENTERING_MANAGED_PKG|Centify
11:37:46.9 (41669606)|ENTERING_MANAGED_PKG|Centify
11:37:46.9 (42606550)|ENTERING_MANAGED_PKG|Centify
11:37:46.9 (42695111)|ENTERING_MANAGED_PKG|Centify
11:37:46.9 (42834802)|ENTERING_MANAGED_PKG|Centify
11:37:46.9 (42872245)|ENTERING_MANAGED_PKG|Centify
11:37:46.9 (42936999)|ENTERING_MANAGED_PKG|Centify
11:37:46.9 (42969674)|ENTERING_MANAGED_PKG|Centify
11:37:46.9 (42983095)|ENTERING_MANAGED_PKG|Centify
11:37:46.9 (43015734)|ENTERING_MANAGED_PKG|Centify
11:37:46.9 (43029909)|ENTERING_MANAGED_PKG|Centify
11:37:46.9 (43052261)|ENTERING_MANAGED_PKG|Centify
11:37:46.9 (43086996)|ENTERING_MANAGED_PKG|Centify
11:37:46.9 (43109738)|ENTERING_MANAGED_PKG|Centify
11:37:46.9 (43252119)|ENTERING_MANAGED_PKG|Centify
11:37:46.9 (43279447)|ENTERING_MANAGED_PKG|Centify
11:37:46.9 (43293775)|ENTERING_MANAGED_PKG|Centify
11:37:46.9 (43408385)|ENTERING_MANAGED_PKG|Centify
11:37:46.9 (43446285)|ENTERING_MANAGED_PKG|Centify
11:37:46.9 (43506819)|ENTERING_MANAGED_PKG|Centify
11:37:46.9 (43649958)|ENTERING_MANAGED_PKG|Centify
11:37:46.9 (43725986)|ENTERING_MANAGED_PKG|Centify
11:37:46.9 (43848252)|ENTERING_MANAGED_PKG|Centify
11:37:46.9 (43919094)|ENTERING_MANAGED_PKG|Centify
11:37:46.9 (44034649)|ENTERING_MANAGED_PKG|Centify
11:37:46.9 (44095616)|ENTERING_MANAGED_PKG|Centify
11:37:46.9 (44160685)|ENTERING_MANAGED_PKG|Centify
11:37:46.9 (44217357)|ENTERING_MANAGED_PKG|Centify
11:37:46.9 (44331963)|ENTERING_MANAGED_PKG|Centify
11:37:46.9 (44393438)|ENTERING_MANAGED_PKG|Centify
11:37:46.9 (44504144)|ENTERING_MANAGED_PKG|Centify
11:37:46.9 (44565572)|ENTERING_MANAGED_PKG|Centify
11:37:46.9 (44675823)|ENTERING_MANAGED_PKG|Centify
11:37:46.9 (44736313)|ENTERING_MANAGED_PKG|Centify
11:37:46.9 (44848303)|ENTERING_MANAGED_PKG|Centify
11:37:46.9 (44917879)|ENTERING_MANAGED_PKG|Centify
11:37:46.9 (45033027)|ENTERING_MANAGED_PKG|Centify
11:37:46.9 (45093948)|ENTERING_MANAGED_PKG|Centify
11:37:46.9 (45208077)|ENTERING_MANAGED_PKG|Centify
11:37:46.9 (45269657)|ENTERING_MANAGED_PKG|Centify
11:37:46.9 (45383465)|ENTERING_MANAGED_PKG|Centify
11:37:46.9 (45445446)|ENTERING_MANAGED_PKG|Centify
11:37:46.9 (45560139)|ENTERING_MANAGED_PKG|Centify
11:37:46.9 (45621921)|ENTERING_MANAGED_PKG|Centify
11:37:46.9 (45734510)|ENTERING_MANAGED_PKG|Centify
11:37:46.9 (45803858)|ENTERING_MANAGED_PKG|Centify
11:37:46.9 (45915575)|ENTERING_MANAGED_PKG|Centify
11:37:46.9 (45959591)|ENTERING_MANAGED_PKG|Centify
11:37:46.9 (46716797)|ENTERING_MANAGED_PKG|Centify
11:37:46.9 (47653129)|ENTERING_MANAGED_PKG|Centify
11:37:46.9 (47741851)|ENTERING_MANAGED_PKG|Centify
11:37:46.9 (47881558)|ENTERING_MANAGED_PKG|Centify
11:37:46.9 (47919247)|ENTERING_MANAGED_PKG|Centify
11:37:46.9 (47985440)|ENTERING_MANAGED_PKG|Centify
11:37:46.9 (48018748)|ENTERING_MANAGED_PKG|Centify
11:37:46.9 (48032494)|ENTERING_MANAGED_PKG|Centify
11:37:46.9 (48065544)|ENTERING_MANAGED_PKG|Centify
11:37:46.9 (48079747)|ENTERING_MANAGED_PKG|Centify
11:37:46.9 (48102407)|ENTERING_MANAGED_PKG|Centify
11:37:46.9 (48142011)|ENTERING_MANAGED_PKG|Centify
11:37:46.9 (48166250)|ENTERING_MANAGED_PKG|Centify
11:37:46.9 (48301940)|ENTERING_MANAGED_PKG|Centify
11:37:46.9 (48329558)|ENTERING_MANAGED_PKG|Centify
11:37:46.9 (48343711)|ENTERING_MANAGED_PKG|Centify
11:37:46.9 (48459178)|ENTERING_MANAGED_PKG|Centify
11:37:46.9 (48497062)|ENTERING_MANAGED_PKG|Centify
11:37:46.9 (48558021)|ENTERING_MANAGED_PKG|Centify
11:37:46.9 (48687331)|ENTERING_MANAGED_PKG|Centify
11:37:46.9 (48760789)|ENTERING_MANAGED_PKG|Centify
11:37:46.9 (48881192)|ENTERING_MANAGED_PKG|Centify
11:37:46.9 (48945181)|ENTERING_MANAGED_PKG|Centify
11:37:46.9 (49058466)|ENTERING_MANAGED_PKG|Centify
11:37:46.9 (49118484)|ENTERING_MANAGED_PKG|Centify
11:37:46.9 (49182897)|ENTERING_MANAGED_PKG|Centify
11:37:46.9 (49238074)|ENTERING_MANAGED_PKG|Centify
11:37:46.9 (49352496)|ENTERING_MANAGED_PKG|Centify
11:37:46.9 (49414793)|ENTERING_MANAGED_PKG|Centify
11:37:46.9 (49525712)|ENTERING_MANAGED_PKG|Centify
11:37:46.9 (49586184)|ENTERING_MANAGED_PKG|Centify
11:37:46.9 (49696680)|ENTERING_MANAGED_PKG|Centify
11:37:46.9 (49757287)|ENTERING_MANAGED_PKG|Centify
11:37:46.9 (49870274)|ENTERING_MANAGED_PKG|Centify
11:37:46.9 (49939602)|ENTERING_MANAGED_PKG|Centify
11:37:46.9 (50054949)|ENTERING_MANAGED_PKG|Centify
11:37:46.9 (50116538)|ENTERING_MANAGED_PKG|Centify
11:37:46.9 (50233585)|ENTERING_MANAGED_PKG|Centify
11:37:46.9 (50294626)|ENTERING_MANAGED_PKG|Centify
11:37:46.9 (50406354)|ENTERING_MANAGED_PKG|Centify
11:37:46.9 (50466239)|ENTERING_MANAGED_PKG|Centify
11:37:46.9 (50581382)|ENTERING_MANAGED_PKG|Centify
11:37:46.9 (50642835)|ENTERING_MANAGED_PKG|Centify
11:37:46.9 (50750633)|ENTERING_MANAGED_PKG|Centify
11:37:46.9 (50810739)|ENTERING_MANAGED_PKG|Centify
11:37:46.9 (50920575)|ENTERING_MANAGED_PKG|Centify
11:37:46.9 (50965508)|ENTERING_MANAGED_PKG|Centify
11:37:46.9 (51740618)|ENTERING_MANAGED_PKG|Centify
11:37:46.9 (52676766)|ENTERING_MANAGED_PKG|Centify
11:37:46.9 (52766413)|ENTERING_MANAGED_PKG|Centify
11:37:46.9 (52907730)|ENTERING_MANAGED_PKG|Centify
11:37:46.9 (52945453)|ENTERING_MANAGED_PKG|Centify
11:37:46.9 (53011839)|ENTERING_MANAGED_PKG|Centify
11:37:46.9 (53045656)|ENTERING_MANAGED_PKG|Centify
11:37:46.9 (53059486)|ENTERING_MANAGED_PKG|Centify
11:37:46.9 (53092389)|ENTERING_MANAGED_PKG|Centify
11:37:46.9 (53106270)|ENTERING_MANAGED_PKG|Centify
11:37:46.9 (53133618)|ENTERING_MANAGED_PKG|Centify
11:37:46.9 (53171514)|ENTERING_MANAGED_PKG|Centify
11:37:46.9 (53195130)|ENTERING_MANAGED_PKG|Centify
11:37:46.9 (53333803)|ENTERING_MANAGED_PKG|Centify
11:37:46.9 (53361580)|ENTERING_MANAGED_PKG|Centify
11:37:46.9 (53375452)|ENTERING_MANAGED_PKG|Centify
11:37:46.9 (53493097)|ENTERING_MANAGED_PKG|Centify
11:37:46.9 (53532230)|ENTERING_MANAGED_PKG|Centify
11:37:46.9 (53593773)|ENTERING_MANAGED_PKG|Centify
11:37:46.9 (53723483)|ENTERING_MANAGED_PKG|Centify
11:37:46.9 (53797338)|ENTERING_MANAGED_PKG|Centify
11:37:46.9 (53919575)|ENTERING_MANAGED_PKG|Centify
11:37:46.9 (53984458)|ENTERING_MANAGED_PKG|Centify
11:37:46.9 (54098063)|ENTERING_MANAGED_PKG|Centify
11:37:46.9 (54164129)|ENTERING_MANAGED_PKG|Centify
11:37:46.9 (54222748)|ENTERING_MANAGED_PKG|Centify
11:37:46.9 (54278015)|ENTERING_MANAGED_PKG|Centify
11:37:46.9 (54392394)|ENTERING_MANAGED_PKG|Centify
11:37:46.9 (54453473)|ENTERING_MANAGED_PKG|Centify
11:37:46.9 (54563623)|ENTERING_MANAGED_PKG|Centify
11:37:46.9 (54623396)|ENTERING_MANAGED_PKG|Centify
11:37:46.9 (54733821)|ENTERING_MANAGED_PKG|Centify
11:37:46.9 (54794603)|ENTERING_MANAGED_PKG|Centify
11:37:46.9 (54908334)|ENTERING_MANAGED_PKG|Centify
11:37:46.9 (54979812)|ENTERING_MANAGED_PKG|Centify
11:37:46.9 (55093980)|ENTERING_MANAGED_PKG|Centify
11:37:46.9 (55160363)|ENTERING_MANAGED_PKG|Centify
11:37:46.9 (55270995)|ENTERING_MANAGED_PKG|Centify
11:37:46.9 (55331731)|ENTERING_MANAGED_PKG|Centify
11:37:46.9 (55441040)|ENTERING_MANAGED_PKG|Centify
11:37:46.9 (55500988)|ENTERING_MANAGED_PKG|Centify
11:37:46.9 (55614746)|ENTERING_MANAGED_PKG|Centify
11:37:46.9 (55675161)|ENTERING_MANAGED_PKG|Centify
11:37:46.9 (55783285)|ENTERING_MANAGED_PKG|Centify
11:37:46.9 (55844573)|ENTERING_MANAGED_PKG|Centify
11:37:46.9 (55994723)|ENTERING_MANAGED_PKG|Centify
11:37:46.9 (56065519)|ENTERING_MANAGED_PKG|Centify
11:37:46.9 (56871459)|ENTERING_MANAGED_PKG|Centify
11:37:46.9 (57803230)|ENTERING_MANAGED_PKG|Centify
11:37:46.9 (57893423)|ENTERING_MANAGED_PKG|Centify
11:37:46.9 (58033611)|ENTERING_MANAGED_PKG|Centify
11:37:46.9 (58071789)|ENTERING_MANAGED_PKG|Centify
11:37:46.9 (58142703)|ENTERING_MANAGED_PKG|Centify
11:37:46.9 (58176473)|ENTERING_MANAGED_PKG|Centify
11:37:46.9 (58189913)|ENTERING_MANAGED_PKG|Centify
11:37:46.9 (58222206)|ENTERING_MANAGED_PKG|Centify
11:37:46.9 (58235311)|ENTERING_MANAGED_PKG|Centify
11:37:46.9 (58258558)|ENTERING_MANAGED_PKG|Centify
11:37:46.9 (58294069)|ENTERING_MANAGED_PKG|Centify
11:37:46.9 (58317878)|ENTERING_MANAGED_PKG|Centify
11:37:46.9 (58454217)|ENTERING_MANAGED_PKG|Centify
11:37:46.9 (58481828)|ENTERING_MANAGED_PKG|Centify
11:37:46.9 (58495372)|ENTERING_MANAGED_PKG|Centify
11:37:46.9 (58610668)|ENTERING_MANAGED_PKG|Centify
11:37:46.9 (58649041)|ENTERING_MANAGED_PKG|Centify
11:37:46.9 (58709364)|ENTERING_MANAGED_PKG|Centify
11:37:46.9 (58837516)|ENTERING_MANAGED_PKG|Centify
11:37:46.9 (58910477)|ENTERING_MANAGED_PKG|Centify
11:37:46.9 (59032406)|ENTERING_MANAGED_PKG|Centify
11:37:46.9 (59096587)|ENTERING_MANAGED_PKG|Centify
11:37:46.9 (59216498)|ENTERING_MANAGED_PKG|Centify
11:37:46.9 (59276158)|ENTERING_MANAGED_PKG|Centify
11:37:46.9 (59334013)|ENTERING_MANAGED_PKG|Centify
11:37:46.9 (59389429)|ENTERING_MANAGED_PKG|Centify
11:37:46.9 (59503525)|ENTERING_MANAGED_PKG|Centify
11:37:46.9 (59564231)|ENTERING_MANAGED_PKG|Centify
11:37:46.9 (59675118)|ENTERING_MANAGED_PKG|Centify
11:37:46.9 (59734820)|ENTERING_MANAGED_PKG|Centify
11:37:46.9 (59845806)|ENTERING_MANAGED_PKG|Centify
11:37:46.9 (59906739)|ENTERING_MANAGED_PKG|Centify
11:37:46.9 (60019882)|ENTERING_MANAGED_PKG|Centify
11:37:46.9 (60090930)|ENTERING_MANAGED_PKG|Centify
11:37:46.9 (60211089)|ENTERING_MANAGED_PKG|Centify
11:37:46.9 (60272069)|ENTERING_MANAGED_PKG|Centify
11:37:46.9 (60382550)|ENTERING_MANAGED_PKG|Centify
11:37:46.9 (60443079)|ENTERING_MANAGED_PKG|Centify
11:37:46.9 (60557439)|ENTERING_MANAGED_PKG|Centify
11:37:46.9 (60618851)|ENTERING_MANAGED_PKG|Centify
11:37:46.9 (60733524)|ENTERING_MANAGED_PKG|Centify
11:37:46.9 (60795074)|ENTERING_MANAGED_PKG|Centify
11:37:46.9 (60903572)|ENTERING_MANAGED_PKG|Centify
11:37:46.9 (60962575)|ENTERING_MANAGED_PKG|Centify
11:37:46.9 (61072453)|ENTERING_MANAGED_PKG|Centify
11:37:46.9 (61117673)|ENTERING_MANAGED_PKG|Centify
11:37:46.9 (61891209)|ENTERING_MANAGED_PKG|Centify
11:37:46.9 (62851449)|ENTERING_MANAGED_PKG|Centify
11:37:46.9 (62945470)|ENTERING_MANAGED_PKG|Centify
11:37:46.9 (63086681)|ENTERING_MANAGED_PKG|Centify
11:37:46.9 (63124948)|ENTERING_MANAGED_PKG|Centify
11:37:46.9 (63198873)|ENTERING_MANAGED_PKG|Centify
11:37:46.9 (63233194)|ENTERING_MANAGED_PKG|Centify
11:37:46.9 (63252554)|ENTERING_MANAGED_PKG|Centify
11:37:46.9 (63303084)|ENTERING_MANAGED_PKG|Centify
11:37:46.9 (63319606)|ENTERING_MANAGED_PKG|Centify
11:37:46.9 (63343884)|ENTERING_MANAGED_PKG|Centify
11:37:46.9 (63379957)|ENTERING_MANAGED_PKG|Centify
11:37:46.9 (63417411)|ENTERING_MANAGED_PKG|Centify
11:37:46.9 (63569616)|ENTERING_MANAGED_PKG|Centify
11:37:46.9 (63598164)|ENTERING_MANAGED_PKG|Centify
11:37:46.9 (63612570)|ENTERING_MANAGED_PKG|Centify
11:37:46.9 (63728559)|ENTERING_MANAGED_PKG|Centify
11:37:46.9 (63767058)|ENTERING_MANAGED_PKG|Centify
11:37:46.9 (63828033)|ENTERING_MANAGED_PKG|Centify
11:37:46.9 (63955676)|ENTERING_MANAGED_PKG|Centify
11:37:46.9 (64029786)|ENTERING_MANAGED_PKG|Centify
11:37:46.9 (64156368)|ENTERING_MANAGED_PKG|Centify
11:37:46.9 (64220718)|ENTERING_MANAGED_PKG|Centify
11:37:46.9 (64332147)|ENTERING_MANAGED_PKG|Centify
11:37:46.9 (64390417)|ENTERING_MANAGED_PKG|Centify
11:37:46.9 (64447589)|ENTERING_MANAGED_PKG|Centify
11:37:46.9 (64501240)|ENTERING_MANAGED_PKG|Centify
11:37:46.9 (64615177)|ENTERING_MANAGED_PKG|Centify
11:37:46.9 (64675410)|ENTERING_MANAGED_PKG|Centify
11:37:46.9 (64787174)|ENTERING_MANAGED_PKG|Centify
11:37:46.9 (64847535)|ENTERING_MANAGED_PKG|Centify
11:37:46.9 (64956798)|ENTERING_MANAGED_PKG|Centify
11:37:46.9 (65017386)|ENTERING_MANAGED_PKG|Centify
11:37:46.9 (65134783)|ENTERING_MANAGED_PKG|Centify
11:37:46.9 (65206318)|ENTERING_MANAGED_PKG|Centify
11:37:46.9 (65321853)|ENTERING_MANAGED_PKG|Centify
11:37:46.9 (65382034)|ENTERING_MANAGED_PKG|Centify
11:37:46.9 (65491590)|ENTERING_MANAGED_PKG|Centify
11:37:46.9 (65551661)|ENTERING_MANAGED_PKG|Centify
11:37:46.9 (65661591)|ENTERING_MANAGED_PKG|Centify
11:37:46.9 (65721467)|ENTERING_MANAGED_PKG|Centify
11:37:46.9 (65835290)|ENTERING_MANAGED_PKG|Centify
11:37:46.9 (65896127)|ENTERING_MANAGED_PKG|Centify
11:37:46.9 (66027615)|ENTERING_MANAGED_PKG|Centify
11:37:46.9 (66103302)|ENTERING_MANAGED_PKG|Centify
11:37:46.9 (66225298)|ENTERING_MANAGED_PKG|Centify
11:37:46.9 (66272059)|ENTERING_MANAGED_PKG|Centify
11:37:46.9 (67055924)|ENTERING_MANAGED_PKG|Centify
11:37:46.9 (67994827)|ENTERING_MANAGED_PKG|Centify
11:37:46.9 (68088344)|ENTERING_MANAGED_PKG|Centify
11:37:46.9 (68233848)|ENTERING_MANAGED_PKG|Centify
11:37:46.9 (68272495)|ENTERING_MANAGED_PKG|Centify
11:37:46.9 (68341057)|ENTERING_MANAGED_PKG|Centify
11:37:46.9 (68374716)|ENTERING_MANAGED_PKG|Centify
11:37:46.9 (68388003)|ENTERING_MANAGED_PKG|Centify
11:37:46.9 (68421479)|ENTERING_MANAGED_PKG|Centify
11:37:46.9 (68434911)|ENTERING_MANAGED_PKG|Centify
11:37:46.9 (68458653)|ENTERING_MANAGED_PKG|Centify
11:37:46.9 (68493914)|ENTERING_MANAGED_PKG|Centify
11:37:46.9 (68517863)|ENTERING_MANAGED_PKG|Centify
11:37:46.9 (68653277)|ENTERING_MANAGED_PKG|Centify
11:37:46.9 (68680862)|ENTERING_MANAGED_PKG|Centify
11:37:46.9 (68694245)|ENTERING_MANAGED_PKG|Centify
11:37:46.9 (68809225)|ENTERING_MANAGED_PKG|Centify
11:37:46.9 (68847311)|ENTERING_MANAGED_PKG|Centify
11:37:46.9 (68909694)|ENTERING_MANAGED_PKG|Centify
11:37:46.9 (69039633)|ENTERING_MANAGED_PKG|Centify
11:37:46.9 (69115642)|ENTERING_MANAGED_PKG|Centify
11:37:46.9 (69242731)|ENTERING_MANAGED_PKG|Centify
11:37:46.9 (69308276)|ENTERING_MANAGED_PKG|Centify
11:37:46.9 (69420693)|ENTERING_MANAGED_PKG|Centify
11:37:46.9 (69480394)|ENTERING_MANAGED_PKG|Centify
11:37:46.9 (69539024)|ENTERING_MANAGED_PKG|Centify
11:37:46.9 (69593454)|ENTERING_MANAGED_PKG|Centify
11:37:46.9 (69705991)|ENTERING_MANAGED_PKG|Centify
11:37:46.9 (69766462)|ENTERING_MANAGED_PKG|Centify
11:37:46.9 (69877910)|ENTERING_MANAGED_PKG|Centify
11:37:46.9 (69939319)|ENTERING_MANAGED_PKG|Centify
11:37:46.9 (70049221)|ENTERING_MANAGED_PKG|Centify
11:37:46.9 (70111680)|ENTERING_MANAGED_PKG|Centify
11:37:46.9 (70236204)|ENTERING_MANAGED_PKG|Centify
11:37:46.9 (70308932)|ENTERING_MANAGED_PKG|Centify
11:37:46.9 (70423272)|ENTERING_MANAGED_PKG|Centify
11:37:46.9 (70484411)|ENTERING_MANAGED_PKG|Centify
11:37:46.9 (70593595)|ENTERING_MANAGED_PKG|Centify
11:37:46.9 (70654151)|ENTERING_MANAGED_PKG|Centify
11:37:46.9 (70765359)|ENTERING_MANAGED_PKG|Centify
11:37:46.9 (70824919)|ENTERING_MANAGED_PKG|Centify
11:37:46.9 (70938828)|ENTERING_MANAGED_PKG|Centify
11:37:46.9 (70999268)|ENTERING_MANAGED_PKG|Centify
11:37:46.9 (71111331)|ENTERING_MANAGED_PKG|Centify
11:37:46.9 (71189507)|ENTERING_MANAGED_PKG|Centify
11:37:46.9 (71301718)|ENTERING_MANAGED_PKG|Centify
11:37:46.9 (71346586)|ENTERING_MANAGED_PKG|Centify
11:37:46.9 (72115417)|ENTERING_MANAGED_PKG|Centify
11:37:46.9 (73110929)|ENTERING_MANAGED_PKG|Centify
11:37:46.9 (73209877)|ENTERING_MANAGED_PKG|Centify
11:37:46.9 (73351145)|ENTERING_MANAGED_PKG|Centify
11:37:46.9 (73388247)|ENTERING_MANAGED_PKG|Centify
11:37:46.9 (73457412)|ENTERING_MANAGED_PKG|Centify
11:37:46.9 (73491665)|ENTERING_MANAGED_PKG|Centify
11:37:46.9 (73505228)|ENTERING_MANAGED_PKG|Centify
11:37:46.9 (73539732)|ENTERING_MANAGED_PKG|Centify
11:37:46.9 (73553382)|ENTERING_MANAGED_PKG|Centify
11:37:46.9 (73576982)|ENTERING_MANAGED_PKG|Centify
11:37:46.9 (73612725)|ENTERING_MANAGED_PKG|Centify
11:37:46.9 (73636690)|ENTERING_MANAGED_PKG|Centify
11:37:46.9 (73775084)|ENTERING_MANAGED_PKG|Centify
11:37:46.9 (73803610)|ENTERING_MANAGED_PKG|Centify
11:37:46.9 (73817782)|ENTERING_MANAGED_PKG|Centify
11:37:46.9 (73934382)|ENTERING_MANAGED_PKG|Centify
11:37:46.9 (73972753)|ENTERING_MANAGED_PKG|Centify
11:37:46.9 (74033818)|ENTERING_MANAGED_PKG|Centify
11:37:46.9 (74170353)|ENTERING_MANAGED_PKG|Centify
11:37:46.9 (74245643)|ENTERING_MANAGED_PKG|Centify
11:37:46.9 (74367628)|ENTERING_MANAGED_PKG|Centify
11:37:46.9 (74432011)|ENTERING_MANAGED_PKG|Centify
11:37:46.9 (74544812)|ENTERING_MANAGED_PKG|Centify
11:37:46.9 (74603976)|ENTERING_MANAGED_PKG|Centify
11:37:46.9 (74660719)|ENTERING_MANAGED_PKG|Centify
11:37:46.9 (74714948)|ENTERING_MANAGED_PKG|Centify
11:37:46.9 (74827381)|ENTERING_MANAGED_PKG|Centify
11:37:46.9 (74887332)|ENTERING_MANAGED_PKG|Centify
11:37:46.9 (74997655)|ENTERING_MANAGED_PKG|Centify
11:37:46.9 (75057999)|ENTERING_MANAGED_PKG|Centify
11:37:46.9 (75174851)|ENTERING_MANAGED_PKG|Centify
11:37:46.9 (75237127)|ENTERING_MANAGED_PKG|Centify
11:37:46.9 (75348337)|ENTERING_MANAGED_PKG|Centify
11:37:46.9 (75418314)|ENTERING_MANAGED_PKG|Centify
11:37:46.9 (75533128)|ENTERING_MANAGED_PKG|Centify
11:37:46.9 (75593181)|ENTERING_MANAGED_PKG|Centify
11:37:46.9 (75702309)|ENTERING_MANAGED_PKG|Centify
11:37:46.9 (75762493)|ENTERING_MANAGED_PKG|Centify
11:37:46.9 (75872982)|ENTERING_MANAGED_PKG|Centify
11:37:46.9 (75933953)|ENTERING_MANAGED_PKG|Centify
11:37:46.9 (76049495)|ENTERING_MANAGED_PKG|Centify
11:37:46.9 (76112124)|ENTERING_MANAGED_PKG|Centify
11:37:46.9 (76225926)|ENTERING_MANAGED_PKG|Centify
11:37:46.9 (76285004)|ENTERING_MANAGED_PKG|Centify
11:37:46.9 (76394535)|ENTERING_MANAGED_PKG|Centify
11:37:46.9 (76439669)|ENTERING_MANAGED_PKG|Centify
11:37:46.9 (77302360)|DML_BEGIN|[74]|Op:Insert|Type:Centify__Notification__c|Rows:9
11:37:46.9 (137182867)|DML_END|[74]
11:37:46.9 (137335162)|ENTERING_MANAGED_PKG|Centify
11:37:46.9 (137668486)|ENTERING_MANAGED_PKG|Centify
11:37:46.9 (137850343)|ENTERING_MANAGED_PKG|Centify
11:37:46.9 (138050060)|ENTERING_MANAGED_PKG|Centify
11:37:46.9 (138213309)|ENTERING_MANAGED_PKG|Centify
11:37:46.9 (138364479)|ENTERING_MANAGED_PKG|Centify
11:37:46.9 (138511540)|ENTERING_MANAGED_PKG|Centify
11:37:46.9 (138658372)|ENTERING_MANAGED_PKG|Centify
11:37:46.9 (138803065)|ENTERING_MANAGED_PKG|Centify
11:37:46.9 (138947784)|ENTERING_MANAGED_PKG|Centify
11:37:46.158 (158541371)|CUMULATIVE_LIMIT_USAGE
11:37:46.158 (158541371)|LIMIT_USAGE_FOR_NS|(default)|
  Number of SOQL queries: 0 out of 200
  Number of query rows: 0 out of 50000
  Number of SOSL queries: 0 out of 20
  Number of DML statements: 0 out of 150
  Number of DML rows: 0 out of 10000
  Maximum CPU time: 0 out of 60000
  Maximum heap size: 0 out of 12000000
  Number of callouts: 0 out of 0
  Number of Email Invocations: 0 out of 10
  Number of future calls: 0 out of 0
  Number of queueable jobs added to the queue: 0 out of 1
  Number of Mobile Apex push calls: 0 out of 10

11:37:46.158 (158541371)|LIMIT_USAGE_FOR_NS|Centify|
  Number of SOQL queries: 0 out of 200
  Number of query rows: 0 out of 50000
  Number of SOSL queries: 0 out of 20
  Number of DML statements: 0 out of 150
  Number of DML rows: 0 out of 10000
  Maximum CPU time: 0 out of 60000
  Maximum heap size: 0 out of 12000000
  Number of callouts: 0 out of 0
  Number of Email Invocations: 0 out of 10
  Number of future calls: 0 out of 0
  Number of queueable jobs added to the queue: 0 out of 1
  Number of Mobile Apex push calls: 0 out of 10

11:37:46.158 (158541371)|CUMULATIVE_LIMIT_USAGE_END

