37.0 APEX_CODE,FINEST;APEX_PROFILING,INFO;CALLOUT,INFO;DB,INFO;NBA,INFO;SYSTEM,DEBUG;VALIDATION,INFO;VISUALFORCE,INFO;WAVE,INFO;WORKFLOW,INFO
18:45:03.24 (24650348)|ENTERING_MANAGED_PKG|Centify
18:45:03.24 (28571816)|ENTERING_MANAGED_PKG|Centify
18:45:03.24 (35235530)|ENTERING_MANAGED_PKG|Centify
18:45:03.24 (35389582)|ENTERING_MANAGED_PKG|Centify
18:45:03.24 (35545107)|ENTERING_MANAGED_PKG|Centify
18:45:03.24 (36172370)|ENTERING_MANAGED_PKG|Centify
18:45:03.24 (36438580)|ENTERING_MANAGED_PKG|Centify
18:45:03.24 (36471330)|ENTERING_MANAGED_PKG|Centify
18:45:03.24 (36576506)|ENTERING_MANAGED_PKG|Centify
18:45:03.24 (36630563)|ENTERING_MANAGED_PKG|Centify
18:45:03.24 (36667236)|ENTERING_MANAGED_PKG|Centify
18:45:03.24 (36687365)|ENTERING_MANAGED_PKG|Centify
18:45:03.24 (36705269)|ENTERING_MANAGED_PKG|Centify
18:45:03.24 (36870878)|ENTERING_MANAGED_PKG|Centify
18:45:03.24 (78166971)|ENTERING_MANAGED_PKG|Centify
18:45:03.24 (78305122)|ENTERING_MANAGED_PKG|Centify
18:45:03.24 (78489904)|ENTERING_MANAGED_PKG|Centify
18:45:03.24 (78557754)|ENTERING_MANAGED_PKG|Centify
18:45:03.24 (291340398)|ENTERING_MANAGED_PKG|Centify
18:45:03.24 (330327024)|ENTERING_MANAGED_PKG|Centify
18:45:03.24 (343915248)|ENTERING_MANAGED_PKG|Centify
18:45:03.24 (343985054)|ENTERING_MANAGED_PKG|Centify
18:45:03.24 (344101098)|ENTERING_MANAGED_PKG|Centify
18:45:03.24 (344151798)|ENTERING_MANAGED_PKG|Centify
18:45:03.24 (344253643)|ENTERING_MANAGED_PKG|Centify
18:45:03.24 (369866614)|ENTERING_MANAGED_PKG|Centify
18:45:03.24 (385934963)|ENTERING_MANAGED_PKG|Centify
18:45:03.24 (386002426)|ENTERING_MANAGED_PKG|Centify
18:45:03.24 (386108149)|ENTERING_MANAGED_PKG|Centify
18:45:03.24 (386151071)|ENTERING_MANAGED_PKG|Centify
18:45:03.24 (386241393)|ENTERING_MANAGED_PKG|Centify
18:45:03.24 (411602788)|ENTERING_MANAGED_PKG|Centify
18:45:03.24 (427414274)|ENTERING_MANAGED_PKG|Centify
18:45:03.24 (427484845)|ENTERING_MANAGED_PKG|Centify
18:45:03.24 (427607343)|ENTERING_MANAGED_PKG|Centify
18:45:03.24 (427654971)|ENTERING_MANAGED_PKG|Centify
18:45:03.24 (427751526)|ENTERING_MANAGED_PKG|Centify
18:45:03.24 (452887682)|ENTERING_MANAGED_PKG|Centify
18:45:03.24 (466896571)|ENTERING_MANAGED_PKG|Centify
18:45:03.24 (466946047)|ENTERING_MANAGED_PKG|Centify
18:45:03.24 (467028483)|ENTERING_MANAGED_PKG|Centify
18:45:03.24 (467063702)|ENTERING_MANAGED_PKG|Centify
18:45:03.24 (467126631)|ENTERING_MANAGED_PKG|Centify
18:45:03.24 (494463884)|ENTERING_MANAGED_PKG|Centify
18:45:03.24 (512481935)|ENTERING_MANAGED_PKG|Centify
18:45:03.24 (512529358)|ENTERING_MANAGED_PKG|Centify
18:45:03.24 (512608706)|ENTERING_MANAGED_PKG|Centify
18:45:03.24 (512638204)|ENTERING_MANAGED_PKG|Centify
18:45:03.24 (512699695)|ENTERING_MANAGED_PKG|Centify
18:45:03.24 (536351649)|ENTERING_MANAGED_PKG|Centify
18:45:03.24 (550785346)|ENTERING_MANAGED_PKG|Centify
18:45:03.24 (550834160)|ENTERING_MANAGED_PKG|Centify
18:45:03.24 (550905279)|ENTERING_MANAGED_PKG|Centify
18:45:03.24 (550934531)|ENTERING_MANAGED_PKG|Centify
18:45:03.24 (550992538)|ENTERING_MANAGED_PKG|Centify
18:45:03.24 (574246970)|ENTERING_MANAGED_PKG|Centify
18:45:03.24 (588956600)|ENTERING_MANAGED_PKG|Centify
18:45:03.24 (589025304)|ENTERING_MANAGED_PKG|Centify
18:45:03.24 (589134504)|ENTERING_MANAGED_PKG|Centify
18:45:03.24 (589181942)|ENTERING_MANAGED_PKG|Centify
18:45:03.24 (589251208)|ENTERING_MANAGED_PKG|Centify
18:45:03.24 (613842788)|ENTERING_MANAGED_PKG|Centify
18:45:03.24 (627733094)|ENTERING_MANAGED_PKG|Centify
18:45:03.24 (627779222)|ENTERING_MANAGED_PKG|Centify
18:45:03.24 (627850556)|ENTERING_MANAGED_PKG|Centify
18:45:03.24 (627879374)|ENTERING_MANAGED_PKG|Centify
18:45:03.24 (627937483)|ENTERING_MANAGED_PKG|Centify
18:45:03.24 (651661380)|ENTERING_MANAGED_PKG|Centify
18:45:03.24 (665780522)|ENTERING_MANAGED_PKG|Centify
18:45:03.24 (665856442)|ENTERING_MANAGED_PKG|Centify
18:45:03.24 (665927944)|ENTERING_MANAGED_PKG|Centify
18:45:03.24 (665956777)|ENTERING_MANAGED_PKG|Centify
18:45:03.24 (666014712)|ENTERING_MANAGED_PKG|Centify
18:45:03.24 (690553677)|ENTERING_MANAGED_PKG|Centify
18:45:03.24 (705617357)|ENTERING_MANAGED_PKG|Centify
18:45:03.24 (705672920)|ENTERING_MANAGED_PKG|Centify
18:45:03.24 (705746641)|ENTERING_MANAGED_PKG|Centify
18:45:03.24 (705776526)|ENTERING_MANAGED_PKG|Centify
18:45:03.24 (705838274)|ENTERING_MANAGED_PKG|Centify
18:45:03.24 (734037321)|ENTERING_MANAGED_PKG|Centify
18:45:03.24 (748822793)|ENTERING_MANAGED_PKG|Centify
18:45:03.24 (748879195)|ENTERING_MANAGED_PKG|Centify
18:45:03.24 (748960181)|ENTERING_MANAGED_PKG|Centify
18:45:03.24 (749002360)|ENTERING_MANAGED_PKG|Centify
18:45:03.24 (749084338)|ENTERING_MANAGED_PKG|Centify
18:45:03.24 (779901819)|ENTERING_MANAGED_PKG|Centify
18:45:03.24 (802110772)|ENTERING_MANAGED_PKG|Centify
18:45:03.24 (802174907)|ENTERING_MANAGED_PKG|Centify
18:45:03.24 (802274200)|ENTERING_MANAGED_PKG|Centify
18:45:03.24 (802316676)|ENTERING_MANAGED_PKG|Centify
18:45:03.24 (802402367)|ENTERING_MANAGED_PKG|Centify
18:45:03.24 (828805113)|ENTERING_MANAGED_PKG|Centify
18:45:03.24 (843068554)|ENTERING_MANAGED_PKG|Centify
18:45:03.24 (843127183)|ENTERING_MANAGED_PKG|Centify
18:45:03.24 (843202091)|ENTERING_MANAGED_PKG|Centify
18:45:03.24 (843232451)|ENTERING_MANAGED_PKG|Centify
18:45:03.24 (843296522)|ENTERING_MANAGED_PKG|Centify
18:45:03.24 (867952760)|ENTERING_MANAGED_PKG|Centify
18:45:03.24 (868024493)|ENTERING_MANAGED_PKG|Centify
18:45:03.24 (868166143)|ENTERING_MANAGED_PKG|Centify
18:45:03.24 (868207506)|ENTERING_MANAGED_PKG|Centify
18:45:03.24 (868245739)|ENTERING_MANAGED_PKG|Centify
18:45:03.24 (872874526)|ENTERING_MANAGED_PKG|Centify
18:45:03.24 (872984577)|ENTERING_MANAGED_PKG|Centify
18:45:03.24 (874939472)|ENTERING_MANAGED_PKG|Centify
18:45:03.24 (875032296)|ENTERING_MANAGED_PKG|Centify
18:45:03.24 (875124835)|ENTERING_MANAGED_PKG|Centify
18:45:03.24 (875752394)|ENTERING_MANAGED_PKG|Centify
18:45:03.24 (876588067)|SOQL_EXECUTE_BEGIN|[16]|Aggregations:0|select id,lastmodifieddate,isdeleted,call_duration_min__c,createddate,tasksubtype,isclosed,subject,ownerid,activitydate,status,whatid,calldurationinseconds,calltype from Task where LastModifiedDate >2018-09-28T07:44:30Z AND LastModifiedDate < 2018-09-28T08:45:09Z AND (  CallType = 'Outbound'  OR  CallType = 'Inbound' )  ORDER BY SystemModStamp DESC LIMIT 5000  ALL ROWS
18:45:03.24 (883047474)|SOQL_EXECUTE_END|[16]|Rows:0
18:45:03.914 (914571810)|CUMULATIVE_LIMIT_USAGE
18:45:03.914 (914571810)|LIMIT_USAGE_FOR_NS|(default)|
  Number of SOQL queries: 0 out of 200
  Number of query rows: 0 out of 50000
  Number of SOSL queries: 0 out of 20
  Number of DML statements: 0 out of 150
  Number of DML rows: 0 out of 10000
  Maximum CPU time: 0 out of 60000
  Maximum heap size: 0 out of 12000000
  Number of callouts: 0 out of 0
  Number of Email Invocations: 0 out of 10
  Number of future calls: 0 out of 0
  Number of queueable jobs added to the queue: 0 out of 1
  Number of Mobile Apex push calls: 0 out of 10

18:45:03.914 (914571810)|LIMIT_USAGE_FOR_NS|Centify|
  Number of SOQL queries: 0 out of 200
  Number of query rows: 0 out of 50000
  Number of SOSL queries: 0 out of 20
  Number of DML statements: 0 out of 150
  Number of DML rows: 0 out of 10000
  Maximum CPU time: 0 out of 60000
  Maximum heap size: 0 out of 12000000
  Number of callouts: 0 out of 0
  Number of Email Invocations: 0 out of 10
  Number of future calls: 0 out of 0
  Number of queueable jobs added to the queue: 0 out of 1
  Number of Mobile Apex push calls: 0 out of 10

18:45:03.914 (914571810)|CUMULATIVE_LIMIT_USAGE_END

