37.0 APEX_CODE,FINEST;APEX_PROFILING,INFO;CALLOUT,INFO;DB,INFO;NBA,INFO;SYSTEM,DEBUG;VALIDATION,INFO;VISUALFORCE,INFO;WAVE,INFO;WORKFLOW,INFO
11:33:38.17 (17661114)|ENTERING_MANAGED_PKG|Centify
11:33:38.17 (18825389)|ENTERING_MANAGED_PKG|Centify
11:33:38.17 (18887934)|ENTERING_MANAGED_PKG|Centify
11:33:38.17 (19142913)|ENTERING_MANAGED_PKG|Centify
11:33:38.17 (19246093)|ENTERING_MANAGED_PKG|Centify
11:33:38.17 (20499268)|ENTERING_MANAGED_PKG|Centify
11:33:38.17 (20971305)|ENTERING_MANAGED_PKG|Centify
11:33:38.17 (21024220)|ENTERING_MANAGED_PKG|Centify
11:33:38.17 (21149965)|ENTERING_MANAGED_PKG|Centify
11:33:38.17 (21223443)|ENTERING_MANAGED_PKG|Centify
11:33:38.17 (21286354)|ENTERING_MANAGED_PKG|Centify
11:33:38.17 (21328621)|ENTERING_MANAGED_PKG|Centify
11:33:38.17 (21363667)|ENTERING_MANAGED_PKG|Centify
11:33:38.17 (21697563)|ENTERING_MANAGED_PKG|Centify
11:33:38.17 (85970480)|ENTERING_MANAGED_PKG|Centify
11:33:38.17 (86085581)|ENTERING_MANAGED_PKG|Centify
11:33:38.17 (86275873)|ENTERING_MANAGED_PKG|Centify
11:33:38.17 (86355603)|ENTERING_MANAGED_PKG|Centify
11:33:38.17 (370293294)|ENTERING_MANAGED_PKG|Centify
11:33:38.17 (418416257)|ENTERING_MANAGED_PKG|Centify
11:33:38.17 (432536150)|ENTERING_MANAGED_PKG|Centify
11:33:38.17 (432594657)|ENTERING_MANAGED_PKG|Centify
11:33:38.17 (432681559)|ENTERING_MANAGED_PKG|Centify
11:33:38.17 (432717259)|ENTERING_MANAGED_PKG|Centify
11:33:38.17 (432785638)|ENTERING_MANAGED_PKG|Centify
11:33:38.17 (468159543)|ENTERING_MANAGED_PKG|Centify
11:33:38.17 (488341180)|ENTERING_MANAGED_PKG|Centify
11:33:38.17 (488400116)|ENTERING_MANAGED_PKG|Centify
11:33:38.17 (488485274)|ENTERING_MANAGED_PKG|Centify
11:33:38.17 (488521570)|ENTERING_MANAGED_PKG|Centify
11:33:38.17 (488591245)|ENTERING_MANAGED_PKG|Centify
11:33:38.17 (517531465)|ENTERING_MANAGED_PKG|Centify
11:33:38.17 (534853074)|ENTERING_MANAGED_PKG|Centify
11:33:38.17 (534914564)|ENTERING_MANAGED_PKG|Centify
11:33:38.17 (534999662)|ENTERING_MANAGED_PKG|Centify
11:33:38.17 (535034157)|ENTERING_MANAGED_PKG|Centify
11:33:38.17 (535104700)|ENTERING_MANAGED_PKG|Centify
11:33:38.17 (578345280)|ENTERING_MANAGED_PKG|Centify
11:33:38.17 (598348864)|ENTERING_MANAGED_PKG|Centify
11:33:38.17 (598417400)|ENTERING_MANAGED_PKG|Centify
11:33:38.17 (598540503)|ENTERING_MANAGED_PKG|Centify
11:33:38.17 (598597294)|ENTERING_MANAGED_PKG|Centify
11:33:38.17 (598676168)|ENTERING_MANAGED_PKG|Centify
11:33:38.17 (630092006)|ENTERING_MANAGED_PKG|Centify
11:33:38.17 (648148723)|ENTERING_MANAGED_PKG|Centify
11:33:38.17 (648208328)|ENTERING_MANAGED_PKG|Centify
11:33:38.17 (648296548)|ENTERING_MANAGED_PKG|Centify
11:33:38.17 (648353365)|ENTERING_MANAGED_PKG|Centify
11:33:38.17 (648438144)|ENTERING_MANAGED_PKG|Centify
11:33:38.17 (678143567)|ENTERING_MANAGED_PKG|Centify
11:33:38.17 (697739325)|ENTERING_MANAGED_PKG|Centify
11:33:38.17 (697818546)|ENTERING_MANAGED_PKG|Centify
11:33:38.17 (697952098)|ENTERING_MANAGED_PKG|Centify
11:33:38.17 (698012890)|ENTERING_MANAGED_PKG|Centify
11:33:38.17 (698123477)|ENTERING_MANAGED_PKG|Centify
11:33:38.17 (731638712)|ENTERING_MANAGED_PKG|Centify
11:33:38.17 (747884829)|ENTERING_MANAGED_PKG|Centify
11:33:38.17 (747938945)|ENTERING_MANAGED_PKG|Centify
11:33:38.17 (748017047)|ENTERING_MANAGED_PKG|Centify
11:33:38.17 (748052845)|ENTERING_MANAGED_PKG|Centify
11:33:38.17 (748119441)|ENTERING_MANAGED_PKG|Centify
11:33:38.17 (776318925)|ENTERING_MANAGED_PKG|Centify
11:33:38.17 (792801394)|ENTERING_MANAGED_PKG|Centify
11:33:38.17 (792853973)|ENTERING_MANAGED_PKG|Centify
11:33:38.17 (792934509)|ENTERING_MANAGED_PKG|Centify
11:33:38.17 (792968370)|ENTERING_MANAGED_PKG|Centify
11:33:38.17 (793036526)|ENTERING_MANAGED_PKG|Centify
11:33:38.17 (832096371)|ENTERING_MANAGED_PKG|Centify
11:33:38.17 (850909246)|ENTERING_MANAGED_PKG|Centify
11:33:38.17 (850968008)|ENTERING_MANAGED_PKG|Centify
11:33:38.17 (851050355)|ENTERING_MANAGED_PKG|Centify
11:33:38.17 (851084165)|ENTERING_MANAGED_PKG|Centify
11:33:38.17 (851151955)|ENTERING_MANAGED_PKG|Centify
11:33:38.17 (882854520)|ENTERING_MANAGED_PKG|Centify
11:33:38.17 (882907162)|ENTERING_MANAGED_PKG|Centify
11:33:38.17 (883063282)|ENTERING_MANAGED_PKG|Centify
11:33:38.17 (883105998)|ENTERING_MANAGED_PKG|Centify
11:33:38.17 (883139129)|ENTERING_MANAGED_PKG|Centify
11:33:38.17 (883400967)|ENTERING_MANAGED_PKG|Centify
11:33:38.17 (883479310)|ENTERING_MANAGED_PKG|Centify
11:33:38.17 (896508837)|ENTERING_MANAGED_PKG|Centify
11:33:38.17 (896585401)|ENTERING_MANAGED_PKG|Centify
11:33:38.17 (896680330)|ENTERING_MANAGED_PKG|Centify
11:33:38.17 (897337033)|ENTERING_MANAGED_PKG|Centify
11:33:38.17 (898150789)|SOQL_EXECUTE_BEGIN|[16]|Aggregations:0|select id,lastmodifieddate,isdeleted,ownerid,status,whatid,activitydate,tasksubtype,isclosed,subject from Task where LastModifiedDate >2018-10-23T01:32:37Z AND LastModifiedDate < 2018-10-23T01:33:44Z AND (  Subject = 'Email' )  ORDER BY SystemModStamp DESC LIMIT 5000  ALL ROWS
11:33:38.17 (905484658)|SOQL_EXECUTE_END|[16]|Rows:0
11:33:38.931 (931742515)|CUMULATIVE_LIMIT_USAGE
11:33:38.931 (931742515)|LIMIT_USAGE_FOR_NS|(default)|
  Number of SOQL queries: 0 out of 200
  Number of query rows: 0 out of 50000
  Number of SOSL queries: 0 out of 20
  Number of DML statements: 0 out of 150
  Number of DML rows: 0 out of 10000
  Maximum CPU time: 0 out of 60000
  Maximum heap size: 0 out of 12000000
  Number of callouts: 0 out of 0
  Number of Email Invocations: 0 out of 10
  Number of future calls: 0 out of 0
  Number of queueable jobs added to the queue: 0 out of 1
  Number of Mobile Apex push calls: 0 out of 10

11:33:38.931 (931742515)|LIMIT_USAGE_FOR_NS|Centify|
  Number of SOQL queries: 0 out of 200
  Number of query rows: 0 out of 50000
  Number of SOSL queries: 0 out of 20
  Number of DML statements: 0 out of 150
  Number of DML rows: 0 out of 10000
  Maximum CPU time: 0 out of 60000
  Maximum heap size: 0 out of 12000000
  Number of callouts: 0 out of 0
  Number of Email Invocations: 0 out of 10
  Number of future calls: 0 out of 0
  Number of queueable jobs added to the queue: 0 out of 1
  Number of Mobile Apex push calls: 0 out of 10

11:33:38.931 (931742515)|CUMULATIVE_LIMIT_USAGE_END

