37.0 APEX_CODE,FINEST;APEX_PROFILING,INFO;CALLOUT,INFO;DB,INFO;NBA,INFO;SYSTEM,DEBUG;VALIDATION,INFO;VISUALFORCE,INFO;WAVE,INFO;WORKFLOW,INFO
11:46:17.11 (11392774)|ENTERING_MANAGED_PKG|Centify
11:46:17.11 (15314727)|ENTERING_MANAGED_PKG|Centify
11:46:17.11 (15360654)|ENTERING_MANAGED_PKG|Centify
11:46:17.11 (17229698)|ENTERING_MANAGED_PKG|Centify
11:46:17.11 (17274622)|ENTERING_MANAGED_PKG|Centify
11:46:17.11 (17365237)|ENTERING_MANAGED_PKG|Centify
11:46:17.11 (17760583)|ENTERING_MANAGED_PKG|Centify
11:46:17.11 (25340156)|ENTERING_MANAGED_PKG|Centify
11:46:17.11 (25390794)|ENTERING_MANAGED_PKG|Centify
11:46:17.11 (25663989)|ENTERING_MANAGED_PKG|Centify
11:46:17.11 (25696656)|ENTERING_MANAGED_PKG|Centify
11:46:17.11 (25998740)|ENTERING_MANAGED_PKG|Centify
11:46:17.11 (27612924)|ENTERING_MANAGED_PKG|Centify
11:46:17.11 (27665604)|ENTERING_MANAGED_PKG|Centify
11:46:17.11 (27764275)|ENTERING_MANAGED_PKG|Centify
11:46:17.11 (27850112)|ENTERING_MANAGED_PKG|Centify
11:46:17.11 (27895902)|ENTERING_MANAGED_PKG|Centify
11:46:17.11 (27958116)|ENTERING_MANAGED_PKG|Centify
11:46:17.11 (27979124)|ENTERING_MANAGED_PKG|Centify
11:46:17.11 (28007428)|ENTERING_MANAGED_PKG|Centify
11:46:17.11 (28136225)|ENTERING_MANAGED_PKG|Centify
11:46:17.11 (28173621)|ENTERING_MANAGED_PKG|Centify
11:46:17.11 (28975672)|ENTERING_MANAGED_PKG|Centify
11:46:17.11 (29018264)|ENTERING_MANAGED_PKG|Centify
11:46:17.11 (29052822)|ENTERING_MANAGED_PKG|Centify
11:46:17.11 (29189977)|ENTERING_MANAGED_PKG|Centify
11:46:17.11 (29237360)|ENTERING_MANAGED_PKG|Centify
11:46:17.11 (29980500)|ENTERING_MANAGED_PKG|Centify
11:46:17.11 (30125134)|ENTERING_MANAGED_PKG|Centify
11:46:17.11 (30223812)|ENTERING_MANAGED_PKG|Centify
11:46:17.11 (30281068)|ENTERING_MANAGED_PKG|Centify
11:46:17.11 (30343278)|ENTERING_MANAGED_PKG|Centify
11:46:17.11 (30423672)|ENTERING_MANAGED_PKG|Centify
11:46:17.11 (30522093)|ENTERING_MANAGED_PKG|Centify
11:46:17.11 (30577041)|ENTERING_MANAGED_PKG|Centify
11:46:17.11 (30637139)|ENTERING_MANAGED_PKG|Centify
11:46:17.11 (30745302)|ENTERING_MANAGED_PKG|Centify
11:46:17.11 (30813223)|ENTERING_MANAGED_PKG|Centify
11:46:17.11 (30919938)|ENTERING_MANAGED_PKG|Centify
11:46:17.11 (30982053)|ENTERING_MANAGED_PKG|Centify
11:46:17.11 (31079682)|ENTERING_MANAGED_PKG|Centify
11:46:17.11 (31141189)|ENTERING_MANAGED_PKG|Centify
11:46:17.11 (31234990)|ENTERING_MANAGED_PKG|Centify
11:46:17.11 (31294005)|ENTERING_MANAGED_PKG|Centify
11:46:17.11 (31759346)|ENTERING_MANAGED_PKG|Centify
11:46:17.11 (31836798)|ENTERING_MANAGED_PKG|Centify
11:46:17.11 (31943549)|ENTERING_MANAGED_PKG|Centify
11:46:17.11 (32008584)|ENTERING_MANAGED_PKG|Centify
11:46:17.11 (32107196)|ENTERING_MANAGED_PKG|Centify
11:46:17.11 (32157312)|ENTERING_MANAGED_PKG|Centify
11:46:17.11 (33207379)|DML_BEGIN|[76]|Op:Insert|Type:Centify__Notification__c|Rows:1
11:46:17.11 (67828133)|DML_END|[76]
11:46:17.11 (67961382)|ENTERING_MANAGED_PKG|Centify
11:46:17.11 (68234595)|ENTERING_MANAGED_PKG|Centify
11:46:17.87 (87414130)|CUMULATIVE_LIMIT_USAGE
11:46:17.87 (87414130)|LIMIT_USAGE_FOR_NS|(default)|
  Number of SOQL queries: 0 out of 200
  Number of query rows: 0 out of 50000
  Number of SOSL queries: 0 out of 20
  Number of DML statements: 0 out of 150
  Number of DML rows: 0 out of 10000
  Maximum CPU time: 0 out of 60000
  Maximum heap size: 0 out of 12000000
  Number of callouts: 0 out of 0
  Number of Email Invocations: 0 out of 10
  Number of future calls: 0 out of 0
  Number of queueable jobs added to the queue: 0 out of 1
  Number of Mobile Apex push calls: 0 out of 10

11:46:17.87 (87414130)|LIMIT_USAGE_FOR_NS|Centify|
  Number of SOQL queries: 0 out of 200
  Number of query rows: 0 out of 50000
  Number of SOSL queries: 0 out of 20
  Number of DML statements: 0 out of 150
  Number of DML rows: 0 out of 10000
  Maximum CPU time: 0 out of 60000
  Maximum heap size: 0 out of 12000000
  Number of callouts: 0 out of 0
  Number of Email Invocations: 0 out of 10
  Number of future calls: 0 out of 0
  Number of queueable jobs added to the queue: 0 out of 1
  Number of Mobile Apex push calls: 0 out of 10

11:46:17.87 (87414130)|CUMULATIVE_LIMIT_USAGE_END

