31.0 APEX_CODE,FINEST;APEX_PROFILING,INFO;CALLOUT,INFO;DB,INFO;NBA,INFO;SYSTEM,DEBUG;VALIDATION,INFO;VISUALFORCE,INFO;WAVE,INFO;WORKFLOW,INFO
19:00:02.0 (99385)|USER_INFO|[EXTERNAL]|00590000000Vmmq|ben@bjbglobal.com.au|Australian Eastern Standard Time|GMT+10:00
19:00:02.0 (138170)|EXECUTION_STARTED
19:00:02.0 (143195)|CODE_UNIT_STARTED|[EXTERNAL]|01p90000006GiLj|Check Invoice Batch
19:00:02.0 (18602226)|HEAP_ALLOCATE|[72]|Bytes:3
19:00:02.0 (18687117)|HEAP_ALLOCATE|[77]|Bytes:152
19:00:02.0 (18710644)|HEAP_ALLOCATE|[342]|Bytes:408
19:00:02.0 (18731602)|HEAP_ALLOCATE|[355]|Bytes:408
19:00:02.0 (18751210)|HEAP_ALLOCATE|[467]|Bytes:48
19:00:02.0 (18801788)|HEAP_ALLOCATE|[139]|Bytes:6
19:00:02.0 (18838222)|HEAP_ALLOCATE|[EXTERNAL]|Bytes:3
19:00:02.0 (18857126)|SYSTEM_METHOD_ENTRY|[1]|SchedulableContextImpl.SchedulableContextImpl()
19:00:02.0 (18867307)|STATEMENT_EXECUTE|[1]
19:00:02.0 (18880297)|SYSTEM_METHOD_EXIT|[1]|SchedulableContextImpl
19:00:02.0 (18891308)|HEAP_ALLOCATE|[EXTERNAL]|Bytes:8
19:00:02.0 (18896851)|HEAP_ALLOCATE|[EXTERNAL]|Bytes:4
19:00:02.0 (18907588)|VARIABLE_SCOPE_BEGIN|[4]|this|System.SchedulableContextImpl|true|false
19:00:02.0 (18964660)|VARIABLE_ASSIGNMENT|[4]|this|{}|0x56f7a540
19:00:02.0 (18976416)|VARIABLE_SCOPE_BEGIN|[4]|triggerId|Id|false|false
19:00:02.0 (19117797)|VARIABLE_ASSIGNMENT|[4]|triggerId|"08e9000000v3FNsAAM"
19:00:02.0 (19359745)|HEAP_ALLOCATE|[EXTERNAL]|Bytes:1
19:00:02.0 (19376945)|METHOD_ENTRY|[1]|01p90000006GiLj|CheckInvoiceBatchScheduler.CheckInvoiceBatchScheduler()
19:00:02.0 (19384284)|STATEMENT_EXECUTE|[1]
19:00:02.0 (19388454)|STATEMENT_EXECUTE|[1]
19:00:02.0 (19392467)|METHOD_EXIT|[1]|CheckInvoiceBatchScheduler
19:00:02.0 (19400511)|HEAP_ALLOCATE|[EXTERNAL]|Bytes:4
19:00:02.0 (19404719)|HEAP_ALLOCATE|[EXTERNAL]|Bytes:8
19:00:02.0 (19410514)|VARIABLE_SCOPE_BEGIN|[2]|this|CheckInvoiceBatchScheduler|true|false
19:00:02.0 (19428053)|VARIABLE_ASSIGNMENT|[2]|this|{}|0x59d312d1
19:00:02.0 (19439101)|VARIABLE_SCOPE_BEGIN|[2]|SC|System.SchedulableContext|true|false
19:00:02.0 (19494537)|VARIABLE_ASSIGNMENT|[2]|SC|{"triggerId":"08e9000000v3FNsAAM"}|0x56f7a540
19:00:02.0 (19507664)|STATEMENT_EXECUTE|[2]
19:00:02.0 (19509386)|STATEMENT_EXECUTE|[3]
19:00:02.0 (19575300)|HEAP_ALLOCATE|[3]|Bytes:4
19:00:02.0 (19619960)|HEAP_ALLOCATE|[3]|Bytes:5
19:00:02.0 (19632632)|HEAP_ALLOCATE|[3]|Bytes:5
19:00:02.0 (19637067)|HEAP_ALLOCATE|[3]|Bytes:5
19:00:02.0 (19641113)|HEAP_ALLOCATE|[3]|Bytes:5
19:00:02.0 (19644718)|HEAP_ALLOCATE|[3]|Bytes:6
19:00:02.0 (19650208)|VARIABLE_SCOPE_BEGIN|[3]|periods|List<String>|true|false
19:00:02.0 (19687400)|HEAP_ALLOCATE|[EXTERNAL]|Bytes:24
19:00:02.0 (19704589)|VARIABLE_ASSIGNMENT|[3]|periods|["Today","3 Day","5 Day","9 Day","13 Day"]|0x6133beba
19:00:02.0 (19710419)|STATEMENT_EXECUTE|[4]
19:00:02.0 (19721009)|HEAP_ALLOCATE|[4]|Bytes:4
19:00:02.0 (19738090)|HEAP_ALLOCATE|[4]|Bytes:3
19:00:02.0 (19743817)|HEAP_ALLOCATE|[4]|Bytes:6
19:00:02.0 (19748349)|HEAP_ALLOCATE|[4]|Bytes:3
19:00:02.0 (19751821)|HEAP_ALLOCATE|[4]|Bytes:6
19:00:02.0 (19755930)|VARIABLE_SCOPE_BEGIN|[4]|prefixes|List<String>|true|false
19:00:02.0 (19771166)|HEAP_ALLOCATE|[EXTERNAL]|Bytes:20
19:00:02.0 (19780579)|VARIABLE_ASSIGNMENT|[4]|prefixes|["SLX","SLX NZ","GMT","GMT NZ"]|0x58d425e2
19:00:02.0 (19786031)|STATEMENT_EXECUTE|[5]
19:00:02.0 (19792736)|VARIABLE_SCOPE_BEGIN|[5]|emailBody|String|false|false
19:00:02.0 (19806950)|VARIABLE_ASSIGNMENT|[5]|emailBody|""
19:00:02.0 (19927916)|HEAP_ALLOCATE|[50]|Bytes:5
19:00:02.0 (19948369)|HEAP_ALLOCATE|[56]|Bytes:5
19:00:02.0 (19956567)|HEAP_ALLOCATE|[64]|Bytes:7
19:00:02.0 (19968467)|HEAP_ALLOCATE|[7]|Bytes:5
19:00:02.0 (19984775)|HEAP_ALLOCATE|[7]|Bytes:5
19:00:02.0 (19993952)|VARIABLE_SCOPE_BEGIN|[7]|period|String|false|false
19:00:02.0 (20005027)|VARIABLE_ASSIGNMENT|[7]|period|"Today"
19:00:02.0 (20010651)|STATEMENT_EXECUTE|[7]
19:00:02.0 (20035456)|HEAP_ALLOCATE|[8]|Bytes:5
19:00:02.0 (20044275)|HEAP_ALLOCATE|[8]|Bytes:3
19:00:02.0 (20049012)|VARIABLE_SCOPE_BEGIN|[8]|prefix|String|false|false
19:00:02.0 (20059236)|VARIABLE_ASSIGNMENT|[8]|prefix|"SLX"
19:00:02.0 (20063975)|STATEMENT_EXECUTE|[8]
19:00:02.0 (20065579)|STATEMENT_EXECUTE|[10]
19:00:02.0 (20072635)|HEAP_ALLOCATE|[10]|Bytes:1
19:00:02.0 (20117991)|HEAP_ALLOCATE|[10]|Bytes:56
19:00:02.0 (20128640)|HEAP_ALLOCATE|[10]|Bytes:15
19:00:02.0 (20152766)|HEAP_ALLOCATE|[10]|Bytes:17
19:00:02.0 (20160077)|HEAP_ALLOCATE|[10]|Bytes:14
19:00:02.0 (20173690)|HEAP_ALLOCATE|[10]|Bytes:41
19:00:02.0 (20177786)|VARIABLE_SCOPE_BEGIN|[10]|batchName|String|false|false
19:00:02.0 (20190824)|VARIABLE_ASSIGNMENT|[10]|batchName|"SLX Friday 2018-09-2 (21 more) ..."
19:00:02.0 (20195756)|STATEMENT_EXECUTE|[11]
19:00:02.0 (20201796)|HEAP_ALLOCATE|[11]|Bytes:122
19:00:02.0 (20220886)|HEAP_ALLOCATE|[11]|Bytes:4
19:00:02.0 (20230188)|HEAP_ALLOCATE|[11]|Bytes:7
19:00:02.0 (32588602)|SOQL_EXECUTE_BEGIN|[11]|Aggregations:0|SELECT Id FROM Invoice_Batch__c WHERE (name = :tmpVar1 AND Batch_Date__c = Today AND status__c = 'Batch Approved') LIMIT 1
19:00:02.0 (60148375)|SOQL_EXECUTE_END|[11]|Rows:1
19:00:02.0 (60190018)|HEAP_ALLOCATE|[11]|Bytes:8
19:00:02.0 (60211270)|HEAP_ALLOCATE|[11]|Bytes:33
19:00:02.0 (60297388)|HEAP_ALLOCATE|[11]|Bytes:8
19:00:02.0 (60324738)|VARIABLE_SCOPE_BEGIN|[11]|batch|List<Invoice_Batch__c>|true|false
19:00:02.0 (60380908)|VARIABLE_ASSIGNMENT|[11]|batch|[{"Id":"a0F6F00000teSGgUAM"}]|0x304194ea
19:00:02.0 (60482626)|STATEMENT_EXECUTE|[12]
19:00:02.0 (60491341)|STATEMENT_EXECUTE|[17]
19:00:02.0 (60544601)|HEAP_ALLOCATE|[17]|Bytes:56
19:00:02.0 (60585397)|HEAP_ALLOCATE|[17]|Bytes:17
19:00:02.0 (60598571)|HEAP_ALLOCATE|[17]|Bytes:14
19:00:02.0 (60611635)|HEAP_ALLOCATE|[17]|Bytes:41
19:00:02.0 (60626847)|VARIABLE_ASSIGNMENT|[17]|batchName|"SLX Friday 2018-09-2 (21 more) ..."
19:00:02.0 (60632953)|STATEMENT_EXECUTE|[18]
19:00:02.0 (60639426)|HEAP_ALLOCATE|[18]|Bytes:89
19:00:02.0 (60657218)|HEAP_ALLOCATE|[18]|Bytes:4
19:00:02.0 (60999796)|SOQL_EXECUTE_BEGIN|[18]|Aggregations:0|SELECT Id FROM Invoice_Batch__c WHERE (name = :tmpVar1 AND Batch_Date__c = Today) LIMIT 1
19:00:02.0 (75740340)|SOQL_EXECUTE_END|[18]|Rows:1
19:00:02.0 (75772473)|HEAP_ALLOCATE|[18]|Bytes:8
19:00:02.0 (75801578)|HEAP_ALLOCATE|[18]|Bytes:33
19:00:02.0 (75829487)|HEAP_ALLOCATE|[18]|Bytes:8
19:00:02.0 (75873533)|VARIABLE_ASSIGNMENT|[18]|batch|[{"Id":"a0F6F00000teSISUA2"}]|0x6ec2e55d
19:00:02.0 (75923989)|STATEMENT_EXECUTE|[19]
19:00:02.0 (75945591)|HEAP_ALLOCATE|[8]|Bytes:5
19:00:02.0 (75957883)|HEAP_ALLOCATE|[8]|Bytes:6
19:00:02.0 (75966807)|VARIABLE_SCOPE_BEGIN|[8]|prefix|String|false|false
19:00:02.0 (75981957)|VARIABLE_ASSIGNMENT|[8]|prefix|"SLX NZ"
19:00:02.0 (75987031)|STATEMENT_EXECUTE|[8]
19:00:02.0 (75988888)|STATEMENT_EXECUTE|[10]
19:00:02.0 (76013048)|HEAP_ALLOCATE|[10]|Bytes:56
19:00:02.0 (76052060)|HEAP_ALLOCATE|[10]|Bytes:17
19:00:02.0 (76070332)|HEAP_ALLOCATE|[10]|Bytes:44
19:00:02.0 (76078048)|VARIABLE_SCOPE_BEGIN|[10]|batchName|String|false|false
19:00:02.0 (76096638)|VARIABLE_ASSIGNMENT|[10]|batchName|"SLX NZ Friday 2018-0 (24 more) ..."
19:00:02.0 (76104486)|STATEMENT_EXECUTE|[11]
19:00:02.0 (76121683)|HEAP_ALLOCATE|[11]|Bytes:4
19:00:02.0 (76429237)|SOQL_EXECUTE_BEGIN|[11]|Aggregations:0|SELECT Id FROM Invoice_Batch__c WHERE (name = :tmpVar1 AND Batch_Date__c = Today AND status__c = 'Batch Approved') LIMIT 1
19:00:02.0 (91943814)|SOQL_EXECUTE_END|[11]|Rows:1
19:00:02.0 (91979507)|HEAP_ALLOCATE|[11]|Bytes:8
19:00:02.0 (92002111)|HEAP_ALLOCATE|[11]|Bytes:33
19:00:02.0 (92041108)|HEAP_ALLOCATE|[11]|Bytes:8
19:00:02.0 (92059567)|VARIABLE_SCOPE_BEGIN|[11]|batch|List<Invoice_Batch__c>|true|false
19:00:02.0 (92097979)|VARIABLE_ASSIGNMENT|[11]|batch|[{"Id":"a0F6F00000teSHjUAM"}]|0x1808ab51
19:00:02.0 (92126041)|STATEMENT_EXECUTE|[12]
19:00:02.0 (92134758)|STATEMENT_EXECUTE|[17]
19:00:02.0 (92162480)|HEAP_ALLOCATE|[17]|Bytes:56
19:00:02.0 (92196265)|HEAP_ALLOCATE|[17]|Bytes:17
19:00:02.0 (92210027)|HEAP_ALLOCATE|[17]|Bytes:44
19:00:02.0 (92221790)|VARIABLE_ASSIGNMENT|[17]|batchName|"SLX NZ Friday 2018-0 (24 more) ..."
19:00:02.0 (92227072)|STATEMENT_EXECUTE|[18]
19:00:02.0 (92244091)|HEAP_ALLOCATE|[18]|Bytes:4
19:00:02.0 (92533838)|SOQL_EXECUTE_BEGIN|[18]|Aggregations:0|SELECT Id FROM Invoice_Batch__c WHERE (name = :tmpVar1 AND Batch_Date__c = Today) LIMIT 1
19:00:02.0 (107528483)|SOQL_EXECUTE_END|[18]|Rows:1
19:00:02.0 (107560111)|HEAP_ALLOCATE|[18]|Bytes:8
19:00:02.0 (107580566)|HEAP_ALLOCATE|[18]|Bytes:33
19:00:02.0 (107606780)|HEAP_ALLOCATE|[18]|Bytes:8
19:00:02.0 (107648809)|VARIABLE_ASSIGNMENT|[18]|batch|[{"Id":"a0F6F00000teSI3UAM"}]|0x6d38fca8
19:00:02.0 (107675728)|STATEMENT_EXECUTE|[19]
19:00:02.0 (107697727)|HEAP_ALLOCATE|[8]|Bytes:5
19:00:02.0 (107709435)|HEAP_ALLOCATE|[8]|Bytes:3
19:00:02.0 (107718780)|VARIABLE_SCOPE_BEGIN|[8]|prefix|String|false|false
19:00:02.0 (107730351)|VARIABLE_ASSIGNMENT|[8]|prefix|"GMT"
19:00:02.0 (107735645)|STATEMENT_EXECUTE|[8]
19:00:02.0 (107737475)|STATEMENT_EXECUTE|[10]
19:00:02.0 (107761175)|HEAP_ALLOCATE|[10]|Bytes:56
19:00:02.0 (107783673)|HEAP_ALLOCATE|[10]|Bytes:17
19:00:02.0 (107801260)|HEAP_ALLOCATE|[10]|Bytes:41
19:00:02.0 (107807004)|VARIABLE_SCOPE_BEGIN|[10]|batchName|String|false|false
19:00:02.0 (107819930)|VARIABLE_ASSIGNMENT|[10]|batchName|"GMT Friday 2018-09-2 (21 more) ..."
19:00:02.0 (107824355)|STATEMENT_EXECUTE|[11]
19:00:02.0 (107839634)|HEAP_ALLOCATE|[11]|Bytes:4
19:00:02.0 (108192180)|SOQL_EXECUTE_BEGIN|[11]|Aggregations:0|SELECT Id FROM Invoice_Batch__c WHERE (name = :tmpVar1 AND Batch_Date__c = Today AND status__c = 'Batch Approved') LIMIT 1
19:00:02.0 (113102408)|SOQL_EXECUTE_END|[11]|Rows:1
19:00:02.0 (113138471)|HEAP_ALLOCATE|[11]|Bytes:8
19:00:02.0 (113160789)|HEAP_ALLOCATE|[11]|Bytes:33
19:00:02.0 (113189052)|HEAP_ALLOCATE|[11]|Bytes:8
19:00:02.0 (113206126)|VARIABLE_SCOPE_BEGIN|[11]|batch|List<Invoice_Batch__c>|true|false
19:00:02.0 (113242253)|VARIABLE_ASSIGNMENT|[11]|batch|[{"Id":"a0F6F00000teSH5UAM"}]|0x73ff8079
19:00:02.0 (113267534)|STATEMENT_EXECUTE|[12]
19:00:02.0 (113275947)|STATEMENT_EXECUTE|[17]
19:00:02.0 (113298856)|HEAP_ALLOCATE|[17]|Bytes:56
19:00:02.0 (113326445)|HEAP_ALLOCATE|[17]|Bytes:17
19:00:02.0 (113338938)|HEAP_ALLOCATE|[17]|Bytes:41
19:00:02.0 (113351224)|VARIABLE_ASSIGNMENT|[17]|batchName|"GMT Friday 2018-09-2 (21 more) ..."
19:00:02.0 (113356176)|STATEMENT_EXECUTE|[18]
19:00:02.0 (113372878)|HEAP_ALLOCATE|[18]|Bytes:4
19:00:02.0 (113749461)|SOQL_EXECUTE_BEGIN|[18]|Aggregations:0|SELECT Id FROM Invoice_Batch__c WHERE (name = :tmpVar1 AND Batch_Date__c = Today) LIMIT 1
19:00:02.0 (121173100)|SOQL_EXECUTE_END|[18]|Rows:1
19:00:02.0 (121209662)|HEAP_ALLOCATE|[18]|Bytes:8
19:00:02.0 (121230925)|HEAP_ALLOCATE|[18]|Bytes:33
19:00:02.0 (121264411)|HEAP_ALLOCATE|[18]|Bytes:8
19:00:02.0 (121319041)|VARIABLE_ASSIGNMENT|[18]|batch|[{"Id":"a0F6F00000teSLkUAM"}]|0x1102757b
19:00:02.0 (121353614)|STATEMENT_EXECUTE|[19]
19:00:02.0 (121381969)|HEAP_ALLOCATE|[8]|Bytes:5
19:00:02.0 (121399426)|HEAP_ALLOCATE|[8]|Bytes:6
19:00:02.0 (121412561)|VARIABLE_SCOPE_BEGIN|[8]|prefix|String|false|false
19:00:02.0 (121430247)|VARIABLE_ASSIGNMENT|[8]|prefix|"GMT NZ"
19:00:02.0 (121437893)|STATEMENT_EXECUTE|[8]
19:00:02.0 (121440471)|STATEMENT_EXECUTE|[10]
19:00:02.0 (121472529)|HEAP_ALLOCATE|[10]|Bytes:56
19:00:02.0 (121514856)|HEAP_ALLOCATE|[10]|Bytes:17
19:00:02.0 (121532327)|HEAP_ALLOCATE|[10]|Bytes:44
19:00:02.0 (121539467)|VARIABLE_SCOPE_BEGIN|[10]|batchName|String|false|false
19:00:02.0 (121557518)|VARIABLE_ASSIGNMENT|[10]|batchName|"GMT NZ Friday 2018-0 (24 more) ..."
19:00:02.0 (121563709)|STATEMENT_EXECUTE|[11]
19:00:02.0 (121585232)|HEAP_ALLOCATE|[11]|Bytes:4
19:00:02.0 (136948491)|SOQL_EXECUTE_BEGIN|[11]|Aggregations:0|SELECT Id FROM Invoice_Batch__c WHERE (name = :tmpVar1 AND Batch_Date__c = Today AND status__c = 'Batch Approved') LIMIT 1
19:00:02.0 (142009107)|SOQL_EXECUTE_END|[11]|Rows:1
19:00:02.0 (142049090)|HEAP_ALLOCATE|[11]|Bytes:8
19:00:02.0 (142074678)|HEAP_ALLOCATE|[11]|Bytes:33
19:00:02.0 (142109414)|HEAP_ALLOCATE|[11]|Bytes:8
19:00:02.0 (142132410)|VARIABLE_SCOPE_BEGIN|[11]|batch|List<Invoice_Batch__c>|true|false
19:00:02.0 (142182223)|VARIABLE_ASSIGNMENT|[11]|batch|[{"Id":"a0F6F00000teSHAUA2"}]|0x59532581
19:00:02.0 (142218515)|STATEMENT_EXECUTE|[12]
19:00:02.0 (142230205)|STATEMENT_EXECUTE|[17]
19:00:02.0 (142258687)|HEAP_ALLOCATE|[17]|Bytes:56
19:00:02.0 (142291755)|HEAP_ALLOCATE|[17]|Bytes:17
19:00:02.0 (142305457)|HEAP_ALLOCATE|[17]|Bytes:44
19:00:02.0 (142317269)|VARIABLE_ASSIGNMENT|[17]|batchName|"GMT NZ Friday 2018-0 (24 more) ..."
19:00:02.0 (142322142)|STATEMENT_EXECUTE|[18]
19:00:02.0 (142337214)|HEAP_ALLOCATE|[18]|Bytes:4
19:00:02.0 (142608672)|SOQL_EXECUTE_BEGIN|[18]|Aggregations:0|SELECT Id FROM Invoice_Batch__c WHERE (name = :tmpVar1 AND Batch_Date__c = Today) LIMIT 1
19:00:02.0 (148574642)|SOQL_EXECUTE_END|[18]|Rows:1
19:00:02.0 (148604163)|HEAP_ALLOCATE|[18]|Bytes:8
19:00:02.0 (148628353)|HEAP_ALLOCATE|[18]|Bytes:33
19:00:02.0 (148656154)|HEAP_ALLOCATE|[18]|Bytes:8
19:00:02.0 (148697379)|VARIABLE_ASSIGNMENT|[18]|batch|[{"Id":"a0F6F00000teSI8UAM"}]|0xade757f
19:00:02.0 (148725043)|STATEMENT_EXECUTE|[19]
19:00:02.0 (148750864)|HEAP_ALLOCATE|[8]|Bytes:5
19:00:02.0 (148765575)|VARIABLE_ASSIGNMENT|[8]|prefix|null
19:00:02.0 (148776570)|HEAP_ALLOCATE|[7]|Bytes:5
19:00:02.0 (148785733)|HEAP_ALLOCATE|[7]|Bytes:5
19:00:02.0 (148798691)|VARIABLE_SCOPE_BEGIN|[7]|period|String|false|false
19:00:02.0 (148825630)|VARIABLE_ASSIGNMENT|[7]|period|"3 Day"
19:00:02.0 (148833991)|STATEMENT_EXECUTE|[7]
19:00:02.0 (148858102)|HEAP_ALLOCATE|[8]|Bytes:5
19:00:02.0 (148872236)|HEAP_ALLOCATE|[8]|Bytes:3
19:00:02.0 (148878953)|VARIABLE_SCOPE_BEGIN|[8]|prefix|String|false|false
19:00:02.0 (148901042)|VARIABLE_ASSIGNMENT|[8]|prefix|"SLX"
19:00:02.0 (148908404)|STATEMENT_EXECUTE|[8]
19:00:02.0 (148911066)|STATEMENT_EXECUTE|[10]
19:00:02.0 (148961197)|HEAP_ALLOCATE|[10]|Bytes:56
19:00:02.0 (149000748)|HEAP_ALLOCATE|[10]|Bytes:17
19:00:02.0 (149023276)|HEAP_ALLOCATE|[10]|Bytes:41
19:00:02.0 (149034058)|VARIABLE_SCOPE_BEGIN|[10]|batchName|String|false|false
19:00:02.0 (149051507)|VARIABLE_ASSIGNMENT|[10]|batchName|"SLX Friday 2018-09-2 (21 more) ..."
19:00:02.0 (149056336)|STATEMENT_EXECUTE|[11]
19:00:02.0 (149072158)|HEAP_ALLOCATE|[11]|Bytes:4
19:00:02.0 (149390518)|SOQL_EXECUTE_BEGIN|[11]|Aggregations:0|SELECT Id FROM Invoice_Batch__c WHERE (name = :tmpVar1 AND Batch_Date__c = Today AND status__c = 'Batch Approved') LIMIT 1
19:00:02.0 (153629359)|SOQL_EXECUTE_END|[11]|Rows:1
19:00:02.0 (153657914)|HEAP_ALLOCATE|[11]|Bytes:8
19:00:02.0 (153678645)|HEAP_ALLOCATE|[11]|Bytes:33
19:00:02.0 (153705797)|HEAP_ALLOCATE|[11]|Bytes:8
19:00:02.0 (153722691)|VARIABLE_SCOPE_BEGIN|[11]|batch|List<Invoice_Batch__c>|true|false
19:00:02.0 (153758589)|VARIABLE_ASSIGNMENT|[11]|batch|[{"Id":"a0F6F00000teSGhUAM"}]|0x2435baca
19:00:02.0 (153783523)|STATEMENT_EXECUTE|[12]
19:00:02.0 (153791063)|STATEMENT_EXECUTE|[17]
19:00:02.0 (153822759)|HEAP_ALLOCATE|[17]|Bytes:56
19:00:02.0 (153849998)|HEAP_ALLOCATE|[17]|Bytes:17
19:00:02.0 (153862218)|HEAP_ALLOCATE|[17]|Bytes:41
19:00:02.0 (153873367)|VARIABLE_ASSIGNMENT|[17]|batchName|"SLX Friday 2018-09-2 (21 more) ..."
19:00:02.0 (153878991)|STATEMENT_EXECUTE|[18]
19:00:02.0 (153894695)|HEAP_ALLOCATE|[18]|Bytes:4
19:00:02.0 (154185728)|SOQL_EXECUTE_BEGIN|[18]|Aggregations:0|SELECT Id FROM Invoice_Batch__c WHERE (name = :tmpVar1 AND Batch_Date__c = Today) LIMIT 1
19:00:02.0 (158848850)|SOQL_EXECUTE_END|[18]|Rows:1
19:00:02.0 (158879937)|HEAP_ALLOCATE|[18]|Bytes:8
19:00:02.0 (158900152)|HEAP_ALLOCATE|[18]|Bytes:33
19:00:02.0 (158927742)|HEAP_ALLOCATE|[18]|Bytes:8
19:00:02.0 (158969843)|VARIABLE_ASSIGNMENT|[18]|batch|[{"Id":"a0F6F00000teSITUA2"}]|0x21749bf
19:00:02.0 (158994429)|STATEMENT_EXECUTE|[19]
19:00:02.0 (159017284)|HEAP_ALLOCATE|[8]|Bytes:5
19:00:02.0 (159029616)|HEAP_ALLOCATE|[8]|Bytes:6
19:00:02.0 (159039824)|VARIABLE_SCOPE_BEGIN|[8]|prefix|String|false|false
19:00:02.0 (159051175)|VARIABLE_ASSIGNMENT|[8]|prefix|"SLX NZ"
19:00:02.0 (159056515)|STATEMENT_EXECUTE|[8]
19:00:02.0 (159058812)|STATEMENT_EXECUTE|[10]
19:00:02.0 (159081905)|HEAP_ALLOCATE|[10]|Bytes:56
19:00:02.0 (159105690)|HEAP_ALLOCATE|[10]|Bytes:17
19:00:02.0 (159117470)|HEAP_ALLOCATE|[10]|Bytes:44
19:00:02.0 (159121521)|VARIABLE_SCOPE_BEGIN|[10]|batchName|String|false|false
19:00:02.0 (159134127)|VARIABLE_ASSIGNMENT|[10]|batchName|"SLX NZ Friday 2018-0 (24 more) ..."
19:00:02.0 (159138257)|STATEMENT_EXECUTE|[11]
19:00:02.0 (159152710)|HEAP_ALLOCATE|[11]|Bytes:4
19:00:02.0 (159609401)|SOQL_EXECUTE_BEGIN|[11]|Aggregations:0|SELECT Id FROM Invoice_Batch__c WHERE (name = :tmpVar1 AND Batch_Date__c = Today AND status__c = 'Batch Approved') LIMIT 1
19:00:02.0 (164618554)|SOQL_EXECUTE_END|[11]|Rows:1
19:00:02.0 (164649242)|HEAP_ALLOCATE|[11]|Bytes:8
19:00:02.0 (164668742)|HEAP_ALLOCATE|[11]|Bytes:33
19:00:02.0 (164704371)|HEAP_ALLOCATE|[11]|Bytes:8
19:00:02.0 (164735108)|VARIABLE_SCOPE_BEGIN|[11]|batch|List<Invoice_Batch__c>|true|false
19:00:02.0 (164774236)|VARIABLE_ASSIGNMENT|[11]|batch|[{"Id":"a0F6F00000teSHkUAM"}]|0x52c4aee5
19:00:02.0 (164799702)|STATEMENT_EXECUTE|[12]
19:00:02.0 (164808305)|STATEMENT_EXECUTE|[17]
19:00:02.0 (164831091)|HEAP_ALLOCATE|[17]|Bytes:56
19:00:02.0 (164859979)|HEAP_ALLOCATE|[17]|Bytes:17
19:00:02.0 (164873302)|HEAP_ALLOCATE|[17]|Bytes:44
19:00:02.0 (164885561)|VARIABLE_ASSIGNMENT|[17]|batchName|"SLX NZ Friday 2018-0 (24 more) ..."
19:00:02.0 (164891049)|STATEMENT_EXECUTE|[18]
19:00:02.0 (164905314)|HEAP_ALLOCATE|[18]|Bytes:4
19:00:02.0 (165190670)|SOQL_EXECUTE_BEGIN|[18]|Aggregations:0|SELECT Id FROM Invoice_Batch__c WHERE (name = :tmpVar1 AND Batch_Date__c = Today) LIMIT 1
19:00:02.0 (172156758)|SOQL_EXECUTE_END|[18]|Rows:1
19:00:02.0 (172203281)|HEAP_ALLOCATE|[18]|Bytes:8
19:00:02.0 (172231986)|HEAP_ALLOCATE|[18]|Bytes:33
19:00:02.0 (172289850)|HEAP_ALLOCATE|[18]|Bytes:8
19:00:02.0 (172382347)|VARIABLE_ASSIGNMENT|[18]|batch|[{"Id":"a0F6F00000teSI4UAM"}]|0x59207f07
19:00:02.0 (172441236)|STATEMENT_EXECUTE|[19]
19:00:02.0 (172476739)|HEAP_ALLOCATE|[8]|Bytes:5
19:00:02.0 (172498292)|HEAP_ALLOCATE|[8]|Bytes:3
19:00:02.0 (172514250)|VARIABLE_SCOPE_BEGIN|[8]|prefix|String|false|false
19:00:02.0 (172533963)|VARIABLE_ASSIGNMENT|[8]|prefix|"GMT"
19:00:02.0 (172542529)|STATEMENT_EXECUTE|[8]
19:00:02.0 (172545190)|STATEMENT_EXECUTE|[10]
19:00:02.0 (172581070)|HEAP_ALLOCATE|[10]|Bytes:56
19:00:02.0 (172624386)|HEAP_ALLOCATE|[10]|Bytes:17
19:00:02.0 (172646908)|HEAP_ALLOCATE|[10]|Bytes:41
19:00:02.0 (172654788)|VARIABLE_SCOPE_BEGIN|[10]|batchName|String|false|false
19:00:02.0 (172682557)|VARIABLE_ASSIGNMENT|[10]|batchName|"GMT Friday 2018-09-2 (21 more) ..."
19:00:02.0 (172690992)|STATEMENT_EXECUTE|[11]
19:00:02.0 (172718399)|HEAP_ALLOCATE|[11]|Bytes:4
19:00:02.0 (173247025)|SOQL_EXECUTE_BEGIN|[11]|Aggregations:0|SELECT Id FROM Invoice_Batch__c WHERE (name = :tmpVar1 AND Batch_Date__c = Today AND status__c = 'Batch Approved') LIMIT 1
19:00:02.0 (179573245)|SOQL_EXECUTE_END|[11]|Rows:1
19:00:02.0 (179613772)|HEAP_ALLOCATE|[11]|Bytes:8
19:00:02.0 (179638176)|HEAP_ALLOCATE|[11]|Bytes:33
19:00:02.0 (179672768)|HEAP_ALLOCATE|[11]|Bytes:8
19:00:02.0 (179695642)|VARIABLE_SCOPE_BEGIN|[11]|batch|List<Invoice_Batch__c>|true|false
19:00:02.0 (179744223)|VARIABLE_ASSIGNMENT|[11]|batch|[{"Id":"a0F6F00000teSH6UAM"}]|0x7b19b377
19:00:02.0 (179778648)|STATEMENT_EXECUTE|[12]
19:00:02.0 (179789567)|STATEMENT_EXECUTE|[17]
19:00:02.0 (179822136)|HEAP_ALLOCATE|[17]|Bytes:56
19:00:02.0 (179861821)|HEAP_ALLOCATE|[17]|Bytes:17
19:00:02.0 (179879092)|HEAP_ALLOCATE|[17]|Bytes:41
19:00:02.0 (179895509)|VARIABLE_ASSIGNMENT|[17]|batchName|"GMT Friday 2018-09-2 (21 more) ..."
19:00:02.0 (179903499)|STATEMENT_EXECUTE|[18]
19:00:02.0 (179926105)|HEAP_ALLOCATE|[18]|Bytes:4
19:00:02.0 (180360601)|SOQL_EXECUTE_BEGIN|[18]|Aggregations:0|SELECT Id FROM Invoice_Batch__c WHERE (name = :tmpVar1 AND Batch_Date__c = Today) LIMIT 1
19:00:02.0 (185733281)|SOQL_EXECUTE_END|[18]|Rows:1
19:00:02.0 (185767484)|HEAP_ALLOCATE|[18]|Bytes:8
19:00:02.0 (185788184)|HEAP_ALLOCATE|[18]|Bytes:33
19:00:02.0 (185831106)|HEAP_ALLOCATE|[18]|Bytes:8
19:00:02.0 (185888410)|VARIABLE_ASSIGNMENT|[18]|batch|[{"Id":"a0F6F00000teSLlUAM"}]|0x5977d697
19:00:02.0 (185927286)|STATEMENT_EXECUTE|[19]
19:00:02.0 (185975076)|HEAP_ALLOCATE|[8]|Bytes:5
19:00:02.0 (185995169)|HEAP_ALLOCATE|[8]|Bytes:6
19:00:02.0 (186009283)|VARIABLE_SCOPE_BEGIN|[8]|prefix|String|false|false
19:00:02.0 (186022572)|VARIABLE_ASSIGNMENT|[8]|prefix|"GMT NZ"
19:00:02.0 (186028282)|STATEMENT_EXECUTE|[8]
19:00:02.0 (186030475)|STATEMENT_EXECUTE|[10]
19:00:02.0 (186062325)|HEAP_ALLOCATE|[10]|Bytes:56
19:00:02.0 (186094660)|HEAP_ALLOCATE|[10]|Bytes:17
19:00:02.0 (186108160)|HEAP_ALLOCATE|[10]|Bytes:44
19:00:02.0 (186114667)|VARIABLE_SCOPE_BEGIN|[10]|batchName|String|false|false
19:00:02.0 (186128307)|VARIABLE_ASSIGNMENT|[10]|batchName|"GMT NZ Friday 2018-0 (24 more) ..."
19:00:02.0 (186132722)|STATEMENT_EXECUTE|[11]
19:00:02.0 (186156427)|HEAP_ALLOCATE|[11]|Bytes:4
19:00:02.0 (186578917)|SOQL_EXECUTE_BEGIN|[11]|Aggregations:0|SELECT Id FROM Invoice_Batch__c WHERE (name = :tmpVar1 AND Batch_Date__c = Today AND status__c = 'Batch Approved') LIMIT 1
19:00:02.0 (191176707)|SOQL_EXECUTE_END|[11]|Rows:1
19:00:02.0 (191205891)|HEAP_ALLOCATE|[11]|Bytes:8
19:00:02.0 (191225182)|HEAP_ALLOCATE|[11]|Bytes:33
19:00:02.0 (191253991)|HEAP_ALLOCATE|[11]|Bytes:8
19:00:02.0 (191270364)|VARIABLE_SCOPE_BEGIN|[11]|batch|List<Invoice_Batch__c>|true|false
19:00:02.0 (191305524)|VARIABLE_ASSIGNMENT|[11]|batch|[{"Id":"a0F6F00000teSHBUA2"}]|0x1a67e596
19:00:02.0 (191329270)|STATEMENT_EXECUTE|[12]
19:00:02.0 (191336943)|STATEMENT_EXECUTE|[17]
19:00:02.0 (191357248)|HEAP_ALLOCATE|[17]|Bytes:56
19:00:02.0 (191382823)|HEAP_ALLOCATE|[17]|Bytes:17
19:00:02.0 (191395673)|HEAP_ALLOCATE|[17]|Bytes:44
19:00:02.0 (191406833)|VARIABLE_ASSIGNMENT|[17]|batchName|"GMT NZ Friday 2018-0 (24 more) ..."
19:00:02.0 (191411769)|STATEMENT_EXECUTE|[18]
19:00:02.0 (191424989)|HEAP_ALLOCATE|[18]|Bytes:4
19:00:02.0 (191739880)|SOQL_EXECUTE_BEGIN|[18]|Aggregations:0|SELECT Id FROM Invoice_Batch__c WHERE (name = :tmpVar1 AND Batch_Date__c = Today) LIMIT 1
19:00:02.0 (196147213)|SOQL_EXECUTE_END|[18]|Rows:1
19:00:02.0 (196173538)|HEAP_ALLOCATE|[18]|Bytes:8
19:00:02.0 (196193143)|HEAP_ALLOCATE|[18]|Bytes:33
19:00:02.0 (196220961)|HEAP_ALLOCATE|[18]|Bytes:8
19:00:02.0 (196261305)|VARIABLE_ASSIGNMENT|[18]|batch|[{"Id":"a0F6F00000teSI9UAM"}]|0x3b81bb7c
19:00:02.0 (196288051)|STATEMENT_EXECUTE|[19]
19:00:02.0 (196315398)|HEAP_ALLOCATE|[8]|Bytes:5
19:00:02.0 (196330967)|VARIABLE_ASSIGNMENT|[8]|prefix|null
19:00:02.0 (196341205)|HEAP_ALLOCATE|[7]|Bytes:5
19:00:02.0 (196358504)|HEAP_ALLOCATE|[7]|Bytes:5
19:00:02.0 (196372128)|VARIABLE_SCOPE_BEGIN|[7]|period|String|false|false
19:00:02.0 (196384773)|VARIABLE_ASSIGNMENT|[7]|period|"5 Day"
19:00:02.0 (196389746)|STATEMENT_EXECUTE|[7]
19:00:02.0 (196407964)|HEAP_ALLOCATE|[8]|Bytes:5
19:00:02.0 (196415521)|HEAP_ALLOCATE|[8]|Bytes:3
19:00:02.0 (196420384)|VARIABLE_SCOPE_BEGIN|[8]|prefix|String|false|false
19:00:02.0 (196428694)|VARIABLE_ASSIGNMENT|[8]|prefix|"SLX"
19:00:02.0 (196433313)|STATEMENT_EXECUTE|[8]
19:00:02.0 (196434916)|STATEMENT_EXECUTE|[10]
19:00:02.0 (196458086)|HEAP_ALLOCATE|[10]|Bytes:56
19:00:02.0 (196483033)|HEAP_ALLOCATE|[10]|Bytes:17
19:00:02.0 (196494719)|HEAP_ALLOCATE|[10]|Bytes:41
19:00:02.0 (196498574)|VARIABLE_SCOPE_BEGIN|[10]|batchName|String|false|false
19:00:02.0 (196510470)|VARIABLE_ASSIGNMENT|[10]|batchName|"SLX Friday 2018-09-2 (21 more) ..."
19:00:02.0 (196515231)|STATEMENT_EXECUTE|[11]
19:00:02.0 (196531872)|HEAP_ALLOCATE|[11]|Bytes:4
19:00:02.0 (196865721)|SOQL_EXECUTE_BEGIN|[11]|Aggregations:0|SELECT Id FROM Invoice_Batch__c WHERE (name = :tmpVar1 AND Batch_Date__c = Today AND status__c = 'Batch Approved') LIMIT 1
19:00:02.0 (201491146)|SOQL_EXECUTE_END|[11]|Rows:1
19:00:02.0 (201521867)|HEAP_ALLOCATE|[11]|Bytes:8
19:00:02.0 (201542607)|HEAP_ALLOCATE|[11]|Bytes:33
19:00:02.0 (201575997)|HEAP_ALLOCATE|[11]|Bytes:8
19:00:02.0 (201592185)|VARIABLE_SCOPE_BEGIN|[11]|batch|List<Invoice_Batch__c>|true|false
19:00:02.0 (201628570)|VARIABLE_ASSIGNMENT|[11]|batch|[{"Id":"a0F6F00000teSGiUAM"}]|0x39832a53
19:00:02.0 (201654312)|STATEMENT_EXECUTE|[12]
19:00:02.0 (201661788)|STATEMENT_EXECUTE|[17]
19:00:02.0 (201683428)|HEAP_ALLOCATE|[17]|Bytes:56
19:00:02.0 (201711215)|HEAP_ALLOCATE|[17]|Bytes:17
19:00:02.0 (201725702)|HEAP_ALLOCATE|[17]|Bytes:41
19:00:02.0 (201740408)|VARIABLE_ASSIGNMENT|[17]|batchName|"SLX Friday 2018-09-2 (21 more) ..."
19:00:02.0 (201745232)|STATEMENT_EXECUTE|[18]
19:00:02.0 (201762393)|HEAP_ALLOCATE|[18]|Bytes:4
19:00:02.0 (202085312)|SOQL_EXECUTE_BEGIN|[18]|Aggregations:0|SELECT Id FROM Invoice_Batch__c WHERE (name = :tmpVar1 AND Batch_Date__c = Today) LIMIT 1
19:00:02.0 (216311346)|SOQL_EXECUTE_END|[18]|Rows:1
19:00:02.0 (216341591)|HEAP_ALLOCATE|[18]|Bytes:8
19:00:02.0 (216359793)|HEAP_ALLOCATE|[18]|Bytes:33
19:00:02.0 (216401731)|HEAP_ALLOCATE|[18]|Bytes:8
19:00:02.0 (216444753)|VARIABLE_ASSIGNMENT|[18]|batch|[{"Id":"a0F6F00000teSIUUA2"}]|0x74426f34
19:00:02.0 (216472151)|STATEMENT_EXECUTE|[19]
19:00:02.0 (216496328)|HEAP_ALLOCATE|[8]|Bytes:5
19:00:02.0 (216509567)|HEAP_ALLOCATE|[8]|Bytes:6
19:00:02.0 (216518787)|VARIABLE_SCOPE_BEGIN|[8]|prefix|String|false|false
19:00:02.0 (216531115)|VARIABLE_ASSIGNMENT|[8]|prefix|"SLX NZ"
19:00:02.0 (216535738)|STATEMENT_EXECUTE|[8]
19:00:02.0 (216537508)|STATEMENT_EXECUTE|[10]
19:00:02.0 (216560671)|HEAP_ALLOCATE|[10]|Bytes:56
19:00:02.0 (216585933)|HEAP_ALLOCATE|[10]|Bytes:17
19:00:02.0 (216599086)|HEAP_ALLOCATE|[10]|Bytes:44
19:00:02.0 (216602978)|VARIABLE_SCOPE_BEGIN|[10]|batchName|String|false|false
19:00:02.0 (216615197)|VARIABLE_ASSIGNMENT|[10]|batchName|"SLX NZ Friday 2018-0 (24 more) ..."
19:00:02.0 (216619770)|STATEMENT_EXECUTE|[11]
19:00:02.0 (216633853)|HEAP_ALLOCATE|[11]|Bytes:4
19:00:02.0 (216937915)|SOQL_EXECUTE_BEGIN|[11]|Aggregations:0|SELECT Id FROM Invoice_Batch__c WHERE (name = :tmpVar1 AND Batch_Date__c = Today AND status__c = 'Batch Approved') LIMIT 1
19:00:02.0 (221364925)|SOQL_EXECUTE_END|[11]|Rows:1
19:00:02.0 (221390491)|HEAP_ALLOCATE|[11]|Bytes:8
19:00:02.0 (221408862)|HEAP_ALLOCATE|[11]|Bytes:33
19:00:02.0 (221444469)|HEAP_ALLOCATE|[11]|Bytes:8
19:00:02.0 (221461305)|VARIABLE_SCOPE_BEGIN|[11]|batch|List<Invoice_Batch__c>|true|false
19:00:02.0 (221492826)|VARIABLE_ASSIGNMENT|[11]|batch|[{"Id":"a0F6F00000teSHlUAM"}]|0xb8473e9
19:00:02.0 (221518516)|STATEMENT_EXECUTE|[12]
19:00:02.0 (221526108)|STATEMENT_EXECUTE|[17]
19:00:02.0 (221544415)|HEAP_ALLOCATE|[17]|Bytes:56
19:00:02.0 (221569727)|HEAP_ALLOCATE|[17]|Bytes:17
19:00:02.0 (221582075)|HEAP_ALLOCATE|[17]|Bytes:44
19:00:02.0 (221592584)|VARIABLE_ASSIGNMENT|[17]|batchName|"SLX NZ Friday 2018-0 (24 more) ..."
19:00:02.0 (221597505)|STATEMENT_EXECUTE|[18]
19:00:02.0 (221615378)|HEAP_ALLOCATE|[18]|Bytes:4
19:00:02.0 (221856587)|SOQL_EXECUTE_BEGIN|[18]|Aggregations:0|SELECT Id FROM Invoice_Batch__c WHERE (name = :tmpVar1 AND Batch_Date__c = Today) LIMIT 1
19:00:02.0 (227444714)|SOQL_EXECUTE_END|[18]|Rows:1
19:00:02.0 (227472464)|HEAP_ALLOCATE|[18]|Bytes:8
19:00:02.0 (227491505)|HEAP_ALLOCATE|[18]|Bytes:33
19:00:02.0 (227529490)|HEAP_ALLOCATE|[18]|Bytes:8
19:00:02.0 (227583246)|VARIABLE_ASSIGNMENT|[18]|batch|[{"Id":"a0F6F00000teSI5UAM"}]|0x1e1a0742
19:00:02.0 (227617638)|STATEMENT_EXECUTE|[19]
19:00:02.0 (227641531)|HEAP_ALLOCATE|[8]|Bytes:5
19:00:02.0 (227654212)|HEAP_ALLOCATE|[8]|Bytes:3
19:00:02.0 (227665016)|VARIABLE_SCOPE_BEGIN|[8]|prefix|String|false|false
19:00:02.0 (227693320)|VARIABLE_ASSIGNMENT|[8]|prefix|"GMT"
19:00:02.0 (227701418)|STATEMENT_EXECUTE|[8]
19:00:02.0 (227704100)|STATEMENT_EXECUTE|[10]
19:00:02.0 (227733162)|HEAP_ALLOCATE|[10]|Bytes:56
19:00:02.0 (227762480)|HEAP_ALLOCATE|[10]|Bytes:17
19:00:02.0 (227775401)|HEAP_ALLOCATE|[10]|Bytes:41
19:00:02.0 (227781809)|VARIABLE_SCOPE_BEGIN|[10]|batchName|String|false|false
19:00:02.0 (227805825)|VARIABLE_ASSIGNMENT|[10]|batchName|"GMT Friday 2018-09-2 (21 more) ..."
19:00:02.0 (227811130)|STATEMENT_EXECUTE|[11]
19:00:02.0 (227828668)|HEAP_ALLOCATE|[11]|Bytes:4
19:00:02.0 (228190159)|SOQL_EXECUTE_BEGIN|[11]|Aggregations:0|SELECT Id FROM Invoice_Batch__c WHERE (name = :tmpVar1 AND Batch_Date__c = Today AND status__c = 'Batch Approved') LIMIT 1
19:00:02.0 (234155646)|SOQL_EXECUTE_END|[11]|Rows:1
19:00:02.0 (234182691)|HEAP_ALLOCATE|[11]|Bytes:8
19:00:02.0 (234199546)|HEAP_ALLOCATE|[11]|Bytes:33
19:00:02.0 (234227359)|HEAP_ALLOCATE|[11]|Bytes:8
19:00:02.0 (234249252)|VARIABLE_SCOPE_BEGIN|[11]|batch|List<Invoice_Batch__c>|true|false
19:00:02.0 (234287206)|VARIABLE_ASSIGNMENT|[11]|batch|[{"Id":"a0F6F00000teSH7UAM"}]|0x67d27753
19:00:02.0 (234312467)|STATEMENT_EXECUTE|[12]
19:00:02.0 (234321617)|STATEMENT_EXECUTE|[17]
19:00:02.0 (234351822)|HEAP_ALLOCATE|[17]|Bytes:56
19:00:02.0 (234379736)|HEAP_ALLOCATE|[17]|Bytes:17
19:00:02.0 (234392777)|HEAP_ALLOCATE|[17]|Bytes:41
19:00:02.0 (234403869)|VARIABLE_ASSIGNMENT|[17]|batchName|"GMT Friday 2018-09-2 (21 more) ..."
19:00:02.0 (234409354)|STATEMENT_EXECUTE|[18]
19:00:02.0 (234426512)|HEAP_ALLOCATE|[18]|Bytes:4
19:00:02.0 (234678712)|SOQL_EXECUTE_BEGIN|[18]|Aggregations:0|SELECT Id FROM Invoice_Batch__c WHERE (name = :tmpVar1 AND Batch_Date__c = Today) LIMIT 1
19:00:02.0 (239255989)|SOQL_EXECUTE_END|[18]|Rows:1
19:00:02.0 (239290291)|HEAP_ALLOCATE|[18]|Bytes:8
19:00:02.0 (239312160)|HEAP_ALLOCATE|[18]|Bytes:33
19:00:02.0 (239348379)|HEAP_ALLOCATE|[18]|Bytes:8
19:00:02.0 (239403737)|VARIABLE_ASSIGNMENT|[18]|batch|[{"Id":"a0F6F00000teSLmUAM"}]|0x47a75124
19:00:02.0 (239445451)|STATEMENT_EXECUTE|[19]
19:00:02.0 (239482479)|HEAP_ALLOCATE|[8]|Bytes:5
19:00:02.0 (239503929)|HEAP_ALLOCATE|[8]|Bytes:6
19:00:02.0 (239519840)|VARIABLE_SCOPE_BEGIN|[8]|prefix|String|false|false
19:00:02.0 (239536803)|VARIABLE_ASSIGNMENT|[8]|prefix|"GMT NZ"
19:00:02.0 (239544741)|STATEMENT_EXECUTE|[8]
19:00:02.0 (239547381)|STATEMENT_EXECUTE|[10]
19:00:02.0 (239580584)|HEAP_ALLOCATE|[10]|Bytes:56
19:00:02.0 (239614525)|HEAP_ALLOCATE|[10]|Bytes:17
19:00:02.0 (239634462)|HEAP_ALLOCATE|[10]|Bytes:44
19:00:02.0 (239642292)|VARIABLE_SCOPE_BEGIN|[10]|batchName|String|false|false
19:00:02.0 (239661025)|VARIABLE_ASSIGNMENT|[10]|batchName|"GMT NZ Friday 2018-0 (24 more) ..."
19:00:02.0 (239668681)|STATEMENT_EXECUTE|[11]
19:00:02.0 (239691445)|HEAP_ALLOCATE|[11]|Bytes:4
19:00:02.0 (240183132)|SOQL_EXECUTE_BEGIN|[11]|Aggregations:0|SELECT Id FROM Invoice_Batch__c WHERE (name = :tmpVar1 AND Batch_Date__c = Today AND status__c = 'Batch Approved') LIMIT 1
19:00:02.0 (245278044)|SOQL_EXECUTE_END|[11]|Rows:1
19:00:02.0 (245311322)|HEAP_ALLOCATE|[11]|Bytes:8
19:00:02.0 (245335964)|HEAP_ALLOCATE|[11]|Bytes:33
19:00:02.0 (245378080)|HEAP_ALLOCATE|[11]|Bytes:8
19:00:02.0 (245399011)|VARIABLE_SCOPE_BEGIN|[11]|batch|List<Invoice_Batch__c>|true|false
19:00:02.0 (245430831)|VARIABLE_ASSIGNMENT|[11]|batch|[{"Id":"a0F6F00000teSHCUA2"}]|0xf380263
19:00:02.0 (245462238)|STATEMENT_EXECUTE|[12]
19:00:02.0 (245470215)|STATEMENT_EXECUTE|[17]
19:00:02.0 (245496752)|HEAP_ALLOCATE|[17]|Bytes:56
19:00:02.0 (245525943)|HEAP_ALLOCATE|[17]|Bytes:17
19:00:02.0 (245540379)|HEAP_ALLOCATE|[17]|Bytes:44
19:00:02.0 (245552936)|VARIABLE_ASSIGNMENT|[17]|batchName|"GMT NZ Friday 2018-0 (24 more) ..."
19:00:02.0 (245558518)|STATEMENT_EXECUTE|[18]
19:00:02.0 (245576410)|HEAP_ALLOCATE|[18]|Bytes:4
19:00:02.0 (245901588)|SOQL_EXECUTE_BEGIN|[18]|Aggregations:0|SELECT Id FROM Invoice_Batch__c WHERE (name = :tmpVar1 AND Batch_Date__c = Today) LIMIT 1
19:00:02.0 (250967591)|SOQL_EXECUTE_END|[18]|Rows:1
19:00:02.0 (251001604)|HEAP_ALLOCATE|[18]|Bytes:8
19:00:02.0 (251023726)|HEAP_ALLOCATE|[18]|Bytes:33
19:00:02.0 (251070186)|HEAP_ALLOCATE|[18]|Bytes:8
19:00:02.0 (251119402)|VARIABLE_ASSIGNMENT|[18]|batch|[{"Id":"a0F6F00000teSIAUA2"}]|0x519de629
19:00:02.0 (251148407)|STATEMENT_EXECUTE|[19]
19:00:02.0 (251173157)|HEAP_ALLOCATE|[8]|Bytes:5
19:00:02.0 (251188142)|VARIABLE_ASSIGNMENT|[8]|prefix|null
19:00:02.0 (251198887)|HEAP_ALLOCATE|[7]|Bytes:5
19:00:02.0 (251209588)|HEAP_ALLOCATE|[7]|Bytes:5
19:00:02.0 (251219218)|VARIABLE_SCOPE_BEGIN|[7]|period|String|false|false
19:00:02.0 (251231189)|VARIABLE_ASSIGNMENT|[7]|period|"9 Day"
19:00:02.0 (251238267)|STATEMENT_EXECUTE|[7]
19:00:02.0 (251259567)|HEAP_ALLOCATE|[8]|Bytes:5
19:00:02.0 (251266822)|HEAP_ALLOCATE|[8]|Bytes:3
19:00:02.0 (251271523)|VARIABLE_SCOPE_BEGIN|[8]|prefix|String|false|false
19:00:02.0 (251280959)|VARIABLE_ASSIGNMENT|[8]|prefix|"SLX"
19:00:02.0 (251285359)|STATEMENT_EXECUTE|[8]
19:00:02.0 (251287353)|STATEMENT_EXECUTE|[10]
19:00:02.0 (251311150)|HEAP_ALLOCATE|[10]|Bytes:56
19:00:02.0 (251338228)|HEAP_ALLOCATE|[10]|Bytes:17
19:00:02.0 (251351000)|HEAP_ALLOCATE|[10]|Bytes:41
19:00:02.0 (251354921)|VARIABLE_SCOPE_BEGIN|[10]|batchName|String|false|false
19:00:02.0 (251366879)|VARIABLE_ASSIGNMENT|[10]|batchName|"SLX Friday 2018-09-2 (21 more) ..."
19:00:02.0 (251371357)|STATEMENT_EXECUTE|[11]
19:00:02.0 (251386104)|HEAP_ALLOCATE|[11]|Bytes:4
19:00:02.0 (251730753)|SOQL_EXECUTE_BEGIN|[11]|Aggregations:0|SELECT Id FROM Invoice_Batch__c WHERE (name = :tmpVar1 AND Batch_Date__c = Today AND status__c = 'Batch Approved') LIMIT 1
19:00:02.0 (258405340)|SOQL_EXECUTE_END|[11]|Rows:1
19:00:02.0 (258440418)|HEAP_ALLOCATE|[11]|Bytes:8
19:00:02.0 (258464223)|HEAP_ALLOCATE|[11]|Bytes:33
19:00:02.0 (258504994)|HEAP_ALLOCATE|[11]|Bytes:8
19:00:02.0 (258524895)|VARIABLE_SCOPE_BEGIN|[11]|batch|List<Invoice_Batch__c>|true|false
19:00:02.0 (258562597)|VARIABLE_ASSIGNMENT|[11]|batch|[{"Id":"a0F6F00000teSGjUAM"}]|0x3bf8aca1
19:00:02.0 (258589157)|STATEMENT_EXECUTE|[12]
19:00:02.0 (258597221)|STATEMENT_EXECUTE|[17]
19:00:02.0 (258621009)|HEAP_ALLOCATE|[17]|Bytes:56
19:00:02.0 (258647489)|HEAP_ALLOCATE|[17]|Bytes:17
19:00:02.0 (258661267)|HEAP_ALLOCATE|[17]|Bytes:41
19:00:02.0 (258673318)|VARIABLE_ASSIGNMENT|[17]|batchName|"SLX Friday 2018-09-2 (21 more) ..."
19:00:02.0 (258678269)|STATEMENT_EXECUTE|[18]
19:00:02.0 (258696041)|HEAP_ALLOCATE|[18]|Bytes:4
19:00:02.0 (259082443)|SOQL_EXECUTE_BEGIN|[18]|Aggregations:0|SELECT Id FROM Invoice_Batch__c WHERE (name = :tmpVar1 AND Batch_Date__c = Today) LIMIT 1
19:00:02.0 (263609274)|SOQL_EXECUTE_END|[18]|Rows:1
19:00:02.0 (263633869)|HEAP_ALLOCATE|[18]|Bytes:8
19:00:02.0 (263651335)|HEAP_ALLOCATE|[18]|Bytes:33
19:00:02.0 (263677084)|HEAP_ALLOCATE|[18]|Bytes:8
19:00:02.0 (263715517)|VARIABLE_ASSIGNMENT|[18]|batch|[{"Id":"a0F6F00000teSIVUA2"}]|0x1866dc6d
19:00:02.0 (263746060)|STATEMENT_EXECUTE|[19]
19:00:02.0 (263770534)|HEAP_ALLOCATE|[8]|Bytes:5
19:00:02.0 (263784071)|HEAP_ALLOCATE|[8]|Bytes:6
19:00:02.0 (263793183)|VARIABLE_SCOPE_BEGIN|[8]|prefix|String|false|false
19:00:02.0 (263805253)|VARIABLE_ASSIGNMENT|[8]|prefix|"SLX NZ"
19:00:02.0 (263810019)|STATEMENT_EXECUTE|[8]
19:00:02.0 (263811751)|STATEMENT_EXECUTE|[10]
19:00:02.0 (263832685)|HEAP_ALLOCATE|[10]|Bytes:56
19:00:02.0 (263857099)|HEAP_ALLOCATE|[10]|Bytes:17
19:00:02.0 (263885577)|HEAP_ALLOCATE|[10]|Bytes:44
19:00:02.0 (263891002)|VARIABLE_SCOPE_BEGIN|[10]|batchName|String|false|false
19:00:02.0 (263903710)|VARIABLE_ASSIGNMENT|[10]|batchName|"SLX NZ Friday 2018-0 (24 more) ..."
19:00:02.0 (263911662)|STATEMENT_EXECUTE|[11]
19:00:02.0 (263925868)|HEAP_ALLOCATE|[11]|Bytes:4
19:00:02.0 (264171323)|SOQL_EXECUTE_BEGIN|[11]|Aggregations:0|SELECT Id FROM Invoice_Batch__c WHERE (name = :tmpVar1 AND Batch_Date__c = Today AND status__c = 'Batch Approved') LIMIT 1
19:00:02.0 (268793709)|SOQL_EXECUTE_END|[11]|Rows:1
19:00:02.0 (268826027)|HEAP_ALLOCATE|[11]|Bytes:8
19:00:02.0 (268845134)|HEAP_ALLOCATE|[11]|Bytes:33
19:00:02.0 (268877247)|HEAP_ALLOCATE|[11]|Bytes:8
19:00:02.0 (268894058)|VARIABLE_SCOPE_BEGIN|[11]|batch|List<Invoice_Batch__c>|true|false
19:00:02.0 (268927980)|VARIABLE_ASSIGNMENT|[11]|batch|[{"Id":"a0F6F00000teSHmUAM"}]|0x373f3056
19:00:02.0 (268951833)|STATEMENT_EXECUTE|[12]
19:00:02.0 (268959147)|STATEMENT_EXECUTE|[17]
19:00:02.0 (268980123)|HEAP_ALLOCATE|[17]|Bytes:56
19:00:02.0 (269007008)|HEAP_ALLOCATE|[17]|Bytes:17
19:00:02.0 (269019932)|HEAP_ALLOCATE|[17]|Bytes:44
19:00:02.0 (269031661)|VARIABLE_ASSIGNMENT|[17]|batchName|"SLX NZ Friday 2018-0 (24 more) ..."
19:00:02.0 (269036985)|STATEMENT_EXECUTE|[18]
19:00:02.0 (269051976)|HEAP_ALLOCATE|[18]|Bytes:4
19:00:02.0 (269365804)|SOQL_EXECUTE_BEGIN|[18]|Aggregations:0|SELECT Id FROM Invoice_Batch__c WHERE (name = :tmpVar1 AND Batch_Date__c = Today) LIMIT 1
19:00:02.0 (272914878)|SOQL_EXECUTE_END|[18]|Rows:1
19:00:02.0 (272940155)|HEAP_ALLOCATE|[18]|Bytes:8
19:00:02.0 (272956174)|HEAP_ALLOCATE|[18]|Bytes:33
19:00:02.0 (272980645)|HEAP_ALLOCATE|[18]|Bytes:8
19:00:02.0 (273014250)|VARIABLE_ASSIGNMENT|[18]|batch|[{"Id":"a0F6F00000teSI6UAM"}]|0x3ac19ddc
19:00:02.0 (273038636)|STATEMENT_EXECUTE|[19]
19:00:02.0 (273060299)|HEAP_ALLOCATE|[8]|Bytes:5
19:00:02.0 (273071733)|HEAP_ALLOCATE|[8]|Bytes:3
19:00:02.0 (273080614)|VARIABLE_SCOPE_BEGIN|[8]|prefix|String|false|false
19:00:02.0 (273092223)|VARIABLE_ASSIGNMENT|[8]|prefix|"GMT"
19:00:02.0 (273096866)|STATEMENT_EXECUTE|[8]
19:00:02.0 (273098862)|STATEMENT_EXECUTE|[10]
19:00:02.0 (273118314)|HEAP_ALLOCATE|[10]|Bytes:56
19:00:02.0 (273141689)|HEAP_ALLOCATE|[10]|Bytes:17
19:00:02.0 (273153699)|HEAP_ALLOCATE|[10]|Bytes:41
19:00:02.0 (273158113)|VARIABLE_SCOPE_BEGIN|[10]|batchName|String|false|false
19:00:02.0 (273170887)|VARIABLE_ASSIGNMENT|[10]|batchName|"GMT Friday 2018-09-2 (21 more) ..."
19:00:02.0 (273175354)|STATEMENT_EXECUTE|[11]
19:00:02.0 (273193028)|HEAP_ALLOCATE|[11]|Bytes:4
19:00:02.0 (273472307)|SOQL_EXECUTE_BEGIN|[11]|Aggregations:0|SELECT Id FROM Invoice_Batch__c WHERE (name = :tmpVar1 AND Batch_Date__c = Today AND status__c = 'Batch Approved') LIMIT 1
19:00:02.0 (278710794)|SOQL_EXECUTE_END|[11]|Rows:1
19:00:02.0 (278737050)|HEAP_ALLOCATE|[11]|Bytes:8
19:00:02.0 (278752823)|HEAP_ALLOCATE|[11]|Bytes:33
19:00:02.0 (278777649)|HEAP_ALLOCATE|[11]|Bytes:8
19:00:02.0 (278799003)|VARIABLE_SCOPE_BEGIN|[11]|batch|List<Invoice_Batch__c>|true|false
19:00:02.0 (278829865)|VARIABLE_ASSIGNMENT|[11]|batch|[{"Id":"a0F6F00000teSH8UAM"}]|0x5b0141c4
19:00:02.0 (278853050)|STATEMENT_EXECUTE|[12]
19:00:02.0 (278860802)|STATEMENT_EXECUTE|[17]
19:00:02.0 (278882269)|HEAP_ALLOCATE|[17]|Bytes:56
19:00:02.0 (278907412)|HEAP_ALLOCATE|[17]|Bytes:17
19:00:02.0 (278919390)|HEAP_ALLOCATE|[17]|Bytes:41
19:00:02.0 (278929867)|VARIABLE_ASSIGNMENT|[17]|batchName|"GMT Friday 2018-09-2 (21 more) ..."
19:00:02.0 (278936237)|STATEMENT_EXECUTE|[18]
19:00:02.0 (278949943)|HEAP_ALLOCATE|[18]|Bytes:4
19:00:02.0 (279174622)|SOQL_EXECUTE_BEGIN|[18]|Aggregations:0|SELECT Id FROM Invoice_Batch__c WHERE (name = :tmpVar1 AND Batch_Date__c = Today) LIMIT 1
19:00:02.0 (282531985)|SOQL_EXECUTE_END|[18]|Rows:1
19:00:02.0 (282557783)|HEAP_ALLOCATE|[18]|Bytes:8
19:00:02.0 (282574553)|HEAP_ALLOCATE|[18]|Bytes:33
19:00:02.0 (282607195)|HEAP_ALLOCATE|[18]|Bytes:8
19:00:02.0 (282640019)|VARIABLE_ASSIGNMENT|[18]|batch|[{"Id":"a0F6F00000teSLnUAM"}]|0x61fcadcc
19:00:02.0 (282711265)|STATEMENT_EXECUTE|[19]
19:00:02.0 (282738740)|HEAP_ALLOCATE|[8]|Bytes:5
19:00:02.0 (282754083)|HEAP_ALLOCATE|[8]|Bytes:6
19:00:02.0 (282763279)|VARIABLE_SCOPE_BEGIN|[8]|prefix|String|false|false
19:00:02.0 (282776645)|VARIABLE_ASSIGNMENT|[8]|prefix|"GMT NZ"
19:00:02.0 (282781630)|STATEMENT_EXECUTE|[8]
19:00:02.0 (282783463)|STATEMENT_EXECUTE|[10]
19:00:02.0 (282810212)|HEAP_ALLOCATE|[10]|Bytes:56
19:00:02.0 (282834336)|HEAP_ALLOCATE|[10]|Bytes:17
19:00:02.0 (282846306)|HEAP_ALLOCATE|[10]|Bytes:44
19:00:02.0 (282850731)|VARIABLE_SCOPE_BEGIN|[10]|batchName|String|false|false
19:00:02.0 (282863071)|VARIABLE_ASSIGNMENT|[10]|batchName|"GMT NZ Friday 2018-0 (24 more) ..."
19:00:02.0 (282867841)|STATEMENT_EXECUTE|[11]
19:00:02.0 (282884009)|HEAP_ALLOCATE|[11]|Bytes:4
19:00:02.0 (283172135)|SOQL_EXECUTE_BEGIN|[11]|Aggregations:0|SELECT Id FROM Invoice_Batch__c WHERE (name = :tmpVar1 AND Batch_Date__c = Today AND status__c = 'Batch Approved') LIMIT 1
19:00:02.0 (287664437)|SOQL_EXECUTE_END|[11]|Rows:1
19:00:02.0 (287688102)|HEAP_ALLOCATE|[11]|Bytes:8
19:00:02.0 (287702303)|HEAP_ALLOCATE|[11]|Bytes:33
19:00:02.0 (287728715)|HEAP_ALLOCATE|[11]|Bytes:8
19:00:02.0 (287745291)|VARIABLE_SCOPE_BEGIN|[11]|batch|List<Invoice_Batch__c>|true|false
19:00:02.0 (287776455)|VARIABLE_ASSIGNMENT|[11]|batch|[{"Id":"a0F6F00000teSHDUA2"}]|0x3b17f637
19:00:02.0 (287805063)|STATEMENT_EXECUTE|[12]
19:00:02.0 (287812548)|STATEMENT_EXECUTE|[17]
19:00:02.0 (287833730)|HEAP_ALLOCATE|[17]|Bytes:56
19:00:02.0 (287860400)|HEAP_ALLOCATE|[17]|Bytes:17
19:00:02.0 (287872591)|HEAP_ALLOCATE|[17]|Bytes:44
19:00:02.0 (287884135)|VARIABLE_ASSIGNMENT|[17]|batchName|"GMT NZ Friday 2018-0 (24 more) ..."
19:00:02.0 (287889118)|STATEMENT_EXECUTE|[18]
19:00:02.0 (287903336)|HEAP_ALLOCATE|[18]|Bytes:4
19:00:02.0 (288158713)|SOQL_EXECUTE_BEGIN|[18]|Aggregations:0|SELECT Id FROM Invoice_Batch__c WHERE (name = :tmpVar1 AND Batch_Date__c = Today) LIMIT 1
19:00:02.0 (293299779)|SOQL_EXECUTE_END|[18]|Rows:1
19:00:02.0 (293336667)|HEAP_ALLOCATE|[18]|Bytes:8
19:00:02.0 (293358194)|HEAP_ALLOCATE|[18]|Bytes:33
19:00:02.0 (293387653)|HEAP_ALLOCATE|[18]|Bytes:8
19:00:02.0 (293429708)|VARIABLE_ASSIGNMENT|[18]|batch|[{"Id":"a0F6F00000teSIBUA2"}]|0x3047028a
19:00:02.0 (293455829)|STATEMENT_EXECUTE|[19]
19:00:02.0 (293478565)|HEAP_ALLOCATE|[8]|Bytes:5
19:00:02.0 (293492171)|VARIABLE_ASSIGNMENT|[8]|prefix|null
19:00:02.0 (293503545)|HEAP_ALLOCATE|[7]|Bytes:5
19:00:02.0 (293512982)|HEAP_ALLOCATE|[7]|Bytes:6
19:00:02.0 (293521883)|VARIABLE_SCOPE_BEGIN|[7]|period|String|false|false
19:00:02.0 (293533278)|VARIABLE_ASSIGNMENT|[7]|period|"13 Day"
19:00:02.0 (293538129)|STATEMENT_EXECUTE|[7]
19:00:02.0 (293555288)|HEAP_ALLOCATE|[8]|Bytes:5
19:00:02.0 (293561888)|HEAP_ALLOCATE|[8]|Bytes:3
19:00:02.0 (293566395)|VARIABLE_SCOPE_BEGIN|[8]|prefix|String|false|false
19:00:02.0 (293575132)|VARIABLE_ASSIGNMENT|[8]|prefix|"SLX"
19:00:02.0 (293581204)|STATEMENT_EXECUTE|[8]
19:00:02.0 (293583630)|STATEMENT_EXECUTE|[10]
19:00:02.0 (293611430)|HEAP_ALLOCATE|[10]|Bytes:56
19:00:02.0 (293641011)|HEAP_ALLOCATE|[10]|Bytes:17
19:00:02.0 (293652930)|HEAP_ALLOCATE|[10]|Bytes:42
19:00:02.0 (293657270)|VARIABLE_SCOPE_BEGIN|[10]|batchName|String|false|false
19:00:02.0 (293670446)|VARIABLE_ASSIGNMENT|[10]|batchName|"SLX Friday 2018-09-2 (22 more) ..."
19:00:02.0 (293674874)|STATEMENT_EXECUTE|[11]
19:00:02.0 (293691901)|HEAP_ALLOCATE|[11]|Bytes:4
19:00:02.0 (294075290)|SOQL_EXECUTE_BEGIN|[11]|Aggregations:0|SELECT Id FROM Invoice_Batch__c WHERE (name = :tmpVar1 AND Batch_Date__c = Today AND status__c = 'Batch Approved') LIMIT 1
19:00:02.0 (299017227)|SOQL_EXECUTE_END|[11]|Rows:1
19:00:02.0 (299049927)|HEAP_ALLOCATE|[11]|Bytes:8
19:00:02.0 (299072295)|HEAP_ALLOCATE|[11]|Bytes:33
19:00:02.0 (299107468)|HEAP_ALLOCATE|[11]|Bytes:8
19:00:02.0 (299125596)|VARIABLE_SCOPE_BEGIN|[11]|batch|List<Invoice_Batch__c>|true|false
19:00:02.0 (299159403)|VARIABLE_ASSIGNMENT|[11]|batch|[{"Id":"a0F6F00000teSGkUAM"}]|0x2b3c483b
19:00:02.0 (299186798)|STATEMENT_EXECUTE|[12]
19:00:02.0 (299194509)|STATEMENT_EXECUTE|[17]
19:00:02.0 (299217853)|HEAP_ALLOCATE|[17]|Bytes:56
19:00:02.0 (299242763)|HEAP_ALLOCATE|[17]|Bytes:17
19:00:02.0 (299256225)|HEAP_ALLOCATE|[17]|Bytes:42
19:00:02.0 (299267664)|VARIABLE_ASSIGNMENT|[17]|batchName|"SLX Friday 2018-09-2 (22 more) ..."
19:00:02.0 (299272512)|STATEMENT_EXECUTE|[18]
19:00:02.0 (299288242)|HEAP_ALLOCATE|[18]|Bytes:4
19:00:02.0 (299547305)|SOQL_EXECUTE_BEGIN|[18]|Aggregations:0|SELECT Id FROM Invoice_Batch__c WHERE (name = :tmpVar1 AND Batch_Date__c = Today) LIMIT 1
19:00:02.0 (304283289)|SOQL_EXECUTE_END|[18]|Rows:1
19:00:02.0 (304318898)|HEAP_ALLOCATE|[18]|Bytes:8
19:00:02.0 (304340783)|HEAP_ALLOCATE|[18]|Bytes:33
19:00:02.0 (304386296)|HEAP_ALLOCATE|[18]|Bytes:8
19:00:02.0 (304435404)|VARIABLE_ASSIGNMENT|[18]|batch|[{"Id":"a0F6F00000teSIWUA2"}]|0x73f24492
19:00:02.0 (304469111)|STATEMENT_EXECUTE|[19]
19:00:02.0 (304501090)|HEAP_ALLOCATE|[8]|Bytes:5
19:00:02.0 (304518249)|HEAP_ALLOCATE|[8]|Bytes:6
19:00:02.0 (304529886)|VARIABLE_SCOPE_BEGIN|[8]|prefix|String|false|false
19:00:02.0 (304541637)|VARIABLE_ASSIGNMENT|[8]|prefix|"SLX NZ"
19:00:02.0 (304547582)|STATEMENT_EXECUTE|[8]
19:00:02.0 (304549344)|STATEMENT_EXECUTE|[10]
19:00:02.0 (304574528)|HEAP_ALLOCATE|[10]|Bytes:56
19:00:02.0 (304605884)|HEAP_ALLOCATE|[10]|Bytes:17
19:00:02.0 (304625155)|HEAP_ALLOCATE|[10]|Bytes:45
19:00:02.0 (304632646)|VARIABLE_SCOPE_BEGIN|[10]|batchName|String|false|false
19:00:02.0 (304648948)|VARIABLE_ASSIGNMENT|[10]|batchName|"SLX NZ Friday 2018-0 (25 more) ..."
19:00:02.0 (304653710)|STATEMENT_EXECUTE|[11]
19:00:02.0 (304676163)|HEAP_ALLOCATE|[11]|Bytes:4
19:00:02.0 (304985988)|SOQL_EXECUTE_BEGIN|[11]|Aggregations:0|SELECT Id FROM Invoice_Batch__c WHERE (name = :tmpVar1 AND Batch_Date__c = Today AND status__c = 'Batch Approved') LIMIT 1
19:00:02.0 (310860859)|SOQL_EXECUTE_END|[11]|Rows:1
19:00:02.0 (310901920)|HEAP_ALLOCATE|[11]|Bytes:8
19:00:02.0 (310927420)|HEAP_ALLOCATE|[11]|Bytes:33
19:00:02.0 (310985421)|HEAP_ALLOCATE|[11]|Bytes:8
19:00:02.0 (311008271)|VARIABLE_SCOPE_BEGIN|[11]|batch|List<Invoice_Batch__c>|true|false
19:00:02.0 (311058076)|VARIABLE_ASSIGNMENT|[11]|batch|[{"Id":"a0F6F00000teSHnUAM"}]|0x60784521
19:00:02.0 (311092464)|STATEMENT_EXECUTE|[12]
19:00:02.0 (311101423)|STATEMENT_EXECUTE|[17]
19:00:02.0 (311124088)|HEAP_ALLOCATE|[17]|Bytes:56
19:00:02.0 (311149658)|HEAP_ALLOCATE|[17]|Bytes:17
19:00:02.0 (311180813)|HEAP_ALLOCATE|[17]|Bytes:45
19:00:02.0 (311194173)|VARIABLE_ASSIGNMENT|[17]|batchName|"SLX NZ Friday 2018-0 (25 more) ..."
19:00:02.0 (311199354)|STATEMENT_EXECUTE|[18]
19:00:02.0 (311220117)|HEAP_ALLOCATE|[18]|Bytes:4
19:00:02.0 (311467539)|SOQL_EXECUTE_BEGIN|[18]|Aggregations:0|SELECT Id FROM Invoice_Batch__c WHERE (name = :tmpVar1 AND Batch_Date__c = Today) LIMIT 1
19:00:02.0 (315491318)|SOQL_EXECUTE_END|[18]|Rows:1
19:00:02.0 (315521881)|HEAP_ALLOCATE|[18]|Bytes:8
19:00:02.0 (315540316)|HEAP_ALLOCATE|[18]|Bytes:33
19:00:02.0 (315586329)|HEAP_ALLOCATE|[18]|Bytes:8
19:00:02.0 (315636119)|VARIABLE_ASSIGNMENT|[18]|batch|[{"Id":"a0F6F00000teSI7UAM"}]|0x746b612e
19:00:02.0 (315665720)|STATEMENT_EXECUTE|[19]
19:00:02.0 (315697552)|HEAP_ALLOCATE|[8]|Bytes:5
19:00:02.0 (315713575)|HEAP_ALLOCATE|[8]|Bytes:3
19:00:02.0 (315724101)|VARIABLE_SCOPE_BEGIN|[8]|prefix|String|false|false
19:00:02.0 (315736175)|VARIABLE_ASSIGNMENT|[8]|prefix|"GMT"
19:00:02.0 (315741480)|STATEMENT_EXECUTE|[8]
19:00:02.0 (315743266)|STATEMENT_EXECUTE|[10]
19:00:02.0 (315769485)|HEAP_ALLOCATE|[10]|Bytes:56
19:00:02.0 (315792767)|HEAP_ALLOCATE|[10]|Bytes:17
19:00:02.0 (315809672)|HEAP_ALLOCATE|[10]|Bytes:42
19:00:02.0 (315815434)|VARIABLE_SCOPE_BEGIN|[10]|batchName|String|false|false
19:00:02.0 (315827361)|VARIABLE_ASSIGNMENT|[10]|batchName|"GMT Friday 2018-09-2 (22 more) ..."
19:00:02.0 (315832717)|STATEMENT_EXECUTE|[11]
19:00:02.0 (315849671)|HEAP_ALLOCATE|[11]|Bytes:4
19:00:02.0 (316134050)|SOQL_EXECUTE_BEGIN|[11]|Aggregations:0|SELECT Id FROM Invoice_Batch__c WHERE (name = :tmpVar1 AND Batch_Date__c = Today AND status__c = 'Batch Approved') LIMIT 1
19:00:02.0 (320479273)|SOQL_EXECUTE_END|[11]|Rows:1
19:00:02.0 (320509267)|HEAP_ALLOCATE|[11]|Bytes:8
19:00:02.0 (320529460)|HEAP_ALLOCATE|[11]|Bytes:33
19:00:02.0 (320573298)|HEAP_ALLOCATE|[11]|Bytes:8
19:00:02.0 (320591315)|VARIABLE_SCOPE_BEGIN|[11]|batch|List<Invoice_Batch__c>|true|false
19:00:02.0 (320637766)|VARIABLE_ASSIGNMENT|[11]|batch|[{"Id":"a0F6F00000teSH9UAM"}]|0xe833814
19:00:02.0 (320665649)|STATEMENT_EXECUTE|[12]
19:00:02.0 (320673666)|STATEMENT_EXECUTE|[17]
19:00:02.0 (320696223)|HEAP_ALLOCATE|[17]|Bytes:56
19:00:02.0 (320721271)|HEAP_ALLOCATE|[17]|Bytes:17
19:00:02.0 (320734587)|HEAP_ALLOCATE|[17]|Bytes:42
19:00:02.0 (320745493)|VARIABLE_ASSIGNMENT|[17]|batchName|"GMT Friday 2018-09-2 (22 more) ..."
19:00:02.0 (320750677)|STATEMENT_EXECUTE|[18]
19:00:02.0 (320769282)|HEAP_ALLOCATE|[18]|Bytes:4
19:00:02.0 (321017656)|SOQL_EXECUTE_BEGIN|[18]|Aggregations:0|SELECT Id FROM Invoice_Batch__c WHERE (name = :tmpVar1 AND Batch_Date__c = Today) LIMIT 1
19:00:02.0 (326723197)|SOQL_EXECUTE_END|[18]|Rows:1
19:00:02.0 (326753008)|HEAP_ALLOCATE|[18]|Bytes:8
19:00:02.0 (326771205)|HEAP_ALLOCATE|[18]|Bytes:33
19:00:02.0 (326812919)|HEAP_ALLOCATE|[18]|Bytes:8
19:00:02.0 (326856593)|VARIABLE_ASSIGNMENT|[18]|batch|[{"Id":"a0F6F00000teSLoUAM"}]|0x24fe18ad
19:00:02.0 (326883618)|STATEMENT_EXECUTE|[19]
19:00:02.0 (326908435)|HEAP_ALLOCATE|[8]|Bytes:5
19:00:02.0 (326922500)|HEAP_ALLOCATE|[8]|Bytes:6
19:00:02.0 (326932487)|VARIABLE_SCOPE_BEGIN|[8]|prefix|String|false|false
19:00:02.0 (326944535)|VARIABLE_ASSIGNMENT|[8]|prefix|"GMT NZ"
19:00:02.0 (326949368)|STATEMENT_EXECUTE|[8]
19:00:02.0 (326951349)|STATEMENT_EXECUTE|[10]
19:00:02.0 (326974056)|HEAP_ALLOCATE|[10]|Bytes:56
19:00:02.0 (327000153)|HEAP_ALLOCATE|[10]|Bytes:17
19:00:02.0 (327015528)|HEAP_ALLOCATE|[10]|Bytes:45
19:00:02.0 (327019342)|VARIABLE_SCOPE_BEGIN|[10]|batchName|String|false|false
19:00:02.0 (327030839)|VARIABLE_ASSIGNMENT|[10]|batchName|"GMT NZ Friday 2018-0 (25 more) ..."
19:00:02.0 (327035247)|STATEMENT_EXECUTE|[11]
19:00:02.0 (327055291)|HEAP_ALLOCATE|[11]|Bytes:4
19:00:02.0 (327337984)|SOQL_EXECUTE_BEGIN|[11]|Aggregations:0|SELECT Id FROM Invoice_Batch__c WHERE (name = :tmpVar1 AND Batch_Date__c = Today AND status__c = 'Batch Approved') LIMIT 1
19:00:02.0 (331901013)|SOQL_EXECUTE_END|[11]|Rows:1
19:00:02.0 (331942646)|HEAP_ALLOCATE|[11]|Bytes:8
19:00:02.0 (331967718)|HEAP_ALLOCATE|[11]|Bytes:33
19:00:02.0 (332030257)|HEAP_ALLOCATE|[11]|Bytes:8
19:00:02.0 (332060936)|VARIABLE_SCOPE_BEGIN|[11]|batch|List<Invoice_Batch__c>|true|false
19:00:02.0 (332111584)|VARIABLE_ASSIGNMENT|[11]|batch|[{"Id":"a0F6F00000teSHEUA2"}]|0x584b3c7d
19:00:02.0 (332156381)|STATEMENT_EXECUTE|[12]
19:00:02.0 (332169328)|STATEMENT_EXECUTE|[17]
19:00:02.0 (332205002)|HEAP_ALLOCATE|[17]|Bytes:56
19:00:02.0 (332249541)|HEAP_ALLOCATE|[17]|Bytes:17
19:00:02.0 (332269896)|HEAP_ALLOCATE|[17]|Bytes:45
19:00:02.0 (332291739)|VARIABLE_ASSIGNMENT|[17]|batchName|"GMT NZ Friday 2018-0 (25 more) ..."
19:00:02.0 (332298980)|STATEMENT_EXECUTE|[18]
19:00:02.0 (332332031)|HEAP_ALLOCATE|[18]|Bytes:4
19:00:02.0 (332704254)|SOQL_EXECUTE_BEGIN|[18]|Aggregations:0|SELECT Id FROM Invoice_Batch__c WHERE (name = :tmpVar1 AND Batch_Date__c = Today) LIMIT 1
19:00:02.0 (337922996)|SOQL_EXECUTE_END|[18]|Rows:1
19:00:02.0 (337960547)|HEAP_ALLOCATE|[18]|Bytes:8
19:00:02.0 (337984691)|HEAP_ALLOCATE|[18]|Bytes:33
19:00:02.0 (338039179)|HEAP_ALLOCATE|[18]|Bytes:8
19:00:02.0 (338087838)|VARIABLE_ASSIGNMENT|[18]|batch|[{"Id":"a0F6F00000teSICUA2"}]|0x1420e5e0
19:00:02.0 (338123657)|STATEMENT_EXECUTE|[19]
19:00:02.0 (338157545)|HEAP_ALLOCATE|[8]|Bytes:5
19:00:02.0 (338176958)|VARIABLE_ASSIGNMENT|[8]|prefix|null
19:00:02.0 (338188768)|HEAP_ALLOCATE|[7]|Bytes:5
19:00:02.0 (338197117)|VARIABLE_ASSIGNMENT|[7]|period|null
19:00:02.0 (338270937)|STATEMENT_EXECUTE|[25]
19:00:02.339 (339318856)|CUMULATIVE_LIMIT_USAGE
19:00:02.339 (339318856)|LIMIT_USAGE_FOR_NS|(default)|
  Number of SOQL queries: 40 out of 100
  Number of query rows: 40 out of 50000
  Number of SOSL queries: 0 out of 20
  Number of DML statements: 0 out of 150
  Number of DML rows: 0 out of 10000
  Maximum CPU time: 0 out of 10000
  Maximum heap size: 0 out of 6000000
  Number of callouts: 0 out of 100
  Number of Email Invocations: 0 out of 10
  Number of future calls: 0 out of 50
  Number of queueable jobs added to the queue: 0 out of 50
  Number of Mobile Apex push calls: 0 out of 10

19:00:02.339 (339318856)|CUMULATIVE_LIMIT_USAGE_END

19:00:02.0 (339355502)|CODE_UNIT_FINISHED|Check Invoice Batch
19:00:02.0 (340374588)|EXECUTION_FINISHED
