37.0 APEX_CODE,FINEST;APEX_PROFILING,INFO;CALLOUT,INFO;DB,INFO;NBA,INFO;SYSTEM,DEBUG;VALIDATION,INFO;VISUALFORCE,INFO;WAVE,INFO;WORKFLOW,INFO
11:44:12.16 (16884507)|ENTERING_MANAGED_PKG|Centify
11:44:12.16 (20279277)|ENTERING_MANAGED_PKG|Centify
11:44:12.16 (26404627)|ENTERING_MANAGED_PKG|Centify
11:44:12.16 (26553279)|ENTERING_MANAGED_PKG|Centify
11:44:12.16 (26712319)|ENTERING_MANAGED_PKG|Centify
11:44:12.16 (27379148)|ENTERING_MANAGED_PKG|Centify
11:44:12.16 (27699781)|ENTERING_MANAGED_PKG|Centify
11:44:12.16 (27726504)|ENTERING_MANAGED_PKG|Centify
11:44:12.16 (27813240)|ENTERING_MANAGED_PKG|Centify
11:44:12.16 (27864692)|ENTERING_MANAGED_PKG|Centify
11:44:12.16 (27901561)|ENTERING_MANAGED_PKG|Centify
11:44:12.16 (27920719)|ENTERING_MANAGED_PKG|Centify
11:44:12.16 (27937658)|ENTERING_MANAGED_PKG|Centify
11:44:12.16 (28141773)|ENTERING_MANAGED_PKG|Centify
11:44:12.16 (89775020)|ENTERING_MANAGED_PKG|Centify
11:44:12.16 (89900948)|ENTERING_MANAGED_PKG|Centify
11:44:12.16 (90029448)|ENTERING_MANAGED_PKG|Centify
11:44:12.16 (90079223)|ENTERING_MANAGED_PKG|Centify
11:44:12.16 (283514701)|ENTERING_MANAGED_PKG|Centify
11:44:12.16 (324882287)|ENTERING_MANAGED_PKG|Centify
11:44:12.16 (338590870)|ENTERING_MANAGED_PKG|Centify
11:44:12.16 (338646742)|ENTERING_MANAGED_PKG|Centify
11:44:12.16 (338723952)|ENTERING_MANAGED_PKG|Centify
11:44:12.16 (338757384)|ENTERING_MANAGED_PKG|Centify
11:44:12.16 (338820307)|ENTERING_MANAGED_PKG|Centify
11:44:12.16 (365423915)|ENTERING_MANAGED_PKG|Centify
11:44:12.16 (381015462)|ENTERING_MANAGED_PKG|Centify
11:44:12.16 (381066379)|ENTERING_MANAGED_PKG|Centify
11:44:12.16 (381139905)|ENTERING_MANAGED_PKG|Centify
11:44:12.16 (381171201)|ENTERING_MANAGED_PKG|Centify
11:44:12.16 (381231392)|ENTERING_MANAGED_PKG|Centify
11:44:12.16 (407022594)|ENTERING_MANAGED_PKG|Centify
11:44:12.16 (422965612)|ENTERING_MANAGED_PKG|Centify
11:44:12.16 (423019720)|ENTERING_MANAGED_PKG|Centify
11:44:12.16 (423108623)|ENTERING_MANAGED_PKG|Centify
11:44:12.16 (423153177)|ENTERING_MANAGED_PKG|Centify
11:44:12.16 (423241200)|ENTERING_MANAGED_PKG|Centify
11:44:12.16 (464232741)|ENTERING_MANAGED_PKG|Centify
11:44:12.16 (516401506)|ENTERING_MANAGED_PKG|Centify
11:44:12.16 (516461238)|ENTERING_MANAGED_PKG|Centify
11:44:12.16 (516546765)|ENTERING_MANAGED_PKG|Centify
11:44:12.16 (516580236)|ENTERING_MANAGED_PKG|Centify
11:44:12.16 (516645529)|ENTERING_MANAGED_PKG|Centify
11:44:12.16 (546203210)|ENTERING_MANAGED_PKG|Centify
11:44:12.16 (562265314)|ENTERING_MANAGED_PKG|Centify
11:44:12.16 (562314890)|ENTERING_MANAGED_PKG|Centify
11:44:12.16 (562387633)|ENTERING_MANAGED_PKG|Centify
11:44:12.16 (562419517)|ENTERING_MANAGED_PKG|Centify
11:44:12.16 (562480323)|ENTERING_MANAGED_PKG|Centify
11:44:12.16 (588528992)|ENTERING_MANAGED_PKG|Centify
11:44:12.16 (604633635)|ENTERING_MANAGED_PKG|Centify
11:44:12.16 (604693947)|ENTERING_MANAGED_PKG|Centify
11:44:12.16 (604775910)|ENTERING_MANAGED_PKG|Centify
11:44:12.16 (604807566)|ENTERING_MANAGED_PKG|Centify
11:44:12.16 (604868090)|ENTERING_MANAGED_PKG|Centify
11:44:12.16 (636215185)|ENTERING_MANAGED_PKG|Centify
11:44:12.16 (653745648)|ENTERING_MANAGED_PKG|Centify
11:44:12.16 (653796759)|ENTERING_MANAGED_PKG|Centify
11:44:12.16 (653869872)|ENTERING_MANAGED_PKG|Centify
11:44:12.16 (653902133)|ENTERING_MANAGED_PKG|Centify
11:44:12.16 (653962397)|ENTERING_MANAGED_PKG|Centify
11:44:12.16 (683292023)|ENTERING_MANAGED_PKG|Centify
11:44:12.16 (703010984)|ENTERING_MANAGED_PKG|Centify
11:44:12.16 (703080139)|ENTERING_MANAGED_PKG|Centify
11:44:12.16 (703193910)|ENTERING_MANAGED_PKG|Centify
11:44:12.16 (703243991)|ENTERING_MANAGED_PKG|Centify
11:44:12.16 (703374519)|ENTERING_MANAGED_PKG|Centify
11:44:12.16 (739690862)|ENTERING_MANAGED_PKG|Centify
11:44:12.16 (828812605)|ENTERING_MANAGED_PKG|Centify
11:44:12.16 (828892153)|ENTERING_MANAGED_PKG|Centify
11:44:12.16 (829028721)|ENTERING_MANAGED_PKG|Centify
11:44:12.16 (829073685)|ENTERING_MANAGED_PKG|Centify
11:44:12.16 (829139535)|ENTERING_MANAGED_PKG|Centify
11:44:12.16 (948784416)|ENTERING_MANAGED_PKG|Centify
11:44:13.128 (1128460218)|ENTERING_MANAGED_PKG|Centify
11:44:13.128 (1128520201)|ENTERING_MANAGED_PKG|Centify
11:44:13.128 (1128598092)|ENTERING_MANAGED_PKG|Centify
11:44:13.128 (1128634157)|ENTERING_MANAGED_PKG|Centify
11:44:13.128 (1128706054)|ENTERING_MANAGED_PKG|Centify
11:44:13.128 (1159046367)|ENTERING_MANAGED_PKG|Centify
11:44:13.128 (1176516340)|ENTERING_MANAGED_PKG|Centify
11:44:13.128 (1176564120)|ENTERING_MANAGED_PKG|Centify
11:44:13.128 (1176637809)|ENTERING_MANAGED_PKG|Centify
11:44:13.128 (1176668989)|ENTERING_MANAGED_PKG|Centify
11:44:13.128 (1176724942)|ENTERING_MANAGED_PKG|Centify
11:44:13.128 (1206711041)|ENTERING_MANAGED_PKG|Centify
11:44:13.128 (1224751817)|ENTERING_MANAGED_PKG|Centify
11:44:13.128 (1224808431)|ENTERING_MANAGED_PKG|Centify
11:44:13.128 (1224877026)|ENTERING_MANAGED_PKG|Centify
11:44:13.128 (1224913847)|ENTERING_MANAGED_PKG|Centify
11:44:13.128 (1224983517)|ENTERING_MANAGED_PKG|Centify
11:44:13.128 (1355605024)|ENTERING_MANAGED_PKG|Centify
11:44:13.128 (1376260018)|ENTERING_MANAGED_PKG|Centify
11:44:13.128 (1376308241)|ENTERING_MANAGED_PKG|Centify
11:44:13.128 (1376379304)|ENTERING_MANAGED_PKG|Centify
11:44:13.128 (1376422971)|ENTERING_MANAGED_PKG|Centify
11:44:13.128 (1376515189)|ENTERING_MANAGED_PKG|Centify
11:44:13.128 (1408096492)|ENTERING_MANAGED_PKG|Centify
11:44:13.128 (1408167252)|ENTERING_MANAGED_PKG|Centify
11:44:13.128 (1408326350)|ENTERING_MANAGED_PKG|Centify
11:44:13.128 (1408369788)|ENTERING_MANAGED_PKG|Centify
11:44:13.128 (1408413665)|ENTERING_MANAGED_PKG|Centify
11:44:13.128 (1408692688)|ENTERING_MANAGED_PKG|Centify
11:44:13.128 (1408774817)|ENTERING_MANAGED_PKG|Centify
11:44:13.128 (1420861655)|ENTERING_MANAGED_PKG|Centify
11:44:13.128 (1420958479)|ENTERING_MANAGED_PKG|Centify
11:44:13.128 (1421103834)|ENTERING_MANAGED_PKG|Centify
11:44:13.128 (1421862787)|ENTERING_MANAGED_PKG|Centify
11:44:13.128 (1423004897)|SOQL_EXECUTE_BEGIN|[16]|Aggregations:0|select id,lastmodifieddate,isdeleted,call_duration_min__c,createddate,tasksubtype,isclosed,subject,ownerid,activitydate,status,whatid,calldurationinseconds,calltype from Task where LastModifiedDate >2018-10-23T01:43:07Z AND LastModifiedDate < 2018-10-23T01:44:18Z AND (   CallType = 'Outbound'  OR  CallType = 'Inbound'  )  ORDER BY SystemModStamp DESC LIMIT 5000  ALL ROWS
11:44:13.128 (1431252046)|SOQL_EXECUTE_END|[16]|Rows:4
11:44:13.452 (1452692294)|CUMULATIVE_LIMIT_USAGE
11:44:13.452 (1452692294)|LIMIT_USAGE_FOR_NS|(default)|
  Number of SOQL queries: 0 out of 200
  Number of query rows: 0 out of 50000
  Number of SOSL queries: 0 out of 20
  Number of DML statements: 0 out of 150
  Number of DML rows: 0 out of 10000
  Maximum CPU time: 0 out of 60000
  Maximum heap size: 0 out of 12000000
  Number of callouts: 0 out of 0
  Number of Email Invocations: 0 out of 10
  Number of future calls: 0 out of 0
  Number of queueable jobs added to the queue: 0 out of 1
  Number of Mobile Apex push calls: 0 out of 10

11:44:13.452 (1452692294)|LIMIT_USAGE_FOR_NS|Centify|
  Number of SOQL queries: 0 out of 200
  Number of query rows: 0 out of 50000
  Number of SOSL queries: 0 out of 20
  Number of DML statements: 0 out of 150
  Number of DML rows: 0 out of 10000
  Maximum CPU time: 0 out of 60000
  Maximum heap size: 0 out of 12000000
  Number of callouts: 0 out of 0
  Number of Email Invocations: 0 out of 10
  Number of future calls: 0 out of 0
  Number of queueable jobs added to the queue: 0 out of 1
  Number of Mobile Apex push calls: 0 out of 10

11:44:13.452 (1452692294)|CUMULATIVE_LIMIT_USAGE_END

