37.0 APEX_CODE,FINEST;APEX_PROFILING,INFO;CALLOUT,INFO;DB,INFO;NBA,INFO;SYSTEM,DEBUG;VALIDATION,INFO;VISUALFORCE,INFO;WAVE,INFO;WORKFLOW,INFO
17:05:12.21 (21655856)|ENTERING_MANAGED_PKG|Centify
17:05:12.21 (22518227)|ENTERING_MANAGED_PKG|Centify
17:05:12.21 (22554880)|ENTERING_MANAGED_PKG|Centify
17:05:12.21 (22699770)|ENTERING_MANAGED_PKG|Centify
17:05:12.21 (22756031)|ENTERING_MANAGED_PKG|Centify
17:05:12.21 (23563540)|ENTERING_MANAGED_PKG|Centify
17:05:12.21 (23906192)|ENTERING_MANAGED_PKG|Centify
17:05:12.21 (23933364)|ENTERING_MANAGED_PKG|Centify
17:05:12.21 (24025682)|ENTERING_MANAGED_PKG|Centify
17:05:12.21 (24065617)|ENTERING_MANAGED_PKG|Centify
17:05:12.21 (24119912)|ENTERING_MANAGED_PKG|Centify
17:05:12.21 (24142370)|ENTERING_MANAGED_PKG|Centify
17:05:12.21 (24157902)|ENTERING_MANAGED_PKG|Centify
17:05:12.21 (24381724)|ENTERING_MANAGED_PKG|Centify
17:05:12.21 (60834693)|ENTERING_MANAGED_PKG|Centify
17:05:12.21 (60900200)|ENTERING_MANAGED_PKG|Centify
17:05:12.21 (60998418)|ENTERING_MANAGED_PKG|Centify
17:05:12.21 (61038863)|ENTERING_MANAGED_PKG|Centify
17:05:12.21 (201671290)|ENTERING_MANAGED_PKG|Centify
17:05:12.21 (232702543)|ENTERING_MANAGED_PKG|Centify
17:05:12.21 (246683412)|ENTERING_MANAGED_PKG|Centify
17:05:12.21 (246734139)|ENTERING_MANAGED_PKG|Centify
17:05:12.21 (246809082)|ENTERING_MANAGED_PKG|Centify
17:05:12.21 (246839645)|ENTERING_MANAGED_PKG|Centify
17:05:12.21 (246898352)|ENTERING_MANAGED_PKG|Centify
17:05:12.21 (269266871)|ENTERING_MANAGED_PKG|Centify
17:05:12.21 (286131478)|ENTERING_MANAGED_PKG|Centify
17:05:12.21 (286181185)|ENTERING_MANAGED_PKG|Centify
17:05:12.21 (286253560)|ENTERING_MANAGED_PKG|Centify
17:05:12.21 (286284181)|ENTERING_MANAGED_PKG|Centify
17:05:12.21 (286341551)|ENTERING_MANAGED_PKG|Centify
17:05:12.21 (330002150)|ENTERING_MANAGED_PKG|Centify
17:05:12.21 (347666294)|ENTERING_MANAGED_PKG|Centify
17:05:12.21 (347724620)|ENTERING_MANAGED_PKG|Centify
17:05:12.21 (347816244)|ENTERING_MANAGED_PKG|Centify
17:05:12.21 (347866374)|ENTERING_MANAGED_PKG|Centify
17:05:12.21 (347951693)|ENTERING_MANAGED_PKG|Centify
17:05:12.21 (372473100)|ENTERING_MANAGED_PKG|Centify
17:05:12.21 (388880753)|ENTERING_MANAGED_PKG|Centify
17:05:12.21 (388951099)|ENTERING_MANAGED_PKG|Centify
17:05:12.21 (389055013)|ENTERING_MANAGED_PKG|Centify
17:05:12.21 (389097301)|ENTERING_MANAGED_PKG|Centify
17:05:12.21 (389181404)|ENTERING_MANAGED_PKG|Centify
17:05:12.21 (413594969)|ENTERING_MANAGED_PKG|Centify
17:05:12.21 (430011342)|ENTERING_MANAGED_PKG|Centify
17:05:12.21 (430079968)|ENTERING_MANAGED_PKG|Centify
17:05:12.21 (430161589)|ENTERING_MANAGED_PKG|Centify
17:05:12.21 (430207748)|ENTERING_MANAGED_PKG|Centify
17:05:12.21 (430271649)|ENTERING_MANAGED_PKG|Centify
17:05:12.21 (453986069)|ENTERING_MANAGED_PKG|Centify
17:05:12.21 (470436439)|ENTERING_MANAGED_PKG|Centify
17:05:12.21 (470486894)|ENTERING_MANAGED_PKG|Centify
17:05:12.21 (470561214)|ENTERING_MANAGED_PKG|Centify
17:05:12.21 (470593292)|ENTERING_MANAGED_PKG|Centify
17:05:12.21 (470657718)|ENTERING_MANAGED_PKG|Centify
17:05:12.21 (493603348)|ENTERING_MANAGED_PKG|Centify
17:05:12.21 (512849415)|ENTERING_MANAGED_PKG|Centify
17:05:12.21 (512910462)|ENTERING_MANAGED_PKG|Centify
17:05:12.21 (513006862)|ENTERING_MANAGED_PKG|Centify
17:05:12.21 (513048682)|ENTERING_MANAGED_PKG|Centify
17:05:12.21 (513127715)|ENTERING_MANAGED_PKG|Centify
17:05:12.21 (555810387)|ENTERING_MANAGED_PKG|Centify
17:05:12.21 (576399106)|ENTERING_MANAGED_PKG|Centify
17:05:12.21 (576452508)|ENTERING_MANAGED_PKG|Centify
17:05:12.21 (576527409)|ENTERING_MANAGED_PKG|Centify
17:05:12.21 (576559362)|ENTERING_MANAGED_PKG|Centify
17:05:12.21 (576620601)|ENTERING_MANAGED_PKG|Centify
17:05:12.21 (600705746)|ENTERING_MANAGED_PKG|Centify
17:05:12.21 (619273242)|ENTERING_MANAGED_PKG|Centify
17:05:12.21 (619342513)|ENTERING_MANAGED_PKG|Centify
17:05:12.21 (619437821)|ENTERING_MANAGED_PKG|Centify
17:05:12.21 (619470799)|ENTERING_MANAGED_PKG|Centify
17:05:12.21 (619531174)|ENTERING_MANAGED_PKG|Centify
17:05:12.21 (643288664)|ENTERING_MANAGED_PKG|Centify
17:05:12.21 (659960755)|ENTERING_MANAGED_PKG|Centify
17:05:12.21 (660019907)|ENTERING_MANAGED_PKG|Centify
17:05:12.21 (660104035)|ENTERING_MANAGED_PKG|Centify
17:05:12.21 (660139135)|ENTERING_MANAGED_PKG|Centify
17:05:12.21 (660201523)|ENTERING_MANAGED_PKG|Centify
17:05:12.21 (684715716)|ENTERING_MANAGED_PKG|Centify
17:05:12.21 (702575318)|ENTERING_MANAGED_PKG|Centify
17:05:12.21 (702635303)|ENTERING_MANAGED_PKG|Centify
17:05:12.21 (702714182)|ENTERING_MANAGED_PKG|Centify
17:05:12.21 (702748392)|ENTERING_MANAGED_PKG|Centify
17:05:12.21 (702811309)|ENTERING_MANAGED_PKG|Centify
17:05:12.21 (725974923)|ENTERING_MANAGED_PKG|Centify
17:05:12.21 (742046538)|ENTERING_MANAGED_PKG|Centify
17:05:12.21 (742102839)|ENTERING_MANAGED_PKG|Centify
17:05:12.21 (742190822)|ENTERING_MANAGED_PKG|Centify
17:05:12.21 (742223292)|ENTERING_MANAGED_PKG|Centify
17:05:12.21 (742285411)|ENTERING_MANAGED_PKG|Centify
17:05:12.21 (764660806)|ENTERING_MANAGED_PKG|Centify
17:05:12.21 (764715650)|ENTERING_MANAGED_PKG|Centify
17:05:12.21 (764859081)|ENTERING_MANAGED_PKG|Centify
17:05:12.21 (764895157)|ENTERING_MANAGED_PKG|Centify
17:05:12.21 (764923848)|ENTERING_MANAGED_PKG|Centify
17:05:12.21 (765203533)|ENTERING_MANAGED_PKG|Centify
17:05:12.21 (765278285)|ENTERING_MANAGED_PKG|Centify
17:05:12.21 (777876548)|ENTERING_MANAGED_PKG|Centify
17:05:12.21 (777992490)|ENTERING_MANAGED_PKG|Centify
17:05:12.21 (778144652)|ENTERING_MANAGED_PKG|Centify
17:05:12.21 (779053197)|ENTERING_MANAGED_PKG|Centify
17:05:12.21 (780191009)|SOQL_EXECUTE_BEGIN|[16]|Aggregations:0|select id,lastmodifieddate,isdeleted,audit_completed_date__c,audit_booked_date__c,assign_to__c,name,ownerid,status__c,lastactivitydate,opp_type__c,spinify_is_target__c,spinify_is_auditedthismonth__c from SLXOpportunity__c where LastModifiedDate >2018-11-21T06:02:05Z AND LastModifiedDate < 2018-11-21T07:05:18Z AND (   Spinify_Is_Target__c =true OR  Spinify_Is_AuditedThisMonth__c =true )  ORDER BY SystemModStamp DESC LIMIT 5000  ALL ROWS
17:05:12.21 (785661931)|SOQL_EXECUTE_END|[16]|Rows:0
17:05:12.813 (813962930)|CUMULATIVE_LIMIT_USAGE
17:05:12.813 (813962930)|LIMIT_USAGE_FOR_NS|(default)|
  Number of SOQL queries: 0 out of 200
  Number of query rows: 0 out of 50000
  Number of SOSL queries: 0 out of 20
  Number of DML statements: 0 out of 150
  Number of DML rows: 0 out of 10000
  Maximum CPU time: 0 out of 60000
  Maximum heap size: 0 out of 12000000
  Number of callouts: 0 out of 0
  Number of Email Invocations: 0 out of 10
  Number of future calls: 0 out of 0
  Number of queueable jobs added to the queue: 0 out of 1
  Number of Mobile Apex push calls: 0 out of 10

17:05:12.813 (813962930)|LIMIT_USAGE_FOR_NS|Centify|
  Number of SOQL queries: 0 out of 200
  Number of query rows: 0 out of 50000
  Number of SOSL queries: 0 out of 20
  Number of DML statements: 0 out of 150
  Number of DML rows: 0 out of 10000
  Maximum CPU time: 0 out of 60000
  Maximum heap size: 0 out of 12000000
  Number of callouts: 0 out of 0
  Number of Email Invocations: 0 out of 10
  Number of future calls: 0 out of 0
  Number of queueable jobs added to the queue: 0 out of 1
  Number of Mobile Apex push calls: 0 out of 10

17:05:12.813 (813962930)|CUMULATIVE_LIMIT_USAGE_END

