37.0 APEX_CODE,FINEST;APEX_PROFILING,INFO;CALLOUT,INFO;DB,INFO;NBA,INFO;SYSTEM,DEBUG;VALIDATION,INFO;VISUALFORCE,INFO;WAVE,INFO;WORKFLOW,INFO
18:06:01.16 (16876754)|ENTERING_MANAGED_PKG|Centify
18:06:01.16 (19043155)|ENTERING_MANAGED_PKG|Centify
18:06:01.16 (19116841)|ENTERING_MANAGED_PKG|Centify
18:06:01.16 (19906250)|ENTERING_MANAGED_PKG|Centify
18:06:01.16 (20017260)|ENTERING_MANAGED_PKG|Centify
18:06:01.16 (21152504)|ENTERING_MANAGED_PKG|Centify
18:06:01.16 (21535595)|ENTERING_MANAGED_PKG|Centify
18:06:01.16 (21571976)|ENTERING_MANAGED_PKG|Centify
18:06:01.16 (21699365)|ENTERING_MANAGED_PKG|Centify
18:06:01.16 (21769413)|ENTERING_MANAGED_PKG|Centify
18:06:01.16 (21806746)|ENTERING_MANAGED_PKG|Centify
18:06:01.16 (21851167)|ENTERING_MANAGED_PKG|Centify
18:06:01.16 (21872477)|ENTERING_MANAGED_PKG|Centify
18:06:01.16 (22148028)|ENTERING_MANAGED_PKG|Centify
18:06:01.16 (72549035)|ENTERING_MANAGED_PKG|Centify
18:06:01.16 (72635463)|ENTERING_MANAGED_PKG|Centify
18:06:01.16 (72771668)|ENTERING_MANAGED_PKG|Centify
18:06:01.16 (72821837)|ENTERING_MANAGED_PKG|Centify
18:06:01.16 (310647706)|ENTERING_MANAGED_PKG|Centify
18:06:01.16 (354948737)|ENTERING_MANAGED_PKG|Centify
18:06:01.16 (369080621)|ENTERING_MANAGED_PKG|Centify
18:06:01.16 (369144669)|ENTERING_MANAGED_PKG|Centify
18:06:01.16 (369242316)|ENTERING_MANAGED_PKG|Centify
18:06:01.16 (369285085)|ENTERING_MANAGED_PKG|Centify
18:06:01.16 (369370279)|ENTERING_MANAGED_PKG|Centify
18:06:01.16 (394146646)|ENTERING_MANAGED_PKG|Centify
18:06:01.16 (408674332)|ENTERING_MANAGED_PKG|Centify
18:06:01.16 (408733667)|ENTERING_MANAGED_PKG|Centify
18:06:01.16 (408819323)|ENTERING_MANAGED_PKG|Centify
18:06:01.16 (408855449)|ENTERING_MANAGED_PKG|Centify
18:06:01.16 (408925347)|ENTERING_MANAGED_PKG|Centify
18:06:01.16 (430461830)|ENTERING_MANAGED_PKG|Centify
18:06:01.16 (444292786)|ENTERING_MANAGED_PKG|Centify
18:06:01.16 (444349581)|ENTERING_MANAGED_PKG|Centify
18:06:01.16 (444431395)|ENTERING_MANAGED_PKG|Centify
18:06:01.16 (444468507)|ENTERING_MANAGED_PKG|Centify
18:06:01.16 (444544216)|ENTERING_MANAGED_PKG|Centify
18:06:01.16 (467572963)|ENTERING_MANAGED_PKG|Centify
18:06:01.16 (482093421)|ENTERING_MANAGED_PKG|Centify
18:06:01.16 (482153931)|ENTERING_MANAGED_PKG|Centify
18:06:01.16 (482237984)|ENTERING_MANAGED_PKG|Centify
18:06:01.16 (482274567)|ENTERING_MANAGED_PKG|Centify
18:06:01.16 (482344507)|ENTERING_MANAGED_PKG|Centify
18:06:01.16 (505557226)|ENTERING_MANAGED_PKG|Centify
18:06:01.16 (521304353)|ENTERING_MANAGED_PKG|Centify
18:06:01.16 (521369285)|ENTERING_MANAGED_PKG|Centify
18:06:01.16 (521467487)|ENTERING_MANAGED_PKG|Centify
18:06:01.16 (521515259)|ENTERING_MANAGED_PKG|Centify
18:06:01.16 (521604577)|ENTERING_MANAGED_PKG|Centify
18:06:01.16 (549755313)|ENTERING_MANAGED_PKG|Centify
18:06:01.16 (605872258)|ENTERING_MANAGED_PKG|Centify
18:06:01.16 (605933337)|ENTERING_MANAGED_PKG|Centify
18:06:01.16 (606019734)|ENTERING_MANAGED_PKG|Centify
18:06:01.16 (606056374)|ENTERING_MANAGED_PKG|Centify
18:06:01.16 (606127024)|ENTERING_MANAGED_PKG|Centify
18:06:01.16 (628370835)|ENTERING_MANAGED_PKG|Centify
18:06:01.16 (643656968)|ENTERING_MANAGED_PKG|Centify
18:06:01.16 (643715509)|ENTERING_MANAGED_PKG|Centify
18:06:01.16 (643802184)|ENTERING_MANAGED_PKG|Centify
18:06:01.16 (643839330)|ENTERING_MANAGED_PKG|Centify
18:06:01.16 (643909237)|ENTERING_MANAGED_PKG|Centify
18:06:01.16 (670138389)|ENTERING_MANAGED_PKG|Centify
18:06:01.16 (685580518)|ENTERING_MANAGED_PKG|Centify
18:06:01.16 (685644681)|ENTERING_MANAGED_PKG|Centify
18:06:01.16 (685742448)|ENTERING_MANAGED_PKG|Centify
18:06:01.16 (685785146)|ENTERING_MANAGED_PKG|Centify
18:06:01.16 (685868845)|ENTERING_MANAGED_PKG|Centify
18:06:01.16 (711308683)|ENTERING_MANAGED_PKG|Centify
18:06:01.16 (726497011)|ENTERING_MANAGED_PKG|Centify
18:06:01.16 (726573315)|ENTERING_MANAGED_PKG|Centify
18:06:01.16 (726673798)|ENTERING_MANAGED_PKG|Centify
18:06:01.16 (726716668)|ENTERING_MANAGED_PKG|Centify
18:06:01.16 (726802471)|ENTERING_MANAGED_PKG|Centify
18:06:01.16 (752096162)|ENTERING_MANAGED_PKG|Centify
18:06:01.16 (767158001)|ENTERING_MANAGED_PKG|Centify
18:06:01.16 (767221455)|ENTERING_MANAGED_PKG|Centify
18:06:01.16 (767313811)|ENTERING_MANAGED_PKG|Centify
18:06:01.16 (767355782)|ENTERING_MANAGED_PKG|Centify
18:06:01.16 (767464757)|ENTERING_MANAGED_PKG|Centify
18:06:01.16 (791170611)|ENTERING_MANAGED_PKG|Centify
18:06:01.16 (791237327)|ENTERING_MANAGED_PKG|Centify
18:06:01.16 (791422853)|ENTERING_MANAGED_PKG|Centify
18:06:01.16 (791472180)|ENTERING_MANAGED_PKG|Centify
18:06:01.16 (791512619)|ENTERING_MANAGED_PKG|Centify
18:06:01.16 (791805670)|ENTERING_MANAGED_PKG|Centify
18:06:01.16 (791893688)|ENTERING_MANAGED_PKG|Centify
18:06:01.16 (808392959)|ENTERING_MANAGED_PKG|Centify
18:06:01.16 (808482503)|ENTERING_MANAGED_PKG|Centify
18:06:01.16 (808651320)|ENTERING_MANAGED_PKG|Centify
18:06:01.16 (809395519)|ENTERING_MANAGED_PKG|Centify
18:06:01.16 (810374412)|SOQL_EXECUTE_BEGIN|[16]|Aggregations:0|select id,lastmodifieddate,isdeleted,isgmt__c,role__c,name,createddate,ownerid,active_clients__c,customer_service_index__c,service_index_in_string__c from CM_Daily_Stats__c where LastModifiedDate >2018-09-27T22:24:08Z AND LastModifiedDate < 2018-09-28T08:06:07Z AND (  isActive__c =true)  ORDER BY SystemModStamp DESC LIMIT 5000  ALL ROWS
18:06:01.16 (823064005)|SOQL_EXECUTE_END|[16]|Rows:0
18:06:01.845 (845032346)|CUMULATIVE_LIMIT_USAGE
18:06:01.845 (845032346)|LIMIT_USAGE_FOR_NS|(default)|
  Number of SOQL queries: 0 out of 200
  Number of query rows: 0 out of 50000
  Number of SOSL queries: 0 out of 20
  Number of DML statements: 0 out of 150
  Number of DML rows: 0 out of 10000
  Maximum CPU time: 0 out of 60000
  Maximum heap size: 0 out of 12000000
  Number of callouts: 0 out of 0
  Number of Email Invocations: 0 out of 10
  Number of future calls: 0 out of 0
  Number of queueable jobs added to the queue: 0 out of 1
  Number of Mobile Apex push calls: 0 out of 10

18:06:01.845 (845032346)|LIMIT_USAGE_FOR_NS|Centify|
  Number of SOQL queries: 0 out of 200
  Number of query rows: 0 out of 50000
  Number of SOSL queries: 0 out of 20
  Number of DML statements: 0 out of 150
  Number of DML rows: 0 out of 10000
  Maximum CPU time: 0 out of 60000
  Maximum heap size: 0 out of 12000000
  Number of callouts: 0 out of 0
  Number of Email Invocations: 0 out of 10
  Number of future calls: 0 out of 0
  Number of queueable jobs added to the queue: 0 out of 1
  Number of Mobile Apex push calls: 0 out of 10

18:06:01.845 (845032346)|CUMULATIVE_LIMIT_USAGE_END

