37.0 APEX_CODE,FINEST;APEX_PROFILING,INFO;CALLOUT,INFO;DB,INFO;NBA,INFO;SYSTEM,DEBUG;VALIDATION,INFO;VISUALFORCE,INFO;WAVE,INFO;WORKFLOW,INFO
17:21:05.39 (39896982)|ENTERING_MANAGED_PKG|Centify
17:21:05.39 (41809360)|ENTERING_MANAGED_PKG|Centify
17:21:05.39 (41856896)|ENTERING_MANAGED_PKG|Centify
17:21:05.39 (42996482)|ENTERING_MANAGED_PKG|Centify
17:21:05.39 (43108996)|ENTERING_MANAGED_PKG|Centify
17:21:05.39 (44304346)|ENTERING_MANAGED_PKG|Centify
17:21:05.39 (44664181)|ENTERING_MANAGED_PKG|Centify
17:21:05.39 (44699880)|ENTERING_MANAGED_PKG|Centify
17:21:05.39 (44796577)|ENTERING_MANAGED_PKG|Centify
17:21:05.39 (44854914)|ENTERING_MANAGED_PKG|Centify
17:21:05.39 (44906045)|ENTERING_MANAGED_PKG|Centify
17:21:05.39 (44931709)|ENTERING_MANAGED_PKG|Centify
17:21:05.39 (44960486)|ENTERING_MANAGED_PKG|Centify
17:21:05.39 (45200218)|ENTERING_MANAGED_PKG|Centify
17:21:05.39 (109541357)|ENTERING_MANAGED_PKG|Centify
17:21:05.39 (109641631)|ENTERING_MANAGED_PKG|Centify
17:21:05.39 (109797056)|ENTERING_MANAGED_PKG|Centify
17:21:05.39 (109854336)|ENTERING_MANAGED_PKG|Centify
17:21:05.39 (383326707)|ENTERING_MANAGED_PKG|Centify
17:21:05.39 (452555225)|ENTERING_MANAGED_PKG|Centify
17:21:05.39 (471913551)|ENTERING_MANAGED_PKG|Centify
17:21:05.39 (472034366)|ENTERING_MANAGED_PKG|Centify
17:21:05.39 (472182499)|ENTERING_MANAGED_PKG|Centify
17:21:05.39 (472247373)|ENTERING_MANAGED_PKG|Centify
17:21:05.39 (472394791)|ENTERING_MANAGED_PKG|Centify
17:21:05.39 (523860374)|ENTERING_MANAGED_PKG|Centify
17:21:05.39 (542290917)|ENTERING_MANAGED_PKG|Centify
17:21:05.39 (542349527)|ENTERING_MANAGED_PKG|Centify
17:21:05.39 (542452306)|ENTERING_MANAGED_PKG|Centify
17:21:05.39 (542492985)|ENTERING_MANAGED_PKG|Centify
17:21:05.39 (542572321)|ENTERING_MANAGED_PKG|Centify
17:21:05.39 (595207575)|ENTERING_MANAGED_PKG|Centify
17:21:05.39 (615387997)|ENTERING_MANAGED_PKG|Centify
17:21:05.39 (615443307)|ENTERING_MANAGED_PKG|Centify
17:21:05.39 (615523960)|ENTERING_MANAGED_PKG|Centify
17:21:05.39 (615557797)|ENTERING_MANAGED_PKG|Centify
17:21:05.39 (615649113)|ENTERING_MANAGED_PKG|Centify
17:21:05.39 (658888046)|ENTERING_MANAGED_PKG|Centify
17:21:05.39 (676879276)|ENTERING_MANAGED_PKG|Centify
17:21:05.39 (676948993)|ENTERING_MANAGED_PKG|Centify
17:21:05.39 (677079690)|ENTERING_MANAGED_PKG|Centify
17:21:05.39 (677141671)|ENTERING_MANAGED_PKG|Centify
17:21:05.39 (677255053)|ENTERING_MANAGED_PKG|Centify
17:21:05.39 (717274720)|ENTERING_MANAGED_PKG|Centify
17:21:05.39 (735894854)|ENTERING_MANAGED_PKG|Centify
17:21:05.39 (735953483)|ENTERING_MANAGED_PKG|Centify
17:21:05.39 (736053687)|ENTERING_MANAGED_PKG|Centify
17:21:05.39 (736099480)|ENTERING_MANAGED_PKG|Centify
17:21:05.39 (736172358)|ENTERING_MANAGED_PKG|Centify
17:21:05.39 (778829520)|ENTERING_MANAGED_PKG|Centify
17:21:05.39 (796456174)|ENTERING_MANAGED_PKG|Centify
17:21:05.39 (796507474)|ENTERING_MANAGED_PKG|Centify
17:21:05.39 (796584840)|ENTERING_MANAGED_PKG|Centify
17:21:05.39 (796623540)|ENTERING_MANAGED_PKG|Centify
17:21:05.39 (796713395)|ENTERING_MANAGED_PKG|Centify
17:21:05.39 (853220283)|ENTERING_MANAGED_PKG|Centify
17:21:05.39 (869155754)|ENTERING_MANAGED_PKG|Centify
17:21:05.39 (869218666)|ENTERING_MANAGED_PKG|Centify
17:21:05.39 (869314477)|ENTERING_MANAGED_PKG|Centify
17:21:05.39 (869361716)|ENTERING_MANAGED_PKG|Centify
17:21:05.39 (869433172)|ENTERING_MANAGED_PKG|Centify
17:21:05.39 (904907845)|ENTERING_MANAGED_PKG|Centify
17:21:05.39 (922378864)|ENTERING_MANAGED_PKG|Centify
17:21:05.39 (922432331)|ENTERING_MANAGED_PKG|Centify
17:21:05.39 (922510746)|ENTERING_MANAGED_PKG|Centify
17:21:05.39 (922544701)|ENTERING_MANAGED_PKG|Centify
17:21:05.39 (922611158)|ENTERING_MANAGED_PKG|Centify
17:21:05.39 (972243693)|ENTERING_MANAGED_PKG|Centify
17:21:05.39 (989280332)|ENTERING_MANAGED_PKG|Centify
17:21:05.39 (989335957)|ENTERING_MANAGED_PKG|Centify
17:21:05.39 (989412426)|ENTERING_MANAGED_PKG|Centify
17:21:05.39 (989445496)|ENTERING_MANAGED_PKG|Centify
17:21:05.39 (989511697)|ENTERING_MANAGED_PKG|Centify
17:21:06.65 (1065547976)|ENTERING_MANAGED_PKG|Centify
17:21:06.65 (1081475313)|ENTERING_MANAGED_PKG|Centify
17:21:06.65 (1081529677)|ENTERING_MANAGED_PKG|Centify
17:21:06.65 (1081610570)|ENTERING_MANAGED_PKG|Centify
17:21:06.65 (1081663259)|ENTERING_MANAGED_PKG|Centify
17:21:06.65 (1081764961)|ENTERING_MANAGED_PKG|Centify
17:21:06.65 (1132957284)|ENTERING_MANAGED_PKG|Centify
17:21:06.65 (1153495737)|ENTERING_MANAGED_PKG|Centify
17:21:06.65 (1153563399)|ENTERING_MANAGED_PKG|Centify
17:21:06.65 (1153695624)|ENTERING_MANAGED_PKG|Centify
17:21:06.65 (1153738413)|ENTERING_MANAGED_PKG|Centify
17:21:06.65 (1153835793)|ENTERING_MANAGED_PKG|Centify
17:21:06.65 (1201389990)|ENTERING_MANAGED_PKG|Centify
17:21:06.65 (1201461489)|ENTERING_MANAGED_PKG|Centify
17:21:06.65 (1201582649)|ENTERING_MANAGED_PKG|Centify
17:21:06.65 (1201606391)|ENTERING_MANAGED_PKG|Centify
17:21:06.65 (1201747258)|ENTERING_MANAGED_PKG|Centify
17:21:06.65 (1201788102)|ENTERING_MANAGED_PKG|Centify
17:21:06.65 (1201828801)|ENTERING_MANAGED_PKG|Centify
17:21:06.65 (1203038783)|ENTERING_MANAGED_PKG|Centify
17:21:06.65 (1203123170)|ENTERING_MANAGED_PKG|Centify
17:21:06.65 (1204936757)|ENTERING_MANAGED_PKG|Centify
17:21:06.65 (1205029620)|ENTERING_MANAGED_PKG|Centify
17:21:06.65 (1205154736)|ENTERING_MANAGED_PKG|Centify
17:21:06.65 (1205896140)|ENTERING_MANAGED_PKG|Centify
17:21:06.65 (1207017929)|SOQL_EXECUTE_BEGIN|[16]|Aggregations:0|select id,lastmodifieddate,isdeleted,salesperson__c,has_gtm_code_been_sent_to_client__c,are_all_possible_extensions_setup__c,status__c,product_type__c,ownerid,createddate,name,management_price__c from Sign_Up__c where LastModifiedDate >2018-11-21T07:16:08Z AND LastModifiedDate < 2018-11-21T07:21:11Z AND (  Management_Price__c > 0.00)  ORDER BY SystemModStamp DESC LIMIT 5000  ALL ROWS
17:21:06.65 (1213386600)|SOQL_EXECUTE_END|[16]|Rows:0
17:21:06.256 (1256593664)|CUMULATIVE_LIMIT_USAGE
17:21:06.256 (1256593664)|LIMIT_USAGE_FOR_NS|(default)|
  Number of SOQL queries: 0 out of 200
  Number of query rows: 0 out of 50000
  Number of SOSL queries: 0 out of 20
  Number of DML statements: 0 out of 150
  Number of DML rows: 0 out of 10000
  Maximum CPU time: 0 out of 60000
  Maximum heap size: 0 out of 12000000
  Number of callouts: 0 out of 0
  Number of Email Invocations: 0 out of 10
  Number of future calls: 0 out of 0
  Number of queueable jobs added to the queue: 0 out of 1
  Number of Mobile Apex push calls: 0 out of 10

17:21:06.256 (1256593664)|LIMIT_USAGE_FOR_NS|Centify|
  Number of SOQL queries: 0 out of 200
  Number of query rows: 0 out of 50000
  Number of SOSL queries: 0 out of 20
  Number of DML statements: 0 out of 150
  Number of DML rows: 0 out of 10000
  Maximum CPU time: 0 out of 60000
  Maximum heap size: 0 out of 12000000
  Number of callouts: 0 out of 0
  Number of Email Invocations: 0 out of 10
  Number of future calls: 0 out of 0
  Number of queueable jobs added to the queue: 0 out of 1
  Number of Mobile Apex push calls: 0 out of 10

17:21:06.256 (1256593664)|CUMULATIVE_LIMIT_USAGE_END

