25.0 APEX_CODE,FINEST;APEX_PROFILING,INFO;CALLOUT,INFO;DB,INFO;NBA,INFO;SYSTEM,DEBUG;VALIDATION,INFO;VISUALFORCE,INFO;WAVE,INFO;WORKFLOW,INFO
18:01:20.0 (435645)|USER_INFO|[EXTERNAL]|00590000000Vmmq|ben@bjbglobal.com.au|Australian Eastern Standard Time|GMT+10:00
18:01:20.0 (489070)|EXECUTION_STARTED
18:01:20.0 (495784)|CODE_UNIT_STARTED|[EXTERNAL]|06690000001n1iJ|VF: /apex/ClientHistoryView
18:01:20.0 (4462163)|SYSTEM_MODE_ENTER|true
18:01:20.0 (4928811)|HEAP_ALLOCATE|[72]|Bytes:3
18:01:20.0 (4958679)|HEAP_ALLOCATE|[77]|Bytes:152
18:01:20.0 (4973671)|HEAP_ALLOCATE|[342]|Bytes:408
18:01:20.0 (4985819)|HEAP_ALLOCATE|[355]|Bytes:408
18:01:20.0 (4997764)|HEAP_ALLOCATE|[467]|Bytes:48
18:01:20.0 (5019230)|HEAP_ALLOCATE|[139]|Bytes:6
18:01:20.0 (5037948)|HEAP_ALLOCATE|[EXTERNAL]|Bytes:22
18:01:20.0 (5043558)|HEAP_ALLOCATE|[EXTERNAL]|Bytes:124
18:01:20.0 (5047391)|HEAP_ALLOCATE|[EXTERNAL]|Bytes:5
18:01:20.0 (5053789)|HEAP_ALLOCATE|[EXTERNAL]|Bytes:163
18:01:20.0 (5063875)|METHOD_ENTRY|[1]|01p90000001romu|ClientHistoryController.ClientHistoryController()
18:01:20.0 (5071738)|STATEMENT_EXECUTE|[1]
18:01:20.0 (5076501)|STATEMENT_EXECUTE|[1]
18:01:20.0 (5122079)|HEAP_ALLOCATE|[50]|Bytes:5
18:01:20.0 (5141019)|HEAP_ALLOCATE|[56]|Bytes:5
18:01:20.0 (5149295)|HEAP_ALLOCATE|[64]|Bytes:7
18:01:20.0 (5164981)|SYSTEM_MODE_ENTER|false
18:01:20.0 (5175385)|HEAP_ALLOCATE|[EXTERNAL]|Bytes:5
18:01:20.0 (5180156)|STATEMENT_EXECUTE|[63]
18:01:20.0 (5182113)|STATEMENT_EXECUTE|[93]
18:01:20.0 (5185920)|SYSTEM_MODE_EXIT|false
18:01:20.0 (5194417)|METHOD_EXIT|[1]|ClientHistoryController
18:01:20.0 (5399081)|HEAP_ALLOCATE|[EXTERNAL]|Bytes:12
18:01:20.0 (5416812)|VARIABLE_SCOPE_BEGIN|[5]|this|ClientHistoryController|true|false
18:01:20.0 (5470001)|VARIABLE_ASSIGNMENT|[5]|this|{}|0x26d07520
18:01:20.0 (5478687)|VARIABLE_SCOPE_BEGIN|[5]|controller|ApexPages.StandardController|true|false
18:01:20.0 (5685595)|VARIABLE_ASSIGNMENT|[5]|controller|"StandardController [null]"|0x51ccf5f1
18:01:20.0 (5705663)|SYSTEM_MODE_ENTER|false
18:01:20.0 (5713991)|HEAP_ALLOCATE|[6]|Bytes:5
18:01:20.0 (5719568)|STATEMENT_EXECUTE|[1]
18:01:20.0 (5724423)|HEAP_ALLOCATE|[6]|Bytes:5
18:01:20.0 (5728114)|STATEMENT_EXECUTE|[2]
18:01:20.0 (5737839)|STATEMENT_EXECUTE|[3]
18:01:20.0 (5749746)|HEAP_ALLOCATE|[6]|Bytes:6
18:01:20.0 (5789277)|STATEMENT_EXECUTE|[5]
18:01:20.0 (5791363)|STATEMENT_EXECUTE|[6]
18:01:20.0 (11003970)|HEAP_ALLOCATE|[6]|Bytes:12
18:01:20.0 (11035625)|VARIABLE_SCOPE_BEGIN|[6]|acc|Account|true|false
18:01:20.0 (11068806)|VARIABLE_ASSIGNMENT|[6]|acc|{"CurrencyIsoCode":"AUD","Id":"0016F00002cBajsQAC"}|0x639db1cf
18:01:20.0 (11080472)|STATEMENT_EXECUTE|[9]
18:01:20.0 (11092934)|HEAP_ALLOCATE|[9]|Bytes:134
18:01:20.0 (11110938)|HEAP_ALLOCATE|[9]|Bytes:4
18:01:20.0 (11122528)|HEAP_ALLOCATE|[9]|Bytes:7
18:01:20.0 (13825666)|SOQL_EXECUTE_BEGIN|[9]|Aggregations:0|SELECT name, ID FROM Account_Product__c WHERE (Account__c = :tmpVar1 AND recurring_period__c != NULL AND recurring_period__c != 'N/A')
18:01:20.0 (19390487)|SOQL_EXECUTE_END|[9]|Rows:1
18:01:20.0 (19420373)|HEAP_ALLOCATE|[9]|Bytes:8
18:01:20.0 (19440082)|HEAP_ALLOCATE|[9]|Bytes:137
18:01:20.0 (19525175)|HEAP_ALLOCATE|[9]|Bytes:8
18:01:20.0 (19548885)|VARIABLE_SCOPE_BEGIN|[9]|aps|List<Account_Product__c>|true|false
18:01:20.0 (19597258)|VARIABLE_ASSIGNMENT|[9]|aps|[{"Name":"Social Engage - Simp (20 more) ...","Id":"a076F00000qLJWKQA4","RecordTypeId":"0126F000001zXB3QAM","CurrencyIsoCode":"AUD"}]|0x321241cb
18:01:20.0 (19607308)|STATEMENT_EXECUTE|[11]
18:01:20.0 (19626303)|HEAP_ALLOCATE|[11]|Bytes:4
18:01:20.0 (19699517)|VARIABLE_SCOPE_BEGIN|[11]|phs|List<ClientHistoryController.productHistory>|true|false
18:01:20.0 (19721992)|HEAP_ALLOCATE|[EXTERNAL]|Bytes:4
18:01:20.0 (19732547)|VARIABLE_ASSIGNMENT|[11]|phs|[]|0x4a72d3c4
18:01:20.0 (19932128)|HEAP_ALLOCATE|[13]|Bytes:5
18:01:20.0 (19958254)|HEAP_ALLOCATE|[13]|Bytes:20
18:01:20.0 (19968515)|VARIABLE_SCOPE_BEGIN|[13]|ap|Account_Product__c|true|false
18:01:20.0 (19995272)|VARIABLE_ASSIGNMENT|[13]|ap|{"Name":"Social Engage - Simp (20 more) ...","Id":"a076F00000qLJWKQA4","RecordTypeId":"0126F000001zXB3QAM","CurrencyIsoCode":"AUD"}|0x251d03d3
18:01:20.0 (20006137)|STATEMENT_EXECUTE|[13]
18:01:20.0 (20008601)|STATEMENT_EXECUTE|[14]
18:01:20.0 (20017583)|HEAP_ALLOCATE|[14]|Bytes:140
18:01:20.0 (20035369)|HEAP_ALLOCATE|[14]|Bytes:4
18:01:20.0 (21173046)|SOQL_EXECUTE_BEGIN|[14]|Aggregations:0|SELECT Type__c, Start_Date__c, End_Date__c FROM Client_History__c WHERE Account_Product__c = :tmpVar1 ORDER BY Start_Date__c ASC NULLS FIRST
18:01:20.0 (26590001)|SOQL_EXECUTE_END|[14]|Rows:1
18:01:20.0 (26621981)|HEAP_ALLOCATE|[14]|Bytes:8
18:01:20.0 (26641949)|HEAP_ALLOCATE|[14]|Bytes:106
18:01:20.0 (26703535)|HEAP_ALLOCATE|[14]|Bytes:8
18:01:20.0 (26723391)|VARIABLE_SCOPE_BEGIN|[14]|chs|List<Client_History__c>|true|false
18:01:20.0 (26787055)|VARIABLE_ASSIGNMENT|[14]|chs|[{"Type__c":"Pending Linking","Start_Date__c":"2018-09-28T00:00:00.000Z","Id":"a1E6F000006iPKVUA2","CurrencyIsoCode":"AUD"}]|0x420ec4ce
18:01:20.0 (26799134)|STATEMENT_EXECUTE|[15]
18:01:20.0 (27133428)|HEAP_ALLOCATE|[15]|Bytes:4
18:01:20.0 (27200758)|VARIABLE_SCOPE_BEGIN|[15]|histories|List<ClientHistoryController.history>|true|false
18:01:20.0 (27224821)|HEAP_ALLOCATE|[EXTERNAL]|Bytes:4
18:01:20.0 (27237036)|VARIABLE_ASSIGNMENT|[15]|histories|[]|0x36f75335
18:01:20.0 (27246416)|STATEMENT_EXECUTE|[17]
18:01:20.0 (27256310)|VARIABLE_SCOPE_BEGIN|[17]|i|Integer|false|false
18:01:20.0 (27266554)|HEAP_ALLOCATE|[17]|Bytes:4
18:01:20.0 (27276683)|VARIABLE_ASSIGNMENT|[17]|i|0
18:01:20.0 (27330209)|STATEMENT_EXECUTE|[17]
18:01:20.0 (27332446)|STATEMENT_EXECUTE|[18]
18:01:20.0 (27412296)|HEAP_ALLOCATE|[18]|Bytes:168
18:01:20.0 (27421150)|HEAP_ALLOCATE|[18]|Bytes:23
18:01:20.0 (27436978)|HEAP_ALLOCATE|[18]|Bytes:24
18:01:20.0 (27457692)|CONSTRUCTOR_ENTRY|[18]|01p90000001romu|<init>()|ClientHistoryController.history
18:01:20.0 (27488635)|VARIABLE_SCOPE_BEGIN|[63]|this|ClientHistoryController.history|true|false
18:01:20.0 (27537373)|VARIABLE_ASSIGNMENT|[63]|this|{}|0x7d14f1e5
18:01:20.0 (27560920)|STATEMENT_EXECUTE|[63]
18:01:20.0 (27562808)|STATEMENT_EXECUTE|[64]
18:01:20.0 (27568481)|STATEMENT_EXECUTE|[65]
18:01:20.0 (27573393)|STATEMENT_EXECUTE|[66]
18:01:20.0 (27576627)|STATEMENT_EXECUTE|[67]
18:01:20.0 (27579683)|STATEMENT_EXECUTE|[75]
18:01:20.0 (27585104)|CONSTRUCTOR_EXIT|[18]|01p90000001romu|<init>()|ClientHistoryController.history
18:01:20.0 (27595115)|VARIABLE_SCOPE_BEGIN|[18]|h|ClientHistoryController.history|true|false
18:01:20.0 (27616336)|VARIABLE_ASSIGNMENT|[18]|h|{}|0x7d14f1e5
18:01:20.0 (27623991)|STATEMENT_EXECUTE|[19]
18:01:20.0 (27639410)|HEAP_ALLOCATE|[19]|Bytes:20
18:01:20.0 (27718006)|VARIABLE_ASSIGNMENT|[EXTERNAL]|this|{}|0x7d14f1e5
18:01:20.0 (27732485)|VARIABLE_ASSIGNMENT|[EXTERNAL]|value|"Pending Linking"
18:01:20.0 (27745674)|VARIABLE_ASSIGNMENT|[67]|this.label|"Pending Linking"|0x7d14f1e5
18:01:20.0 (27783887)|VARIABLE_ASSIGNMENT|[EXTERNAL]|this|{"label":"Pending Linking"}|0x7d14f1e5
18:01:20.0 (27799695)|HEAP_ALLOCATE|[20]|Bytes:6
18:01:20.0 (27842356)|VARIABLE_ASSIGNMENT|[EXTERNAL]|this|{"label":"Pending Linking"}|0x7d14f1e5
18:01:20.0 (27857235)|HEAP_ALLOCATE|[22]|Bytes:6
18:01:20.0 (27887963)|VARIABLE_ASSIGNMENT|[EXTERNAL]|this|{"label":"Pending Linking"}|0x7d14f1e5
18:01:20.0 (27899175)|HEAP_ALLOCATE|[24]|Bytes:9
18:01:20.0 (27927739)|VARIABLE_ASSIGNMENT|[EXTERNAL]|this|{"label":"Pending Linking"}|0x7d14f1e5
18:01:20.0 (27939837)|HEAP_ALLOCATE|[26]|Bytes:5
18:01:20.0 (27966608)|VARIABLE_ASSIGNMENT|[EXTERNAL]|this|{"label":"Pending Linking"}|0x7d14f1e5
18:01:20.0 (27978675)|HEAP_ALLOCATE|[28]|Bytes:9
18:01:20.0 (27988232)|STATEMENT_EXECUTE|[30]
18:01:20.0 (27989906)|STATEMENT_EXECUTE|[31]
18:01:20.0 (27996729)|HEAP_ALLOCATE|[31]|Bytes:9
18:01:20.0 (28035855)|VARIABLE_ASSIGNMENT|[EXTERNAL]|this|{"label":"Pending Linking"}|0x7d14f1e5
18:01:20.0 (28049999)|VARIABLE_ASSIGNMENT|[EXTERNAL]|value|"ganttBlue"
18:01:20.0 (28060195)|VARIABLE_ASSIGNMENT|[75]|this.customClass|"ganttBlue"|0x7d14f1e5
18:01:20.0 (28070046)|STATEMENT_EXECUTE|[33]
18:01:20.0 (28081524)|HEAP_ALLOCATE|[33]|Bytes:20
18:01:20.0 (28143428)|HEAP_ALLOCATE|[33]|Bytes:20
18:01:20.0 (28170847)|HEAP_ALLOCATE|[33]|Bytes:20
18:01:20.0 (28204375)|HEAP_ALLOCATE|[33]|Bytes:56
18:01:20.0 (28220194)|VARIABLE_SCOPE_BEGIN|[33]|startdate|Datetime|false|false
18:01:20.0 (28252526)|VARIABLE_ASSIGNMENT|[33]|startdate|"2018-09-28T00:00:00.000Z"
18:01:20.0 (28260186)|STATEMENT_EXECUTE|[34]
18:01:20.0 (28311953)|HEAP_ALLOCATE|[74]|Bytes:4
18:01:20.0 (28331719)|HEAP_ALLOCATE|[34]|Bytes:12
18:01:20.0 (28357779)|HEAP_ALLOCATE|[34]|Bytes:13
18:01:20.0 (28384987)|METHOD_ENTRY|[34]|01p90000001romu|ClientHistoryController.history.setFromDate(String)
18:01:20.0 (28393361)|VARIABLE_SCOPE_BEGIN|[81]|this|ClientHistoryController.history|true|false
18:01:20.0 (28422603)|VARIABLE_ASSIGNMENT|[81]|this|{"customClass":"ganttBlue","label":"Pending Linking"}|0x7d14f1e5
18:01:20.0 (28432034)|VARIABLE_SCOPE_BEGIN|[81]|val|String|false|false
18:01:20.0 (28441954)|VARIABLE_ASSIGNMENT|[81]|val|"1538092800000"
18:01:20.0 (28449529)|STATEMENT_EXECUTE|[82]
18:01:20.0 (28456967)|STATEMENT_EXECUTE|[83]
18:01:20.0 (28473412)|METHOD_ENTRY|[83]|01p90000001romu|ClientHistoryController.history.setDate(String)
18:01:20.0 (28505802)|VARIABLE_SCOPE_BEGIN|[87]|this|ClientHistoryController.history|true|false
18:01:20.0 (28530794)|VARIABLE_ASSIGNMENT|[87]|this|{"customClass":"ganttBlue","label":"Pending Linking"}|0x7d14f1e5
18:01:20.0 (28539461)|VARIABLE_SCOPE_BEGIN|[87]|val|String|false|false
18:01:20.0 (28549562)|VARIABLE_ASSIGNMENT|[87]|val|"1538092800000"
18:01:20.0 (28555513)|STATEMENT_EXECUTE|[88]
18:01:20.0 (28557252)|STATEMENT_EXECUTE|[89]
18:01:20.0 (28563241)|HEAP_ALLOCATE|[89]|Bytes:6
18:01:20.0 (28568095)|HEAP_ALLOCATE|[89]|Bytes:2
18:01:20.0 (28577730)|HEAP_ALLOCATE|[89]|Bytes:21
18:01:20.0 (28584349)|METHOD_EXIT|[83]|01p90000001romu|ClientHistoryController.history.setDate(String)
18:01:20.0 (28613436)|VARIABLE_ASSIGNMENT|[EXTERNAL]|this|{"customClass":"ganttBlue","label":"Pending Linking"}|0x7d14f1e5
18:01:20.0 (28627700)|VARIABLE_ASSIGNMENT|[EXTERNAL]|value|"/Date(1538092800000) (1 more) ..."
18:01:20.0 (28639641)|VARIABLE_ASSIGNMENT|[64]|this.from_c|"/Date(1538092800000) (1 more) ..."|0x7d14f1e5
18:01:20.0 (28650218)|METHOD_EXIT|[34]|01p90000001romu|ClientHistoryController.history.setFromDate(String)
18:01:20.0 (28662772)|HEAP_ALLOCATE|[35]|Bytes:20
18:01:20.0 (28671694)|STATEMENT_EXECUTE|[35]
18:01:20.0 (28673451)|STATEMENT_EXECUTE|[36]
18:01:20.0 (28706796)|HEAP_ALLOCATE|[36]|Bytes:56
18:01:20.0 (28722412)|HEAP_ALLOCATE|[36]|Bytes:12
18:01:20.0 (28735527)|HEAP_ALLOCATE|[36]|Bytes:13
18:01:20.0 (28751176)|METHOD_ENTRY|[36]|01p90000001romu|ClientHistoryController.history.setToDate(String)
18:01:20.0 (28759382)|VARIABLE_SCOPE_BEGIN|[77]|this|ClientHistoryController.history|true|false
18:01:20.0 (28784598)|VARIABLE_ASSIGNMENT|[77]|this|{"customClass":"ganttBlue","from_c":"/Date(1538092800000) (1 more) ...","label":"Pending Linking"}|0x7d14f1e5
18:01:20.0 (28794322)|VARIABLE_SCOPE_BEGIN|[77]|val|String|false|false
18:01:20.0 (28806400)|VARIABLE_ASSIGNMENT|[77]|val|"1538121680294"
18:01:20.0 (28812384)|STATEMENT_EXECUTE|[78]
18:01:20.0 (28814232)|STATEMENT_EXECUTE|[79]
18:01:20.0 (28823242)|METHOD_ENTRY|[79]|01p90000001romu|ClientHistoryController.history.setDate(String)
18:01:20.0 (28837196)|VARIABLE_SCOPE_BEGIN|[87]|this|ClientHistoryController.history|true|false
18:01:20.0 (28862567)|VARIABLE_ASSIGNMENT|[87]|this|{"customClass":"ganttBlue","from_c":"/Date(1538092800000) (1 more) ...","label":"Pending Linking"}|0x7d14f1e5
18:01:20.0 (28870910)|VARIABLE_SCOPE_BEGIN|[87]|val|String|false|false
18:01:20.0 (28880561)|VARIABLE_ASSIGNMENT|[87]|val|"1538121680294"
18:01:20.0 (28886876)|STATEMENT_EXECUTE|[88]
18:01:20.0 (28889886)|STATEMENT_EXECUTE|[89]
18:01:20.0 (28897456)|HEAP_ALLOCATE|[89]|Bytes:21
18:01:20.0 (28904899)|METHOD_EXIT|[79]|01p90000001romu|ClientHistoryController.history.setDate(String)
18:01:20.0 (28937274)|VARIABLE_ASSIGNMENT|[EXTERNAL]|this|{"customClass":"ganttBlue","from_c":"/Date(1538092800000) (1 more) ...","label":"Pending Linking"}|0x7d14f1e5
18:01:20.0 (28950884)|VARIABLE_ASSIGNMENT|[EXTERNAL]|value|"/Date(1538121680294) (1 more) ..."
18:01:20.0 (28963336)|VARIABLE_ASSIGNMENT|[65]|this.to|"/Date(1538121680294) (1 more) ..."|0x7d14f1e5
18:01:20.0 (28974098)|METHOD_EXIT|[36]|01p90000001romu|ClientHistoryController.history.setToDate(String)
18:01:20.0 (28980271)|STATEMENT_EXECUTE|[37]
18:01:20.0 (28990591)|HEAP_ALLOCATE|[37]|Bytes:20
18:01:20.0 (29052008)|HEAP_ALLOCATE|[37]|Bytes:10
18:01:20.0 (29065094)|HEAP_ALLOCATE|[37]|Bytes:11
18:01:20.0 (29076227)|HEAP_ALLOCATE|[37]|Bytes:21
18:01:20.0 (29111384)|VARIABLE_ASSIGNMENT|[EXTERNAL]|this|{"customClass":"ganttBlue","from_c":"/Date(1538092800000) (1 more) ...","label":"Pending Linking","to":"/Date(1538121680294) (1 more) ..."}|0x7d14f1e5
18:01:20.0 (29126936)|VARIABLE_ASSIGNMENT|[EXTERNAL]|value|"28/09/2018 continuin (1 more) ..."
18:01:20.0 (29138244)|VARIABLE_ASSIGNMENT|[66]|this.desc_c|"28/09/2018 continuin (1 more) ..."|0x7d14f1e5
18:01:20.0 (29149535)|STATEMENT_EXECUTE|[43]
18:01:20.0 (29185458)|HEAP_ALLOCATE|[EXTERNAL]|Bytes:4
18:01:20.0 (29194794)|HEAP_ALLOCATE|[17]|Bytes:4
18:01:20.0 (29203748)|VARIABLE_ASSIGNMENT|[17]|i|1
18:01:20.0 (29219326)|STATEMENT_EXECUTE|[46]
18:01:20.0 (29277608)|HEAP_ALLOCATE|[46]|Bytes:108
18:01:20.0 (29286522)|HEAP_ALLOCATE|[46]|Bytes:5
18:01:20.0 (29299636)|HEAP_ALLOCATE|[46]|Bytes:12
18:01:20.0 (29313922)|CONSTRUCTOR_ENTRY|[46]|01p90000001romu|<init>()|ClientHistoryController.productHistory
18:01:20.0 (29335963)|VARIABLE_SCOPE_BEGIN|[93]|this|ClientHistoryController.productHistory|true|false
18:01:20.0 (29361261)|VARIABLE_ASSIGNMENT|[93]|this|{}|0x67ba2814
18:01:20.0 (29379307)|STATEMENT_EXECUTE|[93]
18:01:20.0 (29381291)|STATEMENT_EXECUTE|[94]
18:01:20.0 (29386566)|STATEMENT_EXECUTE|[95]
18:01:20.0 (29392017)|CONSTRUCTOR_EXIT|[46]|01p90000001romu|<init>()|ClientHistoryController.productHistory
18:01:20.0 (29402030)|VARIABLE_SCOPE_BEGIN|[46]|ph|ClientHistoryController.productHistory|true|false
18:01:20.0 (29419515)|VARIABLE_ASSIGNMENT|[46]|ph|{}|0x67ba2814
18:01:20.0 (29427739)|STATEMENT_EXECUTE|[47]
18:01:20.0 (29498270)|VARIABLE_ASSIGNMENT|[EXTERNAL]|this|{}|0x67ba2814
18:01:20.0 (29513460)|VARIABLE_ASSIGNMENT|[EXTERNAL]|value|"Social Engage - Simp (20 more) ..."
18:01:20.0 (29527271)|VARIABLE_ASSIGNMENT|[94]|this.name|"Social Engage - Simp (20 more) ..."|0x67ba2814
18:01:20.0 (29539270)|STATEMENT_EXECUTE|[48]
18:01:20.0 (29580780)|VARIABLE_ASSIGNMENT|[EXTERNAL]|this|{"name":"Social Engage - Simp (20 more) ..."}|0x67ba2814
18:01:20.0 (29615569)|VARIABLE_ASSIGNMENT|[EXTERNAL]|value|[{"customClass":"ganttBlue","desc_c":"28/09/2018 continuin (1 more) ...","from_c":"/Date(1538092800000) (1 more) ...","label":"Pending Linking","to":"/Date(1538121680294) (1 more) ..."}]|0x36f75335
18:01:20.0 (29643815)|VARIABLE_ASSIGNMENT|[95]|this.values|[{"customClass":"ganttBlue","desc_c":"28/09/2018 continuin (1 more) ...","from_c":"/Date(1538092800000) (1 more) ...","label":"Pending Linking","to":"/Date(1538121680294) (1 more) ..."}]|0x67ba2814
18:01:20.0 (29656087)|STATEMENT_EXECUTE|[50]
18:01:20.0 (29685617)|HEAP_ALLOCATE|[EXTERNAL]|Bytes:4
18:01:20.0 (29706294)|HEAP_ALLOCATE|[13]|Bytes:5
18:01:20.0 (29723395)|VARIABLE_ASSIGNMENT|[13]|ap|null|
18:01:20.0 (29728886)|STATEMENT_EXECUTE|[55]
18:01:20.0 (29778929)|HEAP_ALLOCATE|[55]|Bytes:24
18:01:20.0 (29792602)|SYSTEM_METHOD_ENTRY|[1]|JSON.JSON()
18:01:20.0 (29798472)|STATEMENT_EXECUTE|[1]
18:01:20.0 (29805190)|SYSTEM_METHOD_EXIT|[1]|JSON
18:01:20.0 (29815606)|METHOD_ENTRY|[55]||System.JSON.serialize(Object)
18:01:20.0 (30311513)|METHOD_EXIT|[55]||System.JSON.serialize(Object)
18:01:20.0 (30321556)|HEAP_ALLOCATE|[55]|Bytes:6
18:01:20.0 (30326575)|HEAP_ALLOCATE|[55]|Bytes:4
18:01:20.0 (30361830)|HEAP_ALLOCATE|[55]|Bytes:211
18:01:20.0 (30374565)|HEAP_ALLOCATE|[55]|Bytes:6
18:01:20.0 (30379062)|HEAP_ALLOCATE|[55]|Bytes:4
18:01:20.0 (30395281)|HEAP_ALLOCATE|[55]|Bytes:209
18:01:20.0 (30430503)|VARIABLE_ASSIGNMENT|[EXTERNAL]|this|{}|0x26d07520
18:01:20.0 (30448248)|VARIABLE_ASSIGNMENT|[EXTERNAL]|value|"[{\"values\":[{\"to\":\"/ (189 more) ..."
18:01:20.0 (30469124)|VARIABLE_ASSIGNMENT|[3]|this.productHistoryJson|"[{\"values\":[{\"to\":\"/ (189 more) ..."|0x26d07520
18:01:20.0 (30482676)|SYSTEM_MODE_EXIT|false
18:01:20.0 (38693283)|SYSTEM_MODE_ENTER|true
18:01:20.42 (42123079)|CUMULATIVE_LIMIT_USAGE
18:01:20.42 (42123079)|LIMIT_USAGE_FOR_NS|(default)|
  Number of SOQL queries: 2 out of 100
  Number of query rows: 2 out of 50000
  Number of SOSL queries: 0 out of 20
  Number of DML statements: 0 out of 150
  Number of DML rows: 0 out of 10000
  Maximum CPU time: 0 out of 10000
  Maximum heap size: 0 out of 6000000
  Number of callouts: 0 out of 100
  Number of Email Invocations: 0 out of 10
  Number of future calls: 0 out of 50
  Number of queueable jobs added to the queue: 0 out of 50
  Number of Mobile Apex push calls: 0 out of 10

18:01:20.42 (42123079)|CUMULATIVE_LIMIT_USAGE_END

18:01:20.0 (42167373)|CODE_UNIT_FINISHED|VF: /apex/ClientHistoryView
18:01:20.0 (43034159)|EXECUTION_FINISHED
