20.0 APEX_CODE,FINEST;APEX_PROFILING,INFO;CALLOUT,INFO;DB,INFO;NBA,INFO;SYSTEM,DEBUG;VALIDATION,INFO;VISUALFORCE,INFO;WAVE,INFO;WORKFLOW,INFO
18:48:54.0 (91331)|USER_INFO|[EXTERNAL]|00590000000Vmmq|ben@bjbglobal.com.au|Australian Eastern Standard Time|GMT+10:00
18:48:54.0 (132483)|EXECUTION_STARTED
18:48:54.0 (137730)|CODE_UNIT_STARTED|[EXTERNAL]|01p90000000JZC2|SLXWebService.validateAccountCredentials(String, String)
18:48:54.0 (521337)|HEAP_ALLOCATE|[72]|Bytes:3
18:48:54.0 (576117)|HEAP_ALLOCATE|[77]|Bytes:152
18:48:54.0 (590658)|HEAP_ALLOCATE|[342]|Bytes:408
18:48:54.0 (602679)|HEAP_ALLOCATE|[355]|Bytes:408
18:48:54.0 (612686)|HEAP_ALLOCATE|[467]|Bytes:48
18:48:54.0 (639195)|HEAP_ALLOCATE|[139]|Bytes:6
18:48:54.0 (658557)|HEAP_ALLOCATE|[EXTERNAL]|Bytes:430
18:48:54.0 (663708)|HEAP_ALLOCATE|[EXTERNAL]|Bytes:108
18:48:54.0 (667097)|HEAP_ALLOCATE|[EXTERNAL]|Bytes:1145
18:48:54.0 (676934)|METHOD_ENTRY|[1]|01p90000000JZC2|SLXWebService.SLXWebService()
18:48:54.0 (683076)|STATEMENT_EXECUTE|[1]
18:48:54.0 (688637)|STATEMENT_EXECUTE|[1]
18:48:54.0 (690486)|STATEMENT_EXECUTE|[5]
18:48:54.0 (691829)|STATEMENT_EXECUTE|[7]
18:48:54.0 (693343)|STATEMENT_EXECUTE|[12]
18:48:54.0 (695013)|STATEMENT_EXECUTE|[17]
18:48:54.0 (696474)|STATEMENT_EXECUTE|[22]
18:48:54.0 (697991)|STATEMENT_EXECUTE|[27]
18:48:54.0 (699409)|STATEMENT_EXECUTE|[47]
18:48:54.0 (701053)|STATEMENT_EXECUTE|[52]
18:48:54.0 (702607)|STATEMENT_EXECUTE|[57]
18:48:54.0 (703998)|STATEMENT_EXECUTE|[62]
18:48:54.0 (705419)|STATEMENT_EXECUTE|[67]
18:48:54.0 (706791)|STATEMENT_EXECUTE|[72]
18:48:54.0 (709021)|STATEMENT_EXECUTE|[77]
18:48:54.0 (710478)|STATEMENT_EXECUTE|[82]
18:48:54.0 (711989)|STATEMENT_EXECUTE|[87]
18:48:54.0 (713753)|STATEMENT_EXECUTE|[91]
18:48:54.0 (717640)|METHOD_EXIT|[1]|SLXWebService
18:48:54.0 (723182)|HEAP_ALLOCATE|[EXTERNAL]|Bytes:22
18:48:54.0 (726470)|HEAP_ALLOCATE|[EXTERNAL]|Bytes:8
18:48:54.0 (735473)|VARIABLE_SCOPE_BEGIN|[802]|name|String|false|false
18:48:54.0 (761629)|VARIABLE_ASSIGNMENT|[802]|name|"james@wasealers.com. (2 more) ..."
18:48:54.0 (767648)|VARIABLE_SCOPE_BEGIN|[802]|password|String|false|false
18:48:54.0 (775659)|VARIABLE_ASSIGNMENT|[802]|password|"df6hndnz"
18:48:54.0 (785409)|STATEMENT_EXECUTE|[802]
18:48:54.0 (787216)|STATEMENT_EXECUTE|[803]
18:48:54.0 (885755)|HEAP_ALLOCATE|[803]|Bytes:16
18:48:54.0 (909204)|CONSTRUCTOR_ENTRY|[803]|01p90000000JZC2|<init>()|SLXWebService.WebServiceResultAccount
18:48:54.0 (940095)|VARIABLE_SCOPE_BEGIN|[52]|this|SLXWebService.WebServiceResultAccount|true|false
18:48:54.0 (989671)|VARIABLE_ASSIGNMENT|[52]|this|{}|0x560ddcd2
18:48:54.0 (1000778)|HEAP_ALLOCATE|[EXTERNAL]|Bytes:6
18:48:54.0 (1055407)|STATEMENT_EXECUTE|[52]
18:48:54.0 (1058028)|STATEMENT_EXECUTE|[53]
18:48:54.0 (1064617)|STATEMENT_EXECUTE|[54]
18:48:54.0 (1067867)|STATEMENT_EXECUTE|[55]
18:48:54.0 (1077493)|CONSTRUCTOR_EXIT|[803]|01p90000000JZC2|<init>()|SLXWebService.WebServiceResultAccount
18:48:54.0 (1085888)|VARIABLE_SCOPE_BEGIN|[803]|return_result|SLXWebService.WebServiceResultAccount|true|false
18:48:54.0 (1102711)|VARIABLE_ASSIGNMENT|[803]|return_result|{}|0x560ddcd2
18:48:54.0 (1108427)|STATEMENT_EXECUTE|[805]
18:48:54.0 (1110062)|STATEMENT_EXECUTE|[805]
18:48:54.0 (1194927)|HEAP_ALLOCATE|[50]|Bytes:5
18:48:54.0 (1211606)|HEAP_ALLOCATE|[56]|Bytes:5
18:48:54.0 (1219435)|HEAP_ALLOCATE|[64]|Bytes:7
18:48:54.0 (1231791)|STATEMENT_EXECUTE|[806]
18:48:54.0 (1236920)|STATEMENT_EXECUTE|[813]
18:48:54.0 (1259734)|HEAP_ALLOCATE|[813]|Bytes:22
18:48:54.0 (1278716)|HEAP_ALLOCATE|[813]|Bytes:22
18:48:54.0 (1292963)|VARIABLE_ASSIGNMENT|[813]|name|"james@wasealers.com. (2 more) ..."
18:48:54.0 (1297932)|STATEMENT_EXECUTE|[814]
18:48:54.0 (1341480)|HEAP_ALLOCATE|[814]|Bytes:8
18:48:54.0 (1356676)|VARIABLE_ASSIGNMENT|[814]|password|"df6hndnz"
18:48:54.0 (1361044)|STATEMENT_EXECUTE|[815]
18:48:54.0 (1366996)|HEAP_ALLOCATE|[816]|Bytes:705
18:48:54.0 (1390824)|HEAP_ALLOCATE|[816]|Bytes:4
18:48:54.0 (1402889)|HEAP_ALLOCATE|[816]|Bytes:7
18:48:54.0 (8185371)|SOQL_EXECUTE_BEGIN|[816]|Aggregations:3|SELECT Id, Name, username__c, password__c, Xero_Sync_ID__c, Payment_Option__c, Unique_Id__c, IsDeleted, CreatedDate, LastModifiedDate, Account.Owner.FirstName, Account.Owner.LastName, Account.Owner.Email, Account.Owner.Phone, Account.Owner.Extension, (SELECT Id, Name, FirstName, LastName, Email, Title FROM Contacts), (SELECT Id, Name, Description__c, Product_Number__c, Product_Package__c, Product_Price__c, Product_Status__c, Recurring_Frequency__c, Recurring_Period__c, Adwords_Email__c, Adwords_ID__c, Start_Date__c, End_Date__c, OwnerId FROM Account_Products__r), (SELECT Id, Name, Last_Crawl_Date__c, Send_SEO_Report__c, website_url__c FROM seoWebsites__r) FROM Account WHERE username__c = :tmpVar1
18:48:54.0 (70575630)|SOQL_EXECUTE_END|[816]|Rows:1
18:48:54.0 (70633663)|HEAP_ALLOCATE|[816]|Bytes:8
18:48:54.0 (70692976)|HEAP_ALLOCATE|[816]|Bytes:1608
18:48:54.0 (70786936)|HEAP_ALLOCATE|[816]|Bytes:8
18:48:54.0 (70804544)|VARIABLE_SCOPE_BEGIN|[815]|accounts|List<Account>|true|false
18:48:54.0 (70944290)|VARIABLE_ASSIGNMENT|[815]|accounts|[{"Id":"0016F00002MWfutQAD","Name":"WA Sealers","username__c":"james@wasealers.com. (2 more) ...","password__c":"df6hndnz","Payment_Option__c":"Eway","Unique_Id__c":"462900","IsDeleted":false,"CreatedDate":"2018-06-18T07:26:30.000Z","LastModifiedDate":"2018-09-27T18:37:30.000Z","OwnerId":"0056F000009LzF1QAK","Account_Products__r":[{"Account__c":"0016F00002MWfutQAD","Id":"a076F00000nMkCkQAK","Name":"Adwords Premium Setu (1 more) ...","Description__c":"sponsoredlinx.com.au (8 more) ...","Product_Number__c":"P365954","Product_Price__c":299.00,"Product_Status__c":"Active","OwnerId":"0056F000009LzF1QAK"},{"Account__c":"0016F00002MWfutQAD","Id":"a076F00000nMkClQAK","Name":"Adwords Premium Week (13 more) ...","Description__c":"sponsoredlinx.com.au (8 more) ...","Product_Number__c":"P365955","Product_Price__c":109.00,"Product_Status__c":"Active","Recurring_Period__c":"Weekly","Adwords_ID__c":"252-351-0656","OwnerId":"0056F000009LzF1QAK"}],"Contacts":[{"AccountId":"0016F00002MWfutQAD","Id":"0036F00002VoWMBQA3","Name":"James Vander Ros","FirstName":"James","LastName":"Vander Ros","Email":"james@wasealers.com. (2 more) ...","Title":"Marketing"},{"AccountId":"0016F00002MWfutQAD","Id":"0036F00002VoWM9QAN","Name":"James Vander Ros","FirstName":"James","LastName":"Vander Ros","Email":"james@wasealers.com. (2 more) ...","Title":"Billing"},{"AccountId":"0016F00002MWfutQAD","Id":"0036F00002VoWMAQA3","Name":"James Vander Ros","FirstName":"James","LastName":"Vander Ros","Email":"james@wasealers.com. (2 more) ...","Title":"Reports"}],"Owner":{"Id":"0056F000009LzF1QAK","FirstName":"Chris","LastName":"Baradel","Email":"chris.baradel@sponso (11 more) ...","Phone":"1300859600","Extension":"424"}}]|0x57ca341c
18:48:54.0 (71050455)|STATEMENT_EXECUTE|[874]
18:48:54.0 (71054096)|STATEMENT_EXECUTE|[875]
18:48:54.0 (71070094)|HEAP_ALLOCATE|[875]|Bytes:56
18:48:54.0 (71078403)|VARIABLE_SCOPE_BEGIN|[875]|account|Account|true|false
18:48:54.0 (71173279)|VARIABLE_ASSIGNMENT|[875]|account|{"Id":"0016F00002MWfutQAD","Name":"WA Sealers","username__c":"james@wasealers.com. (2 more) ...","password__c":"df6hndnz","Payment_Option__c":"Eway","Unique_Id__c":"462900","IsDeleted":false,"CreatedDate":"2018-06-18T07:26:30.000Z","LastModifiedDate":"2018-09-27T18:37:30.000Z","OwnerId":"0056F000009LzF1QAK","Account_Products__r":[{"Account__c":"0016F00002MWfutQAD","Id":"a076F00000nMkCkQAK","Name":"Adwords Premium Setu (1 more) ...","Description__c":"sponsoredlinx.com.au (8 more) ...","Product_Number__c":"P365954","Product_Price__c":299.00,"Product_Status__c":"Active","OwnerId":"0056F000009LzF1QAK"},{"Account__c":"0016F00002MWfutQAD","Id":"a076F00000nMkClQAK","Name":"Adwords Premium Week (13 more) ...","Description__c":"sponsoredlinx.com.au (8 more) ...","Product_Number__c":"P365955","Product_Price__c":109.00,"Product_Status__c":"Active","Recurring_Period__c":"Weekly","Adwords_ID__c":"252-351-0656","OwnerId":"0056F000009LzF1QAK"}],"Contacts":[{"AccountId":"0016F00002MWfutQAD","Id":"0036F00002VoWMBQA3","Name":"James Vander Ros","FirstName":"James","LastName":"Vander Ros","Email":"james@wasealers.com. (2 more) ...","Title":"Marketing"},{"AccountId":"0016F00002MWfutQAD","Id":"0036F00002VoWM9QAN","Name":"James Vander Ros","FirstName":"James","LastName":"Vander Ros","Email":"james@wasealers.com. (2 more) ...","Title":"Billing"},{"AccountId":"0016F00002MWfutQAD","Id":"0036F00002VoWMAQA3","Name":"James Vander Ros","FirstName":"James","LastName":"Vander Ros","Email":"james@wasealers.com. (2 more) ...","Title":"Reports"}],"Owner":{"Id":"0056F000009LzF1QAK","FirstName":"Chris","LastName":"Baradel","Email":"chris.baradel@sponso (11 more) ...","Phone":"1300859600","Extension":"424"}}|0x510284bd
18:48:54.0 (71274668)|STATEMENT_EXECUTE|[876]
18:48:54.0 (71276804)|STATEMENT_EXECUTE|[877]
18:48:54.0 (71295600)|HEAP_ALLOCATE|[877]|Bytes:5
18:48:54.0 (71310734)|VARIABLE_ASSIGNMENT|[877]|this.status|true|0x560ddcd2
18:48:54.0 (71316224)|STATEMENT_EXECUTE|[878]
18:48:54.0 (71407662)|VARIABLE_ASSIGNMENT|[878]|this.result|{"Id":"0016F00002MWfutQAD","Name":"WA Sealers","username__c":"james@wasealers.com. (2 more) ...","password__c":"df6hndnz","Payment_Option__c":"Eway","Unique_Id__c":"462900","IsDeleted":false,"CreatedDate":"2018-06-18T07:26:30.000Z","LastModifiedDate":"2018-09-27T18:37:30.000Z","OwnerId":"0056F000009LzF1QAK","Account_Products__r":[{"Account__c":"0016F00002MWfutQAD","Id":"a076F00000nMkCkQAK","Name":"Adwords Premium Setu (1 more) ...","Description__c":"sponsoredlinx.com.au (8 more) ...","Product_Number__c":"P365954","Product_Price__c":299.00,"Product_Status__c":"Active","OwnerId":"0056F000009LzF1QAK"},{"Account__c":"0016F00002MWfutQAD","Id":"a076F00000nMkClQAK","Name":"Adwords Premium Week (13 more) ...","Description__c":"sponsoredlinx.com.au (8 more) ...","Product_Number__c":"P365955","Product_Price__c":109.00,"Product_Status__c":"Active","Recurring_Period__c":"Weekly","Adwords_ID__c":"252-351-0656","OwnerId":"0056F000009LzF1QAK"}],"Contacts":[{"AccountId":"0016F00002MWfutQAD","Id":"0036F00002VoWMBQA3","Name":"James Vander Ros","FirstName":"James","LastName":"Vander Ros","Email":"james@wasealers.com. (2 more) ...","Title":"Marketing"},{"AccountId":"0016F00002MWfutQAD","Id":"0036F00002VoWM9QAN","Name":"James Vander Ros","FirstName":"James","LastName":"Vander Ros","Email":"james@wasealers.com. (2 more) ...","Title":"Billing"},{"AccountId":"0016F00002MWfutQAD","Id":"0036F00002VoWMAQA3","Name":"James Vander Ros","FirstName":"James","LastName":"Vander Ros","Email":"james@wasealers.com. (2 more) ...","Title":"Reports"}],"Owner":{"Id":"0056F000009LzF1QAK","FirstName":"Chris","LastName":"Baradel","Email":"chris.baradel@sponso (11 more) ...","Phone":"1300859600","Extension":"424"}}|0x560ddcd2
18:48:54.0 (71434658)|STATEMENT_EXECUTE|[879]
18:48:54.0 (71441753)|HEAP_ALLOCATE|[879]|Bytes:42
18:48:54.0 (71454068)|VARIABLE_ASSIGNMENT|[879]|this.message|"Account credentials  (22 more) ..."|0x560ddcd2
18:48:54.0 (71459904)|STATEMENT_EXECUTE|[899]
18:48:54.71 (71490602)|CUMULATIVE_LIMIT_USAGE
18:48:54.71 (71490602)|LIMIT_USAGE_FOR_NS|(default)|
  Number of SOQL queries: 1 out of 100
  Number of query rows: 6 out of 50000
  Number of SOSL queries: 0 out of 20
  Number of DML statements: 0 out of 150
  Number of DML rows: 0 out of 10000
  Maximum CPU time: 0 out of 10000
  Maximum heap size: 0 out of 6000000
  Number of callouts: 0 out of 100
  Number of Email Invocations: 0 out of 10
  Number of future calls: 0 out of 50
  Number of queueable jobs added to the queue: 0 out of 50
  Number of Mobile Apex push calls: 0 out of 10

18:48:54.71 (71490602)|CUMULATIVE_LIMIT_USAGE_END

18:48:54.0 (71520953)|CODE_UNIT_FINISHED|SLXWebService.validateAccountCredentials(String, String)
18:48:54.0 (72597921)|EXECUTION_FINISHED
18:48:54.73 (73525922)|USER_INFO|[EXTERNAL]|00590000000Vmmq|ben@bjbglobal.com.au|Australian Eastern Standard Time|GMT+10:00
18:48:54.73 (73541867)|EXECUTION_STARTED
18:48:54.73 (73546130)|CODE_UNIT_STARTED|[EXTERNAL]|common.apex.soap.impl.ApexObjectSerializer
18:48:54.73 (73593935)|CODE_UNIT_FINISHED|common.apex.soap.impl.ApexObjectSerializer
18:48:54.73 (74444984)|EXECUTION_FINISHED
18:48:54.74 (74528624)|USER_INFO|[EXTERNAL]|00590000000Vmmq|ben@bjbglobal.com.au|Australian Eastern Standard Time|GMT+10:00
18:48:54.74 (74541205)|EXECUTION_STARTED
18:48:54.74 (74543787)|CODE_UNIT_STARTED|[EXTERNAL]|common.apex.soap.impl.ApexObjectSerializer
18:48:54.74 (74712684)|CODE_UNIT_FINISHED|common.apex.soap.impl.ApexObjectSerializer
18:48:54.74 (75523372)|EXECUTION_FINISHED
