37.0 APEX_CODE,FINEST;APEX_PROFILING,INFO;CALLOUT,INFO;DB,INFO;NBA,INFO;SYSTEM,DEBUG;VALIDATION,INFO;VISUALFORCE,INFO;WAVE,INFO;WORKFLOW,INFO
17:17:29.0 (679787)|ENTERING_MANAGED_PKG|Centify
17:17:29.0 (4576562)|ENTERING_MANAGED_PKG|Centify
17:17:29.0 (4632849)|ENTERING_MANAGED_PKG|Centify
17:17:29.0 (6703083)|ENTERING_MANAGED_PKG|Centify
17:17:29.0 (6747399)|ENTERING_MANAGED_PKG|Centify
17:17:29.0 (6850882)|ENTERING_MANAGED_PKG|Centify
17:17:29.0 (8254641)|ENTERING_MANAGED_PKG|Centify
17:17:29.0 (8294874)|ENTERING_MANAGED_PKG|Centify
17:17:29.0 (8380789)|ENTERING_MANAGED_PKG|Centify
17:17:29.0 (8704602)|ENTERING_MANAGED_PKG|Centify
17:17:29.0 (8845497)|ENTERING_MANAGED_PKG|Centify
17:17:29.0 (8952979)|ENTERING_MANAGED_PKG|Centify
17:17:29.0 (9064611)|ENTERING_MANAGED_PKG|Centify
17:17:29.0 (9134297)|ENTERING_MANAGED_PKG|Centify
17:17:29.0 (9197604)|ENTERING_MANAGED_PKG|Centify
17:17:29.0 (9274681)|ENTERING_MANAGED_PKG|Centify
17:17:29.0 (9337915)|ENTERING_MANAGED_PKG|Centify
17:17:29.0 (9415094)|ENTERING_MANAGED_PKG|Centify
17:17:29.0 (9497526)|ENTERING_MANAGED_PKG|Centify
17:17:29.0 (9559700)|ENTERING_MANAGED_PKG|Centify
17:17:29.0 (9607983)|ENTERING_MANAGED_PKG|Centify
17:17:29.0 (9677679)|ENTERING_MANAGED_PKG|Centify
17:17:29.0 (9769175)|ENTERING_MANAGED_PKG|Centify
17:17:29.0 (9868253)|ENTERING_MANAGED_PKG|Centify
17:17:29.0 (9940517)|ENTERING_MANAGED_PKG|Centify
17:17:29.0 (10097614)|ENTERING_MANAGED_PKG|Centify
17:17:29.0 (11834585)|ENTERING_MANAGED_PKG|Centify
17:17:29.0 (11891978)|ENTERING_MANAGED_PKG|Centify
17:17:29.0 (12196446)|ENTERING_MANAGED_PKG|Centify
17:17:29.0 (12263185)|ENTERING_MANAGED_PKG|Centify
17:17:29.0 (12308776)|ENTERING_MANAGED_PKG|Centify
17:17:29.0 (13226750)|ENTERING_MANAGED_PKG|Centify
17:17:29.0 (13263325)|ENTERING_MANAGED_PKG|Centify
17:17:29.0 (16354393)|SOQL_EXECUTE_BEGIN|[366]|Aggregations:0|SELECT Id, Label, MasterLabel, DeveloperName, Endpoint__c, TimeOut__c FROM Endpoint_Setting__mdt LIMIT 50
17:17:29.0 (22496000)|SOQL_EXECUTE_END|[366]|Rows:24
17:17:29.0 (23859046)|ENTERING_MANAGED_PKG|Centify
17:17:29.0 (24375145)|ENTERING_MANAGED_PKG|Centify
17:17:29.0 (24416447)|ENTERING_MANAGED_PKG|Centify
17:17:29.0 (24854668)|ENTERING_MANAGED_PKG|Centify
17:17:29.0 (24889207)|ENTERING_MANAGED_PKG|Centify
17:17:29.0 (24925434)|ENTERING_MANAGED_PKG|Centify
17:17:29.0 (24951222)|ENTERING_MANAGED_PKG|Centify
17:17:29.0 (25818144)|ENTERING_MANAGED_PKG|Centify
17:17:29.0 (25864859)|ENTERING_MANAGED_PKG|Centify
17:17:29.0 (26113806)|ENTERING_MANAGED_PKG|Centify
17:17:29.0 (26154302)|ENTERING_MANAGED_PKG|Centify
17:17:29.0 (26188295)|ENTERING_MANAGED_PKG|Centify
17:17:29.0 (26221326)|ENTERING_MANAGED_PKG|Centify
17:17:29.0 (26290279)|ENTERING_MANAGED_PKG|Centify
17:17:29.0 (28184871)|ENTERING_MANAGED_PKG|Centify
17:17:29.0 (28275369)|ENTERING_MANAGED_PKG|Centify
17:17:29.0 (28927698)|ENTERING_MANAGED_PKG|Centify
17:17:29.0 (418147926)|ENTERING_MANAGED_PKG|Centify
17:17:29.0 (418695649)|ENTERING_MANAGED_PKG|Centify
17:17:29.0 (421189518)|ENTERING_MANAGED_PKG|Centify
17:17:29.0 (424826553)|ENTERING_MANAGED_PKG|Centify
17:17:29.0 (424873327)|ENTERING_MANAGED_PKG|Centify
17:17:29.0 (424937068)|ENTERING_MANAGED_PKG|Centify
17:17:29.0 (425054729)|ENTERING_MANAGED_PKG|Centify
17:17:29.0 (425238967)|ENTERING_MANAGED_PKG|Centify
17:17:29.0 (425298686)|ENTERING_MANAGED_PKG|Centify
17:17:29.0 (425355077)|ENTERING_MANAGED_PKG|Centify
17:17:29.0 (425381385)|ENTERING_MANAGED_PKG|Centify
17:17:29.0 (425417367)|ENTERING_MANAGED_PKG|Centify
17:17:29.0 (425438856)|ENTERING_MANAGED_PKG|Centify
17:17:29.0 (425473657)|ENTERING_MANAGED_PKG|Centify
17:17:29.0 (425494113)|ENTERING_MANAGED_PKG|Centify
17:17:29.0 (425556104)|ENTERING_MANAGED_PKG|Centify
17:17:29.0 (425605459)|ENTERING_MANAGED_PKG|Centify
17:17:29.0 (427621783)|ENTERING_MANAGED_PKG|Centify
17:17:29.0 (427699456)|ENTERING_MANAGED_PKG|Centify
17:17:29.0 (427762543)|ENTERING_MANAGED_PKG|Centify
17:17:29.0 (427804053)|ENTERING_MANAGED_PKG|Centify
17:17:29.0 (427840634)|ENTERING_MANAGED_PKG|Centify
17:17:29.0 (427902403)|ENTERING_MANAGED_PKG|Centify
17:17:29.0 (428127663)|ENTERING_MANAGED_PKG|Centify
17:17:29.0 (429991677)|DML_BEGIN|[146]|Op:Delete|Type:Centify__Notification__c|Rows:4
17:17:29.0 (571534047)|DML_END|[146]
