37.0 APEX_CODE,FINEST;APEX_PROFILING,INFO;CALLOUT,INFO;DB,INFO;NBA,INFO;SYSTEM,DEBUG;VALIDATION,INFO;VISUALFORCE,INFO;WAVE,INFO;WORKFLOW,INFO
18:33:00.13 (13377139)|ENTERING_MANAGED_PKG|Centify
18:33:00.13 (14178449)|ENTERING_MANAGED_PKG|Centify
18:33:00.13 (14215852)|ENTERING_MANAGED_PKG|Centify
18:33:00.13 (14526402)|ENTERING_MANAGED_PKG|Centify
18:33:00.13 (14571324)|ENTERING_MANAGED_PKG|Centify
18:33:00.13 (15187407)|ENTERING_MANAGED_PKG|Centify
18:33:00.13 (15262649)|ENTERING_MANAGED_PKG|Centify
18:33:00.13 (16990780)|ENTERING_MANAGED_PKG|Centify
18:33:00.13 (17426373)|ENTERING_MANAGED_PKG|Centify
18:33:00.13 (17528051)|ENTERING_MANAGED_PKG|Centify
18:33:00.13 (17571619)|ENTERING_MANAGED_PKG|Centify
18:33:00.13 (17680098)|ENTERING_MANAGED_PKG|Centify
18:33:00.13 (17723062)|ENTERING_MANAGED_PKG|Centify
18:33:00.13 (17842973)|ENTERING_MANAGED_PKG|Centify
18:33:00.13 (19474923)|ENTERING_MANAGED_PKG|Centify
18:33:00.13 (19516026)|ENTERING_MANAGED_PKG|Centify
18:33:00.13 (19600013)|ENTERING_MANAGED_PKG|Centify
18:33:00.13 (20366538)|ENTERING_MANAGED_PKG|Centify
18:33:00.13 (21515331)|ENTERING_MANAGED_PKG|Centify
18:33:00.13 (21555294)|ENTERING_MANAGED_PKG|Centify
18:33:00.13 (21633520)|ENTERING_MANAGED_PKG|Centify
18:33:00.13 (22248740)|ENTERING_MANAGED_PKG|Centify
18:33:00.13 (22278788)|ENTERING_MANAGED_PKG|Centify
18:33:00.13 (22328418)|ENTERING_MANAGED_PKG|Centify
18:33:00.13 (22858225)|ENTERING_MANAGED_PKG|Centify
18:33:00.13 (23925391)|ENTERING_MANAGED_PKG|Centify
18:33:00.13 (24444640)|ENTERING_MANAGED_PKG|Centify
18:33:00.13 (24536692)|ENTERING_MANAGED_PKG|Centify
18:33:00.13 (26353099)|ENTERING_MANAGED_PKG|Centify
18:33:00.13 (26401789)|ENTERING_MANAGED_PKG|Centify
18:33:00.13 (26471845)|ENTERING_MANAGED_PKG|Centify
18:33:00.13 (26556468)|ENTERING_MANAGED_PKG|Centify
18:33:00.13 (26748005)|ENTERING_MANAGED_PKG|Centify
18:33:00.13 (29097143)|SOQL_EXECUTE_BEGIN|[28]|Aggregations:0|SELECT Id FROM ApexClass WHERE Name = :tmpVar1
18:33:00.13 (35821813)|SOQL_EXECUTE_END|[28]|Rows:1
18:33:00.13 (36345574)|SOQL_EXECUTE_BEGIN|[49]|Aggregations:0|SELECT COUNT() FROM AsyncApexJob WHERE (ApexClassId = :tmpVar1 AND Status IN ('Queued', 'Holding', 'Preparing', 'Processing'))
18:33:00.13 (40001354)|SOQL_EXECUTE_END|[49]|Rows:0
18:33:00.13 (40082060)|ENTERING_MANAGED_PKG|Centify
18:33:00.13 (46635477)|ENTERING_MANAGED_PKG|Centify
18:33:00.13 (48250287)|ENTERING_MANAGED_PKG|Centify
18:33:00.13 (48874801)|ENTERING_MANAGED_PKG|Centify
18:33:00.13 (49013715)|ENTERING_MANAGED_PKG|Centify
18:33:00.13 (49088133)|ENTERING_MANAGED_PKG|Centify
18:33:00.13 (72503513)|ENTERING_MANAGED_PKG|Centify
18:33:00.13 (72705205)|ENTERING_MANAGED_PKG|Centify
18:33:00.13 (79602911)|ENTERING_MANAGED_PKG|Centify
18:33:00.13 (81287815)|ENTERING_MANAGED_PKG|Centify
18:33:00.13 (82394221)|ENTERING_MANAGED_PKG|Centify
18:33:00.13 (83551101)|ENTERING_MANAGED_PKG|Centify
18:33:00.13 (83645913)|ENTERING_MANAGED_PKG|Centify
18:33:00.13 (85218147)|ENTERING_MANAGED_PKG|Centify
18:33:00.13 (85369502)|ENTERING_MANAGED_PKG|Centify
18:33:00.13 (85431086)|ENTERING_MANAGED_PKG|Centify
18:33:00.13 (85635684)|ENTERING_MANAGED_PKG|Centify
18:33:00.13 (85843173)|ENTERING_MANAGED_PKG|Centify
18:33:00.13 (85974214)|ENTERING_MANAGED_PKG|Centify
18:33:00.13 (86105043)|ENTERING_MANAGED_PKG|Centify
18:33:00.13 (86232135)|ENTERING_MANAGED_PKG|Centify
18:33:00.13 (86352441)|ENTERING_MANAGED_PKG|Centify
18:33:00.13 (86468871)|ENTERING_MANAGED_PKG|Centify
18:33:00.13 (86585326)|ENTERING_MANAGED_PKG|Centify
18:33:00.13 (86701153)|ENTERING_MANAGED_PKG|Centify
18:33:00.13 (86819631)|ENTERING_MANAGED_PKG|Centify
18:33:00.13 (86940082)|ENTERING_MANAGED_PKG|Centify
18:33:00.13 (87059013)|ENTERING_MANAGED_PKG|Centify
18:33:00.13 (87186194)|ENTERING_MANAGED_PKG|Centify
18:33:00.13 (87307928)|ENTERING_MANAGED_PKG|Centify
18:33:00.13 (87424859)|ENTERING_MANAGED_PKG|Centify
18:33:00.13 (87646816)|ENTERING_MANAGED_PKG|Centify
18:33:00.13 (87791387)|ENTERING_MANAGED_PKG|Centify
18:33:00.13 (87913892)|ENTERING_MANAGED_PKG|Centify
18:33:00.13 (88032450)|ENTERING_MANAGED_PKG|Centify
18:33:00.13 (88156051)|ENTERING_MANAGED_PKG|Centify
18:33:00.13 (88277945)|ENTERING_MANAGED_PKG|Centify
18:33:00.13 (88397121)|ENTERING_MANAGED_PKG|Centify
18:33:00.13 (88515493)|ENTERING_MANAGED_PKG|Centify
18:33:00.13 (88635029)|ENTERING_MANAGED_PKG|Centify
18:33:00.13 (88753075)|ENTERING_MANAGED_PKG|Centify
18:33:00.13 (88871263)|ENTERING_MANAGED_PKG|Centify
18:33:00.13 (88989532)|ENTERING_MANAGED_PKG|Centify
18:33:00.13 (89109370)|ENTERING_MANAGED_PKG|Centify
18:33:00.13 (89240147)|ENTERING_MANAGED_PKG|Centify
18:33:00.13 (89366163)|ENTERING_MANAGED_PKG|Centify
18:33:00.13 (89433780)|ENTERING_MANAGED_PKG|Centify
18:33:00.13 (89493415)|ENTERING_MANAGED_PKG|Centify
18:33:00.13 (89538123)|ENTERING_MANAGED_PKG|Centify
18:33:00.13 (89646269)|ENTERING_MANAGED_PKG|Centify
18:33:00.13 (89704372)|ENTERING_MANAGED_PKG|Centify
18:33:00.13 (91482799)|ENTERING_MANAGED_PKG|Centify
18:33:00.13 (91522500)|ENTERING_MANAGED_PKG|Centify
18:33:00.13 (91577810)|ENTERING_MANAGED_PKG|Centify
18:33:00.13 (91665058)|ENTERING_MANAGED_PKG|Centify
18:33:00.13 (91846444)|ENTERING_MANAGED_PKG|Centify
18:33:00.13 (91979321)|ENTERING_MANAGED_PKG|Centify
18:33:00.13 (142234358)|ENTERING_MANAGED_PKG|Centify
18:33:00.13 (142343723)|ENTERING_MANAGED_PKG|Centify
18:33:00.13 (156760031)|ENTERING_MANAGED_PKG|Centify
18:33:00.13 (156815352)|ENTERING_MANAGED_PKG|Centify
18:33:00.13 (156930246)|ENTERING_MANAGED_PKG|Centify
18:33:00.13 (156958843)|ENTERING_MANAGED_PKG|Centify
18:33:00.13 (163534065)|ENTERING_MANAGED_PKG|Centify
18:33:00.13 (163785025)|ENTERING_MANAGED_PKG|Centify
18:33:00.13 (164322915)|ENTERING_MANAGED_PKG|Centify
18:33:00.13 (164995380)|ENTERING_MANAGED_PKG|Centify
18:33:00.13 (165041135)|ENTERING_MANAGED_PKG|Centify
18:33:00.13 (165161480)|ENTERING_MANAGED_PKG|Centify
18:33:00.13 (165206593)|ENTERING_MANAGED_PKG|Centify
18:33:00.13 (165313351)|ENTERING_MANAGED_PKG|Centify
18:33:00.13 (165453123)|ENTERING_MANAGED_PKG|Centify
18:33:00.13 (165603087)|ENTERING_MANAGED_PKG|Centify
18:33:00.13 (165740503)|ENTERING_MANAGED_PKG|Centify
18:33:00.13 (165852971)|ENTERING_MANAGED_PKG|Centify
18:33:00.13 (165963051)|ENTERING_MANAGED_PKG|Centify
18:33:00.13 (166069302)|ENTERING_MANAGED_PKG|Centify
18:33:00.13 (166207124)|ENTERING_MANAGED_PKG|Centify
18:33:00.13 (166317966)|ENTERING_MANAGED_PKG|Centify
18:33:00.13 (166424590)|ENTERING_MANAGED_PKG|Centify
18:33:00.13 (166549703)|ENTERING_MANAGED_PKG|Centify
18:33:00.13 (166660764)|ENTERING_MANAGED_PKG|Centify
18:33:00.13 (166769824)|ENTERING_MANAGED_PKG|Centify
18:33:00.13 (166876909)|ENTERING_MANAGED_PKG|Centify
18:33:00.13 (166986227)|ENTERING_MANAGED_PKG|Centify
18:33:00.13 (167094286)|ENTERING_MANAGED_PKG|Centify
18:33:00.13 (167207257)|ENTERING_MANAGED_PKG|Centify
18:33:00.13 (167316338)|ENTERING_MANAGED_PKG|Centify
18:33:00.13 (167485245)|ENTERING_MANAGED_PKG|Centify
18:33:00.13 (167612721)|ENTERING_MANAGED_PKG|Centify
18:33:00.13 (167741592)|ENTERING_MANAGED_PKG|Centify
18:33:00.13 (167866601)|ENTERING_MANAGED_PKG|Centify
18:33:00.13 (167992287)|ENTERING_MANAGED_PKG|Centify
18:33:00.13 (168100292)|ENTERING_MANAGED_PKG|Centify
18:33:00.13 (168213968)|ENTERING_MANAGED_PKG|Centify
18:33:00.13 (168321587)|ENTERING_MANAGED_PKG|Centify
18:33:00.13 (168445170)|ENTERING_MANAGED_PKG|Centify
18:33:00.13 (168569919)|ENTERING_MANAGED_PKG|Centify
18:33:00.13 (168693822)|ENTERING_MANAGED_PKG|Centify
18:33:00.13 (168817003)|ENTERING_MANAGED_PKG|Centify
18:33:00.13 (168941240)|ENTERING_MANAGED_PKG|Centify
18:33:00.13 (169064714)|ENTERING_MANAGED_PKG|Centify
18:33:00.13 (169193541)|ENTERING_MANAGED_PKG|Centify
18:33:00.13 (169316729)|ENTERING_MANAGED_PKG|Centify
18:33:00.13 (169440053)|ENTERING_MANAGED_PKG|Centify
18:33:00.13 (169557665)|ENTERING_MANAGED_PKG|Centify
18:33:00.13 (169723475)|ENTERING_MANAGED_PKG|Centify
18:33:00.13 (169846770)|ENTERING_MANAGED_PKG|Centify
18:33:00.13 (169955677)|ENTERING_MANAGED_PKG|Centify
18:33:00.13 (170062477)|ENTERING_MANAGED_PKG|Centify
18:33:00.13 (170175917)|ENTERING_MANAGED_PKG|Centify
18:33:00.13 (170283840)|ENTERING_MANAGED_PKG|Centify
18:33:00.13 (170388818)|ENTERING_MANAGED_PKG|Centify
18:33:00.13 (170495390)|ENTERING_MANAGED_PKG|Centify
18:33:00.13 (170599882)|ENTERING_MANAGED_PKG|Centify
18:33:00.13 (170704576)|ENTERING_MANAGED_PKG|Centify
18:33:00.13 (170809850)|ENTERING_MANAGED_PKG|Centify
18:33:00.13 (170915683)|ENTERING_MANAGED_PKG|Centify
18:33:00.13 (171022560)|ENTERING_MANAGED_PKG|Centify
18:33:00.13 (171128740)|ENTERING_MANAGED_PKG|Centify
18:33:00.13 (171241019)|ENTERING_MANAGED_PKG|Centify
18:33:00.13 (171347666)|ENTERING_MANAGED_PKG|Centify
18:33:00.13 (171454068)|ENTERING_MANAGED_PKG|Centify
18:33:00.13 (171560245)|ENTERING_MANAGED_PKG|Centify
18:33:00.13 (171799042)|ENTERING_MANAGED_PKG|Centify
18:33:00.13 (171843463)|ENTERING_MANAGED_PKG|Centify
18:33:00.13 (171954367)|ENTERING_MANAGED_PKG|Centify
18:33:00.13 (172003945)|ENTERING_MANAGED_PKG|Centify
18:33:00.13 (172069096)|ENTERING_MANAGED_PKG|Centify
18:33:00.13 (172110978)|ENTERING_MANAGED_PKG|Centify
18:33:00.13 (172143725)|ENTERING_MANAGED_PKG|Centify
18:33:00.13 (172467728)|ENTERING_MANAGED_PKG|Centify
18:33:00.13 (172500508)|ENTERING_MANAGED_PKG|Centify
18:33:00.13 (172549280)|ENTERING_MANAGED_PKG|Centify
18:33:00.13 (172672878)|ENTERING_MANAGED_PKG|Centify
18:33:00.13 (172804069)|ENTERING_MANAGED_PKG|Centify
18:33:00.13 (172826166)|ENTERING_MANAGED_PKG|Centify
18:33:00.13 (172849999)|ENTERING_MANAGED_PKG|Centify
18:33:00.13 (172862128)|ENTERING_MANAGED_PKG|Centify
18:33:00.13 (173225320)|ENTERING_MANAGED_PKG|Centify
18:33:00.13 (173250660)|ENTERING_MANAGED_PKG|Centify
18:33:00.13 (173262562)|ENTERING_MANAGED_PKG|Centify
18:33:00.13 (173336781)|ENTERING_MANAGED_PKG|Centify
18:33:00.13 (173459421)|ENTERING_MANAGED_PKG|Centify
18:33:00.13 (173481555)|ENTERING_MANAGED_PKG|Centify
18:33:00.13 (173504236)|ENTERING_MANAGED_PKG|Centify
18:33:00.13 (173516121)|ENTERING_MANAGED_PKG|Centify
18:33:00.13 (173951535)|ENTERING_MANAGED_PKG|Centify
18:33:00.13 (173974905)|ENTERING_MANAGED_PKG|Centify
18:33:00.13 (173985991)|ENTERING_MANAGED_PKG|Centify
18:33:00.13 (174057829)|ENTERING_MANAGED_PKG|Centify
18:33:00.13 (174185785)|ENTERING_MANAGED_PKG|Centify
18:33:00.13 (174207226)|ENTERING_MANAGED_PKG|Centify
18:33:00.13 (174229487)|ENTERING_MANAGED_PKG|Centify
18:33:00.13 (174241495)|ENTERING_MANAGED_PKG|Centify
18:33:00.13 (174764398)|ENTERING_MANAGED_PKG|Centify
18:33:00.13 (174788353)|ENTERING_MANAGED_PKG|Centify
18:33:00.13 (174799933)|ENTERING_MANAGED_PKG|Centify
18:33:00.13 (174870033)|ENTERING_MANAGED_PKG|Centify
18:33:00.13 (174990537)|ENTERING_MANAGED_PKG|Centify
18:33:00.13 (175011907)|ENTERING_MANAGED_PKG|Centify
18:33:00.13 (175034961)|ENTERING_MANAGED_PKG|Centify
18:33:00.13 (175047431)|ENTERING_MANAGED_PKG|Centify
18:33:00.13 (175651097)|ENTERING_MANAGED_PKG|Centify
18:33:00.13 (175674235)|ENTERING_MANAGED_PKG|Centify
18:33:00.13 (175685577)|ENTERING_MANAGED_PKG|Centify
18:33:00.13 (175756413)|ENTERING_MANAGED_PKG|Centify
18:33:00.13 (175870537)|ENTERING_MANAGED_PKG|Centify
18:33:00.13 (175985227)|ENTERING_MANAGED_PKG|Centify
18:33:00.13 (176111299)|ENTERING_MANAGED_PKG|Centify
18:33:00.13 (176234564)|ENTERING_MANAGED_PKG|Centify
18:33:00.13 (176255826)|ENTERING_MANAGED_PKG|Centify
18:33:00.13 (176278394)|ENTERING_MANAGED_PKG|Centify
18:33:00.13 (176290787)|ENTERING_MANAGED_PKG|Centify
18:33:00.13 (177018259)|ENTERING_MANAGED_PKG|Centify
18:33:00.13 (177042895)|ENTERING_MANAGED_PKG|Centify
18:33:00.13 (177054954)|ENTERING_MANAGED_PKG|Centify
18:33:00.13 (177125974)|ENTERING_MANAGED_PKG|Centify
18:33:00.13 (177252563)|ENTERING_MANAGED_PKG|Centify
18:33:00.13 (177273548)|ENTERING_MANAGED_PKG|Centify
18:33:00.13 (177295570)|ENTERING_MANAGED_PKG|Centify
18:33:00.13 (177307463)|ENTERING_MANAGED_PKG|Centify
18:33:00.13 (178094917)|ENTERING_MANAGED_PKG|Centify
18:33:00.13 (178118895)|ENTERING_MANAGED_PKG|Centify
18:33:00.13 (178130321)|ENTERING_MANAGED_PKG|Centify
18:33:00.13 (178207084)|ENTERING_MANAGED_PKG|Centify
18:33:00.13 (178352130)|ENTERING_MANAGED_PKG|Centify
18:33:00.13 (178374522)|ENTERING_MANAGED_PKG|Centify
18:33:00.13 (178397237)|ENTERING_MANAGED_PKG|Centify
18:33:00.13 (178409179)|ENTERING_MANAGED_PKG|Centify
18:33:00.13 (179332119)|ENTERING_MANAGED_PKG|Centify
18:33:00.13 (179360312)|ENTERING_MANAGED_PKG|Centify
18:33:00.13 (179372819)|ENTERING_MANAGED_PKG|Centify
18:33:00.13 (179448603)|ENTERING_MANAGED_PKG|Centify
18:33:00.13 (179575437)|ENTERING_MANAGED_PKG|Centify
18:33:00.13 (179597779)|ENTERING_MANAGED_PKG|Centify
18:33:00.13 (179621438)|ENTERING_MANAGED_PKG|Centify
18:33:00.13 (179633982)|ENTERING_MANAGED_PKG|Centify
18:33:00.13 (180615914)|ENTERING_MANAGED_PKG|Centify
18:33:00.13 (180641147)|ENTERING_MANAGED_PKG|Centify
18:33:00.13 (180652788)|ENTERING_MANAGED_PKG|Centify
18:33:00.13 (180727461)|ENTERING_MANAGED_PKG|Centify
18:33:00.13 (180850868)|ENTERING_MANAGED_PKG|Centify
18:33:00.13 (180872573)|ENTERING_MANAGED_PKG|Centify
18:33:00.13 (180895778)|ENTERING_MANAGED_PKG|Centify
18:33:00.13 (180907732)|ENTERING_MANAGED_PKG|Centify
18:33:00.13 (182115504)|ENTERING_MANAGED_PKG|Centify
18:33:00.13 (182149378)|ENTERING_MANAGED_PKG|Centify
18:33:00.13 (182162084)|ENTERING_MANAGED_PKG|Centify
18:33:00.13 (182267405)|ENTERING_MANAGED_PKG|Centify
18:33:00.13 (182405961)|ENTERING_MANAGED_PKG|Centify
18:33:00.13 (182440842)|ENTERING_MANAGED_PKG|Centify
18:33:00.13 (182475801)|ENTERING_MANAGED_PKG|Centify
18:33:00.13 (182488556)|ENTERING_MANAGED_PKG|Centify
18:33:00.13 (183706269)|ENTERING_MANAGED_PKG|Centify
18:33:00.13 (183734891)|ENTERING_MANAGED_PKG|Centify
18:33:00.13 (183747512)|ENTERING_MANAGED_PKG|Centify
18:33:00.13 (183826554)|ENTERING_MANAGED_PKG|Centify
18:33:00.13 (183957002)|ENTERING_MANAGED_PKG|Centify
18:33:00.13 (183978293)|ENTERING_MANAGED_PKG|Centify
18:33:00.13 (184002694)|ENTERING_MANAGED_PKG|Centify
18:33:00.13 (184015328)|ENTERING_MANAGED_PKG|Centify
18:33:00.13 (185574078)|ENTERING_MANAGED_PKG|Centify
18:33:00.13 (185642431)|ENTERING_MANAGED_PKG|Centify
18:33:00.13 (185671262)|ENTERING_MANAGED_PKG|Centify
18:33:00.13 (185799852)|ENTERING_MANAGED_PKG|Centify
18:33:00.13 (185971785)|ENTERING_MANAGED_PKG|Centify
18:33:00.13 (185996795)|ENTERING_MANAGED_PKG|Centify
18:33:00.13 (186025366)|ENTERING_MANAGED_PKG|Centify
18:33:00.13 (186038031)|ENTERING_MANAGED_PKG|Centify
18:33:00.13 (187657153)|ENTERING_MANAGED_PKG|Centify
18:33:00.13 (187688451)|ENTERING_MANAGED_PKG|Centify
18:33:00.13 (187702110)|ENTERING_MANAGED_PKG|Centify
18:33:00.13 (187785646)|ENTERING_MANAGED_PKG|Centify
18:33:00.13 (187921744)|ENTERING_MANAGED_PKG|Centify
18:33:00.13 (187944053)|ENTERING_MANAGED_PKG|Centify
18:33:00.13 (187968073)|ENTERING_MANAGED_PKG|Centify
18:33:00.13 (187980199)|ENTERING_MANAGED_PKG|Centify
18:33:00.13 (189421694)|ENTERING_MANAGED_PKG|Centify
18:33:00.13 (189448641)|ENTERING_MANAGED_PKG|Centify
18:33:00.13 (189460819)|ENTERING_MANAGED_PKG|Centify
18:33:00.13 (189536622)|ENTERING_MANAGED_PKG|Centify
18:33:00.13 (189664953)|ENTERING_MANAGED_PKG|Centify
18:33:00.13 (189686392)|ENTERING_MANAGED_PKG|Centify
18:33:00.13 (189709177)|ENTERING_MANAGED_PKG|Centify
18:33:00.13 (189721247)|ENTERING_MANAGED_PKG|Centify
18:33:00.13 (191463369)|ENTERING_MANAGED_PKG|Centify
18:33:00.13 (191494432)|ENTERING_MANAGED_PKG|Centify
18:33:00.13 (191507053)|ENTERING_MANAGED_PKG|Centify
18:33:00.13 (191581857)|ENTERING_MANAGED_PKG|Centify
18:33:00.13 (191618505)|ENTERING_MANAGED_PKG|Centify
18:33:00.13 (191647730)|ENTERING_MANAGED_PKG|Centify
18:33:00.13 (191669600)|ENTERING_MANAGED_PKG|Centify
18:33:00.13 (191930045)|ENTERING_MANAGED_PKG|Centify
18:33:00.13 (191965491)|ENTERING_MANAGED_PKG|Centify
18:33:00.13 (193819950)|ENTERING_MANAGED_PKG|Centify
18:33:00.13 (193848884)|ENTERING_MANAGED_PKG|Centify
18:33:00.13 (193872187)|ENTERING_MANAGED_PKG|Centify
18:33:00.13 (193920170)|ENTERING_MANAGED_PKG|Centify
18:33:00.13 (194045879)|ENTERING_MANAGED_PKG|Centify
18:33:00.13 (194127982)|ENTERING_MANAGED_PKG|Centify
18:33:00.13 (214821100)|ENTERING_MANAGED_PKG|Centify
18:33:00.13 (214867295)|ENTERING_MANAGED_PKG|Centify
18:33:00.13 (214946299)|ENTERING_MANAGED_PKG|Centify
18:33:00.13 (214974707)|ENTERING_MANAGED_PKG|Centify
18:33:00.13 (221577460)|ENTERING_MANAGED_PKG|Centify
18:33:00.13 (221854744)|ENTERING_MANAGED_PKG|Centify
18:33:00.13 (222949011)|ENTERING_MANAGED_PKG|Centify
18:33:00.13 (223566477)|ENTERING_MANAGED_PKG|Centify
18:33:00.13 (223613641)|ENTERING_MANAGED_PKG|Centify
18:33:00.13 (223708602)|ENTERING_MANAGED_PKG|Centify
18:33:00.13 (223750062)|ENTERING_MANAGED_PKG|Centify
18:33:00.13 (223884253)|ENTERING_MANAGED_PKG|Centify
18:33:00.13 (224025153)|ENTERING_MANAGED_PKG|Centify
18:33:00.13 (224152237)|ENTERING_MANAGED_PKG|Centify
18:33:00.13 (224287615)|ENTERING_MANAGED_PKG|Centify
18:33:00.13 (224400438)|ENTERING_MANAGED_PKG|Centify
18:33:00.13 (224525990)|ENTERING_MANAGED_PKG|Centify
18:33:00.13 (224634421)|ENTERING_MANAGED_PKG|Centify
18:33:00.13 (224740352)|ENTERING_MANAGED_PKG|Centify
18:33:00.13 (224848109)|ENTERING_MANAGED_PKG|Centify
18:33:00.13 (224954655)|ENTERING_MANAGED_PKG|Centify
18:33:00.13 (225061687)|ENTERING_MANAGED_PKG|Centify
18:33:00.13 (225184860)|ENTERING_MANAGED_PKG|Centify
18:33:00.13 (225311820)|ENTERING_MANAGED_PKG|Centify
18:33:00.13 (225422334)|ENTERING_MANAGED_PKG|Centify
18:33:00.13 (225563605)|ENTERING_MANAGED_PKG|Centify
18:33:00.13 (225686148)|ENTERING_MANAGED_PKG|Centify
18:33:00.13 (225813722)|ENTERING_MANAGED_PKG|Centify
18:33:00.13 (225937045)|ENTERING_MANAGED_PKG|Centify
18:33:00.13 (226043646)|ENTERING_MANAGED_PKG|Centify
18:33:00.13 (226155779)|ENTERING_MANAGED_PKG|Centify
18:33:00.13 (226290319)|ENTERING_MANAGED_PKG|Centify
18:33:00.13 (226447722)|ENTERING_MANAGED_PKG|Centify
18:33:00.13 (226638539)|ENTERING_MANAGED_PKG|Centify
18:33:00.13 (226753331)|ENTERING_MANAGED_PKG|Centify
18:33:00.13 (226860674)|ENTERING_MANAGED_PKG|Centify
18:33:00.13 (226967894)|ENTERING_MANAGED_PKG|Centify
18:33:00.13 (227074794)|ENTERING_MANAGED_PKG|Centify
18:33:00.13 (227187257)|ENTERING_MANAGED_PKG|Centify
18:33:00.13 (227309008)|ENTERING_MANAGED_PKG|Centify
18:33:00.13 (227416412)|ENTERING_MANAGED_PKG|Centify
18:33:00.13 (227451066)|ENTERING_MANAGED_PKG|Centify
18:33:00.13 (227480665)|ENTERING_MANAGED_PKG|Centify
18:33:00.13 (227501442)|ENTERING_MANAGED_PKG|Centify
18:33:00.13 (227573468)|ENTERING_MANAGED_PKG|Centify
18:33:00.13 (227634632)|ENTERING_MANAGED_PKG|Centify
18:33:00.13 (229265885)|ENTERING_MANAGED_PKG|Centify
18:33:00.13 (229296594)|ENTERING_MANAGED_PKG|Centify
18:33:00.13 (229319634)|ENTERING_MANAGED_PKG|Centify
18:33:00.13 (229365885)|ENTERING_MANAGED_PKG|Centify
18:33:00.13 (229481850)|ENTERING_MANAGED_PKG|Centify
18:33:00.13 (229547402)|ENTERING_MANAGED_PKG|Centify
18:33:00.13 (244888279)|ENTERING_MANAGED_PKG|Centify
18:33:00.13 (244937298)|ENTERING_MANAGED_PKG|Centify
18:33:00.13 (259208977)|ENTERING_MANAGED_PKG|Centify
18:33:00.13 (259292444)|ENTERING_MANAGED_PKG|Centify
18:33:00.13 (272403908)|ENTERING_MANAGED_PKG|Centify
18:33:00.13 (272452007)|ENTERING_MANAGED_PKG|Centify
18:33:00.13 (285717474)|ENTERING_MANAGED_PKG|Centify
18:33:00.13 (285862444)|ENTERING_MANAGED_PKG|Centify
18:33:00.13 (286073462)|ENTERING_MANAGED_PKG|Centify
18:33:00.13 (286226049)|ENTERING_MANAGED_PKG|Centify
18:33:00.13 (286380839)|ENTERING_MANAGED_PKG|Centify
18:33:00.13 (286414532)|ENTERING_MANAGED_PKG|Centify
18:33:00.13 (286486182)|ENTERING_MANAGED_PKG|Centify
18:33:00.13 (286509583)|ENTERING_MANAGED_PKG|Centify
18:33:00.13 (292758871)|ENTERING_MANAGED_PKG|Centify
18:33:00.13 (292965434)|ENTERING_MANAGED_PKG|Centify
18:33:00.13 (293739825)|ENTERING_MANAGED_PKG|Centify
18:33:00.13 (294429354)|ENTERING_MANAGED_PKG|Centify
18:33:00.13 (294489876)|ENTERING_MANAGED_PKG|Centify
18:33:00.13 (294597979)|ENTERING_MANAGED_PKG|Centify
18:33:00.13 (294639078)|ENTERING_MANAGED_PKG|Centify
18:33:00.13 (294745348)|ENTERING_MANAGED_PKG|Centify
18:33:00.13 (294948544)|ENTERING_MANAGED_PKG|Centify
18:33:00.13 (295158508)|ENTERING_MANAGED_PKG|Centify
18:33:00.13 (295363446)|ENTERING_MANAGED_PKG|Centify
18:33:00.13 (295482957)|ENTERING_MANAGED_PKG|Centify
18:33:00.13 (295592691)|ENTERING_MANAGED_PKG|Centify
18:33:00.13 (295722338)|ENTERING_MANAGED_PKG|Centify
18:33:00.13 (295881859)|ENTERING_MANAGED_PKG|Centify
18:33:00.13 (296038140)|ENTERING_MANAGED_PKG|Centify
18:33:00.13 (296153197)|ENTERING_MANAGED_PKG|Centify
18:33:00.13 (296272153)|ENTERING_MANAGED_PKG|Centify
18:33:00.13 (296380748)|ENTERING_MANAGED_PKG|Centify
18:33:00.13 (296488529)|ENTERING_MANAGED_PKG|Centify
18:33:00.13 (296633798)|ENTERING_MANAGED_PKG|Centify
18:33:00.13 (296791045)|ENTERING_MANAGED_PKG|Centify
18:33:00.13 (296973733)|ENTERING_MANAGED_PKG|Centify
18:33:00.13 (297091852)|ENTERING_MANAGED_PKG|Centify
18:33:00.13 (297281310)|ENTERING_MANAGED_PKG|Centify
18:33:00.13 (297401317)|ENTERING_MANAGED_PKG|Centify
18:33:00.13 (297511979)|ENTERING_MANAGED_PKG|Centify
18:33:00.13 (297620855)|ENTERING_MANAGED_PKG|Centify
18:33:00.13 (297785373)|ENTERING_MANAGED_PKG|Centify
18:33:00.13 (297963623)|ENTERING_MANAGED_PKG|Centify
18:33:00.13 (298151870)|ENTERING_MANAGED_PKG|Centify
18:33:00.13 (298358648)|ENTERING_MANAGED_PKG|Centify
18:33:00.13 (298543354)|ENTERING_MANAGED_PKG|Centify
18:33:00.13 (298727124)|ENTERING_MANAGED_PKG|Centify
18:33:00.13 (298894740)|ENTERING_MANAGED_PKG|Centify
18:33:00.13 (299080957)|ENTERING_MANAGED_PKG|Centify
18:33:00.13 (299249174)|ENTERING_MANAGED_PKG|Centify
18:33:00.13 (299363301)|ENTERING_MANAGED_PKG|Centify
18:33:00.13 (299478456)|ENTERING_MANAGED_PKG|Centify
18:33:00.13 (299514880)|ENTERING_MANAGED_PKG|Centify
18:33:00.13 (299545176)|ENTERING_MANAGED_PKG|Centify
18:33:00.13 (299566636)|ENTERING_MANAGED_PKG|Centify
18:33:00.13 (299614031)|ENTERING_MANAGED_PKG|Centify
18:33:00.13 (299657839)|ENTERING_MANAGED_PKG|Centify
18:33:00.13 (301225642)|ENTERING_MANAGED_PKG|Centify
18:33:00.13 (301257659)|ENTERING_MANAGED_PKG|Centify
18:33:00.13 (301281039)|ENTERING_MANAGED_PKG|Centify
18:33:00.13 (301327469)|ENTERING_MANAGED_PKG|Centify
18:33:00.13 (301440629)|ENTERING_MANAGED_PKG|Centify
18:33:00.13 (301503747)|ENTERING_MANAGED_PKG|Centify
18:33:00.13 (319700928)|ENTERING_MANAGED_PKG|Centify
18:33:00.13 (319748290)|ENTERING_MANAGED_PKG|Centify
18:33:00.13 (332070213)|ENTERING_MANAGED_PKG|Centify
18:33:00.13 (332153498)|ENTERING_MANAGED_PKG|Centify
18:33:00.13 (343442751)|ENTERING_MANAGED_PKG|Centify
18:33:00.13 (343483560)|ENTERING_MANAGED_PKG|Centify
18:33:00.13 (354454225)|ENTERING_MANAGED_PKG|Centify
18:33:00.13 (354575641)|ENTERING_MANAGED_PKG|Centify
18:33:00.13 (354720358)|ENTERING_MANAGED_PKG|Centify
18:33:00.13 (354830178)|ENTERING_MANAGED_PKG|Centify
18:33:00.13 (354949156)|ENTERING_MANAGED_PKG|Centify
18:33:00.13 (354981781)|ENTERING_MANAGED_PKG|Centify
18:33:00.13 (355052872)|ENTERING_MANAGED_PKG|Centify
18:33:00.13 (355076555)|ENTERING_MANAGED_PKG|Centify
18:33:00.13 (362066442)|ENTERING_MANAGED_PKG|Centify
18:33:00.13 (362286053)|ENTERING_MANAGED_PKG|Centify
18:33:00.13 (362669834)|ENTERING_MANAGED_PKG|Centify
18:33:00.13 (363362775)|ENTERING_MANAGED_PKG|Centify
18:33:00.13 (363407926)|ENTERING_MANAGED_PKG|Centify
18:33:00.13 (363493175)|ENTERING_MANAGED_PKG|Centify
18:33:00.13 (363531882)|ENTERING_MANAGED_PKG|Centify
18:33:00.13 (363633169)|ENTERING_MANAGED_PKG|Centify
18:33:00.13 (363765060)|ENTERING_MANAGED_PKG|Centify
18:33:00.13 (363876775)|ENTERING_MANAGED_PKG|Centify
18:33:00.13 (363983753)|ENTERING_MANAGED_PKG|Centify
18:33:00.13 (364089568)|ENTERING_MANAGED_PKG|Centify
18:33:00.13 (364202864)|ENTERING_MANAGED_PKG|Centify
18:33:00.13 (364310477)|ENTERING_MANAGED_PKG|Centify
18:33:00.13 (364417202)|ENTERING_MANAGED_PKG|Centify
18:33:00.13 (364524582)|ENTERING_MANAGED_PKG|Centify
18:33:00.13 (364632046)|ENTERING_MANAGED_PKG|Centify
18:33:00.13 (364738748)|ENTERING_MANAGED_PKG|Centify
18:33:00.13 (364868859)|ENTERING_MANAGED_PKG|Centify
18:33:00.13 (364992398)|ENTERING_MANAGED_PKG|Centify
18:33:00.13 (365115663)|ENTERING_MANAGED_PKG|Centify
18:33:00.13 (365243532)|ENTERING_MANAGED_PKG|Centify
18:33:00.13 (365367209)|ENTERING_MANAGED_PKG|Centify
18:33:00.13 (365490120)|ENTERING_MANAGED_PKG|Centify
18:33:00.13 (365596565)|ENTERING_MANAGED_PKG|Centify
18:33:00.13 (365701854)|ENTERING_MANAGED_PKG|Centify
18:33:00.13 (365808560)|ENTERING_MANAGED_PKG|Centify
18:33:00.13 (365913833)|ENTERING_MANAGED_PKG|Centify
18:33:00.13 (366018303)|ENTERING_MANAGED_PKG|Centify
18:33:00.13 (366178951)|ENTERING_MANAGED_PKG|Centify
18:33:00.13 (366288309)|ENTERING_MANAGED_PKG|Centify
18:33:00.13 (366394854)|ENTERING_MANAGED_PKG|Centify
18:33:00.13 (366501092)|ENTERING_MANAGED_PKG|Centify
18:33:00.13 (366607190)|ENTERING_MANAGED_PKG|Centify
18:33:00.13 (366713390)|ENTERING_MANAGED_PKG|Centify
18:33:00.13 (366820119)|ENTERING_MANAGED_PKG|Centify
18:33:00.13 (366953132)|ENTERING_MANAGED_PKG|Centify
18:33:00.13 (367087893)|ENTERING_MANAGED_PKG|Centify
18:33:00.13 (367272637)|ENTERING_MANAGED_PKG|Centify
18:33:00.13 (367441117)|ENTERING_MANAGED_PKG|Centify
18:33:00.13 (367553310)|ENTERING_MANAGED_PKG|Centify
18:33:00.13 (367659177)|ENTERING_MANAGED_PKG|Centify
18:33:00.13 (367774657)|ENTERING_MANAGED_PKG|Centify
18:33:00.13 (367883376)|ENTERING_MANAGED_PKG|Centify
18:33:00.13 (367990180)|ENTERING_MANAGED_PKG|Centify
18:33:00.13 (368097885)|ENTERING_MANAGED_PKG|Centify
18:33:00.13 (368213075)|ENTERING_MANAGED_PKG|Centify
18:33:00.13 (368322036)|ENTERING_MANAGED_PKG|Centify
18:33:00.13 (368429468)|ENTERING_MANAGED_PKG|Centify
18:33:00.13 (368550441)|ENTERING_MANAGED_PKG|Centify
18:33:00.13 (368617467)|ENTERING_MANAGED_PKG|Centify
18:33:00.13 (368656727)|ENTERING_MANAGED_PKG|Centify
18:33:00.13 (368678350)|ENTERING_MANAGED_PKG|Centify
18:33:00.13 (368703758)|ENTERING_MANAGED_PKG|Centify
18:33:00.13 (368716663)|ENTERING_MANAGED_PKG|Centify
18:33:00.13 (368988812)|ENTERING_MANAGED_PKG|Centify
18:33:00.13 (369013814)|ENTERING_MANAGED_PKG|Centify
18:33:00.13 (369026760)|ENTERING_MANAGED_PKG|Centify
18:33:00.13 (369104040)|ENTERING_MANAGED_PKG|Centify
18:33:00.13 (369233550)|ENTERING_MANAGED_PKG|Centify
18:33:00.13 (369254241)|ENTERING_MANAGED_PKG|Centify
18:33:00.13 (369277723)|ENTERING_MANAGED_PKG|Centify
18:33:00.13 (369289419)|ENTERING_MANAGED_PKG|Centify
18:33:00.13 (369607413)|ENTERING_MANAGED_PKG|Centify
18:33:00.13 (369630952)|ENTERING_MANAGED_PKG|Centify
18:33:00.13 (369642713)|ENTERING_MANAGED_PKG|Centify
18:33:00.13 (369715085)|ENTERING_MANAGED_PKG|Centify
18:33:00.13 (369836074)|ENTERING_MANAGED_PKG|Centify
18:33:00.13 (369856561)|ENTERING_MANAGED_PKG|Centify
18:33:00.13 (369878765)|ENTERING_MANAGED_PKG|Centify
18:33:00.13 (369890693)|ENTERING_MANAGED_PKG|Centify
18:33:00.13 (370302493)|ENTERING_MANAGED_PKG|Centify
18:33:00.13 (370326262)|ENTERING_MANAGED_PKG|Centify
18:33:00.13 (370337865)|ENTERING_MANAGED_PKG|Centify
18:33:00.13 (370409050)|ENTERING_MANAGED_PKG|Centify
18:33:00.13 (370529189)|ENTERING_MANAGED_PKG|Centify
18:33:00.13 (370549787)|ENTERING_MANAGED_PKG|Centify
18:33:00.13 (370572490)|ENTERING_MANAGED_PKG|Centify
18:33:00.13 (370584037)|ENTERING_MANAGED_PKG|Centify
18:33:00.13 (371080181)|ENTERING_MANAGED_PKG|Centify
18:33:00.13 (371103515)|ENTERING_MANAGED_PKG|Centify
18:33:00.13 (371115397)|ENTERING_MANAGED_PKG|Centify
18:33:00.13 (371191700)|ENTERING_MANAGED_PKG|Centify
18:33:00.13 (371314059)|ENTERING_MANAGED_PKG|Centify
18:33:00.13 (371338033)|ENTERING_MANAGED_PKG|Centify
18:33:00.13 (371373594)|ENTERING_MANAGED_PKG|Centify
18:33:00.13 (371396337)|ENTERING_MANAGED_PKG|Centify
18:33:00.13 (372245352)|ENTERING_MANAGED_PKG|Centify
18:33:00.13 (372285797)|ENTERING_MANAGED_PKG|Centify
18:33:00.13 (372305178)|ENTERING_MANAGED_PKG|Centify
18:33:00.13 (372420186)|ENTERING_MANAGED_PKG|Centify
18:33:00.13 (372629203)|ENTERING_MANAGED_PKG|Centify
18:33:00.13 (372665659)|ENTERING_MANAGED_PKG|Centify
18:33:00.13 (372700292)|ENTERING_MANAGED_PKG|Centify
18:33:00.13 (372717339)|ENTERING_MANAGED_PKG|Centify
18:33:00.13 (373466446)|ENTERING_MANAGED_PKG|Centify
18:33:00.13 (373492546)|ENTERING_MANAGED_PKG|Centify
18:33:00.13 (373504289)|ENTERING_MANAGED_PKG|Centify
18:33:00.13 (373578473)|ENTERING_MANAGED_PKG|Centify
18:33:00.13 (373700147)|ENTERING_MANAGED_PKG|Centify
18:33:00.13 (373849431)|ENTERING_MANAGED_PKG|Centify
18:33:00.13 (374013453)|ENTERING_MANAGED_PKG|Centify
18:33:00.13 (374127525)|ENTERING_MANAGED_PKG|Centify
18:33:00.13 (374242136)|ENTERING_MANAGED_PKG|Centify
18:33:00.13 (374348681)|ENTERING_MANAGED_PKG|Centify
18:33:00.13 (374454675)|ENTERING_MANAGED_PKG|Centify
18:33:00.13 (374563086)|ENTERING_MANAGED_PKG|Centify
18:33:00.13 (374720172)|ENTERING_MANAGED_PKG|Centify
18:33:00.13 (374837830)|ENTERING_MANAGED_PKG|Centify
18:33:00.13 (375033135)|ENTERING_MANAGED_PKG|Centify
18:33:00.13 (375161966)|ENTERING_MANAGED_PKG|Centify
18:33:00.13 (375273376)|ENTERING_MANAGED_PKG|Centify
18:33:00.13 (375410545)|ENTERING_MANAGED_PKG|Centify
18:33:00.13 (375452605)|ENTERING_MANAGED_PKG|Centify
18:33:00.13 (375483224)|ENTERING_MANAGED_PKG|Centify
18:33:00.13 (375503893)|ENTERING_MANAGED_PKG|Centify
18:33:00.13 (375653246)|ENTERING_MANAGED_PKG|Centify
18:33:00.13 (375679970)|ENTERING_MANAGED_PKG|Centify
18:33:00.13 (377431956)|ENTERING_MANAGED_PKG|Centify
18:33:00.13 (377464843)|ENTERING_MANAGED_PKG|Centify
18:33:00.13 (377488406)|ENTERING_MANAGED_PKG|Centify
18:33:00.13 (377556110)|ENTERING_MANAGED_PKG|Centify
18:33:00.13 (377580443)|ENTERING_MANAGED_PKG|Centify
18:33:00.13 (377648299)|ENTERING_MANAGED_PKG|Centify
18:33:00.13 (377671098)|ENTERING_MANAGED_PKG|Centify
18:33:00.13 (383901924)|ENTERING_MANAGED_PKG|Centify
18:33:00.13 (384100779)|ENTERING_MANAGED_PKG|Centify
18:33:00.13 (384494958)|ENTERING_MANAGED_PKG|Centify
18:33:00.13 (384999201)|ENTERING_MANAGED_PKG|Centify
18:33:00.13 (385042427)|ENTERING_MANAGED_PKG|Centify
18:33:00.13 (385131556)|ENTERING_MANAGED_PKG|Centify
18:33:00.13 (385174389)|ENTERING_MANAGED_PKG|Centify
18:33:00.13 (385273737)|ENTERING_MANAGED_PKG|Centify
18:33:00.13 (385400586)|ENTERING_MANAGED_PKG|Centify
18:33:00.13 (385511525)|ENTERING_MANAGED_PKG|Centify
18:33:00.13 (385618079)|ENTERING_MANAGED_PKG|Centify
18:33:00.13 (385724141)|ENTERING_MANAGED_PKG|Centify
18:33:00.13 (385849379)|ENTERING_MANAGED_PKG|Centify
18:33:00.13 (385981316)|ENTERING_MANAGED_PKG|Centify
18:33:00.13 (386090921)|ENTERING_MANAGED_PKG|Centify
18:33:00.13 (386203336)|ENTERING_MANAGED_PKG|Centify
18:33:00.13 (386309320)|ENTERING_MANAGED_PKG|Centify
18:33:00.13 (386406851)|ENTERING_MANAGED_PKG|Centify
18:33:00.13 (386512851)|ENTERING_MANAGED_PKG|Centify
18:33:00.13 (386623334)|ENTERING_MANAGED_PKG|Centify
18:33:00.13 (386732362)|ENTERING_MANAGED_PKG|Centify
18:33:00.13 (386838445)|ENTERING_MANAGED_PKG|Centify
18:33:00.13 (386945572)|ENTERING_MANAGED_PKG|Centify
18:33:00.13 (387052573)|ENTERING_MANAGED_PKG|Centify
18:33:00.13 (387168690)|ENTERING_MANAGED_PKG|Centify
18:33:00.13 (387277626)|ENTERING_MANAGED_PKG|Centify
18:33:00.13 (387385167)|ENTERING_MANAGED_PKG|Centify
18:33:00.13 (387490681)|ENTERING_MANAGED_PKG|Centify
18:33:00.13 (387597291)|ENTERING_MANAGED_PKG|Centify
18:33:00.13 (387630631)|ENTERING_MANAGED_PKG|Centify
18:33:00.13 (387660588)|ENTERING_MANAGED_PKG|Centify
18:33:00.13 (387681665)|ENTERING_MANAGED_PKG|Centify
18:33:00.13 (387724313)|ENTERING_MANAGED_PKG|Centify
18:33:00.13 (387767383)|ENTERING_MANAGED_PKG|Centify
18:33:00.13 (388995362)|ENTERING_MANAGED_PKG|Centify
18:33:00.13 (389027354)|ENTERING_MANAGED_PKG|Centify
18:33:00.13 (389051200)|ENTERING_MANAGED_PKG|Centify
18:33:00.13 (389116493)|ENTERING_MANAGED_PKG|Centify
18:33:00.13 (389193046)|ENTERING_MANAGED_PKG|Centify
18:33:00.13 (389299477)|ENTERING_MANAGED_PKG|Centify
18:33:00.13 (389375120)|ENTERING_MANAGED_PKG|Centify
18:33:00.13 (389399167)|ENTERING_MANAGED_PKG|Centify
18:33:00.13 (396271186)|ENTERING_MANAGED_PKG|Centify
18:33:00.13 (396530699)|ENTERING_MANAGED_PKG|Centify
18:33:00.13 (397075843)|ENTERING_MANAGED_PKG|Centify
18:33:00.13 (397704827)|ENTERING_MANAGED_PKG|Centify
18:33:00.13 (397751292)|ENTERING_MANAGED_PKG|Centify
18:33:00.13 (397844849)|ENTERING_MANAGED_PKG|Centify
18:33:00.13 (397884429)|ENTERING_MANAGED_PKG|Centify
18:33:00.13 (397983648)|ENTERING_MANAGED_PKG|Centify
18:33:00.13 (398120168)|ENTERING_MANAGED_PKG|Centify
18:33:00.13 (398253841)|ENTERING_MANAGED_PKG|Centify
18:33:00.13 (398385759)|ENTERING_MANAGED_PKG|Centify
18:33:00.13 (398509075)|ENTERING_MANAGED_PKG|Centify
18:33:00.13 (398627794)|ENTERING_MANAGED_PKG|Centify
18:33:00.13 (398743000)|ENTERING_MANAGED_PKG|Centify
18:33:00.13 (398865438)|ENTERING_MANAGED_PKG|Centify
18:33:00.13 (398976897)|ENTERING_MANAGED_PKG|Centify
18:33:00.13 (399082681)|ENTERING_MANAGED_PKG|Centify
18:33:00.13 (399197093)|ENTERING_MANAGED_PKG|Centify
18:33:00.13 (399308302)|ENTERING_MANAGED_PKG|Centify
18:33:00.13 (399414981)|ENTERING_MANAGED_PKG|Centify
18:33:00.13 (399523464)|ENTERING_MANAGED_PKG|Centify
18:33:00.13 (399630170)|ENTERING_MANAGED_PKG|Centify
18:33:00.13 (399737744)|ENTERING_MANAGED_PKG|Centify
18:33:00.13 (399837779)|ENTERING_MANAGED_PKG|Centify
18:33:00.13 (399941619)|ENTERING_MANAGED_PKG|Centify
18:33:00.13 (400052857)|ENTERING_MANAGED_PKG|Centify
18:33:00.13 (400165301)|ENTERING_MANAGED_PKG|Centify
18:33:00.13 (400277950)|ENTERING_MANAGED_PKG|Centify
18:33:00.13 (400385347)|ENTERING_MANAGED_PKG|Centify
18:33:00.13 (400492510)|ENTERING_MANAGED_PKG|Centify
18:33:00.13 (400597339)|ENTERING_MANAGED_PKG|Centify
18:33:00.13 (400702970)|ENTERING_MANAGED_PKG|Centify
18:33:00.13 (400808235)|ENTERING_MANAGED_PKG|Centify
18:33:00.13 (400912386)|ENTERING_MANAGED_PKG|Centify
18:33:00.13 (401084838)|ENTERING_MANAGED_PKG|Centify
18:33:00.13 (401212784)|ENTERING_MANAGED_PKG|Centify
18:33:00.13 (401619953)|ENTERING_MANAGED_PKG|Centify
18:33:00.13 (401813459)|ENTERING_MANAGED_PKG|Centify
18:33:00.13 (402030305)|ENTERING_MANAGED_PKG|Centify
18:33:00.13 (402216081)|ENTERING_MANAGED_PKG|Centify
18:33:00.13 (402345078)|ENTERING_MANAGED_PKG|Centify
18:33:00.13 (402382424)|ENTERING_MANAGED_PKG|Centify
18:33:00.13 (402433783)|ENTERING_MANAGED_PKG|Centify
18:33:00.13 (402457737)|ENTERING_MANAGED_PKG|Centify
18:33:00.13 (402510418)|ENTERING_MANAGED_PKG|Centify
18:33:00.13 (402569878)|ENTERING_MANAGED_PKG|Centify
18:33:00.13 (403960831)|ENTERING_MANAGED_PKG|Centify
18:33:00.13 (403989662)|ENTERING_MANAGED_PKG|Centify
18:33:00.13 (404012040)|ENTERING_MANAGED_PKG|Centify
18:33:00.13 (404059646)|ENTERING_MANAGED_PKG|Centify
18:33:00.13 (404179874)|ENTERING_MANAGED_PKG|Centify
18:33:00.13 (404246968)|ENTERING_MANAGED_PKG|Centify
18:33:00.13 (416977265)|ENTERING_MANAGED_PKG|Centify
18:33:00.13 (417022398)|ENTERING_MANAGED_PKG|Centify
18:33:00.13 (429073587)|ENTERING_MANAGED_PKG|Centify
18:33:00.13 (429118652)|ENTERING_MANAGED_PKG|Centify
18:33:00.13 (429202357)|ENTERING_MANAGED_PKG|Centify
18:33:00.13 (429229993)|ENTERING_MANAGED_PKG|Centify
18:33:00.13 (435870514)|ENTERING_MANAGED_PKG|Centify
18:33:00.13 (436117764)|ENTERING_MANAGED_PKG|Centify
18:33:00.13 (436546983)|ENTERING_MANAGED_PKG|Centify
18:33:00.13 (437124457)|ENTERING_MANAGED_PKG|Centify
18:33:00.13 (437174418)|ENTERING_MANAGED_PKG|Centify
18:33:00.13 (437260982)|ENTERING_MANAGED_PKG|Centify
18:33:00.13 (437299704)|ENTERING_MANAGED_PKG|Centify
18:33:00.13 (437398927)|ENTERING_MANAGED_PKG|Centify
18:33:00.13 (437529299)|ENTERING_MANAGED_PKG|Centify
18:33:00.13 (437641479)|ENTERING_MANAGED_PKG|Centify
18:33:00.13 (437749016)|ENTERING_MANAGED_PKG|Centify
18:33:00.13 (437859126)|ENTERING_MANAGED_PKG|Centify
18:33:00.13 (437966848)|ENTERING_MANAGED_PKG|Centify
18:33:00.13 (438074693)|ENTERING_MANAGED_PKG|Centify
18:33:00.13 (438197226)|ENTERING_MANAGED_PKG|Centify
18:33:00.13 (438325334)|ENTERING_MANAGED_PKG|Centify
18:33:00.13 (438434437)|ENTERING_MANAGED_PKG|Centify
18:33:00.13 (438541641)|ENTERING_MANAGED_PKG|Centify
18:33:00.13 (438639297)|ENTERING_MANAGED_PKG|Centify
18:33:00.13 (438745782)|ENTERING_MANAGED_PKG|Centify
18:33:00.13 (438858901)|ENTERING_MANAGED_PKG|Centify
18:33:00.13 (438965646)|ENTERING_MANAGED_PKG|Centify
18:33:00.13 (439072994)|ENTERING_MANAGED_PKG|Centify
18:33:00.13 (439188431)|ENTERING_MANAGED_PKG|Centify
18:33:00.13 (439295721)|ENTERING_MANAGED_PKG|Centify
18:33:00.13 (439409071)|ENTERING_MANAGED_PKG|Centify
18:33:00.13 (439516413)|ENTERING_MANAGED_PKG|Centify
18:33:00.13 (439621750)|ENTERING_MANAGED_PKG|Centify
18:33:00.13 (439768663)|ENTERING_MANAGED_PKG|Centify
18:33:00.13 (439877008)|ENTERING_MANAGED_PKG|Centify
18:33:00.13 (439983627)|ENTERING_MANAGED_PKG|Centify
18:33:00.13 (440017921)|ENTERING_MANAGED_PKG|Centify
18:33:00.13 (440048105)|ENTERING_MANAGED_PKG|Centify
18:33:00.13 (440070122)|ENTERING_MANAGED_PKG|Centify
18:33:00.13 (440114446)|ENTERING_MANAGED_PKG|Centify
18:33:00.13 (440161315)|ENTERING_MANAGED_PKG|Centify
18:33:00.13 (441392387)|ENTERING_MANAGED_PKG|Centify
18:33:00.13 (441424109)|ENTERING_MANAGED_PKG|Centify
18:33:00.13 (441447541)|ENTERING_MANAGED_PKG|Centify
18:33:00.13 (441512942)|ENTERING_MANAGED_PKG|Centify
18:33:00.13 (441565327)|ENTERING_MANAGED_PKG|Centify
18:33:00.13 (441611939)|ENTERING_MANAGED_PKG|Centify
18:33:00.13 (441838907)|ENTERING_MANAGED_PKG|Centify
18:33:00.13 (444143331)|ENTERING_MANAGED_PKG|Centify
18:33:00.13 (444199869)|ENTERING_MANAGED_PKG|Centify
18:33:00.13 (444325393)|ENTERING_MANAGED_PKG|Centify
18:33:00.13 (500451773)|ENTERING_MANAGED_PKG|Centify
18:33:00.13 (500589252)|ENTERING_MANAGED_PKG|Centify
18:33:00.13 (500714477)|ENTERING_MANAGED_PKG|Centify
18:33:00.13 (541969920)|ENTERING_MANAGED_PKG|Centify
18:33:00.13 (542079650)|ENTERING_MANAGED_PKG|Centify
18:33:00.13 (542225053)|ENTERING_MANAGED_PKG|Centify
18:33:00.13 (575859558)|ENTERING_MANAGED_PKG|Centify
18:33:00.13 (575955493)|ENTERING_MANAGED_PKG|Centify
18:33:00.13 (576051110)|ENTERING_MANAGED_PKG|Centify
18:33:00.13 (611049736)|ENTERING_MANAGED_PKG|Centify
18:33:00.13 (611188595)|ENTERING_MANAGED_PKG|Centify
18:33:00.13 (611352353)|ENTERING_MANAGED_PKG|Centify
18:33:00.13 (648397921)|ENTERING_MANAGED_PKG|Centify
18:33:00.13 (648533472)|ENTERING_MANAGED_PKG|Centify
18:33:00.13 (648659658)|ENTERING_MANAGED_PKG|Centify
18:33:00.13 (676263099)|ENTERING_MANAGED_PKG|Centify
18:33:00.13 (676349681)|ENTERING_MANAGED_PKG|Centify
18:33:00.13 (676439434)|ENTERING_MANAGED_PKG|Centify
18:33:00.13 (706053162)|ENTERING_MANAGED_PKG|Centify
18:33:00.13 (706139777)|ENTERING_MANAGED_PKG|Centify
18:33:00.13 (706237640)|ENTERING_MANAGED_PKG|Centify
18:33:00.13 (734335795)|ENTERING_MANAGED_PKG|Centify
18:33:00.13 (734471719)|ENTERING_MANAGED_PKG|Centify
18:33:00.13 (734708578)|ENTERING_MANAGED_PKG|Centify
18:33:00.13 (734752280)|ENTERING_MANAGED_PKG|Centify
18:33:00.13 (734847773)|ENTERING_MANAGED_PKG|Centify
18:33:00.13 (756100890)|ENTERING_MANAGED_PKG|Centify
18:33:00.13 (758915972)|ENTERING_MANAGED_PKG|Centify
18:33:00.13 (759028250)|ENTERING_MANAGED_PKG|Centify
18:33:00.13 (759170758)|ENTERING_MANAGED_PKG|Centify
18:33:00.13 (760894519)|ENTERING_MANAGED_PKG|Centify
18:33:00.13 (760933782)|ENTERING_MANAGED_PKG|Centify
18:33:00.13 (761007430)|ENTERING_MANAGED_PKG|Centify
18:33:00.13 (761531232)|ENTERING_MANAGED_PKG|Centify
18:33:00.13 (763913901)|SOQL_EXECUTE_BEGIN|[16]|Aggregations:0|SELECT Id, CronExpression, CronJobDetail.Name FROM CronTrigger WHERE CronJobDetail.Name LIKE '%Spinify%'
18:33:00.13 (768711991)|SOQL_EXECUTE_END|[16]|Rows:10
18:33:00.13 (769044903)|ENTERING_MANAGED_PKG|Centify
18:33:00.13 (769173256)|ENTERING_MANAGED_PKG|Centify
18:33:00.13 (769230628)|ENTERING_MANAGED_PKG|Centify
18:33:00.13 (769496875)|ENTERING_MANAGED_PKG|Centify
18:33:00.13 (769589665)|ENTERING_MANAGED_PKG|Centify
18:33:00.13 (769665327)|ENTERING_MANAGED_PKG|Centify
18:33:00.13 (769750858)|ENTERING_MANAGED_PKG|Centify
18:33:00.13 (770553721)|ENTERING_MANAGED_PKG|Centify
18:33:00.836 (836339280)|CUMULATIVE_LIMIT_USAGE
18:33:00.836 (836339280)|LIMIT_USAGE_FOR_NS|(default)|
  Number of SOQL queries: 0 out of 100
  Number of query rows: 0 out of 50000
  Number of SOSL queries: 0 out of 20
  Number of DML statements: 0 out of 150
  Number of DML rows: 0 out of 10000
  Maximum CPU time: 383 out of 10000
  Maximum heap size: 0 out of 6000000
  Number of callouts: 0 out of 100
  Number of Email Invocations: 0 out of 10
  Number of future calls: 0 out of 50
  Number of queueable jobs added to the queue: 0 out of 50
  Number of Mobile Apex push calls: 0 out of 10

18:33:00.836 (836339280)|LIMIT_USAGE_FOR_NS|Centify|
  Number of SOQL queries: 3 out of 100
  Number of query rows: 12 out of 50000
  Number of SOSL queries: 0 out of 20
  Number of DML statements: 1 out of 150
  Number of DML rows: 1 out of 10000
  Maximum CPU time: 0 out of 10000
  Maximum heap size: 0 out of 6000000
  Number of callouts: 0 out of 100
  Number of Email Invocations: 0 out of 10
  Number of future calls: 0 out of 50
  Number of queueable jobs added to the queue: 0 out of 50
  Number of Mobile Apex push calls: 0 out of 10

18:33:00.836 (836339280)|CUMULATIVE_LIMIT_USAGE_END

