35.0 APEX_CODE,FINEST;APEX_PROFILING,INFO;CALLOUT,INFO;DB,INFO;NBA,INFO;SYSTEM,DEBUG;VALIDATION,INFO;VISUALFORCE,INFO;WAVE,INFO;WORKFLOW,INFO
14:44:13.31 (31095157)|ENTERING_MANAGED_PKG|NVMContactWorld
14:44:13.31 (31290011)|ENTERING_MANAGED_PKG|NVMContactWorld
14:44:13.31 (31346728)|ENTERING_MANAGED_PKG|NVMContactWorld
14:44:13.31 (31375174)|ENTERING_MANAGED_PKG|NVMContactWorld
14:44:13.31 (31404379)|ENTERING_MANAGED_PKG|NVMContactWorld
14:44:13.31 (31449782)|ENTERING_MANAGED_PKG|NVMContactWorld
14:44:13.31 (31473834)|ENTERING_MANAGED_PKG|NVMContactWorld
14:44:13.31 (31491921)|ENTERING_MANAGED_PKG|NVMContactWorld
14:44:13.31 (31510438)|ENTERING_MANAGED_PKG|NVMContactWorld
14:44:13.31 (31813172)|ENTERING_MANAGED_PKG|NVMContactWorld
14:44:13.31 (31848894)|ENTERING_MANAGED_PKG|NVMContactWorld
14:44:13.31 (31863454)|ENTERING_MANAGED_PKG|NVMContactWorld
14:44:13.31 (31874802)|ENTERING_MANAGED_PKG|NVMContactWorld
14:44:13.31 (31891214)|ENTERING_MANAGED_PKG|NVMContactWorld
14:44:13.31 (31902349)|ENTERING_MANAGED_PKG|NVMContactWorld
14:44:13.31 (31943334)|ENTERING_MANAGED_PKG|NVMContactWorld
14:44:13.31 (32305944)|ENTERING_MANAGED_PKG|NVMContactWorld
14:44:13.31 (34337323)|ENTERING_MANAGED_PKG|NVMContactWorld
14:44:13.31 (34377180)|ENTERING_MANAGED_PKG|NVMContactWorld
14:44:13.31 (36463129)|SOQL_EXECUTE_BEGIN|[47]|Aggregations:0|SELECT Id, MostRecentCall__c, MostRecentCallEventTimestamp__c, MostRecentCallIsActive__c, NVM_Agent_Id__c, NotesCollapsed__c FROM User WHERE Id = :tmpVar1
14:44:13.31 (42723457)|SOQL_EXECUTE_END|[47]|Rows:1
14:44:13.31 (43615543)|ENTERING_MANAGED_PKG|NVMContactWorld
14:44:13.31 (43665275)|ENTERING_MANAGED_PKG|NVMContactWorld
14:44:13.31 (45692565)|ENTERING_MANAGED_PKG|NVMContactWorld
14:44:13.31 (45740576)|ENTERING_MANAGED_PKG|NVMContactWorld
14:44:13.31 (52126254)|ENTERING_MANAGED_PKG|NVMContactWorld
14:44:13.31 (52192756)|ENTERING_MANAGED_PKG|NVMContactWorld
14:44:13.31 (54367915)|ENTERING_MANAGED_PKG|NVMContactWorld
14:44:13.31 (54413549)|ENTERING_MANAGED_PKG|NVMContactWorld
14:44:13.31 (54451360)|ENTERING_MANAGED_PKG|NVMContactWorld
14:44:13.31 (54649941)|ENTERING_MANAGED_PKG|NVMContactWorld
14:44:13.31 (54768710)|ENTERING_MANAGED_PKG|NVMContactWorld
14:44:13.31 (54868254)|ENTERING_MANAGED_PKG|NVMContactWorld
14:44:13.31 (58225293)|ENTERING_MANAGED_PKG|NVMContactWorld
14:44:13.31 (58269255)|ENTERING_MANAGED_PKG|NVMContactWorld
14:44:13.31 (58312113)|ENTERING_MANAGED_PKG|NVMContactWorld
14:44:13.31 (58387321)|ENTERING_MANAGED_PKG|NVMContactWorld
14:44:13.31 (58421423)|ENTERING_MANAGED_PKG|NVMContactWorld
14:44:13.31 (58796296)|ENTERING_MANAGED_PKG|NVMContactWorld
14:44:13.31 (61120465)|ENTERING_MANAGED_PKG|NVMContactWorld
14:44:13.31 (61152507)|ENTERING_MANAGED_PKG|NVMContactWorld
14:44:13.31 (61301023)|ENTERING_MANAGED_PKG|NVMContactWorld
14:44:13.31 (61917298)|ENTERING_MANAGED_PKG|NVMContactWorld
14:44:13.31 (62071155)|ENTERING_MANAGED_PKG|NVMContactWorld
14:44:13.31 (62094273)|ENTERING_MANAGED_PKG|NVMContactWorld
14:44:13.31 (62220276)|ENTERING_MANAGED_PKG|NVMContactWorld
14:44:13.31 (62253621)|ENTERING_MANAGED_PKG|NVMContactWorld
14:44:13.31 (62377654)|ENTERING_MANAGED_PKG|NVMContactWorld
14:44:13.31 (62467034)|ENTERING_MANAGED_PKG|NVMContactWorld
14:44:13.31 (62549368)|ENTERING_MANAGED_PKG|NVMContactWorld
14:44:13.31 (63196419)|ENTERING_MANAGED_PKG|NVMContactWorld
14:44:13.31 (63222289)|ENTERING_MANAGED_PKG|NVMContactWorld
14:44:13.31 (63236605)|ENTERING_MANAGED_PKG|NVMContactWorld
14:44:13.31 (63268014)|ENTERING_MANAGED_PKG|NVMContactWorld
14:44:13.31 (63293164)|ENTERING_MANAGED_PKG|NVMContactWorld
14:44:13.31 (63468429)|ENTERING_MANAGED_PKG|NVMContactWorld
14:44:13.31 (63817053)|ENTERING_MANAGED_PKG|NVMContactWorld
14:44:13.31 (63860605)|ENTERING_MANAGED_PKG|NVMContactWorld
14:44:13.31 (63917658)|ENTERING_MANAGED_PKG|NVMContactWorld
14:44:13.31 (63991090)|ENTERING_MANAGED_PKG|NVMContactWorld
14:44:13.31 (64096894)|ENTERING_MANAGED_PKG|NVMContactWorld
14:44:13.31 (64162189)|ENTERING_MANAGED_PKG|NVMContactWorld
14:44:13.31 (64442482)|ENTERING_MANAGED_PKG|NVMContactWorld
14:44:13.31 (66706641)|ENTERING_MANAGED_PKG|NVMContactWorld
14:44:13.31 (66764219)|ENTERING_MANAGED_PKG|NVMContactWorld
14:44:13.31 (66829427)|ENTERING_MANAGED_PKG|NVMContactWorld
14:44:13.31 (66847958)|ENTERING_MANAGED_PKG|NVMContactWorld
14:44:13.31 (67289813)|ENTERING_MANAGED_PKG|NVMContactWorld
14:44:13.31 (69579270)|ENTERING_MANAGED_PKG|NVMContactWorld
14:44:13.31 (69924906)|ENTERING_MANAGED_PKG|NVMContactWorld
14:44:13.31 (69980614)|ENTERING_MANAGED_PKG|NVMContactWorld
14:44:13.31 (70809957)|ENTERING_MANAGED_PKG|NVMContactWorld
14:44:13.31 (70889877)|ENTERING_MANAGED_PKG|NVMContactWorld
14:44:13.31 (71103034)|ENTERING_MANAGED_PKG|NVMContactWorld
14:44:13.31 (71339381)|ENTERING_MANAGED_PKG|NVMContactWorld
14:44:13.31 (71409108)|ENTERING_MANAGED_PKG|NVMContactWorld
14:44:13.31 (71568020)|ENTERING_MANAGED_PKG|NVMContactWorld
14:44:13.31 (71649906)|ENTERING_MANAGED_PKG|NVMContactWorld
14:44:13.31 (345797055)|ENTERING_MANAGED_PKG|NVMContactWorld
14:44:13.31 (345945288)|ENTERING_MANAGED_PKG|NVMContactWorld
14:44:13.31 (346121787)|ENTERING_MANAGED_PKG|NVMContactWorld
14:44:13.31 (347777558)|ENTERING_MANAGED_PKG|NVMContactWorld
14:44:13.31 (347865769)|ENTERING_MANAGED_PKG|NVMContactWorld
14:44:13.31 (347924037)|ENTERING_MANAGED_PKG|NVMContactWorld
14:44:13.31 (347981502)|ENTERING_MANAGED_PKG|NVMContactWorld
14:44:13.31 (348036997)|ENTERING_MANAGED_PKG|NVMContactWorld
14:44:13.31 (348078613)|ENTERING_MANAGED_PKG|NVMContactWorld
14:44:13.31 (348108257)|ENTERING_MANAGED_PKG|NVMContactWorld
14:44:13.31 (348209288)|ENTERING_MANAGED_PKG|NVMContactWorld
14:44:13.31 (348298206)|ENTERING_MANAGED_PKG|NVMContactWorld
14:44:13.31 (348341389)|ENTERING_MANAGED_PKG|NVMContactWorld
14:44:13.31 (348392694)|ENTERING_MANAGED_PKG|NVMContactWorld
14:44:13.31 (348416782)|ENTERING_MANAGED_PKG|NVMContactWorld
14:44:13.31 (348436239)|ENTERING_MANAGED_PKG|NVMContactWorld
14:44:13.31 (348490308)|ENTERING_MANAGED_PKG|NVMContactWorld
14:44:13.31 (348550724)|ENTERING_MANAGED_PKG|NVMContactWorld
14:44:13.31 (348571439)|ENTERING_MANAGED_PKG|NVMContactWorld
14:44:13.31 (348587995)|ENTERING_MANAGED_PKG|NVMContactWorld
14:44:13.31 (348606718)|ENTERING_MANAGED_PKG|NVMContactWorld
14:44:13.31 (348623951)|ENTERING_MANAGED_PKG|NVMContactWorld
14:44:13.31 (348680200)|ENTERING_MANAGED_PKG|NVMContactWorld
14:44:13.31 (348762821)|ENTERING_MANAGED_PKG|NVMContactWorld
14:44:13.31 (348816799)|ENTERING_MANAGED_PKG|NVMContactWorld
14:44:13.31 (353640251)|ENTERING_MANAGED_PKG|NVMContactWorld
14:44:13.31 (353736770)|ENTERING_MANAGED_PKG|NVMContactWorld
14:44:13.31 (353870378)|ENTERING_MANAGED_PKG|NVMContactWorld
14:44:13.31 (354143747)|ENTERING_MANAGED_PKG|NVMContactWorld
14:44:13.31 (356287709)|ENTERING_MANAGED_PKG|NVMContactWorld
14:44:13.31 (359683960)|SOQL_EXECUTE_BEGIN|[305]|Aggregations:0|SELECT Id, LastModifiedDate, CreatedDate, AdditionalFieldValues__c, Agent__c, IndexedCallObjectIdentifier__c, IsPreCallEvent__c, RelatedTask__c, Timestamp__c, Who__c, What__c FROM InteractionEvent__c WHERE (Agent__c = :tmpVar1 AND IndexedCallObjectIdentifier__c = :tmpVar2) FOR UPDATE
14:44:13.31 (369404663)|SOQL_EXECUTE_END|[305]|Rows:1
14:44:13.31 (369704088)|ENTERING_MANAGED_PKG|NVMContactWorld
14:44:13.31 (370556804)|ENTERING_MANAGED_PKG|NVMContactWorld
14:44:13.31 (371230596)|ENTERING_MANAGED_PKG|NVMContactWorld
14:44:13.31 (371782830)|SOQL_EXECUTE_BEGIN|[345]|Aggregations:0|SELECT IndexedCallObjectIdentifier__c, Who__c, What__c, RelatedTask__c FROM InteractionEvent__c WHERE (Agent__c = :tmpVar1 AND IndexedCallObjectIdentifier__c = :tmpVar2 AND IsPreCallEvent__c = TRUE) LIMIT 1
14:44:13.31 (377735976)|SOQL_EXECUTE_END|[345]|Rows:0
14:44:13.31 (378586848)|ENTERING_MANAGED_PKG|NVMContactWorld
14:44:13.31 (378701523)|ENTERING_MANAGED_PKG|NVMContactWorld
14:44:13.31 (379873957)|SOQL_EXECUTE_BEGIN|[66]|Aggregations:0|SELECT Id, Detail__c, LastModifiedDate FROM InteractionEventNote__c WHERE Event__c = :tmpVar1 LIMIT 1
14:44:13.31 (384699379)|SOQL_EXECUTE_END|[66]|Rows:1
14:44:13.31 (385263252)|ENTERING_MANAGED_PKG|NVMContactWorld
14:44:13.31 (385349194)|ENTERING_MANAGED_PKG|NVMContactWorld
14:44:13.31 (385455238)|ENTERING_MANAGED_PKG|NVMContactWorld
14:44:13.31 (385491087)|ENTERING_MANAGED_PKG|NVMContactWorld
14:44:13.31 (385520802)|ENTERING_MANAGED_PKG|NVMContactWorld
14:44:13.31 (385579924)|ENTERING_MANAGED_PKG|NVMContactWorld
14:44:13.31 (390135979)|ENTERING_MANAGED_PKG|NVMContactWorld
14:44:13.31 (390162716)|ENTERING_MANAGED_PKG|NVMContactWorld
14:44:13.31 (390186801)|ENTERING_MANAGED_PKG|NVMContactWorld
14:44:13.31 (390203586)|ENTERING_MANAGED_PKG|NVMContactWorld
14:44:13.31 (390220542)|ENTERING_MANAGED_PKG|NVMContactWorld
14:44:13.31 (390234460)|ENTERING_MANAGED_PKG|NVMContactWorld
14:44:13.31 (390245520)|ENTERING_MANAGED_PKG|NVMContactWorld
14:44:13.31 (390492162)|ENTERING_MANAGED_PKG|NVMContactWorld
14:44:13.31 (390513133)|ENTERING_MANAGED_PKG|NVMContactWorld
14:44:13.31 (390526608)|ENTERING_MANAGED_PKG|NVMContactWorld
14:44:13.31 (390541264)|ENTERING_MANAGED_PKG|NVMContactWorld
14:44:13.31 (390552513)|ENTERING_MANAGED_PKG|NVMContactWorld
14:44:13.31 (390563180)|ENTERING_MANAGED_PKG|NVMContactWorld
14:44:13.31 (390603398)|ENTERING_MANAGED_PKG|NVMContactWorld
14:44:13.31 (390859279)|ENTERING_MANAGED_PKG|NVMContactWorld
14:44:13.31 (391017732)|ENTERING_MANAGED_PKG|NVMContactWorld
14:44:13.31 (391038232)|ENTERING_MANAGED_PKG|NVMContactWorld
14:44:13.31 (391235365)|ENTERING_MANAGED_PKG|NVMContactWorld
14:44:13.31 (393303595)|ENTERING_MANAGED_PKG|NVMContactWorld
14:44:13.31 (393334789)|ENTERING_MANAGED_PKG|NVMContactWorld
14:44:13.31 (393472685)|ENTERING_MANAGED_PKG|NVMContactWorld
14:44:13.31 (393502740)|ENTERING_MANAGED_PKG|NVMContactWorld
14:44:13.31 (393634563)|ENTERING_MANAGED_PKG|NVMContactWorld
14:44:13.31 (393731635)|ENTERING_MANAGED_PKG|NVMContactWorld
14:44:13.31 (393826086)|ENTERING_MANAGED_PKG|NVMContactWorld
14:44:13.31 (394547493)|ENTERING_MANAGED_PKG|NVMContactWorld
14:44:13.31 (394574439)|ENTERING_MANAGED_PKG|NVMContactWorld
14:44:13.31 (394592893)|ENTERING_MANAGED_PKG|NVMContactWorld
14:44:13.31 (394623631)|ENTERING_MANAGED_PKG|NVMContactWorld
14:44:13.31 (394652866)|ENTERING_MANAGED_PKG|NVMContactWorld
14:44:13.31 (394855180)|ENTERING_MANAGED_PKG|NVMContactWorld
14:44:13.31 (397318223)|ENTERING_MANAGED_PKG|NVMContactWorld
14:44:13.31 (397351208)|ENTERING_MANAGED_PKG|NVMContactWorld
14:44:13.31 (400079311)|ENTERING_MANAGED_PKG|NVMContactWorld
14:44:13.31 (400148862)|ENTERING_MANAGED_PKG|NVMContactWorld
14:44:13.31 (400205037)|ENTERING_MANAGED_PKG|NVMContactWorld
14:44:13.31 (400244304)|ENTERING_MANAGED_PKG|NVMContactWorld
14:44:13.31 (401005888)|ENTERING_MANAGED_PKG|NVMContactWorld
14:44:13.31 (401034621)|ENTERING_MANAGED_PKG|NVMContactWorld
14:44:13.31 (401201322)|ENTERING_MANAGED_PKG|NVMContactWorld
14:44:13.31 (401289284)|ENTERING_MANAGED_PKG|NVMContactWorld
14:44:13.31 (401405738)|ENTERING_MANAGED_PKG|NVMContactWorld
14:44:13.31 (402136027)|ENTERING_MANAGED_PKG|NVMContactWorld
14:44:13.31 (402246636)|ENTERING_MANAGED_PKG|NVMContactWorld
14:44:13.31 (402359849)|ENTERING_MANAGED_PKG|NVMContactWorld
14:44:13.31 (402427650)|ENTERING_MANAGED_PKG|NVMContactWorld
14:44:13.31 (404461893)|ENTERING_MANAGED_PKG|NVMContactWorld
14:44:13.31 (405101772)|ENTERING_MANAGED_PKG|NVMContactWorld
14:44:13.31 (405353306)|ENTERING_MANAGED_PKG|NVMContactWorld
14:44:13.31 (405607111)|ENTERING_MANAGED_PKG|NVMContactWorld
14:44:13.31 (406170602)|SOQL_EXECUTE_BEGIN|[101]|Aggregations:0|SELECT Id, Name FROM Account WHERE ID='0016F00002LndmnQAB'
14:44:13.31 (411141217)|SOQL_EXECUTE_END|[101]|Rows:1
14:44:13.419 (419622680)|CUMULATIVE_LIMIT_USAGE
14:44:13.419 (419622680)|LIMIT_USAGE_FOR_NS|(default)|
  Number of SOQL queries: 0 out of 100
  Number of query rows: 0 out of 50000
  Number of SOSL queries: 0 out of 20
  Number of DML statements: 0 out of 150
  Number of DML rows: 0 out of 10000
  Maximum CPU time: 52 out of 10000
  Maximum heap size: 0 out of 6000000
  Number of callouts: 0 out of 100
  Number of Email Invocations: 0 out of 10
  Number of future calls: 0 out of 50
  Number of queueable jobs added to the queue: 0 out of 50
  Number of Mobile Apex push calls: 0 out of 10

14:44:13.419 (419622680)|LIMIT_USAGE_FOR_NS|NVMContactWorld|
  Number of SOQL queries: 5 out of 100
  Number of query rows: 4 out of 50000
  Number of SOSL queries: 0 out of 20
  Number of DML statements: 0 out of 150
  Number of DML rows: 0 out of 10000
  Maximum CPU time: 0 out of 10000
  Maximum heap size: 0 out of 6000000
  Number of callouts: 1 out of 100
  Number of Email Invocations: 0 out of 10
  Number of future calls: 0 out of 50
  Number of queueable jobs added to the queue: 0 out of 50
  Number of Mobile Apex push calls: 0 out of 10

14:44:13.419 (419622680)|CUMULATIVE_LIMIT_USAGE_END

