37.0 APEX_CODE,FINEST;APEX_PROFILING,INFO;CALLOUT,INFO;DB,INFO;NBA,INFO;SYSTEM,DEBUG;VALIDATION,INFO;VISUALFORCE,INFO;WAVE,INFO;WORKFLOW,INFO
11:40:11.11 (11890481)|ENTERING_MANAGED_PKG|Centify
11:40:11.11 (12655730)|ENTERING_MANAGED_PKG|Centify
11:40:11.11 (12694019)|ENTERING_MANAGED_PKG|Centify
11:40:11.11 (12830168)|ENTERING_MANAGED_PKG|Centify
11:40:11.11 (12880544)|ENTERING_MANAGED_PKG|Centify
11:40:11.11 (13512313)|ENTERING_MANAGED_PKG|Centify
11:40:11.11 (13763354)|ENTERING_MANAGED_PKG|Centify
11:40:11.11 (13787662)|ENTERING_MANAGED_PKG|Centify
11:40:11.11 (13852701)|ENTERING_MANAGED_PKG|Centify
11:40:11.11 (13888759)|ENTERING_MANAGED_PKG|Centify
11:40:11.11 (13915922)|ENTERING_MANAGED_PKG|Centify
11:40:11.11 (13933288)|ENTERING_MANAGED_PKG|Centify
11:40:11.11 (13946813)|ENTERING_MANAGED_PKG|Centify
11:40:11.11 (14116347)|ENTERING_MANAGED_PKG|Centify
11:40:11.11 (48318824)|ENTERING_MANAGED_PKG|Centify
11:40:11.11 (48390671)|ENTERING_MANAGED_PKG|Centify
11:40:11.11 (48506589)|ENTERING_MANAGED_PKG|Centify
11:40:11.11 (48545539)|ENTERING_MANAGED_PKG|Centify
11:40:11.11 (188553165)|ENTERING_MANAGED_PKG|Centify
11:40:11.11 (234414390)|ENTERING_MANAGED_PKG|Centify
11:40:11.11 (249569688)|ENTERING_MANAGED_PKG|Centify
11:40:11.11 (249643805)|ENTERING_MANAGED_PKG|Centify
11:40:11.11 (249808235)|ENTERING_MANAGED_PKG|Centify
11:40:11.11 (249851875)|ENTERING_MANAGED_PKG|Centify
11:40:11.11 (249916316)|ENTERING_MANAGED_PKG|Centify
11:40:11.11 (286053080)|ENTERING_MANAGED_PKG|Centify
11:40:11.11 (302512384)|ENTERING_MANAGED_PKG|Centify
11:40:11.11 (302570007)|ENTERING_MANAGED_PKG|Centify
11:40:11.11 (302645576)|ENTERING_MANAGED_PKG|Centify
11:40:11.11 (302675473)|ENTERING_MANAGED_PKG|Centify
11:40:11.11 (302736483)|ENTERING_MANAGED_PKG|Centify
11:40:11.11 (336938872)|ENTERING_MANAGED_PKG|Centify
11:40:11.11 (354849378)|ENTERING_MANAGED_PKG|Centify
11:40:11.11 (354921054)|ENTERING_MANAGED_PKG|Centify
11:40:11.11 (355046190)|ENTERING_MANAGED_PKG|Centify
11:40:11.11 (355088839)|ENTERING_MANAGED_PKG|Centify
11:40:11.11 (355155552)|ENTERING_MANAGED_PKG|Centify
11:40:11.11 (384209478)|ENTERING_MANAGED_PKG|Centify
11:40:11.11 (401012136)|ENTERING_MANAGED_PKG|Centify
11:40:11.11 (401065912)|ENTERING_MANAGED_PKG|Centify
11:40:11.11 (401139591)|ENTERING_MANAGED_PKG|Centify
11:40:11.11 (401168823)|ENTERING_MANAGED_PKG|Centify
11:40:11.11 (401227977)|ENTERING_MANAGED_PKG|Centify
11:40:11.11 (429819459)|ENTERING_MANAGED_PKG|Centify
11:40:11.11 (445128733)|ENTERING_MANAGED_PKG|Centify
11:40:11.11 (445182262)|ENTERING_MANAGED_PKG|Centify
11:40:11.11 (445256033)|ENTERING_MANAGED_PKG|Centify
11:40:11.11 (445286186)|ENTERING_MANAGED_PKG|Centify
11:40:11.11 (445348358)|ENTERING_MANAGED_PKG|Centify
11:40:11.11 (474170845)|ENTERING_MANAGED_PKG|Centify
11:40:11.11 (489507785)|ENTERING_MANAGED_PKG|Centify
11:40:11.11 (489563172)|ENTERING_MANAGED_PKG|Centify
11:40:11.11 (489636155)|ENTERING_MANAGED_PKG|Centify
11:40:11.11 (489665513)|ENTERING_MANAGED_PKG|Centify
11:40:11.11 (489724433)|ENTERING_MANAGED_PKG|Centify
11:40:11.11 (519524229)|ENTERING_MANAGED_PKG|Centify
11:40:11.11 (534221882)|ENTERING_MANAGED_PKG|Centify
11:40:11.11 (534273514)|ENTERING_MANAGED_PKG|Centify
11:40:11.11 (534345879)|ENTERING_MANAGED_PKG|Centify
11:40:11.11 (534376203)|ENTERING_MANAGED_PKG|Centify
11:40:11.11 (534434949)|ENTERING_MANAGED_PKG|Centify
11:40:11.11 (562820031)|ENTERING_MANAGED_PKG|Centify
11:40:11.11 (577775804)|ENTERING_MANAGED_PKG|Centify
11:40:11.11 (577828467)|ENTERING_MANAGED_PKG|Centify
11:40:11.11 (577900928)|ENTERING_MANAGED_PKG|Centify
11:40:11.11 (577936072)|ENTERING_MANAGED_PKG|Centify
11:40:11.11 (577995984)|ENTERING_MANAGED_PKG|Centify
11:40:11.11 (606805710)|ENTERING_MANAGED_PKG|Centify
11:40:11.11 (623526656)|ENTERING_MANAGED_PKG|Centify
11:40:11.11 (623579986)|ENTERING_MANAGED_PKG|Centify
11:40:11.11 (623652519)|ENTERING_MANAGED_PKG|Centify
11:40:11.11 (623682518)|ENTERING_MANAGED_PKG|Centify
11:40:11.11 (623744060)|ENTERING_MANAGED_PKG|Centify
11:40:11.11 (656956698)|ENTERING_MANAGED_PKG|Centify
11:40:11.11 (703250451)|ENTERING_MANAGED_PKG|Centify
11:40:11.11 (703525166)|ENTERING_MANAGED_PKG|Centify
11:40:11.11 (716814685)|ENTERING_MANAGED_PKG|Centify
11:40:11.11 (716895269)|ENTERING_MANAGED_PKG|Centify
11:40:11.11 (718839832)|ENTERING_MANAGED_PKG|Centify
11:40:11.11 (718910487)|ENTERING_MANAGED_PKG|Centify
11:40:11.11 (718971875)|ENTERING_MANAGED_PKG|Centify
11:40:11.11 (719051524)|ENTERING_MANAGED_PKG|Centify
11:40:11.11 (722610772)|SOQL_EXECUTE_BEGIN|[19]|Aggregations:0|SELECT Id, OrganizationType FROM Organization LIMIT 1
11:40:11.11 (725517681)|SOQL_EXECUTE_END|[19]|Rows:1
11:40:11.11 (745505701)|ENTERING_MANAGED_PKG|Centify
11:40:11.11 (745579496)|ENTERING_MANAGED_PKG|Centify
11:40:11.11 (745771327)|ENTERING_MANAGED_PKG|Centify
11:40:11.11 (745820796)|ENTERING_MANAGED_PKG|Centify
11:40:11.11 (745863636)|ENTERING_MANAGED_PKG|Centify
11:40:11.11 (746173934)|ENTERING_MANAGED_PKG|Centify
11:40:11.11 (746287487)|ENTERING_MANAGED_PKG|Centify
11:40:11.11 (758362172)|ENTERING_MANAGED_PKG|Centify
11:40:11.11 (758538144)|ENTERING_MANAGED_PKG|Centify
11:40:11.11 (759453763)|ENTERING_MANAGED_PKG|Centify
11:40:11.11 (760456183)|SOQL_EXECUTE_BEGIN|[16]|Aggregations:0|select id,lastmodifieddate,isdeleted,name,createddate,ownerid,status,isconverted,converteddate,company from Lead where LastModifiedDate >2018-10-23T01:26:52Z AND LastModifiedDate < 2018-10-23T01:40:16Z  ORDER BY SystemModStamp DESC LIMIT 5000  ALL ROWS
11:40:11.11 (768565146)|SOQL_EXECUTE_END|[16]|Rows:0
11:40:11.787 (787627706)|CUMULATIVE_LIMIT_USAGE
11:40:11.787 (787627706)|LIMIT_USAGE_FOR_NS|(default)|
  Number of SOQL queries: 0 out of 200
  Number of query rows: 0 out of 50000
  Number of SOSL queries: 0 out of 20
  Number of DML statements: 0 out of 150
  Number of DML rows: 0 out of 10000
  Maximum CPU time: 0 out of 60000
  Maximum heap size: 0 out of 12000000
  Number of callouts: 0 out of 0
  Number of Email Invocations: 0 out of 10
  Number of future calls: 0 out of 0
  Number of queueable jobs added to the queue: 0 out of 1
  Number of Mobile Apex push calls: 0 out of 10

11:40:11.787 (787627706)|LIMIT_USAGE_FOR_NS|Centify|
  Number of SOQL queries: 0 out of 200
  Number of query rows: 0 out of 50000
  Number of SOSL queries: 0 out of 20
  Number of DML statements: 0 out of 150
  Number of DML rows: 0 out of 10000
  Maximum CPU time: 0 out of 60000
  Maximum heap size: 0 out of 12000000
  Number of callouts: 0 out of 0
  Number of Email Invocations: 0 out of 10
  Number of future calls: 0 out of 0
  Number of queueable jobs added to the queue: 0 out of 1
  Number of Mobile Apex push calls: 0 out of 10

11:40:11.787 (787627706)|CUMULATIVE_LIMIT_USAGE_END

