31.0 APEX_CODE,FINEST;APEX_PROFILING,INFO;CALLOUT,INFO;DB,INFO;NBA,INFO;SYSTEM,DEBUG;VALIDATION,INFO;VISUALFORCE,INFO;WAVE,INFO;WORKFLOW,INFO
17:00:30.0 (166429)|USER_INFO|[EXTERNAL]|00590000000Vmmq|ben@bjbglobal.com.au|Australian Eastern Standard Time|GMT+10:00
17:00:30.0 (228637)|EXECUTION_STARTED
17:00:30.0 (237131)|CODE_UNIT_STARTED|[EXTERNAL]|TRIGGERS
17:00:30.0 (291418)|CODE_UNIT_STARTED|[EXTERNAL]|01q6F000000DhRF|TaskBeforeUpdate on Task trigger event BeforeUpdate|__sfdc_trigger/TaskBeforeUpdate
17:00:30.0 (363388)|HEAP_ALLOCATE|[EXTERNAL]|Bytes:8
17:00:30.0 (451734)|HEAP_ALLOCATE|[EXTERNAL]|Bytes:8
17:00:30.0 (992607)|HEAP_ALLOCATE|[72]|Bytes:3
17:00:30.0 (1049427)|HEAP_ALLOCATE|[77]|Bytes:152
17:00:30.0 (1077652)|HEAP_ALLOCATE|[342]|Bytes:408
17:00:30.0 (1105092)|HEAP_ALLOCATE|[355]|Bytes:408
17:00:30.0 (1129196)|HEAP_ALLOCATE|[467]|Bytes:48
17:00:30.0 (1174506)|HEAP_ALLOCATE|[139]|Bytes:6
17:00:30.0 (1220521)|HEAP_ALLOCATE|[EXTERNAL]|Bytes:4
17:00:30.0 (1237402)|VARIABLE_SCOPE_BEGIN|[10]|this|TaskBeforeUpdate|true|false
17:00:30.0 (1318237)|VARIABLE_ASSIGNMENT|[10]|this|{}|0x30a70b5c
17:00:30.0 (1425909)|HEAP_ALLOCATE|[EXTERNAL]|Bytes:4
17:00:30.0 (1441661)|VARIABLE_SCOPE_BEGIN|[10]|this|TaskBeforeUpdate|true|false
17:00:30.0 (1805484)|VARIABLE_ASSIGNMENT|[10]|this|{}|0x30a70b5c
17:00:30.0 (1825980)|STATEMENT_EXECUTE|[10]
17:00:30.1 (1835551)|CUMULATIVE_LIMIT_USAGE
17:00:30.1 (1835551)|LIMIT_USAGE_FOR_NS|(default)|
  Number of SOQL queries: 0 out of 100
  Number of query rows: 0 out of 50000
  Number of SOSL queries: 0 out of 20
  Number of DML statements: 0 out of 150
  Number of DML rows: 0 out of 10000
  Maximum CPU time: 0 out of 10000
  Maximum heap size: 0 out of 6000000
  Number of callouts: 0 out of 100
  Number of Email Invocations: 0 out of 10
  Number of future calls: 0 out of 50
  Number of queueable jobs added to the queue: 0 out of 50
  Number of Mobile Apex push calls: 0 out of 10

17:00:30.1 (1835551)|CUMULATIVE_LIMIT_USAGE_END

17:00:30.0 (3076072)|CODE_UNIT_FINISHED|TaskBeforeUpdate on Task trigger event BeforeUpdate|__sfdc_trigger/TaskBeforeUpdate
17:00:30.0 (7923252)|CODE_UNIT_STARTED|[EXTERNAL]|Validation:Task:00T6F00004pvU3v
17:00:30.0 (7942856)|VALIDATION_RULE|03d6F000000qFaO|Finish_all_call_monitor_field
17:00:30.0 (8506131)|VALIDATION_FORMULA|AND(!ISBLANK(Monitored_By__c),
    OR(ISBLANK( TEXT(CM_advised_what_will_happen_next__c)),
       ISBLANK( TEXT(Allow_customer_to_present_concerns__c) ),
       ISBLANK( TEXT(Communication_is_clear_positive_confiden__c) ),
       ISBLANK( TEXT(Demonstrate_active_listening__c )),
       ISBLANK( TEXT(Gave_correct_answers_and_infomations__c) ),
       ISBLANK( TEXT(Mirrors_clients_talking_behaviour__c) ) ))|CM_advised_what_will_happen_next__c=null , Demonstrate_active_listening__c=null , Communication_is_clear_positive_confiden__c=null , Allow_customer_to_present_concerns__c=null , Gave_correct_answers_and_infomations__c=null , Mirrors_clients_talking_behaviour__c=null , Monitored_By__c=null
17:00:30.0 (8525090)|VALIDATION_PASS
17:00:30.0 (8527902)|VALIDATION_RULE|03d900000009JbB|Interac_Quality_Must_Be_Between_1_and_10
17:00:30.0 (8639610)|VALIDATION_FORMULA|NVMContactWorld__InteractionQuality__c < 1  &#124;&#124;  NVMContactWorld__InteractionQuality__c > 10|NVMContactWorld__InteractionQuality__c=null
17:00:30.0 (8651025)|VALIDATION_PASS
17:00:30.0 (8851772)|CODE_UNIT_FINISHED|Validation:Task:00T6F00004pvU3v
17:00:30.0 (32711852)|CODE_UNIT_STARTED|[EXTERNAL]|Workflow:Task
17:00:30.0 (45753072)|WF_RULE_EVAL_BEGIN|Workflow
17:00:30.0 (45793744)|WF_CRITERIA_BEGIN|[Task:  00T6F00004pvU3v]|Update Call Monitor Details|01Q6F0000002Tdt|ON_CREATE_OR_TRIGGERING_UPDATE|0
17:00:30.0 (49066383)|WF_RULE_FILTER|[Task : Monitored By not equal to ]
17:00:30.0 (49088197)|WF_RULE_EVAL_VALUE|
17:00:30.0 (49093636)|WF_CRITERIA_END|false
17:00:30.0 (49111962)|WF_CRITERIA_BEGIN|[Task:  00T6F00004pvU3v]|Update_Callback_Request_Due_Date3016F0000005i0e|01Q6F0000019gyq|ON_CREATE_ONLY|0
17:00:30.0 (49127512)|WF_RULE_NOT_EVALUATED
17:00:30.0 (49136174)|WF_CRITERIA_BEGIN|[Task:  00T6F00004pvU3v]|Call Back Request From LinX|01Q6F000001EY2L|ON_CREATE_OR_TRIGGERING_UPDATE|0
17:00:30.0 (49262391)|WF_RULE_FILTER|[Task : Subject equals Callback Request]
17:00:30.0 (49284970)|WF_RULE_EVAL_VALUE|Outbound call to +61428677967
17:00:30.0 (49291442)|WF_CRITERIA_END|false
17:00:30.0 (49304169)|WF_CRITERIA_BEGIN|[Task:  00T6F00004pvU3v]|Call_Monitor3016F00000054R3|01Q6F000000oOu7|ON_ALL_CHANGES|0
17:00:30.0 (49418810)|WF_FORMULA|Formula:ENCODED:[treatNullAsNull]true|Values:
17:00:30.0 (49429300)|WF_CRITERIA_END|true
17:00:30.0 (50287145)|WF_SPOOL_ACTION_BEGIN|Workflow
17:00:30.0 (50328581)|WF_ACTION| Flow Trigger: 1;
17:00:30.0 (50337446)|WF_RULE_EVAL_END
17:00:30.0 (51630737)|WF_FLOW_ACTION_BEGIN|09L6F000000PGTV
17:00:30.53 (53076181)|FLOW_CREATE_INTERVIEW_BEGIN|00D90000000IJSa|3006F0000008usA|3016F00000054R3
17:00:30.53 (53821280)|FLOW_CREATE_INTERVIEW_END|1524847623352ef85e4444994711165898e6f3d-1d59|Call Monitoring
17:00:30.54 (54288771)|FLOW_START_INTERVIEWS_BEGIN|1
17:00:30.54 (54322074)|FLOW_START_INTERVIEW_BEGIN|1524847623352ef85e4444994711165898e6f3d-1d59|Call Monitoring
17:00:30.54 (67794735)|FLOW_START_INTERVIEW_END|1524847623352ef85e4444994711165898e6f3d-1d59|Call Monitoring
17:00:30.54 (67825254)|FLOW_START_INTERVIEWS_END|1
17:00:30.0 (69766919)|WF_FLOW_ACTION_END|09L6F000000PGTV
17:00:30.0 (69888687)|WF_ACTIONS_END| Flow Trigger: 1;
17:00:30.0 (69901743)|CODE_UNIT_FINISHED|Workflow:Task
17:00:30.0 (84149636)|CODE_UNIT_FINISHED|TRIGGERS
17:00:30.0 (84166739)|EXECUTION_FINISHED
