37.0 APEX_CODE,FINEST;APEX_PROFILING,INFO;CALLOUT,INFO;DB,INFO;NBA,INFO;SYSTEM,DEBUG;VALIDATION,INFO;VISUALFORCE,INFO;WAVE,INFO;WORKFLOW,INFO
18:04:03.18 (18435727)|ENTERING_MANAGED_PKG|Centify
18:04:03.18 (19473662)|ENTERING_MANAGED_PKG|Centify
18:04:03.18 (19538075)|ENTERING_MANAGED_PKG|Centify
18:04:03.18 (19805982)|ENTERING_MANAGED_PKG|Centify
18:04:03.18 (19912056)|ENTERING_MANAGED_PKG|Centify
18:04:03.18 (21218251)|ENTERING_MANAGED_PKG|Centify
18:04:03.18 (21681781)|ENTERING_MANAGED_PKG|Centify
18:04:03.18 (21737024)|ENTERING_MANAGED_PKG|Centify
18:04:03.18 (21867944)|ENTERING_MANAGED_PKG|Centify
18:04:03.18 (21950314)|ENTERING_MANAGED_PKG|Centify
18:04:03.18 (22020960)|ENTERING_MANAGED_PKG|Centify
18:04:03.18 (22065697)|ENTERING_MANAGED_PKG|Centify
18:04:03.18 (22102590)|ENTERING_MANAGED_PKG|Centify
18:04:03.18 (22446038)|ENTERING_MANAGED_PKG|Centify
18:04:03.18 (59190848)|ENTERING_MANAGED_PKG|Centify
18:04:03.18 (59261902)|ENTERING_MANAGED_PKG|Centify
18:04:03.18 (59390786)|ENTERING_MANAGED_PKG|Centify
18:04:03.18 (59438247)|ENTERING_MANAGED_PKG|Centify
18:04:03.18 (231211351)|ENTERING_MANAGED_PKG|Centify
18:04:03.18 (299254617)|ENTERING_MANAGED_PKG|Centify
18:04:03.18 (311971205)|ENTERING_MANAGED_PKG|Centify
18:04:03.18 (312024583)|ENTERING_MANAGED_PKG|Centify
18:04:03.18 (312103069)|ENTERING_MANAGED_PKG|Centify
18:04:03.18 (312137270)|ENTERING_MANAGED_PKG|Centify
18:04:03.18 (312204254)|ENTERING_MANAGED_PKG|Centify
18:04:03.18 (342925029)|ENTERING_MANAGED_PKG|Centify
18:04:03.18 (356297098)|ENTERING_MANAGED_PKG|Centify
18:04:03.18 (356353660)|ENTERING_MANAGED_PKG|Centify
18:04:03.18 (356430349)|ENTERING_MANAGED_PKG|Centify
18:04:03.18 (356464364)|ENTERING_MANAGED_PKG|Centify
18:04:03.18 (356531584)|ENTERING_MANAGED_PKG|Centify
18:04:03.18 (386784724)|ENTERING_MANAGED_PKG|Centify
18:04:03.18 (399531086)|ENTERING_MANAGED_PKG|Centify
18:04:03.18 (399581164)|ENTERING_MANAGED_PKG|Centify
18:04:03.18 (399656396)|ENTERING_MANAGED_PKG|Centify
18:04:03.18 (399690628)|ENTERING_MANAGED_PKG|Centify
18:04:03.18 (399757445)|ENTERING_MANAGED_PKG|Centify
18:04:03.18 (430711920)|ENTERING_MANAGED_PKG|Centify
18:04:03.18 (443639285)|ENTERING_MANAGED_PKG|Centify
18:04:03.18 (443687791)|ENTERING_MANAGED_PKG|Centify
18:04:03.18 (443761507)|ENTERING_MANAGED_PKG|Centify
18:04:03.18 (443795226)|ENTERING_MANAGED_PKG|Centify
18:04:03.18 (443859973)|ENTERING_MANAGED_PKG|Centify
18:04:03.18 (473596317)|ENTERING_MANAGED_PKG|Centify
18:04:03.18 (485794131)|ENTERING_MANAGED_PKG|Centify
18:04:03.18 (485839807)|ENTERING_MANAGED_PKG|Centify
18:04:03.18 (485912287)|ENTERING_MANAGED_PKG|Centify
18:04:03.18 (485945134)|ENTERING_MANAGED_PKG|Centify
18:04:03.18 (486008256)|ENTERING_MANAGED_PKG|Centify
18:04:03.18 (514056486)|ENTERING_MANAGED_PKG|Centify
18:04:03.18 (525006251)|ENTERING_MANAGED_PKG|Centify
18:04:03.18 (525048592)|ENTERING_MANAGED_PKG|Centify
18:04:03.18 (525119097)|ENTERING_MANAGED_PKG|Centify
18:04:03.18 (525150721)|ENTERING_MANAGED_PKG|Centify
18:04:03.18 (525214294)|ENTERING_MANAGED_PKG|Centify
18:04:03.18 (553345760)|ENTERING_MANAGED_PKG|Centify
18:04:03.18 (567315306)|ENTERING_MANAGED_PKG|Centify
18:04:03.18 (567366115)|ENTERING_MANAGED_PKG|Centify
18:04:03.18 (567443146)|ENTERING_MANAGED_PKG|Centify
18:04:03.18 (567477454)|ENTERING_MANAGED_PKG|Centify
18:04:03.18 (567544213)|ENTERING_MANAGED_PKG|Centify
18:04:03.18 (598240764)|ENTERING_MANAGED_PKG|Centify
18:04:03.18 (598297493)|ENTERING_MANAGED_PKG|Centify
18:04:03.18 (598439013)|ENTERING_MANAGED_PKG|Centify
18:04:03.18 (598461803)|ENTERING_MANAGED_PKG|Centify
18:04:03.18 (598600853)|ENTERING_MANAGED_PKG|Centify
18:04:03.18 (598641119)|ENTERING_MANAGED_PKG|Centify
18:04:03.18 (598674417)|ENTERING_MANAGED_PKG|Centify
18:04:03.18 (598937405)|ENTERING_MANAGED_PKG|Centify
18:04:03.18 (599016584)|ENTERING_MANAGED_PKG|Centify
18:04:03.18 (600167233)|ENTERING_MANAGED_PKG|Centify
18:04:03.18 (600284296)|ENTERING_MANAGED_PKG|Centify
18:04:03.18 (600846294)|ENTERING_MANAGED_PKG|Centify
18:04:03.18 (601559672)|SOQL_EXECUTE_BEGIN|[16]|Aggregations:0|select id,lastmodifieddate,isdeleted,name,ownerid,has_the_save_strategy_been_implemented__c,status__c,product_type__c from Cases__c where LastModifiedDate >2018-09-28T07:30:24Z AND LastModifiedDate < 2018-09-28T08:04:09Z  ORDER BY SystemModStamp DESC LIMIT 5000  ALL ROWS
18:04:03.18 (607248500)|SOQL_EXECUTE_END|[16]|Rows:0
18:04:03.630 (630801613)|CUMULATIVE_LIMIT_USAGE
18:04:03.630 (630801613)|LIMIT_USAGE_FOR_NS|(default)|
  Number of SOQL queries: 0 out of 200
  Number of query rows: 0 out of 50000
  Number of SOSL queries: 0 out of 20
  Number of DML statements: 0 out of 150
  Number of DML rows: 0 out of 10000
  Maximum CPU time: 0 out of 60000
  Maximum heap size: 0 out of 12000000
  Number of callouts: 0 out of 0
  Number of Email Invocations: 0 out of 10
  Number of future calls: 0 out of 0
  Number of queueable jobs added to the queue: 0 out of 1
  Number of Mobile Apex push calls: 0 out of 10

18:04:03.630 (630801613)|LIMIT_USAGE_FOR_NS|Centify|
  Number of SOQL queries: 0 out of 200
  Number of query rows: 0 out of 50000
  Number of SOSL queries: 0 out of 20
  Number of DML statements: 0 out of 150
  Number of DML rows: 0 out of 10000
  Maximum CPU time: 0 out of 60000
  Maximum heap size: 0 out of 12000000
  Number of callouts: 0 out of 0
  Number of Email Invocations: 0 out of 10
  Number of future calls: 0 out of 0
  Number of queueable jobs added to the queue: 0 out of 1
  Number of Mobile Apex push calls: 0 out of 10

18:04:03.630 (630801613)|CUMULATIVE_LIMIT_USAGE_END

