37.0 APEX_CODE,FINEST;APEX_PROFILING,INFO;CALLOUT,INFO;DB,INFO;NBA,INFO;SYSTEM,DEBUG;VALIDATION,INFO;VISUALFORCE,INFO;WAVE,INFO;WORKFLOW,INFO
11:46:33.0 (93986)|USER_INFO|[EXTERNAL]|00590000000Vmmq|ben@bjbglobal.com.au|Australian Eastern Standard Time|GMT+10:00
11:46:33.0 (125955)|EXECUTION_STARTED
11:46:33.0 (130119)|CODE_UNIT_STARTED|[EXTERNAL]|0666F000007GVD0|VF: /apex/SeoGeoCompare
11:46:33.0 (2775173)|VF_DESERIALIZE_VIEWSTATE_BEGIN|0666F000007GVD0
11:46:33.0 (9952571)|HEAP_ALLOCATE|[72]|Bytes:3
11:46:33.0 (10003031)|HEAP_ALLOCATE|[77]|Bytes:152
11:46:33.0 (10019103)|HEAP_ALLOCATE|[342]|Bytes:408
11:46:33.0 (10031125)|HEAP_ALLOCATE|[355]|Bytes:408
11:46:33.0 (10042505)|HEAP_ALLOCATE|[467]|Bytes:48
11:46:33.0 (10070235)|HEAP_ALLOCATE|[139]|Bytes:6
11:46:33.0 (10095738)|HEAP_ALLOCATE|[50]|Bytes:5
11:46:33.0 (10113008)|HEAP_ALLOCATE|[56]|Bytes:5
11:46:33.0 (10121297)|HEAP_ALLOCATE|[64]|Bytes:7
11:46:33.0 (15194980)|VF_DESERIALIZE_VIEWSTATE_END
11:46:33.0 (19781272)|SYSTEM_MODE_ENTER|true
11:46:33.0 (19830009)|HEAP_ALLOCATE|[EXTERNAL]|Bytes:196
11:46:33.0 (19847811)|HEAP_ALLOCATE|[EXTERNAL]|Bytes:30
11:46:33.0 (19867822)|METHOD_ENTRY|[1]|01p6F000009rEEx|SeoGeoController.SeoGeoController()
11:46:33.0 (19878759)|STATEMENT_EXECUTE|[1]
11:46:33.0 (19886600)|STATEMENT_EXECUTE|[1]
11:46:33.0 (19897546)|SYSTEM_MODE_ENTER|false
11:46:33.0 (19913524)|HEAP_ALLOCATE|[EXTERNAL]|Bytes:5
11:46:33.0 (19924225)|SYSTEM_MODE_EXIT|false
11:46:33.0 (19935108)|METHOD_EXIT|[1]|SeoGeoController
11:46:33.0 (20557568)|HEAP_ALLOCATE|[EXTERNAL]|Bytes:24
11:46:33.0 (20575199)|VARIABLE_SCOPE_BEGIN|[59]|this|SeoGeoController|true|false
11:46:33.0 (20656866)|VARIABLE_ASSIGNMENT|[59]|this|{"allGeo":"0x387e83a0","device":"desktop","refreshRequired":true,"selectedGeo":"0x9293a6","seoWebsite":"0x7293b6f7"}|0x4c4e835a
11:46:33.0 (20681323)|SYSTEM_MODE_ENTER|false
11:46:33.0 (20691472)|HEAP_ALLOCATE|[65]|Bytes:5
11:46:33.0 (20698679)|STATEMENT_EXECUTE|[59]
11:46:33.0 (20701309)|STATEMENT_EXECUTE|[65]
11:46:33.0 (20717829)|SYSTEM_MODE_EXIT|false
11:46:33.0 (30252764)|SYSTEM_MODE_ENTER|true
11:46:33.30 (30729558)|SYSTEM_MODE_ENTER|true
11:46:33.30 (30824044)|HEAP_ALLOCATE|[EXTERNAL]|Bytes:38
11:46:33.30 (30837532)|HEAP_ALLOCATE|[EXTERNAL]|Bytes:7
11:46:33.31 (31107178)|SYSTEM_MODE_ENTER|true
11:46:33.31 (31150547)|HEAP_ALLOCATE|[EXTERNAL]|Bytes:8
11:46:33.31 (31159112)|VARIABLE_SCOPE_BEGIN|[2]|this|ApexPage.PageMessagesComponentController|true|false
11:46:33.31 (31199713)|VARIABLE_ASSIGNMENT|[2]|this|{}|0x67717c42
11:46:33.0 (32117306)|SYSTEM_MODE_ENTER|true
11:46:33.0 (32203681)|SYSTEM_MODE_ENTER|true
11:46:33.0 (32240887)|HEAP_ALLOCATE|[EXTERNAL]|Bytes:164
11:46:33.0 (32249726)|HEAP_ALLOCATE|[EXTERNAL]|Bytes:12
11:46:33.0 (32259643)|METHOD_ENTRY|[5]|01p6F000009rEEv|MultiselectController.MultiselectController()
11:46:33.0 (32265488)|STATEMENT_EXECUTE|[5]
11:46:33.0 (32269887)|STATEMENT_EXECUTE|[5]
11:46:33.0 (32275938)|SYSTEM_MODE_ENTER|false
11:46:33.0 (32282658)|HEAP_ALLOCATE|[EXTERNAL]|Bytes:5
11:46:33.0 (32290834)|SYSTEM_MODE_EXIT|false
11:46:33.0 (32298734)|METHOD_EXIT|[5]|MultiselectController
11:46:33.0 (32313047)|HEAP_ALLOCATE|[EXTERNAL]|Bytes:232
11:46:33.0 (32320702)|HEAP_ALLOCATE|[EXTERNAL]|Bytes:20
11:46:33.0 (32339295)|VARIABLE_ASSIGNMENT|[EXTERNAL]|this.leftOptions|"List of size 57 too large to display"|0x256b9029
11:46:33.0 (32410944)|SYSTEM_MODE_ENTER|true
11:46:33.0 (32466901)|SYSTEM_MODE_ENTER|true
11:46:33.0 (32495244)|HEAP_ALLOCATE|[EXTERNAL]|Bytes:4
11:46:33.0 (32500628)|HEAP_ALLOCATE|[EXTERNAL]|Bytes:20
11:46:33.0 (32512484)|VARIABLE_ASSIGNMENT|[EXTERNAL]|this.rightOptions|[]|0x256b9029
11:46:33.0 (33233550)|SYSTEM_MODE_ENTER|true
11:46:33.0 (33637205)|SYSTEM_MODE_ENTER|true
11:46:33.0 (33873915)|SYSTEM_MODE_ENTER|true
11:46:33.0 (36288746)|SYSTEM_MODE_ENTER|true
11:46:33.0 (36352801)|HEAP_ALLOCATE|[EXTERNAL]|Bytes:24
11:46:33.0 (36364000)|VARIABLE_SCOPE_BEGIN|[76]|this|SeoGeoController|true|false
11:46:33.0 (36410980)|VARIABLE_ASSIGNMENT|[76]|this|{"allGeo":"0x387e83a0","device":"desktop","refreshRequired":true,"selectedGeo":"0x9293a6","seoWebsite":"0x7293b6f7"}|0x4c4e835a
11:46:33.0 (36429133)|SYSTEM_MODE_ENTER|false
11:46:33.0 (36438321)|HEAP_ALLOCATE|[77]|Bytes:5
11:46:33.0 (36444612)|STATEMENT_EXECUTE|[76]
11:46:33.0 (36446984)|STATEMENT_EXECUTE|[77]
11:46:33.0 (36466356)|VARIABLE_SCOPE_BEGIN|[77]|geoTable|String|false|false
11:46:33.0 (36476728)|VARIABLE_ASSIGNMENT|[77]|geoTable|null
11:46:33.0 (36481077)|STATEMENT_EXECUTE|[80]
11:46:33.0 (36510492)|METHOD_ENTRY|[80]|01p6F000009rEEx|SeoGeoController.getGeoURL()
11:46:33.0 (36533988)|VARIABLE_SCOPE_BEGIN|[97]|this|SeoGeoController|true|false
11:46:33.0 (36561656)|VARIABLE_ASSIGNMENT|[97]|this|{"allGeo":"0x387e83a0","device":"desktop","refreshRequired":true,"selectedGeo":"0x9293a6","seoWebsite":"0x7293b6f7"}|0x4c4e835a
11:46:33.0 (36573626)|HEAP_ALLOCATE|[99]|Bytes:5
11:46:33.0 (36578695)|STATEMENT_EXECUTE|[97]
11:46:33.0 (36580551)|STATEMENT_EXECUTE|[99]
11:46:33.0 (36592724)|HEAP_ALLOCATE|[99]|Bytes:56
11:46:33.0 (36641897)|VARIABLE_ASSIGNMENT|[EXTERNAL]|this|{"allGeo":"0x387e83a0","device":"desktop","refreshRequired":true,"selectedGeo":"0x9293a6","seoWebsite":"0x7293b6f7"}|0x4c4e835a
11:46:33.0 (36721669)|HEAP_ALLOCATE|[99]|Bytes:18
11:46:33.0 (36729041)|HEAP_ALLOCATE|[99]|Bytes:5
11:46:33.0 (36780397)|HEAP_ALLOCATE|[99]|Bytes:15
11:46:33.0 (36793852)|SYSTEM_METHOD_ENTRY|[1]|EncodingUtil.EncodingUtil()
11:46:33.0 (36798730)|STATEMENT_EXECUTE|[1]
11:46:33.0 (36806425)|SYSTEM_METHOD_EXIT|[1]|EncodingUtil
11:46:33.0 (36818961)|METHOD_ENTRY|[99]||System.EncodingUtil.urlEncode(String, String)
11:46:33.0 (36874133)|METHOD_EXIT|[99]||System.EncodingUtil.urlEncode(String, String)
11:46:33.0 (36887435)|HEAP_ALLOCATE|[99]|Bytes:74
11:46:33.0 (36893359)|VARIABLE_SCOPE_BEGIN|[99]|consolePath|String|false|false
11:46:33.0 (36907203)|VARIABLE_ASSIGNMENT|[99]|consolePath|"/?c=seo&action=keywo (54 more) ..."
11:46:33.0 (36951817)|VARIABLE_ASSIGNMENT|[EXTERNAL]|this|{"allGeo":"0x387e83a0","device":"desktop","refreshRequired":true,"selectedGeo":"0x9293a6","seoWebsite":"0x7293b6f7"}|0x4c4e835a
11:46:33.0 (36999378)|HEAP_ALLOCATE|[101]|Bytes:5
11:46:33.0 (37017015)|VARIABLE_ASSIGNMENT|[101]|so|null|
11:46:33.0 (37023118)|STATEMENT_EXECUTE|[101]
11:46:33.0 (37059181)|VARIABLE_ASSIGNMENT|[EXTERNAL]|this|{"allGeo":"0x387e83a0","device":"desktop","refreshRequired":true,"selectedGeo":"0x9293a6","seoWebsite":"0x7293b6f7"}|0x4c4e835a
11:46:33.0 (37094162)|STATEMENT_EXECUTE|[105]
11:46:33.0 (37096159)|STATEMENT_EXECUTE|[106]
11:46:33.0 (37102809)|HEAP_ALLOCATE|[106]|Bytes:13
11:46:33.0 (37134357)|VARIABLE_ASSIGNMENT|[EXTERNAL]|this|{"allGeo":"0x387e83a0","device":"desktop","refreshRequired":true,"selectedGeo":"0x9293a6","seoWebsite":"0x7293b6f7"}|0x4c4e835a
11:46:33.0 (37152670)|METHOD_ENTRY|[106]||System.EncodingUtil.urlEncode(String, String)
11:46:33.0 (37182294)|METHOD_EXIT|[106]||System.EncodingUtil.urlEncode(String, String)
11:46:33.0 (37188849)|HEAP_ALLOCATE|[106]|Bytes:49
11:46:33.0 (37193825)|HEAP_ALLOCATE|[106]|Bytes:123
11:46:33.0 (37202625)|VARIABLE_ASSIGNMENT|[106]|consolePath|"/?c=seo&action=keywo (103 more) ..."
11:46:33.0 (37238971)|VARIABLE_ASSIGNMENT|[EXTERNAL]|this|{"allGeo":"0x387e83a0","device":"desktop","refreshRequired":true,"selectedGeo":"0x9293a6","seoWebsite":"0x7293b6f7"}|0x4c4e835a
11:46:33.0 (37252061)|HEAP_ALLOCATE|[109]|Bytes:6
11:46:33.0 (37276411)|STATEMENT_EXECUTE|[109]
11:46:33.0 (37282924)|STATEMENT_EXECUTE|[113]
11:46:33.0 (37292458)|METHOD_ENTRY|[113]|01p6F000009rEEx|SeoGeoController.getKeywordIdQueryString()
11:46:33.0 (37309148)|VARIABLE_SCOPE_BEGIN|[43]|this|SeoGeoController|true|false
11:46:33.0 (37334075)|VARIABLE_ASSIGNMENT|[43]|this|{"allGeo":"0x387e83a0","device":"desktop","refreshRequired":true,"selectedGeo":"0x9293a6","seoWebsite":"0x7293b6f7"}|0x4c4e835a
11:46:33.0 (37346554)|HEAP_ALLOCATE|[44]|Bytes:5
11:46:33.0 (37351203)|STATEMENT_EXECUTE|[43]
11:46:33.0 (37352828)|STATEMENT_EXECUTE|[44]
11:46:33.0 (37365685)|VARIABLE_SCOPE_BEGIN|[44]|keywordQueryString|String|false|false
11:46:33.0 (37382451)|VARIABLE_ASSIGNMENT|[44]|keywordQueryString|""
11:46:33.0 (37389435)|STATEMENT_EXECUTE|[47]
11:46:33.0 (37398023)|HEAP_ALLOCATE|[47]|Bytes:109
11:46:33.0 (37428214)|HEAP_ALLOCATE|[47]|Bytes:4
11:46:33.0 (37445110)|HEAP_ALLOCATE|[47]|Bytes:7
11:46:33.0 (37538146)|HEAP_ALLOCATE|[47]|Bytes:359
11:46:33.0 (37613261)|HEAP_ALLOCATE|[47]|Bytes:336
11:46:33.0 (37643083)|HEAP_ALLOCATE|[47]|Bytes:2
11:46:33.0 (39996967)|SOQL_EXECUTE_BEGIN|[47]|Aggregations:0|SELECT Id FROM seoThemeKeywords__c WHERE seoWebsites__c = :tmpVar1 ORDER BY Google_Current__c ASC NULLS FIRST
11:46:33.0 (44915051)|SOQL_EXECUTE_END|[47]|Rows:30
11:46:33.0 (44959714)|HEAP_ALLOCATE|[47]|Bytes:124
11:46:33.0 (45020167)|HEAP_ALLOCATE|[47]|Bytes:1650
11:46:33.0 (45156125)|HEAP_ALLOCATE|[47]|Bytes:124
11:46:33.0 (45188467)|VARIABLE_SCOPE_BEGIN|[47]|seoKeywords|List<seoThemeKeywords__c>|true|false
11:46:33.0 (45231979)|VARIABLE_ASSIGNMENT|[47]|seoKeywords|"List of size 30 too large to display"|0x49c1e3df
11:46:33.0 (45369112)|STATEMENT_EXECUTE|[49]
11:46:33.0 (45557163)|HEAP_ALLOCATE|[50]|Bytes:5
11:46:33.0 (45597096)|HEAP_ALLOCATE|[50]|Bytes:12
11:46:33.0 (45610067)|VARIABLE_SCOPE_BEGIN|[50]|seoKeyword|seoThemeKeywords__c|true|false
11:46:33.0 (45636007)|VARIABLE_ASSIGNMENT|[50]|seoKeyword|{"Id":"a1D6F000003TvPBUA0","CurrencyIsoCode":"AUD"}|0x4f98963a
11:46:33.0 (45642784)|STATEMENT_EXECUTE|[50]
11:46:33.0 (45644791)|STATEMENT_EXECUTE|[51]
11:46:33.0 (45658149)|HEAP_ALLOCATE|[51]|Bytes:5
11:46:33.0 (45718113)|HEAP_ALLOCATE|[51]|Bytes:18
11:46:33.0 (45737951)|METHOD_ENTRY|[51]||System.EncodingUtil.urlEncode(String, String)
11:46:33.0 (45793201)|METHOD_EXIT|[51]||System.EncodingUtil.urlEncode(String, String)
11:46:33.0 (45806596)|HEAP_ALLOCATE|[51]|Bytes:23
11:46:33.0 (45815531)|HEAP_ALLOCATE|[51]|Bytes:23
11:46:33.0 (45830388)|VARIABLE_ASSIGNMENT|[51]|keywordQueryString|"&k[]=a1D6F000003TvPB (3 more) ..."
11:46:33.0 (45845674)|HEAP_ALLOCATE|[50]|Bytes:5
11:46:33.0 (45859471)|HEAP_ALLOCATE|[50]|Bytes:12
11:46:33.0 (45869703)|VARIABLE_SCOPE_BEGIN|[50]|seoKeyword|seoThemeKeywords__c|true|false
11:46:33.0 (45892592)|VARIABLE_ASSIGNMENT|[50]|seoKeyword|{"Id":"a1D6F000003TvPXUA0","CurrencyIsoCode":"AUD"}|0x194266fc
11:46:33.0 (45902348)|STATEMENT_EXECUTE|[50]
11:46:33.0 (45904683)|STATEMENT_EXECUTE|[51]
11:46:33.0 (45926487)|HEAP_ALLOCATE|[51]|Bytes:18
11:46:33.0 (45940193)|METHOD_ENTRY|[51]||System.EncodingUtil.urlEncode(String, String)
11:46:33.0 (45967978)|METHOD_EXIT|[51]||System.EncodingUtil.urlEncode(String, String)
11:46:33.0 (45973858)|HEAP_ALLOCATE|[51]|Bytes:23
11:46:33.0 (45978247)|HEAP_ALLOCATE|[51]|Bytes:46
11:46:33.0 (45988410)|VARIABLE_ASSIGNMENT|[51]|keywordQueryString|"&k[]=a1D6F000003TvPB (26 more) ..."
11:46:33.0 (46000951)|HEAP_ALLOCATE|[50]|Bytes:5
11:46:33.0 (46013518)|HEAP_ALLOCATE|[50]|Bytes:12
11:46:33.0 (46019265)|VARIABLE_SCOPE_BEGIN|[50]|seoKeyword|seoThemeKeywords__c|true|false
11:46:33.0 (46033969)|VARIABLE_ASSIGNMENT|[50]|seoKeyword|{"Id":"a1D6F000003TvPVUA0","CurrencyIsoCode":"AUD"}|0x41402fa9
11:46:33.0 (46040004)|STATEMENT_EXECUTE|[50]
11:46:33.0 (46041615)|STATEMENT_EXECUTE|[51]
11:46:33.0 (46053408)|HEAP_ALLOCATE|[51]|Bytes:18
11:46:33.0 (46060855)|METHOD_ENTRY|[51]||System.EncodingUtil.urlEncode(String, String)
11:46:33.0 (46082251)|METHOD_EXIT|[51]||System.EncodingUtil.urlEncode(String, String)
11:46:33.0 (46087406)|HEAP_ALLOCATE|[51]|Bytes:23
11:46:33.0 (46091590)|HEAP_ALLOCATE|[51]|Bytes:69
11:46:33.0 (46099517)|VARIABLE_ASSIGNMENT|[51]|keywordQueryString|"&k[]=a1D6F000003TvPB (49 more) ..."
11:46:33.0 (46110005)|HEAP_ALLOCATE|[50]|Bytes:5
11:46:33.0 (46119847)|HEAP_ALLOCATE|[50]|Bytes:12
11:46:33.0 (46125640)|VARIABLE_SCOPE_BEGIN|[50]|seoKeyword|seoThemeKeywords__c|true|false
11:46:33.0 (46138789)|VARIABLE_ASSIGNMENT|[50]|seoKeyword|{"Id":"a1D6F000003TvP9UAK","CurrencyIsoCode":"AUD"}|0x1ae52b0b
11:46:33.0 (46143455)|STATEMENT_EXECUTE|[50]
11:46:33.0 (46145048)|STATEMENT_EXECUTE|[51]
11:46:33.0 (46154863)|HEAP_ALLOCATE|[51]|Bytes:18
11:46:33.0 (46162161)|METHOD_ENTRY|[51]||System.EncodingUtil.urlEncode(String, String)
11:46:33.0 (46182912)|METHOD_EXIT|[51]||System.EncodingUtil.urlEncode(String, String)
11:46:33.0 (46187541)|HEAP_ALLOCATE|[51]|Bytes:23
11:46:33.0 (46191464)|HEAP_ALLOCATE|[51]|Bytes:92
11:46:33.0 (46199431)|VARIABLE_ASSIGNMENT|[51]|keywordQueryString|"&k[]=a1D6F000003TvPB (72 more) ..."
11:46:33.0 (46209177)|HEAP_ALLOCATE|[50]|Bytes:5
11:46:33.0 (46218080)|HEAP_ALLOCATE|[50]|Bytes:12
11:46:33.0 (46222506)|VARIABLE_SCOPE_BEGIN|[50]|seoKeyword|seoThemeKeywords__c|true|false
11:46:33.0 (46234445)|VARIABLE_ASSIGNMENT|[50]|seoKeyword|{"Id":"a1D6F000003TvPNUA0","CurrencyIsoCode":"AUD"}|0x1147572b
11:46:33.0 (46239697)|STATEMENT_EXECUTE|[50]
11:46:33.0 (46241232)|STATEMENT_EXECUTE|[51]
11:46:33.0 (46250448)|HEAP_ALLOCATE|[51]|Bytes:18
11:46:33.0 (46257403)|METHOD_ENTRY|[51]||System.EncodingUtil.urlEncode(String, String)
11:46:33.0 (46277251)|METHOD_EXIT|[51]||System.EncodingUtil.urlEncode(String, String)
11:46:33.0 (46282004)|HEAP_ALLOCATE|[51]|Bytes:23
11:46:33.0 (46288743)|HEAP_ALLOCATE|[51]|Bytes:115
11:46:33.0 (46297300)|VARIABLE_ASSIGNMENT|[51]|keywordQueryString|"&k[]=a1D6F000003TvPB (95 more) ..."
11:46:33.0 (46307857)|HEAP_ALLOCATE|[50]|Bytes:5
11:46:33.0 (46316392)|HEAP_ALLOCATE|[50]|Bytes:12
11:46:33.0 (46321257)|VARIABLE_SCOPE_BEGIN|[50]|seoKeyword|seoThemeKeywords__c|true|false
11:46:33.0 (46334456)|VARIABLE_ASSIGNMENT|[50]|seoKeyword|{"Id":"a1D6F000003TvPAUA0","CurrencyIsoCode":"AUD"}|0x1b38a679
11:46:33.0 (46339896)|STATEMENT_EXECUTE|[50]
11:46:33.0 (46341504)|STATEMENT_EXECUTE|[51]
11:46:33.0 (46350788)|HEAP_ALLOCATE|[51]|Bytes:18
11:46:33.0 (46359302)|METHOD_ENTRY|[51]||System.EncodingUtil.urlEncode(String, String)
11:46:33.0 (46390214)|METHOD_EXIT|[51]||System.EncodingUtil.urlEncode(String, String)
11:46:33.0 (46399250)|HEAP_ALLOCATE|[51]|Bytes:23
11:46:33.0 (46404568)|HEAP_ALLOCATE|[51]|Bytes:138
11:46:33.0 (46413461)|VARIABLE_ASSIGNMENT|[51]|keywordQueryString|"&k[]=a1D6F000003TvPB (118 more) ..."
11:46:33.0 (46425644)|HEAP_ALLOCATE|[50]|Bytes:5
11:46:33.0 (46440285)|HEAP_ALLOCATE|[50]|Bytes:12
11:46:33.0 (46449648)|VARIABLE_SCOPE_BEGIN|[50]|seoKeyword|seoThemeKeywords__c|true|false
11:46:33.0 (46469532)|VARIABLE_ASSIGNMENT|[50]|seoKeyword|{"Id":"a1D6F000003TvPCUA0","CurrencyIsoCode":"AUD"}|0x5bc5ffd0
11:46:33.0 (46476550)|STATEMENT_EXECUTE|[50]
11:46:33.0 (46478038)|STATEMENT_EXECUTE|[51]
11:46:33.0 (46490242)|HEAP_ALLOCATE|[51]|Bytes:18
11:46:33.0 (46497830)|METHOD_ENTRY|[51]||System.EncodingUtil.urlEncode(String, String)
11:46:33.0 (46521411)|METHOD_EXIT|[51]||System.EncodingUtil.urlEncode(String, String)
11:46:33.0 (46526419)|HEAP_ALLOCATE|[51]|Bytes:23
11:46:33.0 (46530723)|HEAP_ALLOCATE|[51]|Bytes:161
11:46:33.0 (46538941)|VARIABLE_ASSIGNMENT|[51]|keywordQueryString|"&k[]=a1D6F000003TvPB (141 more) ..."
11:46:33.0 (46550529)|HEAP_ALLOCATE|[50]|Bytes:5
11:46:33.0 (46559933)|HEAP_ALLOCATE|[50]|Bytes:12
11:46:33.0 (46564820)|VARIABLE_SCOPE_BEGIN|[50]|seoKeyword|seoThemeKeywords__c|true|false
11:46:33.0 (46576879)|VARIABLE_ASSIGNMENT|[50]|seoKeyword|{"Id":"a1D6F000003TvPPUA0","CurrencyIsoCode":"AUD"}|0x68cb2ad0
11:46:33.0 (46586401)|STATEMENT_EXECUTE|[50]
11:46:33.0 (46588051)|STATEMENT_EXECUTE|[51]
11:46:33.0 (46601525)|HEAP_ALLOCATE|[51]|Bytes:18
11:46:33.0 (46612187)|METHOD_ENTRY|[51]||System.EncodingUtil.urlEncode(String, String)
11:46:33.0 (46642340)|METHOD_EXIT|[51]||System.EncodingUtil.urlEncode(String, String)
11:46:33.0 (46654546)|HEAP_ALLOCATE|[51]|Bytes:23
11:46:33.0 (46661150)|HEAP_ALLOCATE|[51]|Bytes:184
11:46:33.0 (46673147)|VARIABLE_ASSIGNMENT|[51]|keywordQueryString|"&k[]=a1D6F000003TvPB (164 more) ..."
11:46:33.0 (46683992)|HEAP_ALLOCATE|[50]|Bytes:5
11:46:33.0 (46693935)|HEAP_ALLOCATE|[50]|Bytes:12
11:46:33.0 (46699527)|VARIABLE_SCOPE_BEGIN|[50]|seoKeyword|seoThemeKeywords__c|true|false
11:46:33.0 (46712275)|VARIABLE_ASSIGNMENT|[50]|seoKeyword|{"Id":"a1D6F000003TvPHUA0","CurrencyIsoCode":"AUD"}|0x431ed6ed
11:46:33.0 (46719042)|STATEMENT_EXECUTE|[50]
11:46:33.0 (46721650)|STATEMENT_EXECUTE|[51]
11:46:33.0 (46737024)|HEAP_ALLOCATE|[51]|Bytes:18
11:46:33.0 (46761255)|METHOD_ENTRY|[51]||System.EncodingUtil.urlEncode(String, String)
11:46:33.0 (46783662)|METHOD_EXIT|[51]||System.EncodingUtil.urlEncode(String, String)
11:46:33.0 (46788275)|HEAP_ALLOCATE|[51]|Bytes:23
11:46:33.0 (46792386)|HEAP_ALLOCATE|[51]|Bytes:207
11:46:33.0 (46801602)|VARIABLE_ASSIGNMENT|[51]|keywordQueryString|"&k[]=a1D6F000003TvPB (187 more) ..."
11:46:33.0 (46811320)|HEAP_ALLOCATE|[50]|Bytes:5
11:46:33.0 (46821104)|HEAP_ALLOCATE|[50]|Bytes:12
11:46:33.0 (46826503)|VARIABLE_SCOPE_BEGIN|[50]|seoKeyword|seoThemeKeywords__c|true|false
11:46:33.0 (46839845)|VARIABLE_ASSIGNMENT|[50]|seoKeyword|{"Id":"a1D6F000003TvPJUA0","CurrencyIsoCode":"AUD"}|0x1dcbbb99
11:46:33.0 (46845520)|STATEMENT_EXECUTE|[50]
11:46:33.0 (46847033)|STATEMENT_EXECUTE|[51]
11:46:33.0 (46857535)|HEAP_ALLOCATE|[51]|Bytes:18
11:46:33.0 (46864346)|METHOD_ENTRY|[51]||System.EncodingUtil.urlEncode(String, String)
11:46:33.0 (46887349)|METHOD_EXIT|[51]||System.EncodingUtil.urlEncode(String, String)
11:46:33.0 (46891908)|HEAP_ALLOCATE|[51]|Bytes:23
11:46:33.0 (46896196)|HEAP_ALLOCATE|[51]|Bytes:230
11:46:33.0 (46904562)|VARIABLE_ASSIGNMENT|[51]|keywordQueryString|"&k[]=a1D6F000003TvPB (210 more) ..."
11:46:33.0 (46914207)|HEAP_ALLOCATE|[50]|Bytes:5
11:46:33.0 (46923753)|HEAP_ALLOCATE|[50]|Bytes:12
11:46:33.0 (46928843)|VARIABLE_SCOPE_BEGIN|[50]|seoKeyword|seoThemeKeywords__c|true|false
11:46:33.0 (46940357)|VARIABLE_ASSIGNMENT|[50]|seoKeyword|{"Id":"a1D6F000003TvPYUA0","CurrencyIsoCode":"AUD"}|0x6904ec8f
11:46:33.0 (46945436)|STATEMENT_EXECUTE|[50]
11:46:33.0 (46947036)|STATEMENT_EXECUTE|[51]
11:46:33.0 (46956619)|HEAP_ALLOCATE|[51]|Bytes:18
11:46:33.0 (46963045)|METHOD_ENTRY|[51]||System.EncodingUtil.urlEncode(String, String)
11:46:33.0 (46982614)|METHOD_EXIT|[51]||System.EncodingUtil.urlEncode(String, String)
11:46:33.0 (46987172)|HEAP_ALLOCATE|[51]|Bytes:23
11:46:33.0 (46991289)|HEAP_ALLOCATE|[51]|Bytes:253
11:46:33.0 (46998919)|VARIABLE_ASSIGNMENT|[51]|keywordQueryString|"&k[]=a1D6F000003TvPB (233 more) ..."
11:46:33.0 (47008240)|HEAP_ALLOCATE|[50]|Bytes:5
11:46:33.0 (47018273)|HEAP_ALLOCATE|[50]|Bytes:12
11:46:33.0 (47023420)|VARIABLE_SCOPE_BEGIN|[50]|seoKeyword|seoThemeKeywords__c|true|false
11:46:33.0 (47035470)|VARIABLE_ASSIGNMENT|[50]|seoKeyword|{"Id":"a1D6F000003TvPFUA0","CurrencyIsoCode":"AUD"}|0x58a8d6d5
11:46:33.0 (47041025)|STATEMENT_EXECUTE|[50]
11:46:33.0 (47042650)|STATEMENT_EXECUTE|[51]
11:46:33.0 (47051604)|HEAP_ALLOCATE|[51]|Bytes:18
11:46:33.0 (47057976)|METHOD_ENTRY|[51]||System.EncodingUtil.urlEncode(String, String)
11:46:33.0 (47079912)|METHOD_EXIT|[51]||System.EncodingUtil.urlEncode(String, String)
11:46:33.0 (47086798)|HEAP_ALLOCATE|[51]|Bytes:23
11:46:33.0 (47093744)|HEAP_ALLOCATE|[51]|Bytes:276
11:46:33.0 (47104471)|VARIABLE_ASSIGNMENT|[51]|keywordQueryString|"&k[]=a1D6F000003TvPB (256 more) ..."
11:46:33.0 (47114853)|HEAP_ALLOCATE|[50]|Bytes:5
11:46:33.0 (47124315)|HEAP_ALLOCATE|[50]|Bytes:12
11:46:33.0 (47129738)|VARIABLE_SCOPE_BEGIN|[50]|seoKeyword|seoThemeKeywords__c|true|false
11:46:33.0 (47143473)|VARIABLE_ASSIGNMENT|[50]|seoKeyword|{"Id":"a1D6F000003TvPOUA0","CurrencyIsoCode":"AUD"}|0x6db4ca93
11:46:33.0 (47148492)|STATEMENT_EXECUTE|[50]
11:46:33.0 (47150003)|STATEMENT_EXECUTE|[51]
11:46:33.0 (47159734)|HEAP_ALLOCATE|[51]|Bytes:18
11:46:33.0 (47166507)|METHOD_ENTRY|[51]||System.EncodingUtil.urlEncode(String, String)
11:46:33.0 (47186276)|METHOD_EXIT|[51]||System.EncodingUtil.urlEncode(String, String)
11:46:33.0 (47191085)|HEAP_ALLOCATE|[51]|Bytes:23
11:46:33.0 (47195433)|HEAP_ALLOCATE|[51]|Bytes:299
11:46:33.0 (47207725)|VARIABLE_ASSIGNMENT|[51]|keywordQueryString|"&k[]=a1D6F000003TvPB (279 more) ..."
11:46:33.0 (47223180)|HEAP_ALLOCATE|[50]|Bytes:5
11:46:33.0 (47237662)|HEAP_ALLOCATE|[50]|Bytes:12
11:46:33.0 (47243705)|VARIABLE_SCOPE_BEGIN|[50]|seoKeyword|seoThemeKeywords__c|true|false
11:46:33.0 (47256811)|VARIABLE_ASSIGNMENT|[50]|seoKeyword|{"Id":"a1D6F000003TvPSUA0","CurrencyIsoCode":"AUD"}|0x2d63b3cf
11:46:33.0 (47262968)|STATEMENT_EXECUTE|[50]
11:46:33.0 (47264488)|STATEMENT_EXECUTE|[51]
11:46:33.0 (47278874)|HEAP_ALLOCATE|[51]|Bytes:18
11:46:33.0 (47289339)|METHOD_ENTRY|[51]||System.EncodingUtil.urlEncode(String, String)
11:46:33.0 (47318687)|METHOD_EXIT|[51]||System.EncodingUtil.urlEncode(String, String)
11:46:33.0 (47327917)|HEAP_ALLOCATE|[51]|Bytes:23
11:46:33.0 (47335225)|HEAP_ALLOCATE|[51]|Bytes:322
11:46:33.0 (47345313)|VARIABLE_ASSIGNMENT|[51]|keywordQueryString|"&k[]=a1D6F000003TvPB (302 more) ..."
11:46:33.0 (47356243)|HEAP_ALLOCATE|[50]|Bytes:5
11:46:33.0 (47365727)|HEAP_ALLOCATE|[50]|Bytes:12
11:46:33.0 (47372115)|VARIABLE_SCOPE_BEGIN|[50]|seoKeyword|seoThemeKeywords__c|true|false
11:46:33.0 (47391333)|VARIABLE_ASSIGNMENT|[50]|seoKeyword|{"Id":"a1D6F000003TvPLUA0","CurrencyIsoCode":"AUD"}|0x634d4278
11:46:33.0 (47400524)|STATEMENT_EXECUTE|[50]
11:46:33.0 (47402732)|STATEMENT_EXECUTE|[51]
11:46:33.0 (47415191)|HEAP_ALLOCATE|[51]|Bytes:18
11:46:33.0 (47422247)|METHOD_ENTRY|[51]||System.EncodingUtil.urlEncode(String, String)
11:46:33.0 (47443620)|METHOD_EXIT|[51]||System.EncodingUtil.urlEncode(String, String)
11:46:33.0 (47448177)|HEAP_ALLOCATE|[51]|Bytes:23
11:46:33.0 (47452071)|HEAP_ALLOCATE|[51]|Bytes:345
11:46:33.0 (47460730)|VARIABLE_ASSIGNMENT|[51]|keywordQueryString|"&k[]=a1D6F000003TvPB (325 more) ..."
11:46:33.0 (47471303)|HEAP_ALLOCATE|[50]|Bytes:5
11:46:33.0 (47480122)|HEAP_ALLOCATE|[50]|Bytes:12
11:46:33.0 (47485073)|VARIABLE_SCOPE_BEGIN|[50]|seoKeyword|seoThemeKeywords__c|true|false
11:46:33.0 (47497459)|VARIABLE_ASSIGNMENT|[50]|seoKeyword|{"Id":"a1D6F000003TvPTUA0","CurrencyIsoCode":"AUD"}|0x7d4d2eba
11:46:33.0 (47502244)|STATEMENT_EXECUTE|[50]
11:46:33.0 (47503736)|STATEMENT_EXECUTE|[51]
11:46:33.0 (47515519)|HEAP_ALLOCATE|[51]|Bytes:18
11:46:33.0 (47523258)|METHOD_ENTRY|[51]||System.EncodingUtil.urlEncode(String, String)
11:46:33.0 (47543793)|METHOD_EXIT|[51]||System.EncodingUtil.urlEncode(String, String)
11:46:33.0 (47548736)|HEAP_ALLOCATE|[51]|Bytes:23
11:46:33.0 (47552707)|HEAP_ALLOCATE|[51]|Bytes:368
11:46:33.0 (47561038)|VARIABLE_ASSIGNMENT|[51]|keywordQueryString|"&k[]=a1D6F000003TvPB (348 more) ..."
11:46:33.0 (47569977)|HEAP_ALLOCATE|[50]|Bytes:5
11:46:33.0 (47578603)|HEAP_ALLOCATE|[50]|Bytes:12
11:46:33.0 (47588034)|VARIABLE_SCOPE_BEGIN|[50]|seoKeyword|seoThemeKeywords__c|true|false
11:46:33.0 (47600022)|VARIABLE_ASSIGNMENT|[50]|seoKeyword|{"Id":"a1D6F000003TvPMUA0","CurrencyIsoCode":"AUD"}|0x36e693d2
11:46:33.0 (47605643)|STATEMENT_EXECUTE|[50]
11:46:33.0 (47607288)|STATEMENT_EXECUTE|[51]
11:46:33.0 (47616431)|HEAP_ALLOCATE|[51]|Bytes:18
11:46:33.0 (47623226)|METHOD_ENTRY|[51]||System.EncodingUtil.urlEncode(String, String)
11:46:33.0 (47643233)|METHOD_EXIT|[51]||System.EncodingUtil.urlEncode(String, String)
11:46:33.0 (47647395)|HEAP_ALLOCATE|[51]|Bytes:23
11:46:33.0 (47651630)|HEAP_ALLOCATE|[51]|Bytes:391
11:46:33.0 (47659942)|VARIABLE_ASSIGNMENT|[51]|keywordQueryString|"&k[]=a1D6F000003TvPB (371 more) ..."
11:46:33.0 (47669080)|HEAP_ALLOCATE|[50]|Bytes:5
11:46:33.0 (47677589)|HEAP_ALLOCATE|[50]|Bytes:12
11:46:33.0 (47682187)|VARIABLE_SCOPE_BEGIN|[50]|seoKeyword|seoThemeKeywords__c|true|false
11:46:33.0 (47694033)|VARIABLE_ASSIGNMENT|[50]|seoKeyword|{"Id":"a1D6F000003TvPGUA0","CurrencyIsoCode":"AUD"}|0x62ba30a
11:46:33.0 (47699768)|STATEMENT_EXECUTE|[50]
11:46:33.0 (47701284)|STATEMENT_EXECUTE|[51]
11:46:33.0 (47710014)|HEAP_ALLOCATE|[51]|Bytes:18
11:46:33.0 (47716271)|METHOD_ENTRY|[51]||System.EncodingUtil.urlEncode(String, String)
11:46:33.0 (47735730)|METHOD_EXIT|[51]||System.EncodingUtil.urlEncode(String, String)
11:46:33.0 (47740523)|HEAP_ALLOCATE|[51]|Bytes:23
11:46:33.0 (47745206)|HEAP_ALLOCATE|[51]|Bytes:414
11:46:33.0 (47752725)|VARIABLE_ASSIGNMENT|[51]|keywordQueryString|"&k[]=a1D6F000003TvPB (394 more) ..."
11:46:33.0 (47762066)|HEAP_ALLOCATE|[50]|Bytes:5
11:46:33.0 (47770301)|HEAP_ALLOCATE|[50]|Bytes:12
11:46:33.0 (47774864)|VARIABLE_SCOPE_BEGIN|[50]|seoKeyword|seoThemeKeywords__c|true|false
11:46:33.0 (47786545)|VARIABLE_ASSIGNMENT|[50]|seoKeyword|{"Id":"a1D6F000003TvPEUA0","CurrencyIsoCode":"AUD"}|0xf7c7f35
11:46:33.0 (47791669)|STATEMENT_EXECUTE|[50]
11:46:33.0 (47793110)|STATEMENT_EXECUTE|[51]
11:46:33.0 (47801890)|HEAP_ALLOCATE|[51]|Bytes:18
11:46:33.0 (47807980)|METHOD_ENTRY|[51]||System.EncodingUtil.urlEncode(String, String)
11:46:33.0 (47827839)|METHOD_EXIT|[51]||System.EncodingUtil.urlEncode(String, String)
11:46:33.0 (47832413)|HEAP_ALLOCATE|[51]|Bytes:23
11:46:33.0 (47836457)|HEAP_ALLOCATE|[51]|Bytes:437
11:46:33.0 (47844366)|VARIABLE_ASSIGNMENT|[51]|keywordQueryString|"&k[]=a1D6F000003TvPB (417 more) ..."
11:46:33.0 (47853550)|HEAP_ALLOCATE|[50]|Bytes:5
11:46:33.0 (47861859)|HEAP_ALLOCATE|[50]|Bytes:12
11:46:33.0 (47866727)|VARIABLE_SCOPE_BEGIN|[50]|seoKeyword|seoThemeKeywords__c|true|false
11:46:33.0 (47878504)|VARIABLE_ASSIGNMENT|[50]|seoKeyword|{"Id":"a1D6F000003TvPUUA0","CurrencyIsoCode":"AUD"}|0x1b50b89e
11:46:33.0 (47883768)|STATEMENT_EXECUTE|[50]
11:46:33.0 (47885567)|STATEMENT_EXECUTE|[51]
11:46:33.0 (47894538)|HEAP_ALLOCATE|[51]|Bytes:18
11:46:33.0 (47900949)|METHOD_ENTRY|[51]||System.EncodingUtil.urlEncode(String, String)
11:46:33.0 (47920107)|METHOD_EXIT|[51]||System.EncodingUtil.urlEncode(String, String)
11:46:33.0 (47924399)|HEAP_ALLOCATE|[51]|Bytes:23
11:46:33.0 (47928417)|HEAP_ALLOCATE|[51]|Bytes:460
11:46:33.0 (47936575)|VARIABLE_ASSIGNMENT|[51]|keywordQueryString|"&k[]=a1D6F000003TvPB (440 more) ..."
11:46:33.0 (47946364)|HEAP_ALLOCATE|[50]|Bytes:5
11:46:33.0 (47954826)|HEAP_ALLOCATE|[50]|Bytes:12
11:46:33.0 (47959199)|VARIABLE_SCOPE_BEGIN|[50]|seoKeyword|seoThemeKeywords__c|true|false
11:46:33.0 (47969941)|VARIABLE_ASSIGNMENT|[50]|seoKeyword|{"Id":"a1D6F000003TvPKUA0","CurrencyIsoCode":"AUD"}|0x192ac025
11:46:33.0 (47975799)|STATEMENT_EXECUTE|[50]
11:46:33.0 (47977447)|STATEMENT_EXECUTE|[51]
11:46:33.0 (47986407)|HEAP_ALLOCATE|[51]|Bytes:18
11:46:33.0 (47992569)|METHOD_ENTRY|[51]||System.EncodingUtil.urlEncode(String, String)
11:46:33.0 (48012272)|METHOD_EXIT|[51]||System.EncodingUtil.urlEncode(String, String)
11:46:33.0 (48017664)|HEAP_ALLOCATE|[51]|Bytes:23
11:46:33.0 (48021945)|HEAP_ALLOCATE|[51]|Bytes:483
11:46:33.0 (48029619)|VARIABLE_ASSIGNMENT|[51]|keywordQueryString|"&k[]=a1D6F000003TvPB (463 more) ..."
11:46:33.0 (48039039)|HEAP_ALLOCATE|[50]|Bytes:5
11:46:33.0 (48047695)|HEAP_ALLOCATE|[50]|Bytes:12
11:46:33.0 (48052304)|VARIABLE_SCOPE_BEGIN|[50]|seoKeyword|seoThemeKeywords__c|true|false
11:46:33.0 (48063754)|VARIABLE_ASSIGNMENT|[50]|seoKeyword|{"Id":"a1D6F000003TvPIUA0","CurrencyIsoCode":"AUD"}|0x424203f9
11:46:33.0 (48068704)|STATEMENT_EXECUTE|[50]
11:46:33.0 (48070180)|STATEMENT_EXECUTE|[51]
11:46:33.0 (48078862)|HEAP_ALLOCATE|[51]|Bytes:18
11:46:33.0 (48085022)|METHOD_ENTRY|[51]||System.EncodingUtil.urlEncode(String, String)
11:46:33.0 (48104880)|METHOD_EXIT|[51]||System.EncodingUtil.urlEncode(String, String)
11:46:33.0 (48109439)|HEAP_ALLOCATE|[51]|Bytes:23
11:46:33.0 (48114325)|HEAP_ALLOCATE|[51]|Bytes:506
11:46:33.0 (48122422)|VARIABLE_ASSIGNMENT|[51]|keywordQueryString|"&k[]=a1D6F000003TvPB (486 more) ..."
11:46:33.0 (48131864)|HEAP_ALLOCATE|[50]|Bytes:5
11:46:33.0 (48140202)|HEAP_ALLOCATE|[50]|Bytes:12
11:46:33.0 (48145044)|VARIABLE_SCOPE_BEGIN|[50]|seoKeyword|seoThemeKeywords__c|true|false
11:46:33.0 (48156862)|VARIABLE_ASSIGNMENT|[50]|seoKeyword|{"Id":"a1D6F000003TvP7UAK","CurrencyIsoCode":"AUD"}|0x2e2b5953
11:46:33.0 (48162225)|STATEMENT_EXECUTE|[50]
11:46:33.0 (48163810)|STATEMENT_EXECUTE|[51]
11:46:33.0 (48172486)|HEAP_ALLOCATE|[51]|Bytes:18
11:46:33.0 (48179170)|METHOD_ENTRY|[51]||System.EncodingUtil.urlEncode(String, String)
11:46:33.0 (48198748)|METHOD_EXIT|[51]||System.EncodingUtil.urlEncode(String, String)
11:46:33.0 (48203171)|HEAP_ALLOCATE|[51]|Bytes:23
11:46:33.0 (48207762)|HEAP_ALLOCATE|[51]|Bytes:529
11:46:33.0 (48215884)|VARIABLE_ASSIGNMENT|[51]|keywordQueryString|"&k[]=a1D6F000003TvPB (509 more) ..."
11:46:33.0 (48224999)|HEAP_ALLOCATE|[50]|Bytes:5
11:46:33.0 (48232907)|HEAP_ALLOCATE|[50]|Bytes:12
11:46:33.0 (48237711)|VARIABLE_SCOPE_BEGIN|[50]|seoKeyword|seoThemeKeywords__c|true|false
11:46:33.0 (48249340)|VARIABLE_ASSIGNMENT|[50]|seoKeyword|{"Id":"a1D6F000003TvP5UAK","CurrencyIsoCode":"AUD"}|0x30219040
11:46:33.0 (48255192)|STATEMENT_EXECUTE|[50]
11:46:33.0 (48256682)|STATEMENT_EXECUTE|[51]
11:46:33.0 (48265346)|HEAP_ALLOCATE|[51]|Bytes:18
11:46:33.0 (48271989)|METHOD_ENTRY|[51]||System.EncodingUtil.urlEncode(String, String)
11:46:33.0 (48291446)|METHOD_EXIT|[51]||System.EncodingUtil.urlEncode(String, String)
11:46:33.0 (48295687)|HEAP_ALLOCATE|[51]|Bytes:23
11:46:33.0 (48300278)|HEAP_ALLOCATE|[51]|Bytes:552
11:46:33.0 (48308187)|VARIABLE_ASSIGNMENT|[51]|keywordQueryString|"&k[]=a1D6F000003TvPB (532 more) ..."
11:46:33.0 (48316947)|HEAP_ALLOCATE|[50]|Bytes:5
11:46:33.0 (48325388)|HEAP_ALLOCATE|[50]|Bytes:12
11:46:33.0 (48330011)|VARIABLE_SCOPE_BEGIN|[50]|seoKeyword|seoThemeKeywords__c|true|false
11:46:33.0 (48342045)|VARIABLE_ASSIGNMENT|[50]|seoKeyword|{"Id":"a1D6F000003TvP6UAK","CurrencyIsoCode":"AUD"}|0x7f455589
11:46:33.0 (48348077)|STATEMENT_EXECUTE|[50]
11:46:33.0 (48349586)|STATEMENT_EXECUTE|[51]
11:46:33.0 (48358395)|HEAP_ALLOCATE|[51]|Bytes:18
11:46:33.0 (48365547)|METHOD_ENTRY|[51]||System.EncodingUtil.urlEncode(String, String)
11:46:33.0 (48385202)|METHOD_EXIT|[51]||System.EncodingUtil.urlEncode(String, String)
11:46:33.0 (48389596)|HEAP_ALLOCATE|[51]|Bytes:23
11:46:33.0 (48393683)|HEAP_ALLOCATE|[51]|Bytes:575
11:46:33.0 (48401763)|VARIABLE_ASSIGNMENT|[51]|keywordQueryString|"&k[]=a1D6F000003TvPB (555 more) ..."
11:46:33.0 (48410668)|HEAP_ALLOCATE|[50]|Bytes:5
11:46:33.0 (48419372)|HEAP_ALLOCATE|[50]|Bytes:12
11:46:33.0 (48424062)|VARIABLE_SCOPE_BEGIN|[50]|seoKeyword|seoThemeKeywords__c|true|false
11:46:33.0 (48435149)|VARIABLE_ASSIGNMENT|[50]|seoKeyword|{"Id":"a1D6F000003TvP8UAK","CurrencyIsoCode":"AUD"}|0x2d4acc53
11:46:33.0 (48440860)|STATEMENT_EXECUTE|[50]
11:46:33.0 (48442370)|STATEMENT_EXECUTE|[51]
11:46:33.0 (48451042)|HEAP_ALLOCATE|[51]|Bytes:18
11:46:33.0 (48457086)|METHOD_ENTRY|[51]||System.EncodingUtil.urlEncode(String, String)
11:46:33.0 (48476333)|METHOD_EXIT|[51]||System.EncodingUtil.urlEncode(String, String)
11:46:33.0 (48481203)|HEAP_ALLOCATE|[51]|Bytes:23
11:46:33.0 (48486189)|HEAP_ALLOCATE|[51]|Bytes:598
11:46:33.0 (48494578)|VARIABLE_ASSIGNMENT|[51]|keywordQueryString|"&k[]=a1D6F000003TvPB (578 more) ..."
11:46:33.0 (48503405)|HEAP_ALLOCATE|[50]|Bytes:5
11:46:33.0 (48513548)|HEAP_ALLOCATE|[50]|Bytes:12
11:46:33.0 (48519291)|VARIABLE_SCOPE_BEGIN|[50]|seoKeyword|seoThemeKeywords__c|true|false
11:46:33.0 (48534811)|VARIABLE_ASSIGNMENT|[50]|seoKeyword|{"Id":"a1D6F000003TvPDUA0","CurrencyIsoCode":"AUD"}|0x595fe968
11:46:33.0 (48545093)|STATEMENT_EXECUTE|[50]
11:46:33.0 (48547185)|STATEMENT_EXECUTE|[51]
11:46:33.0 (48561933)|HEAP_ALLOCATE|[51]|Bytes:18
11:46:33.0 (48572604)|METHOD_ENTRY|[51]||System.EncodingUtil.urlEncode(String, String)
11:46:33.0 (48608583)|METHOD_EXIT|[51]||System.EncodingUtil.urlEncode(String, String)
11:46:33.0 (48617893)|HEAP_ALLOCATE|[51]|Bytes:23
11:46:33.0 (48624555)|HEAP_ALLOCATE|[51]|Bytes:621
11:46:33.0 (48636920)|VARIABLE_ASSIGNMENT|[51]|keywordQueryString|"&k[]=a1D6F000003TvPB (601 more) ..."
11:46:33.0 (48652644)|HEAP_ALLOCATE|[50]|Bytes:5
11:46:33.0 (48667817)|HEAP_ALLOCATE|[50]|Bytes:12
11:46:33.0 (48676250)|VARIABLE_SCOPE_BEGIN|[50]|seoKeyword|seoThemeKeywords__c|true|false
11:46:33.0 (48696272)|VARIABLE_ASSIGNMENT|[50]|seoKeyword|{"Id":"a1D6F000003TvPQUA0","CurrencyIsoCode":"AUD"}|0x65c0c193
11:46:33.0 (48705542)|STATEMENT_EXECUTE|[50]
11:46:33.0 (48707879)|STATEMENT_EXECUTE|[51]
11:46:33.0 (48724794)|HEAP_ALLOCATE|[51]|Bytes:18
11:46:33.0 (48736219)|METHOD_ENTRY|[51]||System.EncodingUtil.urlEncode(String, String)
11:46:33.0 (48768173)|METHOD_EXIT|[51]||System.EncodingUtil.urlEncode(String, String)
11:46:33.0 (48777300)|HEAP_ALLOCATE|[51]|Bytes:23
11:46:33.0 (48784784)|HEAP_ALLOCATE|[51]|Bytes:644
11:46:33.0 (48797963)|VARIABLE_ASSIGNMENT|[51]|keywordQueryString|"&k[]=a1D6F000003TvPB (624 more) ..."
11:46:33.0 (48814223)|HEAP_ALLOCATE|[50]|Bytes:5
11:46:33.0 (48829275)|HEAP_ALLOCATE|[50]|Bytes:12
11:46:33.0 (48837497)|VARIABLE_SCOPE_BEGIN|[50]|seoKeyword|seoThemeKeywords__c|true|false
11:46:33.0 (48857261)|VARIABLE_ASSIGNMENT|[50]|seoKeyword|{"Id":"a1D6F000003TvPRUA0","CurrencyIsoCode":"AUD"}|0x307c29bf
11:46:33.0 (48867327)|STATEMENT_EXECUTE|[50]
11:46:33.0 (48869803)|STATEMENT_EXECUTE|[51]
11:46:33.0 (48885745)|HEAP_ALLOCATE|[51]|Bytes:18
11:46:33.0 (48896821)|METHOD_ENTRY|[51]||System.EncodingUtil.urlEncode(String, String)
11:46:33.0 (48930067)|METHOD_EXIT|[51]||System.EncodingUtil.urlEncode(String, String)
11:46:33.0 (48939395)|HEAP_ALLOCATE|[51]|Bytes:23
11:46:33.0 (48946294)|HEAP_ALLOCATE|[51]|Bytes:667
11:46:33.0 (48958761)|VARIABLE_ASSIGNMENT|[51]|keywordQueryString|"&k[]=a1D6F000003TvPB (647 more) ..."
11:46:33.0 (48975446)|HEAP_ALLOCATE|[50]|Bytes:5
11:46:33.0 (48990357)|HEAP_ALLOCATE|[50]|Bytes:12
11:46:33.0 (48998711)|VARIABLE_SCOPE_BEGIN|[50]|seoKeyword|seoThemeKeywords__c|true|false
11:46:33.0 (49019488)|VARIABLE_ASSIGNMENT|[50]|seoKeyword|{"Id":"a1D6F000003TvPWUA0","CurrencyIsoCode":"AUD"}|0x4b2f43b7
11:46:33.0 (49028876)|STATEMENT_EXECUTE|[50]
11:46:33.0 (49031190)|STATEMENT_EXECUTE|[51]
11:46:33.0 (49048733)|HEAP_ALLOCATE|[51]|Bytes:18
11:46:33.0 (49063772)|METHOD_ENTRY|[51]||System.EncodingUtil.urlEncode(String, String)
11:46:33.0 (49094892)|METHOD_EXIT|[51]||System.EncodingUtil.urlEncode(String, String)
11:46:33.0 (49103639)|HEAP_ALLOCATE|[51]|Bytes:23
11:46:33.0 (49111337)|HEAP_ALLOCATE|[51]|Bytes:690
11:46:33.0 (49123951)|VARIABLE_ASSIGNMENT|[51]|keywordQueryString|"&k[]=a1D6F000003TvPB (670 more) ..."
11:46:33.0 (49140429)|HEAP_ALLOCATE|[50]|Bytes:5
11:46:33.0 (49156647)|VARIABLE_ASSIGNMENT|[50]|seoKeyword|null|
11:46:33.0 (49165421)|STATEMENT_EXECUTE|[55]
11:46:33.0 (49183447)|METHOD_EXIT|[113]|01p6F000009rEEx|SeoGeoController.getKeywordIdQueryString()
11:46:33.0 (49193346)|VARIABLE_SCOPE_BEGIN|[113]|keywordQueryString|String|false|false
11:46:33.0 (49209920)|VARIABLE_ASSIGNMENT|[113]|keywordQueryString|"&k[]=a1D6F000003TvPB (670 more) ..."
11:46:33.0 (49247645)|STATEMENT_EXECUTE|[115]
11:46:33.0 (49250616)|STATEMENT_EXECUTE|[116]
11:46:33.0 (49262990)|HEAP_ALLOCATE|[116]|Bytes:813
11:46:33.0 (49277880)|VARIABLE_ASSIGNMENT|[116]|consolePath|"/?c=seo&action=keywo (793 more) ..."
11:46:33.0 (49285893)|STATEMENT_EXECUTE|[121]
11:46:33.0 (49299585)|METHOD_EXIT|[80]|01p6F000009rEEx|SeoGeoController.getGeoURL()
11:46:33.0 (49309275)|VARIABLE_SCOPE_BEGIN|[80]|consolePath|String|false|false
11:46:33.0 (49325786)|VARIABLE_ASSIGNMENT|[80]|consolePath|"/?c=seo&action=keywo (793 more) ..."
11:46:33.0 (49333193)|STATEMENT_EXECUTE|[82]
11:46:33.0 (49335484)|STATEMENT_EXECUTE|[83]
11:46:33.0 (66206304)|HEAP_ALLOCATE|[83]|Bytes:7
11:46:33.0 (66227063)|HEAP_ALLOCATE|[83]|Bytes:10
11:46:33.0 (66261231)|METHOD_ENTRY|[1]|01p6F000006aBAZ|slxConsole.slxConsole()
11:46:33.0 (66270648)|STATEMENT_EXECUTE|[1]
11:46:33.0 (66277327)|STATEMENT_EXECUTE|[1]
11:46:33.0 (66286559)|METHOD_EXIT|[1]|slxConsole
11:46:33.0 (66328783)|METHOD_ENTRY|[83]|01p6F000006aBAZ|slxConsole.getConsolePage(String)
11:46:33.0 (66367103)|VARIABLE_SCOPE_BEGIN|[17]|path|String|false|false
11:46:33.0 (66392864)|VARIABLE_ASSIGNMENT|[17]|path|"/?c=seo&action=keywo (793 more) ..."
11:46:33.0 (66403715)|STATEMENT_EXECUTE|[17]
11:46:33.0 (66406054)|STATEMENT_EXECUTE|[20]
11:46:33.0 (66424053)|HEAP_ALLOCATE|[20]|Bytes:10
11:46:33.0 (67846393)|HEAP_ALLOCATE|[20]|Bytes:56
11:46:33.0 (67869585)|VARIABLE_SCOPE_BEGIN|[20]|consoleLogin|Login__c|true|false
11:46:33.0 (67937043)|VARIABLE_ASSIGNMENT|[20]|consoleLogin|{"LastModifiedDate":"2017-01-17T06:58:25.000Z","username__c":"salesforce","IsDeleted":false,"password__c":"49fc7fd771000d6127b3 (12 more) ...","URL__c":"https://console.spon (13 more) ...","CurrencyIsoCode":"AUD","SetupOwnerId":"00D90000000IJSaEAO","Name":"SLXConsole","SystemModstamp":"2018-03-23T09:17:56.000Z","CreatedById":"00590000000VmmqAAC","CreatedDate":"2016-03-02T07:09:34.000Z","Id":"a1w6F000005747qQAA","LastModifiedById":"00590000000VmmqAAC"}|0x6b89306d
11:46:33.0 (67951713)|STATEMENT_EXECUTE|[22]
11:46:33.0 (67960413)|STATEMENT_EXECUTE|[27]
11:46:33.0 (67996503)|VARIABLE_SCOPE_BEGIN|[27]|consoleEndpoint|String|false|false
11:46:33.0 (68009540)|VARIABLE_ASSIGNMENT|[27]|consoleEndpoint|"https://console.spon (13 more) ..."
11:46:33.0 (68014718)|STATEMENT_EXECUTE|[28]
11:46:33.0 (68029331)|VARIABLE_SCOPE_BEGIN|[28]|consoleUsername|String|false|false
11:46:33.0 (68038500)|VARIABLE_ASSIGNMENT|[28]|consoleUsername|"salesforce"
11:46:33.0 (68042809)|STATEMENT_EXECUTE|[29]
11:46:33.0 (68053284)|VARIABLE_SCOPE_BEGIN|[29]|consolePassword|String|false|false
11:46:33.0 (68063840)|VARIABLE_ASSIGNMENT|[29]|consolePassword|"49fc7fd771000d6127b3 (12 more) ..."
11:46:33.0 (68067854)|STATEMENT_EXECUTE|[33]
11:46:33.0 (68093882)|VARIABLE_SCOPE_BEGIN|[33]|req|System.HttpRequest|true|false
11:46:33.0 (68333499)|VARIABLE_ASSIGNMENT|[33]|req|"System.HttpRequest[Endpoint=null, Method=null]"|0x3abd7536
11:46:33.0 (68346178)|STATEMENT_EXECUTE|[34]
11:46:33.0 (68364216)|HEAP_ALLOCATE|[34]|Bytes:846
11:46:33.0 (68418859)|STATEMENT_EXECUTE|[35]
11:46:33.0 (68426095)|HEAP_ALLOCATE|[35]|Bytes:3
11:46:33.0 (68446634)|STATEMENT_EXECUTE|[36]
11:46:33.0 (68451886)|HEAP_ALLOCATE|[36]|Bytes:6
11:46:33.0 (68457475)|HEAP_ALLOCATE|[36]|Bytes:9
11:46:33.0 (68461330)|HEAP_ALLOCATE|[36]|Bytes:11
11:46:33.0 (68473132)|HEAP_ALLOCATE|[36]|Bytes:62
11:46:33.0 (68499743)|STATEMENT_EXECUTE|[40]
11:46:33.0 (68518474)|VARIABLE_SCOPE_BEGIN|[40]|http|System.Http|true|false
11:46:33.0 (68599318)|VARIABLE_ASSIGNMENT|[40]|http|"System.Http[]"|0x2b6fd09d
11:46:33.0 (68607704)|STATEMENT_EXECUTE|[41]
11:46:33.0 (68660282)|CALLOUT_REQUEST|[41]|System.HttpRequest[Endpoint=https://console.sponsoredlinx.com/?c=seo&action=keywordGeoCompare&output=table&websiteid=a166F00000AJbjEQAT&geolocation=Sydney%2CNew+South+Wales%2CAustralia&k[]=a1D6F000003TvPBUA0&k[]=a1D6F000003TvPXUA0&k[]=a1D6F000003TvPVUA0&k[]=a1D6F000003TvP9UAK&k[]=a1D6F000003TvPNUA0&k[]=a1D6F000003TvPAUA0&k[]=a1D6F000003TvPCUA0&k[]=a1D6F000003TvPPUA0&k[]=a1D6F000003TvPHUA0&k[]=a1D6F000003TvPJUA0&k[]=a1D6F000003TvPYUA0&k[]=a1D6F000003TvPFUA0&k[]=a1D6F000003TvPOUA0&k[]=a1D6F000003TvPSUA0&k[]=a1D6F000003TvPLUA0&k[]=a1D6F000003TvPTUA0&k[]=a1D6F000003TvPMUA0&k[]=a1D6F000003TvPGUA0&k[]=a1D6F000003TvPEUA0&k[]=a1D6F000003TvPUUA0&k[]=a1D6F000003TvPKUA0&k[]=a1D6F000003TvPIUA0&k[]=a1D6F000003TvP7UAK&k[]=a1D6F000003TvP5UAK&k[]=a1D6F000003TvP6UAK&k[]=a1D6F000003TvP8UAK&k[]=a1D6F000003TvPDUA0&k[]=a1D6F000003TvPQUA0&k[]=a1D6F000003TvPRUA0&k[]=a1D6F000003TvPWUA0, Method=GET]
11:46:33.0 (821484281)|HEAP_ALLOCATE|[EXTERNAL]|Bytes:5384
11:46:33.0 (821744706)|CALLOUT_RESPONSE|[41]|System.HttpResponse[Status=OK, StatusCode=200]
11:46:33.0 (821767500)|HEAP_ALLOCATE|[41]|Bytes:5201
11:46:33.0 (821796277)|VARIABLE_SCOPE_BEGIN|[41]|res|System.HttpResponse|true|false
11:46:33.0 (821999592)|VARIABLE_ASSIGNMENT|[41]|res|"System.HttpResponse[Status=OK, StatusCode=200]"|0x3c8a5f09
11:46:33.0 (822015049)|STATEMENT_EXECUTE|[44]
11:46:33.0 (822307797)|HEAP_ALLOCATE|[44]|Bytes:5195
11:46:33.0 (822332973)|METHOD_EXIT|[83]|01p6F000006aBAZ|slxConsole.getConsolePage(String)
11:46:33.0 (822360261)|VARIABLE_ASSIGNMENT|[83]|geoTable|"<style>\ntable.table{ (5175 more) ..."
11:46:33.0 (822371738)|HEAP_ALLOCATE|[87]|Bytes:10
11:46:33.0 (822446496)|STATEMENT_EXECUTE|[87]
11:46:33.0 (822449724)|STATEMENT_EXECUTE|[88]
11:46:33.0 (822568240)|VARIABLE_ASSIGNMENT|[EXTERNAL]|this|{"allGeo":"0x387e83a0","device":"desktop","refreshRequired":true,"selectedGeo":"0x9293a6","seoWebsite":"0x7293b6f7"}|0x4c4e835a
11:46:33.0 (822589599)|VARIABLE_ASSIGNMENT|[EXTERNAL]|value|true
11:46:33.0 (822600153)|HEAP_ALLOCATE|[4]|Bytes:5
11:46:33.0 (822613540)|VARIABLE_ASSIGNMENT|[4]|this.refreshRequired|true|0x4c4e835a
11:46:33.0 (822630438)|STATEMENT_EXECUTE|[93]
11:46:33.0 (822643987)|SYSTEM_MODE_EXIT|false
11:46:33.0 (823859930)|VF_SERIALIZE_VIEWSTATE_BEGIN|0666F000007GVD0
11:46:33.0 (828202918)|VF_SERIALIZE_VIEWSTATE_END
11:46:33.830 (830117889)|CUMULATIVE_LIMIT_USAGE
11:46:33.830 (830117889)|LIMIT_USAGE_FOR_NS|(default)|
  Number of SOQL queries: 1 out of 100
  Number of query rows: 30 out of 50000
  Number of SOSL queries: 0 out of 20
  Number of DML statements: 0 out of 150
  Number of DML rows: 0 out of 10000
  Maximum CPU time: 0 out of 10000
  Maximum heap size: 0 out of 6000000
  Number of callouts: 1 out of 100
  Number of Email Invocations: 0 out of 10
  Number of future calls: 0 out of 50
  Number of queueable jobs added to the queue: 0 out of 50
  Number of Mobile Apex push calls: 0 out of 10

11:46:33.830 (830117889)|CUMULATIVE_LIMIT_USAGE_END

11:46:33.0 (830169686)|CODE_UNIT_FINISHED|VF: /apex/SeoGeoCompare
11:46:33.0 (832180591)|EXECUTION_FINISHED
