37.0 APEX_CODE,FINEST;APEX_PROFILING,INFO;CALLOUT,INFO;DB,INFO;NBA,INFO;SYSTEM,DEBUG;VALIDATION,INFO;VISUALFORCE,INFO;WAVE,INFO;WORKFLOW,INFO
17:13:04.12 (12405630)|ENTERING_MANAGED_PKG|Centify
17:13:04.12 (14151482)|ENTERING_MANAGED_PKG|Centify
17:13:04.12 (14225058)|ENTERING_MANAGED_PKG|Centify
17:13:04.12 (14674263)|ENTERING_MANAGED_PKG|Centify
17:13:04.12 (15101196)|ENTERING_MANAGED_PKG|Centify
17:13:04.12 (15858240)|ENTERING_MANAGED_PKG|Centify
17:13:04.12 (15901884)|ENTERING_MANAGED_PKG|Centify
17:13:04.12 (16960077)|ENTERING_MANAGED_PKG|Centify
17:13:04.12 (17015454)|ENTERING_MANAGED_PKG|Centify
17:13:04.12 (17168651)|ENTERING_MANAGED_PKG|Centify
17:13:04.12 (17278179)|ENTERING_MANAGED_PKG|Centify
17:13:04.12 (23913793)|SOQL_EXECUTE_BEGIN|[19]|Aggregations:0|SELECT Id, OrganizationType FROM Organization LIMIT 1
17:13:04.12 (114677629)|SOQL_EXECUTE_END|[19]|Rows:1
17:13:04.12 (120399890)|ENTERING_MANAGED_PKG|Centify
17:13:04.12 (120481602)|ENTERING_MANAGED_PKG|Centify
17:13:04.12 (120709444)|ENTERING_MANAGED_PKG|Centify
17:13:04.12 (120809343)|ENTERING_MANAGED_PKG|Centify
17:13:04.12 (121448758)|ENTERING_MANAGED_PKG|Centify
17:13:04.12 (121519859)|ENTERING_MANAGED_PKG|Centify
17:13:04.12 (121673263)|ENTERING_MANAGED_PKG|Centify
17:13:04.12 (121792792)|ENTERING_MANAGED_PKG|Centify
17:13:04.12 (124432695)|SOQL_EXECUTE_BEGIN|[95]|Aggregations:0|SELECT MAX(Last_Sync_Time__c) maxDT FROM Salesforce_Sync_Settings__c
17:13:04.12 (128495884)|SOQL_EXECUTE_END|[95]|Rows:1
17:13:04.12 (129194411)|ENTERING_MANAGED_PKG|Centify
17:13:04.12 (129306164)|ENTERING_MANAGED_PKG|Centify
17:13:04.12 (131456307)|ENTERING_MANAGED_PKG|Centify
17:13:04.12 (131568333)|ENTERING_MANAGED_PKG|Centify
17:13:04.12 (134387413)|SOQL_EXECUTE_BEGIN|[84]|Aggregations:0|SELECT COUNT() FROM Notification__c WHERE ((Number_Of_Attempts__c = NULL OR Number_Of_Attempts__c < :tmpVar1) AND (CreatedDate = TODAY OR LastModifiedDate = TODAY)) LIMIT 25000
17:13:04.12 (152726463)|SOQL_EXECUTE_END|[84]|Rows:1
17:13:04.12 (152863555)|ENTERING_MANAGED_PKG|Centify
17:13:04.12 (152947302)|ENTERING_MANAGED_PKG|Centify
17:13:04.12 (153033667)|ENTERING_MANAGED_PKG|Centify
17:13:04.12 (153091379)|ENTERING_MANAGED_PKG|Centify
17:13:04.12 (153127913)|ENTERING_MANAGED_PKG|Centify
17:13:04.12 (156107912)|SOQL_EXECUTE_BEGIN|[366]|Aggregations:0|SELECT Id, Label, MasterLabel, DeveloperName, Endpoint__c, TimeOut__c FROM Endpoint_Setting__mdt LIMIT 50
17:13:04.12 (167452282)|SOQL_EXECUTE_END|[366]|Rows:24
17:13:04.12 (170174643)|ENTERING_MANAGED_PKG|Centify
17:13:04.12 (170279514)|ENTERING_MANAGED_PKG|Centify
17:13:04.12 (171746854)|ENTERING_MANAGED_PKG|Centify
17:13:04.12 (171807182)|ENTERING_MANAGED_PKG|Centify
17:13:04.12 (173965798)|ENTERING_MANAGED_PKG|Centify
17:13:04.12 (175127598)|ENTERING_MANAGED_PKG|Centify
17:13:04.12 (175206093)|ENTERING_MANAGED_PKG|Centify
17:13:04.12 (175274780)|ENTERING_MANAGED_PKG|Centify
17:13:04.12 (176592284)|ENTERING_MANAGED_PKG|Centify
17:13:04.12 (176734423)|ENTERING_MANAGED_PKG|Centify
17:13:04.12 (176817238)|ENTERING_MANAGED_PKG|Centify
17:13:04.12 (177364166)|ENTERING_MANAGED_PKG|Centify
17:13:04.12 (177443213)|ENTERING_MANAGED_PKG|Centify
17:13:04.12 (177511173)|ENTERING_MANAGED_PKG|Centify
17:13:04.12 (177584814)|ENTERING_MANAGED_PKG|Centify
17:13:04.12 (177707816)|ENTERING_MANAGED_PKG|Centify
17:13:04.12 (180894813)|ENTERING_MANAGED_PKG|Centify
17:13:04.12 (181022462)|ENTERING_MANAGED_PKG|Centify
17:13:04.12 (182075387)|ENTERING_MANAGED_PKG|Centify
17:13:04.12 (343383216)|ENTERING_MANAGED_PKG|Centify
17:13:04.380 (380178892)|CUMULATIVE_LIMIT_USAGE
17:13:04.380 (380178892)|LIMIT_USAGE_FOR_NS|(default)|
  Number of SOQL queries: 0 out of 200
  Number of query rows: 0 out of 50000
  Number of SOSL queries: 0 out of 20
  Number of DML statements: 0 out of 150
  Number of DML rows: 0 out of 10000
  Maximum CPU time: 0 out of 60000
  Maximum heap size: 0 out of 12000000
  Number of callouts: 0 out of 0
  Number of Email Invocations: 0 out of 10
  Number of future calls: 0 out of 0
  Number of queueable jobs added to the queue: 0 out of 1
  Number of Mobile Apex push calls: 0 out of 10

17:13:04.380 (380178892)|LIMIT_USAGE_FOR_NS|Centify|
  Number of SOQL queries: 0 out of 200
  Number of query rows: 0 out of 50000
  Number of SOSL queries: 0 out of 20
  Number of DML statements: 0 out of 150
  Number of DML rows: 0 out of 10000
  Maximum CPU time: 0 out of 60000
  Maximum heap size: 0 out of 12000000
  Number of callouts: 0 out of 0
  Number of Email Invocations: 0 out of 10
  Number of future calls: 0 out of 0
  Number of queueable jobs added to the queue: 0 out of 1
  Number of Mobile Apex push calls: 0 out of 10

17:13:04.380 (380178892)|CUMULATIVE_LIMIT_USAGE_END

