37.0 APEX_CODE,FINEST;APEX_PROFILING,INFO;CALLOUT,INFO;DB,INFO;NBA,INFO;SYSTEM,DEBUG;VALIDATION,INFO;VISUALFORCE,INFO;WAVE,INFO;WORKFLOW,INFO
11:41:47.12 (12041178)|ENTERING_MANAGED_PKG|Centify
11:41:47.12 (22030207)|ENTERING_MANAGED_PKG|Centify
11:41:47.12 (22125404)|ENTERING_MANAGED_PKG|Centify
11:41:47.12 (23734513)|ENTERING_MANAGED_PKG|Centify
11:41:47.12 (24513935)|SOQL_EXECUTE_BEGIN|[24]|Aggregations:0|SELECT Id, Name, Data__c, Number_Of_Attempts__c, Type__c FROM Notification__c 
11:41:47.12 (59195021)|SOQL_EXECUTE_END|[24]|Rows:9
11:41:47.79 (79970249)|CUMULATIVE_LIMIT_USAGE
11:41:47.79 (79970249)|LIMIT_USAGE_FOR_NS|(default)|
  Number of SOQL queries: 0 out of 200
  Number of query rows: 0 out of 50000
  Number of SOSL queries: 0 out of 20
  Number of DML statements: 0 out of 150
  Number of DML rows: 0 out of 10000
  Maximum CPU time: 0 out of 60000
  Maximum heap size: 0 out of 12000000
  Number of callouts: 0 out of 0
  Number of Email Invocations: 0 out of 10
  Number of future calls: 0 out of 0
  Number of queueable jobs added to the queue: 0 out of 1
  Number of Mobile Apex push calls: 0 out of 10

11:41:47.79 (79970249)|LIMIT_USAGE_FOR_NS|Centify|
  Number of SOQL queries: 0 out of 200
  Number of query rows: 0 out of 50000
  Number of SOSL queries: 0 out of 20
  Number of DML statements: 0 out of 150
  Number of DML rows: 0 out of 10000
  Maximum CPU time: 0 out of 60000
  Maximum heap size: 0 out of 12000000
  Number of callouts: 0 out of 0
  Number of Email Invocations: 0 out of 10
  Number of future calls: 0 out of 0
  Number of queueable jobs added to the queue: 0 out of 1
  Number of Mobile Apex push calls: 0 out of 10

11:41:47.79 (79970249)|CUMULATIVE_LIMIT_USAGE_END

