35.0 APEX_CODE,FINEST;APEX_PROFILING,INFO;CALLOUT,INFO;DB,INFO;NBA,INFO;SYSTEM,DEBUG;VALIDATION,INFO;VISUALFORCE,INFO;WAVE,INFO;WORKFLOW,INFO
14:52:13.13 (13172698)|ENTERING_MANAGED_PKG|NVMContactWorld
14:52:13.13 (13337947)|ENTERING_MANAGED_PKG|NVMContactWorld
14:52:13.13 (13638721)|ENTERING_MANAGED_PKG|NVMContactWorld
14:52:13.13 (13690570)|ENTERING_MANAGED_PKG|NVMContactWorld
14:52:13.13 (14149432)|ENTERING_MANAGED_PKG|NVMContactWorld
14:52:13.13 (14391588)|ENTERING_MANAGED_PKG|NVMContactWorld
14:52:13.13 (14441820)|ENTERING_MANAGED_PKG|NVMContactWorld
14:52:13.13 (16148961)|SOQL_EXECUTE_BEGIN|[47]|Aggregations:0|SELECT Id, MostRecentCall__c, MostRecentCallEventTimestamp__c, MostRecentCallIsActive__c, NVM_Agent_Id__c, NotesCollapsed__c FROM User WHERE Id = :tmpVar1
14:52:13.13 (22048061)|SOQL_EXECUTE_END|[47]|Rows:1
14:52:13.13 (22249342)|ENTERING_MANAGED_PKG|NVMContactWorld
14:52:13.13 (22314407)|ENTERING_MANAGED_PKG|NVMContactWorld
14:52:13.13 (22496934)|ENTERING_MANAGED_PKG|NVMContactWorld
14:52:13.13 (22552726)|ENTERING_MANAGED_PKG|NVMContactWorld
14:52:13.13 (22621274)|ENTERING_MANAGED_PKG|NVMContactWorld
14:52:13.13 (22744672)|ENTERING_MANAGED_PKG|NVMContactWorld
14:52:13.13 (23019125)|ENTERING_MANAGED_PKG|NVMContactWorld
14:52:13.13 (23062131)|ENTERING_MANAGED_PKG|NVMContactWorld
14:52:13.13 (24277156)|ENTERING_MANAGED_PKG|NVMContactWorld
14:52:13.13 (24640426)|ENTERING_MANAGED_PKG|NVMContactWorld
14:52:13.13 (24681992)|ENTERING_MANAGED_PKG|NVMContactWorld
14:52:13.13 (24766162)|ENTERING_MANAGED_PKG|NVMContactWorld
14:52:13.13 (24794294)|ENTERING_MANAGED_PKG|NVMContactWorld
14:52:13.13 (25225203)|ENTERING_MANAGED_PKG|NVMContactWorld
14:52:13.13 (26679706)|ENTERING_MANAGED_PKG|NVMContactWorld
14:52:13.13 (26786880)|ENTERING_MANAGED_PKG|NVMContactWorld
14:52:13.13 (26839580)|ENTERING_MANAGED_PKG|NVMContactWorld
14:52:13.13 (27614366)|ENTERING_MANAGED_PKG|NVMContactWorld
14:52:13.13 (27692972)|ENTERING_MANAGED_PKG|NVMContactWorld
14:52:13.13 (27887858)|ENTERING_MANAGED_PKG|NVMContactWorld
14:52:13.13 (28109676)|ENTERING_MANAGED_PKG|NVMContactWorld
14:52:13.13 (28177249)|ENTERING_MANAGED_PKG|NVMContactWorld
14:52:13.13 (28335712)|ENTERING_MANAGED_PKG|NVMContactWorld
14:52:13.13 (28398220)|ENTERING_MANAGED_PKG|NVMContactWorld
14:52:13.13 (319991932)|ENTERING_MANAGED_PKG|NVMContactWorld
14:52:13.13 (320089783)|ENTERING_MANAGED_PKG|NVMContactWorld
14:52:13.13 (320222397)|ENTERING_MANAGED_PKG|NVMContactWorld
14:52:13.13 (322839700)|ENTERING_MANAGED_PKG|NVMContactWorld
14:52:13.13 (322893249)|ENTERING_MANAGED_PKG|NVMContactWorld
14:52:13.13 (322922818)|ENTERING_MANAGED_PKG|NVMContactWorld
14:52:13.13 (322959958)|ENTERING_MANAGED_PKG|NVMContactWorld
14:52:13.13 (322991078)|ENTERING_MANAGED_PKG|NVMContactWorld
14:52:13.13 (323011916)|ENTERING_MANAGED_PKG|NVMContactWorld
14:52:13.13 (323028523)|ENTERING_MANAGED_PKG|NVMContactWorld
14:52:13.13 (323084506)|ENTERING_MANAGED_PKG|NVMContactWorld
14:52:13.13 (323125580)|ENTERING_MANAGED_PKG|NVMContactWorld
14:52:13.13 (323147322)|ENTERING_MANAGED_PKG|NVMContactWorld
14:52:13.13 (323179698)|ENTERING_MANAGED_PKG|NVMContactWorld
14:52:13.13 (323201886)|ENTERING_MANAGED_PKG|NVMContactWorld
14:52:13.13 (323226814)|ENTERING_MANAGED_PKG|NVMContactWorld
14:52:13.13 (323240865)|ENTERING_MANAGED_PKG|NVMContactWorld
14:52:13.13 (323258271)|ENTERING_MANAGED_PKG|NVMContactWorld
14:52:13.13 (323270668)|ENTERING_MANAGED_PKG|NVMContactWorld
14:52:13.13 (323285589)|ENTERING_MANAGED_PKG|NVMContactWorld
14:52:13.13 (323343456)|ENTERING_MANAGED_PKG|NVMContactWorld
14:52:13.13 (323368903)|ENTERING_MANAGED_PKG|NVMContactWorld
14:52:13.13 (323402553)|ENTERING_MANAGED_PKG|NVMContactWorld
14:52:13.13 (323430916)|ENTERING_MANAGED_PKG|NVMContactWorld
14:52:13.13 (323487833)|ENTERING_MANAGED_PKG|NVMContactWorld
14:52:13.13 (323658814)|ENTERING_MANAGED_PKG|NVMContactWorld
14:52:13.13 (323716014)|ENTERING_MANAGED_PKG|NVMContactWorld
14:52:13.13 (323764071)|ENTERING_MANAGED_PKG|NVMContactWorld
14:52:13.13 (323993421)|ENTERING_MANAGED_PKG|NVMContactWorld
14:52:13.13 (324022548)|ENTERING_MANAGED_PKG|NVMContactWorld
14:52:13.13 (324378605)|SOQL_EXECUTE_BEGIN|[9]|Aggregations:0|SELECT Id, Name FROM User WHERE NVM_Agent_Id__c = :tmpVar1 LIMIT 1
14:52:13.13 (331797565)|SOQL_EXECUTE_END|[9]|Rows:1
14:52:13.13 (332004678)|ENTERING_MANAGED_PKG|NVMContactWorld
14:52:13.13 (332097956)|ENTERING_MANAGED_PKG|NVMContactWorld
14:52:13.13 (332150577)|ENTERING_MANAGED_PKG|NVMContactWorld
14:52:13.13 (332775045)|ENTERING_MANAGED_PKG|NVMContactWorld
14:52:13.13 (333417576)|SOQL_EXECUTE_BEGIN|[110]|Aggregations:0|SELECT Id FROM AuxLock__c WHERE AuxLock__c.ObjectId__c = :tmpVar1 FOR UPDATE
14:52:13.13 (337565760)|SOQL_EXECUTE_END|[110]|Rows:1
14:52:13.13 (337877482)|ENTERING_MANAGED_PKG|NVMContactWorld
14:52:13.13 (337938953)|ENTERING_MANAGED_PKG|NVMContactWorld
14:52:13.13 (338568177)|ENTERING_MANAGED_PKG|NVMContactWorld
14:52:13.13 (338707669)|ENTERING_MANAGED_PKG|NVMContactWorld
14:52:13.13 (339587039)|SOQL_EXECUTE_BEGIN|[202]|Aggregations:0|SELECT Id, Name, LastModifiedDate, CreatedDate, Type__c, Timestamp__c, IndexedCallObjectIdentifier__c, AdditionalFieldValues__c, Agent__c, IsPreCallEvent__c, RelatedTask__c, Who__c, What__c FROM InteractionEvent__c WHERE IndexedCallObjectIdentifier__c = :tmpVar1 FOR UPDATE
14:52:13.13 (345469448)|SOQL_EXECUTE_END|[202]|Rows:1
14:52:13.13 (345580121)|ENTERING_MANAGED_PKG|NVMContactWorld
14:52:13.13 (346049865)|ENTERING_MANAGED_PKG|NVMContactWorld
14:52:13.13 (347130920)|ENTERING_MANAGED_PKG|NVMContactWorld
14:52:13.13 (347180796)|ENTERING_MANAGED_PKG|NVMContactWorld
14:52:13.13 (347233403)|ENTERING_MANAGED_PKG|NVMContactWorld
14:52:13.13 (347308109)|ENTERING_MANAGED_PKG|NVMContactWorld
14:52:13.13 (347916350)|SOQL_EXECUTE_BEGIN|[66]|Aggregations:0|SELECT Id, Detail__c, LastModifiedDate FROM InteractionEventNote__c WHERE Event__c = :tmpVar1 LIMIT 1
14:52:13.13 (352834453)|SOQL_EXECUTE_END|[66]|Rows:1
14:52:13.13 (353321596)|ENTERING_MANAGED_PKG|NVMContactWorld
14:52:13.13 (353367686)|ENTERING_MANAGED_PKG|NVMContactWorld
14:52:13.13 (353407775)|ENTERING_MANAGED_PKG|NVMContactWorld
14:52:13.13 (353443943)|ENTERING_MANAGED_PKG|NVMContactWorld
14:52:13.13 (353512121)|ENTERING_MANAGED_PKG|NVMContactWorld
14:52:13.13 (353530021)|ENTERING_MANAGED_PKG|NVMContactWorld
14:52:13.13 (353663192)|ENTERING_MANAGED_PKG|NVMContactWorld
14:52:13.13 (353712997)|ENTERING_MANAGED_PKG|NVMContactWorld
14:52:13.13 (353756395)|ENTERING_MANAGED_PKG|NVMContactWorld
14:52:13.13 (353784677)|ENTERING_MANAGED_PKG|NVMContactWorld
14:52:13.13 (355158578)|ENTERING_MANAGED_PKG|NVMContactWorld
14:52:13.13 (355193601)|ENTERING_MANAGED_PKG|NVMContactWorld
14:52:13.13 (355288400)|ENTERING_MANAGED_PKG|NVMContactWorld
14:52:13.13 (355350420)|ENTERING_MANAGED_PKG|NVMContactWorld
14:52:13.13 (355384826)|ENTERING_MANAGED_PKG|NVMContactWorld
14:52:13.13 (355433127)|ENTERING_MANAGED_PKG|NVMContactWorld
14:52:13.13 (355489330)|ENTERING_MANAGED_PKG|NVMContactWorld
14:52:13.13 (359573020)|ENTERING_MANAGED_PKG|NVMContactWorld
14:52:13.13 (359598434)|ENTERING_MANAGED_PKG|NVMContactWorld
14:52:13.13 (359619347)|ENTERING_MANAGED_PKG|NVMContactWorld
14:52:13.13 (359632854)|ENTERING_MANAGED_PKG|NVMContactWorld
14:52:13.13 (359646278)|ENTERING_MANAGED_PKG|NVMContactWorld
14:52:13.13 (359662200)|ENTERING_MANAGED_PKG|NVMContactWorld
14:52:13.13 (359673320)|ENTERING_MANAGED_PKG|NVMContactWorld
14:52:13.13 (359890934)|ENTERING_MANAGED_PKG|NVMContactWorld
14:52:13.13 (359910607)|ENTERING_MANAGED_PKG|NVMContactWorld
14:52:13.13 (359923178)|ENTERING_MANAGED_PKG|NVMContactWorld
14:52:13.13 (359934124)|ENTERING_MANAGED_PKG|NVMContactWorld
14:52:13.13 (359944988)|ENTERING_MANAGED_PKG|NVMContactWorld
14:52:13.13 (359955376)|ENTERING_MANAGED_PKG|NVMContactWorld
14:52:13.13 (359993060)|ENTERING_MANAGED_PKG|NVMContactWorld
14:52:13.13 (360266586)|ENTERING_MANAGED_PKG|NVMContactWorld
14:52:13.13 (360465212)|ENTERING_MANAGED_PKG|NVMContactWorld
14:52:13.13 (360497672)|ENTERING_MANAGED_PKG|NVMContactWorld
14:52:13.13 (360743582)|ENTERING_MANAGED_PKG|NVMContactWorld
14:52:13.13 (363838985)|ENTERING_MANAGED_PKG|NVMContactWorld
14:52:13.13 (363892069)|ENTERING_MANAGED_PKG|NVMContactWorld
14:52:13.13 (364218297)|ENTERING_MANAGED_PKG|NVMContactWorld
14:52:13.13 (364254779)|ENTERING_MANAGED_PKG|NVMContactWorld
14:52:13.13 (364285641)|ENTERING_MANAGED_PKG|NVMContactWorld
14:52:13.13 (364457661)|ENTERING_MANAGED_PKG|NVMContactWorld
14:52:13.13 (364566292)|ENTERING_MANAGED_PKG|NVMContactWorld
14:52:13.13 (364645150)|ENTERING_MANAGED_PKG|NVMContactWorld
14:52:13.13 (367179928)|ENTERING_MANAGED_PKG|NVMContactWorld
14:52:13.13 (367210902)|ENTERING_MANAGED_PKG|NVMContactWorld
14:52:13.13 (367230694)|ENTERING_MANAGED_PKG|NVMContactWorld
14:52:13.13 (367265196)|ENTERING_MANAGED_PKG|NVMContactWorld
14:52:13.13 (367293359)|ENTERING_MANAGED_PKG|NVMContactWorld
14:52:13.13 (367506298)|ENTERING_MANAGED_PKG|NVMContactWorld
14:52:13.13 (369941722)|ENTERING_MANAGED_PKG|NVMContactWorld
14:52:13.13 (369970123)|ENTERING_MANAGED_PKG|NVMContactWorld
14:52:13.13 (372534323)|ENTERING_MANAGED_PKG|NVMContactWorld
14:52:13.13 (372592847)|ENTERING_MANAGED_PKG|NVMContactWorld
14:52:13.13 (372641186)|ENTERING_MANAGED_PKG|NVMContactWorld
14:52:13.13 (372674238)|ENTERING_MANAGED_PKG|NVMContactWorld
14:52:13.13 (373345230)|ENTERING_MANAGED_PKG|NVMContactWorld
14:52:13.13 (373369870)|ENTERING_MANAGED_PKG|NVMContactWorld
14:52:13.13 (373605363)|ENTERING_MANAGED_PKG|NVMContactWorld
14:52:13.13 (373644179)|ENTERING_MANAGED_PKG|NVMContactWorld
14:52:13.13 (373749980)|ENTERING_MANAGED_PKG|NVMContactWorld
14:52:13.13 (373987735)|ENTERING_MANAGED_PKG|NVMContactWorld
14:52:13.13 (374091557)|ENTERING_MANAGED_PKG|NVMContactWorld
14:52:13.13 (374175779)|ENTERING_MANAGED_PKG|NVMContactWorld
14:52:13.13 (374232561)|ENTERING_MANAGED_PKG|NVMContactWorld
14:52:13.13 (375936039)|ENTERING_MANAGED_PKG|NVMContactWorld
14:52:13.13 (376238612)|ENTERING_MANAGED_PKG|NVMContactWorld
14:52:13.13 (376423729)|ENTERING_MANAGED_PKG|NVMContactWorld
14:52:13.13 (376637231)|ENTERING_MANAGED_PKG|NVMContactWorld
14:52:13.13 (377105764)|SOQL_EXECUTE_BEGIN|[101]|Aggregations:0|SELECT Id, Name FROM Account WHERE ID='0016F00002J6xKgQAJ'
14:52:13.13 (381196378)|SOQL_EXECUTE_END|[101]|Rows:1
14:52:13.388 (388691290)|CUMULATIVE_LIMIT_USAGE
14:52:13.388 (388691290)|LIMIT_USAGE_FOR_NS|(default)|
  Number of SOQL queries: 0 out of 100
  Number of query rows: 0 out of 50000
  Number of SOSL queries: 0 out of 20
  Number of DML statements: 0 out of 150
  Number of DML rows: 0 out of 10000
  Maximum CPU time: 27 out of 10000
  Maximum heap size: 0 out of 6000000
  Number of callouts: 0 out of 100
  Number of Email Invocations: 0 out of 10
  Number of future calls: 0 out of 50
  Number of queueable jobs added to the queue: 0 out of 50
  Number of Mobile Apex push calls: 0 out of 10

14:52:13.388 (388691290)|LIMIT_USAGE_FOR_NS|NVMContactWorld|
  Number of SOQL queries: 6 out of 100
  Number of query rows: 6 out of 50000
  Number of SOSL queries: 0 out of 20
  Number of DML statements: 0 out of 150
  Number of DML rows: 0 out of 10000
  Maximum CPU time: 0 out of 10000
  Maximum heap size: 0 out of 6000000
  Number of callouts: 1 out of 100
  Number of Email Invocations: 0 out of 10
  Number of future calls: 0 out of 50
  Number of queueable jobs added to the queue: 0 out of 50
  Number of Mobile Apex push calls: 0 out of 10

14:52:13.388 (388691290)|CUMULATIVE_LIMIT_USAGE_END

