37.0 APEX_CODE,FINEST;APEX_PROFILING,INFO;CALLOUT,INFO;DB,INFO;NBA,INFO;SYSTEM,DEBUG;VALIDATION,INFO;VISUALFORCE,INFO;WAVE,INFO;WORKFLOW,INFO
11:47:04.24 (24451884)|ENTERING_MANAGED_PKG|Centify
11:47:04.24 (26725782)|ENTERING_MANAGED_PKG|Centify
11:47:04.24 (26758427)|ENTERING_MANAGED_PKG|Centify
11:47:04.24 (27086094)|ENTERING_MANAGED_PKG|Centify
11:47:04.24 (27155595)|ENTERING_MANAGED_PKG|Centify
11:47:04.24 (27188820)|ENTERING_MANAGED_PKG|Centify
11:47:04.24 (43359061)|DML_BEGIN|[324]|Op:Upsert|Type:Centify__Salesforce_Sync_Settings__c|Rows:1
11:47:04.24 (78085903)|DML_END|[324]
11:47:04.116 (116092154)|CUMULATIVE_LIMIT_USAGE
11:47:04.116 (116092154)|LIMIT_USAGE_FOR_NS|(default)|
  Number of SOQL queries: 0 out of 200
  Number of query rows: 0 out of 50000
  Number of SOSL queries: 0 out of 20
  Number of DML statements: 0 out of 150
  Number of DML rows: 0 out of 10000
  Maximum CPU time: 0 out of 60000
  Maximum heap size: 0 out of 12000000
  Number of callouts: 0 out of 0
  Number of Email Invocations: 0 out of 10
  Number of future calls: 0 out of 0
  Number of queueable jobs added to the queue: 0 out of 1
  Number of Mobile Apex push calls: 0 out of 10

11:47:04.116 (116092154)|LIMIT_USAGE_FOR_NS|Centify|
  Number of SOQL queries: 0 out of 200
  Number of query rows: 0 out of 50000
  Number of SOSL queries: 0 out of 20
  Number of DML statements: 0 out of 150
  Number of DML rows: 0 out of 10000
  Maximum CPU time: 0 out of 60000
  Maximum heap size: 0 out of 12000000
  Number of callouts: 0 out of 0
  Number of Email Invocations: 0 out of 10
  Number of future calls: 0 out of 0
  Number of queueable jobs added to the queue: 0 out of 1
  Number of Mobile Apex push calls: 0 out of 10

11:47:04.116 (116092154)|CUMULATIVE_LIMIT_USAGE_END

