37.0 APEX_CODE,FINEST;APEX_PROFILING,INFO;CALLOUT,INFO;DB,INFO;NBA,INFO;SYSTEM,DEBUG;VALIDATION,INFO;VISUALFORCE,INFO;WAVE,INFO;WORKFLOW,INFO
11:51:14.10 (10684527)|ENTERING_MANAGED_PKG|Centify
11:51:14.10 (14415772)|ENTERING_MANAGED_PKG|Centify
11:51:14.10 (14478004)|ENTERING_MANAGED_PKG|Centify
11:51:14.10 (15190901)|ENTERING_MANAGED_PKG|Centify
11:51:14.10 (15231165)|ENTERING_MANAGED_PKG|Centify
11:51:14.10 (15321915)|ENTERING_MANAGED_PKG|Centify
11:51:14.10 (15789394)|ENTERING_MANAGED_PKG|Centify
11:51:14.10 (23314832)|ENTERING_MANAGED_PKG|Centify
11:51:14.10 (23374729)|ENTERING_MANAGED_PKG|Centify
11:51:14.10 (23632748)|ENTERING_MANAGED_PKG|Centify
11:51:14.10 (23665672)|ENTERING_MANAGED_PKG|Centify
11:51:14.10 (23930849)|ENTERING_MANAGED_PKG|Centify
11:51:14.10 (25231412)|ENTERING_MANAGED_PKG|Centify
11:51:14.10 (25279225)|ENTERING_MANAGED_PKG|Centify
11:51:14.10 (25392269)|ENTERING_MANAGED_PKG|Centify
11:51:14.10 (25470768)|ENTERING_MANAGED_PKG|Centify
11:51:14.10 (25493942)|ENTERING_MANAGED_PKG|Centify
11:51:14.10 (25560657)|ENTERING_MANAGED_PKG|Centify
11:51:14.10 (25585484)|ENTERING_MANAGED_PKG|Centify
11:51:14.10 (25616750)|ENTERING_MANAGED_PKG|Centify
11:51:14.10 (25749211)|ENTERING_MANAGED_PKG|Centify
11:51:14.10 (25791803)|ENTERING_MANAGED_PKG|Centify
11:51:14.10 (26517440)|ENTERING_MANAGED_PKG|Centify
11:51:14.10 (26558958)|ENTERING_MANAGED_PKG|Centify
11:51:14.10 (26595990)|ENTERING_MANAGED_PKG|Centify
11:51:14.10 (26733971)|ENTERING_MANAGED_PKG|Centify
11:51:14.10 (26787785)|ENTERING_MANAGED_PKG|Centify
11:51:14.10 (27008296)|ENTERING_MANAGED_PKG|Centify
11:51:14.10 (27088150)|ENTERING_MANAGED_PKG|Centify
11:51:14.10 (27899945)|ENTERING_MANAGED_PKG|Centify
11:51:14.10 (28042955)|ENTERING_MANAGED_PKG|Centify
11:51:14.10 (28128105)|ENTERING_MANAGED_PKG|Centify
11:51:14.10 (28191736)|ENTERING_MANAGED_PKG|Centify
11:51:14.10 (28263939)|ENTERING_MANAGED_PKG|Centify
11:51:14.10 (28383481)|ENTERING_MANAGED_PKG|Centify
11:51:14.10 (28457344)|ENTERING_MANAGED_PKG|Centify
11:51:14.10 (28517652)|ENTERING_MANAGED_PKG|Centify
11:51:14.10 (28584939)|ENTERING_MANAGED_PKG|Centify
11:51:14.10 (28642967)|ENTERING_MANAGED_PKG|Centify
11:51:14.10 (28706722)|ENTERING_MANAGED_PKG|Centify
11:51:14.10 (28764525)|ENTERING_MANAGED_PKG|Centify
11:51:14.10 (28828678)|ENTERING_MANAGED_PKG|Centify
11:51:14.10 (28885903)|ENTERING_MANAGED_PKG|Centify
11:51:14.10 (28955448)|ENTERING_MANAGED_PKG|Centify
11:51:14.10 (29013245)|ENTERING_MANAGED_PKG|Centify
11:51:14.10 (29078415)|ENTERING_MANAGED_PKG|Centify
11:51:14.10 (29136376)|ENTERING_MANAGED_PKG|Centify
11:51:14.10 (29202045)|ENTERING_MANAGED_PKG|Centify
11:51:14.10 (29321855)|ENTERING_MANAGED_PKG|Centify
11:51:14.10 (29399019)|ENTERING_MANAGED_PKG|Centify
11:51:14.10 (29523174)|ENTERING_MANAGED_PKG|Centify
11:51:14.10 (29595528)|ENTERING_MANAGED_PKG|Centify
11:51:14.10 (29653332)|ENTERING_MANAGED_PKG|Centify
11:51:14.10 (29717594)|ENTERING_MANAGED_PKG|Centify
11:51:14.10 (29774794)|ENTERING_MANAGED_PKG|Centify
11:51:14.10 (29840331)|ENTERING_MANAGED_PKG|Centify
11:51:14.10 (29960535)|ENTERING_MANAGED_PKG|Centify
11:51:14.10 (30035466)|ENTERING_MANAGED_PKG|Centify
11:51:14.10 (30147457)|ENTERING_MANAGED_PKG|Centify
11:51:14.10 (30219823)|ENTERING_MANAGED_PKG|Centify
11:51:14.10 (30338676)|ENTERING_MANAGED_PKG|Centify
11:51:14.10 (30410320)|ENTERING_MANAGED_PKG|Centify
11:51:14.10 (30469267)|ENTERING_MANAGED_PKG|Centify
11:51:14.10 (30534137)|ENTERING_MANAGED_PKG|Centify
11:51:14.10 (30591322)|ENTERING_MANAGED_PKG|Centify
11:51:14.10 (30654919)|ENTERING_MANAGED_PKG|Centify
11:51:14.10 (30712785)|ENTERING_MANAGED_PKG|Centify
11:51:14.10 (30776402)|ENTERING_MANAGED_PKG|Centify
11:51:14.10 (30833508)|ENTERING_MANAGED_PKG|Centify
11:51:14.10 (30899323)|ENTERING_MANAGED_PKG|Centify
11:51:14.10 (31028127)|ENTERING_MANAGED_PKG|Centify
11:51:14.10 (31101827)|ENTERING_MANAGED_PKG|Centify
11:51:14.10 (31160759)|ENTERING_MANAGED_PKG|Centify
11:51:14.10 (31227219)|ENTERING_MANAGED_PKG|Centify
11:51:14.10 (31284460)|ENTERING_MANAGED_PKG|Centify
11:51:14.10 (31333189)|ENTERING_MANAGED_PKG|Centify
11:51:14.10 (31555011)|ENTERING_MANAGED_PKG|Centify
11:51:14.10 (31586786)|ENTERING_MANAGED_PKG|Centify
11:51:14.10 (31643559)|ENTERING_MANAGED_PKG|Centify
11:51:14.10 (31682480)|ENTERING_MANAGED_PKG|Centify
11:51:14.10 (31722167)|ENTERING_MANAGED_PKG|Centify
11:51:14.10 (31798960)|ENTERING_MANAGED_PKG|Centify
11:51:14.10 (33347863)|DML_BEGIN|[76]|Op:Insert|Type:Centify__Notification__c|Rows:1
11:51:14.10 (75893078)|DML_END|[76]
11:51:14.10 (76105811)|ENTERING_MANAGED_PKG|Centify
11:51:14.10 (76528790)|ENTERING_MANAGED_PKG|Centify
11:51:14.97 (97216360)|CUMULATIVE_LIMIT_USAGE
11:51:14.97 (97216360)|LIMIT_USAGE_FOR_NS|(default)|
  Number of SOQL queries: 0 out of 200
  Number of query rows: 0 out of 50000
  Number of SOSL queries: 0 out of 20
  Number of DML statements: 0 out of 150
  Number of DML rows: 0 out of 10000
  Maximum CPU time: 0 out of 60000
  Maximum heap size: 0 out of 12000000
  Number of callouts: 0 out of 0
  Number of Email Invocations: 0 out of 10
  Number of future calls: 0 out of 0
  Number of queueable jobs added to the queue: 0 out of 1
  Number of Mobile Apex push calls: 0 out of 10

11:51:14.97 (97216360)|LIMIT_USAGE_FOR_NS|Centify|
  Number of SOQL queries: 0 out of 200
  Number of query rows: 0 out of 50000
  Number of SOSL queries: 0 out of 20
  Number of DML statements: 0 out of 150
  Number of DML rows: 0 out of 10000
  Maximum CPU time: 0 out of 60000
  Maximum heap size: 0 out of 12000000
  Number of callouts: 0 out of 0
  Number of Email Invocations: 0 out of 10
  Number of future calls: 0 out of 0
  Number of queueable jobs added to the queue: 0 out of 1
  Number of Mobile Apex push calls: 0 out of 10

11:51:14.97 (97216360)|CUMULATIVE_LIMIT_USAGE_END

