37.0 APEX_CODE,FINEST;APEX_PROFILING,INFO;CALLOUT,INFO;DB,INFO;NBA,INFO;SYSTEM,DEBUG;VALIDATION,INFO;VISUALFORCE,INFO;WAVE,INFO;WORKFLOW,INFO
17:07:24.24 (24348080)|ENTERING_MANAGED_PKG|Centify
17:07:24.24 (25591308)|ENTERING_MANAGED_PKG|Centify
17:07:24.24 (25652055)|ENTERING_MANAGED_PKG|Centify
17:07:24.24 (26807694)|ENTERING_MANAGED_PKG|Centify
17:07:24.24 (26914111)|ENTERING_MANAGED_PKG|Centify
17:07:24.24 (26959958)|ENTERING_MANAGED_PKG|Centify
17:07:24.24 (31526161)|DML_BEGIN|[324]|Op:Upsert|Type:Centify__Salesforce_Sync_Settings__c|Rows:1
17:07:24.24 (62960445)|DML_END|[324]
17:07:24.88 (88074610)|CUMULATIVE_LIMIT_USAGE
17:07:24.88 (88074610)|LIMIT_USAGE_FOR_NS|(default)|
  Number of SOQL queries: 0 out of 200
  Number of query rows: 0 out of 50000
  Number of SOSL queries: 0 out of 20
  Number of DML statements: 0 out of 150
  Number of DML rows: 0 out of 10000
  Maximum CPU time: 0 out of 60000
  Maximum heap size: 0 out of 12000000
  Number of callouts: 0 out of 0
  Number of Email Invocations: 0 out of 10
  Number of future calls: 0 out of 0
  Number of queueable jobs added to the queue: 0 out of 1
  Number of Mobile Apex push calls: 0 out of 10

17:07:24.88 (88074610)|LIMIT_USAGE_FOR_NS|Centify|
  Number of SOQL queries: 0 out of 200
  Number of query rows: 0 out of 50000
  Number of SOSL queries: 0 out of 20
  Number of DML statements: 0 out of 150
  Number of DML rows: 0 out of 10000
  Maximum CPU time: 0 out of 60000
  Maximum heap size: 0 out of 12000000
  Number of callouts: 0 out of 0
  Number of Email Invocations: 0 out of 10
  Number of future calls: 0 out of 0
  Number of queueable jobs added to the queue: 0 out of 1
  Number of Mobile Apex push calls: 0 out of 10

17:07:24.88 (88074610)|CUMULATIVE_LIMIT_USAGE_END

