37.0 APEX_CODE,FINEST;APEX_PROFILING,INFO;CALLOUT,INFO;DB,INFO;NBA,INFO;SYSTEM,DEBUG;VALIDATION,INFO;VISUALFORCE,INFO;WAVE,INFO;WORKFLOW,INFO
11:42:14.0 (108088)|USER_INFO|[EXTERNAL]|00590000000Vmmq|ben@bjbglobal.com.au|Australian Eastern Standard Time|GMT+10:00
11:42:14.0 (150323)|EXECUTION_STARTED
11:42:14.0 (154598)|CODE_UNIT_STARTED|[EXTERNAL]|0666F000007GVD0|VF: /apex/SeoGeoCompare
11:42:14.0 (2376261)|VF_DESERIALIZE_VIEWSTATE_BEGIN|0666F000007GVD0
11:42:14.0 (8625035)|HEAP_ALLOCATE|[72]|Bytes:3
11:42:14.0 (8690611)|HEAP_ALLOCATE|[77]|Bytes:152
11:42:14.0 (8713681)|HEAP_ALLOCATE|[342]|Bytes:408
11:42:14.0 (8734006)|HEAP_ALLOCATE|[355]|Bytes:408
11:42:14.0 (8761936)|HEAP_ALLOCATE|[467]|Bytes:48
11:42:14.0 (8800960)|HEAP_ALLOCATE|[139]|Bytes:6
11:42:14.0 (8836661)|HEAP_ALLOCATE|[50]|Bytes:5
11:42:14.0 (8870663)|HEAP_ALLOCATE|[56]|Bytes:5
11:42:14.0 (8892128)|HEAP_ALLOCATE|[64]|Bytes:7
11:42:14.0 (12856512)|VF_DESERIALIZE_VIEWSTATE_END
11:42:14.0 (16215787)|SYSTEM_MODE_ENTER|true
11:42:14.0 (16268968)|HEAP_ALLOCATE|[EXTERNAL]|Bytes:196
11:42:14.0 (16285895)|HEAP_ALLOCATE|[EXTERNAL]|Bytes:30
11:42:14.0 (16307280)|METHOD_ENTRY|[1]|01p6F000009rEEx|SeoGeoController.SeoGeoController()
11:42:14.0 (16315355)|STATEMENT_EXECUTE|[1]
11:42:14.0 (16324672)|STATEMENT_EXECUTE|[1]
11:42:14.0 (16341575)|SYSTEM_MODE_ENTER|false
11:42:14.0 (16361901)|HEAP_ALLOCATE|[EXTERNAL]|Bytes:5
11:42:14.0 (16375445)|SYSTEM_MODE_EXIT|false
11:42:14.0 (16387728)|METHOD_EXIT|[1]|SeoGeoController
11:42:14.0 (17031940)|HEAP_ALLOCATE|[EXTERNAL]|Bytes:24
11:42:14.0 (17048773)|VARIABLE_SCOPE_BEGIN|[59]|this|SeoGeoController|true|false
11:42:14.0 (17126422)|VARIABLE_ASSIGNMENT|[59]|this|{"allGeo":"0x4ed6bf94","device":"desktop","refreshRequired":true,"selectedGeo":"0x5271b5f8","seoWebsite":"0x7fa801b2"}|0x336942d7
11:42:14.0 (17154896)|SYSTEM_MODE_ENTER|false
11:42:14.0 (17165376)|HEAP_ALLOCATE|[65]|Bytes:5
11:42:14.0 (17171446)|STATEMENT_EXECUTE|[59]
11:42:14.0 (17173793)|STATEMENT_EXECUTE|[65]
11:42:14.0 (17192296)|SYSTEM_MODE_EXIT|false
11:42:14.0 (27154295)|SYSTEM_MODE_ENTER|true
11:42:14.27 (27723887)|SYSTEM_MODE_ENTER|true
11:42:14.27 (27841275)|HEAP_ALLOCATE|[EXTERNAL]|Bytes:38
11:42:14.27 (27858789)|HEAP_ALLOCATE|[EXTERNAL]|Bytes:7
11:42:14.28 (28175460)|SYSTEM_MODE_ENTER|true
11:42:14.28 (28228918)|HEAP_ALLOCATE|[EXTERNAL]|Bytes:8
11:42:14.28 (28238616)|VARIABLE_SCOPE_BEGIN|[2]|this|ApexPage.PageMessagesComponentController|true|false
11:42:14.28 (28284567)|VARIABLE_ASSIGNMENT|[2]|this|{}|0x2c88e803
11:42:14.0 (29355743)|SYSTEM_MODE_ENTER|true
11:42:14.0 (29448434)|SYSTEM_MODE_ENTER|true
11:42:14.0 (29494603)|HEAP_ALLOCATE|[EXTERNAL]|Bytes:164
11:42:14.0 (29505677)|HEAP_ALLOCATE|[EXTERNAL]|Bytes:12
11:42:14.0 (29515870)|METHOD_ENTRY|[5]|01p6F000009rEEv|MultiselectController.MultiselectController()
11:42:14.0 (29522299)|STATEMENT_EXECUTE|[5]
11:42:14.0 (29527384)|STATEMENT_EXECUTE|[5]
11:42:14.0 (29538610)|SYSTEM_MODE_ENTER|false
11:42:14.0 (29549675)|HEAP_ALLOCATE|[EXTERNAL]|Bytes:5
11:42:14.0 (29559230)|SYSTEM_MODE_EXIT|false
11:42:14.0 (29568581)|METHOD_EXIT|[5]|MultiselectController
11:42:14.0 (29585684)|HEAP_ALLOCATE|[EXTERNAL]|Bytes:232
11:42:14.0 (29590937)|HEAP_ALLOCATE|[EXTERNAL]|Bytes:20
11:42:14.0 (29619677)|VARIABLE_ASSIGNMENT|[EXTERNAL]|this.leftOptions|"List of size 57 too large to display"|0x3271538d
11:42:14.0 (29704287)|SYSTEM_MODE_ENTER|true
11:42:14.0 (29771585)|SYSTEM_MODE_ENTER|true
11:42:14.0 (29805745)|HEAP_ALLOCATE|[EXTERNAL]|Bytes:4
11:42:14.0 (29811825)|HEAP_ALLOCATE|[EXTERNAL]|Bytes:20
11:42:14.0 (29827181)|VARIABLE_ASSIGNMENT|[EXTERNAL]|this.rightOptions|[]|0x3271538d
11:42:14.0 (29993252)|SYSTEM_MODE_ENTER|true
11:42:14.0 (30497202)|SYSTEM_MODE_ENTER|true
11:42:14.0 (30800506)|SYSTEM_MODE_ENTER|true
11:42:14.0 (34291243)|SYSTEM_MODE_ENTER|true
11:42:14.0 (34385894)|HEAP_ALLOCATE|[EXTERNAL]|Bytes:24
11:42:14.0 (34401064)|VARIABLE_SCOPE_BEGIN|[76]|this|SeoGeoController|true|false
11:42:14.0 (34467173)|VARIABLE_ASSIGNMENT|[76]|this|{"allGeo":"0x4ed6bf94","device":"desktop","refreshRequired":true,"selectedGeo":"0x5271b5f8","seoWebsite":"0x7fa801b2"}|0x336942d7
11:42:14.0 (34499633)|SYSTEM_MODE_ENTER|false
11:42:14.0 (34513790)|HEAP_ALLOCATE|[77]|Bytes:5
11:42:14.0 (34521681)|STATEMENT_EXECUTE|[76]
11:42:14.0 (34524355)|STATEMENT_EXECUTE|[77]
11:42:14.0 (34558285)|VARIABLE_SCOPE_BEGIN|[77]|geoTable|String|false|false
11:42:14.0 (34571123)|VARIABLE_ASSIGNMENT|[77]|geoTable|null
11:42:14.0 (34575739)|STATEMENT_EXECUTE|[80]
11:42:14.0 (34602513)|METHOD_ENTRY|[80]|01p6F000009rEEx|SeoGeoController.getGeoURL()
11:42:14.0 (34626222)|VARIABLE_SCOPE_BEGIN|[97]|this|SeoGeoController|true|false
11:42:14.0 (34663932)|VARIABLE_ASSIGNMENT|[97]|this|{"allGeo":"0x4ed6bf94","device":"desktop","refreshRequired":true,"selectedGeo":"0x5271b5f8","seoWebsite":"0x7fa801b2"}|0x336942d7
11:42:14.0 (34679485)|HEAP_ALLOCATE|[99]|Bytes:5
11:42:14.0 (34685113)|STATEMENT_EXECUTE|[97]
11:42:14.0 (34687026)|STATEMENT_EXECUTE|[99]
11:42:14.0 (34696681)|HEAP_ALLOCATE|[99]|Bytes:56
11:42:14.0 (34751240)|VARIABLE_ASSIGNMENT|[EXTERNAL]|this|{"allGeo":"0x4ed6bf94","device":"desktop","refreshRequired":true,"selectedGeo":"0x5271b5f8","seoWebsite":"0x7fa801b2"}|0x336942d7
11:42:14.0 (34834579)|HEAP_ALLOCATE|[99]|Bytes:18
11:42:14.0 (34843777)|HEAP_ALLOCATE|[99]|Bytes:5
11:42:14.0 (34913371)|HEAP_ALLOCATE|[99]|Bytes:15
11:42:14.0 (34930420)|SYSTEM_METHOD_ENTRY|[1]|EncodingUtil.EncodingUtil()
11:42:14.0 (34936500)|STATEMENT_EXECUTE|[1]
11:42:14.0 (34949112)|SYSTEM_METHOD_EXIT|[1]|EncodingUtil
11:42:14.0 (34963391)|METHOD_ENTRY|[99]||System.EncodingUtil.urlEncode(String, String)
11:42:14.0 (35030858)|METHOD_EXIT|[99]||System.EncodingUtil.urlEncode(String, String)
11:42:14.0 (35048248)|HEAP_ALLOCATE|[99]|Bytes:74
11:42:14.0 (35057877)|VARIABLE_SCOPE_BEGIN|[99]|consolePath|String|false|false
11:42:14.0 (35074009)|VARIABLE_ASSIGNMENT|[99]|consolePath|"/?c=seo&action=keywo (54 more) ..."
11:42:14.0 (35128688)|VARIABLE_ASSIGNMENT|[EXTERNAL]|this|{"allGeo":"0x4ed6bf94","device":"desktop","refreshRequired":true,"selectedGeo":"0x5271b5f8","seoWebsite":"0x7fa801b2"}|0x336942d7
11:42:14.0 (35188306)|HEAP_ALLOCATE|[101]|Bytes:5
11:42:14.0 (35210777)|VARIABLE_ASSIGNMENT|[101]|so|null|
11:42:14.0 (35219396)|STATEMENT_EXECUTE|[101]
11:42:14.0 (35267160)|VARIABLE_ASSIGNMENT|[EXTERNAL]|this|{"allGeo":"0x4ed6bf94","device":"desktop","refreshRequired":true,"selectedGeo":"0x5271b5f8","seoWebsite":"0x7fa801b2"}|0x336942d7
11:42:14.0 (35321401)|STATEMENT_EXECUTE|[105]
11:42:14.0 (35324100)|STATEMENT_EXECUTE|[106]
11:42:14.0 (35335147)|HEAP_ALLOCATE|[106]|Bytes:13
11:42:14.0 (35387450)|VARIABLE_ASSIGNMENT|[EXTERNAL]|this|{"allGeo":"0x4ed6bf94","device":"desktop","refreshRequired":true,"selectedGeo":"0x5271b5f8","seoWebsite":"0x7fa801b2"}|0x336942d7
11:42:14.0 (35411000)|METHOD_ENTRY|[106]||System.EncodingUtil.urlEncode(String, String)
11:42:14.0 (35449987)|METHOD_EXIT|[106]||System.EncodingUtil.urlEncode(String, String)
11:42:14.0 (35458207)|HEAP_ALLOCATE|[106]|Bytes:49
11:42:14.0 (35463733)|HEAP_ALLOCATE|[106]|Bytes:123
11:42:14.0 (35475635)|VARIABLE_ASSIGNMENT|[106]|consolePath|"/?c=seo&action=keywo (103 more) ..."
11:42:14.0 (35523686)|VARIABLE_ASSIGNMENT|[EXTERNAL]|this|{"allGeo":"0x4ed6bf94","device":"desktop","refreshRequired":true,"selectedGeo":"0x5271b5f8","seoWebsite":"0x7fa801b2"}|0x336942d7
11:42:14.0 (35542861)|HEAP_ALLOCATE|[109]|Bytes:6
11:42:14.0 (35573528)|STATEMENT_EXECUTE|[109]
11:42:14.0 (35581564)|STATEMENT_EXECUTE|[113]
11:42:14.0 (35595066)|METHOD_ENTRY|[113]|01p6F000009rEEx|SeoGeoController.getKeywordIdQueryString()
11:42:14.0 (35615885)|VARIABLE_SCOPE_BEGIN|[43]|this|SeoGeoController|true|false
11:42:14.0 (35645411)|VARIABLE_ASSIGNMENT|[43]|this|{"allGeo":"0x4ed6bf94","device":"desktop","refreshRequired":true,"selectedGeo":"0x5271b5f8","seoWebsite":"0x7fa801b2"}|0x336942d7
11:42:14.0 (35663971)|HEAP_ALLOCATE|[44]|Bytes:5
11:42:14.0 (35669537)|STATEMENT_EXECUTE|[43]
11:42:14.0 (35671642)|STATEMENT_EXECUTE|[44]
11:42:14.0 (35681420)|VARIABLE_SCOPE_BEGIN|[44]|keywordQueryString|String|false|false
11:42:14.0 (35692064)|VARIABLE_ASSIGNMENT|[44]|keywordQueryString|""
11:42:14.0 (35697045)|STATEMENT_EXECUTE|[47]
11:42:14.0 (35702891)|HEAP_ALLOCATE|[47]|Bytes:109
11:42:14.0 (35731023)|HEAP_ALLOCATE|[47]|Bytes:4
11:42:14.0 (35744763)|HEAP_ALLOCATE|[47]|Bytes:7
11:42:14.0 (35839816)|HEAP_ALLOCATE|[47]|Bytes:359
11:42:14.0 (35895854)|HEAP_ALLOCATE|[47]|Bytes:336
11:42:14.0 (35919263)|HEAP_ALLOCATE|[47]|Bytes:2
11:42:14.0 (36585432)|SOQL_EXECUTE_BEGIN|[47]|Aggregations:0|SELECT Id FROM seoThemeKeywords__c WHERE seoWebsites__c = :tmpVar1 ORDER BY Google_Current__c ASC NULLS FIRST
11:42:14.0 (42524754)|SOQL_EXECUTE_END|[47]|Rows:30
11:42:14.0 (42569431)|HEAP_ALLOCATE|[47]|Bytes:124
11:42:14.0 (42634038)|HEAP_ALLOCATE|[47]|Bytes:1650
11:42:14.0 (42740135)|HEAP_ALLOCATE|[47]|Bytes:124
11:42:14.0 (42769857)|VARIABLE_SCOPE_BEGIN|[47]|seoKeywords|List<seoThemeKeywords__c>|true|false
11:42:14.0 (42811405)|VARIABLE_ASSIGNMENT|[47]|seoKeywords|"List of size 30 too large to display"|0xdf4075f
11:42:14.0 (42920261)|STATEMENT_EXECUTE|[49]
11:42:14.0 (43102024)|HEAP_ALLOCATE|[50]|Bytes:5
11:42:14.0 (43146110)|HEAP_ALLOCATE|[50]|Bytes:12
11:42:14.0 (43163642)|VARIABLE_SCOPE_BEGIN|[50]|seoKeyword|seoThemeKeywords__c|true|false
11:42:14.0 (43200359)|VARIABLE_ASSIGNMENT|[50]|seoKeyword|{"Id":"a1D6F000003TvPBUA0","CurrencyIsoCode":"AUD"}|0x15084305
11:42:14.0 (43211910)|STATEMENT_EXECUTE|[50]
11:42:14.0 (43214876)|STATEMENT_EXECUTE|[51]
11:42:14.0 (43231069)|HEAP_ALLOCATE|[51]|Bytes:5
11:42:14.0 (43297179)|HEAP_ALLOCATE|[51]|Bytes:18
11:42:14.0 (43325646)|METHOD_ENTRY|[51]||System.EncodingUtil.urlEncode(String, String)
11:42:14.0 (43402074)|METHOD_EXIT|[51]||System.EncodingUtil.urlEncode(String, String)
11:42:14.0 (43416540)|HEAP_ALLOCATE|[51]|Bytes:23
11:42:14.0 (43427872)|HEAP_ALLOCATE|[51]|Bytes:23
11:42:14.0 (43447488)|VARIABLE_ASSIGNMENT|[51]|keywordQueryString|"&k[]=a1D6F000003TvPB (3 more) ..."
11:42:14.0 (43473558)|HEAP_ALLOCATE|[50]|Bytes:5
11:42:14.0 (43496212)|HEAP_ALLOCATE|[50]|Bytes:12
11:42:14.0 (43510367)|VARIABLE_SCOPE_BEGIN|[50]|seoKeyword|seoThemeKeywords__c|true|false
11:42:14.0 (43536709)|VARIABLE_ASSIGNMENT|[50]|seoKeyword|{"Id":"a1D6F000003TvPXUA0","CurrencyIsoCode":"AUD"}|0x6b676b96
11:42:14.0 (43548263)|STATEMENT_EXECUTE|[50]
11:42:14.0 (43551034)|STATEMENT_EXECUTE|[51]
11:42:14.0 (43578160)|HEAP_ALLOCATE|[51]|Bytes:18
11:42:14.0 (43595098)|METHOD_ENTRY|[51]||System.EncodingUtil.urlEncode(String, String)
11:42:14.0 (43639563)|METHOD_EXIT|[51]||System.EncodingUtil.urlEncode(String, String)
11:42:14.0 (43651704)|HEAP_ALLOCATE|[51]|Bytes:23
11:42:14.0 (43660253)|HEAP_ALLOCATE|[51]|Bytes:46
11:42:14.0 (43677063)|VARIABLE_ASSIGNMENT|[51]|keywordQueryString|"&k[]=a1D6F000003TvPB (26 more) ..."
11:42:14.0 (43698998)|HEAP_ALLOCATE|[50]|Bytes:5
11:42:14.0 (43720057)|HEAP_ALLOCATE|[50]|Bytes:12
11:42:14.0 (43737132)|VARIABLE_SCOPE_BEGIN|[50]|seoKeyword|seoThemeKeywords__c|true|false
11:42:14.0 (43764056)|VARIABLE_ASSIGNMENT|[50]|seoKeyword|{"Id":"a1D6F000003TvPVUA0","CurrencyIsoCode":"AUD"}|0x35095ef3
11:42:14.0 (43775098)|STATEMENT_EXECUTE|[50]
11:42:14.0 (43777667)|STATEMENT_EXECUTE|[51]
11:42:14.0 (43801314)|HEAP_ALLOCATE|[51]|Bytes:18
11:42:14.0 (43817406)|METHOD_ENTRY|[51]||System.EncodingUtil.urlEncode(String, String)
11:42:14.0 (43859881)|METHOD_EXIT|[51]||System.EncodingUtil.urlEncode(String, String)
11:42:14.0 (43872412)|HEAP_ALLOCATE|[51]|Bytes:23
11:42:14.0 (43880858)|HEAP_ALLOCATE|[51]|Bytes:69
11:42:14.0 (43897405)|VARIABLE_ASSIGNMENT|[51]|keywordQueryString|"&k[]=a1D6F000003TvPB (49 more) ..."
11:42:14.0 (43921729)|HEAP_ALLOCATE|[50]|Bytes:5
11:42:14.0 (43945367)|HEAP_ALLOCATE|[50]|Bytes:12
11:42:14.0 (43959039)|VARIABLE_SCOPE_BEGIN|[50]|seoKeyword|seoThemeKeywords__c|true|false
11:42:14.0 (43983477)|VARIABLE_ASSIGNMENT|[50]|seoKeyword|{"Id":"a1D6F000003TvP9UAK","CurrencyIsoCode":"AUD"}|0x31897cc2
11:42:14.0 (43994716)|STATEMENT_EXECUTE|[50]
11:42:14.0 (43997373)|STATEMENT_EXECUTE|[51]
11:42:14.0 (44021807)|HEAP_ALLOCATE|[51]|Bytes:18
11:42:14.0 (44039041)|METHOD_ENTRY|[51]||System.EncodingUtil.urlEncode(String, String)
11:42:14.0 (44081477)|METHOD_EXIT|[51]||System.EncodingUtil.urlEncode(String, String)
11:42:14.0 (44092469)|HEAP_ALLOCATE|[51]|Bytes:23
11:42:14.0 (44101705)|HEAP_ALLOCATE|[51]|Bytes:92
11:42:14.0 (44118388)|VARIABLE_ASSIGNMENT|[51]|keywordQueryString|"&k[]=a1D6F000003TvPB (72 more) ..."
11:42:14.0 (44140701)|HEAP_ALLOCATE|[50]|Bytes:5
11:42:14.0 (44161688)|HEAP_ALLOCATE|[50]|Bytes:12
11:42:14.0 (44174440)|VARIABLE_SCOPE_BEGIN|[50]|seoKeyword|seoThemeKeywords__c|true|false
11:42:14.0 (44198046)|VARIABLE_ASSIGNMENT|[50]|seoKeyword|{"Id":"a1D6F000003TvPNUA0","CurrencyIsoCode":"AUD"}|0x66ce019d
11:42:14.0 (44208421)|STATEMENT_EXECUTE|[50]
11:42:14.0 (44210903)|STATEMENT_EXECUTE|[51]
11:42:14.0 (44232453)|HEAP_ALLOCATE|[51]|Bytes:18
11:42:14.0 (44253862)|METHOD_ENTRY|[51]||System.EncodingUtil.urlEncode(String, String)
11:42:14.0 (44295140)|METHOD_EXIT|[51]||System.EncodingUtil.urlEncode(String, String)
11:42:14.0 (44324274)|HEAP_ALLOCATE|[51]|Bytes:23
11:42:14.0 (44339479)|HEAP_ALLOCATE|[51]|Bytes:115
11:42:14.0 (44356230)|VARIABLE_ASSIGNMENT|[51]|keywordQueryString|"&k[]=a1D6F000003TvPB (95 more) ..."
11:42:14.0 (44380086)|HEAP_ALLOCATE|[50]|Bytes:5
11:42:14.0 (44399007)|HEAP_ALLOCATE|[50]|Bytes:12
11:42:14.0 (44408152)|VARIABLE_SCOPE_BEGIN|[50]|seoKeyword|seoThemeKeywords__c|true|false
11:42:14.0 (44427567)|VARIABLE_ASSIGNMENT|[50]|seoKeyword|{"Id":"a1D6F000003TvPAUA0","CurrencyIsoCode":"AUD"}|0x36a5ed09
11:42:14.0 (44434765)|STATEMENT_EXECUTE|[50]
11:42:14.0 (44436990)|STATEMENT_EXECUTE|[51]
11:42:14.0 (44458392)|HEAP_ALLOCATE|[51]|Bytes:18
11:42:14.0 (44470346)|METHOD_ENTRY|[51]||System.EncodingUtil.urlEncode(String, String)
11:42:14.0 (44503571)|METHOD_EXIT|[51]||System.EncodingUtil.urlEncode(String, String)
11:42:14.0 (44510515)|HEAP_ALLOCATE|[51]|Bytes:23
11:42:14.0 (44515787)|HEAP_ALLOCATE|[51]|Bytes:138
11:42:14.0 (44526439)|VARIABLE_ASSIGNMENT|[51]|keywordQueryString|"&k[]=a1D6F000003TvPB (118 more) ..."
11:42:14.0 (44540355)|HEAP_ALLOCATE|[50]|Bytes:5
11:42:14.0 (44554234)|HEAP_ALLOCATE|[50]|Bytes:12
11:42:14.0 (44560913)|VARIABLE_SCOPE_BEGIN|[50]|seoKeyword|seoThemeKeywords__c|true|false
11:42:14.0 (44576659)|VARIABLE_ASSIGNMENT|[50]|seoKeyword|{"Id":"a1D6F000003TvPCUA0","CurrencyIsoCode":"AUD"}|0x4924d3e8
11:42:14.0 (44583444)|STATEMENT_EXECUTE|[50]
11:42:14.0 (44585229)|STATEMENT_EXECUTE|[51]
11:42:14.0 (44600396)|HEAP_ALLOCATE|[51]|Bytes:18
11:42:14.0 (44609735)|METHOD_ENTRY|[51]||System.EncodingUtil.urlEncode(String, String)
11:42:14.0 (44635661)|METHOD_EXIT|[51]||System.EncodingUtil.urlEncode(String, String)
11:42:14.0 (44641315)|HEAP_ALLOCATE|[51]|Bytes:23
11:42:14.0 (44646116)|HEAP_ALLOCATE|[51]|Bytes:161
11:42:14.0 (44656481)|VARIABLE_ASSIGNMENT|[51]|keywordQueryString|"&k[]=a1D6F000003TvPB (141 more) ..."
11:42:14.0 (44669240)|HEAP_ALLOCATE|[50]|Bytes:5
11:42:14.0 (44681129)|HEAP_ALLOCATE|[50]|Bytes:12
11:42:14.0 (44687081)|VARIABLE_SCOPE_BEGIN|[50]|seoKeyword|seoThemeKeywords__c|true|false
11:42:14.0 (44702328)|VARIABLE_ASSIGNMENT|[50]|seoKeyword|{"Id":"a1D6F000003TvPPUA0","CurrencyIsoCode":"AUD"}|0x3331d962
11:42:14.0 (44707913)|STATEMENT_EXECUTE|[50]
11:42:14.0 (44709712)|STATEMENT_EXECUTE|[51]
11:42:14.0 (44722966)|HEAP_ALLOCATE|[51]|Bytes:18
11:42:14.0 (44731475)|METHOD_ENTRY|[51]||System.EncodingUtil.urlEncode(String, String)
11:42:14.0 (44755404)|METHOD_EXIT|[51]||System.EncodingUtil.urlEncode(String, String)
11:42:14.0 (44760555)|HEAP_ALLOCATE|[51]|Bytes:23
11:42:14.0 (44765332)|HEAP_ALLOCATE|[51]|Bytes:184
11:42:14.0 (44775102)|VARIABLE_ASSIGNMENT|[51]|keywordQueryString|"&k[]=a1D6F000003TvPB (164 more) ..."
11:42:14.0 (44787204)|HEAP_ALLOCATE|[50]|Bytes:5
11:42:14.0 (44798238)|HEAP_ALLOCATE|[50]|Bytes:12
11:42:14.0 (44806984)|VARIABLE_SCOPE_BEGIN|[50]|seoKeyword|seoThemeKeywords__c|true|false
11:42:14.0 (44829115)|VARIABLE_ASSIGNMENT|[50]|seoKeyword|{"Id":"a1D6F000003TvPHUA0","CurrencyIsoCode":"AUD"}|0x25e5f470
11:42:14.0 (44838391)|STATEMENT_EXECUTE|[50]
11:42:14.0 (44841264)|STATEMENT_EXECUTE|[51]
11:42:14.0 (44862123)|HEAP_ALLOCATE|[51]|Bytes:18
11:42:14.0 (44873134)|METHOD_ENTRY|[51]||System.EncodingUtil.urlEncode(String, String)
11:42:14.0 (44900883)|METHOD_EXIT|[51]||System.EncodingUtil.urlEncode(String, String)
11:42:14.0 (44909922)|HEAP_ALLOCATE|[51]|Bytes:23
11:42:14.0 (44917037)|HEAP_ALLOCATE|[51]|Bytes:207
11:42:14.0 (44932272)|VARIABLE_ASSIGNMENT|[51]|keywordQueryString|"&k[]=a1D6F000003TvPB (187 more) ..."
11:42:14.0 (44952142)|HEAP_ALLOCATE|[50]|Bytes:5
11:42:14.0 (44966312)|HEAP_ALLOCATE|[50]|Bytes:12
11:42:14.0 (44973192)|VARIABLE_SCOPE_BEGIN|[50]|seoKeyword|seoThemeKeywords__c|true|false
11:42:14.0 (44989946)|VARIABLE_ASSIGNMENT|[50]|seoKeyword|{"Id":"a1D6F000003TvPJUA0","CurrencyIsoCode":"AUD"}|0x3c319860
11:42:14.0 (44995979)|STATEMENT_EXECUTE|[50]
11:42:14.0 (44997678)|STATEMENT_EXECUTE|[51]
11:42:14.0 (45012101)|HEAP_ALLOCATE|[51]|Bytes:18
11:42:14.0 (45022505)|METHOD_ENTRY|[51]||System.EncodingUtil.urlEncode(String, String)
11:42:14.0 (45050670)|METHOD_EXIT|[51]||System.EncodingUtil.urlEncode(String, String)
11:42:14.0 (45056326)|HEAP_ALLOCATE|[51]|Bytes:23
11:42:14.0 (45061240)|HEAP_ALLOCATE|[51]|Bytes:230
11:42:14.0 (45071286)|VARIABLE_ASSIGNMENT|[51]|keywordQueryString|"&k[]=a1D6F000003TvPB (210 more) ..."
11:42:14.0 (45083150)|HEAP_ALLOCATE|[50]|Bytes:5
11:42:14.0 (45094783)|HEAP_ALLOCATE|[50]|Bytes:12
11:42:14.0 (45101317)|VARIABLE_SCOPE_BEGIN|[50]|seoKeyword|seoThemeKeywords__c|true|false
11:42:14.0 (45115623)|VARIABLE_ASSIGNMENT|[50]|seoKeyword|{"Id":"a1D6F000003TvPYUA0","CurrencyIsoCode":"AUD"}|0x53e5b79d
11:42:14.0 (45121822)|STATEMENT_EXECUTE|[50]
11:42:14.0 (45123523)|STATEMENT_EXECUTE|[51]
11:42:14.0 (45135591)|HEAP_ALLOCATE|[51]|Bytes:18
11:42:14.0 (45143510)|METHOD_ENTRY|[51]||System.EncodingUtil.urlEncode(String, String)
11:42:14.0 (45166233)|METHOD_EXIT|[51]||System.EncodingUtil.urlEncode(String, String)
11:42:14.0 (45171691)|HEAP_ALLOCATE|[51]|Bytes:23
11:42:14.0 (45176132)|HEAP_ALLOCATE|[51]|Bytes:253
11:42:14.0 (45185754)|VARIABLE_ASSIGNMENT|[51]|keywordQueryString|"&k[]=a1D6F000003TvPB (233 more) ..."
11:42:14.0 (45197038)|HEAP_ALLOCATE|[50]|Bytes:5
11:42:14.0 (45207909)|HEAP_ALLOCATE|[50]|Bytes:12
11:42:14.0 (45213195)|VARIABLE_SCOPE_BEGIN|[50]|seoKeyword|seoThemeKeywords__c|true|false
11:42:14.0 (45226355)|VARIABLE_ASSIGNMENT|[50]|seoKeyword|{"Id":"a1D6F000003TvPFUA0","CurrencyIsoCode":"AUD"}|0x6ea28e4a
11:42:14.0 (45232430)|STATEMENT_EXECUTE|[50]
11:42:14.0 (45234138)|STATEMENT_EXECUTE|[51]
11:42:14.0 (45245831)|HEAP_ALLOCATE|[51]|Bytes:18
11:42:14.0 (45254095)|METHOD_ENTRY|[51]||System.EncodingUtil.urlEncode(String, String)
11:42:14.0 (45275795)|METHOD_EXIT|[51]||System.EncodingUtil.urlEncode(String, String)
11:42:14.0 (45280873)|HEAP_ALLOCATE|[51]|Bytes:23
11:42:14.0 (45285777)|HEAP_ALLOCATE|[51]|Bytes:276
11:42:14.0 (45301580)|VARIABLE_ASSIGNMENT|[51]|keywordQueryString|"&k[]=a1D6F000003TvPB (256 more) ..."
11:42:14.0 (45314160)|HEAP_ALLOCATE|[50]|Bytes:5
11:42:14.0 (45325661)|HEAP_ALLOCATE|[50]|Bytes:12
11:42:14.0 (45331073)|VARIABLE_SCOPE_BEGIN|[50]|seoKeyword|seoThemeKeywords__c|true|false
11:42:14.0 (45345093)|VARIABLE_ASSIGNMENT|[50]|seoKeyword|{"Id":"a1D6F000003TvPOUA0","CurrencyIsoCode":"AUD"}|0x64eea19a
11:42:14.0 (45350738)|STATEMENT_EXECUTE|[50]
11:42:14.0 (45352463)|STATEMENT_EXECUTE|[51]
11:42:14.0 (45367186)|HEAP_ALLOCATE|[51]|Bytes:18
11:42:14.0 (45376036)|METHOD_ENTRY|[51]||System.EncodingUtil.urlEncode(String, String)
11:42:14.0 (45399336)|METHOD_EXIT|[51]||System.EncodingUtil.urlEncode(String, String)
11:42:14.0 (45405310)|HEAP_ALLOCATE|[51]|Bytes:23
11:42:14.0 (45409927)|HEAP_ALLOCATE|[51]|Bytes:299
11:42:14.0 (45419308)|VARIABLE_ASSIGNMENT|[51]|keywordQueryString|"&k[]=a1D6F000003TvPB (279 more) ..."
11:42:14.0 (45430482)|HEAP_ALLOCATE|[50]|Bytes:5
11:42:14.0 (45441681)|HEAP_ALLOCATE|[50]|Bytes:12
11:42:14.0 (45447102)|VARIABLE_SCOPE_BEGIN|[50]|seoKeyword|seoThemeKeywords__c|true|false
11:42:14.0 (45461497)|VARIABLE_ASSIGNMENT|[50]|seoKeyword|{"Id":"a1D6F000003TvPSUA0","CurrencyIsoCode":"AUD"}|0x54acd7ff
11:42:14.0 (45469859)|STATEMENT_EXECUTE|[50]
11:42:14.0 (45471661)|STATEMENT_EXECUTE|[51]
11:42:14.0 (45484077)|HEAP_ALLOCATE|[51]|Bytes:18
11:42:14.0 (45492474)|METHOD_ENTRY|[51]||System.EncodingUtil.urlEncode(String, String)
11:42:14.0 (45516880)|METHOD_EXIT|[51]||System.EncodingUtil.urlEncode(String, String)
11:42:14.0 (45522215)|HEAP_ALLOCATE|[51]|Bytes:23
11:42:14.0 (45526718)|HEAP_ALLOCATE|[51]|Bytes:322
11:42:14.0 (45536175)|VARIABLE_ASSIGNMENT|[51]|keywordQueryString|"&k[]=a1D6F000003TvPB (302 more) ..."
11:42:14.0 (45547171)|HEAP_ALLOCATE|[50]|Bytes:5
11:42:14.0 (45558153)|HEAP_ALLOCATE|[50]|Bytes:12
11:42:14.0 (45563735)|VARIABLE_SCOPE_BEGIN|[50]|seoKeyword|seoThemeKeywords__c|true|false
11:42:14.0 (45576952)|VARIABLE_ASSIGNMENT|[50]|seoKeyword|{"Id":"a1D6F000003TvPLUA0","CurrencyIsoCode":"AUD"}|0x2a8bdba8
11:42:14.0 (45583131)|STATEMENT_EXECUTE|[50]
11:42:14.0 (45584968)|STATEMENT_EXECUTE|[51]
11:42:14.0 (45596555)|HEAP_ALLOCATE|[51]|Bytes:18
11:42:14.0 (45603954)|METHOD_ENTRY|[51]||System.EncodingUtil.urlEncode(String, String)
11:42:14.0 (45625633)|METHOD_EXIT|[51]||System.EncodingUtil.urlEncode(String, String)
11:42:14.0 (45630602)|HEAP_ALLOCATE|[51]|Bytes:23
11:42:14.0 (45635579)|HEAP_ALLOCATE|[51]|Bytes:345
11:42:14.0 (45644784)|VARIABLE_ASSIGNMENT|[51]|keywordQueryString|"&k[]=a1D6F000003TvPB (325 more) ..."
11:42:14.0 (45656145)|HEAP_ALLOCATE|[50]|Bytes:5
11:42:14.0 (45666646)|HEAP_ALLOCATE|[50]|Bytes:12
11:42:14.0 (45671764)|VARIABLE_SCOPE_BEGIN|[50]|seoKeyword|seoThemeKeywords__c|true|false
11:42:14.0 (45685630)|VARIABLE_ASSIGNMENT|[50]|seoKeyword|{"Id":"a1D6F000003TvPTUA0","CurrencyIsoCode":"AUD"}|0x50a1d06d
11:42:14.0 (45691189)|STATEMENT_EXECUTE|[50]
11:42:14.0 (45692875)|STATEMENT_EXECUTE|[51]
11:42:14.0 (45704119)|HEAP_ALLOCATE|[51]|Bytes:18
11:42:14.0 (45711717)|METHOD_ENTRY|[51]||System.EncodingUtil.urlEncode(String, String)
11:42:14.0 (45733613)|METHOD_EXIT|[51]||System.EncodingUtil.urlEncode(String, String)
11:42:14.0 (45739012)|HEAP_ALLOCATE|[51]|Bytes:23
11:42:14.0 (45743651)|HEAP_ALLOCATE|[51]|Bytes:368
11:42:14.0 (45753029)|VARIABLE_ASSIGNMENT|[51]|keywordQueryString|"&k[]=a1D6F000003TvPB (348 more) ..."
11:42:14.0 (45763519)|HEAP_ALLOCATE|[50]|Bytes:5
11:42:14.0 (45773678)|HEAP_ALLOCATE|[50]|Bytes:12
11:42:14.0 (45779146)|VARIABLE_SCOPE_BEGIN|[50]|seoKeyword|seoThemeKeywords__c|true|false
11:42:14.0 (45792255)|VARIABLE_ASSIGNMENT|[50]|seoKeyword|{"Id":"a1D6F000003TvPMUA0","CurrencyIsoCode":"AUD"}|0x41d25992
11:42:14.0 (45798472)|STATEMENT_EXECUTE|[50]
11:42:14.0 (45800452)|STATEMENT_EXECUTE|[51]
11:42:14.0 (45811355)|HEAP_ALLOCATE|[51]|Bytes:18
11:42:14.0 (45818859)|METHOD_ENTRY|[51]||System.EncodingUtil.urlEncode(String, String)
11:42:14.0 (45840004)|METHOD_EXIT|[51]||System.EncodingUtil.urlEncode(String, String)
11:42:14.0 (45845044)|HEAP_ALLOCATE|[51]|Bytes:23
11:42:14.0 (45849892)|HEAP_ALLOCATE|[51]|Bytes:391
11:42:14.0 (45858750)|VARIABLE_ASSIGNMENT|[51]|keywordQueryString|"&k[]=a1D6F000003TvPB (371 more) ..."
11:42:14.0 (45870010)|HEAP_ALLOCATE|[50]|Bytes:5
11:42:14.0 (45880530)|HEAP_ALLOCATE|[50]|Bytes:12
11:42:14.0 (45886090)|VARIABLE_SCOPE_BEGIN|[50]|seoKeyword|seoThemeKeywords__c|true|false
11:42:14.0 (45900026)|VARIABLE_ASSIGNMENT|[50]|seoKeyword|{"Id":"a1D6F000003TvPGUA0","CurrencyIsoCode":"AUD"}|0x73f36d78
11:42:14.0 (45905713)|STATEMENT_EXECUTE|[50]
11:42:14.0 (45907566)|STATEMENT_EXECUTE|[51]
11:42:14.0 (45918552)|HEAP_ALLOCATE|[51]|Bytes:18
11:42:14.0 (45926605)|METHOD_ENTRY|[51]||System.EncodingUtil.urlEncode(String, String)
11:42:14.0 (45948672)|METHOD_EXIT|[51]||System.EncodingUtil.urlEncode(String, String)
11:42:14.0 (45953638)|HEAP_ALLOCATE|[51]|Bytes:23
11:42:14.0 (45958518)|HEAP_ALLOCATE|[51]|Bytes:414
11:42:14.0 (45967759)|VARIABLE_ASSIGNMENT|[51]|keywordQueryString|"&k[]=a1D6F000003TvPB (394 more) ..."
11:42:14.0 (45981510)|HEAP_ALLOCATE|[50]|Bytes:5
11:42:14.0 (45992398)|HEAP_ALLOCATE|[50]|Bytes:12
11:42:14.0 (45997861)|VARIABLE_SCOPE_BEGIN|[50]|seoKeyword|seoThemeKeywords__c|true|false
11:42:14.0 (46011716)|VARIABLE_ASSIGNMENT|[50]|seoKeyword|{"Id":"a1D6F000003TvPEUA0","CurrencyIsoCode":"AUD"}|0x7d1ae35
11:42:14.0 (46018455)|STATEMENT_EXECUTE|[50]
11:42:14.0 (46020227)|STATEMENT_EXECUTE|[51]
11:42:14.0 (46032154)|HEAP_ALLOCATE|[51]|Bytes:18
11:42:14.0 (46040408)|METHOD_ENTRY|[51]||System.EncodingUtil.urlEncode(String, String)
11:42:14.0 (46062468)|METHOD_EXIT|[51]||System.EncodingUtil.urlEncode(String, String)
11:42:14.0 (46068072)|HEAP_ALLOCATE|[51]|Bytes:23
11:42:14.0 (46072473)|HEAP_ALLOCATE|[51]|Bytes:437
11:42:14.0 (46081539)|VARIABLE_ASSIGNMENT|[51]|keywordQueryString|"&k[]=a1D6F000003TvPB (417 more) ..."
11:42:14.0 (46092702)|HEAP_ALLOCATE|[50]|Bytes:5
11:42:14.0 (46103369)|HEAP_ALLOCATE|[50]|Bytes:12
11:42:14.0 (46108777)|VARIABLE_SCOPE_BEGIN|[50]|seoKeyword|seoThemeKeywords__c|true|false
11:42:14.0 (46122334)|VARIABLE_ASSIGNMENT|[50]|seoKeyword|{"Id":"a1D6F000003TvPUUA0","CurrencyIsoCode":"AUD"}|0x592d341a
11:42:14.0 (46127924)|STATEMENT_EXECUTE|[50]
11:42:14.0 (46129672)|STATEMENT_EXECUTE|[51]
11:42:14.0 (46140737)|HEAP_ALLOCATE|[51]|Bytes:18
11:42:14.0 (46148439)|METHOD_ENTRY|[51]||System.EncodingUtil.urlEncode(String, String)
11:42:14.0 (46170241)|METHOD_EXIT|[51]||System.EncodingUtil.urlEncode(String, String)
11:42:14.0 (46175699)|HEAP_ALLOCATE|[51]|Bytes:23
11:42:14.0 (46180432)|HEAP_ALLOCATE|[51]|Bytes:460
11:42:14.0 (46189227)|VARIABLE_ASSIGNMENT|[51]|keywordQueryString|"&k[]=a1D6F000003TvPB (440 more) ..."
11:42:14.0 (46200426)|HEAP_ALLOCATE|[50]|Bytes:5
11:42:14.0 (46210797)|HEAP_ALLOCATE|[50]|Bytes:12
11:42:14.0 (46216849)|VARIABLE_SCOPE_BEGIN|[50]|seoKeyword|seoThemeKeywords__c|true|false
11:42:14.0 (46230472)|VARIABLE_ASSIGNMENT|[50]|seoKeyword|{"Id":"a1D6F000003TvPKUA0","CurrencyIsoCode":"AUD"}|0xae0f864
11:42:14.0 (46235958)|STATEMENT_EXECUTE|[50]
11:42:14.0 (46237732)|STATEMENT_EXECUTE|[51]
11:42:14.0 (46248917)|HEAP_ALLOCATE|[51]|Bytes:18
11:42:14.0 (46256351)|METHOD_ENTRY|[51]||System.EncodingUtil.urlEncode(String, String)
11:42:14.0 (46278698)|METHOD_EXIT|[51]||System.EncodingUtil.urlEncode(String, String)
11:42:14.0 (46283761)|HEAP_ALLOCATE|[51]|Bytes:23
11:42:14.0 (46288457)|HEAP_ALLOCATE|[51]|Bytes:483
11:42:14.0 (46302116)|VARIABLE_ASSIGNMENT|[51]|keywordQueryString|"&k[]=a1D6F000003TvPB (463 more) ..."
11:42:14.0 (46313569)|HEAP_ALLOCATE|[50]|Bytes:5
11:42:14.0 (46324431)|HEAP_ALLOCATE|[50]|Bytes:12
11:42:14.0 (46329915)|VARIABLE_SCOPE_BEGIN|[50]|seoKeyword|seoThemeKeywords__c|true|false
11:42:14.0 (46344082)|VARIABLE_ASSIGNMENT|[50]|seoKeyword|{"Id":"a1D6F000003TvPIUA0","CurrencyIsoCode":"AUD"}|0x6290cced
11:42:14.0 (46349391)|STATEMENT_EXECUTE|[50]
11:42:14.0 (46351223)|STATEMENT_EXECUTE|[51]
11:42:14.0 (46364487)|HEAP_ALLOCATE|[51]|Bytes:18
11:42:14.0 (46373152)|METHOD_ENTRY|[51]||System.EncodingUtil.urlEncode(String, String)
11:42:14.0 (46395911)|METHOD_EXIT|[51]||System.EncodingUtil.urlEncode(String, String)
11:42:14.0 (46400856)|HEAP_ALLOCATE|[51]|Bytes:23
11:42:14.0 (46405268)|HEAP_ALLOCATE|[51]|Bytes:506
11:42:14.0 (46414150)|VARIABLE_ASSIGNMENT|[51]|keywordQueryString|"&k[]=a1D6F000003TvPB (486 more) ..."
11:42:14.0 (46424641)|HEAP_ALLOCATE|[50]|Bytes:5
11:42:14.0 (46435584)|HEAP_ALLOCATE|[50]|Bytes:12
11:42:14.0 (46440923)|VARIABLE_SCOPE_BEGIN|[50]|seoKeyword|seoThemeKeywords__c|true|false
11:42:14.0 (46454382)|VARIABLE_ASSIGNMENT|[50]|seoKeyword|{"Id":"a1D6F000003TvP7UAK","CurrencyIsoCode":"AUD"}|0x68ba768c
11:42:14.0 (46460169)|STATEMENT_EXECUTE|[50]
11:42:14.0 (46461884)|STATEMENT_EXECUTE|[51]
11:42:14.0 (46473926)|HEAP_ALLOCATE|[51]|Bytes:18
11:42:14.0 (46481968)|METHOD_ENTRY|[51]||System.EncodingUtil.urlEncode(String, String)
11:42:14.0 (46504922)|METHOD_EXIT|[51]||System.EncodingUtil.urlEncode(String, String)
11:42:14.0 (46509816)|HEAP_ALLOCATE|[51]|Bytes:23
11:42:14.0 (46514293)|HEAP_ALLOCATE|[51]|Bytes:529
11:42:14.0 (46523573)|VARIABLE_ASSIGNMENT|[51]|keywordQueryString|"&k[]=a1D6F000003TvPB (509 more) ..."
11:42:14.0 (46534247)|HEAP_ALLOCATE|[50]|Bytes:5
11:42:14.0 (46544802)|HEAP_ALLOCATE|[50]|Bytes:12
11:42:14.0 (46550334)|VARIABLE_SCOPE_BEGIN|[50]|seoKeyword|seoThemeKeywords__c|true|false
11:42:14.0 (46564043)|VARIABLE_ASSIGNMENT|[50]|seoKeyword|{"Id":"a1D6F000003TvP5UAK","CurrencyIsoCode":"AUD"}|0x58871265
11:42:14.0 (46570416)|STATEMENT_EXECUTE|[50]
11:42:14.0 (46572150)|STATEMENT_EXECUTE|[51]
11:42:14.0 (46583496)|HEAP_ALLOCATE|[51]|Bytes:18
11:42:14.0 (46591165)|METHOD_ENTRY|[51]||System.EncodingUtil.urlEncode(String, String)
11:42:14.0 (46612802)|METHOD_EXIT|[51]||System.EncodingUtil.urlEncode(String, String)
11:42:14.0 (46617947)|HEAP_ALLOCATE|[51]|Bytes:23
11:42:14.0 (46624756)|HEAP_ALLOCATE|[51]|Bytes:552
11:42:14.0 (46634014)|VARIABLE_ASSIGNMENT|[51]|keywordQueryString|"&k[]=a1D6F000003TvPB (532 more) ..."
11:42:14.0 (46645139)|HEAP_ALLOCATE|[50]|Bytes:5
11:42:14.0 (46655488)|HEAP_ALLOCATE|[50]|Bytes:12
11:42:14.0 (46660898)|VARIABLE_SCOPE_BEGIN|[50]|seoKeyword|seoThemeKeywords__c|true|false
11:42:14.0 (46674309)|VARIABLE_ASSIGNMENT|[50]|seoKeyword|{"Id":"a1D6F000003TvP6UAK","CurrencyIsoCode":"AUD"}|0x55a9f2c9
11:42:14.0 (46680279)|STATEMENT_EXECUTE|[50]
11:42:14.0 (46681995)|STATEMENT_EXECUTE|[51]
11:42:14.0 (46693643)|HEAP_ALLOCATE|[51]|Bytes:18
11:42:14.0 (46701492)|METHOD_ENTRY|[51]||System.EncodingUtil.urlEncode(String, String)
11:42:14.0 (46723153)|METHOD_EXIT|[51]||System.EncodingUtil.urlEncode(String, String)
11:42:14.0 (46728170)|HEAP_ALLOCATE|[51]|Bytes:23
11:42:14.0 (46732755)|HEAP_ALLOCATE|[51]|Bytes:575
11:42:14.0 (46741818)|VARIABLE_ASSIGNMENT|[51]|keywordQueryString|"&k[]=a1D6F000003TvPB (555 more) ..."
11:42:14.0 (46752741)|HEAP_ALLOCATE|[50]|Bytes:5
11:42:14.0 (46765059)|HEAP_ALLOCATE|[50]|Bytes:12
11:42:14.0 (46771030)|VARIABLE_SCOPE_BEGIN|[50]|seoKeyword|seoThemeKeywords__c|true|false
11:42:14.0 (46784767)|VARIABLE_ASSIGNMENT|[50]|seoKeyword|{"Id":"a1D6F000003TvP8UAK","CurrencyIsoCode":"AUD"}|0x313abb35
11:42:14.0 (46790433)|STATEMENT_EXECUTE|[50]
11:42:14.0 (46792385)|STATEMENT_EXECUTE|[51]
11:42:14.0 (46804073)|HEAP_ALLOCATE|[51]|Bytes:18
11:42:14.0 (46811870)|METHOD_ENTRY|[51]||System.EncodingUtil.urlEncode(String, String)
11:42:14.0 (46833947)|METHOD_EXIT|[51]||System.EncodingUtil.urlEncode(String, String)
11:42:14.0 (46838829)|HEAP_ALLOCATE|[51]|Bytes:23
11:42:14.0 (46843967)|HEAP_ALLOCATE|[51]|Bytes:598
11:42:14.0 (46853003)|VARIABLE_ASSIGNMENT|[51]|keywordQueryString|"&k[]=a1D6F000003TvPB (578 more) ..."
11:42:14.0 (46864247)|HEAP_ALLOCATE|[50]|Bytes:5
11:42:14.0 (46874839)|HEAP_ALLOCATE|[50]|Bytes:12
11:42:14.0 (46880762)|VARIABLE_SCOPE_BEGIN|[50]|seoKeyword|seoThemeKeywords__c|true|false
11:42:14.0 (46894072)|VARIABLE_ASSIGNMENT|[50]|seoKeyword|{"Id":"a1D6F000003TvPDUA0","CurrencyIsoCode":"AUD"}|0xa8fb588
11:42:14.0 (46899652)|STATEMENT_EXECUTE|[50]
11:42:14.0 (46901586)|STATEMENT_EXECUTE|[51]
11:42:14.0 (46912413)|HEAP_ALLOCATE|[51]|Bytes:18
11:42:14.0 (46920305)|METHOD_ENTRY|[51]||System.EncodingUtil.urlEncode(String, String)
11:42:14.0 (46942193)|METHOD_EXIT|[51]||System.EncodingUtil.urlEncode(String, String)
11:42:14.0 (46947405)|HEAP_ALLOCATE|[51]|Bytes:23
11:42:14.0 (46952392)|HEAP_ALLOCATE|[51]|Bytes:621
11:42:14.0 (46961671)|VARIABLE_ASSIGNMENT|[51]|keywordQueryString|"&k[]=a1D6F000003TvPB (601 more) ..."
11:42:14.0 (46972323)|HEAP_ALLOCATE|[50]|Bytes:5
11:42:14.0 (46982688)|HEAP_ALLOCATE|[50]|Bytes:12
11:42:14.0 (46988126)|VARIABLE_SCOPE_BEGIN|[50]|seoKeyword|seoThemeKeywords__c|true|false
11:42:14.0 (47001373)|VARIABLE_ASSIGNMENT|[50]|seoKeyword|{"Id":"a1D6F000003TvPQUA0","CurrencyIsoCode":"AUD"}|0x6a7b9a86
11:42:14.0 (47008434)|STATEMENT_EXECUTE|[50]
11:42:14.0 (47010258)|STATEMENT_EXECUTE|[51]
11:42:14.0 (47021292)|HEAP_ALLOCATE|[51]|Bytes:18
11:42:14.0 (47029287)|METHOD_ENTRY|[51]||System.EncodingUtil.urlEncode(String, String)
11:42:14.0 (47051074)|METHOD_EXIT|[51]||System.EncodingUtil.urlEncode(String, String)
11:42:14.0 (47056082)|HEAP_ALLOCATE|[51]|Bytes:23
11:42:14.0 (47060762)|HEAP_ALLOCATE|[51]|Bytes:644
11:42:14.0 (47069730)|VARIABLE_ASSIGNMENT|[51]|keywordQueryString|"&k[]=a1D6F000003TvPB (624 more) ..."
11:42:14.0 (47080642)|HEAP_ALLOCATE|[50]|Bytes:5
11:42:14.0 (47090958)|HEAP_ALLOCATE|[50]|Bytes:12
11:42:14.0 (47096378)|VARIABLE_SCOPE_BEGIN|[50]|seoKeyword|seoThemeKeywords__c|true|false
11:42:14.0 (47109707)|VARIABLE_ASSIGNMENT|[50]|seoKeyword|{"Id":"a1D6F000003TvPRUA0","CurrencyIsoCode":"AUD"}|0x70de02ba
11:42:14.0 (47115712)|STATEMENT_EXECUTE|[50]
11:42:14.0 (47117414)|STATEMENT_EXECUTE|[51]
11:42:14.0 (47128474)|HEAP_ALLOCATE|[51]|Bytes:18
11:42:14.0 (47136155)|METHOD_ENTRY|[51]||System.EncodingUtil.urlEncode(String, String)
11:42:14.0 (47157970)|METHOD_EXIT|[51]||System.EncodingUtil.urlEncode(String, String)
11:42:14.0 (47163289)|HEAP_ALLOCATE|[51]|Bytes:23
11:42:14.0 (47167904)|HEAP_ALLOCATE|[51]|Bytes:667
11:42:14.0 (47177106)|VARIABLE_ASSIGNMENT|[51]|keywordQueryString|"&k[]=a1D6F000003TvPB (647 more) ..."
11:42:14.0 (47188847)|HEAP_ALLOCATE|[50]|Bytes:5
11:42:14.0 (47199726)|HEAP_ALLOCATE|[50]|Bytes:12
11:42:14.0 (47205171)|VARIABLE_SCOPE_BEGIN|[50]|seoKeyword|seoThemeKeywords__c|true|false
11:42:14.0 (47219183)|VARIABLE_ASSIGNMENT|[50]|seoKeyword|{"Id":"a1D6F000003TvPWUA0","CurrencyIsoCode":"AUD"}|0x1459fc87
11:42:14.0 (47225034)|STATEMENT_EXECUTE|[50]
11:42:14.0 (47226771)|STATEMENT_EXECUTE|[51]
11:42:14.0 (47237677)|HEAP_ALLOCATE|[51]|Bytes:18
11:42:14.0 (47245145)|METHOD_ENTRY|[51]||System.EncodingUtil.urlEncode(String, String)
11:42:14.0 (47267145)|METHOD_EXIT|[51]||System.EncodingUtil.urlEncode(String, String)
11:42:14.0 (47272744)|HEAP_ALLOCATE|[51]|Bytes:23
11:42:14.0 (47277393)|HEAP_ALLOCATE|[51]|Bytes:690
11:42:14.0 (47286592)|VARIABLE_ASSIGNMENT|[51]|keywordQueryString|"&k[]=a1D6F000003TvPB (670 more) ..."
11:42:14.0 (47301548)|HEAP_ALLOCATE|[50]|Bytes:5
11:42:14.0 (47315534)|VARIABLE_ASSIGNMENT|[50]|seoKeyword|null|
11:42:14.0 (47321530)|STATEMENT_EXECUTE|[55]
11:42:14.0 (47336120)|METHOD_EXIT|[113]|01p6F000009rEEx|SeoGeoController.getKeywordIdQueryString()
11:42:14.0 (47343976)|VARIABLE_SCOPE_BEGIN|[113]|keywordQueryString|String|false|false
11:42:14.0 (47358003)|VARIABLE_ASSIGNMENT|[113]|keywordQueryString|"&k[]=a1D6F000003TvPB (670 more) ..."
11:42:14.0 (47385895)|STATEMENT_EXECUTE|[115]
11:42:14.0 (47388183)|STATEMENT_EXECUTE|[116]
11:42:14.0 (47399171)|HEAP_ALLOCATE|[116]|Bytes:813
11:42:14.0 (47411829)|VARIABLE_ASSIGNMENT|[116]|consolePath|"/?c=seo&action=keywo (793 more) ..."
11:42:14.0 (47417782)|STATEMENT_EXECUTE|[121]
11:42:14.0 (47427617)|METHOD_EXIT|[80]|01p6F000009rEEx|SeoGeoController.getGeoURL()
11:42:14.0 (47434440)|VARIABLE_SCOPE_BEGIN|[80]|consolePath|String|false|false
11:42:14.0 (47445598)|VARIABLE_ASSIGNMENT|[80]|consolePath|"/?c=seo&action=keywo (793 more) ..."
11:42:14.0 (47450716)|STATEMENT_EXECUTE|[82]
11:42:14.0 (47452454)|STATEMENT_EXECUTE|[83]
11:42:14.0 (47627381)|HEAP_ALLOCATE|[83]|Bytes:7
11:42:14.0 (47637934)|HEAP_ALLOCATE|[83]|Bytes:10
11:42:14.0 (47653285)|METHOD_ENTRY|[1]|01p6F000006aBAZ|slxConsole.slxConsole()
11:42:14.0 (47658465)|STATEMENT_EXECUTE|[1]
11:42:14.0 (47661726)|STATEMENT_EXECUTE|[1]
11:42:14.0 (47668222)|METHOD_EXIT|[1]|slxConsole
11:42:14.0 (47680312)|METHOD_ENTRY|[83]|01p6F000006aBAZ|slxConsole.getConsolePage(String)
11:42:14.0 (47707163)|VARIABLE_SCOPE_BEGIN|[17]|path|String|false|false
11:42:14.0 (47721798)|VARIABLE_ASSIGNMENT|[17]|path|"/?c=seo&action=keywo (793 more) ..."
11:42:14.0 (47728499)|STATEMENT_EXECUTE|[17]
11:42:14.0 (47730835)|STATEMENT_EXECUTE|[20]
11:42:14.0 (47739085)|HEAP_ALLOCATE|[20]|Bytes:10
11:42:14.0 (48640378)|HEAP_ALLOCATE|[20]|Bytes:56
11:42:14.0 (48667458)|VARIABLE_SCOPE_BEGIN|[20]|consoleLogin|Login__c|true|false
11:42:14.0 (48771931)|VARIABLE_ASSIGNMENT|[20]|consoleLogin|{"LastModifiedDate":"2017-01-17T06:58:25.000Z","username__c":"salesforce","IsDeleted":false,"password__c":"49fc7fd771000d6127b3 (12 more) ...","URL__c":"https://console.spon (13 more) ...","CurrencyIsoCode":"AUD","SetupOwnerId":"00D90000000IJSaEAO","Name":"SLXConsole","SystemModstamp":"2018-03-23T09:17:56.000Z","CreatedById":"00590000000VmmqAAC","CreatedDate":"2016-03-02T07:09:34.000Z","Id":"a1w6F000005747qQAA","LastModifiedById":"00590000000VmmqAAC"}|0x6f150f62
11:42:14.0 (48804705)|STATEMENT_EXECUTE|[22]
11:42:14.0 (48820505)|STATEMENT_EXECUTE|[27]
11:42:14.0 (48890417)|VARIABLE_SCOPE_BEGIN|[27]|consoleEndpoint|String|false|false
11:42:14.0 (48917344)|VARIABLE_ASSIGNMENT|[27]|consoleEndpoint|"https://console.spon (13 more) ..."
11:42:14.0 (48926092)|STATEMENT_EXECUTE|[28]
11:42:14.0 (48960848)|VARIABLE_SCOPE_BEGIN|[28]|consoleUsername|String|false|false
11:42:14.0 (48980323)|VARIABLE_ASSIGNMENT|[28]|consoleUsername|"salesforce"
11:42:14.0 (48989073)|STATEMENT_EXECUTE|[29]
11:42:14.0 (49019248)|VARIABLE_SCOPE_BEGIN|[29]|consolePassword|String|false|false
11:42:14.0 (49041610)|VARIABLE_ASSIGNMENT|[29]|consolePassword|"49fc7fd771000d6127b3 (12 more) ..."
11:42:14.0 (49049996)|STATEMENT_EXECUTE|[33]
11:42:14.0 (49086381)|VARIABLE_SCOPE_BEGIN|[33]|req|System.HttpRequest|true|false
11:42:14.0 (49378357)|VARIABLE_ASSIGNMENT|[33]|req|"System.HttpRequest[Endpoint=null, Method=null]"|0x6b5b3f62
11:42:14.0 (49388492)|STATEMENT_EXECUTE|[34]
11:42:14.0 (49405031)|HEAP_ALLOCATE|[34]|Bytes:846
11:42:14.0 (49466614)|STATEMENT_EXECUTE|[35]
11:42:14.0 (49475593)|HEAP_ALLOCATE|[35]|Bytes:3
11:42:14.0 (49501463)|STATEMENT_EXECUTE|[36]
11:42:14.0 (49507781)|HEAP_ALLOCATE|[36]|Bytes:6
11:42:14.0 (49512752)|HEAP_ALLOCATE|[36]|Bytes:9
11:42:14.0 (49516358)|HEAP_ALLOCATE|[36]|Bytes:11
11:42:14.0 (49529767)|HEAP_ALLOCATE|[36]|Bytes:62
11:42:14.0 (49564799)|STATEMENT_EXECUTE|[40]
11:42:14.0 (49589839)|VARIABLE_SCOPE_BEGIN|[40]|http|System.Http|true|false
11:42:14.0 (49716397)|VARIABLE_ASSIGNMENT|[40]|http|"System.Http[]"|0x33a4d0b4
11:42:14.0 (49731365)|STATEMENT_EXECUTE|[41]
11:42:14.0 (49821451)|CALLOUT_REQUEST|[41]|System.HttpRequest[Endpoint=https://console.sponsoredlinx.com/?c=seo&action=keywordGeoCompare&output=table&websiteid=a166F00000AJbjEQAT&geolocation=Sydney%2CNew+South+Wales%2CAustralia&k[]=a1D6F000003TvPBUA0&k[]=a1D6F000003TvPXUA0&k[]=a1D6F000003TvPVUA0&k[]=a1D6F000003TvP9UAK&k[]=a1D6F000003TvPNUA0&k[]=a1D6F000003TvPAUA0&k[]=a1D6F000003TvPCUA0&k[]=a1D6F000003TvPPUA0&k[]=a1D6F000003TvPHUA0&k[]=a1D6F000003TvPJUA0&k[]=a1D6F000003TvPYUA0&k[]=a1D6F000003TvPFUA0&k[]=a1D6F000003TvPOUA0&k[]=a1D6F000003TvPSUA0&k[]=a1D6F000003TvPLUA0&k[]=a1D6F000003TvPTUA0&k[]=a1D6F000003TvPMUA0&k[]=a1D6F000003TvPGUA0&k[]=a1D6F000003TvPEUA0&k[]=a1D6F000003TvPUUA0&k[]=a1D6F000003TvPKUA0&k[]=a1D6F000003TvPIUA0&k[]=a1D6F000003TvP7UAK&k[]=a1D6F000003TvP5UAK&k[]=a1D6F000003TvP6UAK&k[]=a1D6F000003TvP8UAK&k[]=a1D6F000003TvPDUA0&k[]=a1D6F000003TvPQUA0&k[]=a1D6F000003TvPRUA0&k[]=a1D6F000003TvPWUA0, Method=GET]
11:42:14.0 (242578043)|HEAP_ALLOCATE|[EXTERNAL]|Bytes:5384
11:42:14.0 (242857580)|CALLOUT_RESPONSE|[41]|System.HttpResponse[Status=OK, StatusCode=200]
11:42:14.0 (242883752)|HEAP_ALLOCATE|[41]|Bytes:5201
11:42:14.0 (242924360)|VARIABLE_SCOPE_BEGIN|[41]|res|System.HttpResponse|true|false
11:42:14.0 (243132294)|VARIABLE_ASSIGNMENT|[41]|res|"System.HttpResponse[Status=OK, StatusCode=200]"|0x32bf3518
11:42:14.0 (243151268)|STATEMENT_EXECUTE|[44]
11:42:14.0 (243520030)|HEAP_ALLOCATE|[44]|Bytes:5195
11:42:14.0 (243554308)|METHOD_EXIT|[83]|01p6F000006aBAZ|slxConsole.getConsolePage(String)
11:42:14.0 (243586864)|VARIABLE_ASSIGNMENT|[83]|geoTable|"<style>\ntable.table{ (5175 more) ..."
11:42:14.0 (243602641)|HEAP_ALLOCATE|[87]|Bytes:10
11:42:14.0 (243727694)|STATEMENT_EXECUTE|[87]
11:42:14.0 (243732183)|STATEMENT_EXECUTE|[88]
11:42:14.0 (243850229)|VARIABLE_ASSIGNMENT|[EXTERNAL]|this|{"allGeo":"0x4ed6bf94","device":"desktop","refreshRequired":true,"selectedGeo":"0x5271b5f8","seoWebsite":"0x7fa801b2"}|0x336942d7
11:42:14.0 (243876845)|VARIABLE_ASSIGNMENT|[EXTERNAL]|value|true
11:42:14.0 (243892717)|HEAP_ALLOCATE|[4]|Bytes:5
11:42:14.0 (243910197)|VARIABLE_ASSIGNMENT|[4]|this.refreshRequired|true|0x336942d7
11:42:14.0 (243930029)|STATEMENT_EXECUTE|[93]
11:42:14.0 (243947181)|SYSTEM_MODE_EXIT|false
11:42:14.0 (245322503)|VF_SERIALIZE_VIEWSTATE_BEGIN|0666F000007GVD0
11:42:14.0 (250200404)|VF_SERIALIZE_VIEWSTATE_END
11:42:14.251 (251746653)|CUMULATIVE_LIMIT_USAGE
11:42:14.251 (251746653)|LIMIT_USAGE_FOR_NS|(default)|
  Number of SOQL queries: 1 out of 100
  Number of query rows: 30 out of 50000
  Number of SOSL queries: 0 out of 20
  Number of DML statements: 0 out of 150
  Number of DML rows: 0 out of 10000
  Maximum CPU time: 0 out of 10000
  Maximum heap size: 0 out of 6000000
  Number of callouts: 1 out of 100
  Number of Email Invocations: 0 out of 10
  Number of future calls: 0 out of 50
  Number of queueable jobs added to the queue: 0 out of 50
  Number of Mobile Apex push calls: 0 out of 10

11:42:14.251 (251746653)|CUMULATIVE_LIMIT_USAGE_END

11:42:14.0 (251788567)|CODE_UNIT_FINISHED|VF: /apex/SeoGeoCompare
11:42:14.0 (253855037)|EXECUTION_FINISHED
