37.0 APEX_CODE,FINEST;APEX_PROFILING,INFO;CALLOUT,INFO;DB,INFO;NBA,INFO;SYSTEM,DEBUG;VALIDATION,INFO;VISUALFORCE,INFO;WAVE,INFO;WORKFLOW,INFO
16:58:32.19 (19392659)|ENTERING_MANAGED_PKG|Centify
16:58:32.19 (22274110)|ENTERING_MANAGED_PKG|Centify
16:58:32.19 (26020607)|ENTERING_MANAGED_PKG|Centify
16:58:32.19 (26138324)|ENTERING_MANAGED_PKG|Centify
16:58:32.19 (26180980)|ENTERING_MANAGED_PKG|Centify
16:58:32.19 (26269810)|ENTERING_MANAGED_PKG|Centify
16:58:32.19 (26307026)|ENTERING_MANAGED_PKG|Centify
16:58:32.19 (26365611)|ENTERING_MANAGED_PKG|Centify
16:58:32.19 (26388363)|ENTERING_MANAGED_PKG|Centify
16:58:32.19 (26457090)|ENTERING_MANAGED_PKG|Centify
16:58:32.19 (26515843)|ENTERING_MANAGED_PKG|Centify
16:58:32.19 (31201790)|SOQL_EXECUTE_BEGIN|[19]|Aggregations:0|SELECT Id, OrganizationType FROM Organization LIMIT 1
16:58:32.19 (51250520)|SOQL_EXECUTE_END|[19]|Rows:1
16:58:32.19 (53452919)|ENTERING_MANAGED_PKG|Centify
16:58:32.19 (53520452)|ENTERING_MANAGED_PKG|Centify
16:58:32.19 (53650204)|ENTERING_MANAGED_PKG|Centify
16:58:32.19 (53705936)|ENTERING_MANAGED_PKG|Centify
16:58:32.19 (54077173)|ENTERING_MANAGED_PKG|Centify
16:58:32.19 (54131380)|ENTERING_MANAGED_PKG|Centify
16:58:32.19 (54212999)|ENTERING_MANAGED_PKG|Centify
16:58:32.19 (54270232)|ENTERING_MANAGED_PKG|Centify
16:58:32.19 (56320824)|SOQL_EXECUTE_BEGIN|[95]|Aggregations:0|SELECT MAX(Last_Sync_Time__c) maxDT FROM Salesforce_Sync_Settings__c
16:58:32.19 (58778360)|SOQL_EXECUTE_END|[95]|Rows:1
16:58:32.19 (59082734)|ENTERING_MANAGED_PKG|Centify
16:58:32.19 (59137484)|ENTERING_MANAGED_PKG|Centify
16:58:32.19 (63680644)|ENTERING_MANAGED_PKG|Centify
16:58:32.19 (63758580)|ENTERING_MANAGED_PKG|Centify
16:58:32.19 (65507043)|SOQL_EXECUTE_BEGIN|[84]|Aggregations:0|SELECT COUNT() FROM Notification__c WHERE ((Number_Of_Attempts__c = NULL OR Number_Of_Attempts__c < :tmpVar1) AND (CreatedDate = TODAY OR LastModifiedDate = TODAY)) LIMIT 25000
16:58:32.19 (76085795)|SOQL_EXECUTE_END|[84]|Rows:1
16:58:32.19 (76177990)|ENTERING_MANAGED_PKG|Centify
16:58:32.19 (76238307)|ENTERING_MANAGED_PKG|Centify
16:58:32.19 (76300080)|ENTERING_MANAGED_PKG|Centify
16:58:32.19 (76344541)|ENTERING_MANAGED_PKG|Centify
16:58:32.19 (76408447)|ENTERING_MANAGED_PKG|Centify
16:58:32.19 (79254513)|SOQL_EXECUTE_BEGIN|[366]|Aggregations:0|SELECT Id, Label, MasterLabel, DeveloperName, Endpoint__c, TimeOut__c FROM Endpoint_Setting__mdt LIMIT 50
16:58:32.19 (84762235)|SOQL_EXECUTE_END|[366]|Rows:24
16:58:32.19 (85948346)|ENTERING_MANAGED_PKG|Centify
16:58:32.19 (86009678)|ENTERING_MANAGED_PKG|Centify
16:58:32.19 (87413546)|ENTERING_MANAGED_PKG|Centify
16:58:32.19 (87446864)|ENTERING_MANAGED_PKG|Centify
16:58:32.19 (90208850)|ENTERING_MANAGED_PKG|Centify
16:58:32.19 (92633678)|ENTERING_MANAGED_PKG|Centify
16:58:32.19 (92685096)|ENTERING_MANAGED_PKG|Centify
16:58:32.19 (92722570)|ENTERING_MANAGED_PKG|Centify
16:58:32.19 (93351676)|ENTERING_MANAGED_PKG|Centify
16:58:32.19 (93421257)|ENTERING_MANAGED_PKG|Centify
16:58:32.19 (93472468)|ENTERING_MANAGED_PKG|Centify
16:58:32.19 (97027281)|ENTERING_MANAGED_PKG|Centify
16:58:32.19 (97076418)|ENTERING_MANAGED_PKG|Centify
16:58:32.19 (97123541)|ENTERING_MANAGED_PKG|Centify
16:58:32.19 (97170496)|ENTERING_MANAGED_PKG|Centify
16:58:32.19 (97242845)|ENTERING_MANAGED_PKG|Centify
16:58:32.19 (99466355)|ENTERING_MANAGED_PKG|Centify
16:58:32.19 (99561311)|ENTERING_MANAGED_PKG|Centify
16:58:32.19 (100200321)|ENTERING_MANAGED_PKG|Centify
16:58:32.19 (478957973)|ENTERING_MANAGED_PKG|Centify
16:58:32.499 (499922646)|CUMULATIVE_LIMIT_USAGE
16:58:32.499 (499922646)|LIMIT_USAGE_FOR_NS|(default)|
  Number of SOQL queries: 0 out of 200
  Number of query rows: 0 out of 50000
  Number of SOSL queries: 0 out of 20
  Number of DML statements: 0 out of 150
  Number of DML rows: 0 out of 10000
  Maximum CPU time: 0 out of 60000
  Maximum heap size: 0 out of 12000000
  Number of callouts: 0 out of 0
  Number of Email Invocations: 0 out of 10
  Number of future calls: 0 out of 0
  Number of queueable jobs added to the queue: 0 out of 1
  Number of Mobile Apex push calls: 0 out of 10

16:58:32.499 (499922646)|LIMIT_USAGE_FOR_NS|Centify|
  Number of SOQL queries: 0 out of 200
  Number of query rows: 0 out of 50000
  Number of SOSL queries: 0 out of 20
  Number of DML statements: 0 out of 150
  Number of DML rows: 0 out of 10000
  Maximum CPU time: 0 out of 60000
  Maximum heap size: 0 out of 12000000
  Number of callouts: 0 out of 0
  Number of Email Invocations: 0 out of 10
  Number of future calls: 0 out of 0
  Number of queueable jobs added to the queue: 0 out of 1
  Number of Mobile Apex push calls: 0 out of 10

16:58:32.499 (499922646)|CUMULATIVE_LIMIT_USAGE_END

