37.0 APEX_CODE,FINEST;APEX_PROFILING,INFO;CALLOUT,INFO;DB,INFO;NBA,INFO;SYSTEM,DEBUG;VALIDATION,INFO;VISUALFORCE,INFO;WAVE,INFO;WORKFLOW,INFO
18:42:16.11 (11420276)|ENTERING_MANAGED_PKG|Centify
18:42:16.11 (12049008)|ENTERING_MANAGED_PKG|Centify
18:42:16.11 (12093567)|ENTERING_MANAGED_PKG|Centify
18:42:16.11 (12370260)|ENTERING_MANAGED_PKG|Centify
18:42:16.11 (12442608)|ENTERING_MANAGED_PKG|Centify
18:42:16.11 (12474061)|ENTERING_MANAGED_PKG|Centify
18:42:16.27 (27262297)|CUMULATIVE_LIMIT_USAGE
18:42:16.27 (27262297)|LIMIT_USAGE_FOR_NS|(default)|
  Number of SOQL queries: 0 out of 200
  Number of query rows: 0 out of 50000
  Number of SOSL queries: 0 out of 20
  Number of DML statements: 0 out of 150
  Number of DML rows: 0 out of 10000
  Maximum CPU time: 0 out of 60000
  Maximum heap size: 0 out of 12000000
  Number of callouts: 0 out of 0
  Number of Email Invocations: 0 out of 10
  Number of future calls: 0 out of 0
  Number of queueable jobs added to the queue: 0 out of 1
  Number of Mobile Apex push calls: 0 out of 10

18:42:16.27 (27262297)|LIMIT_USAGE_FOR_NS|Centify|
  Number of SOQL queries: 0 out of 200
  Number of query rows: 0 out of 50000
  Number of SOSL queries: 0 out of 20
  Number of DML statements: 0 out of 150
  Number of DML rows: 0 out of 10000
  Maximum CPU time: 0 out of 60000
  Maximum heap size: 0 out of 12000000
  Number of callouts: 0 out of 0
  Number of Email Invocations: 0 out of 10
  Number of future calls: 0 out of 0
  Number of queueable jobs added to the queue: 0 out of 1
  Number of Mobile Apex push calls: 0 out of 10

18:42:16.27 (27262297)|CUMULATIVE_LIMIT_USAGE_END

