37.0 APEX_CODE,FINEST;APEX_PROFILING,INFO;CALLOUT,INFO;DB,INFO;NBA,INFO;SYSTEM,DEBUG;VALIDATION,INFO;VISUALFORCE,INFO;WAVE,INFO;WORKFLOW,INFO
11:35:00.12 (12207922)|ENTERING_MANAGED_PKG|Centify
11:35:00.12 (13389239)|ENTERING_MANAGED_PKG|Centify
11:35:00.12 (13427160)|ENTERING_MANAGED_PKG|Centify
11:35:00.12 (13762091)|ENTERING_MANAGED_PKG|Centify
11:35:00.12 (13801233)|ENTERING_MANAGED_PKG|Centify
11:35:00.12 (14460196)|ENTERING_MANAGED_PKG|Centify
11:35:00.12 (14540082)|ENTERING_MANAGED_PKG|Centify
11:35:00.12 (16966994)|ENTERING_MANAGED_PKG|Centify
11:35:00.12 (17416155)|ENTERING_MANAGED_PKG|Centify
11:35:00.12 (17522008)|ENTERING_MANAGED_PKG|Centify
11:35:00.12 (17554777)|ENTERING_MANAGED_PKG|Centify
11:35:00.12 (18098799)|ENTERING_MANAGED_PKG|Centify
11:35:00.12 (18148381)|ENTERING_MANAGED_PKG|Centify
11:35:00.12 (18309652)|ENTERING_MANAGED_PKG|Centify
11:35:00.12 (20194081)|ENTERING_MANAGED_PKG|Centify
11:35:00.12 (20228762)|ENTERING_MANAGED_PKG|Centify
11:35:00.12 (20306315)|ENTERING_MANAGED_PKG|Centify
11:35:00.12 (20986798)|ENTERING_MANAGED_PKG|Centify
11:35:00.12 (23970466)|ENTERING_MANAGED_PKG|Centify
11:35:00.12 (24010845)|ENTERING_MANAGED_PKG|Centify
11:35:00.12 (24068793)|ENTERING_MANAGED_PKG|Centify
11:35:00.12 (24578690)|ENTERING_MANAGED_PKG|Centify
11:35:00.12 (24605449)|ENTERING_MANAGED_PKG|Centify
11:35:00.12 (24656641)|ENTERING_MANAGED_PKG|Centify
11:35:00.12 (25342453)|ENTERING_MANAGED_PKG|Centify
11:35:00.12 (28637248)|ENTERING_MANAGED_PKG|Centify
11:35:00.12 (30613945)|ENTERING_MANAGED_PKG|Centify
11:35:00.12 (30708412)|ENTERING_MANAGED_PKG|Centify
11:35:00.12 (31302263)|ENTERING_MANAGED_PKG|Centify
11:35:00.12 (31348080)|ENTERING_MANAGED_PKG|Centify
11:35:00.12 (31387170)|ENTERING_MANAGED_PKG|Centify
11:35:00.12 (31445777)|ENTERING_MANAGED_PKG|Centify
11:35:00.12 (31601618)|ENTERING_MANAGED_PKG|Centify
11:35:00.12 (34968911)|SOQL_EXECUTE_BEGIN|[28]|Aggregations:0|SELECT Id FROM ApexClass WHERE Name = :tmpVar1
11:35:00.12 (43154000)|SOQL_EXECUTE_END|[28]|Rows:1
11:35:00.12 (43774019)|SOQL_EXECUTE_BEGIN|[49]|Aggregations:0|SELECT COUNT() FROM AsyncApexJob WHERE (ApexClassId = :tmpVar1 AND Status IN ('Queued', 'Holding', 'Preparing', 'Processing'))
11:35:00.12 (47491811)|SOQL_EXECUTE_END|[49]|Rows:0
11:35:00.12 (47584034)|ENTERING_MANAGED_PKG|Centify
11:35:00.12 (48225538)|ENTERING_MANAGED_PKG|Centify
11:35:00.12 (48292489)|ENTERING_MANAGED_PKG|Centify
11:35:00.12 (48879759)|ENTERING_MANAGED_PKG|Centify
11:35:00.12 (49087452)|ENTERING_MANAGED_PKG|Centify
11:35:00.12 (49131783)|ENTERING_MANAGED_PKG|Centify
11:35:00.12 (69821895)|ENTERING_MANAGED_PKG|Centify
11:35:00.12 (69880978)|ENTERING_MANAGED_PKG|Centify
11:35:00.12 (76067919)|ENTERING_MANAGED_PKG|Centify
11:35:00.12 (78042129)|ENTERING_MANAGED_PKG|Centify
11:35:00.12 (79398160)|ENTERING_MANAGED_PKG|Centify
11:35:00.12 (80895461)|ENTERING_MANAGED_PKG|Centify
11:35:00.12 (80997233)|ENTERING_MANAGED_PKG|Centify
11:35:00.12 (81039600)|ENTERING_MANAGED_PKG|Centify
11:35:00.12 (81181117)|ENTERING_MANAGED_PKG|Centify
11:35:00.12 (81244828)|ENTERING_MANAGED_PKG|Centify
11:35:00.12 (81483598)|ENTERING_MANAGED_PKG|Centify
11:35:00.12 (81752434)|ENTERING_MANAGED_PKG|Centify
11:35:00.12 (81890738)|ENTERING_MANAGED_PKG|Centify
11:35:00.12 (82002327)|ENTERING_MANAGED_PKG|Centify
11:35:00.12 (82112526)|ENTERING_MANAGED_PKG|Centify
11:35:00.12 (82220638)|ENTERING_MANAGED_PKG|Centify
11:35:00.12 (82325763)|ENTERING_MANAGED_PKG|Centify
11:35:00.12 (82431060)|ENTERING_MANAGED_PKG|Centify
11:35:00.12 (82554328)|ENTERING_MANAGED_PKG|Centify
11:35:00.12 (82695598)|ENTERING_MANAGED_PKG|Centify
11:35:00.12 (82803098)|ENTERING_MANAGED_PKG|Centify
11:35:00.12 (82967525)|ENTERING_MANAGED_PKG|Centify
11:35:00.12 (83120908)|ENTERING_MANAGED_PKG|Centify
11:35:00.12 (83237121)|ENTERING_MANAGED_PKG|Centify
11:35:00.12 (83342044)|ENTERING_MANAGED_PKG|Centify
11:35:00.12 (83642237)|ENTERING_MANAGED_PKG|Centify
11:35:00.12 (83772407)|ENTERING_MANAGED_PKG|Centify
11:35:00.12 (83880976)|ENTERING_MANAGED_PKG|Centify
11:35:00.12 (83985743)|ENTERING_MANAGED_PKG|Centify
11:35:00.12 (84091720)|ENTERING_MANAGED_PKG|Centify
11:35:00.12 (84197809)|ENTERING_MANAGED_PKG|Centify
11:35:00.12 (84303304)|ENTERING_MANAGED_PKG|Centify
11:35:00.12 (84407452)|ENTERING_MANAGED_PKG|Centify
11:35:00.12 (84519919)|ENTERING_MANAGED_PKG|Centify
11:35:00.12 (84629611)|ENTERING_MANAGED_PKG|Centify
11:35:00.12 (84745681)|ENTERING_MANAGED_PKG|Centify
11:35:00.12 (84873995)|ENTERING_MANAGED_PKG|Centify
11:35:00.12 (84984218)|ENTERING_MANAGED_PKG|Centify
11:35:00.12 (85092408)|ENTERING_MANAGED_PKG|Centify
11:35:00.12 (85212520)|ENTERING_MANAGED_PKG|Centify
11:35:00.12 (85264520)|ENTERING_MANAGED_PKG|Centify
11:35:00.12 (85305719)|ENTERING_MANAGED_PKG|Centify
11:35:00.12 (85332879)|ENTERING_MANAGED_PKG|Centify
11:35:00.12 (85450910)|ENTERING_MANAGED_PKG|Centify
11:35:00.12 (85509051)|ENTERING_MANAGED_PKG|Centify
11:35:00.12 (87222431)|ENTERING_MANAGED_PKG|Centify
11:35:00.12 (87259616)|ENTERING_MANAGED_PKG|Centify
11:35:00.12 (87294922)|ENTERING_MANAGED_PKG|Centify
11:35:00.12 (87362790)|ENTERING_MANAGED_PKG|Centify
11:35:00.12 (87537562)|ENTERING_MANAGED_PKG|Centify
11:35:00.12 (87662582)|ENTERING_MANAGED_PKG|Centify
11:35:00.12 (131712960)|ENTERING_MANAGED_PKG|Centify
11:35:00.12 (131770083)|ENTERING_MANAGED_PKG|Centify
11:35:00.12 (146402521)|ENTERING_MANAGED_PKG|Centify
11:35:00.12 (146449801)|ENTERING_MANAGED_PKG|Centify
11:35:00.12 (146548651)|ENTERING_MANAGED_PKG|Centify
11:35:00.12 (146575802)|ENTERING_MANAGED_PKG|Centify
11:35:00.12 (153002808)|ENTERING_MANAGED_PKG|Centify
11:35:00.12 (153290213)|ENTERING_MANAGED_PKG|Centify
11:35:00.12 (153929664)|ENTERING_MANAGED_PKG|Centify
11:35:00.12 (154600625)|ENTERING_MANAGED_PKG|Centify
11:35:00.12 (154664162)|ENTERING_MANAGED_PKG|Centify
11:35:00.12 (154796570)|ENTERING_MANAGED_PKG|Centify
11:35:00.12 (154856930)|ENTERING_MANAGED_PKG|Centify
11:35:00.12 (155009723)|ENTERING_MANAGED_PKG|Centify
11:35:00.12 (155206094)|ENTERING_MANAGED_PKG|Centify
11:35:00.12 (155381614)|ENTERING_MANAGED_PKG|Centify
11:35:00.12 (155559386)|ENTERING_MANAGED_PKG|Centify
11:35:00.12 (155732625)|ENTERING_MANAGED_PKG|Centify
11:35:00.12 (155934606)|ENTERING_MANAGED_PKG|Centify
11:35:00.12 (156105593)|ENTERING_MANAGED_PKG|Centify
11:35:00.12 (156276132)|ENTERING_MANAGED_PKG|Centify
11:35:00.12 (156442846)|ENTERING_MANAGED_PKG|Centify
11:35:00.12 (156615618)|ENTERING_MANAGED_PKG|Centify
11:35:00.12 (156784738)|ENTERING_MANAGED_PKG|Centify
11:35:00.12 (156954262)|ENTERING_MANAGED_PKG|Centify
11:35:00.12 (157124957)|ENTERING_MANAGED_PKG|Centify
11:35:00.12 (157292296)|ENTERING_MANAGED_PKG|Centify
11:35:00.12 (157461041)|ENTERING_MANAGED_PKG|Centify
11:35:00.12 (157636981)|ENTERING_MANAGED_PKG|Centify
11:35:00.12 (157803497)|ENTERING_MANAGED_PKG|Centify
11:35:00.12 (157989180)|ENTERING_MANAGED_PKG|Centify
11:35:00.12 (158253909)|ENTERING_MANAGED_PKG|Centify
11:35:00.12 (158459946)|ENTERING_MANAGED_PKG|Centify
11:35:00.12 (158637444)|ENTERING_MANAGED_PKG|Centify
11:35:00.12 (158763739)|ENTERING_MANAGED_PKG|Centify
11:35:00.12 (158886567)|ENTERING_MANAGED_PKG|Centify
11:35:00.12 (158993714)|ENTERING_MANAGED_PKG|Centify
11:35:00.12 (159100629)|ENTERING_MANAGED_PKG|Centify
11:35:00.12 (159206913)|ENTERING_MANAGED_PKG|Centify
11:35:00.12 (159334339)|ENTERING_MANAGED_PKG|Centify
11:35:00.12 (159528235)|ENTERING_MANAGED_PKG|Centify
11:35:00.12 (159711972)|ENTERING_MANAGED_PKG|Centify
11:35:00.12 (159872527)|ENTERING_MANAGED_PKG|Centify
11:35:00.12 (159998969)|ENTERING_MANAGED_PKG|Centify
11:35:00.12 (160123107)|ENTERING_MANAGED_PKG|Centify
11:35:00.12 (160246316)|ENTERING_MANAGED_PKG|Centify
11:35:00.12 (160369367)|ENTERING_MANAGED_PKG|Centify
11:35:00.12 (160521662)|ENTERING_MANAGED_PKG|Centify
11:35:00.12 (160653229)|ENTERING_MANAGED_PKG|Centify
11:35:00.12 (160768810)|ENTERING_MANAGED_PKG|Centify
11:35:00.12 (160884724)|ENTERING_MANAGED_PKG|Centify
11:35:00.12 (160995222)|ENTERING_MANAGED_PKG|Centify
11:35:00.12 (161099220)|ENTERING_MANAGED_PKG|Centify
11:35:00.12 (161204905)|ENTERING_MANAGED_PKG|Centify
11:35:00.12 (161309891)|ENTERING_MANAGED_PKG|Centify
11:35:00.12 (161460524)|ENTERING_MANAGED_PKG|Centify
11:35:00.12 (161596888)|ENTERING_MANAGED_PKG|Centify
11:35:00.12 (161704565)|ENTERING_MANAGED_PKG|Centify
11:35:00.12 (161809678)|ENTERING_MANAGED_PKG|Centify
11:35:00.12 (161913620)|ENTERING_MANAGED_PKG|Centify
11:35:00.12 (162038768)|ENTERING_MANAGED_PKG|Centify
11:35:00.12 (162182312)|ENTERING_MANAGED_PKG|Centify
11:35:00.12 (162338303)|ENTERING_MANAGED_PKG|Centify
11:35:00.12 (162447724)|ENTERING_MANAGED_PKG|Centify
11:35:00.12 (162564165)|ENTERING_MANAGED_PKG|Centify
11:35:00.12 (162668598)|ENTERING_MANAGED_PKG|Centify
11:35:00.12 (162772976)|ENTERING_MANAGED_PKG|Centify
11:35:00.12 (162948202)|ENTERING_MANAGED_PKG|Centify
11:35:00.12 (162984419)|ENTERING_MANAGED_PKG|Centify
11:35:00.12 (163088177)|ENTERING_MANAGED_PKG|Centify
11:35:00.12 (163135785)|ENTERING_MANAGED_PKG|Centify
11:35:00.12 (163178869)|ENTERING_MANAGED_PKG|Centify
11:35:00.12 (163213701)|ENTERING_MANAGED_PKG|Centify
11:35:00.12 (163240706)|ENTERING_MANAGED_PKG|Centify
11:35:00.12 (163544068)|ENTERING_MANAGED_PKG|Centify
11:35:00.12 (163570186)|ENTERING_MANAGED_PKG|Centify
11:35:00.12 (163587945)|ENTERING_MANAGED_PKG|Centify
11:35:00.12 (163685650)|ENTERING_MANAGED_PKG|Centify
11:35:00.12 (163812397)|ENTERING_MANAGED_PKG|Centify
11:35:00.12 (163834281)|ENTERING_MANAGED_PKG|Centify
11:35:00.12 (163857073)|ENTERING_MANAGED_PKG|Centify
11:35:00.12 (163868969)|ENTERING_MANAGED_PKG|Centify
11:35:00.12 (164190595)|ENTERING_MANAGED_PKG|Centify
11:35:00.12 (164213556)|ENTERING_MANAGED_PKG|Centify
11:35:00.12 (164225016)|ENTERING_MANAGED_PKG|Centify
11:35:00.12 (164296032)|ENTERING_MANAGED_PKG|Centify
11:35:00.12 (164425356)|ENTERING_MANAGED_PKG|Centify
11:35:00.12 (164448887)|ENTERING_MANAGED_PKG|Centify
11:35:00.12 (164481883)|ENTERING_MANAGED_PKG|Centify
11:35:00.12 (164496200)|ENTERING_MANAGED_PKG|Centify
11:35:00.12 (164927267)|ENTERING_MANAGED_PKG|Centify
11:35:00.12 (164949511)|ENTERING_MANAGED_PKG|Centify
11:35:00.12 (164960587)|ENTERING_MANAGED_PKG|Centify
11:35:00.12 (165031514)|ENTERING_MANAGED_PKG|Centify
11:35:00.12 (165153303)|ENTERING_MANAGED_PKG|Centify
11:35:00.12 (165173754)|ENTERING_MANAGED_PKG|Centify
11:35:00.12 (165196069)|ENTERING_MANAGED_PKG|Centify
11:35:00.12 (165207694)|ENTERING_MANAGED_PKG|Centify
11:35:00.12 (165733502)|ENTERING_MANAGED_PKG|Centify
11:35:00.12 (165756629)|ENTERING_MANAGED_PKG|Centify
11:35:00.12 (165767679)|ENTERING_MANAGED_PKG|Centify
11:35:00.12 (165838531)|ENTERING_MANAGED_PKG|Centify
11:35:00.12 (165957402)|ENTERING_MANAGED_PKG|Centify
11:35:00.12 (165977414)|ENTERING_MANAGED_PKG|Centify
11:35:00.12 (165999468)|ENTERING_MANAGED_PKG|Centify
11:35:00.12 (166012026)|ENTERING_MANAGED_PKG|Centify
11:35:00.12 (166847099)|ENTERING_MANAGED_PKG|Centify
11:35:00.12 (166874376)|ENTERING_MANAGED_PKG|Centify
11:35:00.12 (166886671)|ENTERING_MANAGED_PKG|Centify
11:35:00.12 (166965085)|ENTERING_MANAGED_PKG|Centify
11:35:00.12 (167081909)|ENTERING_MANAGED_PKG|Centify
11:35:00.12 (167191794)|ENTERING_MANAGED_PKG|Centify
11:35:00.12 (167296637)|ENTERING_MANAGED_PKG|Centify
11:35:00.12 (167413203)|ENTERING_MANAGED_PKG|Centify
11:35:00.12 (167435164)|ENTERING_MANAGED_PKG|Centify
11:35:00.12 (167458295)|ENTERING_MANAGED_PKG|Centify
11:35:00.12 (167475408)|ENTERING_MANAGED_PKG|Centify
11:35:00.12 (168408296)|ENTERING_MANAGED_PKG|Centify
11:35:00.12 (168434206)|ENTERING_MANAGED_PKG|Centify
11:35:00.12 (168446020)|ENTERING_MANAGED_PKG|Centify
11:35:00.12 (168525961)|ENTERING_MANAGED_PKG|Centify
11:35:00.12 (168647768)|ENTERING_MANAGED_PKG|Centify
11:35:00.12 (168669513)|ENTERING_MANAGED_PKG|Centify
11:35:00.12 (168693000)|ENTERING_MANAGED_PKG|Centify
11:35:00.12 (168704850)|ENTERING_MANAGED_PKG|Centify
11:35:00.12 (169489336)|ENTERING_MANAGED_PKG|Centify
11:35:00.12 (169512871)|ENTERING_MANAGED_PKG|Centify
11:35:00.12 (169524204)|ENTERING_MANAGED_PKG|Centify
11:35:00.12 (169596182)|ENTERING_MANAGED_PKG|Centify
11:35:00.12 (169715457)|ENTERING_MANAGED_PKG|Centify
11:35:00.12 (169736335)|ENTERING_MANAGED_PKG|Centify
11:35:00.12 (169758674)|ENTERING_MANAGED_PKG|Centify
11:35:00.12 (169769865)|ENTERING_MANAGED_PKG|Centify
11:35:00.12 (170596766)|ENTERING_MANAGED_PKG|Centify
11:35:00.12 (170620344)|ENTERING_MANAGED_PKG|Centify
11:35:00.12 (170632021)|ENTERING_MANAGED_PKG|Centify
11:35:00.12 (170703236)|ENTERING_MANAGED_PKG|Centify
11:35:00.12 (170823174)|ENTERING_MANAGED_PKG|Centify
11:35:00.12 (170844127)|ENTERING_MANAGED_PKG|Centify
11:35:00.12 (170866806)|ENTERING_MANAGED_PKG|Centify
11:35:00.12 (170893645)|ENTERING_MANAGED_PKG|Centify
11:35:00.12 (171912221)|ENTERING_MANAGED_PKG|Centify
11:35:00.12 (171939660)|ENTERING_MANAGED_PKG|Centify
11:35:00.12 (171951175)|ENTERING_MANAGED_PKG|Centify
11:35:00.12 (172027326)|ENTERING_MANAGED_PKG|Centify
11:35:00.12 (172154084)|ENTERING_MANAGED_PKG|Centify
11:35:00.12 (172175751)|ENTERING_MANAGED_PKG|Centify
11:35:00.12 (172199013)|ENTERING_MANAGED_PKG|Centify
11:35:00.12 (172210521)|ENTERING_MANAGED_PKG|Centify
11:35:00.12 (173239589)|ENTERING_MANAGED_PKG|Centify
11:35:00.12 (173263537)|ENTERING_MANAGED_PKG|Centify
11:35:00.12 (173275000)|ENTERING_MANAGED_PKG|Centify
11:35:00.12 (173348816)|ENTERING_MANAGED_PKG|Centify
11:35:00.12 (173516806)|ENTERING_MANAGED_PKG|Centify
11:35:00.12 (173540728)|ENTERING_MANAGED_PKG|Centify
11:35:00.12 (173564657)|ENTERING_MANAGED_PKG|Centify
11:35:00.12 (173576285)|ENTERING_MANAGED_PKG|Centify
11:35:00.12 (174722743)|ENTERING_MANAGED_PKG|Centify
11:35:00.12 (174747877)|ENTERING_MANAGED_PKG|Centify
11:35:00.12 (174759407)|ENTERING_MANAGED_PKG|Centify
11:35:00.12 (174833793)|ENTERING_MANAGED_PKG|Centify
11:35:00.12 (174956934)|ENTERING_MANAGED_PKG|Centify
11:35:00.12 (174978412)|ENTERING_MANAGED_PKG|Centify
11:35:00.12 (175000966)|ENTERING_MANAGED_PKG|Centify
11:35:00.12 (175012692)|ENTERING_MANAGED_PKG|Centify
11:35:00.12 (176442401)|ENTERING_MANAGED_PKG|Centify
11:35:00.12 (176477705)|ENTERING_MANAGED_PKG|Centify
11:35:00.12 (176490570)|ENTERING_MANAGED_PKG|Centify
11:35:00.12 (176569361)|ENTERING_MANAGED_PKG|Centify
11:35:00.12 (176695917)|ENTERING_MANAGED_PKG|Centify
11:35:00.12 (176717750)|ENTERING_MANAGED_PKG|Centify
11:35:00.12 (176740397)|ENTERING_MANAGED_PKG|Centify
11:35:00.12 (176751840)|ENTERING_MANAGED_PKG|Centify
11:35:00.12 (178168768)|ENTERING_MANAGED_PKG|Centify
11:35:00.12 (178213883)|ENTERING_MANAGED_PKG|Centify
11:35:00.12 (178228413)|ENTERING_MANAGED_PKG|Centify
11:35:00.12 (178337105)|ENTERING_MANAGED_PKG|Centify
11:35:00.12 (178494425)|ENTERING_MANAGED_PKG|Centify
11:35:00.12 (178533018)|ENTERING_MANAGED_PKG|Centify
11:35:00.12 (178565380)|ENTERING_MANAGED_PKG|Centify
11:35:00.12 (178578141)|ENTERING_MANAGED_PKG|Centify
11:35:00.12 (180195366)|ENTERING_MANAGED_PKG|Centify
11:35:00.12 (180224056)|ENTERING_MANAGED_PKG|Centify
11:35:00.12 (180237217)|ENTERING_MANAGED_PKG|Centify
11:35:00.12 (180314024)|ENTERING_MANAGED_PKG|Centify
11:35:00.12 (180441304)|ENTERING_MANAGED_PKG|Centify
11:35:00.12 (180467560)|ENTERING_MANAGED_PKG|Centify
11:35:00.12 (180492270)|ENTERING_MANAGED_PKG|Centify
11:35:00.12 (180503931)|ENTERING_MANAGED_PKG|Centify
11:35:00.12 (182057138)|ENTERING_MANAGED_PKG|Centify
11:35:00.12 (182083144)|ENTERING_MANAGED_PKG|Centify
11:35:00.12 (182095166)|ENTERING_MANAGED_PKG|Centify
11:35:00.12 (182168821)|ENTERING_MANAGED_PKG|Centify
11:35:00.12 (182207672)|ENTERING_MANAGED_PKG|Centify
11:35:00.12 (182239030)|ENTERING_MANAGED_PKG|Centify
11:35:00.12 (182260299)|ENTERING_MANAGED_PKG|Centify
11:35:00.12 (182478626)|ENTERING_MANAGED_PKG|Centify
11:35:00.12 (182505194)|ENTERING_MANAGED_PKG|Centify
11:35:00.12 (184419732)|ENTERING_MANAGED_PKG|Centify
11:35:00.12 (184452197)|ENTERING_MANAGED_PKG|Centify
11:35:00.12 (184481931)|ENTERING_MANAGED_PKG|Centify
11:35:00.12 (184530828)|ENTERING_MANAGED_PKG|Centify
11:35:00.12 (184662043)|ENTERING_MANAGED_PKG|Centify
11:35:00.12 (184729605)|ENTERING_MANAGED_PKG|Centify
11:35:00.12 (205479797)|ENTERING_MANAGED_PKG|Centify
11:35:00.12 (205533828)|ENTERING_MANAGED_PKG|Centify
11:35:00.12 (205637570)|ENTERING_MANAGED_PKG|Centify
11:35:00.12 (205672849)|ENTERING_MANAGED_PKG|Centify
11:35:00.12 (212705392)|ENTERING_MANAGED_PKG|Centify
11:35:00.12 (212964311)|ENTERING_MANAGED_PKG|Centify
11:35:00.12 (213825451)|ENTERING_MANAGED_PKG|Centify
11:35:00.12 (214848790)|ENTERING_MANAGED_PKG|Centify
11:35:00.12 (214898395)|ENTERING_MANAGED_PKG|Centify
11:35:00.12 (215040347)|ENTERING_MANAGED_PKG|Centify
11:35:00.12 (215104401)|ENTERING_MANAGED_PKG|Centify
11:35:00.12 (215227710)|ENTERING_MANAGED_PKG|Centify
11:35:00.12 (215436061)|ENTERING_MANAGED_PKG|Centify
11:35:00.12 (215575595)|ENTERING_MANAGED_PKG|Centify
11:35:00.12 (215687880)|ENTERING_MANAGED_PKG|Centify
11:35:00.12 (215841186)|ENTERING_MANAGED_PKG|Centify
11:35:00.12 (215976369)|ENTERING_MANAGED_PKG|Centify
11:35:00.12 (216151137)|ENTERING_MANAGED_PKG|Centify
11:35:00.12 (216322751)|ENTERING_MANAGED_PKG|Centify
11:35:00.12 (216502993)|ENTERING_MANAGED_PKG|Centify
11:35:00.12 (216680848)|ENTERING_MANAGED_PKG|Centify
11:35:00.12 (216807719)|ENTERING_MANAGED_PKG|Centify
11:35:00.12 (216948313)|ENTERING_MANAGED_PKG|Centify
11:35:00.12 (217118256)|ENTERING_MANAGED_PKG|Centify
11:35:00.12 (217237659)|ENTERING_MANAGED_PKG|Centify
11:35:00.12 (217344006)|ENTERING_MANAGED_PKG|Centify
11:35:00.12 (217483855)|ENTERING_MANAGED_PKG|Centify
11:35:00.12 (217638061)|ENTERING_MANAGED_PKG|Centify
11:35:00.12 (217750043)|ENTERING_MANAGED_PKG|Centify
11:35:00.12 (217856494)|ENTERING_MANAGED_PKG|Centify
11:35:00.12 (218019176)|ENTERING_MANAGED_PKG|Centify
11:35:00.12 (218134522)|ENTERING_MANAGED_PKG|Centify
11:35:00.12 (218268761)|ENTERING_MANAGED_PKG|Centify
11:35:00.12 (218375024)|ENTERING_MANAGED_PKG|Centify
11:35:00.12 (218486814)|ENTERING_MANAGED_PKG|Centify
11:35:00.12 (218598819)|ENTERING_MANAGED_PKG|Centify
11:35:00.12 (218704027)|ENTERING_MANAGED_PKG|Centify
11:35:00.12 (218816102)|ENTERING_MANAGED_PKG|Centify
11:35:00.12 (218923610)|ENTERING_MANAGED_PKG|Centify
11:35:00.12 (219032421)|ENTERING_MANAGED_PKG|Centify
11:35:00.12 (219144543)|ENTERING_MANAGED_PKG|Centify
11:35:00.12 (219185402)|ENTERING_MANAGED_PKG|Centify
11:35:00.12 (219218802)|ENTERING_MANAGED_PKG|Centify
11:35:00.12 (219241754)|ENTERING_MANAGED_PKG|Centify
11:35:00.12 (219299060)|ENTERING_MANAGED_PKG|Centify
11:35:00.12 (219340838)|ENTERING_MANAGED_PKG|Centify
11:35:00.12 (221060580)|ENTERING_MANAGED_PKG|Centify
11:35:00.12 (221095262)|ENTERING_MANAGED_PKG|Centify
11:35:00.12 (221119242)|ENTERING_MANAGED_PKG|Centify
11:35:00.12 (221169604)|ENTERING_MANAGED_PKG|Centify
11:35:00.12 (221292965)|ENTERING_MANAGED_PKG|Centify
11:35:00.12 (221364246)|ENTERING_MANAGED_PKG|Centify
11:35:00.12 (238955396)|ENTERING_MANAGED_PKG|Centify
11:35:00.12 (239016344)|ENTERING_MANAGED_PKG|Centify
11:35:00.12 (255153264)|ENTERING_MANAGED_PKG|Centify
11:35:00.12 (255273872)|ENTERING_MANAGED_PKG|Centify
11:35:00.12 (273884448)|ENTERING_MANAGED_PKG|Centify
11:35:00.12 (273947086)|ENTERING_MANAGED_PKG|Centify
11:35:00.12 (291030519)|ENTERING_MANAGED_PKG|Centify
11:35:00.12 (291172890)|ENTERING_MANAGED_PKG|Centify
11:35:00.12 (291270348)|ENTERING_MANAGED_PKG|Centify
11:35:00.12 (291364042)|ENTERING_MANAGED_PKG|Centify
11:35:00.12 (291481697)|ENTERING_MANAGED_PKG|Centify
11:35:00.12 (291560989)|ENTERING_MANAGED_PKG|Centify
11:35:00.12 (291635489)|ENTERING_MANAGED_PKG|Centify
11:35:00.12 (291710183)|ENTERING_MANAGED_PKG|Centify
11:35:00.12 (291868706)|ENTERING_MANAGED_PKG|Centify
11:35:00.12 (291994033)|ENTERING_MANAGED_PKG|Centify
11:35:00.12 (292127487)|ENTERING_MANAGED_PKG|Centify
11:35:00.12 (292165468)|ENTERING_MANAGED_PKG|Centify
11:35:00.12 (292236954)|ENTERING_MANAGED_PKG|Centify
11:35:00.12 (292260849)|ENTERING_MANAGED_PKG|Centify
11:35:00.12 (298370673)|ENTERING_MANAGED_PKG|Centify
11:35:00.12 (298619528)|ENTERING_MANAGED_PKG|Centify
11:35:00.12 (299313792)|ENTERING_MANAGED_PKG|Centify
11:35:00.12 (299924481)|ENTERING_MANAGED_PKG|Centify
11:35:00.12 (299974104)|ENTERING_MANAGED_PKG|Centify
11:35:00.12 (300068686)|ENTERING_MANAGED_PKG|Centify
11:35:00.12 (300110371)|ENTERING_MANAGED_PKG|Centify
11:35:00.12 (300213370)|ENTERING_MANAGED_PKG|Centify
11:35:00.12 (300349580)|ENTERING_MANAGED_PKG|Centify
11:35:00.12 (300466735)|ENTERING_MANAGED_PKG|Centify
11:35:00.12 (300577965)|ENTERING_MANAGED_PKG|Centify
11:35:00.12 (300685256)|ENTERING_MANAGED_PKG|Centify
11:35:00.12 (300791009)|ENTERING_MANAGED_PKG|Centify
11:35:00.12 (300932889)|ENTERING_MANAGED_PKG|Centify
11:35:00.12 (301043701)|ENTERING_MANAGED_PKG|Centify
11:35:00.12 (301152673)|ENTERING_MANAGED_PKG|Centify
11:35:00.12 (301259234)|ENTERING_MANAGED_PKG|Centify
11:35:00.12 (301367107)|ENTERING_MANAGED_PKG|Centify
11:35:00.12 (301478904)|ENTERING_MANAGED_PKG|Centify
11:35:00.12 (301586997)|ENTERING_MANAGED_PKG|Centify
11:35:00.12 (301691813)|ENTERING_MANAGED_PKG|Centify
11:35:00.12 (301799358)|ENTERING_MANAGED_PKG|Centify
11:35:00.12 (301900734)|ENTERING_MANAGED_PKG|Centify
11:35:00.12 (302008163)|ENTERING_MANAGED_PKG|Centify
11:35:00.12 (302122724)|ENTERING_MANAGED_PKG|Centify
11:35:00.12 (302230657)|ENTERING_MANAGED_PKG|Centify
11:35:00.12 (302336222)|ENTERING_MANAGED_PKG|Centify
11:35:00.12 (302440225)|ENTERING_MANAGED_PKG|Centify
11:35:00.12 (302550938)|ENTERING_MANAGED_PKG|Centify
11:35:00.12 (302653756)|ENTERING_MANAGED_PKG|Centify
11:35:00.12 (302757350)|ENTERING_MANAGED_PKG|Centify
11:35:00.12 (302862037)|ENTERING_MANAGED_PKG|Centify
11:35:00.12 (302965645)|ENTERING_MANAGED_PKG|Centify
11:35:00.12 (303070633)|ENTERING_MANAGED_PKG|Centify
11:35:00.12 (303174964)|ENTERING_MANAGED_PKG|Centify
11:35:00.12 (303278882)|ENTERING_MANAGED_PKG|Centify
11:35:00.12 (303381360)|ENTERING_MANAGED_PKG|Centify
11:35:00.12 (303498792)|ENTERING_MANAGED_PKG|Centify
11:35:00.12 (303611089)|ENTERING_MANAGED_PKG|Centify
11:35:00.12 (303649235)|ENTERING_MANAGED_PKG|Centify
11:35:00.12 (303680808)|ENTERING_MANAGED_PKG|Centify
11:35:00.12 (303702104)|ENTERING_MANAGED_PKG|Centify
11:35:00.12 (303751224)|ENTERING_MANAGED_PKG|Centify
11:35:00.12 (303795016)|ENTERING_MANAGED_PKG|Centify
11:35:00.12 (305451139)|ENTERING_MANAGED_PKG|Centify
11:35:00.12 (305490007)|ENTERING_MANAGED_PKG|Centify
11:35:00.12 (305514524)|ENTERING_MANAGED_PKG|Centify
11:35:00.12 (305562799)|ENTERING_MANAGED_PKG|Centify
11:35:00.12 (305679537)|ENTERING_MANAGED_PKG|Centify
11:35:00.12 (305744434)|ENTERING_MANAGED_PKG|Centify
11:35:00.12 (325202187)|ENTERING_MANAGED_PKG|Centify
11:35:00.12 (325260622)|ENTERING_MANAGED_PKG|Centify
11:35:00.12 (339768077)|ENTERING_MANAGED_PKG|Centify
11:35:00.12 (339850511)|ENTERING_MANAGED_PKG|Centify
11:35:00.12 (354861820)|ENTERING_MANAGED_PKG|Centify
11:35:00.12 (354908639)|ENTERING_MANAGED_PKG|Centify
11:35:00.12 (368170977)|ENTERING_MANAGED_PKG|Centify
11:35:00.12 (368287832)|ENTERING_MANAGED_PKG|Centify
11:35:00.12 (368370168)|ENTERING_MANAGED_PKG|Centify
11:35:00.12 (368506322)|ENTERING_MANAGED_PKG|Centify
11:35:00.12 (368616676)|ENTERING_MANAGED_PKG|Centify
11:35:00.12 (368701897)|ENTERING_MANAGED_PKG|Centify
11:35:00.12 (368822707)|ENTERING_MANAGED_PKG|Centify
11:35:00.12 (368922124)|ENTERING_MANAGED_PKG|Centify
11:35:00.12 (369056927)|ENTERING_MANAGED_PKG|Centify
11:35:00.12 (369166092)|ENTERING_MANAGED_PKG|Centify
11:35:00.12 (369285490)|ENTERING_MANAGED_PKG|Centify
11:35:00.12 (369317863)|ENTERING_MANAGED_PKG|Centify
11:35:00.12 (369383800)|ENTERING_MANAGED_PKG|Centify
11:35:00.12 (369406679)|ENTERING_MANAGED_PKG|Centify
11:35:00.12 (375700262)|ENTERING_MANAGED_PKG|Centify
11:35:00.12 (375900086)|ENTERING_MANAGED_PKG|Centify
11:35:00.12 (376281149)|ENTERING_MANAGED_PKG|Centify
11:35:00.12 (376928977)|ENTERING_MANAGED_PKG|Centify
11:35:00.12 (376980370)|ENTERING_MANAGED_PKG|Centify
11:35:00.12 (377066984)|ENTERING_MANAGED_PKG|Centify
11:35:00.12 (377106916)|ENTERING_MANAGED_PKG|Centify
11:35:00.12 (377237567)|ENTERING_MANAGED_PKG|Centify
11:35:00.12 (377395484)|ENTERING_MANAGED_PKG|Centify
11:35:00.12 (377515265)|ENTERING_MANAGED_PKG|Centify
11:35:00.12 (377624577)|ENTERING_MANAGED_PKG|Centify
11:35:00.12 (377731455)|ENTERING_MANAGED_PKG|Centify
11:35:00.12 (377854570)|ENTERING_MANAGED_PKG|Centify
11:35:00.12 (377962698)|ENTERING_MANAGED_PKG|Centify
11:35:00.12 (378069256)|ENTERING_MANAGED_PKG|Centify
11:35:00.12 (378176772)|ENTERING_MANAGED_PKG|Centify
11:35:00.12 (378306984)|ENTERING_MANAGED_PKG|Centify
11:35:00.12 (378477024)|ENTERING_MANAGED_PKG|Centify
11:35:00.12 (378611820)|ENTERING_MANAGED_PKG|Centify
11:35:00.12 (378734744)|ENTERING_MANAGED_PKG|Centify
11:35:00.12 (378856417)|ENTERING_MANAGED_PKG|Centify
11:35:00.12 (378977232)|ENTERING_MANAGED_PKG|Centify
11:35:00.12 (379098987)|ENTERING_MANAGED_PKG|Centify
11:35:00.12 (379220418)|ENTERING_MANAGED_PKG|Centify
11:35:00.12 (379327287)|ENTERING_MANAGED_PKG|Centify
11:35:00.12 (379433638)|ENTERING_MANAGED_PKG|Centify
11:35:00.12 (379583772)|ENTERING_MANAGED_PKG|Centify
11:35:00.12 (379718446)|ENTERING_MANAGED_PKG|Centify
11:35:00.12 (379824862)|ENTERING_MANAGED_PKG|Centify
11:35:00.12 (379934563)|ENTERING_MANAGED_PKG|Centify
11:35:00.12 (380044238)|ENTERING_MANAGED_PKG|Centify
11:35:00.12 (380149648)|ENTERING_MANAGED_PKG|Centify
11:35:00.12 (380254894)|ENTERING_MANAGED_PKG|Centify
11:35:00.12 (380361393)|ENTERING_MANAGED_PKG|Centify
11:35:00.12 (380471511)|ENTERING_MANAGED_PKG|Centify
11:35:00.12 (380578042)|ENTERING_MANAGED_PKG|Centify
11:35:00.12 (380682582)|ENTERING_MANAGED_PKG|Centify
11:35:00.12 (380781155)|ENTERING_MANAGED_PKG|Centify
11:35:00.12 (380887307)|ENTERING_MANAGED_PKG|Centify
11:35:00.12 (380997091)|ENTERING_MANAGED_PKG|Centify
11:35:00.12 (381101993)|ENTERING_MANAGED_PKG|Centify
11:35:00.12 (381206292)|ENTERING_MANAGED_PKG|Centify
11:35:00.12 (381313994)|ENTERING_MANAGED_PKG|Centify
11:35:00.12 (381418183)|ENTERING_MANAGED_PKG|Centify
11:35:00.12 (381527735)|ENTERING_MANAGED_PKG|Centify
11:35:00.12 (381633041)|ENTERING_MANAGED_PKG|Centify
11:35:00.12 (381740824)|ENTERING_MANAGED_PKG|Centify
11:35:00.12 (381845618)|ENTERING_MANAGED_PKG|Centify
11:35:00.12 (381949037)|ENTERING_MANAGED_PKG|Centify
11:35:00.12 (382071128)|ENTERING_MANAGED_PKG|Centify
11:35:00.12 (382140791)|ENTERING_MANAGED_PKG|Centify
11:35:00.12 (382180440)|ENTERING_MANAGED_PKG|Centify
11:35:00.12 (382202967)|ENTERING_MANAGED_PKG|Centify
11:35:00.12 (382227228)|ENTERING_MANAGED_PKG|Centify
11:35:00.12 (382240231)|ENTERING_MANAGED_PKG|Centify
11:35:00.12 (382522853)|ENTERING_MANAGED_PKG|Centify
11:35:00.12 (382547184)|ENTERING_MANAGED_PKG|Centify
11:35:00.12 (382558961)|ENTERING_MANAGED_PKG|Centify
11:35:00.12 (382634741)|ENTERING_MANAGED_PKG|Centify
11:35:00.12 (382760913)|ENTERING_MANAGED_PKG|Centify
11:35:00.12 (382781680)|ENTERING_MANAGED_PKG|Centify
11:35:00.12 (382803923)|ENTERING_MANAGED_PKG|Centify
11:35:00.12 (382815226)|ENTERING_MANAGED_PKG|Centify
11:35:00.12 (383131850)|ENTERING_MANAGED_PKG|Centify
11:35:00.12 (383154742)|ENTERING_MANAGED_PKG|Centify
11:35:00.12 (383166373)|ENTERING_MANAGED_PKG|Centify
11:35:00.12 (383237608)|ENTERING_MANAGED_PKG|Centify
11:35:00.12 (383357173)|ENTERING_MANAGED_PKG|Centify
11:35:00.12 (383378025)|ENTERING_MANAGED_PKG|Centify
11:35:00.12 (383400361)|ENTERING_MANAGED_PKG|Centify
11:35:00.12 (383412114)|ENTERING_MANAGED_PKG|Centify
11:35:00.12 (383824825)|ENTERING_MANAGED_PKG|Centify
11:35:00.12 (383847120)|ENTERING_MANAGED_PKG|Centify
11:35:00.12 (383858538)|ENTERING_MANAGED_PKG|Centify
11:35:00.12 (383929116)|ENTERING_MANAGED_PKG|Centify
11:35:00.12 (384049604)|ENTERING_MANAGED_PKG|Centify
11:35:00.12 (384070761)|ENTERING_MANAGED_PKG|Centify
11:35:00.12 (384092566)|ENTERING_MANAGED_PKG|Centify
11:35:00.12 (384103887)|ENTERING_MANAGED_PKG|Centify
11:35:00.12 (384612036)|ENTERING_MANAGED_PKG|Centify
11:35:00.12 (384635050)|ENTERING_MANAGED_PKG|Centify
11:35:00.12 (384646400)|ENTERING_MANAGED_PKG|Centify
11:35:00.12 (384717241)|ENTERING_MANAGED_PKG|Centify
11:35:00.12 (384836274)|ENTERING_MANAGED_PKG|Centify
11:35:00.12 (384857027)|ENTERING_MANAGED_PKG|Centify
11:35:00.12 (384879049)|ENTERING_MANAGED_PKG|Centify
11:35:00.12 (384890457)|ENTERING_MANAGED_PKG|Centify
11:35:00.12 (385481640)|ENTERING_MANAGED_PKG|Centify
11:35:00.12 (385505275)|ENTERING_MANAGED_PKG|Centify
11:35:00.12 (385517339)|ENTERING_MANAGED_PKG|Centify
11:35:00.12 (385589337)|ENTERING_MANAGED_PKG|Centify
11:35:00.12 (385707669)|ENTERING_MANAGED_PKG|Centify
11:35:00.12 (385728280)|ENTERING_MANAGED_PKG|Centify
11:35:00.12 (385765213)|ENTERING_MANAGED_PKG|Centify
11:35:00.12 (385786442)|ENTERING_MANAGED_PKG|Centify
11:35:00.12 (386574812)|ENTERING_MANAGED_PKG|Centify
11:35:00.12 (386601230)|ENTERING_MANAGED_PKG|Centify
11:35:00.12 (386613223)|ENTERING_MANAGED_PKG|Centify
11:35:00.12 (386687121)|ENTERING_MANAGED_PKG|Centify
11:35:00.12 (386804040)|ENTERING_MANAGED_PKG|Centify
11:35:00.12 (386912599)|ENTERING_MANAGED_PKG|Centify
11:35:00.12 (387020660)|ENTERING_MANAGED_PKG|Centify
11:35:00.12 (387126218)|ENTERING_MANAGED_PKG|Centify
11:35:00.12 (387234682)|ENTERING_MANAGED_PKG|Centify
11:35:00.12 (387338544)|ENTERING_MANAGED_PKG|Centify
11:35:00.12 (387441587)|ENTERING_MANAGED_PKG|Centify
11:35:00.12 (387568128)|ENTERING_MANAGED_PKG|Centify
11:35:00.12 (387674914)|ENTERING_MANAGED_PKG|Centify
11:35:00.12 (387779853)|ENTERING_MANAGED_PKG|Centify
11:35:00.12 (387883491)|ENTERING_MANAGED_PKG|Centify
11:35:00.12 (387989119)|ENTERING_MANAGED_PKG|Centify
11:35:00.12 (388093899)|ENTERING_MANAGED_PKG|Centify
11:35:00.12 (388204547)|ENTERING_MANAGED_PKG|Centify
11:35:00.12 (388241248)|ENTERING_MANAGED_PKG|Centify
11:35:00.12 (388271428)|ENTERING_MANAGED_PKG|Centify
11:35:00.12 (388292898)|ENTERING_MANAGED_PKG|Centify
11:35:00.12 (388422516)|ENTERING_MANAGED_PKG|Centify
11:35:00.12 (388447810)|ENTERING_MANAGED_PKG|Centify
11:35:00.12 (390049727)|ENTERING_MANAGED_PKG|Centify
11:35:00.12 (390078192)|ENTERING_MANAGED_PKG|Centify
11:35:00.12 (390101086)|ENTERING_MANAGED_PKG|Centify
11:35:00.12 (390168309)|ENTERING_MANAGED_PKG|Centify
11:35:00.12 (390191853)|ENTERING_MANAGED_PKG|Centify
11:35:00.12 (390258667)|ENTERING_MANAGED_PKG|Centify
11:35:00.12 (390282100)|ENTERING_MANAGED_PKG|Centify
11:35:00.12 (396713889)|ENTERING_MANAGED_PKG|Centify
11:35:00.12 (396978069)|ENTERING_MANAGED_PKG|Centify
11:35:00.12 (397547814)|ENTERING_MANAGED_PKG|Centify
11:35:00.12 (398744727)|ENTERING_MANAGED_PKG|Centify
11:35:00.12 (398794547)|ENTERING_MANAGED_PKG|Centify
11:35:00.12 (398887345)|ENTERING_MANAGED_PKG|Centify
11:35:00.12 (398928087)|ENTERING_MANAGED_PKG|Centify
11:35:00.12 (399083913)|ENTERING_MANAGED_PKG|Centify
11:35:00.12 (399279330)|ENTERING_MANAGED_PKG|Centify
11:35:00.12 (399413793)|ENTERING_MANAGED_PKG|Centify
11:35:00.12 (399532080)|ENTERING_MANAGED_PKG|Centify
11:35:00.12 (399640280)|ENTERING_MANAGED_PKG|Centify
11:35:00.12 (399747904)|ENTERING_MANAGED_PKG|Centify
11:35:00.12 (399854285)|ENTERING_MANAGED_PKG|Centify
11:35:00.12 (400027159)|ENTERING_MANAGED_PKG|Centify
11:35:00.12 (400168199)|ENTERING_MANAGED_PKG|Centify
11:35:00.12 (400277594)|ENTERING_MANAGED_PKG|Centify
11:35:00.12 (400375100)|ENTERING_MANAGED_PKG|Centify
11:35:00.12 (400491513)|ENTERING_MANAGED_PKG|Centify
11:35:00.12 (400606399)|ENTERING_MANAGED_PKG|Centify
11:35:00.12 (400712328)|ENTERING_MANAGED_PKG|Centify
11:35:00.12 (400817201)|ENTERING_MANAGED_PKG|Centify
11:35:00.12 (400921390)|ENTERING_MANAGED_PKG|Centify
11:35:00.12 (401025532)|ENTERING_MANAGED_PKG|Centify
11:35:00.12 (401130000)|ENTERING_MANAGED_PKG|Centify
11:35:00.12 (401234780)|ENTERING_MANAGED_PKG|Centify
11:35:00.12 (401343982)|ENTERING_MANAGED_PKG|Centify
11:35:00.12 (401447348)|ENTERING_MANAGED_PKG|Centify
11:35:00.12 (401558697)|ENTERING_MANAGED_PKG|Centify
11:35:00.12 (401595272)|ENTERING_MANAGED_PKG|Centify
11:35:00.12 (401627168)|ENTERING_MANAGED_PKG|Centify
11:35:00.12 (401648725)|ENTERING_MANAGED_PKG|Centify
11:35:00.12 (401696462)|ENTERING_MANAGED_PKG|Centify
11:35:00.12 (401734050)|ENTERING_MANAGED_PKG|Centify
11:35:00.12 (403011684)|ENTERING_MANAGED_PKG|Centify
11:35:00.12 (403045406)|ENTERING_MANAGED_PKG|Centify
11:35:00.12 (403068522)|ENTERING_MANAGED_PKG|Centify
11:35:00.12 (403136654)|ENTERING_MANAGED_PKG|Centify
11:35:00.12 (403201556)|ENTERING_MANAGED_PKG|Centify
11:35:00.12 (403300271)|ENTERING_MANAGED_PKG|Centify
11:35:00.12 (403379243)|ENTERING_MANAGED_PKG|Centify
11:35:00.12 (403403863)|ENTERING_MANAGED_PKG|Centify
11:35:00.12 (409828950)|ENTERING_MANAGED_PKG|Centify
11:35:00.12 (410092937)|ENTERING_MANAGED_PKG|Centify
11:35:00.12 (410621336)|ENTERING_MANAGED_PKG|Centify
11:35:00.12 (411371947)|ENTERING_MANAGED_PKG|Centify
11:35:00.12 (411426614)|ENTERING_MANAGED_PKG|Centify
11:35:00.12 (411536728)|ENTERING_MANAGED_PKG|Centify
11:35:00.12 (411597510)|ENTERING_MANAGED_PKG|Centify
11:35:00.12 (411754103)|ENTERING_MANAGED_PKG|Centify
11:35:00.12 (411985701)|ENTERING_MANAGED_PKG|Centify
11:35:00.12 (412192494)|ENTERING_MANAGED_PKG|Centify
11:35:00.12 (412399828)|ENTERING_MANAGED_PKG|Centify
11:35:00.12 (412583167)|ENTERING_MANAGED_PKG|Centify
11:35:00.12 (412740467)|ENTERING_MANAGED_PKG|Centify
11:35:00.12 (412890672)|ENTERING_MANAGED_PKG|Centify
11:35:00.12 (413046261)|ENTERING_MANAGED_PKG|Centify
11:35:00.12 (413201997)|ENTERING_MANAGED_PKG|Centify
11:35:00.12 (413360232)|ENTERING_MANAGED_PKG|Centify
11:35:00.12 (413583334)|ENTERING_MANAGED_PKG|Centify
11:35:00.12 (413730844)|ENTERING_MANAGED_PKG|Centify
11:35:00.12 (413848183)|ENTERING_MANAGED_PKG|Centify
11:35:00.12 (413958610)|ENTERING_MANAGED_PKG|Centify
11:35:00.12 (414065160)|ENTERING_MANAGED_PKG|Centify
11:35:00.12 (414174003)|ENTERING_MANAGED_PKG|Centify
11:35:00.12 (414275888)|ENTERING_MANAGED_PKG|Centify
11:35:00.12 (414388152)|ENTERING_MANAGED_PKG|Centify
11:35:00.12 (414503353)|ENTERING_MANAGED_PKG|Centify
11:35:00.12 (414608600)|ENTERING_MANAGED_PKG|Centify
11:35:00.12 (414712600)|ENTERING_MANAGED_PKG|Centify
11:35:00.12 (414816828)|ENTERING_MANAGED_PKG|Centify
11:35:00.12 (414920534)|ENTERING_MANAGED_PKG|Centify
11:35:00.12 (415022824)|ENTERING_MANAGED_PKG|Centify
11:35:00.12 (415173560)|ENTERING_MANAGED_PKG|Centify
11:35:00.12 (415283973)|ENTERING_MANAGED_PKG|Centify
11:35:00.12 (415386352)|ENTERING_MANAGED_PKG|Centify
11:35:00.12 (415494658)|ENTERING_MANAGED_PKG|Centify
11:35:00.12 (415598827)|ENTERING_MANAGED_PKG|Centify
11:35:00.12 (415702272)|ENTERING_MANAGED_PKG|Centify
11:35:00.12 (415806334)|ENTERING_MANAGED_PKG|Centify
11:35:00.12 (415908160)|ENTERING_MANAGED_PKG|Centify
11:35:00.12 (416011013)|ENTERING_MANAGED_PKG|Centify
11:35:00.12 (416124167)|ENTERING_MANAGED_PKG|Centify
11:35:00.12 (416166135)|ENTERING_MANAGED_PKG|Centify
11:35:00.12 (416198363)|ENTERING_MANAGED_PKG|Centify
11:35:00.12 (416222894)|ENTERING_MANAGED_PKG|Centify
11:35:00.12 (416293763)|ENTERING_MANAGED_PKG|Centify
11:35:00.12 (416343605)|ENTERING_MANAGED_PKG|Centify
11:35:00.12 (417918308)|ENTERING_MANAGED_PKG|Centify
11:35:00.12 (417954283)|ENTERING_MANAGED_PKG|Centify
11:35:00.12 (417977638)|ENTERING_MANAGED_PKG|Centify
11:35:00.12 (418027122)|ENTERING_MANAGED_PKG|Centify
11:35:00.12 (418154666)|ENTERING_MANAGED_PKG|Centify
11:35:00.12 (418223096)|ENTERING_MANAGED_PKG|Centify
11:35:00.12 (433028537)|ENTERING_MANAGED_PKG|Centify
11:35:00.12 (433073951)|ENTERING_MANAGED_PKG|Centify
11:35:00.12 (447697091)|ENTERING_MANAGED_PKG|Centify
11:35:00.12 (447742253)|ENTERING_MANAGED_PKG|Centify
11:35:00.12 (447840053)|ENTERING_MANAGED_PKG|Centify
11:35:00.12 (447871172)|ENTERING_MANAGED_PKG|Centify
11:35:00.12 (454353859)|ENTERING_MANAGED_PKG|Centify
11:35:00.12 (454588572)|ENTERING_MANAGED_PKG|Centify
11:35:00.12 (454973933)|ENTERING_MANAGED_PKG|Centify
11:35:00.12 (455544601)|ENTERING_MANAGED_PKG|Centify
11:35:00.12 (455594272)|ENTERING_MANAGED_PKG|Centify
11:35:00.12 (455685915)|ENTERING_MANAGED_PKG|Centify
11:35:00.12 (455725147)|ENTERING_MANAGED_PKG|Centify
11:35:00.12 (455826486)|ENTERING_MANAGED_PKG|Centify
11:35:00.12 (456011997)|ENTERING_MANAGED_PKG|Centify
11:35:00.12 (456210569)|ENTERING_MANAGED_PKG|Centify
11:35:00.12 (456328120)|ENTERING_MANAGED_PKG|Centify
11:35:00.12 (456483514)|ENTERING_MANAGED_PKG|Centify
11:35:00.12 (456597708)|ENTERING_MANAGED_PKG|Centify
11:35:00.12 (456703612)|ENTERING_MANAGED_PKG|Centify
11:35:00.12 (456809435)|ENTERING_MANAGED_PKG|Centify
11:35:00.12 (456912004)|ENTERING_MANAGED_PKG|Centify
11:35:00.12 (457016467)|ENTERING_MANAGED_PKG|Centify
11:35:00.12 (457120634)|ENTERING_MANAGED_PKG|Centify
11:35:00.12 (457217420)|ENTERING_MANAGED_PKG|Centify
11:35:00.12 (457322342)|ENTERING_MANAGED_PKG|Centify
11:35:00.12 (457432483)|ENTERING_MANAGED_PKG|Centify
11:35:00.12 (457586695)|ENTERING_MANAGED_PKG|Centify
11:35:00.12 (457739518)|ENTERING_MANAGED_PKG|Centify
11:35:00.12 (457955156)|ENTERING_MANAGED_PKG|Centify
11:35:00.12 (458115898)|ENTERING_MANAGED_PKG|Centify
11:35:00.12 (458225318)|ENTERING_MANAGED_PKG|Centify
11:35:00.12 (458357859)|ENTERING_MANAGED_PKG|Centify
11:35:00.12 (458480513)|ENTERING_MANAGED_PKG|Centify
11:35:00.12 (458591486)|ENTERING_MANAGED_PKG|Centify
11:35:00.12 (458694509)|ENTERING_MANAGED_PKG|Centify
11:35:00.12 (458804948)|ENTERING_MANAGED_PKG|Centify
11:35:00.12 (458843780)|ENTERING_MANAGED_PKG|Centify
11:35:00.12 (458874807)|ENTERING_MANAGED_PKG|Centify
11:35:00.12 (458896315)|ENTERING_MANAGED_PKG|Centify
11:35:00.12 (458947720)|ENTERING_MANAGED_PKG|Centify
11:35:00.12 (458991433)|ENTERING_MANAGED_PKG|Centify
11:35:00.12 (460213215)|ENTERING_MANAGED_PKG|Centify
11:35:00.12 (460244437)|ENTERING_MANAGED_PKG|Centify
11:35:00.12 (460267925)|ENTERING_MANAGED_PKG|Centify
11:35:00.12 (460334563)|ENTERING_MANAGED_PKG|Centify
11:35:00.12 (460389755)|ENTERING_MANAGED_PKG|Centify
11:35:00.12 (460439265)|ENTERING_MANAGED_PKG|Centify
11:35:00.12 (460694533)|ENTERING_MANAGED_PKG|Centify
11:35:00.12 (460933003)|ENTERING_MANAGED_PKG|Centify
11:35:00.12 (460978738)|ENTERING_MANAGED_PKG|Centify
11:35:00.12 (461085166)|ENTERING_MANAGED_PKG|Centify
11:35:00.12 (518054399)|ENTERING_MANAGED_PKG|Centify
11:35:00.12 (518214831)|ENTERING_MANAGED_PKG|Centify
11:35:00.12 (518338505)|ENTERING_MANAGED_PKG|Centify
11:35:00.12 (564699555)|ENTERING_MANAGED_PKG|Centify
11:35:00.12 (564795401)|ENTERING_MANAGED_PKG|Centify
11:35:00.12 (564888732)|ENTERING_MANAGED_PKG|Centify
11:35:00.12 (624402927)|ENTERING_MANAGED_PKG|Centify
11:35:00.12 (624493247)|ENTERING_MANAGED_PKG|Centify
11:35:00.12 (624591888)|ENTERING_MANAGED_PKG|Centify
11:35:00.12 (687594634)|ENTERING_MANAGED_PKG|Centify
11:35:00.12 (687711318)|ENTERING_MANAGED_PKG|Centify
11:35:00.12 (687814155)|ENTERING_MANAGED_PKG|Centify
11:35:00.12 (746557461)|ENTERING_MANAGED_PKG|Centify
11:35:00.12 (746711986)|ENTERING_MANAGED_PKG|Centify
11:35:00.12 (746820196)|ENTERING_MANAGED_PKG|Centify
11:35:00.12 (783000799)|ENTERING_MANAGED_PKG|Centify
11:35:00.12 (783094050)|ENTERING_MANAGED_PKG|Centify
11:35:00.12 (783186074)|ENTERING_MANAGED_PKG|Centify
11:35:00.12 (826728020)|ENTERING_MANAGED_PKG|Centify
11:35:00.12 (826842209)|ENTERING_MANAGED_PKG|Centify
11:35:00.12 (826958400)|ENTERING_MANAGED_PKG|Centify
11:35:00.12 (876157588)|ENTERING_MANAGED_PKG|Centify
11:35:00.12 (876296663)|ENTERING_MANAGED_PKG|Centify
11:35:00.12 (876342767)|ENTERING_MANAGED_PKG|Centify
11:35:00.12 (876375149)|ENTERING_MANAGED_PKG|Centify
11:35:00.12 (876433587)|ENTERING_MANAGED_PKG|Centify
11:35:00.12 (876599757)|ENTERING_MANAGED_PKG|Centify
11:35:00.12 (877629590)|SOQL_EXECUTE_BEGIN|[28]|Aggregations:0|SELECT Id FROM ApexClass WHERE Name = :tmpVar1
11:35:00.12 (886657324)|SOQL_EXECUTE_END|[28]|Rows:1
11:35:00.12 (887130438)|SOQL_EXECUTE_BEGIN|[49]|Aggregations:0|SELECT COUNT() FROM AsyncApexJob WHERE (ApexClassId = :tmpVar1 AND Status IN ('Queued', 'Holding', 'Preparing', 'Processing'))
11:35:00.12 (890941316)|SOQL_EXECUTE_END|[49]|Rows:0
11:35:00.12 (891031747)|ENTERING_MANAGED_PKG|Centify
11:35:00.12 (891878008)|ENTERING_MANAGED_PKG|Centify
11:35:00.12 (891928046)|ENTERING_MANAGED_PKG|Centify
11:35:00.12 (892011485)|ENTERING_MANAGED_PKG|Centify
11:35:00.12 (926559804)|ENTERING_MANAGED_PKG|Centify
11:35:00.12 (927421920)|ENTERING_MANAGED_PKG|Centify
11:35:00.12 (927474117)|ENTERING_MANAGED_PKG|Centify
11:35:00.12 (927613591)|ENTERING_MANAGED_PKG|Centify
11:35:00.12 (928218328)|ENTERING_MANAGED_PKG|Centify
11:35:00.12 (928250710)|ENTERING_MANAGED_PKG|Centify
11:35:00.12 (928295261)|ENTERING_MANAGED_PKG|Centify
11:35:00.12 (928873294)|ENTERING_MANAGED_PKG|Centify
11:35:00.12 (930980892)|SOQL_EXECUTE_BEGIN|[16]|Aggregations:0|SELECT Id, CronExpression, CronJobDetail.Name FROM CronTrigger WHERE CronJobDetail.Name LIKE '%Spinify%'
11:35:00.12 (940137337)|SOQL_EXECUTE_END|[16]|Rows:10
11:35:00.12 (940590746)|ENTERING_MANAGED_PKG|Centify
11:35:00.12 (940698024)|ENTERING_MANAGED_PKG|Centify
11:35:00.12 (940763668)|ENTERING_MANAGED_PKG|Centify
11:35:00.12 (941217893)|ENTERING_MANAGED_PKG|Centify
11:35:00.12 (941329042)|ENTERING_MANAGED_PKG|Centify
11:35:00.12 (941401979)|ENTERING_MANAGED_PKG|Centify
11:35:00.12 (941495576)|ENTERING_MANAGED_PKG|Centify
11:35:00.12 (942337325)|ENTERING_MANAGED_PKG|Centify
11:35:01.28 (1028489290)|CUMULATIVE_LIMIT_USAGE
11:35:01.28 (1028489290)|LIMIT_USAGE_FOR_NS|(default)|
  Number of SOQL queries: 0 out of 100
  Number of query rows: 0 out of 50000
  Number of SOSL queries: 0 out of 20
  Number of DML statements: 0 out of 150
  Number of DML rows: 0 out of 10000
  Maximum CPU time: 407 out of 10000
  Maximum heap size: 0 out of 6000000
  Number of callouts: 0 out of 100
  Number of Email Invocations: 0 out of 10
  Number of future calls: 0 out of 50
  Number of queueable jobs added to the queue: 0 out of 50
  Number of Mobile Apex push calls: 0 out of 10

11:35:01.28 (1028489290)|LIMIT_USAGE_FOR_NS|Centify|
  Number of SOQL queries: 5 out of 100
  Number of query rows: 14 out of 50000
  Number of SOSL queries: 0 out of 20
  Number of DML statements: 1 out of 150
  Number of DML rows: 1 out of 10000
  Maximum CPU time: 0 out of 10000
  Maximum heap size: 0 out of 6000000
  Number of callouts: 0 out of 100
  Number of Email Invocations: 0 out of 10
  Number of future calls: 0 out of 50
  Number of queueable jobs added to the queue: 0 out of 50
  Number of Mobile Apex push calls: 0 out of 10

11:35:01.28 (1028489290)|CUMULATIVE_LIMIT_USAGE_END

