31.0 APEX_CODE,FINEST;APEX_PROFILING,INFO;CALLOUT,INFO;DB,INFO;NBA,INFO;SYSTEM,DEBUG;VALIDATION,INFO;VISUALFORCE,INFO;WAVE,INFO;WORKFLOW,INFO
11:35:06.0 (118364)|USER_INFO|[EXTERNAL]|00590000000Vmmq|ben@bjbglobal.com.au|Australian Eastern Standard Time|GMT+10:00
11:35:06.0 (174248)|EXECUTION_STARTED
11:35:06.0 (180715)|CODE_UNIT_STARTED|[EXTERNAL]|TRIGGERS
11:35:06.0 (226707)|CODE_UNIT_STARTED|[EXTERNAL]|01q6F000000DhRF|TaskBeforeUpdate on Task trigger event BeforeUpdate|__sfdc_trigger/TaskBeforeUpdate
11:35:06.0 (294010)|HEAP_ALLOCATE|[EXTERNAL]|Bytes:8
11:35:06.0 (366333)|HEAP_ALLOCATE|[EXTERNAL]|Bytes:8
11:35:06.0 (823147)|HEAP_ALLOCATE|[72]|Bytes:3
11:35:06.0 (857836)|HEAP_ALLOCATE|[77]|Bytes:152
11:35:06.0 (872438)|HEAP_ALLOCATE|[342]|Bytes:408
11:35:06.0 (885023)|HEAP_ALLOCATE|[355]|Bytes:408
11:35:06.0 (895458)|HEAP_ALLOCATE|[467]|Bytes:48
11:35:06.0 (922340)|HEAP_ALLOCATE|[139]|Bytes:6
11:35:06.0 (939268)|HEAP_ALLOCATE|[EXTERNAL]|Bytes:4
11:35:06.0 (946806)|VARIABLE_SCOPE_BEGIN|[10]|this|TaskBeforeUpdate|true|false
11:35:06.0 (995275)|VARIABLE_ASSIGNMENT|[10]|this|{}|0x6b872131
11:35:06.0 (1046615)|HEAP_ALLOCATE|[EXTERNAL]|Bytes:4
11:35:06.0 (1054576)|VARIABLE_SCOPE_BEGIN|[10]|this|TaskBeforeUpdate|true|false
11:35:06.0 (1067603)|VARIABLE_ASSIGNMENT|[10]|this|{}|0x6b872131
11:35:06.0 (1075358)|STATEMENT_EXECUTE|[10]
11:35:06.1 (1080397)|CUMULATIVE_LIMIT_USAGE
11:35:06.1 (1080397)|LIMIT_USAGE_FOR_NS|(default)|
  Number of SOQL queries: 0 out of 100
  Number of query rows: 0 out of 50000
  Number of SOSL queries: 0 out of 20
  Number of DML statements: 0 out of 150
  Number of DML rows: 0 out of 10000
  Maximum CPU time: 0 out of 10000
  Maximum heap size: 0 out of 6000000
  Number of callouts: 0 out of 100
  Number of Email Invocations: 0 out of 10
  Number of future calls: 0 out of 50
  Number of queueable jobs added to the queue: 0 out of 50
  Number of Mobile Apex push calls: 0 out of 10

11:35:06.1 (1080397)|CUMULATIVE_LIMIT_USAGE_END

11:35:06.0 (2396770)|CODE_UNIT_FINISHED|TaskBeforeUpdate on Task trigger event BeforeUpdate|__sfdc_trigger/TaskBeforeUpdate
11:35:06.0 (6310232)|CODE_UNIT_STARTED|[EXTERNAL]|Validation:Task:00T6F0000525cq8
11:35:06.0 (6331367)|VALIDATION_RULE|03d6F000000qFaO|Finish_all_call_monitor_field
11:35:06.0 (6739736)|VALIDATION_FORMULA|AND(!ISBLANK(Monitored_By__c),
    OR(ISBLANK( TEXT(CM_advised_what_will_happen_next__c)),
       ISBLANK( TEXT(Allow_customer_to_present_concerns__c) ),
       ISBLANK( TEXT(Communication_is_clear_positive_confiden__c) ),
       ISBLANK( TEXT(Demonstrate_active_listening__c )),
       ISBLANK( TEXT(Gave_correct_answers_and_infomations__c) ),
       ISBLANK( TEXT(Mirrors_clients_talking_behaviour__c) ) ))|CM_advised_what_will_happen_next__c=null , Demonstrate_active_listening__c=null , Communication_is_clear_positive_confiden__c=null , Allow_customer_to_present_concerns__c=null , Gave_correct_answers_and_infomations__c=null , Mirrors_clients_talking_behaviour__c=null , Monitored_By__c=null
11:35:06.0 (6756645)|VALIDATION_PASS
11:35:06.0 (6759182)|VALIDATION_RULE|03d900000009JbB|Interac_Quality_Must_Be_Between_1_and_10
11:35:06.0 (6839033)|VALIDATION_FORMULA|NVMContactWorld__InteractionQuality__c < 1  &#124;&#124;  NVMContactWorld__InteractionQuality__c > 10|NVMContactWorld__InteractionQuality__c=null
11:35:06.0 (6848502)|VALIDATION_PASS
11:35:06.0 (7001290)|CODE_UNIT_FINISHED|Validation:Task:00T6F0000525cq8
11:35:06.0 (83568401)|CODE_UNIT_STARTED|[EXTERNAL]|Workflow:Task
11:35:06.0 (95927671)|WF_RULE_EVAL_BEGIN|Workflow
11:35:06.0 (96097640)|WF_CRITERIA_BEGIN|[Task:  00T6F0000525cq8]|Update Call Monitor Details|01Q6F0000002Tdt|ON_CREATE_OR_TRIGGERING_UPDATE|0
11:35:06.0 (98546264)|WF_RULE_FILTER|[Task : Monitored By not equal to ]
11:35:06.0 (98564578)|WF_RULE_EVAL_VALUE|
11:35:06.0 (98568144)|WF_CRITERIA_END|false
11:35:06.0 (98591493)|WF_CRITERIA_BEGIN|[Task:  00T6F0000525cq8]|Update_Callback_Request_Due_Date3016F0000005i0e|01Q6F0000019gyq|ON_CREATE_ONLY|0
11:35:06.0 (98604840)|WF_RULE_NOT_EVALUATED
11:35:06.0 (98612096)|WF_CRITERIA_BEGIN|[Task:  00T6F0000525cq8]|Call Back Request From LinX|01Q6F000001EY2L|ON_CREATE_OR_TRIGGERING_UPDATE|0
11:35:06.0 (98683938)|WF_RULE_FILTER|[Task : Subject equals Callback Request]
11:35:06.0 (98698262)|WF_RULE_EVAL_VALUE|Outbound call to +61431032041
11:35:06.0 (98702731)|WF_CRITERIA_END|false
11:35:06.0 (98718570)|WF_CRITERIA_BEGIN|[Task:  00T6F0000525cq8]|Call_Monitor3016F00000054R3|01Q6F000000oOu7|ON_ALL_CHANGES|0
11:35:06.0 (98790942)|WF_FORMULA|Formula:ENCODED:[treatNullAsNull]true|Values:
11:35:06.0 (98797887)|WF_CRITERIA_END|true
11:35:06.0 (99511904)|WF_SPOOL_ACTION_BEGIN|Workflow
11:35:06.0 (99539218)|WF_ACTION| Flow Trigger: 1;
11:35:06.0 (99544087)|WF_RULE_EVAL_END
11:35:06.0 (99626319)|WF_FLOW_ACTION_BEGIN|09L6F000000PGTV
11:35:06.100 (100953331)|FLOW_CREATE_INTERVIEW_BEGIN|00D90000000IJSa|3006F0000008usA|3016F00000054R3
11:35:06.100 (101670055)|FLOW_CREATE_INTERVIEW_END|74603e7eccfbf53169186093dd1669e7c9ed1-2acc|Call Monitoring
11:35:06.102 (102019555)|FLOW_START_INTERVIEWS_BEGIN|1
11:35:06.102 (102041566)|FLOW_START_INTERVIEW_BEGIN|74603e7eccfbf53169186093dd1669e7c9ed1-2acc|Call Monitoring
11:35:06.102 (115398200)|FLOW_START_INTERVIEW_END|74603e7eccfbf53169186093dd1669e7c9ed1-2acc|Call Monitoring
11:35:06.102 (115432193)|FLOW_START_INTERVIEWS_END|1
11:35:06.0 (158434370)|WF_FLOW_ACTION_END|09L6F000000PGTV
11:35:06.0 (158596886)|WF_ACTIONS_END| Flow Trigger: 1;
11:35:06.0 (158618473)|CODE_UNIT_FINISHED|Workflow:Task
11:35:06.0 (171286250)|CODE_UNIT_FINISHED|TRIGGERS
11:35:06.0 (171304138)|EXECUTION_FINISHED
