37.0 APEX_CODE,FINEST;APEX_PROFILING,INFO;CALLOUT,INFO;DB,INFO;NBA,INFO;SYSTEM,DEBUG;VALIDATION,INFO;VISUALFORCE,INFO;WAVE,INFO;WORKFLOW,INFO
16:55:10.9 (9823102)|ENTERING_MANAGED_PKG|Centify
16:55:10.9 (11592570)|ENTERING_MANAGED_PKG|Centify
16:55:10.9 (11635273)|ENTERING_MANAGED_PKG|Centify
16:55:10.9 (13289576)|ENTERING_MANAGED_PKG|Centify
16:55:10.9 (13356526)|ENTERING_MANAGED_PKG|Centify
16:55:10.9 (14753236)|ENTERING_MANAGED_PKG|Centify
16:55:10.9 (14796731)|ENTERING_MANAGED_PKG|Centify
16:55:10.9 (16687518)|ENTERING_MANAGED_PKG|Centify
16:55:10.9 (16730756)|ENTERING_MANAGED_PKG|Centify
16:55:10.9 (16833192)|ENTERING_MANAGED_PKG|Centify
16:55:10.9 (16905140)|ENTERING_MANAGED_PKG|Centify
16:55:10.9 (21640203)|SOQL_EXECUTE_BEGIN|[19]|Aggregations:0|SELECT Id, OrganizationType FROM Organization LIMIT 1
16:55:10.9 (25170284)|SOQL_EXECUTE_END|[19]|Rows:1
16:55:10.9 (27362115)|ENTERING_MANAGED_PKG|Centify
16:55:10.9 (27473948)|ENTERING_MANAGED_PKG|Centify
16:55:10.9 (27708526)|ENTERING_MANAGED_PKG|Centify
16:55:10.9 (27776642)|ENTERING_MANAGED_PKG|Centify
16:55:10.9 (28254966)|ENTERING_MANAGED_PKG|Centify
16:55:10.9 (28300311)|ENTERING_MANAGED_PKG|Centify
16:55:10.9 (28420010)|ENTERING_MANAGED_PKG|Centify
16:55:10.9 (28497521)|ENTERING_MANAGED_PKG|Centify
16:55:10.9 (30374379)|SOQL_EXECUTE_BEGIN|[95]|Aggregations:0|SELECT MAX(Last_Sync_Time__c) maxDT FROM Salesforce_Sync_Settings__c
16:55:10.9 (33900594)|SOQL_EXECUTE_END|[95]|Rows:1
16:55:10.9 (34411285)|ENTERING_MANAGED_PKG|Centify
16:55:10.9 (34538307)|ENTERING_MANAGED_PKG|Centify
16:55:10.9 (38948127)|ENTERING_MANAGED_PKG|Centify
16:55:10.9 (39097627)|ENTERING_MANAGED_PKG|Centify
16:55:10.9 (41863037)|SOQL_EXECUTE_BEGIN|[84]|Aggregations:0|SELECT COUNT() FROM Notification__c WHERE ((Number_Of_Attempts__c = NULL OR Number_Of_Attempts__c < :tmpVar1) AND (CreatedDate = TODAY OR LastModifiedDate = TODAY)) LIMIT 25000
16:55:10.9 (54388268)|SOQL_EXECUTE_END|[84]|Rows:0
16:55:10.9 (54517566)|ENTERING_MANAGED_PKG|Centify
16:55:10.9 (54615393)|ENTERING_MANAGED_PKG|Centify
16:55:10.9 (54729732)|ENTERING_MANAGED_PKG|Centify
16:55:10.9 (54811849)|ENTERING_MANAGED_PKG|Centify
16:55:10.9 (54929257)|ENTERING_MANAGED_PKG|Centify
16:55:10.9 (59227647)|SOQL_EXECUTE_BEGIN|[363]|Aggregations:0|SELECT Id, Label, MasterLabel, DeveloperName, Endpoint__c, TimeOut__c FROM Endpoint_Setting__mdt LIMIT 50
16:55:10.9 (65418248)|SOQL_EXECUTE_END|[363]|Rows:23
16:55:10.9 (66953329)|ENTERING_MANAGED_PKG|Centify
16:55:10.9 (67025854)|ENTERING_MANAGED_PKG|Centify
16:55:10.9 (68811222)|ENTERING_MANAGED_PKG|Centify
16:55:10.9 (68853220)|ENTERING_MANAGED_PKG|Centify
16:55:10.9 (72863548)|ENTERING_MANAGED_PKG|Centify
16:55:10.9 (76835493)|ENTERING_MANAGED_PKG|Centify
16:55:10.9 (76942734)|ENTERING_MANAGED_PKG|Centify
16:55:10.9 (77016613)|ENTERING_MANAGED_PKG|Centify
16:55:10.9 (78146280)|ENTERING_MANAGED_PKG|Centify
16:55:10.9 (78268439)|ENTERING_MANAGED_PKG|Centify
16:55:10.9 (78365534)|ENTERING_MANAGED_PKG|Centify
16:55:10.9 (83224096)|ENTERING_MANAGED_PKG|Centify
16:55:10.9 (83317084)|ENTERING_MANAGED_PKG|Centify
16:55:10.9 (83389060)|ENTERING_MANAGED_PKG|Centify
16:55:10.9 (83451983)|ENTERING_MANAGED_PKG|Centify
16:55:10.9 (83583120)|ENTERING_MANAGED_PKG|Centify
16:55:10.9 (86724859)|ENTERING_MANAGED_PKG|Centify
16:55:10.9 (86914740)|ENTERING_MANAGED_PKG|Centify
16:55:10.9 (88332678)|ENTERING_MANAGED_PKG|Centify
16:55:10.9 (311930607)|ENTERING_MANAGED_PKG|Centify
16:55:10.327 (327943240)|CUMULATIVE_LIMIT_USAGE
16:55:10.327 (327943240)|LIMIT_USAGE_FOR_NS|(default)|
  Number of SOQL queries: 0 out of 200
  Number of query rows: 0 out of 50000
  Number of SOSL queries: 0 out of 20
  Number of DML statements: 0 out of 150
  Number of DML rows: 0 out of 10000
  Maximum CPU time: 0 out of 60000
  Maximum heap size: 0 out of 12000000
  Number of callouts: 0 out of 0
  Number of Email Invocations: 0 out of 10
  Number of future calls: 0 out of 0
  Number of queueable jobs added to the queue: 0 out of 1
  Number of Mobile Apex push calls: 0 out of 10

16:55:10.327 (327943240)|LIMIT_USAGE_FOR_NS|Centify|
  Number of SOQL queries: 0 out of 200
  Number of query rows: 0 out of 50000
  Number of SOSL queries: 0 out of 20
  Number of DML statements: 0 out of 150
  Number of DML rows: 0 out of 10000
  Maximum CPU time: 0 out of 60000
  Maximum heap size: 0 out of 12000000
  Number of callouts: 0 out of 0
  Number of Email Invocations: 0 out of 10
  Number of future calls: 0 out of 0
  Number of queueable jobs added to the queue: 0 out of 1
  Number of Mobile Apex push calls: 0 out of 10

16:55:10.327 (327943240)|CUMULATIVE_LIMIT_USAGE_END

