37.0 APEX_CODE,FINEST;APEX_PROFILING,INFO;CALLOUT,INFO;DB,INFO;NBA,INFO;SYSTEM,DEBUG;VALIDATION,INFO;VISUALFORCE,INFO;WAVE,INFO;WORKFLOW,INFO
17:00:36.16 (16153965)|ENTERING_MANAGED_PKG|Centify
17:00:36.16 (20133805)|ENTERING_MANAGED_PKG|Centify
17:00:36.16 (28867564)|ENTERING_MANAGED_PKG|Centify
17:00:36.16 (28985642)|ENTERING_MANAGED_PKG|Centify
17:00:36.16 (29115075)|ENTERING_MANAGED_PKG|Centify
17:00:36.16 (29775675)|ENTERING_MANAGED_PKG|Centify
17:00:36.16 (30065140)|ENTERING_MANAGED_PKG|Centify
17:00:36.16 (30095152)|ENTERING_MANAGED_PKG|Centify
17:00:36.16 (30176197)|ENTERING_MANAGED_PKG|Centify
17:00:36.16 (30234224)|ENTERING_MANAGED_PKG|Centify
17:00:36.16 (30281861)|ENTERING_MANAGED_PKG|Centify
17:00:36.16 (30304336)|ENTERING_MANAGED_PKG|Centify
17:00:36.16 (30323231)|ENTERING_MANAGED_PKG|Centify
17:00:36.16 (30507829)|ENTERING_MANAGED_PKG|Centify
17:00:36.16 (80402285)|ENTERING_MANAGED_PKG|Centify
17:00:36.16 (80532401)|ENTERING_MANAGED_PKG|Centify
17:00:36.16 (80661541)|ENTERING_MANAGED_PKG|Centify
17:00:36.16 (80719117)|ENTERING_MANAGED_PKG|Centify
17:00:36.16 (313969983)|ENTERING_MANAGED_PKG|Centify
17:00:36.16 (390506861)|ENTERING_MANAGED_PKG|Centify
17:00:36.16 (406844944)|ENTERING_MANAGED_PKG|Centify
17:00:36.16 (406909801)|ENTERING_MANAGED_PKG|Centify
17:00:36.16 (407001426)|ENTERING_MANAGED_PKG|Centify
17:00:36.16 (407043737)|ENTERING_MANAGED_PKG|Centify
17:00:36.16 (407124486)|ENTERING_MANAGED_PKG|Centify
17:00:36.16 (452776094)|ENTERING_MANAGED_PKG|Centify
17:00:36.16 (470182158)|ENTERING_MANAGED_PKG|Centify
17:00:36.16 (470248203)|ENTERING_MANAGED_PKG|Centify
17:00:36.16 (470346279)|ENTERING_MANAGED_PKG|Centify
17:00:36.16 (470401176)|ENTERING_MANAGED_PKG|Centify
17:00:36.16 (470492933)|ENTERING_MANAGED_PKG|Centify
17:00:36.16 (519727726)|ENTERING_MANAGED_PKG|Centify
17:00:36.16 (546090268)|ENTERING_MANAGED_PKG|Centify
17:00:36.16 (546151072)|ENTERING_MANAGED_PKG|Centify
17:00:36.16 (546231578)|ENTERING_MANAGED_PKG|Centify
17:00:36.16 (546266641)|ENTERING_MANAGED_PKG|Centify
17:00:36.16 (546342147)|ENTERING_MANAGED_PKG|Centify
17:00:36.16 (668319007)|ENTERING_MANAGED_PKG|Centify
17:00:36.16 (685159828)|ENTERING_MANAGED_PKG|Centify
17:00:36.16 (685218662)|ENTERING_MANAGED_PKG|Centify
17:00:36.16 (685305516)|ENTERING_MANAGED_PKG|Centify
17:00:36.16 (685341569)|ENTERING_MANAGED_PKG|Centify
17:00:36.16 (685411254)|ENTERING_MANAGED_PKG|Centify
17:00:36.16 (723898299)|ENTERING_MANAGED_PKG|Centify
17:00:36.16 (741783818)|ENTERING_MANAGED_PKG|Centify
17:00:36.16 (741844662)|ENTERING_MANAGED_PKG|Centify
17:00:36.16 (741926795)|ENTERING_MANAGED_PKG|Centify
17:00:36.16 (741962286)|ENTERING_MANAGED_PKG|Centify
17:00:36.16 (742032719)|ENTERING_MANAGED_PKG|Centify
17:00:36.16 (781128872)|ENTERING_MANAGED_PKG|Centify
17:00:36.16 (799028289)|ENTERING_MANAGED_PKG|Centify
17:00:36.16 (799345518)|ENTERING_MANAGED_PKG|Centify
17:00:36.16 (814537851)|ENTERING_MANAGED_PKG|Centify
17:00:36.16 (814626210)|ENTERING_MANAGED_PKG|Centify
17:00:36.16 (816841598)|ENTERING_MANAGED_PKG|Centify
17:00:36.16 (816900201)|ENTERING_MANAGED_PKG|Centify
17:00:36.16 (816954795)|ENTERING_MANAGED_PKG|Centify
17:00:36.16 (817038440)|ENTERING_MANAGED_PKG|Centify
17:00:36.16 (820510392)|SOQL_EXECUTE_BEGIN|[19]|Aggregations:0|SELECT Id, OrganizationType FROM Organization LIMIT 1
17:00:36.16 (824215123)|SOQL_EXECUTE_END|[19]|Rows:1
17:00:36.16 (842625357)|ENTERING_MANAGED_PKG|Centify
17:00:36.16 (856480291)|ENTERING_MANAGED_PKG|Centify
17:00:36.16 (856534027)|ENTERING_MANAGED_PKG|Centify
17:00:36.16 (856614785)|ENTERING_MANAGED_PKG|Centify
17:00:36.16 (856648743)|ENTERING_MANAGED_PKG|Centify
17:00:36.16 (856714317)|ENTERING_MANAGED_PKG|Centify
17:00:36.16 (892116431)|ENTERING_MANAGED_PKG|Centify
17:00:36.16 (907927492)|ENTERING_MANAGED_PKG|Centify
17:00:36.16 (907987722)|ENTERING_MANAGED_PKG|Centify
17:00:36.16 (908068956)|ENTERING_MANAGED_PKG|Centify
17:00:36.16 (908103832)|ENTERING_MANAGED_PKG|Centify
17:00:36.16 (908170897)|ENTERING_MANAGED_PKG|Centify
17:00:36.16 (949690764)|ENTERING_MANAGED_PKG|Centify
17:00:36.16 (949774061)|ENTERING_MANAGED_PKG|Centify
17:00:36.16 (949940628)|ENTERING_MANAGED_PKG|Centify
17:00:36.16 (949988746)|ENTERING_MANAGED_PKG|Centify
17:00:36.16 (950048355)|ENTERING_MANAGED_PKG|Centify
17:00:36.16 (950378939)|ENTERING_MANAGED_PKG|Centify
17:00:36.16 (950460513)|ENTERING_MANAGED_PKG|Centify
17:00:36.16 (960699268)|ENTERING_MANAGED_PKG|Centify
17:00:36.16 (960845182)|ENTERING_MANAGED_PKG|Centify
17:00:36.16 (961534938)|ENTERING_MANAGED_PKG|Centify
17:00:36.16 (962329015)|SOQL_EXECUTE_BEGIN|[16]|Aggregations:0|select id,lastmodifieddate,isdeleted,createddate,industry,type,name,ownerid from Account where LastModifiedDate >2018-11-21T06:58:38Z AND LastModifiedDate < 2018-11-21T07:00:42Z  ORDER BY SystemModStamp DESC LIMIT 5000  ALL ROWS
17:00:36.16 (970961069)|SOQL_EXECUTE_END|[16]|Rows:1
17:00:36.994 (994431282)|CUMULATIVE_LIMIT_USAGE
17:00:36.994 (994431282)|LIMIT_USAGE_FOR_NS|(default)|
  Number of SOQL queries: 0 out of 200
  Number of query rows: 0 out of 50000
  Number of SOSL queries: 0 out of 20
  Number of DML statements: 0 out of 150
  Number of DML rows: 0 out of 10000
  Maximum CPU time: 0 out of 60000
  Maximum heap size: 0 out of 12000000
  Number of callouts: 0 out of 0
  Number of Email Invocations: 0 out of 10
  Number of future calls: 0 out of 0
  Number of queueable jobs added to the queue: 0 out of 1
  Number of Mobile Apex push calls: 0 out of 10

17:00:36.994 (994431282)|LIMIT_USAGE_FOR_NS|Centify|
  Number of SOQL queries: 0 out of 200
  Number of query rows: 0 out of 50000
  Number of SOSL queries: 0 out of 20
  Number of DML statements: 0 out of 150
  Number of DML rows: 0 out of 10000
  Maximum CPU time: 0 out of 60000
  Maximum heap size: 0 out of 12000000
  Number of callouts: 0 out of 0
  Number of Email Invocations: 0 out of 10
  Number of future calls: 0 out of 0
  Number of queueable jobs added to the queue: 0 out of 1
  Number of Mobile Apex push calls: 0 out of 10

17:00:36.994 (994431282)|CUMULATIVE_LIMIT_USAGE_END

