37.0 APEX_CODE,FINEST;APEX_PROFILING,INFO;CALLOUT,INFO;DB,INFO;NBA,INFO;SYSTEM,DEBUG;VALIDATION,INFO;VISUALFORCE,INFO;WAVE,INFO;WORKFLOW,INFO
17:26:16.21 (21762628)|ENTERING_MANAGED_PKG|Centify
17:26:16.21 (22871022)|ENTERING_MANAGED_PKG|Centify
17:26:16.21 (22913266)|ENTERING_MANAGED_PKG|Centify
17:26:16.21 (23099790)|ENTERING_MANAGED_PKG|Centify
17:26:16.21 (23168003)|ENTERING_MANAGED_PKG|Centify
17:26:16.21 (23950334)|ENTERING_MANAGED_PKG|Centify
17:26:16.21 (24284287)|ENTERING_MANAGED_PKG|Centify
17:26:16.21 (24318901)|ENTERING_MANAGED_PKG|Centify
17:26:16.21 (24401550)|ENTERING_MANAGED_PKG|Centify
17:26:16.21 (24464927)|ENTERING_MANAGED_PKG|Centify
17:26:16.21 (24500564)|ENTERING_MANAGED_PKG|Centify
17:26:16.21 (24522863)|ENTERING_MANAGED_PKG|Centify
17:26:16.21 (24539476)|ENTERING_MANAGED_PKG|Centify
17:26:16.21 (24756889)|ENTERING_MANAGED_PKG|Centify
17:26:16.21 (67855988)|ENTERING_MANAGED_PKG|Centify
17:26:16.21 (67940682)|ENTERING_MANAGED_PKG|Centify
17:26:16.21 (68095009)|ENTERING_MANAGED_PKG|Centify
17:26:16.21 (68156772)|ENTERING_MANAGED_PKG|Centify
17:26:16.21 (318894792)|ENTERING_MANAGED_PKG|Centify
17:26:16.21 (366384566)|ENTERING_MANAGED_PKG|Centify
17:26:16.21 (382827659)|ENTERING_MANAGED_PKG|Centify
17:26:16.21 (382882507)|ENTERING_MANAGED_PKG|Centify
17:26:16.21 (382966742)|ENTERING_MANAGED_PKG|Centify
17:26:16.21 (383001725)|ENTERING_MANAGED_PKG|Centify
17:26:16.21 (383071692)|ENTERING_MANAGED_PKG|Centify
17:26:16.21 (419358010)|ENTERING_MANAGED_PKG|Centify
17:26:16.21 (440260394)|ENTERING_MANAGED_PKG|Centify
17:26:16.21 (440325024)|ENTERING_MANAGED_PKG|Centify
17:26:16.21 (440433762)|ENTERING_MANAGED_PKG|Centify
17:26:16.21 (440477809)|ENTERING_MANAGED_PKG|Centify
17:26:16.21 (440548980)|ENTERING_MANAGED_PKG|Centify
17:26:16.21 (474479224)|ENTERING_MANAGED_PKG|Centify
17:26:16.21 (496159340)|ENTERING_MANAGED_PKG|Centify
17:26:16.21 (496246246)|ENTERING_MANAGED_PKG|Centify
17:26:16.21 (496389738)|ENTERING_MANAGED_PKG|Centify
17:26:16.21 (496450721)|ENTERING_MANAGED_PKG|Centify
17:26:16.21 (496588859)|ENTERING_MANAGED_PKG|Centify
17:26:16.21 (531151597)|ENTERING_MANAGED_PKG|Centify
17:26:16.21 (556223462)|ENTERING_MANAGED_PKG|Centify
17:26:16.21 (556296051)|ENTERING_MANAGED_PKG|Centify
17:26:16.21 (556417691)|ENTERING_MANAGED_PKG|Centify
17:26:16.21 (556469832)|ENTERING_MANAGED_PKG|Centify
17:26:16.21 (556576300)|ENTERING_MANAGED_PKG|Centify
17:26:16.21 (598535062)|ENTERING_MANAGED_PKG|Centify
17:26:16.21 (624439428)|ENTERING_MANAGED_PKG|Centify
17:26:16.21 (624511857)|ENTERING_MANAGED_PKG|Centify
17:26:16.21 (624641500)|ENTERING_MANAGED_PKG|Centify
17:26:16.21 (624695129)|ENTERING_MANAGED_PKG|Centify
17:26:16.21 (624801002)|ENTERING_MANAGED_PKG|Centify
17:26:16.21 (651993709)|ENTERING_MANAGED_PKG|Centify
17:26:16.21 (675892526)|ENTERING_MANAGED_PKG|Centify
17:26:16.21 (675981146)|ENTERING_MANAGED_PKG|Centify
17:26:16.21 (676130070)|ENTERING_MANAGED_PKG|Centify
17:26:16.21 (676174348)|ENTERING_MANAGED_PKG|Centify
17:26:16.21 (676249136)|ENTERING_MANAGED_PKG|Centify
17:26:16.21 (710028392)|ENTERING_MANAGED_PKG|Centify
17:26:16.21 (727981909)|ENTERING_MANAGED_PKG|Centify
17:26:16.21 (728042616)|ENTERING_MANAGED_PKG|Centify
17:26:16.21 (728128688)|ENTERING_MANAGED_PKG|Centify
17:26:16.21 (728166994)|ENTERING_MANAGED_PKG|Centify
17:26:16.21 (728239457)|ENTERING_MANAGED_PKG|Centify
17:26:16.21 (753583226)|ENTERING_MANAGED_PKG|Centify
17:26:16.21 (776282178)|ENTERING_MANAGED_PKG|Centify
17:26:16.21 (776369046)|ENTERING_MANAGED_PKG|Centify
17:26:16.21 (776517431)|ENTERING_MANAGED_PKG|Centify
17:26:16.21 (776580730)|ENTERING_MANAGED_PKG|Centify
17:26:16.21 (776718722)|ENTERING_MANAGED_PKG|Centify
17:26:16.21 (811213805)|ENTERING_MANAGED_PKG|Centify
17:26:16.21 (832923740)|ENTERING_MANAGED_PKG|Centify
17:26:16.21 (832995888)|ENTERING_MANAGED_PKG|Centify
17:26:16.21 (833116405)|ENTERING_MANAGED_PKG|Centify
17:26:16.21 (833172649)|ENTERING_MANAGED_PKG|Centify
17:26:16.21 (833281537)|ENTERING_MANAGED_PKG|Centify
17:26:16.21 (866855969)|ENTERING_MANAGED_PKG|Centify
17:26:16.21 (884696730)|ENTERING_MANAGED_PKG|Centify
17:26:16.21 (884756918)|ENTERING_MANAGED_PKG|Centify
17:26:16.21 (884841907)|ENTERING_MANAGED_PKG|Centify
17:26:16.21 (884876581)|ENTERING_MANAGED_PKG|Centify
17:26:16.21 (884948485)|ENTERING_MANAGED_PKG|Centify
17:26:16.21 (911385745)|ENTERING_MANAGED_PKG|Centify
17:26:16.21 (911475099)|ENTERING_MANAGED_PKG|Centify
17:26:16.21 (911726115)|ENTERING_MANAGED_PKG|Centify
17:26:16.21 (911777585)|ENTERING_MANAGED_PKG|Centify
17:26:16.21 (911815101)|ENTERING_MANAGED_PKG|Centify
17:26:16.21 (912124497)|ENTERING_MANAGED_PKG|Centify
17:26:16.21 (912216313)|ENTERING_MANAGED_PKG|Centify
17:26:16.21 (924603296)|ENTERING_MANAGED_PKG|Centify
17:26:16.21 (924802582)|ENTERING_MANAGED_PKG|Centify
17:26:16.21 (924910281)|ENTERING_MANAGED_PKG|Centify
17:26:16.21 (925598289)|ENTERING_MANAGED_PKG|Centify
17:26:16.21 (926614325)|SOQL_EXECUTE_BEGIN|[16]|Aggregations:0|select id,lastmodifieddate,isdeleted,isgmt__c,role__c,name,createddate,ownerid,active_clients__c,customer_service_index__c,service_index_in_string__c from CM_Daily_Stats__c where LastModifiedDate >2018-11-20T22:20:20Z AND LastModifiedDate < 2018-11-21T07:26:22Z AND (  isActive__c =true)  ORDER BY SystemModStamp DESC LIMIT 5000  ALL ROWS
17:26:16.21 (940089889)|SOQL_EXECUTE_END|[16]|Rows:0
17:26:16.967 (967458420)|CUMULATIVE_LIMIT_USAGE
17:26:16.967 (967458420)|LIMIT_USAGE_FOR_NS|(default)|
  Number of SOQL queries: 0 out of 200
  Number of query rows: 0 out of 50000
  Number of SOSL queries: 0 out of 20
  Number of DML statements: 0 out of 150
  Number of DML rows: 0 out of 10000
  Maximum CPU time: 0 out of 60000
  Maximum heap size: 0 out of 12000000
  Number of callouts: 0 out of 0
  Number of Email Invocations: 0 out of 10
  Number of future calls: 0 out of 0
  Number of queueable jobs added to the queue: 0 out of 1
  Number of Mobile Apex push calls: 0 out of 10

17:26:16.967 (967458420)|LIMIT_USAGE_FOR_NS|Centify|
  Number of SOQL queries: 0 out of 200
  Number of query rows: 0 out of 50000
  Number of SOSL queries: 0 out of 20
  Number of DML statements: 0 out of 150
  Number of DML rows: 0 out of 10000
  Maximum CPU time: 0 out of 60000
  Maximum heap size: 0 out of 12000000
  Number of callouts: 0 out of 0
  Number of Email Invocations: 0 out of 10
  Number of future calls: 0 out of 0
  Number of queueable jobs added to the queue: 0 out of 1
  Number of Mobile Apex push calls: 0 out of 10

17:26:16.967 (967458420)|CUMULATIVE_LIMIT_USAGE_END

