37.0 APEX_CODE,FINEST;APEX_PROFILING,INFO;CALLOUT,INFO;DB,INFO;NBA,INFO;SYSTEM,DEBUG;VALIDATION,INFO;VISUALFORCE,INFO;WAVE,INFO;WORKFLOW,INFO
18:01:15.24 (24654457)|ENTERING_MANAGED_PKG|Centify
18:01:15.24 (25639292)|ENTERING_MANAGED_PKG|Centify
18:01:15.24 (25689576)|ENTERING_MANAGED_PKG|Centify
18:01:15.24 (27184735)|ENTERING_MANAGED_PKG|Centify
18:01:15.24 (27295778)|ENTERING_MANAGED_PKG|Centify
18:01:15.24 (27374018)|ENTERING_MANAGED_PKG|Centify
18:01:15.43 (43063986)|CUMULATIVE_LIMIT_USAGE
18:01:15.43 (43063986)|LIMIT_USAGE_FOR_NS|(default)|
  Number of SOQL queries: 0 out of 200
  Number of query rows: 0 out of 50000
  Number of SOSL queries: 0 out of 20
  Number of DML statements: 0 out of 150
  Number of DML rows: 0 out of 10000
  Maximum CPU time: 0 out of 60000
  Maximum heap size: 0 out of 12000000
  Number of callouts: 0 out of 0
  Number of Email Invocations: 0 out of 10
  Number of future calls: 0 out of 0
  Number of queueable jobs added to the queue: 0 out of 1
  Number of Mobile Apex push calls: 0 out of 10

18:01:15.43 (43063986)|LIMIT_USAGE_FOR_NS|Centify|
  Number of SOQL queries: 0 out of 200
  Number of query rows: 0 out of 50000
  Number of SOSL queries: 0 out of 20
  Number of DML statements: 0 out of 150
  Number of DML rows: 0 out of 10000
  Maximum CPU time: 0 out of 60000
  Maximum heap size: 0 out of 12000000
  Number of callouts: 0 out of 0
  Number of Email Invocations: 0 out of 10
  Number of future calls: 0 out of 0
  Number of queueable jobs added to the queue: 0 out of 1
  Number of Mobile Apex push calls: 0 out of 10

18:01:15.43 (43063986)|CUMULATIVE_LIMIT_USAGE_END

|ENTERING_MANAGED_PKG|Centify
18:01:14.17 (336970110)|ENTERING_MANAGED_PKG|Centify
18:01:14.17 (337035761)|ENTERING_MANAGED_PKG|Centify
18:01:14.17 (362410327)|ENTERING_MANAGED_PKG|Centify
18:01:14.17 (376771058)|ENTERING_MANAGED_PKG|Centify
18:01:14.17 (376820196)|ENTERING_MANAGED_PKG|Centify
18:01:14.17 (376893936)|ENTERING_MANAGED_PKG|Centify
18:01:14.17 (376925501)|ENTERING_MANAGED_PKG|Centify
18:01:14.17 (376993709)|ENTERING_MANAGED_PKG|Centify
18:01:14.17 (401955029)|ENTERING_MANAGED_PKG|Centify
18:01:14.17 (430218172)|ENTERING_MANAGED_PKG|Centify
18:01:14.17 (430265858)|ENTERING_MANAGED_PKG|Centify
18:01:14.17 (430339529)|ENTERING_MANAGED_PKG|Centify
18:01:14.17 (430370638)|ENTERING_MANAGED_PKG|Centify
18:01:14.17 (430430949)|ENTERING_MANAGED_PKG|Centify
18:01:14.17 (456411874)|ENTERING_MANAGED_PKG|Centify
18:01:14.17 (470839523)|ENTERING_MANAGED_PKG|Centify
18:01:14.17 (470886987)|ENTERING_MANAGED_PKG|Centify
18:01:14.17 (470966233)|ENTERING_MANAGED_PKG|Centify
18:01:14.17 (470998997)|ENTERING_MANAGED_PKG|Centify
18:01:14.17 (471077790)|ENTERING_MANAGED_PKG|Centify
18:01:14.17 (497547714)|ENTERING_MANAGED_PKG|Centify
18:01:14.17 (512530129)|ENTERING_MANAGED_PKG|Centify
18:01:14.17 (512578869)|ENTERING_MANAGED_PKG|Centify
18:01:14.17 (512651455)|ENTERING_MANAGED_PKG|Centify
18:01:14.17 (512707312)|ENTERING_MANAGED_PKG|Centify
18:01:14.17 (512776574)|ENTERING_MANAGED_PKG|Centify
18:01:14.17 (538526365)|ENTERING_MANAGED_PKG|Centify
18:01:14.17 (553419851)|ENTERING_MANAGED_PKG|Centify
18:01:14.17 (553469615)|ENTERING_MANAGED_PKG|Centify
18:01:14.17 (553543484)|ENTERING_MANAGED_PKG|Centify
18:01:14.17 (553576193)|ENTERING_MANAGED_PKG|Centify
18:01:14.17 (553634684)|ENTERING_MANAGED_PKG|Centify
18:01:14.17 (580239676)|ENTERING_MANAGED_PKG|Centify
18:01:14.17 (598705385)|ENTERING_MANAGED_PKG|Centify
18:01:14.17 (598771710)|ENTERING_MANAGED_PKG|Centify
18:01:14.17 (598884808)|ENTERING_MANAGED_PKG|Centify
18:01:14.17 (598961190)|ENTERING_MANAGED_PKG|Centify
18:01:14.17 (599063489)|ENTERING_MANAGED_PKG|Centify
18:01:14.17 (629088280)|ENTERING_MANAGED_PKG|Centify
18:01:14.17 (644842388)|ENTERING_MANAGED_PKG|Centify
18:01:14.17 (644894403)|ENTERING_MANAGED_PKG|Centify
18:01:14.17 (644976140)|ENTERING_MANAGED_PKG|Centify
18:01:14.17 (645009676)|ENTERING_MANAGED_PKG|Centify
18:01:14.17 (645072458)|ENTERING_MANAGED_PKG|Centify
18:01:14.17 (670641697)|ENTERING_MANAGED_PKG|Centify
18:01:14.17 (670710346)|ENTERING_MANAGED_PKG|Centify
18:01:14.17 (670859458)|ENTERING_MANAGED_PKG|Centify
18:01:14.17 (670899542)|ENTERING_MANAGED_PKG|Centify
18:01:14.17 (670939811)|ENTERING_MANAGED_PKG|Centify
18:01:14.17 (672047689)|ENTERING_MANAGED_PKG|Centify
18:01:14.17 (672148523)|ENTERING_MANAGED_PKG|Centify
18:01:14.17 (673847946)|ENTERING_MANAGED_PKG|Centify
18:01:14.17 (673923389)|ENTERING_MANAGED_PKG|Centify
18:01:14.17 (674019224)|ENTERING_MANAGED_PKG|Centify
18:01:14.17 (674549046)|ENTERING_MANAGED_PKG|Centify
18:01:14.17 (675253690)|SOQL_EXECUTE_BEGIN|[16]|Aggregations:0|select id,lastmodifieddate,isdeleted,ownerid,status,whatid,activitydate,tasksubtype,isclosed,subject from Task where LastModifiedDate >2018-09-28T07:44:30Z AND LastModifiedDate < 2018-09-28T08:01:20Z AND (  Subject = 'Email' )  ORDER BY SystemModStamp DESC LIMIT 5000  ALL ROWS
18:01:14.17 (681033470)|SOQL_EXECUTE_END|[16]|Rows:0
18:01:14.698 (698651269)|CUMULATIVE_LIMIT_USAGE
18:01:14.698 (698651269)|LIMIT_USAGE_FOR_NS|(default)|
  Number of SOQL queries: 0 out of 200
  Number of query rows: 0 out of 50000
  Number of SOSL queries: 0 out of 20
  Number of DML statements: 0 out of 150
  Number of DML rows: 0 out of 10000
  Maximum CPU time: 0 out of 60000
  Maximum heap size: 0 out of 12000000
  Number of callouts: 0 out of 0
  Number of Email Invocations: 0 out of 10
  Number of future calls: 0 out of 0
  Number of queueable jobs added to the queue: 0 out of 1
  Number of Mobile Apex push calls: 0 out of 10

18:01:14.698 (698651269)|LIMIT_USAGE_FOR_NS|Centify|
  Number of SOQL queries: 0 out of 200
  Number of query rows: 0 out of 50000
  Number of SOSL queries: 0 out of 20
  Number of DML statements: 0 out of 150
  Number of DML rows: 0 out of 10000
  Maximum CPU time: 0 out of 60000
  Maximum heap size: 0 out of 12000000
  Number of callouts: 0 out of 0
  Number of Email Invocations: 0 out of 10
  Number of future calls: 0 out of 0
  Number of queueable jobs added to the queue: 0 out of 1
  Number of Mobile Apex push calls: 0 out of 10

18:01:14.698 (698651269)|CUMULATIVE_LIMIT_USAGE_END

