37.0 APEX_CODE,FINEST;APEX_PROFILING,INFO;CALLOUT,INFO;DB,INFO;NBA,INFO;SYSTEM,DEBUG;VALIDATION,INFO;VISUALFORCE,INFO;WAVE,INFO;WORKFLOW,INFO
18:43:01.14 (14492926)|ENTERING_MANAGED_PKG|Centify
18:43:01.14 (15298307)|ENTERING_MANAGED_PKG|Centify
18:43:01.14 (15352053)|ENTERING_MANAGED_PKG|Centify
18:43:01.14 (15710016)|ENTERING_MANAGED_PKG|Centify
18:43:01.14 (15759178)|ENTERING_MANAGED_PKG|Centify
18:43:01.14 (20581423)|ENTERING_MANAGED_PKG|Centify
18:43:01.14 (20672570)|ENTERING_MANAGED_PKG|Centify
18:43:01.14 (22859353)|ENTERING_MANAGED_PKG|Centify
18:43:01.14 (23324295)|ENTERING_MANAGED_PKG|Centify
18:43:01.14 (23431134)|ENTERING_MANAGED_PKG|Centify
18:43:01.14 (23479245)|ENTERING_MANAGED_PKG|Centify
18:43:01.14 (27561576)|ENTERING_MANAGED_PKG|Centify
18:43:01.14 (27641569)|ENTERING_MANAGED_PKG|Centify
18:43:01.14 (27841659)|ENTERING_MANAGED_PKG|Centify
18:43:01.14 (30676024)|ENTERING_MANAGED_PKG|Centify
18:43:01.14 (30737374)|ENTERING_MANAGED_PKG|Centify
18:43:01.14 (30893357)|ENTERING_MANAGED_PKG|Centify
18:43:01.14 (31679254)|ENTERING_MANAGED_PKG|Centify
18:43:01.14 (33097839)|ENTERING_MANAGED_PKG|Centify
18:43:01.14 (33152369)|ENTERING_MANAGED_PKG|Centify
18:43:01.14 (33248604)|ENTERING_MANAGED_PKG|Centify
18:43:01.14 (34018153)|ENTERING_MANAGED_PKG|Centify
18:43:01.14 (34061506)|ENTERING_MANAGED_PKG|Centify
18:43:01.14 (34147559)|ENTERING_MANAGED_PKG|Centify
18:43:01.14 (35002564)|ENTERING_MANAGED_PKG|Centify
18:43:01.14 (38298445)|ENTERING_MANAGED_PKG|Centify
18:43:01.14 (38726492)|ENTERING_MANAGED_PKG|Centify
18:43:01.14 (38829221)|ENTERING_MANAGED_PKG|Centify
18:43:01.14 (41028746)|ENTERING_MANAGED_PKG|Centify
18:43:01.14 (41084944)|ENTERING_MANAGED_PKG|Centify
18:43:01.14 (41167781)|ENTERING_MANAGED_PKG|Centify
18:43:01.14 (41303553)|ENTERING_MANAGED_PKG|Centify
18:43:01.14 (41481857)|ENTERING_MANAGED_PKG|Centify
18:43:01.14 (43068974)|SOQL_EXECUTE_BEGIN|[28]|Aggregations:0|SELECT Id FROM ApexClass WHERE Name = :tmpVar1
18:43:01.14 (50462827)|SOQL_EXECUTE_END|[28]|Rows:1
18:43:01.14 (51110895)|SOQL_EXECUTE_BEGIN|[49]|Aggregations:0|SELECT COUNT() FROM AsyncApexJob WHERE (ApexClassId = :tmpVar1 AND Status IN ('Queued', 'Holding', 'Preparing', 'Processing'))
18:43:01.14 (55272749)|SOQL_EXECUTE_END|[49]|Rows:0
18:43:01.14 (55373726)|ENTERING_MANAGED_PKG|Centify
18:43:01.14 (61778231)|ENTERING_MANAGED_PKG|Centify
18:43:01.14 (63549300)|ENTERING_MANAGED_PKG|Centify
18:43:01.14 (64137785)|ENTERING_MANAGED_PKG|Centify
18:43:01.14 (64288083)|ENTERING_MANAGED_PKG|Centify
18:43:01.14 (64341617)|ENTERING_MANAGED_PKG|Centify
18:43:01.14 (85648956)|ENTERING_MANAGED_PKG|Centify
18:43:01.14 (85840735)|ENTERING_MANAGED_PKG|Centify
18:43:01.14 (92464964)|ENTERING_MANAGED_PKG|Centify
18:43:01.14 (94153135)|ENTERING_MANAGED_PKG|Centify
18:43:01.14 (95120265)|ENTERING_MANAGED_PKG|Centify
18:43:01.14 (96283708)|ENTERING_MANAGED_PKG|Centify
18:43:01.14 (96380835)|ENTERING_MANAGED_PKG|Centify
18:43:01.14 (97952796)|ENTERING_MANAGED_PKG|Centify
18:43:01.14 (98090681)|ENTERING_MANAGED_PKG|Centify
18:43:01.14 (98147784)|ENTERING_MANAGED_PKG|Centify
18:43:01.14 (98351069)|ENTERING_MANAGED_PKG|Centify
18:43:01.14 (98541767)|ENTERING_MANAGED_PKG|Centify
18:43:01.14 (98664918)|ENTERING_MANAGED_PKG|Centify
18:43:01.14 (98816018)|ENTERING_MANAGED_PKG|Centify
18:43:01.14 (98930896)|ENTERING_MANAGED_PKG|Centify
18:43:01.14 (99042633)|ENTERING_MANAGED_PKG|Centify
18:43:01.14 (99154020)|ENTERING_MANAGED_PKG|Centify
18:43:01.14 (99268160)|ENTERING_MANAGED_PKG|Centify
18:43:01.14 (99384350)|ENTERING_MANAGED_PKG|Centify
18:43:01.14 (99496313)|ENTERING_MANAGED_PKG|Centify
18:43:01.14 (99607016)|ENTERING_MANAGED_PKG|Centify
18:43:01.14 (99719737)|ENTERING_MANAGED_PKG|Centify
18:43:01.14 (99836795)|ENTERING_MANAGED_PKG|Centify
18:43:01.14 (99951737)|ENTERING_MANAGED_PKG|Centify
18:43:01.14 (100062345)|ENTERING_MANAGED_PKG|Centify
18:43:01.14 (100287785)|ENTERING_MANAGED_PKG|Centify
18:43:01.14 (100422569)|ENTERING_MANAGED_PKG|Centify
18:43:01.14 (100535970)|ENTERING_MANAGED_PKG|Centify
18:43:01.14 (100645913)|ENTERING_MANAGED_PKG|Centify
18:43:01.14 (100755614)|ENTERING_MANAGED_PKG|Centify
18:43:01.14 (100865149)|ENTERING_MANAGED_PKG|Centify
18:43:01.14 (100978454)|ENTERING_MANAGED_PKG|Centify
18:43:01.14 (101132524)|ENTERING_MANAGED_PKG|Centify
18:43:01.14 (101300879)|ENTERING_MANAGED_PKG|Centify
18:43:01.14 (101416988)|ENTERING_MANAGED_PKG|Centify
18:43:01.14 (101528308)|ENTERING_MANAGED_PKG|Centify
18:43:01.14 (101639033)|ENTERING_MANAGED_PKG|Centify
18:43:01.14 (101753446)|ENTERING_MANAGED_PKG|Centify
18:43:01.14 (101868126)|ENTERING_MANAGED_PKG|Centify
18:43:01.14 (101988324)|ENTERING_MANAGED_PKG|Centify
18:43:01.14 (102055853)|ENTERING_MANAGED_PKG|Centify
18:43:01.14 (102112124)|ENTERING_MANAGED_PKG|Centify
18:43:01.14 (102153770)|ENTERING_MANAGED_PKG|Centify
18:43:01.14 (102268468)|ENTERING_MANAGED_PKG|Centify
18:43:01.14 (102329631)|ENTERING_MANAGED_PKG|Centify
18:43:01.14 (103977681)|ENTERING_MANAGED_PKG|Centify
18:43:01.14 (104016473)|ENTERING_MANAGED_PKG|Centify
18:43:01.14 (104068968)|ENTERING_MANAGED_PKG|Centify
18:43:01.14 (104147696)|ENTERING_MANAGED_PKG|Centify
18:43:01.14 (104316057)|ENTERING_MANAGED_PKG|Centify
18:43:01.14 (104446375)|ENTERING_MANAGED_PKG|Centify
18:43:01.14 (144149610)|ENTERING_MANAGED_PKG|Centify
18:43:01.14 (144228614)|ENTERING_MANAGED_PKG|Centify
18:43:01.14 (157240986)|ENTERING_MANAGED_PKG|Centify
18:43:01.14 (157296466)|ENTERING_MANAGED_PKG|Centify
18:43:01.14 (157408399)|ENTERING_MANAGED_PKG|Centify
18:43:01.14 (157438182)|ENTERING_MANAGED_PKG|Centify
18:43:01.14 (163870106)|ENTERING_MANAGED_PKG|Centify
18:43:01.14 (164075982)|ENTERING_MANAGED_PKG|Centify
18:43:01.14 (164597308)|ENTERING_MANAGED_PKG|Centify
18:43:01.14 (165190721)|ENTERING_MANAGED_PKG|Centify
18:43:01.14 (165235847)|ENTERING_MANAGED_PKG|Centify
18:43:01.14 (165330253)|ENTERING_MANAGED_PKG|Centify
18:43:01.14 (165369052)|ENTERING_MANAGED_PKG|Centify
18:43:01.14 (165470336)|ENTERING_MANAGED_PKG|Centify
18:43:01.14 (165608202)|ENTERING_MANAGED_PKG|Centify
18:43:01.14 (165722148)|ENTERING_MANAGED_PKG|Centify
18:43:01.14 (165832867)|ENTERING_MANAGED_PKG|Centify
18:43:01.14 (165944007)|ENTERING_MANAGED_PKG|Centify
18:43:01.14 (166056886)|ENTERING_MANAGED_PKG|Centify
18:43:01.14 (166168812)|ENTERING_MANAGED_PKG|Centify
18:43:01.14 (166286463)|ENTERING_MANAGED_PKG|Centify
18:43:01.14 (166401977)|ENTERING_MANAGED_PKG|Centify
18:43:01.14 (166545570)|ENTERING_MANAGED_PKG|Centify
18:43:01.14 (166677151)|ENTERING_MANAGED_PKG|Centify
18:43:01.14 (166790320)|ENTERING_MANAGED_PKG|Centify
18:43:01.14 (166902460)|ENTERING_MANAGED_PKG|Centify
18:43:01.14 (167014242)|ENTERING_MANAGED_PKG|Centify
18:43:01.14 (167128155)|ENTERING_MANAGED_PKG|Centify
18:43:01.14 (167239495)|ENTERING_MANAGED_PKG|Centify
18:43:01.14 (167360308)|ENTERING_MANAGED_PKG|Centify
18:43:01.14 (167472374)|ENTERING_MANAGED_PKG|Centify
18:43:01.14 (167653517)|ENTERING_MANAGED_PKG|Centify
18:43:01.14 (167783463)|ENTERING_MANAGED_PKG|Centify
18:43:01.14 (167912103)|ENTERING_MANAGED_PKG|Centify
18:43:01.14 (168046210)|ENTERING_MANAGED_PKG|Centify
18:43:01.14 (168174192)|ENTERING_MANAGED_PKG|Centify
18:43:01.14 (168287654)|ENTERING_MANAGED_PKG|Centify
18:43:01.14 (168428876)|ENTERING_MANAGED_PKG|Centify
18:43:01.14 (168559905)|ENTERING_MANAGED_PKG|Centify
18:43:01.14 (168690575)|ENTERING_MANAGED_PKG|Centify
18:43:01.14 (168819084)|ENTERING_MANAGED_PKG|Centify
18:43:01.14 (168945519)|ENTERING_MANAGED_PKG|Centify
18:43:01.14 (169071191)|ENTERING_MANAGED_PKG|Centify
18:43:01.14 (169198580)|ENTERING_MANAGED_PKG|Centify
18:43:01.14 (169333702)|ENTERING_MANAGED_PKG|Centify
18:43:01.14 (169462062)|ENTERING_MANAGED_PKG|Centify
18:43:01.14 (169589026)|ENTERING_MANAGED_PKG|Centify
18:43:01.14 (169716081)|ENTERING_MANAGED_PKG|Centify
18:43:01.14 (169832816)|ENTERING_MANAGED_PKG|Centify
18:43:01.14 (169944238)|ENTERING_MANAGED_PKG|Centify
18:43:01.14 (170060098)|ENTERING_MANAGED_PKG|Centify
18:43:01.14 (170172938)|ENTERING_MANAGED_PKG|Centify
18:43:01.14 (170286791)|ENTERING_MANAGED_PKG|Centify
18:43:01.14 (170402909)|ENTERING_MANAGED_PKG|Centify
18:43:01.14 (170514739)|ENTERING_MANAGED_PKG|Centify
18:43:01.14 (170624293)|ENTERING_MANAGED_PKG|Centify
18:43:01.14 (170736113)|ENTERING_MANAGED_PKG|Centify
18:43:01.14 (170846064)|ENTERING_MANAGED_PKG|Centify
18:43:01.14 (170956970)|ENTERING_MANAGED_PKG|Centify
18:43:01.14 (171068734)|ENTERING_MANAGED_PKG|Centify
18:43:01.14 (171182077)|ENTERING_MANAGED_PKG|Centify
18:43:01.14 (171298890)|ENTERING_MANAGED_PKG|Centify
18:43:01.14 (171411556)|ENTERING_MANAGED_PKG|Centify
18:43:01.14 (171553059)|ENTERING_MANAGED_PKG|Centify
18:43:01.14 (171729325)|ENTERING_MANAGED_PKG|Centify
18:43:01.14 (171864971)|ENTERING_MANAGED_PKG|Centify
18:43:01.14 (172000896)|ENTERING_MANAGED_PKG|Centify
18:43:01.14 (172258842)|ENTERING_MANAGED_PKG|Centify
18:43:01.14 (172306805)|ENTERING_MANAGED_PKG|Centify
18:43:01.14 (172423658)|ENTERING_MANAGED_PKG|Centify
18:43:01.14 (172473904)|ENTERING_MANAGED_PKG|Centify
18:43:01.14 (172540429)|ENTERING_MANAGED_PKG|Centify
18:43:01.14 (172584529)|ENTERING_MANAGED_PKG|Centify
18:43:01.14 (172612269)|ENTERING_MANAGED_PKG|Centify
18:43:01.14 (172909281)|ENTERING_MANAGED_PKG|Centify
18:43:01.14 (172938792)|ENTERING_MANAGED_PKG|Centify
18:43:01.14 (172957687)|ENTERING_MANAGED_PKG|Centify
18:43:01.14 (173059790)|ENTERING_MANAGED_PKG|Centify
18:43:01.14 (173190577)|ENTERING_MANAGED_PKG|Centify
18:43:01.14 (173212759)|ENTERING_MANAGED_PKG|Centify
18:43:01.14 (173236204)|ENTERING_MANAGED_PKG|Centify
18:43:01.14 (173253533)|ENTERING_MANAGED_PKG|Centify
18:43:01.14 (173590643)|ENTERING_MANAGED_PKG|Centify
18:43:01.14 (173615048)|ENTERING_MANAGED_PKG|Centify
18:43:01.14 (173627404)|ENTERING_MANAGED_PKG|Centify
18:43:01.14 (173701480)|ENTERING_MANAGED_PKG|Centify
18:43:01.14 (173826964)|ENTERING_MANAGED_PKG|Centify
18:43:01.14 (173848862)|ENTERING_MANAGED_PKG|Centify
18:43:01.14 (173872528)|ENTERING_MANAGED_PKG|Centify
18:43:01.14 (173884993)|ENTERING_MANAGED_PKG|Centify
18:43:01.14 (174309969)|ENTERING_MANAGED_PKG|Centify
18:43:01.14 (174337610)|ENTERING_MANAGED_PKG|Centify
18:43:01.14 (174350008)|ENTERING_MANAGED_PKG|Centify
18:43:01.14 (174481216)|ENTERING_MANAGED_PKG|Centify
18:43:01.14 (174611290)|ENTERING_MANAGED_PKG|Centify
18:43:01.14 (174632874)|ENTERING_MANAGED_PKG|Centify
18:43:01.14 (174655958)|ENTERING_MANAGED_PKG|Centify
18:43:01.14 (174668149)|ENTERING_MANAGED_PKG|Centify
18:43:01.14 (175192574)|ENTERING_MANAGED_PKG|Centify
18:43:01.14 (175216615)|ENTERING_MANAGED_PKG|Centify
18:43:01.14 (175228683)|ENTERING_MANAGED_PKG|Centify
18:43:01.14 (175308012)|ENTERING_MANAGED_PKG|Centify
18:43:01.14 (175431806)|ENTERING_MANAGED_PKG|Centify
18:43:01.14 (175453304)|ENTERING_MANAGED_PKG|Centify
18:43:01.14 (175476267)|ENTERING_MANAGED_PKG|Centify
18:43:01.14 (175488700)|ENTERING_MANAGED_PKG|Centify
18:43:01.14 (176098964)|ENTERING_MANAGED_PKG|Centify
18:43:01.14 (176123491)|ENTERING_MANAGED_PKG|Centify
18:43:01.14 (176135801)|ENTERING_MANAGED_PKG|Centify
18:43:01.14 (176207849)|ENTERING_MANAGED_PKG|Centify
18:43:01.14 (176333434)|ENTERING_MANAGED_PKG|Centify
18:43:01.14 (176447617)|ENTERING_MANAGED_PKG|Centify
18:43:01.14 (176558050)|ENTERING_MANAGED_PKG|Centify
18:43:01.14 (176678130)|ENTERING_MANAGED_PKG|Centify
18:43:01.14 (176699826)|ENTERING_MANAGED_PKG|Centify
18:43:01.14 (176723538)|ENTERING_MANAGED_PKG|Centify
18:43:01.14 (176735892)|ENTERING_MANAGED_PKG|Centify
18:43:01.14 (177458127)|ENTERING_MANAGED_PKG|Centify
18:43:01.14 (177482245)|ENTERING_MANAGED_PKG|Centify
18:43:01.14 (177494276)|ENTERING_MANAGED_PKG|Centify
18:43:01.14 (177567877)|ENTERING_MANAGED_PKG|Centify
18:43:01.14 (177687890)|ENTERING_MANAGED_PKG|Centify
18:43:01.14 (177709258)|ENTERING_MANAGED_PKG|Centify
18:43:01.14 (177732311)|ENTERING_MANAGED_PKG|Centify
18:43:01.14 (177745009)|ENTERING_MANAGED_PKG|Centify
18:43:01.14 (178563552)|ENTERING_MANAGED_PKG|Centify
18:43:01.14 (178588164)|ENTERING_MANAGED_PKG|Centify
18:43:01.14 (178600534)|ENTERING_MANAGED_PKG|Centify
18:43:01.14 (178673760)|ENTERING_MANAGED_PKG|Centify
18:43:01.14 (178794847)|ENTERING_MANAGED_PKG|Centify
18:43:01.14 (178817226)|ENTERING_MANAGED_PKG|Centify
18:43:01.14 (178853248)|ENTERING_MANAGED_PKG|Centify
18:43:01.14 (178872665)|ENTERING_MANAGED_PKG|Centify
18:43:01.14 (179776673)|ENTERING_MANAGED_PKG|Centify
18:43:01.14 (179801819)|ENTERING_MANAGED_PKG|Centify
18:43:01.14 (179813676)|ENTERING_MANAGED_PKG|Centify
18:43:01.14 (179887430)|ENTERING_MANAGED_PKG|Centify
18:43:01.14 (180011744)|ENTERING_MANAGED_PKG|Centify
18:43:01.14 (180033720)|ENTERING_MANAGED_PKG|Centify
18:43:01.14 (180057249)|ENTERING_MANAGED_PKG|Centify
18:43:01.14 (180069486)|ENTERING_MANAGED_PKG|Centify
18:43:01.14 (181055368)|ENTERING_MANAGED_PKG|Centify
18:43:01.14 (181080698)|ENTERING_MANAGED_PKG|Centify
18:43:01.14 (181093096)|ENTERING_MANAGED_PKG|Centify
18:43:01.14 (181166198)|ENTERING_MANAGED_PKG|Centify
18:43:01.14 (181293515)|ENTERING_MANAGED_PKG|Centify
18:43:01.14 (181314904)|ENTERING_MANAGED_PKG|Centify
18:43:01.14 (181340361)|ENTERING_MANAGED_PKG|Centify
18:43:01.14 (181352821)|ENTERING_MANAGED_PKG|Centify
18:43:01.14 (182421249)|ENTERING_MANAGED_PKG|Centify
18:43:01.14 (182445314)|ENTERING_MANAGED_PKG|Centify
18:43:01.14 (182457207)|ENTERING_MANAGED_PKG|Centify
18:43:01.14 (182529767)|ENTERING_MANAGED_PKG|Centify
18:43:01.14 (182650884)|ENTERING_MANAGED_PKG|Centify
18:43:01.14 (182671937)|ENTERING_MANAGED_PKG|Centify
18:43:01.14 (182695206)|ENTERING_MANAGED_PKG|Centify
18:43:01.14 (182707583)|ENTERING_MANAGED_PKG|Centify
18:43:01.14 (183902052)|ENTERING_MANAGED_PKG|Centify
18:43:01.14 (183927179)|ENTERING_MANAGED_PKG|Centify
18:43:01.14 (183939960)|ENTERING_MANAGED_PKG|Centify
18:43:01.14 (184013594)|ENTERING_MANAGED_PKG|Centify
18:43:01.14 (184137853)|ENTERING_MANAGED_PKG|Centify
18:43:01.14 (184159407)|ENTERING_MANAGED_PKG|Centify
18:43:01.14 (184183386)|ENTERING_MANAGED_PKG|Centify
18:43:01.14 (184196468)|ENTERING_MANAGED_PKG|Centify
18:43:01.14 (185472242)|ENTERING_MANAGED_PKG|Centify
18:43:01.14 (185496469)|ENTERING_MANAGED_PKG|Centify
18:43:01.14 (185508619)|ENTERING_MANAGED_PKG|Centify
18:43:01.14 (185602592)|ENTERING_MANAGED_PKG|Centify
18:43:01.14 (185728240)|ENTERING_MANAGED_PKG|Centify
18:43:01.14 (185749930)|ENTERING_MANAGED_PKG|Centify
18:43:01.14 (185775056)|ENTERING_MANAGED_PKG|Centify
18:43:01.14 (185787252)|ENTERING_MANAGED_PKG|Centify
18:43:01.14 (187151004)|ENTERING_MANAGED_PKG|Centify
18:43:01.14 (187175731)|ENTERING_MANAGED_PKG|Centify
18:43:01.14 (187187790)|ENTERING_MANAGED_PKG|Centify
18:43:01.14 (187264587)|ENTERING_MANAGED_PKG|Centify
18:43:01.14 (187391051)|ENTERING_MANAGED_PKG|Centify
18:43:01.14 (187412328)|ENTERING_MANAGED_PKG|Centify
18:43:01.14 (187436090)|ENTERING_MANAGED_PKG|Centify
18:43:01.14 (187448467)|ENTERING_MANAGED_PKG|Centify
18:43:01.14 (188955873)|ENTERING_MANAGED_PKG|Centify
18:43:01.14 (188983049)|ENTERING_MANAGED_PKG|Centify
18:43:01.14 (188995621)|ENTERING_MANAGED_PKG|Centify
18:43:01.14 (189070328)|ENTERING_MANAGED_PKG|Centify
18:43:01.14 (189195371)|ENTERING_MANAGED_PKG|Centify
18:43:01.14 (189217225)|ENTERING_MANAGED_PKG|Centify
18:43:01.14 (189241029)|ENTERING_MANAGED_PKG|Centify
18:43:01.14 (189258182)|ENTERING_MANAGED_PKG|Centify
18:43:01.14 (190925730)|ENTERING_MANAGED_PKG|Centify
18:43:01.14 (190953349)|ENTERING_MANAGED_PKG|Centify
18:43:01.14 (190965939)|ENTERING_MANAGED_PKG|Centify
18:43:01.14 (191037652)|ENTERING_MANAGED_PKG|Centify
18:43:01.14 (191073926)|ENTERING_MANAGED_PKG|Centify
18:43:01.14 (191104886)|ENTERING_MANAGED_PKG|Centify
18:43:01.14 (191127235)|ENTERING_MANAGED_PKG|Centify
18:43:01.14 (191340950)|ENTERING_MANAGED_PKG|Centify
18:43:01.14 (191368630)|ENTERING_MANAGED_PKG|Centify
18:43:01.14 (193159184)|ENTERING_MANAGED_PKG|Centify
18:43:01.14 (193186780)|ENTERING_MANAGED_PKG|Centify
18:43:01.14 (193210260)|ENTERING_MANAGED_PKG|Centify
18:43:01.14 (193262971)|ENTERING_MANAGED_PKG|Centify
18:43:01.14 (193379411)|ENTERING_MANAGED_PKG|Centify
18:43:01.14 (193447249)|ENTERING_MANAGED_PKG|Centify
18:43:01.14 (213110109)|ENTERING_MANAGED_PKG|Centify
18:43:01.14 (213170062)|ENTERING_MANAGED_PKG|Centify
18:43:01.14 (213283034)|ENTERING_MANAGED_PKG|Centify
18:43:01.14 (213324204)|ENTERING_MANAGED_PKG|Centify
18:43:01.14 (220604478)|ENTERING_MANAGED_PKG|Centify
18:43:01.14 (220847501)|ENTERING_MANAGED_PKG|Centify
18:43:01.14 (221583440)|ENTERING_MANAGED_PKG|Centify
18:43:01.14 (222198606)|ENTERING_MANAGED_PKG|Centify
18:43:01.14 (222247876)|ENTERING_MANAGED_PKG|Centify
18:43:01.14 (222339660)|ENTERING_MANAGED_PKG|Centify
18:43:01.14 (222380519)|ENTERING_MANAGED_PKG|Centify
18:43:01.14 (222480452)|ENTERING_MANAGED_PKG|Centify
18:43:01.14 (222613518)|ENTERING_MANAGED_PKG|Centify
18:43:01.14 (222727403)|ENTERING_MANAGED_PKG|Centify
18:43:01.14 (222836312)|ENTERING_MANAGED_PKG|Centify
18:43:01.14 (222945637)|ENTERING_MANAGED_PKG|Centify
18:43:01.14 (223055777)|ENTERING_MANAGED_PKG|Centify
18:43:01.14 (223166786)|ENTERING_MANAGED_PKG|Centify
18:43:01.14 (223281614)|ENTERING_MANAGED_PKG|Centify
18:43:01.14 (223396785)|ENTERING_MANAGED_PKG|Centify
18:43:01.14 (223507194)|ENTERING_MANAGED_PKG|Centify
18:43:01.14 (223616317)|ENTERING_MANAGED_PKG|Centify
18:43:01.14 (223727280)|ENTERING_MANAGED_PKG|Centify
18:43:01.14 (223836651)|ENTERING_MANAGED_PKG|Centify
18:43:01.14 (223950044)|ENTERING_MANAGED_PKG|Centify
18:43:01.14 (224049545)|ENTERING_MANAGED_PKG|Centify
18:43:01.14 (224157544)|ENTERING_MANAGED_PKG|Centify
18:43:01.14 (224278380)|ENTERING_MANAGED_PKG|Centify
18:43:01.14 (224392937)|ENTERING_MANAGED_PKG|Centify
18:43:01.14 (224501255)|ENTERING_MANAGED_PKG|Centify
18:43:01.14 (224609684)|ENTERING_MANAGED_PKG|Centify
18:43:01.14 (224718713)|ENTERING_MANAGED_PKG|Centify
18:43:01.14 (224828152)|ENTERING_MANAGED_PKG|Centify
18:43:01.14 (224937483)|ENTERING_MANAGED_PKG|Centify
18:43:01.14 (225048750)|ENTERING_MANAGED_PKG|Centify
18:43:01.14 (225227779)|ENTERING_MANAGED_PKG|Centify
18:43:01.14 (225348287)|ENTERING_MANAGED_PKG|Centify
18:43:01.14 (225458636)|ENTERING_MANAGED_PKG|Centify
18:43:01.14 (225567581)|ENTERING_MANAGED_PKG|Centify
18:43:01.14 (225711795)|ENTERING_MANAGED_PKG|Centify
18:43:01.14 (225827411)|ENTERING_MANAGED_PKG|Centify
18:43:01.14 (225872055)|ENTERING_MANAGED_PKG|Centify
18:43:01.14 (225916836)|ENTERING_MANAGED_PKG|Centify
18:43:01.14 (225940780)|ENTERING_MANAGED_PKG|Centify
18:43:01.14 (225989601)|ENTERING_MANAGED_PKG|Centify
18:43:01.14 (226030027)|ENTERING_MANAGED_PKG|Centify
18:43:01.14 (227580304)|ENTERING_MANAGED_PKG|Centify
18:43:01.14 (227609045)|ENTERING_MANAGED_PKG|Centify
18:43:01.14 (227631775)|ENTERING_MANAGED_PKG|Centify
18:43:01.14 (227677227)|ENTERING_MANAGED_PKG|Centify
18:43:01.14 (227785117)|ENTERING_MANAGED_PKG|Centify
18:43:01.14 (227850153)|ENTERING_MANAGED_PKG|Centify
18:43:01.14 (244099431)|ENTERING_MANAGED_PKG|Centify
18:43:01.14 (244155265)|ENTERING_MANAGED_PKG|Centify
18:43:01.14 (258872908)|ENTERING_MANAGED_PKG|Centify
18:43:01.14 (258952522)|ENTERING_MANAGED_PKG|Centify
18:43:01.14 (273121173)|ENTERING_MANAGED_PKG|Centify
18:43:01.14 (273168973)|ENTERING_MANAGED_PKG|Centify
18:43:01.14 (289836167)|ENTERING_MANAGED_PKG|Centify
18:43:01.14 (289990492)|ENTERING_MANAGED_PKG|Centify
18:43:01.14 (290179179)|ENTERING_MANAGED_PKG|Centify
18:43:01.14 (290331315)|ENTERING_MANAGED_PKG|Centify
18:43:01.14 (290465582)|ENTERING_MANAGED_PKG|Centify
18:43:01.14 (290499756)|ENTERING_MANAGED_PKG|Centify
18:43:01.14 (290570682)|ENTERING_MANAGED_PKG|Centify
18:43:01.14 (290594419)|ENTERING_MANAGED_PKG|Centify
18:43:01.14 (296939017)|ENTERING_MANAGED_PKG|Centify
18:43:01.14 (297195417)|ENTERING_MANAGED_PKG|Centify
18:43:01.14 (298094845)|ENTERING_MANAGED_PKG|Centify
18:43:01.14 (298792988)|ENTERING_MANAGED_PKG|Centify
18:43:01.14 (298839299)|ENTERING_MANAGED_PKG|Centify
18:43:01.14 (298929924)|ENTERING_MANAGED_PKG|Centify
18:43:01.14 (298970129)|ENTERING_MANAGED_PKG|Centify
18:43:01.14 (299073194)|ENTERING_MANAGED_PKG|Centify
18:43:01.14 (299220701)|ENTERING_MANAGED_PKG|Centify
18:43:01.14 (299340411)|ENTERING_MANAGED_PKG|Centify
18:43:01.14 (299453441)|ENTERING_MANAGED_PKG|Centify
18:43:01.14 (299567252)|ENTERING_MANAGED_PKG|Centify
18:43:01.14 (299683325)|ENTERING_MANAGED_PKG|Centify
18:43:01.14 (299795396)|ENTERING_MANAGED_PKG|Centify
18:43:01.14 (299905866)|ENTERING_MANAGED_PKG|Centify
18:43:01.14 (300020504)|ENTERING_MANAGED_PKG|Centify
18:43:01.14 (300131597)|ENTERING_MANAGED_PKG|Centify
18:43:01.14 (300248689)|ENTERING_MANAGED_PKG|Centify
18:43:01.14 (300362332)|ENTERING_MANAGED_PKG|Centify
18:43:01.14 (300481568)|ENTERING_MANAGED_PKG|Centify
18:43:01.14 (300613834)|ENTERING_MANAGED_PKG|Centify
18:43:01.14 (300729810)|ENTERING_MANAGED_PKG|Centify
18:43:01.14 (300836934)|ENTERING_MANAGED_PKG|Centify
18:43:01.14 (300941701)|ENTERING_MANAGED_PKG|Centify
18:43:01.14 (301060292)|ENTERING_MANAGED_PKG|Centify
18:43:01.14 (301174717)|ENTERING_MANAGED_PKG|Centify
18:43:01.14 (301294220)|ENTERING_MANAGED_PKG|Centify
18:43:01.14 (301405234)|ENTERING_MANAGED_PKG|Centify
18:43:01.14 (301516120)|ENTERING_MANAGED_PKG|Centify
18:43:01.14 (301685762)|ENTERING_MANAGED_PKG|Centify
18:43:01.14 (301808266)|ENTERING_MANAGED_PKG|Centify
18:43:01.14 (301930267)|ENTERING_MANAGED_PKG|Centify
18:43:01.14 (302042622)|ENTERING_MANAGED_PKG|Centify
18:43:01.14 (302153507)|ENTERING_MANAGED_PKG|Centify
18:43:01.14 (302270318)|ENTERING_MANAGED_PKG|Centify
18:43:01.14 (302434062)|ENTERING_MANAGED_PKG|Centify
18:43:01.14 (302597620)|ENTERING_MANAGED_PKG|Centify
18:43:01.14 (302757177)|ENTERING_MANAGED_PKG|Centify
18:43:01.14 (302876403)|ENTERING_MANAGED_PKG|Centify
18:43:01.14 (302915477)|ENTERING_MANAGED_PKG|Centify
18:43:01.14 (302947551)|ENTERING_MANAGED_PKG|Centify
18:43:01.14 (302970453)|ENTERING_MANAGED_PKG|Centify
18:43:01.14 (303020473)|ENTERING_MANAGED_PKG|Centify
18:43:01.14 (303061389)|ENTERING_MANAGED_PKG|Centify
18:43:01.14 (304633039)|ENTERING_MANAGED_PKG|Centify
18:43:01.14 (304661916)|ENTERING_MANAGED_PKG|Centify
18:43:01.14 (304689679)|ENTERING_MANAGED_PKG|Centify
18:43:01.14 (304771000)|ENTERING_MANAGED_PKG|Centify
18:43:01.14 (304901109)|ENTERING_MANAGED_PKG|Centify
18:43:01.14 (304972540)|ENTERING_MANAGED_PKG|Centify
18:43:01.14 (325421946)|ENTERING_MANAGED_PKG|Centify
18:43:01.14 (325474903)|ENTERING_MANAGED_PKG|Centify
18:43:01.14 (340596397)|ENTERING_MANAGED_PKG|Centify
18:43:01.14 (340703139)|ENTERING_MANAGED_PKG|Centify
18:43:01.14 (393763631)|ENTERING_MANAGED_PKG|Centify
18:43:01.14 (393828860)|ENTERING_MANAGED_PKG|Centify
18:43:01.14 (408664190)|ENTERING_MANAGED_PKG|Centify
18:43:01.14 (408794087)|ENTERING_MANAGED_PKG|Centify
18:43:01.14 (408942423)|ENTERING_MANAGED_PKG|Centify
18:43:01.14 (409052822)|ENTERING_MANAGED_PKG|Centify
18:43:01.14 (409175078)|ENTERING_MANAGED_PKG|Centify
18:43:01.14 (409215979)|ENTERING_MANAGED_PKG|Centify
18:43:01.14 (409288476)|ENTERING_MANAGED_PKG|Centify
18:43:01.14 (409312861)|ENTERING_MANAGED_PKG|Centify
18:43:01.14 (416718192)|ENTERING_MANAGED_PKG|Centify
18:43:01.14 (417008081)|ENTERING_MANAGED_PKG|Centify
18:43:01.14 (417430657)|ENTERING_MANAGED_PKG|Centify
18:43:01.14 (418161298)|ENTERING_MANAGED_PKG|Centify
18:43:01.14 (418215190)|ENTERING_MANAGED_PKG|Centify
18:43:01.14 (418308334)|ENTERING_MANAGED_PKG|Centify
18:43:01.14 (418348505)|ENTERING_MANAGED_PKG|Centify
18:43:01.14 (418452244)|ENTERING_MANAGED_PKG|Centify
18:43:01.14 (418585807)|ENTERING_MANAGED_PKG|Centify
18:43:01.14 (418700404)|ENTERING_MANAGED_PKG|Centify
18:43:01.14 (418812278)|ENTERING_MANAGED_PKG|Centify
18:43:01.14 (418922635)|ENTERING_MANAGED_PKG|Centify
18:43:01.14 (419036644)|ENTERING_MANAGED_PKG|Centify
18:43:01.14 (419148310)|ENTERING_MANAGED_PKG|Centify
18:43:01.14 (419267974)|ENTERING_MANAGED_PKG|Centify
18:43:01.14 (419379773)|ENTERING_MANAGED_PKG|Centify
18:43:01.14 (419491546)|ENTERING_MANAGED_PKG|Centify
18:43:01.14 (419602303)|ENTERING_MANAGED_PKG|Centify
18:43:01.14 (419737591)|ENTERING_MANAGED_PKG|Centify
18:43:01.14 (419866911)|ENTERING_MANAGED_PKG|Centify
18:43:01.14 (419994511)|ENTERING_MANAGED_PKG|Centify
18:43:01.14 (420252417)|ENTERING_MANAGED_PKG|Centify
18:43:01.14 (420440270)|ENTERING_MANAGED_PKG|Centify
18:43:01.14 (420576821)|ENTERING_MANAGED_PKG|Centify
18:43:01.14 (420693196)|ENTERING_MANAGED_PKG|Centify
18:43:01.14 (420804641)|ENTERING_MANAGED_PKG|Centify
18:43:01.14 (420917031)|ENTERING_MANAGED_PKG|Centify
18:43:01.14 (421026873)|ENTERING_MANAGED_PKG|Centify
18:43:01.14 (421137909)|ENTERING_MANAGED_PKG|Centify
18:43:01.14 (421263755)|ENTERING_MANAGED_PKG|Centify
18:43:01.14 (421398425)|ENTERING_MANAGED_PKG|Centify
18:43:01.14 (421511263)|ENTERING_MANAGED_PKG|Centify
18:43:01.14 (421647446)|ENTERING_MANAGED_PKG|Centify
18:43:01.14 (421802103)|ENTERING_MANAGED_PKG|Centify
18:43:01.14 (421916345)|ENTERING_MANAGED_PKG|Centify
18:43:01.14 (422028417)|ENTERING_MANAGED_PKG|Centify
18:43:01.14 (422139264)|ENTERING_MANAGED_PKG|Centify
18:43:01.14 (422262842)|ENTERING_MANAGED_PKG|Centify
18:43:01.14 (422372065)|ENTERING_MANAGED_PKG|Centify
18:43:01.14 (422559595)|ENTERING_MANAGED_PKG|Centify
18:43:01.14 (422737206)|ENTERING_MANAGED_PKG|Centify
18:43:01.14 (422910471)|ENTERING_MANAGED_PKG|Centify
18:43:01.14 (423081752)|ENTERING_MANAGED_PKG|Centify
18:43:01.14 (423261592)|ENTERING_MANAGED_PKG|Centify
18:43:01.14 (423433652)|ENTERING_MANAGED_PKG|Centify
18:43:01.14 (423605198)|ENTERING_MANAGED_PKG|Centify
18:43:01.14 (423779023)|ENTERING_MANAGED_PKG|Centify
18:43:01.14 (423950797)|ENTERING_MANAGED_PKG|Centify
18:43:01.14 (424125384)|ENTERING_MANAGED_PKG|Centify
18:43:01.14 (424322173)|ENTERING_MANAGED_PKG|Centify
18:43:01.14 (424422297)|ENTERING_MANAGED_PKG|Centify
18:43:01.14 (424482399)|ENTERING_MANAGED_PKG|Centify
18:43:01.14 (424517376)|ENTERING_MANAGED_PKG|Centify
18:43:01.14 (424557004)|ENTERING_MANAGED_PKG|Centify
18:43:01.14 (424578664)|ENTERING_MANAGED_PKG|Centify
18:43:01.14 (424951081)|ENTERING_MANAGED_PKG|Centify
18:43:01.14 (424990677)|ENTERING_MANAGED_PKG|Centify
18:43:01.14 (425009645)|ENTERING_MANAGED_PKG|Centify
18:43:01.14 (425127931)|ENTERING_MANAGED_PKG|Centify
18:43:01.14 (425329165)|ENTERING_MANAGED_PKG|Centify
18:43:01.14 (425362526)|ENTERING_MANAGED_PKG|Centify
18:43:01.14 (425397521)|ENTERING_MANAGED_PKG|Centify
18:43:01.14 (425416427)|ENTERING_MANAGED_PKG|Centify
18:43:01.14 (425908264)|ENTERING_MANAGED_PKG|Centify
18:43:01.14 (425943166)|ENTERING_MANAGED_PKG|Centify
18:43:01.14 (425961860)|ENTERING_MANAGED_PKG|Centify
18:43:01.14 (426072514)|ENTERING_MANAGED_PKG|Centify
18:43:01.14 (426276486)|ENTERING_MANAGED_PKG|Centify
18:43:01.14 (426309369)|ENTERING_MANAGED_PKG|Centify
18:43:01.14 (426343264)|ENTERING_MANAGED_PKG|Centify
18:43:01.14 (426361518)|ENTERING_MANAGED_PKG|Centify
18:43:01.14 (426991365)|ENTERING_MANAGED_PKG|Centify
18:43:01.14 (427025732)|ENTERING_MANAGED_PKG|Centify
18:43:01.14 (427045704)|ENTERING_MANAGED_PKG|Centify
18:43:01.14 (427155476)|ENTERING_MANAGED_PKG|Centify
18:43:01.14 (427350179)|ENTERING_MANAGED_PKG|Centify
18:43:01.14 (427383652)|ENTERING_MANAGED_PKG|Centify
18:43:01.14 (427420025)|ENTERING_MANAGED_PKG|Centify
18:43:01.14 (427438355)|ENTERING_MANAGED_PKG|Centify
18:43:01.14 (428218462)|ENTERING_MANAGED_PKG|Centify
18:43:01.14 (428247650)|ENTERING_MANAGED_PKG|Centify
18:43:01.14 (428261153)|ENTERING_MANAGED_PKG|Centify
18:43:01.14 (428352253)|ENTERING_MANAGED_PKG|Centify
18:43:01.14 (428541384)|ENTERING_MANAGED_PKG|Centify
18:43:01.14 (428572182)|ENTERING_MANAGED_PKG|Centify
18:43:01.14 (428605631)|ENTERING_MANAGED_PKG|Centify
18:43:01.14 (428623904)|ENTERING_MANAGED_PKG|Centify
18:43:01.14 (429581107)|ENTERING_MANAGED_PKG|Centify
18:43:01.14 (429618351)|ENTERING_MANAGED_PKG|Centify
18:43:01.14 (429638100)|ENTERING_MANAGED_PKG|Centify
18:43:01.14 (429749615)|ENTERING_MANAGED_PKG|Centify
18:43:01.14 (429937610)|ENTERING_MANAGED_PKG|Centify
18:43:01.14 (429969352)|ENTERING_MANAGED_PKG|Centify
18:43:01.14 (430005282)|ENTERING_MANAGED_PKG|Centify
18:43:01.14 (430026372)|ENTERING_MANAGED_PKG|Centify
18:43:01.14 (430913287)|ENTERING_MANAGED_PKG|Centify
18:43:01.14 (430953211)|ENTERING_MANAGED_PKG|Centify
18:43:01.14 (430976165)|ENTERING_MANAGED_PKG|Centify
18:43:01.14 (431070060)|ENTERING_MANAGED_PKG|Centify
18:43:01.14 (431205174)|ENTERING_MANAGED_PKG|Centify
18:43:01.14 (431323236)|ENTERING_MANAGED_PKG|Centify
18:43:01.14 (431509931)|ENTERING_MANAGED_PKG|Centify
18:43:01.14 (431655119)|ENTERING_MANAGED_PKG|Centify
18:43:01.14 (431836116)|ENTERING_MANAGED_PKG|Centify
18:43:01.14 (432032647)|ENTERING_MANAGED_PKG|Centify
18:43:01.14 (432249915)|ENTERING_MANAGED_PKG|Centify
18:43:01.14 (432399291)|ENTERING_MANAGED_PKG|Centify
18:43:01.14 (432550518)|ENTERING_MANAGED_PKG|Centify
18:43:01.14 (432678852)|ENTERING_MANAGED_PKG|Centify
18:43:01.14 (432811020)|ENTERING_MANAGED_PKG|Centify
18:43:01.14 (432957448)|ENTERING_MANAGED_PKG|Centify
18:43:01.14 (433102301)|ENTERING_MANAGED_PKG|Centify
18:43:01.14 (433256889)|ENTERING_MANAGED_PKG|Centify
18:43:01.14 (433304099)|ENTERING_MANAGED_PKG|Centify
18:43:01.14 (433353498)|ENTERING_MANAGED_PKG|Centify
18:43:01.14 (433381315)|ENTERING_MANAGED_PKG|Centify
18:43:01.14 (433544335)|ENTERING_MANAGED_PKG|Centify
18:43:01.14 (433578416)|ENTERING_MANAGED_PKG|Centify
18:43:01.14 (435709101)|ENTERING_MANAGED_PKG|Centify
18:43:01.14 (435747891)|ENTERING_MANAGED_PKG|Centify
18:43:01.14 (435783611)|ENTERING_MANAGED_PKG|Centify
18:43:01.14 (435861838)|ENTERING_MANAGED_PKG|Centify
18:43:01.14 (435887257)|ENTERING_MANAGED_PKG|Centify
18:43:01.14 (435956358)|ENTERING_MANAGED_PKG|Centify
18:43:01.14 (435980578)|ENTERING_MANAGED_PKG|Centify
18:43:01.14 (443107162)|ENTERING_MANAGED_PKG|Centify
18:43:01.14 (443422400)|ENTERING_MANAGED_PKG|Centify
18:43:01.14 (443830664)|ENTERING_MANAGED_PKG|Centify
18:43:01.14 (444305501)|ENTERING_MANAGED_PKG|Centify
18:43:01.14 (444351942)|ENTERING_MANAGED_PKG|Centify
18:43:01.14 (444440215)|ENTERING_MANAGED_PKG|Centify
18:43:01.14 (444478452)|ENTERING_MANAGED_PKG|Centify
18:43:01.14 (444580385)|ENTERING_MANAGED_PKG|Centify
18:43:01.14 (444792218)|ENTERING_MANAGED_PKG|Centify
18:43:01.14 (444982571)|ENTERING_MANAGED_PKG|Centify
18:43:01.14 (445141203)|ENTERING_MANAGED_PKG|Centify
18:43:01.14 (445266813)|ENTERING_MANAGED_PKG|Centify
18:43:01.14 (445378001)|ENTERING_MANAGED_PKG|Centify
18:43:01.14 (445488111)|ENTERING_MANAGED_PKG|Centify
18:43:01.14 (445599496)|ENTERING_MANAGED_PKG|Centify
18:43:01.14 (445755749)|ENTERING_MANAGED_PKG|Centify
18:43:01.14 (445931526)|ENTERING_MANAGED_PKG|Centify
18:43:01.14 (446035895)|ENTERING_MANAGED_PKG|Centify
18:43:01.14 (446142226)|ENTERING_MANAGED_PKG|Centify
18:43:01.14 (446265881)|ENTERING_MANAGED_PKG|Centify
18:43:01.14 (446436897)|ENTERING_MANAGED_PKG|Centify
18:43:01.14 (446620119)|ENTERING_MANAGED_PKG|Centify
18:43:01.14 (446802665)|ENTERING_MANAGED_PKG|Centify
18:43:01.14 (446985131)|ENTERING_MANAGED_PKG|Centify
18:43:01.14 (447165817)|ENTERING_MANAGED_PKG|Centify
18:43:01.14 (447304911)|ENTERING_MANAGED_PKG|Centify
18:43:01.14 (447498999)|ENTERING_MANAGED_PKG|Centify
18:43:01.14 (447656189)|ENTERING_MANAGED_PKG|Centify
18:43:01.14 (447774240)|ENTERING_MANAGED_PKG|Centify
18:43:01.14 (447811957)|ENTERING_MANAGED_PKG|Centify
18:43:01.14 (447843134)|ENTERING_MANAGED_PKG|Centify
18:43:01.14 (447866163)|ENTERING_MANAGED_PKG|Centify
18:43:01.14 (447914910)|ENTERING_MANAGED_PKG|Centify
18:43:01.14 (447958986)|ENTERING_MANAGED_PKG|Centify
18:43:01.14 (449623794)|ENTERING_MANAGED_PKG|Centify
18:43:01.14 (449659683)|ENTERING_MANAGED_PKG|Centify
18:43:01.14 (449686285)|ENTERING_MANAGED_PKG|Centify
18:43:01.14 (449757604)|ENTERING_MANAGED_PKG|Centify
18:43:01.14 (449830199)|ENTERING_MANAGED_PKG|Centify
18:43:01.14 (449928399)|ENTERING_MANAGED_PKG|Centify
18:43:01.14 (450004571)|ENTERING_MANAGED_PKG|Centify
18:43:01.14 (450030728)|ENTERING_MANAGED_PKG|Centify
18:43:01.14 (456417289)|ENTERING_MANAGED_PKG|Centify
18:43:01.14 (456693547)|ENTERING_MANAGED_PKG|Centify
18:43:01.14 (457232954)|ENTERING_MANAGED_PKG|Centify
18:43:01.14 (457826910)|ENTERING_MANAGED_PKG|Centify
18:43:01.14 (457890173)|ENTERING_MANAGED_PKG|Centify
18:43:01.14 (458014556)|ENTERING_MANAGED_PKG|Centify
18:43:01.14 (458060138)|ENTERING_MANAGED_PKG|Centify
18:43:01.14 (458167024)|ENTERING_MANAGED_PKG|Centify
18:43:01.14 (458306992)|ENTERING_MANAGED_PKG|Centify
18:43:01.14 (458419997)|ENTERING_MANAGED_PKG|Centify
18:43:01.14 (458530792)|ENTERING_MANAGED_PKG|Centify
18:43:01.14 (458640086)|ENTERING_MANAGED_PKG|Centify
18:43:01.14 (458748563)|ENTERING_MANAGED_PKG|Centify
18:43:01.14 (458855651)|ENTERING_MANAGED_PKG|Centify
18:43:01.14 (458965289)|ENTERING_MANAGED_PKG|Centify
18:43:01.14 (459074299)|ENTERING_MANAGED_PKG|Centify
18:43:01.14 (459184889)|ENTERING_MANAGED_PKG|Centify
18:43:01.14 (459300570)|ENTERING_MANAGED_PKG|Centify
18:43:01.14 (459409981)|ENTERING_MANAGED_PKG|Centify
18:43:01.14 (459518425)|ENTERING_MANAGED_PKG|Centify
18:43:01.14 (459627623)|ENTERING_MANAGED_PKG|Centify
18:43:01.14 (459736563)|ENTERING_MANAGED_PKG|Centify
18:43:01.14 (459846207)|ENTERING_MANAGED_PKG|Centify
18:43:01.14 (459948957)|ENTERING_MANAGED_PKG|Centify
18:43:01.14 (460053110)|ENTERING_MANAGED_PKG|Centify
18:43:01.14 (460168268)|ENTERING_MANAGED_PKG|Centify
18:43:01.14 (460298631)|ENTERING_MANAGED_PKG|Centify
18:43:01.14 (460409924)|ENTERING_MANAGED_PKG|Centify
18:43:01.14 (460521325)|ENTERING_MANAGED_PKG|Centify
18:43:01.14 (460631763)|ENTERING_MANAGED_PKG|Centify
18:43:01.14 (460740014)|ENTERING_MANAGED_PKG|Centify
18:43:01.14 (460850218)|ENTERING_MANAGED_PKG|Centify
18:43:01.14 (460960040)|ENTERING_MANAGED_PKG|Centify
18:43:01.14 (461068719)|ENTERING_MANAGED_PKG|Centify
18:43:01.14 (461177999)|ENTERING_MANAGED_PKG|Centify
18:43:01.14 (461291619)|ENTERING_MANAGED_PKG|Centify
18:43:01.14 (461400845)|ENTERING_MANAGED_PKG|Centify
18:43:01.14 (461510153)|ENTERING_MANAGED_PKG|Centify
18:43:01.14 (461618443)|ENTERING_MANAGED_PKG|Centify
18:43:01.14 (461728650)|ENTERING_MANAGED_PKG|Centify
18:43:01.14 (461842705)|ENTERING_MANAGED_PKG|Centify
18:43:01.14 (461878564)|ENTERING_MANAGED_PKG|Centify
18:43:01.14 (461929394)|ENTERING_MANAGED_PKG|Centify
18:43:01.14 (461952802)|ENTERING_MANAGED_PKG|Centify
18:43:01.14 (461998282)|ENTERING_MANAGED_PKG|Centify
18:43:01.14 (462039244)|ENTERING_MANAGED_PKG|Centify
18:43:01.14 (463475280)|ENTERING_MANAGED_PKG|Centify
18:43:01.14 (463505415)|ENTERING_MANAGED_PKG|Centify
18:43:01.14 (463530133)|ENTERING_MANAGED_PKG|Centify
18:43:01.14 (463577132)|ENTERING_MANAGED_PKG|Centify
18:43:01.14 (463686443)|ENTERING_MANAGED_PKG|Centify
18:43:01.14 (463752125)|ENTERING_MANAGED_PKG|Centify
18:43:01.14 (477922698)|ENTERING_MANAGED_PKG|Centify
18:43:01.14 (477971072)|ENTERING_MANAGED_PKG|Centify
18:43:01.14 (491711843)|ENTERING_MANAGED_PKG|Centify
18:43:01.14 (491755099)|ENTERING_MANAGED_PKG|Centify
18:43:01.14 (491831221)|ENTERING_MANAGED_PKG|Centify
18:43:01.14 (491860498)|ENTERING_MANAGED_PKG|Centify
18:43:01.14 (498684787)|ENTERING_MANAGED_PKG|Centify
18:43:01.14 (498910524)|ENTERING_MANAGED_PKG|Centify
18:43:01.14 (499315065)|ENTERING_MANAGED_PKG|Centify
18:43:01.14 (499756250)|ENTERING_MANAGED_PKG|Centify
18:43:01.14 (499799430)|ENTERING_MANAGED_PKG|Centify
18:43:01.14 (499889939)|ENTERING_MANAGED_PKG|Centify
18:43:01.14 (499928747)|ENTERING_MANAGED_PKG|Centify
18:43:01.14 (500028800)|ENTERING_MANAGED_PKG|Centify
18:43:01.14 (500165359)|ENTERING_MANAGED_PKG|Centify
18:43:01.14 (500285754)|ENTERING_MANAGED_PKG|Centify
18:43:01.14 (500397242)|ENTERING_MANAGED_PKG|Centify
18:43:01.14 (500508285)|ENTERING_MANAGED_PKG|Centify
18:43:01.14 (500618316)|ENTERING_MANAGED_PKG|Centify
18:43:01.14 (500727085)|ENTERING_MANAGED_PKG|Centify
18:43:01.14 (500834225)|ENTERING_MANAGED_PKG|Centify
18:43:01.14 (500942199)|ENTERING_MANAGED_PKG|Centify
18:43:01.14 (501049808)|ENTERING_MANAGED_PKG|Centify
18:43:01.14 (501156455)|ENTERING_MANAGED_PKG|Centify
18:43:01.14 (501258294)|ENTERING_MANAGED_PKG|Centify
18:43:01.14 (501364253)|ENTERING_MANAGED_PKG|Centify
18:43:01.14 (501480104)|ENTERING_MANAGED_PKG|Centify
18:43:01.14 (501589393)|ENTERING_MANAGED_PKG|Centify
18:43:01.14 (501698014)|ENTERING_MANAGED_PKG|Centify
18:43:01.14 (501810347)|ENTERING_MANAGED_PKG|Centify
18:43:01.14 (501920303)|ENTERING_MANAGED_PKG|Centify
18:43:01.14 (502029983)|ENTERING_MANAGED_PKG|Centify
18:43:01.14 (502139660)|ENTERING_MANAGED_PKG|Centify
18:43:01.14 (502253930)|ENTERING_MANAGED_PKG|Centify
18:43:01.14 (502364910)|ENTERING_MANAGED_PKG|Centify
18:43:01.14 (502473639)|ENTERING_MANAGED_PKG|Centify
18:43:01.14 (502580580)|ENTERING_MANAGED_PKG|Centify
18:43:01.14 (502614002)|ENTERING_MANAGED_PKG|Centify
18:43:01.14 (502645319)|ENTERING_MANAGED_PKG|Centify
18:43:01.14 (502667164)|ENTERING_MANAGED_PKG|Centify
18:43:01.14 (502710443)|ENTERING_MANAGED_PKG|Centify
18:43:01.14 (502752786)|ENTERING_MANAGED_PKG|Centify
18:43:01.14 (503957360)|ENTERING_MANAGED_PKG|Centify
18:43:01.14 (503989532)|ENTERING_MANAGED_PKG|Centify
18:43:01.14 (504014379)|ENTERING_MANAGED_PKG|Centify
18:43:01.14 (504082403)|ENTERING_MANAGED_PKG|Centify
18:43:01.14 (504136273)|ENTERING_MANAGED_PKG|Centify
18:43:01.14 (504183867)|ENTERING_MANAGED_PKG|Centify
18:43:01.14 (504415247)|ENTERING_MANAGED_PKG|Centify
18:43:01.14 (506704037)|ENTERING_MANAGED_PKG|Centify
18:43:01.14 (506762918)|ENTERING_MANAGED_PKG|Centify
18:43:01.14 (506895395)|ENTERING_MANAGED_PKG|Centify
18:43:01.14 (562549365)|ENTERING_MANAGED_PKG|Centify
18:43:01.14 (562644931)|ENTERING_MANAGED_PKG|Centify
18:43:01.14 (562742121)|ENTERING_MANAGED_PKG|Centify
18:43:01.14 (645921937)|ENTERING_MANAGED_PKG|Centify
18:43:01.14 (646044201)|ENTERING_MANAGED_PKG|Centify
18:43:01.14 (646162368)|ENTERING_MANAGED_PKG|Centify
18:43:01.14 (685623300)|ENTERING_MANAGED_PKG|Centify
18:43:01.14 (685718346)|ENTERING_MANAGED_PKG|Centify
18:43:01.14 (685814663)|ENTERING_MANAGED_PKG|Centify
18:43:01.14 (722356668)|ENTERING_MANAGED_PKG|Centify
18:43:01.14 (722445946)|ENTERING_MANAGED_PKG|Centify
18:43:01.14 (722534795)|ENTERING_MANAGED_PKG|Centify
18:43:01.14 (758976159)|ENTERING_MANAGED_PKG|Centify
18:43:01.14 (759066042)|ENTERING_MANAGED_PKG|Centify
18:43:01.14 (759165413)|ENTERING_MANAGED_PKG|Centify
18:43:01.14 (785885388)|ENTERING_MANAGED_PKG|Centify
18:43:01.14 (786019295)|ENTERING_MANAGED_PKG|Centify
18:43:01.14 (786125874)|ENTERING_MANAGED_PKG|Centify
18:43:01.14 (812472824)|ENTERING_MANAGED_PKG|Centify
18:43:01.14 (812620407)|ENTERING_MANAGED_PKG|Centify
18:43:01.14 (812764210)|ENTERING_MANAGED_PKG|Centify
18:43:01.14 (842289262)|ENTERING_MANAGED_PKG|Centify
18:43:01.14 (842449244)|ENTERING_MANAGED_PKG|Centify
18:43:01.14 (845276685)|ENTERING_MANAGED_PKG|Centify
18:43:01.14 (845363995)|ENTERING_MANAGED_PKG|Centify
18:43:01.14 (845527839)|ENTERING_MANAGED_PKG|Centify
18:43:01.14 (868517655)|ENTERING_MANAGED_PKG|Centify
18:43:01.14 (871449118)|ENTERING_MANAGED_PKG|Centify
18:43:01.14 (871587421)|ENTERING_MANAGED_PKG|Centify
18:43:01.14 (871758258)|ENTERING_MANAGED_PKG|Centify
18:43:01.14 (874116606)|ENTERING_MANAGED_PKG|Centify
18:43:01.14 (874184005)|ENTERING_MANAGED_PKG|Centify
18:43:01.14 (874286352)|ENTERING_MANAGED_PKG|Centify
18:43:01.14 (874838344)|ENTERING_MANAGED_PKG|Centify
18:43:01.14 (877320807)|SOQL_EXECUTE_BEGIN|[16]|Aggregations:0|SELECT Id, CronExpression, CronJobDetail.Name FROM CronTrigger WHERE CronJobDetail.Name LIKE '%Spinify%'
18:43:01.14 (883120539)|SOQL_EXECUTE_END|[16]|Rows:10
18:43:01.14 (883572561)|ENTERING_MANAGED_PKG|Centify
18:43:01.14 (883714138)|ENTERING_MANAGED_PKG|Centify
18:43:01.14 (883779077)|ENTERING_MANAGED_PKG|Centify
18:43:01.14 (884106970)|ENTERING_MANAGED_PKG|Centify
18:43:01.14 (884247686)|ENTERING_MANAGED_PKG|Centify
18:43:01.14 (884336986)|ENTERING_MANAGED_PKG|Centify
18:43:01.14 (884433689)|ENTERING_MANAGED_PKG|Centify
18:43:01.14 (885296220)|ENTERING_MANAGED_PKG|Centify
18:43:01.945 (945122221)|CUMULATIVE_LIMIT_USAGE
18:43:01.945 (945122221)|LIMIT_USAGE_FOR_NS|(default)|
  Number of SOQL queries: 0 out of 100
  Number of query rows: 0 out of 50000
  Number of SOSL queries: 0 out of 20
  Number of DML statements: 0 out of 150
  Number of DML rows: 0 out of 10000
  Maximum CPU time: 406 out of 10000
  Maximum heap size: 0 out of 6000000
  Number of callouts: 0 out of 100
  Number of Email Invocations: 0 out of 10
  Number of future calls: 0 out of 50
  Number of queueable jobs added to the queue: 0 out of 50
  Number of Mobile Apex push calls: 0 out of 10

18:43:01.945 (945122221)|LIMIT_USAGE_FOR_NS|Centify|
  Number of SOQL queries: 3 out of 100
  Number of query rows: 12 out of 50000
  Number of SOSL queries: 0 out of 20
  Number of DML statements: 1 out of 150
  Number of DML rows: 1 out of 10000
  Maximum CPU time: 0 out of 10000
  Maximum heap size: 0 out of 6000000
  Number of callouts: 0 out of 100
  Number of Email Invocations: 0 out of 10
  Number of future calls: 0 out of 50
  Number of queueable jobs added to the queue: 0 out of 50
  Number of Mobile Apex push calls: 0 out of 10

18:43:01.945 (945122221)|CUMULATIVE_LIMIT_USAGE_END

