37.0 APEX_CODE,FINEST;APEX_PROFILING,INFO;CALLOUT,INFO;DB,INFO;NBA,INFO;SYSTEM,DEBUG;VALIDATION,INFO;VISUALFORCE,INFO;WAVE,INFO;WORKFLOW,INFO
17:07:35.16 (16383186)|ENTERING_MANAGED_PKG|Centify
17:07:35.16 (17582555)|ENTERING_MANAGED_PKG|Centify
17:07:35.16 (17631812)|ENTERING_MANAGED_PKG|Centify
17:07:35.16 (17804657)|ENTERING_MANAGED_PKG|Centify
17:07:35.16 (17867466)|ENTERING_MANAGED_PKG|Centify
17:07:35.16 (18638654)|ENTERING_MANAGED_PKG|Centify
17:07:35.16 (18973994)|ENTERING_MANAGED_PKG|Centify
17:07:35.16 (19006058)|ENTERING_MANAGED_PKG|Centify
17:07:35.16 (19090513)|ENTERING_MANAGED_PKG|Centify
17:07:35.16 (19140257)|ENTERING_MANAGED_PKG|Centify
17:07:35.16 (19180034)|ENTERING_MANAGED_PKG|Centify
17:07:35.16 (19203165)|ENTERING_MANAGED_PKG|Centify
17:07:35.16 (19223453)|ENTERING_MANAGED_PKG|Centify
17:07:35.16 (19432517)|ENTERING_MANAGED_PKG|Centify
17:07:35.16 (57825427)|ENTERING_MANAGED_PKG|Centify
17:07:35.16 (57919587)|ENTERING_MANAGED_PKG|Centify
17:07:35.16 (58062162)|ENTERING_MANAGED_PKG|Centify
17:07:35.16 (58115423)|ENTERING_MANAGED_PKG|Centify
17:07:35.16 (296854238)|ENTERING_MANAGED_PKG|Centify
17:07:35.16 (358101897)|ENTERING_MANAGED_PKG|Centify
17:07:35.16 (372380469)|ENTERING_MANAGED_PKG|Centify
17:07:35.16 (372443887)|ENTERING_MANAGED_PKG|Centify
17:07:35.16 (372533599)|ENTERING_MANAGED_PKG|Centify
17:07:35.16 (372575727)|ENTERING_MANAGED_PKG|Centify
17:07:35.16 (372651959)|ENTERING_MANAGED_PKG|Centify
17:07:35.16 (407236281)|ENTERING_MANAGED_PKG|Centify
17:07:35.16 (423203504)|ENTERING_MANAGED_PKG|Centify
17:07:35.16 (423269608)|ENTERING_MANAGED_PKG|Centify
17:07:35.16 (423356295)|ENTERING_MANAGED_PKG|Centify
17:07:35.16 (423397468)|ENTERING_MANAGED_PKG|Centify
17:07:35.16 (423473174)|ENTERING_MANAGED_PKG|Centify
17:07:35.16 (457633407)|ENTERING_MANAGED_PKG|Centify
17:07:35.16 (474037987)|ENTERING_MANAGED_PKG|Centify
17:07:35.16 (474103898)|ENTERING_MANAGED_PKG|Centify
17:07:35.16 (474198103)|ENTERING_MANAGED_PKG|Centify
17:07:35.16 (474240240)|ENTERING_MANAGED_PKG|Centify
17:07:35.16 (474316600)|ENTERING_MANAGED_PKG|Centify
17:07:35.16 (510160884)|ENTERING_MANAGED_PKG|Centify
17:07:35.16 (527262992)|ENTERING_MANAGED_PKG|Centify
17:07:35.16 (527335944)|ENTERING_MANAGED_PKG|Centify
17:07:35.16 (527442787)|ENTERING_MANAGED_PKG|Centify
17:07:35.16 (527482540)|ENTERING_MANAGED_PKG|Centify
17:07:35.16 (527569070)|ENTERING_MANAGED_PKG|Centify
17:07:35.16 (563424407)|ENTERING_MANAGED_PKG|Centify
17:07:35.16 (579750980)|ENTERING_MANAGED_PKG|Centify
17:07:35.16 (579815992)|ENTERING_MANAGED_PKG|Centify
17:07:35.16 (579905956)|ENTERING_MANAGED_PKG|Centify
17:07:35.16 (579944109)|ENTERING_MANAGED_PKG|Centify
17:07:35.16 (580020281)|ENTERING_MANAGED_PKG|Centify
17:07:35.16 (614834978)|ENTERING_MANAGED_PKG|Centify
17:07:35.16 (632815736)|ENTERING_MANAGED_PKG|Centify
17:07:35.16 (632877007)|ENTERING_MANAGED_PKG|Centify
17:07:35.16 (632971644)|ENTERING_MANAGED_PKG|Centify
17:07:35.16 (633010122)|ENTERING_MANAGED_PKG|Centify
17:07:35.16 (633090858)|ENTERING_MANAGED_PKG|Centify
17:07:35.16 (668100457)|ENTERING_MANAGED_PKG|Centify
17:07:35.16 (684569044)|ENTERING_MANAGED_PKG|Centify
17:07:35.16 (684636233)|ENTERING_MANAGED_PKG|Centify
17:07:35.16 (684734316)|ENTERING_MANAGED_PKG|Centify
17:07:35.16 (684772302)|ENTERING_MANAGED_PKG|Centify
17:07:35.16 (684851451)|ENTERING_MANAGED_PKG|Centify
17:07:35.16 (720807923)|ENTERING_MANAGED_PKG|Centify
17:07:35.16 (737986879)|ENTERING_MANAGED_PKG|Centify
17:07:35.16 (738043250)|ENTERING_MANAGED_PKG|Centify
17:07:35.16 (738125125)|ENTERING_MANAGED_PKG|Centify
17:07:35.16 (738167621)|ENTERING_MANAGED_PKG|Centify
17:07:35.16 (738235924)|ENTERING_MANAGED_PKG|Centify
17:07:35.16 (769139820)|ENTERING_MANAGED_PKG|Centify
17:07:35.16 (784808771)|ENTERING_MANAGED_PKG|Centify
17:07:35.16 (784865997)|ENTERING_MANAGED_PKG|Centify
17:07:35.16 (784948275)|ENTERING_MANAGED_PKG|Centify
17:07:35.16 (784982920)|ENTERING_MANAGED_PKG|Centify
17:07:35.16 (785049109)|ENTERING_MANAGED_PKG|Centify
17:07:35.16 (816095044)|ENTERING_MANAGED_PKG|Centify
17:07:35.16 (831240374)|ENTERING_MANAGED_PKG|Centify
17:07:35.16 (831537427)|ENTERING_MANAGED_PKG|Centify
17:07:35.16 (844023268)|ENTERING_MANAGED_PKG|Centify
17:07:35.16 (844110665)|ENTERING_MANAGED_PKG|Centify
17:07:35.16 (846328807)|ENTERING_MANAGED_PKG|Centify
17:07:35.16 (846393888)|ENTERING_MANAGED_PKG|Centify
17:07:35.16 (846455311)|ENTERING_MANAGED_PKG|Centify
17:07:35.16 (846541826)|ENTERING_MANAGED_PKG|Centify
17:07:35.16 (850204573)|SOQL_EXECUTE_BEGIN|[19]|Aggregations:0|SELECT Id, OrganizationType FROM Organization LIMIT 1
17:07:35.16 (853678439)|SOQL_EXECUTE_END|[19]|Rows:1
17:07:35.16 (872837447)|ENTERING_MANAGED_PKG|Centify
17:07:35.16 (872898647)|ENTERING_MANAGED_PKG|Centify
17:07:35.16 (873067200)|ENTERING_MANAGED_PKG|Centify
17:07:35.16 (873110968)|ENTERING_MANAGED_PKG|Centify
17:07:35.16 (873146234)|ENTERING_MANAGED_PKG|Centify
17:07:35.16 (873400829)|ENTERING_MANAGED_PKG|Centify
17:07:35.16 (873478131)|ENTERING_MANAGED_PKG|Centify
17:07:35.16 (886811155)|ENTERING_MANAGED_PKG|Centify
17:07:35.16 (887046752)|ENTERING_MANAGED_PKG|Centify
17:07:35.16 (887941650)|ENTERING_MANAGED_PKG|Centify
17:07:35.16 (888982280)|SOQL_EXECUTE_BEGIN|[16]|Aggregations:0|select id,lastmodifieddate,isdeleted,name,createddate,ownerid,status,isconverted,converteddate,company from Lead where LastModifiedDate >2018-11-21T05:26:56Z AND LastModifiedDate < 2018-11-21T07:07:41Z  ORDER BY SystemModStamp DESC LIMIT 5000  ALL ROWS
17:07:35.16 (895629232)|SOQL_EXECUTE_END|[16]|Rows:0
17:07:35.925 (925383292)|CUMULATIVE_LIMIT_USAGE
17:07:35.925 (925383292)|LIMIT_USAGE_FOR_NS|(default)|
  Number of SOQL queries: 0 out of 200
  Number of query rows: 0 out of 50000
  Number of SOSL queries: 0 out of 20
  Number of DML statements: 0 out of 150
  Number of DML rows: 0 out of 10000
  Maximum CPU time: 0 out of 60000
  Maximum heap size: 0 out of 12000000
  Number of callouts: 0 out of 0
  Number of Email Invocations: 0 out of 10
  Number of future calls: 0 out of 0
  Number of queueable jobs added to the queue: 0 out of 1
  Number of Mobile Apex push calls: 0 out of 10

17:07:35.925 (925383292)|LIMIT_USAGE_FOR_NS|Centify|
  Number of SOQL queries: 0 out of 200
  Number of query rows: 0 out of 50000
  Number of SOSL queries: 0 out of 20
  Number of DML statements: 0 out of 150
  Number of DML rows: 0 out of 10000
  Maximum CPU time: 0 out of 60000
  Maximum heap size: 0 out of 12000000
  Number of callouts: 0 out of 0
  Number of Email Invocations: 0 out of 10
  Number of future calls: 0 out of 0
  Number of queueable jobs added to the queue: 0 out of 1
  Number of Mobile Apex push calls: 0 out of 10

17:07:35.925 (925383292)|CUMULATIVE_LIMIT_USAGE_END

