36.0 APEX_CODE,FINEST;APEX_PROFILING,INFO;CALLOUT,INFO;DB,INFO;NBA,INFO;SYSTEM,DEBUG;VALIDATION,INFO;VISUALFORCE,INFO;WAVE,INFO;WORKFLOW,INFO
11:41:20.0 (136678)|USER_INFO|[EXTERNAL]|00590000000Vmmq|ben@bjbglobal.com.au|Australian Eastern Standard Time|GMT+10:00
11:41:20.0 (189378)|EXECUTION_STARTED
11:41:20.0 (196039)|CODE_UNIT_STARTED|[EXTERNAL]|TRIGGERS
11:41:20.0 (239303)|CODE_UNIT_STARTED|[EXTERNAL]|01q6F000001IGJa|LinkCaseCallstoContact on Task trigger event BeforeInsert|__sfdc_trigger/LinkCaseCallstoContact
11:41:20.0 (277656)|HEAP_ALLOCATE|[EXTERNAL]|Bytes:8
11:41:20.0 (733166)|HEAP_ALLOCATE|[72]|Bytes:3
11:41:20.0 (766265)|HEAP_ALLOCATE|[77]|Bytes:152
11:41:20.0 (782048)|HEAP_ALLOCATE|[342]|Bytes:408
11:41:20.0 (798029)|HEAP_ALLOCATE|[355]|Bytes:408
11:41:20.0 (810640)|HEAP_ALLOCATE|[467]|Bytes:48
11:41:20.0 (837159)|HEAP_ALLOCATE|[139]|Bytes:6
11:41:20.0 (853547)|HEAP_ALLOCATE|[EXTERNAL]|Bytes:6
11:41:20.0 (866592)|HEAP_ALLOCATE|[EXTERNAL]|Bytes:4
11:41:20.0 (875134)|VARIABLE_SCOPE_BEGIN|[1]|this|LinkCaseCallstoContact|true|false
11:41:20.0 (924546)|VARIABLE_ASSIGNMENT|[1]|this|{}|0x38e6180b
11:41:20.0 (1027596)|HEAP_ALLOCATE|[EXTERNAL]|Bytes:4
11:41:20.0 (1038592)|VARIABLE_SCOPE_BEGIN|[1]|this|LinkCaseCallstoContact|true|false
11:41:20.0 (1056206)|VARIABLE_ASSIGNMENT|[1]|this|{}|0x38e6180b
11:41:20.0 (1067299)|STATEMENT_EXECUTE|[1]
11:41:20.0 (1104947)|HEAP_ALLOCATE|[50]|Bytes:5
11:41:20.0 (1132069)|HEAP_ALLOCATE|[56]|Bytes:5
11:41:20.0 (1143311)|HEAP_ALLOCATE|[64]|Bytes:7
11:41:20.0 (1563177)|HEAP_ALLOCATE|[2]|Bytes:5
11:41:20.0 (1610346)|HEAP_ALLOCATE|[2]|Bytes:4
11:41:20.0 (1627531)|VARIABLE_SCOPE_BEGIN|[2]|tsk|Task|true|false
11:41:20.0 (11164498)|VARIABLE_ASSIGNMENT|[2]|tsk|{"CallType":"Outbound","IsHighPriority":false,"IsClosed":false,"NVMStatsSF__NVM_Agent__c":"42","Is_Mobile_Number__c":true,"OwnerId":"0056F000008mXeBQAU","IsToday__c":false,"IsReminderSet":false,"Status":"Completed","IsDeleted":false,"WhoId":"0036F00002IhitRQAR","NVMContactWorld__CW_Call_Start_Time__c":"2018-10-23T01:41:19.000Z","ActivityDate":"2018-10-23T00:00:00.000Z","Priority":"Normal","IsVisibleInSelfService":false,"NVMContactWorld__Was_Call_Recorded__c":false,"CurrencyIsoCode":"AUD","IsRecurrence":false,"Subject":"Outbound call to +61 (9 more) ...","IsArchived":false,"CallObject":"01669e95-579a-bc54-c (16 more) ...","NVMContactWorld__Customer_Number__c":"+61408500048","NVMContactWorld__ContactWorld_Number__c":"61731530806","Day_of_the_Week__c":"Tuesday","Call_Duration_min__c":0.00,"Call_Monitored__c":false}|0x46925082
11:41:20.0 (11192309)|STATEMENT_EXECUTE|[2]
11:41:20.0 (11221212)|STATEMENT_EXECUTE|[4]
11:41:20.0 (11259853)|HEAP_ALLOCATE|[2]|Bytes:5
11:41:20.0 (11287212)|VARIABLE_ASSIGNMENT|[2]|tsk|null|
11:41:20.11 (11299764)|CUMULATIVE_LIMIT_USAGE
11:41:20.11 (11299764)|LIMIT_USAGE_FOR_NS|(default)|
  Number of SOQL queries: 0 out of 100
  Number of query rows: 0 out of 50000
  Number of SOSL queries: 0 out of 20
  Number of DML statements: 0 out of 150
  Number of DML rows: 0 out of 10000
  Maximum CPU time: 0 out of 10000
  Maximum heap size: 0 out of 6000000
  Number of callouts: 0 out of 100
  Number of Email Invocations: 0 out of 10
  Number of future calls: 0 out of 50
  Number of queueable jobs added to the queue: 0 out of 50
  Number of Mobile Apex push calls: 0 out of 10

11:41:20.11 (11299764)|CUMULATIVE_LIMIT_USAGE_END

11:41:20.0 (13002533)|CODE_UNIT_FINISHED|LinkCaseCallstoContact on Task trigger event BeforeInsert|__sfdc_trigger/LinkCaseCallstoContact
11:41:20.0 (16570250)|CODE_UNIT_STARTED|[EXTERNAL]|01q6F000001IKsI|TaskTrigger on Task trigger event BeforeInsert|__sfdc_trigger/TaskTrigger
11:41:20.0 (16615916)|HEAP_ALLOCATE|[EXTERNAL]|Bytes:8
11:41:20.0 (16716780)|HEAP_ALLOCATE|[EXTERNAL]|Bytes:4
11:41:20.0 (16729724)|VARIABLE_SCOPE_BEGIN|[5]|this|TaskTrigger|true|false
11:41:20.0 (16771232)|VARIABLE_ASSIGNMENT|[5]|this|{}|0x30f7627
11:41:20.0 (16828969)|HEAP_ALLOCATE|[EXTERNAL]|Bytes:4
11:41:20.0 (16835678)|VARIABLE_SCOPE_BEGIN|[5]|this|TaskTrigger|true|false
11:41:20.0 (16848303)|VARIABLE_ASSIGNMENT|[5]|this|{}|0x30f7627
11:41:20.0 (16856481)|STATEMENT_EXECUTE|[5]
11:41:20.0 (16880710)|STATEMENT_EXECUTE|[6]
11:41:20.0 (16882491)|STATEMENT_EXECUTE|[7]
11:41:20.0 (18874764)|VARIABLE_SCOPE_BEGIN|[2]|TaskHelper.TASK_STATUS|String|false|true
11:41:20.0 (18889615)|VARIABLE_SCOPE_BEGIN|[3]|TaskHelper.TASK_SUBJECT|String|false|true
11:41:20.0 (18897767)|VARIABLE_SCOPE_BEGIN|[4]|TaskHelper.TASK_TYPE|String|false|true
11:41:20.0 (18945929)|HEAP_ALLOCATE|[7]|Bytes:4
11:41:20.0 (18955450)|HEAP_ALLOCATE|[7]|Bytes:2
11:41:20.0 (18973285)|METHOD_ENTRY|[1]|01p6F000009rWtF|TaskHelper.TaskHelper()
11:41:20.0 (18979342)|STATEMENT_EXECUTE|[1]
11:41:20.0 (18983370)|STATEMENT_EXECUTE|[1]
11:41:20.0 (18984933)|STATEMENT_EXECUTE|[2]
11:41:20.0 (18996860)|HEAP_ALLOCATE|[2]|Bytes:9
11:41:20.0 (19017171)|VARIABLE_ASSIGNMENT|[2]|TaskHelper.TASK_STATUS|"Completed"
11:41:20.0 (19022444)|STATEMENT_EXECUTE|[3]
11:41:20.0 (19028176)|HEAP_ALLOCATE|[3]|Bytes:16
11:41:20.0 (19036795)|VARIABLE_ASSIGNMENT|[3]|TaskHelper.TASK_SUBJECT|"Outbound call to"
11:41:20.0 (19040957)|STATEMENT_EXECUTE|[4]
11:41:20.0 (19045208)|HEAP_ALLOCATE|[4]|Bytes:8
11:41:20.0 (19051976)|VARIABLE_ASSIGNMENT|[4]|TaskHelper.TASK_TYPE|"Outbound"
11:41:20.0 (19060404)|METHOD_EXIT|[1]|TaskHelper
11:41:20.0 (19073193)|HEAP_ALLOCATE|[7]|Bytes:4
11:41:20.0 (19086854)|CONSTRUCTOR_ENTRY|[7]|01p6F000009rWtF|<init>()|TaskHelper
11:41:20.0 (19115794)|VARIABLE_SCOPE_BEGIN|[1]|this|TaskHelper|true|false
11:41:20.0 (19137947)|VARIABLE_ASSIGNMENT|[1]|this|{}|0x7e4458ea
11:41:20.0 (19150019)|HEAP_ALLOCATE|[EXTERNAL]|Bytes:6
11:41:20.0 (19185623)|STATEMENT_EXECUTE|[1]
11:41:20.0 (19191036)|CONSTRUCTOR_EXIT|[7]|01p6F000009rWtF|<init>()|TaskHelper
11:41:20.0 (19199063)|VARIABLE_SCOPE_BEGIN|[7]|helper|TaskHelper|true|false
11:41:20.0 (19215696)|VARIABLE_ASSIGNMENT|[7]|helper|{}|0x7e4458ea
11:41:20.0 (19221358)|STATEMENT_EXECUTE|[8]
11:41:20.0 (19273047)|METHOD_ENTRY|[8]|01p6F000009rWtF|TaskHelper.setupContactToReurnCallTasks(List<Task>)
11:41:20.0 (19295602)|VARIABLE_SCOPE_BEGIN|[11]|this|TaskHelper|true|false
11:41:20.0 (19309003)|VARIABLE_ASSIGNMENT|[11]|this|{}|0x7e4458ea
11:41:20.0 (19322873)|VARIABLE_SCOPE_BEGIN|[11]|newTasks|List<Task>|true|false
11:41:20.0 (20673321)|VARIABLE_ASSIGNMENT|[11]|newTasks|[{"CallType":"Outbound","IsHighPriority":false,"IsClosed":false,"NVMStatsSF__NVM_Agent__c":"42","Is_Mobile_Number__c":true,"OwnerId":"0056F000008mXeBQAU","IsToday__c":false,"IsReminderSet":false,"Status":"Completed","IsDeleted":false,"WhoId":"0036F00002IhitRQAR","NVMContactWorld__CW_Call_Start_Time__c":"2018-10-23T01:41:19.000Z","ActivityDate":"2018-10-23T00:00:00.000Z","Priority":"Normal","IsVisibleInSelfService":false,"NVMContactWorld__Was_Call_Recorded__c":false,"CurrencyIsoCode":"AUD","IsRecurrence":false,"Subject":"Outbound call to +61 (9 more) ...","IsArchived":false,"CallObject":"01669e95-579a-bc54-c (16 more) ...","NVMContactWorld__Customer_Number__c":"+61408500048","NVMContactWorld__ContactWorld_Number__c":"61731530806","Day_of_the_Week__c":"Tuesday","Call_Duration_min__c":0.00,"Call_Monitored__c":false}]|0x6c2fa47a
11:41:20.0 (20695177)|STATEMENT_EXECUTE|[11]
11:41:20.0 (20697336)|STATEMENT_EXECUTE|[12]
11:41:20.0 (20721461)|HEAP_ALLOCATE|[12]|Bytes:4
11:41:20.0 (20769727)|VARIABLE_SCOPE_BEGIN|[12]|voicemailIds|List<Id>|true|false
11:41:20.0 (20798014)|HEAP_ALLOCATE|[EXTERNAL]|Bytes:4
11:41:20.0 (20809369)|VARIABLE_ASSIGNMENT|[12]|voicemailIds|[]|0x3070321d
11:41:20.0 (20815610)|STATEMENT_EXECUTE|[13]
11:41:20.0 (20835703)|HEAP_ALLOCATE|[13]|Bytes:4
11:41:20.0 (20849005)|VARIABLE_SCOPE_BEGIN|[13]|contactIds|Map<Id,Id>|true|false
11:41:20.0 (20865710)|VARIABLE_ASSIGNMENT|[13]|contactIds|{}|0x6ceacc0b
11:41:20.0 (20870736)|STATEMENT_EXECUTE|[14]
11:41:20.0 (20883946)|HEAP_ALLOCATE|[14]|Bytes:4
11:41:20.0 (20903269)|VARIABLE_SCOPE_BEGIN|[14]|results|List<Task>|true|false
11:41:20.0 (20912052)|HEAP_ALLOCATE|[EXTERNAL]|Bytes:4
11:41:20.0 (20918932)|VARIABLE_ASSIGNMENT|[14]|results|[]|0x75d0091b
11:41:20.0 (20962857)|HEAP_ALLOCATE|[16]|Bytes:5
11:41:20.0 (20979806)|HEAP_ALLOCATE|[16]|Bytes:4
11:41:20.0 (20990001)|VARIABLE_SCOPE_BEGIN|[16]|item|Task|true|false
11:41:20.0 (21741176)|VARIABLE_ASSIGNMENT|[16]|item|{"CallType":"Outbound","IsHighPriority":false,"IsClosed":false,"NVMStatsSF__NVM_Agent__c":"42","Is_Mobile_Number__c":true,"OwnerId":"0056F000008mXeBQAU","IsToday__c":false,"IsReminderSet":false,"Status":"Completed","IsDeleted":false,"WhoId":"0036F00002IhitRQAR","NVMContactWorld__CW_Call_Start_Time__c":"2018-10-23T01:41:19.000Z","ActivityDate":"2018-10-23T00:00:00.000Z","Priority":"Normal","IsVisibleInSelfService":false,"NVMContactWorld__Was_Call_Recorded__c":false,"CurrencyIsoCode":"AUD","IsRecurrence":false,"Subject":"Outbound call to +61 (9 more) ...","IsArchived":false,"CallObject":"01669e95-579a-bc54-c (16 more) ...","NVMContactWorld__Customer_Number__c":"+61408500048","NVMContactWorld__ContactWorld_Number__c":"61731530806","Day_of_the_Week__c":"Tuesday","Call_Duration_min__c":0.00,"Call_Monitored__c":false}|0x46925082
11:41:20.0 (21758793)|STATEMENT_EXECUTE|[16]
11:41:20.0 (21906904)|STATEMENT_EXECUTE|[17]
11:41:20.0 (21927341)|HEAP_ALLOCATE|[16]|Bytes:5
11:41:20.0 (21944258)|VARIABLE_ASSIGNMENT|[16]|item|null|
11:41:20.0 (21950244)|STATEMENT_EXECUTE|[28]
11:41:20.0 (21956780)|HEAP_ALLOCATE|[28]|Bytes:72
11:41:20.0 (21975306)|HEAP_ALLOCATE|[28]|Bytes:4
11:41:20.0 (21986584)|HEAP_ALLOCATE|[28]|Bytes:7
11:41:20.0 (22642596)|SOQL_EXECUTE_BEGIN|[28]|Aggregations:0|SELECT Id, Account__c, Contact__c FROM Voicemail__c WHERE id IN :tmpVar1
11:41:20.0 (25898681)|SOQL_EXECUTE_END|[28]|Rows:0
11:41:20.0 (25926532)|HEAP_ALLOCATE|[28]|Bytes:4
11:41:20.0 (25939658)|HEAP_ALLOCATE|[28]|Bytes:0
11:41:20.0 (26008077)|HEAP_ALLOCATE|[28]|Bytes:4
11:41:20.0 (26025879)|VARIABLE_SCOPE_BEGIN|[28]|voicemails|List<Voicemail__c>|true|false
11:41:20.0 (26045882)|VARIABLE_ASSIGNMENT|[28]|voicemails|[]|0x7a0a15dc
11:41:20.0 (26229368)|HEAP_ALLOCATE|[29]|Bytes:5
11:41:20.0 (26250049)|VARIABLE_ASSIGNMENT|[29]|item|null|
11:41:20.0 (26256847)|STATEMENT_EXECUTE|[29]
11:41:20.0 (26294268)|HEAP_ALLOCATE|[34]|Bytes:5
11:41:20.0 (26310909)|HEAP_ALLOCATE|[34]|Bytes:4
11:41:20.0 (26319106)|VARIABLE_SCOPE_BEGIN|[34]|item|Task|true|false
11:41:20.0 (27636719)|VARIABLE_ASSIGNMENT|[34]|item|{"CallType":"Outbound","IsHighPriority":false,"IsClosed":false,"NVMStatsSF__NVM_Agent__c":"42","Is_Mobile_Number__c":true,"OwnerId":"0056F000008mXeBQAU","IsToday__c":false,"IsReminderSet":false,"Status":"Completed","IsDeleted":false,"WhoId":"0036F00002IhitRQAR","NVMContactWorld__CW_Call_Start_Time__c":"2018-10-23T01:41:19.000Z","ActivityDate":"2018-10-23T00:00:00.000Z","Priority":"Normal","IsVisibleInSelfService":false,"NVMContactWorld__Was_Call_Recorded__c":false,"CurrencyIsoCode":"AUD","IsRecurrence":false,"Subject":"Outbound call to +61 (9 more) ...","IsArchived":false,"CallObject":"01669e95-579a-bc54-c (16 more) ...","NVMContactWorld__Customer_Number__c":"+61408500048","NVMContactWorld__ContactWorld_Number__c":"61731530806","Day_of_the_Week__c":"Tuesday","Call_Duration_min__c":0.00,"Call_Monitored__c":false}|0x46925082
11:41:20.0 (27666796)|STATEMENT_EXECUTE|[34]
11:41:20.0 (27670039)|STATEMENT_EXECUTE|[35]
11:41:20.0 (29044347)|VARIABLE_ASSIGNMENT|[35]|this.WhoId|null|0x46925082
11:41:20.0 (29081384)|HEAP_ALLOCATE|[34]|Bytes:5
11:41:20.0 (29109730)|VARIABLE_ASSIGNMENT|[34]|item|null|
11:41:20.0 (29126744)|METHOD_EXIT|[8]|01p6F000009rWtF|TaskHelper.setupContactToReurnCallTasks(List<Task>)
11:41:20.29 (29145958)|CUMULATIVE_LIMIT_USAGE
11:41:20.29 (29145958)|LIMIT_USAGE_FOR_NS|(default)|
  Number of SOQL queries: 1 out of 100
  Number of query rows: 0 out of 50000
  Number of SOSL queries: 0 out of 20
  Number of DML statements: 0 out of 150
  Number of DML rows: 0 out of 10000
  Maximum CPU time: 0 out of 10000
  Maximum heap size: 0 out of 6000000
  Number of callouts: 0 out of 100
  Number of Email Invocations: 0 out of 10
  Number of future calls: 0 out of 50
  Number of queueable jobs added to the queue: 0 out of 50
  Number of Mobile Apex push calls: 0 out of 10

11:41:20.29 (29145958)|CUMULATIVE_LIMIT_USAGE_END

11:41:20.0 (30465901)|CODE_UNIT_FINISHED|TaskTrigger on Task trigger event BeforeInsert|__sfdc_trigger/TaskTrigger
11:41:20.0 (34638558)|CODE_UNIT_STARTED|[EXTERNAL]|Validation:Task:new
11:41:20.0 (34658687)|VALIDATION_RULE|03d6F000000qFaO|Finish_all_call_monitor_field
11:41:20.0 (35061292)|VALIDATION_FORMULA|AND(!ISBLANK(Monitored_By__c),
    OR(ISBLANK( TEXT(CM_advised_what_will_happen_next__c)),
       ISBLANK( TEXT(Allow_customer_to_present_concerns__c) ),
       ISBLANK( TEXT(Communication_is_clear_positive_confiden__c) ),
       ISBLANK( TEXT(Demonstrate_active_listening__c )),
       ISBLANK( TEXT(Gave_correct_answers_and_infomations__c) ),
       ISBLANK( TEXT(Mirrors_clients_talking_behaviour__c) ) ))|CM_advised_what_will_happen_next__c=null , Demonstrate_active_listening__c=null , Communication_is_clear_positive_confiden__c=null , Allow_customer_to_present_concerns__c=null , Gave_correct_answers_and_infomations__c=null , Mirrors_clients_talking_behaviour__c=null , Monitored_By__c=null
11:41:20.0 (35075716)|VALIDATION_PASS
11:41:20.0 (35078427)|VALIDATION_RULE|03d900000009JbB|Interac_Quality_Must_Be_Between_1_and_10
11:41:20.0 (35157672)|VALIDATION_FORMULA|NVMContactWorld__InteractionQuality__c < 1  &#124;&#124;  NVMContactWorld__InteractionQuality__c > 10|NVMContactWorld__InteractionQuality__c=null
11:41:20.0 (35166539)|VALIDATION_PASS
11:41:20.0 (35371771)|CODE_UNIT_FINISHED|Validation:Task:new
11:41:20.0 (81708255)|CODE_UNIT_STARTED|[EXTERNAL]|Workflow:Task
11:41:20.0 (92695919)|WF_RULE_EVAL_BEGIN|Workflow
11:41:20.0 (92732474)|WF_CRITERIA_BEGIN|[Task:  00T6F0000525hja]|Update Call Monitor Details|01Q6F0000002Tdt|ON_CREATE_OR_TRIGGERING_UPDATE|0
11:41:20.0 (95155373)|WF_RULE_FILTER|[Task : Monitored By not equal to ]
11:41:20.0 (95175993)|WF_RULE_EVAL_VALUE|
11:41:20.0 (95179442)|WF_CRITERIA_END|false
11:41:20.0 (95191109)|WF_CRITERIA_BEGIN|[Task:  00T6F0000525hja]|Update_Callback_Request_Due_Date3016F0000005i0e|01Q6F0000019gyq|ON_CREATE_ONLY|0
11:41:20.0 (95305602)|WF_FORMULA|Formula:ENCODED:[treatNullAsNull]true|Values:
11:41:20.0 (95314553)|WF_CRITERIA_END|true
11:41:20.0 (96138971)|WF_CRITERIA_BEGIN|[Task:  00T6F0000525hja]|Call Back Request From LinX|01Q6F000001EY2L|ON_CREATE_OR_TRIGGERING_UPDATE|0
11:41:20.0 (96199795)|WF_RULE_FILTER|[Task : Subject equals Callback Request]
11:41:20.0 (96215393)|WF_RULE_EVAL_VALUE|Outbound call to +61408500048
11:41:20.0 (96219702)|WF_CRITERIA_END|false
11:41:20.0 (96230155)|WF_CRITERIA_BEGIN|[Task:  00T6F0000525hja]|Call_Monitor3016F00000054R3|01Q6F000000oOu7|ON_ALL_CHANGES|0
11:41:20.0 (96273568)|WF_FORMULA|Formula:ENCODED:[treatNullAsNull]true|Values:
11:41:20.0 (96279666)|WF_CRITERIA_END|true
11:41:20.0 (96298798)|WF_SPOOL_ACTION_BEGIN|Workflow
11:41:20.0 (96324985)|WF_ACTION| Flow Trigger: 2;
11:41:20.0 (96331028)|WF_RULE_EVAL_END
11:41:20.0 (96413654)|WF_FLOW_ACTION_BEGIN|09L6F000000PWtL
11:41:20.97 (97966786)|FLOW_CREATE_INTERVIEW_BEGIN|00D90000000IJSa|3006F00000091km|3016F0000005i0e
11:41:20.97 (98692207)|FLOW_CREATE_INTERVIEW_END|94806d384deaaac35a0931571fae1669e7a43b7-6870|Update Callback Request Due Date
11:41:20.99 (99116323)|FLOW_START_INTERVIEWS_BEGIN|1
11:41:20.99 (99135322)|FLOW_START_INTERVIEW_BEGIN|94806d384deaaac35a0931571fae1669e7a43b7-6870|Update Callback Request Due Date
11:41:20.99 (101477080)|FLOW_START_INTERVIEW_END|94806d384deaaac35a0931571fae1669e7a43b7-6870|Update Callback Request Due Date
11:41:20.99 (101498625)|FLOW_START_INTERVIEWS_END|1
11:41:20.0 (102865247)|WF_FLOW_ACTION_END|09L6F000000PWtL
11:41:20.0 (102898296)|WF_FLOW_ACTION_BEGIN|09L6F000000PGTV
11:41:20.104 (104462372)|FLOW_CREATE_INTERVIEW_BEGIN|00D90000000IJSa|3006F0000008usA|3016F00000054R3
11:41:20.104 (105231445)|FLOW_CREATE_INTERVIEW_END|94816d384deaaac35a0931571fae1669e7a43b7-6871|Call Monitoring
11:41:20.105 (105651451)|FLOW_START_INTERVIEWS_BEGIN|1
11:41:20.105 (105670912)|FLOW_START_INTERVIEW_BEGIN|94816d384deaaac35a0931571fae1669e7a43b7-6871|Call Monitoring
11:41:20.105 (107970080)|FLOW_START_INTERVIEW_END|94816d384deaaac35a0931571fae1669e7a43b7-6871|Call Monitoring
11:41:20.105 (107993344)|FLOW_START_INTERVIEWS_END|1
11:41:20.0 (108703162)|WF_FLOW_ACTION_END|09L6F000000PGTV
11:41:20.0 (108827783)|WF_ACTIONS_END| Flow Trigger: 2;
11:41:20.0 (108838894)|CODE_UNIT_FINISHED|Workflow:Task
11:41:20.0 (130079934)|CODE_UNIT_FINISHED|TRIGGERS
11:41:20.0 (130099455)|EXECUTION_FINISHED
