31.0 APEX_CODE,FINEST;APEX_PROFILING,INFO;CALLOUT,INFO;DB,INFO;NBA,INFO;SYSTEM,DEBUG;VALIDATION,INFO;VISUALFORCE,INFO;WAVE,INFO;WORKFLOW,INFO
16:59:08.0 (118826)|USER_INFO|[EXTERNAL]|00590000000Vmmq|ben@bjbglobal.com.au|Australian Eastern Standard Time|GMT+10:00
16:59:08.0 (158711)|EXECUTION_STARTED
16:59:08.0 (162845)|CODE_UNIT_STARTED|[EXTERNAL]|TRIGGERS
16:59:08.0 (193739)|CODE_UNIT_STARTED|[EXTERNAL]|01q6F000000DhRF|TaskBeforeUpdate on Task trigger event BeforeUpdate|__sfdc_trigger/TaskBeforeUpdate
16:59:08.0 (254358)|HEAP_ALLOCATE|[EXTERNAL]|Bytes:8
16:59:08.0 (313274)|HEAP_ALLOCATE|[EXTERNAL]|Bytes:8
16:59:08.0 (863059)|HEAP_ALLOCATE|[72]|Bytes:3
16:59:08.0 (904278)|HEAP_ALLOCATE|[77]|Bytes:152
16:59:08.0 (925094)|HEAP_ALLOCATE|[342]|Bytes:408
16:59:08.0 (939812)|HEAP_ALLOCATE|[355]|Bytes:408
16:59:08.0 (952181)|HEAP_ALLOCATE|[467]|Bytes:48
16:59:08.0 (979314)|HEAP_ALLOCATE|[139]|Bytes:6
16:59:08.0 (1004264)|HEAP_ALLOCATE|[EXTERNAL]|Bytes:4
16:59:08.0 (1016074)|VARIABLE_SCOPE_BEGIN|[10]|this|TaskBeforeUpdate|true|false
16:59:08.0 (1064285)|VARIABLE_ASSIGNMENT|[10]|this|{}|0x656b7633
16:59:08.0 (1126246)|HEAP_ALLOCATE|[EXTERNAL]|Bytes:4
16:59:08.0 (1135493)|VARIABLE_SCOPE_BEGIN|[10]|this|TaskBeforeUpdate|true|false
16:59:08.0 (1153555)|VARIABLE_ASSIGNMENT|[10]|this|{}|0x656b7633
16:59:08.0 (1163388)|STATEMENT_EXECUTE|[10]
16:59:08.1 (1168437)|CUMULATIVE_LIMIT_USAGE
16:59:08.1 (1168437)|LIMIT_USAGE_FOR_NS|(default)|
  Number of SOQL queries: 0 out of 100
  Number of query rows: 0 out of 50000
  Number of SOSL queries: 0 out of 20
  Number of DML statements: 0 out of 150
  Number of DML rows: 0 out of 10000
  Maximum CPU time: 0 out of 10000
  Maximum heap size: 0 out of 6000000
  Number of callouts: 0 out of 100
  Number of Email Invocations: 0 out of 10
  Number of future calls: 0 out of 50
  Number of queueable jobs added to the queue: 0 out of 50
  Number of Mobile Apex push calls: 0 out of 10

16:59:08.1 (1168437)|CUMULATIVE_LIMIT_USAGE_END

16:59:08.0 (2435046)|CODE_UNIT_FINISHED|TaskBeforeUpdate on Task trigger event BeforeUpdate|__sfdc_trigger/TaskBeforeUpdate
16:59:08.0 (13761979)|CODE_UNIT_STARTED|[EXTERNAL]|Validation:Task:00T6F000059052e
16:59:08.0 (13786635)|VALIDATION_RULE|03d6F000000qFaO|Finish_all_call_monitor_field
16:59:08.0 (14479787)|VALIDATION_FORMULA|AND(!ISBLANK(Monitored_By__c),
    OR(ISBLANK( TEXT(CM_advised_what_will_happen_next__c)),
       ISBLANK( TEXT(Allow_customer_to_present_concerns__c) ),
       ISBLANK( TEXT(Communication_is_clear_positive_confiden__c) ),
       ISBLANK( TEXT(Demonstrate_active_listening__c )),
       ISBLANK( TEXT(Gave_correct_answers_and_infomations__c) ),
       ISBLANK( TEXT(Mirrors_clients_talking_behaviour__c) ) ))|CM_advised_what_will_happen_next__c=null , Demonstrate_active_listening__c=null , Communication_is_clear_positive_confiden__c=null , Allow_customer_to_present_concerns__c=null , Gave_correct_answers_and_infomations__c=null , Mirrors_clients_talking_behaviour__c=null , Monitored_By__c=null
16:59:08.0 (14515820)|VALIDATION_PASS
16:59:08.0 (14519710)|VALIDATION_RULE|03d900000009JbB|Interac_Quality_Must_Be_Between_1_and_10
16:59:08.0 (14655236)|VALIDATION_FORMULA|NVMContactWorld__InteractionQuality__c < 1  &#124;&#124;  NVMContactWorld__InteractionQuality__c > 10|NVMContactWorld__InteractionQuality__c=null
16:59:08.0 (14673499)|VALIDATION_PASS
16:59:08.0 (14932557)|CODE_UNIT_FINISHED|Validation:Task:00T6F000059052e
16:59:08.0 (62395011)|CODE_UNIT_STARTED|[EXTERNAL]|Workflow:Task
16:59:08.0 (73805814)|WF_RULE_EVAL_BEGIN|Workflow
16:59:08.0 (73847541)|WF_CRITERIA_BEGIN|[Task:  00T6F000059052e]|Update Call Monitor Details|01Q6F0000002Tdt|ON_CREATE_OR_TRIGGERING_UPDATE|0
16:59:08.0 (77622923)|WF_RULE_FILTER|[Task : Monitored By not equal to ]
16:59:08.0 (77641234)|WF_RULE_EVAL_VALUE|
16:59:08.0 (77645402)|WF_CRITERIA_END|false
16:59:08.0 (77658080)|WF_CRITERIA_BEGIN|[Task:  00T6F000059052e]|Update_Callback_Request_Due_Date3016F0000005i0e|01Q6F0000019gyq|ON_CREATE_ONLY|0
16:59:08.0 (77673826)|WF_RULE_NOT_EVALUATED
16:59:08.0 (77682833)|WF_CRITERIA_BEGIN|[Task:  00T6F000059052e]|Call Back Request From LinX|01Q6F000001EY2L|ON_CREATE_OR_TRIGGERING_UPDATE|0
16:59:08.0 (77748077)|WF_RULE_FILTER|[Task : Subject equals Callback Request]
16:59:08.0 (77760669)|WF_RULE_EVAL_VALUE|Outbound call to +61414426727
16:59:08.0 (77765720)|WF_CRITERIA_END|false
16:59:08.0 (77774115)|WF_CRITERIA_BEGIN|[Task:  00T6F000059052e]|Call_Monitor3016F00000054R3|01Q6F000000oOu7|ON_ALL_CHANGES|0
16:59:08.0 (77873385)|WF_FORMULA|Formula:ENCODED:[treatNullAsNull]true|Values:
16:59:08.0 (77884891)|WF_CRITERIA_END|true
16:59:08.0 (78750113)|WF_SPOOL_ACTION_BEGIN|Workflow
16:59:08.0 (78778954)|WF_ACTION| Flow Trigger: 1;
16:59:08.0 (78785669)|WF_RULE_EVAL_END
16:59:08.0 (79899496)|WF_FLOW_ACTION_BEGIN|09L6F000000PGTV
16:59:08.81 (81454846)|FLOW_CREATE_INTERVIEW_BEGIN|00D90000000IJSa|3006F0000008usA|3016F00000054R3
16:59:08.81 (82310396)|FLOW_CREATE_INTERVIEW_END|248976c821545f335d2b3460d36916734eec7ec-7917|Call Monitoring
16:59:08.82 (82664278)|FLOW_START_INTERVIEWS_BEGIN|1
16:59:08.82 (82685640)|FLOW_START_INTERVIEW_BEGIN|248976c821545f335d2b3460d36916734eec7ec-7917|Call Monitoring
16:59:08.82 (92970656)|FLOW_START_INTERVIEW_END|248976c821545f335d2b3460d36916734eec7ec-7917|Call Monitoring
16:59:08.82 (93025816)|FLOW_START_INTERVIEWS_END|1
16:59:08.0 (94482347)|WF_FLOW_ACTION_END|09L6F000000PGTV
16:59:08.0 (94628800)|WF_ACTIONS_END| Flow Trigger: 1;
16:59:08.0 (94643862)|CODE_UNIT_FINISHED|Workflow:Task
16:59:08.0 (106311586)|CODE_UNIT_FINISHED|TRIGGERS
16:59:08.0 (106326742)|EXECUTION_FINISHED
