37.0 APEX_CODE,FINEST;APEX_PROFILING,INFO;CALLOUT,INFO;DB,INFO;NBA,INFO;SYSTEM,DEBUG;VALIDATION,INFO;VISUALFORCE,INFO;WAVE,INFO;WORKFLOW,INFO
17:04:23.13 (13192702)|ENTERING_MANAGED_PKG|Centify
17:04:23.13 (17127720)|ENTERING_MANAGED_PKG|Centify
17:04:23.13 (23156232)|ENTERING_MANAGED_PKG|Centify
17:04:23.13 (23322250)|ENTERING_MANAGED_PKG|Centify
17:04:23.13 (23388565)|ENTERING_MANAGED_PKG|Centify
17:04:23.13 (23471308)|ENTERING_MANAGED_PKG|Centify
17:04:23.13 (23499477)|ENTERING_MANAGED_PKG|Centify
17:04:23.13 (23561508)|ENTERING_MANAGED_PKG|Centify
17:04:23.13 (23587988)|ENTERING_MANAGED_PKG|Centify
17:04:23.13 (23672054)|ENTERING_MANAGED_PKG|Centify
17:04:23.13 (23746444)|ENTERING_MANAGED_PKG|Centify
17:04:23.13 (28063665)|SOQL_EXECUTE_BEGIN|[19]|Aggregations:0|SELECT Id, OrganizationType FROM Organization LIMIT 1
17:04:23.13 (31254211)|SOQL_EXECUTE_END|[19]|Rows:1
17:04:23.13 (34245108)|ENTERING_MANAGED_PKG|Centify
17:04:23.13 (34331751)|ENTERING_MANAGED_PKG|Centify
17:04:23.13 (34494259)|ENTERING_MANAGED_PKG|Centify
17:04:23.13 (34593266)|ENTERING_MANAGED_PKG|Centify
17:04:23.13 (35069285)|ENTERING_MANAGED_PKG|Centify
17:04:23.13 (35111881)|ENTERING_MANAGED_PKG|Centify
17:04:23.13 (35212359)|ENTERING_MANAGED_PKG|Centify
17:04:23.13 (35281831)|ENTERING_MANAGED_PKG|Centify
17:04:23.13 (37013151)|SOQL_EXECUTE_BEGIN|[95]|Aggregations:0|SELECT MAX(Last_Sync_Time__c) maxDT FROM Salesforce_Sync_Settings__c
17:04:23.13 (40214758)|SOQL_EXECUTE_END|[95]|Rows:1
17:04:23.13 (40656428)|ENTERING_MANAGED_PKG|Centify
17:04:23.13 (40725502)|ENTERING_MANAGED_PKG|Centify
17:04:23.13 (46513951)|ENTERING_MANAGED_PKG|Centify
17:04:23.13 (46625333)|ENTERING_MANAGED_PKG|Centify
17:04:23.13 (49528106)|SOQL_EXECUTE_BEGIN|[84]|Aggregations:0|SELECT COUNT() FROM Notification__c WHERE ((Number_Of_Attempts__c = NULL OR Number_Of_Attempts__c < :tmpVar1) AND (CreatedDate = TODAY OR LastModifiedDate = TODAY)) LIMIT 25000
17:04:23.13 (63521214)|SOQL_EXECUTE_END|[84]|Rows:2
17:04:23.13 (63628772)|ENTERING_MANAGED_PKG|Centify
17:04:23.13 (63692618)|ENTERING_MANAGED_PKG|Centify
17:04:23.13 (63746100)|ENTERING_MANAGED_PKG|Centify
17:04:23.13 (63789115)|ENTERING_MANAGED_PKG|Centify
17:04:23.13 (63821131)|ENTERING_MANAGED_PKG|Centify
17:04:23.13 (68492513)|SOQL_EXECUTE_BEGIN|[366]|Aggregations:0|SELECT Id, Label, MasterLabel, DeveloperName, Endpoint__c, TimeOut__c FROM Endpoint_Setting__mdt LIMIT 50
17:04:23.13 (77543882)|SOQL_EXECUTE_END|[366]|Rows:24
17:04:23.13 (80760369)|ENTERING_MANAGED_PKG|Centify
17:04:23.13 (80871295)|ENTERING_MANAGED_PKG|Centify
17:04:23.13 (83626777)|ENTERING_MANAGED_PKG|Centify
17:04:23.13 (83708461)|ENTERING_MANAGED_PKG|Centify
17:04:23.13 (88845447)|ENTERING_MANAGED_PKG|Centify
17:04:23.13 (92933418)|ENTERING_MANAGED_PKG|Centify
17:04:23.13 (93046431)|ENTERING_MANAGED_PKG|Centify
17:04:23.13 (93123540)|ENTERING_MANAGED_PKG|Centify
17:04:23.13 (94330354)|ENTERING_MANAGED_PKG|Centify
17:04:23.13 (94454617)|ENTERING_MANAGED_PKG|Centify
17:04:23.13 (94550856)|ENTERING_MANAGED_PKG|Centify
17:04:23.13 (101014537)|ENTERING_MANAGED_PKG|Centify
17:04:23.13 (101133092)|ENTERING_MANAGED_PKG|Centify
17:04:23.13 (101247759)|ENTERING_MANAGED_PKG|Centify
17:04:23.13 (101348574)|ENTERING_MANAGED_PKG|Centify
17:04:23.13 (101503694)|ENTERING_MANAGED_PKG|Centify
17:04:23.13 (105145809)|ENTERING_MANAGED_PKG|Centify
17:04:23.13 (105316037)|ENTERING_MANAGED_PKG|Centify
17:04:23.13 (106534028)|ENTERING_MANAGED_PKG|Centify
17:04:23.13 (498106379)|ENTERING_MANAGED_PKG|Centify
17:04:23.513 (513896446)|CUMULATIVE_LIMIT_USAGE
17:04:23.513 (513896446)|LIMIT_USAGE_FOR_NS|(default)|
  Number of SOQL queries: 0 out of 200
  Number of query rows: 0 out of 50000
  Number of SOSL queries: 0 out of 20
  Number of DML statements: 0 out of 150
  Number of DML rows: 0 out of 10000
  Maximum CPU time: 0 out of 60000
  Maximum heap size: 0 out of 12000000
  Number of callouts: 0 out of 0
  Number of Email Invocations: 0 out of 10
  Number of future calls: 0 out of 0
  Number of queueable jobs added to the queue: 0 out of 1
  Number of Mobile Apex push calls: 0 out of 10

17:04:23.513 (513896446)|LIMIT_USAGE_FOR_NS|Centify|
  Number of SOQL queries: 0 out of 200
  Number of query rows: 0 out of 50000
  Number of SOSL queries: 0 out of 20
  Number of DML statements: 0 out of 150
  Number of DML rows: 0 out of 10000
  Maximum CPU time: 0 out of 60000
  Maximum heap size: 0 out of 12000000
  Number of callouts: 0 out of 0
  Number of Email Invocations: 0 out of 10
  Number of future calls: 0 out of 0
  Number of queueable jobs added to the queue: 0 out of 1
  Number of Mobile Apex push calls: 0 out of 10

17:04:23.513 (513896446)|CUMULATIVE_LIMIT_USAGE_END

