37.0 APEX_CODE,FINEST;APEX_PROFILING,INFO;CALLOUT,INFO;DB,INFO;NBA,INFO;SYSTEM,DEBUG;VALIDATION,INFO;VISUALFORCE,INFO;WAVE,INFO;WORKFLOW,INFO
11:42:18.11 (11471271)|ENTERING_MANAGED_PKG|Centify
11:42:18.11 (15265973)|ENTERING_MANAGED_PKG|Centify
11:42:18.11 (15318486)|ENTERING_MANAGED_PKG|Centify
11:42:18.11 (17464627)|ENTERING_MANAGED_PKG|Centify
11:42:18.11 (17523496)|ENTERING_MANAGED_PKG|Centify
11:42:18.11 (17643936)|ENTERING_MANAGED_PKG|Centify
11:42:18.11 (18140812)|ENTERING_MANAGED_PKG|Centify
11:42:18.11 (29319456)|ENTERING_MANAGED_PKG|Centify
11:42:18.11 (29385013)|ENTERING_MANAGED_PKG|Centify
11:42:18.11 (29652778)|ENTERING_MANAGED_PKG|Centify
11:42:18.11 (29690690)|ENTERING_MANAGED_PKG|Centify
11:42:18.11 (29956696)|ENTERING_MANAGED_PKG|Centify
11:42:18.11 (31310457)|ENTERING_MANAGED_PKG|Centify
11:42:18.11 (31358100)|ENTERING_MANAGED_PKG|Centify
11:42:18.11 (31464561)|ENTERING_MANAGED_PKG|Centify
11:42:18.11 (31543049)|ENTERING_MANAGED_PKG|Centify
11:42:18.11 (31589912)|ENTERING_MANAGED_PKG|Centify
11:42:18.11 (31684517)|ENTERING_MANAGED_PKG|Centify
11:42:18.11 (31710080)|ENTERING_MANAGED_PKG|Centify
11:42:18.11 (31762658)|ENTERING_MANAGED_PKG|Centify
11:42:18.11 (31917218)|ENTERING_MANAGED_PKG|Centify
11:42:18.11 (31956045)|ENTERING_MANAGED_PKG|Centify
11:42:18.11 (32437304)|ENTERING_MANAGED_PKG|Centify
11:42:18.11 (32473075)|ENTERING_MANAGED_PKG|Centify
11:42:18.11 (32502579)|ENTERING_MANAGED_PKG|Centify
11:42:18.11 (32625750)|ENTERING_MANAGED_PKG|Centify
11:42:18.11 (32679340)|ENTERING_MANAGED_PKG|Centify
11:42:18.11 (33580936)|ENTERING_MANAGED_PKG|Centify
11:42:18.11 (33756329)|ENTERING_MANAGED_PKG|Centify
11:42:18.11 (33875576)|ENTERING_MANAGED_PKG|Centify
11:42:18.11 (33993703)|ENTERING_MANAGED_PKG|Centify
11:42:18.11 (34068375)|ENTERING_MANAGED_PKG|Centify
11:42:18.11 (34171924)|ENTERING_MANAGED_PKG|Centify
11:42:18.11 (34236720)|ENTERING_MANAGED_PKG|Centify
11:42:18.11 (34291015)|ENTERING_MANAGED_PKG|Centify
11:42:18.11 (34351796)|ENTERING_MANAGED_PKG|Centify
11:42:18.11 (34455335)|ENTERING_MANAGED_PKG|Centify
11:42:18.11 (34519471)|ENTERING_MANAGED_PKG|Centify
11:42:18.11 (34618433)|ENTERING_MANAGED_PKG|Centify
11:42:18.11 (34687414)|ENTERING_MANAGED_PKG|Centify
11:42:18.11 (34787371)|ENTERING_MANAGED_PKG|Centify
11:42:18.11 (34850389)|ENTERING_MANAGED_PKG|Centify
11:42:18.11 (34948386)|ENTERING_MANAGED_PKG|Centify
11:42:18.11 (35019910)|ENTERING_MANAGED_PKG|Centify
11:42:18.11 (35120756)|ENTERING_MANAGED_PKG|Centify
11:42:18.11 (35184103)|ENTERING_MANAGED_PKG|Centify
11:42:18.11 (35280810)|ENTERING_MANAGED_PKG|Centify
11:42:18.11 (35344090)|ENTERING_MANAGED_PKG|Centify
11:42:18.11 (36486658)|ENTERING_MANAGED_PKG|Centify
11:42:18.11 (36580561)|ENTERING_MANAGED_PKG|Centify
11:42:18.11 (36707474)|ENTERING_MANAGED_PKG|Centify
11:42:18.11 (36778799)|ENTERING_MANAGED_PKG|Centify
11:42:18.11 (36889948)|ENTERING_MANAGED_PKG|Centify
11:42:18.11 (36967299)|ENTERING_MANAGED_PKG|Centify
11:42:18.11 (37070643)|ENTERING_MANAGED_PKG|Centify
11:42:18.11 (37124417)|ENTERING_MANAGED_PKG|Centify
11:42:18.11 (38327769)|ENTERING_MANAGED_PKG|Centify
11:42:18.11 (39175979)|ENTERING_MANAGED_PKG|Centify
11:42:18.11 (39263819)|ENTERING_MANAGED_PKG|Centify
11:42:18.11 (39391799)|ENTERING_MANAGED_PKG|Centify
11:42:18.11 (39424995)|ENTERING_MANAGED_PKG|Centify
11:42:18.11 (39489328)|ENTERING_MANAGED_PKG|Centify
11:42:18.11 (39521353)|ENTERING_MANAGED_PKG|Centify
11:42:18.11 (39535022)|ENTERING_MANAGED_PKG|Centify
11:42:18.11 (39565809)|ENTERING_MANAGED_PKG|Centify
11:42:18.11 (39578289)|ENTERING_MANAGED_PKG|Centify
11:42:18.11 (39601957)|ENTERING_MANAGED_PKG|Centify
11:42:18.11 (39638523)|ENTERING_MANAGED_PKG|Centify
11:42:18.11 (39675344)|ENTERING_MANAGED_PKG|Centify
11:42:18.11 (39824760)|ENTERING_MANAGED_PKG|Centify
11:42:18.11 (39851293)|ENTERING_MANAGED_PKG|Centify
11:42:18.11 (39864337)|ENTERING_MANAGED_PKG|Centify
11:42:18.11 (39964340)|ENTERING_MANAGED_PKG|Centify
11:42:18.11 (39999671)|ENTERING_MANAGED_PKG|Centify
11:42:18.11 (40055842)|ENTERING_MANAGED_PKG|Centify
11:42:18.11 (40169134)|ENTERING_MANAGED_PKG|Centify
11:42:18.11 (40242881)|ENTERING_MANAGED_PKG|Centify
11:42:18.11 (40390190)|ENTERING_MANAGED_PKG|Centify
11:42:18.11 (40473452)|ENTERING_MANAGED_PKG|Centify
11:42:18.11 (40590885)|ENTERING_MANAGED_PKG|Centify
11:42:18.11 (40645267)|ENTERING_MANAGED_PKG|Centify
11:42:18.11 (40719548)|ENTERING_MANAGED_PKG|Centify
11:42:18.11 (40770759)|ENTERING_MANAGED_PKG|Centify
11:42:18.11 (40872004)|ENTERING_MANAGED_PKG|Centify
11:42:18.11 (40925554)|ENTERING_MANAGED_PKG|Centify
11:42:18.11 (41021127)|ENTERING_MANAGED_PKG|Centify
11:42:18.11 (41073386)|ENTERING_MANAGED_PKG|Centify
11:42:18.11 (41169233)|ENTERING_MANAGED_PKG|Centify
11:42:18.11 (41221759)|ENTERING_MANAGED_PKG|Centify
11:42:18.11 (41318414)|ENTERING_MANAGED_PKG|Centify
11:42:18.11 (41378468)|ENTERING_MANAGED_PKG|Centify
11:42:18.11 (41476322)|ENTERING_MANAGED_PKG|Centify
11:42:18.11 (41529243)|ENTERING_MANAGED_PKG|Centify
11:42:18.11 (41623294)|ENTERING_MANAGED_PKG|Centify
11:42:18.11 (41706233)|ENTERING_MANAGED_PKG|Centify
11:42:18.11 (41816162)|ENTERING_MANAGED_PKG|Centify
11:42:18.11 (41872895)|ENTERING_MANAGED_PKG|Centify
11:42:18.11 (41973661)|ENTERING_MANAGED_PKG|Centify
11:42:18.11 (42028915)|ENTERING_MANAGED_PKG|Centify
11:42:18.11 (42124795)|ENTERING_MANAGED_PKG|Centify
11:42:18.11 (42182820)|ENTERING_MANAGED_PKG|Centify
11:42:18.11 (42303525)|ENTERING_MANAGED_PKG|Centify
11:42:18.11 (42343622)|ENTERING_MANAGED_PKG|Centify
11:42:18.11 (43080146)|ENTERING_MANAGED_PKG|Centify
11:42:18.11 (43920965)|ENTERING_MANAGED_PKG|Centify
11:42:18.11 (44021751)|ENTERING_MANAGED_PKG|Centify
11:42:18.11 (44153741)|ENTERING_MANAGED_PKG|Centify
11:42:18.11 (44187064)|ENTERING_MANAGED_PKG|Centify
11:42:18.11 (44252102)|ENTERING_MANAGED_PKG|Centify
11:42:18.11 (44284697)|ENTERING_MANAGED_PKG|Centify
11:42:18.11 (44297582)|ENTERING_MANAGED_PKG|Centify
11:42:18.11 (44329984)|ENTERING_MANAGED_PKG|Centify
11:42:18.11 (44342427)|ENTERING_MANAGED_PKG|Centify
11:42:18.11 (44365343)|ENTERING_MANAGED_PKG|Centify
11:42:18.11 (44401134)|ENTERING_MANAGED_PKG|Centify
11:42:18.11 (44423754)|ENTERING_MANAGED_PKG|Centify
11:42:18.11 (44562027)|ENTERING_MANAGED_PKG|Centify
11:42:18.11 (44592989)|ENTERING_MANAGED_PKG|Centify
11:42:18.11 (44607024)|ENTERING_MANAGED_PKG|Centify
11:42:18.11 (44735050)|ENTERING_MANAGED_PKG|Centify
11:42:18.11 (44795009)|ENTERING_MANAGED_PKG|Centify
11:42:18.11 (44857234)|ENTERING_MANAGED_PKG|Centify
11:42:18.11 (44994352)|ENTERING_MANAGED_PKG|Centify
11:42:18.11 (45062459)|ENTERING_MANAGED_PKG|Centify
11:42:18.11 (45193589)|ENTERING_MANAGED_PKG|Centify
11:42:18.11 (45279749)|ENTERING_MANAGED_PKG|Centify
11:42:18.11 (45426458)|ENTERING_MANAGED_PKG|Centify
11:42:18.11 (45485093)|ENTERING_MANAGED_PKG|Centify
11:42:18.11 (45538879)|ENTERING_MANAGED_PKG|Centify
11:42:18.11 (45588716)|ENTERING_MANAGED_PKG|Centify
11:42:18.11 (45762910)|ENTERING_MANAGED_PKG|Centify
11:42:18.11 (45844218)|ENTERING_MANAGED_PKG|Centify
11:42:18.11 (46009888)|ENTERING_MANAGED_PKG|Centify
11:42:18.11 (46100585)|ENTERING_MANAGED_PKG|Centify
11:42:18.11 (46265864)|ENTERING_MANAGED_PKG|Centify
11:42:18.11 (46351990)|ENTERING_MANAGED_PKG|Centify
11:42:18.11 (46515456)|ENTERING_MANAGED_PKG|Centify
11:42:18.11 (46607787)|ENTERING_MANAGED_PKG|Centify
11:42:18.11 (46748193)|ENTERING_MANAGED_PKG|Centify
11:42:18.11 (46806260)|ENTERING_MANAGED_PKG|Centify
11:42:18.11 (46902849)|ENTERING_MANAGED_PKG|Centify
11:42:18.11 (46956328)|ENTERING_MANAGED_PKG|Centify
11:42:18.11 (47050707)|ENTERING_MANAGED_PKG|Centify
11:42:18.11 (47103397)|ENTERING_MANAGED_PKG|Centify
11:42:18.11 (47202523)|ENTERING_MANAGED_PKG|Centify
11:42:18.11 (47254824)|ENTERING_MANAGED_PKG|Centify
11:42:18.11 (47347800)|ENTERING_MANAGED_PKG|Centify
11:42:18.11 (47398976)|ENTERING_MANAGED_PKG|Centify
11:42:18.11 (47529375)|ENTERING_MANAGED_PKG|Centify
11:42:18.11 (47587656)|ENTERING_MANAGED_PKG|Centify
11:42:18.11 (48408877)|ENTERING_MANAGED_PKG|Centify
11:42:18.11 (49280039)|ENTERING_MANAGED_PKG|Centify
11:42:18.11 (49368686)|ENTERING_MANAGED_PKG|Centify
11:42:18.11 (49494824)|ENTERING_MANAGED_PKG|Centify
11:42:18.11 (49527354)|ENTERING_MANAGED_PKG|Centify
11:42:18.11 (49592736)|ENTERING_MANAGED_PKG|Centify
11:42:18.11 (49626051)|ENTERING_MANAGED_PKG|Centify
11:42:18.11 (49638558)|ENTERING_MANAGED_PKG|Centify
11:42:18.11 (49675618)|ENTERING_MANAGED_PKG|Centify
11:42:18.11 (49689033)|ENTERING_MANAGED_PKG|Centify
11:42:18.11 (49712924)|ENTERING_MANAGED_PKG|Centify
11:42:18.11 (49750939)|ENTERING_MANAGED_PKG|Centify
11:42:18.11 (49773819)|ENTERING_MANAGED_PKG|Centify
11:42:18.11 (49899247)|ENTERING_MANAGED_PKG|Centify
11:42:18.11 (49923383)|ENTERING_MANAGED_PKG|Centify
11:42:18.11 (49940059)|ENTERING_MANAGED_PKG|Centify
11:42:18.11 (50070546)|ENTERING_MANAGED_PKG|Centify
11:42:18.11 (50106501)|ENTERING_MANAGED_PKG|Centify
11:42:18.11 (50162631)|ENTERING_MANAGED_PKG|Centify
11:42:18.11 (50275500)|ENTERING_MANAGED_PKG|Centify
11:42:18.11 (50339748)|ENTERING_MANAGED_PKG|Centify
11:42:18.11 (50442877)|ENTERING_MANAGED_PKG|Centify
11:42:18.11 (50497189)|ENTERING_MANAGED_PKG|Centify
11:42:18.11 (50591944)|ENTERING_MANAGED_PKG|Centify
11:42:18.11 (50642858)|ENTERING_MANAGED_PKG|Centify
11:42:18.11 (50701276)|ENTERING_MANAGED_PKG|Centify
11:42:18.11 (50749915)|ENTERING_MANAGED_PKG|Centify
11:42:18.11 (50848363)|ENTERING_MANAGED_PKG|Centify
11:42:18.11 (50900106)|ENTERING_MANAGED_PKG|Centify
11:42:18.11 (50995885)|ENTERING_MANAGED_PKG|Centify
11:42:18.11 (51048060)|ENTERING_MANAGED_PKG|Centify
11:42:18.11 (51142805)|ENTERING_MANAGED_PKG|Centify
11:42:18.11 (51194364)|ENTERING_MANAGED_PKG|Centify
11:42:18.11 (51288957)|ENTERING_MANAGED_PKG|Centify
11:42:18.11 (51348362)|ENTERING_MANAGED_PKG|Centify
11:42:18.11 (51444919)|ENTERING_MANAGED_PKG|Centify
11:42:18.11 (51496563)|ENTERING_MANAGED_PKG|Centify
11:42:18.11 (51589137)|ENTERING_MANAGED_PKG|Centify
11:42:18.11 (51640335)|ENTERING_MANAGED_PKG|Centify
11:42:18.11 (51739456)|ENTERING_MANAGED_PKG|Centify
11:42:18.11 (51790391)|ENTERING_MANAGED_PKG|Centify
11:42:18.11 (51886583)|ENTERING_MANAGED_PKG|Centify
11:42:18.11 (51938528)|ENTERING_MANAGED_PKG|Centify
11:42:18.11 (52030933)|ENTERING_MANAGED_PKG|Centify
11:42:18.11 (52081993)|ENTERING_MANAGED_PKG|Centify
11:42:18.11 (52174814)|ENTERING_MANAGED_PKG|Centify
11:42:18.11 (52213104)|ENTERING_MANAGED_PKG|Centify
11:42:18.11 (52911258)|ENTERING_MANAGED_PKG|Centify
11:42:18.11 (53659439)|ENTERING_MANAGED_PKG|Centify
11:42:18.11 (53744749)|ENTERING_MANAGED_PKG|Centify
11:42:18.11 (53861247)|ENTERING_MANAGED_PKG|Centify
11:42:18.11 (53892811)|ENTERING_MANAGED_PKG|Centify
11:42:18.11 (53953649)|ENTERING_MANAGED_PKG|Centify
11:42:18.11 (53984634)|ENTERING_MANAGED_PKG|Centify
11:42:18.11 (53997743)|ENTERING_MANAGED_PKG|Centify
11:42:18.11 (54027399)|ENTERING_MANAGED_PKG|Centify
11:42:18.11 (54040286)|ENTERING_MANAGED_PKG|Centify
11:42:18.11 (54062881)|ENTERING_MANAGED_PKG|Centify
11:42:18.11 (54096142)|ENTERING_MANAGED_PKG|Centify
11:42:18.11 (54117187)|ENTERING_MANAGED_PKG|Centify
11:42:18.11 (54237871)|ENTERING_MANAGED_PKG|Centify
11:42:18.11 (54261515)|ENTERING_MANAGED_PKG|Centify
11:42:18.11 (54274131)|ENTERING_MANAGED_PKG|Centify
11:42:18.11 (54371372)|ENTERING_MANAGED_PKG|Centify
11:42:18.11 (54404249)|ENTERING_MANAGED_PKG|Centify
11:42:18.11 (54457582)|ENTERING_MANAGED_PKG|Centify
11:42:18.11 (54566638)|ENTERING_MANAGED_PKG|Centify
11:42:18.11 (54630796)|ENTERING_MANAGED_PKG|Centify
11:42:18.11 (54740948)|ENTERING_MANAGED_PKG|Centify
11:42:18.11 (54794668)|ENTERING_MANAGED_PKG|Centify
11:42:18.11 (54889323)|ENTERING_MANAGED_PKG|Centify
11:42:18.11 (54940016)|ENTERING_MANAGED_PKG|Centify
11:42:18.11 (54991394)|ENTERING_MANAGED_PKG|Centify
11:42:18.11 (55039876)|ENTERING_MANAGED_PKG|Centify
11:42:18.11 (55137530)|ENTERING_MANAGED_PKG|Centify
11:42:18.11 (55189333)|ENTERING_MANAGED_PKG|Centify
11:42:18.11 (55283153)|ENTERING_MANAGED_PKG|Centify
11:42:18.11 (55337646)|ENTERING_MANAGED_PKG|Centify
11:42:18.11 (55432090)|ENTERING_MANAGED_PKG|Centify
11:42:18.11 (55483379)|ENTERING_MANAGED_PKG|Centify
11:42:18.11 (55599614)|ENTERING_MANAGED_PKG|Centify
11:42:18.11 (55698956)|ENTERING_MANAGED_PKG|Centify
11:42:18.11 (55872491)|ENTERING_MANAGED_PKG|Centify
11:42:18.11 (55966550)|ENTERING_MANAGED_PKG|Centify
11:42:18.11 (56114153)|ENTERING_MANAGED_PKG|Centify
11:42:18.11 (56176636)|ENTERING_MANAGED_PKG|Centify
11:42:18.11 (56306749)|ENTERING_MANAGED_PKG|Centify
11:42:18.11 (56363534)|ENTERING_MANAGED_PKG|Centify
11:42:18.11 (56491314)|ENTERING_MANAGED_PKG|Centify
11:42:18.11 (56554339)|ENTERING_MANAGED_PKG|Centify
11:42:18.11 (56692004)|ENTERING_MANAGED_PKG|Centify
11:42:18.11 (56748302)|ENTERING_MANAGED_PKG|Centify
11:42:18.11 (56846472)|ENTERING_MANAGED_PKG|Centify
11:42:18.11 (56887580)|ENTERING_MANAGED_PKG|Centify
11:42:18.11 (57658882)|ENTERING_MANAGED_PKG|Centify
11:42:18.11 (58539324)|ENTERING_MANAGED_PKG|Centify
11:42:18.11 (58657115)|ENTERING_MANAGED_PKG|Centify
11:42:18.11 (58804421)|ENTERING_MANAGED_PKG|Centify
11:42:18.11 (58851521)|ENTERING_MANAGED_PKG|Centify
11:42:18.11 (58950123)|ENTERING_MANAGED_PKG|Centify
11:42:18.11 (58998398)|ENTERING_MANAGED_PKG|Centify
11:42:18.11 (59018669)|ENTERING_MANAGED_PKG|Centify
11:42:18.11 (59068129)|ENTERING_MANAGED_PKG|Centify
11:42:18.11 (59089157)|ENTERING_MANAGED_PKG|Centify
11:42:18.11 (59124107)|ENTERING_MANAGED_PKG|Centify
11:42:18.11 (59173148)|ENTERING_MANAGED_PKG|Centify
11:42:18.11 (59206548)|ENTERING_MANAGED_PKG|Centify
11:42:18.11 (59383894)|ENTERING_MANAGED_PKG|Centify
11:42:18.11 (59418665)|ENTERING_MANAGED_PKG|Centify
11:42:18.11 (59437582)|ENTERING_MANAGED_PKG|Centify
11:42:18.11 (59580472)|ENTERING_MANAGED_PKG|Centify
11:42:18.11 (59628457)|ENTERING_MANAGED_PKG|Centify
11:42:18.11 (59712380)|ENTERING_MANAGED_PKG|Centify
11:42:18.11 (59882103)|ENTERING_MANAGED_PKG|Centify
11:42:18.11 (59981642)|ENTERING_MANAGED_PKG|Centify
11:42:18.11 (60139637)|ENTERING_MANAGED_PKG|Centify
11:42:18.11 (60221578)|ENTERING_MANAGED_PKG|Centify
11:42:18.11 (60384746)|ENTERING_MANAGED_PKG|Centify
11:42:18.11 (60509758)|ENTERING_MANAGED_PKG|Centify
11:42:18.11 (60595409)|ENTERING_MANAGED_PKG|Centify
11:42:18.11 (60685231)|ENTERING_MANAGED_PKG|Centify
11:42:18.11 (60849634)|ENTERING_MANAGED_PKG|Centify
11:42:18.11 (60913343)|ENTERING_MANAGED_PKG|Centify
11:42:18.11 (61050982)|ENTERING_MANAGED_PKG|Centify
11:42:18.11 (61139050)|ENTERING_MANAGED_PKG|Centify
11:42:18.11 (61292940)|ENTERING_MANAGED_PKG|Centify
11:42:18.11 (61376224)|ENTERING_MANAGED_PKG|Centify
11:42:18.11 (61497897)|ENTERING_MANAGED_PKG|Centify
11:42:18.11 (61563819)|ENTERING_MANAGED_PKG|Centify
11:42:18.11 (61693999)|ENTERING_MANAGED_PKG|Centify
11:42:18.11 (61758792)|ENTERING_MANAGED_PKG|Centify
11:42:18.11 (61888950)|ENTERING_MANAGED_PKG|Centify
11:42:18.11 (61945776)|ENTERING_MANAGED_PKG|Centify
11:42:18.11 (62062866)|ENTERING_MANAGED_PKG|Centify
11:42:18.11 (62151731)|ENTERING_MANAGED_PKG|Centify
11:42:18.11 (62309953)|ENTERING_MANAGED_PKG|Centify
11:42:18.11 (62400471)|ENTERING_MANAGED_PKG|Centify
11:42:18.11 (62547990)|ENTERING_MANAGED_PKG|Centify
11:42:18.11 (62639844)|ENTERING_MANAGED_PKG|Centify
11:42:18.11 (62791395)|ENTERING_MANAGED_PKG|Centify
11:42:18.11 (62838514)|ENTERING_MANAGED_PKG|Centify
11:42:18.11 (63855194)|ENTERING_MANAGED_PKG|Centify
11:42:18.11 (65150952)|ENTERING_MANAGED_PKG|Centify
11:42:18.11 (65276924)|ENTERING_MANAGED_PKG|Centify
11:42:18.11 (65467913)|ENTERING_MANAGED_PKG|Centify
11:42:18.11 (65514424)|ENTERING_MANAGED_PKG|Centify
11:42:18.11 (65606098)|ENTERING_MANAGED_PKG|Centify
11:42:18.11 (65654095)|ENTERING_MANAGED_PKG|Centify
11:42:18.11 (65685060)|ENTERING_MANAGED_PKG|Centify
11:42:18.11 (65733649)|ENTERING_MANAGED_PKG|Centify
11:42:18.11 (65754624)|ENTERING_MANAGED_PKG|Centify
11:42:18.11 (65791374)|ENTERING_MANAGED_PKG|Centify
11:42:18.11 (65848407)|ENTERING_MANAGED_PKG|Centify
11:42:18.11 (65885625)|ENTERING_MANAGED_PKG|Centify
11:42:18.11 (66080678)|ENTERING_MANAGED_PKG|Centify
11:42:18.11 (66118713)|ENTERING_MANAGED_PKG|Centify
11:42:18.11 (66139986)|ENTERING_MANAGED_PKG|Centify
11:42:18.11 (66331677)|ENTERING_MANAGED_PKG|Centify
11:42:18.11 (66382142)|ENTERING_MANAGED_PKG|Centify
11:42:18.11 (66467030)|ENTERING_MANAGED_PKG|Centify
11:42:18.11 (66645115)|ENTERING_MANAGED_PKG|Centify
11:42:18.11 (66755863)|ENTERING_MANAGED_PKG|Centify
11:42:18.11 (66920341)|ENTERING_MANAGED_PKG|Centify
11:42:18.11 (66986346)|ENTERING_MANAGED_PKG|Centify
11:42:18.11 (67090296)|ENTERING_MANAGED_PKG|Centify
11:42:18.11 (67159850)|ENTERING_MANAGED_PKG|Centify
11:42:18.11 (67213755)|ENTERING_MANAGED_PKG|Centify
11:42:18.11 (67264308)|ENTERING_MANAGED_PKG|Centify
11:42:18.11 (67371883)|ENTERING_MANAGED_PKG|Centify
11:42:18.11 (67425546)|ENTERING_MANAGED_PKG|Centify
11:42:18.11 (67521794)|ENTERING_MANAGED_PKG|Centify
11:42:18.11 (67573050)|ENTERING_MANAGED_PKG|Centify
11:42:18.11 (67673710)|ENTERING_MANAGED_PKG|Centify
11:42:18.11 (67726879)|ENTERING_MANAGED_PKG|Centify
11:42:18.11 (67823313)|ENTERING_MANAGED_PKG|Centify
11:42:18.11 (67883794)|ENTERING_MANAGED_PKG|Centify
11:42:18.11 (67982518)|ENTERING_MANAGED_PKG|Centify
11:42:18.11 (68034759)|ENTERING_MANAGED_PKG|Centify
11:42:18.11 (68130938)|ENTERING_MANAGED_PKG|Centify
11:42:18.11 (68182027)|ENTERING_MANAGED_PKG|Centify
11:42:18.11 (68277157)|ENTERING_MANAGED_PKG|Centify
11:42:18.11 (68327717)|ENTERING_MANAGED_PKG|Centify
11:42:18.11 (68425147)|ENTERING_MANAGED_PKG|Centify
11:42:18.11 (68477661)|ENTERING_MANAGED_PKG|Centify
11:42:18.11 (68575221)|ENTERING_MANAGED_PKG|Centify
11:42:18.11 (68635159)|ENTERING_MANAGED_PKG|Centify
11:42:18.11 (68756749)|ENTERING_MANAGED_PKG|Centify
11:42:18.11 (68798367)|ENTERING_MANAGED_PKG|Centify
11:42:18.11 (69668831)|ENTERING_MANAGED_PKG|Centify
11:42:18.11 (70569420)|ENTERING_MANAGED_PKG|Centify
11:42:18.11 (70659188)|ENTERING_MANAGED_PKG|Centify
11:42:18.11 (70794232)|ENTERING_MANAGED_PKG|Centify
11:42:18.11 (70829117)|ENTERING_MANAGED_PKG|Centify
11:42:18.11 (70890542)|ENTERING_MANAGED_PKG|Centify
11:42:18.11 (70922592)|ENTERING_MANAGED_PKG|Centify
11:42:18.11 (70935524)|ENTERING_MANAGED_PKG|Centify
11:42:18.11 (70967226)|ENTERING_MANAGED_PKG|Centify
11:42:18.11 (70979664)|ENTERING_MANAGED_PKG|Centify
11:42:18.11 (71002559)|ENTERING_MANAGED_PKG|Centify
11:42:18.11 (71038215)|ENTERING_MANAGED_PKG|Centify
11:42:18.11 (71060618)|ENTERING_MANAGED_PKG|Centify
11:42:18.11 (71187081)|ENTERING_MANAGED_PKG|Centify
11:42:18.11 (71211002)|ENTERING_MANAGED_PKG|Centify
11:42:18.11 (71227618)|ENTERING_MANAGED_PKG|Centify
11:42:18.11 (71385717)|ENTERING_MANAGED_PKG|Centify
11:42:18.11 (71430124)|ENTERING_MANAGED_PKG|Centify
11:42:18.11 (71489214)|ENTERING_MANAGED_PKG|Centify
11:42:18.11 (71607259)|ENTERING_MANAGED_PKG|Centify
11:42:18.11 (71703956)|ENTERING_MANAGED_PKG|Centify
11:42:18.11 (71815709)|ENTERING_MANAGED_PKG|Centify
11:42:18.11 (71872316)|ENTERING_MANAGED_PKG|Centify
11:42:18.11 (71969600)|ENTERING_MANAGED_PKG|Centify
11:42:18.11 (72020733)|ENTERING_MANAGED_PKG|Centify
11:42:18.11 (72071763)|ENTERING_MANAGED_PKG|Centify
11:42:18.11 (72135673)|ENTERING_MANAGED_PKG|Centify
11:42:18.11 (72246806)|ENTERING_MANAGED_PKG|Centify
11:42:18.11 (72302935)|ENTERING_MANAGED_PKG|Centify
11:42:18.11 (72404998)|ENTERING_MANAGED_PKG|Centify
11:42:18.11 (72457044)|ENTERING_MANAGED_PKG|Centify
11:42:18.11 (72550834)|ENTERING_MANAGED_PKG|Centify
11:42:18.11 (72602132)|ENTERING_MANAGED_PKG|Centify
11:42:18.11 (72714755)|ENTERING_MANAGED_PKG|Centify
11:42:18.11 (72777328)|ENTERING_MANAGED_PKG|Centify
11:42:18.11 (72875487)|ENTERING_MANAGED_PKG|Centify
11:42:18.11 (72927595)|ENTERING_MANAGED_PKG|Centify
11:42:18.11 (73021543)|ENTERING_MANAGED_PKG|Centify
11:42:18.11 (73074437)|ENTERING_MANAGED_PKG|Centify
11:42:18.11 (73206908)|ENTERING_MANAGED_PKG|Centify
11:42:18.11 (73269351)|ENTERING_MANAGED_PKG|Centify
11:42:18.11 (73374073)|ENTERING_MANAGED_PKG|Centify
11:42:18.11 (73429860)|ENTERING_MANAGED_PKG|Centify
11:42:18.11 (73523824)|ENTERING_MANAGED_PKG|Centify
11:42:18.11 (73591299)|ENTERING_MANAGED_PKG|Centify
11:42:18.11 (73704547)|ENTERING_MANAGED_PKG|Centify
11:42:18.11 (73751601)|ENTERING_MANAGED_PKG|Centify
11:42:18.11 (74558154)|DML_BEGIN|[74]|Op:Insert|Type:Centify__Notification__c|Rows:8
11:42:18.11 (121181752)|DML_END|[74]
11:42:18.11 (121374158)|ENTERING_MANAGED_PKG|Centify
11:42:18.11 (121750238)|ENTERING_MANAGED_PKG|Centify
11:42:18.11 (121913883)|ENTERING_MANAGED_PKG|Centify
11:42:18.11 (122087038)|ENTERING_MANAGED_PKG|Centify
11:42:18.11 (122215523)|ENTERING_MANAGED_PKG|Centify
11:42:18.11 (122336211)|ENTERING_MANAGED_PKG|Centify
11:42:18.11 (122456497)|ENTERING_MANAGED_PKG|Centify
11:42:18.11 (122576651)|ENTERING_MANAGED_PKG|Centify
11:42:18.11 (122695179)|ENTERING_MANAGED_PKG|Centify
11:42:18.140 (140567682)|CUMULATIVE_LIMIT_USAGE
11:42:18.140 (140567682)|LIMIT_USAGE_FOR_NS|(default)|
  Number of SOQL queries: 0 out of 200
  Number of query rows: 0 out of 50000
  Number of SOSL queries: 0 out of 20
  Number of DML statements: 0 out of 150
  Number of DML rows: 0 out of 10000
  Maximum CPU time: 0 out of 60000
  Maximum heap size: 0 out of 12000000
  Number of callouts: 0 out of 0
  Number of Email Invocations: 0 out of 10
  Number of future calls: 0 out of 0
  Number of queueable jobs added to the queue: 0 out of 1
  Number of Mobile Apex push calls: 0 out of 10

11:42:18.140 (140567682)|LIMIT_USAGE_FOR_NS|Centify|
  Number of SOQL queries: 0 out of 200
  Number of query rows: 0 out of 50000
  Number of SOSL queries: 0 out of 20
  Number of DML statements: 0 out of 150
  Number of DML rows: 0 out of 10000
  Maximum CPU time: 0 out of 60000
  Maximum heap size: 0 out of 12000000
  Number of callouts: 0 out of 0
  Number of Email Invocations: 0 out of 10
  Number of future calls: 0 out of 0
  Number of queueable jobs added to the queue: 0 out of 1
  Number of Mobile Apex push calls: 0 out of 10

11:42:18.140 (140567682)|CUMULATIVE_LIMIT_USAGE_END

