37.0 APEX_CODE,FINEST;APEX_PROFILING,INFO;CALLOUT,INFO;DB,INFO;NBA,INFO;SYSTEM,DEBUG;VALIDATION,INFO;VISUALFORCE,INFO;WAVE,INFO;WORKFLOW,INFO
17:27:18.27 (27444559)|ENTERING_MANAGED_PKG|Centify
17:27:18.27 (28897689)|ENTERING_MANAGED_PKG|Centify
17:27:18.27 (28941578)|ENTERING_MANAGED_PKG|Centify
17:27:18.27 (29528945)|ENTERING_MANAGED_PKG|Centify
17:27:18.27 (29589335)|ENTERING_MANAGED_PKG|Centify
17:27:18.27 (30368756)|ENTERING_MANAGED_PKG|Centify
17:27:18.27 (30652705)|ENTERING_MANAGED_PKG|Centify
17:27:18.27 (30689270)|ENTERING_MANAGED_PKG|Centify
17:27:18.27 (30779034)|ENTERING_MANAGED_PKG|Centify
17:27:18.27 (30836335)|ENTERING_MANAGED_PKG|Centify
17:27:18.27 (30883742)|ENTERING_MANAGED_PKG|Centify
17:27:18.27 (30914418)|ENTERING_MANAGED_PKG|Centify
17:27:18.27 (30941697)|ENTERING_MANAGED_PKG|Centify
17:27:18.27 (31190738)|ENTERING_MANAGED_PKG|Centify
17:27:18.27 (79256924)|ENTERING_MANAGED_PKG|Centify
17:27:18.27 (79367322)|ENTERING_MANAGED_PKG|Centify
17:27:18.27 (79517956)|ENTERING_MANAGED_PKG|Centify
17:27:18.27 (79562580)|ENTERING_MANAGED_PKG|Centify
17:27:18.27 (296545700)|ENTERING_MANAGED_PKG|Centify
17:27:18.27 (345778449)|ENTERING_MANAGED_PKG|Centify
17:27:18.27 (361003368)|ENTERING_MANAGED_PKG|Centify
17:27:18.27 (361064279)|ENTERING_MANAGED_PKG|Centify
17:27:18.27 (361151524)|ENTERING_MANAGED_PKG|Centify
17:27:18.27 (361196532)|ENTERING_MANAGED_PKG|Centify
17:27:18.27 (361284689)|ENTERING_MANAGED_PKG|Centify
17:27:18.27 (389912458)|ENTERING_MANAGED_PKG|Centify
17:27:18.27 (406582761)|ENTERING_MANAGED_PKG|Centify
17:27:18.27 (406635805)|ENTERING_MANAGED_PKG|Centify
17:27:18.27 (406707137)|ENTERING_MANAGED_PKG|Centify
17:27:18.27 (406737401)|ENTERING_MANAGED_PKG|Centify
17:27:18.27 (406802246)|ENTERING_MANAGED_PKG|Centify
17:27:18.27 (436232325)|ENTERING_MANAGED_PKG|Centify
17:27:18.27 (452922783)|ENTERING_MANAGED_PKG|Centify
17:27:18.27 (452973898)|ENTERING_MANAGED_PKG|Centify
17:27:18.27 (453046623)|ENTERING_MANAGED_PKG|Centify
17:27:18.27 (453077440)|ENTERING_MANAGED_PKG|Centify
17:27:18.27 (453134701)|ENTERING_MANAGED_PKG|Centify
17:27:18.27 (478550117)|ENTERING_MANAGED_PKG|Centify
17:27:18.27 (496933339)|ENTERING_MANAGED_PKG|Centify
17:27:18.27 (496992246)|ENTERING_MANAGED_PKG|Centify
17:27:18.27 (497066258)|ENTERING_MANAGED_PKG|Centify
17:27:18.27 (497096799)|ENTERING_MANAGED_PKG|Centify
17:27:18.27 (497154195)|ENTERING_MANAGED_PKG|Centify
17:27:18.27 (523248695)|ENTERING_MANAGED_PKG|Centify
17:27:18.27 (538062367)|ENTERING_MANAGED_PKG|Centify
17:27:18.27 (538114394)|ENTERING_MANAGED_PKG|Centify
17:27:18.27 (538184201)|ENTERING_MANAGED_PKG|Centify
17:27:18.27 (538214043)|ENTERING_MANAGED_PKG|Centify
17:27:18.27 (538269733)|ENTERING_MANAGED_PKG|Centify
17:27:18.27 (564755117)|ENTERING_MANAGED_PKG|Centify
17:27:18.27 (581361178)|ENTERING_MANAGED_PKG|Centify
17:27:18.27 (581420198)|ENTERING_MANAGED_PKG|Centify
17:27:18.27 (581494155)|ENTERING_MANAGED_PKG|Centify
17:27:18.27 (581526420)|ENTERING_MANAGED_PKG|Centify
17:27:18.27 (581584827)|ENTERING_MANAGED_PKG|Centify
17:27:18.27 (608819081)|ENTERING_MANAGED_PKG|Centify
17:27:18.27 (624489812)|ENTERING_MANAGED_PKG|Centify
17:27:18.27 (624541874)|ENTERING_MANAGED_PKG|Centify
17:27:18.27 (624614223)|ENTERING_MANAGED_PKG|Centify
17:27:18.27 (624644832)|ENTERING_MANAGED_PKG|Centify
17:27:18.27 (624702098)|ENTERING_MANAGED_PKG|Centify
17:27:18.27 (651649275)|ENTERING_MANAGED_PKG|Centify
17:27:18.27 (668694695)|ENTERING_MANAGED_PKG|Centify
17:27:18.27 (668752098)|ENTERING_MANAGED_PKG|Centify
17:27:18.27 (668824104)|ENTERING_MANAGED_PKG|Centify
17:27:18.27 (668855758)|ENTERING_MANAGED_PKG|Centify
17:27:18.27 (668922181)|ENTERING_MANAGED_PKG|Centify
17:27:18.27 (694418843)|ENTERING_MANAGED_PKG|Centify
17:27:18.27 (711839735)|ENTERING_MANAGED_PKG|Centify
17:27:18.27 (711901905)|ENTERING_MANAGED_PKG|Centify
17:27:18.27 (711978221)|ENTERING_MANAGED_PKG|Centify
17:27:18.27 (712009530)|ENTERING_MANAGED_PKG|Centify
17:27:18.27 (712067162)|ENTERING_MANAGED_PKG|Centify
17:27:18.27 (794445937)|ENTERING_MANAGED_PKG|Centify
17:27:18.27 (810378577)|ENTERING_MANAGED_PKG|Centify
17:27:18.27 (810443094)|ENTERING_MANAGED_PKG|Centify
17:27:18.27 (810554956)|ENTERING_MANAGED_PKG|Centify
17:27:18.27 (810601549)|ENTERING_MANAGED_PKG|Centify
17:27:18.27 (810669921)|ENTERING_MANAGED_PKG|Centify
17:27:18.27 (842420483)|ENTERING_MANAGED_PKG|Centify
17:27:18.27 (864778995)|ENTERING_MANAGED_PKG|Centify
17:27:18.27 (864877189)|ENTERING_MANAGED_PKG|Centify
17:27:18.27 (865002415)|ENTERING_MANAGED_PKG|Centify
17:27:18.27 (865054998)|ENTERING_MANAGED_PKG|Centify
17:27:18.27 (865156105)|ENTERING_MANAGED_PKG|Centify
17:27:18.27 (899494831)|ENTERING_MANAGED_PKG|Centify
17:27:18.27 (916011128)|ENTERING_MANAGED_PKG|Centify
17:27:18.27 (916088718)|ENTERING_MANAGED_PKG|Centify
17:27:18.27 (916202314)|ENTERING_MANAGED_PKG|Centify
17:27:18.27 (916249954)|ENTERING_MANAGED_PKG|Centify
17:27:18.27 (916344464)|ENTERING_MANAGED_PKG|Centify
17:27:18.27 (943293637)|ENTERING_MANAGED_PKG|Centify
17:27:18.27 (1010881580)|ENTERING_MANAGED_PKG|Centify
17:27:18.27 (1010938573)|ENTERING_MANAGED_PKG|Centify
17:27:18.27 (1011022029)|ENTERING_MANAGED_PKG|Centify
17:27:18.27 (1011054534)|ENTERING_MANAGED_PKG|Centify
17:27:18.27 (1011114724)|ENTERING_MANAGED_PKG|Centify
17:27:19.38 (1038526602)|ENTERING_MANAGED_PKG|Centify
17:27:19.38 (1038592608)|ENTERING_MANAGED_PKG|Centify
17:27:19.38 (1038738198)|ENTERING_MANAGED_PKG|Centify
17:27:19.38 (1038775230)|ENTERING_MANAGED_PKG|Centify
17:27:19.38 (1038806711)|ENTERING_MANAGED_PKG|Centify
17:27:19.38 (1039974962)|ENTERING_MANAGED_PKG|Centify
17:27:19.38 (1040053714)|ENTERING_MANAGED_PKG|Centify
17:27:19.38 (1041808888)|ENTERING_MANAGED_PKG|Centify
17:27:19.38 (1041873691)|ENTERING_MANAGED_PKG|Centify
17:27:19.38 (1041965788)|ENTERING_MANAGED_PKG|Centify
17:27:19.38 (1042534415)|ENTERING_MANAGED_PKG|Centify
17:27:19.38 (1043453080)|SOQL_EXECUTE_BEGIN|[16]|Aggregations:0|select id,lastmodifieddate,isdeleted,call_duration_min__c,createddate,tasksubtype,isclosed,subject,ownerid,activitydate,status,whatid,calldurationinseconds,calltype from Task where LastModifiedDate >2018-11-21T07:21:09Z AND LastModifiedDate < 2018-11-21T07:27:24Z AND (   CallType = 'Outbound'  OR  CallType = 'Inbound'  )  ORDER BY SystemModStamp DESC LIMIT 5000  ALL ROWS
17:27:19.38 (1052668195)|SOQL_EXECUTE_END|[16]|Rows:1
17:27:19.81 (1081074135)|CUMULATIVE_LIMIT_USAGE
17:27:19.81 (1081074135)|LIMIT_USAGE_FOR_NS|(default)|
  Number of SOQL queries: 0 out of 200
  Number of query rows: 0 out of 50000
  Number of SOSL queries: 0 out of 20
  Number of DML statements: 0 out of 150
  Number of DML rows: 0 out of 10000
  Maximum CPU time: 0 out of 60000
  Maximum heap size: 0 out of 12000000
  Number of callouts: 0 out of 0
  Number of Email Invocations: 0 out of 10
  Number of future calls: 0 out of 0
  Number of queueable jobs added to the queue: 0 out of 1
  Number of Mobile Apex push calls: 0 out of 10

17:27:19.81 (1081074135)|LIMIT_USAGE_FOR_NS|Centify|
  Number of SOQL queries: 0 out of 200
  Number of query rows: 0 out of 50000
  Number of SOSL queries: 0 out of 20
  Number of DML statements: 0 out of 150
  Number of DML rows: 0 out of 10000
  Maximum CPU time: 0 out of 60000
  Maximum heap size: 0 out of 12000000
  Number of callouts: 0 out of 0
  Number of Email Invocations: 0 out of 10
  Number of future calls: 0 out of 0
  Number of queueable jobs added to the queue: 0 out of 1
  Number of Mobile Apex push calls: 0 out of 10

17:27:19.81 (1081074135)|CUMULATIVE_LIMIT_USAGE_END

