37.0 APEX_CODE,FINEST;APEX_PROFILING,INFO;CALLOUT,INFO;DB,INFO;NBA,INFO;SYSTEM,DEBUG;VALIDATION,INFO;VISUALFORCE,INFO;WAVE,INFO;WORKFLOW,INFO
11:45:00.9 (9808369)|ENTERING_MANAGED_PKG|Centify
11:45:00.9 (11778935)|ENTERING_MANAGED_PKG|Centify
11:45:00.9 (11887778)|ENTERING_MANAGED_PKG|Centify
11:45:00.9 (12369439)|ENTERING_MANAGED_PKG|Centify
11:45:00.9 (12412015)|ENTERING_MANAGED_PKG|Centify
11:45:00.9 (13628404)|ENTERING_MANAGED_PKG|Centify
11:45:00.9 (13723938)|ENTERING_MANAGED_PKG|Centify
11:45:00.9 (16737401)|ENTERING_MANAGED_PKG|Centify
11:45:00.9 (17436233)|ENTERING_MANAGED_PKG|Centify
11:45:00.9 (17615742)|ENTERING_MANAGED_PKG|Centify
11:45:00.9 (17660490)|ENTERING_MANAGED_PKG|Centify
11:45:00.9 (18501695)|ENTERING_MANAGED_PKG|Centify
11:45:00.9 (18581713)|ENTERING_MANAGED_PKG|Centify
11:45:00.9 (18800577)|ENTERING_MANAGED_PKG|Centify
11:45:00.9 (21474650)|ENTERING_MANAGED_PKG|Centify
11:45:00.9 (21516014)|ENTERING_MANAGED_PKG|Centify
11:45:00.9 (21598297)|ENTERING_MANAGED_PKG|Centify
11:45:00.9 (22391985)|ENTERING_MANAGED_PKG|Centify
11:45:00.9 (24000899)|ENTERING_MANAGED_PKG|Centify
11:45:00.9 (24055462)|ENTERING_MANAGED_PKG|Centify
11:45:00.9 (24139302)|ENTERING_MANAGED_PKG|Centify
11:45:00.9 (24876385)|ENTERING_MANAGED_PKG|Centify
11:45:00.9 (24916763)|ENTERING_MANAGED_PKG|Centify
11:45:00.9 (24991406)|ENTERING_MANAGED_PKG|Centify
11:45:00.9 (25876093)|ENTERING_MANAGED_PKG|Centify
11:45:00.9 (28242502)|ENTERING_MANAGED_PKG|Centify
11:45:00.9 (30658275)|ENTERING_MANAGED_PKG|Centify
11:45:00.9 (30773172)|ENTERING_MANAGED_PKG|Centify
11:45:00.9 (31801984)|ENTERING_MANAGED_PKG|Centify
11:45:00.9 (31858815)|ENTERING_MANAGED_PKG|Centify
11:45:00.9 (31917358)|ENTERING_MANAGED_PKG|Centify
11:45:00.9 (31987423)|ENTERING_MANAGED_PKG|Centify
11:45:00.9 (32135833)|ENTERING_MANAGED_PKG|Centify
11:45:00.9 (33897126)|SOQL_EXECUTE_BEGIN|[28]|Aggregations:0|SELECT Id FROM ApexClass WHERE Name = :tmpVar1
11:45:00.9 (43369926)|SOQL_EXECUTE_END|[28]|Rows:1
11:45:00.9 (44209849)|SOQL_EXECUTE_BEGIN|[49]|Aggregations:0|SELECT COUNT() FROM AsyncApexJob WHERE (ApexClassId = :tmpVar1 AND Status IN ('Queued', 'Holding', 'Preparing', 'Processing'))
11:45:00.9 (51918273)|SOQL_EXECUTE_END|[49]|Rows:0
11:45:00.9 (52030373)|ENTERING_MANAGED_PKG|Centify
11:45:00.9 (52907132)|ENTERING_MANAGED_PKG|Centify
11:45:00.9 (53013151)|ENTERING_MANAGED_PKG|Centify
11:45:00.9 (53748360)|ENTERING_MANAGED_PKG|Centify
11:45:00.9 (54953059)|ENTERING_MANAGED_PKG|Centify
11:45:00.9 (55005649)|ENTERING_MANAGED_PKG|Centify
11:45:00.9 (88718715)|ENTERING_MANAGED_PKG|Centify
11:45:00.9 (88807323)|ENTERING_MANAGED_PKG|Centify
11:45:00.9 (100347117)|ENTERING_MANAGED_PKG|Centify
11:45:00.9 (102794486)|ENTERING_MANAGED_PKG|Centify
11:45:00.9 (104355596)|ENTERING_MANAGED_PKG|Centify
11:45:00.9 (105908069)|ENTERING_MANAGED_PKG|Centify
11:45:00.9 (106019962)|ENTERING_MANAGED_PKG|Centify
11:45:00.9 (106060673)|ENTERING_MANAGED_PKG|Centify
11:45:00.9 (106180016)|ENTERING_MANAGED_PKG|Centify
11:45:00.9 (106232565)|ENTERING_MANAGED_PKG|Centify
11:45:00.9 (106419137)|ENTERING_MANAGED_PKG|Centify
11:45:00.9 (106610346)|ENTERING_MANAGED_PKG|Centify
11:45:00.9 (106731961)|ENTERING_MANAGED_PKG|Centify
11:45:00.9 (106849008)|ENTERING_MANAGED_PKG|Centify
11:45:00.9 (106960390)|ENTERING_MANAGED_PKG|Centify
11:45:00.9 (107078292)|ENTERING_MANAGED_PKG|Centify
11:45:00.9 (107194081)|ENTERING_MANAGED_PKG|Centify
11:45:00.9 (107304857)|ENTERING_MANAGED_PKG|Centify
11:45:00.9 (107415706)|ENTERING_MANAGED_PKG|Centify
11:45:00.9 (107534610)|ENTERING_MANAGED_PKG|Centify
11:45:00.9 (107714428)|ENTERING_MANAGED_PKG|Centify
11:45:00.9 (107871356)|ENTERING_MANAGED_PKG|Centify
11:45:00.9 (107989981)|ENTERING_MANAGED_PKG|Centify
11:45:00.9 (108102792)|ENTERING_MANAGED_PKG|Centify
11:45:00.9 (108210736)|ENTERING_MANAGED_PKG|Centify
11:45:00.9 (109373527)|ENTERING_MANAGED_PKG|Centify
11:45:00.9 (109582271)|ENTERING_MANAGED_PKG|Centify
11:45:00.9 (109706778)|ENTERING_MANAGED_PKG|Centify
11:45:00.9 (109870647)|ENTERING_MANAGED_PKG|Centify
11:45:00.9 (110102676)|ENTERING_MANAGED_PKG|Centify
11:45:00.9 (110277441)|ENTERING_MANAGED_PKG|Centify
11:45:00.9 (110453901)|ENTERING_MANAGED_PKG|Centify
11:45:00.9 (110647674)|ENTERING_MANAGED_PKG|Centify
11:45:00.9 (110838819)|ENTERING_MANAGED_PKG|Centify
11:45:00.9 (111025524)|ENTERING_MANAGED_PKG|Centify
11:45:00.9 (111213568)|ENTERING_MANAGED_PKG|Centify
11:45:00.9 (111399893)|ENTERING_MANAGED_PKG|Centify
11:45:00.9 (111589695)|ENTERING_MANAGED_PKG|Centify
11:45:00.9 (111781247)|ENTERING_MANAGED_PKG|Centify
11:45:00.9 (111989019)|ENTERING_MANAGED_PKG|Centify
11:45:00.9 (112072777)|ENTERING_MANAGED_PKG|Centify
11:45:00.9 (112141164)|ENTERING_MANAGED_PKG|Centify
11:45:00.9 (112186277)|ENTERING_MANAGED_PKG|Centify
11:45:00.9 (112350421)|ENTERING_MANAGED_PKG|Centify
11:45:00.9 (112428101)|ENTERING_MANAGED_PKG|Centify
11:45:00.9 (114541616)|ENTERING_MANAGED_PKG|Centify
11:45:00.9 (114582061)|ENTERING_MANAGED_PKG|Centify
11:45:00.9 (114620871)|ENTERING_MANAGED_PKG|Centify
11:45:00.9 (114693908)|ENTERING_MANAGED_PKG|Centify
11:45:00.9 (114868435)|ENTERING_MANAGED_PKG|Centify
11:45:00.9 (114997034)|ENTERING_MANAGED_PKG|Centify
11:45:00.9 (158626518)|ENTERING_MANAGED_PKG|Centify
11:45:00.9 (158686484)|ENTERING_MANAGED_PKG|Centify
11:45:00.9 (173711105)|ENTERING_MANAGED_PKG|Centify
11:45:00.9 (173759597)|ENTERING_MANAGED_PKG|Centify
11:45:00.9 (173856475)|ENTERING_MANAGED_PKG|Centify
11:45:00.9 (173884425)|ENTERING_MANAGED_PKG|Centify
11:45:00.9 (180610090)|ENTERING_MANAGED_PKG|Centify
11:45:00.9 (180837146)|ENTERING_MANAGED_PKG|Centify
11:45:00.9 (181355004)|ENTERING_MANAGED_PKG|Centify
11:45:00.9 (181920297)|ENTERING_MANAGED_PKG|Centify
11:45:00.9 (181967343)|ENTERING_MANAGED_PKG|Centify
11:45:00.9 (182058935)|ENTERING_MANAGED_PKG|Centify
11:45:00.9 (182101069)|ENTERING_MANAGED_PKG|Centify
11:45:00.9 (182205489)|ENTERING_MANAGED_PKG|Centify
11:45:00.9 (182335297)|ENTERING_MANAGED_PKG|Centify
11:45:00.9 (182477131)|ENTERING_MANAGED_PKG|Centify
11:45:00.9 (182589405)|ENTERING_MANAGED_PKG|Centify
11:45:00.9 (182698871)|ENTERING_MANAGED_PKG|Centify
11:45:00.9 (182808501)|ENTERING_MANAGED_PKG|Centify
11:45:00.9 (182930894)|ENTERING_MANAGED_PKG|Centify
11:45:00.9 (183080851)|ENTERING_MANAGED_PKG|Centify
11:45:00.9 (183191679)|ENTERING_MANAGED_PKG|Centify
11:45:00.9 (183300364)|ENTERING_MANAGED_PKG|Centify
11:45:00.9 (183408941)|ENTERING_MANAGED_PKG|Centify
11:45:00.9 (183517397)|ENTERING_MANAGED_PKG|Centify
11:45:00.9 (183627043)|ENTERING_MANAGED_PKG|Centify
11:45:00.9 (183735188)|ENTERING_MANAGED_PKG|Centify
11:45:00.9 (183850028)|ENTERING_MANAGED_PKG|Centify
11:45:00.9 (183964224)|ENTERING_MANAGED_PKG|Centify
11:45:00.9 (184072658)|ENTERING_MANAGED_PKG|Centify
11:45:00.9 (184194471)|ENTERING_MANAGED_PKG|Centify
11:45:00.9 (184372510)|ENTERING_MANAGED_PKG|Centify
11:45:00.9 (184499818)|ENTERING_MANAGED_PKG|Centify
11:45:00.9 (184624686)|ENTERING_MANAGED_PKG|Centify
11:45:00.9 (184748383)|ENTERING_MANAGED_PKG|Centify
11:45:00.9 (184877142)|ENTERING_MANAGED_PKG|Centify
11:45:00.9 (184990940)|ENTERING_MANAGED_PKG|Centify
11:45:00.9 (185099561)|ENTERING_MANAGED_PKG|Centify
11:45:00.9 (185206808)|ENTERING_MANAGED_PKG|Centify
11:45:00.9 (185331875)|ENTERING_MANAGED_PKG|Centify
11:45:00.9 (185455234)|ENTERING_MANAGED_PKG|Centify
11:45:00.9 (185587411)|ENTERING_MANAGED_PKG|Centify
11:45:00.9 (185716236)|ENTERING_MANAGED_PKG|Centify
11:45:00.9 (185845710)|ENTERING_MANAGED_PKG|Centify
11:45:00.9 (186006095)|ENTERING_MANAGED_PKG|Centify
11:45:00.9 (186228722)|ENTERING_MANAGED_PKG|Centify
11:45:00.9 (186433641)|ENTERING_MANAGED_PKG|Centify
11:45:00.9 (186643509)|ENTERING_MANAGED_PKG|Centify
11:45:00.9 (186858235)|ENTERING_MANAGED_PKG|Centify
11:45:00.9 (187033315)|ENTERING_MANAGED_PKG|Centify
11:45:00.9 (187233059)|ENTERING_MANAGED_PKG|Centify
11:45:00.9 (187422237)|ENTERING_MANAGED_PKG|Centify
11:45:00.9 (187607855)|ENTERING_MANAGED_PKG|Centify
11:45:00.9 (187792745)|ENTERING_MANAGED_PKG|Centify
11:45:00.9 (187983530)|ENTERING_MANAGED_PKG|Centify
11:45:00.9 (188168171)|ENTERING_MANAGED_PKG|Centify
11:45:00.9 (188356788)|ENTERING_MANAGED_PKG|Centify
11:45:00.9 (188542094)|ENTERING_MANAGED_PKG|Centify
11:45:00.9 (188727941)|ENTERING_MANAGED_PKG|Centify
11:45:00.9 (188858842)|ENTERING_MANAGED_PKG|Centify
11:45:00.9 (188970374)|ENTERING_MANAGED_PKG|Centify
11:45:00.9 (189080585)|ENTERING_MANAGED_PKG|Centify
11:45:00.9 (189189117)|ENTERING_MANAGED_PKG|Centify
11:45:00.9 (189298398)|ENTERING_MANAGED_PKG|Centify
11:45:00.9 (189405845)|ENTERING_MANAGED_PKG|Centify
11:45:00.9 (189514202)|ENTERING_MANAGED_PKG|Centify
11:45:00.9 (189621789)|ENTERING_MANAGED_PKG|Centify
11:45:00.9 (189798920)|ENTERING_MANAGED_PKG|Centify
11:45:00.9 (189837722)|ENTERING_MANAGED_PKG|Centify
11:45:00.9 (189937625)|ENTERING_MANAGED_PKG|Centify
11:45:00.9 (189985632)|ENTERING_MANAGED_PKG|Centify
11:45:00.9 (190028130)|ENTERING_MANAGED_PKG|Centify
11:45:00.9 (190063790)|ENTERING_MANAGED_PKG|Centify
11:45:00.9 (190090409)|ENTERING_MANAGED_PKG|Centify
11:45:00.9 (190364774)|ENTERING_MANAGED_PKG|Centify
11:45:00.9 (190390903)|ENTERING_MANAGED_PKG|Centify
11:45:00.9 (190409168)|ENTERING_MANAGED_PKG|Centify
11:45:00.9 (190566617)|ENTERING_MANAGED_PKG|Centify
11:45:00.9 (190708985)|ENTERING_MANAGED_PKG|Centify
11:45:00.9 (190731535)|ENTERING_MANAGED_PKG|Centify
11:45:00.9 (190755753)|ENTERING_MANAGED_PKG|Centify
11:45:00.9 (190767492)|ENTERING_MANAGED_PKG|Centify
11:45:00.9 (191167845)|ENTERING_MANAGED_PKG|Centify
11:45:00.9 (191193426)|ENTERING_MANAGED_PKG|Centify
11:45:00.9 (191205489)|ENTERING_MANAGED_PKG|Centify
11:45:00.9 (191280794)|ENTERING_MANAGED_PKG|Centify
11:45:00.9 (191405859)|ENTERING_MANAGED_PKG|Centify
11:45:00.9 (191427574)|ENTERING_MANAGED_PKG|Centify
11:45:00.9 (191450554)|ENTERING_MANAGED_PKG|Centify
11:45:00.9 (191463291)|ENTERING_MANAGED_PKG|Centify
11:45:00.9 (191893736)|ENTERING_MANAGED_PKG|Centify
11:45:00.9 (191917401)|ENTERING_MANAGED_PKG|Centify
11:45:00.9 (191928550)|ENTERING_MANAGED_PKG|Centify
11:45:00.9 (192000957)|ENTERING_MANAGED_PKG|Centify
11:45:00.9 (192124685)|ENTERING_MANAGED_PKG|Centify
11:45:00.9 (192146095)|ENTERING_MANAGED_PKG|Centify
11:45:00.9 (192168492)|ENTERING_MANAGED_PKG|Centify
11:45:00.9 (192180336)|ENTERING_MANAGED_PKG|Centify
11:45:00.9 (192693408)|ENTERING_MANAGED_PKG|Centify
11:45:00.9 (192716843)|ENTERING_MANAGED_PKG|Centify
11:45:00.9 (192728673)|ENTERING_MANAGED_PKG|Centify
11:45:00.9 (192816309)|ENTERING_MANAGED_PKG|Centify
11:45:00.9 (192942105)|ENTERING_MANAGED_PKG|Centify
11:45:00.9 (192963773)|ENTERING_MANAGED_PKG|Centify
11:45:00.9 (192986598)|ENTERING_MANAGED_PKG|Centify
11:45:00.9 (192998388)|ENTERING_MANAGED_PKG|Centify
11:45:00.9 (193605163)|ENTERING_MANAGED_PKG|Centify
11:45:00.9 (193629298)|ENTERING_MANAGED_PKG|Centify
11:45:00.9 (193641957)|ENTERING_MANAGED_PKG|Centify
11:45:00.9 (193713955)|ENTERING_MANAGED_PKG|Centify
11:45:00.9 (193833800)|ENTERING_MANAGED_PKG|Centify
11:45:00.9 (193946922)|ENTERING_MANAGED_PKG|Centify
11:45:00.9 (194055664)|ENTERING_MANAGED_PKG|Centify
11:45:00.9 (194174042)|ENTERING_MANAGED_PKG|Centify
11:45:00.9 (194195841)|ENTERING_MANAGED_PKG|Centify
11:45:00.9 (194219446)|ENTERING_MANAGED_PKG|Centify
11:45:00.9 (194231118)|ENTERING_MANAGED_PKG|Centify
11:45:00.9 (194936094)|ENTERING_MANAGED_PKG|Centify
11:45:00.9 (194959716)|ENTERING_MANAGED_PKG|Centify
11:45:00.9 (194970923)|ENTERING_MANAGED_PKG|Centify
11:45:00.9 (195040605)|ENTERING_MANAGED_PKG|Centify
11:45:00.9 (195162440)|ENTERING_MANAGED_PKG|Centify
11:45:00.9 (195183619)|ENTERING_MANAGED_PKG|Centify
11:45:00.9 (195207463)|ENTERING_MANAGED_PKG|Centify
11:45:00.9 (195226239)|ENTERING_MANAGED_PKG|Centify
11:45:00.9 (196123184)|ENTERING_MANAGED_PKG|Centify
11:45:00.9 (196149615)|ENTERING_MANAGED_PKG|Centify
11:45:00.9 (196161366)|ENTERING_MANAGED_PKG|Centify
11:45:00.9 (196249914)|ENTERING_MANAGED_PKG|Centify
11:45:00.9 (196377928)|ENTERING_MANAGED_PKG|Centify
11:45:00.9 (196399862)|ENTERING_MANAGED_PKG|Centify
11:45:00.9 (196423021)|ENTERING_MANAGED_PKG|Centify
11:45:00.9 (196434615)|ENTERING_MANAGED_PKG|Centify
11:45:00.9 (197284563)|ENTERING_MANAGED_PKG|Centify
11:45:00.9 (197308739)|ENTERING_MANAGED_PKG|Centify
11:45:00.9 (197320262)|ENTERING_MANAGED_PKG|Centify
11:45:00.9 (197392717)|ENTERING_MANAGED_PKG|Centify
11:45:00.9 (197516537)|ENTERING_MANAGED_PKG|Centify
11:45:00.9 (197537435)|ENTERING_MANAGED_PKG|Centify
11:45:00.9 (197560100)|ENTERING_MANAGED_PKG|Centify
11:45:00.9 (197571722)|ENTERING_MANAGED_PKG|Centify
11:45:00.9 (198572923)|ENTERING_MANAGED_PKG|Centify
11:45:00.9 (198600023)|ENTERING_MANAGED_PKG|Centify
11:45:00.9 (198611882)|ENTERING_MANAGED_PKG|Centify
11:45:00.9 (198687952)|ENTERING_MANAGED_PKG|Centify
11:45:00.9 (198817755)|ENTERING_MANAGED_PKG|Centify
11:45:00.9 (198840189)|ENTERING_MANAGED_PKG|Centify
11:45:00.9 (198863336)|ENTERING_MANAGED_PKG|Centify
11:45:00.9 (198875729)|ENTERING_MANAGED_PKG|Centify
11:45:00.9 (200000224)|ENTERING_MANAGED_PKG|Centify
11:45:00.9 (200029899)|ENTERING_MANAGED_PKG|Centify
11:45:00.9 (200042668)|ENTERING_MANAGED_PKG|Centify
11:45:00.9 (200119974)|ENTERING_MANAGED_PKG|Centify
11:45:00.9 (200250763)|ENTERING_MANAGED_PKG|Centify
11:45:00.9 (200276264)|ENTERING_MANAGED_PKG|Centify
11:45:00.9 (200325166)|ENTERING_MANAGED_PKG|Centify
11:45:00.9 (200347293)|ENTERING_MANAGED_PKG|Centify
11:45:00.9 (201523396)|ENTERING_MANAGED_PKG|Centify
11:45:00.9 (201551009)|ENTERING_MANAGED_PKG|Centify
11:45:00.9 (201563149)|ENTERING_MANAGED_PKG|Centify
11:45:00.9 (201640301)|ENTERING_MANAGED_PKG|Centify
11:45:00.9 (201769284)|ENTERING_MANAGED_PKG|Centify
11:45:00.9 (201790715)|ENTERING_MANAGED_PKG|Centify
11:45:00.9 (201818156)|ENTERING_MANAGED_PKG|Centify
11:45:00.9 (201830575)|ENTERING_MANAGED_PKG|Centify
11:45:00.9 (203063156)|ENTERING_MANAGED_PKG|Centify
11:45:00.9 (203088304)|ENTERING_MANAGED_PKG|Centify
11:45:00.9 (203100237)|ENTERING_MANAGED_PKG|Centify
11:45:00.9 (203173171)|ENTERING_MANAGED_PKG|Centify
11:45:00.9 (203297614)|ENTERING_MANAGED_PKG|Centify
11:45:00.9 (203318690)|ENTERING_MANAGED_PKG|Centify
11:45:00.9 (203341263)|ENTERING_MANAGED_PKG|Centify
11:45:00.9 (203352930)|ENTERING_MANAGED_PKG|Centify
11:45:00.9 (204676898)|ENTERING_MANAGED_PKG|Centify
11:45:00.9 (204702254)|ENTERING_MANAGED_PKG|Centify
11:45:00.9 (204714272)|ENTERING_MANAGED_PKG|Centify
11:45:00.9 (204788298)|ENTERING_MANAGED_PKG|Centify
11:45:00.9 (204917528)|ENTERING_MANAGED_PKG|Centify
11:45:00.9 (204938732)|ENTERING_MANAGED_PKG|Centify
11:45:00.9 (204961174)|ENTERING_MANAGED_PKG|Centify
11:45:00.9 (204973206)|ENTERING_MANAGED_PKG|Centify
11:45:00.9 (206546717)|ENTERING_MANAGED_PKG|Centify
11:45:00.9 (206588556)|ENTERING_MANAGED_PKG|Centify
11:45:00.9 (206602383)|ENTERING_MANAGED_PKG|Centify
11:45:00.9 (206686741)|ENTERING_MANAGED_PKG|Centify
11:45:00.9 (206823699)|ENTERING_MANAGED_PKG|Centify
11:45:00.9 (206847085)|ENTERING_MANAGED_PKG|Centify
11:45:00.9 (206872075)|ENTERING_MANAGED_PKG|Centify
11:45:00.9 (206884108)|ENTERING_MANAGED_PKG|Centify
11:45:00.9 (208459923)|ENTERING_MANAGED_PKG|Centify
11:45:00.9 (208488764)|ENTERING_MANAGED_PKG|Centify
11:45:00.9 (208500812)|ENTERING_MANAGED_PKG|Centify
11:45:00.9 (208575915)|ENTERING_MANAGED_PKG|Centify
11:45:00.9 (208614280)|ENTERING_MANAGED_PKG|Centify
11:45:00.9 (208645185)|ENTERING_MANAGED_PKG|Centify
11:45:00.9 (208666955)|ENTERING_MANAGED_PKG|Centify
11:45:00.9 (208891430)|ENTERING_MANAGED_PKG|Centify
11:45:00.9 (208917972)|ENTERING_MANAGED_PKG|Centify
11:45:00.9 (210634479)|ENTERING_MANAGED_PKG|Centify
11:45:00.9 (210664908)|ENTERING_MANAGED_PKG|Centify
11:45:00.9 (210687222)|ENTERING_MANAGED_PKG|Centify
11:45:00.9 (210735422)|ENTERING_MANAGED_PKG|Centify
11:45:00.9 (210855017)|ENTERING_MANAGED_PKG|Centify
11:45:00.9 (210938755)|ENTERING_MANAGED_PKG|Centify
11:45:00.9 (228648222)|ENTERING_MANAGED_PKG|Centify
11:45:00.9 (228693555)|ENTERING_MANAGED_PKG|Centify
11:45:00.9 (228768854)|ENTERING_MANAGED_PKG|Centify
11:45:00.9 (228796384)|ENTERING_MANAGED_PKG|Centify
11:45:00.9 (236393984)|ENTERING_MANAGED_PKG|Centify
11:45:00.9 (236622483)|ENTERING_MANAGED_PKG|Centify
11:45:00.9 (237329021)|ENTERING_MANAGED_PKG|Centify
11:45:00.9 (237854607)|ENTERING_MANAGED_PKG|Centify
11:45:00.9 (237901992)|ENTERING_MANAGED_PKG|Centify
11:45:00.9 (237991556)|ENTERING_MANAGED_PKG|Centify
11:45:00.9 (238032891)|ENTERING_MANAGED_PKG|Centify
11:45:00.9 (238138147)|ENTERING_MANAGED_PKG|Centify
11:45:00.9 (238272842)|ENTERING_MANAGED_PKG|Centify
11:45:00.9 (238388733)|ENTERING_MANAGED_PKG|Centify
11:45:00.9 (238498228)|ENTERING_MANAGED_PKG|Centify
11:45:00.9 (238608160)|ENTERING_MANAGED_PKG|Centify
11:45:00.9 (238717892)|ENTERING_MANAGED_PKG|Centify
11:45:00.9 (238833398)|ENTERING_MANAGED_PKG|Centify
11:45:00.9 (238943253)|ENTERING_MANAGED_PKG|Centify
11:45:00.9 (239053624)|ENTERING_MANAGED_PKG|Centify
11:45:00.9 (239163404)|ENTERING_MANAGED_PKG|Centify
11:45:00.9 (239272700)|ENTERING_MANAGED_PKG|Centify
11:45:00.9 (239439487)|ENTERING_MANAGED_PKG|Centify
11:45:00.9 (239597259)|ENTERING_MANAGED_PKG|Centify
11:45:00.9 (239715943)|ENTERING_MANAGED_PKG|Centify
11:45:00.9 (239822183)|ENTERING_MANAGED_PKG|Centify
11:45:00.9 (239935627)|ENTERING_MANAGED_PKG|Centify
11:45:00.9 (240052695)|ENTERING_MANAGED_PKG|Centify
11:45:00.9 (240163179)|ENTERING_MANAGED_PKG|Centify
11:45:00.9 (240270678)|ENTERING_MANAGED_PKG|Centify
11:45:00.9 (240377985)|ENTERING_MANAGED_PKG|Centify
11:45:00.9 (240484702)|ENTERING_MANAGED_PKG|Centify
11:45:00.9 (240590911)|ENTERING_MANAGED_PKG|Centify
11:45:00.9 (240697708)|ENTERING_MANAGED_PKG|Centify
11:45:00.9 (240806382)|ENTERING_MANAGED_PKG|Centify
11:45:00.9 (240919740)|ENTERING_MANAGED_PKG|Centify
11:45:00.9 (241027127)|ENTERING_MANAGED_PKG|Centify
11:45:00.9 (241181539)|ENTERING_MANAGED_PKG|Centify
11:45:00.9 (241298393)|ENTERING_MANAGED_PKG|Centify
11:45:00.9 (241408345)|ENTERING_MANAGED_PKG|Centify
11:45:00.9 (241545120)|ENTERING_MANAGED_PKG|Centify
11:45:00.9 (241589294)|ENTERING_MANAGED_PKG|Centify
11:45:00.9 (241622564)|ENTERING_MANAGED_PKG|Centify
11:45:00.9 (241644965)|ENTERING_MANAGED_PKG|Centify
11:45:00.9 (241693755)|ENTERING_MANAGED_PKG|Centify
11:45:00.9 (241735373)|ENTERING_MANAGED_PKG|Centify
11:45:00.9 (243504311)|ENTERING_MANAGED_PKG|Centify
11:45:00.9 (243543244)|ENTERING_MANAGED_PKG|Centify
11:45:00.9 (243568410)|ENTERING_MANAGED_PKG|Centify
11:45:00.9 (243619015)|ENTERING_MANAGED_PKG|Centify
11:45:00.9 (243740672)|ENTERING_MANAGED_PKG|Centify
11:45:00.9 (243810473)|ENTERING_MANAGED_PKG|Centify
11:45:00.9 (260476795)|ENTERING_MANAGED_PKG|Centify
11:45:00.9 (260526457)|ENTERING_MANAGED_PKG|Centify
11:45:00.9 (275961006)|ENTERING_MANAGED_PKG|Centify
11:45:00.9 (276040969)|ENTERING_MANAGED_PKG|Centify
11:45:00.9 (290752014)|ENTERING_MANAGED_PKG|Centify
11:45:00.9 (290805921)|ENTERING_MANAGED_PKG|Centify
11:45:00.9 (307546820)|ENTERING_MANAGED_PKG|Centify
11:45:00.9 (307694844)|ENTERING_MANAGED_PKG|Centify
11:45:00.9 (307810106)|ENTERING_MANAGED_PKG|Centify
11:45:00.9 (307921806)|ENTERING_MANAGED_PKG|Centify
11:45:00.9 (308047037)|ENTERING_MANAGED_PKG|Centify
11:45:00.9 (308127949)|ENTERING_MANAGED_PKG|Centify
11:45:00.9 (308203555)|ENTERING_MANAGED_PKG|Centify
11:45:00.9 (308299133)|ENTERING_MANAGED_PKG|Centify
11:45:00.9 (308470567)|ENTERING_MANAGED_PKG|Centify
11:45:00.9 (308601447)|ENTERING_MANAGED_PKG|Centify
11:45:00.9 (308738442)|ENTERING_MANAGED_PKG|Centify
11:45:00.9 (308778338)|ENTERING_MANAGED_PKG|Centify
11:45:00.9 (308852769)|ENTERING_MANAGED_PKG|Centify
11:45:00.9 (308877124)|ENTERING_MANAGED_PKG|Centify
11:45:00.9 (315951898)|ENTERING_MANAGED_PKG|Centify
11:45:00.9 (316251024)|ENTERING_MANAGED_PKG|Centify
11:45:00.9 (330908432)|ENTERING_MANAGED_PKG|Centify
11:45:00.9 (332593183)|ENTERING_MANAGED_PKG|Centify
11:45:00.9 (332648226)|ENTERING_MANAGED_PKG|Centify
11:45:00.9 (332756715)|ENTERING_MANAGED_PKG|Centify
11:45:00.9 (332807463)|ENTERING_MANAGED_PKG|Centify
11:45:00.9 (332940635)|ENTERING_MANAGED_PKG|Centify
11:45:00.9 (333105831)|ENTERING_MANAGED_PKG|Centify
11:45:00.9 (333224042)|ENTERING_MANAGED_PKG|Centify
11:45:00.9 (333359647)|ENTERING_MANAGED_PKG|Centify
11:45:00.9 (333474630)|ENTERING_MANAGED_PKG|Centify
11:45:00.9 (333583374)|ENTERING_MANAGED_PKG|Centify
11:45:00.9 (333690484)|ENTERING_MANAGED_PKG|Centify
11:45:00.9 (333805517)|ENTERING_MANAGED_PKG|Centify
11:45:00.9 (333926117)|ENTERING_MANAGED_PKG|Centify
11:45:00.9 (334055886)|ENTERING_MANAGED_PKG|Centify
11:45:00.9 (334186230)|ENTERING_MANAGED_PKG|Centify
11:45:00.9 (334296631)|ENTERING_MANAGED_PKG|Centify
11:45:00.9 (334407293)|ENTERING_MANAGED_PKG|Centify
11:45:00.9 (334537696)|ENTERING_MANAGED_PKG|Centify
11:45:00.9 (334648707)|ENTERING_MANAGED_PKG|Centify
11:45:00.9 (334752772)|ENTERING_MANAGED_PKG|Centify
11:45:00.9 (334871992)|ENTERING_MANAGED_PKG|Centify
11:45:00.9 (334991034)|ENTERING_MANAGED_PKG|Centify
11:45:00.9 (335118420)|ENTERING_MANAGED_PKG|Centify
11:45:00.9 (335249947)|ENTERING_MANAGED_PKG|Centify
11:45:00.9 (335361309)|ENTERING_MANAGED_PKG|Centify
11:45:00.9 (335468968)|ENTERING_MANAGED_PKG|Centify
11:45:00.9 (335599378)|ENTERING_MANAGED_PKG|Centify
11:45:00.9 (335708887)|ENTERING_MANAGED_PKG|Centify
11:45:00.9 (335821966)|ENTERING_MANAGED_PKG|Centify
11:45:00.9 (335929059)|ENTERING_MANAGED_PKG|Centify
11:45:00.9 (336038763)|ENTERING_MANAGED_PKG|Centify
11:45:00.9 (336147571)|ENTERING_MANAGED_PKG|Centify
11:45:00.9 (336272254)|ENTERING_MANAGED_PKG|Centify
11:45:00.9 (336397572)|ENTERING_MANAGED_PKG|Centify
11:45:00.9 (336513863)|ENTERING_MANAGED_PKG|Centify
11:45:00.9 (336629758)|ENTERING_MANAGED_PKG|Centify
11:45:00.9 (336673083)|ENTERING_MANAGED_PKG|Centify
11:45:00.9 (336711836)|ENTERING_MANAGED_PKG|Centify
11:45:00.9 (336739149)|ENTERING_MANAGED_PKG|Centify
11:45:00.9 (336803646)|ENTERING_MANAGED_PKG|Centify
11:45:00.9 (336844313)|ENTERING_MANAGED_PKG|Centify
11:45:00.9 (338509352)|ENTERING_MANAGED_PKG|Centify
11:45:00.9 (338545221)|ENTERING_MANAGED_PKG|Centify
11:45:00.9 (338576284)|ENTERING_MANAGED_PKG|Centify
11:45:00.9 (338627254)|ENTERING_MANAGED_PKG|Centify
11:45:00.9 (338757663)|ENTERING_MANAGED_PKG|Centify
11:45:00.9 (338829131)|ENTERING_MANAGED_PKG|Centify
11:45:00.9 (356822956)|ENTERING_MANAGED_PKG|Centify
11:45:00.9 (356871508)|ENTERING_MANAGED_PKG|Centify
11:45:00.9 (372022004)|ENTERING_MANAGED_PKG|Centify
11:45:00.9 (372102565)|ENTERING_MANAGED_PKG|Centify
11:45:00.9 (388276737)|ENTERING_MANAGED_PKG|Centify
11:45:00.9 (388337364)|ENTERING_MANAGED_PKG|Centify
11:45:00.9 (403341581)|ENTERING_MANAGED_PKG|Centify
11:45:00.9 (403453501)|ENTERING_MANAGED_PKG|Centify
11:45:00.9 (403532860)|ENTERING_MANAGED_PKG|Centify
11:45:00.9 (403608341)|ENTERING_MANAGED_PKG|Centify
11:45:00.9 (403706337)|ENTERING_MANAGED_PKG|Centify
11:45:00.9 (403788278)|ENTERING_MANAGED_PKG|Centify
11:45:00.9 (403883661)|ENTERING_MANAGED_PKG|Centify
11:45:00.9 (403964753)|ENTERING_MANAGED_PKG|Centify
11:45:00.9 (404092767)|ENTERING_MANAGED_PKG|Centify
11:45:00.9 (404205695)|ENTERING_MANAGED_PKG|Centify
11:45:00.9 (404343318)|ENTERING_MANAGED_PKG|Centify
11:45:00.9 (404376845)|ENTERING_MANAGED_PKG|Centify
11:45:00.9 (404446446)|ENTERING_MANAGED_PKG|Centify
11:45:00.9 (404470820)|ENTERING_MANAGED_PKG|Centify
11:45:00.9 (412384342)|ENTERING_MANAGED_PKG|Centify
11:45:00.9 (412617004)|ENTERING_MANAGED_PKG|Centify
11:45:00.9 (413200980)|ENTERING_MANAGED_PKG|Centify
11:45:00.9 (414042030)|ENTERING_MANAGED_PKG|Centify
11:45:00.9 (414097677)|ENTERING_MANAGED_PKG|Centify
11:45:00.9 (414210909)|ENTERING_MANAGED_PKG|Centify
11:45:00.9 (414269943)|ENTERING_MANAGED_PKG|Centify
11:45:00.9 (414386923)|ENTERING_MANAGED_PKG|Centify
11:45:00.9 (414528870)|ENTERING_MANAGED_PKG|Centify
11:45:00.9 (414641527)|ENTERING_MANAGED_PKG|Centify
11:45:00.9 (414750830)|ENTERING_MANAGED_PKG|Centify
11:45:00.9 (414878524)|ENTERING_MANAGED_PKG|Centify
11:45:00.9 (414987131)|ENTERING_MANAGED_PKG|Centify
11:45:00.9 (415095726)|ENTERING_MANAGED_PKG|Centify
11:45:00.9 (415205650)|ENTERING_MANAGED_PKG|Centify
11:45:00.9 (415314947)|ENTERING_MANAGED_PKG|Centify
11:45:00.9 (415424036)|ENTERING_MANAGED_PKG|Centify
11:45:00.9 (415532712)|ENTERING_MANAGED_PKG|Centify
11:45:00.9 (415665573)|ENTERING_MANAGED_PKG|Centify
11:45:00.9 (415798114)|ENTERING_MANAGED_PKG|Centify
11:45:00.9 (415923875)|ENTERING_MANAGED_PKG|Centify
11:45:00.9 (416049672)|ENTERING_MANAGED_PKG|Centify
11:45:00.9 (416174114)|ENTERING_MANAGED_PKG|Centify
11:45:00.9 (416298815)|ENTERING_MANAGED_PKG|Centify
11:45:00.9 (416413675)|ENTERING_MANAGED_PKG|Centify
11:45:00.9 (416546459)|ENTERING_MANAGED_PKG|Centify
11:45:00.9 (416658712)|ENTERING_MANAGED_PKG|Centify
11:45:00.9 (416794434)|ENTERING_MANAGED_PKG|Centify
11:45:00.9 (416909480)|ENTERING_MANAGED_PKG|Centify
11:45:00.9 (417017944)|ENTERING_MANAGED_PKG|Centify
11:45:00.9 (417126920)|ENTERING_MANAGED_PKG|Centify
11:45:00.9 (417235944)|ENTERING_MANAGED_PKG|Centify
11:45:00.9 (417343518)|ENTERING_MANAGED_PKG|Centify
11:45:00.9 (417453793)|ENTERING_MANAGED_PKG|Centify
11:45:00.9 (417562614)|ENTERING_MANAGED_PKG|Centify
11:45:00.9 (417693340)|ENTERING_MANAGED_PKG|Centify
11:45:00.9 (417832279)|ENTERING_MANAGED_PKG|Centify
11:45:00.9 (417936942)|ENTERING_MANAGED_PKG|Centify
11:45:00.9 (418054644)|ENTERING_MANAGED_PKG|Centify
11:45:00.9 (418182264)|ENTERING_MANAGED_PKG|Centify
11:45:00.9 (418292346)|ENTERING_MANAGED_PKG|Centify
11:45:00.9 (418397917)|ENTERING_MANAGED_PKG|Centify
11:45:00.9 (418502862)|ENTERING_MANAGED_PKG|Centify
11:45:00.9 (418607663)|ENTERING_MANAGED_PKG|Centify
11:45:00.9 (418714034)|ENTERING_MANAGED_PKG|Centify
11:45:00.9 (418826325)|ENTERING_MANAGED_PKG|Centify
11:45:00.9 (418934044)|ENTERING_MANAGED_PKG|Centify
11:45:00.9 (419040284)|ENTERING_MANAGED_PKG|Centify
11:45:00.9 (419145752)|ENTERING_MANAGED_PKG|Centify
11:45:00.9 (419271461)|ENTERING_MANAGED_PKG|Centify
11:45:00.9 (419350023)|ENTERING_MANAGED_PKG|Centify
11:45:00.9 (419391953)|ENTERING_MANAGED_PKG|Centify
11:45:00.9 (419414182)|ENTERING_MANAGED_PKG|Centify
11:45:00.9 (419439810)|ENTERING_MANAGED_PKG|Centify
11:45:00.9 (419452139)|ENTERING_MANAGED_PKG|Centify
11:45:00.9 (419739075)|ENTERING_MANAGED_PKG|Centify
11:45:00.9 (419769223)|ENTERING_MANAGED_PKG|Centify
11:45:00.9 (419781582)|ENTERING_MANAGED_PKG|Centify
11:45:00.9 (419861750)|ENTERING_MANAGED_PKG|Centify
11:45:00.9 (419987277)|ENTERING_MANAGED_PKG|Centify
11:45:00.9 (420008389)|ENTERING_MANAGED_PKG|Centify
11:45:00.9 (420031790)|ENTERING_MANAGED_PKG|Centify
11:45:00.9 (420043763)|ENTERING_MANAGED_PKG|Centify
11:45:00.9 (420372053)|ENTERING_MANAGED_PKG|Centify
11:45:00.9 (420396310)|ENTERING_MANAGED_PKG|Centify
11:45:00.9 (420407963)|ENTERING_MANAGED_PKG|Centify
11:45:00.9 (420481235)|ENTERING_MANAGED_PKG|Centify
11:45:00.9 (420604045)|ENTERING_MANAGED_PKG|Centify
11:45:00.9 (420624369)|ENTERING_MANAGED_PKG|Centify
11:45:00.9 (420646956)|ENTERING_MANAGED_PKG|Centify
11:45:00.9 (420659349)|ENTERING_MANAGED_PKG|Centify
11:45:00.9 (421150800)|ENTERING_MANAGED_PKG|Centify
11:45:00.9 (421178074)|ENTERING_MANAGED_PKG|Centify
11:45:00.9 (421190353)|ENTERING_MANAGED_PKG|Centify
11:45:00.9 (421267189)|ENTERING_MANAGED_PKG|Centify
11:45:00.9 (421391781)|ENTERING_MANAGED_PKG|Centify
11:45:00.9 (421413107)|ENTERING_MANAGED_PKG|Centify
11:45:00.9 (421436435)|ENTERING_MANAGED_PKG|Centify
11:45:00.9 (421448613)|ENTERING_MANAGED_PKG|Centify
11:45:00.9 (422004817)|ENTERING_MANAGED_PKG|Centify
11:45:00.9 (422029568)|ENTERING_MANAGED_PKG|Centify
11:45:00.9 (422041675)|ENTERING_MANAGED_PKG|Centify
11:45:00.9 (422132738)|ENTERING_MANAGED_PKG|Centify
11:45:00.9 (422284439)|ENTERING_MANAGED_PKG|Centify
11:45:00.9 (422320938)|ENTERING_MANAGED_PKG|Centify
11:45:00.9 (422347883)|ENTERING_MANAGED_PKG|Centify
11:45:00.9 (422359989)|ENTERING_MANAGED_PKG|Centify
11:45:00.9 (423324448)|ENTERING_MANAGED_PKG|Centify
11:45:00.9 (423367958)|ENTERING_MANAGED_PKG|Centify
11:45:00.9 (423390027)|ENTERING_MANAGED_PKG|Centify
11:45:00.9 (423549204)|ENTERING_MANAGED_PKG|Centify
11:45:00.9 (423727491)|ENTERING_MANAGED_PKG|Centify
11:45:00.9 (423754844)|ENTERING_MANAGED_PKG|Centify
11:45:00.9 (423808568)|ENTERING_MANAGED_PKG|Centify
11:45:00.9 (423830047)|ENTERING_MANAGED_PKG|Centify
11:45:00.9 (424712309)|ENTERING_MANAGED_PKG|Centify
11:45:00.9 (424741050)|ENTERING_MANAGED_PKG|Centify
11:45:00.9 (424753668)|ENTERING_MANAGED_PKG|Centify
11:45:00.9 (424839833)|ENTERING_MANAGED_PKG|Centify
11:45:00.9 (424992972)|ENTERING_MANAGED_PKG|Centify
11:45:00.9 (425125741)|ENTERING_MANAGED_PKG|Centify
11:45:00.9 (425239658)|ENTERING_MANAGED_PKG|Centify
11:45:00.9 (425348483)|ENTERING_MANAGED_PKG|Centify
11:45:00.9 (425456362)|ENTERING_MANAGED_PKG|Centify
11:45:00.9 (425564846)|ENTERING_MANAGED_PKG|Centify
11:45:00.9 (425673876)|ENTERING_MANAGED_PKG|Centify
11:45:00.9 (425788103)|ENTERING_MANAGED_PKG|Centify
11:45:00.9 (425905293)|ENTERING_MANAGED_PKG|Centify
11:45:00.9 (426049139)|ENTERING_MANAGED_PKG|Centify
11:45:00.9 (426162551)|ENTERING_MANAGED_PKG|Centify
11:45:00.9 (426285221)|ENTERING_MANAGED_PKG|Centify
11:45:00.9 (426398515)|ENTERING_MANAGED_PKG|Centify
11:45:00.9 (426573408)|ENTERING_MANAGED_PKG|Centify
11:45:00.9 (426613636)|ENTERING_MANAGED_PKG|Centify
11:45:00.9 (426644956)|ENTERING_MANAGED_PKG|Centify
11:45:00.9 (426667183)|ENTERING_MANAGED_PKG|Centify
11:45:00.9 (426828182)|ENTERING_MANAGED_PKG|Centify
11:45:00.9 (426854027)|ENTERING_MANAGED_PKG|Centify
11:45:00.9 (428756100)|ENTERING_MANAGED_PKG|Centify
11:45:00.9 (428813395)|ENTERING_MANAGED_PKG|Centify
11:45:00.9 (428842021)|ENTERING_MANAGED_PKG|Centify
11:45:00.9 (428917872)|ENTERING_MANAGED_PKG|Centify
11:45:00.9 (428942145)|ENTERING_MANAGED_PKG|Centify
11:45:00.9 (429011254)|ENTERING_MANAGED_PKG|Centify
11:45:00.9 (429036086)|ENTERING_MANAGED_PKG|Centify
11:45:00.9 (436595793)|ENTERING_MANAGED_PKG|Centify
11:45:00.9 (436919736)|ENTERING_MANAGED_PKG|Centify
11:45:00.9 (437635198)|ENTERING_MANAGED_PKG|Centify
11:45:00.9 (438251384)|ENTERING_MANAGED_PKG|Centify
11:45:00.9 (438302505)|ENTERING_MANAGED_PKG|Centify
11:45:00.9 (438396821)|ENTERING_MANAGED_PKG|Centify
11:45:00.9 (438438122)|ENTERING_MANAGED_PKG|Centify
11:45:00.9 (438544717)|ENTERING_MANAGED_PKG|Centify
11:45:00.9 (438677104)|ENTERING_MANAGED_PKG|Centify
11:45:00.9 (438798952)|ENTERING_MANAGED_PKG|Centify
11:45:00.9 (438911737)|ENTERING_MANAGED_PKG|Centify
11:45:00.9 (439024400)|ENTERING_MANAGED_PKG|Centify
11:45:00.9 (439134934)|ENTERING_MANAGED_PKG|Centify
11:45:00.9 (439243262)|ENTERING_MANAGED_PKG|Centify
11:45:00.9 (439350862)|ENTERING_MANAGED_PKG|Centify
11:45:00.9 (439459820)|ENTERING_MANAGED_PKG|Centify
11:45:00.9 (439568067)|ENTERING_MANAGED_PKG|Centify
11:45:00.9 (439667648)|ENTERING_MANAGED_PKG|Centify
11:45:00.9 (439779803)|ENTERING_MANAGED_PKG|Centify
11:45:00.9 (439928838)|ENTERING_MANAGED_PKG|Centify
11:45:00.9 (440126792)|ENTERING_MANAGED_PKG|Centify
11:45:00.9 (440324857)|ENTERING_MANAGED_PKG|Centify
11:45:00.9 (440508583)|ENTERING_MANAGED_PKG|Centify
11:45:00.9 (440683671)|ENTERING_MANAGED_PKG|Centify
11:45:00.9 (440907311)|ENTERING_MANAGED_PKG|Centify
11:45:00.9 (441061127)|ENTERING_MANAGED_PKG|Centify
11:45:00.9 (441181016)|ENTERING_MANAGED_PKG|Centify
11:45:00.9 (441293341)|ENTERING_MANAGED_PKG|Centify
11:45:00.9 (441407864)|ENTERING_MANAGED_PKG|Centify
11:45:00.9 (441445895)|ENTERING_MANAGED_PKG|Centify
11:45:00.9 (441477558)|ENTERING_MANAGED_PKG|Centify
11:45:00.9 (441499611)|ENTERING_MANAGED_PKG|Centify
11:45:00.9 (441548303)|ENTERING_MANAGED_PKG|Centify
11:45:00.9 (441592875)|ENTERING_MANAGED_PKG|Centify
11:45:00.9 (443038041)|ENTERING_MANAGED_PKG|Centify
11:45:00.9 (443072238)|ENTERING_MANAGED_PKG|Centify
11:45:00.9 (443096517)|ENTERING_MANAGED_PKG|Centify
11:45:00.9 (443166439)|ENTERING_MANAGED_PKG|Centify
11:45:00.9 (443233209)|ENTERING_MANAGED_PKG|Centify
11:45:00.9 (443331152)|ENTERING_MANAGED_PKG|Centify
11:45:00.9 (443406279)|ENTERING_MANAGED_PKG|Centify
11:45:00.9 (443431551)|ENTERING_MANAGED_PKG|Centify
11:45:00.9 (450017561)|ENTERING_MANAGED_PKG|Centify
11:45:00.9 (450256302)|ENTERING_MANAGED_PKG|Centify
11:45:00.9 (450788240)|ENTERING_MANAGED_PKG|Centify
11:45:00.9 (451378412)|ENTERING_MANAGED_PKG|Centify
11:45:00.9 (451430087)|ENTERING_MANAGED_PKG|Centify
11:45:00.9 (451523733)|ENTERING_MANAGED_PKG|Centify
11:45:00.9 (451564228)|ENTERING_MANAGED_PKG|Centify
11:45:00.9 (451669561)|ENTERING_MANAGED_PKG|Centify
11:45:00.9 (451804288)|ENTERING_MANAGED_PKG|Centify
11:45:00.9 (451918170)|ENTERING_MANAGED_PKG|Centify
11:45:00.9 (452027536)|ENTERING_MANAGED_PKG|Centify
11:45:00.9 (452137129)|ENTERING_MANAGED_PKG|Centify
11:45:00.9 (452245400)|ENTERING_MANAGED_PKG|Centify
11:45:00.9 (452399647)|ENTERING_MANAGED_PKG|Centify
11:45:00.9 (452604242)|ENTERING_MANAGED_PKG|Centify
11:45:00.9 (452760561)|ENTERING_MANAGED_PKG|Centify
11:45:00.9 (452873868)|ENTERING_MANAGED_PKG|Centify
11:45:00.9 (452981377)|ENTERING_MANAGED_PKG|Centify
11:45:00.9 (453088634)|ENTERING_MANAGED_PKG|Centify
11:45:00.9 (453230415)|ENTERING_MANAGED_PKG|Centify
11:45:00.9 (453418029)|ENTERING_MANAGED_PKG|Centify
11:45:00.9 (453622167)|ENTERING_MANAGED_PKG|Centify
11:45:00.9 (453776746)|ENTERING_MANAGED_PKG|Centify
11:45:00.9 (453919577)|ENTERING_MANAGED_PKG|Centify
11:45:00.9 (454054640)|ENTERING_MANAGED_PKG|Centify
11:45:00.9 (454229555)|ENTERING_MANAGED_PKG|Centify
11:45:00.9 (454436099)|ENTERING_MANAGED_PKG|Centify
11:45:00.9 (454613141)|ENTERING_MANAGED_PKG|Centify
11:45:00.9 (454732002)|ENTERING_MANAGED_PKG|Centify
11:45:00.9 (454868918)|ENTERING_MANAGED_PKG|Centify
11:45:00.9 (455001357)|ENTERING_MANAGED_PKG|Centify
11:45:00.9 (455187874)|ENTERING_MANAGED_PKG|Centify
11:45:00.9 (455371056)|ENTERING_MANAGED_PKG|Centify
11:45:00.9 (455535377)|ENTERING_MANAGED_PKG|Centify
11:45:00.9 (455709121)|ENTERING_MANAGED_PKG|Centify
11:45:00.9 (455903391)|ENTERING_MANAGED_PKG|Centify
11:45:00.9 (456092558)|ENTERING_MANAGED_PKG|Centify
11:45:00.9 (456319325)|ENTERING_MANAGED_PKG|Centify
11:45:00.9 (456514140)|ENTERING_MANAGED_PKG|Centify
11:45:00.9 (456689649)|ENTERING_MANAGED_PKG|Centify
11:45:00.9 (456899128)|ENTERING_MANAGED_PKG|Centify
11:45:00.9 (456960389)|ENTERING_MANAGED_PKG|Centify
11:45:00.9 (457013328)|ENTERING_MANAGED_PKG|Centify
11:45:00.9 (457039357)|ENTERING_MANAGED_PKG|Centify
11:45:00.9 (457096824)|ENTERING_MANAGED_PKG|Centify
11:45:00.9 (457142777)|ENTERING_MANAGED_PKG|Centify
11:45:00.9 (459207558)|ENTERING_MANAGED_PKG|Centify
11:45:00.9 (459254233)|ENTERING_MANAGED_PKG|Centify
11:45:00.9 (459281944)|ENTERING_MANAGED_PKG|Centify
11:45:00.9 (459332319)|ENTERING_MANAGED_PKG|Centify
11:45:00.9 (459463010)|ENTERING_MANAGED_PKG|Centify
11:45:00.9 (459607422)|ENTERING_MANAGED_PKG|Centify
11:45:00.9 (480651554)|ENTERING_MANAGED_PKG|Centify
11:45:00.9 (480700168)|ENTERING_MANAGED_PKG|Centify
11:45:00.9 (499189313)|ENTERING_MANAGED_PKG|Centify
11:45:00.9 (499239337)|ENTERING_MANAGED_PKG|Centify
11:45:00.9 (499345030)|ENTERING_MANAGED_PKG|Centify
11:45:00.9 (499379773)|ENTERING_MANAGED_PKG|Centify
11:45:00.9 (506039109)|ENTERING_MANAGED_PKG|Centify
11:45:00.9 (506379036)|ENTERING_MANAGED_PKG|Centify
11:45:00.9 (506865094)|ENTERING_MANAGED_PKG|Centify
11:45:00.9 (507451178)|ENTERING_MANAGED_PKG|Centify
11:45:00.9 (507508493)|ENTERING_MANAGED_PKG|Centify
11:45:00.9 (507609979)|ENTERING_MANAGED_PKG|Centify
11:45:00.9 (507653676)|ENTERING_MANAGED_PKG|Centify
11:45:00.9 (507788481)|ENTERING_MANAGED_PKG|Centify
11:45:00.9 (507948484)|ENTERING_MANAGED_PKG|Centify
11:45:00.9 (508066189)|ENTERING_MANAGED_PKG|Centify
11:45:00.9 (508178238)|ENTERING_MANAGED_PKG|Centify
11:45:00.9 (508352313)|ENTERING_MANAGED_PKG|Centify
11:45:00.9 (508462870)|ENTERING_MANAGED_PKG|Centify
11:45:00.9 (508570824)|ENTERING_MANAGED_PKG|Centify
11:45:00.9 (508677782)|ENTERING_MANAGED_PKG|Centify
11:45:00.9 (508800378)|ENTERING_MANAGED_PKG|Centify
11:45:00.9 (508929052)|ENTERING_MANAGED_PKG|Centify
11:45:00.9 (509055712)|ENTERING_MANAGED_PKG|Centify
11:45:00.9 (509160629)|ENTERING_MANAGED_PKG|Centify
11:45:00.9 (509269956)|ENTERING_MANAGED_PKG|Centify
11:45:00.9 (509404947)|ENTERING_MANAGED_PKG|Centify
11:45:00.9 (509515513)|ENTERING_MANAGED_PKG|Centify
11:45:00.9 (509620764)|ENTERING_MANAGED_PKG|Centify
11:45:00.9 (509727990)|ENTERING_MANAGED_PKG|Centify
11:45:00.9 (509842112)|ENTERING_MANAGED_PKG|Centify
11:45:00.9 (509961424)|ENTERING_MANAGED_PKG|Centify
11:45:00.9 (510087394)|ENTERING_MANAGED_PKG|Centify
11:45:00.9 (510214894)|ENTERING_MANAGED_PKG|Centify
11:45:00.9 (510322350)|ENTERING_MANAGED_PKG|Centify
11:45:00.9 (510462286)|ENTERING_MANAGED_PKG|Centify
11:45:00.9 (510589043)|ENTERING_MANAGED_PKG|Centify
11:45:00.9 (510626379)|ENTERING_MANAGED_PKG|Centify
11:45:00.9 (510657994)|ENTERING_MANAGED_PKG|Centify
11:45:00.9 (510679135)|ENTERING_MANAGED_PKG|Centify
11:45:00.9 (510725017)|ENTERING_MANAGED_PKG|Centify
11:45:00.9 (510769961)|ENTERING_MANAGED_PKG|Centify
11:45:00.9 (511996027)|ENTERING_MANAGED_PKG|Centify
11:45:00.9 (512025720)|ENTERING_MANAGED_PKG|Centify
11:45:00.9 (512048463)|ENTERING_MANAGED_PKG|Centify
11:45:00.9 (512117534)|ENTERING_MANAGED_PKG|Centify
11:45:00.9 (512178703)|ENTERING_MANAGED_PKG|Centify
11:45:00.9 (512241642)|ENTERING_MANAGED_PKG|Centify
11:45:00.9 (512486981)|ENTERING_MANAGED_PKG|Centify
11:45:00.9 (513291661)|ENTERING_MANAGED_PKG|Centify
11:45:00.9 (513348402)|ENTERING_MANAGED_PKG|Centify
11:45:00.9 (513469824)|ENTERING_MANAGED_PKG|Centify
11:45:00.9 (573134063)|ENTERING_MANAGED_PKG|Centify
11:45:00.9 (573238312)|ENTERING_MANAGED_PKG|Centify
11:45:00.9 (573331440)|ENTERING_MANAGED_PKG|Centify
11:45:00.9 (625713975)|ENTERING_MANAGED_PKG|Centify
11:45:00.9 (625812656)|ENTERING_MANAGED_PKG|Centify
11:45:00.9 (625915518)|ENTERING_MANAGED_PKG|Centify
11:45:00.9 (663892774)|ENTERING_MANAGED_PKG|Centify
11:45:00.9 (664035823)|ENTERING_MANAGED_PKG|Centify
11:45:00.9 (664786168)|ENTERING_MANAGED_PKG|Centify
11:45:00.9 (703654189)|ENTERING_MANAGED_PKG|Centify
11:45:00.9 (703816922)|ENTERING_MANAGED_PKG|Centify
11:45:00.9 (703923564)|ENTERING_MANAGED_PKG|Centify
11:45:00.9 (747453871)|ENTERING_MANAGED_PKG|Centify
11:45:00.9 (747568548)|ENTERING_MANAGED_PKG|Centify
11:45:00.9 (747702368)|ENTERING_MANAGED_PKG|Centify
11:45:00.9 (791038891)|ENTERING_MANAGED_PKG|Centify
11:45:00.9 (791151179)|ENTERING_MANAGED_PKG|Centify
11:45:00.9 (791255184)|ENTERING_MANAGED_PKG|Centify
11:45:00.9 (832155527)|ENTERING_MANAGED_PKG|Centify
11:45:00.9 (832259549)|ENTERING_MANAGED_PKG|Centify
11:45:00.9 (832361339)|ENTERING_MANAGED_PKG|Centify
11:45:00.9 (880459033)|ENTERING_MANAGED_PKG|Centify
11:45:00.9 (880621171)|ENTERING_MANAGED_PKG|Centify
11:45:00.9 (880683689)|ENTERING_MANAGED_PKG|Centify
11:45:00.9 (880722599)|ENTERING_MANAGED_PKG|Centify
11:45:00.9 (880786775)|ENTERING_MANAGED_PKG|Centify
11:45:00.9 (880925819)|ENTERING_MANAGED_PKG|Centify
11:45:00.9 (881618826)|SOQL_EXECUTE_BEGIN|[28]|Aggregations:0|SELECT Id FROM ApexClass WHERE Name = :tmpVar1
11:45:00.9 (887477292)|SOQL_EXECUTE_END|[28]|Rows:1
11:45:00.9 (888073276)|SOQL_EXECUTE_BEGIN|[49]|Aggregations:0|SELECT COUNT() FROM AsyncApexJob WHERE (ApexClassId = :tmpVar1 AND Status IN ('Queued', 'Holding', 'Preparing', 'Processing'))
11:45:00.9 (891633171)|SOQL_EXECUTE_END|[49]|Rows:0
11:45:00.9 (891753450)|ENTERING_MANAGED_PKG|Centify
11:45:00.9 (892751996)|ENTERING_MANAGED_PKG|Centify
11:45:00.9 (892809287)|ENTERING_MANAGED_PKG|Centify
11:45:00.9 (892911174)|ENTERING_MANAGED_PKG|Centify
11:45:00.9 (919411236)|ENTERING_MANAGED_PKG|Centify
11:45:00.9 (920627519)|ENTERING_MANAGED_PKG|Centify
11:45:00.9 (920681091)|ENTERING_MANAGED_PKG|Centify
11:45:00.9 (920825551)|ENTERING_MANAGED_PKG|Centify
11:45:00.9 (921502857)|ENTERING_MANAGED_PKG|Centify
11:45:00.9 (921538146)|ENTERING_MANAGED_PKG|Centify
11:45:00.9 (921586458)|ENTERING_MANAGED_PKG|Centify
11:45:00.9 (922171659)|ENTERING_MANAGED_PKG|Centify
11:45:00.9 (924224236)|SOQL_EXECUTE_BEGIN|[16]|Aggregations:0|SELECT Id, CronExpression, CronJobDetail.Name FROM CronTrigger WHERE CronJobDetail.Name LIKE '%Spinify%'
11:45:00.9 (931020644)|SOQL_EXECUTE_END|[16]|Rows:10
11:45:00.9 (931353444)|ENTERING_MANAGED_PKG|Centify
11:45:00.9 (931433422)|ENTERING_MANAGED_PKG|Centify
11:45:00.9 (931480478)|ENTERING_MANAGED_PKG|Centify
11:45:00.9 (931754144)|ENTERING_MANAGED_PKG|Centify
11:45:00.9 (931842365)|ENTERING_MANAGED_PKG|Centify
11:45:00.9 (931923102)|ENTERING_MANAGED_PKG|Centify
11:45:00.9 (932014273)|ENTERING_MANAGED_PKG|Centify
11:45:00.9 (932851115)|ENTERING_MANAGED_PKG|Centify
11:45:00.999 (999922130)|CUMULATIVE_LIMIT_USAGE
11:45:00.999 (999922130)|LIMIT_USAGE_FOR_NS|(default)|
  Number of SOQL queries: 0 out of 100
  Number of query rows: 0 out of 50000
  Number of SOSL queries: 0 out of 20
  Number of DML statements: 0 out of 150
  Number of DML rows: 0 out of 10000
  Maximum CPU time: 449 out of 10000
  Maximum heap size: 0 out of 6000000
  Number of callouts: 0 out of 100
  Number of Email Invocations: 0 out of 10
  Number of future calls: 0 out of 50
  Number of queueable jobs added to the queue: 0 out of 50
  Number of Mobile Apex push calls: 0 out of 10

11:45:00.999 (999922130)|LIMIT_USAGE_FOR_NS|Centify|
  Number of SOQL queries: 5 out of 100
  Number of query rows: 14 out of 50000
  Number of SOSL queries: 0 out of 20
  Number of DML statements: 1 out of 150
  Number of DML rows: 1 out of 10000
  Maximum CPU time: 0 out of 10000
  Maximum heap size: 0 out of 6000000
  Number of callouts: 0 out of 100
  Number of Email Invocations: 0 out of 10
  Number of future calls: 0 out of 50
  Number of queueable jobs added to the queue: 0 out of 50
  Number of Mobile Apex push calls: 0 out of 10

11:45:00.999 (999922130)|CUMULATIVE_LIMIT_USAGE_END

