31.0 APEX_CODE,FINEST;APEX_PROFILING,INFO;CALLOUT,INFO;DB,INFO;NBA,INFO;SYSTEM,DEBUG;VALIDATION,INFO;VISUALFORCE,INFO;WAVE,INFO;WORKFLOW,INFO
11:44:26.0 (115201)|USER_INFO|[EXTERNAL]|00590000000Vmmq|ben@bjbglobal.com.au|Australian Eastern Standard Time|GMT+10:00
11:44:26.0 (150483)|EXECUTION_STARTED
11:44:26.0 (154995)|CODE_UNIT_STARTED|[EXTERNAL]|TRIGGERS
11:44:26.0 (177078)|CODE_UNIT_STARTED|[EXTERNAL]|01q6F000000DhRF|TaskBeforeUpdate on Task trigger event BeforeUpdate|__sfdc_trigger/TaskBeforeUpdate
11:44:26.0 (229305)|HEAP_ALLOCATE|[EXTERNAL]|Bytes:8
11:44:26.0 (288763)|HEAP_ALLOCATE|[EXTERNAL]|Bytes:8
11:44:26.0 (732455)|HEAP_ALLOCATE|[72]|Bytes:3
11:44:26.0 (782631)|HEAP_ALLOCATE|[77]|Bytes:152
11:44:26.0 (807686)|HEAP_ALLOCATE|[342]|Bytes:408
11:44:26.0 (837012)|HEAP_ALLOCATE|[355]|Bytes:408
11:44:26.0 (858994)|HEAP_ALLOCATE|[467]|Bytes:48
11:44:26.0 (898119)|HEAP_ALLOCATE|[139]|Bytes:6
11:44:26.0 (929466)|HEAP_ALLOCATE|[EXTERNAL]|Bytes:4
11:44:26.0 (942929)|VARIABLE_SCOPE_BEGIN|[10]|this|TaskBeforeUpdate|true|false
11:44:26.0 (1000483)|VARIABLE_ASSIGNMENT|[10]|this|{}|0x4830a969
11:44:26.0 (1064945)|HEAP_ALLOCATE|[EXTERNAL]|Bytes:4
11:44:26.0 (1073070)|VARIABLE_SCOPE_BEGIN|[10]|this|TaskBeforeUpdate|true|false
11:44:26.0 (1088066)|VARIABLE_ASSIGNMENT|[10]|this|{}|0x4830a969
11:44:26.0 (1096874)|STATEMENT_EXECUTE|[10]
11:44:26.1 (1101185)|CUMULATIVE_LIMIT_USAGE
11:44:26.1 (1101185)|LIMIT_USAGE_FOR_NS|(default)|
  Number of SOQL queries: 0 out of 100
  Number of query rows: 0 out of 50000
  Number of SOSL queries: 0 out of 20
  Number of DML statements: 0 out of 150
  Number of DML rows: 0 out of 10000
  Maximum CPU time: 0 out of 10000
  Maximum heap size: 0 out of 6000000
  Number of callouts: 0 out of 100
  Number of Email Invocations: 0 out of 10
  Number of future calls: 0 out of 50
  Number of queueable jobs added to the queue: 0 out of 50
  Number of Mobile Apex push calls: 0 out of 10

11:44:26.1 (1101185)|CUMULATIVE_LIMIT_USAGE_END

11:44:26.0 (2204342)|CODE_UNIT_FINISHED|TaskBeforeUpdate on Task trigger event BeforeUpdate|__sfdc_trigger/TaskBeforeUpdate
11:44:26.0 (6329234)|CODE_UNIT_STARTED|[EXTERNAL]|Validation:Task:00T6F000055T9iR
11:44:26.0 (6370235)|VALIDATION_RULE|03d6F000000qFaO|Finish_all_call_monitor_field
11:44:26.0 (6986075)|VALIDATION_FORMULA|AND(!ISBLANK(Monitored_By__c),
    OR(ISBLANK( TEXT(CM_advised_what_will_happen_next__c)),
       ISBLANK( TEXT(Allow_customer_to_present_concerns__c) ),
       ISBLANK( TEXT(Communication_is_clear_positive_confiden__c) ),
       ISBLANK( TEXT(Demonstrate_active_listening__c )),
       ISBLANK( TEXT(Gave_correct_answers_and_infomations__c) ),
       ISBLANK( TEXT(Mirrors_clients_talking_behaviour__c) ) ))|CM_advised_what_will_happen_next__c=null , Demonstrate_active_listening__c=null , Communication_is_clear_positive_confiden__c=null , Allow_customer_to_present_concerns__c=null , Gave_correct_answers_and_infomations__c=null , Mirrors_clients_talking_behaviour__c=null , Monitored_By__c=null
11:44:26.0 (7004595)|VALIDATION_PASS
11:44:26.0 (7007684)|VALIDATION_RULE|03d900000009JbB|Interac_Quality_Must_Be_Between_1_and_10
11:44:26.0 (7102983)|VALIDATION_FORMULA|NVMContactWorld__InteractionQuality__c < 1  &#124;&#124;  NVMContactWorld__InteractionQuality__c > 10|NVMContactWorld__InteractionQuality__c=null
11:44:26.0 (7112634)|VALIDATION_PASS
11:44:26.0 (7289475)|CODE_UNIT_FINISHED|Validation:Task:00T6F000055T9iR
11:44:26.0 (46193560)|CODE_UNIT_STARTED|[EXTERNAL]|Workflow:Task
11:44:26.0 (54335257)|WF_RULE_EVAL_BEGIN|Workflow
11:44:26.0 (54397775)|WF_CRITERIA_BEGIN|[Task:  00T6F000055T9iR]|Update Call Monitor Details|01Q6F0000002Tdt|ON_CREATE_OR_TRIGGERING_UPDATE|0
11:44:26.0 (54478873)|WF_RULE_FILTER|[Task : Monitored By not equal to ]
11:44:26.0 (54490327)|WF_RULE_EVAL_VALUE|
11:44:26.0 (54494882)|WF_CRITERIA_END|false
11:44:26.0 (54506373)|WF_CRITERIA_BEGIN|[Task:  00T6F000055T9iR]|Update_Callback_Request_Due_Date3016F0000005i0e|01Q6F0000019gyq|ON_CREATE_ONLY|0
11:44:26.0 (54520310)|WF_RULE_NOT_EVALUATED
11:44:26.0 (54528118)|WF_CRITERIA_BEGIN|[Task:  00T6F000055T9iR]|Call Back Request From LinX|01Q6F000001EY2L|ON_CREATE_OR_TRIGGERING_UPDATE|0
11:44:26.0 (54586684)|WF_RULE_FILTER|[Task : Subject equals Callback Request]
11:44:26.0 (54597996)|WF_RULE_EVAL_VALUE|Outbound call to +61267225020
11:44:26.0 (54602777)|WF_CRITERIA_END|false
11:44:26.0 (54612557)|WF_CRITERIA_BEGIN|[Task:  00T6F000055T9iR]|Call_Monitor3016F00000054R3|01Q6F000000oOu7|ON_ALL_CHANGES|0
11:44:26.0 (54734679)|WF_FORMULA|Formula:ENCODED:[treatNullAsNull]true|Values:
11:44:26.0 (54744782)|WF_CRITERIA_END|true
11:44:26.0 (55547322)|WF_SPOOL_ACTION_BEGIN|Workflow
11:44:26.0 (55578475)|WF_ACTION| Flow Trigger: 1;
11:44:26.0 (55584859)|WF_RULE_EVAL_END
11:44:26.0 (55644177)|WF_FLOW_ACTION_BEGIN|09L6F000000PGTV
11:44:26.57 (57459090)|FLOW_CREATE_INTERVIEW_BEGIN|00D90000000IJSa|3006F0000008usA|3016F00000054R3
11:44:26.57 (59459785)|FLOW_CREATE_INTERVIEW_END|454438056aca51098d1d1aafa230166e692202a-53fc|Call Monitoring
11:44:26.59 (59857411)|FLOW_START_INTERVIEWS_BEGIN|1
11:44:26.59 (59877305)|FLOW_START_INTERVIEW_BEGIN|454438056aca51098d1d1aafa230166e692202a-53fc|Call Monitoring
11:44:26.59 (69666846)|FLOW_START_INTERVIEW_END|454438056aca51098d1d1aafa230166e692202a-53fc|Call Monitoring
11:44:26.59 (69702643)|FLOW_START_INTERVIEWS_END|1
11:44:26.0 (70482774)|WF_FLOW_ACTION_END|09L6F000000PGTV
11:44:26.0 (70596246)|WF_ACTIONS_END| Flow Trigger: 1;
11:44:26.0 (70607628)|CODE_UNIT_FINISHED|Workflow:Task
11:44:26.0 (79906098)|CODE_UNIT_FINISHED|TRIGGERS
11:44:26.0 (79921093)|EXECUTION_FINISHED
