37.0 APEX_CODE,FINEST;APEX_PROFILING,INFO;CALLOUT,INFO;DB,INFO;NBA,INFO;SYSTEM,DEBUG;VALIDATION,INFO;VISUALFORCE,INFO;WAVE,INFO;WORKFLOW,INFO
18:48:06.12 (12308945)|ENTERING_MANAGED_PKG|Centify
18:48:06.12 (13207069)|ENTERING_MANAGED_PKG|Centify
18:48:06.12 (13260084)|ENTERING_MANAGED_PKG|Centify
18:48:06.12 (13463556)|ENTERING_MANAGED_PKG|Centify
18:48:06.12 (14193637)|ENTERING_MANAGED_PKG|Centify
18:48:06.12 (14860841)|ENTERING_MANAGED_PKG|Centify
18:48:06.12 (15121245)|ENTERING_MANAGED_PKG|Centify
18:48:06.12 (15147949)|ENTERING_MANAGED_PKG|Centify
18:48:06.12 (15221239)|ENTERING_MANAGED_PKG|Centify
18:48:06.12 (15261378)|ENTERING_MANAGED_PKG|Centify
18:48:06.12 (15291664)|ENTERING_MANAGED_PKG|Centify
18:48:06.12 (15316155)|ENTERING_MANAGED_PKG|Centify
18:48:06.12 (15331838)|ENTERING_MANAGED_PKG|Centify
18:48:06.12 (15513216)|ENTERING_MANAGED_PKG|Centify
18:48:06.12 (43892264)|ENTERING_MANAGED_PKG|Centify
18:48:06.12 (43964651)|ENTERING_MANAGED_PKG|Centify
18:48:06.12 (44069023)|ENTERING_MANAGED_PKG|Centify
18:48:06.12 (44110710)|ENTERING_MANAGED_PKG|Centify
18:48:06.12 (168657992)|ENTERING_MANAGED_PKG|Centify
18:48:06.12 (208494969)|ENTERING_MANAGED_PKG|Centify
18:48:06.12 (220647116)|ENTERING_MANAGED_PKG|Centify
18:48:06.12 (220702928)|ENTERING_MANAGED_PKG|Centify
18:48:06.12 (220778499)|ENTERING_MANAGED_PKG|Centify
18:48:06.12 (220810979)|ENTERING_MANAGED_PKG|Centify
18:48:06.12 (220873400)|ENTERING_MANAGED_PKG|Centify
18:48:06.12 (247925517)|ENTERING_MANAGED_PKG|Centify
18:48:06.12 (261723772)|ENTERING_MANAGED_PKG|Centify
18:48:06.12 (261776780)|ENTERING_MANAGED_PKG|Centify
18:48:06.12 (261854269)|ENTERING_MANAGED_PKG|Centify
18:48:06.12 (261885908)|ENTERING_MANAGED_PKG|Centify
18:48:06.12 (261948770)|ENTERING_MANAGED_PKG|Centify
18:48:06.12 (288137383)|ENTERING_MANAGED_PKG|Centify
18:48:06.12 (301439442)|ENTERING_MANAGED_PKG|Centify
18:48:06.12 (301490458)|ENTERING_MANAGED_PKG|Centify
18:48:06.12 (301564159)|ENTERING_MANAGED_PKG|Centify
18:48:06.12 (301597237)|ENTERING_MANAGED_PKG|Centify
18:48:06.12 (301657644)|ENTERING_MANAGED_PKG|Centify
18:48:06.12 (327448843)|ENTERING_MANAGED_PKG|Centify
18:48:06.12 (340664226)|ENTERING_MANAGED_PKG|Centify
18:48:06.12 (340718064)|ENTERING_MANAGED_PKG|Centify
18:48:06.12 (340792302)|ENTERING_MANAGED_PKG|Centify
18:48:06.12 (340824380)|ENTERING_MANAGED_PKG|Centify
18:48:06.12 (340883437)|ENTERING_MANAGED_PKG|Centify
18:48:06.12 (366761283)|ENTERING_MANAGED_PKG|Centify
18:48:06.12 (379529681)|ENTERING_MANAGED_PKG|Centify
18:48:06.12 (379580270)|ENTERING_MANAGED_PKG|Centify
18:48:06.12 (379651863)|ENTERING_MANAGED_PKG|Centify
18:48:06.12 (379682004)|ENTERING_MANAGED_PKG|Centify
18:48:06.12 (379743406)|ENTERING_MANAGED_PKG|Centify
18:48:06.12 (405133942)|ENTERING_MANAGED_PKG|Centify
18:48:06.12 (418409048)|ENTERING_MANAGED_PKG|Centify
18:48:06.12 (418462135)|ENTERING_MANAGED_PKG|Centify
18:48:06.12 (418536621)|ENTERING_MANAGED_PKG|Centify
18:48:06.12 (418567486)|ENTERING_MANAGED_PKG|Centify
18:48:06.12 (418629923)|ENTERING_MANAGED_PKG|Centify
18:48:06.12 (446674040)|ENTERING_MANAGED_PKG|Centify
18:48:06.12 (461618188)|ENTERING_MANAGED_PKG|Centify
18:48:06.12 (461668714)|ENTERING_MANAGED_PKG|Centify
18:48:06.12 (461743882)|ENTERING_MANAGED_PKG|Centify
18:48:06.12 (461776150)|ENTERING_MANAGED_PKG|Centify
18:48:06.12 (461835809)|ENTERING_MANAGED_PKG|Centify
18:48:06.12 (487723884)|ENTERING_MANAGED_PKG|Centify
18:48:06.12 (501613163)|ENTERING_MANAGED_PKG|Centify
18:48:06.12 (501669540)|ENTERING_MANAGED_PKG|Centify
18:48:06.12 (501744777)|ENTERING_MANAGED_PKG|Centify
18:48:06.12 (501776633)|ENTERING_MANAGED_PKG|Centify
18:48:06.12 (501837925)|ENTERING_MANAGED_PKG|Centify
18:48:06.12 (528800650)|ENTERING_MANAGED_PKG|Centify
18:48:06.12 (556154810)|ENTERING_MANAGED_PKG|Centify
18:48:06.12 (556208638)|ENTERING_MANAGED_PKG|Centify
18:48:06.12 (556289656)|ENTERING_MANAGED_PKG|Centify
18:48:06.12 (556321094)|ENTERING_MANAGED_PKG|Centify
18:48:06.12 (556383148)|ENTERING_MANAGED_PKG|Centify
18:48:06.12 (583206097)|ENTERING_MANAGED_PKG|Centify
18:48:06.12 (597074550)|ENTERING_MANAGED_PKG|Centify
18:48:06.12 (597352465)|ENTERING_MANAGED_PKG|Centify
18:48:06.12 (608859526)|ENTERING_MANAGED_PKG|Centify
18:48:06.12 (608944443)|ENTERING_MANAGED_PKG|Centify
18:48:06.12 (610869773)|ENTERING_MANAGED_PKG|Centify
18:48:06.12 (610928400)|ENTERING_MANAGED_PKG|Centify
18:48:06.12 (610987054)|ENTERING_MANAGED_PKG|Centify
18:48:06.12 (611062000)|ENTERING_MANAGED_PKG|Centify
18:48:06.12 (615424558)|SOQL_EXECUTE_BEGIN|[19]|Aggregations:0|SELECT Id, OrganizationType FROM Organization LIMIT 1
18:48:06.12 (618735934)|SOQL_EXECUTE_END|[19]|Rows:1
18:48:06.12 (635303763)|ENTERING_MANAGED_PKG|Centify
18:48:06.12 (635381812)|ENTERING_MANAGED_PKG|Centify
18:48:06.12 (635603176)|ENTERING_MANAGED_PKG|Centify
18:48:06.12 (635663918)|ENTERING_MANAGED_PKG|Centify
18:48:06.12 (635712324)|ENTERING_MANAGED_PKG|Centify
18:48:06.12 (635980416)|ENTERING_MANAGED_PKG|Centify
18:48:06.12 (636078844)|ENTERING_MANAGED_PKG|Centify
18:48:06.12 (646533962)|ENTERING_MANAGED_PKG|Centify
18:48:06.12 (646664750)|ENTERING_MANAGED_PKG|Centify
18:48:06.12 (647248769)|ENTERING_MANAGED_PKG|Centify
18:48:06.12 (647913427)|SOQL_EXECUTE_BEGIN|[16]|Aggregations:0|select id,lastmodifieddate,isdeleted,name,createddate,ownerid,status,isconverted,converteddate,company from Lead where LastModifiedDate >2018-09-28T07:00:24Z AND LastModifiedDate < 2018-09-28T08:48:12Z  ORDER BY SystemModStamp DESC LIMIT 5000  ALL ROWS
18:48:06.12 (652471222)|SOQL_EXECUTE_END|[16]|Rows:0
18:48:06.671 (671708387)|CUMULATIVE_LIMIT_USAGE
18:48:06.671 (671708387)|LIMIT_USAGE_FOR_NS|(default)|
  Number of SOQL queries: 0 out of 200
  Number of query rows: 0 out of 50000
  Number of SOSL queries: 0 out of 20
  Number of DML statements: 0 out of 150
  Number of DML rows: 0 out of 10000
  Maximum CPU time: 0 out of 60000
  Maximum heap size: 0 out of 12000000
  Number of callouts: 0 out of 0
  Number of Email Invocations: 0 out of 10
  Number of future calls: 0 out of 0
  Number of queueable jobs added to the queue: 0 out of 1
  Number of Mobile Apex push calls: 0 out of 10

18:48:06.671 (671708387)|LIMIT_USAGE_FOR_NS|Centify|
  Number of SOQL queries: 0 out of 200
  Number of query rows: 0 out of 50000
  Number of SOSL queries: 0 out of 20
  Number of DML statements: 0 out of 150
  Number of DML rows: 0 out of 10000
  Maximum CPU time: 0 out of 60000
  Maximum heap size: 0 out of 12000000
  Number of callouts: 0 out of 0
  Number of Email Invocations: 0 out of 10
  Number of future calls: 0 out of 0
  Number of queueable jobs added to the queue: 0 out of 1
  Number of Mobile Apex push calls: 0 out of 10

18:48:06.671 (671708387)|CUMULATIVE_LIMIT_USAGE_END

