37.0 APEX_CODE,FINEST;APEX_PROFILING,INFO;CALLOUT,INFO;DB,INFO;NBA,INFO;SYSTEM,DEBUG;VALIDATION,INFO;VISUALFORCE,INFO;WAVE,INFO;WORKFLOW,INFO
11:39:32.19 (19323830)|ENTERING_MANAGED_PKG|Centify
11:39:32.19 (21334700)|ENTERING_MANAGED_PKG|Centify
11:39:32.19 (21410224)|ENTERING_MANAGED_PKG|Centify
11:39:32.19 (23252777)|ENTERING_MANAGED_PKG|Centify
11:39:32.19 (23348601)|ENTERING_MANAGED_PKG|Centify
11:39:32.19 (24342992)|ENTERING_MANAGED_PKG|Centify
11:39:32.19 (24724655)|ENTERING_MANAGED_PKG|Centify
11:39:32.19 (24763550)|ENTERING_MANAGED_PKG|Centify
11:39:32.19 (24858191)|ENTERING_MANAGED_PKG|Centify
11:39:32.19 (24915717)|ENTERING_MANAGED_PKG|Centify
11:39:32.19 (24958957)|ENTERING_MANAGED_PKG|Centify
11:39:32.19 (24986976)|ENTERING_MANAGED_PKG|Centify
11:39:32.19 (25009731)|ENTERING_MANAGED_PKG|Centify
11:39:32.19 (25356894)|ENTERING_MANAGED_PKG|Centify
11:39:32.19 (85300756)|ENTERING_MANAGED_PKG|Centify
11:39:32.19 (85373761)|ENTERING_MANAGED_PKG|Centify
11:39:32.19 (85501768)|ENTERING_MANAGED_PKG|Centify
11:39:32.19 (85548458)|ENTERING_MANAGED_PKG|Centify
11:39:32.19 (324354014)|ENTERING_MANAGED_PKG|Centify
11:39:32.19 (391226376)|ENTERING_MANAGED_PKG|Centify
11:39:32.19 (408693614)|ENTERING_MANAGED_PKG|Centify
11:39:32.19 (408763010)|ENTERING_MANAGED_PKG|Centify
11:39:32.19 (408897135)|ENTERING_MANAGED_PKG|Centify
11:39:32.19 (408952042)|ENTERING_MANAGED_PKG|Centify
11:39:32.19 (409075441)|ENTERING_MANAGED_PKG|Centify
11:39:32.19 (461554455)|ENTERING_MANAGED_PKG|Centify
11:39:32.19 (483874646)|ENTERING_MANAGED_PKG|Centify
11:39:32.19 (483928475)|ENTERING_MANAGED_PKG|Centify
11:39:32.19 (484010040)|ENTERING_MANAGED_PKG|Centify
11:39:32.19 (484044595)|ENTERING_MANAGED_PKG|Centify
11:39:32.19 (484112282)|ENTERING_MANAGED_PKG|Centify
11:39:32.19 (798201139)|ENTERING_MANAGED_PKG|Centify
11:39:32.19 (823515876)|ENTERING_MANAGED_PKG|Centify
11:39:32.19 (823597026)|ENTERING_MANAGED_PKG|Centify
11:39:32.19 (823746542)|ENTERING_MANAGED_PKG|Centify
11:39:32.19 (823813716)|ENTERING_MANAGED_PKG|Centify
11:39:32.19 (823954253)|ENTERING_MANAGED_PKG|Centify
11:39:32.19 (884593694)|ENTERING_MANAGED_PKG|Centify
11:39:32.19 (918332417)|ENTERING_MANAGED_PKG|Centify
11:39:32.19 (918397853)|ENTERING_MANAGED_PKG|Centify
11:39:32.19 (918518815)|ENTERING_MANAGED_PKG|Centify
11:39:32.19 (918572197)|ENTERING_MANAGED_PKG|Centify
11:39:32.19 (918684992)|ENTERING_MANAGED_PKG|Centify
11:39:32.19 (982983319)|ENTERING_MANAGED_PKG|Centify
11:39:32.19 (1008329512)|ENTERING_MANAGED_PKG|Centify
11:39:32.19 (1008407656)|ENTERING_MANAGED_PKG|Centify
11:39:32.19 (1008521330)|ENTERING_MANAGED_PKG|Centify
11:39:32.19 (1008570552)|ENTERING_MANAGED_PKG|Centify
11:39:32.19 (1008671317)|ENTERING_MANAGED_PKG|Centify
11:39:33.63 (1063055137)|ENTERING_MANAGED_PKG|Centify
11:39:33.63 (1081737488)|ENTERING_MANAGED_PKG|Centify
11:39:33.63 (1082022170)|ENTERING_MANAGED_PKG|Centify
11:39:33.63 (1097635882)|ENTERING_MANAGED_PKG|Centify
11:39:33.63 (1097727481)|ENTERING_MANAGED_PKG|Centify
11:39:33.63 (1099806964)|ENTERING_MANAGED_PKG|Centify
11:39:33.63 (1099883686)|ENTERING_MANAGED_PKG|Centify
11:39:33.63 (1099964621)|ENTERING_MANAGED_PKG|Centify
11:39:33.63 (1100089128)|ENTERING_MANAGED_PKG|Centify
11:39:33.63 (1104151203)|SOQL_EXECUTE_BEGIN|[19]|Aggregations:0|SELECT Id, OrganizationType FROM Organization LIMIT 1
11:39:33.63 (1108009743)|SOQL_EXECUTE_END|[19]|Rows:1
11:39:33.63 (1125930444)|ENTERING_MANAGED_PKG|Centify
11:39:33.63 (1142768575)|ENTERING_MANAGED_PKG|Centify
11:39:33.63 (1142836313)|ENTERING_MANAGED_PKG|Centify
11:39:33.63 (1142949357)|ENTERING_MANAGED_PKG|Centify
11:39:33.63 (1142994254)|ENTERING_MANAGED_PKG|Centify
11:39:33.63 (1143106369)|ENTERING_MANAGED_PKG|Centify
11:39:33.63 (1185612701)|ENTERING_MANAGED_PKG|Centify
11:39:33.63 (1204510538)|ENTERING_MANAGED_PKG|Centify
11:39:33.63 (1204576188)|ENTERING_MANAGED_PKG|Centify
11:39:33.63 (1204704542)|ENTERING_MANAGED_PKG|Centify
11:39:33.63 (1204756240)|ENTERING_MANAGED_PKG|Centify
11:39:33.63 (1204863901)|ENTERING_MANAGED_PKG|Centify
11:39:33.63 (1252490314)|ENTERING_MANAGED_PKG|Centify
11:39:33.63 (1252581986)|ENTERING_MANAGED_PKG|Centify
11:39:33.63 (1252886784)|ENTERING_MANAGED_PKG|Centify
11:39:33.63 (1252965703)|ENTERING_MANAGED_PKG|Centify
11:39:33.63 (1253032183)|ENTERING_MANAGED_PKG|Centify
11:39:33.63 (1254240137)|ENTERING_MANAGED_PKG|Centify
11:39:33.63 (1254325963)|ENTERING_MANAGED_PKG|Centify
11:39:33.63 (1267545901)|ENTERING_MANAGED_PKG|Centify
11:39:33.63 (1267806063)|ENTERING_MANAGED_PKG|Centify
11:39:33.63 (1268824518)|ENTERING_MANAGED_PKG|Centify
11:39:33.63 (1270153554)|SOQL_EXECUTE_BEGIN|[16]|Aggregations:0|select id,lastmodifieddate,isdeleted,createddate,industry,type,name,ownerid from Account where LastModifiedDate >2018-10-23T01:37:02Z AND LastModifiedDate < 2018-10-23T01:39:38Z  ORDER BY SystemModStamp DESC LIMIT 5000  ALL ROWS
11:39:33.63 (1280710756)|SOQL_EXECUTE_END|[16]|Rows:4
11:39:33.306 (1306474960)|CUMULATIVE_LIMIT_USAGE
11:39:33.306 (1306474960)|LIMIT_USAGE_FOR_NS|(default)|
  Number of SOQL queries: 0 out of 200
  Number of query rows: 0 out of 50000
  Number of SOSL queries: 0 out of 20
  Number of DML statements: 0 out of 150
  Number of DML rows: 0 out of 10000
  Maximum CPU time: 0 out of 60000
  Maximum heap size: 0 out of 12000000
  Number of callouts: 0 out of 0
  Number of Email Invocations: 0 out of 10
  Number of future calls: 0 out of 0
  Number of queueable jobs added to the queue: 0 out of 1
  Number of Mobile Apex push calls: 0 out of 10

11:39:33.306 (1306474960)|LIMIT_USAGE_FOR_NS|Centify|
  Number of SOQL queries: 0 out of 200
  Number of query rows: 0 out of 50000
  Number of SOSL queries: 0 out of 20
  Number of DML statements: 0 out of 150
  Number of DML rows: 0 out of 10000
  Maximum CPU time: 0 out of 60000
  Maximum heap size: 0 out of 12000000
  Number of callouts: 0 out of 0
  Number of Email Invocations: 0 out of 10
  Number of future calls: 0 out of 0
  Number of queueable jobs added to the queue: 0 out of 1
  Number of Mobile Apex push calls: 0 out of 10

11:39:33.306 (1306474960)|CUMULATIVE_LIMIT_USAGE_END

