37.0 APEX_CODE,FINEST;APEX_PROFILING,INFO;CALLOUT,INFO;DB,INFO;NBA,INFO;SYSTEM,DEBUG;VALIDATION,INFO;VISUALFORCE,INFO;WAVE,INFO;WORKFLOW,INFO
11:45:13.12 (12822650)|ENTERING_MANAGED_PKG|Centify
11:45:13.12 (13780311)|ENTERING_MANAGED_PKG|Centify
11:45:13.12 (13836206)|ENTERING_MANAGED_PKG|Centify
11:45:13.12 (14010153)|ENTERING_MANAGED_PKG|Centify
11:45:13.12 (14077717)|ENTERING_MANAGED_PKG|Centify
11:45:13.12 (14892966)|ENTERING_MANAGED_PKG|Centify
11:45:13.12 (15244185)|ENTERING_MANAGED_PKG|Centify
11:45:13.12 (15275158)|ENTERING_MANAGED_PKG|Centify
11:45:13.12 (15358013)|ENTERING_MANAGED_PKG|Centify
11:45:13.12 (15416046)|ENTERING_MANAGED_PKG|Centify
11:45:13.12 (15451821)|ENTERING_MANAGED_PKG|Centify
11:45:13.12 (15476276)|ENTERING_MANAGED_PKG|Centify
11:45:13.12 (15493513)|ENTERING_MANAGED_PKG|Centify
11:45:13.12 (15716931)|ENTERING_MANAGED_PKG|Centify
11:45:13.12 (54493863)|ENTERING_MANAGED_PKG|Centify
11:45:13.12 (54596592)|ENTERING_MANAGED_PKG|Centify
11:45:13.12 (54724454)|ENTERING_MANAGED_PKG|Centify
11:45:13.12 (54788994)|ENTERING_MANAGED_PKG|Centify
11:45:13.12 (216956777)|ENTERING_MANAGED_PKG|Centify
11:45:13.12 (267484147)|ENTERING_MANAGED_PKG|Centify
11:45:13.12 (291019743)|ENTERING_MANAGED_PKG|Centify
11:45:13.12 (291080610)|ENTERING_MANAGED_PKG|Centify
11:45:13.12 (291167593)|ENTERING_MANAGED_PKG|Centify
11:45:13.12 (291204314)|ENTERING_MANAGED_PKG|Centify
11:45:13.12 (291274173)|ENTERING_MANAGED_PKG|Centify
11:45:13.12 (343337529)|ENTERING_MANAGED_PKG|Centify
11:45:13.12 (363923345)|ENTERING_MANAGED_PKG|Centify
11:45:13.12 (363985272)|ENTERING_MANAGED_PKG|Centify
11:45:13.12 (364073825)|ENTERING_MANAGED_PKG|Centify
11:45:13.12 (364114971)|ENTERING_MANAGED_PKG|Centify
11:45:13.12 (364192836)|ENTERING_MANAGED_PKG|Centify
11:45:13.12 (394535859)|ENTERING_MANAGED_PKG|Centify
11:45:13.12 (411191828)|ENTERING_MANAGED_PKG|Centify
11:45:13.12 (411254151)|ENTERING_MANAGED_PKG|Centify
11:45:13.12 (411351466)|ENTERING_MANAGED_PKG|Centify
11:45:13.12 (411394664)|ENTERING_MANAGED_PKG|Centify
11:45:13.12 (411497567)|ENTERING_MANAGED_PKG|Centify
11:45:13.12 (444748463)|ENTERING_MANAGED_PKG|Centify
11:45:13.12 (460555989)|ENTERING_MANAGED_PKG|Centify
11:45:13.12 (460619637)|ENTERING_MANAGED_PKG|Centify
11:45:13.12 (460717405)|ENTERING_MANAGED_PKG|Centify
11:45:13.12 (460759329)|ENTERING_MANAGED_PKG|Centify
11:45:13.12 (460843404)|ENTERING_MANAGED_PKG|Centify
11:45:13.12 (492556774)|ENTERING_MANAGED_PKG|Centify
11:45:13.12 (509631210)|ENTERING_MANAGED_PKG|Centify
11:45:13.12 (509698639)|ENTERING_MANAGED_PKG|Centify
11:45:13.12 (509797759)|ENTERING_MANAGED_PKG|Centify
11:45:13.12 (509840135)|ENTERING_MANAGED_PKG|Centify
11:45:13.12 (509924478)|ENTERING_MANAGED_PKG|Centify
11:45:13.12 (543195047)|ENTERING_MANAGED_PKG|Centify
11:45:13.12 (559414668)|ENTERING_MANAGED_PKG|Centify
11:45:13.12 (559484716)|ENTERING_MANAGED_PKG|Centify
11:45:13.12 (559582785)|ENTERING_MANAGED_PKG|Centify
11:45:13.12 (559625382)|ENTERING_MANAGED_PKG|Centify
11:45:13.12 (559708209)|ENTERING_MANAGED_PKG|Centify
11:45:13.12 (590723192)|ENTERING_MANAGED_PKG|Centify
11:45:13.12 (606543937)|ENTERING_MANAGED_PKG|Centify
11:45:13.12 (606609333)|ENTERING_MANAGED_PKG|Centify
11:45:13.12 (606707461)|ENTERING_MANAGED_PKG|Centify
11:45:13.12 (606751551)|ENTERING_MANAGED_PKG|Centify
11:45:13.12 (606835284)|ENTERING_MANAGED_PKG|Centify
11:45:13.12 (638181138)|ENTERING_MANAGED_PKG|Centify
11:45:13.12 (654785753)|ENTERING_MANAGED_PKG|Centify
11:45:13.12 (654850661)|ENTERING_MANAGED_PKG|Centify
11:45:13.12 (654944851)|ENTERING_MANAGED_PKG|Centify
11:45:13.12 (654987014)|ENTERING_MANAGED_PKG|Centify
11:45:13.12 (655070444)|ENTERING_MANAGED_PKG|Centify
11:45:13.12 (695873990)|ENTERING_MANAGED_PKG|Centify
11:45:13.12 (715294992)|ENTERING_MANAGED_PKG|Centify
11:45:13.12 (715354648)|ENTERING_MANAGED_PKG|Centify
11:45:13.12 (715442135)|ENTERING_MANAGED_PKG|Centify
11:45:13.12 (715479591)|ENTERING_MANAGED_PKG|Centify
11:45:13.12 (715552712)|ENTERING_MANAGED_PKG|Centify
11:45:13.12 (743051964)|ENTERING_MANAGED_PKG|Centify
11:45:13.12 (743113915)|ENTERING_MANAGED_PKG|Centify
11:45:13.12 (743284247)|ENTERING_MANAGED_PKG|Centify
11:45:13.12 (743328904)|ENTERING_MANAGED_PKG|Centify
11:45:13.12 (743364288)|ENTERING_MANAGED_PKG|Centify
11:45:13.12 (743696392)|ENTERING_MANAGED_PKG|Centify
11:45:13.12 (743778214)|ENTERING_MANAGED_PKG|Centify
11:45:13.12 (754581143)|ENTERING_MANAGED_PKG|Centify
11:45:13.12 (754662080)|ENTERING_MANAGED_PKG|Centify
11:45:13.12 (754791004)|ENTERING_MANAGED_PKG|Centify
11:45:13.12 (755573729)|ENTERING_MANAGED_PKG|Centify
11:45:13.12 (756445719)|SOQL_EXECUTE_BEGIN|[16]|Aggregations:0|select id,lastmodifieddate,isdeleted,ownerid,status,whatid,activitydate,tasksubtype,isclosed,subject from Task where LastModifiedDate >2018-10-23T01:44:05Z AND LastModifiedDate < 2018-10-23T01:45:18Z AND (  Subject = 'Email' )  ORDER BY SystemModStamp DESC LIMIT 5000  ALL ROWS
11:45:13.12 (763548559)|SOQL_EXECUTE_END|[16]|Rows:0
11:45:13.786 (786634228)|CUMULATIVE_LIMIT_USAGE
11:45:13.786 (786634228)|LIMIT_USAGE_FOR_NS|(default)|
  Number of SOQL queries: 0 out of 200
  Number of query rows: 0 out of 50000
  Number of SOSL queries: 0 out of 20
  Number of DML statements: 0 out of 150
  Number of DML rows: 0 out of 10000
  Maximum CPU time: 0 out of 60000
  Maximum heap size: 0 out of 12000000
  Number of callouts: 0 out of 0
  Number of Email Invocations: 0 out of 10
  Number of future calls: 0 out of 0
  Number of queueable jobs added to the queue: 0 out of 1
  Number of Mobile Apex push calls: 0 out of 10

11:45:13.786 (786634228)|LIMIT_USAGE_FOR_NS|Centify|
  Number of SOQL queries: 0 out of 200
  Number of query rows: 0 out of 50000
  Number of SOSL queries: 0 out of 20
  Number of DML statements: 0 out of 150
  Number of DML rows: 0 out of 10000
  Maximum CPU time: 0 out of 60000
  Maximum heap size: 0 out of 12000000
  Number of callouts: 0 out of 0
  Number of Email Invocations: 0 out of 10
  Number of future calls: 0 out of 0
  Number of queueable jobs added to the queue: 0 out of 1
  Number of Mobile Apex push calls: 0 out of 10

11:45:13.786 (786634228)|CUMULATIVE_LIMIT_USAGE_END

