36.0 APEX_CODE,FINEST;APEX_PROFILING,INFO;CALLOUT,INFO;DB,INFO;NBA,INFO;SYSTEM,DEBUG;VALIDATION,INFO;VISUALFORCE,INFO;WAVE,INFO;WORKFLOW,INFO
18:49:29.1 (1096002)|USER_INFO|[EXTERNAL]|0056F000006HQLx|checkout_slx@bjbglobal.force.com|Australian Eastern Standard Time|GMT+10:00
18:49:29.1 (1136396)|EXECUTION_STARTED
18:49:29.1 (1142118)|CODE_UNIT_STARTED|[EXTERNAL]|0666F00000768Dz|VF: /apex/ClientPanelAccountBilling
18:49:29.1 (4580166)|SYSTEM_MODE_ENTER|true
18:49:29.1 (4939391)|HEAP_ALLOCATE|[72]|Bytes:3
18:49:29.1 (4967990)|HEAP_ALLOCATE|[77]|Bytes:152
18:49:29.1 (4979535)|HEAP_ALLOCATE|[342]|Bytes:408
18:49:29.1 (4991366)|HEAP_ALLOCATE|[355]|Bytes:408
18:49:29.1 (5002594)|HEAP_ALLOCATE|[467]|Bytes:48
18:49:29.1 (5024501)|HEAP_ALLOCATE|[139]|Bytes:6
18:49:29.1 (5040456)|HEAP_ALLOCATE|[EXTERNAL]|Bytes:144
18:49:29.1 (5046330)|HEAP_ALLOCATE|[EXTERNAL]|Bytes:28
18:49:29.1 (5050208)|HEAP_ALLOCATE|[EXTERNAL]|Bytes:6
18:49:29.1 (5061286)|METHOD_ENTRY|[1]|01p6F00000AAswF|ClientPanelAccountBilling.ClientPanelAccountBilling()
18:49:29.1 (5067946)|STATEMENT_EXECUTE|[1]
18:49:29.1 (5073263)|STATEMENT_EXECUTE|[1]
18:49:29.1 (5104670)|HEAP_ALLOCATE|[50]|Bytes:5
18:49:29.1 (5130666)|HEAP_ALLOCATE|[56]|Bytes:5
18:49:29.1 (5138528)|HEAP_ALLOCATE|[64]|Bytes:7
18:49:29.1 (5157265)|SYSTEM_MODE_ENTER|false
18:49:29.1 (5168526)|HEAP_ALLOCATE|[EXTERNAL]|Bytes:5
18:49:29.1 (5175824)|SYSTEM_MODE_EXIT|false
18:49:29.1 (5184613)|METHOD_EXIT|[1]|ClientPanelAccountBilling
18:49:29.1 (5200889)|HEAP_ALLOCATE|[EXTERNAL]|Bytes:20
18:49:29.1 (5208563)|VARIABLE_SCOPE_BEGIN|[10]|this|ClientPanelAccountBilling|true|false
18:49:29.1 (5259240)|VARIABLE_ASSIGNMENT|[10]|this|{}|0x600a40d5
18:49:29.1 (5273508)|SYSTEM_MODE_ENTER|false
18:49:29.1 (5279780)|HEAP_ALLOCATE|[5]|Bytes:5
18:49:29.1 (5284484)|STATEMENT_EXECUTE|[1]
18:49:29.1 (5287685)|HEAP_ALLOCATE|[5]|Bytes:5
18:49:29.1 (5291449)|STATEMENT_EXECUTE|[3]
18:49:29.1 (5304948)|STATEMENT_EXECUTE|[4]
18:49:29.1 (5309198)|STATEMENT_EXECUTE|[5]
18:49:29.1 (5312853)|STATEMENT_EXECUTE|[5]
18:49:29.1 (5314543)|STATEMENT_EXECUTE|[5]
18:49:29.1 (5320624)|HEAP_ALLOCATE|[5]|Bytes:184
18:49:29.1 (5326618)|HEAP_ALLOCATE|[5]|Bytes:9
18:49:29.1 (5341659)|METHOD_ENTRY|[1]|01p6F00000AAxq8|CardDetails.CardDetails()
18:49:29.1 (5346874)|STATEMENT_EXECUTE|[1]
18:49:29.1 (5349419)|STATEMENT_EXECUTE|[1]
18:49:29.1 (5354524)|HEAP_ALLOCATE|[5]|Bytes:5
18:49:29.1 (5362007)|METHOD_EXIT|[1]|CardDetails
18:49:29.1 (5372648)|HEAP_ALLOCATE|[5]|Bytes:24
18:49:29.1 (5384182)|CONSTRUCTOR_ENTRY|[5]|01p6F00000AAxq8|<init>()|CardDetails
18:49:29.1 (5409607)|VARIABLE_SCOPE_BEGIN|[1]|this|CardDetails|true|false
18:49:29.1 (5440213)|VARIABLE_ASSIGNMENT|[1]|this|{}|0x41ab100e
18:49:29.1 (5451344)|HEAP_ALLOCATE|[EXTERNAL]|Bytes:5
18:49:29.1 (5459855)|HEAP_ALLOCATE|[EXTERNAL]|Bytes:6
18:49:29.1 (5517095)|STATEMENT_EXECUTE|[1]
18:49:29.1 (5524360)|HEAP_ALLOCATE|[EXTERNAL]|Bytes:5
18:49:29.1 (5529365)|STATEMENT_EXECUTE|[3]
18:49:29.1 (5536004)|STATEMENT_EXECUTE|[4]
18:49:29.1 (5539448)|STATEMENT_EXECUTE|[5]
18:49:29.1 (5542600)|STATEMENT_EXECUTE|[6]
18:49:29.1 (5545734)|STATEMENT_EXECUTE|[7]
18:49:29.1 (5554907)|CONSTRUCTOR_EXIT|[5]|01p6F00000AAxq8|<init>()|CardDetails
18:49:29.1 (5589197)|VARIABLE_ASSIGNMENT|[EXTERNAL]|this|{}|0x600a40d5
18:49:29.1 (5604437)|VARIABLE_ASSIGNMENT|[EXTERNAL]|value|{}|0x41ab100e
18:49:29.1 (5615033)|VARIABLE_ASSIGNMENT|[5]|this.cardDetails|0x41ab100e|0x600a40d5
18:49:29.1 (5625394)|STATEMENT_EXECUTE|[7]
18:49:29.1 (5643889)|STATEMENT_EXECUTE|[10]
18:49:29.1 (5645869)|STATEMENT_EXECUTE|[11]
18:49:29.1 (5669848)|HEAP_ALLOCATE|[11]|Bytes:4
18:49:29.1 (5817402)|VARIABLE_ASSIGNMENT|[EXTERNAL]|this|{"cardDetails":"0x41ab100e"}|0x600a40d5
18:49:29.1 (5835799)|VARIABLE_ASSIGNMENT|[EXTERNAL]|value|{}|0x147e072
18:49:29.1 (5847620)|VARIABLE_ASSIGNMENT|[3]|this.acc|{}|0x600a40d5
18:49:29.1 (5858105)|STATEMENT_EXECUTE|[14]
18:49:29.1 (5867411)|HEAP_ALLOCATE|[14]|Bytes:11
18:49:29.1 (5914632)|VARIABLE_ASSIGNMENT|[EXTERNAL]|this|{"acc":"0x147e072","cardDetails":"0x41ab100e"}|0x600a40d5
18:49:29.1 (5926740)|VARIABLE_ASSIGNMENT|[EXTERNAL]|value|"Credit Card"
18:49:29.1 (5936358)|VARIABLE_ASSIGNMENT|[4]|this.paymentType|"Credit Card"|0x600a40d5
18:49:29.1 (5946121)|STATEMENT_EXECUTE|[17]
18:49:29.1 (5948070)|STATEMENT_EXECUTE|[17]
18:49:29.1 (5949646)|STATEMENT_EXECUTE|[18]
18:49:29.1 (5969782)|METHOD_ENTRY|[18]|01p6F00000AAswF|ClientPanelAccountBilling.loadAccount()
18:49:29.1 (5989677)|VARIABLE_SCOPE_BEGIN|[25]|this|ClientPanelAccountBilling|true|false
18:49:29.1 (6013275)|VARIABLE_ASSIGNMENT|[25]|this|{"acc":"0x147e072","cardDetails":"0x41ab100e","paymentType":"Credit Card"}|0x600a40d5
18:49:29.1 (6028365)|HEAP_ALLOCATE|[28]|Bytes:5
18:49:29.1 (6032799)|STATEMENT_EXECUTE|[25]
18:49:29.1 (6034730)|STATEMENT_EXECUTE|[28]
18:49:29.1 (6041646)|HEAP_ALLOCATE|[28]|Bytes:4
18:49:29.1 (22856954)|HEAP_ALLOCATE|[28]|Bytes:48
18:49:29.1 (22945443)|VARIABLE_SCOPE_BEGIN|[28]|salt|String|false|false
18:49:29.1 (22971880)|VARIABLE_ASSIGNMENT|[28]|salt|"CBK8uUrJmZybX7q78djc (108 more) ..."
18:49:29.1 (22978820)|STATEMENT_EXECUTE|[30]
18:49:29.1 (23114468)|HEAP_ALLOCATE|[30]|Bytes:97
18:49:29.1 (23195882)|HEAP_ALLOCATE|[30]|Bytes:62
18:49:29.1 (23237105)|HEAP_ALLOCATE|[30]|Bytes:9
18:49:29.1 (23280303)|HEAP_ALLOCATE|[30]|Bytes:4
18:49:29.1 (23287953)|VARIABLE_SCOPE_BEGIN|[30]|reqAccountId|Id|false|false
18:49:29.1 (23534986)|VARIABLE_ASSIGNMENT|[30]|reqAccountId|"0016F00002MWfutQAD"
18:49:29.1 (23543286)|STATEMENT_EXECUTE|[31]
18:49:29.1 (23582920)|HEAP_ALLOCATE|[31]|Bytes:97
18:49:29.1 (23624993)|HEAP_ALLOCATE|[31]|Bytes:62
18:49:29.1 (23645749)|HEAP_ALLOCATE|[31]|Bytes:3
18:49:29.1 (23664419)|VARIABLE_SCOPE_BEGIN|[31]|reqSig|String|false|false
18:49:29.1 (23679495)|VARIABLE_ASSIGNMENT|[31]|reqSig|"05b2cdb882d79879b9bb (12 more) ..."
18:49:29.1 (23686016)|STATEMENT_EXECUTE|[33]
18:49:29.1 (23694883)|STATEMENT_EXECUTE|[37]
18:49:29.1 (23699938)|HEAP_ALLOCATE|[37]|Bytes:357
18:49:29.1 (23719356)|HEAP_ALLOCATE|[37]|Bytes:4
18:49:29.1 (23733302)|HEAP_ALLOCATE|[37]|Bytes:7
18:49:29.1 (24329728)|SOQL_EXECUTE_BEGIN|[37]|Aggregations:0|SELECT Id, Name, username__c, Unique_Id__c, Industry, Number_of_Employees__c, Name_On_Card__c, Card_Number__c, Card_Number_Masked__c, Card_Month_Expiry__c, Card_Year_Expiry__c, Card_CVN__c, Card_Token__c, Company__c, Website, BillingStreet, BillingCity, BillingPostalCode, BillingState, Phone, GST__c, BJB_Company__c FROM Account WHERE id = :tmpVar1 LIMIT 1
18:49:29.1 (61465611)|SOQL_EXECUTE_END|[37]|Rows:1
18:49:29.1 (61508501)|HEAP_ALLOCATE|[37]|Bytes:8
18:49:29.1 (61537358)|HEAP_ALLOCATE|[37]|Bytes:593
18:49:29.1 (61623760)|HEAP_ALLOCATE|[37]|Bytes:8
18:49:29.1 (61649751)|VARIABLE_SCOPE_BEGIN|[37]|existingAccounts|List<Account>|true|false
18:49:29.1 (61724019)|VARIABLE_ASSIGNMENT|[37]|existingAccounts|[{"Id":"0016F00002MWfutQAD","Name":"WA Sealers","username__c":"james@wasealers.com. (2 more) ...","Unique_Id__c":"462900","Industry":"Manufacturing & Indu (6 more) ...","Number_of_Employees__c":"0 - 10","Name_On_Card__c":"James Vander Ros","Card_Number_Masked__c":"46XX-XXXX-XXXX-8025","Card_Month_Expiry__c":"03","Card_Year_Expiry__c":"2021","Card_Token__c":"311505818046","Company__c":"WA Sealers","Website":"https://www.wasealer (8 more) ...","BillingStreet":"9B Byron Road","BillingCity":"Armadale","BillingPostalCode":"6112","BillingState":"WA","Phone":"+61477755094","GST__c":false,"BJB_Company__c":"a0C90000002PU4fEAG","CurrencyIsoCode":"AUD"}]|0x3eba6350
18:49:29.1 (61843553)|STATEMENT_EXECUTE|[43]
18:49:29.1 (61854025)|STATEMENT_EXECUTE|[47]
18:49:29.1 (61869049)|HEAP_ALLOCATE|[47]|Bytes:88
18:49:29.1 (61879656)|VARIABLE_SCOPE_BEGIN|[47]|checkAccount|Account|true|false
18:49:29.1 (61926645)|VARIABLE_ASSIGNMENT|[47]|checkAccount|{"Id":"0016F00002MWfutQAD","Name":"WA Sealers","username__c":"james@wasealers.com. (2 more) ...","Unique_Id__c":"462900","Industry":"Manufacturing & Indu (6 more) ...","Number_of_Employees__c":"0 - 10","Name_On_Card__c":"James Vander Ros","Card_Number_Masked__c":"46XX-XXXX-XXXX-8025","Card_Month_Expiry__c":"03","Card_Year_Expiry__c":"2021","Card_Token__c":"311505818046","Company__c":"WA Sealers","Website":"https://www.wasealer (8 more) ...","BillingStreet":"9B Byron Road","BillingCity":"Armadale","BillingPostalCode":"6112","BillingState":"WA","Phone":"+61477755094","GST__c":false,"BJB_Company__c":"a0C90000002PU4fEAG","CurrencyIsoCode":"AUD"}|0x2aab65ed
18:49:29.1 (61942155)|STATEMENT_EXECUTE|[50]
18:49:29.1 (62061095)|HEAP_ALLOCATE|[50]|Bytes:18
18:49:29.1 (62113733)|HEAP_ALLOCATE|[50]|Bytes:168
18:49:29.1 (62123790)|VARIABLE_SCOPE_BEGIN|[50]|sigData|String|false|false
18:49:29.1 (62141669)|VARIABLE_ASSIGNMENT|[50]|sigData|"0016F00002MWfutQADja (148 more) ..."
18:49:29.1 (62146464)|STATEMENT_EXECUTE|[51]
18:49:29.1 (62155982)|HEAP_ALLOCATE|[51]|Bytes:3
18:49:29.1 (62214896)|HEAP_ALLOCATE|[51]|Bytes:4
18:49:29.1 (62286539)|HEAP_ALLOCATE|[51]|Bytes:39
18:49:29.1 (62305892)|SYSTEM_METHOD_ENTRY|[1]|Crypto.Crypto()
18:49:29.1 (62310743)|STATEMENT_EXECUTE|[1]
18:49:29.1 (62320408)|SYSTEM_METHOD_EXIT|[1]|Crypto
18:49:29.1 (62334472)|METHOD_ENTRY|[51]||System.Crypto.generateDigest(String, Blob)
18:49:29.1 (62398214)|METHOD_EXIT|[51]||System.Crypto.generateDigest(String, Blob)
18:49:29.1 (62433886)|HEAP_ALLOCATE|[51]|Bytes:15
18:49:29.1 (62444173)|SYSTEM_METHOD_ENTRY|[1]|EncodingUtil.EncodingUtil()
18:49:29.1 (62447557)|STATEMENT_EXECUTE|[1]
18:49:29.1 (62452465)|SYSTEM_METHOD_EXIT|[1]|EncodingUtil
18:49:29.1 (62461696)|METHOD_ENTRY|[51]||System.EncodingUtil.convertToHex(Blob)
18:49:29.1 (62503796)|METHOD_EXIT|[51]||System.EncodingUtil.convertToHex(Blob)
18:49:29.1 (62510106)|VARIABLE_SCOPE_BEGIN|[51]|accountSig|String|false|false
18:49:29.1 (62524041)|VARIABLE_ASSIGNMENT|[51]|accountSig|"05b2cdb882d79879b9bb (12 more) ..."
18:49:29.1 (62528639)|STATEMENT_EXECUTE|[53]
18:49:29.1 (62538991)|HEAP_ALLOCATE|[53]|Bytes:12
18:49:29.1 (62550364)|HEAP_ALLOCATE|[53]|Bytes:44
18:49:29.1 (62590363)|USER_DEBUG|[53]|DEBUG|accountSig: 05b2cdb882d79879b9bbd274154d818e
18:49:29.1 (62622046)|STATEMENT_EXECUTE|[55]
18:49:29.1 (62624071)|STATEMENT_EXECUTE|[56]
18:49:29.1 (62686099)|VARIABLE_ASSIGNMENT|[EXTERNAL]|this|{"acc":"0x147e072","cardDetails":"0x41ab100e","paymentType":"Credit Card"}|0x600a40d5
18:49:29.1 (62732449)|VARIABLE_ASSIGNMENT|[EXTERNAL]|value|{"Id":"0016F00002MWfutQAD","Name":"WA Sealers","username__c":"james@wasealers.com. (2 more) ...","Unique_Id__c":"462900","Industry":"Manufacturing & Indu (6 more) ...","Number_of_Employees__c":"0 - 10","Name_On_Card__c":"James Vander Ros","Card_Number_Masked__c":"46XX-XXXX-XXXX-8025","Card_Month_Expiry__c":"03","Card_Year_Expiry__c":"2021","Card_Token__c":"311505818046","Company__c":"WA Sealers","Website":"https://www.wasealer (8 more) ...","BillingStreet":"9B Byron Road","BillingCity":"Armadale","BillingPostalCode":"6112","BillingState":"WA","Phone":"+61477755094","GST__c":false,"BJB_Company__c":"a0C90000002PU4fEAG","CurrencyIsoCode":"AUD"}|0x2aab65ed
18:49:29.1 (62783883)|VARIABLE_ASSIGNMENT|[3]|this.acc|{"Id":"0016F00002MWfutQAD","Name":"WA Sealers","username__c":"james@wasealers.com. (2 more) ...","Unique_Id__c":"462900","Industry":"Manufacturing & Indu (6 more) ...","Number_of_Employees__c":"0 - 10","Name_On_Card__c":"James Vander Ros","Card_Number_Masked__c":"46XX-XXXX-XXXX-8025","Card_Month_Expiry__c":"03","Card_Year_Expiry__c":"2021","Card_Token__c":"311505818046","Company__c":"WA Sealers","Website":"https://www.wasealer (8 more) ...","BillingStreet":"9B Byron Road","BillingCity":"Armadale","BillingPostalCode":"6112","BillingState":"WA","Phone":"+61477755094","GST__c":false,"BJB_Company__c":"a0C90000002PU4fEAG","CurrencyIsoCode":"AUD"}|0x600a40d5
18:49:29.1 (62838291)|VARIABLE_ASSIGNMENT|[EXTERNAL]|this|{"acc":"0x2aab65ed","cardDetails":"0x41ab100e","paymentType":"Credit Card"}|0x600a40d5
18:49:29.1 (62873551)|STATEMENT_EXECUTE|[59]
18:49:29.1 (62875848)|STATEMENT_EXECUTE|[60]
18:49:29.1 (62914143)|VARIABLE_ASSIGNMENT|[EXTERNAL]|this|{"acc":"0x2aab65ed","cardDetails":"0x41ab100e","paymentType":"Credit Card"}|0x600a40d5
18:49:29.1 (62948244)|HEAP_ALLOCATE|[60]|Bytes:2
18:49:29.1 (62959870)|HEAP_ALLOCATE|[60]|Bytes:1
18:49:29.1 (62964292)|HEAP_ALLOCATE|[60]|Bytes:1
18:49:29.1 (62982798)|HEAP_ALLOCATE|[60]|Bytes:2
18:49:29.1 (63010835)|VARIABLE_ASSIGNMENT|[EXTERNAL]|this|{"acc":"0x2aab65ed","cardDetails":"0x41ab100e","paymentType":"Credit Card"}|0x600a40d5
18:49:29.1 (63095053)|VARIABLE_ASSIGNMENT|[60]|this.Card_Month_Expiry__c|"03"|0x2aab65ed
18:49:29.1 (63106466)|STATEMENT_EXECUTE|[64]
18:49:29.1 (63150293)|VARIABLE_ASSIGNMENT|[EXTERNAL]|this|{"acc":"0x2aab65ed","cardDetails":"0x41ab100e","paymentType":"Credit Card"}|0x600a40d5
18:49:29.1 (63200414)|VARIABLE_ASSIGNMENT|[EXTERNAL]|this|{"acc":"0x2aab65ed","cardDetails":"0x41ab100e","paymentType":"Credit Card"}|0x600a40d5
18:49:29.1 (63236882)|VARIABLE_ASSIGNMENT|[EXTERNAL]|this|{}|0x41ab100e
18:49:29.1 (63248122)|VARIABLE_ASSIGNMENT|[EXTERNAL]|value|"46XX-XXXX-XXXX-8025"
18:49:29.1 (63258263)|VARIABLE_ASSIGNMENT|[3]|this.Card_Number|"46XX-XXXX-XXXX-8025"|0x41ab100e
18:49:29.1 (63267456)|STATEMENT_EXECUTE|[69]
18:49:29.1 (63299852)|VARIABLE_ASSIGNMENT|[EXTERNAL]|this|{"acc":"0x2aab65ed","cardDetails":"0x41ab100e","paymentType":"Credit Card"}|0x600a40d5
18:49:29.1 (63476451)|VARIABLE_ASSIGNMENT|[69]|this.accId|"0016F00002MWfutQAD"|0x600a40d5
18:49:29.1 (63485349)|STATEMENT_EXECUTE|[70]
18:49:29.1 (63612329)|VARIABLE_ASSIGNMENT|[EXTERNAL]|this|{"acc":"0x2aab65ed","accId":"0016F00002MWfutQAD","cardDetails":"0x41ab100e","paymentType":"Credit Card"}|0x600a40d5
18:49:29.1 (63655675)|VARIABLE_ASSIGNMENT|[70]|this.Id|null|0x2aab65ed
18:49:29.1 (63670001)|METHOD_EXIT|[18]|01p6F00000AAswF|ClientPanelAccountBilling.loadAccount()
18:49:29.1 (63677653)|SYSTEM_MODE_EXIT|false
18:49:29.1 (63810980)|HEAP_ALLOCATE|[EXTERNAL]|Bytes:20
18:49:29.1 (63824438)|VARIABLE_SCOPE_BEGIN|[115]|this|ClientPanelAccountBilling|true|false
18:49:29.1 (63930246)|VARIABLE_ASSIGNMENT|[115]|this|{"acc":"0x2aab65ed","accId":"0016F00002MWfutQAD","cardDetails":"0x41ab100e","paymentType":"Credit Card"}|0x600a40d5
18:49:29.1 (63949566)|SYSTEM_MODE_ENTER|false
18:49:29.1 (63963385)|HEAP_ALLOCATE|[116]|Bytes:5
18:49:29.1 (63968247)|STATEMENT_EXECUTE|[115]
18:49:29.1 (63970229)|STATEMENT_EXECUTE|[116]
18:49:29.1 (63979823)|SYSTEM_MODE_EXIT|false
18:49:29.64 (64364223)|SYSTEM_MODE_ENTER|true
18:49:29.64 (64395377)|HEAP_ALLOCATE|[EXTERNAL]|Bytes:38
18:49:29.64 (64401789)|HEAP_ALLOCATE|[EXTERNAL]|Bytes:7
18:49:29.64 (64556865)|SYSTEM_MODE_ENTER|true
18:49:29.64 (64618004)|HEAP_ALLOCATE|[EXTERNAL]|Bytes:8
18:49:29.64 (64626770)|VARIABLE_SCOPE_BEGIN|[88]|this|ApexPage.PageMessagesComponentController|true|false
18:49:29.64 (64654130)|VARIABLE_ASSIGNMENT|[88]|this|{}|0x5a862147
18:49:29.64 (64660599)|VARIABLE_SCOPE_BEGIN|[88]|escape|Boolean|false|false
18:49:29.64 (64668447)|VARIABLE_ASSIGNMENT|[88]|escape|null
18:49:29.64 (64820421)|SYSTEM_MODE_ENTER|true
18:49:29.64 (64862675)|HEAP_ALLOCATE|[EXTERNAL]|Bytes:8
18:49:29.64 (64869812)|VARIABLE_SCOPE_BEGIN|[2]|this|ApexPage.PageMessagesComponentController|true|false
18:49:29.64 (64891569)|VARIABLE_ASSIGNMENT|[2]|this|{}|0x5a862147
18:49:29.1 (65771937)|SYSTEM_MODE_ENTER|true
18:49:29.1 (66908839)|SYSTEM_MODE_ENTER|true
18:49:29.67 (67448537)|SYSTEM_MODE_ENTER|true
18:49:29.67 (67509488)|HEAP_ALLOCATE|[EXTERNAL]|Bytes:8
18:49:29.67 (67519141)|VARIABLE_SCOPE_BEGIN|[88]|this|ApexPage.PageMessagesComponentController|true|false
18:49:29.67 (67544114)|VARIABLE_ASSIGNMENT|[88]|this|{}|0x5a862147
18:49:29.67 (67551188)|VARIABLE_SCOPE_BEGIN|[88]|escape|Boolean|false|false
18:49:29.67 (67560137)|VARIABLE_ASSIGNMENT|[88]|escape|null
18:49:29.67 (67670194)|SYSTEM_MODE_ENTER|true
18:49:29.67 (67709755)|HEAP_ALLOCATE|[EXTERNAL]|Bytes:8
18:49:29.67 (67717129)|VARIABLE_SCOPE_BEGIN|[2]|this|ApexPage.PageMessagesComponentController|true|false
18:49:29.67 (67737666)|VARIABLE_ASSIGNMENT|[2]|this|{}|0x5a862147
18:49:29.1 (69769518)|SYSTEM_MODE_ENTER|true
18:49:29.1 (69825627)|HEAP_ALLOCATE|[EXTERNAL]|Bytes:20
18:49:29.1 (69836526)|VARIABLE_SCOPE_BEGIN|[87]|this|ClientPanelAccountBilling|true|false
18:49:29.1 (70013818)|VARIABLE_ASSIGNMENT|[87]|this|{"acc":"0x2aab65ed","accId":"0016F00002MWfutQAD","cardDetails":"0x41ab100e","paymentType":"Credit Card"}|0x600a40d5
18:49:29.1 (70036891)|SYSTEM_MODE_ENTER|false
18:49:29.1 (70045640)|HEAP_ALLOCATE|[88]|Bytes:5
18:49:29.1 (70057409)|STATEMENT_EXECUTE|[87]
18:49:29.1 (70059660)|STATEMENT_EXECUTE|[88]
18:49:29.1 (70085417)|HEAP_ALLOCATE|[88]|Bytes:4
18:49:29.1 (70119084)|VARIABLE_SCOPE_BEGIN|[88]|options|List<System.SelectOption>|true|false
18:49:29.1 (70143890)|HEAP_ALLOCATE|[EXTERNAL]|Bytes:4
18:49:29.1 (70155970)|VARIABLE_ASSIGNMENT|[88]|options|[]|0x3ae174f3
18:49:29.1 (70162172)|STATEMENT_EXECUTE|[89]
18:49:29.1 (70178844)|HEAP_ALLOCATE|[89]|Bytes:5
18:49:29.1 (70240466)|HEAP_ALLOCATE|[EXTERNAL]|Bytes:4
18:49:29.1 (70253253)|HEAP_ALLOCATE|[89]|Bytes:7
18:49:29.1 (70257869)|HEAP_ALLOCATE|[89]|Bytes:20
18:49:29.1 (70639788)|HEAP_ALLOCATE|[91]|Bytes:8
18:49:29.1 (70740889)|HEAP_ALLOCATE|[EXTERNAL]|Bytes:52
18:49:29.1 (70796353)|HEAP_ALLOCATE|[91]|Bytes:52
18:49:29.1 (70952456)|HEAP_ALLOCATE|[91]|Bytes:5
18:49:29.1 (70989953)|HEAP_ALLOCATE|[91]|Bytes:4
18:49:29.1 (71018115)|VARIABLE_SCOPE_BEGIN|[91]|pickListVal|Schema.PicklistEntry|true|false
18:49:29.1 (71035575)|VARIABLE_ASSIGNMENT|[91]|pickListVal|01|0x33920e9d
18:49:29.1 (71042462)|STATEMENT_EXECUTE|[91]
18:49:29.1 (71044726)|STATEMENT_EXECUTE|[92]
18:49:29.1 (71075331)|HEAP_ALLOCATE|[92]|Bytes:2
18:49:29.1 (71086429)|HEAP_ALLOCATE|[92]|Bytes:2
18:49:29.1 (71133465)|HEAP_ALLOCATE|[EXTERNAL]|Bytes:4
18:49:29.1 (71153690)|HEAP_ALLOCATE|[91]|Bytes:5
18:49:29.1 (71165760)|HEAP_ALLOCATE|[91]|Bytes:4
18:49:29.1 (71182125)|VARIABLE_SCOPE_BEGIN|[91]|pickListVal|Schema.PicklistEntry|true|false
18:49:29.1 (71195114)|VARIABLE_ASSIGNMENT|[91]|pickListVal|02|0x4a7812ce
18:49:29.1 (71201002)|STATEMENT_EXECUTE|[91]
18:49:29.1 (71202708)|STATEMENT_EXECUTE|[92]
18:49:29.1 (71215938)|HEAP_ALLOCATE|[92]|Bytes:2
18:49:29.1 (71223324)|HEAP_ALLOCATE|[92]|Bytes:2
18:49:29.1 (71234855)|HEAP_ALLOCATE|[EXTERNAL]|Bytes:4
18:49:29.1 (71247568)|HEAP_ALLOCATE|[91]|Bytes:5
18:49:29.1 (71257955)|HEAP_ALLOCATE|[91]|Bytes:4
18:49:29.1 (71270874)|VARIABLE_SCOPE_BEGIN|[91]|pickListVal|Schema.PicklistEntry|true|false
18:49:29.1 (71281571)|VARIABLE_ASSIGNMENT|[91]|pickListVal|03|0x3f1212db
18:49:29.1 (71286604)|STATEMENT_EXECUTE|[91]
18:49:29.1 (71288301)|STATEMENT_EXECUTE|[92]
18:49:29.1 (71298976)|HEAP_ALLOCATE|[92]|Bytes:2
18:49:29.1 (71305248)|HEAP_ALLOCATE|[92]|Bytes:2
18:49:29.1 (71315239)|HEAP_ALLOCATE|[EXTERNAL]|Bytes:4
18:49:29.1 (71327175)|HEAP_ALLOCATE|[91]|Bytes:5
18:49:29.1 (71336816)|HEAP_ALLOCATE|[91]|Bytes:4
18:49:29.1 (71348957)|VARIABLE_SCOPE_BEGIN|[91]|pickListVal|Schema.PicklistEntry|true|false
18:49:29.1 (71359102)|VARIABLE_ASSIGNMENT|[91]|pickListVal|04|0x5e0822a4
18:49:29.1 (71364347)|STATEMENT_EXECUTE|[91]
18:49:29.1 (71366039)|STATEMENT_EXECUTE|[92]
18:49:29.1 (71376204)|HEAP_ALLOCATE|[92]|Bytes:2
18:49:29.1 (71382339)|HEAP_ALLOCATE|[92]|Bytes:2
18:49:29.1 (71391880)|HEAP_ALLOCATE|[EXTERNAL]|Bytes:4
18:49:29.1 (71403262)|HEAP_ALLOCATE|[91]|Bytes:5
18:49:29.1 (71412509)|HEAP_ALLOCATE|[91]|Bytes:4
18:49:29.1 (71423953)|VARIABLE_SCOPE_BEGIN|[91]|pickListVal|Schema.PicklistEntry|true|false
18:49:29.1 (71433825)|VARIABLE_ASSIGNMENT|[91]|pickListVal|05|0x7d4d291e
18:49:29.1 (71438745)|STATEMENT_EXECUTE|[91]
18:49:29.1 (71440419)|STATEMENT_EXECUTE|[92]
18:49:29.1 (71449855)|HEAP_ALLOCATE|[92]|Bytes:2
18:49:29.1 (71456065)|HEAP_ALLOCATE|[92]|Bytes:2
18:49:29.1 (71465774)|HEAP_ALLOCATE|[EXTERNAL]|Bytes:4
18:49:29.1 (71477127)|HEAP_ALLOCATE|[91]|Bytes:5
18:49:29.1 (71486040)|HEAP_ALLOCATE|[91]|Bytes:4
18:49:29.1 (71497158)|VARIABLE_SCOPE_BEGIN|[91]|pickListVal|Schema.PicklistEntry|true|false
18:49:29.1 (71506929)|VARIABLE_ASSIGNMENT|[91]|pickListVal|06|0x77a9ba1b
18:49:29.1 (71511739)|STATEMENT_EXECUTE|[91]
18:49:29.1 (71513377)|STATEMENT_EXECUTE|[92]
18:49:29.1 (71523780)|HEAP_ALLOCATE|[92]|Bytes:2
18:49:29.1 (71529771)|HEAP_ALLOCATE|[92]|Bytes:2
18:49:29.1 (71538726)|HEAP_ALLOCATE|[EXTERNAL]|Bytes:4
18:49:29.1 (71549988)|HEAP_ALLOCATE|[91]|Bytes:5
18:49:29.1 (71559132)|HEAP_ALLOCATE|[91]|Bytes:4
18:49:29.1 (71570455)|VARIABLE_SCOPE_BEGIN|[91]|pickListVal|Schema.PicklistEntry|true|false
18:49:29.1 (71580438)|VARIABLE_ASSIGNMENT|[91]|pickListVal|07|0x5802eaff
18:49:29.1 (71585301)|STATEMENT_EXECUTE|[91]
18:49:29.1 (71586949)|STATEMENT_EXECUTE|[92]
18:49:29.1 (71596243)|HEAP_ALLOCATE|[92]|Bytes:2
18:49:29.1 (71602400)|HEAP_ALLOCATE|[92]|Bytes:2
18:49:29.1 (71611594)|HEAP_ALLOCATE|[EXTERNAL]|Bytes:4
18:49:29.1 (71622636)|HEAP_ALLOCATE|[91]|Bytes:5
18:49:29.1 (71631699)|HEAP_ALLOCATE|[91]|Bytes:4
18:49:29.1 (71642774)|VARIABLE_SCOPE_BEGIN|[91]|pickListVal|Schema.PicklistEntry|true|false
18:49:29.1 (71652659)|VARIABLE_ASSIGNMENT|[91]|pickListVal|08|0x4700ee59
18:49:29.1 (71657595)|STATEMENT_EXECUTE|[91]
18:49:29.1 (71659434)|STATEMENT_EXECUTE|[92]
18:49:29.1 (71668847)|HEAP_ALLOCATE|[92]|Bytes:2
18:49:29.1 (71674846)|HEAP_ALLOCATE|[92]|Bytes:2
18:49:29.1 (71684138)|HEAP_ALLOCATE|[EXTERNAL]|Bytes:4
18:49:29.1 (71695173)|HEAP_ALLOCATE|[91]|Bytes:5
18:49:29.1 (71703829)|HEAP_ALLOCATE|[91]|Bytes:4
18:49:29.1 (71715176)|VARIABLE_SCOPE_BEGIN|[91]|pickListVal|Schema.PicklistEntry|true|false
18:49:29.1 (71724985)|VARIABLE_ASSIGNMENT|[91]|pickListVal|09|0x53912a7e
18:49:29.1 (71730215)|STATEMENT_EXECUTE|[91]
18:49:29.1 (71731966)|STATEMENT_EXECUTE|[92]
18:49:29.1 (71741214)|HEAP_ALLOCATE|[92]|Bytes:2
18:49:29.1 (71747194)|HEAP_ALLOCATE|[92]|Bytes:2
18:49:29.1 (71756149)|HEAP_ALLOCATE|[EXTERNAL]|Bytes:4
18:49:29.1 (71767335)|HEAP_ALLOCATE|[91]|Bytes:5
18:49:29.1 (71776455)|HEAP_ALLOCATE|[91]|Bytes:4
18:49:29.1 (71787718)|VARIABLE_SCOPE_BEGIN|[91]|pickListVal|Schema.PicklistEntry|true|false
18:49:29.1 (71797535)|VARIABLE_ASSIGNMENT|[91]|pickListVal|10|0x69523b75
18:49:29.1 (71802302)|STATEMENT_EXECUTE|[91]
18:49:29.1 (71803978)|STATEMENT_EXECUTE|[92]
18:49:29.1 (71813258)|HEAP_ALLOCATE|[92]|Bytes:2
18:49:29.1 (71819219)|HEAP_ALLOCATE|[92]|Bytes:2
18:49:29.1 (71828236)|HEAP_ALLOCATE|[EXTERNAL]|Bytes:4
18:49:29.1 (71839376)|HEAP_ALLOCATE|[91]|Bytes:5
18:49:29.1 (71848141)|HEAP_ALLOCATE|[91]|Bytes:4
18:49:29.1 (71859103)|VARIABLE_SCOPE_BEGIN|[91]|pickListVal|Schema.PicklistEntry|true|false
18:49:29.1 (71869196)|VARIABLE_ASSIGNMENT|[91]|pickListVal|11|0x26c861b2
18:49:29.1 (71874496)|STATEMENT_EXECUTE|[91]
18:49:29.1 (71876163)|STATEMENT_EXECUTE|[92]
18:49:29.1 (71885439)|HEAP_ALLOCATE|[92]|Bytes:2
18:49:29.1 (71891738)|HEAP_ALLOCATE|[92]|Bytes:2
18:49:29.1 (71900587)|HEAP_ALLOCATE|[EXTERNAL]|Bytes:4
18:49:29.1 (71911560)|HEAP_ALLOCATE|[91]|Bytes:5
18:49:29.1 (71920556)|HEAP_ALLOCATE|[91]|Bytes:4
18:49:29.1 (71931956)|VARIABLE_SCOPE_BEGIN|[91]|pickListVal|Schema.PicklistEntry|true|false
18:49:29.1 (71941894)|VARIABLE_ASSIGNMENT|[91]|pickListVal|12|0x667a3114
18:49:29.1 (71946771)|STATEMENT_EXECUTE|[91]
18:49:29.1 (71948446)|STATEMENT_EXECUTE|[92]
18:49:29.1 (71957604)|HEAP_ALLOCATE|[92]|Bytes:2
18:49:29.1 (71963642)|HEAP_ALLOCATE|[92]|Bytes:2
18:49:29.1 (71973061)|HEAP_ALLOCATE|[EXTERNAL]|Bytes:4
18:49:29.1 (71984497)|HEAP_ALLOCATE|[91]|Bytes:5
18:49:29.1 (71994777)|VARIABLE_ASSIGNMENT|[91]|pickListVal|null|
18:49:29.1 (72000168)|STATEMENT_EXECUTE|[95]
18:49:29.1 (72009738)|SYSTEM_MODE_EXIT|false
18:49:29.1 (73211893)|SYSTEM_MODE_ENTER|true
18:49:29.1 (73265112)|HEAP_ALLOCATE|[EXTERNAL]|Bytes:20
18:49:29.1 (73276070)|VARIABLE_SCOPE_BEGIN|[99]|this|ClientPanelAccountBilling|true|false
18:49:29.1 (73432408)|VARIABLE_ASSIGNMENT|[99]|this|{"acc":"0x2aab65ed","accId":"0016F00002MWfutQAD","cardDetails":"0x41ab100e","paymentType":"Credit Card"}|0x600a40d5
18:49:29.1 (73452335)|SYSTEM_MODE_ENTER|false
18:49:29.1 (73460643)|HEAP_ALLOCATE|[100]|Bytes:5
18:49:29.1 (73465749)|STATEMENT_EXECUTE|[99]
18:49:29.1 (73467873)|STATEMENT_EXECUTE|[100]
18:49:29.1 (73486939)|HEAP_ALLOCATE|[100]|Bytes:4
18:49:29.1 (73513561)|VARIABLE_SCOPE_BEGIN|[100]|options|List<System.SelectOption>|true|false
18:49:29.1 (73537805)|HEAP_ALLOCATE|[EXTERNAL]|Bytes:4
18:49:29.1 (73548301)|VARIABLE_ASSIGNMENT|[100]|options|[]|0x44932815
18:49:29.1 (73554673)|STATEMENT_EXECUTE|[101]
18:49:29.1 (73566625)|HEAP_ALLOCATE|[101]|Bytes:4
18:49:29.1 (73617311)|HEAP_ALLOCATE|[EXTERNAL]|Bytes:4
18:49:29.1 (73630489)|HEAP_ALLOCATE|[101]|Bytes:19
18:49:29.1 (73805867)|HEAP_ALLOCATE|[103]|Bytes:8
18:49:29.1 (73879632)|HEAP_ALLOCATE|[EXTERNAL]|Bytes:36
18:49:29.1 (73906539)|HEAP_ALLOCATE|[103]|Bytes:36
18:49:29.1 (73936486)|HEAP_ALLOCATE|[103]|Bytes:5
18:49:29.1 (73951331)|HEAP_ALLOCATE|[103]|Bytes:4
18:49:29.1 (73970938)|VARIABLE_SCOPE_BEGIN|[103]|pickListVal|Schema.PicklistEntry|true|false
18:49:29.1 (73985191)|VARIABLE_ASSIGNMENT|[103]|pickListVal|2016|0x661c21fc
18:49:29.1 (73991692)|STATEMENT_EXECUTE|[103]
18:49:29.1 (73993620)|STATEMENT_EXECUTE|[104]
18:49:29.1 (74012883)|HEAP_ALLOCATE|[104]|Bytes:4
18:49:29.1 (74022156)|HEAP_ALLOCATE|[104]|Bytes:4
18:49:29.1 (74075066)|HEAP_ALLOCATE|[EXTERNAL]|Bytes:4
18:49:29.1 (74097623)|HEAP_ALLOCATE|[103]|Bytes:5
18:49:29.1 (74112458)|HEAP_ALLOCATE|[103]|Bytes:4
18:49:29.1 (74129929)|VARIABLE_SCOPE_BEGIN|[103]|pickListVal|Schema.PicklistEntry|true|false
18:49:29.1 (74141773)|VARIABLE_ASSIGNMENT|[103]|pickListVal|2017|0x5f309ccf
18:49:29.1 (74147464)|STATEMENT_EXECUTE|[103]
18:49:29.1 (74149247)|STATEMENT_EXECUTE|[104]
18:49:29.1 (74162565)|HEAP_ALLOCATE|[104]|Bytes:4
18:49:29.1 (74169596)|HEAP_ALLOCATE|[104]|Bytes:4
18:49:29.1 (74181183)|HEAP_ALLOCATE|[EXTERNAL]|Bytes:4
18:49:29.1 (74193788)|HEAP_ALLOCATE|[103]|Bytes:5
18:49:29.1 (74203748)|HEAP_ALLOCATE|[103]|Bytes:4
18:49:29.1 (74216589)|VARIABLE_SCOPE_BEGIN|[103]|pickListVal|Schema.PicklistEntry|true|false
18:49:29.1 (74227805)|VARIABLE_ASSIGNMENT|[103]|pickListVal|2018|0x7af8b105
18:49:29.1 (74233030)|STATEMENT_EXECUTE|[103]
18:49:29.1 (74234671)|STATEMENT_EXECUTE|[104]
18:49:29.1 (74245599)|HEAP_ALLOCATE|[104]|Bytes:4
18:49:29.1 (74251944)|HEAP_ALLOCATE|[104]|Bytes:4
18:49:29.1 (74262186)|HEAP_ALLOCATE|[EXTERNAL]|Bytes:4
18:49:29.1 (74273872)|HEAP_ALLOCATE|[103]|Bytes:5
18:49:29.1 (74282865)|HEAP_ALLOCATE|[103]|Bytes:4
18:49:29.1 (74295233)|VARIABLE_SCOPE_BEGIN|[103]|pickListVal|Schema.PicklistEntry|true|false
18:49:29.1 (74305946)|VARIABLE_ASSIGNMENT|[103]|pickListVal|2019|0x52ea397c
18:49:29.1 (74311043)|STATEMENT_EXECUTE|[103]
18:49:29.1 (74312774)|STATEMENT_EXECUTE|[104]
18:49:29.1 (74322709)|HEAP_ALLOCATE|[104]|Bytes:4
18:49:29.1 (74328636)|HEAP_ALLOCATE|[104]|Bytes:4
18:49:29.1 (74338127)|HEAP_ALLOCATE|[EXTERNAL]|Bytes:4
18:49:29.1 (74349600)|HEAP_ALLOCATE|[103]|Bytes:5
18:49:29.1 (74359019)|HEAP_ALLOCATE|[103]|Bytes:4
18:49:29.1 (74370326)|VARIABLE_SCOPE_BEGIN|[103]|pickListVal|Schema.PicklistEntry|true|false
18:49:29.1 (74380979)|VARIABLE_ASSIGNMENT|[103]|pickListVal|2020|0x55fee11c
18:49:29.1 (74386308)|STATEMENT_EXECUTE|[103]
18:49:29.1 (74387940)|STATEMENT_EXECUTE|[104]
18:49:29.1 (74397892)|HEAP_ALLOCATE|[104]|Bytes:4
18:49:29.1 (74403901)|HEAP_ALLOCATE|[104]|Bytes:4
18:49:29.1 (74413003)|HEAP_ALLOCATE|[EXTERNAL]|Bytes:4
18:49:29.1 (74424013)|HEAP_ALLOCATE|[103]|Bytes:5
18:49:29.1 (74433301)|HEAP_ALLOCATE|[103]|Bytes:4
18:49:29.1 (74444711)|VARIABLE_SCOPE_BEGIN|[103]|pickListVal|Schema.PicklistEntry|true|false
18:49:29.1 (74455451)|VARIABLE_ASSIGNMENT|[103]|pickListVal|2021|0xef3d988
18:49:29.1 (74460968)|STATEMENT_EXECUTE|[103]
18:49:29.1 (74462680)|STATEMENT_EXECUTE|[104]
18:49:29.1 (74472419)|HEAP_ALLOCATE|[104]|Bytes:4
18:49:29.1 (74478636)|HEAP_ALLOCATE|[104]|Bytes:4
18:49:29.1 (74488017)|HEAP_ALLOCATE|[EXTERNAL]|Bytes:4
18:49:29.1 (74499468)|HEAP_ALLOCATE|[103]|Bytes:5
18:49:29.1 (74508963)|HEAP_ALLOCATE|[103]|Bytes:4
18:49:29.1 (74520157)|VARIABLE_SCOPE_BEGIN|[103]|pickListVal|Schema.PicklistEntry|true|false
18:49:29.1 (74530290)|VARIABLE_ASSIGNMENT|[103]|pickListVal|2022|0x31bc21ca
18:49:29.1 (74535758)|STATEMENT_EXECUTE|[103]
18:49:29.1 (74537344)|STATEMENT_EXECUTE|[104]
18:49:29.1 (74547330)|HEAP_ALLOCATE|[104]|Bytes:4
18:49:29.1 (74553601)|HEAP_ALLOCATE|[104]|Bytes:4
18:49:29.1 (74562737)|HEAP_ALLOCATE|[EXTERNAL]|Bytes:4
18:49:29.1 (74573940)|HEAP_ALLOCATE|[103]|Bytes:5
18:49:29.1 (74582874)|HEAP_ALLOCATE|[103]|Bytes:4
18:49:29.1 (74594165)|VARIABLE_SCOPE_BEGIN|[103]|pickListVal|Schema.PicklistEntry|true|false
18:49:29.1 (74604834)|VARIABLE_ASSIGNMENT|[103]|pickListVal|2023|0x329ecf58
18:49:29.1 (74610143)|STATEMENT_EXECUTE|[103]
18:49:29.1 (74611766)|STATEMENT_EXECUTE|[104]
18:49:29.1 (74621445)|HEAP_ALLOCATE|[104]|Bytes:4
18:49:29.1 (74627760)|HEAP_ALLOCATE|[104]|Bytes:4
18:49:29.1 (74636828)|HEAP_ALLOCATE|[EXTERNAL]|Bytes:4
18:49:29.1 (74648191)|HEAP_ALLOCATE|[103]|Bytes:5
18:49:29.1 (74658713)|VARIABLE_ASSIGNMENT|[103]|pickListVal|null|
18:49:29.1 (74663779)|STATEMENT_EXECUTE|[107]
18:49:29.1 (74672138)|SYSTEM_MODE_EXIT|false
18:49:29.1 (76280123)|VF_SERIALIZE_VIEWSTATE_BEGIN|0666F00000768Dz
18:49:29.1 (78710430)|VF_SERIALIZE_VIEWSTATE_END
18:49:29.82 (82747398)|CUMULATIVE_LIMIT_USAGE
18:49:29.82 (82747398)|LIMIT_USAGE_FOR_NS|(default)|
  Number of SOQL queries: 1 out of 100
  Number of query rows: 1 out of 50000
  Number of SOSL queries: 0 out of 20
  Number of DML statements: 0 out of 150
  Number of DML rows: 0 out of 10000
  Maximum CPU time: 0 out of 10000
  Maximum heap size: 0 out of 6000000
  Number of callouts: 0 out of 100
  Number of Email Invocations: 0 out of 10
  Number of future calls: 0 out of 50
  Number of queueable jobs added to the queue: 0 out of 50
  Number of Mobile Apex push calls: 0 out of 10

18:49:29.82 (82747398)|CUMULATIVE_LIMIT_USAGE_END

18:49:29.1 (82783584)|CODE_UNIT_FINISHED|VF: /apex/ClientPanelAccountBilling
18:49:29.1 (83624563)|EXECUTION_FINISHED
