37.0 APEX_CODE,FINEST;APEX_PROFILING,INFO;CALLOUT,INFO;DB,INFO;NBA,INFO;SYSTEM,DEBUG;VALIDATION,INFO;VISUALFORCE,INFO;WAVE,INFO;WORKFLOW,INFO
17:08:07.17 (17693253)|ENTERING_MANAGED_PKG|Centify
17:08:07.17 (21641867)|ENTERING_MANAGED_PKG|Centify
17:08:07.17 (26728910)|ENTERING_MANAGED_PKG|Centify
17:08:07.17 (27006384)|ENTERING_MANAGED_PKG|Centify
17:08:07.17 (27082022)|ENTERING_MANAGED_PKG|Centify
17:08:07.17 (27181618)|ENTERING_MANAGED_PKG|Centify
17:08:07.17 (27219596)|ENTERING_MANAGED_PKG|Centify
17:08:07.17 (27289975)|ENTERING_MANAGED_PKG|Centify
17:08:07.17 (27318780)|ENTERING_MANAGED_PKG|Centify
17:08:07.17 (27429585)|ENTERING_MANAGED_PKG|Centify
17:08:07.17 (27536530)|ENTERING_MANAGED_PKG|Centify
17:08:07.17 (32068071)|SOQL_EXECUTE_BEGIN|[19]|Aggregations:0|SELECT Id, OrganizationType FROM Organization LIMIT 1
17:08:07.17 (36528862)|SOQL_EXECUTE_END|[19]|Rows:1
17:08:07.17 (39285124)|ENTERING_MANAGED_PKG|Centify
17:08:07.17 (39409039)|ENTERING_MANAGED_PKG|Centify
17:08:07.17 (39626366)|ENTERING_MANAGED_PKG|Centify
17:08:07.17 (39706760)|ENTERING_MANAGED_PKG|Centify
17:08:07.17 (40203897)|ENTERING_MANAGED_PKG|Centify
17:08:07.17 (40276731)|ENTERING_MANAGED_PKG|Centify
17:08:07.17 (40415669)|ENTERING_MANAGED_PKG|Centify
17:08:07.17 (40513204)|ENTERING_MANAGED_PKG|Centify
17:08:07.17 (43719343)|SOQL_EXECUTE_BEGIN|[95]|Aggregations:0|SELECT MAX(Last_Sync_Time__c) maxDT FROM Salesforce_Sync_Settings__c
17:08:07.17 (46753624)|SOQL_EXECUTE_END|[95]|Rows:1
17:08:07.17 (47311856)|ENTERING_MANAGED_PKG|Centify
17:08:07.17 (47441865)|ENTERING_MANAGED_PKG|Centify
17:08:07.17 (61663443)|ENTERING_MANAGED_PKG|Centify
17:08:07.17 (61793750)|ENTERING_MANAGED_PKG|Centify
17:08:07.17 (64405766)|SOQL_EXECUTE_BEGIN|[84]|Aggregations:0|SELECT COUNT() FROM Notification__c WHERE ((Number_Of_Attempts__c = NULL OR Number_Of_Attempts__c < :tmpVar1) AND (CreatedDate = TODAY OR LastModifiedDate = TODAY)) LIMIT 25000
17:08:07.17 (77976116)|SOQL_EXECUTE_END|[84]|Rows:0
17:08:07.17 (78174638)|ENTERING_MANAGED_PKG|Centify
17:08:07.17 (78296013)|ENTERING_MANAGED_PKG|Centify
17:08:07.17 (78392891)|ENTERING_MANAGED_PKG|Centify
17:08:07.17 (78483497)|ENTERING_MANAGED_PKG|Centify
17:08:07.17 (78546729)|ENTERING_MANAGED_PKG|Centify
17:08:07.17 (83099146)|SOQL_EXECUTE_BEGIN|[366]|Aggregations:0|SELECT Id, Label, MasterLabel, DeveloperName, Endpoint__c, TimeOut__c FROM Endpoint_Setting__mdt LIMIT 50
17:08:07.17 (91818584)|SOQL_EXECUTE_END|[366]|Rows:24
17:08:07.17 (94263790)|ENTERING_MANAGED_PKG|Centify
17:08:07.17 (94350922)|ENTERING_MANAGED_PKG|Centify
17:08:07.17 (96373885)|ENTERING_MANAGED_PKG|Centify
17:08:07.17 (96424514)|ENTERING_MANAGED_PKG|Centify
17:08:07.17 (100052845)|ENTERING_MANAGED_PKG|Centify
17:08:07.17 (103420398)|ENTERING_MANAGED_PKG|Centify
17:08:07.17 (103514894)|ENTERING_MANAGED_PKG|Centify
17:08:07.17 (103567033)|ENTERING_MANAGED_PKG|Centify
17:08:07.17 (104418597)|ENTERING_MANAGED_PKG|Centify
17:08:07.17 (104512324)|ENTERING_MANAGED_PKG|Centify
17:08:07.17 (104577218)|ENTERING_MANAGED_PKG|Centify
17:08:07.17 (109421665)|ENTERING_MANAGED_PKG|Centify
17:08:07.17 (109530203)|ENTERING_MANAGED_PKG|Centify
17:08:07.17 (109608938)|ENTERING_MANAGED_PKG|Centify
17:08:07.17 (109672451)|ENTERING_MANAGED_PKG|Centify
17:08:07.17 (109777684)|ENTERING_MANAGED_PKG|Centify
17:08:07.17 (113679070)|ENTERING_MANAGED_PKG|Centify
17:08:07.17 (113813965)|ENTERING_MANAGED_PKG|Centify
17:08:07.17 (114594120)|ENTERING_MANAGED_PKG|Centify
17:08:07.17 (508676819)|ENTERING_MANAGED_PKG|Centify
17:08:07.528 (528426412)|CUMULATIVE_LIMIT_USAGE
17:08:07.528 (528426412)|LIMIT_USAGE_FOR_NS|(default)|
  Number of SOQL queries: 0 out of 200
  Number of query rows: 0 out of 50000
  Number of SOSL queries: 0 out of 20
  Number of DML statements: 0 out of 150
  Number of DML rows: 0 out of 10000
  Maximum CPU time: 0 out of 60000
  Maximum heap size: 0 out of 12000000
  Number of callouts: 0 out of 0
  Number of Email Invocations: 0 out of 10
  Number of future calls: 0 out of 0
  Number of queueable jobs added to the queue: 0 out of 1
  Number of Mobile Apex push calls: 0 out of 10

17:08:07.528 (528426412)|LIMIT_USAGE_FOR_NS|Centify|
  Number of SOQL queries: 0 out of 200
  Number of query rows: 0 out of 50000
  Number of SOSL queries: 0 out of 20
  Number of DML statements: 0 out of 150
  Number of DML rows: 0 out of 10000
  Maximum CPU time: 0 out of 60000
  Maximum heap size: 0 out of 12000000
  Number of callouts: 0 out of 0
  Number of Email Invocations: 0 out of 10
  Number of future calls: 0 out of 0
  Number of queueable jobs added to the queue: 0 out of 1
  Number of Mobile Apex push calls: 0 out of 10

17:08:07.528 (528426412)|CUMULATIVE_LIMIT_USAGE_END

