31.0 APEX_CODE,FINEST;APEX_PROFILING,INFO;CALLOUT,INFO;DB,INFO;NBA,INFO;SYSTEM,DEBUG;VALIDATION,INFO;VISUALFORCE,INFO;WAVE,INFO;WORKFLOW,INFO
16:55:09.0 (119666)|USER_INFO|[EXTERNAL]|00590000000Vmmq|ben@bjbglobal.com.au|Australian Eastern Standard Time|GMT+10:00
16:55:09.0 (168349)|EXECUTION_STARTED
16:55:09.0 (173501)|CODE_UNIT_STARTED|[EXTERNAL]|TRIGGERS
16:55:09.0 (209382)|CODE_UNIT_STARTED|[EXTERNAL]|01q6F000000DhRF|TaskBeforeUpdate on Task trigger event BeforeUpdate|__sfdc_trigger/TaskBeforeUpdate
16:55:09.0 (260677)|HEAP_ALLOCATE|[EXTERNAL]|Bytes:8
16:55:09.0 (324315)|HEAP_ALLOCATE|[EXTERNAL]|Bytes:8
16:55:09.0 (785391)|HEAP_ALLOCATE|[72]|Bytes:3
16:55:09.0 (827361)|HEAP_ALLOCATE|[77]|Bytes:152
16:55:09.0 (848716)|HEAP_ALLOCATE|[342]|Bytes:408
16:55:09.0 (869691)|HEAP_ALLOCATE|[355]|Bytes:408
16:55:09.0 (889088)|HEAP_ALLOCATE|[467]|Bytes:48
16:55:09.0 (925291)|HEAP_ALLOCATE|[139]|Bytes:6
16:55:09.0 (955341)|HEAP_ALLOCATE|[EXTERNAL]|Bytes:4
16:55:09.0 (967025)|VARIABLE_SCOPE_BEGIN|[10]|this|TaskBeforeUpdate|true|false
16:55:09.0 (1022157)|VARIABLE_ASSIGNMENT|[10]|this|{}|0x4d95a1d2
16:55:09.0 (1110532)|HEAP_ALLOCATE|[EXTERNAL]|Bytes:4
16:55:09.0 (1121337)|VARIABLE_SCOPE_BEGIN|[10]|this|TaskBeforeUpdate|true|false
16:55:09.0 (1141614)|VARIABLE_ASSIGNMENT|[10]|this|{}|0x4d95a1d2
16:55:09.0 (1154027)|STATEMENT_EXECUTE|[10]
16:55:09.1 (1160016)|CUMULATIVE_LIMIT_USAGE
16:55:09.1 (1160016)|LIMIT_USAGE_FOR_NS|(default)|
  Number of SOQL queries: 0 out of 100
  Number of query rows: 0 out of 50000
  Number of SOSL queries: 0 out of 20
  Number of DML statements: 0 out of 150
  Number of DML rows: 0 out of 10000
  Maximum CPU time: 0 out of 10000
  Maximum heap size: 0 out of 6000000
  Number of callouts: 0 out of 100
  Number of Email Invocations: 0 out of 10
  Number of future calls: 0 out of 50
  Number of queueable jobs added to the queue: 0 out of 50
  Number of Mobile Apex push calls: 0 out of 10

16:55:09.1 (1160016)|CUMULATIVE_LIMIT_USAGE_END

16:55:09.0 (2391230)|CODE_UNIT_FINISHED|TaskBeforeUpdate on Task trigger event BeforeUpdate|__sfdc_trigger/TaskBeforeUpdate
16:55:09.0 (7386662)|CODE_UNIT_STARTED|[EXTERNAL]|Validation:Task:00T6F00005905uO
16:55:09.0 (7408794)|VALIDATION_RULE|03d6F000000qFaO|Finish_all_call_monitor_field
16:55:09.0 (7984405)|VALIDATION_FORMULA|AND(!ISBLANK(Monitored_By__c),
    OR(ISBLANK( TEXT(CM_advised_what_will_happen_next__c)),
       ISBLANK( TEXT(Allow_customer_to_present_concerns__c) ),
       ISBLANK( TEXT(Communication_is_clear_positive_confiden__c) ),
       ISBLANK( TEXT(Demonstrate_active_listening__c )),
       ISBLANK( TEXT(Gave_correct_answers_and_infomations__c) ),
       ISBLANK( TEXT(Mirrors_clients_talking_behaviour__c) ) ))|CM_advised_what_will_happen_next__c=null , Demonstrate_active_listening__c=null , Communication_is_clear_positive_confiden__c=null , Allow_customer_to_present_concerns__c=null , Gave_correct_answers_and_infomations__c=null , Mirrors_clients_talking_behaviour__c=null , Monitored_By__c=null
16:55:09.0 (8007570)|VALIDATION_PASS
16:55:09.0 (8011751)|VALIDATION_RULE|03d900000009JbB|Interac_Quality_Must_Be_Between_1_and_10
16:55:09.0 (8127811)|VALIDATION_FORMULA|NVMContactWorld__InteractionQuality__c < 1  &#124;&#124;  NVMContactWorld__InteractionQuality__c > 10|NVMContactWorld__InteractionQuality__c=null
16:55:09.0 (8141179)|VALIDATION_PASS
16:55:09.0 (8344625)|CODE_UNIT_FINISHED|Validation:Task:00T6F00005905uO
16:55:09.0 (35627857)|CODE_UNIT_STARTED|[EXTERNAL]|Workflow:Task
16:55:09.0 (49266895)|WF_RULE_EVAL_BEGIN|Workflow
16:55:09.0 (49320370)|WF_CRITERIA_BEGIN|[Task:  00T6F00005905uO]|Update Call Monitor Details|01Q6F0000002Tdt|ON_CREATE_OR_TRIGGERING_UPDATE|0
16:55:09.0 (53141920)|WF_RULE_FILTER|[Task : Monitored By not equal to ]
16:55:09.0 (53165295)|WF_RULE_EVAL_VALUE|
16:55:09.0 (53171913)|WF_CRITERIA_END|false
16:55:09.0 (53194342)|WF_CRITERIA_BEGIN|[Task:  00T6F00005905uO]|Update_Callback_Request_Due_Date3016F0000005i0e|01Q6F0000019gyq|ON_CREATE_ONLY|0
16:55:09.0 (53213315)|WF_RULE_NOT_EVALUATED
16:55:09.0 (53223689)|WF_CRITERIA_BEGIN|[Task:  00T6F00005905uO]|Call Back Request From LinX|01Q6F000001EY2L|ON_CREATE_OR_TRIGGERING_UPDATE|0
16:55:09.0 (53302733)|WF_RULE_FILTER|[Task : Subject equals Callback Request]
16:55:09.0 (53318147)|WF_RULE_EVAL_VALUE|Outbound call to +61424377642
16:55:09.0 (53324467)|WF_CRITERIA_END|false
16:55:09.0 (53337193)|WF_CRITERIA_BEGIN|[Task:  00T6F00005905uO]|Call_Monitor3016F00000054R3|01Q6F000000oOu7|ON_ALL_CHANGES|0
16:55:09.0 (53491712)|WF_FORMULA|Formula:ENCODED:[treatNullAsNull]true|Values:
16:55:09.0 (53503321)|WF_CRITERIA_END|true
16:55:09.0 (54523503)|WF_SPOOL_ACTION_BEGIN|Workflow
16:55:09.0 (54569446)|WF_ACTION| Flow Trigger: 1;
16:55:09.0 (54578659)|WF_RULE_EVAL_END
16:55:09.0 (55913609)|WF_FLOW_ACTION_BEGIN|09L6F000000PGTV
16:55:09.57 (57406398)|FLOW_CREATE_INTERVIEW_BEGIN|00D90000000IJSa|3006F0000008usA|3016F00000054R3
16:55:09.57 (58157438)|FLOW_CREATE_INTERVIEW_END|530989041366e24a44c25f75434f1673509062a-6162|Call Monitoring
16:55:09.58 (58590208)|FLOW_START_INTERVIEWS_BEGIN|1
16:55:09.58 (58610836)|FLOW_START_INTERVIEW_BEGIN|530989041366e24a44c25f75434f1673509062a-6162|Call Monitoring
16:55:09.58 (70207267)|FLOW_START_INTERVIEW_END|530989041366e24a44c25f75434f1673509062a-6162|Call Monitoring
16:55:09.58 (70241709)|FLOW_START_INTERVIEWS_END|1
16:55:09.0 (71576654)|WF_FLOW_ACTION_END|09L6F000000PGTV
16:55:09.0 (71705385)|WF_ACTIONS_END| Flow Trigger: 1;
16:55:09.0 (71719968)|CODE_UNIT_FINISHED|Workflow:Task
16:55:09.0 (83594135)|CODE_UNIT_FINISHED|TRIGGERS
16:55:09.0 (83615371)|EXECUTION_FINISHED
