37.0 APEX_CODE,FINEST;APEX_PROFILING,INFO;CALLOUT,INFO;DB,INFO;NBA,INFO;SYSTEM,DEBUG;VALIDATION,INFO;VISUALFORCE,INFO;WAVE,INFO;WORKFLOW,INFO
17:19:37.15 (15291990)|ENTERING_MANAGED_PKG|Centify
17:19:37.15 (16193200)|ENTERING_MANAGED_PKG|Centify
17:19:37.15 (16232327)|ENTERING_MANAGED_PKG|Centify
17:19:37.15 (16706734)|ENTERING_MANAGED_PKG|Centify
17:19:37.15 (16811476)|ENTERING_MANAGED_PKG|Centify
17:19:37.15 (16851543)|ENTERING_MANAGED_PKG|Centify
17:19:37.33 (33181034)|CUMULATIVE_LIMIT_USAGE
17:19:37.33 (33181034)|LIMIT_USAGE_FOR_NS|(default)|
  Number of SOQL queries: 0 out of 200
  Number of query rows: 0 out of 50000
  Number of SOSL queries: 0 out of 20
  Number of DML statements: 0 out of 150
  Number of DML rows: 0 out of 10000
  Maximum CPU time: 0 out of 60000
  Maximum heap size: 0 out of 12000000
  Number of callouts: 0 out of 0
  Number of Email Invocations: 0 out of 10
  Number of future calls: 0 out of 0
  Number of queueable jobs added to the queue: 0 out of 1
  Number of Mobile Apex push calls: 0 out of 10

17:19:37.33 (33181034)|LIMIT_USAGE_FOR_NS|Centify|
  Number of SOQL queries: 0 out of 200
  Number of query rows: 0 out of 50000
  Number of SOSL queries: 0 out of 20
  Number of DML statements: 0 out of 150
  Number of DML rows: 0 out of 10000
  Maximum CPU time: 0 out of 60000
  Maximum heap size: 0 out of 12000000
  Number of callouts: 0 out of 0
  Number of Email Invocations: 0 out of 10
  Number of future calls: 0 out of 0
  Number of queueable jobs added to the queue: 0 out of 1
  Number of Mobile Apex push calls: 0 out of 10

17:19:37.33 (33181034)|CUMULATIVE_LIMIT_USAGE_END

