44.0 APEX_CODE,FINEST;APEX_PROFILING,INFO;CALLOUT,INFO;DB,INFO;NBA,INFO;SYSTEM,DEBUG;VALIDATION,INFO;VISUALFORCE,INFO;WAVE,INFO;WORKFLOW,INFO
17:11:00.0 (97952)|USER_INFO|[EXTERNAL]|00590000000Vmmq|ben@bjbglobal.com.au|Australian Eastern Standard Time|GMT+10:00
17:11:00.0 (168464)|EXECUTION_STARTED
17:11:00.0 (173761)|CODE_UNIT_STARTED|[EXTERNAL]|Validation:Sign_Up_Note:a1T6F00000QcSJL
17:11:00.0 (188822)|VALIDATION_RULE|03d6F000000gdjF|Adwords_Id_Must_be_Ten_Digits
17:11:00.0 (409291)|VALIDATION_FORMULA|AND(NOT(ISBLANK(Adwords_ID__c)), NOT(REGEX(Adwords_ID__c, "[0-9]{3}-[0-9]{3}-[0-9]{4}")))|Adwords_ID__c=451-569-1209
17:11:00.0 (420800)|VALIDATION_PASS
17:11:00.0 (777289)|CODE_UNIT_FINISHED|Validation:Sign_Up_Note:a1T6F00000QcSJL
17:11:00.0 (787486)|EXECUTION_FINISHED
17:11:00.23 (23161094)|USER_INFO|[EXTERNAL]|00590000000Vmmq|ben@bjbglobal.com.au|Australian Eastern Standard Time|GMT+10:00
17:11:00.23 (23184001)|EXECUTION_STARTED
17:11:00.23 (23187298)|CODE_UNIT_STARTED|[EXTERNAL]|Workflow:01I90000001nI8a
17:11:00.23 (51369827)|WF_RULE_EVAL_BEGIN|Workflow
17:11:00.23 (51400080)|WF_CRITERIA_BEGIN|[Sign Up Note: Note - 19152 a1T6F00000QcSJL]|Check Signup Price SLX|01Q90000000mrnZ|ON_CREATE_OR_TRIGGERING_UPDATE|0
17:11:00.23 (75766403)|WF_FORMULA|Formula:ENCODED:[treatNullAsNull]ISPICKVAL({!ID:00N9000000CZWtI}, 'No')  && NOT(CONTAINS( {!ID:00N9000000CZ4PG.00N900000014aWp.TextName} ,'GetMoreTraffic'))|Values:Is_Pricing_Correct__c=Yes, Sign_up__r.Account__r.Name=KMS Services
17:11:00.23 (75787516)|WF_CRITERIA_END|false
17:11:00.23 (75813065)|WF_CRITERIA_BEGIN|[Sign Up Note: Note - 19152 a1T6F00000QcSJL]|Send GMT Signup Notes|01Q6F000000GqPD|ON_CREATE_ONLY|0
17:11:00.23 (75830103)|WF_RULE_NOT_EVALUATED
17:11:00.23 (75837186)|WF_CRITERIA_BEGIN|[Sign Up Note: Note - 19152 a1T6F00000QcSJL]|Billing Instruction Alert|01Q6F0000019k5f|ON_CREATE_OR_TRIGGERING_UPDATE|0
17:11:00.23 (84554364)|WF_RULE_FILTER|[Sign Up Note : Billing Instruction not equal to ]
17:11:00.23 (84569518)|WF_RULE_EVAL_VALUE|
17:11:00.23 (84572028)|WF_CRITERIA_END|false
17:11:00.23 (84585883)|WF_CRITERIA_BEGIN|[Sign Up Note: Note - 19152 a1T6F00000QcSJL]|Check Signup Price GMT|01Q90000000DQJ6|ON_CREATE_OR_TRIGGERING_UPDATE|0
17:11:00.23 (84966034)|WF_FORMULA|Formula:ENCODED:[treatNullAsNull]ISPICKVAL({!ID:00N9000000CZWtI}, 'No')  &&  CONTAINS( {!ID:00N9000000CZ4PG.00N900000014aWp.TextName} ,'GetMoreTraffic')|Values:Is_Pricing_Correct__c=Yes, Sign_up__r.Account__r.Name=KMS Services
17:11:00.23 (84975065)|WF_CRITERIA_END|false
17:11:00.23 (84984567)|WF_CRITERIA_BEGIN|[Sign Up Note: Note - 19152 a1T6F00000QcSJL]|Send Signup Notes Alert to Sales Manager - SLX|01Q6F0000002T61|ON_CREATE_ONLY|0
17:11:00.23 (84994044)|WF_RULE_NOT_EVALUATED
17:11:00.23 (84997795)|WF_CRITERIA_BEGIN|[Sign Up Note: Note - 19152 a1T6F00000QcSJL]|Campaign Start Date SLX|01Q90000000mrsO|ON_CREATE_OR_TRIGGERING_UPDATE|0
17:11:00.23 (85276161)|WF_FORMULA|Formula:ENCODED:[treatNullAsNull]{!ID:00N9000000CZ4Pk}  <>  TODAY() && NOT(CONTAINS({!ID:00N9000000CZ4PG.00N900000014aWp.TextName},'GetMoreTraffic'))|Values:Campaign_start_date__c=2018-11-21 00:00:00, Sign_up__r.Account__r.Name=KMS Services
17:11:00.23 (85284780)|WF_CRITERIA_END|false
17:11:00.23 (85293122)|WF_CRITERIA_BEGIN|[Sign Up Note: Note - 19152 a1T6F00000QcSJL]|Send Signup Notes Alert to Sales Manager - GMT|01Q6F000001ReJT|ON_CREATE_ONLY|0
17:11:00.23 (85301456)|WF_RULE_NOT_EVALUATED
17:11:00.23 (85304867)|WF_CRITERIA_BEGIN|[Sign Up Note: Note - 19152 a1T6F00000QcSJL]|Auto_Populate_Adwords_Id_in_the_Sign_Up_Record3016F000000TqjU|01Q6F000000DkbG|ON_ALL_CHANGES|0
17:11:00.23 (85342330)|WF_FORMULA|Formula:ENCODED:[treatNullAsNull]true|Values:
17:11:00.23 (85347435)|WF_CRITERIA_END|true
17:11:00.23 (86083550)|WF_CRITERIA_BEGIN|[Sign Up Note: Note - 19152 a1T6F00000QcSJL]|Adwords Acc Transfer|01Q6F0000019kNo|ON_ALL_CHANGES|0
17:11:00.23 (98778676)|WF_FORMULA|Formula:ENCODED:[treatNullAsNull]AND(ischanged({!ID:00N6F00000I2QVI}), {!ID:00N9000000CZ4PG.Owner:User.LastName} != 'Site Guest User', {!ID:00N6F00000EHZvM} = false,  {!ID:RecordType.Name} = 'Adwords Signup Notes',{!ID:00N6F00000EHZw0}!= '000-000-0000')|Values:Processed__c=0, Adwords_ID__c=451-569-1209, OwnerID1__c=0056F000009en8F, Sign_up__r.Owner:User.LastName=Morton, RecordType.Name=Adwords Signup Notes
17:11:00.23 (98801162)|WF_CRITERIA_END|true
17:11:00.23 (98833776)|WF_CRITERIA_BEGIN|[Sign Up Note: Note - 19152 a1T6F00000QcSJL]|Update_Sign_Up_From_Source3016F0000005dzG|01Q6F0000019fAg|ON_ALL_CHANGES|0
17:11:00.23 (98884651)|WF_FORMULA|Formula:ENCODED:[treatNullAsNull]true|Values:
17:11:00.23 (98889853)|WF_CRITERIA_END|true
17:11:00.23 (98902339)|WF_CRITERIA_BEGIN|[Sign Up Note: Note - 19152 a1T6F00000QcSJL]|Campaign Start Date GMT|01Q90000000DQJG|ON_CREATE_OR_TRIGGERING_UPDATE|0
17:11:00.23 (99257149)|WF_FORMULA|Formula:ENCODED:[treatNullAsNull]{!ID:00N9000000CZ4Pk}  <>  TODAY() && CONTAINS({!ID:00N9000000CZ4PG.00N900000014aWp.TextName},'GetMoreTraffic')|Values:Campaign_start_date__c=2018-11-21 00:00:00, Sign_up__r.Account__r.Name=KMS Services
17:11:00.23 (99267392)|WF_CRITERIA_END|false
17:11:00.23 (99275991)|WF_CRITERIA_BEGIN|[Sign Up Note: Note - 19152 a1T6F00000QcSJL]|Auto_Populate_Business_Name_Sign_Up_Note3016F000000DErq|01Q6F000000RWYU|ON_CREATE_ONLY|0
17:11:00.23 (99284777)|WF_RULE_NOT_EVALUATED
17:11:00.23 (99315758)|WF_SPOOL_ACTION_BEGIN|Workflow
17:11:00.23 (99340879)|WF_RULE_INVOCATION|[Sign Up Note: Note - 19152 a1T6F00000QcSJL]
17:11:00.23 (99361062)|WF_OUTBOUND_MSG|[Sign Up Note: Note - 19152 a1T6F00000QcSJL]|Id=04k6F000000L7Hj|CurrentRule:Adwords Acc Transfer (Id=01Q6F0000019kNo)
17:11:00.23 (99396167)|WF_ACTION| Outbound Message: 1; Flow Trigger: 2;
17:11:00.23 (99402625)|WF_RULE_EVAL_END
17:11:00.23 (103201691)|WF_FLOW_ACTION_BEGIN|09L6F000000L3cZ
17:11:00.105 (105900768)|FLOW_CREATE_INTERVIEW_BEGIN|00D90000000IJSa|3006F000000TWU5|3016F000000TqjU
17:11:00.105 (106685972)|FLOW_CREATE_INTERVIEW_END|9693f2e05da6235a6dbb9d17100167350d4b5-d980|Auto Populate Adwords Id in the Sign Up Record
17:11:00.107 (107478697)|FLOW_START_INTERVIEWS_BEGIN|1
17:11:00.107 (107506112)|FLOW_START_INTERVIEW_BEGIN|9693f2e05da6235a6dbb9d17100167350d4b5-d980|Auto Populate Adwords Id in the Sign Up Record
17:11:00.107 (115267103)|FLOW_START_INTERVIEW_END|9693f2e05da6235a6dbb9d17100167350d4b5-d980|Auto Populate Adwords Id in the Sign Up Record
17:11:00.107 (115296812)|FLOW_START_INTERVIEWS_END|1
17:11:00.23 (116707390)|WF_FLOW_ACTION_END|09L6F000000L3cZ
17:11:00.23 (116754115)|WF_FLOW_ACTION_BEGIN|09L6F000000PVmc
17:11:00.118 (118489462)|FLOW_CREATE_INTERVIEW_BEGIN|00D90000000IJSa|3006F00000090yj|3016F0000005dzG
17:11:00.118 (119368270)|FLOW_CREATE_INTERVIEW_END|9694f2e05da6235a6dbb9d17100167350d4b5-d97f|Update Sign Up From Source
17:11:00.119 (119760131)|FLOW_START_INTERVIEWS_BEGIN|1
17:11:00.119 (119785508)|FLOW_START_INTERVIEW_BEGIN|9694f2e05da6235a6dbb9d17100167350d4b5-d97f|Update Sign Up From Source
17:11:00.119 (121567616)|FLOW_START_INTERVIEW_END|9694f2e05da6235a6dbb9d17100167350d4b5-d97f|Update Sign Up From Source
17:11:00.119 (121590000)|FLOW_START_INTERVIEWS_END|1
17:11:00.23 (122209380)|WF_FLOW_ACTION_END|09L6F000000PVmc
17:11:00.23 (122357513)|WF_ACTIONS_END| Outbound Message: 1; Flow Trigger: 2;
17:11:00.23 (122369886)|CODE_UNIT_FINISHED|Workflow:01I90000001nI8a
17:11:00.23 (123803050)|EXECUTION_FINISHED
