37.0 APEX_CODE,FINEST;APEX_PROFILING,INFO;CALLOUT,INFO;DB,INFO;NBA,INFO;SYSTEM,DEBUG;VALIDATION,INFO;VISUALFORCE,INFO;WAVE,INFO;WORKFLOW,INFO
18:44:06.12 (12440870)|ENTERING_MANAGED_PKG|Centify
18:44:06.12 (15904657)|ENTERING_MANAGED_PKG|Centify
18:44:06.12 (21750981)|ENTERING_MANAGED_PKG|Centify
18:44:06.12 (21902219)|ENTERING_MANAGED_PKG|Centify
18:44:06.12 (22050198)|ENTERING_MANAGED_PKG|Centify
18:44:06.12 (22656575)|ENTERING_MANAGED_PKG|Centify
18:44:06.12 (22930020)|ENTERING_MANAGED_PKG|Centify
18:44:06.12 (22954769)|ENTERING_MANAGED_PKG|Centify
18:44:06.12 (23033282)|ENTERING_MANAGED_PKG|Centify
18:44:06.12 (23083714)|ENTERING_MANAGED_PKG|Centify
18:44:06.12 (23118031)|ENTERING_MANAGED_PKG|Centify
18:44:06.12 (23135753)|ENTERING_MANAGED_PKG|Centify
18:44:06.12 (23153160)|ENTERING_MANAGED_PKG|Centify
18:44:06.12 (23321612)|ENTERING_MANAGED_PKG|Centify
18:44:06.12 (61997610)|ENTERING_MANAGED_PKG|Centify
18:44:06.12 (62112627)|ENTERING_MANAGED_PKG|Centify
18:44:06.12 (62232360)|ENTERING_MANAGED_PKG|Centify
18:44:06.12 (62281056)|ENTERING_MANAGED_PKG|Centify
18:44:06.12 (243956519)|ENTERING_MANAGED_PKG|Centify
18:44:06.12 (293042216)|ENTERING_MANAGED_PKG|Centify
18:44:06.12 (309431049)|ENTERING_MANAGED_PKG|Centify
18:44:06.12 (309499053)|ENTERING_MANAGED_PKG|Centify
18:44:06.12 (309611126)|ENTERING_MANAGED_PKG|Centify
18:44:06.12 (309661570)|ENTERING_MANAGED_PKG|Centify
18:44:06.12 (309758497)|ENTERING_MANAGED_PKG|Centify
18:44:06.12 (336679412)|ENTERING_MANAGED_PKG|Centify
18:44:06.12 (352113175)|ENTERING_MANAGED_PKG|Centify
18:44:06.12 (352160776)|ENTERING_MANAGED_PKG|Centify
18:44:06.12 (352243200)|ENTERING_MANAGED_PKG|Centify
18:44:06.12 (352290137)|ENTERING_MANAGED_PKG|Centify
18:44:06.12 (352356722)|ENTERING_MANAGED_PKG|Centify
18:44:06.12 (379403629)|ENTERING_MANAGED_PKG|Centify
18:44:06.12 (396158157)|ENTERING_MANAGED_PKG|Centify
18:44:06.12 (396207394)|ENTERING_MANAGED_PKG|Centify
18:44:06.12 (396281030)|ENTERING_MANAGED_PKG|Centify
18:44:06.12 (396311249)|ENTERING_MANAGED_PKG|Centify
18:44:06.12 (396371256)|ENTERING_MANAGED_PKG|Centify
18:44:06.12 (424690504)|ENTERING_MANAGED_PKG|Centify
18:44:06.12 (440249483)|ENTERING_MANAGED_PKG|Centify
18:44:06.12 (440299741)|ENTERING_MANAGED_PKG|Centify
18:44:06.12 (440371692)|ENTERING_MANAGED_PKG|Centify
18:44:06.12 (440402839)|ENTERING_MANAGED_PKG|Centify
18:44:06.12 (440463236)|ENTERING_MANAGED_PKG|Centify
18:44:06.12 (476795412)|ENTERING_MANAGED_PKG|Centify
18:44:06.12 (493109471)|ENTERING_MANAGED_PKG|Centify
18:44:06.12 (493159873)|ENTERING_MANAGED_PKG|Centify
18:44:06.12 (493234313)|ENTERING_MANAGED_PKG|Centify
18:44:06.12 (493266708)|ENTERING_MANAGED_PKG|Centify
18:44:06.12 (493326535)|ENTERING_MANAGED_PKG|Centify
18:44:06.12 (519780948)|ENTERING_MANAGED_PKG|Centify
18:44:06.12 (535468430)|ENTERING_MANAGED_PKG|Centify
18:44:06.12 (535516241)|ENTERING_MANAGED_PKG|Centify
18:44:06.12 (535586637)|ENTERING_MANAGED_PKG|Centify
18:44:06.12 (535618994)|ENTERING_MANAGED_PKG|Centify
18:44:06.12 (535678878)|ENTERING_MANAGED_PKG|Centify
18:44:06.12 (561025406)|ENTERING_MANAGED_PKG|Centify
18:44:06.12 (575652050)|ENTERING_MANAGED_PKG|Centify
18:44:06.12 (575699820)|ENTERING_MANAGED_PKG|Centify
18:44:06.12 (575776167)|ENTERING_MANAGED_PKG|Centify
18:44:06.12 (575809269)|ENTERING_MANAGED_PKG|Centify
18:44:06.12 (575866978)|ENTERING_MANAGED_PKG|Centify
18:44:06.12 (602517742)|ENTERING_MANAGED_PKG|Centify
18:44:06.12 (619524929)|ENTERING_MANAGED_PKG|Centify
18:44:06.12 (619573807)|ENTERING_MANAGED_PKG|Centify
18:44:06.12 (619646099)|ENTERING_MANAGED_PKG|Centify
18:44:06.12 (619677206)|ENTERING_MANAGED_PKG|Centify
18:44:06.12 (619741060)|ENTERING_MANAGED_PKG|Centify
18:44:06.12 (646728746)|ENTERING_MANAGED_PKG|Centify
18:44:06.12 (661967298)|ENTERING_MANAGED_PKG|Centify
18:44:06.12 (662017945)|ENTERING_MANAGED_PKG|Centify
18:44:06.12 (662100382)|ENTERING_MANAGED_PKG|Centify
18:44:06.12 (662145105)|ENTERING_MANAGED_PKG|Centify
18:44:06.12 (662208204)|ENTERING_MANAGED_PKG|Centify
18:44:06.12 (690812039)|ENTERING_MANAGED_PKG|Centify
18:44:06.12 (690878446)|ENTERING_MANAGED_PKG|Centify
18:44:06.12 (691020583)|ENTERING_MANAGED_PKG|Centify
18:44:06.12 (691060670)|ENTERING_MANAGED_PKG|Centify
18:44:06.12 (691102955)|ENTERING_MANAGED_PKG|Centify
18:44:06.12 (691363784)|ENTERING_MANAGED_PKG|Centify
18:44:06.12 (691432150)|ENTERING_MANAGED_PKG|Centify
18:44:06.12 (702819193)|ENTERING_MANAGED_PKG|Centify
18:44:06.12 (702914751)|ENTERING_MANAGED_PKG|Centify
18:44:06.12 (703020287)|ENTERING_MANAGED_PKG|Centify
18:44:06.12 (703814515)|ENTERING_MANAGED_PKG|Centify
18:44:06.12 (704887091)|SOQL_EXECUTE_BEGIN|[16]|Aggregations:0|select id,lastmodifieddate,isdeleted,ownerid,status,whatid,activitydate,tasksubtype,isclosed,subject from Task where LastModifiedDate >2018-09-28T07:44:30Z AND LastModifiedDate < 2018-09-28T08:44:12Z AND (  Subject = 'Email' )  ORDER BY SystemModStamp DESC LIMIT 5000  ALL ROWS
18:44:06.12 (711405466)|SOQL_EXECUTE_END|[16]|Rows:0
18:44:06.732 (732966631)|CUMULATIVE_LIMIT_USAGE
18:44:06.732 (732966631)|LIMIT_USAGE_FOR_NS|(default)|
  Number of SOQL queries: 0 out of 200
  Number of query rows: 0 out of 50000
  Number of SOSL queries: 0 out of 20
  Number of DML statements: 0 out of 150
  Number of DML rows: 0 out of 10000
  Maximum CPU time: 0 out of 60000
  Maximum heap size: 0 out of 12000000
  Number of callouts: 0 out of 0
  Number of Email Invocations: 0 out of 10
  Number of future calls: 0 out of 0
  Number of queueable jobs added to the queue: 0 out of 1
  Number of Mobile Apex push calls: 0 out of 10

18:44:06.732 (732966631)|LIMIT_USAGE_FOR_NS|Centify|
  Number of SOQL queries: 0 out of 200
  Number of query rows: 0 out of 50000
  Number of SOSL queries: 0 out of 20
  Number of DML statements: 0 out of 150
  Number of DML rows: 0 out of 10000
  Maximum CPU time: 0 out of 60000
  Maximum heap size: 0 out of 12000000
  Number of callouts: 0 out of 0
  Number of Email Invocations: 0 out of 10
  Number of future calls: 0 out of 0
  Number of queueable jobs added to the queue: 0 out of 1
  Number of Mobile Apex push calls: 0 out of 10

18:44:06.732 (732966631)|CUMULATIVE_LIMIT_USAGE_END

