37.0 APEX_CODE,FINEST;APEX_PROFILING,INFO;CALLOUT,INFO;DB,INFO;NBA,INFO;SYSTEM,DEBUG;VALIDATION,INFO;VISUALFORCE,INFO;WAVE,INFO;WORKFLOW,INFO
11:37:23.21 (21232876)|ENTERING_MANAGED_PKG|Centify
11:37:23.21 (23168158)|ENTERING_MANAGED_PKG|Centify
11:37:23.21 (23230763)|ENTERING_MANAGED_PKG|Centify
11:37:23.21 (24411697)|ENTERING_MANAGED_PKG|Centify
11:37:23.21 (24515971)|ENTERING_MANAGED_PKG|Centify
11:37:23.21 (25656487)|ENTERING_MANAGED_PKG|Centify
11:37:23.21 (26083726)|ENTERING_MANAGED_PKG|Centify
11:37:23.21 (26129611)|ENTERING_MANAGED_PKG|Centify
11:37:23.21 (26245484)|ENTERING_MANAGED_PKG|Centify
11:37:23.21 (26309141)|ENTERING_MANAGED_PKG|Centify
11:37:23.21 (26357281)|ENTERING_MANAGED_PKG|Centify
11:37:23.21 (26389555)|ENTERING_MANAGED_PKG|Centify
11:37:23.21 (26414506)|ENTERING_MANAGED_PKG|Centify
11:37:23.21 (26673814)|ENTERING_MANAGED_PKG|Centify
11:37:23.21 (74635745)|ENTERING_MANAGED_PKG|Centify
11:37:23.21 (74733909)|ENTERING_MANAGED_PKG|Centify
11:37:23.21 (74878644)|ENTERING_MANAGED_PKG|Centify
11:37:23.21 (74926066)|ENTERING_MANAGED_PKG|Centify
11:37:23.21 (340724199)|ENTERING_MANAGED_PKG|Centify
11:37:23.21 (389883331)|ENTERING_MANAGED_PKG|Centify
11:37:23.21 (403953744)|ENTERING_MANAGED_PKG|Centify
11:37:23.21 (404010791)|ENTERING_MANAGED_PKG|Centify
11:37:23.21 (404093320)|ENTERING_MANAGED_PKG|Centify
11:37:23.21 (404129137)|ENTERING_MANAGED_PKG|Centify
11:37:23.21 (404194939)|ENTERING_MANAGED_PKG|Centify
11:37:23.21 (438092175)|ENTERING_MANAGED_PKG|Centify
11:37:23.21 (462616943)|ENTERING_MANAGED_PKG|Centify
11:37:23.21 (462689498)|ENTERING_MANAGED_PKG|Centify
11:37:23.21 (462821544)|ENTERING_MANAGED_PKG|Centify
11:37:23.21 (462876850)|ENTERING_MANAGED_PKG|Centify
11:37:23.21 (462983576)|ENTERING_MANAGED_PKG|Centify
11:37:23.21 (500064442)|ENTERING_MANAGED_PKG|Centify
11:37:23.21 (517529814)|ENTERING_MANAGED_PKG|Centify
11:37:23.21 (517603902)|ENTERING_MANAGED_PKG|Centify
11:37:23.21 (517725958)|ENTERING_MANAGED_PKG|Centify
11:37:23.21 (517771413)|ENTERING_MANAGED_PKG|Centify
11:37:23.21 (517843134)|ENTERING_MANAGED_PKG|Centify
11:37:23.21 (553187993)|ENTERING_MANAGED_PKG|Centify
11:37:23.21 (570808816)|ENTERING_MANAGED_PKG|Centify
11:37:23.21 (570868053)|ENTERING_MANAGED_PKG|Centify
11:37:23.21 (570951984)|ENTERING_MANAGED_PKG|Centify
11:37:23.21 (570987322)|ENTERING_MANAGED_PKG|Centify
11:37:23.21 (571075499)|ENTERING_MANAGED_PKG|Centify
11:37:23.21 (610031882)|ENTERING_MANAGED_PKG|Centify
11:37:23.21 (631156409)|ENTERING_MANAGED_PKG|Centify
11:37:23.21 (631237645)|ENTERING_MANAGED_PKG|Centify
11:37:23.21 (631383651)|ENTERING_MANAGED_PKG|Centify
11:37:23.21 (631447814)|ENTERING_MANAGED_PKG|Centify
11:37:23.21 (631580384)|ENTERING_MANAGED_PKG|Centify
11:37:23.21 (675418409)|ENTERING_MANAGED_PKG|Centify
11:37:23.21 (695419943)|ENTERING_MANAGED_PKG|Centify
11:37:23.21 (695506427)|ENTERING_MANAGED_PKG|Centify
11:37:23.21 (695636436)|ENTERING_MANAGED_PKG|Centify
11:37:23.21 (695703164)|ENTERING_MANAGED_PKG|Centify
11:37:23.21 (695840997)|ENTERING_MANAGED_PKG|Centify
11:37:23.21 (736352098)|ENTERING_MANAGED_PKG|Centify
11:37:23.21 (758696834)|ENTERING_MANAGED_PKG|Centify
11:37:23.21 (758758061)|ENTERING_MANAGED_PKG|Centify
11:37:23.21 (758843439)|ENTERING_MANAGED_PKG|Centify
11:37:23.21 (758879454)|ENTERING_MANAGED_PKG|Centify
11:37:23.21 (758945420)|ENTERING_MANAGED_PKG|Centify
11:37:23.21 (855509899)|ENTERING_MANAGED_PKG|Centify
11:37:23.21 (876593886)|ENTERING_MANAGED_PKG|Centify
11:37:23.21 (876657775)|ENTERING_MANAGED_PKG|Centify
11:37:23.21 (876751664)|ENTERING_MANAGED_PKG|Centify
11:37:23.21 (876791078)|ENTERING_MANAGED_PKG|Centify
11:37:23.21 (876861766)|ENTERING_MANAGED_PKG|Centify
11:37:23.21 (927736074)|ENTERING_MANAGED_PKG|Centify
11:37:23.21 (949232258)|ENTERING_MANAGED_PKG|Centify
11:37:23.21 (949316834)|ENTERING_MANAGED_PKG|Centify
11:37:23.21 (949463278)|ENTERING_MANAGED_PKG|Centify
11:37:23.21 (949513021)|ENTERING_MANAGED_PKG|Centify
11:37:23.21 (949602319)|ENTERING_MANAGED_PKG|Centify
11:37:23.21 (993601290)|ENTERING_MANAGED_PKG|Centify
11:37:23.21 (1015140126)|ENTERING_MANAGED_PKG|Centify
11:37:23.21 (1015552854)|ENTERING_MANAGED_PKG|Centify
11:37:24.34 (1034785960)|ENTERING_MANAGED_PKG|Centify
11:37:24.34 (1034933112)|ENTERING_MANAGED_PKG|Centify
11:37:24.34 (1037851962)|ENTERING_MANAGED_PKG|Centify
11:37:24.34 (1037960719)|ENTERING_MANAGED_PKG|Centify
11:37:24.34 (1038055027)|ENTERING_MANAGED_PKG|Centify
11:37:24.34 (1038171114)|ENTERING_MANAGED_PKG|Centify
11:37:24.34 (1043673023)|SOQL_EXECUTE_BEGIN|[19]|Aggregations:0|SELECT Id, OrganizationType FROM Organization LIMIT 1
11:37:24.34 (1048591893)|SOQL_EXECUTE_END|[19]|Rows:1
11:37:24.34 (1069317886)|ENTERING_MANAGED_PKG|Centify
11:37:24.34 (1069400251)|ENTERING_MANAGED_PKG|Centify
11:37:24.34 (1069679467)|ENTERING_MANAGED_PKG|Centify
11:37:24.34 (1069768718)|ENTERING_MANAGED_PKG|Centify
11:37:24.34 (1069831149)|ENTERING_MANAGED_PKG|Centify
11:37:24.34 (1070983586)|ENTERING_MANAGED_PKG|Centify
11:37:24.34 (1071104590)|ENTERING_MANAGED_PKG|Centify
11:37:24.34 (1081945058)|ENTERING_MANAGED_PKG|Centify
11:37:24.34 (1082183418)|ENTERING_MANAGED_PKG|Centify
11:37:24.34 (1083065656)|ENTERING_MANAGED_PKG|Centify
11:37:24.34 (1084124070)|SOQL_EXECUTE_BEGIN|[16]|Aggregations:0|select id,lastmodifieddate,isdeleted,name,createddate,ownerid,status,isconverted,converteddate,company from Lead where LastModifiedDate >2018-10-23T01:26:52Z AND LastModifiedDate < 2018-10-23T01:37:29Z  ORDER BY SystemModStamp DESC LIMIT 5000  ALL ROWS
11:37:24.34 (1090968592)|SOQL_EXECUTE_END|[16]|Rows:0
11:37:24.116 (1116417099)|CUMULATIVE_LIMIT_USAGE
11:37:24.116 (1116417099)|LIMIT_USAGE_FOR_NS|(default)|
  Number of SOQL queries: 0 out of 200
  Number of query rows: 0 out of 50000
  Number of SOSL queries: 0 out of 20
  Number of DML statements: 0 out of 150
  Number of DML rows: 0 out of 10000
  Maximum CPU time: 0 out of 60000
  Maximum heap size: 0 out of 12000000
  Number of callouts: 0 out of 0
  Number of Email Invocations: 0 out of 10
  Number of future calls: 0 out of 0
  Number of queueable jobs added to the queue: 0 out of 1
  Number of Mobile Apex push calls: 0 out of 10

11:37:24.116 (1116417099)|LIMIT_USAGE_FOR_NS|Centify|
  Number of SOQL queries: 0 out of 200
  Number of query rows: 0 out of 50000
  Number of SOSL queries: 0 out of 20
  Number of DML statements: 0 out of 150
  Number of DML rows: 0 out of 10000
  Maximum CPU time: 0 out of 60000
  Maximum heap size: 0 out of 12000000
  Number of callouts: 0 out of 0
  Number of Email Invocations: 0 out of 10
  Number of future calls: 0 out of 0
  Number of queueable jobs added to the queue: 0 out of 1
  Number of Mobile Apex push calls: 0 out of 10

11:37:24.116 (1116417099)|CUMULATIVE_LIMIT_USAGE_END

