37.0 APEX_CODE,FINEST;APEX_PROFILING,INFO;CALLOUT,INFO;DB,INFO;NBA,INFO;SYSTEM,DEBUG;VALIDATION,INFO;VISUALFORCE,INFO;WAVE,INFO;WORKFLOW,INFO
16:57:01.18 (18467238)|ENTERING_MANAGED_PKG|Centify
16:57:01.18 (20575190)|ENTERING_MANAGED_PKG|Centify
16:57:01.18 (20613205)|ENTERING_MANAGED_PKG|Centify
16:57:01.18 (21329515)|ENTERING_MANAGED_PKG|Centify
16:57:01.18 (21391126)|ENTERING_MANAGED_PKG|Centify
16:57:01.18 (22068049)|ENTERING_MANAGED_PKG|Centify
16:57:01.18 (22394865)|ENTERING_MANAGED_PKG|Centify
16:57:01.18 (22422825)|ENTERING_MANAGED_PKG|Centify
16:57:01.18 (22500161)|ENTERING_MANAGED_PKG|Centify
16:57:01.18 (22548707)|ENTERING_MANAGED_PKG|Centify
16:57:01.18 (22585043)|ENTERING_MANAGED_PKG|Centify
16:57:01.18 (22605412)|ENTERING_MANAGED_PKG|Centify
16:57:01.18 (22621302)|ENTERING_MANAGED_PKG|Centify
16:57:01.18 (22785707)|ENTERING_MANAGED_PKG|Centify
16:57:01.18 (64631083)|ENTERING_MANAGED_PKG|Centify
16:57:01.18 (64708712)|ENTERING_MANAGED_PKG|Centify
16:57:01.18 (64834239)|ENTERING_MANAGED_PKG|Centify
16:57:01.18 (64883915)|ENTERING_MANAGED_PKG|Centify
16:57:01.18 (282161683)|ENTERING_MANAGED_PKG|Centify
16:57:01.18 (327871828)|ENTERING_MANAGED_PKG|Centify
16:57:01.18 (343272839)|ENTERING_MANAGED_PKG|Centify
16:57:01.18 (343331653)|ENTERING_MANAGED_PKG|Centify
16:57:01.18 (343421866)|ENTERING_MANAGED_PKG|Centify
16:57:01.18 (343462867)|ENTERING_MANAGED_PKG|Centify
16:57:01.18 (343542304)|ENTERING_MANAGED_PKG|Centify
16:57:01.18 (367880018)|ENTERING_MANAGED_PKG|Centify
16:57:01.18 (383827132)|ENTERING_MANAGED_PKG|Centify
16:57:01.18 (383880783)|ENTERING_MANAGED_PKG|Centify
16:57:01.18 (383963731)|ENTERING_MANAGED_PKG|Centify
16:57:01.18 (384004849)|ENTERING_MANAGED_PKG|Centify
16:57:01.18 (384081866)|ENTERING_MANAGED_PKG|Centify
16:57:01.18 (410091692)|ENTERING_MANAGED_PKG|Centify
16:57:01.18 (428250357)|ENTERING_MANAGED_PKG|Centify
16:57:01.18 (428311212)|ENTERING_MANAGED_PKG|Centify
16:57:01.18 (428401661)|ENTERING_MANAGED_PKG|Centify
16:57:01.18 (428445913)|ENTERING_MANAGED_PKG|Centify
16:57:01.18 (428528904)|ENTERING_MANAGED_PKG|Centify
16:57:01.18 (476038416)|ENTERING_MANAGED_PKG|Centify
16:57:01.18 (495239367)|ENTERING_MANAGED_PKG|Centify
16:57:01.18 (495301157)|ENTERING_MANAGED_PKG|Centify
16:57:01.18 (495402322)|ENTERING_MANAGED_PKG|Centify
16:57:01.18 (495451730)|ENTERING_MANAGED_PKG|Centify
16:57:01.18 (495537393)|ENTERING_MANAGED_PKG|Centify
16:57:01.18 (519043626)|ENTERING_MANAGED_PKG|Centify
16:57:01.18 (541840122)|ENTERING_MANAGED_PKG|Centify
16:57:01.18 (541906186)|ENTERING_MANAGED_PKG|Centify
16:57:01.18 (542015106)|ENTERING_MANAGED_PKG|Centify
16:57:01.18 (542060074)|ENTERING_MANAGED_PKG|Centify
16:57:01.18 (542142815)|ENTERING_MANAGED_PKG|Centify
16:57:01.18 (570529225)|ENTERING_MANAGED_PKG|Centify
16:57:01.18 (589104850)|ENTERING_MANAGED_PKG|Centify
16:57:01.18 (589167957)|ENTERING_MANAGED_PKG|Centify
16:57:01.18 (589261699)|ENTERING_MANAGED_PKG|Centify
16:57:01.18 (589305373)|ENTERING_MANAGED_PKG|Centify
16:57:01.18 (589382361)|ENTERING_MANAGED_PKG|Centify
16:57:01.18 (617324565)|ENTERING_MANAGED_PKG|Centify
16:57:01.18 (634260521)|ENTERING_MANAGED_PKG|Centify
16:57:01.18 (634316331)|ENTERING_MANAGED_PKG|Centify
16:57:01.18 (634405752)|ENTERING_MANAGED_PKG|Centify
16:57:01.18 (634444429)|ENTERING_MANAGED_PKG|Centify
16:57:01.18 (634526482)|ENTERING_MANAGED_PKG|Centify
16:57:01.18 (659511502)|ENTERING_MANAGED_PKG|Centify
16:57:01.18 (675232214)|ENTERING_MANAGED_PKG|Centify
16:57:01.18 (675285784)|ENTERING_MANAGED_PKG|Centify
16:57:01.18 (675378239)|ENTERING_MANAGED_PKG|Centify
16:57:01.18 (675418364)|ENTERING_MANAGED_PKG|Centify
16:57:01.18 (675500070)|ENTERING_MANAGED_PKG|Centify
16:57:01.18 (702953250)|ENTERING_MANAGED_PKG|Centify
16:57:01.18 (733466302)|ENTERING_MANAGED_PKG|Centify
16:57:01.18 (733519385)|ENTERING_MANAGED_PKG|Centify
16:57:01.18 (733591113)|ENTERING_MANAGED_PKG|Centify
16:57:01.18 (733622830)|ENTERING_MANAGED_PKG|Centify
16:57:01.18 (733682886)|ENTERING_MANAGED_PKG|Centify
16:57:01.18 (753577083)|ENTERING_MANAGED_PKG|Centify
16:57:01.18 (767853706)|ENTERING_MANAGED_PKG|Centify
16:57:01.18 (767898594)|ENTERING_MANAGED_PKG|Centify
16:57:01.18 (767967576)|ENTERING_MANAGED_PKG|Centify
16:57:01.18 (767998594)|ENTERING_MANAGED_PKG|Centify
16:57:01.18 (768058061)|ENTERING_MANAGED_PKG|Centify
16:57:01.18 (789404446)|ENTERING_MANAGED_PKG|Centify
16:57:01.18 (789465929)|ENTERING_MANAGED_PKG|Centify
16:57:01.18 (789603421)|ENTERING_MANAGED_PKG|Centify
16:57:01.18 (789642237)|ENTERING_MANAGED_PKG|Centify
16:57:01.18 (789677800)|ENTERING_MANAGED_PKG|Centify
16:57:01.18 (790666384)|ENTERING_MANAGED_PKG|Centify
16:57:01.18 (790742793)|ENTERING_MANAGED_PKG|Centify
16:57:01.18 (805098257)|ENTERING_MANAGED_PKG|Centify
16:57:01.18 (805173664)|ENTERING_MANAGED_PKG|Centify
16:57:01.18 (805261236)|ENTERING_MANAGED_PKG|Centify
16:57:01.18 (805843374)|ENTERING_MANAGED_PKG|Centify
16:57:01.18 (806706866)|SOQL_EXECUTE_BEGIN|[16]|Aggregations:0|select id,lastmodifieddate,isdeleted,isgmt__c,role__c,name,createddate,ownerid,active_clients__c,customer_service_index__c,service_index_in_string__c from CM_Daily_Stats__c where LastModifiedDate >2018-11-20T22:20:20Z AND LastModifiedDate < 2018-11-21T06:57:07Z AND (  isActive__c =true)  ORDER BY SystemModStamp DESC LIMIT 5000  ALL ROWS
16:57:01.18 (819303112)|SOQL_EXECUTE_END|[16]|Rows:0
16:57:01.845 (845363953)|CUMULATIVE_LIMIT_USAGE
16:57:01.845 (845363953)|LIMIT_USAGE_FOR_NS|(default)|
  Number of SOQL queries: 0 out of 200
  Number of query rows: 0 out of 50000
  Number of SOSL queries: 0 out of 20
  Number of DML statements: 0 out of 150
  Number of DML rows: 0 out of 10000
  Maximum CPU time: 0 out of 60000
  Maximum heap size: 0 out of 12000000
  Number of callouts: 0 out of 0
  Number of Email Invocations: 0 out of 10
  Number of future calls: 0 out of 0
  Number of queueable jobs added to the queue: 0 out of 1
  Number of Mobile Apex push calls: 0 out of 10

16:57:01.845 (845363953)|LIMIT_USAGE_FOR_NS|Centify|
  Number of SOQL queries: 0 out of 200
  Number of query rows: 0 out of 50000
  Number of SOSL queries: 0 out of 20
  Number of DML statements: 0 out of 150
  Number of DML rows: 0 out of 10000
  Maximum CPU time: 0 out of 60000
  Maximum heap size: 0 out of 12000000
  Number of callouts: 0 out of 0
  Number of Email Invocations: 0 out of 10
  Number of future calls: 0 out of 0
  Number of queueable jobs added to the queue: 0 out of 1
  Number of Mobile Apex push calls: 0 out of 10

16:57:01.845 (845363953)|CUMULATIVE_LIMIT_USAGE_END

