37.0 APEX_CODE,FINEST;APEX_PROFILING,INFO;CALLOUT,INFO;DB,INFO;NBA,INFO;SYSTEM,DEBUG;VALIDATION,INFO;VISUALFORCE,INFO;WAVE,INFO;WORKFLOW,INFO
11:49:16.9 (9514982)|ENTERING_MANAGED_PKG|Centify
11:49:16.9 (11416755)|ENTERING_MANAGED_PKG|Centify
11:49:16.9 (11471003)|ENTERING_MANAGED_PKG|Centify
11:49:16.9 (11678044)|ENTERING_MANAGED_PKG|Centify
11:49:16.9 (11719596)|ENTERING_MANAGED_PKG|Centify
11:49:16.9 (11825675)|ENTERING_MANAGED_PKG|Centify
11:49:16.9 (12268029)|ENTERING_MANAGED_PKG|Centify
11:49:16.9 (14874068)|ENTERING_MANAGED_PKG|Centify
11:49:16.9 (14922762)|ENTERING_MANAGED_PKG|Centify
11:49:16.9 (15164342)|ENTERING_MANAGED_PKG|Centify
11:49:16.9 (15203792)|ENTERING_MANAGED_PKG|Centify
11:49:16.9 (15474962)|ENTERING_MANAGED_PKG|Centify
11:49:16.9 (15647186)|ENTERING_MANAGED_PKG|Centify
11:49:16.9 (15702375)|ENTERING_MANAGED_PKG|Centify
11:49:16.9 (15859618)|ENTERING_MANAGED_PKG|Centify
11:49:16.9 (15943640)|ENTERING_MANAGED_PKG|Centify
11:49:16.9 (15971152)|ENTERING_MANAGED_PKG|Centify
11:49:16.9 (16035826)|ENTERING_MANAGED_PKG|Centify
11:49:16.9 (16060365)|ENTERING_MANAGED_PKG|Centify
11:49:16.9 (16088670)|ENTERING_MANAGED_PKG|Centify
11:49:16.9 (16237087)|ENTERING_MANAGED_PKG|Centify
11:49:16.9 (16301343)|ENTERING_MANAGED_PKG|Centify
11:49:16.9 (16871039)|ENTERING_MANAGED_PKG|Centify
11:49:16.9 (16937427)|ENTERING_MANAGED_PKG|Centify
11:49:16.9 (16975558)|ENTERING_MANAGED_PKG|Centify
11:49:16.9 (17178404)|ENTERING_MANAGED_PKG|Centify
11:49:16.9 (17237589)|ENTERING_MANAGED_PKG|Centify
11:49:16.9 (17533526)|ENTERING_MANAGED_PKG|Centify
11:49:16.9 (17706275)|ENTERING_MANAGED_PKG|Centify
11:49:16.9 (17840669)|ENTERING_MANAGED_PKG|Centify
11:49:16.9 (18006183)|ENTERING_MANAGED_PKG|Centify
11:49:16.9 (18098446)|ENTERING_MANAGED_PKG|Centify
11:49:16.9 (18228634)|ENTERING_MANAGED_PKG|Centify
11:49:16.9 (18311004)|ENTERING_MANAGED_PKG|Centify
11:49:16.9 (18376553)|ENTERING_MANAGED_PKG|Centify
11:49:16.9 (18459583)|ENTERING_MANAGED_PKG|Centify
11:49:16.9 (18625169)|ENTERING_MANAGED_PKG|Centify
11:49:16.9 (18716784)|ENTERING_MANAGED_PKG|Centify
11:49:16.9 (18853339)|ENTERING_MANAGED_PKG|Centify
11:49:16.9 (18958705)|ENTERING_MANAGED_PKG|Centify
11:49:16.9 (19116439)|ENTERING_MANAGED_PKG|Centify
11:49:16.9 (19221623)|ENTERING_MANAGED_PKG|Centify
11:49:16.9 (19395607)|ENTERING_MANAGED_PKG|Centify
11:49:16.9 (19515325)|ENTERING_MANAGED_PKG|Centify
11:49:16.9 (19713105)|ENTERING_MANAGED_PKG|Centify
11:49:16.9 (19856896)|ENTERING_MANAGED_PKG|Centify
11:49:16.9 (20037797)|ENTERING_MANAGED_PKG|Centify
11:49:16.9 (20153760)|ENTERING_MANAGED_PKG|Centify
11:49:16.9 (21468808)|ENTERING_MANAGED_PKG|Centify
11:49:16.9 (21625484)|ENTERING_MANAGED_PKG|Centify
11:49:16.9 (21779443)|ENTERING_MANAGED_PKG|Centify
11:49:16.9 (21878322)|ENTERING_MANAGED_PKG|Centify
11:49:16.9 (22013479)|ENTERING_MANAGED_PKG|Centify
11:49:16.9 (22098412)|ENTERING_MANAGED_PKG|Centify
11:49:16.9 (22248886)|ENTERING_MANAGED_PKG|Centify
11:49:16.9 (22362527)|ENTERING_MANAGED_PKG|Centify
11:49:16.9 (24309833)|ENTERING_MANAGED_PKG|Centify
11:49:16.9 (25391659)|ENTERING_MANAGED_PKG|Centify
11:49:16.9 (25510439)|ENTERING_MANAGED_PKG|Centify
11:49:16.9 (25691993)|ENTERING_MANAGED_PKG|Centify
11:49:16.9 (25736008)|ENTERING_MANAGED_PKG|Centify
11:49:16.9 (25810450)|ENTERING_MANAGED_PKG|Centify
11:49:16.9 (25852413)|ENTERING_MANAGED_PKG|Centify
11:49:16.9 (25868724)|ENTERING_MANAGED_PKG|Centify
11:49:16.9 (25910039)|ENTERING_MANAGED_PKG|Centify
11:49:16.9 (25925249)|ENTERING_MANAGED_PKG|Centify
11:49:16.9 (25954340)|ENTERING_MANAGED_PKG|Centify
11:49:16.9 (26024593)|ENTERING_MANAGED_PKG|Centify
11:49:16.9 (26073653)|ENTERING_MANAGED_PKG|Centify
11:49:16.9 (26360935)|ENTERING_MANAGED_PKG|Centify
11:49:16.9 (26523790)|ENTERING_MANAGED_PKG|Centify
11:49:16.9 (26558382)|ENTERING_MANAGED_PKG|Centify
11:49:16.9 (26786976)|ENTERING_MANAGED_PKG|Centify
11:49:16.9 (26844323)|ENTERING_MANAGED_PKG|Centify
11:49:16.9 (26975678)|ENTERING_MANAGED_PKG|Centify
11:49:16.9 (27200697)|ENTERING_MANAGED_PKG|Centify
11:49:16.9 (27339698)|ENTERING_MANAGED_PKG|Centify
11:49:16.9 (27590870)|ENTERING_MANAGED_PKG|Centify
11:49:16.9 (27672941)|ENTERING_MANAGED_PKG|Centify
11:49:16.9 (27800688)|ENTERING_MANAGED_PKG|Centify
11:49:16.9 (27871631)|ENTERING_MANAGED_PKG|Centify
11:49:16.9 (27945971)|ENTERING_MANAGED_PKG|Centify
11:49:16.9 (28009202)|ENTERING_MANAGED_PKG|Centify
11:49:16.9 (28147318)|ENTERING_MANAGED_PKG|Centify
11:49:16.9 (28218556)|ENTERING_MANAGED_PKG|Centify
11:49:16.9 (28340485)|ENTERING_MANAGED_PKG|Centify
11:49:16.9 (28406015)|ENTERING_MANAGED_PKG|Centify
11:49:16.9 (28520795)|ENTERING_MANAGED_PKG|Centify
11:49:16.9 (28588490)|ENTERING_MANAGED_PKG|Centify
11:49:16.9 (28709903)|ENTERING_MANAGED_PKG|Centify
11:49:16.9 (28782397)|ENTERING_MANAGED_PKG|Centify
11:49:16.9 (28909988)|ENTERING_MANAGED_PKG|Centify
11:49:16.9 (28974582)|ENTERING_MANAGED_PKG|Centify
11:49:16.9 (29090905)|ENTERING_MANAGED_PKG|Centify
11:49:16.9 (29190081)|ENTERING_MANAGED_PKG|Centify
11:49:16.9 (29382383)|ENTERING_MANAGED_PKG|Centify
11:49:16.9 (29497966)|ENTERING_MANAGED_PKG|Centify
11:49:16.9 (29627474)|ENTERING_MANAGED_PKG|Centify
11:49:16.9 (29699801)|ENTERING_MANAGED_PKG|Centify
11:49:16.9 (29822080)|ENTERING_MANAGED_PKG|Centify
11:49:16.9 (29907260)|ENTERING_MANAGED_PKG|Centify
11:49:16.9 (30282194)|ENTERING_MANAGED_PKG|Centify
11:49:16.9 (30334746)|ENTERING_MANAGED_PKG|Centify
11:49:16.9 (31254304)|ENTERING_MANAGED_PKG|Centify
11:49:16.9 (32314785)|ENTERING_MANAGED_PKG|Centify
11:49:16.9 (32443397)|ENTERING_MANAGED_PKG|Centify
11:49:16.9 (32596936)|ENTERING_MANAGED_PKG|Centify
11:49:16.9 (32639253)|ENTERING_MANAGED_PKG|Centify
11:49:16.9 (32708487)|ENTERING_MANAGED_PKG|Centify
11:49:16.9 (32745227)|ENTERING_MANAGED_PKG|Centify
11:49:16.9 (32760983)|ENTERING_MANAGED_PKG|Centify
11:49:16.9 (32797256)|ENTERING_MANAGED_PKG|Centify
11:49:16.9 (32811887)|ENTERING_MANAGED_PKG|Centify
11:49:16.9 (32836680)|ENTERING_MANAGED_PKG|Centify
11:49:16.9 (32875747)|ENTERING_MANAGED_PKG|Centify
11:49:16.9 (32907053)|ENTERING_MANAGED_PKG|Centify
11:49:16.9 (33054142)|ENTERING_MANAGED_PKG|Centify
11:49:16.9 (33083527)|ENTERING_MANAGED_PKG|Centify
11:49:16.9 (33098459)|ENTERING_MANAGED_PKG|Centify
11:49:16.9 (33219009)|ENTERING_MANAGED_PKG|Centify
11:49:16.9 (33260951)|ENTERING_MANAGED_PKG|Centify
11:49:16.9 (33351728)|ENTERING_MANAGED_PKG|Centify
11:49:16.9 (33525790)|ENTERING_MANAGED_PKG|Centify
11:49:16.9 (33611228)|ENTERING_MANAGED_PKG|Centify
11:49:16.9 (33741126)|ENTERING_MANAGED_PKG|Centify
11:49:16.9 (33809768)|ENTERING_MANAGED_PKG|Centify
11:49:16.9 (33937284)|ENTERING_MANAGED_PKG|Centify
11:49:16.9 (34049269)|ENTERING_MANAGED_PKG|Centify
11:49:16.9 (34121277)|ENTERING_MANAGED_PKG|Centify
11:49:16.9 (34185888)|ENTERING_MANAGED_PKG|Centify
11:49:16.9 (34312563)|ENTERING_MANAGED_PKG|Centify
11:49:16.9 (34401299)|ENTERING_MANAGED_PKG|Centify
11:49:16.9 (34604250)|ENTERING_MANAGED_PKG|Centify
11:49:16.9 (34683439)|ENTERING_MANAGED_PKG|Centify
11:49:16.9 (34807682)|ENTERING_MANAGED_PKG|Centify
11:49:16.9 (34880660)|ENTERING_MANAGED_PKG|Centify
11:49:16.9 (35006240)|ENTERING_MANAGED_PKG|Centify
11:49:16.9 (35081484)|ENTERING_MANAGED_PKG|Centify
11:49:16.9 (35200380)|ENTERING_MANAGED_PKG|Centify
11:49:16.9 (35267603)|ENTERING_MANAGED_PKG|Centify
11:49:16.9 (35382382)|ENTERING_MANAGED_PKG|Centify
11:49:16.9 (35447930)|ENTERING_MANAGED_PKG|Centify
11:49:16.9 (35565931)|ENTERING_MANAGED_PKG|Centify
11:49:16.9 (35632325)|ENTERING_MANAGED_PKG|Centify
11:49:16.9 (35752843)|ENTERING_MANAGED_PKG|Centify
11:49:16.9 (35818019)|ENTERING_MANAGED_PKG|Centify
11:49:16.9 (35944193)|ENTERING_MANAGED_PKG|Centify
11:49:16.9 (36018638)|ENTERING_MANAGED_PKG|Centify
11:49:16.9 (36134641)|ENTERING_MANAGED_PKG|Centify
11:49:16.9 (36182092)|ENTERING_MANAGED_PKG|Centify
11:49:16.9 (37110775)|DML_BEGIN|[74]|Op:Insert|Type:Centify__Notification__c|Rows:3
11:49:16.9 (74745990)|DML_END|[74]
11:49:16.9 (74893538)|ENTERING_MANAGED_PKG|Centify
11:49:16.9 (75267290)|ENTERING_MANAGED_PKG|Centify
11:49:16.9 (75576884)|ENTERING_MANAGED_PKG|Centify
11:49:16.9 (75933097)|ENTERING_MANAGED_PKG|Centify
11:49:16.96 (96131049)|CUMULATIVE_LIMIT_USAGE
11:49:16.96 (96131049)|LIMIT_USAGE_FOR_NS|(default)|
  Number of SOQL queries: 0 out of 200
  Number of query rows: 0 out of 50000
  Number of SOSL queries: 0 out of 20
  Number of DML statements: 0 out of 150
  Number of DML rows: 0 out of 10000
  Maximum CPU time: 0 out of 60000
  Maximum heap size: 0 out of 12000000
  Number of callouts: 0 out of 0
  Number of Email Invocations: 0 out of 10
  Number of future calls: 0 out of 0
  Number of queueable jobs added to the queue: 0 out of 1
  Number of Mobile Apex push calls: 0 out of 10

11:49:16.96 (96131049)|LIMIT_USAGE_FOR_NS|Centify|
  Number of SOQL queries: 0 out of 200
  Number of query rows: 0 out of 50000
  Number of SOSL queries: 0 out of 20
  Number of DML statements: 0 out of 150
  Number of DML rows: 0 out of 10000
  Maximum CPU time: 0 out of 60000
  Maximum heap size: 0 out of 12000000
  Number of callouts: 0 out of 0
  Number of Email Invocations: 0 out of 10
  Number of future calls: 0 out of 0
  Number of queueable jobs added to the queue: 0 out of 1
  Number of Mobile Apex push calls: 0 out of 10

11:49:16.96 (96131049)|CUMULATIVE_LIMIT_USAGE_END

