37.0 APEX_CODE,FINEST;APEX_PROFILING,INFO;CALLOUT,INFO;DB,INFO;NBA,INFO;SYSTEM,DEBUG;VALIDATION,INFO;VISUALFORCE,INFO;WAVE,INFO;WORKFLOW,INFO
18:55:02.22 (22676868)|ENTERING_MANAGED_PKG|Centify
18:55:02.22 (26276996)|ENTERING_MANAGED_PKG|Centify
18:55:02.22 (32331825)|ENTERING_MANAGED_PKG|Centify
18:55:02.22 (32465830)|ENTERING_MANAGED_PKG|Centify
18:55:02.22 (32605258)|ENTERING_MANAGED_PKG|Centify
18:55:02.22 (33230828)|ENTERING_MANAGED_PKG|Centify
18:55:02.22 (33499300)|ENTERING_MANAGED_PKG|Centify
18:55:02.22 (33526210)|ENTERING_MANAGED_PKG|Centify
18:55:02.22 (33606129)|ENTERING_MANAGED_PKG|Centify
18:55:02.22 (33653158)|ENTERING_MANAGED_PKG|Centify
18:55:02.22 (33686725)|ENTERING_MANAGED_PKG|Centify
18:55:02.22 (33707190)|ENTERING_MANAGED_PKG|Centify
18:55:02.22 (33724165)|ENTERING_MANAGED_PKG|Centify
18:55:02.22 (33884008)|ENTERING_MANAGED_PKG|Centify
18:55:02.22 (62556490)|ENTERING_MANAGED_PKG|Centify
18:55:02.22 (62664168)|ENTERING_MANAGED_PKG|Centify
18:55:02.22 (62778476)|ENTERING_MANAGED_PKG|Centify
18:55:02.22 (62824524)|ENTERING_MANAGED_PKG|Centify
18:55:02.22 (278007778)|ENTERING_MANAGED_PKG|Centify
18:55:02.22 (317413160)|ENTERING_MANAGED_PKG|Centify
18:55:02.22 (330598687)|ENTERING_MANAGED_PKG|Centify
18:55:02.22 (330649830)|ENTERING_MANAGED_PKG|Centify
18:55:02.22 (330721202)|ENTERING_MANAGED_PKG|Centify
18:55:02.22 (330750038)|ENTERING_MANAGED_PKG|Centify
18:55:02.22 (330807727)|ENTERING_MANAGED_PKG|Centify
18:55:02.22 (357225242)|ENTERING_MANAGED_PKG|Centify
18:55:02.22 (373600363)|ENTERING_MANAGED_PKG|Centify
18:55:02.22 (373649649)|ENTERING_MANAGED_PKG|Centify
18:55:02.22 (373721933)|ENTERING_MANAGED_PKG|Centify
18:55:02.22 (373752688)|ENTERING_MANAGED_PKG|Centify
18:55:02.22 (373809053)|ENTERING_MANAGED_PKG|Centify
18:55:02.22 (395470718)|ENTERING_MANAGED_PKG|Centify
18:55:02.22 (409681458)|ENTERING_MANAGED_PKG|Centify
18:55:02.22 (409731204)|ENTERING_MANAGED_PKG|Centify
18:55:02.22 (409836110)|ENTERING_MANAGED_PKG|Centify
18:55:02.22 (409888877)|ENTERING_MANAGED_PKG|Centify
18:55:02.22 (409956399)|ENTERING_MANAGED_PKG|Centify
18:55:02.22 (472453319)|ENTERING_MANAGED_PKG|Centify
18:55:02.22 (489387066)|ENTERING_MANAGED_PKG|Centify
18:55:02.22 (489466284)|ENTERING_MANAGED_PKG|Centify
18:55:02.22 (489565163)|ENTERING_MANAGED_PKG|Centify
18:55:02.22 (489597949)|ENTERING_MANAGED_PKG|Centify
18:55:02.22 (489668313)|ENTERING_MANAGED_PKG|Centify
18:55:02.22 (513331641)|ENTERING_MANAGED_PKG|Centify
18:55:02.22 (530421048)|ENTERING_MANAGED_PKG|Centify
18:55:02.22 (530472265)|ENTERING_MANAGED_PKG|Centify
18:55:02.22 (530544112)|ENTERING_MANAGED_PKG|Centify
18:55:02.22 (530575474)|ENTERING_MANAGED_PKG|Centify
18:55:02.22 (530634148)|ENTERING_MANAGED_PKG|Centify
18:55:02.22 (552827446)|ENTERING_MANAGED_PKG|Centify
18:55:02.22 (567619987)|ENTERING_MANAGED_PKG|Centify
18:55:02.22 (567670699)|ENTERING_MANAGED_PKG|Centify
18:55:02.22 (567741004)|ENTERING_MANAGED_PKG|Centify
18:55:02.22 (567770150)|ENTERING_MANAGED_PKG|Centify
18:55:02.22 (567828587)|ENTERING_MANAGED_PKG|Centify
18:55:02.22 (588648616)|ENTERING_MANAGED_PKG|Centify
18:55:02.22 (603337389)|ENTERING_MANAGED_PKG|Centify
18:55:02.22 (603386171)|ENTERING_MANAGED_PKG|Centify
18:55:02.22 (603456891)|ENTERING_MANAGED_PKG|Centify
18:55:02.22 (603488107)|ENTERING_MANAGED_PKG|Centify
18:55:02.22 (603563050)|ENTERING_MANAGED_PKG|Centify
18:55:02.22 (630608382)|ENTERING_MANAGED_PKG|Centify
18:55:02.22 (647193217)|ENTERING_MANAGED_PKG|Centify
18:55:02.22 (647255650)|ENTERING_MANAGED_PKG|Centify
18:55:02.22 (647357921)|ENTERING_MANAGED_PKG|Centify
18:55:02.22 (647401403)|ENTERING_MANAGED_PKG|Centify
18:55:02.22 (647489087)|ENTERING_MANAGED_PKG|Centify
18:55:02.22 (673395589)|ENTERING_MANAGED_PKG|Centify
18:55:02.22 (690988295)|ENTERING_MANAGED_PKG|Centify
18:55:02.22 (691041699)|ENTERING_MANAGED_PKG|Centify
18:55:02.22 (691113429)|ENTERING_MANAGED_PKG|Centify
18:55:02.22 (691143386)|ENTERING_MANAGED_PKG|Centify
18:55:02.22 (691216046)|ENTERING_MANAGED_PKG|Centify
18:55:02.22 (714991060)|ENTERING_MANAGED_PKG|Centify
18:55:02.22 (729505761)|ENTERING_MANAGED_PKG|Centify
18:55:02.22 (729555832)|ENTERING_MANAGED_PKG|Centify
18:55:02.22 (729627014)|ENTERING_MANAGED_PKG|Centify
18:55:02.22 (729660185)|ENTERING_MANAGED_PKG|Centify
18:55:02.22 (729722851)|ENTERING_MANAGED_PKG|Centify
18:55:02.22 (748672016)|ENTERING_MANAGED_PKG|Centify
18:55:02.22 (748740570)|ENTERING_MANAGED_PKG|Centify
18:55:02.22 (748910930)|ENTERING_MANAGED_PKG|Centify
18:55:02.22 (748956442)|ENTERING_MANAGED_PKG|Centify
18:55:02.22 (749005633)|ENTERING_MANAGED_PKG|Centify
18:55:02.22 (753775530)|ENTERING_MANAGED_PKG|Centify
18:55:02.22 (753863796)|ENTERING_MANAGED_PKG|Centify
18:55:02.22 (769898474)|ENTERING_MANAGED_PKG|Centify
18:55:02.22 (770017468)|ENTERING_MANAGED_PKG|Centify
18:55:02.22 (770144980)|ENTERING_MANAGED_PKG|Centify
18:55:02.22 (770949731)|ENTERING_MANAGED_PKG|Centify
18:55:02.22 (772029156)|SOQL_EXECUTE_BEGIN|[16]|Aggregations:0|select id,lastmodifieddate,isdeleted,isgmt__c,role__c,name,createddate,ownerid,active_clients__c,customer_service_index__c,service_index_in_string__c from CM_Daily_Stats__c where LastModifiedDate >2018-09-27T22:24:08Z AND LastModifiedDate < 2018-09-28T08:55:08Z AND (  isActive__c =true)  ORDER BY SystemModStamp DESC LIMIT 5000  ALL ROWS
18:55:02.22 (782084172)|SOQL_EXECUTE_END|[16]|Rows:0
18:55:02.801 (801342619)|CUMULATIVE_LIMIT_USAGE
18:55:02.801 (801342619)|LIMIT_USAGE_FOR_NS|(default)|
  Number of SOQL queries: 0 out of 200
  Number of query rows: 0 out of 50000
  Number of SOSL queries: 0 out of 20
  Number of DML statements: 0 out of 150
  Number of DML rows: 0 out of 10000
  Maximum CPU time: 0 out of 60000
  Maximum heap size: 0 out of 12000000
  Number of callouts: 0 out of 0
  Number of Email Invocations: 0 out of 10
  Number of future calls: 0 out of 0
  Number of queueable jobs added to the queue: 0 out of 1
  Number of Mobile Apex push calls: 0 out of 10

18:55:02.801 (801342619)|LIMIT_USAGE_FOR_NS|Centify|
  Number of SOQL queries: 0 out of 200
  Number of query rows: 0 out of 50000
  Number of SOSL queries: 0 out of 20
  Number of DML statements: 0 out of 150
  Number of DML rows: 0 out of 10000
  Maximum CPU time: 0 out of 60000
  Maximum heap size: 0 out of 12000000
  Number of callouts: 0 out of 0
  Number of Email Invocations: 0 out of 10
  Number of future calls: 0 out of 0
  Number of queueable jobs added to the queue: 0 out of 1
  Number of Mobile Apex push calls: 0 out of 10

18:55:02.801 (801342619)|CUMULATIVE_LIMIT_USAGE_END

