37.0 APEX_CODE,FINEST;APEX_PROFILING,INFO;CALLOUT,INFO;DB,INFO;NBA,INFO;SYSTEM,DEBUG;VALIDATION,INFO;VISUALFORCE,INFO;WAVE,INFO;WORKFLOW,INFO
11:48:42.0 (99670)|USER_INFO|[EXTERNAL]|00590000000Vmmq|ben@bjbglobal.com.au|Australian Eastern Standard Time|GMT+10:00
11:48:42.0 (141110)|EXECUTION_STARTED
11:48:42.0 (145871)|CODE_UNIT_STARTED|[EXTERNAL]|0666F000007GVD0|VF: /apex/SeoGeoCompare
11:48:42.0 (2118278)|VF_DESERIALIZE_VIEWSTATE_BEGIN|0666F000007GVD0
11:48:42.0 (10509032)|HEAP_ALLOCATE|[72]|Bytes:3
11:48:42.0 (10564470)|HEAP_ALLOCATE|[77]|Bytes:152
11:48:42.0 (10583174)|HEAP_ALLOCATE|[342]|Bytes:408
11:48:42.0 (10601769)|HEAP_ALLOCATE|[355]|Bytes:408
11:48:42.0 (10620887)|HEAP_ALLOCATE|[467]|Bytes:48
11:48:42.0 (10653641)|HEAP_ALLOCATE|[139]|Bytes:6
11:48:42.0 (10686977)|HEAP_ALLOCATE|[50]|Bytes:5
11:48:42.0 (10714021)|HEAP_ALLOCATE|[56]|Bytes:5
11:48:42.0 (10726854)|HEAP_ALLOCATE|[64]|Bytes:7
11:48:42.0 (17258371)|VF_DESERIALIZE_VIEWSTATE_END
11:48:42.0 (21560007)|SYSTEM_MODE_ENTER|true
11:48:42.0 (21605025)|HEAP_ALLOCATE|[EXTERNAL]|Bytes:196
11:48:42.0 (21617484)|HEAP_ALLOCATE|[EXTERNAL]|Bytes:30
11:48:42.0 (21634340)|METHOD_ENTRY|[1]|01p6F000009rEEx|SeoGeoController.SeoGeoController()
11:48:42.0 (21641857)|STATEMENT_EXECUTE|[1]
11:48:42.0 (21648347)|STATEMENT_EXECUTE|[1]
11:48:42.0 (21657346)|SYSTEM_MODE_ENTER|false
11:48:42.0 (21674830)|HEAP_ALLOCATE|[EXTERNAL]|Bytes:5
11:48:42.0 (21684680)|SYSTEM_MODE_EXIT|false
11:48:42.0 (21695114)|METHOD_EXIT|[1]|SeoGeoController
11:48:42.0 (22246292)|HEAP_ALLOCATE|[EXTERNAL]|Bytes:24
11:48:42.0 (22259753)|VARIABLE_SCOPE_BEGIN|[59]|this|SeoGeoController|true|false
11:48:42.0 (22345505)|VARIABLE_ASSIGNMENT|[59]|this|{"allGeo":"0x106b313d","device":"desktop","refreshRequired":true,"selectedGeo":"0x7b41070","seoWebsite":"0x8dfaf4c"}|0x1a51a33b
11:48:42.0 (22365858)|SYSTEM_MODE_ENTER|false
11:48:42.0 (22373309)|HEAP_ALLOCATE|[65]|Bytes:5
11:48:42.0 (22379011)|STATEMENT_EXECUTE|[59]
11:48:42.0 (22380925)|STATEMENT_EXECUTE|[65]
11:48:42.0 (22396254)|SYSTEM_MODE_EXIT|false
11:48:42.0 (31524952)|SYSTEM_MODE_ENTER|true
11:48:42.32 (32056012)|SYSTEM_MODE_ENTER|true
11:48:42.32 (32167551)|HEAP_ALLOCATE|[EXTERNAL]|Bytes:38
11:48:42.32 (32183142)|HEAP_ALLOCATE|[EXTERNAL]|Bytes:7
11:48:42.32 (32455374)|SYSTEM_MODE_ENTER|true
11:48:42.32 (32495918)|HEAP_ALLOCATE|[EXTERNAL]|Bytes:8
11:48:42.32 (32503948)|VARIABLE_SCOPE_BEGIN|[2]|this|ApexPage.PageMessagesComponentController|true|false
11:48:42.32 (32581787)|VARIABLE_ASSIGNMENT|[2]|this|{}|0x2b755cd
11:48:42.0 (33445555)|SYSTEM_MODE_ENTER|true
11:48:42.0 (33530997)|SYSTEM_MODE_ENTER|true
11:48:42.0 (33568429)|HEAP_ALLOCATE|[EXTERNAL]|Bytes:164
11:48:42.0 (33577564)|HEAP_ALLOCATE|[EXTERNAL]|Bytes:12
11:48:42.0 (33586498)|METHOD_ENTRY|[5]|01p6F000009rEEv|MultiselectController.MultiselectController()
11:48:42.0 (33592728)|STATEMENT_EXECUTE|[5]
11:48:42.0 (33597161)|STATEMENT_EXECUTE|[5]
11:48:42.0 (33604053)|SYSTEM_MODE_ENTER|false
11:48:42.0 (33611461)|HEAP_ALLOCATE|[EXTERNAL]|Bytes:5
11:48:42.0 (33620406)|SYSTEM_MODE_EXIT|false
11:48:42.0 (33627457)|METHOD_EXIT|[5]|MultiselectController
11:48:42.0 (33643235)|HEAP_ALLOCATE|[EXTERNAL]|Bytes:232
11:48:42.0 (33651832)|HEAP_ALLOCATE|[EXTERNAL]|Bytes:20
11:48:42.0 (33673430)|VARIABLE_ASSIGNMENT|[EXTERNAL]|this.leftOptions|"List of size 57 too large to display"|0x28ee213
11:48:42.0 (33738891)|SYSTEM_MODE_ENTER|true
11:48:42.0 (33790541)|SYSTEM_MODE_ENTER|true
11:48:42.0 (33816131)|HEAP_ALLOCATE|[EXTERNAL]|Bytes:4
11:48:42.0 (33821112)|HEAP_ALLOCATE|[EXTERNAL]|Bytes:20
11:48:42.0 (33831140)|VARIABLE_ASSIGNMENT|[EXTERNAL]|this.rightOptions|[]|0x28ee213
11:48:42.0 (34723158)|SYSTEM_MODE_ENTER|true
11:48:42.0 (35223893)|SYSTEM_MODE_ENTER|true
11:48:42.0 (35560123)|SYSTEM_MODE_ENTER|true
11:48:42.0 (38464965)|SYSTEM_MODE_ENTER|true
11:48:42.0 (38541901)|HEAP_ALLOCATE|[EXTERNAL]|Bytes:24
11:48:42.0 (38556100)|VARIABLE_SCOPE_BEGIN|[76]|this|SeoGeoController|true|false
11:48:42.0 (38618162)|VARIABLE_ASSIGNMENT|[76]|this|{"allGeo":"0x106b313d","device":"desktop","refreshRequired":true,"selectedGeo":"0x7b41070","seoWebsite":"0x8dfaf4c"}|0x1a51a33b
11:48:42.0 (38641162)|SYSTEM_MODE_ENTER|false
11:48:42.0 (38653278)|HEAP_ALLOCATE|[77]|Bytes:5
11:48:42.0 (38660285)|STATEMENT_EXECUTE|[76]
11:48:42.0 (38662936)|STATEMENT_EXECUTE|[77]
11:48:42.0 (38683030)|VARIABLE_SCOPE_BEGIN|[77]|geoTable|String|false|false
11:48:42.0 (38693440)|VARIABLE_ASSIGNMENT|[77]|geoTable|null
11:48:42.0 (38698281)|STATEMENT_EXECUTE|[80]
11:48:42.0 (38731183)|METHOD_ENTRY|[80]|01p6F000009rEEx|SeoGeoController.getGeoURL()
11:48:42.0 (38756271)|VARIABLE_SCOPE_BEGIN|[97]|this|SeoGeoController|true|false
11:48:42.0 (38783188)|VARIABLE_ASSIGNMENT|[97]|this|{"allGeo":"0x106b313d","device":"desktop","refreshRequired":true,"selectedGeo":"0x7b41070","seoWebsite":"0x8dfaf4c"}|0x1a51a33b
11:48:42.0 (38795183)|HEAP_ALLOCATE|[99]|Bytes:5
11:48:42.0 (38800347)|STATEMENT_EXECUTE|[97]
11:48:42.0 (38802713)|STATEMENT_EXECUTE|[99]
11:48:42.0 (38810786)|HEAP_ALLOCATE|[99]|Bytes:56
11:48:42.0 (38857198)|VARIABLE_ASSIGNMENT|[EXTERNAL]|this|{"allGeo":"0x106b313d","device":"desktop","refreshRequired":true,"selectedGeo":"0x7b41070","seoWebsite":"0x8dfaf4c"}|0x1a51a33b
11:48:42.0 (38934064)|HEAP_ALLOCATE|[99]|Bytes:18
11:48:42.0 (38940778)|HEAP_ALLOCATE|[99]|Bytes:5
11:48:42.0 (39009596)|HEAP_ALLOCATE|[99]|Bytes:15
11:48:42.0 (39024401)|SYSTEM_METHOD_ENTRY|[1]|EncodingUtil.EncodingUtil()
11:48:42.0 (39028297)|STATEMENT_EXECUTE|[1]
11:48:42.0 (39035338)|SYSTEM_METHOD_EXIT|[1]|EncodingUtil
11:48:42.0 (39048793)|METHOD_ENTRY|[99]||System.EncodingUtil.urlEncode(String, String)
11:48:42.0 (39103753)|METHOD_EXIT|[99]||System.EncodingUtil.urlEncode(String, String)
11:48:42.0 (39117397)|HEAP_ALLOCATE|[99]|Bytes:74
11:48:42.0 (39123008)|VARIABLE_SCOPE_BEGIN|[99]|consolePath|String|false|false
11:48:42.0 (39137499)|VARIABLE_ASSIGNMENT|[99]|consolePath|"/?c=seo&action=keywo (54 more) ..."
11:48:42.0 (39184695)|VARIABLE_ASSIGNMENT|[EXTERNAL]|this|{"allGeo":"0x106b313d","device":"desktop","refreshRequired":true,"selectedGeo":"0x7b41070","seoWebsite":"0x8dfaf4c"}|0x1a51a33b
11:48:42.0 (39231400)|HEAP_ALLOCATE|[101]|Bytes:5
11:48:42.0 (39251969)|VARIABLE_ASSIGNMENT|[101]|so|null|
11:48:42.0 (39258054)|STATEMENT_EXECUTE|[101]
11:48:42.0 (39300706)|VARIABLE_ASSIGNMENT|[EXTERNAL]|this|{"allGeo":"0x106b313d","device":"desktop","refreshRequired":true,"selectedGeo":"0x7b41070","seoWebsite":"0x8dfaf4c"}|0x1a51a33b
11:48:42.0 (39336496)|STATEMENT_EXECUTE|[105]
11:48:42.0 (39338557)|STATEMENT_EXECUTE|[106]
11:48:42.0 (39345438)|HEAP_ALLOCATE|[106]|Bytes:13
11:48:42.0 (39383280)|VARIABLE_ASSIGNMENT|[EXTERNAL]|this|{"allGeo":"0x106b313d","device":"desktop","refreshRequired":true,"selectedGeo":"0x7b41070","seoWebsite":"0x8dfaf4c"}|0x1a51a33b
11:48:42.0 (39407906)|METHOD_ENTRY|[106]||System.EncodingUtil.urlEncode(String, String)
11:48:42.0 (39440255)|METHOD_EXIT|[106]||System.EncodingUtil.urlEncode(String, String)
11:48:42.0 (39447555)|HEAP_ALLOCATE|[106]|Bytes:49
11:48:42.0 (39452680)|HEAP_ALLOCATE|[106]|Bytes:123
11:48:42.0 (39462866)|VARIABLE_ASSIGNMENT|[106]|consolePath|"/?c=seo&action=keywo (103 more) ..."
11:48:42.0 (39502399)|VARIABLE_ASSIGNMENT|[EXTERNAL]|this|{"allGeo":"0x106b313d","device":"desktop","refreshRequired":true,"selectedGeo":"0x7b41070","seoWebsite":"0x8dfaf4c"}|0x1a51a33b
11:48:42.0 (39517276)|HEAP_ALLOCATE|[109]|Bytes:6
11:48:42.0 (39542204)|STATEMENT_EXECUTE|[109]
11:48:42.0 (39548500)|STATEMENT_EXECUTE|[113]
11:48:42.0 (39559061)|METHOD_ENTRY|[113]|01p6F000009rEEx|SeoGeoController.getKeywordIdQueryString()
11:48:42.0 (39576742)|VARIABLE_SCOPE_BEGIN|[43]|this|SeoGeoController|true|false
11:48:42.0 (39603520)|VARIABLE_ASSIGNMENT|[43]|this|{"allGeo":"0x106b313d","device":"desktop","refreshRequired":true,"selectedGeo":"0x7b41070","seoWebsite":"0x8dfaf4c"}|0x1a51a33b
11:48:42.0 (39616390)|HEAP_ALLOCATE|[44]|Bytes:5
11:48:42.0 (39621403)|STATEMENT_EXECUTE|[43]
11:48:42.0 (39623146)|STATEMENT_EXECUTE|[44]
11:48:42.0 (39630021)|VARIABLE_SCOPE_BEGIN|[44]|keywordQueryString|String|false|false
11:48:42.0 (39639524)|VARIABLE_ASSIGNMENT|[44]|keywordQueryString|""
11:48:42.0 (39644081)|STATEMENT_EXECUTE|[47]
11:48:42.0 (39648593)|HEAP_ALLOCATE|[47]|Bytes:109
11:48:42.0 (39674071)|HEAP_ALLOCATE|[47]|Bytes:4
11:48:42.0 (39687269)|HEAP_ALLOCATE|[47]|Bytes:7
11:48:42.0 (39768602)|HEAP_ALLOCATE|[47]|Bytes:359
11:48:42.0 (39813920)|HEAP_ALLOCATE|[47]|Bytes:336
11:48:42.0 (39832943)|HEAP_ALLOCATE|[47]|Bytes:2
11:48:42.0 (40454960)|SOQL_EXECUTE_BEGIN|[47]|Aggregations:0|SELECT Id FROM seoThemeKeywords__c WHERE seoWebsites__c = :tmpVar1 ORDER BY Google_Current__c ASC NULLS FIRST
11:48:42.0 (44987506)|SOQL_EXECUTE_END|[47]|Rows:30
11:48:42.0 (45029712)|HEAP_ALLOCATE|[47]|Bytes:124
11:48:42.0 (45085127)|HEAP_ALLOCATE|[47]|Bytes:1650
11:48:42.0 (45177282)|HEAP_ALLOCATE|[47]|Bytes:124
11:48:42.0 (45199094)|VARIABLE_SCOPE_BEGIN|[47]|seoKeywords|List<seoThemeKeywords__c>|true|false
11:48:42.0 (45226782)|VARIABLE_ASSIGNMENT|[47]|seoKeywords|"List of size 30 too large to display"|0x30eec91d
11:48:42.0 (45314435)|STATEMENT_EXECUTE|[49]
11:48:42.0 (45471808)|HEAP_ALLOCATE|[50]|Bytes:5
11:48:42.0 (45500842)|HEAP_ALLOCATE|[50]|Bytes:12
11:48:42.0 (45512672)|VARIABLE_SCOPE_BEGIN|[50]|seoKeyword|seoThemeKeywords__c|true|false
11:48:42.0 (45540361)|VARIABLE_ASSIGNMENT|[50]|seoKeyword|{"Id":"a1D6F000003TvPBUA0","CurrencyIsoCode":"AUD"}|0x697cd6f9
11:48:42.0 (45549807)|STATEMENT_EXECUTE|[50]
11:48:42.0 (45552599)|STATEMENT_EXECUTE|[51]
11:48:42.0 (45566952)|HEAP_ALLOCATE|[51]|Bytes:5
11:48:42.0 (45623065)|HEAP_ALLOCATE|[51]|Bytes:18
11:48:42.0 (45645123)|METHOD_ENTRY|[51]||System.EncodingUtil.urlEncode(String, String)
11:48:42.0 (45706302)|METHOD_EXIT|[51]||System.EncodingUtil.urlEncode(String, String)
11:48:42.0 (45718550)|HEAP_ALLOCATE|[51]|Bytes:23
11:48:42.0 (45726114)|HEAP_ALLOCATE|[51]|Bytes:23
11:48:42.0 (45741209)|VARIABLE_ASSIGNMENT|[51]|keywordQueryString|"&k[]=a1D6F000003TvPB (3 more) ..."
11:48:42.0 (45757882)|HEAP_ALLOCATE|[50]|Bytes:5
11:48:42.0 (45771540)|HEAP_ALLOCATE|[50]|Bytes:12
11:48:42.0 (45779111)|VARIABLE_SCOPE_BEGIN|[50]|seoKeyword|seoThemeKeywords__c|true|false
11:48:42.0 (45798767)|VARIABLE_ASSIGNMENT|[50]|seoKeyword|{"Id":"a1D6F000003TvPXUA0","CurrencyIsoCode":"AUD"}|0xd717ccf
11:48:42.0 (45806858)|STATEMENT_EXECUTE|[50]
11:48:42.0 (45809311)|STATEMENT_EXECUTE|[51]
11:48:42.0 (45825441)|HEAP_ALLOCATE|[51]|Bytes:18
11:48:42.0 (45835440)|METHOD_ENTRY|[51]||System.EncodingUtil.urlEncode(String, String)
11:48:42.0 (45864350)|METHOD_EXIT|[51]||System.EncodingUtil.urlEncode(String, String)
11:48:42.0 (45871644)|HEAP_ALLOCATE|[51]|Bytes:23
11:48:42.0 (45877665)|HEAP_ALLOCATE|[51]|Bytes:46
11:48:42.0 (45889046)|VARIABLE_ASSIGNMENT|[51]|keywordQueryString|"&k[]=a1D6F000003TvPB (26 more) ..."
11:48:42.0 (45901915)|HEAP_ALLOCATE|[50]|Bytes:5
11:48:42.0 (45913792)|HEAP_ALLOCATE|[50]|Bytes:12
11:48:42.0 (45920683)|VARIABLE_SCOPE_BEGIN|[50]|seoKeyword|seoThemeKeywords__c|true|false
11:48:42.0 (45938319)|VARIABLE_ASSIGNMENT|[50]|seoKeyword|{"Id":"a1D6F000003TvPVUA0","CurrencyIsoCode":"AUD"}|0x437b7056
11:48:42.0 (45945667)|STATEMENT_EXECUTE|[50]
11:48:42.0 (45948265)|STATEMENT_EXECUTE|[51]
11:48:42.0 (45961270)|HEAP_ALLOCATE|[51]|Bytes:18
11:48:42.0 (45975471)|METHOD_ENTRY|[51]||System.EncodingUtil.urlEncode(String, String)
11:48:42.0 (46003885)|METHOD_EXIT|[51]||System.EncodingUtil.urlEncode(String, String)
11:48:42.0 (46011526)|HEAP_ALLOCATE|[51]|Bytes:23
11:48:42.0 (46017720)|HEAP_ALLOCATE|[51]|Bytes:69
11:48:42.0 (46028781)|VARIABLE_ASSIGNMENT|[51]|keywordQueryString|"&k[]=a1D6F000003TvPB (49 more) ..."
11:48:42.0 (46067046)|HEAP_ALLOCATE|[50]|Bytes:5
11:48:42.0 (46083311)|HEAP_ALLOCATE|[50]|Bytes:12
11:48:42.0 (46090401)|VARIABLE_SCOPE_BEGIN|[50]|seoKeyword|seoThemeKeywords__c|true|false
11:48:42.0 (46108644)|VARIABLE_ASSIGNMENT|[50]|seoKeyword|{"Id":"a1D6F000003TvP9UAK","CurrencyIsoCode":"AUD"}|0x643ae830
11:48:42.0 (46116453)|STATEMENT_EXECUTE|[50]
11:48:42.0 (46118752)|STATEMENT_EXECUTE|[51]
11:48:42.0 (46132200)|HEAP_ALLOCATE|[51]|Bytes:18
11:48:42.0 (46141722)|METHOD_ENTRY|[51]||System.EncodingUtil.urlEncode(String, String)
11:48:42.0 (46169616)|METHOD_EXIT|[51]||System.EncodingUtil.urlEncode(String, String)
11:48:42.0 (46176330)|HEAP_ALLOCATE|[51]|Bytes:23
11:48:42.0 (46182790)|HEAP_ALLOCATE|[51]|Bytes:92
11:48:42.0 (46193302)|VARIABLE_ASSIGNMENT|[51]|keywordQueryString|"&k[]=a1D6F000003TvPB (72 more) ..."
11:48:42.0 (46206481)|HEAP_ALLOCATE|[50]|Bytes:5
11:48:42.0 (46218069)|HEAP_ALLOCATE|[50]|Bytes:12
11:48:42.0 (46225126)|VARIABLE_SCOPE_BEGIN|[50]|seoKeyword|seoThemeKeywords__c|true|false
11:48:42.0 (46242212)|VARIABLE_ASSIGNMENT|[50]|seoKeyword|{"Id":"a1D6F000003TvPNUA0","CurrencyIsoCode":"AUD"}|0x6b7e2150
11:48:42.0 (46250420)|STATEMENT_EXECUTE|[50]
11:48:42.0 (46252665)|STATEMENT_EXECUTE|[51]
11:48:42.0 (46264191)|HEAP_ALLOCATE|[51]|Bytes:18
11:48:42.0 (46272896)|METHOD_ENTRY|[51]||System.EncodingUtil.urlEncode(String, String)
11:48:42.0 (46299330)|METHOD_EXIT|[51]||System.EncodingUtil.urlEncode(String, String)
11:48:42.0 (46305498)|HEAP_ALLOCATE|[51]|Bytes:23
11:48:42.0 (46311382)|HEAP_ALLOCATE|[51]|Bytes:115
11:48:42.0 (46322016)|VARIABLE_ASSIGNMENT|[51]|keywordQueryString|"&k[]=a1D6F000003TvPB (95 more) ..."
11:48:42.0 (46334080)|HEAP_ALLOCATE|[50]|Bytes:5
11:48:42.0 (46350137)|HEAP_ALLOCATE|[50]|Bytes:12
11:48:42.0 (46356953)|VARIABLE_SCOPE_BEGIN|[50]|seoKeyword|seoThemeKeywords__c|true|false
11:48:42.0 (46374195)|VARIABLE_ASSIGNMENT|[50]|seoKeyword|{"Id":"a1D6F000003TvPAUA0","CurrencyIsoCode":"AUD"}|0x6defbff4
11:48:42.0 (46381928)|STATEMENT_EXECUTE|[50]
11:48:42.0 (46384166)|STATEMENT_EXECUTE|[51]
11:48:42.0 (46396859)|HEAP_ALLOCATE|[51]|Bytes:18
11:48:42.0 (46405257)|METHOD_ENTRY|[51]||System.EncodingUtil.urlEncode(String, String)
11:48:42.0 (46432173)|METHOD_EXIT|[51]||System.EncodingUtil.urlEncode(String, String)
11:48:42.0 (46439572)|HEAP_ALLOCATE|[51]|Bytes:23
11:48:42.0 (46445803)|HEAP_ALLOCATE|[51]|Bytes:138
11:48:42.0 (46456608)|VARIABLE_ASSIGNMENT|[51]|keywordQueryString|"&k[]=a1D6F000003TvPB (118 more) ..."
11:48:42.0 (46468700)|HEAP_ALLOCATE|[50]|Bytes:5
11:48:42.0 (46480157)|HEAP_ALLOCATE|[50]|Bytes:12
11:48:42.0 (46486858)|VARIABLE_SCOPE_BEGIN|[50]|seoKeyword|seoThemeKeywords__c|true|false
11:48:42.0 (46504110)|VARIABLE_ASSIGNMENT|[50]|seoKeyword|{"Id":"a1D6F000003TvPCUA0","CurrencyIsoCode":"AUD"}|0x750e8bdf
11:48:42.0 (46512252)|STATEMENT_EXECUTE|[50]
11:48:42.0 (46514477)|STATEMENT_EXECUTE|[51]
11:48:42.0 (46526269)|HEAP_ALLOCATE|[51]|Bytes:18
11:48:42.0 (46534552)|METHOD_ENTRY|[51]||System.EncodingUtil.urlEncode(String, String)
11:48:42.0 (46560707)|METHOD_EXIT|[51]||System.EncodingUtil.urlEncode(String, String)
11:48:42.0 (46566999)|HEAP_ALLOCATE|[51]|Bytes:23
11:48:42.0 (46572748)|HEAP_ALLOCATE|[51]|Bytes:161
11:48:42.0 (46583563)|VARIABLE_ASSIGNMENT|[51]|keywordQueryString|"&k[]=a1D6F000003TvPB (141 more) ..."
11:48:42.0 (46596592)|HEAP_ALLOCATE|[50]|Bytes:5
11:48:42.0 (46607781)|HEAP_ALLOCATE|[50]|Bytes:12
11:48:42.0 (46614181)|VARIABLE_SCOPE_BEGIN|[50]|seoKeyword|seoThemeKeywords__c|true|false
11:48:42.0 (46630874)|VARIABLE_ASSIGNMENT|[50]|seoKeyword|{"Id":"a1D6F000003TvPPUA0","CurrencyIsoCode":"AUD"}|0x46469626
11:48:42.0 (46638667)|STATEMENT_EXECUTE|[50]
11:48:42.0 (46640951)|STATEMENT_EXECUTE|[51]
11:48:42.0 (46652521)|HEAP_ALLOCATE|[51]|Bytes:18
11:48:42.0 (46660865)|METHOD_ENTRY|[51]||System.EncodingUtil.urlEncode(String, String)
11:48:42.0 (46687079)|METHOD_EXIT|[51]||System.EncodingUtil.urlEncode(String, String)
11:48:42.0 (46693661)|HEAP_ALLOCATE|[51]|Bytes:23
11:48:42.0 (46699578)|HEAP_ALLOCATE|[51]|Bytes:184
11:48:42.0 (46710053)|VARIABLE_ASSIGNMENT|[51]|keywordQueryString|"&k[]=a1D6F000003TvPB (164 more) ..."
11:48:42.0 (46722407)|HEAP_ALLOCATE|[50]|Bytes:5
11:48:42.0 (46733174)|HEAP_ALLOCATE|[50]|Bytes:12
11:48:42.0 (46739739)|VARIABLE_SCOPE_BEGIN|[50]|seoKeyword|seoThemeKeywords__c|true|false
11:48:42.0 (46755917)|VARIABLE_ASSIGNMENT|[50]|seoKeyword|{"Id":"a1D6F000003TvPHUA0","CurrencyIsoCode":"AUD"}|0x5ca84b1f
11:48:42.0 (46763913)|STATEMENT_EXECUTE|[50]
11:48:42.0 (46766091)|STATEMENT_EXECUTE|[51]
11:48:42.0 (46777513)|HEAP_ALLOCATE|[51]|Bytes:18
11:48:42.0 (46785938)|METHOD_ENTRY|[51]||System.EncodingUtil.urlEncode(String, String)
11:48:42.0 (46811779)|METHOD_EXIT|[51]||System.EncodingUtil.urlEncode(String, String)
11:48:42.0 (46818424)|HEAP_ALLOCATE|[51]|Bytes:23
11:48:42.0 (46824681)|HEAP_ALLOCATE|[51]|Bytes:207
11:48:42.0 (46834950)|VARIABLE_ASSIGNMENT|[51]|keywordQueryString|"&k[]=a1D6F000003TvPB (187 more) ..."
11:48:42.0 (46847209)|HEAP_ALLOCATE|[50]|Bytes:5
11:48:42.0 (46858400)|HEAP_ALLOCATE|[50]|Bytes:12
11:48:42.0 (46865621)|VARIABLE_SCOPE_BEGIN|[50]|seoKeyword|seoThemeKeywords__c|true|false
11:48:42.0 (46883042)|VARIABLE_ASSIGNMENT|[50]|seoKeyword|{"Id":"a1D6F000003TvPJUA0","CurrencyIsoCode":"AUD"}|0x4ca85f61
11:48:42.0 (46890587)|STATEMENT_EXECUTE|[50]
11:48:42.0 (46892808)|STATEMENT_EXECUTE|[51]
11:48:42.0 (46904056)|HEAP_ALLOCATE|[51]|Bytes:18
11:48:42.0 (46912632)|METHOD_ENTRY|[51]||System.EncodingUtil.urlEncode(String, String)
11:48:42.0 (46944343)|METHOD_EXIT|[51]||System.EncodingUtil.urlEncode(String, String)
11:48:42.0 (46951438)|HEAP_ALLOCATE|[51]|Bytes:23
11:48:42.0 (46958470)|HEAP_ALLOCATE|[51]|Bytes:230
11:48:42.0 (46969901)|VARIABLE_ASSIGNMENT|[51]|keywordQueryString|"&k[]=a1D6F000003TvPB (210 more) ..."
11:48:42.0 (46982916)|HEAP_ALLOCATE|[50]|Bytes:5
11:48:42.0 (46995658)|HEAP_ALLOCATE|[50]|Bytes:12
11:48:42.0 (47002750)|VARIABLE_SCOPE_BEGIN|[50]|seoKeyword|seoThemeKeywords__c|true|false
11:48:42.0 (47020891)|VARIABLE_ASSIGNMENT|[50]|seoKeyword|{"Id":"a1D6F000003TvPYUA0","CurrencyIsoCode":"AUD"}|0x4df96558
11:48:42.0 (47028680)|STATEMENT_EXECUTE|[50]
11:48:42.0 (47030900)|STATEMENT_EXECUTE|[51]
11:48:42.0 (47043115)|HEAP_ALLOCATE|[51]|Bytes:18
11:48:42.0 (47051876)|METHOD_ENTRY|[51]||System.EncodingUtil.urlEncode(String, String)
11:48:42.0 (47078462)|METHOD_EXIT|[51]||System.EncodingUtil.urlEncode(String, String)
11:48:42.0 (47084868)|HEAP_ALLOCATE|[51]|Bytes:23
11:48:42.0 (47090541)|HEAP_ALLOCATE|[51]|Bytes:253
11:48:42.0 (47101176)|VARIABLE_ASSIGNMENT|[51]|keywordQueryString|"&k[]=a1D6F000003TvPB (233 more) ..."
11:48:42.0 (47113377)|HEAP_ALLOCATE|[50]|Bytes:5
11:48:42.0 (47124709)|HEAP_ALLOCATE|[50]|Bytes:12
11:48:42.0 (47131080)|VARIABLE_SCOPE_BEGIN|[50]|seoKeyword|seoThemeKeywords__c|true|false
11:48:42.0 (47147363)|VARIABLE_ASSIGNMENT|[50]|seoKeyword|{"Id":"a1D6F000003TvPFUA0","CurrencyIsoCode":"AUD"}|0x3f7c2d67
11:48:42.0 (47155286)|STATEMENT_EXECUTE|[50]
11:48:42.0 (47157494)|STATEMENT_EXECUTE|[51]
11:48:42.0 (47174380)|HEAP_ALLOCATE|[51]|Bytes:18
11:48:42.0 (47183578)|METHOD_ENTRY|[51]||System.EncodingUtil.urlEncode(String, String)
11:48:42.0 (47209086)|METHOD_EXIT|[51]||System.EncodingUtil.urlEncode(String, String)
11:48:42.0 (47215577)|HEAP_ALLOCATE|[51]|Bytes:23
11:48:42.0 (47221598)|HEAP_ALLOCATE|[51]|Bytes:276
11:48:42.0 (47232522)|VARIABLE_ASSIGNMENT|[51]|keywordQueryString|"&k[]=a1D6F000003TvPB (256 more) ..."
11:48:42.0 (47244861)|HEAP_ALLOCATE|[50]|Bytes:5
11:48:42.0 (47256035)|HEAP_ALLOCATE|[50]|Bytes:12
11:48:42.0 (47262230)|VARIABLE_SCOPE_BEGIN|[50]|seoKeyword|seoThemeKeywords__c|true|false
11:48:42.0 (47279156)|VARIABLE_ASSIGNMENT|[50]|seoKeyword|{"Id":"a1D6F000003TvPOUA0","CurrencyIsoCode":"AUD"}|0x21127924
11:48:42.0 (47286958)|STATEMENT_EXECUTE|[50]
11:48:42.0 (47289235)|STATEMENT_EXECUTE|[51]
11:48:42.0 (47300767)|HEAP_ALLOCATE|[51]|Bytes:18
11:48:42.0 (47309240)|METHOD_ENTRY|[51]||System.EncodingUtil.urlEncode(String, String)
11:48:42.0 (47335111)|METHOD_EXIT|[51]||System.EncodingUtil.urlEncode(String, String)
11:48:42.0 (47346351)|HEAP_ALLOCATE|[51]|Bytes:23
11:48:42.0 (47352472)|HEAP_ALLOCATE|[51]|Bytes:299
11:48:42.0 (47363002)|VARIABLE_ASSIGNMENT|[51]|keywordQueryString|"&k[]=a1D6F000003TvPB (279 more) ..."
11:48:42.0 (47375009)|HEAP_ALLOCATE|[50]|Bytes:5
11:48:42.0 (47386584)|HEAP_ALLOCATE|[50]|Bytes:12
11:48:42.0 (47393317)|VARIABLE_SCOPE_BEGIN|[50]|seoKeyword|seoThemeKeywords__c|true|false
11:48:42.0 (47410780)|VARIABLE_ASSIGNMENT|[50]|seoKeyword|{"Id":"a1D6F000003TvPSUA0","CurrencyIsoCode":"AUD"}|0x2fcf7930
11:48:42.0 (47418549)|STATEMENT_EXECUTE|[50]
11:48:42.0 (47420827)|STATEMENT_EXECUTE|[51]
11:48:42.0 (47432817)|HEAP_ALLOCATE|[51]|Bytes:18
11:48:42.0 (47441906)|METHOD_ENTRY|[51]||System.EncodingUtil.urlEncode(String, String)
11:48:42.0 (47468391)|METHOD_EXIT|[51]||System.EncodingUtil.urlEncode(String, String)
11:48:42.0 (47475120)|HEAP_ALLOCATE|[51]|Bytes:23
11:48:42.0 (47480963)|HEAP_ALLOCATE|[51]|Bytes:322
11:48:42.0 (47491935)|VARIABLE_ASSIGNMENT|[51]|keywordQueryString|"&k[]=a1D6F000003TvPB (302 more) ..."
11:48:42.0 (47504636)|HEAP_ALLOCATE|[50]|Bytes:5
11:48:42.0 (47515844)|HEAP_ALLOCATE|[50]|Bytes:12
11:48:42.0 (47522194)|VARIABLE_SCOPE_BEGIN|[50]|seoKeyword|seoThemeKeywords__c|true|false
11:48:42.0 (47539127)|VARIABLE_ASSIGNMENT|[50]|seoKeyword|{"Id":"a1D6F000003TvPLUA0","CurrencyIsoCode":"AUD"}|0x291a1a34
11:48:42.0 (47547194)|STATEMENT_EXECUTE|[50]
11:48:42.0 (47549433)|STATEMENT_EXECUTE|[51]
11:48:42.0 (47560888)|HEAP_ALLOCATE|[51]|Bytes:18
11:48:42.0 (47568903)|METHOD_ENTRY|[51]||System.EncodingUtil.urlEncode(String, String)
11:48:42.0 (47594612)|METHOD_EXIT|[51]||System.EncodingUtil.urlEncode(String, String)
11:48:42.0 (47600998)|HEAP_ALLOCATE|[51]|Bytes:23
11:48:42.0 (47607402)|HEAP_ALLOCATE|[51]|Bytes:345
11:48:42.0 (47634982)|VARIABLE_ASSIGNMENT|[51]|keywordQueryString|"&k[]=a1D6F000003TvPB (325 more) ..."
11:48:42.0 (47648756)|HEAP_ALLOCATE|[50]|Bytes:5
11:48:42.0 (47661017)|HEAP_ALLOCATE|[50]|Bytes:12
11:48:42.0 (47667470)|VARIABLE_SCOPE_BEGIN|[50]|seoKeyword|seoThemeKeywords__c|true|false
11:48:42.0 (47685249)|VARIABLE_ASSIGNMENT|[50]|seoKeyword|{"Id":"a1D6F000003TvPTUA0","CurrencyIsoCode":"AUD"}|0x77530d65
11:48:42.0 (47692852)|STATEMENT_EXECUTE|[50]
11:48:42.0 (47695014)|STATEMENT_EXECUTE|[51]
11:48:42.0 (47708306)|HEAP_ALLOCATE|[51]|Bytes:18
11:48:42.0 (47718127)|METHOD_ENTRY|[51]||System.EncodingUtil.urlEncode(String, String)
11:48:42.0 (47746486)|METHOD_EXIT|[51]||System.EncodingUtil.urlEncode(String, String)
11:48:42.0 (47753425)|HEAP_ALLOCATE|[51]|Bytes:23
11:48:42.0 (47760513)|HEAP_ALLOCATE|[51]|Bytes:368
11:48:42.0 (47771948)|VARIABLE_ASSIGNMENT|[51]|keywordQueryString|"&k[]=a1D6F000003TvPB (348 more) ..."
11:48:42.0 (47784639)|HEAP_ALLOCATE|[50]|Bytes:5
11:48:42.0 (47796197)|HEAP_ALLOCATE|[50]|Bytes:12
11:48:42.0 (47803045)|VARIABLE_SCOPE_BEGIN|[50]|seoKeyword|seoThemeKeywords__c|true|false
11:48:42.0 (47821101)|VARIABLE_ASSIGNMENT|[50]|seoKeyword|{"Id":"a1D6F000003TvPMUA0","CurrencyIsoCode":"AUD"}|0x453a91f2
11:48:42.0 (47828682)|STATEMENT_EXECUTE|[50]
11:48:42.0 (47831282)|STATEMENT_EXECUTE|[51]
11:48:42.0 (47843215)|HEAP_ALLOCATE|[51]|Bytes:18
11:48:42.0 (47852114)|METHOD_ENTRY|[51]||System.EncodingUtil.urlEncode(String, String)
11:48:42.0 (47878134)|METHOD_EXIT|[51]||System.EncodingUtil.urlEncode(String, String)
11:48:42.0 (47884601)|HEAP_ALLOCATE|[51]|Bytes:23
11:48:42.0 (47890757)|HEAP_ALLOCATE|[51]|Bytes:391
11:48:42.0 (47901303)|VARIABLE_ASSIGNMENT|[51]|keywordQueryString|"&k[]=a1D6F000003TvPB (371 more) ..."
11:48:42.0 (47913388)|HEAP_ALLOCATE|[50]|Bytes:5
11:48:42.0 (47925231)|HEAP_ALLOCATE|[50]|Bytes:12
11:48:42.0 (47931774)|VARIABLE_SCOPE_BEGIN|[50]|seoKeyword|seoThemeKeywords__c|true|false
11:48:42.0 (47948856)|VARIABLE_ASSIGNMENT|[50]|seoKeyword|{"Id":"a1D6F000003TvPGUA0","CurrencyIsoCode":"AUD"}|0x11e8669c
11:48:42.0 (47956528)|STATEMENT_EXECUTE|[50]
11:48:42.0 (47958849)|STATEMENT_EXECUTE|[51]
11:48:42.0 (47969901)|HEAP_ALLOCATE|[51]|Bytes:18
11:48:42.0 (47978542)|METHOD_ENTRY|[51]||System.EncodingUtil.urlEncode(String, String)
11:48:42.0 (48004512)|METHOD_EXIT|[51]||System.EncodingUtil.urlEncode(String, String)
11:48:42.0 (48011819)|HEAP_ALLOCATE|[51]|Bytes:23
11:48:42.0 (48017990)|HEAP_ALLOCATE|[51]|Bytes:414
11:48:42.0 (48028809)|VARIABLE_ASSIGNMENT|[51]|keywordQueryString|"&k[]=a1D6F000003TvPB (394 more) ..."
11:48:42.0 (48040894)|HEAP_ALLOCATE|[50]|Bytes:5
11:48:42.0 (48051759)|HEAP_ALLOCATE|[50]|Bytes:12
11:48:42.0 (48057936)|VARIABLE_SCOPE_BEGIN|[50]|seoKeyword|seoThemeKeywords__c|true|false
11:48:42.0 (48074044)|VARIABLE_ASSIGNMENT|[50]|seoKeyword|{"Id":"a1D6F000003TvPEUA0","CurrencyIsoCode":"AUD"}|0x685a052f
11:48:42.0 (48082627)|STATEMENT_EXECUTE|[50]
11:48:42.0 (48084842)|STATEMENT_EXECUTE|[51]
11:48:42.0 (48096119)|HEAP_ALLOCATE|[51]|Bytes:18
11:48:42.0 (48104558)|METHOD_ENTRY|[51]||System.EncodingUtil.urlEncode(String, String)
11:48:42.0 (48130354)|METHOD_EXIT|[51]||System.EncodingUtil.urlEncode(String, String)
11:48:42.0 (48136768)|HEAP_ALLOCATE|[51]|Bytes:23
11:48:42.0 (48143046)|HEAP_ALLOCATE|[51]|Bytes:437
11:48:42.0 (48153722)|VARIABLE_ASSIGNMENT|[51]|keywordQueryString|"&k[]=a1D6F000003TvPB (417 more) ..."
11:48:42.0 (48165866)|HEAP_ALLOCATE|[50]|Bytes:5
11:48:42.0 (48176813)|HEAP_ALLOCATE|[50]|Bytes:12
11:48:42.0 (48183245)|VARIABLE_SCOPE_BEGIN|[50]|seoKeyword|seoThemeKeywords__c|true|false
11:48:42.0 (48200325)|VARIABLE_ASSIGNMENT|[50]|seoKeyword|{"Id":"a1D6F000003TvPUUA0","CurrencyIsoCode":"AUD"}|0x70d0564
11:48:42.0 (48208798)|STATEMENT_EXECUTE|[50]
11:48:42.0 (48211257)|STATEMENT_EXECUTE|[51]
11:48:42.0 (48222676)|HEAP_ALLOCATE|[51]|Bytes:18
11:48:42.0 (48230667)|METHOD_ENTRY|[51]||System.EncodingUtil.urlEncode(String, String)
11:48:42.0 (48255889)|METHOD_EXIT|[51]||System.EncodingUtil.urlEncode(String, String)
11:48:42.0 (48262595)|HEAP_ALLOCATE|[51]|Bytes:23
11:48:42.0 (48268747)|HEAP_ALLOCATE|[51]|Bytes:460
11:48:42.0 (48296618)|VARIABLE_ASSIGNMENT|[51]|keywordQueryString|"&k[]=a1D6F000003TvPB (440 more) ..."
11:48:42.0 (48313043)|HEAP_ALLOCATE|[50]|Bytes:5
11:48:42.0 (48325869)|HEAP_ALLOCATE|[50]|Bytes:12
11:48:42.0 (48332310)|VARIABLE_SCOPE_BEGIN|[50]|seoKeyword|seoThemeKeywords__c|true|false
11:48:42.0 (48348788)|VARIABLE_ASSIGNMENT|[50]|seoKeyword|{"Id":"a1D6F000003TvPKUA0","CurrencyIsoCode":"AUD"}|0x1629a176
11:48:42.0 (48353968)|STATEMENT_EXECUTE|[50]
11:48:42.0 (48355541)|STATEMENT_EXECUTE|[51]
11:48:42.0 (48365547)|HEAP_ALLOCATE|[51]|Bytes:18
11:48:42.0 (48372336)|METHOD_ENTRY|[51]||System.EncodingUtil.urlEncode(String, String)
11:48:42.0 (48392297)|METHOD_EXIT|[51]||System.EncodingUtil.urlEncode(String, String)
11:48:42.0 (48396846)|HEAP_ALLOCATE|[51]|Bytes:23
11:48:42.0 (48401009)|HEAP_ALLOCATE|[51]|Bytes:483
11:48:42.0 (48409078)|VARIABLE_ASSIGNMENT|[51]|keywordQueryString|"&k[]=a1D6F000003TvPB (463 more) ..."
11:48:42.0 (48419961)|HEAP_ALLOCATE|[50]|Bytes:5
11:48:42.0 (48430101)|HEAP_ALLOCATE|[50]|Bytes:12
11:48:42.0 (48435047)|VARIABLE_SCOPE_BEGIN|[50]|seoKeyword|seoThemeKeywords__c|true|false
11:48:42.0 (48447011)|VARIABLE_ASSIGNMENT|[50]|seoKeyword|{"Id":"a1D6F000003TvPIUA0","CurrencyIsoCode":"AUD"}|0x4427f9a9
11:48:42.0 (48451927)|STATEMENT_EXECUTE|[50]
11:48:42.0 (48453470)|STATEMENT_EXECUTE|[51]
11:48:42.0 (48462770)|HEAP_ALLOCATE|[51]|Bytes:18
11:48:42.0 (48468932)|METHOD_ENTRY|[51]||System.EncodingUtil.urlEncode(String, String)
11:48:42.0 (48488405)|METHOD_EXIT|[51]||System.EncodingUtil.urlEncode(String, String)
11:48:42.0 (48493133)|HEAP_ALLOCATE|[51]|Bytes:23
11:48:42.0 (48497090)|HEAP_ALLOCATE|[51]|Bytes:506
11:48:42.0 (48504871)|VARIABLE_ASSIGNMENT|[51]|keywordQueryString|"&k[]=a1D6F000003TvPB (486 more) ..."
11:48:42.0 (48513217)|HEAP_ALLOCATE|[50]|Bytes:5
11:48:42.0 (48521642)|HEAP_ALLOCATE|[50]|Bytes:12
11:48:42.0 (48526536)|VARIABLE_SCOPE_BEGIN|[50]|seoKeyword|seoThemeKeywords__c|true|false
11:48:42.0 (48537667)|VARIABLE_ASSIGNMENT|[50]|seoKeyword|{"Id":"a1D6F000003TvP7UAK","CurrencyIsoCode":"AUD"}|0x7c6cef7f
11:48:42.0 (48543173)|STATEMENT_EXECUTE|[50]
11:48:42.0 (48544698)|STATEMENT_EXECUTE|[51]
11:48:42.0 (48553091)|HEAP_ALLOCATE|[51]|Bytes:18
11:48:42.0 (48559492)|METHOD_ENTRY|[51]||System.EncodingUtil.urlEncode(String, String)
11:48:42.0 (48578142)|METHOD_EXIT|[51]||System.EncodingUtil.urlEncode(String, String)
11:48:42.0 (48583083)|HEAP_ALLOCATE|[51]|Bytes:23
11:48:42.0 (48587107)|HEAP_ALLOCATE|[51]|Bytes:529
11:48:42.0 (48595203)|VARIABLE_ASSIGNMENT|[51]|keywordQueryString|"&k[]=a1D6F000003TvPB (509 more) ..."
11:48:42.0 (48604053)|HEAP_ALLOCATE|[50]|Bytes:5
11:48:42.0 (48612344)|HEAP_ALLOCATE|[50]|Bytes:12
11:48:42.0 (48616947)|VARIABLE_SCOPE_BEGIN|[50]|seoKeyword|seoThemeKeywords__c|true|false
11:48:42.0 (48628793)|VARIABLE_ASSIGNMENT|[50]|seoKeyword|{"Id":"a1D6F000003TvP5UAK","CurrencyIsoCode":"AUD"}|0x13a5f3b3
11:48:42.0 (48633816)|STATEMENT_EXECUTE|[50]
11:48:42.0 (48635378)|STATEMENT_EXECUTE|[51]
11:48:42.0 (48643957)|HEAP_ALLOCATE|[51]|Bytes:18
11:48:42.0 (48649746)|METHOD_ENTRY|[51]||System.EncodingUtil.urlEncode(String, String)
11:48:42.0 (48667863)|METHOD_EXIT|[51]||System.EncodingUtil.urlEncode(String, String)
11:48:42.0 (48672372)|HEAP_ALLOCATE|[51]|Bytes:23
11:48:42.0 (48677036)|HEAP_ALLOCATE|[51]|Bytes:552
11:48:42.0 (48684342)|VARIABLE_ASSIGNMENT|[51]|keywordQueryString|"&k[]=a1D6F000003TvPB (532 more) ..."
11:48:42.0 (48693227)|HEAP_ALLOCATE|[50]|Bytes:5
11:48:42.0 (48701567)|HEAP_ALLOCATE|[50]|Bytes:12
11:48:42.0 (48706721)|VARIABLE_SCOPE_BEGIN|[50]|seoKeyword|seoThemeKeywords__c|true|false
11:48:42.0 (48718146)|VARIABLE_ASSIGNMENT|[50]|seoKeyword|{"Id":"a1D6F000003TvP6UAK","CurrencyIsoCode":"AUD"}|0x48dcc2a0
11:48:42.0 (48723646)|STATEMENT_EXECUTE|[50]
11:48:42.0 (48725112)|STATEMENT_EXECUTE|[51]
11:48:42.0 (48733407)|HEAP_ALLOCATE|[51]|Bytes:18
11:48:42.0 (48739579)|METHOD_ENTRY|[51]||System.EncodingUtil.urlEncode(String, String)
11:48:42.0 (48761597)|METHOD_EXIT|[51]||System.EncodingUtil.urlEncode(String, String)
11:48:42.0 (48766887)|HEAP_ALLOCATE|[51]|Bytes:23
11:48:42.0 (48771127)|HEAP_ALLOCATE|[51]|Bytes:575
11:48:42.0 (48778281)|VARIABLE_ASSIGNMENT|[51]|keywordQueryString|"&k[]=a1D6F000003TvPB (555 more) ..."
11:48:42.0 (48787166)|HEAP_ALLOCATE|[50]|Bytes:5
11:48:42.0 (48795566)|HEAP_ALLOCATE|[50]|Bytes:12
11:48:42.0 (48800672)|VARIABLE_SCOPE_BEGIN|[50]|seoKeyword|seoThemeKeywords__c|true|false
11:48:42.0 (48812885)|VARIABLE_ASSIGNMENT|[50]|seoKeyword|{"Id":"a1D6F000003TvP8UAK","CurrencyIsoCode":"AUD"}|0x33cd90a3
11:48:42.0 (48817341)|STATEMENT_EXECUTE|[50]
11:48:42.0 (48818799)|STATEMENT_EXECUTE|[51]
11:48:42.0 (48827281)|HEAP_ALLOCATE|[51]|Bytes:18
11:48:42.0 (48834030)|METHOD_ENTRY|[51]||System.EncodingUtil.urlEncode(String, String)
11:48:42.0 (48853152)|METHOD_EXIT|[51]||System.EncodingUtil.urlEncode(String, String)
11:48:42.0 (48857464)|HEAP_ALLOCATE|[51]|Bytes:23
11:48:42.0 (48862168)|HEAP_ALLOCATE|[51]|Bytes:598
11:48:42.0 (48869598)|VARIABLE_ASSIGNMENT|[51]|keywordQueryString|"&k[]=a1D6F000003TvPB (578 more) ..."
11:48:42.0 (48878094)|HEAP_ALLOCATE|[50]|Bytes:5
11:48:42.0 (48886512)|HEAP_ALLOCATE|[50]|Bytes:12
11:48:42.0 (48891607)|VARIABLE_SCOPE_BEGIN|[50]|seoKeyword|seoThemeKeywords__c|true|false
11:48:42.0 (48903086)|VARIABLE_ASSIGNMENT|[50]|seoKeyword|{"Id":"a1D6F000003TvPDUA0","CurrencyIsoCode":"AUD"}|0x284186b2
11:48:42.0 (48908250)|STATEMENT_EXECUTE|[50]
11:48:42.0 (48909731)|STATEMENT_EXECUTE|[51]
11:48:42.0 (48917947)|HEAP_ALLOCATE|[51]|Bytes:18
11:48:42.0 (48923939)|METHOD_ENTRY|[51]||System.EncodingUtil.urlEncode(String, String)
11:48:42.0 (48943321)|METHOD_EXIT|[51]||System.EncodingUtil.urlEncode(String, String)
11:48:42.0 (48948231)|HEAP_ALLOCATE|[51]|Bytes:23
11:48:42.0 (48952543)|HEAP_ALLOCATE|[51]|Bytes:621
11:48:42.0 (48960872)|VARIABLE_ASSIGNMENT|[51]|keywordQueryString|"&k[]=a1D6F000003TvPB (601 more) ..."
11:48:42.0 (48969431)|HEAP_ALLOCATE|[50]|Bytes:5
11:48:42.0 (48977416)|HEAP_ALLOCATE|[50]|Bytes:12
11:48:42.0 (48981766)|VARIABLE_SCOPE_BEGIN|[50]|seoKeyword|seoThemeKeywords__c|true|false
11:48:42.0 (48993462)|VARIABLE_ASSIGNMENT|[50]|seoKeyword|{"Id":"a1D6F000003TvPQUA0","CurrencyIsoCode":"AUD"}|0x1445d062
11:48:42.0 (49002451)|STATEMENT_EXECUTE|[50]
11:48:42.0 (49004583)|STATEMENT_EXECUTE|[51]
11:48:42.0 (49013563)|HEAP_ALLOCATE|[51]|Bytes:18
11:48:42.0 (49020140)|METHOD_ENTRY|[51]||System.EncodingUtil.urlEncode(String, String)
11:48:42.0 (49039387)|METHOD_EXIT|[51]||System.EncodingUtil.urlEncode(String, String)
11:48:42.0 (49044009)|HEAP_ALLOCATE|[51]|Bytes:23
11:48:42.0 (49048293)|HEAP_ALLOCATE|[51]|Bytes:644
11:48:42.0 (49056464)|VARIABLE_ASSIGNMENT|[51]|keywordQueryString|"&k[]=a1D6F000003TvPB (624 more) ..."
11:48:42.0 (49077312)|HEAP_ALLOCATE|[50]|Bytes:5
11:48:42.0 (49087603)|HEAP_ALLOCATE|[50]|Bytes:12
11:48:42.0 (49092209)|VARIABLE_SCOPE_BEGIN|[50]|seoKeyword|seoThemeKeywords__c|true|false
11:48:42.0 (49103637)|VARIABLE_ASSIGNMENT|[50]|seoKeyword|{"Id":"a1D6F000003TvPRUA0","CurrencyIsoCode":"AUD"}|0x3a22d988
11:48:42.0 (49109159)|STATEMENT_EXECUTE|[50]
11:48:42.0 (49110714)|STATEMENT_EXECUTE|[51]
11:48:42.0 (49119891)|HEAP_ALLOCATE|[51]|Bytes:18
11:48:42.0 (49126086)|METHOD_ENTRY|[51]||System.EncodingUtil.urlEncode(String, String)
11:48:42.0 (49145337)|METHOD_EXIT|[51]||System.EncodingUtil.urlEncode(String, String)
11:48:42.0 (49149843)|HEAP_ALLOCATE|[51]|Bytes:23
11:48:42.0 (49154205)|HEAP_ALLOCATE|[51]|Bytes:667
11:48:42.0 (49162017)|VARIABLE_ASSIGNMENT|[51]|keywordQueryString|"&k[]=a1D6F000003TvPB (647 more) ..."
11:48:42.0 (49171505)|HEAP_ALLOCATE|[50]|Bytes:5
11:48:42.0 (49180696)|HEAP_ALLOCATE|[50]|Bytes:12
11:48:42.0 (49184998)|VARIABLE_SCOPE_BEGIN|[50]|seoKeyword|seoThemeKeywords__c|true|false
11:48:42.0 (49196742)|VARIABLE_ASSIGNMENT|[50]|seoKeyword|{"Id":"a1D6F000003TvPWUA0","CurrencyIsoCode":"AUD"}|0x65b50ee7
11:48:42.0 (49201830)|STATEMENT_EXECUTE|[50]
11:48:42.0 (49203279)|STATEMENT_EXECUTE|[51]
11:48:42.0 (49212001)|HEAP_ALLOCATE|[51]|Bytes:18
11:48:42.0 (49217914)|METHOD_ENTRY|[51]||System.EncodingUtil.urlEncode(String, String)
11:48:42.0 (49236638)|METHOD_EXIT|[51]||System.EncodingUtil.urlEncode(String, String)
11:48:42.0 (49241322)|HEAP_ALLOCATE|[51]|Bytes:23
11:48:42.0 (49245914)|HEAP_ALLOCATE|[51]|Bytes:690
11:48:42.0 (49253161)|VARIABLE_ASSIGNMENT|[51]|keywordQueryString|"&k[]=a1D6F000003TvPB (670 more) ..."
11:48:42.0 (49261686)|HEAP_ALLOCATE|[50]|Bytes:5
11:48:42.0 (49271444)|VARIABLE_ASSIGNMENT|[50]|seoKeyword|null|
11:48:42.0 (49277211)|STATEMENT_EXECUTE|[55]
11:48:42.0 (49289119)|METHOD_EXIT|[113]|01p6F000009rEEx|SeoGeoController.getKeywordIdQueryString()
11:48:42.0 (49295485)|VARIABLE_SCOPE_BEGIN|[113]|keywordQueryString|String|false|false
11:48:42.0 (49304838)|VARIABLE_ASSIGNMENT|[113]|keywordQueryString|"&k[]=a1D6F000003TvPB (670 more) ..."
11:48:42.0 (49323636)|STATEMENT_EXECUTE|[115]
11:48:42.0 (49325691)|STATEMENT_EXECUTE|[116]
11:48:42.0 (49333031)|HEAP_ALLOCATE|[116]|Bytes:813
11:48:42.0 (49345465)|VARIABLE_ASSIGNMENT|[116]|consolePath|"/?c=seo&action=keywo (793 more) ..."
11:48:42.0 (49350390)|STATEMENT_EXECUTE|[121]
11:48:42.0 (49358145)|METHOD_EXIT|[80]|01p6F000009rEEx|SeoGeoController.getGeoURL()
11:48:42.0 (49363803)|VARIABLE_SCOPE_BEGIN|[80]|consolePath|String|false|false
11:48:42.0 (49373200)|VARIABLE_ASSIGNMENT|[80]|consolePath|"/?c=seo&action=keywo (793 more) ..."
11:48:42.0 (49377999)|STATEMENT_EXECUTE|[82]
11:48:42.0 (49379656)|STATEMENT_EXECUTE|[83]
11:48:42.0 (51234283)|HEAP_ALLOCATE|[83]|Bytes:7
11:48:42.0 (51247475)|HEAP_ALLOCATE|[83]|Bytes:10
11:48:42.0 (51268327)|METHOD_ENTRY|[1]|01p6F000006aBAZ|slxConsole.slxConsole()
11:48:42.0 (51274053)|STATEMENT_EXECUTE|[1]
11:48:42.0 (51278052)|STATEMENT_EXECUTE|[1]
11:48:42.0 (51282650)|METHOD_EXIT|[1]|slxConsole
11:48:42.0 (51305444)|METHOD_ENTRY|[83]|01p6F000006aBAZ|slxConsole.getConsolePage(String)
11:48:42.0 (51335057)|VARIABLE_SCOPE_BEGIN|[17]|path|String|false|false
11:48:42.0 (51356270)|VARIABLE_ASSIGNMENT|[17]|path|"/?c=seo&action=keywo (793 more) ..."
11:48:42.0 (51363590)|STATEMENT_EXECUTE|[17]
11:48:42.0 (51365323)|STATEMENT_EXECUTE|[20]
11:48:42.0 (51391826)|HEAP_ALLOCATE|[20]|Bytes:10
11:48:42.0 (52634941)|HEAP_ALLOCATE|[20]|Bytes:56
11:48:42.0 (52655780)|VARIABLE_SCOPE_BEGIN|[20]|consoleLogin|Login__c|true|false
11:48:42.0 (52723261)|VARIABLE_ASSIGNMENT|[20]|consoleLogin|{"LastModifiedDate":"2017-01-17T06:58:25.000Z","username__c":"salesforce","IsDeleted":false,"password__c":"49fc7fd771000d6127b3 (12 more) ...","URL__c":"https://console.spon (13 more) ...","CurrencyIsoCode":"AUD","SetupOwnerId":"00D90000000IJSaEAO","Name":"SLXConsole","SystemModstamp":"2018-03-23T09:17:56.000Z","CreatedById":"00590000000VmmqAAC","CreatedDate":"2016-03-02T07:09:34.000Z","Id":"a1w6F000005747qQAA","LastModifiedById":"00590000000VmmqAAC"}|0x67b7cdf5
11:48:42.0 (52738423)|STATEMENT_EXECUTE|[22]
11:48:42.0 (52746263)|STATEMENT_EXECUTE|[27]
11:48:42.0 (52773409)|VARIABLE_SCOPE_BEGIN|[27]|consoleEndpoint|String|false|false
11:48:42.0 (52786796)|VARIABLE_ASSIGNMENT|[27]|consoleEndpoint|"https://console.spon (13 more) ..."
11:48:42.0 (52791919)|STATEMENT_EXECUTE|[28]
11:48:42.0 (52804546)|VARIABLE_SCOPE_BEGIN|[28]|consoleUsername|String|false|false
11:48:42.0 (52813044)|VARIABLE_ASSIGNMENT|[28]|consoleUsername|"salesforce"
11:48:42.0 (52817280)|STATEMENT_EXECUTE|[29]
11:48:42.0 (52826472)|VARIABLE_SCOPE_BEGIN|[29]|consolePassword|String|false|false
11:48:42.0 (52836548)|VARIABLE_ASSIGNMENT|[29]|consolePassword|"49fc7fd771000d6127b3 (12 more) ..."
11:48:42.0 (52840529)|STATEMENT_EXECUTE|[33]
11:48:42.0 (52864555)|VARIABLE_SCOPE_BEGIN|[33]|req|System.HttpRequest|true|false
11:48:42.0 (53093320)|VARIABLE_ASSIGNMENT|[33]|req|"System.HttpRequest[Endpoint=null, Method=null]"|0x3abffb59
11:48:42.0 (53102242)|STATEMENT_EXECUTE|[34]
11:48:42.0 (53118343)|HEAP_ALLOCATE|[34]|Bytes:846
11:48:42.0 (53173694)|STATEMENT_EXECUTE|[35]
11:48:42.0 (53180195)|HEAP_ALLOCATE|[35]|Bytes:3
11:48:42.0 (53201460)|STATEMENT_EXECUTE|[36]
11:48:42.0 (53206833)|HEAP_ALLOCATE|[36]|Bytes:6
11:48:42.0 (53211121)|HEAP_ALLOCATE|[36]|Bytes:9
11:48:42.0 (53214685)|HEAP_ALLOCATE|[36]|Bytes:11
11:48:42.0 (53227052)|HEAP_ALLOCATE|[36]|Bytes:62
11:48:42.0 (53253687)|STATEMENT_EXECUTE|[40]
11:48:42.0 (53269979)|VARIABLE_SCOPE_BEGIN|[40]|http|System.Http|true|false
11:48:42.0 (53362340)|VARIABLE_ASSIGNMENT|[40]|http|"System.Http[]"|0x5c964044
11:48:42.0 (53370220)|STATEMENT_EXECUTE|[41]
11:48:42.0 (53427846)|CALLOUT_REQUEST|[41]|System.HttpRequest[Endpoint=https://console.sponsoredlinx.com/?c=seo&action=keywordGeoCompare&output=table&websiteid=a166F00000AJbjEQAT&geolocation=Sydney%2CNew+South+Wales%2CAustralia&k[]=a1D6F000003TvPBUA0&k[]=a1D6F000003TvPXUA0&k[]=a1D6F000003TvPVUA0&k[]=a1D6F000003TvP9UAK&k[]=a1D6F000003TvPNUA0&k[]=a1D6F000003TvPAUA0&k[]=a1D6F000003TvPCUA0&k[]=a1D6F000003TvPPUA0&k[]=a1D6F000003TvPHUA0&k[]=a1D6F000003TvPJUA0&k[]=a1D6F000003TvPYUA0&k[]=a1D6F000003TvPFUA0&k[]=a1D6F000003TvPOUA0&k[]=a1D6F000003TvPSUA0&k[]=a1D6F000003TvPLUA0&k[]=a1D6F000003TvPTUA0&k[]=a1D6F000003TvPMUA0&k[]=a1D6F000003TvPGUA0&k[]=a1D6F000003TvPEUA0&k[]=a1D6F000003TvPUUA0&k[]=a1D6F000003TvPKUA0&k[]=a1D6F000003TvPIUA0&k[]=a1D6F000003TvP7UAK&k[]=a1D6F000003TvP5UAK&k[]=a1D6F000003TvP6UAK&k[]=a1D6F000003TvP8UAK&k[]=a1D6F000003TvPDUA0&k[]=a1D6F000003TvPQUA0&k[]=a1D6F000003TvPRUA0&k[]=a1D6F000003TvPWUA0, Method=GET]
11:48:42.0 (637536154)|HEAP_ALLOCATE|[EXTERNAL]|Bytes:5384
11:48:42.0 (637744706)|CALLOUT_RESPONSE|[41]|System.HttpResponse[Status=OK, StatusCode=200]
11:48:42.0 (637765900)|HEAP_ALLOCATE|[41]|Bytes:5201
11:48:42.0 (637793784)|VARIABLE_SCOPE_BEGIN|[41]|res|System.HttpResponse|true|false
11:48:42.0 (637947555)|VARIABLE_ASSIGNMENT|[41]|res|"System.HttpResponse[Status=OK, StatusCode=200]"|0x5e1e4e20
11:48:42.0 (637956957)|STATEMENT_EXECUTE|[44]
11:48:42.0 (638237639)|HEAP_ALLOCATE|[44]|Bytes:5195
11:48:42.0 (638255738)|METHOD_EXIT|[83]|01p6F000006aBAZ|slxConsole.getConsolePage(String)
11:48:42.0 (638273770)|VARIABLE_ASSIGNMENT|[83]|geoTable|"<style>\ntable.table{ (5175 more) ..."
11:48:42.0 (638283067)|HEAP_ALLOCATE|[87]|Bytes:10
11:48:42.0 (638360289)|STATEMENT_EXECUTE|[87]
11:48:42.0 (638362747)|STATEMENT_EXECUTE|[88]
11:48:42.0 (638455601)|VARIABLE_ASSIGNMENT|[EXTERNAL]|this|{"allGeo":"0x106b313d","device":"desktop","refreshRequired":true,"selectedGeo":"0x7b41070","seoWebsite":"0x8dfaf4c"}|0x1a51a33b
11:48:42.0 (638485574)|VARIABLE_ASSIGNMENT|[EXTERNAL]|value|true
11:48:42.0 (638495542)|HEAP_ALLOCATE|[4]|Bytes:5
11:48:42.0 (638509411)|VARIABLE_ASSIGNMENT|[4]|this.refreshRequired|true|0x1a51a33b
11:48:42.0 (638519423)|STATEMENT_EXECUTE|[93]
11:48:42.0 (638529724)|SYSTEM_MODE_EXIT|false
11:48:42.0 (639418990)|VF_SERIALIZE_VIEWSTATE_BEGIN|0666F000007GVD0
11:48:42.0 (642893134)|VF_SERIALIZE_VIEWSTATE_END
11:48:42.644 (644660775)|CUMULATIVE_LIMIT_USAGE
11:48:42.644 (644660775)|LIMIT_USAGE_FOR_NS|(default)|
  Number of SOQL queries: 1 out of 100
  Number of query rows: 30 out of 50000
  Number of SOSL queries: 0 out of 20
  Number of DML statements: 0 out of 150
  Number of DML rows: 0 out of 10000
  Maximum CPU time: 0 out of 10000
  Maximum heap size: 0 out of 6000000
  Number of callouts: 1 out of 100
  Number of Email Invocations: 0 out of 10
  Number of future calls: 0 out of 50
  Number of queueable jobs added to the queue: 0 out of 50
  Number of Mobile Apex push calls: 0 out of 10

11:48:42.644 (644660775)|CUMULATIVE_LIMIT_USAGE_END

11:48:42.0 (644701079)|CODE_UNIT_FINISHED|VF: /apex/SeoGeoCompare
11:48:42.0 (647195971)|EXECUTION_FINISHED
