37.0 APEX_CODE,FINEST;APEX_PROFILING,INFO;CALLOUT,INFO;DB,INFO;NBA,INFO;SYSTEM,DEBUG;VALIDATION,INFO;VISUALFORCE,INFO;WAVE,INFO;WORKFLOW,INFO
17:01:18.11 (11993315)|ENTERING_MANAGED_PKG|Centify
17:01:18.11 (15001431)|ENTERING_MANAGED_PKG|Centify
17:01:18.11 (20789825)|ENTERING_MANAGED_PKG|Centify
17:01:18.11 (20924066)|ENTERING_MANAGED_PKG|Centify
17:01:18.11 (20973417)|ENTERING_MANAGED_PKG|Centify
17:01:18.11 (21036646)|ENTERING_MANAGED_PKG|Centify
17:01:18.11 (21060650)|ENTERING_MANAGED_PKG|Centify
17:01:18.11 (21111309)|ENTERING_MANAGED_PKG|Centify
17:01:18.11 (21132661)|ENTERING_MANAGED_PKG|Centify
17:01:18.11 (21201996)|ENTERING_MANAGED_PKG|Centify
17:01:18.11 (21263949)|ENTERING_MANAGED_PKG|Centify
17:01:18.11 (25988338)|SOQL_EXECUTE_BEGIN|[19]|Aggregations:0|SELECT Id, OrganizationType FROM Organization LIMIT 1
17:01:18.11 (29148688)|SOQL_EXECUTE_END|[19]|Rows:1
17:01:18.11 (30926269)|ENTERING_MANAGED_PKG|Centify
17:01:18.11 (30991925)|ENTERING_MANAGED_PKG|Centify
17:01:18.11 (31120274)|ENTERING_MANAGED_PKG|Centify
17:01:18.11 (31177760)|ENTERING_MANAGED_PKG|Centify
17:01:18.11 (31550498)|ENTERING_MANAGED_PKG|Centify
17:01:18.11 (31587176)|ENTERING_MANAGED_PKG|Centify
17:01:18.11 (31667039)|ENTERING_MANAGED_PKG|Centify
17:01:18.11 (31722253)|ENTERING_MANAGED_PKG|Centify
17:01:18.11 (32987711)|SOQL_EXECUTE_BEGIN|[95]|Aggregations:0|SELECT MAX(Last_Sync_Time__c) maxDT FROM Salesforce_Sync_Settings__c
17:01:18.11 (35177311)|SOQL_EXECUTE_END|[95]|Rows:1
17:01:18.11 (35491400)|ENTERING_MANAGED_PKG|Centify
17:01:18.11 (35548767)|ENTERING_MANAGED_PKG|Centify
17:01:18.11 (39679326)|ENTERING_MANAGED_PKG|Centify
17:01:18.11 (39764744)|ENTERING_MANAGED_PKG|Centify
17:01:18.11 (41553380)|SOQL_EXECUTE_BEGIN|[84]|Aggregations:0|SELECT COUNT() FROM Notification__c WHERE ((Number_Of_Attempts__c = NULL OR Number_Of_Attempts__c < :tmpVar1) AND (CreatedDate = TODAY OR LastModifiedDate = TODAY)) LIMIT 25000
17:01:18.11 (57929202)|SOQL_EXECUTE_END|[84]|Rows:0
17:01:18.11 (58032143)|ENTERING_MANAGED_PKG|Centify
17:01:18.11 (58097446)|ENTERING_MANAGED_PKG|Centify
17:01:18.11 (58167054)|ENTERING_MANAGED_PKG|Centify
17:01:18.11 (58212593)|ENTERING_MANAGED_PKG|Centify
17:01:18.11 (58277130)|ENTERING_MANAGED_PKG|Centify
17:01:18.11 (61940382)|SOQL_EXECUTE_BEGIN|[363]|Aggregations:0|SELECT Id, Label, MasterLabel, DeveloperName, Endpoint__c, TimeOut__c FROM Endpoint_Setting__mdt LIMIT 50
17:01:18.11 (67835430)|SOQL_EXECUTE_END|[363]|Rows:23
17:01:18.11 (69186988)|ENTERING_MANAGED_PKG|Centify
17:01:18.11 (69253829)|ENTERING_MANAGED_PKG|Centify
17:01:18.11 (70930681)|ENTERING_MANAGED_PKG|Centify
17:01:18.11 (70969450)|ENTERING_MANAGED_PKG|Centify
17:01:18.11 (73770336)|ENTERING_MANAGED_PKG|Centify
17:01:18.11 (76407225)|ENTERING_MANAGED_PKG|Centify
17:01:18.11 (76470441)|ENTERING_MANAGED_PKG|Centify
17:01:18.11 (76512876)|ENTERING_MANAGED_PKG|Centify
17:01:18.11 (77285433)|ENTERING_MANAGED_PKG|Centify
17:01:18.11 (77364212)|ENTERING_MANAGED_PKG|Centify
17:01:18.11 (77419891)|ENTERING_MANAGED_PKG|Centify
17:01:18.11 (78175639)|ENTERING_MANAGED_PKG|Centify
17:01:18.11 (78222655)|ENTERING_MANAGED_PKG|Centify
17:01:18.11 (78268421)|ENTERING_MANAGED_PKG|Centify
17:01:18.11 (78312149)|ENTERING_MANAGED_PKG|Centify
17:01:18.11 (78387182)|ENTERING_MANAGED_PKG|Centify
17:01:18.11 (80978039)|ENTERING_MANAGED_PKG|Centify
17:01:18.11 (81081396)|ENTERING_MANAGED_PKG|Centify
17:01:18.11 (81798064)|ENTERING_MANAGED_PKG|Centify
17:01:18.11 (885656411)|ENTERING_MANAGED_PKG|Centify
17:01:18.952 (952797278)|CUMULATIVE_LIMIT_USAGE
17:01:18.952 (952797278)|LIMIT_USAGE_FOR_NS|(default)|
  Number of SOQL queries: 0 out of 200
  Number of query rows: 0 out of 50000
  Number of SOSL queries: 0 out of 20
  Number of DML statements: 0 out of 150
  Number of DML rows: 0 out of 10000
  Maximum CPU time: 0 out of 60000
  Maximum heap size: 0 out of 12000000
  Number of callouts: 0 out of 0
  Number of Email Invocations: 0 out of 10
  Number of future calls: 0 out of 0
  Number of queueable jobs added to the queue: 0 out of 1
  Number of Mobile Apex push calls: 0 out of 10

17:01:18.952 (952797278)|LIMIT_USAGE_FOR_NS|Centify|
  Number of SOQL queries: 0 out of 200
  Number of query rows: 0 out of 50000
  Number of SOSL queries: 0 out of 20
  Number of DML statements: 0 out of 150
  Number of DML rows: 0 out of 10000
  Maximum CPU time: 0 out of 60000
  Maximum heap size: 0 out of 12000000
  Number of callouts: 0 out of 0
  Number of Email Invocations: 0 out of 10
  Number of future calls: 0 out of 0
  Number of queueable jobs added to the queue: 0 out of 1
  Number of Mobile Apex push calls: 0 out of 10

17:01:18.952 (952797278)|CUMULATIVE_LIMIT_USAGE_END

