37.0 APEX_CODE,FINEST;APEX_PROFILING,INFO;CALLOUT,INFO;DB,INFO;NBA,INFO;SYSTEM,DEBUG;VALIDATION,INFO;VISUALFORCE,INFO;WAVE,INFO;WORKFLOW,INFO
18:44:19.16 (16092447)|ENTERING_MANAGED_PKG|Centify
18:44:19.16 (17203898)|ENTERING_MANAGED_PKG|Centify
18:44:19.16 (17240341)|ENTERING_MANAGED_PKG|Centify
18:44:19.16 (17437149)|ENTERING_MANAGED_PKG|Centify
18:44:19.16 (17511785)|ENTERING_MANAGED_PKG|Centify
18:44:19.16 (18392298)|ENTERING_MANAGED_PKG|Centify
18:44:19.16 (18698411)|ENTERING_MANAGED_PKG|Centify
18:44:19.16 (18736880)|ENTERING_MANAGED_PKG|Centify
18:44:19.16 (18831506)|ENTERING_MANAGED_PKG|Centify
18:44:19.16 (18889697)|ENTERING_MANAGED_PKG|Centify
18:44:19.16 (18938167)|ENTERING_MANAGED_PKG|Centify
18:44:19.16 (18972309)|ENTERING_MANAGED_PKG|Centify
18:44:19.16 (18999094)|ENTERING_MANAGED_PKG|Centify
18:44:19.16 (19186079)|ENTERING_MANAGED_PKG|Centify
18:44:19.16 (53555703)|ENTERING_MANAGED_PKG|Centify
18:44:19.16 (53652478)|ENTERING_MANAGED_PKG|Centify
18:44:19.16 (53818523)|ENTERING_MANAGED_PKG|Centify
18:44:19.16 (53882263)|ENTERING_MANAGED_PKG|Centify
18:44:19.16 (217796925)|ENTERING_MANAGED_PKG|Centify
18:44:19.16 (268290526)|ENTERING_MANAGED_PKG|Centify
18:44:19.16 (281155860)|ENTERING_MANAGED_PKG|Centify
18:44:19.16 (281204898)|ENTERING_MANAGED_PKG|Centify
18:44:19.16 (281278442)|ENTERING_MANAGED_PKG|Centify
18:44:19.16 (281309608)|ENTERING_MANAGED_PKG|Centify
18:44:19.16 (281368594)|ENTERING_MANAGED_PKG|Centify
18:44:19.16 (317689581)|ENTERING_MANAGED_PKG|Centify
18:44:19.16 (336645371)|ENTERING_MANAGED_PKG|Centify
18:44:19.16 (336697400)|ENTERING_MANAGED_PKG|Centify
18:44:19.16 (336773319)|ENTERING_MANAGED_PKG|Centify
18:44:19.16 (336805360)|ENTERING_MANAGED_PKG|Centify
18:44:19.16 (336864783)|ENTERING_MANAGED_PKG|Centify
18:44:19.16 (371788390)|ENTERING_MANAGED_PKG|Centify
18:44:19.16 (388131871)|ENTERING_MANAGED_PKG|Centify
18:44:19.16 (388204433)|ENTERING_MANAGED_PKG|Centify
18:44:19.16 (388294347)|ENTERING_MANAGED_PKG|Centify
18:44:19.16 (388336507)|ENTERING_MANAGED_PKG|Centify
18:44:19.16 (388404829)|ENTERING_MANAGED_PKG|Centify
18:44:19.16 (423605067)|ENTERING_MANAGED_PKG|Centify
18:44:19.16 (440573263)|ENTERING_MANAGED_PKG|Centify
18:44:19.16 (440638438)|ENTERING_MANAGED_PKG|Centify
18:44:19.16 (440717830)|ENTERING_MANAGED_PKG|Centify
18:44:19.16 (440749190)|ENTERING_MANAGED_PKG|Centify
18:44:19.16 (440811302)|ENTERING_MANAGED_PKG|Centify
18:44:19.16 (477695042)|ENTERING_MANAGED_PKG|Centify
18:44:19.16 (491915363)|ENTERING_MANAGED_PKG|Centify
18:44:19.16 (491963665)|ENTERING_MANAGED_PKG|Centify
18:44:19.16 (492040556)|ENTERING_MANAGED_PKG|Centify
18:44:19.16 (492072313)|ENTERING_MANAGED_PKG|Centify
18:44:19.16 (492138880)|ENTERING_MANAGED_PKG|Centify
18:44:19.16 (524494917)|ENTERING_MANAGED_PKG|Centify
18:44:19.16 (538858266)|ENTERING_MANAGED_PKG|Centify
18:44:19.16 (539119861)|ENTERING_MANAGED_PKG|Centify
18:44:19.16 (550795596)|ENTERING_MANAGED_PKG|Centify
18:44:19.16 (550875135)|ENTERING_MANAGED_PKG|Centify
18:44:19.16 (551103183)|ENTERING_MANAGED_PKG|Centify
18:44:19.16 (551153532)|ENTERING_MANAGED_PKG|Centify
18:44:19.16 (551195788)|ENTERING_MANAGED_PKG|Centify
18:44:19.16 (551260508)|ENTERING_MANAGED_PKG|Centify
18:44:19.16 (555725527)|SOQL_EXECUTE_BEGIN|[19]|Aggregations:0|SELECT Id, OrganizationType FROM Organization LIMIT 1
18:44:19.16 (558795350)|SOQL_EXECUTE_END|[19]|Rows:1
18:44:19.16 (576836167)|ENTERING_MANAGED_PKG|Centify
18:44:19.16 (589128769)|ENTERING_MANAGED_PKG|Centify
18:44:19.16 (589194853)|ENTERING_MANAGED_PKG|Centify
18:44:19.16 (589269837)|ENTERING_MANAGED_PKG|Centify
18:44:19.16 (589300365)|ENTERING_MANAGED_PKG|Centify
18:44:19.16 (589363379)|ENTERING_MANAGED_PKG|Centify
18:44:19.16 (623185260)|ENTERING_MANAGED_PKG|Centify
18:44:19.16 (638284748)|ENTERING_MANAGED_PKG|Centify
18:44:19.16 (638353430)|ENTERING_MANAGED_PKG|Centify
18:44:19.16 (638504231)|ENTERING_MANAGED_PKG|Centify
18:44:19.16 (638550292)|ENTERING_MANAGED_PKG|Centify
18:44:19.16 (638637725)|ENTERING_MANAGED_PKG|Centify
18:44:19.16 (672797138)|ENTERING_MANAGED_PKG|Centify
18:44:19.16 (672850702)|ENTERING_MANAGED_PKG|Centify
18:44:19.16 (673024730)|ENTERING_MANAGED_PKG|Centify
18:44:19.16 (673064921)|ENTERING_MANAGED_PKG|Centify
18:44:19.16 (673100848)|ENTERING_MANAGED_PKG|Centify
18:44:19.16 (673368058)|ENTERING_MANAGED_PKG|Centify
18:44:19.16 (673437194)|ENTERING_MANAGED_PKG|Centify
18:44:19.16 (683777544)|ENTERING_MANAGED_PKG|Centify
18:44:19.16 (683936286)|ENTERING_MANAGED_PKG|Centify
18:44:19.16 (684671925)|ENTERING_MANAGED_PKG|Centify
18:44:19.16 (685525762)|SOQL_EXECUTE_BEGIN|[16]|Aggregations:0|select id,lastmodifieddate,isdeleted,createddate,industry,type,name,ownerid from Account where LastModifiedDate >2018-09-28T08:43:08Z AND LastModifiedDate < 2018-09-28T08:44:24Z  ORDER BY SystemModStamp DESC LIMIT 5000  ALL ROWS
18:44:19.16 (694400801)|SOQL_EXECUTE_END|[16]|Rows:1
18:44:19.722 (722423668)|CUMULATIVE_LIMIT_USAGE
18:44:19.722 (722423668)|LIMIT_USAGE_FOR_NS|(default)|
  Number of SOQL queries: 0 out of 200
  Number of query rows: 0 out of 50000
  Number of SOSL queries: 0 out of 20
  Number of DML statements: 0 out of 150
  Number of DML rows: 0 out of 10000
  Maximum CPU time: 0 out of 60000
  Maximum heap size: 0 out of 12000000
  Number of callouts: 0 out of 0
  Number of Email Invocations: 0 out of 10
  Number of future calls: 0 out of 0
  Number of queueable jobs added to the queue: 0 out of 1
  Number of Mobile Apex push calls: 0 out of 10

18:44:19.722 (722423668)|LIMIT_USAGE_FOR_NS|Centify|
  Number of SOQL queries: 0 out of 200
  Number of query rows: 0 out of 50000
  Number of SOSL queries: 0 out of 20
  Number of DML statements: 0 out of 150
  Number of DML rows: 0 out of 10000
  Maximum CPU time: 0 out of 60000
  Maximum heap size: 0 out of 12000000
  Number of callouts: 0 out of 0
  Number of Email Invocations: 0 out of 10
  Number of future calls: 0 out of 0
  Number of queueable jobs added to the queue: 0 out of 1
  Number of Mobile Apex push calls: 0 out of 10

18:44:19.722 (722423668)|CUMULATIVE_LIMIT_USAGE_END

