36.0 APEX_CODE,FINEST;APEX_PROFILING,INFO;CALLOUT,INFO;DB,INFO;NBA,INFO;SYSTEM,DEBUG;VALIDATION,INFO;VISUALFORCE,INFO;WAVE,INFO;WORKFLOW,INFO
18:07:16.0 (695585)|USER_INFO|[EXTERNAL]|00590000000Vmmq|ben@bjbglobal.com.au|Australian Eastern Standard Time|GMT+10:00
18:07:16.0 (755060)|EXECUTION_STARTED
18:07:16.0 (763468)|CODE_UNIT_STARTED|[EXTERNAL]|FutureHandler - state load
18:07:16.0 (3142023)|CODE_UNIT_FINISHED|FutureHandler - state load
18:07:16.0 (4110941)|EXECUTION_FINISHED
18:07:16.32 (32900952)|USER_INFO|[EXTERNAL]|00590000000Vmmq|ben@bjbglobal.com.au|Australian Eastern Standard Time|GMT+10:00
18:07:16.32 (32940157)|EXECUTION_STARTED
18:07:16.32 (32949260)|CODE_UNIT_STARTED|[EXTERNAL]|01p6F00000KWZrf|TigerPistolConnector.addCustomerOnProductFuture(List<Id>)
18:07:16.32 (34211914)|VARIABLE_SCOPE_BEGIN|[3]|TigerPistolConnector.action|String|false|true
18:07:16.32 (34282402)|VARIABLE_SCOPE_BEGIN|[2]|TigerPistolConnector.endpoint_prod|String|false|true
18:07:16.32 (34304826)|VARIABLE_SCOPE_BEGIN|[4]|TigerPistolConnector.method|String|false|true
18:07:16.32 (35068735)|VARIABLE_SCOPE_BEGIN|[7]|TigerPistolConnector.myCustomer|TigerPistolConnector.Customer|true|true
18:07:16.32 (35105963)|VARIABLE_SCOPE_BEGIN|[5]|TigerPistolConnector.requestBody|String|false|true
18:07:16.32 (35136631)|VARIABLE_SCOPE_BEGIN|[6]|TigerPistolConnector.token|String|false|true
18:07:16.32 (35351422)|HEAP_ALLOCATE|[72]|Bytes:3
18:07:16.32 (35417358)|HEAP_ALLOCATE|[77]|Bytes:152
18:07:16.32 (35446720)|HEAP_ALLOCATE|[342]|Bytes:408
18:07:16.32 (35474274)|HEAP_ALLOCATE|[355]|Bytes:408
18:07:16.32 (35501717)|HEAP_ALLOCATE|[467]|Bytes:48
18:07:16.32 (35555458)|HEAP_ALLOCATE|[139]|Bytes:6
18:07:16.32 (35600974)|HEAP_ALLOCATE|[EXTERNAL]|Bytes:21
18:07:16.32 (35620805)|HEAP_ALLOCATE|[EXTERNAL]|Bytes:208
18:07:16.32 (35632787)|HEAP_ALLOCATE|[EXTERNAL]|Bytes:31
18:07:16.32 (35645687)|HEAP_ALLOCATE|[EXTERNAL]|Bytes:35
18:07:16.32 (35673668)|METHOD_ENTRY|[1]|01p6F00000KWZrf|TigerPistolConnector.TigerPistolConnector()
18:07:16.32 (35686849)|STATEMENT_EXECUTE|[1]
18:07:16.32 (35697034)|STATEMENT_EXECUTE|[1]
18:07:16.32 (35701167)|STATEMENT_EXECUTE|[214]
18:07:16.32 (35712454)|STATEMENT_EXECUTE|[225]
18:07:16.32 (35752134)|METHOD_EXIT|[1]|TigerPistolConnector
18:07:16.32 (35801062)|HEAP_ALLOCATE|[EXTERNAL]|Bytes:8
18:07:16.32 (35821739)|VARIABLE_SCOPE_BEGIN|[81]|products|List<Id>|true|false
18:07:16.32 (35886282)|VARIABLE_ASSIGNMENT|[81]|products|["a076F00000qLJWJQA4"]|0x109c284e
18:07:16.32 (35908500)|STATEMENT_EXECUTE|[82]
18:07:16.32 (35912251)|STATEMENT_EXECUTE|[83]
18:07:16.32 (36629268)|HEAP_ALLOCATE|[83]|Bytes:4
18:07:16.32 (36794432)|VARIABLE_SCOPE_BEGIN|[83]|updateProducts|List<Account_Product__c>|true|false
18:07:16.32 (36826504)|HEAP_ALLOCATE|[EXTERNAL]|Bytes:4
18:07:16.32 (36853428)|VARIABLE_ASSIGNMENT|[83]|updateProducts|[]|0x57e854d
18:07:16.32 (36867970)|STATEMENT_EXECUTE|[84]
18:07:16.32 (36888383)|HEAP_ALLOCATE|[84]|Bytes:9
18:07:16.32 (37012465)|VARIABLE_ASSIGNMENT|[EXTERNAL]|value|"customers"
18:07:16.32 (37056629)|VARIABLE_ASSIGNMENT|[3]|TigerPistolConnector.action|"customers"
18:07:16.32 (37082845)|STATEMENT_EXECUTE|[85]
18:07:16.32 (37108691)|HEAP_ALLOCATE|[85]|Bytes:4
18:07:16.32 (37185156)|VARIABLE_ASSIGNMENT|[EXTERNAL]|value|"POST"
18:07:16.32 (37212381)|VARIABLE_ASSIGNMENT|[4]|TigerPistolConnector.method|"POST"
18:07:16.32 (37234384)|STATEMENT_EXECUTE|[87]
18:07:16.32 (37249555)|HEAP_ALLOCATE|[87]|Bytes:6
18:07:16.32 (37331233)|HEAP_ALLOCATE|[50]|Bytes:5
18:07:16.32 (37377382)|HEAP_ALLOCATE|[56]|Bytes:5
18:07:16.32 (37397963)|HEAP_ALLOCATE|[64]|Bytes:7
18:07:16.32 (37478721)|USER_DEBUG|[87]|DEBUG|call 1
18:07:16.32 (37501590)|STATEMENT_EXECUTE|[88]
18:07:16.32 (37522073)|VARIABLE_SCOPE_BEGIN|[88]|productId|String|false|false
18:07:16.32 (37575900)|VARIABLE_ASSIGNMENT|[88]|productId|""
18:07:16.32 (37657215)|STATEMENT_EXECUTE|[89]
18:07:16.32 (37820114)|HEAP_ALLOCATE|[90]|Bytes:5
18:07:16.32 (37856017)|HEAP_ALLOCATE|[90]|Bytes:18
18:07:16.32 (37926969)|HEAP_ALLOCATE|[90]|Bytes:4
18:07:16.32 (37943309)|VARIABLE_SCOPE_BEGIN|[90]|item|Id|false|false
18:07:16.32 (38196903)|VARIABLE_ASSIGNMENT|[90]|item|"a076F00000qLJWJQA4"
18:07:16.32 (38216526)|STATEMENT_EXECUTE|[90]
18:07:16.32 (38222156)|STATEMENT_EXECUTE|[91]
18:07:16.32 (38262835)|HEAP_ALLOCATE|[91]|Bytes:18
18:07:16.32 (38291237)|VARIABLE_ASSIGNMENT|[91]|productId|"a076F00000qLJWJQA4"
18:07:16.32 (38302429)|STATEMENT_EXECUTE|[92]
18:07:16.32 (38323219)|HEAP_ALLOCATE|[92]|Bytes:82
18:07:16.32 (38361470)|HEAP_ALLOCATE|[92]|Bytes:4
18:07:16.32 (38389324)|HEAP_ALLOCATE|[92]|Bytes:7
18:07:16.32 (41975195)|SOQL_EXECUTE_BEGIN|[92]|Aggregations:0|SELECT id, TP_record_id__c, Account__c FROM Account_Product__c WHERE id = :tmpVar1
18:07:16.32 (53462517)|SOQL_EXECUTE_END|[92]|Rows:1
18:07:16.32 (53508625)|HEAP_ALLOCATE|[92]|Bytes:8
18:07:16.32 (53531175)|HEAP_ALLOCATE|[92]|Bytes:65
18:07:16.32 (53566398)|HEAP_ALLOCATE|[92]|Bytes:8
18:07:16.32 (53581872)|HEAP_ALLOCATE|[92]|Bytes:44
18:07:16.32 (53602975)|HEAP_ALLOCATE|[92]|Bytes:12
18:07:16.32 (53612717)|VARIABLE_SCOPE_BEGIN|[92]|product|Account_Product__c|true|false
18:07:16.32 (53662301)|VARIABLE_ASSIGNMENT|[92]|product|{"Id":"a076F00000qLJWJQA4","Account__c":"0016F00002cBajsQAC"}|0x5ceb58d4
18:07:16.32 (53678224)|STATEMENT_EXECUTE|[93]
18:07:16.32 (53694708)|HEAP_ALLOCATE|[93]|Bytes:6
18:07:16.32 (53762058)|USER_DEBUG|[93]|DEBUG|call 2
18:07:16.32 (53781443)|STATEMENT_EXECUTE|[94]
18:07:16.32 (53828861)|HEAP_ALLOCATE|[94]|Bytes:18
18:07:16.32 (53857084)|METHOD_ENTRY|[94]|01p6F00000KWZrf|TigerPistolConnector.initCustomerInfoFromAccount(String)
18:07:16.32 (53881036)|VARIABLE_SCOPE_BEGIN|[118]|accountId|String|false|false
18:07:16.32 (53895342)|VARIABLE_ASSIGNMENT|[118]|accountId|"0016F00002cBajsQAC"
18:07:16.32 (53903106)|STATEMENT_EXECUTE|[118]
18:07:16.32 (53905386)|STATEMENT_EXECUTE|[119]
18:07:16.32 (53913918)|HEAP_ALLOCATE|[119]|Bytes:6
18:07:16.32 (53927643)|HEAP_ALLOCATE|[119]|Bytes:24
18:07:16.32 (53947823)|USER_DEBUG|[119]|DEBUG|acc = 0016F00002cBajsQAC
18:07:16.32 (53957027)|STATEMENT_EXECUTE|[120]
18:07:16.32 (53964167)|HEAP_ALLOCATE|[120]|Bytes:146
18:07:16.32 (53981773)|HEAP_ALLOCATE|[120]|Bytes:4
18:07:16.32 (57741773)|SOQL_EXECUTE_BEGIN|[120]|Aggregations:1|SELECT Id, Name, Email__c, Phone, (SELECT id, FirstName, LastName, Email FROM contacts WHERE Title = 'Marketing') FROM Account WHERE Id = :tmpVar1
18:07:16.32 (81498964)|SOQL_EXECUTE_END|[120]|Rows:1
18:07:16.32 (81569373)|HEAP_ALLOCATE|[120]|Bytes:8
18:07:16.32 (81603370)|HEAP_ALLOCATE|[120]|Bytes:259
18:07:16.32 (81701981)|HEAP_ALLOCATE|[120]|Bytes:8
18:07:16.32 (81726352)|HEAP_ALLOCATE|[120]|Bytes:33
18:07:16.32 (81810306)|HEAP_ALLOCATE|[120]|Bytes:24
18:07:16.32 (81828115)|VARIABLE_SCOPE_BEGIN|[120]|acc|Account|true|false
18:07:16.32 (81880053)|VARIABLE_ASSIGNMENT|[120]|acc|{"Id":"0016F00002cBajsQAC","Name":"ProTest1_Simple","email__c":"kate.luu@sponsoredli (6 more) ...","Phone":"000000000","Contacts":[{"AccountId":"0016F00002cBajsQAC","Id":"0036F00002fnfZ8QAI","FirstName":"Kate","LastName":"Luu","Email":"kate.luu@sponsoredli (6 more) ..."}]}|0x50368424
18:07:16.32 (81891475)|STATEMENT_EXECUTE|[122]
18:07:16.32 (82035183)|HEAP_ALLOCATE|[122]|Bytes:107
18:07:16.32 (82059253)|HEAP_ALLOCATE|[122]|Bytes:113
18:07:16.32 (82074918)|USER_DEBUG|[122]|DEBUG|acc = Account:{Id=0016F00002cBajsQAC, Name=ProTest1_Simple, email__c=kate.luu@sponsoredlinx.com, Phone=000000000}
18:07:16.32 (82084922)|STATEMENT_EXECUTE|[123]
18:07:16.32 (82098821)|HEAP_ALLOCATE|[123]|Bytes:264
18:07:16.32 (82110351)|HEAP_ALLOCATE|[123]|Bytes:31
18:07:16.32 (82535278)|HEAP_ALLOCATE|[123]|Bytes:36
18:07:16.32 (82575552)|CONSTRUCTOR_ENTRY|[123]|01p6F00000KWZrf|<init>()|TigerPistolConnector.Customer
18:07:16.32 (82632394)|VARIABLE_SCOPE_BEGIN|[214]|this|TigerPistolConnector.Customer|true|false
18:07:16.32 (82723114)|VARIABLE_ASSIGNMENT|[214]|this|{}|0x3943cfb7
18:07:16.32 (82746052)|HEAP_ALLOCATE|[EXTERNAL]|Bytes:6
18:07:16.32 (82813068)|STATEMENT_EXECUTE|[214]
18:07:16.32 (82817029)|STATEMENT_EXECUTE|[215]
18:07:16.32 (82829503)|STATEMENT_EXECUTE|[216]
18:07:16.32 (82834975)|STATEMENT_EXECUTE|[217]
18:07:16.32 (82840110)|STATEMENT_EXECUTE|[218]
18:07:16.32 (82845535)|STATEMENT_EXECUTE|[219]
18:07:16.32 (82850672)|STATEMENT_EXECUTE|[220]
18:07:16.32 (82855137)|STATEMENT_EXECUTE|[221]
18:07:16.32 (82858735)|STATEMENT_EXECUTE|[222]
18:07:16.32 (82867601)|CONSTRUCTOR_EXIT|[123]|01p6F00000KWZrf|<init>()|TigerPistolConnector.Customer
18:07:16.32 (82911859)|VARIABLE_ASSIGNMENT|[EXTERNAL]|value|{}|0x3943cfb7
18:07:16.32 (82941510)|VARIABLE_ASSIGNMENT|[7]|TigerPistolConnector.myCustomer|{}|0x3943cfb7
18:07:16.32 (82953628)|STATEMENT_EXECUTE|[124]
18:07:16.32 (82994347)|HEAP_ALLOCATE|[124]|Bytes:18
18:07:16.32 (83067177)|VARIABLE_ASSIGNMENT|[EXTERNAL]|this|{}|0x3943cfb7
18:07:16.32 (83082367)|VARIABLE_ASSIGNMENT|[EXTERNAL]|value|"0016F00002cBajsQAC"
18:07:16.32 (83096378)|VARIABLE_ASSIGNMENT|[215]|this.externalId|"0016F00002cBajsQAC"|0x3943cfb7
18:07:16.32 (83105752)|STATEMENT_EXECUTE|[125]
18:07:16.32 (83180125)|VARIABLE_ASSIGNMENT|[EXTERNAL]|this|{"externalId":"0016F00002cBajsQAC"}|0x3943cfb7
18:07:16.32 (83192898)|VARIABLE_ASSIGNMENT|[EXTERNAL]|value|"ProTest1_Simple"
18:07:16.32 (83203706)|VARIABLE_ASSIGNMENT|[216]|this.name|"ProTest1_Simple"|0x3943cfb7
18:07:16.32 (83212453)|STATEMENT_EXECUTE|[126]
18:07:16.32 (83221572)|HEAP_ALLOCATE|[126]|Bytes:4
18:07:16.32 (83295638)|VARIABLE_ASSIGNMENT|[EXTERNAL]|this|{"externalId":"0016F00002cBajsQAC","name":"ProTest1_Simple"}|0x3943cfb7
18:07:16.32 (83315041)|VARIABLE_ASSIGNMENT|[EXTERNAL]|value|"Test"
18:07:16.32 (83331274)|VARIABLE_ASSIGNMENT|[217]|this.packageId|"Test"|0x3943cfb7
18:07:16.32 (83343546)|STATEMENT_EXECUTE|[127]
18:07:16.32 (83356709)|HEAP_ALLOCATE|[127]|Bytes:3
18:07:16.32 (83426531)|VARIABLE_ASSIGNMENT|[EXTERNAL]|this|{"externalId":"0016F00002cBajsQAC","name":"ProTest1_Simple","packageId":"Test"}|0x3943cfb7
18:07:16.32 (83438447)|VARIABLE_ASSIGNMENT|[EXTERNAL]|value|"382"
18:07:16.32 (83450695)|VARIABLE_ASSIGNMENT|[218]|this.industryId|"382"|0x3943cfb7
18:07:16.32 (83464318)|STATEMENT_EXECUTE|[128]
18:07:16.32 (83477175)|HEAP_ALLOCATE|[128]|Bytes:15
18:07:16.32 (83533582)|VARIABLE_ASSIGNMENT|[EXTERNAL]|this|{"externalId":"0016F00002cBajsQAC","industryId":"382","name":"ProTest1_Simple","packageId":"Test"}|0x3943cfb7
18:07:16.32 (83544927)|VARIABLE_ASSIGNMENT|[EXTERNAL]|value|"local_awareness"
18:07:16.32 (83554745)|VARIABLE_ASSIGNMENT|[219]|this.objective|"local_awareness"|0x3943cfb7
18:07:16.32 (83563123)|STATEMENT_EXECUTE|[129]
18:07:16.32 (83612501)|VARIABLE_ASSIGNMENT|[EXTERNAL]|this|{"externalId":"0016F00002cBajsQAC","industryId":"382","name":"ProTest1_Simple","objective":"local_awareness","packageId":"Test"}|0x3943cfb7
18:07:16.32 (83635589)|VARIABLE_ASSIGNMENT|[EXTERNAL]|value|false
18:07:16.32 (83647210)|HEAP_ALLOCATE|[220]|Bytes:5
18:07:16.32 (83660881)|VARIABLE_ASSIGNMENT|[220]|this.showPixelStep|false|0x3943cfb7
18:07:16.32 (83675946)|STATEMENT_EXECUTE|[130]
18:07:16.32 (83728497)|HEAP_ALLOCATE|[130]|Bytes:4
18:07:16.32 (83766927)|HEAP_ALLOCATE|[130]|Bytes:19
18:07:16.32 (83780942)|HEAP_ALLOCATE|[130]|Bytes:19
18:07:16.32 (83831287)|VARIABLE_ASSIGNMENT|[EXTERNAL]|this|{"externalId":"0016F00002cBajsQAC","industryId":"382","name":"ProTest1_Simple","objective":"local_awareness","packageId":"Test","showPixelStep":false}|0x3943cfb7
18:07:16.32 (83844010)|VARIABLE_ASSIGNMENT|[EXTERNAL]|value|"2018-09-28 00:00:00"
18:07:16.32 (83854206)|VARIABLE_ASSIGNMENT|[221]|this.subscriptionDate|"2018-09-28 00:00:00"|0x3943cfb7
18:07:16.32 (83862757)|STATEMENT_EXECUTE|[132]
18:07:16.32 (83875387)|HEAP_ALLOCATE|[132]|Bytes:128
18:07:16.32 (83883428)|HEAP_ALLOCATE|[132]|Bytes:11
18:07:16.32 (83901018)|HEAP_ALLOCATE|[132]|Bytes:16
18:07:16.32 (83918701)|CONSTRUCTOR_ENTRY|[132]|01p6F00000KWZrf|<init>()|TigerPistolConnector.LitleContact
18:07:16.32 (83945233)|VARIABLE_SCOPE_BEGIN|[225]|this|TigerPistolConnector.LitleContact|true|false
18:07:16.32 (83972494)|VARIABLE_ASSIGNMENT|[225]|this|{}|0x291210fe
18:07:16.32 (83993124)|STATEMENT_EXECUTE|[225]
18:07:16.32 (83995174)|STATEMENT_EXECUTE|[226]
18:07:16.32 (84002329)|STATEMENT_EXECUTE|[227]
18:07:16.32 (84006711)|STATEMENT_EXECUTE|[228]
18:07:16.32 (84013170)|CONSTRUCTOR_EXIT|[132]|01p6F00000KWZrf|<init>()|TigerPistolConnector.LitleContact
18:07:16.32 (84021844)|VARIABLE_SCOPE_BEGIN|[132]|myContact|TigerPistolConnector.LitleContact|true|false
18:07:16.32 (84039547)|VARIABLE_ASSIGNMENT|[132]|myContact|{}|0x291210fe
18:07:16.32 (84045336)|STATEMENT_EXECUTE|[133]
18:07:16.32 (84052267)|HEAP_ALLOCATE|[133]|Bytes:8
18:07:16.32 (84057488)|HEAP_ALLOCATE|[133]|Bytes:7
18:07:16.32 (84111673)|HEAP_ALLOCATE|[EXTERNAL]|Bytes:8
18:07:16.32 (84175823)|HEAP_ALLOCATE|[133]|Bytes:8
18:07:16.32 (84255437)|HEAP_ALLOCATE|[133]|Bytes:24
18:07:16.32 (84365350)|VARIABLE_ASSIGNMENT|[EXTERNAL]|this|{}|0x291210fe
18:07:16.32 (84386896)|VARIABLE_ASSIGNMENT|[EXTERNAL]|value|"kate.luu@sponsoredli (6 more) ..."
18:07:16.32 (84400871)|VARIABLE_ASSIGNMENT|[226]|this.email|"kate.luu@sponsoredli (6 more) ..."|0x291210fe
18:07:16.32 (84417350)|STATEMENT_EXECUTE|[134]
18:07:16.32 (84459568)|HEAP_ALLOCATE|[EXTERNAL]|Bytes:8
18:07:16.32 (84491704)|HEAP_ALLOCATE|[134]|Bytes:8
18:07:16.32 (84507464)|HEAP_ALLOCATE|[134]|Bytes:24
18:07:16.32 (84595147)|VARIABLE_ASSIGNMENT|[EXTERNAL]|this|{"email":"kate.luu@sponsoredli (6 more) ..."}|0x291210fe
18:07:16.32 (84615088)|VARIABLE_ASSIGNMENT|[EXTERNAL]|value|"Kate"
18:07:16.32 (84630617)|VARIABLE_ASSIGNMENT|[227]|this.firstName|"Kate"|0x291210fe
18:07:16.32 (84645337)|STATEMENT_EXECUTE|[135]
18:07:16.32 (84673235)|HEAP_ALLOCATE|[EXTERNAL]|Bytes:8
18:07:16.32 (84694886)|HEAP_ALLOCATE|[135]|Bytes:8
18:07:16.32 (84707498)|HEAP_ALLOCATE|[135]|Bytes:24
18:07:16.32 (84782732)|VARIABLE_ASSIGNMENT|[EXTERNAL]|this|{"email":"kate.luu@sponsoredli (6 more) ...","firstName":"Kate"}|0x291210fe
18:07:16.32 (84797145)|VARIABLE_ASSIGNMENT|[EXTERNAL]|value|"Luu"
18:07:16.32 (84809447)|VARIABLE_ASSIGNMENT|[228]|this.lastName|"Luu"|0x291210fe
18:07:16.32 (84824986)|STATEMENT_EXECUTE|[137]
18:07:16.32 (84899569)|VARIABLE_ASSIGNMENT|[EXTERNAL]|this|{"externalId":"0016F00002cBajsQAC","industryId":"382","name":"ProTest1_Simple","objective":"local_awareness","packageId":"Test","showPixelStep":false,"subscriptionDate":"2018-09-28 00:00:00"}|0x3943cfb7
18:07:16.32 (84922526)|VARIABLE_ASSIGNMENT|[EXTERNAL]|value|{"email":"kate.luu@sponsoredli (6 more) ...","firstName":"Kate","lastName":"Luu"}|0x291210fe
18:07:16.32 (84932605)|VARIABLE_ASSIGNMENT|[222]|this.contact|0x291210fe|0x3943cfb7
18:07:16.32 (84941267)|STATEMENT_EXECUTE|[138]
18:07:16.32 (85021331)|HEAP_ALLOCATE|[138]|Bytes:24
18:07:16.32 (85038901)|SYSTEM_METHOD_ENTRY|[1]|JSON.JSON()
18:07:16.32 (85043131)|STATEMENT_EXECUTE|[1]
18:07:16.32 (85050555)|SYSTEM_METHOD_EXIT|[1]|JSON
18:07:16.32 (85063134)|METHOD_ENTRY|[138]||System.JSON.serialize(Object)
18:07:16.32 (85176757)|METHOD_EXIT|[138]||System.JSON.serialize(Object)
18:07:16.32 (85186393)|METHOD_EXIT|[94]|01p6F00000KWZrf|TigerPistolConnector.initCustomerInfoFromAccount(String)
18:07:16.32 (85212053)|VARIABLE_ASSIGNMENT|[EXTERNAL]|value|"{\"subscriptionDate\": (256 more) ..."
18:07:16.32 (85232701)|VARIABLE_ASSIGNMENT|[5]|TigerPistolConnector.requestBody|"{\"subscriptionDate\": (256 more) ..."
18:07:16.32 (85241313)|STATEMENT_EXECUTE|[95]
18:07:16.32 (85257496)|HEAP_ALLOCATE|[95]|Bytes:6
18:07:16.32 (85284974)|USER_DEBUG|[95]|DEBUG|call 3
18:07:16.32 (85294307)|STATEMENT_EXECUTE|[96]
18:07:16.32 (85305662)|METHOD_ENTRY|[96]|01p6F00000KWZrf|TigerPistolConnector.sendRequest()
18:07:16.32 (85323044)|STATEMENT_EXECUTE|[155]
18:07:16.32 (85325108)|STATEMENT_EXECUTE|[157]
18:07:16.32 (85353294)|VARIABLE_SCOPE_BEGIN|[157]|req|System.HttpRequest|true|false
18:07:16.32 (85434513)|VARIABLE_ASSIGNMENT|[157]|req|"System.HttpRequest[Endpoint=null, Method=null]"|0x25cb0fd6
18:07:16.32 (85442187)|STATEMENT_EXECUTE|[158]
18:07:16.32 (85464424)|VARIABLE_SCOPE_BEGIN|[158]|h|System.Http|true|false
18:07:16.32 (85504544)|VARIABLE_ASSIGNMENT|[158]|h|"System.Http[]"|0x6db26a46
18:07:16.32 (85511736)|STATEMENT_EXECUTE|[161]
18:07:16.32 (85519930)|HEAP_ALLOCATE|[161]|Bytes:30
18:07:16.32 (85565425)|VARIABLE_ASSIGNMENT|[EXTERNAL]|value|"https://api.tigerpis (10 more) ..."
18:07:16.32 (85581345)|VARIABLE_ASSIGNMENT|[2]|TigerPistolConnector.endpoint_prod|"https://api.tigerpis (10 more) ..."
18:07:16.32 (85590518)|STATEMENT_EXECUTE|[162]
18:07:16.32 (85598194)|HEAP_ALLOCATE|[162]|Bytes:46
18:07:16.32 (85630655)|VARIABLE_ASSIGNMENT|[EXTERNAL]|value|"Token shJyh7D1gXJzMV (26 more) ..."
18:07:16.32 (85645740)|VARIABLE_ASSIGNMENT|[6]|TigerPistolConnector.token|"Token shJyh7D1gXJzMV (26 more) ..."
18:07:16.32 (85654241)|STATEMENT_EXECUTE|[164]
18:07:16.32 (85677496)|HEAP_ALLOCATE|[164]|Bytes:1
18:07:16.32 (85701187)|HEAP_ALLOCATE|[164]|Bytes:40
18:07:16.32 (85762620)|STATEMENT_EXECUTE|[165]
18:07:16.32 (85814439)|STATEMENT_EXECUTE|[166]
18:07:16.32 (85850579)|STATEMENT_EXECUTE|[167]
18:07:16.32 (85857899)|HEAP_ALLOCATE|[167]|Bytes:14
18:07:16.32 (85878705)|HEAP_ALLOCATE|[167]|Bytes:290
18:07:16.32 (85889975)|USER_DEBUG|[167]|DEBUG|requestBody = {"subscriptionDate":"2018-09-28 00:00:00","showPixelStep":false,"packageId":"Test","objective":"local_awareness","name":"ProTest1_Simple","industryId":"382","externalId":"0016F00002cBajsQAC","contact":{"lastName":"Luu","firstName":"Kate","email":"kate.luu@sponsoredlinx.com"}}
18:07:16.32 (85900876)|STATEMENT_EXECUTE|[168]
18:07:16.32 (85921511)|USER_DEBUG|[168]|DEBUG|System.HttpRequest[Endpoint=https://api.tigerpistol.com/v1/customers, Method=POST]
18:07:16.32 (85930485)|STATEMENT_EXECUTE|[169]
18:07:16.32 (85962010)|STATEMENT_EXECUTE|[172]
18:07:16.32 (85984683)|VARIABLE_SCOPE_BEGIN|[172]|authorizationHeader|String|false|false
18:07:16.32 (86010560)|VARIABLE_ASSIGNMENT|[172]|authorizationHeader|"Token shJyh7D1gXJzMV (26 more) ..."
18:07:16.32 (86020709)|STATEMENT_EXECUTE|[173]
18:07:16.32 (86033035)|HEAP_ALLOCATE|[173]|Bytes:13
18:07:16.32 (86079362)|STATEMENT_EXECUTE|[174]
18:07:16.32 (86087872)|HEAP_ALLOCATE|[174]|Bytes:12
18:07:16.32 (86093302)|HEAP_ALLOCATE|[174]|Bytes:16
18:07:16.32 (86115329)|STATEMENT_EXECUTE|[177]
18:07:16.32 (86167924)|CALLOUT_REQUEST|[177]|System.HttpRequest[Endpoint=https://api.tigerpistol.com/v1/customers, Method=POST]
18:07:16.32 (87133824)|EXCEPTION_THROWN|[177]|System.CalloutException: Unauthorized endpoint, please check Setup->Security->Remote site settings. endpoint = https://api.tigerpistol.com/v1/customers
18:07:16.32 (87229165)|HEAP_ALLOCATE|[177]|Bytes:130
18:07:16.32 (87258231)|METHOD_EXIT|[96]|01p6F00000KWZrf|TigerPistolConnector.sendRequest()
18:07:16.32 (87341245)|FATAL_ERROR|System.CalloutException: Unauthorized endpoint, please check Setup->Security->Remote site settings. endpoint = https://api.tigerpistol.com/v1/customers

Class.TigerPistolConnector.sendRequest: line 177, column 1
Class.TigerPistolConnector.addCustomerOnProductFuture: line 96, column 1
18:07:16.32 (87365423)|FATAL_ERROR|System.CalloutException: Unauthorized endpoint, please check Setup->Security->Remote site settings. endpoint = https://api.tigerpistol.com/v1/customers

Class.TigerPistolConnector.sendRequest: line 177, column 1
Class.TigerPistolConnector.addCustomerOnProductFuture: line 96, column 1
18:07:16.87 (87380133)|CUMULATIVE_LIMIT_USAGE
18:07:16.87 (87380133)|LIMIT_USAGE_FOR_NS|(default)|
  Number of SOQL queries: 2 out of 200
  Number of query rows: 3 out of 50000
  Number of SOSL queries: 0 out of 20
  Number of DML statements: 0 out of 150
  Number of DML rows: 0 out of 10000
  Maximum CPU time: 0 out of 60000
  Maximum heap size: 0 out of 12000000
  Number of callouts: 1 out of 100
  Number of Email Invocations: 0 out of 10
  Number of future calls: 0 out of 50
  Number of queueable jobs added to the queue: 0 out of 1
  Number of Mobile Apex push calls: 0 out of 10

18:07:16.87 (87380133)|CUMULATIVE_LIMIT_USAGE_END

18:07:16.32 (87423322)|CODE_UNIT_FINISHED|TigerPistolConnector.addCustomerOnProductFuture(List<Id>)
18:07:16.32 (88488402)|EXECUTION_FINISHED
