37.0 APEX_CODE,FINEST;APEX_PROFILING,INFO;CALLOUT,INFO;DB,INFO;NBA,INFO;SYSTEM,DEBUG;VALIDATION,INFO;VISUALFORCE,INFO;WAVE,INFO;WORKFLOW,INFO
17:00:33.14 (14061821)|ENTERING_MANAGED_PKG|Centify
17:00:33.14 (19191412)|ENTERING_MANAGED_PKG|Centify
17:00:33.14 (27377345)|ENTERING_MANAGED_PKG|Centify
17:00:33.14 (27528793)|ENTERING_MANAGED_PKG|Centify
17:00:33.14 (27672958)|ENTERING_MANAGED_PKG|Centify
17:00:33.14 (28283562)|ENTERING_MANAGED_PKG|Centify
17:00:33.14 (28553128)|ENTERING_MANAGED_PKG|Centify
17:00:33.14 (28579701)|ENTERING_MANAGED_PKG|Centify
17:00:33.14 (28656184)|ENTERING_MANAGED_PKG|Centify
17:00:33.14 (28707526)|ENTERING_MANAGED_PKG|Centify
17:00:33.14 (28743248)|ENTERING_MANAGED_PKG|Centify
17:00:33.14 (28764100)|ENTERING_MANAGED_PKG|Centify
17:00:33.14 (28783490)|ENTERING_MANAGED_PKG|Centify
17:00:33.14 (28950893)|ENTERING_MANAGED_PKG|Centify
17:00:33.14 (74591097)|ENTERING_MANAGED_PKG|Centify
17:00:33.14 (74754609)|ENTERING_MANAGED_PKG|Centify
17:00:33.14 (74929127)|ENTERING_MANAGED_PKG|Centify
17:00:33.14 (74998726)|ENTERING_MANAGED_PKG|Centify
17:00:33.14 (254166193)|ENTERING_MANAGED_PKG|Centify
17:00:33.14 (309660713)|ENTERING_MANAGED_PKG|Centify
17:00:33.14 (325394669)|ENTERING_MANAGED_PKG|Centify
17:00:33.14 (325455789)|ENTERING_MANAGED_PKG|Centify
17:00:33.14 (325534742)|ENTERING_MANAGED_PKG|Centify
17:00:33.14 (325567328)|ENTERING_MANAGED_PKG|Centify
17:00:33.14 (325629505)|ENTERING_MANAGED_PKG|Centify
17:00:33.14 (373501695)|ENTERING_MANAGED_PKG|Centify
17:00:33.14 (392718903)|ENTERING_MANAGED_PKG|Centify
17:00:33.14 (392774593)|ENTERING_MANAGED_PKG|Centify
17:00:33.14 (392859117)|ENTERING_MANAGED_PKG|Centify
17:00:33.14 (392904773)|ENTERING_MANAGED_PKG|Centify
17:00:33.14 (392978610)|ENTERING_MANAGED_PKG|Centify
17:00:33.14 (426574944)|ENTERING_MANAGED_PKG|Centify
17:00:33.14 (444848761)|ENTERING_MANAGED_PKG|Centify
17:00:33.14 (444909424)|ENTERING_MANAGED_PKG|Centify
17:00:33.14 (444989496)|ENTERING_MANAGED_PKG|Centify
17:00:33.14 (445022059)|ENTERING_MANAGED_PKG|Centify
17:00:33.14 (445084708)|ENTERING_MANAGED_PKG|Centify
17:00:33.14 (479702700)|ENTERING_MANAGED_PKG|Centify
17:00:33.14 (501233079)|ENTERING_MANAGED_PKG|Centify
17:00:33.14 (501293257)|ENTERING_MANAGED_PKG|Centify
17:00:33.14 (501370493)|ENTERING_MANAGED_PKG|Centify
17:00:33.14 (501402296)|ENTERING_MANAGED_PKG|Centify
17:00:33.14 (501483256)|ENTERING_MANAGED_PKG|Centify
17:00:33.14 (533663935)|ENTERING_MANAGED_PKG|Centify
17:00:33.14 (552792312)|ENTERING_MANAGED_PKG|Centify
17:00:33.14 (552849235)|ENTERING_MANAGED_PKG|Centify
17:00:33.14 (552926095)|ENTERING_MANAGED_PKG|Centify
17:00:33.14 (552958464)|ENTERING_MANAGED_PKG|Centify
17:00:33.14 (553020478)|ENTERING_MANAGED_PKG|Centify
17:00:33.14 (586795122)|ENTERING_MANAGED_PKG|Centify
17:00:33.14 (605434241)|ENTERING_MANAGED_PKG|Centify
17:00:33.14 (605486060)|ENTERING_MANAGED_PKG|Centify
17:00:33.14 (605558665)|ENTERING_MANAGED_PKG|Centify
17:00:33.14 (605589620)|ENTERING_MANAGED_PKG|Centify
17:00:33.14 (605669203)|ENTERING_MANAGED_PKG|Centify
17:00:33.14 (635462982)|ENTERING_MANAGED_PKG|Centify
17:00:33.14 (651934509)|ENTERING_MANAGED_PKG|Centify
17:00:33.14 (651991033)|ENTERING_MANAGED_PKG|Centify
17:00:33.14 (652066671)|ENTERING_MANAGED_PKG|Centify
17:00:33.14 (652098481)|ENTERING_MANAGED_PKG|Centify
17:00:33.14 (652160546)|ENTERING_MANAGED_PKG|Centify
17:00:33.14 (679689443)|ENTERING_MANAGED_PKG|Centify
17:00:33.14 (701158996)|ENTERING_MANAGED_PKG|Centify
17:00:33.14 (701240578)|ENTERING_MANAGED_PKG|Centify
17:00:33.14 (701367931)|ENTERING_MANAGED_PKG|Centify
17:00:33.14 (701419859)|ENTERING_MANAGED_PKG|Centify
17:00:33.14 (701526182)|ENTERING_MANAGED_PKG|Centify
17:00:33.14 (738439230)|ENTERING_MANAGED_PKG|Centify
17:00:33.14 (760283774)|ENTERING_MANAGED_PKG|Centify
17:00:33.14 (760339105)|ENTERING_MANAGED_PKG|Centify
17:00:33.14 (760414974)|ENTERING_MANAGED_PKG|Centify
17:00:33.14 (760447498)|ENTERING_MANAGED_PKG|Centify
17:00:33.14 (760509431)|ENTERING_MANAGED_PKG|Centify
17:00:33.14 (798653765)|ENTERING_MANAGED_PKG|Centify
17:00:33.14 (798734614)|ENTERING_MANAGED_PKG|Centify
17:00:33.14 (798927105)|ENTERING_MANAGED_PKG|Centify
17:00:33.14 (798974235)|ENTERING_MANAGED_PKG|Centify
17:00:33.14 (799030905)|ENTERING_MANAGED_PKG|Centify
17:00:33.14 (799315590)|ENTERING_MANAGED_PKG|Centify
17:00:33.14 (799401787)|ENTERING_MANAGED_PKG|Centify
17:00:33.14 (800430232)|ENTERING_MANAGED_PKG|Centify
17:00:33.14 (800494608)|ENTERING_MANAGED_PKG|Centify
17:00:33.14 (800585853)|ENTERING_MANAGED_PKG|Centify
17:00:33.14 (801136097)|ENTERING_MANAGED_PKG|Centify
17:00:33.14 (801860257)|SOQL_EXECUTE_BEGIN|[16]|Aggregations:0|select id,lastmodifieddate,isdeleted,ownerid,status,whatid,activitydate,tasksubtype,isclosed,subject from Task where LastModifiedDate >2018-11-21T06:58:29Z AND LastModifiedDate < 2018-11-21T07:00:39Z AND (  Subject = 'Email' )  ORDER BY SystemModStamp DESC LIMIT 5000  ALL ROWS
17:00:33.14 (807847318)|SOQL_EXECUTE_END|[16]|Rows:0
17:00:33.835 (835386455)|CUMULATIVE_LIMIT_USAGE
17:00:33.835 (835386455)|LIMIT_USAGE_FOR_NS|(default)|
  Number of SOQL queries: 0 out of 200
  Number of query rows: 0 out of 50000
  Number of SOSL queries: 0 out of 20
  Number of DML statements: 0 out of 150
  Number of DML rows: 0 out of 10000
  Maximum CPU time: 0 out of 60000
  Maximum heap size: 0 out of 12000000
  Number of callouts: 0 out of 0
  Number of Email Invocations: 0 out of 10
  Number of future calls: 0 out of 0
  Number of queueable jobs added to the queue: 0 out of 1
  Number of Mobile Apex push calls: 0 out of 10

17:00:33.835 (835386455)|LIMIT_USAGE_FOR_NS|Centify|
  Number of SOQL queries: 0 out of 200
  Number of query rows: 0 out of 50000
  Number of SOSL queries: 0 out of 20
  Number of DML statements: 0 out of 150
  Number of DML rows: 0 out of 10000
  Maximum CPU time: 0 out of 60000
  Maximum heap size: 0 out of 12000000
  Number of callouts: 0 out of 0
  Number of Email Invocations: 0 out of 10
  Number of future calls: 0 out of 0
  Number of queueable jobs added to the queue: 0 out of 1
  Number of Mobile Apex push calls: 0 out of 10

17:00:33.835 (835386455)|CUMULATIVE_LIMIT_USAGE_END

