31.0 APEX_CODE,FINEST;APEX_PROFILING,INFO;CALLOUT,INFO;DB,INFO;NBA,INFO;SYSTEM,DEBUG;VALIDATION,INFO;VISUALFORCE,INFO;WAVE,INFO;WORKFLOW,INFO
17:20:10.0 (103822)|USER_INFO|[EXTERNAL]|00590000000Vmmq|ben@bjbglobal.com.au|Australian Eastern Standard Time|GMT+10:00
17:20:10.0 (140977)|EXECUTION_STARTED
17:20:10.0 (147826)|CODE_UNIT_STARTED|[EXTERNAL]|TRIGGERS
17:20:10.0 (189369)|CODE_UNIT_STARTED|[EXTERNAL]|01q6F000000DhRF|TaskBeforeUpdate on Task trigger event BeforeUpdate|__sfdc_trigger/TaskBeforeUpdate
17:20:10.0 (244140)|HEAP_ALLOCATE|[EXTERNAL]|Bytes:8
17:20:10.0 (303043)|HEAP_ALLOCATE|[EXTERNAL]|Bytes:8
17:20:10.0 (763194)|HEAP_ALLOCATE|[72]|Bytes:3
17:20:10.0 (805425)|HEAP_ALLOCATE|[77]|Bytes:152
17:20:10.0 (824367)|HEAP_ALLOCATE|[342]|Bytes:408
17:20:10.0 (839331)|HEAP_ALLOCATE|[355]|Bytes:408
17:20:10.0 (849759)|HEAP_ALLOCATE|[467]|Bytes:48
17:20:10.0 (879456)|HEAP_ALLOCATE|[139]|Bytes:6
17:20:10.0 (903575)|HEAP_ALLOCATE|[EXTERNAL]|Bytes:4
17:20:10.0 (915162)|VARIABLE_SCOPE_BEGIN|[10]|this|TaskBeforeUpdate|true|false
17:20:10.0 (964029)|VARIABLE_ASSIGNMENT|[10]|this|{}|0x5a4ff3b5
17:20:10.0 (1030381)|HEAP_ALLOCATE|[EXTERNAL]|Bytes:4
17:20:10.0 (1039697)|VARIABLE_SCOPE_BEGIN|[10]|this|TaskBeforeUpdate|true|false
17:20:10.0 (1053076)|VARIABLE_ASSIGNMENT|[10]|this|{}|0x5a4ff3b5
17:20:10.0 (1061216)|STATEMENT_EXECUTE|[10]
17:20:10.1 (1066019)|CUMULATIVE_LIMIT_USAGE
17:20:10.1 (1066019)|LIMIT_USAGE_FOR_NS|(default)|
  Number of SOQL queries: 0 out of 100
  Number of query rows: 0 out of 50000
  Number of SOSL queries: 0 out of 20
  Number of DML statements: 0 out of 150
  Number of DML rows: 0 out of 10000
  Maximum CPU time: 0 out of 10000
  Maximum heap size: 0 out of 6000000
  Number of callouts: 0 out of 100
  Number of Email Invocations: 0 out of 10
  Number of future calls: 0 out of 50
  Number of queueable jobs added to the queue: 0 out of 50
  Number of Mobile Apex push calls: 0 out of 10

17:20:10.1 (1066019)|CUMULATIVE_LIMIT_USAGE_END

17:20:10.0 (2332200)|CODE_UNIT_FINISHED|TaskBeforeUpdate on Task trigger event BeforeUpdate|__sfdc_trigger/TaskBeforeUpdate
17:20:10.0 (6196762)|CODE_UNIT_STARTED|[EXTERNAL]|Validation:Task:00T6F00005907in
17:20:10.0 (6216701)|VALIDATION_RULE|03d6F000000qFaO|Finish_all_call_monitor_field
17:20:10.0 (6662658)|VALIDATION_FORMULA|AND(!ISBLANK(Monitored_By__c),
    OR(ISBLANK( TEXT(CM_advised_what_will_happen_next__c)),
       ISBLANK( TEXT(Allow_customer_to_present_concerns__c) ),
       ISBLANK( TEXT(Communication_is_clear_positive_confiden__c) ),
       ISBLANK( TEXT(Demonstrate_active_listening__c )),
       ISBLANK( TEXT(Gave_correct_answers_and_infomations__c) ),
       ISBLANK( TEXT(Mirrors_clients_talking_behaviour__c) ) ))|CM_advised_what_will_happen_next__c=null , Demonstrate_active_listening__c=null , Communication_is_clear_positive_confiden__c=null , Allow_customer_to_present_concerns__c=null , Gave_correct_answers_and_infomations__c=null , Mirrors_clients_talking_behaviour__c=null , Monitored_By__c=null
17:20:10.0 (6678654)|VALIDATION_PASS
17:20:10.0 (6681182)|VALIDATION_RULE|03d900000009JbB|Interac_Quality_Must_Be_Between_1_and_10
17:20:10.0 (6758237)|VALIDATION_FORMULA|NVMContactWorld__InteractionQuality__c < 1  &#124;&#124;  NVMContactWorld__InteractionQuality__c > 10|NVMContactWorld__InteractionQuality__c=null
17:20:10.0 (6766597)|VALIDATION_PASS
17:20:10.0 (6959982)|CODE_UNIT_FINISHED|Validation:Task:00T6F00005907in
17:20:10.0 (40888436)|CODE_UNIT_STARTED|[EXTERNAL]|Workflow:Task
17:20:10.0 (54833458)|WF_RULE_EVAL_BEGIN|Workflow
17:20:10.0 (54885875)|WF_CRITERIA_BEGIN|[Task:  00T6F00005907in]|Update Call Monitor Details|01Q6F0000002Tdt|ON_CREATE_OR_TRIGGERING_UPDATE|0
17:20:10.0 (58226215)|WF_RULE_FILTER|[Task : Monitored By not equal to ]
17:20:10.0 (58244956)|WF_RULE_EVAL_VALUE|
17:20:10.0 (58249657)|WF_CRITERIA_END|false
17:20:10.0 (58263591)|WF_CRITERIA_BEGIN|[Task:  00T6F00005907in]|Update_Callback_Request_Due_Date3016F0000005i0e|01Q6F0000019gyq|ON_CREATE_ONLY|0
17:20:10.0 (58273919)|WF_RULE_NOT_EVALUATED
17:20:10.0 (58279248)|WF_CRITERIA_BEGIN|[Task:  00T6F00005907in]|Call Back Request From LinX|01Q6F000001EY2L|ON_CREATE_OR_TRIGGERING_UPDATE|0
17:20:10.0 (58333969)|WF_RULE_FILTER|[Task : Subject equals Callback Request]
17:20:10.0 (58344652)|WF_RULE_EVAL_VALUE|Outbound call to 80245902
17:20:10.0 (58350752)|WF_CRITERIA_END|false
17:20:10.0 (58357273)|WF_CRITERIA_BEGIN|[Task:  00T6F00005907in]|Call_Monitor3016F00000054R3|01Q6F000000oOu7|ON_ALL_CHANGES|0
17:20:10.0 (58489882)|WF_FORMULA|Formula:ENCODED:[treatNullAsNull]true|Values:
17:20:10.0 (58498950)|WF_CRITERIA_END|true
17:20:10.0 (59414142)|WF_SPOOL_ACTION_BEGIN|Workflow
17:20:10.0 (59438893)|WF_ACTION| Flow Trigger: 1;
17:20:10.0 (59444392)|WF_RULE_EVAL_END
17:20:10.0 (60491505)|WF_FLOW_ACTION_BEGIN|09L6F000000PGTV
17:20:10.62 (62117117)|FLOW_CREATE_INTERVIEW_BEGIN|00D90000000IJSa|3006F0000008usA|3016F00000054R3
17:20:10.62 (63049239)|FLOW_CREATE_INTERVIEW_END|8560f2de97f30ed59aaf7ff3e348167351f80b4-5d76|Call Monitoring
17:20:10.63 (63556972)|FLOW_START_INTERVIEWS_BEGIN|1
17:20:10.63 (63578438)|FLOW_START_INTERVIEW_BEGIN|8560f2de97f30ed59aaf7ff3e348167351f80b4-5d76|Call Monitoring
17:20:10.63 (75115435)|FLOW_START_INTERVIEW_END|8560f2de97f30ed59aaf7ff3e348167351f80b4-5d76|Call Monitoring
17:20:10.63 (75138939)|FLOW_START_INTERVIEWS_END|1
17:20:10.0 (76453415)|WF_FLOW_ACTION_END|09L6F000000PGTV
17:20:10.0 (76579640)|WF_ACTIONS_END| Flow Trigger: 1;
17:20:10.0 (76589780)|CODE_UNIT_FINISHED|Workflow:Task
17:20:10.0 (88067943)|CODE_UNIT_FINISHED|TRIGGERS
17:20:10.0 (88086974)|EXECUTION_FINISHED
