37.0 APEX_CODE,FINEST;APEX_PROFILING,INFO;CALLOUT,INFO;DB,INFO;NBA,INFO;SYSTEM,DEBUG;VALIDATION,INFO;VISUALFORCE,INFO;WAVE,INFO;WORKFLOW,INFO
18:47:03.15 (15875428)|ENTERING_MANAGED_PKG|Centify
18:47:03.15 (20144322)|ENTERING_MANAGED_PKG|Centify
18:47:03.15 (20317266)|ENTERING_MANAGED_PKG|Centify
18:47:03.15 (20452291)|ENTERING_MANAGED_PKG|Centify
18:47:03.15 (20528917)|ENTERING_MANAGED_PKG|Centify
18:47:03.15 (21302994)|ENTERING_MANAGED_PKG|Centify
18:47:03.15 (21563160)|ENTERING_MANAGED_PKG|Centify
18:47:03.15 (21588149)|ENTERING_MANAGED_PKG|Centify
18:47:03.15 (21667057)|ENTERING_MANAGED_PKG|Centify
18:47:03.15 (21727697)|ENTERING_MANAGED_PKG|Centify
18:47:03.15 (21785638)|ENTERING_MANAGED_PKG|Centify
18:47:03.15 (21811119)|ENTERING_MANAGED_PKG|Centify
18:47:03.15 (21830441)|ENTERING_MANAGED_PKG|Centify
18:47:03.15 (22000084)|ENTERING_MANAGED_PKG|Centify
18:47:03.15 (49405703)|ENTERING_MANAGED_PKG|Centify
18:47:03.15 (49480589)|ENTERING_MANAGED_PKG|Centify
18:47:03.15 (49600150)|ENTERING_MANAGED_PKG|Centify
18:47:03.15 (49649229)|ENTERING_MANAGED_PKG|Centify
18:47:03.15 (230820959)|ENTERING_MANAGED_PKG|Centify
18:47:03.15 (262069433)|ENTERING_MANAGED_PKG|Centify
18:47:03.15 (276979016)|ENTERING_MANAGED_PKG|Centify
18:47:03.15 (277040676)|ENTERING_MANAGED_PKG|Centify
18:47:03.15 (277149821)|ENTERING_MANAGED_PKG|Centify
18:47:03.15 (277197371)|ENTERING_MANAGED_PKG|Centify
18:47:03.15 (277333564)|ENTERING_MANAGED_PKG|Centify
18:47:03.15 (300940574)|ENTERING_MANAGED_PKG|Centify
18:47:03.15 (318427736)|ENTERING_MANAGED_PKG|Centify
18:47:03.15 (318483212)|ENTERING_MANAGED_PKG|Centify
18:47:03.15 (318598962)|ENTERING_MANAGED_PKG|Centify
18:47:03.15 (318642573)|ENTERING_MANAGED_PKG|Centify
18:47:03.15 (318729457)|ENTERING_MANAGED_PKG|Centify
18:47:03.15 (339923514)|ENTERING_MANAGED_PKG|Centify
18:47:03.15 (356123106)|ENTERING_MANAGED_PKG|Centify
18:47:03.15 (356171403)|ENTERING_MANAGED_PKG|Centify
18:47:03.15 (356248931)|ENTERING_MANAGED_PKG|Centify
18:47:03.15 (356279677)|ENTERING_MANAGED_PKG|Centify
18:47:03.15 (356340336)|ENTERING_MANAGED_PKG|Centify
18:47:03.15 (380318098)|ENTERING_MANAGED_PKG|Centify
18:47:03.15 (395398005)|ENTERING_MANAGED_PKG|Centify
18:47:03.15 (395449018)|ENTERING_MANAGED_PKG|Centify
18:47:03.15 (395522340)|ENTERING_MANAGED_PKG|Centify
18:47:03.15 (395552783)|ENTERING_MANAGED_PKG|Centify
18:47:03.15 (395612267)|ENTERING_MANAGED_PKG|Centify
18:47:03.15 (419589107)|ENTERING_MANAGED_PKG|Centify
18:47:03.15 (434634118)|ENTERING_MANAGED_PKG|Centify
18:47:03.15 (434707672)|ENTERING_MANAGED_PKG|Centify
18:47:03.15 (434800700)|ENTERING_MANAGED_PKG|Centify
18:47:03.15 (434833190)|ENTERING_MANAGED_PKG|Centify
18:47:03.15 (434896686)|ENTERING_MANAGED_PKG|Centify
18:47:03.15 (458818471)|ENTERING_MANAGED_PKG|Centify
18:47:03.15 (476413782)|ENTERING_MANAGED_PKG|Centify
18:47:03.15 (476468070)|ENTERING_MANAGED_PKG|Centify
18:47:03.15 (476544768)|ENTERING_MANAGED_PKG|Centify
18:47:03.15 (476575604)|ENTERING_MANAGED_PKG|Centify
18:47:03.15 (476637435)|ENTERING_MANAGED_PKG|Centify
18:47:03.15 (498833072)|ENTERING_MANAGED_PKG|Centify
18:47:03.15 (514588833)|ENTERING_MANAGED_PKG|Centify
18:47:03.15 (514639634)|ENTERING_MANAGED_PKG|Centify
18:47:03.15 (514713860)|ENTERING_MANAGED_PKG|Centify
18:47:03.15 (514743858)|ENTERING_MANAGED_PKG|Centify
18:47:03.15 (514805753)|ENTERING_MANAGED_PKG|Centify
18:47:03.15 (538690020)|ENTERING_MANAGED_PKG|Centify
18:47:03.15 (555025084)|ENTERING_MANAGED_PKG|Centify
18:47:03.15 (555079135)|ENTERING_MANAGED_PKG|Centify
18:47:03.15 (555165535)|ENTERING_MANAGED_PKG|Centify
18:47:03.15 (555198535)|ENTERING_MANAGED_PKG|Centify
18:47:03.15 (555263960)|ENTERING_MANAGED_PKG|Centify
18:47:03.15 (590210669)|ENTERING_MANAGED_PKG|Centify
18:47:03.15 (604488223)|ENTERING_MANAGED_PKG|Centify
18:47:03.15 (604535476)|ENTERING_MANAGED_PKG|Centify
18:47:03.15 (604606110)|ENTERING_MANAGED_PKG|Centify
18:47:03.15 (604636210)|ENTERING_MANAGED_PKG|Centify
18:47:03.15 (604694921)|ENTERING_MANAGED_PKG|Centify
18:47:03.15 (625632107)|ENTERING_MANAGED_PKG|Centify
18:47:03.15 (640368048)|ENTERING_MANAGED_PKG|Centify
18:47:03.15 (640439860)|ENTERING_MANAGED_PKG|Centify
18:47:03.15 (640526082)|ENTERING_MANAGED_PKG|Centify
18:47:03.15 (640556955)|ENTERING_MANAGED_PKG|Centify
18:47:03.15 (640623222)|ENTERING_MANAGED_PKG|Centify
18:47:03.15 (663706370)|ENTERING_MANAGED_PKG|Centify
18:47:03.15 (663777287)|ENTERING_MANAGED_PKG|Centify
18:47:03.15 (664006939)|ENTERING_MANAGED_PKG|Centify
18:47:03.15 (664074196)|ENTERING_MANAGED_PKG|Centify
18:47:03.15 (664117715)|ENTERING_MANAGED_PKG|Centify
18:47:03.15 (664344411)|ENTERING_MANAGED_PKG|Centify
18:47:03.15 (664419279)|ENTERING_MANAGED_PKG|Centify
18:47:03.15 (665542729)|ENTERING_MANAGED_PKG|Centify
18:47:03.15 (665627612)|ENTERING_MANAGED_PKG|Centify
18:47:03.15 (665748271)|ENTERING_MANAGED_PKG|Centify
18:47:03.15 (666305272)|ENTERING_MANAGED_PKG|Centify
18:47:03.15 (667128006)|SOQL_EXECUTE_BEGIN|[16]|Aggregations:0|select id,lastmodifieddate,isdeleted,isgmt__c,role__c,name,createddate,ownerid,active_clients__c,customer_service_index__c,service_index_in_string__c from CM_Daily_Stats__c where LastModifiedDate >2018-09-27T22:24:08Z AND LastModifiedDate < 2018-09-28T08:47:09Z AND (  isActive__c =true)  ORDER BY SystemModStamp DESC LIMIT 5000  ALL ROWS
18:47:03.15 (677275520)|SOQL_EXECUTE_END|[16]|Rows:0
18:47:03.698 (698898830)|CUMULATIVE_LIMIT_USAGE
18:47:03.698 (698898830)|LIMIT_USAGE_FOR_NS|(default)|
  Number of SOQL queries: 0 out of 200
  Number of query rows: 0 out of 50000
  Number of SOSL queries: 0 out of 20
  Number of DML statements: 0 out of 150
  Number of DML rows: 0 out of 10000
  Maximum CPU time: 0 out of 60000
  Maximum heap size: 0 out of 12000000
  Number of callouts: 0 out of 0
  Number of Email Invocations: 0 out of 10
  Number of future calls: 0 out of 0
  Number of queueable jobs added to the queue: 0 out of 1
  Number of Mobile Apex push calls: 0 out of 10

18:47:03.698 (698898830)|LIMIT_USAGE_FOR_NS|Centify|
  Number of SOQL queries: 0 out of 200
  Number of query rows: 0 out of 50000
  Number of SOSL queries: 0 out of 20
  Number of DML statements: 0 out of 150
  Number of DML rows: 0 out of 10000
  Maximum CPU time: 0 out of 60000
  Maximum heap size: 0 out of 12000000
  Number of callouts: 0 out of 0
  Number of Email Invocations: 0 out of 10
  Number of future calls: 0 out of 0
  Number of queueable jobs added to the queue: 0 out of 1
  Number of Mobile Apex push calls: 0 out of 10

18:47:03.698 (698898830)|CUMULATIVE_LIMIT_USAGE_END

