37.0 APEX_CODE,FINEST;APEX_PROFILING,INFO;CALLOUT,INFO;DB,INFO;NBA,INFO;SYSTEM,DEBUG;VALIDATION,INFO;VISUALFORCE,INFO;WAVE,INFO;WORKFLOW,INFO
18:09:03.19 (19837033)|ENTERING_MANAGED_PKG|Centify
18:09:03.19 (23842466)|ENTERING_MANAGED_PKG|Centify
18:09:03.19 (30242732)|ENTERING_MANAGED_PKG|Centify
18:09:03.19 (30367868)|ENTERING_MANAGED_PKG|Centify
18:09:03.19 (30525627)|ENTERING_MANAGED_PKG|Centify
18:09:03.19 (31183133)|ENTERING_MANAGED_PKG|Centify
18:09:03.19 (31503404)|ENTERING_MANAGED_PKG|Centify
18:09:03.19 (31530305)|ENTERING_MANAGED_PKG|Centify
18:09:03.19 (31612435)|ENTERING_MANAGED_PKG|Centify
18:09:03.19 (31667405)|ENTERING_MANAGED_PKG|Centify
18:09:03.19 (31704500)|ENTERING_MANAGED_PKG|Centify
18:09:03.19 (31725516)|ENTERING_MANAGED_PKG|Centify
18:09:03.19 (31744168)|ENTERING_MANAGED_PKG|Centify
18:09:03.19 (31907782)|ENTERING_MANAGED_PKG|Centify
18:09:03.19 (71887557)|ENTERING_MANAGED_PKG|Centify
18:09:03.19 (72021212)|ENTERING_MANAGED_PKG|Centify
18:09:03.19 (72172260)|ENTERING_MANAGED_PKG|Centify
18:09:03.19 (72224609)|ENTERING_MANAGED_PKG|Centify
18:09:03.19 (284495153)|ENTERING_MANAGED_PKG|Centify
18:09:03.19 (323681814)|ENTERING_MANAGED_PKG|Centify
18:09:03.19 (335787317)|ENTERING_MANAGED_PKG|Centify
18:09:03.19 (335842555)|ENTERING_MANAGED_PKG|Centify
18:09:03.19 (335914319)|ENTERING_MANAGED_PKG|Centify
18:09:03.19 (335943455)|ENTERING_MANAGED_PKG|Centify
18:09:03.19 (336003934)|ENTERING_MANAGED_PKG|Centify
18:09:03.19 (359399961)|ENTERING_MANAGED_PKG|Centify
18:09:03.19 (373106850)|ENTERING_MANAGED_PKG|Centify
18:09:03.19 (373153653)|ENTERING_MANAGED_PKG|Centify
18:09:03.19 (373221500)|ENTERING_MANAGED_PKG|Centify
18:09:03.19 (373251342)|ENTERING_MANAGED_PKG|Centify
18:09:03.19 (373307600)|ENTERING_MANAGED_PKG|Centify
18:09:03.19 (396737419)|ENTERING_MANAGED_PKG|Centify
18:09:03.19 (410781353)|ENTERING_MANAGED_PKG|Centify
18:09:03.19 (410828532)|ENTERING_MANAGED_PKG|Centify
18:09:03.19 (410900158)|ENTERING_MANAGED_PKG|Centify
18:09:03.19 (410944561)|ENTERING_MANAGED_PKG|Centify
18:09:03.19 (411007225)|ENTERING_MANAGED_PKG|Centify
18:09:03.19 (433773381)|ENTERING_MANAGED_PKG|Centify
18:09:03.19 (447687883)|ENTERING_MANAGED_PKG|Centify
18:09:03.19 (447746548)|ENTERING_MANAGED_PKG|Centify
18:09:03.19 (447818523)|ENTERING_MANAGED_PKG|Centify
18:09:03.19 (447848823)|ENTERING_MANAGED_PKG|Centify
18:09:03.19 (447907611)|ENTERING_MANAGED_PKG|Centify
18:09:03.19 (472344474)|ENTERING_MANAGED_PKG|Centify
18:09:03.19 (486378846)|ENTERING_MANAGED_PKG|Centify
18:09:03.19 (486428234)|ENTERING_MANAGED_PKG|Centify
18:09:03.19 (486504865)|ENTERING_MANAGED_PKG|Centify
18:09:03.19 (486544032)|ENTERING_MANAGED_PKG|Centify
18:09:03.19 (486620094)|ENTERING_MANAGED_PKG|Centify
18:09:03.19 (510357617)|ENTERING_MANAGED_PKG|Centify
18:09:03.19 (524389786)|ENTERING_MANAGED_PKG|Centify
18:09:03.19 (524436811)|ENTERING_MANAGED_PKG|Centify
18:09:03.19 (524510770)|ENTERING_MANAGED_PKG|Centify
18:09:03.19 (524542838)|ENTERING_MANAGED_PKG|Centify
18:09:03.19 (524603629)|ENTERING_MANAGED_PKG|Centify
18:09:03.19 (548582092)|ENTERING_MANAGED_PKG|Centify
18:09:03.19 (563063105)|ENTERING_MANAGED_PKG|Centify
18:09:03.19 (563112618)|ENTERING_MANAGED_PKG|Centify
18:09:03.19 (563182742)|ENTERING_MANAGED_PKG|Centify
18:09:03.19 (563212824)|ENTERING_MANAGED_PKG|Centify
18:09:03.19 (563272021)|ENTERING_MANAGED_PKG|Centify
18:09:03.19 (589409886)|ENTERING_MANAGED_PKG|Centify
18:09:03.19 (603731645)|ENTERING_MANAGED_PKG|Centify
18:09:03.19 (603780624)|ENTERING_MANAGED_PKG|Centify
18:09:03.19 (603852897)|ENTERING_MANAGED_PKG|Centify
18:09:03.19 (603882707)|ENTERING_MANAGED_PKG|Centify
18:09:03.19 (603941448)|ENTERING_MANAGED_PKG|Centify
18:09:03.19 (626929904)|ENTERING_MANAGED_PKG|Centify
18:09:03.19 (640528449)|ENTERING_MANAGED_PKG|Centify
18:09:03.19 (640571956)|ENTERING_MANAGED_PKG|Centify
18:09:03.19 (640639016)|ENTERING_MANAGED_PKG|Centify
18:09:03.19 (640667714)|ENTERING_MANAGED_PKG|Centify
18:09:03.19 (640723095)|ENTERING_MANAGED_PKG|Centify
18:09:03.19 (678258673)|ENTERING_MANAGED_PKG|Centify
18:09:03.19 (695016439)|ENTERING_MANAGED_PKG|Centify
18:09:03.19 (695067631)|ENTERING_MANAGED_PKG|Centify
18:09:03.19 (695138838)|ENTERING_MANAGED_PKG|Centify
18:09:03.19 (695169425)|ENTERING_MANAGED_PKG|Centify
18:09:03.19 (695228025)|ENTERING_MANAGED_PKG|Centify
18:09:03.19 (718580072)|ENTERING_MANAGED_PKG|Centify
18:09:03.19 (731865775)|ENTERING_MANAGED_PKG|Centify
18:09:03.19 (731914338)|ENTERING_MANAGED_PKG|Centify
18:09:03.19 (731981685)|ENTERING_MANAGED_PKG|Centify
18:09:03.19 (732010823)|ENTERING_MANAGED_PKG|Centify
18:09:03.19 (732066473)|ENTERING_MANAGED_PKG|Centify
18:09:03.19 (757191638)|ENTERING_MANAGED_PKG|Centify
18:09:03.19 (775943399)|ENTERING_MANAGED_PKG|Centify
18:09:03.19 (775996459)|ENTERING_MANAGED_PKG|Centify
18:09:03.19 (776069922)|ENTERING_MANAGED_PKG|Centify
18:09:03.19 (776102661)|ENTERING_MANAGED_PKG|Centify
18:09:03.19 (776163634)|ENTERING_MANAGED_PKG|Centify
18:09:03.19 (800358093)|ENTERING_MANAGED_PKG|Centify
18:09:03.19 (813328154)|ENTERING_MANAGED_PKG|Centify
18:09:03.19 (813373639)|ENTERING_MANAGED_PKG|Centify
18:09:03.19 (813441092)|ENTERING_MANAGED_PKG|Centify
18:09:03.19 (813470690)|ENTERING_MANAGED_PKG|Centify
18:09:03.19 (813529732)|ENTERING_MANAGED_PKG|Centify
18:09:03.19 (836723842)|ENTERING_MANAGED_PKG|Centify
18:09:03.19 (836796188)|ENTERING_MANAGED_PKG|Centify
18:09:03.19 (836939983)|ENTERING_MANAGED_PKG|Centify
18:09:03.19 (836983515)|ENTERING_MANAGED_PKG|Centify
18:09:03.19 (837039575)|ENTERING_MANAGED_PKG|Centify
18:09:03.19 (838033287)|ENTERING_MANAGED_PKG|Centify
18:09:03.19 (838115634)|ENTERING_MANAGED_PKG|Centify
18:09:03.19 (839656513)|ENTERING_MANAGED_PKG|Centify
18:09:03.19 (839715196)|ENTERING_MANAGED_PKG|Centify
18:09:03.19 (839795914)|ENTERING_MANAGED_PKG|Centify
18:09:03.19 (840374218)|ENTERING_MANAGED_PKG|Centify
18:09:03.19 (841140464)|SOQL_EXECUTE_BEGIN|[16]|Aggregations:0|select id,lastmodifieddate,isdeleted,call_duration_min__c,createddate,tasksubtype,isclosed,subject,ownerid,activitydate,status,whatid,calldurationinseconds,calltype from Task where LastModifiedDate >2018-09-28T07:44:30Z AND LastModifiedDate < 2018-09-28T08:09:09Z AND (  CallType = 'Outbound'  OR  CallType = 'Inbound' )  ORDER BY SystemModStamp DESC LIMIT 5000  ALL ROWS
18:09:03.19 (848755644)|SOQL_EXECUTE_END|[16]|Rows:0
18:09:03.866 (866828660)|CUMULATIVE_LIMIT_USAGE
18:09:03.866 (866828660)|LIMIT_USAGE_FOR_NS|(default)|
  Number of SOQL queries: 0 out of 200
  Number of query rows: 0 out of 50000
  Number of SOSL queries: 0 out of 20
  Number of DML statements: 0 out of 150
  Number of DML rows: 0 out of 10000
  Maximum CPU time: 0 out of 60000
  Maximum heap size: 0 out of 12000000
  Number of callouts: 0 out of 0
  Number of Email Invocations: 0 out of 10
  Number of future calls: 0 out of 0
  Number of queueable jobs added to the queue: 0 out of 1
  Number of Mobile Apex push calls: 0 out of 10

18:09:03.866 (866828660)|LIMIT_USAGE_FOR_NS|Centify|
  Number of SOQL queries: 0 out of 200
  Number of query rows: 0 out of 50000
  Number of SOSL queries: 0 out of 20
  Number of DML statements: 0 out of 150
  Number of DML rows: 0 out of 10000
  Maximum CPU time: 0 out of 60000
  Maximum heap size: 0 out of 12000000
  Number of callouts: 0 out of 0
  Number of Email Invocations: 0 out of 10
  Number of future calls: 0 out of 0
  Number of queueable jobs added to the queue: 0 out of 1
  Number of Mobile Apex push calls: 0 out of 10

18:09:03.866 (866828660)|CUMULATIVE_LIMIT_USAGE_END

