37.0 APEX_CODE,FINEST;APEX_PROFILING,INFO;CALLOUT,INFO;DB,INFO;NBA,INFO;SYSTEM,DEBUG;VALIDATION,INFO;VISUALFORCE,INFO;WAVE,INFO;WORKFLOW,INFO
17:11:13.18 (18306669)|ENTERING_MANAGED_PKG|Centify
17:11:13.18 (22018411)|ENTERING_MANAGED_PKG|Centify
17:11:13.18 (28004614)|ENTERING_MANAGED_PKG|Centify
17:11:13.18 (28125260)|ENTERING_MANAGED_PKG|Centify
17:11:13.18 (28239138)|ENTERING_MANAGED_PKG|Centify
17:11:13.18 (28903619)|ENTERING_MANAGED_PKG|Centify
17:11:13.18 (29132255)|ENTERING_MANAGED_PKG|Centify
17:11:13.18 (29160649)|ENTERING_MANAGED_PKG|Centify
17:11:13.18 (29232903)|ENTERING_MANAGED_PKG|Centify
17:11:13.18 (29284516)|ENTERING_MANAGED_PKG|Centify
17:11:13.18 (29318887)|ENTERING_MANAGED_PKG|Centify
17:11:13.18 (29338434)|ENTERING_MANAGED_PKG|Centify
17:11:13.18 (29355177)|ENTERING_MANAGED_PKG|Centify
17:11:13.18 (29513519)|ENTERING_MANAGED_PKG|Centify
17:11:13.18 (71120921)|ENTERING_MANAGED_PKG|Centify
17:11:13.18 (71229361)|ENTERING_MANAGED_PKG|Centify
17:11:13.18 (71346151)|ENTERING_MANAGED_PKG|Centify
17:11:13.18 (71391656)|ENTERING_MANAGED_PKG|Centify
17:11:13.18 (336175172)|ENTERING_MANAGED_PKG|Centify
17:11:13.18 (375649767)|ENTERING_MANAGED_PKG|Centify
17:11:13.18 (389789008)|ENTERING_MANAGED_PKG|Centify
17:11:13.18 (389844598)|ENTERING_MANAGED_PKG|Centify
17:11:13.18 (389922047)|ENTERING_MANAGED_PKG|Centify
17:11:13.18 (389958026)|ENTERING_MANAGED_PKG|Centify
17:11:13.18 (390026448)|ENTERING_MANAGED_PKG|Centify
17:11:13.18 (412333258)|ENTERING_MANAGED_PKG|Centify
17:11:13.18 (431002632)|ENTERING_MANAGED_PKG|Centify
17:11:13.18 (431062595)|ENTERING_MANAGED_PKG|Centify
17:11:13.18 (431142623)|ENTERING_MANAGED_PKG|Centify
17:11:13.18 (431180847)|ENTERING_MANAGED_PKG|Centify
17:11:13.18 (431250438)|ENTERING_MANAGED_PKG|Centify
17:11:13.18 (450655278)|ENTERING_MANAGED_PKG|Centify
17:11:13.18 (463963832)|ENTERING_MANAGED_PKG|Centify
17:11:13.18 (464008403)|ENTERING_MANAGED_PKG|Centify
17:11:13.18 (464074664)|ENTERING_MANAGED_PKG|Centify
17:11:13.18 (464104907)|ENTERING_MANAGED_PKG|Centify
17:11:13.18 (464164515)|ENTERING_MANAGED_PKG|Centify
17:11:13.18 (483259915)|ENTERING_MANAGED_PKG|Centify
17:11:13.18 (497544738)|ENTERING_MANAGED_PKG|Centify
17:11:13.18 (497592422)|ENTERING_MANAGED_PKG|Centify
17:11:13.18 (497665841)|ENTERING_MANAGED_PKG|Centify
17:11:13.18 (497699167)|ENTERING_MANAGED_PKG|Centify
17:11:13.18 (497762154)|ENTERING_MANAGED_PKG|Centify
17:11:13.18 (517879538)|ENTERING_MANAGED_PKG|Centify
17:11:13.18 (533939069)|ENTERING_MANAGED_PKG|Centify
17:11:13.18 (533995207)|ENTERING_MANAGED_PKG|Centify
17:11:13.18 (534068527)|ENTERING_MANAGED_PKG|Centify
17:11:13.18 (534101493)|ENTERING_MANAGED_PKG|Centify
17:11:13.18 (534173289)|ENTERING_MANAGED_PKG|Centify
17:11:13.18 (556220282)|ENTERING_MANAGED_PKG|Centify
17:11:13.18 (571739694)|ENTERING_MANAGED_PKG|Centify
17:11:13.18 (571793614)|ENTERING_MANAGED_PKG|Centify
17:11:13.18 (571869478)|ENTERING_MANAGED_PKG|Centify
17:11:13.18 (571900567)|ENTERING_MANAGED_PKG|Centify
17:11:13.18 (571962228)|ENTERING_MANAGED_PKG|Centify
17:11:13.18 (592525459)|ENTERING_MANAGED_PKG|Centify
17:11:13.18 (607493968)|ENTERING_MANAGED_PKG|Centify
17:11:13.18 (607543109)|ENTERING_MANAGED_PKG|Centify
17:11:13.18 (607613018)|ENTERING_MANAGED_PKG|Centify
17:11:13.18 (607643288)|ENTERING_MANAGED_PKG|Centify
17:11:13.18 (607703018)|ENTERING_MANAGED_PKG|Centify
17:11:13.18 (629857020)|ENTERING_MANAGED_PKG|Centify
17:11:13.18 (645156464)|ENTERING_MANAGED_PKG|Centify
17:11:13.18 (645211063)|ENTERING_MANAGED_PKG|Centify
17:11:13.18 (645284557)|ENTERING_MANAGED_PKG|Centify
17:11:13.18 (645314635)|ENTERING_MANAGED_PKG|Centify
17:11:13.18 (645375382)|ENTERING_MANAGED_PKG|Centify
17:11:13.18 (665691866)|ENTERING_MANAGED_PKG|Centify
17:11:13.18 (680928215)|ENTERING_MANAGED_PKG|Centify
17:11:13.18 (680983344)|ENTERING_MANAGED_PKG|Centify
17:11:13.18 (681057917)|ENTERING_MANAGED_PKG|Centify
17:11:13.18 (681089852)|ENTERING_MANAGED_PKG|Centify
17:11:13.18 (681153141)|ENTERING_MANAGED_PKG|Centify
17:11:13.18 (701515397)|ENTERING_MANAGED_PKG|Centify
17:11:13.18 (716341954)|ENTERING_MANAGED_PKG|Centify
17:11:13.18 (716389533)|ENTERING_MANAGED_PKG|Centify
17:11:13.18 (716457590)|ENTERING_MANAGED_PKG|Centify
17:11:13.18 (716489461)|ENTERING_MANAGED_PKG|Centify
17:11:13.18 (716551847)|ENTERING_MANAGED_PKG|Centify
17:11:13.18 (758040941)|ENTERING_MANAGED_PKG|Centify
17:11:13.18 (758112931)|ENTERING_MANAGED_PKG|Centify
17:11:13.18 (758265817)|ENTERING_MANAGED_PKG|Centify
17:11:13.18 (758305192)|ENTERING_MANAGED_PKG|Centify
17:11:13.18 (758341914)|ENTERING_MANAGED_PKG|Centify
17:11:13.18 (758613462)|ENTERING_MANAGED_PKG|Centify
17:11:13.18 (758683691)|ENTERING_MANAGED_PKG|Centify
17:11:13.18 (771119862)|ENTERING_MANAGED_PKG|Centify
17:11:13.18 (771200050)|ENTERING_MANAGED_PKG|Centify
17:11:13.18 (771286709)|ENTERING_MANAGED_PKG|Centify
17:11:13.18 (771788357)|ENTERING_MANAGED_PKG|Centify
17:11:13.18 (772528548)|SOQL_EXECUTE_BEGIN|[16]|Aggregations:0|select id,lastmodifieddate,isdeleted,isgmt__c,role__c,name,createddate,ownerid,active_clients__c,customer_service_index__c,service_index_in_string__c from CM_Daily_Stats__c where LastModifiedDate >2018-11-20T22:20:20Z AND LastModifiedDate < 2018-11-21T07:11:19Z AND (  isActive__c =true)  ORDER BY SystemModStamp DESC LIMIT 5000  ALL ROWS
17:11:13.18 (784020543)|SOQL_EXECUTE_END|[16]|Rows:0
17:11:13.804 (804189939)|CUMULATIVE_LIMIT_USAGE
17:11:13.804 (804189939)|LIMIT_USAGE_FOR_NS|(default)|
  Number of SOQL queries: 0 out of 200
  Number of query rows: 0 out of 50000
  Number of SOSL queries: 0 out of 20
  Number of DML statements: 0 out of 150
  Number of DML rows: 0 out of 10000
  Maximum CPU time: 0 out of 60000
  Maximum heap size: 0 out of 12000000
  Number of callouts: 0 out of 0
  Number of Email Invocations: 0 out of 10
  Number of future calls: 0 out of 0
  Number of queueable jobs added to the queue: 0 out of 1
  Number of Mobile Apex push calls: 0 out of 10

17:11:13.804 (804189939)|LIMIT_USAGE_FOR_NS|Centify|
  Number of SOQL queries: 0 out of 200
  Number of query rows: 0 out of 50000
  Number of SOSL queries: 0 out of 20
  Number of DML statements: 0 out of 150
  Number of DML rows: 0 out of 10000
  Maximum CPU time: 0 out of 60000
  Maximum heap size: 0 out of 12000000
  Number of callouts: 0 out of 0
  Number of Email Invocations: 0 out of 10
  Number of future calls: 0 out of 0
  Number of queueable jobs added to the queue: 0 out of 1
  Number of Mobile Apex push calls: 0 out of 10

17:11:13.804 (804189939)|CUMULATIVE_LIMIT_USAGE_END

