37.0 APEX_CODE,FINEST;APEX_PROFILING,INFO;CALLOUT,INFO;DB,INFO;NBA,INFO;SYSTEM,DEBUG;VALIDATION,INFO;VISUALFORCE,INFO;WAVE,INFO;WORKFLOW,INFO
18:03:07.15 (15041937)|ENTERING_MANAGED_PKG|Centify
18:03:07.15 (15973741)|ENTERING_MANAGED_PKG|Centify
18:03:07.15 (16006870)|ENTERING_MANAGED_PKG|Centify
18:03:07.15 (16449043)|ENTERING_MANAGED_PKG|Centify
18:03:07.15 (16585686)|ENTERING_MANAGED_PKG|Centify
18:03:07.15 (16708290)|ENTERING_MANAGED_PKG|Centify
18:03:07.31 (31763914)|CUMULATIVE_LIMIT_USAGE
18:03:07.31 (31763914)|LIMIT_USAGE_FOR_NS|(default)|
  Number of SOQL queries: 0 out of 200
  Number of query rows: 0 out of 50000
  Number of SOSL queries: 0 out of 20
  Number of DML statements: 0 out of 150
  Number of DML rows: 0 out of 10000
  Maximum CPU time: 0 out of 60000
  Maximum heap size: 0 out of 12000000
  Number of callouts: 0 out of 0
  Number of Email Invocations: 0 out of 10
  Number of future calls: 0 out of 0
  Number of queueable jobs added to the queue: 0 out of 1
  Number of Mobile Apex push calls: 0 out of 10

18:03:07.31 (31763914)|LIMIT_USAGE_FOR_NS|Centify|
  Number of SOQL queries: 0 out of 200
  Number of query rows: 0 out of 50000
  Number of SOSL queries: 0 out of 20
  Number of DML statements: 0 out of 150
  Number of DML rows: 0 out of 10000
  Maximum CPU time: 0 out of 60000
  Maximum heap size: 0 out of 12000000
  Number of callouts: 0 out of 0
  Number of Email Invocations: 0 out of 10
  Number of future calls: 0 out of 0
  Number of queueable jobs added to the queue: 0 out of 1
  Number of Mobile Apex push calls: 0 out of 10

18:03:07.31 (31763914)|CUMULATIVE_LIMIT_USAGE_END

