35.0 APEX_CODE,FINEST;APEX_PROFILING,INFO;CALLOUT,INFO;DB,INFO;NBA,INFO;SYSTEM,DEBUG;VALIDATION,INFO;VISUALFORCE,INFO;WAVE,INFO;WORKFLOW,INFO
18:55:17.27 (27876793)|ENTERING_MANAGED_PKG|NVMContactWorld
18:55:17.27 (28051616)|ENTERING_MANAGED_PKG|NVMContactWorld
18:55:17.27 (28369110)|ENTERING_MANAGED_PKG|NVMContactWorld
18:55:17.27 (28423112)|ENTERING_MANAGED_PKG|NVMContactWorld
18:55:17.27 (28966274)|ENTERING_MANAGED_PKG|NVMContactWorld
18:55:17.27 (30632802)|ENTERING_MANAGED_PKG|NVMContactWorld
18:55:17.27 (30675594)|ENTERING_MANAGED_PKG|NVMContactWorld
18:55:17.27 (32104503)|SOQL_EXECUTE_BEGIN|[47]|Aggregations:0|SELECT Id, MostRecentCall__c, MostRecentCallEventTimestamp__c, MostRecentCallIsActive__c, NVM_Agent_Id__c, NotesCollapsed__c FROM User WHERE Id = :tmpVar1
18:55:17.27 (38593749)|SOQL_EXECUTE_END|[47]|Rows:1
18:55:17.27 (38845606)|ENTERING_MANAGED_PKG|NVMContactWorld
18:55:17.27 (38913209)|ENTERING_MANAGED_PKG|NVMContactWorld
18:55:17.27 (38999697)|ENTERING_MANAGED_PKG|NVMContactWorld
18:55:17.27 (39048149)|ENTERING_MANAGED_PKG|NVMContactWorld
18:55:17.27 (39101252)|ENTERING_MANAGED_PKG|NVMContactWorld
18:55:17.27 (39204606)|ENTERING_MANAGED_PKG|NVMContactWorld
18:55:17.27 (42080951)|ENTERING_MANAGED_PKG|NVMContactWorld
18:55:17.27 (42143836)|ENTERING_MANAGED_PKG|NVMContactWorld
18:55:17.27 (44224676)|ENTERING_MANAGED_PKG|NVMContactWorld
18:55:17.27 (46938039)|ENTERING_MANAGED_PKG|NVMContactWorld
18:55:17.27 (47027006)|ENTERING_MANAGED_PKG|NVMContactWorld
18:55:17.27 (47136615)|ENTERING_MANAGED_PKG|NVMContactWorld
18:55:17.27 (47176612)|ENTERING_MANAGED_PKG|NVMContactWorld
18:55:17.27 (47816016)|ENTERING_MANAGED_PKG|NVMContactWorld
18:55:17.27 (50842940)|ENTERING_MANAGED_PKG|NVMContactWorld
18:55:17.27 (51238616)|ENTERING_MANAGED_PKG|NVMContactWorld
18:55:17.27 (51330613)|ENTERING_MANAGED_PKG|NVMContactWorld
18:55:17.27 (52814371)|ENTERING_MANAGED_PKG|NVMContactWorld
18:55:17.27 (52970612)|ENTERING_MANAGED_PKG|NVMContactWorld
18:55:17.27 (53311368)|ENTERING_MANAGED_PKG|NVMContactWorld
18:55:17.27 (53732560)|ENTERING_MANAGED_PKG|NVMContactWorld
18:55:17.27 (53864956)|ENTERING_MANAGED_PKG|NVMContactWorld
18:55:17.27 (54154672)|ENTERING_MANAGED_PKG|NVMContactWorld
18:55:17.27 (54274762)|ENTERING_MANAGED_PKG|NVMContactWorld
18:55:17.27 (656475428)|ENTERING_MANAGED_PKG|NVMContactWorld
18:55:17.27 (656639630)|ENTERING_MANAGED_PKG|NVMContactWorld
18:55:17.27 (656843549)|ENTERING_MANAGED_PKG|NVMContactWorld
18:55:17.27 (658112931)|ENTERING_MANAGED_PKG|NVMContactWorld
18:55:17.27 (660795879)|ENTERING_MANAGED_PKG|NVMContactWorld
18:55:17.27 (660879229)|ENTERING_MANAGED_PKG|NVMContactWorld
18:55:17.27 (660942997)|ENTERING_MANAGED_PKG|NVMContactWorld
18:55:17.27 (661021595)|ENTERING_MANAGED_PKG|NVMContactWorld
18:55:17.27 (661095530)|ENTERING_MANAGED_PKG|NVMContactWorld
18:55:17.27 (661158057)|ENTERING_MANAGED_PKG|NVMContactWorld
18:55:17.27 (661268910)|ENTERING_MANAGED_PKG|NVMContactWorld
18:55:17.27 (661403280)|ENTERING_MANAGED_PKG|NVMContactWorld
18:55:17.27 (661459926)|ENTERING_MANAGED_PKG|NVMContactWorld
18:55:17.27 (661538201)|ENTERING_MANAGED_PKG|NVMContactWorld
18:55:17.27 (661584072)|ENTERING_MANAGED_PKG|NVMContactWorld
18:55:17.27 (661644206)|ENTERING_MANAGED_PKG|NVMContactWorld
18:55:17.27 (661674222)|ENTERING_MANAGED_PKG|NVMContactWorld
18:55:17.27 (661718133)|ENTERING_MANAGED_PKG|NVMContactWorld
18:55:17.27 (667482559)|ENTERING_MANAGED_PKG|NVMContactWorld
18:55:17.27 (667515950)|ENTERING_MANAGED_PKG|NVMContactWorld
18:55:17.27 (667540406)|ENTERING_MANAGED_PKG|NVMContactWorld
18:55:17.27 (667555807)|ENTERING_MANAGED_PKG|NVMContactWorld
18:55:17.27 (667570015)|ENTERING_MANAGED_PKG|NVMContactWorld
18:55:17.27 (667607634)|ENTERING_MANAGED_PKG|NVMContactWorld
18:55:17.27 (667912172)|ENTERING_MANAGED_PKG|NVMContactWorld
18:55:17.27 (667941641)|ENTERING_MANAGED_PKG|NVMContactWorld
18:55:17.27 (667956487)|ENTERING_MANAGED_PKG|NVMContactWorld
18:55:17.27 (667968639)|ENTERING_MANAGED_PKG|NVMContactWorld
18:55:17.683 (683338202)|CUMULATIVE_LIMIT_USAGE
18:55:17.683 (683338202)|LIMIT_USAGE_FOR_NS|(default)|
  Number of SOQL queries: 0 out of 100
  Number of query rows: 0 out of 50000
  Number of SOSL queries: 0 out of 20
  Number of DML statements: 0 out of 150
  Number of DML rows: 0 out of 10000
  Maximum CPU time: 45 out of 10000
  Maximum heap size: 0 out of 6000000
  Number of callouts: 0 out of 100
  Number of Email Invocations: 0 out of 10
  Number of future calls: 0 out of 50
  Number of queueable jobs added to the queue: 0 out of 50
  Number of Mobile Apex push calls: 0 out of 10

18:55:17.683 (683338202)|LIMIT_USAGE_FOR_NS|NVMContactWorld|
  Number of SOQL queries: 1 out of 100
  Number of query rows: 1 out of 50000
  Number of SOSL queries: 0 out of 20
  Number of DML statements: 0 out of 150
  Number of DML rows: 0 out of 10000
  Maximum CPU time: 0 out of 10000
  Maximum heap size: 0 out of 6000000
  Number of callouts: 1 out of 100
  Number of Email Invocations: 0 out of 10
  Number of future calls: 0 out of 50
  Number of queueable jobs added to the queue: 0 out of 50
  Number of Mobile Apex push calls: 0 out of 10

18:55:17.683 (683338202)|CUMULATIVE_LIMIT_USAGE_END

