37.0 APEX_CODE,FINEST;APEX_PROFILING,INFO;CALLOUT,INFO;DB,INFO;NBA,INFO;SYSTEM,DEBUG;VALIDATION,INFO;VISUALFORCE,INFO;WAVE,INFO;WORKFLOW,INFO
16:51:05.24 (24792385)|ENTERING_MANAGED_PKG|Centify
16:51:05.24 (25935434)|ENTERING_MANAGED_PKG|Centify
16:51:05.24 (25975946)|ENTERING_MANAGED_PKG|Centify
16:51:05.24 (31157474)|ENTERING_MANAGED_PKG|Centify
16:51:05.24 (31265813)|ENTERING_MANAGED_PKG|Centify
16:51:05.24 (31333130)|ENTERING_MANAGED_PKG|Centify
16:51:05.64 (64876430)|CUMULATIVE_LIMIT_USAGE
16:51:05.64 (64876430)|LIMIT_USAGE_FOR_NS|(default)|
  Number of SOQL queries: 0 out of 200
  Number of query rows: 0 out of 50000
  Number of SOSL queries: 0 out of 20
  Number of DML statements: 0 out of 150
  Number of DML rows: 0 out of 10000
  Maximum CPU time: 0 out of 60000
  Maximum heap size: 0 out of 12000000
  Number of callouts: 0 out of 0
  Number of Email Invocations: 0 out of 10
  Number of future calls: 0 out of 0
  Number of queueable jobs added to the queue: 0 out of 1
  Number of Mobile Apex push calls: 0 out of 10

16:51:05.64 (64876430)|LIMIT_USAGE_FOR_NS|Centify|
  Number of SOQL queries: 0 out of 200
  Number of query rows: 0 out of 50000
  Number of SOSL queries: 0 out of 20
  Number of DML statements: 0 out of 150
  Number of DML rows: 0 out of 10000
  Maximum CPU time: 0 out of 60000
  Maximum heap size: 0 out of 12000000
  Number of callouts: 0 out of 0
  Number of Email Invocations: 0 out of 10
  Number of future calls: 0 out of 0
  Number of queueable jobs added to the queue: 0 out of 1
  Number of Mobile Apex push calls: 0 out of 10

16:51:05.64 (64876430)|CUMULATIVE_LIMIT_USAGE_END

|ENTERING_MANAGED_PKG|Centify
16:51:04.20 (437496298)|ENTERING_MANAGED_PKG|Centify
16:51:04.20 (437560343)|ENTERING_MANAGED_PKG|Centify
16:51:04.20 (467663307)|ENTERING_MANAGED_PKG|Centify
16:51:04.20 (487068496)|ENTERING_MANAGED_PKG|Centify
16:51:04.20 (487137334)|ENTERING_MANAGED_PKG|Centify
16:51:04.20 (487232377)|ENTERING_MANAGED_PKG|Centify
16:51:04.20 (487270620)|ENTERING_MANAGED_PKG|Centify
16:51:04.20 (487348274)|ENTERING_MANAGED_PKG|Centify
16:51:04.20 (518283427)|ENTERING_MANAGED_PKG|Centify
16:51:04.20 (535276577)|ENTERING_MANAGED_PKG|Centify
16:51:04.20 (535344542)|ENTERING_MANAGED_PKG|Centify
16:51:04.20 (535432000)|ENTERING_MANAGED_PKG|Centify
16:51:04.20 (535470837)|ENTERING_MANAGED_PKG|Centify
16:51:04.20 (535543960)|ENTERING_MANAGED_PKG|Centify
16:51:04.20 (564638219)|ENTERING_MANAGED_PKG|Centify
16:51:04.20 (580724136)|ENTERING_MANAGED_PKG|Centify
16:51:04.20 (580784988)|ENTERING_MANAGED_PKG|Centify
16:51:04.20 (580868323)|ENTERING_MANAGED_PKG|Centify
16:51:04.20 (580902776)|ENTERING_MANAGED_PKG|Centify
16:51:04.20 (580969759)|ENTERING_MANAGED_PKG|Centify
16:51:04.20 (608898956)|ENTERING_MANAGED_PKG|Centify
16:51:04.20 (627361418)|ENTERING_MANAGED_PKG|Centify
16:51:04.20 (627423440)|ENTERING_MANAGED_PKG|Centify
16:51:04.20 (627508567)|ENTERING_MANAGED_PKG|Centify
16:51:04.20 (627543760)|ENTERING_MANAGED_PKG|Centify
16:51:04.20 (627610840)|ENTERING_MANAGED_PKG|Centify
16:51:04.20 (655061923)|ENTERING_MANAGED_PKG|Centify
16:51:04.20 (675086506)|ENTERING_MANAGED_PKG|Centify
16:51:04.20 (675168200)|ENTERING_MANAGED_PKG|Centify
16:51:04.20 (675256494)|ENTERING_MANAGED_PKG|Centify
16:51:04.20 (675305822)|ENTERING_MANAGED_PKG|Centify
16:51:04.20 (675418883)|ENTERING_MANAGED_PKG|Centify
16:51:04.20 (705882711)|ENTERING_MANAGED_PKG|Centify
16:51:04.20 (724452463)|ENTERING_MANAGED_PKG|Centify
16:51:04.20 (724511450)|ENTERING_MANAGED_PKG|Centify
16:51:04.20 (724606282)|ENTERING_MANAGED_PKG|Centify
16:51:04.20 (724666775)|ENTERING_MANAGED_PKG|Centify
16:51:04.20 (724766643)|ENTERING_MANAGED_PKG|Centify
16:51:04.20 (757574878)|ENTERING_MANAGED_PKG|Centify
16:51:04.20 (773617921)|ENTERING_MANAGED_PKG|Centify
16:51:04.20 (773669224)|ENTERING_MANAGED_PKG|Centify
16:51:04.20 (773748643)|ENTERING_MANAGED_PKG|Centify
16:51:04.20 (773781081)|ENTERING_MANAGED_PKG|Centify
16:51:04.20 (773845909)|ENTERING_MANAGED_PKG|Centify
16:51:04.20 (801539373)|ENTERING_MANAGED_PKG|Centify
16:51:04.20 (817754512)|ENTERING_MANAGED_PKG|Centify
16:51:04.20 (817811050)|ENTERING_MANAGED_PKG|Centify
16:51:04.20 (817891560)|ENTERING_MANAGED_PKG|Centify
16:51:04.20 (817925517)|ENTERING_MANAGED_PKG|Centify
16:51:04.20 (817992117)|ENTERING_MANAGED_PKG|Centify
16:51:04.20 (845681501)|ENTERING_MANAGED_PKG|Centify
16:51:04.20 (861554352)|ENTERING_MANAGED_PKG|Centify
16:51:04.20 (861610773)|ENTERING_MANAGED_PKG|Centify
16:51:04.20 (861690890)|ENTERING_MANAGED_PKG|Centify
16:51:04.20 (861725519)|ENTERING_MANAGED_PKG|Centify
16:51:04.20 (861790811)|ENTERING_MANAGED_PKG|Centify
16:51:04.20 (892052229)|ENTERING_MANAGED_PKG|Centify
16:51:04.20 (908257823)|ENTERING_MANAGED_PKG|Centify
16:51:04.20 (908315063)|ENTERING_MANAGED_PKG|Centify
16:51:04.20 (908396209)|ENTERING_MANAGED_PKG|Centify
16:51:04.20 (908429689)|ENTERING_MANAGED_PKG|Centify
16:51:04.20 (908495043)|ENTERING_MANAGED_PKG|Centify
16:51:04.20 (940812007)|ENTERING_MANAGED_PKG|Centify
16:51:04.20 (985739776)|ENTERING_MANAGED_PKG|Centify
16:51:04.20 (985812858)|ENTERING_MANAGED_PKG|Centify
16:51:04.20 (985933464)|ENTERING_MANAGED_PKG|Centify
16:51:04.20 (985983775)|ENTERING_MANAGED_PKG|Centify
16:51:04.20 (986288369)|ENTERING_MANAGED_PKG|Centify
16:51:05.31 (1031681166)|ENTERING_MANAGED_PKG|Centify
16:51:05.31 (1031773584)|ENTERING_MANAGED_PKG|Centify
16:51:05.31 (1032070622)|ENTERING_MANAGED_PKG|Centify
16:51:05.31 (1032154392)|ENTERING_MANAGED_PKG|Centify
16:51:05.31 (1032244220)|ENTERING_MANAGED_PKG|Centify
16:51:05.31 (1033551561)|ENTERING_MANAGED_PKG|Centify
16:51:05.31 (1033666133)|ENTERING_MANAGED_PKG|Centify
16:51:05.31 (1050240771)|ENTERING_MANAGED_PKG|Centify
16:51:05.31 (1050380521)|ENTERING_MANAGED_PKG|Centify
16:51:05.31 (1050605355)|ENTERING_MANAGED_PKG|Centify
16:51:05.31 (1051659828)|ENTERING_MANAGED_PKG|Centify
16:51:05.31 (1053342348)|SOQL_EXECUTE_BEGIN|[16]|Aggregations:0|select id,lastmodifieddate,isdeleted,call_duration_min__c,createddate,tasksubtype,isclosed,subject,ownerid,activitydate,status,whatid,calldurationinseconds,calltype from Task where LastModifiedDate >2018-11-21T06:50:19Z AND LastModifiedDate < 2018-11-21T06:51:10Z AND (   CallType = 'Outbound'  OR  CallType = 'Inbound'  )  ORDER BY SystemModStamp DESC LIMIT 5000  ALL ROWS
16:51:05.31 (1063281513)|SOQL_EXECUTE_END|[16]|Rows:0
16:51:05.90 (1090067486)|CUMULATIVE_LIMIT_USAGE
16:51:05.90 (1090067486)|LIMIT_USAGE_FOR_NS|(default)|
  Number of SOQL queries: 0 out of 200
  Number of query rows: 0 out of 50000
  Number of SOSL queries: 0 out of 20
  Number of DML statements: 0 out of 150
  Number of DML rows: 0 out of 10000
  Maximum CPU time: 0 out of 60000
  Maximum heap size: 0 out of 12000000
  Number of callouts: 0 out of 0
  Number of Email Invocations: 0 out of 10
  Number of future calls: 0 out of 0
  Number of queueable jobs added to the queue: 0 out of 1
  Number of Mobile Apex push calls: 0 out of 10

16:51:05.90 (1090067486)|LIMIT_USAGE_FOR_NS|Centify|
  Number of SOQL queries: 0 out of 200
  Number of query rows: 0 out of 50000
  Number of SOSL queries: 0 out of 20
  Number of DML statements: 0 out of 150
  Number of DML rows: 0 out of 10000
  Maximum CPU time: 0 out of 60000
  Maximum heap size: 0 out of 12000000
  Number of callouts: 0 out of 0
  Number of Email Invocations: 0 out of 10
  Number of future calls: 0 out of 0
  Number of queueable jobs added to the queue: 0 out of 1
  Number of Mobile Apex push calls: 0 out of 10

16:51:05.90 (1090067486)|CUMULATIVE_LIMIT_USAGE_END

