37.0 APEX_CODE,FINEST;APEX_PROFILING,INFO;CALLOUT,INFO;DB,INFO;NBA,INFO;SYSTEM,DEBUG;VALIDATION,INFO;VISUALFORCE,INFO;WAVE,INFO;WORKFLOW,INFO
17:15:43.0 (677694)|ENTERING_MANAGED_PKG|Centify
17:15:43.0 (3977448)|ENTERING_MANAGED_PKG|Centify
17:15:43.0 (4040309)|ENTERING_MANAGED_PKG|Centify
17:15:43.0 (6526711)|ENTERING_MANAGED_PKG|Centify
17:15:43.0 (6574923)|ENTERING_MANAGED_PKG|Centify
17:15:43.0 (6712876)|ENTERING_MANAGED_PKG|Centify
17:15:43.0 (8318682)|ENTERING_MANAGED_PKG|Centify
17:15:43.0 (8376120)|ENTERING_MANAGED_PKG|Centify
17:15:43.0 (8497381)|ENTERING_MANAGED_PKG|Centify
17:15:43.0 (8875542)|ENTERING_MANAGED_PKG|Centify
17:15:43.0 (9072269)|ENTERING_MANAGED_PKG|Centify
17:15:43.0 (9196722)|ENTERING_MANAGED_PKG|Centify
17:15:43.0 (9319363)|ENTERING_MANAGED_PKG|Centify
17:15:43.0 (9422341)|ENTERING_MANAGED_PKG|Centify
17:15:43.0 (9519404)|ENTERING_MANAGED_PKG|Centify
17:15:43.0 (9693514)|ENTERING_MANAGED_PKG|Centify
17:15:43.0 (13471484)|ENTERING_MANAGED_PKG|Centify
17:15:43.0 (13532910)|ENTERING_MANAGED_PKG|Centify
17:15:43.0 (13914897)|ENTERING_MANAGED_PKG|Centify
17:15:43.0 (14001979)|ENTERING_MANAGED_PKG|Centify
17:15:43.0 (14060019)|ENTERING_MANAGED_PKG|Centify
17:15:43.0 (15741080)|ENTERING_MANAGED_PKG|Centify
17:15:43.0 (15829108)|ENTERING_MANAGED_PKG|Centify
17:15:43.0 (19507298)|SOQL_EXECUTE_BEGIN|[366]|Aggregations:0|SELECT Id, Label, MasterLabel, DeveloperName, Endpoint__c, TimeOut__c FROM Endpoint_Setting__mdt LIMIT 50
17:15:43.0 (25303918)|SOQL_EXECUTE_END|[366]|Rows:24
17:15:43.0 (29105953)|ENTERING_MANAGED_PKG|Centify
17:15:43.0 (29676349)|ENTERING_MANAGED_PKG|Centify
17:15:43.0 (29732502)|ENTERING_MANAGED_PKG|Centify
17:15:43.0 (30229809)|ENTERING_MANAGED_PKG|Centify
17:15:43.0 (30274526)|ENTERING_MANAGED_PKG|Centify
17:15:43.0 (30315462)|ENTERING_MANAGED_PKG|Centify
17:15:43.0 (30353088)|ENTERING_MANAGED_PKG|Centify
17:15:43.0 (31353830)|ENTERING_MANAGED_PKG|Centify
17:15:43.0 (31417726)|ENTERING_MANAGED_PKG|Centify
17:15:43.0 (36057669)|ENTERING_MANAGED_PKG|Centify
17:15:43.0 (36165106)|ENTERING_MANAGED_PKG|Centify
17:15:43.0 (36248582)|ENTERING_MANAGED_PKG|Centify
17:15:43.0 (36336093)|ENTERING_MANAGED_PKG|Centify
17:15:43.0 (36460766)|ENTERING_MANAGED_PKG|Centify
17:15:43.0 (40493706)|ENTERING_MANAGED_PKG|Centify
17:15:43.0 (40614812)|ENTERING_MANAGED_PKG|Centify
17:15:43.0 (41364395)|ENTERING_MANAGED_PKG|Centify
17:15:43.0 (521928815)|ENTERING_MANAGED_PKG|Centify
17:15:43.0 (524348830)|ENTERING_MANAGED_PKG|Centify
17:15:43.0 (526656489)|ENTERING_MANAGED_PKG|Centify
17:15:43.0 (529371009)|ENTERING_MANAGED_PKG|Centify
17:15:43.0 (529414383)|ENTERING_MANAGED_PKG|Centify
17:15:43.0 (529473308)|ENTERING_MANAGED_PKG|Centify
17:15:43.0 (529578573)|ENTERING_MANAGED_PKG|Centify
17:15:43.0 (529740570)|ENTERING_MANAGED_PKG|Centify
17:15:43.0 (529793249)|ENTERING_MANAGED_PKG|Centify
17:15:43.0 (529866659)|ENTERING_MANAGED_PKG|Centify
17:15:43.0 (529902496)|ENTERING_MANAGED_PKG|Centify
17:15:43.0 (529968202)|ENTERING_MANAGED_PKG|Centify
17:15:43.0 (530013571)|ENTERING_MANAGED_PKG|Centify
17:15:43.0 (530084825)|ENTERING_MANAGED_PKG|Centify
17:15:43.0 (530288203)|ENTERING_MANAGED_PKG|Centify
17:15:43.0 (531853474)|DML_BEGIN|[146]|Op:Delete|Type:Centify__Notification__c|Rows:1
17:15:43.0 (625293941)|DML_END|[146]
