36.0 APEX_CODE,FINEST;APEX_PROFILING,INFO;CALLOUT,INFO;DB,INFO;NBA,INFO;SYSTEM,DEBUG;VALIDATION,INFO;VISUALFORCE,INFO;WAVE,INFO;WORKFLOW,INFO
11:38:30.0 (137982)|USER_INFO|[EXTERNAL]|00590000000Vmmq|ben@bjbglobal.com.au|Australian Eastern Standard Time|GMT+10:00
11:38:30.0 (186071)|EXECUTION_STARTED
11:38:30.0 (192614)|CODE_UNIT_STARTED|[EXTERNAL]|TRIGGERS
11:38:30.0 (236296)|CODE_UNIT_STARTED|[EXTERNAL]|01q6F000001IGJa|LinkCaseCallstoContact on Task trigger event BeforeInsert|__sfdc_trigger/LinkCaseCallstoContact
11:38:30.0 (288552)|HEAP_ALLOCATE|[EXTERNAL]|Bytes:8
11:38:30.0 (814943)|HEAP_ALLOCATE|[72]|Bytes:3
11:38:30.0 (886206)|HEAP_ALLOCATE|[77]|Bytes:152
11:38:30.0 (908779)|HEAP_ALLOCATE|[342]|Bytes:408
11:38:30.0 (931896)|HEAP_ALLOCATE|[355]|Bytes:408
11:38:30.0 (980178)|HEAP_ALLOCATE|[467]|Bytes:48
11:38:30.0 (1026832)|HEAP_ALLOCATE|[139]|Bytes:6
11:38:30.0 (1062726)|HEAP_ALLOCATE|[EXTERNAL]|Bytes:6
11:38:30.0 (1082827)|HEAP_ALLOCATE|[EXTERNAL]|Bytes:4
11:38:30.0 (1097190)|VARIABLE_SCOPE_BEGIN|[1]|this|LinkCaseCallstoContact|true|false
11:38:30.0 (1169369)|VARIABLE_ASSIGNMENT|[1]|this|{}|0x28614655
11:38:30.0 (1250969)|HEAP_ALLOCATE|[EXTERNAL]|Bytes:4
11:38:30.0 (1264373)|VARIABLE_SCOPE_BEGIN|[1]|this|LinkCaseCallstoContact|true|false
11:38:30.0 (1286779)|VARIABLE_ASSIGNMENT|[1]|this|{}|0x28614655
11:38:30.0 (1303065)|STATEMENT_EXECUTE|[1]
11:38:30.0 (1341981)|HEAP_ALLOCATE|[50]|Bytes:5
11:38:30.0 (1371910)|HEAP_ALLOCATE|[56]|Bytes:5
11:38:30.0 (1386302)|HEAP_ALLOCATE|[64]|Bytes:7
11:38:30.0 (1779513)|HEAP_ALLOCATE|[2]|Bytes:5
11:38:30.0 (1842115)|HEAP_ALLOCATE|[2]|Bytes:4
11:38:30.0 (1863682)|VARIABLE_SCOPE_BEGIN|[2]|tsk|Task|true|false
11:38:30.0 (15232177)|VARIABLE_ASSIGNMENT|[2]|tsk|{"WhatId":"a0K6F00000invBAUAY","CallType":"Outbound","IsHighPriority":false,"IsClosed":false,"NVMStatsSF__NVM_Agent__c":"42","Is_Mobile_Number__c":true,"OwnerId":"0056F000008mXeBQAU","IsToday__c":false,"IsReminderSet":false,"Status":"Completed","IsDeleted":false,"NVMContactWorld__CW_Call_Start_Time__c":"2018-10-23T01:38:29.000Z","ActivityDate":"2018-10-23T00:00:00.000Z","Priority":"Normal","IsVisibleInSelfService":false,"NVMContactWorld__Was_Call_Recorded__c":false,"CurrencyIsoCode":"AUD","IsRecurrence":false,"Subject":"Outbound call to +61 (9 more) ...","IsArchived":false,"CallObject":"01669e92-be9e-834a-8 (16 more) ...","NVMContactWorld__Customer_Number__c":"+61419684308","NVMContactWorld__ContactWorld_Number__c":"61730884768","Day_of_the_Week__c":"Tuesday","Call_Duration_min__c":0.00,"Call_Monitored__c":false}|0x74f373ca
11:38:30.0 (15268001)|STATEMENT_EXECUTE|[2]
11:38:30.0 (15327588)|HEAP_ALLOCATE|[4]|Bytes:8
11:38:30.0 (15399594)|STATEMENT_EXECUTE|[4]
11:38:30.0 (15402370)|STATEMENT_EXECUTE|[5]
11:38:30.0 (16331085)|USER_DEBUG|[5]|DEBUG|Task:{Id=null, WhoId=null, WhatId=a0K6F00000invBAUAY, Subject=Outbound call to +61419684308, ActivityDate=2018-10-23 00:00:00, Status=Completed, Priority=Normal, IsHighPriority=false, OwnerId=0056F000008mXeBQAU, Description=null, CurrencyIsoCode=AUD, Type=null, IsDeleted=false, AccountId=null, IsClosed=false, CreatedDate=null, CreatedById=null, LastModifiedDate=null, LastModifiedById=null, SystemModstamp=null, IsArchived=false, IsVisibleInSelfService=false, CallDurationInSeconds=null, CallType=Outbound, CallDisposition=null, CallObject=01669e92-be9e-834a-8f5a-9e8999c6a3f4, ReminderDateTime=null, IsReminderSet=false, ConnectionReceivedId=null, ConnectionSentId=null, RecurrenceActivityId=null, IsRecurrence=false, RecurrenceStartDateOnly=null, RecurrenceEndDateOnly=null, RecurrenceTimeZoneSidKey=null, RecurrenceType=null, RecurrenceInterval=null, RecurrenceDayOfWeekMask=null, RecurrenceDayOfMonth=null, RecurrenceInstance=null, RecurrenceMonthOfYear=null, RecurrenceRegeneratedType=null, TaskSubtype=null, NVMContactWorld__ACD__c=null, NVMContactWorld__CW_Call_End_Time__c=null, NVMContactWorld__CW_Call_Start_Time__c=2018-10-23 01:38:29, NVMContactWorld__CallRingTimeInSeconds__c=null, NVMContactWorld__CallTalkTimeInSeconds__c=null, NVMContactWorld__ContactWorld_Number__c=61730884768, NVMContactWorld__Customer_Number__c=+61419684308, NVMContactWorld__InteractionQuality__c=null, NVMContactWorld__Service_Name__c=null, NVMContactWorld__Was_Call_Recorded__c=false, Call_Monitored__c=false, Monitored_By__c=null, Call_Outcome_Result__c=null, Monitored_Date__c=null, Demonstrate_active_listening__c=null, Communication_is_clear_positive_confiden__c=null, Mirrors_clients_talking_behaviour__c=null, Built_Rapport__c=null, Allow_customer_to_present_concerns__c=null, Gave_correct_answers_and_infomations__c=null, CM_advised_what_will_happen_next__c=null, TL_Notes__c=null, Day_of_the_Week__c=Tuesday, Email_Received_Date__c=null, Email_Response_Time__c=null, Call_Duration_converted__c=null, Email_Received_Date_Business_Hour__c=null, NVMStatsSF__NVM_Agent__c=42, Is_Mobile_Number__c=true, Call_Duration_min__c=0.00, IsToday__c=false}
11:38:30.0 (16374146)|STATEMENT_EXECUTE|[6]
11:38:30.0 (16377861)|STATEMENT_EXECUTE|[6]
11:38:30.0 (16380517)|STATEMENT_EXECUTE|[7]
11:38:30.0 (16393766)|HEAP_ALLOCATE|[7]|Bytes:65
11:38:30.0 (16426663)|HEAP_ALLOCATE|[7]|Bytes:4
11:38:30.0 (16444651)|HEAP_ALLOCATE|[7]|Bytes:7
11:38:30.0 (17389548)|SOQL_EXECUTE_BEGIN|[7]|Aggregations:0|SELECT Id, Account__c, phone__c FROM Cases__c WHERE id = :tmpVar1
11:38:30.0 (21659758)|SOQL_EXECUTE_END|[7]|Rows:1
11:38:30.0 (21687912)|HEAP_ALLOCATE|[7]|Bytes:8
11:38:30.0 (21710520)|HEAP_ALLOCATE|[7]|Bytes:87
11:38:30.0 (21797923)|HEAP_ALLOCATE|[7]|Bytes:8
11:38:30.0 (21813569)|HEAP_ALLOCATE|[7]|Bytes:34
11:38:30.0 (21864882)|HEAP_ALLOCATE|[7]|Bytes:16
11:38:30.0 (21877376)|VARIABLE_SCOPE_BEGIN|[7]|ca|Cases__c|true|false
11:38:30.0 (21911715)|VARIABLE_ASSIGNMENT|[7]|ca|{"Id":"a0K6F00000invBAUAY","Account__c":"0016F00002TEHtAQAX","Phone__c":"0419684308"}|0x40444201
11:38:30.0 (21919367)|STATEMENT_EXECUTE|[8]
11:38:30.0 (22012467)|USER_DEBUG|[8]|DEBUG|Cases__c:{Id=a0K6F00000invBAUAY, Account__c=0016F00002TEHtAQAX, Phone__c=0419684308}
11:38:30.0 (22028131)|STATEMENT_EXECUTE|[9]
11:38:30.0 (22030302)|STATEMENT_EXECUTE|[10]
11:38:30.0 (22039887)|HEAP_ALLOCATE|[10]|Bytes:103
11:38:30.0 (22063125)|HEAP_ALLOCATE|[10]|Bytes:4
11:38:30.0 (22104476)|HEAP_ALLOCATE|[10]|Bytes:7
11:38:30.0 (22696537)|SOQL_EXECUTE_BEGIN|[10]|Aggregations:0|SELECT id FROM Contact WHERE (AccountId = :tmpVar1 AND (Phone = :tmpVar2 OR Title = 'Billing')) LIMIT 1
11:38:30.0 (26586957)|SOQL_EXECUTE_END|[10]|Rows:1
11:38:30.0 (26625635)|HEAP_ALLOCATE|[10]|Bytes:8
11:38:30.0 (26646019)|HEAP_ALLOCATE|[10]|Bytes:33
11:38:30.0 (26722120)|HEAP_ALLOCATE|[10]|Bytes:8
11:38:30.0 (26742869)|HEAP_ALLOCATE|[10]|Bytes:33
11:38:30.0 (26798969)|HEAP_ALLOCATE|[10]|Bytes:8
11:38:30.0 (26814800)|VARIABLE_SCOPE_BEGIN|[10]|contact|Contact|true|false
11:38:30.0 (26853208)|VARIABLE_ASSIGNMENT|[10]|contact|{"Id":"0036F00002bpEB5QAM"}|0x49305dac
11:38:30.0 (26866324)|STATEMENT_EXECUTE|[11]
11:38:30.0 (27908720)|VARIABLE_ASSIGNMENT|[11]|this.WhoId|"0036F00002bpEB5QAM"|0x74f373ca
11:38:30.0 (27950178)|HEAP_ALLOCATE|[2]|Bytes:5
11:38:30.0 (27986241)|VARIABLE_ASSIGNMENT|[2]|tsk|null|
11:38:30.28 (28001700)|CUMULATIVE_LIMIT_USAGE
11:38:30.28 (28001700)|LIMIT_USAGE_FOR_NS|(default)|
  Number of SOQL queries: 2 out of 100
  Number of query rows: 2 out of 50000
  Number of SOSL queries: 0 out of 20
  Number of DML statements: 0 out of 150
  Number of DML rows: 0 out of 10000
  Maximum CPU time: 0 out of 10000
  Maximum heap size: 0 out of 6000000
  Number of callouts: 0 out of 100
  Number of Email Invocations: 0 out of 10
  Number of future calls: 0 out of 50
  Number of queueable jobs added to the queue: 0 out of 50
  Number of Mobile Apex push calls: 0 out of 10

11:38:30.28 (28001700)|CUMULATIVE_LIMIT_USAGE_END

11:38:30.0 (29287512)|CODE_UNIT_FINISHED|LinkCaseCallstoContact on Task trigger event BeforeInsert|__sfdc_trigger/LinkCaseCallstoContact
11:38:30.0 (33100174)|CODE_UNIT_STARTED|[EXTERNAL]|01q6F000001IKsI|TaskTrigger on Task trigger event BeforeInsert|__sfdc_trigger/TaskTrigger
11:38:30.0 (33176676)|HEAP_ALLOCATE|[EXTERNAL]|Bytes:8
11:38:30.0 (33309739)|HEAP_ALLOCATE|[EXTERNAL]|Bytes:4
11:38:30.0 (33323402)|VARIABLE_SCOPE_BEGIN|[5]|this|TaskTrigger|true|false
11:38:30.0 (33370259)|VARIABLE_ASSIGNMENT|[5]|this|{}|0x1a28a686
11:38:30.0 (33445878)|HEAP_ALLOCATE|[EXTERNAL]|Bytes:4
11:38:30.0 (33457823)|VARIABLE_SCOPE_BEGIN|[5]|this|TaskTrigger|true|false
11:38:30.0 (33479046)|VARIABLE_ASSIGNMENT|[5]|this|{}|0x1a28a686
11:38:30.0 (33487838)|STATEMENT_EXECUTE|[5]
11:38:30.0 (33519566)|STATEMENT_EXECUTE|[6]
11:38:30.0 (33522631)|STATEMENT_EXECUTE|[7]
11:38:30.0 (36037386)|VARIABLE_SCOPE_BEGIN|[2]|TaskHelper.TASK_STATUS|String|false|true
11:38:30.0 (36058161)|VARIABLE_SCOPE_BEGIN|[3]|TaskHelper.TASK_SUBJECT|String|false|true
11:38:30.0 (36066555)|VARIABLE_SCOPE_BEGIN|[4]|TaskHelper.TASK_TYPE|String|false|true
11:38:30.0 (36127498)|HEAP_ALLOCATE|[7]|Bytes:4
11:38:30.0 (36138940)|HEAP_ALLOCATE|[7]|Bytes:2
11:38:30.0 (36163863)|METHOD_ENTRY|[1]|01p6F000009rWtF|TaskHelper.TaskHelper()
11:38:30.0 (36171749)|STATEMENT_EXECUTE|[1]
11:38:30.0 (36176082)|STATEMENT_EXECUTE|[1]
11:38:30.0 (36177792)|STATEMENT_EXECUTE|[2]
11:38:30.0 (36190091)|HEAP_ALLOCATE|[2]|Bytes:9
11:38:30.0 (36216852)|VARIABLE_ASSIGNMENT|[2]|TaskHelper.TASK_STATUS|"Completed"
11:38:30.0 (36225561)|STATEMENT_EXECUTE|[3]
11:38:30.0 (36232911)|HEAP_ALLOCATE|[3]|Bytes:16
11:38:30.0 (36244849)|VARIABLE_ASSIGNMENT|[3]|TaskHelper.TASK_SUBJECT|"Outbound call to"
11:38:30.0 (36249210)|STATEMENT_EXECUTE|[4]
11:38:30.0 (36258803)|VARIABLE_ASSIGNMENT|[4]|TaskHelper.TASK_TYPE|"Outbound"
11:38:30.0 (36269786)|METHOD_EXIT|[1]|TaskHelper
11:38:30.0 (36287966)|HEAP_ALLOCATE|[7]|Bytes:4
11:38:30.0 (36303947)|CONSTRUCTOR_ENTRY|[7]|01p6F000009rWtF|<init>()|TaskHelper
11:38:30.0 (36335348)|VARIABLE_SCOPE_BEGIN|[1]|this|TaskHelper|true|false
11:38:30.0 (36359073)|VARIABLE_ASSIGNMENT|[1]|this|{}|0x25de789c
11:38:30.0 (36371255)|HEAP_ALLOCATE|[EXTERNAL]|Bytes:6
11:38:30.0 (36422533)|STATEMENT_EXECUTE|[1]
11:38:30.0 (36429750)|CONSTRUCTOR_EXIT|[7]|01p6F000009rWtF|<init>()|TaskHelper
11:38:30.0 (36439404)|VARIABLE_SCOPE_BEGIN|[7]|helper|TaskHelper|true|false
11:38:30.0 (36462900)|VARIABLE_ASSIGNMENT|[7]|helper|{}|0x25de789c
11:38:30.0 (36469123)|STATEMENT_EXECUTE|[8]
11:38:30.0 (36543331)|METHOD_ENTRY|[8]|01p6F000009rWtF|TaskHelper.setupContactToReurnCallTasks(List<Task>)
11:38:30.0 (36577291)|VARIABLE_SCOPE_BEGIN|[11]|this|TaskHelper|true|false
11:38:30.0 (36594811)|VARIABLE_ASSIGNMENT|[11]|this|{}|0x25de789c
11:38:30.0 (36601895)|VARIABLE_SCOPE_BEGIN|[11]|newTasks|List<Task>|true|false
11:38:30.0 (38341623)|VARIABLE_ASSIGNMENT|[11]|newTasks|[{"WhatId":"a0K6F00000invBAUAY","CallType":"Outbound","IsHighPriority":false,"IsClosed":false,"NVMStatsSF__NVM_Agent__c":"42","Is_Mobile_Number__c":true,"OwnerId":"0056F000008mXeBQAU","IsToday__c":false,"IsReminderSet":false,"Status":"Completed","IsDeleted":false,"WhoId":"0036F00002bpEB5QAM","NVMContactWorld__CW_Call_Start_Time__c":"2018-10-23T01:38:29.000Z","ActivityDate":"2018-10-23T00:00:00.000Z","Priority":"Normal","IsVisibleInSelfService":false,"NVMContactWorld__Was_Call_Recorded__c":false,"CurrencyIsoCode":"AUD","IsRecurrence":false,"Subject":"Outbound call to +61 (9 more) ...","IsArchived":false,"CallObject":"01669e92-be9e-834a-8 (16 more) ...","NVMContactWorld__Customer_Number__c":"+61419684308","NVMContactWorld__ContactWorld_Number__c":"61730884768","Day_of_the_Week__c":"Tuesday","Call_Duration_min__c":0.00,"Call_Monitored__c":false}]|0x360caa85
11:38:30.0 (38371456)|STATEMENT_EXECUTE|[11]
11:38:30.0 (38374926)|STATEMENT_EXECUTE|[12]
11:38:30.0 (38399953)|HEAP_ALLOCATE|[12]|Bytes:4
11:38:30.0 (38459940)|VARIABLE_SCOPE_BEGIN|[12]|voicemailIds|List<Id>|true|false
11:38:30.0 (38496542)|HEAP_ALLOCATE|[EXTERNAL]|Bytes:4
11:38:30.0 (38509644)|VARIABLE_ASSIGNMENT|[12]|voicemailIds|[]|0x60c02e40
11:38:30.0 (38516043)|STATEMENT_EXECUTE|[13]
11:38:30.0 (38539552)|HEAP_ALLOCATE|[13]|Bytes:4
11:38:30.0 (38560024)|VARIABLE_SCOPE_BEGIN|[13]|contactIds|Map<Id,Id>|true|false
11:38:30.0 (38578863)|VARIABLE_ASSIGNMENT|[13]|contactIds|{}|0x64832c2e
11:38:30.0 (38585423)|STATEMENT_EXECUTE|[14]
11:38:30.0 (38602420)|HEAP_ALLOCATE|[14]|Bytes:4
11:38:30.0 (38629597)|VARIABLE_SCOPE_BEGIN|[14]|results|List<Task>|true|false
11:38:30.0 (38639837)|HEAP_ALLOCATE|[EXTERNAL]|Bytes:4
11:38:30.0 (38648194)|VARIABLE_ASSIGNMENT|[14]|results|[]|0x7fbd2841
11:38:30.0 (38710299)|HEAP_ALLOCATE|[16]|Bytes:5
11:38:30.0 (38737825)|HEAP_ALLOCATE|[16]|Bytes:4
11:38:30.0 (38749322)|VARIABLE_SCOPE_BEGIN|[16]|item|Task|true|false
11:38:30.0 (39772592)|VARIABLE_ASSIGNMENT|[16]|item|{"WhatId":"a0K6F00000invBAUAY","CallType":"Outbound","IsHighPriority":false,"IsClosed":false,"NVMStatsSF__NVM_Agent__c":"42","Is_Mobile_Number__c":true,"OwnerId":"0056F000008mXeBQAU","IsToday__c":false,"IsReminderSet":false,"Status":"Completed","IsDeleted":false,"WhoId":"0036F00002bpEB5QAM","NVMContactWorld__CW_Call_Start_Time__c":"2018-10-23T01:38:29.000Z","ActivityDate":"2018-10-23T00:00:00.000Z","Priority":"Normal","IsVisibleInSelfService":false,"NVMContactWorld__Was_Call_Recorded__c":false,"CurrencyIsoCode":"AUD","IsRecurrence":false,"Subject":"Outbound call to +61 (9 more) ...","IsArchived":false,"CallObject":"01669e92-be9e-834a-8 (16 more) ...","NVMContactWorld__Customer_Number__c":"+61419684308","NVMContactWorld__ContactWorld_Number__c":"61730884768","Day_of_the_Week__c":"Tuesday","Call_Duration_min__c":0.00,"Call_Monitored__c":false}|0x2cb6fdb1
11:38:30.0 (39797090)|STATEMENT_EXECUTE|[16]
11:38:30.0 (39986723)|STATEMENT_EXECUTE|[17]
11:38:30.0 (39989765)|STATEMENT_EXECUTE|[18]
11:38:30.0 (40039135)|HEAP_ALLOCATE|[18]|Bytes:18
11:38:30.0 (40061980)|HEAP_ALLOCATE|[18]|Bytes:18
11:38:30.0 (40068478)|VARIABLE_SCOPE_BEGIN|[18]|voicemailId|String|false|false
11:38:30.0 (40092674)|VARIABLE_ASSIGNMENT|[18]|voicemailId|"a0K6F00000invBAUAY"
11:38:30.0 (40098889)|STATEMENT_EXECUTE|[19]
11:38:30.0 (40107661)|HEAP_ALLOCATE|[19]|Bytes:57
11:38:30.0 (40142388)|HEAP_ALLOCATE|[19]|Bytes:18
11:38:30.0 (40161082)|HEAP_ALLOCATE|[19]|Bytes:75
11:38:30.0 (40177825)|USER_DEBUG|[19]|DEBUG|TaskHelper :: setupContactToReurnCallTasks :: item.WhatIda0K6F00000invBAUAY
11:38:30.0 (40189231)|HEAP_ALLOCATE|[20]|Bytes:12
11:38:30.0 (40941604)|HEAP_ALLOCATE|[20]|Bytes:4
11:38:30.0 (40982825)|HEAP_ALLOCATE|[20]|Bytes:3
11:38:30.0 (41014289)|STATEMENT_EXECUTE|[20]
11:38:30.0 (41041975)|HEAP_ALLOCATE|[16]|Bytes:5
11:38:30.0 (41060577)|VARIABLE_ASSIGNMENT|[16]|item|null|
11:38:30.0 (41067440)|STATEMENT_EXECUTE|[28]
11:38:30.0 (41085262)|HEAP_ALLOCATE|[28]|Bytes:72
11:38:30.0 (41107832)|HEAP_ALLOCATE|[28]|Bytes:4
11:38:30.0 (42402395)|SOQL_EXECUTE_BEGIN|[28]|Aggregations:0|SELECT Id, Account__c, Contact__c FROM Voicemail__c WHERE id IN :tmpVar1
11:38:30.0 (44176627)|SOQL_EXECUTE_END|[28]|Rows:0
11:38:30.0 (44207157)|HEAP_ALLOCATE|[28]|Bytes:4
11:38:30.0 (44221287)|HEAP_ALLOCATE|[28]|Bytes:0
11:38:30.0 (44297151)|HEAP_ALLOCATE|[28]|Bytes:4
11:38:30.0 (44312917)|VARIABLE_SCOPE_BEGIN|[28]|voicemails|List<Voicemail__c>|true|false
11:38:30.0 (44329498)|VARIABLE_ASSIGNMENT|[28]|voicemails|[]|0x7a017d09
11:38:30.0 (44502355)|HEAP_ALLOCATE|[29]|Bytes:5
11:38:30.0 (44528675)|VARIABLE_ASSIGNMENT|[29]|item|null|
11:38:30.0 (44537531)|STATEMENT_EXECUTE|[29]
11:38:30.0 (44582226)|HEAP_ALLOCATE|[34]|Bytes:5
11:38:30.0 (44602960)|HEAP_ALLOCATE|[34]|Bytes:4
11:38:30.0 (44612730)|VARIABLE_SCOPE_BEGIN|[34]|item|Task|true|false
11:38:30.0 (45628641)|VARIABLE_ASSIGNMENT|[34]|item|{"WhatId":"a0K6F00000invBAUAY","CallType":"Outbound","IsHighPriority":false,"IsClosed":false,"NVMStatsSF__NVM_Agent__c":"42","Is_Mobile_Number__c":true,"OwnerId":"0056F000008mXeBQAU","IsToday__c":false,"IsReminderSet":false,"Status":"Completed","IsDeleted":false,"WhoId":"0036F00002bpEB5QAM","NVMContactWorld__CW_Call_Start_Time__c":"2018-10-23T01:38:29.000Z","ActivityDate":"2018-10-23T00:00:00.000Z","Priority":"Normal","IsVisibleInSelfService":false,"NVMContactWorld__Was_Call_Recorded__c":false,"CurrencyIsoCode":"AUD","IsRecurrence":false,"Subject":"Outbound call to +61 (9 more) ...","IsArchived":false,"CallObject":"01669e92-be9e-834a-8 (16 more) ...","NVMContactWorld__Customer_Number__c":"+61419684308","NVMContactWorld__ContactWorld_Number__c":"61730884768","Day_of_the_Week__c":"Tuesday","Call_Duration_min__c":0.00,"Call_Monitored__c":false}|0x2cb6fdb1
11:38:30.0 (45651639)|STATEMENT_EXECUTE|[34]
11:38:30.0 (45654780)|STATEMENT_EXECUTE|[35]
11:38:30.0 (46729070)|VARIABLE_ASSIGNMENT|[35]|this.WhoId|null|0x2cb6fdb1
11:38:30.0 (46761905)|HEAP_ALLOCATE|[34]|Bytes:5
11:38:30.0 (46781096)|VARIABLE_ASSIGNMENT|[34]|item|null|
11:38:30.0 (46796569)|METHOD_EXIT|[8]|01p6F000009rWtF|TaskHelper.setupContactToReurnCallTasks(List<Task>)
11:38:30.46 (46810111)|CUMULATIVE_LIMIT_USAGE
11:38:30.46 (46810111)|LIMIT_USAGE_FOR_NS|(default)|
  Number of SOQL queries: 3 out of 100
  Number of query rows: 2 out of 50000
  Number of SOSL queries: 0 out of 20
  Number of DML statements: 0 out of 150
  Number of DML rows: 0 out of 10000
  Maximum CPU time: 0 out of 10000
  Maximum heap size: 0 out of 6000000
  Number of callouts: 0 out of 100
  Number of Email Invocations: 0 out of 10
  Number of future calls: 0 out of 50
  Number of queueable jobs added to the queue: 0 out of 50
  Number of Mobile Apex push calls: 0 out of 10

11:38:30.46 (46810111)|CUMULATIVE_LIMIT_USAGE_END

11:38:30.0 (48144070)|CODE_UNIT_FINISHED|TaskTrigger on Task trigger event BeforeInsert|__sfdc_trigger/TaskTrigger
11:38:30.0 (53483671)|CODE_UNIT_STARTED|[EXTERNAL]|Validation:Task:new
11:38:30.0 (53513948)|VALIDATION_RULE|03d6F000000qFaO|Finish_all_call_monitor_field
11:38:30.0 (54319622)|VALIDATION_FORMULA|AND(!ISBLANK(Monitored_By__c),
    OR(ISBLANK( TEXT(CM_advised_what_will_happen_next__c)),
       ISBLANK( TEXT(Allow_customer_to_present_concerns__c) ),
       ISBLANK( TEXT(Communication_is_clear_positive_confiden__c) ),
       ISBLANK( TEXT(Demonstrate_active_listening__c )),
       ISBLANK( TEXT(Gave_correct_answers_and_infomations__c) ),
       ISBLANK( TEXT(Mirrors_clients_talking_behaviour__c) ) ))|CM_advised_what_will_happen_next__c=null , Demonstrate_active_listening__c=null , Communication_is_clear_positive_confiden__c=null , Allow_customer_to_present_concerns__c=null , Gave_correct_answers_and_infomations__c=null , Mirrors_clients_talking_behaviour__c=null , Monitored_By__c=null
11:38:30.0 (54348887)|VALIDATION_PASS
11:38:30.0 (54352907)|VALIDATION_RULE|03d900000009JbB|Interac_Quality_Must_Be_Between_1_and_10
11:38:30.0 (54502609)|VALIDATION_FORMULA|NVMContactWorld__InteractionQuality__c < 1  &#124;&#124;  NVMContactWorld__InteractionQuality__c > 10|NVMContactWorld__InteractionQuality__c=null
11:38:30.0 (54519080)|VALIDATION_PASS
11:38:30.0 (54776908)|CODE_UNIT_FINISHED|Validation:Task:new
11:38:30.0 (103567783)|CODE_UNIT_STARTED|[EXTERNAL]|Workflow:Task
11:38:30.0 (112692168)|WF_RULE_EVAL_BEGIN|Workflow
11:38:30.0 (112725327)|WF_CRITERIA_BEGIN|[Task:  00T6F0000525hY3]|Update Call Monitor Details|01Q6F0000002Tdt|ON_CREATE_OR_TRIGGERING_UPDATE|0
11:38:30.0 (116215650)|WF_RULE_FILTER|[Task : Monitored By not equal to ]
11:38:30.0 (116249785)|WF_RULE_EVAL_VALUE|
11:38:30.0 (116257078)|WF_CRITERIA_END|false
11:38:30.0 (116282049)|WF_CRITERIA_BEGIN|[Task:  00T6F0000525hY3]|Update_Callback_Request_Due_Date3016F0000005i0e|01Q6F0000019gyq|ON_CREATE_ONLY|0
11:38:30.0 (116416740)|WF_FORMULA|Formula:ENCODED:[treatNullAsNull]true|Values:
11:38:30.0 (116428391)|WF_CRITERIA_END|true
11:38:30.0 (117423175)|WF_CRITERIA_BEGIN|[Task:  00T6F0000525hY3]|Call Back Request From LinX|01Q6F000001EY2L|ON_CREATE_OR_TRIGGERING_UPDATE|0
11:38:30.0 (117508002)|WF_RULE_FILTER|[Task : Subject equals Callback Request]
11:38:30.0 (117528394)|WF_RULE_EVAL_VALUE|Outbound call to +61419684308
11:38:30.0 (117533100)|WF_CRITERIA_END|false
11:38:30.0 (117541967)|WF_CRITERIA_BEGIN|[Task:  00T6F0000525hY3]|Call_Monitor3016F00000054R3|01Q6F000000oOu7|ON_ALL_CHANGES|0
11:38:30.0 (117592048)|WF_FORMULA|Formula:ENCODED:[treatNullAsNull]true|Values:
11:38:30.0 (117599001)|WF_CRITERIA_END|true
11:38:30.0 (117623577)|WF_SPOOL_ACTION_BEGIN|Workflow
11:38:30.0 (117651417)|WF_ACTION| Flow Trigger: 2;
11:38:30.0 (117656746)|WF_RULE_EVAL_END
11:38:30.0 (117713853)|WF_FLOW_ACTION_BEGIN|09L6F000000PWtL
11:38:30.119 (119310338)|FLOW_CREATE_INTERVIEW_BEGIN|00D90000000IJSa|3006F00000091km|3016F0000005i0e
11:38:30.119 (120026385)|FLOW_CREATE_INTERVIEW_END|39657a64df109a6bf5ad64ef91211669e809440-18d9|Update Callback Request Due Date
11:38:30.120 (120385050)|FLOW_START_INTERVIEWS_BEGIN|1
11:38:30.120 (120409198)|FLOW_START_INTERVIEW_BEGIN|39657a64df109a6bf5ad64ef91211669e809440-18d9|Update Callback Request Due Date
11:38:30.120 (124490684)|FLOW_START_INTERVIEW_END|39657a64df109a6bf5ad64ef91211669e809440-18d9|Update Callback Request Due Date
11:38:30.120 (124528188)|FLOW_START_INTERVIEWS_END|1
11:38:30.0 (125841113)|WF_FLOW_ACTION_END|09L6F000000PWtL
11:38:30.0 (125878173)|WF_FLOW_ACTION_BEGIN|09L6F000000PGTV
11:38:30.127 (127428910)|FLOW_CREATE_INTERVIEW_BEGIN|00D90000000IJSa|3006F0000008usA|3016F00000054R3
11:38:30.127 (130074989)|FLOW_CREATE_INTERVIEW_END|39667a64df109a6bf5ad64ef91211669e809440-18da|Call Monitoring
11:38:30.130 (130605874)|FLOW_START_INTERVIEWS_BEGIN|1
11:38:30.130 (130642709)|FLOW_START_INTERVIEW_BEGIN|39667a64df109a6bf5ad64ef91211669e809440-18da|Call Monitoring
11:38:30.130 (133198904)|FLOW_START_INTERVIEW_END|39667a64df109a6bf5ad64ef91211669e809440-18da|Call Monitoring
11:38:30.130 (133221380)|FLOW_START_INTERVIEWS_END|1
11:38:30.0 (133803462)|WF_FLOW_ACTION_END|09L6F000000PGTV
11:38:30.0 (133914746)|WF_ACTIONS_END| Flow Trigger: 2;
11:38:30.0 (133925017)|CODE_UNIT_FINISHED|Workflow:Task
11:38:30.0 (159265882)|CODE_UNIT_FINISHED|TRIGGERS
11:38:30.0 (159286919)|EXECUTION_FINISHED
