36.0 APEX_CODE,FINEST;APEX_PROFILING,INFO;CALLOUT,INFO;DB,INFO;NBA,INFO;SYSTEM,DEBUG;VALIDATION,INFO;VISUALFORCE,INFO;WAVE,INFO;WORKFLOW,INFO
11:41:51.0 (156965)|USER_INFO|[EXTERNAL]|00590000000Vmmq|ben@bjbglobal.com.au|Australian Eastern Standard Time|GMT+10:00
11:41:51.0 (211978)|EXECUTION_STARTED
11:41:51.0 (219694)|CODE_UNIT_STARTED|[EXTERNAL]|TRIGGERS
11:41:51.0 (265820)|CODE_UNIT_STARTED|[EXTERNAL]|01q6F000001IGJa|LinkCaseCallstoContact on Task trigger event BeforeInsert|__sfdc_trigger/LinkCaseCallstoContact
11:41:51.0 (312162)|HEAP_ALLOCATE|[EXTERNAL]|Bytes:8
11:41:51.0 (735898)|HEAP_ALLOCATE|[72]|Bytes:3
11:41:51.0 (773910)|HEAP_ALLOCATE|[77]|Bytes:152
11:41:51.0 (789296)|HEAP_ALLOCATE|[342]|Bytes:408
11:41:51.0 (802776)|HEAP_ALLOCATE|[355]|Bytes:408
11:41:51.0 (815100)|HEAP_ALLOCATE|[467]|Bytes:48
11:41:51.0 (843830)|HEAP_ALLOCATE|[139]|Bytes:6
11:41:51.0 (861120)|HEAP_ALLOCATE|[EXTERNAL]|Bytes:6
11:41:51.0 (874970)|HEAP_ALLOCATE|[EXTERNAL]|Bytes:4
11:41:51.0 (882003)|VARIABLE_SCOPE_BEGIN|[1]|this|LinkCaseCallstoContact|true|false
11:41:51.0 (917925)|VARIABLE_ASSIGNMENT|[1]|this|{}|0x3889e434
11:41:51.0 (981690)|HEAP_ALLOCATE|[EXTERNAL]|Bytes:4
11:41:51.0 (989920)|VARIABLE_SCOPE_BEGIN|[1]|this|LinkCaseCallstoContact|true|false
11:41:51.0 (1002787)|VARIABLE_ASSIGNMENT|[1]|this|{}|0x3889e434
11:41:51.0 (1012186)|STATEMENT_EXECUTE|[1]
11:41:51.0 (1047563)|HEAP_ALLOCATE|[50]|Bytes:5
11:41:51.0 (1069401)|HEAP_ALLOCATE|[56]|Bytes:5
11:41:51.0 (1078527)|HEAP_ALLOCATE|[64]|Bytes:7
11:41:51.0 (1396747)|HEAP_ALLOCATE|[2]|Bytes:5
11:41:51.0 (1436315)|HEAP_ALLOCATE|[2]|Bytes:4
11:41:51.0 (1447907)|VARIABLE_SCOPE_BEGIN|[2]|tsk|Task|true|false
11:41:51.0 (11270005)|VARIABLE_ASSIGNMENT|[2]|tsk|{"WhatId":"a196F00000CKmrHQAT","CallType":"Outbound","IsHighPriority":false,"IsClosed":false,"NVMStatsSF__NVM_Agent__c":"54","Is_Mobile_Number__c":false,"OwnerId":"0056F00000Aema4QAB","IsToday__c":false,"IsReminderSet":false,"Status":"Completed","IsDeleted":false,"NVMContactWorld__CW_Call_Start_Time__c":"2018-10-23T01:41:51.000Z","ActivityDate":"2018-10-23T00:00:00.000Z","Priority":"Normal","IsVisibleInSelfService":false,"NVMContactWorld__Was_Call_Recorded__c":false,"CurrencyIsoCode":"AUD","IsRecurrence":false,"Subject":"Outbound call to +61 (9 more) ...","IsArchived":false,"CallObject":"01669e95-d201-6b18-3 (16 more) ...","NVMContactWorld__Customer_Number__c":"+61897546276","NVMContactWorld__ContactWorld_Number__c":"61731530806","Day_of_the_Week__c":"Tuesday","Call_Duration_min__c":0.00,"Call_Monitored__c":false}|0x42bb4afd
11:41:51.0 (11311940)|STATEMENT_EXECUTE|[2]
11:41:51.0 (11384094)|HEAP_ALLOCATE|[4]|Bytes:8
11:41:51.0 (11469281)|STATEMENT_EXECUTE|[4]
11:41:51.0 (11473491)|STATEMENT_EXECUTE|[5]
11:41:51.0 (12666930)|USER_DEBUG|[5]|DEBUG|Task:{Id=null, WhoId=null, WhatId=a196F00000CKmrHQAT, Subject=Outbound call to +61897546276, ActivityDate=2018-10-23 00:00:00, Status=Completed, Priority=Normal, IsHighPriority=false, OwnerId=0056F00000Aema4QAB, Description=null, CurrencyIsoCode=AUD, Type=null, IsDeleted=false, AccountId=null, IsClosed=false, CreatedDate=null, CreatedById=null, LastModifiedDate=null, LastModifiedById=null, SystemModstamp=null, IsArchived=false, IsVisibleInSelfService=false, CallDurationInSeconds=null, CallType=Outbound, CallDisposition=null, CallObject=01669e95-d201-6b18-3882-8a5251629442, ReminderDateTime=null, IsReminderSet=false, ConnectionReceivedId=null, ConnectionSentId=null, RecurrenceActivityId=null, IsRecurrence=false, RecurrenceStartDateOnly=null, RecurrenceEndDateOnly=null, RecurrenceTimeZoneSidKey=null, RecurrenceType=null, RecurrenceInterval=null, RecurrenceDayOfWeekMask=null, RecurrenceDayOfMonth=null, RecurrenceInstance=null, RecurrenceMonthOfYear=null, RecurrenceRegeneratedType=null, TaskSubtype=null, NVMContactWorld__ACD__c=null, NVMContactWorld__CW_Call_End_Time__c=null, NVMContactWorld__CW_Call_Start_Time__c=2018-10-23 01:41:51, NVMContactWorld__CallRingTimeInSeconds__c=null, NVMContactWorld__CallTalkTimeInSeconds__c=null, NVMContactWorld__ContactWorld_Number__c=61731530806, NVMContactWorld__Customer_Number__c=+61897546276, NVMContactWorld__InteractionQuality__c=null, NVMContactWorld__Service_Name__c=null, NVMContactWorld__Was_Call_Recorded__c=false, Call_Monitored__c=false, Monitored_By__c=null, Call_Outcome_Result__c=null, Monitored_Date__c=null, Demonstrate_active_listening__c=null, Communication_is_clear_positive_confiden__c=null, Mirrors_clients_talking_behaviour__c=null, Built_Rapport__c=null, Allow_customer_to_present_concerns__c=null, Gave_correct_answers_and_infomations__c=null, CM_advised_what_will_happen_next__c=null, TL_Notes__c=null, Day_of_the_Week__c=Tuesday, Email_Received_Date__c=null, Email_Response_Time__c=null, Call_Duration_converted__c=null, Email_Received_Date_Business_Hour__c=null, NVMStatsSF__NVM_Agent__c=54, Is_Mobile_Number__c=false, Call_Duration_min__c=0.00, IsToday__c=false}
11:41:51.0 (12727300)|STATEMENT_EXECUTE|[6]
11:41:51.0 (12730823)|STATEMENT_EXECUTE|[6]
11:41:51.0 (12733642)|STATEMENT_EXECUTE|[7]
11:41:51.0 (12748734)|HEAP_ALLOCATE|[7]|Bytes:65
11:41:51.0 (12785499)|HEAP_ALLOCATE|[7]|Bytes:4
11:41:51.0 (12807316)|HEAP_ALLOCATE|[7]|Bytes:7
11:41:51.0 (13924018)|SOQL_EXECUTE_BEGIN|[7]|Aggregations:0|SELECT Id, Account__c, phone__c FROM Cases__c WHERE id = :tmpVar1
11:41:51.0 (16982109)|SOQL_EXECUTE_END|[7]|Rows:0
11:41:51.0 (17021177)|HEAP_ALLOCATE|[7]|Bytes:4
11:41:51.0 (17036514)|HEAP_ALLOCATE|[7]|Bytes:0
11:41:51.0 (17141117)|HEAP_ALLOCATE|[7]|Bytes:4
11:41:51.0 (17160978)|HEAP_ALLOCATE|[7]|Bytes:34
11:41:51.0 (17255063)|HEAP_ALLOCATE|[7]|Bytes:46
11:41:51.0 (17289640)|VARIABLE_SCOPE_BEGIN|[14]|e|Exception|true|false
11:41:51.0 (17580012)|VARIABLE_ASSIGNMENT|[14]|e|"common.apex.runtime.impl.ExecutionException: List has no rows for assignment to SObject"|0x437d30c4
11:41:51.0 (17596710)|STATEMENT_EXECUTE|[14]
11:41:51.0 (17599326)|STATEMENT_EXECUTE|[15]
11:41:51.0 (17659753)|HEAP_ALLOCATE|[15]|Bytes:42
11:41:51.0 (17685732)|USER_DEBUG|[15]|DEBUG|List has no rows for assignment to SObject
11:41:51.0 (17708053)|HEAP_ALLOCATE|[2]|Bytes:5
11:41:51.0 (17725956)|VARIABLE_ASSIGNMENT|[2]|tsk|null|
11:41:51.17 (17739999)|CUMULATIVE_LIMIT_USAGE
11:41:51.17 (17739999)|LIMIT_USAGE_FOR_NS|(default)|
  Number of SOQL queries: 1 out of 100
  Number of query rows: 0 out of 50000
  Number of SOSL queries: 0 out of 20
  Number of DML statements: 0 out of 150
  Number of DML rows: 0 out of 10000
  Maximum CPU time: 0 out of 10000
  Maximum heap size: 0 out of 6000000
  Number of callouts: 0 out of 100
  Number of Email Invocations: 0 out of 10
  Number of future calls: 0 out of 50
  Number of queueable jobs added to the queue: 0 out of 50
  Number of Mobile Apex push calls: 0 out of 10

11:41:51.17 (17739999)|CUMULATIVE_LIMIT_USAGE_END

11:41:51.0 (18816193)|CODE_UNIT_FINISHED|LinkCaseCallstoContact on Task trigger event BeforeInsert|__sfdc_trigger/LinkCaseCallstoContact
11:41:51.0 (22058724)|CODE_UNIT_STARTED|[EXTERNAL]|01q6F000001IKsI|TaskTrigger on Task trigger event BeforeInsert|__sfdc_trigger/TaskTrigger
11:41:51.0 (22109679)|HEAP_ALLOCATE|[EXTERNAL]|Bytes:8
11:41:51.0 (22211598)|HEAP_ALLOCATE|[EXTERNAL]|Bytes:4
11:41:51.0 (22224100)|VARIABLE_SCOPE_BEGIN|[5]|this|TaskTrigger|true|false
11:41:51.0 (22260000)|VARIABLE_ASSIGNMENT|[5]|this|{}|0x5050e955
11:41:51.0 (22321922)|HEAP_ALLOCATE|[EXTERNAL]|Bytes:4
11:41:51.0 (22331623)|VARIABLE_SCOPE_BEGIN|[5]|this|TaskTrigger|true|false
11:41:51.0 (22346542)|VARIABLE_ASSIGNMENT|[5]|this|{}|0x5050e955
11:41:51.0 (22357923)|STATEMENT_EXECUTE|[5]
11:41:51.0 (22383434)|STATEMENT_EXECUTE|[6]
11:41:51.0 (22385436)|STATEMENT_EXECUTE|[7]
11:41:51.0 (24787473)|VARIABLE_SCOPE_BEGIN|[2]|TaskHelper.TASK_STATUS|String|false|true
11:41:51.0 (24809026)|VARIABLE_SCOPE_BEGIN|[3]|TaskHelper.TASK_SUBJECT|String|false|true
11:41:51.0 (24821006)|VARIABLE_SCOPE_BEGIN|[4]|TaskHelper.TASK_TYPE|String|false|true
11:41:51.0 (24885380)|HEAP_ALLOCATE|[7]|Bytes:4
11:41:51.0 (24900048)|HEAP_ALLOCATE|[7]|Bytes:2
11:41:51.0 (24927740)|METHOD_ENTRY|[1]|01p6F000009rWtF|TaskHelper.TaskHelper()
11:41:51.0 (24938197)|STATEMENT_EXECUTE|[1]
11:41:51.0 (24943968)|STATEMENT_EXECUTE|[1]
11:41:51.0 (24946689)|STATEMENT_EXECUTE|[2]
11:41:51.0 (24961462)|HEAP_ALLOCATE|[2]|Bytes:9
11:41:51.0 (24987849)|VARIABLE_ASSIGNMENT|[2]|TaskHelper.TASK_STATUS|"Completed"
11:41:51.0 (24996917)|STATEMENT_EXECUTE|[3]
11:41:51.0 (25006473)|HEAP_ALLOCATE|[3]|Bytes:16
11:41:51.0 (25021709)|VARIABLE_ASSIGNMENT|[3]|TaskHelper.TASK_SUBJECT|"Outbound call to"
11:41:51.0 (25029089)|STATEMENT_EXECUTE|[4]
11:41:51.0 (25045099)|VARIABLE_ASSIGNMENT|[4]|TaskHelper.TASK_TYPE|"Outbound"
11:41:51.0 (25072871)|METHOD_EXIT|[1]|TaskHelper
11:41:51.0 (25099749)|HEAP_ALLOCATE|[7]|Bytes:4
11:41:51.0 (25126116)|CONSTRUCTOR_ENTRY|[7]|01p6F000009rWtF|<init>()|TaskHelper
11:41:51.0 (25166720)|VARIABLE_SCOPE_BEGIN|[1]|this|TaskHelper|true|false
11:41:51.0 (25197295)|VARIABLE_ASSIGNMENT|[1]|this|{}|0x3e1e4a60
11:41:51.0 (25217170)|HEAP_ALLOCATE|[EXTERNAL]|Bytes:6
11:41:51.0 (25282558)|STATEMENT_EXECUTE|[1]
11:41:51.0 (25293489)|CONSTRUCTOR_EXIT|[7]|01p6F000009rWtF|<init>()|TaskHelper
11:41:51.0 (25307646)|VARIABLE_SCOPE_BEGIN|[7]|helper|TaskHelper|true|false
11:41:51.0 (25332399)|VARIABLE_ASSIGNMENT|[7]|helper|{}|0x3e1e4a60
11:41:51.0 (25343022)|STATEMENT_EXECUTE|[8]
11:41:51.0 (25439355)|METHOD_ENTRY|[8]|01p6F000009rWtF|TaskHelper.setupContactToReurnCallTasks(List<Task>)
11:41:51.0 (25482074)|VARIABLE_SCOPE_BEGIN|[11]|this|TaskHelper|true|false
11:41:51.0 (25507468)|VARIABLE_ASSIGNMENT|[11]|this|{}|0x3e1e4a60
11:41:51.0 (25519160)|VARIABLE_SCOPE_BEGIN|[11]|newTasks|List<Task>|true|false
11:41:51.0 (26990371)|VARIABLE_ASSIGNMENT|[11]|newTasks|[{"WhatId":"a196F00000CKmrHQAT","CallType":"Outbound","IsHighPriority":false,"IsClosed":false,"NVMStatsSF__NVM_Agent__c":"54","Is_Mobile_Number__c":false,"OwnerId":"0056F00000Aema4QAB","IsToday__c":false,"IsReminderSet":false,"Status":"Completed","IsDeleted":false,"NVMContactWorld__CW_Call_Start_Time__c":"2018-10-23T01:41:51.000Z","ActivityDate":"2018-10-23T00:00:00.000Z","Priority":"Normal","IsVisibleInSelfService":false,"NVMContactWorld__Was_Call_Recorded__c":false,"CurrencyIsoCode":"AUD","IsRecurrence":false,"Subject":"Outbound call to +61 (9 more) ...","IsArchived":false,"CallObject":"01669e95-d201-6b18-3 (16 more) ...","NVMContactWorld__Customer_Number__c":"+61897546276","NVMContactWorld__ContactWorld_Number__c":"61731530806","Day_of_the_Week__c":"Tuesday","Call_Duration_min__c":0.00,"Call_Monitored__c":false}]|0x6719f205
11:41:51.0 (27026380)|STATEMENT_EXECUTE|[11]
11:41:51.0 (27030189)|STATEMENT_EXECUTE|[12]
11:41:51.0 (27070060)|HEAP_ALLOCATE|[12]|Bytes:4
11:41:51.0 (27143125)|VARIABLE_SCOPE_BEGIN|[12]|voicemailIds|List<Id>|true|false
11:41:51.0 (27189155)|HEAP_ALLOCATE|[EXTERNAL]|Bytes:4
11:41:51.0 (27207843)|VARIABLE_ASSIGNMENT|[12]|voicemailIds|[]|0x2b18e9cc
11:41:51.0 (27218927)|STATEMENT_EXECUTE|[13]
11:41:51.0 (27251202)|HEAP_ALLOCATE|[13]|Bytes:4
11:41:51.0 (27275513)|VARIABLE_SCOPE_BEGIN|[13]|contactIds|Map<Id,Id>|true|false
11:41:51.0 (27302022)|VARIABLE_ASSIGNMENT|[13]|contactIds|{}|0x22a3ad5c
11:41:51.0 (27310822)|STATEMENT_EXECUTE|[14]
11:41:51.0 (27330088)|HEAP_ALLOCATE|[14]|Bytes:4
11:41:51.0 (27411558)|VARIABLE_SCOPE_BEGIN|[14]|results|List<Task>|true|false
11:41:51.0 (27426039)|HEAP_ALLOCATE|[EXTERNAL]|Bytes:4
11:41:51.0 (27436404)|VARIABLE_ASSIGNMENT|[14]|results|[]|0x595a030d
11:41:51.0 (27495688)|HEAP_ALLOCATE|[16]|Bytes:5
11:41:51.0 (27527110)|HEAP_ALLOCATE|[16]|Bytes:4
11:41:51.0 (27543228)|VARIABLE_SCOPE_BEGIN|[16]|item|Task|true|false
11:41:51.0 (28626326)|VARIABLE_ASSIGNMENT|[16]|item|{"WhatId":"a196F00000CKmrHQAT","CallType":"Outbound","IsHighPriority":false,"IsClosed":false,"NVMStatsSF__NVM_Agent__c":"54","Is_Mobile_Number__c":false,"OwnerId":"0056F00000Aema4QAB","IsToday__c":false,"IsReminderSet":false,"Status":"Completed","IsDeleted":false,"NVMContactWorld__CW_Call_Start_Time__c":"2018-10-23T01:41:51.000Z","ActivityDate":"2018-10-23T00:00:00.000Z","Priority":"Normal","IsVisibleInSelfService":false,"NVMContactWorld__Was_Call_Recorded__c":false,"CurrencyIsoCode":"AUD","IsRecurrence":false,"Subject":"Outbound call to +61 (9 more) ...","IsArchived":false,"CallObject":"01669e95-d201-6b18-3 (16 more) ...","NVMContactWorld__Customer_Number__c":"+61897546276","NVMContactWorld__ContactWorld_Number__c":"61731530806","Day_of_the_Week__c":"Tuesday","Call_Duration_min__c":0.00,"Call_Monitored__c":false}|0x42bb4afd
11:41:51.0 (28647802)|STATEMENT_EXECUTE|[16]
11:41:51.0 (28812661)|STATEMENT_EXECUTE|[17]
11:41:51.0 (28815886)|STATEMENT_EXECUTE|[18]
11:41:51.0 (28855452)|HEAP_ALLOCATE|[18]|Bytes:18
11:41:51.0 (28875925)|HEAP_ALLOCATE|[18]|Bytes:18
11:41:51.0 (28886235)|VARIABLE_SCOPE_BEGIN|[18]|voicemailId|String|false|false
11:41:51.0 (28899916)|VARIABLE_ASSIGNMENT|[18]|voicemailId|"a196F00000CKmrHQAT"
11:41:51.0 (28904788)|STATEMENT_EXECUTE|[19]
11:41:51.0 (28913392)|HEAP_ALLOCATE|[19]|Bytes:57
11:41:51.0 (28940191)|HEAP_ALLOCATE|[19]|Bytes:18
11:41:51.0 (28952596)|HEAP_ALLOCATE|[19]|Bytes:75
11:41:51.0 (28975441)|USER_DEBUG|[19]|DEBUG|TaskHelper :: setupContactToReurnCallTasks :: item.WhatIda196F00000CKmrHQAT
11:41:51.0 (28997265)|HEAP_ALLOCATE|[20]|Bytes:12
11:41:51.0 (29320853)|HEAP_ALLOCATE|[20]|Bytes:4
11:41:51.0 (29354497)|HEAP_ALLOCATE|[20]|Bytes:3
11:41:51.0 (29380090)|STATEMENT_EXECUTE|[20]
11:41:51.0 (29399735)|HEAP_ALLOCATE|[16]|Bytes:5
11:41:51.0 (29416930)|VARIABLE_ASSIGNMENT|[16]|item|null|
11:41:51.0 (29424112)|STATEMENT_EXECUTE|[28]
11:41:51.0 (29431502)|HEAP_ALLOCATE|[28]|Bytes:72
11:41:51.0 (29449404)|HEAP_ALLOCATE|[28]|Bytes:4
11:41:51.0 (29958234)|SOQL_EXECUTE_BEGIN|[28]|Aggregations:0|SELECT Id, Account__c, Contact__c FROM Voicemail__c WHERE id IN :tmpVar1
11:41:51.0 (31811139)|SOQL_EXECUTE_END|[28]|Rows:0
11:41:51.0 (31842475)|HEAP_ALLOCATE|[28]|Bytes:4
11:41:51.0 (31855712)|HEAP_ALLOCATE|[28]|Bytes:0
11:41:51.0 (31934784)|HEAP_ALLOCATE|[28]|Bytes:4
11:41:51.0 (31951605)|VARIABLE_SCOPE_BEGIN|[28]|voicemails|List<Voicemail__c>|true|false
11:41:51.0 (31970738)|VARIABLE_ASSIGNMENT|[28]|voicemails|[]|0x3129310a
11:41:51.0 (32164407)|HEAP_ALLOCATE|[29]|Bytes:5
11:41:51.0 (32188017)|VARIABLE_ASSIGNMENT|[29]|item|null|
11:41:51.0 (32195272)|STATEMENT_EXECUTE|[29]
11:41:51.0 (32237070)|HEAP_ALLOCATE|[34]|Bytes:5
11:41:51.0 (32255481)|HEAP_ALLOCATE|[34]|Bytes:4
11:41:51.0 (32264328)|VARIABLE_SCOPE_BEGIN|[34]|item|Task|true|false
11:41:51.0 (33200661)|VARIABLE_ASSIGNMENT|[34]|item|{"WhatId":"a196F00000CKmrHQAT","CallType":"Outbound","IsHighPriority":false,"IsClosed":false,"NVMStatsSF__NVM_Agent__c":"54","Is_Mobile_Number__c":false,"OwnerId":"0056F00000Aema4QAB","IsToday__c":false,"IsReminderSet":false,"Status":"Completed","IsDeleted":false,"NVMContactWorld__CW_Call_Start_Time__c":"2018-10-23T01:41:51.000Z","ActivityDate":"2018-10-23T00:00:00.000Z","Priority":"Normal","IsVisibleInSelfService":false,"NVMContactWorld__Was_Call_Recorded__c":false,"CurrencyIsoCode":"AUD","IsRecurrence":false,"Subject":"Outbound call to +61 (9 more) ...","IsArchived":false,"CallObject":"01669e95-d201-6b18-3 (16 more) ...","NVMContactWorld__Customer_Number__c":"+61897546276","NVMContactWorld__ContactWorld_Number__c":"61731530806","Day_of_the_Week__c":"Tuesday","Call_Duration_min__c":0.00,"Call_Monitored__c":false}|0x42bb4afd
11:41:51.0 (33222142)|STATEMENT_EXECUTE|[34]
11:41:51.0 (33224582)|STATEMENT_EXECUTE|[35]
11:41:51.0 (34059811)|VARIABLE_ASSIGNMENT|[35]|this.WhoId|null|0x42bb4afd
11:41:51.0 (34094282)|HEAP_ALLOCATE|[34]|Bytes:5
11:41:51.0 (34113118)|VARIABLE_ASSIGNMENT|[34]|item|null|
11:41:51.0 (34127236)|METHOD_EXIT|[8]|01p6F000009rWtF|TaskHelper.setupContactToReurnCallTasks(List<Task>)
11:41:51.34 (34140840)|CUMULATIVE_LIMIT_USAGE
11:41:51.34 (34140840)|LIMIT_USAGE_FOR_NS|(default)|
  Number of SOQL queries: 2 out of 100
  Number of query rows: 0 out of 50000
  Number of SOSL queries: 0 out of 20
  Number of DML statements: 0 out of 150
  Number of DML rows: 0 out of 10000
  Maximum CPU time: 0 out of 10000
  Maximum heap size: 0 out of 6000000
  Number of callouts: 0 out of 100
  Number of Email Invocations: 0 out of 10
  Number of future calls: 0 out of 50
  Number of queueable jobs added to the queue: 0 out of 50
  Number of Mobile Apex push calls: 0 out of 10

11:41:51.34 (34140840)|CUMULATIVE_LIMIT_USAGE_END

11:41:51.0 (35220643)|CODE_UNIT_FINISHED|TaskTrigger on Task trigger event BeforeInsert|__sfdc_trigger/TaskTrigger
11:41:51.0 (38778411)|CODE_UNIT_STARTED|[EXTERNAL]|Validation:Task:new
11:41:51.0 (38798340)|VALIDATION_RULE|03d6F000000qFaO|Finish_all_call_monitor_field
11:41:51.0 (39279431)|VALIDATION_FORMULA|AND(!ISBLANK(Monitored_By__c),
    OR(ISBLANK( TEXT(CM_advised_what_will_happen_next__c)),
       ISBLANK( TEXT(Allow_customer_to_present_concerns__c) ),
       ISBLANK( TEXT(Communication_is_clear_positive_confiden__c) ),
       ISBLANK( TEXT(Demonstrate_active_listening__c )),
       ISBLANK( TEXT(Gave_correct_answers_and_infomations__c) ),
       ISBLANK( TEXT(Mirrors_clients_talking_behaviour__c) ) ))|CM_advised_what_will_happen_next__c=null , Demonstrate_active_listening__c=null , Communication_is_clear_positive_confiden__c=null , Allow_customer_to_present_concerns__c=null , Gave_correct_answers_and_infomations__c=null , Mirrors_clients_talking_behaviour__c=null , Monitored_By__c=null
11:41:51.0 (39297458)|VALIDATION_PASS
11:41:51.0 (39300316)|VALIDATION_RULE|03d900000009JbB|Interac_Quality_Must_Be_Between_1_and_10
11:41:51.0 (39392855)|VALIDATION_FORMULA|NVMContactWorld__InteractionQuality__c < 1  &#124;&#124;  NVMContactWorld__InteractionQuality__c > 10|NVMContactWorld__InteractionQuality__c=null
11:41:51.0 (39402769)|VALIDATION_PASS
11:41:51.0 (39655556)|CODE_UNIT_FINISHED|Validation:Task:new
11:41:51.0 (104943881)|CODE_UNIT_STARTED|[EXTERNAL]|Workflow:Task
11:41:51.0 (115696019)|WF_RULE_EVAL_BEGIN|Workflow
11:41:51.0 (115740111)|WF_CRITERIA_BEGIN|[Task:  00T6F0000525hmF]|Update Call Monitor Details|01Q6F0000002Tdt|ON_CREATE_OR_TRIGGERING_UPDATE|0
11:41:51.0 (118774617)|WF_RULE_FILTER|[Task : Monitored By not equal to ]
11:41:51.0 (118799797)|WF_RULE_EVAL_VALUE|
11:41:51.0 (118804305)|WF_CRITERIA_END|false
11:41:51.0 (118815317)|WF_CRITERIA_BEGIN|[Task:  00T6F0000525hmF]|Update_Callback_Request_Due_Date3016F0000005i0e|01Q6F0000019gyq|ON_CREATE_ONLY|0
11:41:51.0 (118934187)|WF_FORMULA|Formula:ENCODED:[treatNullAsNull]true|Values:
11:41:51.0 (118945482)|WF_CRITERIA_END|true
11:41:51.0 (119775504)|WF_CRITERIA_BEGIN|[Task:  00T6F0000525hmF]|Call Back Request From LinX|01Q6F000001EY2L|ON_CREATE_OR_TRIGGERING_UPDATE|0
11:41:51.0 (119846558)|WF_RULE_FILTER|[Task : Subject equals Callback Request]
11:41:51.0 (119868495)|WF_RULE_EVAL_VALUE|Outbound call to +61897546276
11:41:51.0 (119874150)|WF_CRITERIA_END|false
11:41:51.0 (119883393)|WF_CRITERIA_BEGIN|[Task:  00T6F0000525hmF]|Call_Monitor3016F00000054R3|01Q6F000000oOu7|ON_ALL_CHANGES|0
11:41:51.0 (119935135)|WF_FORMULA|Formula:ENCODED:[treatNullAsNull]true|Values:
11:41:51.0 (119942117)|WF_CRITERIA_END|true
11:41:51.0 (119960525)|WF_SPOOL_ACTION_BEGIN|Workflow
11:41:51.0 (119990599)|WF_ACTION| Flow Trigger: 2;
11:41:51.0 (119996721)|WF_RULE_EVAL_END
11:41:51.0 (121443313)|WF_FLOW_ACTION_BEGIN|09L6F000000PWtL
11:41:51.122 (122997765)|FLOW_CREATE_INTERVIEW_BEGIN|00D90000000IJSa|3006F00000091km|3016F0000005i0e
11:41:51.122 (123657256)|FLOW_CREATE_INTERVIEW_END|95167a64df109a6bf5ad64ef91211669e809440-34f9|Update Callback Request Due Date
11:41:51.124 (124077446)|FLOW_START_INTERVIEWS_BEGIN|1
11:41:51.124 (124105063)|FLOW_START_INTERVIEW_BEGIN|95167a64df109a6bf5ad64ef91211669e809440-34f9|Update Callback Request Due Date
11:41:51.124 (126680465)|FLOW_START_INTERVIEW_END|95167a64df109a6bf5ad64ef91211669e809440-34f9|Update Callback Request Due Date
11:41:51.124 (126702003)|FLOW_START_INTERVIEWS_END|1
11:41:51.0 (128150244)|WF_FLOW_ACTION_END|09L6F000000PWtL
11:41:51.0 (128195050)|WF_FLOW_ACTION_BEGIN|09L6F000000PGTV
11:41:51.129 (129920819)|FLOW_CREATE_INTERVIEW_BEGIN|00D90000000IJSa|3006F0000008usA|3016F00000054R3
11:41:51.129 (130733593)|FLOW_CREATE_INTERVIEW_END|95177a64df109a6bf5ad64ef91211669e809440-34fa|Call Monitoring
11:41:51.131 (131126186)|FLOW_START_INTERVIEWS_BEGIN|1
11:41:51.131 (131149327)|FLOW_START_INTERVIEW_BEGIN|95177a64df109a6bf5ad64ef91211669e809440-34fa|Call Monitoring
11:41:51.131 (133223924)|FLOW_START_INTERVIEW_END|95177a64df109a6bf5ad64ef91211669e809440-34fa|Call Monitoring
11:41:51.131 (133244379)|FLOW_START_INTERVIEWS_END|1
11:41:51.0 (134449406)|WF_FLOW_ACTION_END|09L6F000000PGTV
11:41:51.0 (134566880)|WF_ACTIONS_END| Flow Trigger: 2;
11:41:51.0 (134577755)|CODE_UNIT_FINISHED|Workflow:Task
11:41:51.0 (165718167)|CODE_UNIT_FINISHED|TRIGGERS
11:41:51.0 (165739853)|EXECUTION_FINISHED
