31.0 APEX_CODE,FINEST;APEX_PROFILING,INFO;CALLOUT,INFO;DB,INFO;NBA,INFO;SYSTEM,DEBUG;VALIDATION,INFO;VISUALFORCE,INFO;WAVE,INFO;WORKFLOW,INFO
18:45:51.0 (368989)|USER_INFO|[EXTERNAL]|0056F000006HQLx|checkout_slx@bjbglobal.force.com|Australian Eastern Standard Time|GMT+10:00
18:45:51.0 (416097)|EXECUTION_STARTED
18:45:51.0 (422872)|CODE_UNIT_STARTED|[EXTERNAL]|0666F000005libo|VF: /apex/CheckoutMain_slx
18:45:51.0 (3329554)|VF_DESERIALIZE_VIEWSTATE_BEGIN|0666F000005libo
18:45:51.0 (17454985)|HEAP_ALLOCATE|[72]|Bytes:3
18:45:51.0 (17496305)|HEAP_ALLOCATE|[77]|Bytes:152
18:45:51.0 (17510399)|HEAP_ALLOCATE|[342]|Bytes:408
18:45:51.0 (17524411)|HEAP_ALLOCATE|[355]|Bytes:408
18:45:51.0 (17535950)|HEAP_ALLOCATE|[467]|Bytes:48
18:45:51.0 (17562884)|HEAP_ALLOCATE|[139]|Bytes:6
18:45:51.0 (27619347)|HEAP_ALLOCATE|[50]|Bytes:5
18:45:51.0 (27666500)|HEAP_ALLOCATE|[56]|Bytes:5
18:45:51.0 (27681384)|HEAP_ALLOCATE|[64]|Bytes:7
18:45:51.0 (33529165)|VF_DESERIALIZE_VIEWSTATE_END
18:45:51.34 (34740425)|SYSTEM_MODE_ENTER|true
18:45:51.34 (34852015)|HEAP_ALLOCATE|[EXTERNAL]|Bytes:38
18:45:51.34 (34869662)|HEAP_ALLOCATE|[EXTERNAL]|Bytes:7
18:45:51.36 (36169755)|SYSTEM_MODE_ENTER|true
18:45:51.36 (36253514)|HEAP_ALLOCATE|[EXTERNAL]|Bytes:8
18:45:51.36 (36265688)|VARIABLE_SCOPE_BEGIN|[88]|this|ApexPage.PageMessagesComponentController|true|false
18:45:51.36 (36317967)|VARIABLE_ASSIGNMENT|[88]|this|{}|0x1af3ee2d
18:45:51.36 (36329436)|VARIABLE_SCOPE_BEGIN|[88]|escape|Boolean|false|false
18:45:51.36 (36343696)|VARIABLE_ASSIGNMENT|[88]|escape|null
18:45:51.0 (36806972)|SYSTEM_MODE_ENTER|true
18:45:51.0 (37140925)|HEAP_ALLOCATE|[EXTERNAL]|Bytes:660
18:45:51.0 (37168860)|HEAP_ALLOCATE|[EXTERNAL]|Bytes:270
18:45:51.0 (37178794)|HEAP_ALLOCATE|[EXTERNAL]|Bytes:163
18:45:51.0 (37196768)|METHOD_ENTRY|[1]|01p6F000006He6M|CheckoutController.CheckoutController()
18:45:51.0 (37206781)|STATEMENT_EXECUTE|[1]
18:45:51.0 (37212270)|STATEMENT_EXECUTE|[1]
18:45:51.0 (37225786)|SYSTEM_MODE_ENTER|false
18:45:51.0 (37238505)|HEAP_ALLOCATE|[EXTERNAL]|Bytes:5
18:45:51.0 (37252440)|SYSTEM_MODE_EXIT|false
18:45:51.0 (37266117)|METHOD_EXIT|[1]|CheckoutController
18:45:51.0 (37289363)|HEAP_ALLOCATE|[EXTERNAL]|Bytes:184
18:45:51.0 (37299918)|VARIABLE_SCOPE_BEGIN|[857]|this|CheckoutController|true|false
18:45:51.0 (37558520)|VARIABLE_ASSIGNMENT|[857]|this|{"acc":"0xdcca82f","bjbCompany":"0x6526e3ac","cardDetails":"0x159087d0","companyName":"SponsoredLinX","emailSignupAddress":"signup@sponsoredlinx (4 more) ...","fromSource":"sponsoredlinx.com.au","locale":"AUD","mailing_address":true,"mycart":"0x3d04c9cf","mySite":"0x55e19390","packages":"0x7882103","paymentType":"Credit Card","paymentTypesEnabled":"0x16b78825","signup":"0xde6618d","siteName":"checkout_SLX"}|0x424558f2
18:45:51.0 (37591314)|SYSTEM_MODE_ENTER|false
18:45:51.0 (37603064)|HEAP_ALLOCATE|[858]|Bytes:5
18:45:51.0 (37611198)|STATEMENT_EXECUTE|[857]
18:45:51.0 (37614066)|STATEMENT_EXECUTE|[858]
18:45:51.0 (37640930)|HEAP_ALLOCATE|[858]|Bytes:29
18:45:51.0 (37650363)|HEAP_ALLOCATE|[858]|Bytes:26
18:45:51.0 (37670399)|METHOD_ENTRY|[1]|01p6F000006He6K|Cart.Cart()
18:45:51.0 (37678392)|STATEMENT_EXECUTE|[1]
18:45:51.0 (37684277)|STATEMENT_EXECUTE|[1]
18:45:51.0 (37687145)|STATEMENT_EXECUTE|[7]
18:45:51.0 (37689914)|STATEMENT_EXECUTE|[17]
18:45:51.0 (37696134)|METHOD_EXIT|[1]|Cart
18:45:51.0 (37764213)|HEAP_ALLOCATE|[858]|Bytes:5
18:45:51.0 (37776350)|SYSTEM_MODE_EXIT|false
18:45:51.0 (37784083)|HEAP_ALLOCATE|[858]|Bytes:5
18:45:51.0 (37934619)|SYSTEM_MODE_ENTER|true
18:45:51.0 (37997985)|HEAP_ALLOCATE|[EXTERNAL]|Bytes:184
18:45:51.0 (38012897)|VARIABLE_SCOPE_BEGIN|[766]|this|CheckoutController|true|false
18:45:51.0 (38135232)|VARIABLE_ASSIGNMENT|[766]|this|{"acc":"0xdcca82f","bjbCompany":"0x6526e3ac","cardDetails":"0x159087d0","companyName":"SponsoredLinX","emailSignupAddress":"signup@sponsoredlinx (4 more) ...","fromSource":"sponsoredlinx.com.au","locale":"AUD","mailing_address":true,"mycart":"0x3d04c9cf","mySite":"0x55e19390","packages":"0x7882103","paymentType":"Credit Card","paymentTypesEnabled":"0x16b78825","signup":"0xde6618d","siteName":"checkout_SLX"}|0x424558f2
18:45:51.0 (38164720)|SYSTEM_MODE_ENTER|false
18:45:51.0 (38173016)|HEAP_ALLOCATE|[768]|Bytes:5
18:45:51.0 (38178659)|STATEMENT_EXECUTE|[766]
18:45:51.0 (38183830)|STATEMENT_EXECUTE|[768]
18:45:51.0 (38192994)|STATEMENT_EXECUTE|[788]
18:45:51.0 (38199738)|SYSTEM_MODE_EXIT|false
18:45:51.0 (38405956)|HEAP_ALLOCATE|[EXTERNAL]|Bytes:236
18:45:51.0 (38417060)|HEAP_ALLOCATE|[EXTERNAL]|Bytes:32
18:45:51.0 (38426241)|METHOD_ENTRY|[1]|01p6F000006He6L|CartItem.CartItem()
18:45:51.0 (38431229)|STATEMENT_EXECUTE|[1]
18:45:51.0 (38434472)|STATEMENT_EXECUTE|[1]
18:45:51.0 (38439036)|METHOD_EXIT|[1]|CartItem
18:45:51.0 (38735258)|SYSTEM_MODE_ENTER|true
18:45:51.0 (38784541)|HEAP_ALLOCATE|[EXTERNAL]|Bytes:184
18:45:51.0 (38794077)|VARIABLE_SCOPE_BEGIN|[811]|this|CheckoutController|true|false
18:45:51.0 (38886834)|VARIABLE_ASSIGNMENT|[811]|this|{"acc":"0xdcca82f","bjbCompany":"0x6526e3ac","cardDetails":"0x159087d0","companyName":"SponsoredLinX","emailSignupAddress":"signup@sponsoredlinx (4 more) ...","fromSource":"sponsoredlinx.com.au","locale":"AUD","mailing_address":true,"mycart":"0x3d04c9cf","mySite":"0x55e19390","packages":"0x7882103","paymentType":"Credit Card","paymentTypesEnabled":"0x16b78825","signup":"0xde6618d","siteName":"checkout_SLX"}|0x424558f2
18:45:51.0 (38906207)|SYSTEM_MODE_ENTER|false
18:45:51.0 (38914089)|HEAP_ALLOCATE|[812]|Bytes:5
18:45:51.0 (38919587)|STATEMENT_EXECUTE|[811]
18:45:51.0 (38921766)|STATEMENT_EXECUTE|[812]
18:45:51.0 (38946656)|HEAP_ALLOCATE|[812]|Bytes:4
18:45:51.0 (38962297)|VARIABLE_SCOPE_BEGIN|[812]|totals|Map<String,Decimal>|true|false
18:45:51.0 (38983412)|VARIABLE_ASSIGNMENT|[812]|totals|{}|0x5328d509
18:45:51.0 (38989926)|STATEMENT_EXECUTE|[814]
18:45:51.0 (38998797)|VARIABLE_SCOPE_BEGIN|[814]|description|String|false|false
18:45:51.0 (39009864)|VARIABLE_ASSIGNMENT|[814]|description|""
18:45:51.0 (39090438)|METHOD_ENTRY|[817]|01p6F000006He6M|CheckoutController.getPackages()
18:45:51.0 (39107544)|VARIABLE_SCOPE_BEGIN|[766]|this|CheckoutController|true|false
18:45:51.0 (39211745)|VARIABLE_ASSIGNMENT|[766]|this|{"acc":"0xdcca82f","bjbCompany":"0x6526e3ac","cardDetails":"0x159087d0","companyName":"SponsoredLinX","emailSignupAddress":"signup@sponsoredlinx (4 more) ...","fromSource":"sponsoredlinx.com.au","locale":"AUD","mailing_address":true,"mycart":"0x3d04c9cf","mySite":"0x55e19390","packages":"0x7882103","paymentType":"Credit Card","paymentTypesEnabled":"0x16b78825","signup":"0xde6618d","siteName":"checkout_SLX"}|0x424558f2
18:45:51.0 (39230659)|HEAP_ALLOCATE|[768]|Bytes:5
18:45:51.0 (39235989)|STATEMENT_EXECUTE|[766]
18:45:51.0 (39239037)|STATEMENT_EXECUTE|[768]
18:45:51.0 (39246894)|STATEMENT_EXECUTE|[788]
18:45:51.0 (39258130)|METHOD_EXIT|[817]|01p6F000006He6M|CheckoutController.getPackages()
18:45:51.0 (39416494)|HEAP_ALLOCATE|[817]|Bytes:5
18:45:51.0 (39441874)|HEAP_ALLOCATE|[817]|Bytes:12
18:45:51.0 (39451554)|VARIABLE_SCOPE_BEGIN|[817]|items|List<CartItem>|true|false
18:45:51.0 (39523078)|VARIABLE_ASSIGNMENT|[817]|items|[{"discount":0.00,"isGhost":false,"priceGross":399.00,"priceNet":399.00,"product":"0x66855499","qty":1},{"discount":0.00,"isGhost":false,"priceGross":139.00,"priceNet":139.00,"product":"0x731045dd","qty":1}]|0x38d8f9d5
18:45:51.0 (39533000)|STATEMENT_EXECUTE|[817]
18:45:51.0 (39634886)|HEAP_ALLOCATE|[818]|Bytes:5
18:45:51.0 (39654802)|HEAP_ALLOCATE|[818]|Bytes:36
18:45:51.0 (39662362)|VARIABLE_SCOPE_BEGIN|[818]|item|CartItem|true|false
18:45:51.0 (39694641)|VARIABLE_ASSIGNMENT|[818]|item|{"discount":0.00,"isGhost":false,"priceGross":399.00,"priceNet":399.00,"product":"0x66855499","qty":1}|0x68c0d4a
18:45:51.0 (39701347)|STATEMENT_EXECUTE|[818]
18:45:51.0 (39703525)|STATEMENT_EXECUTE|[819]
18:45:51.0 (39714030)|HEAP_ALLOCATE|[819]|Bytes:5
18:45:51.0 (39720328)|VARIABLE_SCOPE_BEGIN|[819]|totalType|String|false|false
18:45:51.0 (39730492)|VARIABLE_ASSIGNMENT|[819]|totalType|"setup"
18:45:51.0 (39781626)|VARIABLE_ASSIGNMENT|[EXTERNAL]|this|{"discount":0.00,"isGhost":false,"priceGross":399.00,"priceNet":399.00,"product":"0x66855499","qty":1}|0x68c0d4a
18:45:51.0 (40604283)|HEAP_ALLOCATE|[820]|Bytes:3
18:45:51.0 (40649637)|STATEMENT_EXECUTE|[820]
18:45:51.0 (40659084)|STATEMENT_EXECUTE|[824]
18:45:51.0 (40717778)|VARIABLE_ASSIGNMENT|[EXTERNAL]|this|{"discount":0.00,"isGhost":false,"priceGross":399.00,"priceNet":399.00,"product":"0x66855499","qty":1}|0x68c0d4a
18:45:51.0 (43219184)|HEAP_ALLOCATE|[824]|Bytes:43
18:45:51.0 (43231736)|HEAP_ALLOCATE|[824]|Bytes:3
18:45:51.0 (43249263)|METHOD_ENTRY|[1]|01p6F000006uYhT|Utility.Utility()
18:45:51.0 (43255635)|STATEMENT_EXECUTE|[1]
18:45:51.0 (43260444)|STATEMENT_EXECUTE|[1]
18:45:51.0 (43267990)|HEAP_ALLOCATE|[824]|Bytes:5
18:45:51.0 (43277383)|METHOD_EXIT|[1]|Utility
18:45:51.0 (43298247)|METHOD_ENTRY|[824]|01p6F000006uYhT|Utility.zerofy(Decimal)
18:45:51.0 (43307538)|VARIABLE_SCOPE_BEGIN|[36]|myNumber|Decimal|false|false
18:45:51.0 (43318205)|VARIABLE_ASSIGNMENT|[36]|myNumber|null
18:45:51.0 (43328202)|HEAP_ALLOCATE|[37]|Bytes:5
18:45:51.0 (43333738)|STATEMENT_EXECUTE|[36]
18:45:51.0 (43335745)|STATEMENT_EXECUTE|[37]
18:45:51.0 (43378399)|HEAP_ALLOCATE|[37]|Bytes:28
18:45:51.0 (43383521)|HEAP_ALLOCATE|[37]|Bytes:28
18:45:51.0 (43393928)|METHOD_EXIT|[824]|01p6F000006uYhT|Utility.zerofy(Decimal)
18:45:51.0 (43441713)|HEAP_ALLOCATE|[824]|Bytes:28
18:45:51.0 (43447248)|HEAP_ALLOCATE|[824]|Bytes:28
18:45:51.0 (43467954)|HEAP_ALLOCATE|[EXTERNAL]|Bytes:-4
18:45:51.0 (43485376)|HEAP_ALLOCATE|[818]|Bytes:5
18:45:51.0 (43496150)|HEAP_ALLOCATE|[818]|Bytes:36
18:45:51.0 (43503379)|VARIABLE_SCOPE_BEGIN|[818]|item|CartItem|true|false
18:45:51.0 (43541400)|VARIABLE_ASSIGNMENT|[818]|item|{"discount":0.00,"isGhost":false,"priceGross":139.00,"priceNet":139.00,"product":"0x731045dd","qty":1}|0x427fb4a7
18:45:51.0 (43549520)|STATEMENT_EXECUTE|[818]
18:45:51.0 (43551710)|STATEMENT_EXECUTE|[819]
18:45:51.0 (43562796)|VARIABLE_SCOPE_BEGIN|[819]|totalType|String|false|false
18:45:51.0 (43573273)|VARIABLE_ASSIGNMENT|[819]|totalType|"setup"
18:45:51.0 (43603469)|VARIABLE_ASSIGNMENT|[EXTERNAL]|this|{"discount":0.00,"isGhost":false,"priceGross":139.00,"priceNet":139.00,"product":"0x731045dd","qty":1}|0x427fb4a7
18:45:51.0 (43695350)|VARIABLE_ASSIGNMENT|[EXTERNAL]|this|{"discount":0.00,"isGhost":false,"priceGross":139.00,"priceNet":139.00,"product":"0x731045dd","qty":1}|0x427fb4a7
18:45:51.0 (43745987)|STATEMENT_EXECUTE|[820]
18:45:51.0 (43750040)|STATEMENT_EXECUTE|[821]
18:45:51.0 (43809432)|VARIABLE_ASSIGNMENT|[EXTERNAL]|this|{"discount":0.00,"isGhost":false,"priceGross":139.00,"priceNet":139.00,"product":"0x731045dd","qty":1}|0x427fb4a7
18:45:51.0 (43858293)|HEAP_ALLOCATE|[821]|Bytes:6
18:45:51.0 (43875590)|VARIABLE_ASSIGNMENT|[821]|totalType|"weekly"
18:45:51.0 (43880959)|STATEMENT_EXECUTE|[824]
18:45:51.0 (43916025)|VARIABLE_ASSIGNMENT|[EXTERNAL]|this|{"discount":0.00,"isGhost":false,"priceGross":139.00,"priceNet":139.00,"product":"0x731045dd","qty":1}|0x427fb4a7
18:45:51.0 (43939414)|METHOD_ENTRY|[824]|01p6F000006uYhT|Utility.zerofy(Decimal)
18:45:51.0 (43945513)|VARIABLE_SCOPE_BEGIN|[36]|myNumber|Decimal|false|false
18:45:51.0 (43954170)|VARIABLE_ASSIGNMENT|[36]|myNumber|null
18:45:51.0 (43965399)|HEAP_ALLOCATE|[37]|Bytes:5
18:45:51.0 (43969625)|STATEMENT_EXECUTE|[36]
18:45:51.0 (43971562)|STATEMENT_EXECUTE|[37]
18:45:51.0 (43985316)|HEAP_ALLOCATE|[37]|Bytes:28
18:45:51.0 (43989200)|HEAP_ALLOCATE|[37]|Bytes:28
18:45:51.0 (43997456)|METHOD_EXIT|[824]|01p6F000006uYhT|Utility.zerofy(Decimal)
18:45:51.0 (44019845)|HEAP_ALLOCATE|[824]|Bytes:28
18:45:51.0 (44025293)|HEAP_ALLOCATE|[824]|Bytes:28
18:45:51.0 (44039848)|HEAP_ALLOCATE|[EXTERNAL]|Bytes:-4
18:45:51.0 (44054883)|HEAP_ALLOCATE|[818]|Bytes:5
18:45:51.0 (44067635)|VARIABLE_ASSIGNMENT|[818]|item|null|
18:45:51.0 (44078121)|HEAP_ALLOCATE|[817]|Bytes:5
18:45:51.0 (44087818)|VARIABLE_ASSIGNMENT|[817]|items|null|
18:45:51.0 (44095027)|HEAP_ALLOCATE|[828]|Bytes:6
18:45:51.0 (44135521)|HEAP_ALLOCATE|[828]|Bytes:28
18:45:51.0 (44150660)|HEAP_ALLOCATE|[828]|Bytes:28
18:45:51.0 (44154402)|HEAP_ALLOCATE|[828]|Bytes:28
18:45:51.0 (44185847)|STATEMENT_EXECUTE|[828]
18:45:51.0 (44196147)|HEAP_ALLOCATE|[835]|Bytes:7
18:45:51.0 (44225728)|STATEMENT_EXECUTE|[835]
18:45:51.0 (44248955)|HEAP_ALLOCATE|[842]|Bytes:28
18:45:51.0 (44262169)|HEAP_ALLOCATE|[842]|Bytes:28
18:45:51.0 (44265848)|HEAP_ALLOCATE|[842]|Bytes:28
18:45:51.0 (44284736)|STATEMENT_EXECUTE|[842]
18:45:51.0 (44300093)|STATEMENT_EXECUTE|[849]
18:45:51.0 (44304467)|STATEMENT_EXECUTE|[853]
18:45:51.0 (44311383)|SYSTEM_MODE_EXIT|false
18:45:51.0 (44457723)|SYSTEM_MODE_ENTER|true
18:45:51.0 (44512801)|HEAP_ALLOCATE|[EXTERNAL]|Bytes:184
18:45:51.0 (44526373)|VARIABLE_SCOPE_BEGIN|[792]|this|CheckoutController|true|false
18:45:51.0 (44621514)|VARIABLE_ASSIGNMENT|[792]|this|{"acc":"0xdcca82f","bjbCompany":"0x6526e3ac","cardDetails":"0x159087d0","companyName":"SponsoredLinX","emailSignupAddress":"signup@sponsoredlinx (4 more) ...","fromSource":"sponsoredlinx.com.au","locale":"AUD","mailing_address":true,"mycart":"0x3d04c9cf","mySite":"0x55e19390","packages":"0x7882103","paymentType":"Credit Card","paymentTypesEnabled":"0x16b78825","signup":"0xde6618d","siteName":"checkout_SLX"}|0x424558f2
18:45:51.0 (44641062)|SYSTEM_MODE_ENTER|false
18:45:51.0 (44648352)|HEAP_ALLOCATE|[793]|Bytes:5
18:45:51.0 (44653360)|STATEMENT_EXECUTE|[792]
18:45:51.0 (44655414)|STATEMENT_EXECUTE|[793]
18:45:51.0 (44677099)|HEAP_ALLOCATE|[793]|Bytes:4
18:45:51.0 (44688614)|VARIABLE_SCOPE_BEGIN|[793]|totals|Map<String,Decimal>|true|false
18:45:51.0 (44707485)|VARIABLE_ASSIGNMENT|[793]|totals|{}|0x752a931f
18:45:51.0 (44732509)|METHOD_ENTRY|[796]|01p6F000006He6M|CheckoutController.getPackages()
18:45:51.0 (44747767)|VARIABLE_SCOPE_BEGIN|[766]|this|CheckoutController|true|false
18:45:51.0 (44831639)|VARIABLE_ASSIGNMENT|[766]|this|{"acc":"0xdcca82f","bjbCompany":"0x6526e3ac","cardDetails":"0x159087d0","companyName":"SponsoredLinX","emailSignupAddress":"signup@sponsoredlinx (4 more) ...","fromSource":"sponsoredlinx.com.au","locale":"AUD","mailing_address":true,"mycart":"0x3d04c9cf","mySite":"0x55e19390","packages":"0x7882103","paymentType":"Credit Card","paymentTypesEnabled":"0x16b78825","signup":"0xde6618d","siteName":"checkout_SLX"}|0x424558f2
18:45:51.0 (44849159)|HEAP_ALLOCATE|[768]|Bytes:5
18:45:51.0 (44854081)|STATEMENT_EXECUTE|[766]
18:45:51.0 (44857096)|STATEMENT_EXECUTE|[768]
18:45:51.0 (44864324)|STATEMENT_EXECUTE|[788]
18:45:51.0 (44874043)|METHOD_EXIT|[796]|01p6F000006He6M|CheckoutController.getPackages()
18:45:51.0 (44901004)|HEAP_ALLOCATE|[796]|Bytes:5
18:45:51.0 (44920654)|HEAP_ALLOCATE|[796]|Bytes:12
18:45:51.0 (44929629)|VARIABLE_SCOPE_BEGIN|[796]|items|List<CartItem>|true|false
18:45:51.0 (44977222)|VARIABLE_ASSIGNMENT|[796]|items|[{"discount":0.00,"isGhost":false,"priceGross":399.00,"priceNet":399.00,"product":"0x66855499","qty":1},{"discount":0.00,"isGhost":false,"priceGross":139.00,"priceNet":139.00,"product":"0x731045dd","qty":1}]|0x38d8f9d5
18:45:51.0 (44986195)|STATEMENT_EXECUTE|[796]
18:45:51.0 (45019921)|HEAP_ALLOCATE|[797]|Bytes:5
18:45:51.0 (45032889)|HEAP_ALLOCATE|[797]|Bytes:36
18:45:51.0 (45039583)|VARIABLE_SCOPE_BEGIN|[797]|item|CartItem|true|false
18:45:51.0 (45069127)|VARIABLE_ASSIGNMENT|[797]|item|{"discount":0.00,"isGhost":false,"priceGross":399.00,"priceNet":399.00,"product":"0x66855499","qty":1}|0x68c0d4a
18:45:51.0 (45076307)|STATEMENT_EXECUTE|[797]
18:45:51.0 (45078406)|STATEMENT_EXECUTE|[798]
18:45:51.0 (45088481)|VARIABLE_SCOPE_BEGIN|[798]|totalType|String|false|false
18:45:51.0 (45101489)|VARIABLE_ASSIGNMENT|[798]|totalType|"setup"
18:45:51.0 (45142011)|VARIABLE_ASSIGNMENT|[EXTERNAL]|this|{"discount":0.00,"isGhost":false,"priceGross":399.00,"priceNet":399.00,"product":"0x66855499","qty":1}|0x68c0d4a
18:45:51.0 (45177283)|STATEMENT_EXECUTE|[799]
18:45:51.0 (45184533)|STATEMENT_EXECUTE|[803]
18:45:51.0 (45230359)|VARIABLE_ASSIGNMENT|[EXTERNAL]|this|{"discount":0.00,"isGhost":false,"priceGross":399.00,"priceNet":399.00,"product":"0x66855499","qty":1}|0x68c0d4a
18:45:51.0 (45258337)|METHOD_ENTRY|[803]|01p6F000006uYhT|Utility.zerofy(Decimal)
18:45:51.0 (45264587)|VARIABLE_SCOPE_BEGIN|[36]|myNumber|Decimal|false|false
18:45:51.0 (45272941)|VARIABLE_ASSIGNMENT|[36]|myNumber|null
18:45:51.0 (45283138)|HEAP_ALLOCATE|[37]|Bytes:5
18:45:51.0 (45287473)|STATEMENT_EXECUTE|[36]
18:45:51.0 (45289384)|STATEMENT_EXECUTE|[37]
18:45:51.0 (45303383)|HEAP_ALLOCATE|[37]|Bytes:28
18:45:51.0 (45307455)|HEAP_ALLOCATE|[37]|Bytes:28
18:45:51.0 (45315396)|METHOD_EXIT|[803]|01p6F000006uYhT|Utility.zerofy(Decimal)
18:45:51.0 (45341227)|HEAP_ALLOCATE|[803]|Bytes:28
18:45:51.0 (45358207)|HEAP_ALLOCATE|[EXTERNAL]|Bytes:-4
18:45:51.0 (45372385)|HEAP_ALLOCATE|[797]|Bytes:5
18:45:51.0 (45382250)|HEAP_ALLOCATE|[797]|Bytes:36
18:45:51.0 (45388857)|VARIABLE_SCOPE_BEGIN|[797]|item|CartItem|true|false
18:45:51.0 (45418692)|VARIABLE_ASSIGNMENT|[797]|item|{"discount":0.00,"isGhost":false,"priceGross":139.00,"priceNet":139.00,"product":"0x731045dd","qty":1}|0x427fb4a7
18:45:51.0 (45426047)|STATEMENT_EXECUTE|[797]
18:45:51.0 (45427923)|STATEMENT_EXECUTE|[798]
18:45:51.0 (45436876)|VARIABLE_SCOPE_BEGIN|[798]|totalType|String|false|false
18:45:51.0 (45446670)|VARIABLE_ASSIGNMENT|[798]|totalType|"setup"
18:45:51.0 (45473509)|VARIABLE_ASSIGNMENT|[EXTERNAL]|this|{"discount":0.00,"isGhost":false,"priceGross":139.00,"priceNet":139.00,"product":"0x731045dd","qty":1}|0x427fb4a7
18:45:51.0 (45518766)|VARIABLE_ASSIGNMENT|[EXTERNAL]|this|{"discount":0.00,"isGhost":false,"priceGross":139.00,"priceNet":139.00,"product":"0x731045dd","qty":1}|0x427fb4a7
18:45:51.0 (45532924)|STATEMENT_EXECUTE|[799]
18:45:51.0 (45534924)|STATEMENT_EXECUTE|[800]
18:45:51.0 (45572823)|VARIABLE_ASSIGNMENT|[EXTERNAL]|this|{"discount":0.00,"isGhost":false,"priceGross":139.00,"priceNet":139.00,"product":"0x731045dd","qty":1}|0x427fb4a7
18:45:51.0 (45600309)|HEAP_ALLOCATE|[800]|Bytes:6
18:45:51.0 (45613725)|VARIABLE_ASSIGNMENT|[800]|totalType|"weekly"
18:45:51.0 (45618640)|STATEMENT_EXECUTE|[803]
18:45:51.0 (45648157)|VARIABLE_ASSIGNMENT|[EXTERNAL]|this|{"discount":0.00,"isGhost":false,"priceGross":139.00,"priceNet":139.00,"product":"0x731045dd","qty":1}|0x427fb4a7
18:45:51.0 (45668466)|METHOD_ENTRY|[803]|01p6F000006uYhT|Utility.zerofy(Decimal)
18:45:51.0 (45674062)|VARIABLE_SCOPE_BEGIN|[36]|myNumber|Decimal|false|false
18:45:51.0 (45682498)|VARIABLE_ASSIGNMENT|[36]|myNumber|null
18:45:51.0 (45692494)|HEAP_ALLOCATE|[37]|Bytes:5
18:45:51.0 (45696490)|STATEMENT_EXECUTE|[36]
18:45:51.0 (45698517)|STATEMENT_EXECUTE|[37]
18:45:51.0 (45709778)|HEAP_ALLOCATE|[37]|Bytes:28
18:45:51.0 (45713916)|HEAP_ALLOCATE|[37]|Bytes:28
18:45:51.0 (45721188)|METHOD_EXIT|[803]|01p6F000006uYhT|Utility.zerofy(Decimal)
18:45:51.0 (45741579)|HEAP_ALLOCATE|[803]|Bytes:28
18:45:51.0 (45755510)|HEAP_ALLOCATE|[EXTERNAL]|Bytes:-4
18:45:51.0 (45769572)|HEAP_ALLOCATE|[797]|Bytes:5
18:45:51.0 (45781586)|VARIABLE_ASSIGNMENT|[797]|item|null|
18:45:51.0 (45791207)|HEAP_ALLOCATE|[796]|Bytes:5
18:45:51.0 (45799956)|VARIABLE_ASSIGNMENT|[796]|items|null|
18:45:51.0 (45804416)|STATEMENT_EXECUTE|[807]
18:45:51.0 (45812535)|SYSTEM_MODE_EXIT|false
18:45:51.0 (46263170)|SYSTEM_MODE_ENTER|true
18:45:51.0 (46316706)|HEAP_ALLOCATE|[EXTERNAL]|Bytes:184
18:45:51.0 (46326329)|VARIABLE_SCOPE_BEGIN|[702]|this|CheckoutController|true|false
18:45:51.0 (46437465)|VARIABLE_ASSIGNMENT|[702]|this|{"acc":"0xdcca82f","bjbCompany":"0x6526e3ac","cardDetails":"0x159087d0","companyName":"SponsoredLinX","emailSignupAddress":"signup@sponsoredlinx (4 more) ...","fromSource":"sponsoredlinx.com.au","locale":"AUD","mailing_address":true,"mycart":"0x3d04c9cf","mySite":"0x55e19390","packages":"0x7882103","paymentType":"Credit Card","paymentTypesEnabled":"0x16b78825","signup":"0xde6618d","siteName":"checkout_SLX"}|0x424558f2
18:45:51.0 (46459190)|SYSTEM_MODE_ENTER|false
18:45:51.0 (46467218)|HEAP_ALLOCATE|[703]|Bytes:5
18:45:51.0 (46472901)|STATEMENT_EXECUTE|[702]
18:45:51.0 (46474978)|STATEMENT_EXECUTE|[703]
18:45:51.0 (46491146)|SYSTEM_MODE_EXIT|false
18:45:51.46 (46789883)|SYSTEM_MODE_ENTER|true
18:45:51.46 (46871105)|HEAP_ALLOCATE|[EXTERNAL]|Bytes:8
18:45:51.46 (46884454)|VARIABLE_SCOPE_BEGIN|[88]|this|ApexPage.PageMessagesComponentController|true|false
18:45:51.46 (46916716)|VARIABLE_ASSIGNMENT|[88]|this|{}|0x1af3ee2d
18:45:51.46 (46924033)|VARIABLE_SCOPE_BEGIN|[88]|escape|Boolean|false|false
18:45:51.46 (46932838)|VARIABLE_ASSIGNMENT|[88]|escape|null
18:45:51.0 (47165295)|SYSTEM_MODE_ENTER|true
18:45:51.0 (47247985)|HEAP_ALLOCATE|[EXTERNAL]|Bytes:184
18:45:51.0 (47255899)|HEAP_ALLOCATE|[EXTERNAL]|Bytes:5
18:45:51.0 (47263028)|VARIABLE_SCOPE_BEGIN|[707]|this|CheckoutController|true|false
18:45:51.0 (47354872)|VARIABLE_ASSIGNMENT|[707]|this|{"acc":"0xdcca82f","bjbCompany":"0x6526e3ac","cardDetails":"0x159087d0","companyName":"SponsoredLinX","emailSignupAddress":"signup@sponsoredlinx (4 more) ...","fromSource":"sponsoredlinx.com.au","locale":"AUD","mailing_address":true,"mycart":"0x3d04c9cf","mySite":"0x55e19390","packages":"0x7882103","paymentType":"Credit Card","paymentTypesEnabled":"0x16b78825","signup":"0xde6618d","siteName":"checkout_SLX"}|0x424558f2
18:45:51.0 (47367566)|VARIABLE_SCOPE_BEGIN|[707]|value|String|false|false
18:45:51.0 (47376515)|VARIABLE_ASSIGNMENT|[707]|value|"DD100"
18:45:51.0 (47389830)|SYSTEM_MODE_ENTER|false
18:45:51.0 (47397537)|HEAP_ALLOCATE|[708]|Bytes:5
18:45:51.0 (47402612)|STATEMENT_EXECUTE|[707]
18:45:51.0 (47404929)|STATEMENT_EXECUTE|[708]
18:45:51.0 (47406547)|STATEMENT_EXECUTE|[708]
18:45:51.0 (47408664)|STATEMENT_EXECUTE|[710]
18:45:51.0 (47415381)|HEAP_ALLOCATE|[711]|Bytes:12
18:45:51.0 (47468641)|HEAP_ALLOCATE|[711]|Bytes:5
18:45:51.0 (47484414)|HEAP_ALLOCATE|[711]|Bytes:5
18:45:51.0 (47496780)|STATEMENT_EXECUTE|[711]
18:45:51.0 (47498648)|STATEMENT_EXECUTE|[712]
18:45:51.0 (47509380)|HEAP_ALLOCATE|[712]|Bytes:7
18:45:51.0 (47629055)|VARIABLE_ASSIGNMENT|[EXTERNAL]|this|{"acc":"0xdcca82f","bjbCompany":"0x6526e3ac","cardDetails":"0x159087d0","companyName":"SponsoredLinX","emailSignupAddress":"signup@sponsoredlinx (4 more) ...","fromSource":"sponsoredlinx.com.au","locale":"AUD","mailing_address":true,"mycart":"0x3d04c9cf","mySite":"0x55e19390","packages":"0x7882103","paymentType":"Credit Card","paymentTypesEnabled":"0x16b78825","signup":"0xde6618d","siteName":"checkout_SLX"}|0x424558f2
18:45:51.0 (47646134)|VARIABLE_ASSIGNMENT|[EXTERNAL]|value|"Invoice"
18:45:51.0 (47659766)|VARIABLE_ASSIGNMENT|[13]|this.paymentType|"Invoice"|0x424558f2
18:45:51.0 (47674826)|HEAP_ALLOCATE|[717]|Bytes:12
18:45:51.0 (47688673)|STATEMENT_EXECUTE|[717]
18:45:51.0 (47720916)|HEAP_ALLOCATE|[726]|Bytes:5
18:45:51.0 (47740993)|STATEMENT_EXECUTE|[726]
18:45:51.0 (47750948)|SYSTEM_MODE_EXIT|false
18:45:51.0 (47821231)|SYSTEM_MODE_ENTER|true
18:45:51.0 (47865188)|HEAP_ALLOCATE|[EXTERNAL]|Bytes:184
18:45:51.0 (47873696)|VARIABLE_SCOPE_BEGIN|[811]|this|CheckoutController|true|false
18:45:51.0 (47960774)|VARIABLE_ASSIGNMENT|[811]|this|{"acc":"0xdcca82f","bjbCompany":"0x6526e3ac","cardDetails":"0x159087d0","companyName":"SponsoredLinX","emailSignupAddress":"signup@sponsoredlinx (4 more) ...","fromSource":"sponsoredlinx.com.au","locale":"AUD","mailing_address":true,"mycart":"0x3d04c9cf","mySite":"0x55e19390","packages":"0x7882103","paymentType":"Invoice","paymentTypesEnabled":"0x16b78825","signup":"0xde6618d","siteName":"checkout_SLX"}|0x424558f2
18:45:51.0 (47980155)|SYSTEM_MODE_ENTER|false
18:45:51.0 (47987820)|HEAP_ALLOCATE|[812]|Bytes:5
18:45:51.0 (47992896)|STATEMENT_EXECUTE|[811]
18:45:51.0 (47994940)|STATEMENT_EXECUTE|[812]
18:45:51.0 (48015459)|HEAP_ALLOCATE|[812]|Bytes:4
18:45:51.0 (48026054)|VARIABLE_SCOPE_BEGIN|[812]|totals|Map<String,Decimal>|true|false
18:45:51.0 (48044255)|VARIABLE_ASSIGNMENT|[812]|totals|{}|0x755c30e2
18:45:51.0 (48050162)|STATEMENT_EXECUTE|[814]
18:45:51.0 (48057399)|VARIABLE_SCOPE_BEGIN|[814]|description|String|false|false
18:45:51.0 (48067911)|VARIABLE_ASSIGNMENT|[814]|description|""
18:45:51.0 (48078457)|METHOD_ENTRY|[817]|01p6F000006He6M|CheckoutController.getPackages()
18:45:51.0 (48085427)|VARIABLE_SCOPE_BEGIN|[766]|this|CheckoutController|true|false
18:45:51.0 (48174116)|VARIABLE_ASSIGNMENT|[766]|this|{"acc":"0xdcca82f","bjbCompany":"0x6526e3ac","cardDetails":"0x159087d0","companyName":"SponsoredLinX","emailSignupAddress":"signup@sponsoredlinx (4 more) ...","fromSource":"sponsoredlinx.com.au","locale":"AUD","mailing_address":true,"mycart":"0x3d04c9cf","mySite":"0x55e19390","packages":"0x7882103","paymentType":"Invoice","paymentTypesEnabled":"0x16b78825","signup":"0xde6618d","siteName":"checkout_SLX"}|0x424558f2
18:45:51.0 (48191857)|HEAP_ALLOCATE|[768]|Bytes:5
18:45:51.0 (48196869)|STATEMENT_EXECUTE|[766]
18:45:51.0 (48199989)|STATEMENT_EXECUTE|[768]
18:45:51.0 (48206600)|STATEMENT_EXECUTE|[788]
18:45:51.0 (48216886)|METHOD_EXIT|[817]|01p6F000006He6M|CheckoutController.getPackages()
18:45:51.0 (48241875)|HEAP_ALLOCATE|[817]|Bytes:5
18:45:51.0 (48261449)|HEAP_ALLOCATE|[817]|Bytes:12
18:45:51.0 (48270002)|VARIABLE_SCOPE_BEGIN|[817]|items|List<CartItem>|true|false
18:45:51.0 (48317871)|VARIABLE_ASSIGNMENT|[817]|items|[{"discount":0.00,"isGhost":false,"priceGross":399.00,"priceNet":399.00,"product":"0x66855499","qty":1},{"discount":0.00,"isGhost":false,"priceGross":139.00,"priceNet":139.00,"product":"0x731045dd","qty":1}]|0x38d8f9d5
18:45:51.0 (48327134)|STATEMENT_EXECUTE|[817]
18:45:51.0 (48344974)|HEAP_ALLOCATE|[818]|Bytes:5
18:45:51.0 (48354815)|HEAP_ALLOCATE|[818]|Bytes:36
18:45:51.0 (48361577)|VARIABLE_SCOPE_BEGIN|[818]|item|CartItem|true|false
18:45:51.0 (48387931)|VARIABLE_ASSIGNMENT|[818]|item|{"discount":0.00,"isGhost":false,"priceGross":399.00,"priceNet":399.00,"product":"0x66855499","qty":1}|0x68c0d4a
18:45:51.0 (48394747)|STATEMENT_EXECUTE|[818]
18:45:51.0 (48396660)|STATEMENT_EXECUTE|[819]
18:45:51.0 (48405589)|VARIABLE_SCOPE_BEGIN|[819]|totalType|String|false|false
18:45:51.0 (48415331)|VARIABLE_ASSIGNMENT|[819]|totalType|"setup"
18:45:51.0 (48443231)|VARIABLE_ASSIGNMENT|[EXTERNAL]|this|{"discount":0.00,"isGhost":false,"priceGross":399.00,"priceNet":399.00,"product":"0x66855499","qty":1}|0x68c0d4a
18:45:51.0 (48469165)|STATEMENT_EXECUTE|[820]
18:45:51.0 (48475477)|STATEMENT_EXECUTE|[824]
18:45:51.0 (48504606)|VARIABLE_ASSIGNMENT|[EXTERNAL]|this|{"discount":0.00,"isGhost":false,"priceGross":399.00,"priceNet":399.00,"product":"0x66855499","qty":1}|0x68c0d4a
18:45:51.0 (48527099)|METHOD_ENTRY|[824]|01p6F000006uYhT|Utility.zerofy(Decimal)
18:45:51.0 (48533323)|VARIABLE_SCOPE_BEGIN|[36]|myNumber|Decimal|false|false
18:45:51.0 (48542216)|VARIABLE_ASSIGNMENT|[36]|myNumber|null
18:45:51.0 (48552298)|HEAP_ALLOCATE|[37]|Bytes:5
18:45:51.0 (48556469)|STATEMENT_EXECUTE|[36]
18:45:51.0 (48558476)|STATEMENT_EXECUTE|[37]
18:45:51.0 (48571852)|HEAP_ALLOCATE|[37]|Bytes:28
18:45:51.0 (48576092)|HEAP_ALLOCATE|[37]|Bytes:28
18:45:51.0 (48584115)|METHOD_EXIT|[824]|01p6F000006uYhT|Utility.zerofy(Decimal)
18:45:51.0 (48608787)|HEAP_ALLOCATE|[824]|Bytes:28
18:45:51.0 (48613374)|HEAP_ALLOCATE|[824]|Bytes:28
18:45:51.0 (48628266)|HEAP_ALLOCATE|[EXTERNAL]|Bytes:-4
18:45:51.0 (48642043)|HEAP_ALLOCATE|[818]|Bytes:5
18:45:51.0 (48651556)|HEAP_ALLOCATE|[818]|Bytes:36
18:45:51.0 (48658091)|VARIABLE_SCOPE_BEGIN|[818]|item|CartItem|true|false
18:45:51.0 (48688026)|VARIABLE_ASSIGNMENT|[818]|item|{"discount":0.00,"isGhost":false,"priceGross":139.00,"priceNet":139.00,"product":"0x731045dd","qty":1}|0x427fb4a7
18:45:51.0 (48694632)|STATEMENT_EXECUTE|[818]
18:45:51.0 (48696524)|STATEMENT_EXECUTE|[819]
18:45:51.0 (48704698)|VARIABLE_SCOPE_BEGIN|[819]|totalType|String|false|false
18:45:51.0 (48713992)|VARIABLE_ASSIGNMENT|[819]|totalType|"setup"
18:45:51.0 (48741037)|VARIABLE_ASSIGNMENT|[EXTERNAL]|this|{"discount":0.00,"isGhost":false,"priceGross":139.00,"priceNet":139.00,"product":"0x731045dd","qty":1}|0x427fb4a7
18:45:51.0 (48784126)|VARIABLE_ASSIGNMENT|[EXTERNAL]|this|{"discount":0.00,"isGhost":false,"priceGross":139.00,"priceNet":139.00,"product":"0x731045dd","qty":1}|0x427fb4a7
18:45:51.0 (48798022)|STATEMENT_EXECUTE|[820]
18:45:51.0 (48799846)|STATEMENT_EXECUTE|[821]
18:45:51.0 (48826678)|VARIABLE_ASSIGNMENT|[EXTERNAL]|this|{"discount":0.00,"isGhost":false,"priceGross":139.00,"priceNet":139.00,"product":"0x731045dd","qty":1}|0x427fb4a7
18:45:51.0 (48850062)|HEAP_ALLOCATE|[821]|Bytes:6
18:45:51.0 (48863242)|VARIABLE_ASSIGNMENT|[821]|totalType|"weekly"
18:45:51.0 (48868293)|STATEMENT_EXECUTE|[824]
18:45:51.0 (48897733)|VARIABLE_ASSIGNMENT|[EXTERNAL]|this|{"discount":0.00,"isGhost":false,"priceGross":139.00,"priceNet":139.00,"product":"0x731045dd","qty":1}|0x427fb4a7
18:45:51.0 (48917543)|METHOD_ENTRY|[824]|01p6F000006uYhT|Utility.zerofy(Decimal)
18:45:51.0 (48923367)|VARIABLE_SCOPE_BEGIN|[36]|myNumber|Decimal|false|false
18:45:51.0 (48931718)|VARIABLE_ASSIGNMENT|[36]|myNumber|null
18:45:51.0 (48941250)|HEAP_ALLOCATE|[37]|Bytes:5
18:45:51.0 (48945494)|STATEMENT_EXECUTE|[36]
18:45:51.0 (48947356)|STATEMENT_EXECUTE|[37]
18:45:51.0 (48958175)|HEAP_ALLOCATE|[37]|Bytes:28
18:45:51.0 (48962344)|HEAP_ALLOCATE|[37]|Bytes:28
18:45:51.0 (48969535)|METHOD_EXIT|[824]|01p6F000006uYhT|Utility.zerofy(Decimal)
18:45:51.0 (48989545)|HEAP_ALLOCATE|[824]|Bytes:28
18:45:51.0 (48993529)|HEAP_ALLOCATE|[824]|Bytes:28
18:45:51.0 (49007116)|HEAP_ALLOCATE|[EXTERNAL]|Bytes:-4
18:45:51.0 (49020975)|HEAP_ALLOCATE|[818]|Bytes:5
18:45:51.0 (49032382)|VARIABLE_ASSIGNMENT|[818]|item|null|
18:45:51.0 (49042454)|HEAP_ALLOCATE|[817]|Bytes:5
18:45:51.0 (49051592)|VARIABLE_ASSIGNMENT|[817]|items|null|
18:45:51.0 (49063851)|HEAP_ALLOCATE|[828]|Bytes:28
18:45:51.0 (49073965)|HEAP_ALLOCATE|[828]|Bytes:28
18:45:51.0 (49077561)|HEAP_ALLOCATE|[828]|Bytes:28
18:45:51.0 (49101558)|STATEMENT_EXECUTE|[828]
18:45:51.0 (49117109)|STATEMENT_EXECUTE|[835]
18:45:51.0 (49127436)|HEAP_ALLOCATE|[842]|Bytes:28
18:45:51.0 (49137802)|HEAP_ALLOCATE|[842]|Bytes:28
18:45:51.0 (49141563)|HEAP_ALLOCATE|[842]|Bytes:28
18:45:51.0 (49163440)|STATEMENT_EXECUTE|[842]
18:45:51.0 (49175135)|STATEMENT_EXECUTE|[849]
18:45:51.0 (49178948)|STATEMENT_EXECUTE|[853]
18:45:51.0 (49184624)|SYSTEM_MODE_EXIT|false
18:45:51.0 (49384720)|HEAP_ALLOCATE|[EXTERNAL]|Bytes:184
18:45:51.0 (49395632)|VARIABLE_SCOPE_BEGIN|[226]|this|CheckoutController|true|false
18:45:51.0 (49486192)|VARIABLE_ASSIGNMENT|[226]|this|{"acc":"0xdcca82f","bjbCompany":"0x6526e3ac","cardDetails":"0x159087d0","companyName":"SponsoredLinX","emailSignupAddress":"signup@sponsoredlinx (4 more) ...","fromSource":"sponsoredlinx.com.au","locale":"AUD","mailing_address":true,"mycart":"0x3d04c9cf","mySite":"0x55e19390","packages":"0x7882103","paymentType":"Invoice","paymentTypesEnabled":"0x16b78825","signup":"0xde6618d","siteName":"checkout_SLX"}|0x424558f2
18:45:51.0 (49505369)|SYSTEM_MODE_ENTER|false
18:45:51.0 (49512684)|HEAP_ALLOCATE|[228]|Bytes:5
18:45:51.0 (49517800)|STATEMENT_EXECUTE|[226]
18:45:51.0 (49519727)|STATEMENT_EXECUTE|[228]
18:45:51.0 (49529862)|SYSTEM_MODE_EXIT|false
18:45:51.61 (61787251)|SYSTEM_MODE_ENTER|true
18:45:51.61 (61896509)|HEAP_ALLOCATE|[EXTERNAL]|Bytes:8
18:45:51.61 (61910920)|VARIABLE_SCOPE_BEGIN|[88]|this|ApexPage.PageMessagesComponentController|true|false
18:45:51.61 (61957855)|VARIABLE_ASSIGNMENT|[88]|this|{}|0x1af3ee2d
18:45:51.61 (61965749)|VARIABLE_SCOPE_BEGIN|[88]|escape|Boolean|false|false
18:45:51.61 (61974917)|VARIABLE_ASSIGNMENT|[88]|escape|null
18:45:51.62 (62118648)|SYSTEM_MODE_ENTER|true
18:45:51.62 (62181727)|HEAP_ALLOCATE|[EXTERNAL]|Bytes:8
18:45:51.62 (62191430)|VARIABLE_SCOPE_BEGIN|[2]|this|ApexPage.PageMessagesComponentController|true|false
18:45:51.62 (62216884)|VARIABLE_ASSIGNMENT|[2]|this|{}|0x1af3ee2d
18:45:51.0 (62721965)|SYSTEM_MODE_ENTER|true
18:45:51.0 (62773631)|HEAP_ALLOCATE|[EXTERNAL]|Bytes:184
18:45:51.0 (62783147)|VARIABLE_SCOPE_BEGIN|[857]|this|CheckoutController|true|false
18:45:51.0 (62904319)|VARIABLE_ASSIGNMENT|[857]|this|{"acc":"0xdcca82f","bjbCompany":"0x6526e3ac","cardDetails":"0x159087d0","companyName":"SponsoredLinX","emailSignupAddress":"signup@sponsoredlinx (4 more) ...","fromSource":"sponsoredlinx.com.au","locale":"AUD","mailing_address":true,"mycart":"0x3d04c9cf","mySite":"0x55e19390","packages":"0x7882103","paymentType":"Invoice","paymentTypesEnabled":"0x16b78825","signup":"0xde6618d","siteName":"checkout_SLX"}|0x424558f2
18:45:51.0 (62925676)|SYSTEM_MODE_ENTER|false
18:45:51.0 (62933646)|HEAP_ALLOCATE|[858]|Bytes:5
18:45:51.0 (62941359)|STATEMENT_EXECUTE|[857]
18:45:51.0 (62944087)|STATEMENT_EXECUTE|[858]
18:45:51.0 (62976343)|HEAP_ALLOCATE|[858]|Bytes:5
18:45:51.0 (62982951)|SYSTEM_MODE_EXIT|false
18:45:51.0 (62989808)|HEAP_ALLOCATE|[858]|Bytes:5
18:45:51.0 (63108478)|SYSTEM_MODE_ENTER|true
18:45:51.0 (63152780)|HEAP_ALLOCATE|[EXTERNAL]|Bytes:184
18:45:51.0 (63166447)|VARIABLE_SCOPE_BEGIN|[766]|this|CheckoutController|true|false
18:45:51.0 (63260064)|VARIABLE_ASSIGNMENT|[766]|this|{"acc":"0xdcca82f","bjbCompany":"0x6526e3ac","cardDetails":"0x159087d0","companyName":"SponsoredLinX","emailSignupAddress":"signup@sponsoredlinx (4 more) ...","fromSource":"sponsoredlinx.com.au","locale":"AUD","mailing_address":true,"mycart":"0x3d04c9cf","mySite":"0x55e19390","packages":"0x7882103","paymentType":"Invoice","paymentTypesEnabled":"0x16b78825","signup":"0xde6618d","siteName":"checkout_SLX"}|0x424558f2
18:45:51.0 (63280288)|SYSTEM_MODE_ENTER|false
18:45:51.0 (63288104)|HEAP_ALLOCATE|[768]|Bytes:5
18:45:51.0 (63293089)|STATEMENT_EXECUTE|[766]
18:45:51.0 (63296694)|STATEMENT_EXECUTE|[768]
18:45:51.0 (63305513)|STATEMENT_EXECUTE|[788]
18:45:51.0 (63311457)|SYSTEM_MODE_EXIT|false
18:45:51.0 (63753749)|SYSTEM_MODE_ENTER|true
18:45:51.0 (63802912)|HEAP_ALLOCATE|[EXTERNAL]|Bytes:184
18:45:51.0 (63812889)|VARIABLE_SCOPE_BEGIN|[811]|this|CheckoutController|true|false
18:45:51.0 (63907887)|VARIABLE_ASSIGNMENT|[811]|this|{"acc":"0xdcca82f","bjbCompany":"0x6526e3ac","cardDetails":"0x159087d0","companyName":"SponsoredLinX","emailSignupAddress":"signup@sponsoredlinx (4 more) ...","fromSource":"sponsoredlinx.com.au","locale":"AUD","mailing_address":true,"mycart":"0x3d04c9cf","mySite":"0x55e19390","packages":"0x7882103","paymentType":"Invoice","paymentTypesEnabled":"0x16b78825","signup":"0xde6618d","siteName":"checkout_SLX"}|0x424558f2
18:45:51.0 (63928085)|SYSTEM_MODE_ENTER|false
18:45:51.0 (63935399)|HEAP_ALLOCATE|[812]|Bytes:5
18:45:51.0 (63940790)|STATEMENT_EXECUTE|[811]
18:45:51.0 (63942909)|STATEMENT_EXECUTE|[812]
18:45:51.0 (63963776)|HEAP_ALLOCATE|[812]|Bytes:4
18:45:51.0 (63973766)|VARIABLE_SCOPE_BEGIN|[812]|totals|Map<String,Decimal>|true|false
18:45:51.0 (63994981)|VARIABLE_ASSIGNMENT|[812]|totals|{}|0x31adc8
18:45:51.0 (64001214)|STATEMENT_EXECUTE|[814]
18:45:51.0 (64010266)|VARIABLE_SCOPE_BEGIN|[814]|description|String|false|false
18:45:51.0 (64021040)|VARIABLE_ASSIGNMENT|[814]|description|""
18:45:51.0 (64032461)|METHOD_ENTRY|[817]|01p6F000006He6M|CheckoutController.getPackages()
18:45:51.0 (64039700)|VARIABLE_SCOPE_BEGIN|[766]|this|CheckoutController|true|false
18:45:51.0 (64127990)|VARIABLE_ASSIGNMENT|[766]|this|{"acc":"0xdcca82f","bjbCompany":"0x6526e3ac","cardDetails":"0x159087d0","companyName":"SponsoredLinX","emailSignupAddress":"signup@sponsoredlinx (4 more) ...","fromSource":"sponsoredlinx.com.au","locale":"AUD","mailing_address":true,"mycart":"0x3d04c9cf","mySite":"0x55e19390","packages":"0x7882103","paymentType":"Invoice","paymentTypesEnabled":"0x16b78825","signup":"0xde6618d","siteName":"checkout_SLX"}|0x424558f2
18:45:51.0 (64145234)|HEAP_ALLOCATE|[768]|Bytes:5
18:45:51.0 (64150443)|STATEMENT_EXECUTE|[766]
18:45:51.0 (64153447)|STATEMENT_EXECUTE|[768]
18:45:51.0 (64164711)|STATEMENT_EXECUTE|[788]
18:45:51.0 (64175500)|METHOD_EXIT|[817]|01p6F000006He6M|CheckoutController.getPackages()
18:45:51.0 (64202672)|HEAP_ALLOCATE|[817]|Bytes:5
18:45:51.0 (64223366)|HEAP_ALLOCATE|[817]|Bytes:12
18:45:51.0 (64232466)|VARIABLE_SCOPE_BEGIN|[817]|items|List<CartItem>|true|false
18:45:51.0 (64287192)|VARIABLE_ASSIGNMENT|[817]|items|[{"discount":0.00,"isGhost":false,"priceGross":399.00,"priceNet":399.00,"product":"0x66855499","qty":1},{"discount":0.00,"isGhost":false,"priceGross":139.00,"priceNet":139.00,"product":"0x731045dd","qty":1}]|0x38d8f9d5
18:45:51.0 (64296400)|STATEMENT_EXECUTE|[817]
18:45:51.0 (64316105)|HEAP_ALLOCATE|[818]|Bytes:5
18:45:51.0 (64326576)|HEAP_ALLOCATE|[818]|Bytes:36
18:45:51.0 (64332836)|VARIABLE_SCOPE_BEGIN|[818]|item|CartItem|true|false
18:45:51.0 (64359533)|VARIABLE_ASSIGNMENT|[818]|item|{"discount":0.00,"isGhost":false,"priceGross":399.00,"priceNet":399.00,"product":"0x66855499","qty":1}|0x68c0d4a
18:45:51.0 (64366556)|STATEMENT_EXECUTE|[818]
18:45:51.0 (64368749)|STATEMENT_EXECUTE|[819]
18:45:51.0 (64377860)|VARIABLE_SCOPE_BEGIN|[819]|totalType|String|false|false
18:45:51.0 (64388409)|VARIABLE_ASSIGNMENT|[819]|totalType|"setup"
18:45:51.0 (64419013)|VARIABLE_ASSIGNMENT|[EXTERNAL]|this|{"discount":0.00,"isGhost":false,"priceGross":399.00,"priceNet":399.00,"product":"0x66855499","qty":1}|0x68c0d4a
18:45:51.0 (64452105)|STATEMENT_EXECUTE|[820]
18:45:51.0 (64458554)|STATEMENT_EXECUTE|[824]
18:45:51.0 (64488890)|VARIABLE_ASSIGNMENT|[EXTERNAL]|this|{"discount":0.00,"isGhost":false,"priceGross":399.00,"priceNet":399.00,"product":"0x66855499","qty":1}|0x68c0d4a
18:45:51.0 (64515065)|METHOD_ENTRY|[824]|01p6F000006uYhT|Utility.zerofy(Decimal)
18:45:51.0 (64521988)|VARIABLE_SCOPE_BEGIN|[36]|myNumber|Decimal|false|false
18:45:51.0 (64530545)|VARIABLE_ASSIGNMENT|[36]|myNumber|null
18:45:51.0 (64540876)|HEAP_ALLOCATE|[37]|Bytes:5
18:45:51.0 (64545520)|STATEMENT_EXECUTE|[36]
18:45:51.0 (64547551)|STATEMENT_EXECUTE|[37]
18:45:51.0 (64568318)|HEAP_ALLOCATE|[37]|Bytes:28
18:45:51.0 (64572632)|HEAP_ALLOCATE|[37]|Bytes:28
18:45:51.0 (64581206)|METHOD_EXIT|[824]|01p6F000006uYhT|Utility.zerofy(Decimal)
18:45:51.0 (64620270)|HEAP_ALLOCATE|[824]|Bytes:28
18:45:51.0 (64625037)|HEAP_ALLOCATE|[824]|Bytes:28
18:45:51.0 (64640493)|HEAP_ALLOCATE|[EXTERNAL]|Bytes:-4
18:45:51.0 (64654948)|HEAP_ALLOCATE|[818]|Bytes:5
18:45:51.0 (64664321)|HEAP_ALLOCATE|[818]|Bytes:36
18:45:51.0 (64670657)|VARIABLE_SCOPE_BEGIN|[818]|item|CartItem|true|false
18:45:51.0 (64701666)|VARIABLE_ASSIGNMENT|[818]|item|{"discount":0.00,"isGhost":false,"priceGross":139.00,"priceNet":139.00,"product":"0x731045dd","qty":1}|0x427fb4a7
18:45:51.0 (64708722)|STATEMENT_EXECUTE|[818]
18:45:51.0 (64710622)|STATEMENT_EXECUTE|[819]
18:45:51.0 (64719133)|VARIABLE_SCOPE_BEGIN|[819]|totalType|String|false|false
18:45:51.0 (64728727)|VARIABLE_ASSIGNMENT|[819]|totalType|"setup"
18:45:51.0 (64756647)|VARIABLE_ASSIGNMENT|[EXTERNAL]|this|{"discount":0.00,"isGhost":false,"priceGross":139.00,"priceNet":139.00,"product":"0x731045dd","qty":1}|0x427fb4a7
18:45:51.0 (64802939)|VARIABLE_ASSIGNMENT|[EXTERNAL]|this|{"discount":0.00,"isGhost":false,"priceGross":139.00,"priceNet":139.00,"product":"0x731045dd","qty":1}|0x427fb4a7
18:45:51.0 (64817529)|STATEMENT_EXECUTE|[820]
18:45:51.0 (64819510)|STATEMENT_EXECUTE|[821]
18:45:51.0 (64847155)|VARIABLE_ASSIGNMENT|[EXTERNAL]|this|{"discount":0.00,"isGhost":false,"priceGross":139.00,"priceNet":139.00,"product":"0x731045dd","qty":1}|0x427fb4a7
18:45:51.0 (64872690)|HEAP_ALLOCATE|[821]|Bytes:6
18:45:51.0 (64885988)|VARIABLE_ASSIGNMENT|[821]|totalType|"weekly"
18:45:51.0 (64891234)|STATEMENT_EXECUTE|[824]
18:45:51.0 (64921328)|VARIABLE_ASSIGNMENT|[EXTERNAL]|this|{"discount":0.00,"isGhost":false,"priceGross":139.00,"priceNet":139.00,"product":"0x731045dd","qty":1}|0x427fb4a7
18:45:51.0 (64941295)|METHOD_ENTRY|[824]|01p6F000006uYhT|Utility.zerofy(Decimal)
18:45:51.0 (64947541)|VARIABLE_SCOPE_BEGIN|[36]|myNumber|Decimal|false|false
18:45:51.0 (64955654)|VARIABLE_ASSIGNMENT|[36]|myNumber|null
18:45:51.0 (64965424)|HEAP_ALLOCATE|[37]|Bytes:5
18:45:51.0 (64970093)|STATEMENT_EXECUTE|[36]
18:45:51.0 (64971896)|STATEMENT_EXECUTE|[37]
18:45:51.0 (64983106)|HEAP_ALLOCATE|[37]|Bytes:28
18:45:51.0 (64987045)|HEAP_ALLOCATE|[37]|Bytes:28
18:45:51.0 (64994784)|METHOD_EXIT|[824]|01p6F000006uYhT|Utility.zerofy(Decimal)
18:45:51.0 (65015171)|HEAP_ALLOCATE|[824]|Bytes:28
18:45:51.0 (65020442)|HEAP_ALLOCATE|[824]|Bytes:28
18:45:51.0 (65051688)|HEAP_ALLOCATE|[EXTERNAL]|Bytes:-4
18:45:51.0 (65075695)|HEAP_ALLOCATE|[818]|Bytes:5
18:45:51.0 (65090889)|VARIABLE_ASSIGNMENT|[818]|item|null|
18:45:51.0 (65103371)|HEAP_ALLOCATE|[817]|Bytes:5
18:45:51.0 (65113459)|VARIABLE_ASSIGNMENT|[817]|items|null|
18:45:51.0 (65128692)|HEAP_ALLOCATE|[828]|Bytes:28
18:45:51.0 (65146614)|HEAP_ALLOCATE|[828]|Bytes:28
18:45:51.0 (65153466)|HEAP_ALLOCATE|[828]|Bytes:28
18:45:51.0 (65192945)|STATEMENT_EXECUTE|[828]
18:45:51.0 (65212730)|STATEMENT_EXECUTE|[835]
18:45:51.0 (65225248)|HEAP_ALLOCATE|[842]|Bytes:28
18:45:51.0 (65236569)|HEAP_ALLOCATE|[842]|Bytes:28
18:45:51.0 (65240158)|HEAP_ALLOCATE|[842]|Bytes:28
18:45:51.0 (65257844)|STATEMENT_EXECUTE|[842]
18:45:51.0 (65271079)|STATEMENT_EXECUTE|[849]
18:45:51.0 (65275144)|STATEMENT_EXECUTE|[853]
18:45:51.0 (65281346)|SYSTEM_MODE_EXIT|false
18:45:51.0 (65363384)|SYSTEM_MODE_ENTER|true
18:45:51.0 (65409476)|HEAP_ALLOCATE|[EXTERNAL]|Bytes:184
18:45:51.0 (65417540)|VARIABLE_SCOPE_BEGIN|[792]|this|CheckoutController|true|false
18:45:51.0 (65514005)|VARIABLE_ASSIGNMENT|[792]|this|{"acc":"0xdcca82f","bjbCompany":"0x6526e3ac","cardDetails":"0x159087d0","companyName":"SponsoredLinX","emailSignupAddress":"signup@sponsoredlinx (4 more) ...","fromSource":"sponsoredlinx.com.au","locale":"AUD","mailing_address":true,"mycart":"0x3d04c9cf","mySite":"0x55e19390","packages":"0x7882103","paymentType":"Invoice","paymentTypesEnabled":"0x16b78825","signup":"0xde6618d","siteName":"checkout_SLX"}|0x424558f2
18:45:51.0 (65533540)|SYSTEM_MODE_ENTER|false
18:45:51.0 (65540989)|HEAP_ALLOCATE|[793]|Bytes:5
18:45:51.0 (65546341)|STATEMENT_EXECUTE|[792]
18:45:51.0 (65548348)|STATEMENT_EXECUTE|[793]
18:45:51.0 (65566682)|HEAP_ALLOCATE|[793]|Bytes:4
18:45:51.0 (65575714)|VARIABLE_SCOPE_BEGIN|[793]|totals|Map<String,Decimal>|true|false
18:45:51.0 (65592552)|VARIABLE_ASSIGNMENT|[793]|totals|{}|0x45d4578a
18:45:51.0 (65604188)|METHOD_ENTRY|[796]|01p6F000006He6M|CheckoutController.getPackages()
18:45:51.0 (65610853)|VARIABLE_SCOPE_BEGIN|[766]|this|CheckoutController|true|false
18:45:51.0 (65695358)|VARIABLE_ASSIGNMENT|[766]|this|{"acc":"0xdcca82f","bjbCompany":"0x6526e3ac","cardDetails":"0x159087d0","companyName":"SponsoredLinX","emailSignupAddress":"signup@sponsoredlinx (4 more) ...","fromSource":"sponsoredlinx.com.au","locale":"AUD","mailing_address":true,"mycart":"0x3d04c9cf","mySite":"0x55e19390","packages":"0x7882103","paymentType":"Invoice","paymentTypesEnabled":"0x16b78825","signup":"0xde6618d","siteName":"checkout_SLX"}|0x424558f2
18:45:51.0 (65711202)|HEAP_ALLOCATE|[768]|Bytes:5
18:45:51.0 (65715806)|STATEMENT_EXECUTE|[766]
18:45:51.0 (65718676)|STATEMENT_EXECUTE|[768]
18:45:51.0 (65725171)|STATEMENT_EXECUTE|[788]
18:45:51.0 (65736652)|METHOD_EXIT|[796]|01p6F000006He6M|CheckoutController.getPackages()
18:45:51.0 (65760755)|HEAP_ALLOCATE|[796]|Bytes:5
18:45:51.0 (65778214)|HEAP_ALLOCATE|[796]|Bytes:12
18:45:51.0 (65786503)|VARIABLE_SCOPE_BEGIN|[796]|items|List<CartItem>|true|false
18:45:51.0 (65833857)|VARIABLE_ASSIGNMENT|[796]|items|[{"discount":0.00,"isGhost":false,"priceGross":399.00,"priceNet":399.00,"product":"0x66855499","qty":1},{"discount":0.00,"isGhost":false,"priceGross":139.00,"priceNet":139.00,"product":"0x731045dd","qty":1}]|0x38d8f9d5
18:45:51.0 (65842359)|STATEMENT_EXECUTE|[796]
18:45:51.0 (65859786)|HEAP_ALLOCATE|[797]|Bytes:5
18:45:51.0 (65869376)|HEAP_ALLOCATE|[797]|Bytes:36
18:45:51.0 (65875810)|VARIABLE_SCOPE_BEGIN|[797]|item|CartItem|true|false
18:45:51.0 (65903164)|VARIABLE_ASSIGNMENT|[797]|item|{"discount":0.00,"isGhost":false,"priceGross":399.00,"priceNet":399.00,"product":"0x66855499","qty":1}|0x68c0d4a
18:45:51.0 (65909934)|STATEMENT_EXECUTE|[797]
18:45:51.0 (65911831)|STATEMENT_EXECUTE|[798]
18:45:51.0 (65921302)|VARIABLE_SCOPE_BEGIN|[798]|totalType|String|false|false
18:45:51.0 (65931016)|VARIABLE_ASSIGNMENT|[798]|totalType|"setup"
18:45:51.0 (65958982)|VARIABLE_ASSIGNMENT|[EXTERNAL]|this|{"discount":0.00,"isGhost":false,"priceGross":399.00,"priceNet":399.00,"product":"0x66855499","qty":1}|0x68c0d4a
18:45:51.0 (65984316)|STATEMENT_EXECUTE|[799]
18:45:51.0 (65990343)|STATEMENT_EXECUTE|[803]
18:45:51.0 (66020330)|VARIABLE_ASSIGNMENT|[EXTERNAL]|this|{"discount":0.00,"isGhost":false,"priceGross":399.00,"priceNet":399.00,"product":"0x66855499","qty":1}|0x68c0d4a
18:45:51.0 (66043339)|METHOD_ENTRY|[803]|01p6F000006uYhT|Utility.zerofy(Decimal)
18:45:51.0 (66049247)|VARIABLE_SCOPE_BEGIN|[36]|myNumber|Decimal|false|false
18:45:51.0 (66057803)|VARIABLE_ASSIGNMENT|[36]|myNumber|null
18:45:51.0 (66066973)|HEAP_ALLOCATE|[37]|Bytes:5
18:45:51.0 (66071188)|STATEMENT_EXECUTE|[36]
18:45:51.0 (66073081)|STATEMENT_EXECUTE|[37]
18:45:51.0 (66089099)|HEAP_ALLOCATE|[37]|Bytes:28
18:45:51.0 (66096348)|HEAP_ALLOCATE|[37]|Bytes:28
18:45:51.0 (66108342)|METHOD_EXIT|[803]|01p6F000006uYhT|Utility.zerofy(Decimal)
18:45:51.0 (66143340)|HEAP_ALLOCATE|[803]|Bytes:28
18:45:51.0 (66178715)|HEAP_ALLOCATE|[EXTERNAL]|Bytes:-4
18:45:51.0 (66202449)|HEAP_ALLOCATE|[797]|Bytes:5
18:45:51.0 (66213437)|HEAP_ALLOCATE|[797]|Bytes:36
18:45:51.0 (66220563)|VARIABLE_SCOPE_BEGIN|[797]|item|CartItem|true|false
18:45:51.0 (66253385)|VARIABLE_ASSIGNMENT|[797]|item|{"discount":0.00,"isGhost":false,"priceGross":139.00,"priceNet":139.00,"product":"0x731045dd","qty":1}|0x427fb4a7
18:45:51.0 (66260070)|STATEMENT_EXECUTE|[797]
18:45:51.0 (66261896)|STATEMENT_EXECUTE|[798]
18:45:51.0 (66271981)|VARIABLE_SCOPE_BEGIN|[798]|totalType|String|false|false
18:45:51.0 (66281659)|VARIABLE_ASSIGNMENT|[798]|totalType|"setup"
18:45:51.0 (66309554)|VARIABLE_ASSIGNMENT|[EXTERNAL]|this|{"discount":0.00,"isGhost":false,"priceGross":139.00,"priceNet":139.00,"product":"0x731045dd","qty":1}|0x427fb4a7
18:45:51.0 (66356124)|VARIABLE_ASSIGNMENT|[EXTERNAL]|this|{"discount":0.00,"isGhost":false,"priceGross":139.00,"priceNet":139.00,"product":"0x731045dd","qty":1}|0x427fb4a7
18:45:51.0 (66370749)|STATEMENT_EXECUTE|[799]
18:45:51.0 (66372670)|STATEMENT_EXECUTE|[800]
18:45:51.0 (66401313)|VARIABLE_ASSIGNMENT|[EXTERNAL]|this|{"discount":0.00,"isGhost":false,"priceGross":139.00,"priceNet":139.00,"product":"0x731045dd","qty":1}|0x427fb4a7
18:45:51.0 (66425348)|HEAP_ALLOCATE|[800]|Bytes:6
18:45:51.0 (66439065)|VARIABLE_ASSIGNMENT|[800]|totalType|"weekly"
18:45:51.0 (66443909)|STATEMENT_EXECUTE|[803]
18:45:51.0 (66473555)|VARIABLE_ASSIGNMENT|[EXTERNAL]|this|{"discount":0.00,"isGhost":false,"priceGross":139.00,"priceNet":139.00,"product":"0x731045dd","qty":1}|0x427fb4a7
18:45:51.0 (66494267)|METHOD_ENTRY|[803]|01p6F000006uYhT|Utility.zerofy(Decimal)
18:45:51.0 (66500350)|VARIABLE_SCOPE_BEGIN|[36]|myNumber|Decimal|false|false
18:45:51.0 (66508384)|VARIABLE_ASSIGNMENT|[36]|myNumber|null
18:45:51.0 (66519050)|HEAP_ALLOCATE|[37]|Bytes:5
18:45:51.0 (66523348)|STATEMENT_EXECUTE|[36]
18:45:51.0 (66525208)|STATEMENT_EXECUTE|[37]
18:45:51.0 (66537115)|HEAP_ALLOCATE|[37]|Bytes:28
18:45:51.0 (66541061)|HEAP_ALLOCATE|[37]|Bytes:28
18:45:51.0 (66548770)|METHOD_EXIT|[803]|01p6F000006uYhT|Utility.zerofy(Decimal)
18:45:51.0 (66569174)|HEAP_ALLOCATE|[803]|Bytes:28
18:45:51.0 (66583751)|HEAP_ALLOCATE|[EXTERNAL]|Bytes:-4
18:45:51.0 (66597661)|HEAP_ALLOCATE|[797]|Bytes:5
18:45:51.0 (66609684)|VARIABLE_ASSIGNMENT|[797]|item|null|
18:45:51.0 (66619438)|HEAP_ALLOCATE|[796]|Bytes:5
18:45:51.0 (66628785)|VARIABLE_ASSIGNMENT|[796]|items|null|
18:45:51.0 (66633215)|STATEMENT_EXECUTE|[807]
18:45:51.0 (66641200)|SYSTEM_MODE_EXIT|false
18:45:51.0 (66839884)|SYSTEM_MODE_ENTER|true
18:45:51.0 (74645418)|SYSTEM_MODE_ENTER|true
18:45:51.0 (80214636)|SYSTEM_MODE_ENTER|true
18:45:51.0 (80325295)|HEAP_ALLOCATE|[EXTERNAL]|Bytes:184
18:45:51.0 (80347305)|VARIABLE_SCOPE_BEGIN|[692]|this|CheckoutController|true|false
18:45:51.0 (80544545)|VARIABLE_ASSIGNMENT|[692]|this|{"acc":"0xdcca82f","bjbCompany":"0x6526e3ac","cardDetails":"0x159087d0","companyName":"SponsoredLinX","emailSignupAddress":"signup@sponsoredlinx (4 more) ...","fromSource":"sponsoredlinx.com.au","locale":"AUD","mailing_address":true,"mycart":"0x3d04c9cf","mySite":"0x55e19390","packages":"0x7882103","paymentType":"Invoice","paymentTypesEnabled":"0x16b78825","signup":"0xde6618d","siteName":"checkout_SLX"}|0x424558f2
18:45:51.0 (80583111)|SYSTEM_MODE_ENTER|false
18:45:51.0 (80596614)|HEAP_ALLOCATE|[693]|Bytes:5
18:45:51.0 (80606774)|STATEMENT_EXECUTE|[692]
18:45:51.0 (80610646)|STATEMENT_EXECUTE|[693]
18:45:51.0 (80641020)|SYSTEM_MODE_EXIT|false
18:45:51.0 (81586666)|SYSTEM_MODE_ENTER|true
18:45:51.0 (81664204)|HEAP_ALLOCATE|[EXTERNAL]|Bytes:184
18:45:51.0 (81676540)|VARIABLE_SCOPE_BEGIN|[1380]|this|CheckoutController|true|false
18:45:51.0 (81797282)|VARIABLE_ASSIGNMENT|[1380]|this|{"acc":"0xdcca82f","bjbCompany":"0x6526e3ac","cardDetails":"0x159087d0","companyName":"SponsoredLinX","emailSignupAddress":"signup@sponsoredlinx (4 more) ...","fromSource":"sponsoredlinx.com.au","locale":"AUD","mailing_address":true,"mycart":"0x3d04c9cf","mySite":"0x55e19390","packages":"0x7882103","paymentType":"Invoice","paymentTypesEnabled":"0x16b78825","signup":"0xde6618d","siteName":"checkout_SLX"}|0x424558f2
18:45:51.0 (81824115)|SYSTEM_MODE_ENTER|false
18:45:51.0 (81836251)|HEAP_ALLOCATE|[1381]|Bytes:5
18:45:51.0 (81845389)|STATEMENT_EXECUTE|[1380]
18:45:51.0 (81849014)|STATEMENT_EXECUTE|[1381]
18:45:51.0 (81890839)|HEAP_ALLOCATE|[1381]|Bytes:4
18:45:51.0 (81944540)|VARIABLE_SCOPE_BEGIN|[1381]|options|List<System.SelectOption>|true|false
18:45:51.0 (81994568)|HEAP_ALLOCATE|[EXTERNAL]|Bytes:4
18:45:51.0 (82012423)|VARIABLE_ASSIGNMENT|[1381]|options|[]|0x38a03da1
18:45:51.0 (82020622)|STATEMENT_EXECUTE|[1382]
18:45:51.0 (82038491)|HEAP_ALLOCATE|[1382]|Bytes:11
18:45:51.0 (82150581)|HEAP_ALLOCATE|[EXTERNAL]|Bytes:4
18:45:51.0 (82173249)|HEAP_ALLOCATE|[1384]|Bytes:12
18:45:51.0 (82239090)|STATEMENT_EXECUTE|[1384]
18:45:51.0 (82251218)|STATEMENT_EXECUTE|[1388]
18:45:51.0 (82261253)|SYSTEM_MODE_EXIT|false
18:45:51.0 (82407678)|SYSTEM_MODE_ENTER|true
18:45:51.0 (83410302)|SYSTEM_MODE_ENTER|true
18:45:51.0 (83487585)|HEAP_ALLOCATE|[EXTERNAL]|Bytes:184
18:45:51.0 (83504444)|VARIABLE_SCOPE_BEGIN|[745]|this|CheckoutController|true|false
18:45:51.0 (83641450)|VARIABLE_ASSIGNMENT|[745]|this|{"acc":"0xdcca82f","bjbCompany":"0x6526e3ac","cardDetails":"0x159087d0","companyName":"SponsoredLinX","emailSignupAddress":"signup@sponsoredlinx (4 more) ...","fromSource":"sponsoredlinx.com.au","locale":"AUD","mailing_address":true,"mycart":"0x3d04c9cf","mySite":"0x55e19390","packages":"0x7882103","paymentType":"Invoice","paymentTypesEnabled":"0x16b78825","signup":"0xde6618d","siteName":"checkout_SLX"}|0x424558f2
18:45:51.0 (83675531)|SYSTEM_MODE_ENTER|false
18:45:51.0 (83687745)|HEAP_ALLOCATE|[746]|Bytes:5
18:45:51.0 (83696845)|STATEMENT_EXECUTE|[745]
18:45:51.0 (83699900)|STATEMENT_EXECUTE|[746]
18:45:51.0 (83732620)|HEAP_ALLOCATE|[746]|Bytes:4
18:45:51.0 (83790348)|VARIABLE_SCOPE_BEGIN|[746]|productFamilies|Set<String>|true|false
18:45:51.0 (83840126)|VARIABLE_ASSIGNMENT|[746]|productFamilies|[]|0x6afd9162
18:45:51.0 (83912666)|METHOD_ENTRY|[748]|01p6F000006He6K|Cart.getPackageFromPackageData(Cart.cartPackageData)
18:45:51.0 (83940467)|VARIABLE_SCOPE_BEGIN|[128]|this|Cart|true|false
18:45:51.0 (83984733)|VARIABLE_ASSIGNMENT|[128]|this|{"companyName":"SponsoredLinX","myPackageData":"0x4949f83"}|0x3d04c9cf
18:45:51.0 (83995928)|VARIABLE_SCOPE_BEGIN|[128]|fromPackageData|Cart.cartPackageData|true|false
18:45:51.0 (84167535)|VARIABLE_ASSIGNMENT|[128]|fromPackageData|{"addons":"0x26468f2","addTime":"2018-09-28T08:45:43.326Z","productIds":"0x1ed478bb","productType":"Facebook"}|0x4949f83
18:45:51.0 (84186531)|STATEMENT_EXECUTE|[128]
18:45:51.0 (84190000)|STATEMENT_EXECUTE|[129]
18:45:51.0 (84214543)|HEAP_ALLOCATE|[129]|Bytes:4
18:45:51.0 (84291353)|VARIABLE_SCOPE_BEGIN|[129]|items|List<CartItem>|true|false
18:45:51.0 (84328178)|HEAP_ALLOCATE|[EXTERNAL]|Bytes:4
18:45:51.0 (84339973)|VARIABLE_ASSIGNMENT|[129]|items|[]|0x153600db
18:45:51.0 (84352337)|STATEMENT_EXECUTE|[132]
18:45:51.0 (84355090)|STATEMENT_EXECUTE|[133]
18:45:51.0 (84434580)|HEAP_ALLOCATE|[133]|Bytes:4
18:45:51.0 (84444830)|HEAP_ALLOCATE|[133]|Bytes:244
18:45:51.0 (84457764)|HEAP_ALLOCATE|[133]|Bytes:4
18:45:51.0 (84470264)|HEAP_ALLOCATE|[133]|Bytes:7
18:45:51.0 (84485564)|HEAP_ALLOCATE|[133]|Bytes:7
18:45:51.0 (84971134)|SOQL_EXECUTE_BEGIN|[133]|Aggregations:0|SELECT Id, Name, product_price__c, product_recurring__c, recurring_period__c, company_name__c, Product_Family__c, Is_Ghost__c, Billed_In_Advance__c FROM SLX_Product__c WHERE (IsActive__c = TRUE AND company_name__c = :tmpVar1 AND Id IN :tmpVar2)
18:45:51.0 (94009994)|SOQL_EXECUTE_END|[133]|Rows:2
18:45:51.0 (94054837)|HEAP_ALLOCATE|[133]|Bytes:12
18:45:51.0 (94087332)|HEAP_ALLOCATE|[133]|Bytes:616
18:45:51.0 (94166615)|HEAP_ALLOCATE|[133]|Bytes:12
18:45:51.0 (94229910)|HEAP_ALLOCATE|[133]|Bytes:40
18:45:51.0 (94268767)|HEAP_ALLOCATE|[133]|Bytes:4
18:45:51.0 (94286462)|HEAP_ALLOCATE|[133]|Bytes:44
18:45:51.0 (94293155)|HEAP_ALLOCATE|[133]|Bytes:4
18:45:51.0 (94308418)|VARIABLE_SCOPE_BEGIN|[133]|productsMap|Map<Id,SLX_Product__c>|true|false
18:45:51.0 (94387741)|VARIABLE_ASSIGNMENT|[133]|productsMap|{"a1B6F000007u3QhUAI":{"Id":"a1B6F000007u3QhUAI","Name":"Social Engage - Supe (14 more) ...","product_price__c":399.00,"product_recurring__c":"No","company_name__c":"SponsoredLinx","Product_Family__c":"Facebook","Is_Ghost__c":false,"Billed_In_Advance__c":true,"CurrencyIsoCode":"AUD"},"a1B6F000007u3StUAI":{"Id":"a1B6F000007u3StUAI","Name":"Social Engage - Supe (26 more) ...","product_price__c":139.00,"product_recurring__c":"Yes","recurring_period__c":"Weekly","company_name__c":"SponsoredLinx","Product_Family__c":"Facebook","Is_Ghost__c":false,"Billed_In_Advance__c":false,"CurrencyIsoCode":"AUD"}}|0x240ac7bd
18:45:51.0 (94403531)|STATEMENT_EXECUTE|[135]
18:45:51.0 (94418161)|VARIABLE_SCOPE_BEGIN|[135]|previousProductId|Id|false|false
18:45:51.0 (94428213)|VARIABLE_ASSIGNMENT|[135]|previousProductId|null
18:45:51.0 (94506628)|HEAP_ALLOCATE|[136]|Bytes:5
18:45:51.0 (94523509)|HEAP_ALLOCATE|[136]|Bytes:18
18:45:51.0 (94556842)|HEAP_ALLOCATE|[136]|Bytes:4
18:45:51.0 (94563349)|VARIABLE_SCOPE_BEGIN|[136]|packageProductId|Id|false|false
18:45:51.0 (94832405)|VARIABLE_ASSIGNMENT|[136]|packageProductId|"a1B6F000007u3QhUAI"
18:45:51.0 (94841952)|STATEMENT_EXECUTE|[136]
18:45:51.0 (94844266)|STATEMENT_EXECUTE|[137]
18:45:51.0 (94909432)|VARIABLE_SCOPE_BEGIN|[137]|product|SLX_Product__c|true|false
18:45:51.0 (94943261)|VARIABLE_ASSIGNMENT|[137]|product|{"Id":"a1B6F000007u3QhUAI","Name":"Social Engage - Supe (14 more) ...","product_price__c":399.00,"product_recurring__c":"No","company_name__c":"SponsoredLinx","Product_Family__c":"Facebook","Is_Ghost__c":false,"Billed_In_Advance__c":true,"CurrencyIsoCode":"AUD"}|0x329090e
18:45:51.0 (94953197)|STATEMENT_EXECUTE|[140]
18:45:51.0 (94961309)|STATEMENT_EXECUTE|[144]
18:45:51.0 (94971478)|HEAP_ALLOCATE|[144]|Bytes:36
18:45:51.0 (94991213)|CONSTRUCTOR_ENTRY|[144]|01p6F000006He6L|<init>(SLX_Product__c)|CartItem
18:45:51.0 (95021032)|VARIABLE_SCOPE_BEGIN|[13]|this|CartItem|true|false
18:45:51.0 (95071317)|VARIABLE_ASSIGNMENT|[13]|this|{}|0x1aa78c7c
18:45:51.0 (95083974)|VARIABLE_SCOPE_BEGIN|[13]|product|SLX_Product__c|true|false
18:45:51.0 (95119043)|VARIABLE_ASSIGNMENT|[13]|product|{"Id":"a1B6F000007u3QhUAI","Name":"Social Engage - Supe (14 more) ...","product_price__c":399.00,"product_recurring__c":"No","company_name__c":"SponsoredLinx","Product_Family__c":"Facebook","Is_Ghost__c":false,"Billed_In_Advance__c":true,"CurrencyIsoCode":"AUD"}|0x329090e
18:45:51.0 (95134452)|STATEMENT_EXECUTE|[1]
18:45:51.0 (95137255)|STATEMENT_EXECUTE|[3]
18:45:51.0 (95154920)|STATEMENT_EXECUTE|[5]
18:45:51.0 (95160659)|STATEMENT_EXECUTE|[6]
18:45:51.0 (95165751)|STATEMENT_EXECUTE|[7]
18:45:51.0 (95171052)|STATEMENT_EXECUTE|[8]
18:45:51.0 (95176237)|STATEMENT_EXECUTE|[9]
18:45:51.0 (95181352)|STATEMENT_EXECUTE|[10]
18:45:51.0 (95187438)|STATEMENT_EXECUTE|[11]
18:45:51.0 (95203260)|HEAP_ALLOCATE|[14]|Bytes:6
18:45:51.0 (95241260)|STATEMENT_EXECUTE|[13]
18:45:51.0 (95244270)|STATEMENT_EXECUTE|[14]
18:45:51.0 (95354444)|VARIABLE_ASSIGNMENT|[EXTERNAL]|this|{}|0x1aa78c7c
18:45:51.0 (95391327)|VARIABLE_ASSIGNMENT|[EXTERNAL]|value|{"Id":"a1B6F000007u3QhUAI","Name":"Social Engage - Supe (14 more) ...","product_price__c":399.00,"product_recurring__c":"No","company_name__c":"SponsoredLinx","Product_Family__c":"Facebook","Is_Ghost__c":false,"Billed_In_Advance__c":true,"CurrencyIsoCode":"AUD"}|0x329090e
18:45:51.0 (95436751)|VARIABLE_ASSIGNMENT|[3]|this.product|{"Id":"a1B6F000007u3QhUAI","Name":"Social Engage - Supe (14 more) ...","product_price__c":399.00,"product_recurring__c":"No","company_name__c":"SponsoredLinx","Product_Family__c":"Facebook","Is_Ghost__c":false,"Billed_In_Advance__c":true,"CurrencyIsoCode":"AUD"}|0x1aa78c7c
18:45:51.0 (95459010)|STATEMENT_EXECUTE|[16]
18:45:51.0 (95524628)|VARIABLE_ASSIGNMENT|[EXTERNAL]|this|{"product":"0x329090e"}|0x1aa78c7c
18:45:51.0 (95539594)|VARIABLE_ASSIGNMENT|[EXTERNAL]|value|1
18:45:51.0 (95547139)|HEAP_ALLOCATE|[5]|Bytes:4
18:45:51.0 (95555167)|VARIABLE_ASSIGNMENT|[5]|this.qty|1|0x1aa78c7c
18:45:51.0 (95564884)|STATEMENT_EXECUTE|[17]
18:45:51.0 (95573972)|HEAP_ALLOCATE|[17]|Bytes:4
18:45:51.0 (95594294)|HEAP_ALLOCATE|[17]|Bytes:28
18:45:51.0 (95644758)|VARIABLE_ASSIGNMENT|[EXTERNAL]|this|{"product":"0x329090e","qty":1}|0x1aa78c7c
18:45:51.0 (95658213)|VARIABLE_ASSIGNMENT|[EXTERNAL]|value|0.00
18:45:51.0 (95668162)|VARIABLE_ASSIGNMENT|[8]|this.discount|0.00|0x1aa78c7c
18:45:51.0 (95677794)|STATEMENT_EXECUTE|[18]
18:45:51.0 (95766937)|VARIABLE_ASSIGNMENT|[EXTERNAL]|this|{"discount":0.00,"product":"0x329090e","qty":1}|0x1aa78c7c
18:45:51.0 (95779395)|VARIABLE_ASSIGNMENT|[EXTERNAL]|value|399.00
18:45:51.0 (95789072)|VARIABLE_ASSIGNMENT|[7]|this.priceGross|399.00|0x1aa78c7c
18:45:51.0 (95799045)|STATEMENT_EXECUTE|[19]
18:45:51.0 (95843602)|VARIABLE_ASSIGNMENT|[EXTERNAL]|this|{"discount":0.00,"priceGross":399.00,"product":"0x329090e","qty":1}|0x1aa78c7c
18:45:51.0 (95886786)|HEAP_ALLOCATE|[19]|Bytes:28
18:45:51.0 (95927748)|VARIABLE_ASSIGNMENT|[EXTERNAL]|this|{"discount":0.00,"priceGross":399.00,"product":"0x329090e","qty":1}|0x1aa78c7c
18:45:51.0 (95938375)|VARIABLE_ASSIGNMENT|[EXTERNAL]|value|399.00
18:45:51.0 (95947448)|VARIABLE_ASSIGNMENT|[9]|this.priceNet|399.00|0x1aa78c7c
18:45:51.0 (95955908)|STATEMENT_EXECUTE|[20]
18:45:51.0 (96030787)|VARIABLE_ASSIGNMENT|[EXTERNAL]|this|{"discount":0.00,"priceGross":399.00,"priceNet":399.00,"product":"0x329090e","qty":1}|0x1aa78c7c
18:45:51.0 (96043969)|VARIABLE_ASSIGNMENT|[EXTERNAL]|value|false
18:45:51.0 (96053369)|VARIABLE_ASSIGNMENT|[11]|this.isGhost|false|0x1aa78c7c
18:45:51.0 (96068237)|CONSTRUCTOR_EXIT|[144]|01p6F000006He6L|<init>(SLX_Product__c)|CartItem
18:45:51.0 (96087746)|HEAP_ALLOCATE|[EXTERNAL]|Bytes:4
18:45:51.0 (96096161)|STATEMENT_EXECUTE|[146]
18:45:51.0 (96211875)|VARIABLE_ASSIGNMENT|[146]|previousProductId|"a1B6F000007u3QhUAI"
18:45:51.0 (96235997)|HEAP_ALLOCATE|[136]|Bytes:5
18:45:51.0 (96249120)|HEAP_ALLOCATE|[136]|Bytes:18
18:45:51.0 (96278522)|HEAP_ALLOCATE|[136]|Bytes:4
18:45:51.0 (96285704)|VARIABLE_SCOPE_BEGIN|[136]|packageProductId|Id|false|false
18:45:51.0 (96354755)|VARIABLE_ASSIGNMENT|[136]|packageProductId|"a1B6F000007u3StUAI"
18:45:51.0 (96363195)|STATEMENT_EXECUTE|[136]
18:45:51.0 (96365246)|STATEMENT_EXECUTE|[137]
18:45:51.0 (96390685)|VARIABLE_SCOPE_BEGIN|[137]|product|SLX_Product__c|true|false
18:45:51.0 (96422044)|VARIABLE_ASSIGNMENT|[137]|product|{"Id":"a1B6F000007u3StUAI","Name":"Social Engage - Supe (26 more) ...","product_price__c":139.00,"product_recurring__c":"Yes","recurring_period__c":"Weekly","company_name__c":"SponsoredLinx","Product_Family__c":"Facebook","Is_Ghost__c":false,"Billed_In_Advance__c":false,"CurrencyIsoCode":"AUD"}|0x137dcd75
18:45:51.0 (96431399)|STATEMENT_EXECUTE|[140]
18:45:51.0 (96436326)|STATEMENT_EXECUTE|[144]
18:45:51.0 (96443520)|HEAP_ALLOCATE|[144]|Bytes:36
18:45:51.0 (96454558)|CONSTRUCTOR_ENTRY|[144]|01p6F000006He6L|<init>(SLX_Product__c)|CartItem
18:45:51.0 (96462171)|VARIABLE_SCOPE_BEGIN|[13]|this|CartItem|true|false
18:45:51.0 (96484726)|VARIABLE_ASSIGNMENT|[13]|this|{}|0x25c3f4c3
18:45:51.0 (96490801)|VARIABLE_SCOPE_BEGIN|[13]|product|SLX_Product__c|true|false
18:45:51.0 (96514442)|VARIABLE_ASSIGNMENT|[13]|product|{"Id":"a1B6F000007u3StUAI","Name":"Social Engage - Supe (26 more) ...","product_price__c":139.00,"product_recurring__c":"Yes","recurring_period__c":"Weekly","company_name__c":"SponsoredLinx","Product_Family__c":"Facebook","Is_Ghost__c":false,"Billed_In_Advance__c":false,"CurrencyIsoCode":"AUD"}|0x137dcd75
18:45:51.0 (96523672)|STATEMENT_EXECUTE|[1]
18:45:51.0 (96525664)|STATEMENT_EXECUTE|[3]
18:45:51.0 (96530899)|STATEMENT_EXECUTE|[5]
18:45:51.0 (96534223)|STATEMENT_EXECUTE|[6]
18:45:51.0 (96537470)|STATEMENT_EXECUTE|[7]
18:45:51.0 (96541041)|STATEMENT_EXECUTE|[8]
18:45:51.0 (96544213)|STATEMENT_EXECUTE|[9]
18:45:51.0 (96547560)|STATEMENT_EXECUTE|[10]
18:45:51.0 (96550909)|STATEMENT_EXECUTE|[11]
18:45:51.0 (96566688)|STATEMENT_EXECUTE|[13]
18:45:51.0 (96568640)|STATEMENT_EXECUTE|[14]
18:45:51.0 (96592600)|VARIABLE_ASSIGNMENT|[EXTERNAL]|this|{}|0x25c3f4c3
18:45:51.0 (96618699)|VARIABLE_ASSIGNMENT|[EXTERNAL]|value|{"Id":"a1B6F000007u3StUAI","Name":"Social Engage - Supe (26 more) ...","product_price__c":139.00,"product_recurring__c":"Yes","recurring_period__c":"Weekly","company_name__c":"SponsoredLinx","Product_Family__c":"Facebook","Is_Ghost__c":false,"Billed_In_Advance__c":false,"CurrencyIsoCode":"AUD"}|0x137dcd75
18:45:51.0 (96645028)|VARIABLE_ASSIGNMENT|[3]|this.product|{"Id":"a1B6F000007u3StUAI","Name":"Social Engage - Supe (26 more) ...","product_price__c":139.00,"product_recurring__c":"Yes","recurring_period__c":"Weekly","company_name__c":"SponsoredLinx","Product_Family__c":"Facebook","Is_Ghost__c":false,"Billed_In_Advance__c":false,"CurrencyIsoCode":"AUD"}|0x25c3f4c3
18:45:51.0 (96656355)|STATEMENT_EXECUTE|[16]
18:45:51.0 (96680943)|VARIABLE_ASSIGNMENT|[EXTERNAL]|this|{"product":"0x137dcd75"}|0x25c3f4c3
18:45:51.0 (96690789)|VARIABLE_ASSIGNMENT|[EXTERNAL]|value|1
18:45:51.0 (96696229)|HEAP_ALLOCATE|[5]|Bytes:4
18:45:51.0 (96703325)|VARIABLE_ASSIGNMENT|[5]|this.qty|1|0x25c3f4c3
18:45:51.0 (96711186)|STATEMENT_EXECUTE|[17]
18:45:51.0 (96723935)|HEAP_ALLOCATE|[17]|Bytes:28
18:45:51.0 (96749129)|VARIABLE_ASSIGNMENT|[EXTERNAL]|this|{"product":"0x137dcd75","qty":1}|0x25c3f4c3
18:45:51.0 (96758995)|VARIABLE_ASSIGNMENT|[EXTERNAL]|value|0.00
18:45:51.0 (96767382)|VARIABLE_ASSIGNMENT|[8]|this.discount|0.00|0x25c3f4c3
18:45:51.0 (96775836)|STATEMENT_EXECUTE|[18]
18:45:51.0 (96809833)|VARIABLE_ASSIGNMENT|[EXTERNAL]|this|{"discount":0.00,"product":"0x137dcd75","qty":1}|0x25c3f4c3
18:45:51.0 (96819787)|VARIABLE_ASSIGNMENT|[EXTERNAL]|value|139.00
18:45:51.0 (96827732)|VARIABLE_ASSIGNMENT|[7]|this.priceGross|139.00|0x25c3f4c3
18:45:51.0 (96836013)|STATEMENT_EXECUTE|[19]
18:45:51.0 (96865479)|VARIABLE_ASSIGNMENT|[EXTERNAL]|this|{"discount":0.00,"priceGross":139.00,"product":"0x137dcd75","qty":1}|0x25c3f4c3
18:45:51.0 (96896449)|HEAP_ALLOCATE|[19]|Bytes:28
18:45:51.0 (96928539)|VARIABLE_ASSIGNMENT|[EXTERNAL]|this|{"discount":0.00,"priceGross":139.00,"product":"0x137dcd75","qty":1}|0x25c3f4c3
18:45:51.0 (96938229)|VARIABLE_ASSIGNMENT|[EXTERNAL]|value|139.00
18:45:51.0 (96945889)|VARIABLE_ASSIGNMENT|[9]|this.priceNet|139.00|0x25c3f4c3
18:45:51.0 (96953850)|STATEMENT_EXECUTE|[20]
18:45:51.0 (96984065)|VARIABLE_ASSIGNMENT|[EXTERNAL]|this|{"discount":0.00,"priceGross":139.00,"priceNet":139.00,"product":"0x137dcd75","qty":1}|0x25c3f4c3
18:45:51.0 (96993486)|VARIABLE_ASSIGNMENT|[EXTERNAL]|value|false
18:45:51.0 (97000838)|VARIABLE_ASSIGNMENT|[11]|this.isGhost|false|0x25c3f4c3
18:45:51.0 (97013524)|CONSTRUCTOR_EXIT|[144]|01p6F000006He6L|<init>(SLX_Product__c)|CartItem
18:45:51.0 (97026793)|HEAP_ALLOCATE|[EXTERNAL]|Bytes:4
18:45:51.0 (97034268)|STATEMENT_EXECUTE|[146]
18:45:51.0 (97106495)|VARIABLE_ASSIGNMENT|[146]|previousProductId|"a1B6F000007u3StUAI"
18:45:51.0 (97129668)|HEAP_ALLOCATE|[136]|Bytes:5
18:45:51.0 (97148777)|VARIABLE_ASSIGNMENT|[136]|packageProductId|null
18:45:51.0 (97159976)|STATEMENT_EXECUTE|[151]
18:45:51.0 (97167159)|STATEMENT_EXECUTE|[167]
18:45:51.0 (97176240)|METHOD_EXIT|[748]|01p6F000006He6K|Cart.getPackageFromPackageData(Cart.cartPackageData)
18:45:51.0 (97201800)|HEAP_ALLOCATE|[748]|Bytes:5
18:45:51.0 (97213294)|HEAP_ALLOCATE|[748]|Bytes:36
18:45:51.0 (97221162)|VARIABLE_SCOPE_BEGIN|[748]|myCartItem|CartItem|true|false
18:45:51.0 (97253733)|VARIABLE_ASSIGNMENT|[748]|myCartItem|{"discount":0.00,"isGhost":false,"priceGross":399.00,"priceNet":399.00,"product":"0x329090e","qty":1}|0x1aa78c7c
18:45:51.0 (97261146)|STATEMENT_EXECUTE|[748]
18:45:51.0 (97263013)|STATEMENT_EXECUTE|[749]
18:45:51.0 (97271339)|HEAP_ALLOCATE|[749]|Bytes:16
18:45:51.0 (97298394)|METHOD_ENTRY|[749]|01p6F000006He6L|CartItem.getProductFamily()
18:45:51.0 (97319134)|VARIABLE_SCOPE_BEGIN|[24]|this|CartItem|true|false
18:45:51.0 (97347267)|VARIABLE_ASSIGNMENT|[24]|this|{"discount":0.00,"isGhost":false,"priceGross":399.00,"priceNet":399.00,"product":"0x329090e","qty":1}|0x1aa78c7c
18:45:51.0 (97357205)|STATEMENT_EXECUTE|[24]
18:45:51.0 (97359001)|STATEMENT_EXECUTE|[25]
18:45:51.0 (97397092)|VARIABLE_ASSIGNMENT|[EXTERNAL]|this|{"discount":0.00,"isGhost":false,"priceGross":399.00,"priceNet":399.00,"product":"0x329090e","qty":1}|0x1aa78c7c
18:45:51.0 (97433891)|METHOD_EXIT|[749]|01p6F000006He6L|CartItem.getProductFamily()
18:45:51.0 (97452495)|HEAP_ALLOCATE|[749]|Bytes:24
18:45:51.0 (97473601)|USER_DEBUG|[749]|DEBUG|product family: Facebook
18:45:51.0 (97482545)|STATEMENT_EXECUTE|[750]
18:45:51.0 (97495473)|METHOD_ENTRY|[750]|01p6F000006He6L|CartItem.getProductFamily()
18:45:51.0 (97512944)|VARIABLE_SCOPE_BEGIN|[24]|this|CartItem|true|false
18:45:51.0 (97543751)|VARIABLE_ASSIGNMENT|[24]|this|{"discount":0.00,"isGhost":false,"priceGross":399.00,"priceNet":399.00,"product":"0x329090e","qty":1}|0x1aa78c7c
18:45:51.0 (97551727)|STATEMENT_EXECUTE|[24]
18:45:51.0 (97553519)|STATEMENT_EXECUTE|[25]
18:45:51.0 (97581170)|VARIABLE_ASSIGNMENT|[EXTERNAL]|this|{"discount":0.00,"isGhost":false,"priceGross":399.00,"priceNet":399.00,"product":"0x329090e","qty":1}|0x1aa78c7c
18:45:51.0 (97597026)|METHOD_EXIT|[750]|01p6F000006He6L|CartItem.getProductFamily()
18:45:51.0 (97613062)|HEAP_ALLOCATE|[EXTERNAL]|Bytes:4
18:45:51.0 (97629389)|HEAP_ALLOCATE|[748]|Bytes:5
18:45:51.0 (97639887)|HEAP_ALLOCATE|[748]|Bytes:36
18:45:51.0 (97646545)|VARIABLE_SCOPE_BEGIN|[748]|myCartItem|CartItem|true|false
18:45:51.0 (97674550)|VARIABLE_ASSIGNMENT|[748]|myCartItem|{"discount":0.00,"isGhost":false,"priceGross":139.00,"priceNet":139.00,"product":"0x137dcd75","qty":1}|0x25c3f4c3
18:45:51.0 (97681322)|STATEMENT_EXECUTE|[748]
18:45:51.0 (97683100)|STATEMENT_EXECUTE|[749]
18:45:51.0 (97693819)|METHOD_ENTRY|[749]|01p6F000006He6L|CartItem.getProductFamily()
18:45:51.0 (97699726)|VARIABLE_SCOPE_BEGIN|[24]|this|CartItem|true|false
18:45:51.0 (97723535)|VARIABLE_ASSIGNMENT|[24]|this|{"discount":0.00,"isGhost":false,"priceGross":139.00,"priceNet":139.00,"product":"0x137dcd75","qty":1}|0x25c3f4c3
18:45:51.0 (97731067)|STATEMENT_EXECUTE|[24]
18:45:51.0 (97732899)|STATEMENT_EXECUTE|[25]
18:45:51.0 (97757887)|VARIABLE_ASSIGNMENT|[EXTERNAL]|this|{"discount":0.00,"isGhost":false,"priceGross":139.00,"priceNet":139.00,"product":"0x137dcd75","qty":1}|0x25c3f4c3
18:45:51.0 (97772612)|METHOD_EXIT|[749]|01p6F000006He6L|CartItem.getProductFamily()
18:45:51.0 (97780723)|HEAP_ALLOCATE|[749]|Bytes:24
18:45:51.0 (97789785)|USER_DEBUG|[749]|DEBUG|product family: Facebook
18:45:51.0 (97796693)|STATEMENT_EXECUTE|[750]
18:45:51.0 (97804452)|METHOD_ENTRY|[750]|01p6F000006He6L|CartItem.getProductFamily()
18:45:51.0 (97809437)|VARIABLE_SCOPE_BEGIN|[24]|this|CartItem|true|false
18:45:51.0 (97835376)|VARIABLE_ASSIGNMENT|[24]|this|{"discount":0.00,"isGhost":false,"priceGross":139.00,"priceNet":139.00,"product":"0x137dcd75","qty":1}|0x25c3f4c3
18:45:51.0 (97842368)|STATEMENT_EXECUTE|[24]
18:45:51.0 (97843990)|STATEMENT_EXECUTE|[25]
18:45:51.0 (97868289)|VARIABLE_ASSIGNMENT|[EXTERNAL]|this|{"discount":0.00,"isGhost":false,"priceGross":139.00,"priceNet":139.00,"product":"0x137dcd75","qty":1}|0x25c3f4c3
18:45:51.0 (97881870)|METHOD_EXIT|[750]|01p6F000006He6L|CartItem.getProductFamily()
18:45:51.0 (97892350)|HEAP_ALLOCATE|[EXTERNAL]|Bytes:4
18:45:51.0 (97906310)|HEAP_ALLOCATE|[748]|Bytes:5
18:45:51.0 (97917778)|VARIABLE_ASSIGNMENT|[748]|myCartItem|null|
18:45:51.0 (97931379)|STATEMENT_EXECUTE|[754]
18:45:51.0 (98109563)|HEAP_ALLOCATE|[755]|Bytes:5
18:45:51.0 (98126646)|VARIABLE_ASSIGNMENT|[755]|addonPackageData|null|
18:45:51.0 (98132184)|STATEMENT_EXECUTE|[755]
18:45:51.0 (98145139)|STATEMENT_EXECUTE|[762]
18:45:51.0 (98154656)|SYSTEM_MODE_EXIT|false
18:45:51.0 (99568958)|SYSTEM_MODE_ENTER|true
18:45:51.0 (99637204)|HEAP_ALLOCATE|[EXTERNAL]|Bytes:184
18:45:51.0 (99649137)|VARIABLE_SCOPE_BEGIN|[697]|this|CheckoutController|true|false
18:45:51.0 (99764347)|VARIABLE_ASSIGNMENT|[697]|this|{"acc":"0xdcca82f","bjbCompany":"0x6526e3ac","cardDetails":"0x159087d0","companyName":"SponsoredLinX","emailSignupAddress":"signup@sponsoredlinx (4 more) ...","fromSource":"sponsoredlinx.com.au","locale":"AUD","mailing_address":true,"mycart":"0x3d04c9cf","mySite":"0x55e19390","packages":"0x7882103","paymentType":"Invoice","paymentTypesEnabled":"0x16b78825","signup":"0xde6618d","siteName":"checkout_SLX"}|0x424558f2
18:45:51.0 (99786218)|SYSTEM_MODE_ENTER|false
18:45:51.0 (99794919)|HEAP_ALLOCATE|[698]|Bytes:5
18:45:51.0 (99801108)|STATEMENT_EXECUTE|[697]
18:45:51.0 (99803390)|STATEMENT_EXECUTE|[698]
18:45:51.0 (99819068)|SYSTEM_MODE_EXIT|false
18:45:51.0 (99911130)|SYSTEM_MODE_ENTER|true
18:45:51.0 (99980237)|HEAP_ALLOCATE|[EXTERNAL]|Bytes:184
18:45:51.0 (100000530)|VARIABLE_SCOPE_BEGIN|[900]|this|CheckoutController|true|false
18:45:51.0 (100130865)|VARIABLE_ASSIGNMENT|[900]|this|{"acc":"0xdcca82f","bjbCompany":"0x6526e3ac","cardDetails":"0x159087d0","companyName":"SponsoredLinX","emailSignupAddress":"signup@sponsoredlinx (4 more) ...","fromSource":"sponsoredlinx.com.au","locale":"AUD","mailing_address":true,"mycart":"0x3d04c9cf","mySite":"0x55e19390","packages":"0x7882103","paymentType":"Invoice","paymentTypesEnabled":"0x16b78825","signup":"0xde6618d","siteName":"checkout_SLX"}|0x424558f2
18:45:51.0 (100160572)|SYSTEM_MODE_ENTER|false
18:45:51.0 (100170366)|HEAP_ALLOCATE|[901]|Bytes:5
18:45:51.0 (100176395)|STATEMENT_EXECUTE|[900]
18:45:51.0 (100178666)|STATEMENT_EXECUTE|[901]
18:45:51.0 (100271084)|HEAP_ALLOCATE|[901]|Bytes:24
18:45:51.0 (100288843)|SYSTEM_METHOD_ENTRY|[1]|JSON.JSON()
18:45:51.0 (100293605)|STATEMENT_EXECUTE|[1]
18:45:51.0 (100302270)|SYSTEM_METHOD_EXIT|[1]|JSON
18:45:51.0 (100317601)|METHOD_ENTRY|[901]||System.JSON.serializePretty(Object)
18:45:51.0 (100742671)|METHOD_EXIT|[901]||System.JSON.serializePretty(Object)
18:45:51.0 (100754489)|SYSTEM_MODE_EXIT|false
18:45:51.0 (102437006)|SYSTEM_MODE_ENTER|true
18:45:51.0 (102488666)|HEAP_ALLOCATE|[EXTERNAL]|Bytes:184
18:45:51.0 (102499098)|VARIABLE_SCOPE_BEGIN|[702]|this|CheckoutController|true|false
18:45:51.0 (102599747)|VARIABLE_ASSIGNMENT|[702]|this|{"acc":"0xdcca82f","bjbCompany":"0x6526e3ac","cardDetails":"0x159087d0","companyName":"SponsoredLinX","emailSignupAddress":"signup@sponsoredlinx (4 more) ...","fromSource":"sponsoredlinx.com.au","locale":"AUD","mailing_address":true,"mycart":"0x3d04c9cf","mySite":"0x55e19390","packages":"0x7882103","paymentType":"Invoice","paymentTypesEnabled":"0x16b78825","signup":"0xde6618d","siteName":"checkout_SLX"}|0x424558f2
18:45:51.0 (102621806)|SYSTEM_MODE_ENTER|false
18:45:51.0 (102630092)|HEAP_ALLOCATE|[703]|Bytes:5
18:45:51.0 (102636460)|STATEMENT_EXECUTE|[702]
18:45:51.0 (102638604)|STATEMENT_EXECUTE|[703]
18:45:51.0 (102652598)|SYSTEM_MODE_EXIT|false
18:45:51.0 (105818423)|VF_SERIALIZE_VIEWSTATE_BEGIN|0666F000005libo
18:45:51.0 (112683908)|VF_SERIALIZE_VIEWSTATE_END
18:45:51.120 (120766116)|CUMULATIVE_LIMIT_USAGE
18:45:51.120 (120766116)|LIMIT_USAGE_FOR_NS|(default)|
  Number of SOQL queries: 1 out of 100
  Number of query rows: 2 out of 50000
  Number of SOSL queries: 0 out of 20
  Number of DML statements: 0 out of 150
  Number of DML rows: 0 out of 10000
  Maximum CPU time: 0 out of 10000
  Maximum heap size: 0 out of 6000000
  Number of callouts: 0 out of 100
  Number of Email Invocations: 0 out of 10
  Number of future calls: 0 out of 50
  Number of queueable jobs added to the queue: 0 out of 50
  Number of Mobile Apex push calls: 0 out of 10

18:45:51.120 (120766116)|CUMULATIVE_LIMIT_USAGE_END

18:45:51.0 (120822312)|CODE_UNIT_FINISHED|VF: /apex/CheckoutMain_slx
18:45:51.0 (121834490)|EXECUTION_FINISHED
