37.0 APEX_CODE,FINEST;APEX_PROFILING,INFO;CALLOUT,INFO;DB,INFO;NBA,INFO;SYSTEM,DEBUG;VALIDATION,INFO;VISUALFORCE,INFO;WAVE,INFO;WORKFLOW,INFO
11:36:31.12 (12880658)|ENTERING_MANAGED_PKG|Centify
11:36:31.12 (16234569)|ENTERING_MANAGED_PKG|Centify
11:36:31.12 (16284762)|ENTERING_MANAGED_PKG|Centify
11:36:31.12 (18008803)|ENTERING_MANAGED_PKG|Centify
11:36:31.12 (18048600)|ENTERING_MANAGED_PKG|Centify
11:36:31.12 (18133828)|ENTERING_MANAGED_PKG|Centify
11:36:31.12 (18478838)|ENTERING_MANAGED_PKG|Centify
11:36:31.12 (25423119)|ENTERING_MANAGED_PKG|Centify
11:36:31.12 (25485684)|ENTERING_MANAGED_PKG|Centify
11:36:31.12 (25728154)|ENTERING_MANAGED_PKG|Centify
11:36:31.12 (25759742)|ENTERING_MANAGED_PKG|Centify
11:36:31.12 (26022868)|ENTERING_MANAGED_PKG|Centify
11:36:31.12 (27687374)|ENTERING_MANAGED_PKG|Centify
11:36:31.12 (27738929)|ENTERING_MANAGED_PKG|Centify
11:36:31.12 (27845992)|ENTERING_MANAGED_PKG|Centify
11:36:31.12 (27922730)|ENTERING_MANAGED_PKG|Centify
11:36:31.12 (27953992)|ENTERING_MANAGED_PKG|Centify
11:36:31.12 (28021613)|ENTERING_MANAGED_PKG|Centify
11:36:31.12 (28043979)|ENTERING_MANAGED_PKG|Centify
11:36:31.12 (28073506)|ENTERING_MANAGED_PKG|Centify
11:36:31.12 (28208188)|ENTERING_MANAGED_PKG|Centify
11:36:31.12 (28250561)|ENTERING_MANAGED_PKG|Centify
11:36:31.12 (29089229)|ENTERING_MANAGED_PKG|Centify
11:36:31.12 (29128447)|ENTERING_MANAGED_PKG|Centify
11:36:31.12 (29161511)|ENTERING_MANAGED_PKG|Centify
11:36:31.12 (29292362)|ENTERING_MANAGED_PKG|Centify
11:36:31.12 (29341496)|ENTERING_MANAGED_PKG|Centify
11:36:31.12 (30274050)|ENTERING_MANAGED_PKG|Centify
11:36:31.12 (30512667)|ENTERING_MANAGED_PKG|Centify
11:36:31.12 (30641373)|ENTERING_MANAGED_PKG|Centify
11:36:31.12 (30723241)|ENTERING_MANAGED_PKG|Centify
11:36:31.12 (30806543)|ENTERING_MANAGED_PKG|Centify
11:36:31.12 (30863728)|ENTERING_MANAGED_PKG|Centify
11:36:31.12 (30924265)|ENTERING_MANAGED_PKG|Centify
11:36:31.12 (30976438)|ENTERING_MANAGED_PKG|Centify
11:36:31.12 (31035480)|ENTERING_MANAGED_PKG|Centify
11:36:31.12 (31150092)|ENTERING_MANAGED_PKG|Centify
11:36:31.12 (31215689)|ENTERING_MANAGED_PKG|Centify
11:36:31.12 (31323531)|ENTERING_MANAGED_PKG|Centify
11:36:31.12 (31395504)|ENTERING_MANAGED_PKG|Centify
11:36:31.12 (31526333)|ENTERING_MANAGED_PKG|Centify
11:36:31.12 (31599839)|ENTERING_MANAGED_PKG|Centify
11:36:31.12 (31702039)|ENTERING_MANAGED_PKG|Centify
11:36:31.12 (31765314)|ENTERING_MANAGED_PKG|Centify
11:36:31.12 (32264152)|ENTERING_MANAGED_PKG|Centify
11:36:31.12 (32350250)|ENTERING_MANAGED_PKG|Centify
11:36:31.12 (32466027)|ENTERING_MANAGED_PKG|Centify
11:36:31.12 (32536942)|ENTERING_MANAGED_PKG|Centify
11:36:31.12 (32639716)|ENTERING_MANAGED_PKG|Centify
11:36:31.12 (32692779)|ENTERING_MANAGED_PKG|Centify
11:36:31.12 (33823860)|DML_BEGIN|[74]|Op:Insert|Type:Centify__Notification__c|Rows:1
11:36:31.12 (68195450)|DML_END|[74]
11:36:31.12 (68341503)|ENTERING_MANAGED_PKG|Centify
11:36:31.12 (68668871)|ENTERING_MANAGED_PKG|Centify
11:36:31.85 (85240706)|CUMULATIVE_LIMIT_USAGE
11:36:31.85 (85240706)|LIMIT_USAGE_FOR_NS|(default)|
  Number of SOQL queries: 0 out of 200
  Number of query rows: 0 out of 50000
  Number of SOSL queries: 0 out of 20
  Number of DML statements: 0 out of 150
  Number of DML rows: 0 out of 10000
  Maximum CPU time: 0 out of 60000
  Maximum heap size: 0 out of 12000000
  Number of callouts: 0 out of 0
  Number of Email Invocations: 0 out of 10
  Number of future calls: 0 out of 0
  Number of queueable jobs added to the queue: 0 out of 1
  Number of Mobile Apex push calls: 0 out of 10

11:36:31.85 (85240706)|LIMIT_USAGE_FOR_NS|Centify|
  Number of SOQL queries: 0 out of 200
  Number of query rows: 0 out of 50000
  Number of SOSL queries: 0 out of 20
  Number of DML statements: 0 out of 150
  Number of DML rows: 0 out of 10000
  Maximum CPU time: 0 out of 60000
  Maximum heap size: 0 out of 12000000
  Number of callouts: 0 out of 0
  Number of Email Invocations: 0 out of 10
  Number of future calls: 0 out of 0
  Number of queueable jobs added to the queue: 0 out of 1
  Number of Mobile Apex push calls: 0 out of 10

11:36:31.85 (85240706)|CUMULATIVE_LIMIT_USAGE_END

