37.0 APEX_CODE,FINEST;APEX_PROFILING,INFO;CALLOUT,INFO;DB,INFO;NBA,INFO;SYSTEM,DEBUG;VALIDATION,INFO;VISUALFORCE,INFO;WAVE,INFO;WORKFLOW,INFO
16:55:08.17 (17736787)|ENTERING_MANAGED_PKG|Centify
16:55:08.17 (21925293)|ENTERING_MANAGED_PKG|Centify
16:55:08.17 (27787621)|ENTERING_MANAGED_PKG|Centify
16:55:08.17 (27932104)|ENTERING_MANAGED_PKG|Centify
16:55:08.17 (28076577)|ENTERING_MANAGED_PKG|Centify
16:55:08.17 (28713059)|ENTERING_MANAGED_PKG|Centify
16:55:08.17 (28994943)|ENTERING_MANAGED_PKG|Centify
16:55:08.17 (29025377)|ENTERING_MANAGED_PKG|Centify
16:55:08.17 (29112240)|ENTERING_MANAGED_PKG|Centify
16:55:08.17 (29161003)|ENTERING_MANAGED_PKG|Centify
16:55:08.17 (29195534)|ENTERING_MANAGED_PKG|Centify
16:55:08.17 (29216596)|ENTERING_MANAGED_PKG|Centify
16:55:08.17 (29233255)|ENTERING_MANAGED_PKG|Centify
16:55:08.17 (29397185)|ENTERING_MANAGED_PKG|Centify
16:55:08.17 (66936738)|ENTERING_MANAGED_PKG|Centify
16:55:08.17 (67098074)|ENTERING_MANAGED_PKG|Centify
16:55:08.17 (67275618)|ENTERING_MANAGED_PKG|Centify
16:55:08.17 (67345044)|ENTERING_MANAGED_PKG|Centify
16:55:08.17 (479225477)|ENTERING_MANAGED_PKG|Centify
16:55:08.17 (523146273)|ENTERING_MANAGED_PKG|Centify
16:55:08.17 (536136500)|ENTERING_MANAGED_PKG|Centify
16:55:08.17 (536189545)|ENTERING_MANAGED_PKG|Centify
16:55:08.17 (536263850)|ENTERING_MANAGED_PKG|Centify
16:55:08.17 (536293021)|ENTERING_MANAGED_PKG|Centify
16:55:08.17 (536353013)|ENTERING_MANAGED_PKG|Centify
16:55:08.17 (560857174)|ENTERING_MANAGED_PKG|Centify
16:55:08.17 (575744582)|ENTERING_MANAGED_PKG|Centify
16:55:08.17 (575796078)|ENTERING_MANAGED_PKG|Centify
16:55:08.17 (575867319)|ENTERING_MANAGED_PKG|Centify
16:55:08.17 (575897288)|ENTERING_MANAGED_PKG|Centify
16:55:08.17 (575954701)|ENTERING_MANAGED_PKG|Centify
16:55:08.17 (599827604)|ENTERING_MANAGED_PKG|Centify
16:55:08.17 (613797583)|ENTERING_MANAGED_PKG|Centify
16:55:08.17 (613850242)|ENTERING_MANAGED_PKG|Centify
16:55:08.17 (613924784)|ENTERING_MANAGED_PKG|Centify
16:55:08.17 (613958037)|ENTERING_MANAGED_PKG|Centify
16:55:08.17 (614041294)|ENTERING_MANAGED_PKG|Centify
16:55:08.17 (640367097)|ENTERING_MANAGED_PKG|Centify
16:55:08.17 (655406168)|ENTERING_MANAGED_PKG|Centify
16:55:08.17 (655462132)|ENTERING_MANAGED_PKG|Centify
16:55:08.17 (655536981)|ENTERING_MANAGED_PKG|Centify
16:55:08.17 (655567028)|ENTERING_MANAGED_PKG|Centify
16:55:08.17 (655625073)|ENTERING_MANAGED_PKG|Centify
16:55:08.17 (684379446)|ENTERING_MANAGED_PKG|Centify
16:55:08.17 (699475344)|ENTERING_MANAGED_PKG|Centify
16:55:08.17 (699528844)|ENTERING_MANAGED_PKG|Centify
16:55:08.17 (699601092)|ENTERING_MANAGED_PKG|Centify
16:55:08.17 (699630665)|ENTERING_MANAGED_PKG|Centify
16:55:08.17 (699690137)|ENTERING_MANAGED_PKG|Centify
16:55:08.17 (723361545)|ENTERING_MANAGED_PKG|Centify
16:55:08.17 (737570353)|ENTERING_MANAGED_PKG|Centify
16:55:08.17 (737622945)|ENTERING_MANAGED_PKG|Centify
16:55:08.17 (737698059)|ENTERING_MANAGED_PKG|Centify
16:55:08.17 (737729645)|ENTERING_MANAGED_PKG|Centify
16:55:08.17 (737792742)|ENTERING_MANAGED_PKG|Centify
16:55:08.17 (760072443)|ENTERING_MANAGED_PKG|Centify
16:55:08.17 (774393594)|ENTERING_MANAGED_PKG|Centify
16:55:08.17 (774444670)|ENTERING_MANAGED_PKG|Centify
16:55:08.17 (774517865)|ENTERING_MANAGED_PKG|Centify
16:55:08.17 (774547361)|ENTERING_MANAGED_PKG|Centify
16:55:08.17 (774605310)|ENTERING_MANAGED_PKG|Centify
16:55:08.17 (798194703)|ENTERING_MANAGED_PKG|Centify
16:55:08.17 (811467110)|ENTERING_MANAGED_PKG|Centify
16:55:08.17 (811517041)|ENTERING_MANAGED_PKG|Centify
16:55:08.17 (811587129)|ENTERING_MANAGED_PKG|Centify
16:55:08.17 (811615519)|ENTERING_MANAGED_PKG|Centify
16:55:08.17 (811673915)|ENTERING_MANAGED_PKG|Centify
16:55:08.17 (834946585)|ENTERING_MANAGED_PKG|Centify
16:55:08.17 (848655895)|ENTERING_MANAGED_PKG|Centify
16:55:08.17 (848706603)|ENTERING_MANAGED_PKG|Centify
16:55:08.17 (848776031)|ENTERING_MANAGED_PKG|Centify
16:55:08.17 (848804916)|ENTERING_MANAGED_PKG|Centify
16:55:08.17 (848862757)|ENTERING_MANAGED_PKG|Centify
16:55:08.17 (909360610)|ENTERING_MANAGED_PKG|Centify
16:55:08.17 (909427671)|ENTERING_MANAGED_PKG|Centify
16:55:08.17 (909594119)|ENTERING_MANAGED_PKG|Centify
16:55:08.17 (909636257)|ENTERING_MANAGED_PKG|Centify
16:55:08.17 (909677900)|ENTERING_MANAGED_PKG|Centify
16:55:08.17 (913942117)|ENTERING_MANAGED_PKG|Centify
16:55:08.17 (914034429)|ENTERING_MANAGED_PKG|Centify
16:55:08.17 (924273995)|ENTERING_MANAGED_PKG|Centify
16:55:08.17 (924359938)|ENTERING_MANAGED_PKG|Centify
16:55:08.17 (924446240)|ENTERING_MANAGED_PKG|Centify
16:55:08.17 (925000810)|ENTERING_MANAGED_PKG|Centify
16:55:08.17 (925666643)|SOQL_EXECUTE_BEGIN|[16]|Aggregations:0|select id,lastmodifieddate,isdeleted,ownerid,status,whatid,activitydate,tasksubtype,isclosed,subject from Task where LastModifiedDate >2018-08-30T06:54:37Z AND LastModifiedDate < 2018-08-30T06:55:14Z AND (  Subject = 'Email' )  ORDER BY SystemModStamp DESC LIMIT 5000  ALL ROWS
16:55:08.17 (931839541)|SOQL_EXECUTE_END|[16]|Rows:0
16:55:08.954 (954802851)|CUMULATIVE_LIMIT_USAGE
16:55:08.954 (954802851)|LIMIT_USAGE_FOR_NS|(default)|
  Number of SOQL queries: 0 out of 200
  Number of query rows: 0 out of 50000
  Number of SOSL queries: 0 out of 20
  Number of DML statements: 0 out of 150
  Number of DML rows: 0 out of 10000
  Maximum CPU time: 0 out of 60000
  Maximum heap size: 0 out of 12000000
  Number of callouts: 0 out of 0
  Number of Email Invocations: 0 out of 10
  Number of future calls: 0 out of 0
  Number of queueable jobs added to the queue: 0 out of 1
  Number of Mobile Apex push calls: 0 out of 10

16:55:08.954 (954802851)|LIMIT_USAGE_FOR_NS|Centify|
  Number of SOQL queries: 0 out of 200
  Number of query rows: 0 out of 50000
  Number of SOSL queries: 0 out of 20
  Number of DML statements: 0 out of 150
  Number of DML rows: 0 out of 10000
  Maximum CPU time: 0 out of 60000
  Maximum heap size: 0 out of 12000000
  Number of callouts: 0 out of 0
  Number of Email Invocations: 0 out of 10
  Number of future calls: 0 out of 0
  Number of queueable jobs added to the queue: 0 out of 1
  Number of Mobile Apex push calls: 0 out of 10

16:55:08.954 (954802851)|CUMULATIVE_LIMIT_USAGE_END

