19.0 APEX_CODE,FINEST;APEX_PROFILING,INFO;CALLOUT,INFO;DB,INFO;NBA,INFO;SYSTEM,DEBUG;VALIDATION,INFO;VISUALFORCE,INFO;WAVE,INFO;WORKFLOW,INFO
14:44:48.0 (106836)|USER_INFO|[EXTERNAL]|0056F00000Az5s6|nurmala.moyden@sponsoredlinx.com|Australian Eastern Standard Time|GMT+10:00
14:44:48.0 (159002)|EXECUTION_STARTED
14:44:48.0 (164823)|CODE_UNIT_STARTED|[EXTERNAL]|06690000000KZK7|VF: /apex/accountProductList
14:44:48.0 (9385195)|SYSTEM_MODE_ENTER|true
14:44:48.0 (9761852)|HEAP_ALLOCATE|[72]|Bytes:3
14:44:48.0 (9793554)|HEAP_ALLOCATE|[77]|Bytes:152
14:44:48.0 (9807115)|HEAP_ALLOCATE|[342]|Bytes:408
14:44:48.0 (9819800)|HEAP_ALLOCATE|[355]|Bytes:408
14:44:48.0 (9831501)|HEAP_ALLOCATE|[467]|Bytes:48
14:44:48.0 (9855207)|HEAP_ALLOCATE|[139]|Bytes:6
14:44:48.0 (9870984)|HEAP_ALLOCATE|[EXTERNAL]|Bytes:108
14:44:48.0 (9877644)|HEAP_ALLOCATE|[EXTERNAL]|Bytes:8
14:44:48.0 (9881926)|HEAP_ALLOCATE|[EXTERNAL]|Bytes:32
14:44:48.0 (9891974)|METHOD_ENTRY|[1]|01p90000000KqfN|accountProductList.accountProductList()
14:44:48.0 (9900776)|STATEMENT_EXECUTE|[1]
14:44:48.0 (9906769)|STATEMENT_EXECUTE|[1]
14:44:48.0 (9931743)|HEAP_ALLOCATE|[50]|Bytes:5
14:44:48.0 (9949616)|HEAP_ALLOCATE|[56]|Bytes:5
14:44:48.0 (9958298)|HEAP_ALLOCATE|[64]|Bytes:7
14:44:48.0 (9971442)|SYSTEM_MODE_ENTER|false
14:44:48.0 (9981569)|HEAP_ALLOCATE|[EXTERNAL]|Bytes:5
14:44:48.0 (9988037)|SYSTEM_MODE_EXIT|false
14:44:48.0 (9996703)|METHOD_EXIT|[1]|accountProductList
14:44:48.0 (10083279)|HEAP_ALLOCATE|[EXTERNAL]|Bytes:16
14:44:48.0 (10100411)|VARIABLE_SCOPE_BEGIN|[7]|this|accountProductList|true|false
14:44:48.0 (10160010)|VARIABLE_ASSIGNMENT|[7]|this|{}|0x429f8189
14:44:48.0 (10170949)|VARIABLE_SCOPE_BEGIN|[7]|controller|ApexPages.StandardController|true|false
14:44:48.0 (10455786)|VARIABLE_ASSIGNMENT|[7]|controller|"StandardController [null]"|0x2130a226
14:44:48.0 (10472860)|SYSTEM_MODE_ENTER|false
14:44:48.0 (10481380)|HEAP_ALLOCATE|[3]|Bytes:5
14:44:48.0 (10487194)|STATEMENT_EXECUTE|[1]
14:44:48.0 (10490427)|HEAP_ALLOCATE|[3]|Bytes:5
14:44:48.0 (10494947)|STATEMENT_EXECUTE|[3]
14:44:48.0 (10517272)|HEAP_ALLOCATE|[3]|Bytes:4
14:44:48.0 (10610571)|HEAP_ALLOCATE|[EXTERNAL]|Bytes:4
14:44:48.0 (10626699)|VARIABLE_ASSIGNMENT|[3]|this.accountProductList|[]|0x429f8189
14:44:48.0 (10633528)|STATEMENT_EXECUTE|[4]
14:44:48.0 (10639513)|STATEMENT_EXECUTE|[5]
14:44:48.0 (10650850)|HEAP_ALLOCATE|[3]|Bytes:6
14:44:48.0 (10709779)|STATEMENT_EXECUTE|[7]
14:44:48.0 (10711855)|STATEMENT_EXECUTE|[8]
14:44:48.0 (18426303)|HEAP_ALLOCATE|[8]|Bytes:20
14:44:48.0 (18478595)|VARIABLE_SCOPE_BEGIN|[8]|cases|Cases__c|true|false
14:44:48.0 (18532372)|VARIABLE_ASSIGNMENT|[8]|cases|{"Account__c":"0016F00002R7nhBQAR","CurrencyIsoCode":"AUD","Id":"a0K6F00000iocgNUAQ","Name":"104784"}|0x3d2c1186
14:44:48.0 (18549727)|STATEMENT_EXECUTE|[9]
14:44:48.0 (18553015)|STATEMENT_EXECUTE|[9]
14:44:48.0 (18555411)|STATEMENT_EXECUTE|[10]
14:44:48.0 (18577050)|HEAP_ALLOCATE|[10]|Bytes:265
14:44:48.0 (18611020)|HEAP_ALLOCATE|[10]|Bytes:4
14:44:48.0 (18633868)|HEAP_ALLOCATE|[10]|Bytes:7
14:44:48.0 (19528275)|SOQL_EXECUTE_BEGIN|[10]|Aggregations:0|SELECT Name, Description__c, Product_Number__c, Product_Price__c, Product_Status__c, Recurring_Frequency__c, Payment_Option__c, Recurring_Period__c, Start_Date__c, CreatedDate, activeat__c, pauseat__c, cancelat__c FROM Account_Product__c WHERE Account__c = :tmpVar1
14:44:48.0 (25309179)|SOQL_EXECUTE_END|[10]|Rows:4
14:44:48.0 (25371857)|HEAP_ALLOCATE|[10]|Bytes:20
14:44:48.0 (25421638)|HEAP_ALLOCATE|[10]|Bytes:1293
14:44:48.0 (25478994)|HEAP_ALLOCATE|[10]|Bytes:20
14:44:48.0 (25678245)|VARIABLE_ASSIGNMENT|[10]|this.accountProductList|[{"Name":"Adwords Optimised We (15 more) ...","Description__c":"sponsoredlinx.com.au (8 more) ...","Product_Number__c":"P374959","Product_Price__c":99.00,"Product_Status__c":"Active","Payment_Option__c":"Eway","Recurring_Period__c":"Weekly","CreatedDate":"2018-08-08T05:42:06.000Z","Id":"a076F00000lUjFjQAK","CurrencyIsoCode":"AUD"},{"Name":"Adwords Optimised Se (3 more) ...","Description__c":"sponsoredlinx.com.au (8 more) ...","Product_Number__c":"P374960","Product_Price__c":149.50,"Product_Status__c":"Active","Payment_Option__c":"Eway","CreatedDate":"2018-08-08T05:42:07.000Z","Id":"a076F00000lUjFkQAK","CurrencyIsoCode":"AUD"},{"Name":"ConvertoPages Monthl (12 more) ...","Description__c":"ConvertoPages Monthl (12 more) ...","Product_Number__c":"P375007","Product_Price__c":0.00,"Product_Status__c":"Active","Payment_Option__c":"Other","Recurring_Period__c":"Monthly","CreatedDate":"2018-08-09T01:06:13.000Z","Id":"a076F00000lUkUVQA0","CurrencyIsoCode":"AUD"},{"Name":"ConvertoPages Monthl (12 more) ...","Description__c":"ConvertoPages Monthl (12 more) ...","Product_Number__c":"P381928","Product_Price__c":0.00,"Product_Status__c":"Active","Payment_Option__c":"Other","Recurring_Period__c":"Monthly","CreatedDate":"2018-09-26T05:40:50.000Z","Id":"a076F00000qL94nQAC","CurrencyIsoCode":"AUD"}]|0x429f8189
14:44:48.0 (25783447)|STATEMENT_EXECUTE|[11]
14:44:48.0 (25794108)|STATEMENT_EXECUTE|[12]
14:44:48.0 (25922495)|VARIABLE_ASSIGNMENT|[EXTERNAL]|this|{"accountProductList":"0x71dc7670"}|0x429f8189
14:44:48.0 (25946969)|VARIABLE_ASSIGNMENT|[EXTERNAL]|value|true
14:44:48.0 (25959070)|HEAP_ALLOCATE|[4]|Bytes:5
14:44:48.0 (25971543)|VARIABLE_ASSIGNMENT|[4]|this.renderList|true|0x429f8189
14:44:48.0 (25988336)|STATEMENT_EXECUTE|[13]
14:44:48.0 (26055285)|VARIABLE_ASSIGNMENT|[EXTERNAL]|this|{"accountProductList":"0x71dc7670","renderList":true}|0x429f8189
14:44:48.0 (26076136)|VARIABLE_ASSIGNMENT|[EXTERNAL]|value|false
14:44:48.0 (26088032)|HEAP_ALLOCATE|[5]|Bytes:5
14:44:48.0 (26100324)|VARIABLE_ASSIGNMENT|[5]|this.renderMsg|false|0x429f8189
14:44:48.0 (26120574)|SYSTEM_MODE_EXIT|false
14:44:48.0 (26245579)|SYSTEM_MODE_ENTER|true
14:44:48.0 (26452540)|SYSTEM_MODE_ENTER|true
14:44:48.0 (26514394)|HEAP_ALLOCATE|[EXTERNAL]|Bytes:16
14:44:48.0 (26528286)|VARIABLE_SCOPE_BEGIN|[21]|this|accountProductList|true|false
14:44:48.0 (26569893)|VARIABLE_ASSIGNMENT|[21]|this|{"accountProductList":"0x71dc7670","renderList":true,"renderMsg":false}|0x429f8189
14:44:48.0 (26594183)|SYSTEM_MODE_ENTER|false
14:44:48.0 (26604340)|HEAP_ALLOCATE|[22]|Bytes:5
14:44:48.0 (26612453)|STATEMENT_EXECUTE|[21]
14:44:48.0 (26615165)|STATEMENT_EXECUTE|[22]
14:44:48.0 (26629473)|SYSTEM_MODE_EXIT|false
14:44:48.0 (28449823)|SYSTEM_MODE_ENTER|true
14:44:48.0 (51745689)|VF_SERIALIZE_VIEWSTATE_BEGIN|06690000000KZK7
14:44:48.0 (55015179)|VF_SERIALIZE_VIEWSTATE_END
14:44:48.57 (57766497)|CUMULATIVE_LIMIT_USAGE
14:44:48.57 (57766497)|LIMIT_USAGE_FOR_NS|(default)|
  Number of SOQL queries: 1 out of 100
  Number of query rows: 4 out of 50000
  Number of SOSL queries: 0 out of 20
  Number of DML statements: 0 out of 150
  Number of DML rows: 0 out of 10000
  Maximum CPU time: 0 out of 10000
  Maximum heap size: 0 out of 6000000
  Number of callouts: 0 out of 100
  Number of Email Invocations: 0 out of 10
  Number of future calls: 0 out of 50
  Number of queueable jobs added to the queue: 0 out of 50
  Number of Mobile Apex push calls: 0 out of 10

14:44:48.57 (57766497)|CUMULATIVE_LIMIT_USAGE_END

14:44:48.0 (57813302)|CODE_UNIT_FINISHED|VF: /apex/accountProductList
14:44:48.0 (58722993)|EXECUTION_FINISHED
