35.0 APEX_CODE,FINEST;APEX_PROFILING,INFO;CALLOUT,INFO;DB,INFO;NBA,INFO;SYSTEM,DEBUG;VALIDATION,INFO;VISUALFORCE,INFO;WAVE,INFO;WORKFLOW,INFO
18:03:19.29 (29156749)|ENTERING_MANAGED_PKG|NVMContactWorld
18:03:19.29 (29301116)|ENTERING_MANAGED_PKG|NVMContactWorld
18:03:19.29 (29580694)|ENTERING_MANAGED_PKG|NVMContactWorld
18:03:19.29 (29626064)|ENTERING_MANAGED_PKG|NVMContactWorld
18:03:19.29 (30108526)|ENTERING_MANAGED_PKG|NVMContactWorld
18:03:19.29 (31865933)|ENTERING_MANAGED_PKG|NVMContactWorld
18:03:19.29 (31905636)|ENTERING_MANAGED_PKG|NVMContactWorld
18:03:19.29 (33221180)|SOQL_EXECUTE_BEGIN|[47]|Aggregations:0|SELECT Id, MostRecentCall__c, MostRecentCallEventTimestamp__c, MostRecentCallIsActive__c, NVM_Agent_Id__c, NotesCollapsed__c FROM User WHERE Id = :tmpVar1
18:03:19.29 (38826001)|SOQL_EXECUTE_END|[47]|Rows:1
18:03:19.29 (39052291)|ENTERING_MANAGED_PKG|NVMContactWorld
18:03:19.29 (39134170)|ENTERING_MANAGED_PKG|NVMContactWorld
18:03:19.29 (39225953)|ENTERING_MANAGED_PKG|NVMContactWorld
18:03:19.29 (39268661)|ENTERING_MANAGED_PKG|NVMContactWorld
18:03:19.29 (39319345)|ENTERING_MANAGED_PKG|NVMContactWorld
18:03:19.29 (39414387)|ENTERING_MANAGED_PKG|NVMContactWorld
18:03:19.29 (41241322)|ENTERING_MANAGED_PKG|NVMContactWorld
18:03:19.29 (41305578)|ENTERING_MANAGED_PKG|NVMContactWorld
18:03:19.29 (42869182)|ENTERING_MANAGED_PKG|NVMContactWorld
18:03:19.29 (44954584)|ENTERING_MANAGED_PKG|NVMContactWorld
18:03:19.29 (45016872)|ENTERING_MANAGED_PKG|NVMContactWorld
18:03:19.29 (45093941)|ENTERING_MANAGED_PKG|NVMContactWorld
18:03:19.29 (45118287)|ENTERING_MANAGED_PKG|NVMContactWorld
18:03:19.29 (45560678)|ENTERING_MANAGED_PKG|NVMContactWorld
18:03:19.29 (47634889)|ENTERING_MANAGED_PKG|NVMContactWorld
18:03:19.29 (47970139)|ENTERING_MANAGED_PKG|NVMContactWorld
18:03:19.29 (48051823)|ENTERING_MANAGED_PKG|NVMContactWorld
18:03:19.29 (49082017)|ENTERING_MANAGED_PKG|NVMContactWorld
18:03:19.29 (49202121)|ENTERING_MANAGED_PKG|NVMContactWorld
18:03:19.29 (49425325)|ENTERING_MANAGED_PKG|NVMContactWorld
18:03:19.29 (49678305)|ENTERING_MANAGED_PKG|NVMContactWorld
18:03:19.29 (49758431)|ENTERING_MANAGED_PKG|NVMContactWorld
18:03:19.29 (49937392)|ENTERING_MANAGED_PKG|NVMContactWorld
18:03:19.29 (50017736)|ENTERING_MANAGED_PKG|NVMContactWorld
18:03:19.29 (709295257)|ENTERING_MANAGED_PKG|NVMContactWorld
18:03:19.29 (709404796)|ENTERING_MANAGED_PKG|NVMContactWorld
18:03:19.29 (709533467)|ENTERING_MANAGED_PKG|NVMContactWorld
18:03:19.29 (710437124)|ENTERING_MANAGED_PKG|NVMContactWorld
18:03:19.29 (712209738)|ENTERING_MANAGED_PKG|NVMContactWorld
18:03:19.29 (712255916)|ENTERING_MANAGED_PKG|NVMContactWorld
18:03:19.29 (712289494)|ENTERING_MANAGED_PKG|NVMContactWorld
18:03:19.29 (712331195)|ENTERING_MANAGED_PKG|NVMContactWorld
18:03:19.29 (712368476)|ENTERING_MANAGED_PKG|NVMContactWorld
18:03:19.29 (712400098)|ENTERING_MANAGED_PKG|NVMContactWorld
18:03:19.29 (712457697)|ENTERING_MANAGED_PKG|NVMContactWorld
18:03:19.29 (712519494)|ENTERING_MANAGED_PKG|NVMContactWorld
18:03:19.29 (712548010)|ENTERING_MANAGED_PKG|NVMContactWorld
18:03:19.29 (712583012)|ENTERING_MANAGED_PKG|NVMContactWorld
18:03:19.29 (712606061)|ENTERING_MANAGED_PKG|NVMContactWorld
18:03:19.29 (712633323)|ENTERING_MANAGED_PKG|NVMContactWorld
18:03:19.29 (712648124)|ENTERING_MANAGED_PKG|NVMContactWorld
18:03:19.29 (712668288)|ENTERING_MANAGED_PKG|NVMContactWorld
18:03:19.29 (716864171)|ENTERING_MANAGED_PKG|NVMContactWorld
18:03:19.29 (716894506)|ENTERING_MANAGED_PKG|NVMContactWorld
18:03:19.29 (716917330)|ENTERING_MANAGED_PKG|NVMContactWorld
18:03:19.29 (716931562)|ENTERING_MANAGED_PKG|NVMContactWorld
18:03:19.29 (716944419)|ENTERING_MANAGED_PKG|NVMContactWorld
18:03:19.29 (716975376)|ENTERING_MANAGED_PKG|NVMContactWorld
18:03:19.29 (717190209)|ENTERING_MANAGED_PKG|NVMContactWorld
18:03:19.29 (717212547)|ENTERING_MANAGED_PKG|NVMContactWorld
18:03:19.29 (717225936)|ENTERING_MANAGED_PKG|NVMContactWorld
18:03:19.29 (717237245)|ENTERING_MANAGED_PKG|NVMContactWorld
18:03:19.725 (725218976)|CUMULATIVE_LIMIT_USAGE
18:03:19.725 (725218976)|LIMIT_USAGE_FOR_NS|(default)|
  Number of SOQL queries: 0 out of 100
  Number of query rows: 0 out of 50000
  Number of SOSL queries: 0 out of 20
  Number of DML statements: 0 out of 150
  Number of DML rows: 0 out of 10000
  Maximum CPU time: 41 out of 10000
  Maximum heap size: 0 out of 6000000
  Number of callouts: 0 out of 100
  Number of Email Invocations: 0 out of 10
  Number of future calls: 0 out of 50
  Number of queueable jobs added to the queue: 0 out of 50
  Number of Mobile Apex push calls: 0 out of 10

18:03:19.725 (725218976)|LIMIT_USAGE_FOR_NS|NVMContactWorld|
  Number of SOQL queries: 1 out of 100
  Number of query rows: 1 out of 50000
  Number of SOSL queries: 0 out of 20
  Number of DML statements: 0 out of 150
  Number of DML rows: 0 out of 10000
  Maximum CPU time: 0 out of 10000
  Maximum heap size: 0 out of 6000000
  Number of callouts: 1 out of 100
  Number of Email Invocations: 0 out of 10
  Number of future calls: 0 out of 50
  Number of queueable jobs added to the queue: 0 out of 50
  Number of Mobile Apex push calls: 0 out of 10

18:03:19.725 (725218976)|CUMULATIVE_LIMIT_USAGE_END

