37.0 APEX_CODE,FINEST;APEX_PROFILING,INFO;CALLOUT,INFO;DB,INFO;NBA,INFO;SYSTEM,DEBUG;VALIDATION,INFO;VISUALFORCE,INFO;WAVE,INFO;WORKFLOW,INFO
18:29:02.24 (24195023)|ENTERING_MANAGED_PKG|Centify
18:29:02.24 (27694217)|ENTERING_MANAGED_PKG|Centify
18:29:02.24 (35277399)|ENTERING_MANAGED_PKG|Centify
18:29:02.24 (35453271)|ENTERING_MANAGED_PKG|Centify
18:29:02.24 (35697578)|ENTERING_MANAGED_PKG|Centify
18:29:02.24 (36501171)|ENTERING_MANAGED_PKG|Centify
18:29:02.24 (36888754)|ENTERING_MANAGED_PKG|Centify
18:29:02.24 (36921621)|ENTERING_MANAGED_PKG|Centify
18:29:02.24 (37008330)|ENTERING_MANAGED_PKG|Centify
18:29:02.24 (37066389)|ENTERING_MANAGED_PKG|Centify
18:29:02.24 (37112950)|ENTERING_MANAGED_PKG|Centify
18:29:02.24 (37147112)|ENTERING_MANAGED_PKG|Centify
18:29:02.24 (37168910)|ENTERING_MANAGED_PKG|Centify
18:29:02.24 (37362653)|ENTERING_MANAGED_PKG|Centify
18:29:02.24 (137233343)|ENTERING_MANAGED_PKG|Centify
18:29:02.24 (137416484)|ENTERING_MANAGED_PKG|Centify
18:29:02.24 (137654569)|ENTERING_MANAGED_PKG|Centify
18:29:02.24 (137767480)|ENTERING_MANAGED_PKG|Centify
18:29:02.24 (381283355)|ENTERING_MANAGED_PKG|Centify
18:29:02.24 (419562799)|ENTERING_MANAGED_PKG|Centify
18:29:02.24 (431447316)|ENTERING_MANAGED_PKG|Centify
18:29:02.24 (431504482)|ENTERING_MANAGED_PKG|Centify
18:29:02.24 (431584149)|ENTERING_MANAGED_PKG|Centify
18:29:02.24 (431617267)|ENTERING_MANAGED_PKG|Centify
18:29:02.24 (431681099)|ENTERING_MANAGED_PKG|Centify
18:29:02.24 (451299576)|ENTERING_MANAGED_PKG|Centify
18:29:02.24 (465434552)|ENTERING_MANAGED_PKG|Centify
18:29:02.24 (465491233)|ENTERING_MANAGED_PKG|Centify
18:29:02.24 (465569159)|ENTERING_MANAGED_PKG|Centify
18:29:02.24 (465602391)|ENTERING_MANAGED_PKG|Centify
18:29:02.24 (465666776)|ENTERING_MANAGED_PKG|Centify
18:29:02.24 (486285667)|ENTERING_MANAGED_PKG|Centify
18:29:02.24 (503082098)|ENTERING_MANAGED_PKG|Centify
18:29:02.24 (503136474)|ENTERING_MANAGED_PKG|Centify
18:29:02.24 (503215031)|ENTERING_MANAGED_PKG|Centify
18:29:02.24 (503248717)|ENTERING_MANAGED_PKG|Centify
18:29:02.24 (503311575)|ENTERING_MANAGED_PKG|Centify
18:29:03.134 (1134420028)|ENTERING_MANAGED_PKG|Centify
18:29:03.134 (1158098454)|ENTERING_MANAGED_PKG|Centify
18:29:03.134 (1158172899)|ENTERING_MANAGED_PKG|Centify
18:29:03.134 (1158289973)|ENTERING_MANAGED_PKG|Centify
18:29:03.134 (1158339468)|ENTERING_MANAGED_PKG|Centify
18:29:03.134 (1158441944)|ENTERING_MANAGED_PKG|Centify
18:29:03.134 (1205327734)|ENTERING_MANAGED_PKG|Centify
18:29:03.134 (1221499013)|ENTERING_MANAGED_PKG|Centify
18:29:03.134 (1221553274)|ENTERING_MANAGED_PKG|Centify
18:29:03.134 (1221633690)|ENTERING_MANAGED_PKG|Centify
18:29:03.134 (1221666946)|ENTERING_MANAGED_PKG|Centify
18:29:03.134 (1221736893)|ENTERING_MANAGED_PKG|Centify
18:29:03.134 (1244099714)|ENTERING_MANAGED_PKG|Centify
18:29:03.134 (1259643462)|ENTERING_MANAGED_PKG|Centify
18:29:03.134 (1259699916)|ENTERING_MANAGED_PKG|Centify
18:29:03.134 (1259785357)|ENTERING_MANAGED_PKG|Centify
18:29:03.134 (1259817181)|ENTERING_MANAGED_PKG|Centify
18:29:03.134 (1259881496)|ENTERING_MANAGED_PKG|Centify
18:29:03.134 (1283145913)|ENTERING_MANAGED_PKG|Centify
18:29:03.134 (1299305091)|ENTERING_MANAGED_PKG|Centify
18:29:03.134 (1299362492)|ENTERING_MANAGED_PKG|Centify
18:29:03.134 (1299444692)|ENTERING_MANAGED_PKG|Centify
18:29:03.134 (1299478516)|ENTERING_MANAGED_PKG|Centify
18:29:03.134 (1299544419)|ENTERING_MANAGED_PKG|Centify
18:29:03.134 (1319313100)|ENTERING_MANAGED_PKG|Centify
18:29:03.134 (1334839698)|ENTERING_MANAGED_PKG|Centify
18:29:03.134 (1334895491)|ENTERING_MANAGED_PKG|Centify
18:29:03.134 (1334974385)|ENTERING_MANAGED_PKG|Centify
18:29:03.134 (1335007184)|ENTERING_MANAGED_PKG|Centify
18:29:03.134 (1335072103)|ENTERING_MANAGED_PKG|Centify
18:29:03.134 (1357105495)|ENTERING_MANAGED_PKG|Centify
18:29:03.134 (1372994406)|ENTERING_MANAGED_PKG|Centify
18:29:03.134 (1373060339)|ENTERING_MANAGED_PKG|Centify
18:29:03.134 (1373167388)|ENTERING_MANAGED_PKG|Centify
18:29:03.134 (1373214429)|ENTERING_MANAGED_PKG|Centify
18:29:03.134 (1373302804)|ENTERING_MANAGED_PKG|Centify
18:29:03.134 (1402549758)|ENTERING_MANAGED_PKG|Centify
18:29:03.134 (1417879019)|ENTERING_MANAGED_PKG|Centify
18:29:03.134 (1417936738)|ENTERING_MANAGED_PKG|Centify
18:29:03.134 (1418022480)|ENTERING_MANAGED_PKG|Centify
18:29:03.134 (1418061812)|ENTERING_MANAGED_PKG|Centify
18:29:03.134 (1418137731)|ENTERING_MANAGED_PKG|Centify
18:29:03.134 (1442678101)|ENTERING_MANAGED_PKG|Centify
18:29:03.134 (1442776324)|ENTERING_MANAGED_PKG|Centify
18:29:03.134 (1442965241)|ENTERING_MANAGED_PKG|Centify
18:29:03.134 (1443019317)|ENTERING_MANAGED_PKG|Centify
18:29:03.134 (1443072567)|ENTERING_MANAGED_PKG|Centify
18:29:03.134 (1448555995)|ENTERING_MANAGED_PKG|Centify
18:29:03.134 (1448654385)|ENTERING_MANAGED_PKG|Centify
18:29:03.134 (1450511293)|ENTERING_MANAGED_PKG|Centify
18:29:03.134 (1450594293)|ENTERING_MANAGED_PKG|Centify
18:29:03.134 (1450706765)|ENTERING_MANAGED_PKG|Centify
18:29:03.134 (1451355267)|ENTERING_MANAGED_PKG|Centify
18:29:03.134 (1452347068)|SOQL_EXECUTE_BEGIN|[16]|Aggregations:0|select id,lastmodifieddate,isdeleted,isgmt__c,role__c,name,createddate,ownerid,active_clients__c,customer_service_index__c,service_index_in_string__c from CM_Daily_Stats__c where LastModifiedDate >2018-09-27T22:24:08Z AND LastModifiedDate < 2018-09-28T08:29:09Z AND (  isActive__c =true)  ORDER BY SystemModStamp DESC LIMIT 5000  ALL ROWS
18:29:03.134 (1464346649)|SOQL_EXECUTE_END|[16]|Rows:0
18:29:03.489 (1489160615)|CUMULATIVE_LIMIT_USAGE
18:29:03.489 (1489160615)|LIMIT_USAGE_FOR_NS|(default)|
  Number of SOQL queries: 0 out of 200
  Number of query rows: 0 out of 50000
  Number of SOSL queries: 0 out of 20
  Number of DML statements: 0 out of 150
  Number of DML rows: 0 out of 10000
  Maximum CPU time: 0 out of 60000
  Maximum heap size: 0 out of 12000000
  Number of callouts: 0 out of 0
  Number of Email Invocations: 0 out of 10
  Number of future calls: 0 out of 0
  Number of queueable jobs added to the queue: 0 out of 1
  Number of Mobile Apex push calls: 0 out of 10

18:29:03.489 (1489160615)|LIMIT_USAGE_FOR_NS|Centify|
  Number of SOQL queries: 0 out of 200
  Number of query rows: 0 out of 50000
  Number of SOSL queries: 0 out of 20
  Number of DML statements: 0 out of 150
  Number of DML rows: 0 out of 10000
  Maximum CPU time: 0 out of 60000
  Maximum heap size: 0 out of 12000000
  Number of callouts: 0 out of 0
  Number of Email Invocations: 0 out of 10
  Number of future calls: 0 out of 0
  Number of queueable jobs added to the queue: 0 out of 1
  Number of Mobile Apex push calls: 0 out of 10

18:29:03.489 (1489160615)|CUMULATIVE_LIMIT_USAGE_END

