37.0 APEX_CODE,FINEST;APEX_PROFILING,INFO;CALLOUT,INFO;DB,INFO;NBA,INFO;SYSTEM,DEBUG;VALIDATION,INFO;VISUALFORCE,INFO;WAVE,INFO;WORKFLOW,INFO
18:59:09.9 (9962156)|ENTERING_MANAGED_PKG|Centify
18:59:09.9 (12887743)|ENTERING_MANAGED_PKG|Centify
18:59:09.9 (15705424)|ENTERING_MANAGED_PKG|Centify
18:59:09.9 (15853831)|ENTERING_MANAGED_PKG|Centify
18:59:09.9 (15918879)|ENTERING_MANAGED_PKG|Centify
18:59:09.9 (16015638)|ENTERING_MANAGED_PKG|Centify
18:59:09.9 (16057117)|ENTERING_MANAGED_PKG|Centify
18:59:09.9 (16135325)|ENTERING_MANAGED_PKG|Centify
18:59:09.9 (16161929)|ENTERING_MANAGED_PKG|Centify
18:59:09.9 (16231220)|ENTERING_MANAGED_PKG|Centify
18:59:09.9 (16295647)|ENTERING_MANAGED_PKG|Centify
18:59:09.9 (21959159)|SOQL_EXECUTE_BEGIN|[19]|Aggregations:0|SELECT Id, OrganizationType FROM Organization LIMIT 1
18:59:09.9 (25205577)|SOQL_EXECUTE_END|[19]|Rows:1
18:59:09.9 (27164980)|ENTERING_MANAGED_PKG|Centify
18:59:09.9 (27232452)|ENTERING_MANAGED_PKG|Centify
18:59:09.9 (27368218)|ENTERING_MANAGED_PKG|Centify
18:59:09.9 (27424387)|ENTERING_MANAGED_PKG|Centify
18:59:09.9 (27770254)|ENTERING_MANAGED_PKG|Centify
18:59:09.9 (27809094)|ENTERING_MANAGED_PKG|Centify
18:59:09.9 (27893049)|ENTERING_MANAGED_PKG|Centify
18:59:09.9 (27964433)|ENTERING_MANAGED_PKG|Centify
18:59:09.9 (29277544)|SOQL_EXECUTE_BEGIN|[95]|Aggregations:0|SELECT MAX(Last_Sync_Time__c) maxDT FROM Salesforce_Sync_Settings__c
18:59:09.9 (31903001)|SOQL_EXECUTE_END|[95]|Rows:1
18:59:09.9 (32201756)|ENTERING_MANAGED_PKG|Centify
18:59:09.9 (32259482)|ENTERING_MANAGED_PKG|Centify
18:59:09.9 (33331700)|ENTERING_MANAGED_PKG|Centify
18:59:09.9 (33414221)|ENTERING_MANAGED_PKG|Centify
18:59:09.9 (35542548)|SOQL_EXECUTE_BEGIN|[84]|Aggregations:0|SELECT COUNT() FROM Notification__c WHERE ((Number_Of_Attempts__c = NULL OR Number_Of_Attempts__c < :tmpVar1) AND (CreatedDate = TODAY OR LastModifiedDate = TODAY)) LIMIT 25000
18:59:09.9 (51197763)|SOQL_EXECUTE_END|[84]|Rows:0
18:59:09.9 (51321762)|ENTERING_MANAGED_PKG|Centify
18:59:09.9 (51408062)|ENTERING_MANAGED_PKG|Centify
18:59:09.9 (51495962)|ENTERING_MANAGED_PKG|Centify
18:59:09.9 (51568251)|ENTERING_MANAGED_PKG|Centify
18:59:09.9 (51655341)|ENTERING_MANAGED_PKG|Centify
18:59:09.9 (55410333)|SOQL_EXECUTE_BEGIN|[363]|Aggregations:0|SELECT Id, Label, MasterLabel, DeveloperName, Endpoint__c, TimeOut__c FROM Endpoint_Setting__mdt LIMIT 50
18:59:09.9 (61576352)|SOQL_EXECUTE_END|[363]|Rows:23
18:59:09.9 (62855718)|ENTERING_MANAGED_PKG|Centify
18:59:09.9 (62921031)|ENTERING_MANAGED_PKG|Centify
18:59:09.9 (64474921)|ENTERING_MANAGED_PKG|Centify
18:59:09.9 (64511801)|ENTERING_MANAGED_PKG|Centify
18:59:09.9 (67213451)|ENTERING_MANAGED_PKG|Centify
18:59:09.9 (69574569)|ENTERING_MANAGED_PKG|Centify
18:59:09.9 (69629664)|ENTERING_MANAGED_PKG|Centify
18:59:09.9 (69671795)|ENTERING_MANAGED_PKG|Centify
18:59:09.9 (70313272)|ENTERING_MANAGED_PKG|Centify
18:59:09.9 (70386354)|ENTERING_MANAGED_PKG|Centify
18:59:09.9 (70440898)|ENTERING_MANAGED_PKG|Centify
18:59:09.9 (73953956)|ENTERING_MANAGED_PKG|Centify
18:59:09.9 (74013141)|ENTERING_MANAGED_PKG|Centify
18:59:09.9 (74069529)|ENTERING_MANAGED_PKG|Centify
18:59:09.9 (74119872)|ENTERING_MANAGED_PKG|Centify
18:59:09.9 (74199039)|ENTERING_MANAGED_PKG|Centify
18:59:09.9 (76401663)|ENTERING_MANAGED_PKG|Centify
18:59:09.9 (76500757)|ENTERING_MANAGED_PKG|Centify
18:59:09.9 (77158335)|ENTERING_MANAGED_PKG|Centify
18:59:09.9 (243977631)|ENTERING_MANAGED_PKG|Centify
18:59:09.256 (256872613)|CUMULATIVE_LIMIT_USAGE
18:59:09.256 (256872613)|LIMIT_USAGE_FOR_NS|(default)|
  Number of SOQL queries: 0 out of 200
  Number of query rows: 0 out of 50000
  Number of SOSL queries: 0 out of 20
  Number of DML statements: 0 out of 150
  Number of DML rows: 0 out of 10000
  Maximum CPU time: 0 out of 60000
  Maximum heap size: 0 out of 12000000
  Number of callouts: 0 out of 0
  Number of Email Invocations: 0 out of 10
  Number of future calls: 0 out of 0
  Number of queueable jobs added to the queue: 0 out of 1
  Number of Mobile Apex push calls: 0 out of 10

18:59:09.256 (256872613)|LIMIT_USAGE_FOR_NS|Centify|
  Number of SOQL queries: 0 out of 200
  Number of query rows: 0 out of 50000
  Number of SOSL queries: 0 out of 20
  Number of DML statements: 0 out of 150
  Number of DML rows: 0 out of 10000
  Maximum CPU time: 0 out of 60000
  Maximum heap size: 0 out of 12000000
  Number of callouts: 0 out of 0
  Number of Email Invocations: 0 out of 10
  Number of future calls: 0 out of 0
  Number of queueable jobs added to the queue: 0 out of 1
  Number of Mobile Apex push calls: 0 out of 10

18:59:09.256 (256872613)|CUMULATIVE_LIMIT_USAGE_END

