37.0 APEX_CODE,FINEST;APEX_PROFILING,INFO;CALLOUT,INFO;DB,INFO;NBA,INFO;SYSTEM,DEBUG;VALIDATION,INFO;VISUALFORCE,INFO;WAVE,INFO;WORKFLOW,INFO
18:28:14.11 (11818698)|ENTERING_MANAGED_PKG|Centify
18:28:14.11 (12711662)|ENTERING_MANAGED_PKG|Centify
18:28:14.11 (12752084)|ENTERING_MANAGED_PKG|Centify
18:28:14.11 (12903098)|ENTERING_MANAGED_PKG|Centify
18:28:14.11 (12956442)|ENTERING_MANAGED_PKG|Centify
18:28:14.11 (13580583)|ENTERING_MANAGED_PKG|Centify
18:28:14.11 (13845937)|ENTERING_MANAGED_PKG|Centify
18:28:14.11 (13872113)|ENTERING_MANAGED_PKG|Centify
18:28:14.11 (13938412)|ENTERING_MANAGED_PKG|Centify
18:28:14.11 (13975943)|ENTERING_MANAGED_PKG|Centify
18:28:14.11 (14002966)|ENTERING_MANAGED_PKG|Centify
18:28:14.11 (14021011)|ENTERING_MANAGED_PKG|Centify
18:28:14.11 (14036383)|ENTERING_MANAGED_PKG|Centify
18:28:14.11 (14197977)|ENTERING_MANAGED_PKG|Centify
18:28:14.11 (41336528)|ENTERING_MANAGED_PKG|Centify
18:28:14.11 (41405642)|ENTERING_MANAGED_PKG|Centify
18:28:14.11 (41517887)|ENTERING_MANAGED_PKG|Centify
18:28:14.11 (41560571)|ENTERING_MANAGED_PKG|Centify
18:28:14.11 (180659600)|ENTERING_MANAGED_PKG|Centify
18:28:14.11 (227820847)|ENTERING_MANAGED_PKG|Centify
18:28:14.11 (240202340)|ENTERING_MANAGED_PKG|Centify
18:28:14.11 (240252538)|ENTERING_MANAGED_PKG|Centify
18:28:14.11 (240329639)|ENTERING_MANAGED_PKG|Centify
18:28:14.11 (240362165)|ENTERING_MANAGED_PKG|Centify
18:28:14.11 (240423081)|ENTERING_MANAGED_PKG|Centify
18:28:14.11 (271329526)|ENTERING_MANAGED_PKG|Centify
18:28:14.11 (287311428)|ENTERING_MANAGED_PKG|Centify
18:28:14.11 (287362578)|ENTERING_MANAGED_PKG|Centify
18:28:14.11 (287438952)|ENTERING_MANAGED_PKG|Centify
18:28:14.11 (287471406)|ENTERING_MANAGED_PKG|Centify
18:28:14.11 (287539819)|ENTERING_MANAGED_PKG|Centify
18:28:14.11 (315146909)|ENTERING_MANAGED_PKG|Centify
18:28:14.11 (327312385)|ENTERING_MANAGED_PKG|Centify
18:28:14.11 (327366268)|ENTERING_MANAGED_PKG|Centify
18:28:14.11 (327442704)|ENTERING_MANAGED_PKG|Centify
18:28:14.11 (327475325)|ENTERING_MANAGED_PKG|Centify
18:28:14.11 (327544453)|ENTERING_MANAGED_PKG|Centify
18:28:14.11 (354569573)|ENTERING_MANAGED_PKG|Centify
18:28:14.11 (368300420)|ENTERING_MANAGED_PKG|Centify
18:28:14.11 (368354882)|ENTERING_MANAGED_PKG|Centify
18:28:14.11 (368431310)|ENTERING_MANAGED_PKG|Centify
18:28:14.11 (368463675)|ENTERING_MANAGED_PKG|Centify
18:28:14.11 (368530016)|ENTERING_MANAGED_PKG|Centify
18:28:14.11 (394543953)|ENTERING_MANAGED_PKG|Centify
18:28:14.11 (409116853)|ENTERING_MANAGED_PKG|Centify
18:28:14.11 (409170127)|ENTERING_MANAGED_PKG|Centify
18:28:14.11 (409247452)|ENTERING_MANAGED_PKG|Centify
18:28:14.11 (409279272)|ENTERING_MANAGED_PKG|Centify
18:28:14.11 (409339687)|ENTERING_MANAGED_PKG|Centify
18:28:14.11 (437240912)|ENTERING_MANAGED_PKG|Centify
18:28:14.11 (449956888)|ENTERING_MANAGED_PKG|Centify
18:28:14.11 (450005954)|ENTERING_MANAGED_PKG|Centify
18:28:14.11 (450081366)|ENTERING_MANAGED_PKG|Centify
18:28:14.11 (450113536)|ENTERING_MANAGED_PKG|Centify
18:28:14.11 (450176437)|ENTERING_MANAGED_PKG|Centify
18:28:14.11 (478194800)|ENTERING_MANAGED_PKG|Centify
18:28:14.11 (494098615)|ENTERING_MANAGED_PKG|Centify
18:28:14.11 (494149788)|ENTERING_MANAGED_PKG|Centify
18:28:14.11 (494222283)|ENTERING_MANAGED_PKG|Centify
18:28:14.11 (494254706)|ENTERING_MANAGED_PKG|Centify
18:28:14.11 (494313755)|ENTERING_MANAGED_PKG|Centify
18:28:14.11 (522688674)|ENTERING_MANAGED_PKG|Centify
18:28:14.11 (536454669)|ENTERING_MANAGED_PKG|Centify
18:28:14.11 (536522747)|ENTERING_MANAGED_PKG|Centify
18:28:14.11 (536601011)|ENTERING_MANAGED_PKG|Centify
18:28:14.11 (536633853)|ENTERING_MANAGED_PKG|Centify
18:28:14.11 (536695505)|ENTERING_MANAGED_PKG|Centify
18:28:14.11 (565009347)|ENTERING_MANAGED_PKG|Centify
18:28:14.11 (580358620)|ENTERING_MANAGED_PKG|Centify
18:28:14.11 (580407170)|ENTERING_MANAGED_PKG|Centify
18:28:14.11 (580481155)|ENTERING_MANAGED_PKG|Centify
18:28:14.11 (580512484)|ENTERING_MANAGED_PKG|Centify
18:28:14.11 (580579170)|ENTERING_MANAGED_PKG|Centify
18:28:14.11 (608486006)|ENTERING_MANAGED_PKG|Centify
18:28:14.11 (622580925)|ENTERING_MANAGED_PKG|Centify
18:28:14.11 (622840867)|ENTERING_MANAGED_PKG|Centify
18:28:14.11 (635825924)|ENTERING_MANAGED_PKG|Centify
18:28:14.11 (635950506)|ENTERING_MANAGED_PKG|Centify
18:28:14.11 (637919640)|ENTERING_MANAGED_PKG|Centify
18:28:14.11 (637987264)|ENTERING_MANAGED_PKG|Centify
18:28:14.11 (638042992)|ENTERING_MANAGED_PKG|Centify
18:28:14.11 (638124220)|ENTERING_MANAGED_PKG|Centify
18:28:14.11 (642768388)|SOQL_EXECUTE_BEGIN|[19]|Aggregations:0|SELECT Id, OrganizationType FROM Organization LIMIT 1
18:28:14.11 (646540002)|SOQL_EXECUTE_END|[19]|Rows:1
18:28:14.11 (663106089)|ENTERING_MANAGED_PKG|Centify
18:28:14.11 (663183847)|ENTERING_MANAGED_PKG|Centify
18:28:14.11 (663377475)|ENTERING_MANAGED_PKG|Centify
18:28:14.11 (663426135)|ENTERING_MANAGED_PKG|Centify
18:28:14.11 (663470040)|ENTERING_MANAGED_PKG|Centify
18:28:14.11 (663730248)|ENTERING_MANAGED_PKG|Centify
18:28:14.11 (663803909)|ENTERING_MANAGED_PKG|Centify
18:28:14.11 (673726356)|ENTERING_MANAGED_PKG|Centify
18:28:14.11 (673905975)|ENTERING_MANAGED_PKG|Centify
18:28:14.11 (674733632)|ENTERING_MANAGED_PKG|Centify
18:28:14.11 (675618141)|SOQL_EXECUTE_BEGIN|[16]|Aggregations:0|select id,lastmodifieddate,isdeleted,name,createddate,ownerid,status,isconverted,converteddate,company from Lead where LastModifiedDate >2018-09-28T07:00:24Z AND LastModifiedDate < 2018-09-28T08:28:20Z  ORDER BY SystemModStamp DESC LIMIT 5000  ALL ROWS
18:28:14.11 (680558599)|SOQL_EXECUTE_END|[16]|Rows:0
18:28:14.701 (701455689)|CUMULATIVE_LIMIT_USAGE
18:28:14.701 (701455689)|LIMIT_USAGE_FOR_NS|(default)|
  Number of SOQL queries: 0 out of 200
  Number of query rows: 0 out of 50000
  Number of SOSL queries: 0 out of 20
  Number of DML statements: 0 out of 150
  Number of DML rows: 0 out of 10000
  Maximum CPU time: 0 out of 60000
  Maximum heap size: 0 out of 12000000
  Number of callouts: 0 out of 0
  Number of Email Invocations: 0 out of 10
  Number of future calls: 0 out of 0
  Number of queueable jobs added to the queue: 0 out of 1
  Number of Mobile Apex push calls: 0 out of 10

18:28:14.701 (701455689)|LIMIT_USAGE_FOR_NS|Centify|
  Number of SOQL queries: 0 out of 200
  Number of query rows: 0 out of 50000
  Number of SOSL queries: 0 out of 20
  Number of DML statements: 0 out of 150
  Number of DML rows: 0 out of 10000
  Maximum CPU time: 0 out of 60000
  Maximum heap size: 0 out of 12000000
  Number of callouts: 0 out of 0
  Number of Email Invocations: 0 out of 10
  Number of future calls: 0 out of 0
  Number of queueable jobs added to the queue: 0 out of 1
  Number of Mobile Apex push calls: 0 out of 10

18:28:14.701 (701455689)|CUMULATIVE_LIMIT_USAGE_END

