37.0 APEX_CODE,FINEST;APEX_PROFILING,INFO;CALLOUT,INFO;DB,INFO;NBA,INFO;SYSTEM,DEBUG;VALIDATION,INFO;VISUALFORCE,INFO;WAVE,INFO;WORKFLOW,INFO
18:09:00.10 (10771262)|ENTERING_MANAGED_PKG|Centify
18:09:00.10 (11483221)|ENTERING_MANAGED_PKG|Centify
18:09:00.10 (11518279)|ENTERING_MANAGED_PKG|Centify
18:09:00.10 (11812684)|ENTERING_MANAGED_PKG|Centify
18:09:00.10 (11856906)|ENTERING_MANAGED_PKG|Centify
18:09:00.10 (16866794)|ENTERING_MANAGED_PKG|Centify
18:09:00.10 (16950567)|ENTERING_MANAGED_PKG|Centify
18:09:00.10 (19200359)|ENTERING_MANAGED_PKG|Centify
18:09:00.10 (19646216)|ENTERING_MANAGED_PKG|Centify
18:09:00.10 (19753866)|ENTERING_MANAGED_PKG|Centify
18:09:00.10 (19799785)|ENTERING_MANAGED_PKG|Centify
18:09:00.10 (23162183)|ENTERING_MANAGED_PKG|Centify
18:09:00.10 (23248501)|ENTERING_MANAGED_PKG|Centify
18:09:00.10 (23425093)|ENTERING_MANAGED_PKG|Centify
18:09:00.10 (25558891)|ENTERING_MANAGED_PKG|Centify
18:09:00.10 (25596121)|ENTERING_MANAGED_PKG|Centify
18:09:00.10 (25696592)|ENTERING_MANAGED_PKG|Centify
18:09:00.10 (26440681)|ENTERING_MANAGED_PKG|Centify
18:09:00.10 (27534037)|ENTERING_MANAGED_PKG|Centify
18:09:00.10 (27574034)|ENTERING_MANAGED_PKG|Centify
18:09:00.10 (27630740)|ENTERING_MANAGED_PKG|Centify
18:09:00.10 (28123122)|ENTERING_MANAGED_PKG|Centify
18:09:00.10 (28150268)|ENTERING_MANAGED_PKG|Centify
18:09:00.10 (28199264)|ENTERING_MANAGED_PKG|Centify
18:09:00.10 (28724414)|ENTERING_MANAGED_PKG|Centify
18:09:00.10 (31088989)|ENTERING_MANAGED_PKG|Centify
18:09:00.10 (31486447)|ENTERING_MANAGED_PKG|Centify
18:09:00.10 (31575435)|ENTERING_MANAGED_PKG|Centify
18:09:00.10 (32836590)|ENTERING_MANAGED_PKG|Centify
18:09:00.10 (32871200)|ENTERING_MANAGED_PKG|Centify
18:09:00.10 (32925067)|ENTERING_MANAGED_PKG|Centify
18:09:00.10 (32987729)|ENTERING_MANAGED_PKG|Centify
18:09:00.10 (33128011)|ENTERING_MANAGED_PKG|Centify
18:09:00.10 (35175105)|SOQL_EXECUTE_BEGIN|[28]|Aggregations:0|SELECT Id FROM ApexClass WHERE Name = :tmpVar1
18:09:00.10 (42977765)|SOQL_EXECUTE_END|[28]|Rows:1
18:09:00.10 (43631994)|SOQL_EXECUTE_BEGIN|[49]|Aggregations:0|SELECT COUNT() FROM AsyncApexJob WHERE (ApexClassId = :tmpVar1 AND Status IN ('Queued', 'Holding', 'Preparing', 'Processing'))
18:09:00.10 (47127233)|SOQL_EXECUTE_END|[49]|Rows:0
18:09:00.10 (47228171)|ENTERING_MANAGED_PKG|Centify
18:09:00.10 (56614756)|ENTERING_MANAGED_PKG|Centify
18:09:00.10 (58829213)|ENTERING_MANAGED_PKG|Centify
18:09:00.10 (59771143)|ENTERING_MANAGED_PKG|Centify
18:09:00.10 (59976534)|ENTERING_MANAGED_PKG|Centify
18:09:00.10 (60054651)|ENTERING_MANAGED_PKG|Centify
18:09:00.10 (87879239)|ENTERING_MANAGED_PKG|Centify
18:09:00.10 (88064066)|ENTERING_MANAGED_PKG|Centify
18:09:00.10 (94627751)|ENTERING_MANAGED_PKG|Centify
18:09:00.10 (96429028)|ENTERING_MANAGED_PKG|Centify
18:09:00.10 (97360998)|ENTERING_MANAGED_PKG|Centify
18:09:00.10 (98465710)|ENTERING_MANAGED_PKG|Centify
18:09:00.10 (98556024)|ENTERING_MANAGED_PKG|Centify
18:09:00.10 (99967063)|ENTERING_MANAGED_PKG|Centify
18:09:00.10 (100098405)|ENTERING_MANAGED_PKG|Centify
18:09:00.10 (100152755)|ENTERING_MANAGED_PKG|Centify
18:09:00.10 (100340599)|ENTERING_MANAGED_PKG|Centify
18:09:00.10 (100548440)|ENTERING_MANAGED_PKG|Centify
18:09:00.10 (100665788)|ENTERING_MANAGED_PKG|Centify
18:09:00.10 (100775245)|ENTERING_MANAGED_PKG|Centify
18:09:00.10 (100882113)|ENTERING_MANAGED_PKG|Centify
18:09:00.10 (100988323)|ENTERING_MANAGED_PKG|Centify
18:09:00.10 (101093865)|ENTERING_MANAGED_PKG|Centify
18:09:00.10 (101200009)|ENTERING_MANAGED_PKG|Centify
18:09:00.10 (101304354)|ENTERING_MANAGED_PKG|Centify
18:09:00.10 (101443665)|ENTERING_MANAGED_PKG|Centify
18:09:00.10 (101552609)|ENTERING_MANAGED_PKG|Centify
18:09:00.10 (101658950)|ENTERING_MANAGED_PKG|Centify
18:09:00.10 (101766160)|ENTERING_MANAGED_PKG|Centify
18:09:00.10 (101885025)|ENTERING_MANAGED_PKG|Centify
18:09:00.10 (101996854)|ENTERING_MANAGED_PKG|Centify
18:09:00.10 (102205659)|ENTERING_MANAGED_PKG|Centify
18:09:00.10 (102329105)|ENTERING_MANAGED_PKG|Centify
18:09:00.10 (102442489)|ENTERING_MANAGED_PKG|Centify
18:09:00.10 (102546053)|ENTERING_MANAGED_PKG|Centify
18:09:00.10 (102647800)|ENTERING_MANAGED_PKG|Centify
18:09:00.10 (102749675)|ENTERING_MANAGED_PKG|Centify
18:09:00.10 (102859892)|ENTERING_MANAGED_PKG|Centify
18:09:00.10 (102999644)|ENTERING_MANAGED_PKG|Centify
18:09:00.10 (103105254)|ENTERING_MANAGED_PKG|Centify
18:09:00.10 (103208783)|ENTERING_MANAGED_PKG|Centify
18:09:00.10 (103311148)|ENTERING_MANAGED_PKG|Centify
18:09:00.10 (103417757)|ENTERING_MANAGED_PKG|Centify
18:09:00.10 (103529327)|ENTERING_MANAGED_PKG|Centify
18:09:00.10 (103636706)|ENTERING_MANAGED_PKG|Centify
18:09:00.10 (103748338)|ENTERING_MANAGED_PKG|Centify
18:09:00.10 (103812882)|ENTERING_MANAGED_PKG|Centify
18:09:00.10 (103864727)|ENTERING_MANAGED_PKG|Centify
18:09:00.10 (103902858)|ENTERING_MANAGED_PKG|Centify
18:09:00.10 (103998632)|ENTERING_MANAGED_PKG|Centify
18:09:00.10 (104047848)|ENTERING_MANAGED_PKG|Centify
18:09:00.10 (105725511)|ENTERING_MANAGED_PKG|Centify
18:09:00.10 (105779046)|ENTERING_MANAGED_PKG|Centify
18:09:00.10 (105853765)|ENTERING_MANAGED_PKG|Centify
18:09:00.10 (106005580)|ENTERING_MANAGED_PKG|Centify
18:09:00.10 (106256008)|ENTERING_MANAGED_PKG|Centify
18:09:00.10 (106461893)|ENTERING_MANAGED_PKG|Centify
18:09:00.10 (147941977)|ENTERING_MANAGED_PKG|Centify
18:09:00.10 (148014648)|ENTERING_MANAGED_PKG|Centify
18:09:00.10 (163220753)|ENTERING_MANAGED_PKG|Centify
18:09:00.10 (163274450)|ENTERING_MANAGED_PKG|Centify
18:09:00.10 (163391407)|ENTERING_MANAGED_PKG|Centify
18:09:00.10 (163420865)|ENTERING_MANAGED_PKG|Centify
18:09:00.10 (170240232)|ENTERING_MANAGED_PKG|Centify
18:09:00.10 (170485714)|ENTERING_MANAGED_PKG|Centify
18:09:00.10 (171002730)|ENTERING_MANAGED_PKG|Centify
18:09:00.10 (171641134)|ENTERING_MANAGED_PKG|Centify
18:09:00.10 (171688758)|ENTERING_MANAGED_PKG|Centify
18:09:00.10 (171778701)|ENTERING_MANAGED_PKG|Centify
18:09:00.10 (171817862)|ENTERING_MANAGED_PKG|Centify
18:09:00.10 (171918740)|ENTERING_MANAGED_PKG|Centify
18:09:00.10 (172052533)|ENTERING_MANAGED_PKG|Centify
18:09:00.10 (172165179)|ENTERING_MANAGED_PKG|Centify
18:09:00.10 (172272055)|ENTERING_MANAGED_PKG|Centify
18:09:00.10 (172381354)|ENTERING_MANAGED_PKG|Centify
18:09:00.10 (172494237)|ENTERING_MANAGED_PKG|Centify
18:09:00.10 (172598248)|ENTERING_MANAGED_PKG|Centify
18:09:00.10 (172704744)|ENTERING_MANAGED_PKG|Centify
18:09:00.10 (172810333)|ENTERING_MANAGED_PKG|Centify
18:09:00.10 (172913560)|ENTERING_MANAGED_PKG|Centify
18:09:00.10 (173018261)|ENTERING_MANAGED_PKG|Centify
18:09:00.10 (173148708)|ENTERING_MANAGED_PKG|Centify
18:09:00.10 (173281384)|ENTERING_MANAGED_PKG|Centify
18:09:00.10 (173392771)|ENTERING_MANAGED_PKG|Centify
18:09:00.10 (173506557)|ENTERING_MANAGED_PKG|Centify
18:09:00.10 (173611873)|ENTERING_MANAGED_PKG|Centify
18:09:00.10 (173717213)|ENTERING_MANAGED_PKG|Centify
18:09:00.10 (173824039)|ENTERING_MANAGED_PKG|Centify
18:09:00.10 (173993419)|ENTERING_MANAGED_PKG|Centify
18:09:00.10 (174116820)|ENTERING_MANAGED_PKG|Centify
18:09:00.10 (174239030)|ENTERING_MANAGED_PKG|Centify
18:09:00.10 (174363193)|ENTERING_MANAGED_PKG|Centify
18:09:00.10 (174495002)|ENTERING_MANAGED_PKG|Centify
18:09:00.10 (174601563)|ENTERING_MANAGED_PKG|Centify
18:09:00.10 (174763540)|ENTERING_MANAGED_PKG|Centify
18:09:00.10 (174875012)|ENTERING_MANAGED_PKG|Centify
18:09:00.10 (174999023)|ENTERING_MANAGED_PKG|Centify
18:09:00.10 (175121801)|ENTERING_MANAGED_PKG|Centify
18:09:00.10 (175279975)|ENTERING_MANAGED_PKG|Centify
18:09:00.10 (175471868)|ENTERING_MANAGED_PKG|Centify
18:09:00.10 (175597963)|ENTERING_MANAGED_PKG|Centify
18:09:00.10 (175719980)|ENTERING_MANAGED_PKG|Centify
18:09:00.10 (175841024)|ENTERING_MANAGED_PKG|Centify
18:09:00.10 (175962360)|ENTERING_MANAGED_PKG|Centify
18:09:00.10 (176086200)|ENTERING_MANAGED_PKG|Centify
18:09:00.10 (176201997)|ENTERING_MANAGED_PKG|Centify
18:09:00.10 (176313184)|ENTERING_MANAGED_PKG|Centify
18:09:00.10 (176434027)|ENTERING_MANAGED_PKG|Centify
18:09:00.10 (176541334)|ENTERING_MANAGED_PKG|Centify
18:09:00.10 (176644507)|ENTERING_MANAGED_PKG|Centify
18:09:00.10 (176748990)|ENTERING_MANAGED_PKG|Centify
18:09:00.10 (176853668)|ENTERING_MANAGED_PKG|Centify
18:09:00.10 (176957237)|ENTERING_MANAGED_PKG|Centify
18:09:00.10 (177062100)|ENTERING_MANAGED_PKG|Centify
18:09:00.10 (177167109)|ENTERING_MANAGED_PKG|Centify
18:09:00.10 (177271357)|ENTERING_MANAGED_PKG|Centify
18:09:00.10 (177377139)|ENTERING_MANAGED_PKG|Centify
18:09:00.10 (177486933)|ENTERING_MANAGED_PKG|Centify
18:09:00.10 (177591276)|ENTERING_MANAGED_PKG|Centify
18:09:00.10 (177695243)|ENTERING_MANAGED_PKG|Centify
18:09:00.10 (177801094)|ENTERING_MANAGED_PKG|Centify
18:09:00.10 (177904818)|ENTERING_MANAGED_PKG|Centify
18:09:00.10 (178008192)|ENTERING_MANAGED_PKG|Centify
18:09:00.10 (178113854)|ENTERING_MANAGED_PKG|Centify
18:09:00.10 (178355153)|ENTERING_MANAGED_PKG|Centify
18:09:00.10 (178400301)|ENTERING_MANAGED_PKG|Centify
18:09:00.10 (178516168)|ENTERING_MANAGED_PKG|Centify
18:09:00.10 (178566225)|ENTERING_MANAGED_PKG|Centify
18:09:00.10 (178633196)|ENTERING_MANAGED_PKG|Centify
18:09:00.10 (178678352)|ENTERING_MANAGED_PKG|Centify
18:09:00.10 (178705678)|ENTERING_MANAGED_PKG|Centify
18:09:00.10 (179018880)|ENTERING_MANAGED_PKG|Centify
18:09:00.10 (179057440)|ENTERING_MANAGED_PKG|Centify
18:09:00.10 (179086138)|ENTERING_MANAGED_PKG|Centify
18:09:00.10 (179209427)|ENTERING_MANAGED_PKG|Centify
18:09:00.10 (179338868)|ENTERING_MANAGED_PKG|Centify
18:09:00.10 (179361918)|ENTERING_MANAGED_PKG|Centify
18:09:00.10 (179385084)|ENTERING_MANAGED_PKG|Centify
18:09:00.10 (179396553)|ENTERING_MANAGED_PKG|Centify
18:09:00.10 (179726074)|ENTERING_MANAGED_PKG|Centify
18:09:00.10 (179749870)|ENTERING_MANAGED_PKG|Centify
18:09:00.10 (179761383)|ENTERING_MANAGED_PKG|Centify
18:09:00.10 (179833210)|ENTERING_MANAGED_PKG|Centify
18:09:00.10 (179977865)|ENTERING_MANAGED_PKG|Centify
18:09:00.10 (180001912)|ENTERING_MANAGED_PKG|Centify
18:09:00.10 (180025067)|ENTERING_MANAGED_PKG|Centify
18:09:00.10 (180049459)|ENTERING_MANAGED_PKG|Centify
18:09:00.10 (180464842)|ENTERING_MANAGED_PKG|Centify
18:09:00.10 (180487279)|ENTERING_MANAGED_PKG|Centify
18:09:00.10 (180498371)|ENTERING_MANAGED_PKG|Centify
18:09:00.10 (180572214)|ENTERING_MANAGED_PKG|Centify
18:09:00.10 (180692796)|ENTERING_MANAGED_PKG|Centify
18:09:00.10 (180713401)|ENTERING_MANAGED_PKG|Centify
18:09:00.10 (180735122)|ENTERING_MANAGED_PKG|Centify
18:09:00.10 (180746670)|ENTERING_MANAGED_PKG|Centify
18:09:00.10 (181235569)|ENTERING_MANAGED_PKG|Centify
18:09:00.10 (181259377)|ENTERING_MANAGED_PKG|Centify
18:09:00.10 (181270377)|ENTERING_MANAGED_PKG|Centify
18:09:00.10 (181339744)|ENTERING_MANAGED_PKG|Centify
18:09:00.10 (181464866)|ENTERING_MANAGED_PKG|Centify
18:09:00.10 (181485327)|ENTERING_MANAGED_PKG|Centify
18:09:00.10 (181507356)|ENTERING_MANAGED_PKG|Centify
18:09:00.10 (181519242)|ENTERING_MANAGED_PKG|Centify
18:09:00.10 (182098679)|ENTERING_MANAGED_PKG|Centify
18:09:00.10 (182121566)|ENTERING_MANAGED_PKG|Centify
18:09:00.10 (182132059)|ENTERING_MANAGED_PKG|Centify
18:09:00.10 (182217964)|ENTERING_MANAGED_PKG|Centify
18:09:00.10 (182335540)|ENTERING_MANAGED_PKG|Centify
18:09:00.10 (182453207)|ENTERING_MANAGED_PKG|Centify
18:09:00.10 (182561072)|ENTERING_MANAGED_PKG|Centify
18:09:00.10 (182674984)|ENTERING_MANAGED_PKG|Centify
18:09:00.10 (182695895)|ENTERING_MANAGED_PKG|Centify
18:09:00.10 (182717472)|ENTERING_MANAGED_PKG|Centify
18:09:00.10 (182728922)|ENTERING_MANAGED_PKG|Centify
18:09:00.10 (183415905)|ENTERING_MANAGED_PKG|Centify
18:09:00.10 (183443910)|ENTERING_MANAGED_PKG|Centify
18:09:00.10 (183456124)|ENTERING_MANAGED_PKG|Centify
18:09:00.10 (183527416)|ENTERING_MANAGED_PKG|Centify
18:09:00.10 (183648796)|ENTERING_MANAGED_PKG|Centify
18:09:00.10 (183674967)|ENTERING_MANAGED_PKG|Centify
18:09:00.10 (183709121)|ENTERING_MANAGED_PKG|Centify
18:09:00.10 (183728207)|ENTERING_MANAGED_PKG|Centify
18:09:00.10 (184660086)|ENTERING_MANAGED_PKG|Centify
18:09:00.10 (184691871)|ENTERING_MANAGED_PKG|Centify
18:09:00.10 (184703724)|ENTERING_MANAGED_PKG|Centify
18:09:00.10 (184780634)|ENTERING_MANAGED_PKG|Centify
18:09:00.10 (184918201)|ENTERING_MANAGED_PKG|Centify
18:09:00.10 (184946682)|ENTERING_MANAGED_PKG|Centify
18:09:00.10 (184970602)|ENTERING_MANAGED_PKG|Centify
18:09:00.10 (184982294)|ENTERING_MANAGED_PKG|Centify
18:09:00.10 (186131498)|ENTERING_MANAGED_PKG|Centify
18:09:00.10 (186160428)|ENTERING_MANAGED_PKG|Centify
18:09:00.10 (186172601)|ENTERING_MANAGED_PKG|Centify
18:09:00.10 (186249215)|ENTERING_MANAGED_PKG|Centify
18:09:00.10 (186378145)|ENTERING_MANAGED_PKG|Centify
18:09:00.10 (186400026)|ENTERING_MANAGED_PKG|Centify
18:09:00.10 (186427387)|ENTERING_MANAGED_PKG|Centify
18:09:00.10 (186440466)|ENTERING_MANAGED_PKG|Centify
18:09:00.10 (187394019)|ENTERING_MANAGED_PKG|Centify
18:09:00.10 (187418789)|ENTERING_MANAGED_PKG|Centify
18:09:00.10 (187436361)|ENTERING_MANAGED_PKG|Centify
18:09:00.10 (187511107)|ENTERING_MANAGED_PKG|Centify
18:09:00.10 (187635211)|ENTERING_MANAGED_PKG|Centify
18:09:00.10 (187656528)|ENTERING_MANAGED_PKG|Centify
18:09:00.10 (187679204)|ENTERING_MANAGED_PKG|Centify
18:09:00.10 (187690935)|ENTERING_MANAGED_PKG|Centify
18:09:00.10 (188711895)|ENTERING_MANAGED_PKG|Centify
18:09:00.10 (188735789)|ENTERING_MANAGED_PKG|Centify
18:09:00.10 (188747037)|ENTERING_MANAGED_PKG|Centify
18:09:00.10 (188818357)|ENTERING_MANAGED_PKG|Centify
18:09:00.10 (188981775)|ENTERING_MANAGED_PKG|Centify
18:09:00.10 (189003908)|ENTERING_MANAGED_PKG|Centify
18:09:00.10 (189027364)|ENTERING_MANAGED_PKG|Centify
18:09:00.10 (189039849)|ENTERING_MANAGED_PKG|Centify
18:09:00.10 (190288415)|ENTERING_MANAGED_PKG|Centify
18:09:00.10 (190315620)|ENTERING_MANAGED_PKG|Centify
18:09:00.10 (190328128)|ENTERING_MANAGED_PKG|Centify
18:09:00.10 (190404317)|ENTERING_MANAGED_PKG|Centify
18:09:00.10 (190580486)|ENTERING_MANAGED_PKG|Centify
18:09:00.10 (190603332)|ENTERING_MANAGED_PKG|Centify
18:09:00.10 (190626462)|ENTERING_MANAGED_PKG|Centify
18:09:00.10 (190638557)|ENTERING_MANAGED_PKG|Centify
18:09:00.10 (191904867)|ENTERING_MANAGED_PKG|Centify
18:09:00.10 (191929771)|ENTERING_MANAGED_PKG|Centify
18:09:00.10 (191941182)|ENTERING_MANAGED_PKG|Centify
18:09:00.10 (192013481)|ENTERING_MANAGED_PKG|Centify
18:09:00.10 (192135720)|ENTERING_MANAGED_PKG|Centify
18:09:00.10 (192156717)|ENTERING_MANAGED_PKG|Centify
18:09:00.10 (192179119)|ENTERING_MANAGED_PKG|Centify
18:09:00.10 (192190872)|ENTERING_MANAGED_PKG|Centify
18:09:00.10 (193527848)|ENTERING_MANAGED_PKG|Centify
18:09:00.10 (193557052)|ENTERING_MANAGED_PKG|Centify
18:09:00.10 (193568791)|ENTERING_MANAGED_PKG|Centify
18:09:00.10 (193641214)|ENTERING_MANAGED_PKG|Centify
18:09:00.10 (193763182)|ENTERING_MANAGED_PKG|Centify
18:09:00.10 (193783190)|ENTERING_MANAGED_PKG|Centify
18:09:00.10 (193805498)|ENTERING_MANAGED_PKG|Centify
18:09:00.10 (193817297)|ENTERING_MANAGED_PKG|Centify
18:09:00.10 (195239455)|ENTERING_MANAGED_PKG|Centify
18:09:00.10 (195265299)|ENTERING_MANAGED_PKG|Centify
18:09:00.10 (195277769)|ENTERING_MANAGED_PKG|Centify
18:09:00.10 (195352194)|ENTERING_MANAGED_PKG|Centify
18:09:00.10 (195496095)|ENTERING_MANAGED_PKG|Centify
18:09:00.10 (195518188)|ENTERING_MANAGED_PKG|Centify
18:09:00.10 (195540919)|ENTERING_MANAGED_PKG|Centify
18:09:00.10 (195552749)|ENTERING_MANAGED_PKG|Centify
18:09:00.10 (197318011)|ENTERING_MANAGED_PKG|Centify
18:09:00.10 (197348032)|ENTERING_MANAGED_PKG|Centify
18:09:00.10 (197363101)|ENTERING_MANAGED_PKG|Centify
18:09:00.10 (197446038)|ENTERING_MANAGED_PKG|Centify
18:09:00.10 (197484250)|ENTERING_MANAGED_PKG|Centify
18:09:00.10 (197515422)|ENTERING_MANAGED_PKG|Centify
18:09:00.10 (197537923)|ENTERING_MANAGED_PKG|Centify
18:09:00.10 (197785034)|ENTERING_MANAGED_PKG|Centify
18:09:00.10 (197813342)|ENTERING_MANAGED_PKG|Centify
18:09:00.10 (200071918)|ENTERING_MANAGED_PKG|Centify
18:09:00.10 (200120495)|ENTERING_MANAGED_PKG|Centify
18:09:00.10 (200158457)|ENTERING_MANAGED_PKG|Centify
18:09:00.10 (200228219)|ENTERING_MANAGED_PKG|Centify
18:09:00.10 (200398770)|ENTERING_MANAGED_PKG|Centify
18:09:00.10 (200512573)|ENTERING_MANAGED_PKG|Centify
18:09:00.10 (221596027)|ENTERING_MANAGED_PKG|Centify
18:09:00.10 (221642246)|ENTERING_MANAGED_PKG|Centify
18:09:00.10 (221722683)|ENTERING_MANAGED_PKG|Centify
18:09:00.10 (221749525)|ENTERING_MANAGED_PKG|Centify
18:09:00.10 (228430353)|ENTERING_MANAGED_PKG|Centify
18:09:00.10 (228682741)|ENTERING_MANAGED_PKG|Centify
18:09:00.10 (229458346)|ENTERING_MANAGED_PKG|Centify
18:09:00.10 (230133325)|ENTERING_MANAGED_PKG|Centify
18:09:00.10 (230189194)|ENTERING_MANAGED_PKG|Centify
18:09:00.10 (230297011)|ENTERING_MANAGED_PKG|Centify
18:09:00.10 (230344139)|ENTERING_MANAGED_PKG|Centify
18:09:00.10 (230452580)|ENTERING_MANAGED_PKG|Centify
18:09:00.10 (230606559)|ENTERING_MANAGED_PKG|Centify
18:09:00.10 (230718333)|ENTERING_MANAGED_PKG|Centify
18:09:00.10 (230822680)|ENTERING_MANAGED_PKG|Centify
18:09:00.10 (230964189)|ENTERING_MANAGED_PKG|Centify
18:09:00.10 (231085930)|ENTERING_MANAGED_PKG|Centify
18:09:00.10 (231193976)|ENTERING_MANAGED_PKG|Centify
18:09:00.10 (231321794)|ENTERING_MANAGED_PKG|Centify
18:09:00.10 (231450622)|ENTERING_MANAGED_PKG|Centify
18:09:00.10 (231555836)|ENTERING_MANAGED_PKG|Centify
18:09:00.10 (231658162)|ENTERING_MANAGED_PKG|Centify
18:09:00.10 (231763559)|ENTERING_MANAGED_PKG|Centify
18:09:00.10 (231867399)|ENTERING_MANAGED_PKG|Centify
18:09:00.10 (231974164)|ENTERING_MANAGED_PKG|Centify
18:09:00.10 (232069214)|ENTERING_MANAGED_PKG|Centify
18:09:00.10 (232180348)|ENTERING_MANAGED_PKG|Centify
18:09:00.10 (232306968)|ENTERING_MANAGED_PKG|Centify
18:09:00.10 (232420469)|ENTERING_MANAGED_PKG|Centify
18:09:00.10 (232521891)|ENTERING_MANAGED_PKG|Centify
18:09:00.10 (232624530)|ENTERING_MANAGED_PKG|Centify
18:09:00.10 (232727216)|ENTERING_MANAGED_PKG|Centify
18:09:00.10 (232828560)|ENTERING_MANAGED_PKG|Centify
18:09:00.10 (232928693)|ENTERING_MANAGED_PKG|Centify
18:09:00.10 (233031711)|ENTERING_MANAGED_PKG|Centify
18:09:00.10 (233135396)|ENTERING_MANAGED_PKG|Centify
18:09:00.10 (233237501)|ENTERING_MANAGED_PKG|Centify
18:09:00.10 (233344057)|ENTERING_MANAGED_PKG|Centify
18:09:00.10 (233450631)|ENTERING_MANAGED_PKG|Centify
18:09:00.10 (233556052)|ENTERING_MANAGED_PKG|Centify
18:09:00.10 (233659510)|ENTERING_MANAGED_PKG|Centify
18:09:00.10 (233693754)|ENTERING_MANAGED_PKG|Centify
18:09:00.10 (233725228)|ENTERING_MANAGED_PKG|Centify
18:09:00.10 (233747578)|ENTERING_MANAGED_PKG|Centify
18:09:00.10 (233794731)|ENTERING_MANAGED_PKG|Centify
18:09:00.10 (233838571)|ENTERING_MANAGED_PKG|Centify
18:09:00.10 (235341091)|ENTERING_MANAGED_PKG|Centify
18:09:00.10 (235369883)|ENTERING_MANAGED_PKG|Centify
18:09:00.10 (235395939)|ENTERING_MANAGED_PKG|Centify
18:09:00.10 (235443737)|ENTERING_MANAGED_PKG|Centify
18:09:00.10 (235565573)|ENTERING_MANAGED_PKG|Centify
18:09:00.10 (235670504)|ENTERING_MANAGED_PKG|Centify
18:09:00.10 (252918561)|ENTERING_MANAGED_PKG|Centify
18:09:00.10 (252985550)|ENTERING_MANAGED_PKG|Centify
18:09:00.10 (269280955)|ENTERING_MANAGED_PKG|Centify
18:09:00.10 (269368866)|ENTERING_MANAGED_PKG|Centify
18:09:00.10 (284682535)|ENTERING_MANAGED_PKG|Centify
18:09:00.10 (284741477)|ENTERING_MANAGED_PKG|Centify
18:09:00.10 (299223087)|ENTERING_MANAGED_PKG|Centify
18:09:00.10 (299374095)|ENTERING_MANAGED_PKG|Centify
18:09:00.10 (299562351)|ENTERING_MANAGED_PKG|Centify
18:09:00.10 (299700680)|ENTERING_MANAGED_PKG|Centify
18:09:00.10 (299835149)|ENTERING_MANAGED_PKG|Centify
18:09:00.10 (299867876)|ENTERING_MANAGED_PKG|Centify
18:09:00.10 (299937272)|ENTERING_MANAGED_PKG|Centify
18:09:00.10 (299960997)|ENTERING_MANAGED_PKG|Centify
18:09:00.10 (306385878)|ENTERING_MANAGED_PKG|Centify
18:09:00.10 (306643149)|ENTERING_MANAGED_PKG|Centify
18:09:00.10 (307339748)|ENTERING_MANAGED_PKG|Centify
18:09:00.10 (307976378)|ENTERING_MANAGED_PKG|Centify
18:09:00.10 (308024280)|ENTERING_MANAGED_PKG|Centify
18:09:00.10 (308114485)|ENTERING_MANAGED_PKG|Centify
18:09:00.10 (308153489)|ENTERING_MANAGED_PKG|Centify
18:09:00.10 (308256612)|ENTERING_MANAGED_PKG|Centify
18:09:00.10 (308395644)|ENTERING_MANAGED_PKG|Centify
18:09:00.10 (308509696)|ENTERING_MANAGED_PKG|Centify
18:09:00.10 (308618905)|ENTERING_MANAGED_PKG|Centify
18:09:00.10 (308726067)|ENTERING_MANAGED_PKG|Centify
18:09:00.10 (308832288)|ENTERING_MANAGED_PKG|Centify
18:09:00.10 (308939030)|ENTERING_MANAGED_PKG|Centify
18:09:00.10 (309065005)|ENTERING_MANAGED_PKG|Centify
18:09:00.10 (309180746)|ENTERING_MANAGED_PKG|Centify
18:09:00.10 (309286075)|ENTERING_MANAGED_PKG|Centify
18:09:00.10 (309396810)|ENTERING_MANAGED_PKG|Centify
18:09:00.10 (309502805)|ENTERING_MANAGED_PKG|Centify
18:09:00.10 (309607939)|ENTERING_MANAGED_PKG|Centify
18:09:00.10 (309711903)|ENTERING_MANAGED_PKG|Centify
18:09:00.10 (309819347)|ENTERING_MANAGED_PKG|Centify
18:09:00.10 (309920882)|ENTERING_MANAGED_PKG|Centify
18:09:00.10 (310021963)|ENTERING_MANAGED_PKG|Centify
18:09:00.10 (310136023)|ENTERING_MANAGED_PKG|Centify
18:09:00.10 (310242109)|ENTERING_MANAGED_PKG|Centify
18:09:00.10 (310346580)|ENTERING_MANAGED_PKG|Centify
18:09:00.10 (310456268)|ENTERING_MANAGED_PKG|Centify
18:09:00.10 (310559542)|ENTERING_MANAGED_PKG|Centify
18:09:00.10 (310661847)|ENTERING_MANAGED_PKG|Centify
18:09:00.10 (310764069)|ENTERING_MANAGED_PKG|Centify
18:09:00.10 (310889126)|ENTERING_MANAGED_PKG|Centify
18:09:00.10 (310995049)|ENTERING_MANAGED_PKG|Centify
18:09:00.10 (311100120)|ENTERING_MANAGED_PKG|Centify
18:09:00.10 (311205009)|ENTERING_MANAGED_PKG|Centify
18:09:00.10 (311312624)|ENTERING_MANAGED_PKG|Centify
18:09:00.10 (311468396)|ENTERING_MANAGED_PKG|Centify
18:09:00.10 (311600315)|ENTERING_MANAGED_PKG|Centify
18:09:00.10 (311710497)|ENTERING_MANAGED_PKG|Centify
18:09:00.10 (311745367)|ENTERING_MANAGED_PKG|Centify
18:09:00.10 (311776949)|ENTERING_MANAGED_PKG|Centify
18:09:00.10 (311799653)|ENTERING_MANAGED_PKG|Centify
18:09:00.10 (311847430)|ENTERING_MANAGED_PKG|Centify
18:09:00.10 (311886282)|ENTERING_MANAGED_PKG|Centify
18:09:00.10 (313561142)|ENTERING_MANAGED_PKG|Centify
18:09:00.10 (313592467)|ENTERING_MANAGED_PKG|Centify
18:09:00.10 (313617273)|ENTERING_MANAGED_PKG|Centify
18:09:00.10 (313666045)|ENTERING_MANAGED_PKG|Centify
18:09:00.10 (313773699)|ENTERING_MANAGED_PKG|Centify
18:09:00.10 (313838974)|ENTERING_MANAGED_PKG|Centify
18:09:00.10 (333011236)|ENTERING_MANAGED_PKG|Centify
18:09:00.10 (333055134)|ENTERING_MANAGED_PKG|Centify
18:09:00.10 (347646029)|ENTERING_MANAGED_PKG|Centify
18:09:00.10 (347723941)|ENTERING_MANAGED_PKG|Centify
18:09:00.10 (374008341)|ENTERING_MANAGED_PKG|Centify
18:09:00.10 (374069240)|ENTERING_MANAGED_PKG|Centify
18:09:00.10 (389464354)|ENTERING_MANAGED_PKG|Centify
18:09:00.10 (389584880)|ENTERING_MANAGED_PKG|Centify
18:09:00.10 (389730906)|ENTERING_MANAGED_PKG|Centify
18:09:00.10 (389842828)|ENTERING_MANAGED_PKG|Centify
18:09:00.10 (389966431)|ENTERING_MANAGED_PKG|Centify
18:09:00.10 (389999164)|ENTERING_MANAGED_PKG|Centify
18:09:00.10 (390071155)|ENTERING_MANAGED_PKG|Centify
18:09:00.10 (390095887)|ENTERING_MANAGED_PKG|Centify
18:09:00.10 (396623786)|ENTERING_MANAGED_PKG|Centify
18:09:00.10 (396842963)|ENTERING_MANAGED_PKG|Centify
18:09:00.10 (397217538)|ENTERING_MANAGED_PKG|Centify
18:09:00.10 (397775491)|ENTERING_MANAGED_PKG|Centify
18:09:00.10 (397821919)|ENTERING_MANAGED_PKG|Centify
18:09:00.10 (397930593)|ENTERING_MANAGED_PKG|Centify
18:09:00.10 (397974241)|ENTERING_MANAGED_PKG|Centify
18:09:00.10 (398096583)|ENTERING_MANAGED_PKG|Centify
18:09:00.10 (398229161)|ENTERING_MANAGED_PKG|Centify
18:09:00.10 (398346922)|ENTERING_MANAGED_PKG|Centify
18:09:00.10 (398460301)|ENTERING_MANAGED_PKG|Centify
18:09:00.10 (398566307)|ENTERING_MANAGED_PKG|Centify
18:09:00.10 (398672760)|ENTERING_MANAGED_PKG|Centify
18:09:00.10 (398779602)|ENTERING_MANAGED_PKG|Centify
18:09:00.10 (398885984)|ENTERING_MANAGED_PKG|Centify
18:09:00.10 (398993823)|ENTERING_MANAGED_PKG|Centify
18:09:00.10 (399102225)|ENTERING_MANAGED_PKG|Centify
18:09:00.10 (399211219)|ENTERING_MANAGED_PKG|Centify
18:09:00.10 (399346795)|ENTERING_MANAGED_PKG|Centify
18:09:00.10 (399477471)|ENTERING_MANAGED_PKG|Centify
18:09:00.10 (399603839)|ENTERING_MANAGED_PKG|Centify
18:09:00.10 (399729665)|ENTERING_MANAGED_PKG|Centify
18:09:00.10 (399855215)|ENTERING_MANAGED_PKG|Centify
18:09:00.10 (399978988)|ENTERING_MANAGED_PKG|Centify
18:09:00.10 (400086643)|ENTERING_MANAGED_PKG|Centify
18:09:00.10 (400195393)|ENTERING_MANAGED_PKG|Centify
18:09:00.10 (400303548)|ENTERING_MANAGED_PKG|Centify
18:09:00.10 (400416431)|ENTERING_MANAGED_PKG|Centify
18:09:00.10 (400522703)|ENTERING_MANAGED_PKG|Centify
18:09:00.10 (400629118)|ENTERING_MANAGED_PKG|Centify
18:09:00.10 (400734823)|ENTERING_MANAGED_PKG|Centify
18:09:00.10 (400849241)|ENTERING_MANAGED_PKG|Centify
18:09:00.10 (400964207)|ENTERING_MANAGED_PKG|Centify
18:09:00.10 (401074006)|ENTERING_MANAGED_PKG|Centify
18:09:00.10 (401180363)|ENTERING_MANAGED_PKG|Centify
18:09:00.10 (401285875)|ENTERING_MANAGED_PKG|Centify
18:09:00.10 (401398465)|ENTERING_MANAGED_PKG|Centify
18:09:00.10 (401499911)|ENTERING_MANAGED_PKG|Centify
18:09:00.10 (401606443)|ENTERING_MANAGED_PKG|Centify
18:09:00.10 (401718705)|ENTERING_MANAGED_PKG|Centify
18:09:00.10 (401825471)|ENTERING_MANAGED_PKG|Centify
18:09:00.10 (401930694)|ENTERING_MANAGED_PKG|Centify
18:09:00.10 (402127947)|ENTERING_MANAGED_PKG|Centify
18:09:00.10 (402304850)|ENTERING_MANAGED_PKG|Centify
18:09:00.10 (402485435)|ENTERING_MANAGED_PKG|Centify
18:09:00.10 (402658484)|ENTERING_MANAGED_PKG|Centify
18:09:00.10 (402816034)|ENTERING_MANAGED_PKG|Centify
18:09:00.10 (402924662)|ENTERING_MANAGED_PKG|Centify
18:09:00.10 (403029498)|ENTERING_MANAGED_PKG|Centify
18:09:00.10 (403154754)|ENTERING_MANAGED_PKG|Centify
18:09:00.10 (403227105)|ENTERING_MANAGED_PKG|Centify
18:09:00.10 (403268018)|ENTERING_MANAGED_PKG|Centify
18:09:00.10 (403305517)|ENTERING_MANAGED_PKG|Centify
18:09:00.10 (403342318)|ENTERING_MANAGED_PKG|Centify
18:09:00.10 (403356602)|ENTERING_MANAGED_PKG|Centify
18:09:00.10 (403618125)|ENTERING_MANAGED_PKG|Centify
18:09:00.10 (403643783)|ENTERING_MANAGED_PKG|Centify
18:09:00.10 (403655423)|ENTERING_MANAGED_PKG|Centify
18:09:00.10 (403731890)|ENTERING_MANAGED_PKG|Centify
18:09:00.10 (403854436)|ENTERING_MANAGED_PKG|Centify
18:09:00.10 (403875553)|ENTERING_MANAGED_PKG|Centify
18:09:00.10 (403898187)|ENTERING_MANAGED_PKG|Centify
18:09:00.10 (403909974)|ENTERING_MANAGED_PKG|Centify
18:09:00.10 (404223620)|ENTERING_MANAGED_PKG|Centify
18:09:00.10 (404246777)|ENTERING_MANAGED_PKG|Centify
18:09:00.10 (404257176)|ENTERING_MANAGED_PKG|Centify
18:09:00.10 (404333292)|ENTERING_MANAGED_PKG|Centify
18:09:00.10 (404456252)|ENTERING_MANAGED_PKG|Centify
18:09:00.10 (404476518)|ENTERING_MANAGED_PKG|Centify
18:09:00.10 (404498774)|ENTERING_MANAGED_PKG|Centify
18:09:00.10 (404510045)|ENTERING_MANAGED_PKG|Centify
18:09:00.10 (404909769)|ENTERING_MANAGED_PKG|Centify
18:09:00.10 (404932152)|ENTERING_MANAGED_PKG|Centify
18:09:00.10 (404943241)|ENTERING_MANAGED_PKG|Centify
18:09:00.10 (405013652)|ENTERING_MANAGED_PKG|Centify
18:09:00.10 (405133774)|ENTERING_MANAGED_PKG|Centify
18:09:00.10 (405153654)|ENTERING_MANAGED_PKG|Centify
18:09:00.10 (405175546)|ENTERING_MANAGED_PKG|Centify
18:09:00.10 (405186838)|ENTERING_MANAGED_PKG|Centify
18:09:00.10 (405688811)|ENTERING_MANAGED_PKG|Centify
18:09:00.10 (405711392)|ENTERING_MANAGED_PKG|Centify
18:09:00.10 (405721870)|ENTERING_MANAGED_PKG|Centify
18:09:00.10 (405791824)|ENTERING_MANAGED_PKG|Centify
18:09:00.10 (405909586)|ENTERING_MANAGED_PKG|Centify
18:09:00.10 (405929897)|ENTERING_MANAGED_PKG|Centify
18:09:00.10 (405951447)|ENTERING_MANAGED_PKG|Centify
18:09:00.10 (405962964)|ENTERING_MANAGED_PKG|Centify
18:09:00.10 (406592265)|ENTERING_MANAGED_PKG|Centify
18:09:00.10 (406616336)|ENTERING_MANAGED_PKG|Centify
18:09:00.10 (406627530)|ENTERING_MANAGED_PKG|Centify
18:09:00.10 (406698808)|ENTERING_MANAGED_PKG|Centify
18:09:00.10 (406855009)|ENTERING_MANAGED_PKG|Centify
18:09:00.10 (406878567)|ENTERING_MANAGED_PKG|Centify
18:09:00.10 (406901852)|ENTERING_MANAGED_PKG|Centify
18:09:00.10 (406913250)|ENTERING_MANAGED_PKG|Centify
18:09:00.10 (407622688)|ENTERING_MANAGED_PKG|Centify
18:09:00.10 (407646450)|ENTERING_MANAGED_PKG|Centify
18:09:00.10 (407657700)|ENTERING_MANAGED_PKG|Centify
18:09:00.10 (407729016)|ENTERING_MANAGED_PKG|Centify
18:09:00.10 (407844480)|ENTERING_MANAGED_PKG|Centify
18:09:00.10 (407951559)|ENTERING_MANAGED_PKG|Centify
18:09:00.10 (408058636)|ENTERING_MANAGED_PKG|Centify
18:09:00.10 (408165300)|ENTERING_MANAGED_PKG|Centify
18:09:00.10 (408270941)|ENTERING_MANAGED_PKG|Centify
18:09:00.10 (408381417)|ENTERING_MANAGED_PKG|Centify
18:09:00.10 (408488151)|ENTERING_MANAGED_PKG|Centify
18:09:00.10 (408594514)|ENTERING_MANAGED_PKG|Centify
18:09:00.10 (408698527)|ENTERING_MANAGED_PKG|Centify
18:09:00.10 (408803232)|ENTERING_MANAGED_PKG|Centify
18:09:00.10 (408906732)|ENTERING_MANAGED_PKG|Centify
18:09:00.10 (409045436)|ENTERING_MANAGED_PKG|Centify
18:09:00.10 (409233893)|ENTERING_MANAGED_PKG|Centify
18:09:00.10 (409366119)|ENTERING_MANAGED_PKG|Centify
18:09:00.10 (409404970)|ENTERING_MANAGED_PKG|Centify
18:09:00.10 (409435001)|ENTERING_MANAGED_PKG|Centify
18:09:00.10 (409457932)|ENTERING_MANAGED_PKG|Centify
18:09:00.10 (409605447)|ENTERING_MANAGED_PKG|Centify
18:09:00.10 (409631678)|ENTERING_MANAGED_PKG|Centify
18:09:00.10 (411276775)|ENTERING_MANAGED_PKG|Centify
18:09:00.10 (411305074)|ENTERING_MANAGED_PKG|Centify
18:09:00.10 (411332270)|ENTERING_MANAGED_PKG|Centify
18:09:00.10 (411404000)|ENTERING_MANAGED_PKG|Centify
18:09:00.10 (411428898)|ENTERING_MANAGED_PKG|Centify
18:09:00.10 (411495514)|ENTERING_MANAGED_PKG|Centify
18:09:00.10 (411518938)|ENTERING_MANAGED_PKG|Centify
18:09:00.10 (417700671)|ENTERING_MANAGED_PKG|Centify
18:09:00.10 (417905425)|ENTERING_MANAGED_PKG|Centify
18:09:00.10 (418272834)|ENTERING_MANAGED_PKG|Centify
18:09:00.10 (418820082)|ENTERING_MANAGED_PKG|Centify
18:09:00.10 (418863625)|ENTERING_MANAGED_PKG|Centify
18:09:00.10 (418946983)|ENTERING_MANAGED_PKG|Centify
18:09:00.10 (418984380)|ENTERING_MANAGED_PKG|Centify
18:09:00.10 (419082827)|ENTERING_MANAGED_PKG|Centify
18:09:00.10 (419207268)|ENTERING_MANAGED_PKG|Centify
18:09:00.10 (419315892)|ENTERING_MANAGED_PKG|Centify
18:09:00.10 (419432659)|ENTERING_MANAGED_PKG|Centify
18:09:00.10 (419539620)|ENTERING_MANAGED_PKG|Centify
18:09:00.10 (419644399)|ENTERING_MANAGED_PKG|Centify
18:09:00.10 (419749147)|ENTERING_MANAGED_PKG|Centify
18:09:00.10 (419854658)|ENTERING_MANAGED_PKG|Centify
18:09:00.10 (420005998)|ENTERING_MANAGED_PKG|Centify
18:09:00.10 (420118566)|ENTERING_MANAGED_PKG|Centify
18:09:00.10 (420218408)|ENTERING_MANAGED_PKG|Centify
18:09:00.10 (420322033)|ENTERING_MANAGED_PKG|Centify
18:09:00.10 (420448969)|ENTERING_MANAGED_PKG|Centify
18:09:00.10 (420554121)|ENTERING_MANAGED_PKG|Centify
18:09:00.10 (420658408)|ENTERING_MANAGED_PKG|Centify
18:09:00.10 (420763499)|ENTERING_MANAGED_PKG|Centify
18:09:00.10 (420867761)|ENTERING_MANAGED_PKG|Centify
18:09:00.10 (420972027)|ENTERING_MANAGED_PKG|Centify
18:09:00.10 (421076472)|ENTERING_MANAGED_PKG|Centify
18:09:00.10 (421207686)|ENTERING_MANAGED_PKG|Centify
18:09:00.10 (421312784)|ENTERING_MANAGED_PKG|Centify
18:09:00.10 (421424452)|ENTERING_MANAGED_PKG|Centify
18:09:00.10 (421458150)|ENTERING_MANAGED_PKG|Centify
18:09:00.10 (421489029)|ENTERING_MANAGED_PKG|Centify
18:09:00.10 (421510751)|ENTERING_MANAGED_PKG|Centify
18:09:00.10 (421556482)|ENTERING_MANAGED_PKG|Centify
18:09:00.10 (421593515)|ENTERING_MANAGED_PKG|Centify
18:09:00.10 (422700688)|ENTERING_MANAGED_PKG|Centify
18:09:00.10 (422728424)|ENTERING_MANAGED_PKG|Centify
18:09:00.10 (422750957)|ENTERING_MANAGED_PKG|Centify
18:09:00.10 (422816621)|ENTERING_MANAGED_PKG|Centify
18:09:00.10 (422873582)|ENTERING_MANAGED_PKG|Centify
18:09:00.10 (422958020)|ENTERING_MANAGED_PKG|Centify
18:09:00.10 (423029353)|ENTERING_MANAGED_PKG|Centify
18:09:00.10 (423053737)|ENTERING_MANAGED_PKG|Centify
18:09:00.10 (429271847)|ENTERING_MANAGED_PKG|Centify
18:09:00.10 (429473579)|ENTERING_MANAGED_PKG|Centify
18:09:00.10 (430011204)|ENTERING_MANAGED_PKG|Centify
18:09:00.10 (430555432)|ENTERING_MANAGED_PKG|Centify
18:09:00.10 (430598561)|ENTERING_MANAGED_PKG|Centify
18:09:00.10 (430680625)|ENTERING_MANAGED_PKG|Centify
18:09:00.10 (430716531)|ENTERING_MANAGED_PKG|Centify
18:09:00.10 (430812064)|ENTERING_MANAGED_PKG|Centify
18:09:00.10 (430932864)|ENTERING_MANAGED_PKG|Centify
18:09:00.10 (431041267)|ENTERING_MANAGED_PKG|Centify
18:09:00.10 (431150310)|ENTERING_MANAGED_PKG|Centify
18:09:00.10 (431257270)|ENTERING_MANAGED_PKG|Centify
18:09:00.10 (431369368)|ENTERING_MANAGED_PKG|Centify
18:09:00.10 (431480449)|ENTERING_MANAGED_PKG|Centify
18:09:00.10 (431587483)|ENTERING_MANAGED_PKG|Centify
18:09:00.10 (431692790)|ENTERING_MANAGED_PKG|Centify
18:09:00.10 (431795888)|ENTERING_MANAGED_PKG|Centify
18:09:00.10 (431898820)|ENTERING_MANAGED_PKG|Centify
18:09:00.10 (432001414)|ENTERING_MANAGED_PKG|Centify
18:09:00.10 (432104896)|ENTERING_MANAGED_PKG|Centify
18:09:00.10 (432208342)|ENTERING_MANAGED_PKG|Centify
18:09:00.10 (432312043)|ENTERING_MANAGED_PKG|Centify
18:09:00.10 (432422561)|ENTERING_MANAGED_PKG|Centify
18:09:00.10 (432519143)|ENTERING_MANAGED_PKG|Centify
18:09:00.10 (432618857)|ENTERING_MANAGED_PKG|Centify
18:09:00.10 (432727394)|ENTERING_MANAGED_PKG|Centify
18:09:00.10 (432832324)|ENTERING_MANAGED_PKG|Centify
18:09:00.10 (432935218)|ENTERING_MANAGED_PKG|Centify
18:09:00.10 (433039293)|ENTERING_MANAGED_PKG|Centify
18:09:00.10 (433144347)|ENTERING_MANAGED_PKG|Centify
18:09:00.10 (433246226)|ENTERING_MANAGED_PKG|Centify
18:09:00.10 (433352988)|ENTERING_MANAGED_PKG|Centify
18:09:00.10 (433460552)|ENTERING_MANAGED_PKG|Centify
18:09:00.10 (433562724)|ENTERING_MANAGED_PKG|Centify
18:09:00.10 (433665187)|ENTERING_MANAGED_PKG|Centify
18:09:00.10 (433768189)|ENTERING_MANAGED_PKG|Centify
18:09:00.10 (433871947)|ENTERING_MANAGED_PKG|Centify
18:09:00.10 (433974922)|ENTERING_MANAGED_PKG|Centify
18:09:00.10 (434076381)|ENTERING_MANAGED_PKG|Centify
18:09:00.10 (434179760)|ENTERING_MANAGED_PKG|Centify
18:09:00.10 (434283019)|ENTERING_MANAGED_PKG|Centify
18:09:00.10 (434316216)|ENTERING_MANAGED_PKG|Centify
18:09:00.10 (434351187)|ENTERING_MANAGED_PKG|Centify
18:09:00.10 (434373604)|ENTERING_MANAGED_PKG|Centify
18:09:00.10 (434421872)|ENTERING_MANAGED_PKG|Centify
18:09:00.10 (434466279)|ENTERING_MANAGED_PKG|Centify
18:09:00.10 (435790671)|ENTERING_MANAGED_PKG|Centify
18:09:00.10 (435817427)|ENTERING_MANAGED_PKG|Centify
18:09:00.10 (435847843)|ENTERING_MANAGED_PKG|Centify
18:09:00.10 (435897681)|ENTERING_MANAGED_PKG|Centify
18:09:00.10 (436000690)|ENTERING_MANAGED_PKG|Centify
18:09:00.10 (436065983)|ENTERING_MANAGED_PKG|Centify
18:09:00.10 (449998590)|ENTERING_MANAGED_PKG|Centify
18:09:00.10 (450041673)|ENTERING_MANAGED_PKG|Centify
18:09:00.10 (463433894)|ENTERING_MANAGED_PKG|Centify
18:09:00.10 (463476030)|ENTERING_MANAGED_PKG|Centify
18:09:00.10 (463548417)|ENTERING_MANAGED_PKG|Centify
18:09:00.10 (463573751)|ENTERING_MANAGED_PKG|Centify
18:09:00.10 (469922969)|ENTERING_MANAGED_PKG|Centify
18:09:00.10 (470149463)|ENTERING_MANAGED_PKG|Centify
18:09:00.10 (470546310)|ENTERING_MANAGED_PKG|Centify
18:09:00.10 (471059094)|ENTERING_MANAGED_PKG|Centify
18:09:00.10 (471105259)|ENTERING_MANAGED_PKG|Centify
18:09:00.10 (471192202)|ENTERING_MANAGED_PKG|Centify
18:09:00.10 (471229937)|ENTERING_MANAGED_PKG|Centify
18:09:00.10 (471332628)|ENTERING_MANAGED_PKG|Centify
18:09:00.10 (471464251)|ENTERING_MANAGED_PKG|Centify
18:09:00.10 (471575640)|ENTERING_MANAGED_PKG|Centify
18:09:00.10 (471680560)|ENTERING_MANAGED_PKG|Centify
18:09:00.10 (471787952)|ENTERING_MANAGED_PKG|Centify
18:09:00.10 (471893193)|ENTERING_MANAGED_PKG|Centify
18:09:00.10 (471998087)|ENTERING_MANAGED_PKG|Centify
18:09:00.10 (472100928)|ENTERING_MANAGED_PKG|Centify
18:09:00.10 (472206019)|ENTERING_MANAGED_PKG|Centify
18:09:00.10 (472311276)|ENTERING_MANAGED_PKG|Centify
18:09:00.10 (472421860)|ENTERING_MANAGED_PKG|Centify
18:09:00.10 (472518173)|ENTERING_MANAGED_PKG|Centify
18:09:00.10 (472619559)|ENTERING_MANAGED_PKG|Centify
18:09:00.10 (472730365)|ENTERING_MANAGED_PKG|Centify
18:09:00.10 (472834143)|ENTERING_MANAGED_PKG|Centify
18:09:00.10 (472937812)|ENTERING_MANAGED_PKG|Centify
18:09:00.10 (473041944)|ENTERING_MANAGED_PKG|Centify
18:09:00.10 (473145581)|ENTERING_MANAGED_PKG|Centify
18:09:00.10 (473249214)|ENTERING_MANAGED_PKG|Centify
18:09:00.10 (473356872)|ENTERING_MANAGED_PKG|Centify
18:09:00.10 (473462644)|ENTERING_MANAGED_PKG|Centify
18:09:00.10 (473566111)|ENTERING_MANAGED_PKG|Centify
18:09:00.10 (473672385)|ENTERING_MANAGED_PKG|Centify
18:09:00.10 (473773110)|ENTERING_MANAGED_PKG|Centify
18:09:00.10 (473805849)|ENTERING_MANAGED_PKG|Centify
18:09:00.10 (473835105)|ENTERING_MANAGED_PKG|Centify
18:09:00.10 (473857066)|ENTERING_MANAGED_PKG|Centify
18:09:00.10 (473900276)|ENTERING_MANAGED_PKG|Centify
18:09:00.10 (473937975)|ENTERING_MANAGED_PKG|Centify
18:09:00.10 (475051737)|ENTERING_MANAGED_PKG|Centify
18:09:00.10 (475079913)|ENTERING_MANAGED_PKG|Centify
18:09:00.10 (475103666)|ENTERING_MANAGED_PKG|Centify
18:09:00.10 (475167557)|ENTERING_MANAGED_PKG|Centify
18:09:00.10 (475213185)|ENTERING_MANAGED_PKG|Centify
18:09:00.10 (475253696)|ENTERING_MANAGED_PKG|Centify
18:09:00.10 (475431145)|ENTERING_MANAGED_PKG|Centify
18:09:00.10 (477613628)|ENTERING_MANAGED_PKG|Centify
18:09:00.10 (477665640)|ENTERING_MANAGED_PKG|Centify
18:09:00.10 (477779259)|ENTERING_MANAGED_PKG|Centify
18:09:00.10 (520792888)|ENTERING_MANAGED_PKG|Centify
18:09:00.10 (520878755)|ENTERING_MANAGED_PKG|Centify
18:09:00.10 (520966440)|ENTERING_MANAGED_PKG|Centify
18:09:00.10 (564413646)|ENTERING_MANAGED_PKG|Centify
18:09:00.10 (564506241)|ENTERING_MANAGED_PKG|Centify
18:09:00.10 (564601759)|ENTERING_MANAGED_PKG|Centify
18:09:00.10 (599686589)|ENTERING_MANAGED_PKG|Centify
18:09:00.10 (599779918)|ENTERING_MANAGED_PKG|Centify
18:09:00.10 (599870154)|ENTERING_MANAGED_PKG|Centify
18:09:00.10 (637321038)|ENTERING_MANAGED_PKG|Centify
18:09:00.10 (637420471)|ENTERING_MANAGED_PKG|Centify
18:09:00.10 (637511001)|ENTERING_MANAGED_PKG|Centify
18:09:00.10 (678205646)|ENTERING_MANAGED_PKG|Centify
18:09:00.10 (678285949)|ENTERING_MANAGED_PKG|Centify
18:09:00.10 (678386630)|ENTERING_MANAGED_PKG|Centify
18:09:00.10 (728238376)|ENTERING_MANAGED_PKG|Centify
18:09:00.10 (728321931)|ENTERING_MANAGED_PKG|Centify
18:09:00.10 (728414421)|ENTERING_MANAGED_PKG|Centify
18:09:00.10 (756156794)|ENTERING_MANAGED_PKG|Centify
18:09:00.10 (756234210)|ENTERING_MANAGED_PKG|Centify
18:09:00.10 (756348812)|ENTERING_MANAGED_PKG|Centify
18:09:00.10 (794112757)|ENTERING_MANAGED_PKG|Centify
18:09:00.10 (794229763)|ENTERING_MANAGED_PKG|Centify
18:09:00.10 (795899589)|ENTERING_MANAGED_PKG|Centify
18:09:00.10 (795948354)|ENTERING_MANAGED_PKG|Centify
18:09:00.10 (796030220)|ENTERING_MANAGED_PKG|Centify
18:09:00.10 (816886186)|ENTERING_MANAGED_PKG|Centify
18:09:00.10 (819543668)|ENTERING_MANAGED_PKG|Centify
18:09:00.10 (819651490)|ENTERING_MANAGED_PKG|Centify
18:09:00.10 (819779137)|ENTERING_MANAGED_PKG|Centify
18:09:00.10 (821523110)|ENTERING_MANAGED_PKG|Centify
18:09:00.10 (821558251)|ENTERING_MANAGED_PKG|Centify
18:09:00.10 (821615388)|ENTERING_MANAGED_PKG|Centify
18:09:00.10 (822128057)|ENTERING_MANAGED_PKG|Centify
18:09:00.10 (824390840)|SOQL_EXECUTE_BEGIN|[16]|Aggregations:0|SELECT Id, CronExpression, CronJobDetail.Name FROM CronTrigger WHERE CronJobDetail.Name LIKE '%Spinify%'
18:09:00.10 (829566690)|SOQL_EXECUTE_END|[16]|Rows:10
18:09:00.10 (829878498)|ENTERING_MANAGED_PKG|Centify
18:09:00.10 (829990207)|ENTERING_MANAGED_PKG|Centify
18:09:00.10 (830044357)|ENTERING_MANAGED_PKG|Centify
18:09:00.10 (830297060)|ENTERING_MANAGED_PKG|Centify
18:09:00.10 (830385184)|ENTERING_MANAGED_PKG|Centify
18:09:00.10 (830467676)|ENTERING_MANAGED_PKG|Centify
18:09:00.10 (830550918)|ENTERING_MANAGED_PKG|Centify
18:09:00.10 (831282579)|ENTERING_MANAGED_PKG|Centify
18:09:00.891 (891330848)|CUMULATIVE_LIMIT_USAGE
18:09:00.891 (891330848)|LIMIT_USAGE_FOR_NS|(default)|
  Number of SOQL queries: 0 out of 100
  Number of query rows: 0 out of 50000
  Number of SOSL queries: 0 out of 20
  Number of DML statements: 0 out of 150
  Number of DML rows: 0 out of 10000
  Maximum CPU time: 395 out of 10000
  Maximum heap size: 0 out of 6000000
  Number of callouts: 0 out of 100
  Number of Email Invocations: 0 out of 10
  Number of future calls: 0 out of 50
  Number of queueable jobs added to the queue: 0 out of 50
  Number of Mobile Apex push calls: 0 out of 10

18:09:00.891 (891330848)|LIMIT_USAGE_FOR_NS|Centify|
  Number of SOQL queries: 3 out of 100
  Number of query rows: 12 out of 50000
  Number of SOSL queries: 0 out of 20
  Number of DML statements: 1 out of 150
  Number of DML rows: 1 out of 10000
  Maximum CPU time: 0 out of 10000
  Maximum heap size: 0 out of 6000000
  Number of callouts: 0 out of 100
  Number of Email Invocations: 0 out of 10
  Number of future calls: 0 out of 50
  Number of queueable jobs added to the queue: 0 out of 50
  Number of Mobile Apex push calls: 0 out of 10

18:09:00.891 (891330848)|CUMULATIVE_LIMIT_USAGE_END

