37.0 APEX_CODE,FINEST;APEX_PROFILING,INFO;CALLOUT,INFO;DB,INFO;NBA,INFO;SYSTEM,DEBUG;VALIDATION,INFO;VISUALFORCE,INFO;WAVE,INFO;WORKFLOW,INFO
17:27:21.11 (11970478)|ENTERING_MANAGED_PKG|Centify
17:27:21.11 (15260060)|ENTERING_MANAGED_PKG|Centify
17:27:21.11 (20968416)|ENTERING_MANAGED_PKG|Centify
17:27:21.11 (21097396)|ENTERING_MANAGED_PKG|Centify
17:27:21.11 (21226967)|ENTERING_MANAGED_PKG|Centify
17:27:21.11 (21875221)|ENTERING_MANAGED_PKG|Centify
17:27:21.11 (22152323)|ENTERING_MANAGED_PKG|Centify
17:27:21.11 (22176620)|ENTERING_MANAGED_PKG|Centify
17:27:21.11 (22250276)|ENTERING_MANAGED_PKG|Centify
17:27:21.11 (22297814)|ENTERING_MANAGED_PKG|Centify
17:27:21.11 (22330369)|ENTERING_MANAGED_PKG|Centify
17:27:21.11 (22349947)|ENTERING_MANAGED_PKG|Centify
17:27:21.11 (22367215)|ENTERING_MANAGED_PKG|Centify
17:27:21.11 (22529641)|ENTERING_MANAGED_PKG|Centify
17:27:21.11 (78576506)|ENTERING_MANAGED_PKG|Centify
17:27:21.11 (78746533)|ENTERING_MANAGED_PKG|Centify
17:27:21.11 (78953146)|ENTERING_MANAGED_PKG|Centify
17:27:21.11 (79033106)|ENTERING_MANAGED_PKG|Centify
17:27:21.11 (288915344)|ENTERING_MANAGED_PKG|Centify
17:27:21.11 (320435527)|ENTERING_MANAGED_PKG|Centify
17:27:21.11 (334220369)|ENTERING_MANAGED_PKG|Centify
17:27:21.11 (334270721)|ENTERING_MANAGED_PKG|Centify
17:27:21.11 (334356212)|ENTERING_MANAGED_PKG|Centify
17:27:21.11 (334385379)|ENTERING_MANAGED_PKG|Centify
17:27:21.11 (334443242)|ENTERING_MANAGED_PKG|Centify
17:27:21.11 (356222900)|ENTERING_MANAGED_PKG|Centify
17:27:21.11 (372104252)|ENTERING_MANAGED_PKG|Centify
17:27:21.11 (372159385)|ENTERING_MANAGED_PKG|Centify
17:27:21.11 (372233185)|ENTERING_MANAGED_PKG|Centify
17:27:21.11 (372261541)|ENTERING_MANAGED_PKG|Centify
17:27:21.11 (372396044)|ENTERING_MANAGED_PKG|Centify
17:27:21.11 (394879615)|ENTERING_MANAGED_PKG|Centify
17:27:21.11 (412292948)|ENTERING_MANAGED_PKG|Centify
17:27:21.11 (412341637)|ENTERING_MANAGED_PKG|Centify
17:27:21.11 (412412772)|ENTERING_MANAGED_PKG|Centify
17:27:21.11 (412442146)|ENTERING_MANAGED_PKG|Centify
17:27:21.11 (412500586)|ENTERING_MANAGED_PKG|Centify
17:27:21.11 (435366630)|ENTERING_MANAGED_PKG|Centify
17:27:21.11 (450162970)|ENTERING_MANAGED_PKG|Centify
17:27:21.11 (450214757)|ENTERING_MANAGED_PKG|Centify
17:27:21.11 (450287255)|ENTERING_MANAGED_PKG|Centify
17:27:21.11 (450315236)|ENTERING_MANAGED_PKG|Centify
17:27:21.11 (450373231)|ENTERING_MANAGED_PKG|Centify
17:27:21.11 (471852547)|ENTERING_MANAGED_PKG|Centify
17:27:21.11 (487894873)|ENTERING_MANAGED_PKG|Centify
17:27:21.11 (487939593)|ENTERING_MANAGED_PKG|Centify
17:27:21.11 (488010134)|ENTERING_MANAGED_PKG|Centify
17:27:21.11 (488039144)|ENTERING_MANAGED_PKG|Centify
17:27:21.11 (488101817)|ENTERING_MANAGED_PKG|Centify
17:27:21.11 (509599015)|ENTERING_MANAGED_PKG|Centify
17:27:21.11 (524601018)|ENTERING_MANAGED_PKG|Centify
17:27:21.11 (524650789)|ENTERING_MANAGED_PKG|Centify
17:27:21.11 (524722409)|ENTERING_MANAGED_PKG|Centify
17:27:21.11 (524750950)|ENTERING_MANAGED_PKG|Centify
17:27:21.11 (524807652)|ENTERING_MANAGED_PKG|Centify
17:27:21.11 (545336465)|ENTERING_MANAGED_PKG|Centify
17:27:21.11 (560235584)|ENTERING_MANAGED_PKG|Centify
17:27:21.11 (560282564)|ENTERING_MANAGED_PKG|Centify
17:27:21.11 (560352107)|ENTERING_MANAGED_PKG|Centify
17:27:21.11 (560380983)|ENTERING_MANAGED_PKG|Centify
17:27:21.11 (560440384)|ENTERING_MANAGED_PKG|Centify
17:27:21.11 (581086729)|ENTERING_MANAGED_PKG|Centify
17:27:21.11 (596565651)|ENTERING_MANAGED_PKG|Centify
17:27:21.11 (596631166)|ENTERING_MANAGED_PKG|Centify
17:27:21.11 (596705308)|ENTERING_MANAGED_PKG|Centify
17:27:21.11 (596733294)|ENTERING_MANAGED_PKG|Centify
17:27:21.11 (596791228)|ENTERING_MANAGED_PKG|Centify
17:27:21.11 (617909365)|ENTERING_MANAGED_PKG|Centify
17:27:21.11 (632906333)|ENTERING_MANAGED_PKG|Centify
17:27:21.11 (632951578)|ENTERING_MANAGED_PKG|Centify
17:27:21.11 (633021609)|ENTERING_MANAGED_PKG|Centify
17:27:21.11 (633050793)|ENTERING_MANAGED_PKG|Centify
17:27:21.11 (633114167)|ENTERING_MANAGED_PKG|Centify
17:27:21.11 (653864924)|ENTERING_MANAGED_PKG|Centify
17:27:21.11 (669525468)|ENTERING_MANAGED_PKG|Centify
17:27:21.11 (669581629)|ENTERING_MANAGED_PKG|Centify
17:27:21.11 (669667690)|ENTERING_MANAGED_PKG|Centify
17:27:21.11 (669696595)|ENTERING_MANAGED_PKG|Centify
17:27:21.11 (669758574)|ENTERING_MANAGED_PKG|Centify
17:27:21.11 (695845231)|ENTERING_MANAGED_PKG|Centify
17:27:21.11 (711630657)|ENTERING_MANAGED_PKG|Centify
17:27:21.11 (711675474)|ENTERING_MANAGED_PKG|Centify
17:27:21.11 (711747333)|ENTERING_MANAGED_PKG|Centify
17:27:21.11 (711776950)|ENTERING_MANAGED_PKG|Centify
17:27:21.11 (711852048)|ENTERING_MANAGED_PKG|Centify
17:27:21.11 (734242428)|ENTERING_MANAGED_PKG|Centify
17:27:21.11 (750692429)|ENTERING_MANAGED_PKG|Centify
17:27:21.11 (750746297)|ENTERING_MANAGED_PKG|Centify
17:27:21.11 (750823801)|ENTERING_MANAGED_PKG|Centify
17:27:21.11 (750860786)|ENTERING_MANAGED_PKG|Centify
17:27:21.11 (750966364)|ENTERING_MANAGED_PKG|Centify
17:27:21.11 (775024003)|ENTERING_MANAGED_PKG|Centify
17:27:21.11 (775097479)|ENTERING_MANAGED_PKG|Centify
17:27:21.11 (775252820)|ENTERING_MANAGED_PKG|Centify
17:27:21.11 (775292184)|ENTERING_MANAGED_PKG|Centify
17:27:21.11 (775327898)|ENTERING_MANAGED_PKG|Centify
17:27:21.11 (775609215)|ENTERING_MANAGED_PKG|Centify
17:27:21.11 (775684381)|ENTERING_MANAGED_PKG|Centify
17:27:21.11 (785333680)|ENTERING_MANAGED_PKG|Centify
17:27:21.11 (785473313)|ENTERING_MANAGED_PKG|Centify
17:27:21.11 (785639298)|ENTERING_MANAGED_PKG|Centify
17:27:21.11 (786326270)|ENTERING_MANAGED_PKG|Centify
17:27:21.11 (787204271)|SOQL_EXECUTE_BEGIN|[16]|Aggregations:0|select id,lastmodifieddate,isdeleted,audit_completed_date__c,audit_booked_date__c,assign_to__c,name,ownerid,status__c,lastactivitydate,opp_type__c,spinify_is_target__c,spinify_is_auditedthismonth__c from SLXOpportunity__c where LastModifiedDate >2018-11-21T06:02:05Z AND LastModifiedDate < 2018-11-21T07:27:27Z AND (   Spinify_Is_Target__c =true OR  Spinify_Is_AuditedThisMonth__c =true )  ORDER BY SystemModStamp DESC LIMIT 5000  ALL ROWS
17:27:21.11 (793317546)|SOQL_EXECUTE_END|[16]|Rows:0
17:27:21.812 (812508830)|CUMULATIVE_LIMIT_USAGE
17:27:21.812 (812508830)|LIMIT_USAGE_FOR_NS|(default)|
  Number of SOQL queries: 0 out of 200
  Number of query rows: 0 out of 50000
  Number of SOSL queries: 0 out of 20
  Number of DML statements: 0 out of 150
  Number of DML rows: 0 out of 10000
  Maximum CPU time: 0 out of 60000
  Maximum heap size: 0 out of 12000000
  Number of callouts: 0 out of 0
  Number of Email Invocations: 0 out of 10
  Number of future calls: 0 out of 0
  Number of queueable jobs added to the queue: 0 out of 1
  Number of Mobile Apex push calls: 0 out of 10

17:27:21.812 (812508830)|LIMIT_USAGE_FOR_NS|Centify|
  Number of SOQL queries: 0 out of 200
  Number of query rows: 0 out of 50000
  Number of SOSL queries: 0 out of 20
  Number of DML statements: 0 out of 150
  Number of DML rows: 0 out of 10000
  Maximum CPU time: 0 out of 60000
  Maximum heap size: 0 out of 12000000
  Number of callouts: 0 out of 0
  Number of Email Invocations: 0 out of 10
  Number of future calls: 0 out of 0
  Number of queueable jobs added to the queue: 0 out of 1
  Number of Mobile Apex push calls: 0 out of 10

17:27:21.812 (812508830)|CUMULATIVE_LIMIT_USAGE_END

