37.0 APEX_CODE,FINEST;APEX_PROFILING,INFO;CALLOUT,INFO;DB,INFO;NBA,INFO;SYSTEM,DEBUG;VALIDATION,INFO;VISUALFORCE,INFO;WAVE,INFO;WORKFLOW,INFO
13:47:06.14 (14020796)|ENTERING_MANAGED_PKG|Centify
13:47:06.14 (14843426)|ENTERING_MANAGED_PKG|Centify
13:47:06.14 (14883819)|ENTERING_MANAGED_PKG|Centify
13:47:06.14 (15045142)|ENTERING_MANAGED_PKG|Centify
13:47:06.14 (15105892)|ENTERING_MANAGED_PKG|Centify
13:47:06.14 (16148859)|ENTERING_MANAGED_PKG|Centify
13:47:06.14 (16450090)|ENTERING_MANAGED_PKG|Centify
13:47:06.14 (16479977)|ENTERING_MANAGED_PKG|Centify
13:47:06.14 (16571418)|ENTERING_MANAGED_PKG|Centify
13:47:06.14 (16617731)|ENTERING_MANAGED_PKG|Centify
13:47:06.14 (16651155)|ENTERING_MANAGED_PKG|Centify
13:47:06.14 (16672420)|ENTERING_MANAGED_PKG|Centify
13:47:06.14 (16689603)|ENTERING_MANAGED_PKG|Centify
13:47:06.14 (16873251)|ENTERING_MANAGED_PKG|Centify
13:47:06.14 (50153616)|ENTERING_MANAGED_PKG|Centify
13:47:06.14 (50229015)|ENTERING_MANAGED_PKG|Centify
13:47:06.14 (50343824)|ENTERING_MANAGED_PKG|Centify
13:47:06.14 (50406046)|ENTERING_MANAGED_PKG|Centify
13:47:06.14 (222415588)|ENTERING_MANAGED_PKG|Centify
13:47:06.14 (276228629)|ENTERING_MANAGED_PKG|Centify
13:47:06.14 (290870039)|ENTERING_MANAGED_PKG|Centify
13:47:06.14 (290928099)|ENTERING_MANAGED_PKG|Centify
13:47:06.14 (291012644)|ENTERING_MANAGED_PKG|Centify
13:47:06.14 (291048375)|ENTERING_MANAGED_PKG|Centify
13:47:06.14 (291116646)|ENTERING_MANAGED_PKG|Centify
13:47:06.14 (328524585)|ENTERING_MANAGED_PKG|Centify
13:47:06.14 (344657055)|ENTERING_MANAGED_PKG|Centify
13:47:06.14 (344713485)|ENTERING_MANAGED_PKG|Centify
13:47:06.14 (344793575)|ENTERING_MANAGED_PKG|Centify
13:47:06.14 (344828719)|ENTERING_MANAGED_PKG|Centify
13:47:06.14 (344896333)|ENTERING_MANAGED_PKG|Centify
13:47:06.14 (380813410)|ENTERING_MANAGED_PKG|Centify
13:47:06.14 (397366834)|ENTERING_MANAGED_PKG|Centify
13:47:06.14 (397426477)|ENTERING_MANAGED_PKG|Centify
13:47:06.14 (397509467)|ENTERING_MANAGED_PKG|Centify
13:47:06.14 (397545146)|ENTERING_MANAGED_PKG|Centify
13:47:06.14 (397611179)|ENTERING_MANAGED_PKG|Centify
13:47:06.14 (436612216)|ENTERING_MANAGED_PKG|Centify
13:47:06.14 (453641634)|ENTERING_MANAGED_PKG|Centify
13:47:06.14 (453698034)|ENTERING_MANAGED_PKG|Centify
13:47:06.14 (453780216)|ENTERING_MANAGED_PKG|Centify
13:47:06.14 (453815617)|ENTERING_MANAGED_PKG|Centify
13:47:06.14 (453882129)|ENTERING_MANAGED_PKG|Centify
13:47:06.14 (504787269)|ENTERING_MANAGED_PKG|Centify
13:47:06.14 (521368010)|ENTERING_MANAGED_PKG|Centify
13:47:06.14 (521432396)|ENTERING_MANAGED_PKG|Centify
13:47:06.14 (521514693)|ENTERING_MANAGED_PKG|Centify
13:47:06.14 (521549728)|ENTERING_MANAGED_PKG|Centify
13:47:06.14 (521616664)|ENTERING_MANAGED_PKG|Centify
13:47:06.14 (558139668)|ENTERING_MANAGED_PKG|Centify
13:47:06.14 (615781070)|ENTERING_MANAGED_PKG|Centify
13:47:06.14 (615849982)|ENTERING_MANAGED_PKG|Centify
13:47:06.14 (615954709)|ENTERING_MANAGED_PKG|Centify
13:47:06.14 (615997401)|ENTERING_MANAGED_PKG|Centify
13:47:06.14 (616082600)|ENTERING_MANAGED_PKG|Centify
13:47:06.14 (661973535)|ENTERING_MANAGED_PKG|Centify
13:47:06.14 (679922918)|ENTERING_MANAGED_PKG|Centify
13:47:06.14 (679990887)|ENTERING_MANAGED_PKG|Centify
13:47:06.14 (680080782)|ENTERING_MANAGED_PKG|Centify
13:47:06.14 (680122891)|ENTERING_MANAGED_PKG|Centify
13:47:06.14 (680199963)|ENTERING_MANAGED_PKG|Centify
13:47:06.14 (720579459)|ENTERING_MANAGED_PKG|Centify
13:47:06.14 (738851022)|ENTERING_MANAGED_PKG|Centify
13:47:06.14 (738934914)|ENTERING_MANAGED_PKG|Centify
13:47:06.14 (739040451)|ENTERING_MANAGED_PKG|Centify
13:47:06.14 (739078786)|ENTERING_MANAGED_PKG|Centify
13:47:06.14 (739151596)|ENTERING_MANAGED_PKG|Centify
13:47:06.14 (782553510)|ENTERING_MANAGED_PKG|Centify
13:47:06.14 (805452170)|ENTERING_MANAGED_PKG|Centify
13:47:06.14 (805535334)|ENTERING_MANAGED_PKG|Centify
13:47:06.14 (805656774)|ENTERING_MANAGED_PKG|Centify
13:47:06.14 (805699082)|ENTERING_MANAGED_PKG|Centify
13:47:06.14 (805778206)|ENTERING_MANAGED_PKG|Centify
13:47:06.14 (854715196)|ENTERING_MANAGED_PKG|Centify
13:47:06.14 (874833217)|ENTERING_MANAGED_PKG|Centify
13:47:06.14 (874892143)|ENTERING_MANAGED_PKG|Centify
13:47:06.14 (875010220)|ENTERING_MANAGED_PKG|Centify
13:47:06.14 (875061324)|ENTERING_MANAGED_PKG|Centify
13:47:06.14 (875138659)|ENTERING_MANAGED_PKG|Centify
13:47:06.14 (919587608)|ENTERING_MANAGED_PKG|Centify
13:47:06.14 (939175942)|ENTERING_MANAGED_PKG|Centify
13:47:06.14 (939240541)|ENTERING_MANAGED_PKG|Centify
13:47:06.14 (939338284)|ENTERING_MANAGED_PKG|Centify
13:47:06.14 (939377525)|ENTERING_MANAGED_PKG|Centify
13:47:06.14 (939454706)|ENTERING_MANAGED_PKG|Centify
13:47:06.14 (978129613)|ENTERING_MANAGED_PKG|Centify
13:47:06.14 (978204642)|ENTERING_MANAGED_PKG|Centify
13:47:06.14 (978363084)|ENTERING_MANAGED_PKG|Centify
13:47:06.14 (978394455)|ENTERING_MANAGED_PKG|Centify
13:47:06.14 (978594568)|ENTERING_MANAGED_PKG|Centify
13:47:06.14 (978649745)|ENTERING_MANAGED_PKG|Centify
13:47:06.14 (978694369)|ENTERING_MANAGED_PKG|Centify
13:47:06.14 (979030093)|ENTERING_MANAGED_PKG|Centify
13:47:06.14 (979135283)|ENTERING_MANAGED_PKG|Centify
13:47:06.14 (980521135)|ENTERING_MANAGED_PKG|Centify
13:47:06.14 (980613232)|ENTERING_MANAGED_PKG|Centify
13:47:06.14 (980759780)|ENTERING_MANAGED_PKG|Centify
13:47:06.14 (981549950)|ENTERING_MANAGED_PKG|Centify
13:47:06.14 (982705965)|SOQL_EXECUTE_BEGIN|[16]|Aggregations:0|select id,lastmodifieddate,isdeleted,salesperson__c,has_gtm_code_been_sent_to_client__c,are_all_possible_extensions_setup__c,status__c,product_type__c,ownerid,createddate,name,management_price__c from Sign_Up__c where LastModifiedDate >2018-11-06T03:45:11Z AND LastModifiedDate < 2018-11-06T03:47:11Z AND (  Management_Price__c > 0.00)  ORDER BY SystemModStamp DESC LIMIT 5000  ALL ROWS
13:47:06.14 (988240967)|SOQL_EXECUTE_END|[16]|Rows:0
13:47:07.12 (1012146512)|CUMULATIVE_LIMIT_USAGE
13:47:07.12 (1012146512)|LIMIT_USAGE_FOR_NS|(default)|
  Number of SOQL queries: 0 out of 200
  Number of query rows: 0 out of 50000
  Number of SOSL queries: 0 out of 20
  Number of DML statements: 0 out of 150
  Number of DML rows: 0 out of 10000
  Maximum CPU time: 0 out of 60000
  Maximum heap size: 0 out of 12000000
  Number of callouts: 0 out of 0
  Number of Email Invocations: 0 out of 10
  Number of future calls: 0 out of 0
  Number of queueable jobs added to the queue: 0 out of 1
  Number of Mobile Apex push calls: 0 out of 10

13:47:07.12 (1012146512)|LIMIT_USAGE_FOR_NS|Centify|
  Number of SOQL queries: 0 out of 200
  Number of query rows: 0 out of 50000
  Number of SOSL queries: 0 out of 20
  Number of DML statements: 0 out of 150
  Number of DML rows: 0 out of 10000
  Maximum CPU time: 0 out of 60000
  Maximum heap size: 0 out of 12000000
  Number of callouts: 0 out of 0
  Number of Email Invocations: 0 out of 10
  Number of future calls: 0 out of 0
  Number of queueable jobs added to the queue: 0 out of 1
  Number of Mobile Apex push calls: 0 out of 10

13:47:07.12 (1012146512)|CUMULATIVE_LIMIT_USAGE_END

