37.0 APEX_CODE,FINEST;APEX_PROFILING,INFO;CALLOUT,INFO;DB,INFO;NBA,INFO;SYSTEM,DEBUG;VALIDATION,INFO;VISUALFORCE,INFO;WAVE,INFO;WORKFLOW,INFO
18:10:05.8 (8498557)|ENTERING_MANAGED_PKG|Centify
18:10:05.8 (11908496)|ENTERING_MANAGED_PKG|Centify
18:10:05.8 (11981889)|ENTERING_MANAGED_PKG|Centify
18:10:05.8 (14080019)|ENTERING_MANAGED_PKG|Centify
18:10:05.8 (14133986)|ENTERING_MANAGED_PKG|Centify
18:10:05.8 (14259658)|ENTERING_MANAGED_PKG|Centify
18:10:05.8 (14671598)|ENTERING_MANAGED_PKG|Centify
18:10:05.8 (20920980)|ENTERING_MANAGED_PKG|Centify
18:10:05.8 (20968206)|ENTERING_MANAGED_PKG|Centify
18:10:05.8 (21181438)|ENTERING_MANAGED_PKG|Centify
18:10:05.8 (21208049)|ENTERING_MANAGED_PKG|Centify
18:10:05.8 (21427746)|ENTERING_MANAGED_PKG|Centify
18:10:05.8 (22707823)|ENTERING_MANAGED_PKG|Centify
18:10:05.8 (22751064)|ENTERING_MANAGED_PKG|Centify
18:10:05.8 (22848226)|ENTERING_MANAGED_PKG|Centify
18:10:05.8 (22923592)|ENTERING_MANAGED_PKG|Centify
18:10:05.8 (22952664)|ENTERING_MANAGED_PKG|Centify
18:10:05.8 (23015100)|ENTERING_MANAGED_PKG|Centify
18:10:05.8 (23036133)|ENTERING_MANAGED_PKG|Centify
18:10:05.8 (23062838)|ENTERING_MANAGED_PKG|Centify
18:10:05.8 (23186434)|ENTERING_MANAGED_PKG|Centify
18:10:05.8 (23223106)|ENTERING_MANAGED_PKG|Centify
18:10:05.8 (23883813)|ENTERING_MANAGED_PKG|Centify
18:10:05.8 (23917980)|ENTERING_MANAGED_PKG|Centify
18:10:05.8 (23950041)|ENTERING_MANAGED_PKG|Centify
18:10:05.8 (24070571)|ENTERING_MANAGED_PKG|Centify
18:10:05.8 (24116846)|ENTERING_MANAGED_PKG|Centify
18:10:05.8 (24964635)|ENTERING_MANAGED_PKG|Centify
18:10:05.8 (25128326)|ENTERING_MANAGED_PKG|Centify
18:10:05.8 (25233292)|ENTERING_MANAGED_PKG|Centify
18:10:05.8 (25353593)|ENTERING_MANAGED_PKG|Centify
18:10:05.8 (25425040)|ENTERING_MANAGED_PKG|Centify
18:10:05.8 (25528279)|ENTERING_MANAGED_PKG|Centify
18:10:05.8 (25593279)|ENTERING_MANAGED_PKG|Centify
18:10:05.8 (25692860)|ENTERING_MANAGED_PKG|Centify
18:10:05.8 (25756261)|ENTERING_MANAGED_PKG|Centify
18:10:05.8 (25864492)|ENTERING_MANAGED_PKG|Centify
18:10:05.8 (25927691)|ENTERING_MANAGED_PKG|Centify
18:10:05.8 (26025716)|ENTERING_MANAGED_PKG|Centify
18:10:05.8 (26091112)|ENTERING_MANAGED_PKG|Centify
18:10:05.8 (26166665)|ENTERING_MANAGED_PKG|Centify
18:10:05.8 (26254280)|ENTERING_MANAGED_PKG|Centify
18:10:05.8 (26390184)|ENTERING_MANAGED_PKG|Centify
18:10:05.8 (26486748)|ENTERING_MANAGED_PKG|Centify
18:10:05.8 (26642148)|ENTERING_MANAGED_PKG|Centify
18:10:05.8 (26736778)|ENTERING_MANAGED_PKG|Centify
18:10:05.8 (26875476)|ENTERING_MANAGED_PKG|Centify
18:10:05.8 (26942495)|ENTERING_MANAGED_PKG|Centify
18:10:05.8 (27012993)|ENTERING_MANAGED_PKG|Centify
18:10:05.8 (27106600)|ENTERING_MANAGED_PKG|Centify
18:10:05.8 (27253805)|ENTERING_MANAGED_PKG|Centify
18:10:05.8 (27340759)|ENTERING_MANAGED_PKG|Centify
18:10:05.8 (27432677)|ENTERING_MANAGED_PKG|Centify
18:10:05.8 (27527980)|ENTERING_MANAGED_PKG|Centify
18:10:05.8 (27583050)|ENTERING_MANAGED_PKG|Centify
18:10:05.8 (27641080)|ENTERING_MANAGED_PKG|Centify
18:10:05.8 (27716948)|ENTERING_MANAGED_PKG|Centify
18:10:05.8 (27804358)|ENTERING_MANAGED_PKG|Centify
18:10:05.8 (27882691)|ENTERING_MANAGED_PKG|Centify
18:10:05.8 (27973177)|ENTERING_MANAGED_PKG|Centify
18:10:05.8 (28045720)|ENTERING_MANAGED_PKG|Centify
18:10:05.8 (28123274)|ENTERING_MANAGED_PKG|Centify
18:10:05.8 (28275989)|ENTERING_MANAGED_PKG|Centify
18:10:05.8 (28362090)|ENTERING_MANAGED_PKG|Centify
18:10:05.8 (28511534)|ENTERING_MANAGED_PKG|Centify
18:10:05.8 (28606020)|ENTERING_MANAGED_PKG|Centify
18:10:05.8 (28780668)|ENTERING_MANAGED_PKG|Centify
18:10:05.8 (28887295)|ENTERING_MANAGED_PKG|Centify
18:10:05.8 (29118050)|ENTERING_MANAGED_PKG|Centify
18:10:05.8 (29166361)|ENTERING_MANAGED_PKG|Centify
18:10:05.8 (29234498)|ENTERING_MANAGED_PKG|Centify
18:10:05.8 (29294567)|ENTERING_MANAGED_PKG|Centify
18:10:05.8 (29347166)|ENTERING_MANAGED_PKG|Centify
18:10:05.8 (29451486)|ENTERING_MANAGED_PKG|Centify
18:10:05.8 (30926915)|DML_BEGIN|[53]|Op:Insert|Type:Centify__Notification__c|Rows:1
18:10:05.8 (56952148)|DML_END|[53]
18:10:05.8 (57073486)|ENTERING_MANAGED_PKG|Centify
18:10:05.8 (57347538)|ENTERING_MANAGED_PKG|Centify
18:10:05.73 (73221907)|CUMULATIVE_LIMIT_USAGE
18:10:05.73 (73221907)|LIMIT_USAGE_FOR_NS|(default)|
  Number of SOQL queries: 0 out of 200
  Number of query rows: 0 out of 50000
  Number of SOSL queries: 0 out of 20
  Number of DML statements: 0 out of 150
  Number of DML rows: 0 out of 10000
  Maximum CPU time: 0 out of 60000
  Maximum heap size: 0 out of 12000000
  Number of callouts: 0 out of 0
  Number of Email Invocations: 0 out of 10
  Number of future calls: 0 out of 0
  Number of queueable jobs added to the queue: 0 out of 1
  Number of Mobile Apex push calls: 0 out of 10

18:10:05.73 (73221907)|LIMIT_USAGE_FOR_NS|Centify|
  Number of SOQL queries: 0 out of 200
  Number of query rows: 0 out of 50000
  Number of SOSL queries: 0 out of 20
  Number of DML statements: 0 out of 150
  Number of DML rows: 0 out of 10000
  Maximum CPU time: 0 out of 60000
  Maximum heap size: 0 out of 12000000
  Number of callouts: 0 out of 0
  Number of Email Invocations: 0 out of 10
  Number of future calls: 0 out of 0
  Number of queueable jobs added to the queue: 0 out of 1
  Number of Mobile Apex push calls: 0 out of 10

18:10:05.73 (73221907)|CUMULATIVE_LIMIT_USAGE_END

