35.0 APEX_CODE,FINEST;APEX_PROFILING,INFO;CALLOUT,INFO;DB,INFO;NBA,INFO;SYSTEM,DEBUG;VALIDATION,INFO;VISUALFORCE,INFO;WAVE,INFO;WORKFLOW,INFO
18:08:17.27 (27864426)|ENTERING_MANAGED_PKG|NVMContactWorld
18:08:17.27 (28191591)|ENTERING_MANAGED_PKG|NVMContactWorld
18:08:17.27 (28270481)|ENTERING_MANAGED_PKG|NVMContactWorld
18:08:17.27 (28305440)|ENTERING_MANAGED_PKG|NVMContactWorld
18:08:17.27 (28338541)|ENTERING_MANAGED_PKG|NVMContactWorld
18:08:17.27 (28397828)|ENTERING_MANAGED_PKG|NVMContactWorld
18:08:17.27 (28425559)|ENTERING_MANAGED_PKG|NVMContactWorld
18:08:17.27 (28459098)|ENTERING_MANAGED_PKG|NVMContactWorld
18:08:17.27 (28730631)|ENTERING_MANAGED_PKG|NVMContactWorld
18:08:17.27 (28770219)|ENTERING_MANAGED_PKG|NVMContactWorld
18:08:17.27 (28784995)|ENTERING_MANAGED_PKG|NVMContactWorld
18:08:17.27 (28797301)|ENTERING_MANAGED_PKG|NVMContactWorld
18:08:17.27 (29247019)|ENTERING_MANAGED_PKG|NVMContactWorld
18:08:17.27 (29290911)|ENTERING_MANAGED_PKG|NVMContactWorld
18:08:17.27 (29345538)|ENTERING_MANAGED_PKG|NVMContactWorld
18:08:17.27 (31434604)|ENTERING_MANAGED_PKG|NVMContactWorld
18:08:17.27 (31487472)|ENTERING_MANAGED_PKG|NVMContactWorld
18:08:17.27 (33020020)|SOQL_EXECUTE_BEGIN|[47]|Aggregations:0|SELECT Id, MostRecentCall__c, MostRecentCallEventTimestamp__c, MostRecentCallIsActive__c, NVM_Agent_Id__c, NotesCollapsed__c FROM User WHERE Id = :tmpVar1
18:08:17.27 (39021162)|SOQL_EXECUTE_END|[47]|Rows:1
18:08:17.27 (39400963)|ENTERING_MANAGED_PKG|NVMContactWorld
18:08:17.27 (39571592)|ENTERING_MANAGED_PKG|NVMContactWorld
18:08:17.27 (42002508)|ENTERING_MANAGED_PKG|NVMContactWorld
18:08:17.27 (42045845)|ENTERING_MANAGED_PKG|NVMContactWorld
18:08:17.27 (43895089)|ENTERING_MANAGED_PKG|NVMContactWorld
18:08:17.27 (46053178)|ENTERING_MANAGED_PKG|NVMContactWorld
18:08:17.27 (46122605)|ENTERING_MANAGED_PKG|NVMContactWorld
18:08:17.27 (46192955)|ENTERING_MANAGED_PKG|NVMContactWorld
18:08:17.27 (46216133)|ENTERING_MANAGED_PKG|NVMContactWorld
18:08:17.27 (46742620)|ENTERING_MANAGED_PKG|NVMContactWorld
18:08:17.27 (49023522)|ENTERING_MANAGED_PKG|NVMContactWorld
18:08:17.27 (49366227)|ENTERING_MANAGED_PKG|NVMContactWorld
18:08:17.27 (49433640)|ENTERING_MANAGED_PKG|NVMContactWorld
18:08:17.27 (50340622)|ENTERING_MANAGED_PKG|NVMContactWorld
18:08:17.27 (50434318)|ENTERING_MANAGED_PKG|NVMContactWorld
18:08:17.27 (50652424)|ENTERING_MANAGED_PKG|NVMContactWorld
18:08:17.27 (50909278)|ENTERING_MANAGED_PKG|NVMContactWorld
18:08:17.27 (50992192)|ENTERING_MANAGED_PKG|NVMContactWorld
18:08:17.27 (51169326)|ENTERING_MANAGED_PKG|NVMContactWorld
18:08:17.27 (51245891)|ENTERING_MANAGED_PKG|NVMContactWorld
18:08:17.27 (649936077)|ENTERING_MANAGED_PKG|NVMContactWorld
18:08:17.27 (650058879)|ENTERING_MANAGED_PKG|NVMContactWorld
18:08:17.27 (650198274)|ENTERING_MANAGED_PKG|NVMContactWorld
18:08:17.27 (653531979)|ENTERING_MANAGED_PKG|NVMContactWorld
18:08:17.27 (653639169)|ENTERING_MANAGED_PKG|NVMContactWorld
18:08:17.27 (653678834)|ENTERING_MANAGED_PKG|NVMContactWorld
18:08:17.27 (653712034)|ENTERING_MANAGED_PKG|NVMContactWorld
18:08:17.27 (653758711)|ENTERING_MANAGED_PKG|NVMContactWorld
18:08:17.27 (653796112)|ENTERING_MANAGED_PKG|NVMContactWorld
18:08:17.27 (653825415)|ENTERING_MANAGED_PKG|NVMContactWorld
18:08:17.27 (653884420)|ENTERING_MANAGED_PKG|NVMContactWorld
18:08:17.27 (653944423)|ENTERING_MANAGED_PKG|NVMContactWorld
18:08:17.27 (653971397)|ENTERING_MANAGED_PKG|NVMContactWorld
18:08:17.27 (654009223)|ENTERING_MANAGED_PKG|NVMContactWorld
18:08:17.27 (654027867)|ENTERING_MANAGED_PKG|NVMContactWorld
18:08:17.27 (654040767)|ENTERING_MANAGED_PKG|NVMContactWorld
18:08:17.27 (654058619)|ENTERING_MANAGED_PKG|NVMContactWorld
18:08:17.27 (654087559)|ENTERING_MANAGED_PKG|NVMContactWorld
18:08:17.27 (654101370)|ENTERING_MANAGED_PKG|NVMContactWorld
18:08:17.27 (654112633)|ENTERING_MANAGED_PKG|NVMContactWorld
18:08:17.27 (654164575)|ENTERING_MANAGED_PKG|NVMContactWorld
18:08:17.27 (654189774)|ENTERING_MANAGED_PKG|NVMContactWorld
18:08:17.27 (654212548)|ENTERING_MANAGED_PKG|NVMContactWorld
18:08:17.27 (654260917)|ENTERING_MANAGED_PKG|NVMContactWorld
18:08:17.27 (658407075)|ENTERING_MANAGED_PKG|NVMContactWorld
18:08:17.27 (658433004)|ENTERING_MANAGED_PKG|NVMContactWorld
18:08:17.27 (658456248)|ENTERING_MANAGED_PKG|NVMContactWorld
18:08:17.27 (658473702)|ENTERING_MANAGED_PKG|NVMContactWorld
18:08:17.27 (658486469)|ENTERING_MANAGED_PKG|NVMContactWorld
18:08:17.27 (658509248)|ENTERING_MANAGED_PKG|NVMContactWorld
18:08:17.27 (658704318)|ENTERING_MANAGED_PKG|NVMContactWorld
18:08:17.27 (658727527)|ENTERING_MANAGED_PKG|NVMContactWorld
18:08:17.27 (658740776)|ENTERING_MANAGED_PKG|NVMContactWorld
18:08:17.27 (658752479)|ENTERING_MANAGED_PKG|NVMContactWorld
18:08:17.667 (667275285)|CUMULATIVE_LIMIT_USAGE
18:08:17.667 (667275285)|LIMIT_USAGE_FOR_NS|(default)|
  Number of SOQL queries: 0 out of 100
  Number of query rows: 0 out of 50000
  Number of SOSL queries: 0 out of 20
  Number of DML statements: 0 out of 150
  Number of DML rows: 0 out of 10000
  Maximum CPU time: 40 out of 10000
  Maximum heap size: 0 out of 6000000
  Number of callouts: 0 out of 100
  Number of Email Invocations: 0 out of 10
  Number of future calls: 0 out of 50
  Number of queueable jobs added to the queue: 0 out of 50
  Number of Mobile Apex push calls: 0 out of 10

18:08:17.667 (667275285)|LIMIT_USAGE_FOR_NS|NVMContactWorld|
  Number of SOQL queries: 1 out of 100
  Number of query rows: 1 out of 50000
  Number of SOSL queries: 0 out of 20
  Number of DML statements: 0 out of 150
  Number of DML rows: 0 out of 10000
  Maximum CPU time: 0 out of 10000
  Maximum heap size: 0 out of 6000000
  Number of callouts: 1 out of 100
  Number of Email Invocations: 0 out of 10
  Number of future calls: 0 out of 50
  Number of queueable jobs added to the queue: 0 out of 50
  Number of Mobile Apex push calls: 0 out of 10

18:08:17.667 (667275285)|CUMULATIVE_LIMIT_USAGE_END

