37.0 APEX_CODE,FINEST;APEX_PROFILING,INFO;CALLOUT,INFO;DB,INFO;NBA,INFO;SYSTEM,DEBUG;VALIDATION,INFO;VISUALFORCE,INFO;WAVE,INFO;WORKFLOW,INFO
17:26:37.16 (16696498)|ENTERING_MANAGED_PKG|Centify
17:26:37.16 (19443506)|ENTERING_MANAGED_PKG|Centify
17:26:37.16 (23831396)|ENTERING_MANAGED_PKG|Centify
17:26:37.16 (23974308)|ENTERING_MANAGED_PKG|Centify
17:26:37.16 (24018798)|ENTERING_MANAGED_PKG|Centify
17:26:37.16 (24086545)|ENTERING_MANAGED_PKG|Centify
17:26:37.16 (24112689)|ENTERING_MANAGED_PKG|Centify
17:26:37.16 (24165485)|ENTERING_MANAGED_PKG|Centify
17:26:37.16 (24204135)|ENTERING_MANAGED_PKG|Centify
17:26:37.16 (24301875)|ENTERING_MANAGED_PKG|Centify
17:26:37.16 (24362820)|ENTERING_MANAGED_PKG|Centify
17:26:37.16 (28749810)|SOQL_EXECUTE_BEGIN|[19]|Aggregations:0|SELECT Id, OrganizationType FROM Organization LIMIT 1
17:26:37.16 (32783913)|SOQL_EXECUTE_END|[19]|Rows:1
17:26:37.16 (34885287)|ENTERING_MANAGED_PKG|Centify
17:26:37.16 (34967033)|ENTERING_MANAGED_PKG|Centify
17:26:37.16 (35105174)|ENTERING_MANAGED_PKG|Centify
17:26:37.16 (35162097)|ENTERING_MANAGED_PKG|Centify
17:26:37.16 (35627741)|ENTERING_MANAGED_PKG|Centify
17:26:37.16 (35666312)|ENTERING_MANAGED_PKG|Centify
17:26:37.16 (35754367)|ENTERING_MANAGED_PKG|Centify
17:26:37.16 (35810517)|ENTERING_MANAGED_PKG|Centify
17:26:37.16 (38345234)|SOQL_EXECUTE_BEGIN|[95]|Aggregations:0|SELECT MAX(Last_Sync_Time__c) maxDT FROM Salesforce_Sync_Settings__c
17:26:37.16 (40962310)|SOQL_EXECUTE_END|[95]|Rows:1
17:26:37.16 (41334651)|ENTERING_MANAGED_PKG|Centify
17:26:37.16 (41412986)|ENTERING_MANAGED_PKG|Centify
17:26:37.16 (46769961)|ENTERING_MANAGED_PKG|Centify
17:26:37.16 (46862217)|ENTERING_MANAGED_PKG|Centify
17:26:37.16 (48973189)|SOQL_EXECUTE_BEGIN|[84]|Aggregations:0|SELECT COUNT() FROM Notification__c WHERE ((Number_Of_Attempts__c = NULL OR Number_Of_Attempts__c < :tmpVar1) AND (CreatedDate = TODAY OR LastModifiedDate = TODAY)) LIMIT 25000
17:26:37.16 (61903394)|SOQL_EXECUTE_END|[84]|Rows:0
17:26:37.16 (62013358)|ENTERING_MANAGED_PKG|Centify
17:26:37.16 (62076128)|ENTERING_MANAGED_PKG|Centify
17:26:37.16 (62128303)|ENTERING_MANAGED_PKG|Centify
17:26:37.16 (62166751)|ENTERING_MANAGED_PKG|Centify
17:26:37.16 (62193889)|ENTERING_MANAGED_PKG|Centify
17:26:37.16 (65262409)|SOQL_EXECUTE_BEGIN|[366]|Aggregations:0|SELECT Id, Label, MasterLabel, DeveloperName, Endpoint__c, TimeOut__c FROM Endpoint_Setting__mdt LIMIT 50
17:26:37.16 (71070650)|SOQL_EXECUTE_END|[366]|Rows:24
17:26:37.16 (72400598)|ENTERING_MANAGED_PKG|Centify
17:26:37.16 (72450404)|ENTERING_MANAGED_PKG|Centify
17:26:37.16 (73997107)|ENTERING_MANAGED_PKG|Centify
17:26:37.16 (74035539)|ENTERING_MANAGED_PKG|Centify
17:26:37.16 (76839938)|ENTERING_MANAGED_PKG|Centify
17:26:37.16 (79862544)|ENTERING_MANAGED_PKG|Centify
17:26:37.16 (79940961)|ENTERING_MANAGED_PKG|Centify
17:26:37.16 (79985943)|ENTERING_MANAGED_PKG|Centify
17:26:37.16 (80769693)|ENTERING_MANAGED_PKG|Centify
17:26:37.16 (80841701)|ENTERING_MANAGED_PKG|Centify
17:26:37.16 (80895397)|ENTERING_MANAGED_PKG|Centify
17:26:37.16 (81828829)|ENTERING_MANAGED_PKG|Centify
17:26:37.16 (81875509)|ENTERING_MANAGED_PKG|Centify
17:26:37.16 (81920811)|ENTERING_MANAGED_PKG|Centify
17:26:37.16 (81965373)|ENTERING_MANAGED_PKG|Centify
17:26:37.16 (82061799)|ENTERING_MANAGED_PKG|Centify
17:26:37.16 (84931417)|ENTERING_MANAGED_PKG|Centify
17:26:37.16 (85038742)|ENTERING_MANAGED_PKG|Centify
17:26:37.16 (85860257)|ENTERING_MANAGED_PKG|Centify
17:26:37.16 (262273283)|ENTERING_MANAGED_PKG|Centify
17:26:37.281 (281209686)|CUMULATIVE_LIMIT_USAGE
17:26:37.281 (281209686)|LIMIT_USAGE_FOR_NS|(default)|
  Number of SOQL queries: 0 out of 200
  Number of query rows: 0 out of 50000
  Number of SOSL queries: 0 out of 20
  Number of DML statements: 0 out of 150
  Number of DML rows: 0 out of 10000
  Maximum CPU time: 0 out of 60000
  Maximum heap size: 0 out of 12000000
  Number of callouts: 0 out of 0
  Number of Email Invocations: 0 out of 10
  Number of future calls: 0 out of 0
  Number of queueable jobs added to the queue: 0 out of 1
  Number of Mobile Apex push calls: 0 out of 10

17:26:37.281 (281209686)|LIMIT_USAGE_FOR_NS|Centify|
  Number of SOQL queries: 0 out of 200
  Number of query rows: 0 out of 50000
  Number of SOSL queries: 0 out of 20
  Number of DML statements: 0 out of 150
  Number of DML rows: 0 out of 10000
  Maximum CPU time: 0 out of 60000
  Maximum heap size: 0 out of 12000000
  Number of callouts: 0 out of 0
  Number of Email Invocations: 0 out of 10
  Number of future calls: 0 out of 0
  Number of queueable jobs added to the queue: 0 out of 1
  Number of Mobile Apex push calls: 0 out of 10

17:26:37.281 (281209686)|CUMULATIVE_LIMIT_USAGE_END

