37.0 APEX_CODE,FINEST;APEX_PROFILING,INFO;CALLOUT,INFO;DB,INFO;NBA,INFO;SYSTEM,DEBUG;VALIDATION,INFO;VISUALFORCE,INFO;WAVE,INFO;WORKFLOW,INFO
18:31:05.9 (9570465)|ENTERING_MANAGED_PKG|Centify
18:31:05.9 (12427973)|ENTERING_MANAGED_PKG|Centify
18:31:05.9 (12496189)|ENTERING_MANAGED_PKG|Centify
18:31:05.9 (14922709)|ENTERING_MANAGED_PKG|Centify
18:31:05.9 (14986575)|ENTERING_MANAGED_PKG|Centify
18:31:05.9 (15136773)|ENTERING_MANAGED_PKG|Centify
18:31:05.9 (15693369)|ENTERING_MANAGED_PKG|Centify
18:31:05.9 (22906399)|ENTERING_MANAGED_PKG|Centify
18:31:05.9 (22983149)|ENTERING_MANAGED_PKG|Centify
18:31:05.9 (23341954)|ENTERING_MANAGED_PKG|Centify
18:31:05.9 (23394545)|ENTERING_MANAGED_PKG|Centify
18:31:05.9 (23742218)|ENTERING_MANAGED_PKG|Centify
18:31:05.9 (25539828)|ENTERING_MANAGED_PKG|Centify
18:31:05.9 (25599808)|ENTERING_MANAGED_PKG|Centify
18:31:05.9 (25760544)|ENTERING_MANAGED_PKG|Centify
18:31:05.9 (25894671)|ENTERING_MANAGED_PKG|Centify
18:31:05.9 (25960253)|ENTERING_MANAGED_PKG|Centify
18:31:05.9 (26064895)|ENTERING_MANAGED_PKG|Centify
18:31:05.9 (26111749)|ENTERING_MANAGED_PKG|Centify
18:31:05.9 (26161528)|ENTERING_MANAGED_PKG|Centify
18:31:05.9 (26351730)|ENTERING_MANAGED_PKG|Centify
18:31:05.9 (26428068)|ENTERING_MANAGED_PKG|Centify
18:31:05.9 (29220500)|ENTERING_MANAGED_PKG|Centify
18:31:05.9 (29290318)|ENTERING_MANAGED_PKG|Centify
18:31:05.9 (29348859)|ENTERING_MANAGED_PKG|Centify
18:31:05.9 (29526863)|ENTERING_MANAGED_PKG|Centify
18:31:05.9 (29615444)|ENTERING_MANAGED_PKG|Centify
18:31:05.9 (30536073)|ENTERING_MANAGED_PKG|Centify
18:31:05.9 (30776845)|ENTERING_MANAGED_PKG|Centify
18:31:05.9 (30962978)|ENTERING_MANAGED_PKG|Centify
18:31:05.9 (31163000)|ENTERING_MANAGED_PKG|Centify
18:31:05.9 (31307909)|ENTERING_MANAGED_PKG|Centify
18:31:05.9 (31477460)|ENTERING_MANAGED_PKG|Centify
18:31:05.9 (31618908)|ENTERING_MANAGED_PKG|Centify
18:31:05.9 (31805087)|ENTERING_MANAGED_PKG|Centify
18:31:05.9 (31934894)|ENTERING_MANAGED_PKG|Centify
18:31:05.9 (32106314)|ENTERING_MANAGED_PKG|Centify
18:31:05.9 (32225989)|ENTERING_MANAGED_PKG|Centify
18:31:05.9 (32406443)|ENTERING_MANAGED_PKG|Centify
18:31:05.9 (32537121)|ENTERING_MANAGED_PKG|Centify
18:31:05.9 (32633105)|ENTERING_MANAGED_PKG|Centify
18:31:05.9 (32763821)|ENTERING_MANAGED_PKG|Centify
18:31:05.9 (32929972)|ENTERING_MANAGED_PKG|Centify
18:31:05.9 (33060440)|ENTERING_MANAGED_PKG|Centify
18:31:05.9 (33252982)|ENTERING_MANAGED_PKG|Centify
18:31:05.9 (33383772)|ENTERING_MANAGED_PKG|Centify
18:31:05.9 (33531966)|ENTERING_MANAGED_PKG|Centify
18:31:05.9 (33617831)|ENTERING_MANAGED_PKG|Centify
18:31:05.9 (33715291)|ENTERING_MANAGED_PKG|Centify
18:31:05.9 (33821729)|ENTERING_MANAGED_PKG|Centify
18:31:05.9 (33987632)|ENTERING_MANAGED_PKG|Centify
18:31:05.9 (34128510)|ENTERING_MANAGED_PKG|Centify
18:31:05.9 (34202897)|ENTERING_MANAGED_PKG|Centify
18:31:05.9 (34281371)|ENTERING_MANAGED_PKG|Centify
18:31:05.9 (34360813)|ENTERING_MANAGED_PKG|Centify
18:31:05.9 (34466534)|ENTERING_MANAGED_PKG|Centify
18:31:05.9 (34532382)|ENTERING_MANAGED_PKG|Centify
18:31:05.9 (34603846)|ENTERING_MANAGED_PKG|Centify
18:31:05.9 (34707660)|ENTERING_MANAGED_PKG|Centify
18:31:05.9 (34802701)|ENTERING_MANAGED_PKG|Centify
18:31:05.9 (34868796)|ENTERING_MANAGED_PKG|Centify
18:31:05.9 (34944580)|ENTERING_MANAGED_PKG|Centify
18:31:05.9 (35121467)|ENTERING_MANAGED_PKG|Centify
18:31:05.9 (35208386)|ENTERING_MANAGED_PKG|Centify
18:31:05.9 (35340280)|ENTERING_MANAGED_PKG|Centify
18:31:05.9 (35469303)|ENTERING_MANAGED_PKG|Centify
18:31:05.9 (35690483)|ENTERING_MANAGED_PKG|Centify
18:31:05.9 (35772606)|ENTERING_MANAGED_PKG|Centify
18:31:05.9 (36049115)|ENTERING_MANAGED_PKG|Centify
18:31:05.9 (36104825)|ENTERING_MANAGED_PKG|Centify
18:31:05.9 (36180134)|ENTERING_MANAGED_PKG|Centify
18:31:05.9 (36224761)|ENTERING_MANAGED_PKG|Centify
18:31:05.9 (36265658)|ENTERING_MANAGED_PKG|Centify
18:31:05.9 (36350435)|ENTERING_MANAGED_PKG|Centify
18:31:05.9 (38207211)|DML_BEGIN|[53]|Op:Insert|Type:Centify__Notification__c|Rows:1
18:31:05.9 (76928343)|DML_END|[53]
18:31:05.9 (77153526)|ENTERING_MANAGED_PKG|Centify
18:31:05.9 (77562208)|ENTERING_MANAGED_PKG|Centify
18:31:05.97 (97297467)|CUMULATIVE_LIMIT_USAGE
18:31:05.97 (97297467)|LIMIT_USAGE_FOR_NS|(default)|
  Number of SOQL queries: 0 out of 200
  Number of query rows: 0 out of 50000
  Number of SOSL queries: 0 out of 20
  Number of DML statements: 0 out of 150
  Number of DML rows: 0 out of 10000
  Maximum CPU time: 0 out of 60000
  Maximum heap size: 0 out of 12000000
  Number of callouts: 0 out of 0
  Number of Email Invocations: 0 out of 10
  Number of future calls: 0 out of 0
  Number of queueable jobs added to the queue: 0 out of 1
  Number of Mobile Apex push calls: 0 out of 10

18:31:05.97 (97297467)|LIMIT_USAGE_FOR_NS|Centify|
  Number of SOQL queries: 0 out of 200
  Number of query rows: 0 out of 50000
  Number of SOSL queries: 0 out of 20
  Number of DML statements: 0 out of 150
  Number of DML rows: 0 out of 10000
  Maximum CPU time: 0 out of 60000
  Maximum heap size: 0 out of 12000000
  Number of callouts: 0 out of 0
  Number of Email Invocations: 0 out of 10
  Number of future calls: 0 out of 0
  Number of queueable jobs added to the queue: 0 out of 1
  Number of Mobile Apex push calls: 0 out of 10

18:31:05.97 (97297467)|CUMULATIVE_LIMIT_USAGE_END

