37.0 APEX_CODE,FINEST;APEX_PROFILING,INFO;CALLOUT,INFO;DB,INFO;NBA,INFO;SYSTEM,DEBUG;VALIDATION,INFO;VISUALFORCE,INFO;WAVE,INFO;WORKFLOW,INFO
18:07:01.26 (26203069)|ENTERING_MANAGED_PKG|Centify
18:07:01.26 (29899948)|ENTERING_MANAGED_PKG|Centify
18:07:01.26 (35750064)|ENTERING_MANAGED_PKG|Centify
18:07:01.26 (35880350)|ENTERING_MANAGED_PKG|Centify
18:07:01.26 (36077546)|ENTERING_MANAGED_PKG|Centify
18:07:01.26 (36662934)|ENTERING_MANAGED_PKG|Centify
18:07:01.26 (36914875)|ENTERING_MANAGED_PKG|Centify
18:07:01.26 (36941709)|ENTERING_MANAGED_PKG|Centify
18:07:01.26 (37015982)|ENTERING_MANAGED_PKG|Centify
18:07:01.26 (37061715)|ENTERING_MANAGED_PKG|Centify
18:07:01.26 (37094597)|ENTERING_MANAGED_PKG|Centify
18:07:01.26 (37114152)|ENTERING_MANAGED_PKG|Centify
18:07:01.26 (37131144)|ENTERING_MANAGED_PKG|Centify
18:07:01.26 (37285192)|ENTERING_MANAGED_PKG|Centify
18:07:01.26 (75007541)|ENTERING_MANAGED_PKG|Centify
18:07:01.26 (75114355)|ENTERING_MANAGED_PKG|Centify
18:07:01.26 (75262528)|ENTERING_MANAGED_PKG|Centify
18:07:01.26 (75322303)|ENTERING_MANAGED_PKG|Centify
18:07:01.26 (265009943)|ENTERING_MANAGED_PKG|Centify
18:07:01.26 (297901257)|ENTERING_MANAGED_PKG|Centify
18:07:01.26 (310031826)|ENTERING_MANAGED_PKG|Centify
18:07:01.26 (310082809)|ENTERING_MANAGED_PKG|Centify
18:07:01.26 (310157252)|ENTERING_MANAGED_PKG|Centify
18:07:01.26 (310186793)|ENTERING_MANAGED_PKG|Centify
18:07:01.26 (310244641)|ENTERING_MANAGED_PKG|Centify
18:07:01.26 (332615734)|ENTERING_MANAGED_PKG|Centify
18:07:01.26 (346636315)|ENTERING_MANAGED_PKG|Centify
18:07:01.26 (346684239)|ENTERING_MANAGED_PKG|Centify
18:07:01.26 (346755166)|ENTERING_MANAGED_PKG|Centify
18:07:01.26 (346784525)|ENTERING_MANAGED_PKG|Centify
18:07:01.26 (346842184)|ENTERING_MANAGED_PKG|Centify
18:07:01.26 (367841693)|ENTERING_MANAGED_PKG|Centify
18:07:01.26 (382050038)|ENTERING_MANAGED_PKG|Centify
18:07:01.26 (382112547)|ENTERING_MANAGED_PKG|Centify
18:07:01.26 (382186790)|ENTERING_MANAGED_PKG|Centify
18:07:01.26 (382216735)|ENTERING_MANAGED_PKG|Centify
18:07:01.26 (382274279)|ENTERING_MANAGED_PKG|Centify
18:07:01.26 (406734954)|ENTERING_MANAGED_PKG|Centify
18:07:01.26 (420872634)|ENTERING_MANAGED_PKG|Centify
18:07:01.26 (420923203)|ENTERING_MANAGED_PKG|Centify
18:07:01.26 (420995196)|ENTERING_MANAGED_PKG|Centify
18:07:01.26 (421024142)|ENTERING_MANAGED_PKG|Centify
18:07:01.26 (421085834)|ENTERING_MANAGED_PKG|Centify
18:07:01.26 (443158509)|ENTERING_MANAGED_PKG|Centify
18:07:01.26 (461745507)|ENTERING_MANAGED_PKG|Centify
18:07:01.26 (461815774)|ENTERING_MANAGED_PKG|Centify
18:07:01.26 (461934509)|ENTERING_MANAGED_PKG|Centify
18:07:01.26 (461984620)|ENTERING_MANAGED_PKG|Centify
18:07:01.26 (462086074)|ENTERING_MANAGED_PKG|Centify
18:07:01.26 (485900026)|ENTERING_MANAGED_PKG|Centify
18:07:01.26 (500709133)|ENTERING_MANAGED_PKG|Centify
18:07:01.26 (500752996)|ENTERING_MANAGED_PKG|Centify
18:07:01.26 (500820236)|ENTERING_MANAGED_PKG|Centify
18:07:01.26 (500849238)|ENTERING_MANAGED_PKG|Centify
18:07:01.26 (500905122)|ENTERING_MANAGED_PKG|Centify
18:07:01.26 (520901922)|ENTERING_MANAGED_PKG|Centify
18:07:01.26 (534447890)|ENTERING_MANAGED_PKG|Centify
18:07:01.26 (534493678)|ENTERING_MANAGED_PKG|Centify
18:07:01.26 (534561718)|ENTERING_MANAGED_PKG|Centify
18:07:01.26 (534593388)|ENTERING_MANAGED_PKG|Centify
18:07:01.26 (534654609)|ENTERING_MANAGED_PKG|Centify
18:07:01.26 (554549014)|ENTERING_MANAGED_PKG|Centify
18:07:01.26 (568225853)|ENTERING_MANAGED_PKG|Centify
18:07:01.26 (568272541)|ENTERING_MANAGED_PKG|Centify
18:07:01.26 (568347295)|ENTERING_MANAGED_PKG|Centify
18:07:01.26 (568377648)|ENTERING_MANAGED_PKG|Centify
18:07:01.26 (568435152)|ENTERING_MANAGED_PKG|Centify
18:07:01.26 (588247671)|ENTERING_MANAGED_PKG|Centify
18:07:01.26 (602250129)|ENTERING_MANAGED_PKG|Centify
18:07:01.26 (602292831)|ENTERING_MANAGED_PKG|Centify
18:07:01.26 (602369839)|ENTERING_MANAGED_PKG|Centify
18:07:01.26 (602401509)|ENTERING_MANAGED_PKG|Centify
18:07:01.26 (602461617)|ENTERING_MANAGED_PKG|Centify
18:07:01.26 (622576089)|ENTERING_MANAGED_PKG|Centify
18:07:01.26 (635784124)|ENTERING_MANAGED_PKG|Centify
18:07:01.26 (635828484)|ENTERING_MANAGED_PKG|Centify
18:07:01.26 (635895357)|ENTERING_MANAGED_PKG|Centify
18:07:01.26 (635923537)|ENTERING_MANAGED_PKG|Centify
18:07:01.26 (635980074)|ENTERING_MANAGED_PKG|Centify
18:07:01.26 (655234668)|ENTERING_MANAGED_PKG|Centify
18:07:01.26 (655322154)|ENTERING_MANAGED_PKG|Centify
18:07:01.26 (655545452)|ENTERING_MANAGED_PKG|Centify
18:07:01.26 (655611562)|ENTERING_MANAGED_PKG|Centify
18:07:01.26 (655674679)|ENTERING_MANAGED_PKG|Centify
18:07:01.26 (659844761)|ENTERING_MANAGED_PKG|Centify
18:07:01.26 (659923501)|ENTERING_MANAGED_PKG|Centify
18:07:01.26 (661284172)|ENTERING_MANAGED_PKG|Centify
18:07:01.26 (661353667)|ENTERING_MANAGED_PKG|Centify
18:07:01.26 (661436211)|ENTERING_MANAGED_PKG|Centify
18:07:01.26 (661937194)|ENTERING_MANAGED_PKG|Centify
18:07:01.26 (662631185)|SOQL_EXECUTE_BEGIN|[16]|Aggregations:0|select id,lastmodifieddate,isdeleted,isgmt__c,role__c,name,createddate,ownerid,active_clients__c,customer_service_index__c,service_index_in_string__c from CM_Daily_Stats__c where LastModifiedDate >2018-09-27T22:24:08Z AND LastModifiedDate < 2018-09-28T08:07:06Z AND (  isActive__c =true)  ORDER BY SystemModStamp DESC LIMIT 5000  ALL ROWS
18:07:01.26 (675510797)|SOQL_EXECUTE_END|[16]|Rows:0
18:07:01.697 (697650367)|CUMULATIVE_LIMIT_USAGE
18:07:01.697 (697650367)|LIMIT_USAGE_FOR_NS|(default)|
  Number of SOQL queries: 0 out of 200
  Number of query rows: 0 out of 50000
  Number of SOSL queries: 0 out of 20
  Number of DML statements: 0 out of 150
  Number of DML rows: 0 out of 10000
  Maximum CPU time: 0 out of 60000
  Maximum heap size: 0 out of 12000000
  Number of callouts: 0 out of 0
  Number of Email Invocations: 0 out of 10
  Number of future calls: 0 out of 0
  Number of queueable jobs added to the queue: 0 out of 1
  Number of Mobile Apex push calls: 0 out of 10

18:07:01.697 (697650367)|LIMIT_USAGE_FOR_NS|Centify|
  Number of SOQL queries: 0 out of 200
  Number of query rows: 0 out of 50000
  Number of SOSL queries: 0 out of 20
  Number of DML statements: 0 out of 150
  Number of DML rows: 0 out of 10000
  Maximum CPU time: 0 out of 60000
  Maximum heap size: 0 out of 12000000
  Number of callouts: 0 out of 0
  Number of Email Invocations: 0 out of 10
  Number of future calls: 0 out of 0
  Number of queueable jobs added to the queue: 0 out of 1
  Number of Mobile Apex push calls: 0 out of 10

18:07:01.697 (697650367)|CUMULATIVE_LIMIT_USAGE_END

