31.0 APEX_CODE,FINEST;APEX_PROFILING,INFO;CALLOUT,INFO;DB,INFO;NBA,INFO;SYSTEM,DEBUG;VALIDATION,INFO;VISUALFORCE,INFO;WAVE,INFO;WORKFLOW,INFO
11:58:28.0 (94144)|USER_INFO|[EXTERNAL]|00590000000Vmmq|ben@bjbglobal.com.au|Australian Eastern Standard Time|GMT+10:00
11:58:28.0 (125561)|EXECUTION_STARTED
11:58:28.0 (130322)|CODE_UNIT_STARTED|[EXTERNAL]|TRIGGERS
11:58:28.0 (158634)|CODE_UNIT_STARTED|[EXTERNAL]|01q6F000000DhRF|TaskBeforeUpdate on Task trigger event BeforeUpdate|__sfdc_trigger/TaskBeforeUpdate
11:58:28.0 (195768)|HEAP_ALLOCATE|[EXTERNAL]|Bytes:8
11:58:28.0 (248180)|HEAP_ALLOCATE|[EXTERNAL]|Bytes:8
11:58:28.0 (641548)|HEAP_ALLOCATE|[72]|Bytes:3
11:58:28.0 (671237)|HEAP_ALLOCATE|[77]|Bytes:152
11:58:28.0 (685219)|HEAP_ALLOCATE|[342]|Bytes:408
11:58:28.0 (699312)|HEAP_ALLOCATE|[355]|Bytes:408
11:58:28.0 (711168)|HEAP_ALLOCATE|[467]|Bytes:48
11:58:28.0 (736783)|HEAP_ALLOCATE|[139]|Bytes:6
11:58:28.0 (759548)|HEAP_ALLOCATE|[EXTERNAL]|Bytes:4
11:58:28.0 (768475)|VARIABLE_SCOPE_BEGIN|[10]|this|TaskBeforeUpdate|true|false
11:58:28.0 (814222)|VARIABLE_ASSIGNMENT|[10]|this|{}|0x2ca3b5da
11:58:28.0 (869831)|HEAP_ALLOCATE|[EXTERNAL]|Bytes:4
11:58:28.0 (877224)|VARIABLE_SCOPE_BEGIN|[10]|this|TaskBeforeUpdate|true|false
11:58:28.0 (890473)|VARIABLE_ASSIGNMENT|[10]|this|{}|0x2ca3b5da
11:58:28.0 (899573)|STATEMENT_EXECUTE|[10]
11:58:28.0 (904374)|CUMULATIVE_LIMIT_USAGE
11:58:28.0 (904374)|LIMIT_USAGE_FOR_NS|(default)|
  Number of SOQL queries: 0 out of 100
  Number of query rows: 0 out of 50000
  Number of SOSL queries: 0 out of 20
  Number of DML statements: 0 out of 150
  Number of DML rows: 0 out of 10000
  Maximum CPU time: 0 out of 10000
  Maximum heap size: 0 out of 6000000
  Number of callouts: 0 out of 100
  Number of Email Invocations: 0 out of 10
  Number of future calls: 0 out of 50
  Number of queueable jobs added to the queue: 0 out of 50
  Number of Mobile Apex push calls: 0 out of 10

11:58:28.0 (904374)|CUMULATIVE_LIMIT_USAGE_END

11:58:28.0 (1783115)|CODE_UNIT_FINISHED|TaskBeforeUpdate on Task trigger event BeforeUpdate|__sfdc_trigger/TaskBeforeUpdate
11:58:28.0 (6204333)|CODE_UNIT_STARTED|[EXTERNAL]|Validation:Task:00T6F000055TAmV
11:58:28.0 (6230190)|VALIDATION_RULE|03d6F000000qFaO|Finish_all_call_monitor_field
11:58:28.0 (6704112)|VALIDATION_FORMULA|AND(!ISBLANK(Monitored_By__c),
    OR(ISBLANK( TEXT(CM_advised_what_will_happen_next__c)),
       ISBLANK( TEXT(Allow_customer_to_present_concerns__c) ),
       ISBLANK( TEXT(Communication_is_clear_positive_confiden__c) ),
       ISBLANK( TEXT(Demonstrate_active_listening__c )),
       ISBLANK( TEXT(Gave_correct_answers_and_infomations__c) ),
       ISBLANK( TEXT(Mirrors_clients_talking_behaviour__c) ) ))|CM_advised_what_will_happen_next__c=null , Demonstrate_active_listening__c=null , Communication_is_clear_positive_confiden__c=null , Allow_customer_to_present_concerns__c=null , Gave_correct_answers_and_infomations__c=null , Mirrors_clients_talking_behaviour__c=null , Monitored_By__c=null
11:58:28.0 (6720723)|VALIDATION_PASS
11:58:28.0 (6723198)|VALIDATION_RULE|03d900000009JbB|Interac_Quality_Must_Be_Between_1_and_10
11:58:28.0 (6811145)|VALIDATION_FORMULA|NVMContactWorld__InteractionQuality__c < 1  &#124;&#124;  NVMContactWorld__InteractionQuality__c > 10|NVMContactWorld__InteractionQuality__c=null
11:58:28.0 (6821681)|VALIDATION_PASS
11:58:28.0 (7030138)|CODE_UNIT_FINISHED|Validation:Task:00T6F000055TAmV
11:58:28.0 (25378165)|CODE_UNIT_STARTED|[EXTERNAL]|Workflow:Task
11:58:28.0 (47248089)|WF_RULE_EVAL_BEGIN|Workflow
11:58:28.0 (47287372)|WF_CRITERIA_BEGIN|[Task:  00T6F000055TAmV]|Update Call Monitor Details|01Q6F0000002Tdt|ON_CREATE_OR_TRIGGERING_UPDATE|0
11:58:28.0 (49879073)|WF_RULE_FILTER|[Task : Monitored By not equal to ]
11:58:28.0 (49897943)|WF_RULE_EVAL_VALUE|
11:58:28.0 (49903165)|WF_CRITERIA_END|false
11:58:28.0 (49918408)|WF_CRITERIA_BEGIN|[Task:  00T6F000055TAmV]|Update_Callback_Request_Due_Date3016F0000005i0e|01Q6F0000019gyq|ON_CREATE_ONLY|0
11:58:28.0 (49936058)|WF_RULE_NOT_EVALUATED
11:58:28.0 (49945093)|WF_CRITERIA_BEGIN|[Task:  00T6F000055TAmV]|Call Back Request From LinX|01Q6F000001EY2L|ON_CREATE_OR_TRIGGERING_UPDATE|0
11:58:28.0 (50024589)|WF_RULE_FILTER|[Task : Subject equals Callback Request]
11:58:28.0 (50040004)|WF_RULE_EVAL_VALUE|Outbound call to +61422704670
11:58:28.0 (50046213)|WF_CRITERIA_END|false
11:58:28.0 (50055558)|WF_CRITERIA_BEGIN|[Task:  00T6F000055TAmV]|Call_Monitor3016F00000054R3|01Q6F000000oOu7|ON_ALL_CHANGES|0
11:58:28.0 (50143683)|WF_FORMULA|Formula:ENCODED:[treatNullAsNull]true|Values:
11:58:28.0 (50150362)|WF_CRITERIA_END|true
11:58:28.0 (51111502)|WF_SPOOL_ACTION_BEGIN|Workflow
11:58:28.0 (51148525)|WF_ACTION| Flow Trigger: 1;
11:58:28.0 (51158189)|WF_RULE_EVAL_END
11:58:28.0 (52398793)|WF_FLOW_ACTION_BEGIN|09L6F000000PGTV
11:58:28.53 (53929427)|FLOW_CREATE_INTERVIEW_BEGIN|00D90000000IJSa|3006F0000008usA|3016F00000054R3
11:58:28.53 (54680019)|FLOW_CREATE_INTERVIEW_END|759811c44356411c30e35e6bff7b166e6babf1f-62e2|Call Monitoring
11:58:28.55 (55117640)|FLOW_START_INTERVIEWS_BEGIN|1
11:58:28.55 (55137504)|FLOW_START_INTERVIEW_BEGIN|759811c44356411c30e35e6bff7b166e6babf1f-62e2|Call Monitoring
11:58:28.55 (66202648)|FLOW_START_INTERVIEW_END|759811c44356411c30e35e6bff7b166e6babf1f-62e2|Call Monitoring
11:58:28.55 (66228952)|FLOW_START_INTERVIEWS_END|1
11:58:28.0 (67957921)|WF_FLOW_ACTION_END|09L6F000000PGTV
11:58:28.0 (68065170)|WF_ACTIONS_END| Flow Trigger: 1;
11:58:28.0 (68074637)|CODE_UNIT_FINISHED|Workflow:Task
11:58:28.0 (77358637)|CODE_UNIT_FINISHED|TRIGGERS
11:58:28.0 (77378799)|EXECUTION_FINISHED
