37.0 APEX_CODE,FINEST;APEX_PROFILING,INFO;CALLOUT,INFO;DB,INFO;NBA,INFO;SYSTEM,DEBUG;VALIDATION,INFO;VISUALFORCE,INFO;WAVE,INFO;WORKFLOW,INFO
16:56:04.22 (22204214)|ENTERING_MANAGED_PKG|Centify
16:56:04.22 (22990876)|ENTERING_MANAGED_PKG|Centify
16:56:04.22 (23033522)|ENTERING_MANAGED_PKG|Centify
16:56:04.22 (27594305)|ENTERING_MANAGED_PKG|Centify
16:56:04.22 (27683493)|ENTERING_MANAGED_PKG|Centify
16:56:04.22 (27733345)|ENTERING_MANAGED_PKG|Centify
16:56:04.63 (63076927)|CUMULATIVE_LIMIT_USAGE
16:56:04.63 (63076927)|LIMIT_USAGE_FOR_NS|(default)|
  Number of SOQL queries: 0 out of 200
  Number of query rows: 0 out of 50000
  Number of SOSL queries: 0 out of 20
  Number of DML statements: 0 out of 150
  Number of DML rows: 0 out of 10000
  Maximum CPU time: 0 out of 60000
  Maximum heap size: 0 out of 12000000
  Number of callouts: 0 out of 0
  Number of Email Invocations: 0 out of 10
  Number of future calls: 0 out of 0
  Number of queueable jobs added to the queue: 0 out of 1
  Number of Mobile Apex push calls: 0 out of 10

16:56:04.63 (63076927)|LIMIT_USAGE_FOR_NS|Centify|
  Number of SOQL queries: 0 out of 200
  Number of query rows: 0 out of 50000
  Number of SOSL queries: 0 out of 20
  Number of DML statements: 0 out of 150
  Number of DML rows: 0 out of 10000
  Maximum CPU time: 0 out of 60000
  Maximum heap size: 0 out of 12000000
  Number of callouts: 0 out of 0
  Number of Email Invocations: 0 out of 10
  Number of future calls: 0 out of 0
  Number of queueable jobs added to the queue: 0 out of 1
  Number of Mobile Apex push calls: 0 out of 10

16:56:04.63 (63076927)|CUMULATIVE_LIMIT_USAGE_END

|ENTERING_MANAGED_PKG|Centify
16:56:03.20 (355709096)|ENTERING_MANAGED_PKG|Centify
16:56:03.20 (355772957)|ENTERING_MANAGED_PKG|Centify
16:56:03.20 (386556543)|ENTERING_MANAGED_PKG|Centify
16:56:03.20 (401723511)|ENTERING_MANAGED_PKG|Centify
16:56:03.20 (401788720)|ENTERING_MANAGED_PKG|Centify
16:56:03.20 (401865935)|ENTERING_MANAGED_PKG|Centify
16:56:03.20 (401894776)|ENTERING_MANAGED_PKG|Centify
16:56:03.20 (401961399)|ENTERING_MANAGED_PKG|Centify
16:56:03.20 (432472627)|ENTERING_MANAGED_PKG|Centify
16:56:03.20 (448778717)|ENTERING_MANAGED_PKG|Centify
16:56:03.20 (448839031)|ENTERING_MANAGED_PKG|Centify
16:56:03.20 (448916369)|ENTERING_MANAGED_PKG|Centify
16:56:03.20 (448946469)|ENTERING_MANAGED_PKG|Centify
16:56:03.20 (449010336)|ENTERING_MANAGED_PKG|Centify
16:56:03.20 (480678114)|ENTERING_MANAGED_PKG|Centify
16:56:03.20 (495252346)|ENTERING_MANAGED_PKG|Centify
16:56:03.20 (495309068)|ENTERING_MANAGED_PKG|Centify
16:56:03.20 (495385225)|ENTERING_MANAGED_PKG|Centify
16:56:03.20 (495415267)|ENTERING_MANAGED_PKG|Centify
16:56:03.20 (495478031)|ENTERING_MANAGED_PKG|Centify
16:56:03.20 (524490097)|ENTERING_MANAGED_PKG|Centify
16:56:03.20 (538521646)|ENTERING_MANAGED_PKG|Centify
16:56:03.20 (538572880)|ENTERING_MANAGED_PKG|Centify
16:56:03.20 (538644167)|ENTERING_MANAGED_PKG|Centify
16:56:03.20 (538674233)|ENTERING_MANAGED_PKG|Centify
16:56:03.20 (538732699)|ENTERING_MANAGED_PKG|Centify
16:56:03.20 (567629395)|ENTERING_MANAGED_PKG|Centify
16:56:03.20 (582028098)|ENTERING_MANAGED_PKG|Centify
16:56:03.20 (582080807)|ENTERING_MANAGED_PKG|Centify
16:56:03.20 (582159464)|ENTERING_MANAGED_PKG|Centify
16:56:03.20 (582191083)|ENTERING_MANAGED_PKG|Centify
16:56:03.20 (582252166)|ENTERING_MANAGED_PKG|Centify
16:56:03.20 (612279914)|ENTERING_MANAGED_PKG|Centify
16:56:03.20 (626662078)|ENTERING_MANAGED_PKG|Centify
16:56:03.20 (626711027)|ENTERING_MANAGED_PKG|Centify
16:56:03.20 (626782260)|ENTERING_MANAGED_PKG|Centify
16:56:03.20 (626811594)|ENTERING_MANAGED_PKG|Centify
16:56:03.20 (626870702)|ENTERING_MANAGED_PKG|Centify
16:56:03.20 (657704097)|ENTERING_MANAGED_PKG|Centify
16:56:03.20 (657773411)|ENTERING_MANAGED_PKG|Centify
16:56:03.20 (657880364)|ENTERING_MANAGED_PKG|Centify
16:56:03.20 (657902566)|ENTERING_MANAGED_PKG|Centify
16:56:03.20 (658029614)|ENTERING_MANAGED_PKG|Centify
16:56:03.20 (658067759)|ENTERING_MANAGED_PKG|Centify
16:56:03.20 (658108315)|ENTERING_MANAGED_PKG|Centify
16:56:03.20 (659158357)|ENTERING_MANAGED_PKG|Centify
16:56:03.20 (659260130)|ENTERING_MANAGED_PKG|Centify
16:56:03.20 (660829018)|ENTERING_MANAGED_PKG|Centify
16:56:03.20 (660889615)|ENTERING_MANAGED_PKG|Centify
16:56:03.20 (660976522)|ENTERING_MANAGED_PKG|Centify
16:56:03.20 (661498705)|ENTERING_MANAGED_PKG|Centify
16:56:03.20 (662245299)|SOQL_EXECUTE_BEGIN|[16]|Aggregations:0|select id,lastmodifieddate,isdeleted,salesperson__c,createddate,name,completed_date__c,set_up_price__c,account__c from Sign_Up__c where LastModifiedDate >2018-08-30T06:53:14Z AND LastModifiedDate < 2018-08-30T06:56:08Z AND (  Product_Type__c = 'AdWords Management'  OR  Product_Type__c = 'Social Marketing' )  ORDER BY SystemModStamp DESC LIMIT 5000  ALL ROWS
16:56:03.20 (670472627)|SOQL_EXECUTE_END|[16]|Rows:0
16:56:03.690 (690822504)|CUMULATIVE_LIMIT_USAGE
16:56:03.690 (690822504)|LIMIT_USAGE_FOR_NS|(default)|
  Number of SOQL queries: 0 out of 200
  Number of query rows: 0 out of 50000
  Number of SOSL queries: 0 out of 20
  Number of DML statements: 0 out of 150
  Number of DML rows: 0 out of 10000
  Maximum CPU time: 0 out of 60000
  Maximum heap size: 0 out of 12000000
  Number of callouts: 0 out of 0
  Number of Email Invocations: 0 out of 10
  Number of future calls: 0 out of 0
  Number of queueable jobs added to the queue: 0 out of 1
  Number of Mobile Apex push calls: 0 out of 10

16:56:03.690 (690822504)|LIMIT_USAGE_FOR_NS|Centify|
  Number of SOQL queries: 0 out of 200
  Number of query rows: 0 out of 50000
  Number of SOSL queries: 0 out of 20
  Number of DML statements: 0 out of 150
  Number of DML rows: 0 out of 10000
  Maximum CPU time: 0 out of 60000
  Maximum heap size: 0 out of 12000000
  Number of callouts: 0 out of 0
  Number of Email Invocations: 0 out of 10
  Number of future calls: 0 out of 0
  Number of queueable jobs added to the queue: 0 out of 1
  Number of Mobile Apex push calls: 0 out of 10

16:56:03.690 (690822504)|CUMULATIVE_LIMIT_USAGE_END

