37.0 APEX_CODE,FINEST;APEX_PROFILING,INFO;CALLOUT,INFO;DB,INFO;NBA,INFO;SYSTEM,DEBUG;VALIDATION,INFO;VISUALFORCE,INFO;WAVE,INFO;WORKFLOW,INFO
17:07:44.13 (13646664)|ENTERING_MANAGED_PKG|Centify
17:07:44.13 (14550146)|ENTERING_MANAGED_PKG|Centify
17:07:44.13 (14588402)|ENTERING_MANAGED_PKG|Centify
17:07:44.13 (14958460)|ENTERING_MANAGED_PKG|Centify
17:07:44.13 (15047762)|ENTERING_MANAGED_PKG|Centify
17:07:44.13 (15108235)|ENTERING_MANAGED_PKG|Centify
17:07:44.35 (35526529)|CUMULATIVE_LIMIT_USAGE
17:07:44.35 (35526529)|LIMIT_USAGE_FOR_NS|(default)|
  Number of SOQL queries: 0 out of 200
  Number of query rows: 0 out of 50000
  Number of SOSL queries: 0 out of 20
  Number of DML statements: 0 out of 150
  Number of DML rows: 0 out of 10000
  Maximum CPU time: 0 out of 60000
  Maximum heap size: 0 out of 12000000
  Number of callouts: 0 out of 0
  Number of Email Invocations: 0 out of 10
  Number of future calls: 0 out of 0
  Number of queueable jobs added to the queue: 0 out of 1
  Number of Mobile Apex push calls: 0 out of 10

17:07:44.35 (35526529)|LIMIT_USAGE_FOR_NS|Centify|
  Number of SOQL queries: 0 out of 200
  Number of query rows: 0 out of 50000
  Number of SOSL queries: 0 out of 20
  Number of DML statements: 0 out of 150
  Number of DML rows: 0 out of 10000
  Maximum CPU time: 0 out of 60000
  Maximum heap size: 0 out of 12000000
  Number of callouts: 0 out of 0
  Number of Email Invocations: 0 out of 10
  Number of future calls: 0 out of 0
  Number of queueable jobs added to the queue: 0 out of 1
  Number of Mobile Apex push calls: 0 out of 10

17:07:44.35 (35526529)|CUMULATIVE_LIMIT_USAGE_END

|ENTERING_MANAGED_PKG|Centify
17:07:43.14 (361654480)|ENTERING_MANAGED_PKG|Centify
17:07:43.14 (361731269)|ENTERING_MANAGED_PKG|Centify
17:07:43.14 (385117859)|ENTERING_MANAGED_PKG|Centify
17:07:43.14 (399966851)|ENTERING_MANAGED_PKG|Centify
17:07:43.14 (400022772)|ENTERING_MANAGED_PKG|Centify
17:07:43.14 (400123478)|ENTERING_MANAGED_PKG|Centify
17:07:43.14 (400157183)|ENTERING_MANAGED_PKG|Centify
17:07:43.14 (400218652)|ENTERING_MANAGED_PKG|Centify
17:07:43.14 (421048541)|ENTERING_MANAGED_PKG|Centify
17:07:43.14 (435424537)|ENTERING_MANAGED_PKG|Centify
17:07:43.14 (435487946)|ENTERING_MANAGED_PKG|Centify
17:07:43.14 (435580007)|ENTERING_MANAGED_PKG|Centify
17:07:43.14 (435613183)|ENTERING_MANAGED_PKG|Centify
17:07:43.14 (435675876)|ENTERING_MANAGED_PKG|Centify
17:07:43.14 (475728999)|ENTERING_MANAGED_PKG|Centify
17:07:43.14 (491508305)|ENTERING_MANAGED_PKG|Centify
17:07:43.14 (491563451)|ENTERING_MANAGED_PKG|Centify
17:07:43.14 (491637140)|ENTERING_MANAGED_PKG|Centify
17:07:43.14 (491669652)|ENTERING_MANAGED_PKG|Centify
17:07:43.14 (491731697)|ENTERING_MANAGED_PKG|Centify
17:07:43.14 (515890465)|ENTERING_MANAGED_PKG|Centify
17:07:43.14 (531287569)|ENTERING_MANAGED_PKG|Centify
17:07:43.14 (531343204)|ENTERING_MANAGED_PKG|Centify
17:07:43.14 (531435078)|ENTERING_MANAGED_PKG|Centify
17:07:43.14 (531473083)|ENTERING_MANAGED_PKG|Centify
17:07:43.14 (531538063)|ENTERING_MANAGED_PKG|Centify
17:07:43.14 (555181134)|ENTERING_MANAGED_PKG|Centify
17:07:43.14 (572604946)|ENTERING_MANAGED_PKG|Centify
17:07:43.14 (572659700)|ENTERING_MANAGED_PKG|Centify
17:07:43.14 (572733558)|ENTERING_MANAGED_PKG|Centify
17:07:43.14 (572766081)|ENTERING_MANAGED_PKG|Centify
17:07:43.14 (572826838)|ENTERING_MANAGED_PKG|Centify
17:07:43.14 (594754029)|ENTERING_MANAGED_PKG|Centify
17:07:43.14 (613613303)|ENTERING_MANAGED_PKG|Centify
17:07:43.14 (613662733)|ENTERING_MANAGED_PKG|Centify
17:07:43.14 (613733592)|ENTERING_MANAGED_PKG|Centify
17:07:43.14 (613764492)|ENTERING_MANAGED_PKG|Centify
17:07:43.14 (613826334)|ENTERING_MANAGED_PKG|Centify
17:07:43.14 (635972720)|ENTERING_MANAGED_PKG|Centify
17:07:43.14 (651895915)|ENTERING_MANAGED_PKG|Centify
17:07:43.14 (651950119)|ENTERING_MANAGED_PKG|Centify
17:07:43.14 (652029539)|ENTERING_MANAGED_PKG|Centify
17:07:43.14 (652062967)|ENTERING_MANAGED_PKG|Centify
17:07:43.14 (652123567)|ENTERING_MANAGED_PKG|Centify
17:07:43.14 (673822113)|ENTERING_MANAGED_PKG|Centify
17:07:43.14 (688797076)|ENTERING_MANAGED_PKG|Centify
17:07:43.14 (688847782)|ENTERING_MANAGED_PKG|Centify
17:07:43.14 (688918810)|ENTERING_MANAGED_PKG|Centify
17:07:43.14 (688948981)|ENTERING_MANAGED_PKG|Centify
17:07:43.14 (689009001)|ENTERING_MANAGED_PKG|Centify
17:07:43.14 (711523624)|ENTERING_MANAGED_PKG|Centify
17:07:43.14 (711605874)|ENTERING_MANAGED_PKG|Centify
17:07:43.14 (711789485)|ENTERING_MANAGED_PKG|Centify
17:07:43.14 (711844106)|ENTERING_MANAGED_PKG|Centify
17:07:43.14 (711887860)|ENTERING_MANAGED_PKG|Centify
17:07:43.14 (712858919)|ENTERING_MANAGED_PKG|Centify
17:07:43.14 (712938328)|ENTERING_MANAGED_PKG|Centify
17:07:43.14 (722947938)|ENTERING_MANAGED_PKG|Centify
17:07:43.14 (723055279)|ENTERING_MANAGED_PKG|Centify
17:07:43.14 (723191833)|ENTERING_MANAGED_PKG|Centify
17:07:43.14 (724092930)|ENTERING_MANAGED_PKG|Centify
17:07:43.14 (725267365)|SOQL_EXECUTE_BEGIN|[16]|Aggregations:0|select id,lastmodifieddate,isdeleted,isgmt__c,role__c,name,createddate,ownerid,active_clients__c,customer_service_index__c,service_index_in_string__c from CM_Daily_Stats__c where LastModifiedDate >2018-11-20T22:20:20Z AND LastModifiedDate < 2018-11-21T07:07:49Z AND (  isActive__c =true)  ORDER BY SystemModStamp DESC LIMIT 5000  ALL ROWS
17:07:43.14 (736493119)|SOQL_EXECUTE_END|[16]|Rows:0
17:07:43.757 (757905899)|CUMULATIVE_LIMIT_USAGE
17:07:43.757 (757905899)|LIMIT_USAGE_FOR_NS|(default)|
  Number of SOQL queries: 0 out of 200
  Number of query rows: 0 out of 50000
  Number of SOSL queries: 0 out of 20
  Number of DML statements: 0 out of 150
  Number of DML rows: 0 out of 10000
  Maximum CPU time: 0 out of 60000
  Maximum heap size: 0 out of 12000000
  Number of callouts: 0 out of 0
  Number of Email Invocations: 0 out of 10
  Number of future calls: 0 out of 0
  Number of queueable jobs added to the queue: 0 out of 1
  Number of Mobile Apex push calls: 0 out of 10

17:07:43.757 (757905899)|LIMIT_USAGE_FOR_NS|Centify|
  Number of SOQL queries: 0 out of 200
  Number of query rows: 0 out of 50000
  Number of SOSL queries: 0 out of 20
  Number of DML statements: 0 out of 150
  Number of DML rows: 0 out of 10000
  Maximum CPU time: 0 out of 60000
  Maximum heap size: 0 out of 12000000
  Number of callouts: 0 out of 0
  Number of Email Invocations: 0 out of 10
  Number of future calls: 0 out of 0
  Number of queueable jobs added to the queue: 0 out of 1
  Number of Mobile Apex push calls: 0 out of 10

17:07:43.757 (757905899)|CUMULATIVE_LIMIT_USAGE_END

