37.0 APEX_CODE,FINEST;APEX_PROFILING,INFO;CALLOUT,INFO;DB,INFO;NBA,INFO;SYSTEM,DEBUG;VALIDATION,INFO;VISUALFORCE,INFO;WAVE,INFO;WORKFLOW,INFO
18:16:11.19 (19546418)|ENTERING_MANAGED_PKG|Centify
18:16:11.19 (21245024)|ENTERING_MANAGED_PKG|Centify
18:16:11.19 (21287648)|ENTERING_MANAGED_PKG|Centify
18:16:11.19 (21889735)|ENTERING_MANAGED_PKG|Centify
18:16:11.19 (21973808)|ENTERING_MANAGED_PKG|Centify
18:16:11.19 (22716832)|ENTERING_MANAGED_PKG|Centify
18:16:11.19 (23006556)|ENTERING_MANAGED_PKG|Centify
18:16:11.19 (23036292)|ENTERING_MANAGED_PKG|Centify
18:16:11.19 (23113901)|ENTERING_MANAGED_PKG|Centify
18:16:11.19 (23157613)|ENTERING_MANAGED_PKG|Centify
18:16:11.19 (23190684)|ENTERING_MANAGED_PKG|Centify
18:16:11.19 (23212740)|ENTERING_MANAGED_PKG|Centify
18:16:11.19 (23229672)|ENTERING_MANAGED_PKG|Centify
18:16:11.19 (23430976)|ENTERING_MANAGED_PKG|Centify
18:16:11.19 (64846480)|ENTERING_MANAGED_PKG|Centify
18:16:11.19 (64924771)|ENTERING_MANAGED_PKG|Centify
18:16:11.19 (65057514)|ENTERING_MANAGED_PKG|Centify
18:16:11.19 (65107719)|ENTERING_MANAGED_PKG|Centify
18:16:11.19 (302999649)|ENTERING_MANAGED_PKG|Centify
18:16:11.19 (361143038)|ENTERING_MANAGED_PKG|Centify
18:16:11.19 (375978034)|ENTERING_MANAGED_PKG|Centify
18:16:11.19 (376056664)|ENTERING_MANAGED_PKG|Centify
18:16:11.19 (376161172)|ENTERING_MANAGED_PKG|Centify
18:16:11.19 (376212780)|ENTERING_MANAGED_PKG|Centify
18:16:11.19 (376315694)|ENTERING_MANAGED_PKG|Centify
18:16:11.19 (415506691)|ENTERING_MANAGED_PKG|Centify
18:16:11.19 (431146412)|ENTERING_MANAGED_PKG|Centify
18:16:11.19 (431211048)|ENTERING_MANAGED_PKG|Centify
18:16:11.19 (431301740)|ENTERING_MANAGED_PKG|Centify
18:16:11.19 (431338755)|ENTERING_MANAGED_PKG|Centify
18:16:11.19 (431413110)|ENTERING_MANAGED_PKG|Centify
18:16:11.19 (467825505)|ENTERING_MANAGED_PKG|Centify
18:16:11.19 (482957799)|ENTERING_MANAGED_PKG|Centify
18:16:11.19 (483031036)|ENTERING_MANAGED_PKG|Centify
18:16:11.19 (483164699)|ENTERING_MANAGED_PKG|Centify
18:16:11.19 (483226268)|ENTERING_MANAGED_PKG|Centify
18:16:11.19 (483347770)|ENTERING_MANAGED_PKG|Centify
18:16:11.19 (518270966)|ENTERING_MANAGED_PKG|Centify
18:16:11.19 (534011120)|ENTERING_MANAGED_PKG|Centify
18:16:11.19 (534088130)|ENTERING_MANAGED_PKG|Centify
18:16:11.19 (534220462)|ENTERING_MANAGED_PKG|Centify
18:16:11.19 (534280474)|ENTERING_MANAGED_PKG|Centify
18:16:11.19 (534387140)|ENTERING_MANAGED_PKG|Centify
18:16:11.19 (572457468)|ENTERING_MANAGED_PKG|Centify
18:16:11.19 (588030694)|ENTERING_MANAGED_PKG|Centify
18:16:11.19 (588088349)|ENTERING_MANAGED_PKG|Centify
18:16:11.19 (588173340)|ENTERING_MANAGED_PKG|Centify
18:16:11.19 (588209066)|ENTERING_MANAGED_PKG|Centify
18:16:11.19 (588280911)|ENTERING_MANAGED_PKG|Centify
18:16:11.19 (625318437)|ENTERING_MANAGED_PKG|Centify
18:16:11.19 (646517840)|ENTERING_MANAGED_PKG|Centify
18:16:11.19 (646601241)|ENTERING_MANAGED_PKG|Centify
18:16:11.19 (646734898)|ENTERING_MANAGED_PKG|Centify
18:16:11.19 (646791032)|ENTERING_MANAGED_PKG|Centify
18:16:11.19 (646907705)|ENTERING_MANAGED_PKG|Centify
18:16:11.19 (683404744)|ENTERING_MANAGED_PKG|Centify
18:16:11.19 (698960647)|ENTERING_MANAGED_PKG|Centify
18:16:11.19 (699022472)|ENTERING_MANAGED_PKG|Centify
18:16:11.19 (699115901)|ENTERING_MANAGED_PKG|Centify
18:16:11.19 (699153717)|ENTERING_MANAGED_PKG|Centify
18:16:11.19 (699247167)|ENTERING_MANAGED_PKG|Centify
18:16:11.19 (734763888)|ENTERING_MANAGED_PKG|Centify
18:16:11.19 (750380598)|ENTERING_MANAGED_PKG|Centify
18:16:11.19 (750445163)|ENTERING_MANAGED_PKG|Centify
18:16:11.19 (750530697)|ENTERING_MANAGED_PKG|Centify
18:16:11.19 (750568699)|ENTERING_MANAGED_PKG|Centify
18:16:11.19 (750641467)|ENTERING_MANAGED_PKG|Centify
18:16:11.19 (786136937)|ENTERING_MANAGED_PKG|Centify
18:16:11.19 (801762935)|ENTERING_MANAGED_PKG|Centify
18:16:11.19 (801821124)|ENTERING_MANAGED_PKG|Centify
18:16:11.19 (801906207)|ENTERING_MANAGED_PKG|Centify
18:16:11.19 (801942987)|ENTERING_MANAGED_PKG|Centify
18:16:11.19 (802013799)|ENTERING_MANAGED_PKG|Centify
18:16:11.19 (904019406)|ENTERING_MANAGED_PKG|Centify
18:16:11.19 (921579924)|ENTERING_MANAGED_PKG|Centify
18:16:11.19 (921640689)|ENTERING_MANAGED_PKG|Centify
18:16:11.19 (921729889)|ENTERING_MANAGED_PKG|Centify
18:16:11.19 (921767554)|ENTERING_MANAGED_PKG|Centify
18:16:11.19 (921841496)|ENTERING_MANAGED_PKG|Centify
18:16:11.19 (962604494)|ENTERING_MANAGED_PKG|Centify
18:16:11.19 (981633294)|ENTERING_MANAGED_PKG|Centify
18:16:11.19 (981701819)|ENTERING_MANAGED_PKG|Centify
18:16:11.19 (981793813)|ENTERING_MANAGED_PKG|Centify
18:16:11.19 (981832025)|ENTERING_MANAGED_PKG|Centify
18:16:11.19 (981908002)|ENTERING_MANAGED_PKG|Centify
18:16:12.24 (1024500171)|ENTERING_MANAGED_PKG|Centify
18:16:12.24 (1024574999)|ENTERING_MANAGED_PKG|Centify
18:16:12.24 (1024710436)|ENTERING_MANAGED_PKG|Centify
18:16:12.24 (1024734988)|ENTERING_MANAGED_PKG|Centify
18:16:12.24 (1024885569)|ENTERING_MANAGED_PKG|Centify
18:16:12.24 (1024928974)|ENTERING_MANAGED_PKG|Centify
18:16:12.24 (1024964896)|ENTERING_MANAGED_PKG|Centify
18:16:12.24 (1025888950)|ENTERING_MANAGED_PKG|Centify
18:16:12.24 (1025976572)|ENTERING_MANAGED_PKG|Centify
18:16:12.24 (1027548475)|ENTERING_MANAGED_PKG|Centify
18:16:12.24 (1027616130)|ENTERING_MANAGED_PKG|Centify
18:16:12.24 (1027715025)|ENTERING_MANAGED_PKG|Centify
18:16:12.24 (1028392433)|ENTERING_MANAGED_PKG|Centify
18:16:12.24 (1029677278)|SOQL_EXECUTE_BEGIN|[16]|Aggregations:0|select id,lastmodifieddate,isdeleted,salesperson__c,has_gtm_code_been_sent_to_client__c,are_all_possible_extensions_setup__c,status__c,product_type__c,ownerid,createddate,name,management_price__c from Sign_Up__c where LastModifiedDate >2018-09-28T08:13:03Z AND LastModifiedDate < 2018-09-28T08:16:17Z AND (  Management_Price__c > 0.00)  ORDER BY SystemModStamp DESC LIMIT 5000  ALL ROWS
18:16:12.24 (1034921183)|SOQL_EXECUTE_END|[16]|Rows:0
18:16:12.59 (1059598503)|CUMULATIVE_LIMIT_USAGE
18:16:12.59 (1059598503)|LIMIT_USAGE_FOR_NS|(default)|
  Number of SOQL queries: 0 out of 200
  Number of query rows: 0 out of 50000
  Number of SOSL queries: 0 out of 20
  Number of DML statements: 0 out of 150
  Number of DML rows: 0 out of 10000
  Maximum CPU time: 0 out of 60000
  Maximum heap size: 0 out of 12000000
  Number of callouts: 0 out of 0
  Number of Email Invocations: 0 out of 10
  Number of future calls: 0 out of 0
  Number of queueable jobs added to the queue: 0 out of 1
  Number of Mobile Apex push calls: 0 out of 10

18:16:12.59 (1059598503)|LIMIT_USAGE_FOR_NS|Centify|
  Number of SOQL queries: 0 out of 200
  Number of query rows: 0 out of 50000
  Number of SOSL queries: 0 out of 20
  Number of DML statements: 0 out of 150
  Number of DML rows: 0 out of 10000
  Maximum CPU time: 0 out of 60000
  Maximum heap size: 0 out of 12000000
  Number of callouts: 0 out of 0
  Number of Email Invocations: 0 out of 10
  Number of future calls: 0 out of 0
  Number of queueable jobs added to the queue: 0 out of 1
  Number of Mobile Apex push calls: 0 out of 10

18:16:12.59 (1059598503)|CUMULATIVE_LIMIT_USAGE_END

