37.0 APEX_CODE,FINEST;APEX_PROFILING,INFO;CALLOUT,INFO;DB,INFO;NBA,INFO;SYSTEM,DEBUG;VALIDATION,INFO;VISUALFORCE,INFO;WAVE,INFO;WORKFLOW,INFO
13:42:36.15 (15833660)|ENTERING_MANAGED_PKG|Centify
13:42:36.15 (16625027)|ENTERING_MANAGED_PKG|Centify
13:42:36.15 (16666374)|ENTERING_MANAGED_PKG|Centify
13:42:36.15 (16829478)|ENTERING_MANAGED_PKG|Centify
13:42:36.15 (16890802)|ENTERING_MANAGED_PKG|Centify
13:42:36.15 (17631216)|ENTERING_MANAGED_PKG|Centify
13:42:36.15 (17923756)|ENTERING_MANAGED_PKG|Centify
13:42:36.15 (17952812)|ENTERING_MANAGED_PKG|Centify
13:42:36.15 (18029317)|ENTERING_MANAGED_PKG|Centify
13:42:36.15 (18073327)|ENTERING_MANAGED_PKG|Centify
13:42:36.15 (18106028)|ENTERING_MANAGED_PKG|Centify
13:42:36.15 (18126887)|ENTERING_MANAGED_PKG|Centify
13:42:36.15 (18150090)|ENTERING_MANAGED_PKG|Centify
13:42:36.15 (18351997)|ENTERING_MANAGED_PKG|Centify
13:42:36.15 (54980462)|ENTERING_MANAGED_PKG|Centify
13:42:36.15 (55073524)|ENTERING_MANAGED_PKG|Centify
13:42:36.15 (55216360)|ENTERING_MANAGED_PKG|Centify
13:42:36.15 (55263019)|ENTERING_MANAGED_PKG|Centify
13:42:36.15 (269311236)|ENTERING_MANAGED_PKG|Centify
13:42:36.15 (337399944)|ENTERING_MANAGED_PKG|Centify
13:42:36.15 (350515995)|ENTERING_MANAGED_PKG|Centify
13:42:36.15 (350568392)|ENTERING_MANAGED_PKG|Centify
13:42:36.15 (350651158)|ENTERING_MANAGED_PKG|Centify
13:42:36.15 (350685900)|ENTERING_MANAGED_PKG|Centify
13:42:36.15 (350756141)|ENTERING_MANAGED_PKG|Centify
13:42:36.15 (384531515)|ENTERING_MANAGED_PKG|Centify
13:42:36.15 (402322641)|ENTERING_MANAGED_PKG|Centify
13:42:36.15 (402383370)|ENTERING_MANAGED_PKG|Centify
13:42:36.15 (402466847)|ENTERING_MANAGED_PKG|Centify
13:42:36.15 (402502647)|ENTERING_MANAGED_PKG|Centify
13:42:36.15 (402571695)|ENTERING_MANAGED_PKG|Centify
13:42:36.15 (437806216)|ENTERING_MANAGED_PKG|Centify
13:42:36.15 (453013018)|ENTERING_MANAGED_PKG|Centify
13:42:36.15 (453069783)|ENTERING_MANAGED_PKG|Centify
13:42:36.15 (453158828)|ENTERING_MANAGED_PKG|Centify
13:42:36.15 (453195490)|ENTERING_MANAGED_PKG|Centify
13:42:36.15 (453264446)|ENTERING_MANAGED_PKG|Centify
13:42:36.15 (485822420)|ENTERING_MANAGED_PKG|Centify
13:42:36.15 (501225923)|ENTERING_MANAGED_PKG|Centify
13:42:36.15 (501282048)|ENTERING_MANAGED_PKG|Centify
13:42:36.15 (501365018)|ENTERING_MANAGED_PKG|Centify
13:42:36.15 (501400049)|ENTERING_MANAGED_PKG|Centify
13:42:36.15 (501468009)|ENTERING_MANAGED_PKG|Centify
13:42:36.15 (535621103)|ENTERING_MANAGED_PKG|Centify
13:42:36.15 (551345732)|ENTERING_MANAGED_PKG|Centify
13:42:36.15 (551402153)|ENTERING_MANAGED_PKG|Centify
13:42:36.15 (551483318)|ENTERING_MANAGED_PKG|Centify
13:42:36.15 (551517337)|ENTERING_MANAGED_PKG|Centify
13:42:36.15 (551585887)|ENTERING_MANAGED_PKG|Centify
13:42:36.15 (583958728)|ENTERING_MANAGED_PKG|Centify
13:42:36.15 (599335149)|ENTERING_MANAGED_PKG|Centify
13:42:36.15 (599389967)|ENTERING_MANAGED_PKG|Centify
13:42:36.15 (599470981)|ENTERING_MANAGED_PKG|Centify
13:42:36.15 (599505863)|ENTERING_MANAGED_PKG|Centify
13:42:36.15 (599577342)|ENTERING_MANAGED_PKG|Centify
13:42:36.15 (640330988)|ENTERING_MANAGED_PKG|Centify
13:42:36.15 (656971737)|ENTERING_MANAGED_PKG|Centify
13:42:36.15 (657026623)|ENTERING_MANAGED_PKG|Centify
13:42:36.15 (657109277)|ENTERING_MANAGED_PKG|Centify
13:42:36.15 (657145917)|ENTERING_MANAGED_PKG|Centify
13:42:36.15 (657220321)|ENTERING_MANAGED_PKG|Centify
13:42:36.15 (703935175)|ENTERING_MANAGED_PKG|Centify
13:42:36.15 (703999317)|ENTERING_MANAGED_PKG|Centify
13:42:36.15 (704143797)|ENTERING_MANAGED_PKG|Centify
13:42:36.15 (704176470)|ENTERING_MANAGED_PKG|Centify
13:42:36.15 (704324684)|ENTERING_MANAGED_PKG|Centify
13:42:36.15 (704366079)|ENTERING_MANAGED_PKG|Centify
13:42:36.15 (704411067)|ENTERING_MANAGED_PKG|Centify
13:42:36.15 (704687654)|ENTERING_MANAGED_PKG|Centify
13:42:36.15 (704770191)|ENTERING_MANAGED_PKG|Centify
13:42:36.15 (716579346)|ENTERING_MANAGED_PKG|Centify
13:42:36.15 (716772609)|ENTERING_MANAGED_PKG|Centify
13:42:36.15 (717639847)|ENTERING_MANAGED_PKG|Centify
13:42:36.15 (718621186)|SOQL_EXECUTE_BEGIN|[16]|Aggregations:0|select id,lastmodifieddate,isdeleted,name,ownerid,has_the_save_strategy_been_implemented__c,status__c,product_type__c from Cases__c where LastModifiedDate >2018-11-06T03:37:26Z AND LastModifiedDate < 2018-11-06T03:42:42Z  ORDER BY SystemModStamp DESC LIMIT 5000  ALL ROWS
13:42:36.15 (726777418)|SOQL_EXECUTE_END|[16]|Rows:0
13:42:36.748 (748721107)|CUMULATIVE_LIMIT_USAGE
13:42:36.748 (748721107)|LIMIT_USAGE_FOR_NS|(default)|
  Number of SOQL queries: 0 out of 200
  Number of query rows: 0 out of 50000
  Number of SOSL queries: 0 out of 20
  Number of DML statements: 0 out of 150
  Number of DML rows: 0 out of 10000
  Maximum CPU time: 0 out of 60000
  Maximum heap size: 0 out of 12000000
  Number of callouts: 0 out of 0
  Number of Email Invocations: 0 out of 10
  Number of future calls: 0 out of 0
  Number of queueable jobs added to the queue: 0 out of 1
  Number of Mobile Apex push calls: 0 out of 10

13:42:36.748 (748721107)|LIMIT_USAGE_FOR_NS|Centify|
  Number of SOQL queries: 0 out of 200
  Number of query rows: 0 out of 50000
  Number of SOSL queries: 0 out of 20
  Number of DML statements: 0 out of 150
  Number of DML rows: 0 out of 10000
  Maximum CPU time: 0 out of 60000
  Maximum heap size: 0 out of 12000000
  Number of callouts: 0 out of 0
  Number of Email Invocations: 0 out of 10
  Number of future calls: 0 out of 0
  Number of queueable jobs added to the queue: 0 out of 1
  Number of Mobile Apex push calls: 0 out of 10

13:42:36.748 (748721107)|CUMULATIVE_LIMIT_USAGE_END

