37.0 APEX_CODE,FINEST;APEX_PROFILING,INFO;CALLOUT,INFO;DB,INFO;NBA,INFO;SYSTEM,DEBUG;VALIDATION,INFO;VISUALFORCE,INFO;WAVE,INFO;WORKFLOW,INFO
17:30:05.0 (818397)|ENTERING_MANAGED_PKG|Centify
17:30:05.0 (4181090)|ENTERING_MANAGED_PKG|Centify
17:30:05.0 (4234032)|ENTERING_MANAGED_PKG|Centify
17:30:05.0 (6609466)|ENTERING_MANAGED_PKG|Centify
17:30:05.0 (6670645)|ENTERING_MANAGED_PKG|Centify
17:30:05.0 (6819974)|ENTERING_MANAGED_PKG|Centify
17:30:05.0 (8515375)|ENTERING_MANAGED_PKG|Centify
17:30:05.0 (8609980)|ENTERING_MANAGED_PKG|Centify
17:30:05.0 (8725141)|ENTERING_MANAGED_PKG|Centify
17:30:05.0 (9135132)|ENTERING_MANAGED_PKG|Centify
17:30:05.0 (9362968)|ENTERING_MANAGED_PKG|Centify
17:30:05.0 (9527113)|ENTERING_MANAGED_PKG|Centify
17:30:05.0 (9659210)|ENTERING_MANAGED_PKG|Centify
17:30:05.0 (9803993)|ENTERING_MANAGED_PKG|Centify
17:30:05.0 (9949138)|ENTERING_MANAGED_PKG|Centify
17:30:05.0 (10224500)|ENTERING_MANAGED_PKG|Centify
17:30:05.0 (14852523)|ENTERING_MANAGED_PKG|Centify
17:30:05.0 (14959685)|ENTERING_MANAGED_PKG|Centify
17:30:05.0 (15424457)|ENTERING_MANAGED_PKG|Centify
17:30:05.0 (15552531)|ENTERING_MANAGED_PKG|Centify
17:30:05.0 (15641775)|ENTERING_MANAGED_PKG|Centify
17:30:05.0 (17502816)|ENTERING_MANAGED_PKG|Centify
17:30:05.0 (17574647)|ENTERING_MANAGED_PKG|Centify
17:30:05.0 (20139632)|SOQL_EXECUTE_BEGIN|[366]|Aggregations:0|SELECT Id, Label, MasterLabel, DeveloperName, Endpoint__c, TimeOut__c FROM Endpoint_Setting__mdt LIMIT 50
17:30:05.0 (26103731)|SOQL_EXECUTE_END|[366]|Rows:24
17:30:05.0 (29468862)|ENTERING_MANAGED_PKG|Centify
17:30:05.0 (29987503)|ENTERING_MANAGED_PKG|Centify
17:30:05.0 (30028832)|ENTERING_MANAGED_PKG|Centify
17:30:05.0 (30445518)|ENTERING_MANAGED_PKG|Centify
17:30:05.0 (30490388)|ENTERING_MANAGED_PKG|Centify
17:30:05.0 (30530730)|ENTERING_MANAGED_PKG|Centify
17:30:05.0 (30555402)|ENTERING_MANAGED_PKG|Centify
17:30:05.0 (31419604)|ENTERING_MANAGED_PKG|Centify
17:30:05.0 (31482337)|ENTERING_MANAGED_PKG|Centify
17:30:05.0 (35223480)|ENTERING_MANAGED_PKG|Centify
17:30:05.0 (35275854)|ENTERING_MANAGED_PKG|Centify
17:30:05.0 (35329801)|ENTERING_MANAGED_PKG|Centify
17:30:05.0 (35380947)|ENTERING_MANAGED_PKG|Centify
17:30:05.0 (35463629)|ENTERING_MANAGED_PKG|Centify
17:30:05.0 (37852438)|ENTERING_MANAGED_PKG|Centify
17:30:05.0 (37953166)|ENTERING_MANAGED_PKG|Centify
17:30:05.0 (38613909)|ENTERING_MANAGED_PKG|Centify
17:30:05.0 (463479323)|ENTERING_MANAGED_PKG|Centify
17:30:05.0 (466221920)|ENTERING_MANAGED_PKG|Centify
17:30:05.0 (468405451)|ENTERING_MANAGED_PKG|Centify
17:30:05.0 (471386926)|ENTERING_MANAGED_PKG|Centify
17:30:05.0 (471433946)|ENTERING_MANAGED_PKG|Centify
17:30:05.0 (471504116)|ENTERING_MANAGED_PKG|Centify
17:30:05.0 (471621558)|ENTERING_MANAGED_PKG|Centify
17:30:05.0 (471838044)|ENTERING_MANAGED_PKG|Centify
17:30:05.0 (471898522)|ENTERING_MANAGED_PKG|Centify
17:30:05.0 (471975352)|ENTERING_MANAGED_PKG|Centify
17:30:05.0 (472013563)|ENTERING_MANAGED_PKG|Centify
17:30:05.0 (472092626)|ENTERING_MANAGED_PKG|Centify
17:30:05.0 (472143479)|ENTERING_MANAGED_PKG|Centify
17:30:05.0 (472221089)|ENTERING_MANAGED_PKG|Centify
17:30:05.0 (472467928)|ENTERING_MANAGED_PKG|Centify
17:30:05.0 (473759788)|DML_BEGIN|[146]|Op:Delete|Type:Centify__Notification__c|Rows:1
17:30:05.0 (585036324)|DML_END|[146]
