37.0 APEX_CODE,FINEST;APEX_PROFILING,INFO;CALLOUT,INFO;DB,INFO;NBA,INFO;SYSTEM,DEBUG;VALIDATION,INFO;VISUALFORCE,INFO;WAVE,INFO;WORKFLOW,INFO
11:37:02.26 (26079305)|ENTERING_MANAGED_PKG|Centify
11:37:02.26 (28085784)|ENTERING_MANAGED_PKG|Centify
11:37:02.26 (28140970)|ENTERING_MANAGED_PKG|Centify
11:37:02.26 (28931305)|ENTERING_MANAGED_PKG|Centify
11:37:02.26 (29003197)|ENTERING_MANAGED_PKG|Centify
11:37:02.26 (29856139)|ENTERING_MANAGED_PKG|Centify
11:37:02.26 (30269993)|ENTERING_MANAGED_PKG|Centify
11:37:02.26 (30319149)|ENTERING_MANAGED_PKG|Centify
11:37:02.26 (30479370)|ENTERING_MANAGED_PKG|Centify
11:37:02.26 (30528514)|ENTERING_MANAGED_PKG|Centify
11:37:02.26 (30578992)|ENTERING_MANAGED_PKG|Centify
11:37:02.26 (30603154)|ENTERING_MANAGED_PKG|Centify
11:37:02.26 (30620991)|ENTERING_MANAGED_PKG|Centify
11:37:02.26 (30826029)|ENTERING_MANAGED_PKG|Centify
11:37:02.26 (72067152)|ENTERING_MANAGED_PKG|Centify
11:37:02.26 (72137254)|ENTERING_MANAGED_PKG|Centify
11:37:02.26 (72247796)|ENTERING_MANAGED_PKG|Centify
11:37:02.26 (72293594)|ENTERING_MANAGED_PKG|Centify
11:37:02.26 (331378872)|ENTERING_MANAGED_PKG|Centify
11:37:02.26 (407608863)|ENTERING_MANAGED_PKG|Centify
11:37:02.26 (425715908)|ENTERING_MANAGED_PKG|Centify
11:37:02.26 (425776446)|ENTERING_MANAGED_PKG|Centify
11:37:02.26 (425861182)|ENTERING_MANAGED_PKG|Centify
11:37:02.26 (425895985)|ENTERING_MANAGED_PKG|Centify
11:37:02.26 (425965815)|ENTERING_MANAGED_PKG|Centify
11:37:02.26 (462348453)|ENTERING_MANAGED_PKG|Centify
11:37:02.26 (481278461)|ENTERING_MANAGED_PKG|Centify
11:37:02.26 (481367050)|ENTERING_MANAGED_PKG|Centify
11:37:02.26 (481465683)|ENTERING_MANAGED_PKG|Centify
11:37:02.26 (481503895)|ENTERING_MANAGED_PKG|Centify
11:37:02.26 (481610388)|ENTERING_MANAGED_PKG|Centify
11:37:02.26 (529461228)|ENTERING_MANAGED_PKG|Centify
11:37:02.26 (547463741)|ENTERING_MANAGED_PKG|Centify
11:37:02.26 (547522951)|ENTERING_MANAGED_PKG|Centify
11:37:02.26 (547608732)|ENTERING_MANAGED_PKG|Centify
11:37:02.26 (547644854)|ENTERING_MANAGED_PKG|Centify
11:37:02.26 (547715708)|ENTERING_MANAGED_PKG|Centify
11:37:02.26 (591890488)|ENTERING_MANAGED_PKG|Centify
11:37:02.26 (611715169)|ENTERING_MANAGED_PKG|Centify
11:37:02.26 (611797590)|ENTERING_MANAGED_PKG|Centify
11:37:02.26 (611923212)|ENTERING_MANAGED_PKG|Centify
11:37:02.26 (611979080)|ENTERING_MANAGED_PKG|Centify
11:37:02.26 (612082354)|ENTERING_MANAGED_PKG|Centify
11:37:02.26 (664868593)|ENTERING_MANAGED_PKG|Centify
11:37:02.26 (684683848)|ENTERING_MANAGED_PKG|Centify
11:37:02.26 (684746470)|ENTERING_MANAGED_PKG|Centify
11:37:02.26 (684830897)|ENTERING_MANAGED_PKG|Centify
11:37:02.26 (684866171)|ENTERING_MANAGED_PKG|Centify
11:37:02.26 (684935951)|ENTERING_MANAGED_PKG|Centify
11:37:02.26 (822065146)|ENTERING_MANAGED_PKG|Centify
11:37:02.26 (840483516)|ENTERING_MANAGED_PKG|Centify
11:37:02.26 (840541563)|ENTERING_MANAGED_PKG|Centify
11:37:02.26 (840624420)|ENTERING_MANAGED_PKG|Centify
11:37:02.26 (840658361)|ENTERING_MANAGED_PKG|Centify
11:37:02.26 (840728056)|ENTERING_MANAGED_PKG|Centify
11:37:03.516 (1516637363)|ENTERING_MANAGED_PKG|Centify
11:37:03.516 (1553011645)|ENTERING_MANAGED_PKG|Centify
11:37:03.516 (1553097306)|ENTERING_MANAGED_PKG|Centify
11:37:03.516 (1553249402)|ENTERING_MANAGED_PKG|Centify
11:37:03.516 (1553313312)|ENTERING_MANAGED_PKG|Centify
11:37:03.516 (1553450544)|ENTERING_MANAGED_PKG|Centify
11:37:03.516 (1605615063)|ENTERING_MANAGED_PKG|Centify
11:37:03.516 (1635990332)|ENTERING_MANAGED_PKG|Centify
11:37:03.516 (1636071166)|ENTERING_MANAGED_PKG|Centify
11:37:03.516 (1636223955)|ENTERING_MANAGED_PKG|Centify
11:37:03.516 (1636293274)|ENTERING_MANAGED_PKG|Centify
11:37:03.516 (1636422473)|ENTERING_MANAGED_PKG|Centify
11:37:03.516 (1711140370)|ENTERING_MANAGED_PKG|Centify
11:37:03.516 (1739676191)|ENTERING_MANAGED_PKG|Centify
11:37:03.516 (1739736086)|ENTERING_MANAGED_PKG|Centify
11:37:03.516 (1739825062)|ENTERING_MANAGED_PKG|Centify
11:37:03.516 (1739861825)|ENTERING_MANAGED_PKG|Centify
11:37:03.516 (1739931160)|ENTERING_MANAGED_PKG|Centify
11:37:03.516 (1793205228)|ENTERING_MANAGED_PKG|Centify
11:37:03.516 (1822510944)|ENTERING_MANAGED_PKG|Centify
11:37:03.516 (1822592490)|ENTERING_MANAGED_PKG|Centify
11:37:03.516 (1822729655)|ENTERING_MANAGED_PKG|Centify
11:37:03.516 (1822798412)|ENTERING_MANAGED_PKG|Centify
11:37:03.516 (1822920058)|ENTERING_MANAGED_PKG|Centify
11:37:03.516 (1885098909)|ENTERING_MANAGED_PKG|Centify
11:37:03.516 (1912616790)|ENTERING_MANAGED_PKG|Centify
11:37:03.516 (1912700608)|ENTERING_MANAGED_PKG|Centify
11:37:03.516 (1912927414)|ENTERING_MANAGED_PKG|Centify
11:37:03.516 (1912987572)|ENTERING_MANAGED_PKG|Centify
11:37:03.516 (1913099399)|ENTERING_MANAGED_PKG|Centify
11:37:03.516 (1972446838)|ENTERING_MANAGED_PKG|Centify
11:37:03.516 (1972525508)|ENTERING_MANAGED_PKG|Centify
11:37:03.516 (1972715393)|ENTERING_MANAGED_PKG|Centify
11:37:03.516 (1972768072)|ENTERING_MANAGED_PKG|Centify
11:37:03.516 (1973018925)|ENTERING_MANAGED_PKG|Centify
11:37:03.516 (1973085938)|ENTERING_MANAGED_PKG|Centify
11:37:03.516 (1973139330)|ENTERING_MANAGED_PKG|Centify
11:37:03.516 (1974303519)|ENTERING_MANAGED_PKG|Centify
11:37:03.516 (1974426379)|ENTERING_MANAGED_PKG|Centify
11:37:03.516 (1989793582)|ENTERING_MANAGED_PKG|Centify
11:37:03.516 (1989913648)|ENTERING_MANAGED_PKG|Centify
11:37:03.516 (1990076342)|ENTERING_MANAGED_PKG|Centify
11:37:03.516 (1991162765)|ENTERING_MANAGED_PKG|Centify
11:37:03.516 (1992535022)|SOQL_EXECUTE_BEGIN|[16]|Aggregations:0|select id,lastmodifieddate,isdeleted,salesperson__c,has_gtm_code_been_sent_to_client__c,are_all_possible_extensions_setup__c,status__c,product_type__c,ownerid,createddate,name,management_price__c from Sign_Up__c where LastModifiedDate >2018-10-23T01:35:29Z AND LastModifiedDate < 2018-10-23T01:37:09Z AND (  Management_Price__c > 0.00)  ORDER BY SystemModStamp DESC LIMIT 5000  ALL ROWS
11:37:03.516 (2002413009)|SOQL_EXECUTE_END|[16]|Rows:0
11:37:04.45 (2045994593)|CUMULATIVE_LIMIT_USAGE
11:37:04.45 (2045994593)|LIMIT_USAGE_FOR_NS|(default)|
  Number of SOQL queries: 0 out of 200
  Number of query rows: 0 out of 50000
  Number of SOSL queries: 0 out of 20
  Number of DML statements: 0 out of 150
  Number of DML rows: 0 out of 10000
  Maximum CPU time: 0 out of 60000
  Maximum heap size: 0 out of 12000000
  Number of callouts: 0 out of 0
  Number of Email Invocations: 0 out of 10
  Number of future calls: 0 out of 0
  Number of queueable jobs added to the queue: 0 out of 1
  Number of Mobile Apex push calls: 0 out of 10

11:37:04.45 (2045994593)|LIMIT_USAGE_FOR_NS|Centify|
  Number of SOQL queries: 0 out of 200
  Number of query rows: 0 out of 50000
  Number of SOSL queries: 0 out of 20
  Number of DML statements: 0 out of 150
  Number of DML rows: 0 out of 10000
  Maximum CPU time: 0 out of 60000
  Maximum heap size: 0 out of 12000000
  Number of callouts: 0 out of 0
  Number of Email Invocations: 0 out of 10
  Number of future calls: 0 out of 0
  Number of queueable jobs added to the queue: 0 out of 1
  Number of Mobile Apex push calls: 0 out of 10

11:37:04.45 (2045994593)|CUMULATIVE_LIMIT_USAGE_END

