37.0 APEX_CODE,FINEST;APEX_PROFILING,INFO;CALLOUT,INFO;DB,INFO;NBA,INFO;SYSTEM,DEBUG;VALIDATION,INFO;VISUALFORCE,INFO;WAVE,INFO;WORKFLOW,INFO
13:46:15.13 (13855099)|ENTERING_MANAGED_PKG|Centify
13:46:15.13 (15321437)|ENTERING_MANAGED_PKG|Centify
13:46:15.13 (15399668)|ENTERING_MANAGED_PKG|Centify
13:46:15.13 (15582539)|ENTERING_MANAGED_PKG|Centify
13:46:15.13 (15660006)|ENTERING_MANAGED_PKG|Centify
13:46:15.13 (16574912)|ENTERING_MANAGED_PKG|Centify
13:46:15.13 (16910879)|ENTERING_MANAGED_PKG|Centify
13:46:15.13 (16941337)|ENTERING_MANAGED_PKG|Centify
13:46:15.13 (17032282)|ENTERING_MANAGED_PKG|Centify
13:46:15.13 (17117923)|ENTERING_MANAGED_PKG|Centify
13:46:15.13 (17204985)|ENTERING_MANAGED_PKG|Centify
13:46:15.13 (17235219)|ENTERING_MANAGED_PKG|Centify
13:46:15.13 (17257182)|ENTERING_MANAGED_PKG|Centify
13:46:15.13 (17463223)|ENTERING_MANAGED_PKG|Centify
13:46:15.13 (61632331)|ENTERING_MANAGED_PKG|Centify
13:46:15.13 (61719737)|ENTERING_MANAGED_PKG|Centify
13:46:15.13 (61859598)|ENTERING_MANAGED_PKG|Centify
13:46:15.13 (61914709)|ENTERING_MANAGED_PKG|Centify
13:46:15.13 (224970992)|ENTERING_MANAGED_PKG|Centify
13:46:15.13 (279839936)|ENTERING_MANAGED_PKG|Centify
13:46:15.13 (295256550)|ENTERING_MANAGED_PKG|Centify
13:46:15.13 (295318630)|ENTERING_MANAGED_PKG|Centify
13:46:15.13 (295400987)|ENTERING_MANAGED_PKG|Centify
13:46:15.13 (295434951)|ENTERING_MANAGED_PKG|Centify
13:46:15.13 (295503971)|ENTERING_MANAGED_PKG|Centify
13:46:15.13 (332898714)|ENTERING_MANAGED_PKG|Centify
13:46:15.13 (356079010)|ENTERING_MANAGED_PKG|Centify
13:46:15.13 (356140646)|ENTERING_MANAGED_PKG|Centify
13:46:15.13 (356251868)|ENTERING_MANAGED_PKG|Centify
13:46:15.13 (356290977)|ENTERING_MANAGED_PKG|Centify
13:46:15.13 (356363407)|ENTERING_MANAGED_PKG|Centify
13:46:15.13 (397534438)|ENTERING_MANAGED_PKG|Centify
13:46:15.13 (415282730)|ENTERING_MANAGED_PKG|Centify
13:46:15.13 (415337891)|ENTERING_MANAGED_PKG|Centify
13:46:15.13 (415420465)|ENTERING_MANAGED_PKG|Centify
13:46:15.13 (415456199)|ENTERING_MANAGED_PKG|Centify
13:46:15.13 (415524290)|ENTERING_MANAGED_PKG|Centify
13:46:15.13 (452634759)|ENTERING_MANAGED_PKG|Centify
13:46:15.13 (469961598)|ENTERING_MANAGED_PKG|Centify
13:46:15.13 (470018574)|ENTERING_MANAGED_PKG|Centify
13:46:15.13 (470100393)|ENTERING_MANAGED_PKG|Centify
13:46:15.13 (470135500)|ENTERING_MANAGED_PKG|Centify
13:46:15.13 (470202270)|ENTERING_MANAGED_PKG|Centify
13:46:15.13 (520999022)|ENTERING_MANAGED_PKG|Centify
13:46:15.13 (545691161)|ENTERING_MANAGED_PKG|Centify
13:46:15.13 (545749626)|ENTERING_MANAGED_PKG|Centify
13:46:15.13 (545833758)|ENTERING_MANAGED_PKG|Centify
13:46:15.13 (545869835)|ENTERING_MANAGED_PKG|Centify
13:46:15.13 (545945668)|ENTERING_MANAGED_PKG|Centify
13:46:15.13 (596665375)|ENTERING_MANAGED_PKG|Centify
13:46:15.13 (614596033)|ENTERING_MANAGED_PKG|Centify
13:46:15.13 (614653728)|ENTERING_MANAGED_PKG|Centify
13:46:15.13 (614737680)|ENTERING_MANAGED_PKG|Centify
13:46:15.13 (614773463)|ENTERING_MANAGED_PKG|Centify
13:46:15.13 (614841956)|ENTERING_MANAGED_PKG|Centify
13:46:15.13 (662870233)|ENTERING_MANAGED_PKG|Centify
13:46:15.13 (684740071)|ENTERING_MANAGED_PKG|Centify
13:46:15.13 (684796913)|ENTERING_MANAGED_PKG|Centify
13:46:15.13 (684880628)|ENTERING_MANAGED_PKG|Centify
13:46:15.13 (684916827)|ENTERING_MANAGED_PKG|Centify
13:46:15.13 (684993731)|ENTERING_MANAGED_PKG|Centify
13:46:15.13 (730653502)|ENTERING_MANAGED_PKG|Centify
13:46:15.13 (747760880)|ENTERING_MANAGED_PKG|Centify
13:46:15.13 (747825207)|ENTERING_MANAGED_PKG|Centify
13:46:15.13 (747921121)|ENTERING_MANAGED_PKG|Centify
13:46:15.13 (747971887)|ENTERING_MANAGED_PKG|Centify
13:46:15.13 (748046251)|ENTERING_MANAGED_PKG|Centify
13:46:15.13 (785045630)|ENTERING_MANAGED_PKG|Centify
13:46:15.13 (804353799)|ENTERING_MANAGED_PKG|Centify
13:46:15.13 (804416703)|ENTERING_MANAGED_PKG|Centify
13:46:15.13 (804503499)|ENTERING_MANAGED_PKG|Centify
13:46:15.13 (804539719)|ENTERING_MANAGED_PKG|Centify
13:46:15.13 (804610488)|ENTERING_MANAGED_PKG|Centify
13:46:15.13 (858345881)|ENTERING_MANAGED_PKG|Centify
13:46:15.13 (883602754)|ENTERING_MANAGED_PKG|Centify
13:46:15.13 (883690200)|ENTERING_MANAGED_PKG|Centify
13:46:15.13 (883831621)|ENTERING_MANAGED_PKG|Centify
13:46:15.13 (883889601)|ENTERING_MANAGED_PKG|Centify
13:46:15.13 (884014257)|ENTERING_MANAGED_PKG|Centify
13:46:15.13 (934631168)|ENTERING_MANAGED_PKG|Centify
13:46:15.13 (958456546)|ENTERING_MANAGED_PKG|Centify
13:46:15.13 (958520502)|ENTERING_MANAGED_PKG|Centify
13:46:15.13 (958607249)|ENTERING_MANAGED_PKG|Centify
13:46:15.13 (958644052)|ENTERING_MANAGED_PKG|Centify
13:46:15.13 (958720882)|ENTERING_MANAGED_PKG|Centify
13:46:15.13 (996959238)|ENTERING_MANAGED_PKG|Centify
13:46:15.13 (997039794)|ENTERING_MANAGED_PKG|Centify
13:46:15.13 (997171804)|ENTERING_MANAGED_PKG|Centify
13:46:15.13 (997198731)|ENTERING_MANAGED_PKG|Centify
13:46:15.13 (997350873)|ENTERING_MANAGED_PKG|Centify
13:46:15.13 (997395725)|ENTERING_MANAGED_PKG|Centify
13:46:15.13 (997441194)|ENTERING_MANAGED_PKG|Centify
13:46:15.13 (997733299)|ENTERING_MANAGED_PKG|Centify
13:46:15.13 (997818493)|ENTERING_MANAGED_PKG|Centify
13:46:15.13 (1009047171)|ENTERING_MANAGED_PKG|Centify
13:46:15.13 (1009130662)|ENTERING_MANAGED_PKG|Centify
13:46:15.13 (1009229181)|ENTERING_MANAGED_PKG|Centify
13:46:15.13 (1009878133)|ENTERING_MANAGED_PKG|Centify
13:46:15.13 (1010851018)|SOQL_EXECUTE_BEGIN|[16]|Aggregations:0|select id,lastmodifieddate,isdeleted,salesperson__c,has_gtm_code_been_sent_to_client__c,are_all_possible_extensions_setup__c,status__c,product_type__c,ownerid,createddate,name,management_price__c from Sign_Up__c where LastModifiedDate >2018-11-06T03:45:11Z AND LastModifiedDate < 2018-11-06T03:46:21Z AND (  Management_Price__c > 0.00)  ORDER BY SystemModStamp DESC LIMIT 5000  ALL ROWS
13:46:16.17 (1017242684)|SOQL_EXECUTE_END|[16]|Rows:0
13:46:16.39 (1039292449)|CUMULATIVE_LIMIT_USAGE
13:46:16.39 (1039292449)|LIMIT_USAGE_FOR_NS|(default)|
  Number of SOQL queries: 0 out of 200
  Number of query rows: 0 out of 50000
  Number of SOSL queries: 0 out of 20
  Number of DML statements: 0 out of 150
  Number of DML rows: 0 out of 10000
  Maximum CPU time: 0 out of 60000
  Maximum heap size: 0 out of 12000000
  Number of callouts: 0 out of 0
  Number of Email Invocations: 0 out of 10
  Number of future calls: 0 out of 0
  Number of queueable jobs added to the queue: 0 out of 1
  Number of Mobile Apex push calls: 0 out of 10

13:46:16.39 (1039292449)|LIMIT_USAGE_FOR_NS|Centify|
  Number of SOQL queries: 0 out of 200
  Number of query rows: 0 out of 50000
  Number of SOSL queries: 0 out of 20
  Number of DML statements: 0 out of 150
  Number of DML rows: 0 out of 10000
  Maximum CPU time: 0 out of 60000
  Maximum heap size: 0 out of 12000000
  Number of callouts: 0 out of 0
  Number of Email Invocations: 0 out of 10
  Number of future calls: 0 out of 0
  Number of queueable jobs added to the queue: 0 out of 1
  Number of Mobile Apex push calls: 0 out of 10

13:46:16.39 (1039292449)|CUMULATIVE_LIMIT_USAGE_END

