37.0 APEX_CODE,FINEST;APEX_PROFILING,INFO;CALLOUT,INFO;DB,INFO;NBA,INFO;SYSTEM,DEBUG;VALIDATION,INFO;VISUALFORCE,INFO;WAVE,INFO;WORKFLOW,INFO
11:37:47.26 (26406228)|ENTERING_MANAGED_PKG|Centify
11:37:47.26 (30499959)|ENTERING_MANAGED_PKG|Centify
11:37:47.26 (30549716)|ENTERING_MANAGED_PKG|Centify
11:37:47.26 (33544625)|ENTERING_MANAGED_PKG|Centify
11:37:47.26 (33606974)|ENTERING_MANAGED_PKG|Centify
11:37:47.26 (33714257)|ENTERING_MANAGED_PKG|Centify
11:37:47.26 (34159156)|ENTERING_MANAGED_PKG|Centify
11:37:47.26 (42051676)|ENTERING_MANAGED_PKG|Centify
11:37:47.26 (42104082)|ENTERING_MANAGED_PKG|Centify
11:37:47.26 (42345792)|ENTERING_MANAGED_PKG|Centify
11:37:47.26 (42379806)|ENTERING_MANAGED_PKG|Centify
11:37:47.26 (42643790)|ENTERING_MANAGED_PKG|Centify
11:37:47.26 (43961624)|ENTERING_MANAGED_PKG|Centify
11:37:47.26 (44012646)|ENTERING_MANAGED_PKG|Centify
11:37:47.26 (44125567)|ENTERING_MANAGED_PKG|Centify
11:37:47.26 (44212433)|ENTERING_MANAGED_PKG|Centify
11:37:47.26 (44247198)|ENTERING_MANAGED_PKG|Centify
11:37:47.26 (44317169)|ENTERING_MANAGED_PKG|Centify
11:37:47.26 (44341045)|ENTERING_MANAGED_PKG|Centify
11:37:47.26 (80660072)|ENTERING_MANAGED_PKG|Centify
11:37:47.26 (80849608)|ENTERING_MANAGED_PKG|Centify
11:37:47.26 (80901741)|ENTERING_MANAGED_PKG|Centify
11:37:47.26 (81750454)|ENTERING_MANAGED_PKG|Centify
11:37:47.26 (81795657)|ENTERING_MANAGED_PKG|Centify
11:37:47.26 (81834750)|ENTERING_MANAGED_PKG|Centify
11:37:47.26 (81988746)|ENTERING_MANAGED_PKG|Centify
11:37:47.26 (82048669)|ENTERING_MANAGED_PKG|Centify
11:37:47.26 (82983934)|ENTERING_MANAGED_PKG|Centify
11:37:47.26 (83161753)|ENTERING_MANAGED_PKG|Centify
11:37:47.26 (83291007)|ENTERING_MANAGED_PKG|Centify
11:37:47.26 (83362929)|ENTERING_MANAGED_PKG|Centify
11:37:47.26 (83441770)|ENTERING_MANAGED_PKG|Centify
11:37:47.26 (83505483)|ENTERING_MANAGED_PKG|Centify
11:37:47.26 (83585147)|ENTERING_MANAGED_PKG|Centify
11:37:47.26 (83647689)|ENTERING_MANAGED_PKG|Centify
11:37:47.26 (83719225)|ENTERING_MANAGED_PKG|Centify
11:37:47.26 (83849638)|ENTERING_MANAGED_PKG|Centify
11:37:47.26 (83931252)|ENTERING_MANAGED_PKG|Centify
11:37:47.26 (84059827)|ENTERING_MANAGED_PKG|Centify
11:37:47.26 (84140148)|ENTERING_MANAGED_PKG|Centify
11:37:47.26 (84263806)|ENTERING_MANAGED_PKG|Centify
11:37:47.26 (84341583)|ENTERING_MANAGED_PKG|Centify
11:37:47.26 (84458192)|ENTERING_MANAGED_PKG|Centify
11:37:47.26 (84532701)|ENTERING_MANAGED_PKG|Centify
11:37:47.26 (85105260)|ENTERING_MANAGED_PKG|Centify
11:37:47.26 (85196542)|ENTERING_MANAGED_PKG|Centify
11:37:47.26 (85330857)|ENTERING_MANAGED_PKG|Centify
11:37:47.26 (85413898)|ENTERING_MANAGED_PKG|Centify
11:37:47.26 (85538388)|ENTERING_MANAGED_PKG|Centify
11:37:47.26 (85608718)|ENTERING_MANAGED_PKG|Centify
11:37:47.26 (86834396)|DML_BEGIN|[74]|Op:Insert|Type:Centify__Notification__c|Rows:1
11:37:47.26 (120454842)|DML_END|[74]
11:37:47.26 (120646285)|ENTERING_MANAGED_PKG|Centify
11:37:47.26 (121004756)|ENTERING_MANAGED_PKG|Centify
11:37:47.138 (138434517)|CUMULATIVE_LIMIT_USAGE
11:37:47.138 (138434517)|LIMIT_USAGE_FOR_NS|(default)|
  Number of SOQL queries: 0 out of 200
  Number of query rows: 0 out of 50000
  Number of SOSL queries: 0 out of 20
  Number of DML statements: 0 out of 150
  Number of DML rows: 0 out of 10000
  Maximum CPU time: 0 out of 60000
  Maximum heap size: 0 out of 12000000
  Number of callouts: 0 out of 0
  Number of Email Invocations: 0 out of 10
  Number of future calls: 0 out of 0
  Number of queueable jobs added to the queue: 0 out of 1
  Number of Mobile Apex push calls: 0 out of 10

11:37:47.138 (138434517)|LIMIT_USAGE_FOR_NS|Centify|
  Number of SOQL queries: 0 out of 200
  Number of query rows: 0 out of 50000
  Number of SOSL queries: 0 out of 20
  Number of DML statements: 0 out of 150
  Number of DML rows: 0 out of 10000
  Maximum CPU time: 0 out of 60000
  Maximum heap size: 0 out of 12000000
  Number of callouts: 0 out of 0
  Number of Email Invocations: 0 out of 10
  Number of future calls: 0 out of 0
  Number of queueable jobs added to the queue: 0 out of 1
  Number of Mobile Apex push calls: 0 out of 10

11:37:47.138 (138434517)|CUMULATIVE_LIMIT_USAGE_END

