35.0 APEX_CODE,FINEST;APEX_PROFILING,INFO;CALLOUT,INFO;DB,INFO;NBA,INFO;SYSTEM,DEBUG;VALIDATION,INFO;VISUALFORCE,INFO;WAVE,INFO;WORKFLOW,INFO
14:31:23.26 (26804453)|ENTERING_MANAGED_PKG|NVMContactWorld
14:31:23.26 (26955733)|ENTERING_MANAGED_PKG|NVMContactWorld
14:31:23.26 (27008640)|ENTERING_MANAGED_PKG|NVMContactWorld
14:31:23.26 (27036682)|ENTERING_MANAGED_PKG|NVMContactWorld
14:31:23.26 (27064598)|ENTERING_MANAGED_PKG|NVMContactWorld
14:31:23.26 (27105672)|ENTERING_MANAGED_PKG|NVMContactWorld
14:31:23.26 (27128142)|ENTERING_MANAGED_PKG|NVMContactWorld
14:31:23.26 (27144774)|ENTERING_MANAGED_PKG|NVMContactWorld
14:31:23.26 (27162159)|ENTERING_MANAGED_PKG|NVMContactWorld
14:31:23.26 (27428195)|ENTERING_MANAGED_PKG|NVMContactWorld
14:31:23.26 (27460696)|ENTERING_MANAGED_PKG|NVMContactWorld
14:31:23.26 (27474144)|ENTERING_MANAGED_PKG|NVMContactWorld
14:31:23.26 (27484862)|ENTERING_MANAGED_PKG|NVMContactWorld
14:31:23.26 (27495416)|ENTERING_MANAGED_PKG|NVMContactWorld
14:31:23.26 (27505677)|ENTERING_MANAGED_PKG|NVMContactWorld
14:31:23.26 (27542796)|ENTERING_MANAGED_PKG|NVMContactWorld
14:31:23.26 (27866890)|ENTERING_MANAGED_PKG|NVMContactWorld
14:31:23.26 (29251501)|ENTERING_MANAGED_PKG|NVMContactWorld
14:31:23.26 (29286429)|ENTERING_MANAGED_PKG|NVMContactWorld
14:31:23.26 (30557351)|SOQL_EXECUTE_BEGIN|[47]|Aggregations:0|SELECT Id, MostRecentCall__c, MostRecentCallEventTimestamp__c, MostRecentCallIsActive__c, NVM_Agent_Id__c, NotesCollapsed__c FROM User WHERE Id = :tmpVar1
14:31:23.26 (38250307)|SOQL_EXECUTE_END|[47]|Rows:1
14:31:23.26 (38663519)|ENTERING_MANAGED_PKG|NVMContactWorld
14:31:23.26 (38703939)|ENTERING_MANAGED_PKG|NVMContactWorld
14:31:23.26 (40549671)|ENTERING_MANAGED_PKG|NVMContactWorld
14:31:23.26 (40585762)|ENTERING_MANAGED_PKG|NVMContactWorld
14:31:23.26 (46341285)|ENTERING_MANAGED_PKG|NVMContactWorld
14:31:23.26 (46408747)|ENTERING_MANAGED_PKG|NVMContactWorld
14:31:23.26 (48521200)|ENTERING_MANAGED_PKG|NVMContactWorld
14:31:23.26 (48568644)|ENTERING_MANAGED_PKG|NVMContactWorld
14:31:23.26 (48617024)|ENTERING_MANAGED_PKG|NVMContactWorld
14:31:23.26 (48883894)|ENTERING_MANAGED_PKG|NVMContactWorld
14:31:23.26 (49060024)|ENTERING_MANAGED_PKG|NVMContactWorld
14:31:23.26 (49194464)|ENTERING_MANAGED_PKG|NVMContactWorld
14:31:23.26 (52256472)|ENTERING_MANAGED_PKG|NVMContactWorld
14:31:23.26 (52293389)|ENTERING_MANAGED_PKG|NVMContactWorld
14:31:23.26 (52327859)|ENTERING_MANAGED_PKG|NVMContactWorld
14:31:23.26 (52365467)|ENTERING_MANAGED_PKG|NVMContactWorld
14:31:23.26 (52394314)|ENTERING_MANAGED_PKG|NVMContactWorld
14:31:23.26 (52648068)|ENTERING_MANAGED_PKG|NVMContactWorld
14:31:23.26 (54630977)|ENTERING_MANAGED_PKG|NVMContactWorld
14:31:23.26 (54651854)|ENTERING_MANAGED_PKG|NVMContactWorld
14:31:23.26 (54775340)|ENTERING_MANAGED_PKG|NVMContactWorld
14:31:23.26 (55296610)|ENTERING_MANAGED_PKG|NVMContactWorld
14:31:23.26 (55431128)|ENTERING_MANAGED_PKG|NVMContactWorld
14:31:23.26 (55450856)|ENTERING_MANAGED_PKG|NVMContactWorld
14:31:23.26 (55530951)|ENTERING_MANAGED_PKG|NVMContactWorld
14:31:23.26 (55567133)|ENTERING_MANAGED_PKG|NVMContactWorld
14:31:23.26 (55675042)|ENTERING_MANAGED_PKG|NVMContactWorld
14:31:23.26 (55757426)|ENTERING_MANAGED_PKG|NVMContactWorld
14:31:23.26 (55833155)|ENTERING_MANAGED_PKG|NVMContactWorld
14:31:23.26 (56304782)|ENTERING_MANAGED_PKG|NVMContactWorld
14:31:23.26 (56328884)|ENTERING_MANAGED_PKG|NVMContactWorld
14:31:23.26 (56342051)|ENTERING_MANAGED_PKG|NVMContactWorld
14:31:23.26 (56369663)|ENTERING_MANAGED_PKG|NVMContactWorld
14:31:23.26 (56392318)|ENTERING_MANAGED_PKG|NVMContactWorld
14:31:23.26 (56555024)|ENTERING_MANAGED_PKG|NVMContactWorld
14:31:23.26 (56860153)|ENTERING_MANAGED_PKG|NVMContactWorld
14:31:23.26 (56897016)|ENTERING_MANAGED_PKG|NVMContactWorld
14:31:23.26 (56945314)|ENTERING_MANAGED_PKG|NVMContactWorld
14:31:23.26 (56985199)|ENTERING_MANAGED_PKG|NVMContactWorld
14:31:23.26 (57066930)|ENTERING_MANAGED_PKG|NVMContactWorld
14:31:23.26 (57125993)|ENTERING_MANAGED_PKG|NVMContactWorld
14:31:23.26 (57326241)|ENTERING_MANAGED_PKG|NVMContactWorld
14:31:23.26 (58993722)|ENTERING_MANAGED_PKG|NVMContactWorld
14:31:23.26 (59041089)|ENTERING_MANAGED_PKG|NVMContactWorld
14:31:23.26 (59099924)|ENTERING_MANAGED_PKG|NVMContactWorld
14:31:23.26 (59118483)|ENTERING_MANAGED_PKG|NVMContactWorld
14:31:23.26 (59478168)|ENTERING_MANAGED_PKG|NVMContactWorld
14:31:23.26 (61426952)|ENTERING_MANAGED_PKG|NVMContactWorld
14:31:23.26 (61674116)|ENTERING_MANAGED_PKG|NVMContactWorld
14:31:23.26 (61723546)|ENTERING_MANAGED_PKG|NVMContactWorld
14:31:23.26 (62514439)|ENTERING_MANAGED_PKG|NVMContactWorld
14:31:23.26 (62618214)|ENTERING_MANAGED_PKG|NVMContactWorld
14:31:23.26 (62813457)|ENTERING_MANAGED_PKG|NVMContactWorld
14:31:23.26 (63026474)|ENTERING_MANAGED_PKG|NVMContactWorld
14:31:23.26 (63095012)|ENTERING_MANAGED_PKG|NVMContactWorld
14:31:23.26 (63254674)|ENTERING_MANAGED_PKG|NVMContactWorld
14:31:23.26 (63318814)|ENTERING_MANAGED_PKG|NVMContactWorld
14:31:23.26 (329235672)|ENTERING_MANAGED_PKG|NVMContactWorld
14:31:23.26 (329329813)|ENTERING_MANAGED_PKG|NVMContactWorld
14:31:23.26 (329446812)|ENTERING_MANAGED_PKG|NVMContactWorld
14:31:23.26 (330587526)|ENTERING_MANAGED_PKG|NVMContactWorld
14:31:23.26 (330622991)|ENTERING_MANAGED_PKG|NVMContactWorld
14:31:23.26 (330650440)|ENTERING_MANAGED_PKG|NVMContactWorld
14:31:23.26 (330682686)|ENTERING_MANAGED_PKG|NVMContactWorld
14:31:23.26 (330712770)|ENTERING_MANAGED_PKG|NVMContactWorld
14:31:23.26 (330733763)|ENTERING_MANAGED_PKG|NVMContactWorld
14:31:23.26 (330750396)|ENTERING_MANAGED_PKG|NVMContactWorld
14:31:23.26 (330804680)|ENTERING_MANAGED_PKG|NVMContactWorld
14:31:23.26 (330855968)|ENTERING_MANAGED_PKG|NVMContactWorld
14:31:23.26 (330879603)|ENTERING_MANAGED_PKG|NVMContactWorld
14:31:23.26 (330910997)|ENTERING_MANAGED_PKG|NVMContactWorld
14:31:23.26 (330925149)|ENTERING_MANAGED_PKG|NVMContactWorld
14:31:23.26 (330936651)|ENTERING_MANAGED_PKG|NVMContactWorld
14:31:23.26 (331022795)|ENTERING_MANAGED_PKG|NVMContactWorld
14:31:23.26 (331066104)|ENTERING_MANAGED_PKG|NVMContactWorld
14:31:23.26 (331104970)|ENTERING_MANAGED_PKG|NVMContactWorld
14:31:23.26 (331138368)|ENTERING_MANAGED_PKG|NVMContactWorld
14:31:23.26 (331178935)|ENTERING_MANAGED_PKG|NVMContactWorld
14:31:23.26 (331200253)|ENTERING_MANAGED_PKG|NVMContactWorld
14:31:23.26 (331221487)|ENTERING_MANAGED_PKG|NVMContactWorld
14:31:23.26 (331233720)|ENTERING_MANAGED_PKG|NVMContactWorld
14:31:23.26 (331244359)|ENTERING_MANAGED_PKG|NVMContactWorld
14:31:23.26 (331255724)|ENTERING_MANAGED_PKG|NVMContactWorld
14:31:23.26 (331266230)|ENTERING_MANAGED_PKG|NVMContactWorld
14:31:23.26 (331312473)|ENTERING_MANAGED_PKG|NVMContactWorld
14:31:23.26 (331336520)|ENTERING_MANAGED_PKG|NVMContactWorld
14:31:23.26 (331353033)|ENTERING_MANAGED_PKG|NVMContactWorld
14:31:23.26 (331387783)|ENTERING_MANAGED_PKG|NVMContactWorld
14:31:23.26 (331439680)|ENTERING_MANAGED_PKG|NVMContactWorld
14:31:23.26 (335567092)|ENTERING_MANAGED_PKG|NVMContactWorld
14:31:23.26 (335636472)|ENTERING_MANAGED_PKG|NVMContactWorld
14:31:23.26 (335692971)|ENTERING_MANAGED_PKG|NVMContactWorld
14:31:23.26 (337308623)|ENTERING_MANAGED_PKG|NVMContactWorld
14:31:23.26 (337343027)|ENTERING_MANAGED_PKG|NVMContactWorld
14:31:23.26 (339532888)|SOQL_EXECUTE_BEGIN|[9]|Aggregations:0|SELECT Id, Name FROM User WHERE NVM_Agent_Id__c = :tmpVar1 LIMIT 1
14:31:23.26 (345315875)|SOQL_EXECUTE_END|[9]|Rows:1
14:31:23.26 (345512174)|ENTERING_MANAGED_PKG|NVMContactWorld
14:31:23.26 (345607878)|ENTERING_MANAGED_PKG|NVMContactWorld
14:31:23.26 (345660985)|ENTERING_MANAGED_PKG|NVMContactWorld
14:31:23.26 (346401151)|ENTERING_MANAGED_PKG|NVMContactWorld
14:31:23.26 (347473804)|SOQL_EXECUTE_BEGIN|[110]|Aggregations:0|SELECT Id FROM AuxLock__c WHERE AuxLock__c.ObjectId__c = :tmpVar1 FOR UPDATE
14:31:23.26 (351122813)|SOQL_EXECUTE_END|[110]|Rows:1
14:31:23.26 (351506135)|ENTERING_MANAGED_PKG|NVMContactWorld
14:31:23.26 (351575065)|ENTERING_MANAGED_PKG|NVMContactWorld
14:31:23.26 (352160969)|ENTERING_MANAGED_PKG|NVMContactWorld
14:31:23.26 (352294517)|ENTERING_MANAGED_PKG|NVMContactWorld
14:31:23.26 (354829970)|SOQL_EXECUTE_BEGIN|[202]|Aggregations:0|SELECT Id, Name, LastModifiedDate, CreatedDate, Type__c, Timestamp__c, IndexedCallObjectIdentifier__c, AdditionalFieldValues__c, Agent__c, IsPreCallEvent__c, RelatedTask__c, Who__c, What__c FROM InteractionEvent__c WHERE IndexedCallObjectIdentifier__c = :tmpVar1 FOR UPDATE
14:31:23.26 (361020360)|SOQL_EXECUTE_END|[202]|Rows:0
14:31:23.26 (361140816)|ENTERING_MANAGED_PKG|NVMContactWorld
14:31:23.26 (362216398)|ENTERING_MANAGED_PKG|NVMContactWorld
14:31:23.26 (362285092)|ENTERING_MANAGED_PKG|NVMContactWorld
14:31:23.26 (362812152)|DML_BEGIN|[482]|Op:Insert|Type:NVMContactWorld__InteractionEvent__c|Rows:1
14:31:23.26 (368494876)|ENTERING_MANAGED_PKG|NVMContactWorld
14:31:23.26 (371319463)|ENTERING_MANAGED_PKG|NVMContactWorld
14:31:23.26 (371751760)|ENTERING_MANAGED_PKG|NVMContactWorld
14:31:23.26 (371814561)|ENTERING_MANAGED_PKG|NVMContactWorld
14:31:23.26 (371833604)|ENTERING_MANAGED_PKG|NVMContactWorld
14:31:23.26 (371920372)|ENTERING_MANAGED_PKG|NVMContactWorld
14:31:23.26 (371976840)|ENTERING_MANAGED_PKG|NVMContactWorld
14:31:23.26 (372035413)|ENTERING_MANAGED_PKG|NVMContactWorld
14:31:23.26 (372171572)|ENTERING_MANAGED_PKG|NVMContactWorld
14:31:23.372 (372408489)|CUMULATIVE_LIMIT_USAGE
14:31:23.372 (372408489)|LIMIT_USAGE_FOR_NS|(default)|
  Number of SOQL queries: 0 out of 100
  Number of query rows: 0 out of 50000
  Number of SOSL queries: 0 out of 20
  Number of DML statements: 0 out of 150
  Number of DML rows: 0 out of 10000
  Maximum CPU time: 46 out of 10000
  Maximum heap size: 0 out of 6000000
  Number of callouts: 0 out of 100
  Number of Email Invocations: 0 out of 10
  Number of future calls: 0 out of 50
  Number of queueable jobs added to the queue: 0 out of 50
  Number of Mobile Apex push calls: 0 out of 10

14:31:23.372 (372408489)|LIMIT_USAGE_FOR_NS|NVMContactWorld|
  Number of SOQL queries: 4 out of 100
  Number of query rows: 3 out of 50000
  Number of SOSL queries: 0 out of 20
  Number of DML statements: 1 out of 150
  Number of DML rows: 1 out of 10000
  Maximum CPU time: 0 out of 10000
  Maximum heap size: 0 out of 6000000
  Number of callouts: 1 out of 100
  Number of Email Invocations: 0 out of 10
  Number of future calls: 0 out of 50
  Number of queueable jobs added to the queue: 0 out of 50
  Number of Mobile Apex push calls: 0 out of 10

14:31:23.372 (372408489)|CUMULATIVE_LIMIT_USAGE_END

14:31:23.26 (425779488)|DML_END|[482]
14:31:23.26 (426755449)|DML_BEGIN|[488]|Op:Insert|Type:NVMContactWorld__InteractionEventNote__c|Rows:1
14:31:23.26 (444440208)|DML_END|[488]
14:31:23.26 (444931798)|ENTERING_MANAGED_PKG|NVMContactWorld
14:31:23.26 (444991532)|ENTERING_MANAGED_PKG|NVMContactWorld
14:31:23.26 (445046003)|ENTERING_MANAGED_PKG|NVMContactWorld
14:31:23.26 (445109286)|ENTERING_MANAGED_PKG|NVMContactWorld
14:31:23.26 (445564431)|SOQL_EXECUTE_BEGIN|[66]|Aggregations:0|SELECT Id, Detail__c, LastModifiedDate FROM InteractionEventNote__c WHERE Event__c = :tmpVar1 LIMIT 1
14:31:23.26 (450504352)|SOQL_EXECUTE_END|[66]|Rows:1
14:31:23.26 (451128414)|ENTERING_MANAGED_PKG|NVMContactWorld
14:31:23.26 (451194880)|ENTERING_MANAGED_PKG|NVMContactWorld
14:31:23.26 (451247560)|ENTERING_MANAGED_PKG|NVMContactWorld
14:31:23.26 (451295336)|ENTERING_MANAGED_PKG|NVMContactWorld
14:31:23.26 (451331137)|ENTERING_MANAGED_PKG|NVMContactWorld
14:31:23.26 (451348684)|ENTERING_MANAGED_PKG|NVMContactWorld
14:31:23.26 (451532069)|ENTERING_MANAGED_PKG|NVMContactWorld
14:31:23.26 (451570753)|ENTERING_MANAGED_PKG|NVMContactWorld
14:31:23.26 (451622903)|ENTERING_MANAGED_PKG|NVMContactWorld
14:31:23.26 (451654224)|ENTERING_MANAGED_PKG|NVMContactWorld
14:31:23.26 (451756714)|ENTERING_MANAGED_PKG|NVMContactWorld
14:31:23.26 (451780287)|ENTERING_MANAGED_PKG|NVMContactWorld
14:31:23.26 (451869673)|ENTERING_MANAGED_PKG|NVMContactWorld
14:31:23.26 (451920474)|ENTERING_MANAGED_PKG|NVMContactWorld
14:31:23.26 (451954008)|ENTERING_MANAGED_PKG|NVMContactWorld
14:31:23.26 (451971893)|ENTERING_MANAGED_PKG|NVMContactWorld
14:31:23.26 (451995497)|ENTERING_MANAGED_PKG|NVMContactWorld
14:31:23.26 (452138792)|ENTERING_MANAGED_PKG|NVMContactWorld
14:31:23.26 (461767364)|ENTERING_MANAGED_PKG|NVMContactWorld
14:31:23.26 (461799265)|ENTERING_MANAGED_PKG|NVMContactWorld
14:31:23.26 (461821086)|ENTERING_MANAGED_PKG|NVMContactWorld
14:31:23.26 (461835546)|ENTERING_MANAGED_PKG|NVMContactWorld
14:31:23.26 (461848964)|ENTERING_MANAGED_PKG|NVMContactWorld
14:31:23.26 (461863774)|ENTERING_MANAGED_PKG|NVMContactWorld
14:31:23.26 (461875046)|ENTERING_MANAGED_PKG|NVMContactWorld
14:31:23.26 (462097875)|ENTERING_MANAGED_PKG|NVMContactWorld
14:31:23.26 (462118501)|ENTERING_MANAGED_PKG|NVMContactWorld
14:31:23.26 (462130951)|ENTERING_MANAGED_PKG|NVMContactWorld
14:31:23.26 (462141718)|ENTERING_MANAGED_PKG|NVMContactWorld
14:31:23.26 (462152990)|ENTERING_MANAGED_PKG|NVMContactWorld
14:31:23.26 (462163923)|ENTERING_MANAGED_PKG|NVMContactWorld
14:31:23.26 (462197732)|ENTERING_MANAGED_PKG|NVMContactWorld
14:31:23.26 (462420474)|ENTERING_MANAGED_PKG|NVMContactWorld
14:31:23.26 (462557643)|ENTERING_MANAGED_PKG|NVMContactWorld
14:31:23.26 (462572588)|ENTERING_MANAGED_PKG|NVMContactWorld
14:31:23.26 (462737535)|ENTERING_MANAGED_PKG|NVMContactWorld
14:31:23.26 (464537882)|ENTERING_MANAGED_PKG|NVMContactWorld
14:31:23.26 (464563627)|ENTERING_MANAGED_PKG|NVMContactWorld
14:31:23.26 (464687150)|ENTERING_MANAGED_PKG|NVMContactWorld
14:31:23.26 (464712591)|ENTERING_MANAGED_PKG|NVMContactWorld
14:31:23.26 (464856050)|ENTERING_MANAGED_PKG|NVMContactWorld
14:31:23.26 (464941859)|ENTERING_MANAGED_PKG|NVMContactWorld
14:31:23.26 (465011993)|ENTERING_MANAGED_PKG|NVMContactWorld
14:31:23.26 (465682345)|ENTERING_MANAGED_PKG|NVMContactWorld
14:31:23.26 (465707999)|ENTERING_MANAGED_PKG|NVMContactWorld
14:31:23.26 (465722660)|ENTERING_MANAGED_PKG|NVMContactWorld
14:31:23.26 (465752122)|ENTERING_MANAGED_PKG|NVMContactWorld
14:31:23.26 (465776027)|ENTERING_MANAGED_PKG|NVMContactWorld
14:31:23.26 (465964493)|ENTERING_MANAGED_PKG|NVMContactWorld
14:31:23.26 (468292717)|ENTERING_MANAGED_PKG|NVMContactWorld
14:31:23.26 (468332431)|ENTERING_MANAGED_PKG|NVMContactWorld
14:31:23.26 (471081975)|ENTERING_MANAGED_PKG|NVMContactWorld
14:31:23.26 (471152158)|ENTERING_MANAGED_PKG|NVMContactWorld
14:31:23.26 (471203679)|ENTERING_MANAGED_PKG|NVMContactWorld
14:31:23.26 (471236858)|ENTERING_MANAGED_PKG|NVMContactWorld
14:31:23.26 (471920839)|ENTERING_MANAGED_PKG|NVMContactWorld
14:31:23.26 (471944442)|ENTERING_MANAGED_PKG|NVMContactWorld
14:31:23.26 (472155905)|ENTERING_MANAGED_PKG|NVMContactWorld
14:31:23.26 (472229780)|ENTERING_MANAGED_PKG|NVMContactWorld
14:31:23.26 (472369152)|ENTERING_MANAGED_PKG|NVMContactWorld
14:31:23.26 (472625561)|ENTERING_MANAGED_PKG|NVMContactWorld
14:31:23.26 (472710538)|ENTERING_MANAGED_PKG|NVMContactWorld
14:31:23.26 (472804090)|ENTERING_MANAGED_PKG|NVMContactWorld
14:31:23.26 (472860506)|ENTERING_MANAGED_PKG|NVMContactWorld
14:31:23.26 (474577526)|ENTERING_MANAGED_PKG|NVMContactWorld
14:31:23.26 (474928781)|ENTERING_MANAGED_PKG|NVMContactWorld
14:31:23.26 (475117124)|ENTERING_MANAGED_PKG|NVMContactWorld
14:31:23.26 (475302863)|ENTERING_MANAGED_PKG|NVMContactWorld
14:31:23.26 (475754786)|SOQL_EXECUTE_BEGIN|[101]|Aggregations:0|SELECT Id, Name FROM Account WHERE ID='0016F00002LndmnQAB'
14:31:23.26 (480779028)|SOQL_EXECUTE_END|[101]|Rows:1
14:31:23.488 (488969047)|CUMULATIVE_LIMIT_USAGE
14:31:23.488 (488969047)|LIMIT_USAGE_FOR_NS|(default)|
  Number of SOQL queries: 0 out of 100
  Number of query rows: 0 out of 50000
  Number of SOSL queries: 0 out of 20
  Number of DML statements: 0 out of 150
  Number of DML rows: 0 out of 10000
  Maximum CPU time: 46 out of 10000
  Maximum heap size: 0 out of 6000000
  Number of callouts: 0 out of 100
  Number of Email Invocations: 0 out of 10
  Number of future calls: 0 out of 50
  Number of queueable jobs added to the queue: 0 out of 50
  Number of Mobile Apex push calls: 0 out of 10

14:31:23.488 (488969047)|LIMIT_USAGE_FOR_NS|NVMContactWorld|
  Number of SOQL queries: 6 out of 100
  Number of query rows: 5 out of 50000
  Number of SOSL queries: 0 out of 20
  Number of DML statements: 2 out of 150
  Number of DML rows: 2 out of 10000
  Maximum CPU time: 0 out of 10000
  Maximum heap size: 0 out of 6000000
  Number of callouts: 1 out of 100
  Number of Email Invocations: 0 out of 10
  Number of future calls: 0 out of 50
  Number of queueable jobs added to the queue: 0 out of 50
  Number of Mobile Apex push calls: 0 out of 10

14:31:23.488 (488969047)|CUMULATIVE_LIMIT_USAGE_END

