37.0 APEX_CODE,FINEST;APEX_PROFILING,INFO;CALLOUT,INFO;DB,INFO;NBA,INFO;SYSTEM,DEBUG;VALIDATION,INFO;VISUALFORCE,INFO;WAVE,INFO;WORKFLOW,INFO
16:54:17.0 (996487)|ENTERING_MANAGED_PKG|Centify
16:54:17.0 (4451570)|ENTERING_MANAGED_PKG|Centify
16:54:17.0 (4511559)|ENTERING_MANAGED_PKG|Centify
16:54:17.0 (6766296)|ENTERING_MANAGED_PKG|Centify
16:54:17.0 (6814571)|ENTERING_MANAGED_PKG|Centify
16:54:17.0 (6927997)|ENTERING_MANAGED_PKG|Centify
16:54:17.0 (9085343)|ENTERING_MANAGED_PKG|Centify
16:54:17.0 (9155751)|ENTERING_MANAGED_PKG|Centify
16:54:17.0 (9332954)|ENTERING_MANAGED_PKG|Centify
16:54:17.0 (9802857)|ENTERING_MANAGED_PKG|Centify
16:54:17.0 (9981939)|ENTERING_MANAGED_PKG|Centify
16:54:17.0 (10141697)|ENTERING_MANAGED_PKG|Centify
16:54:17.0 (10299423)|ENTERING_MANAGED_PKG|Centify
16:54:17.0 (10398336)|ENTERING_MANAGED_PKG|Centify
16:54:17.0 (10473278)|ENTERING_MANAGED_PKG|Centify
16:54:17.0 (10557418)|ENTERING_MANAGED_PKG|Centify
16:54:17.0 (10636941)|ENTERING_MANAGED_PKG|Centify
16:54:17.0 (10746782)|ENTERING_MANAGED_PKG|Centify
16:54:17.0 (10860759)|ENTERING_MANAGED_PKG|Centify
16:54:17.0 (11002961)|ENTERING_MANAGED_PKG|Centify
16:54:17.0 (11138698)|ENTERING_MANAGED_PKG|Centify
16:54:17.0 (11259337)|ENTERING_MANAGED_PKG|Centify
16:54:17.0 (11540761)|ENTERING_MANAGED_PKG|Centify
16:54:17.0 (17010342)|ENTERING_MANAGED_PKG|Centify
16:54:17.0 (17136965)|ENTERING_MANAGED_PKG|Centify
16:54:17.0 (22012086)|ENTERING_MANAGED_PKG|Centify
16:54:17.0 (22115075)|ENTERING_MANAGED_PKG|Centify
16:54:17.0 (22186610)|ENTERING_MANAGED_PKG|Centify
16:54:17.0 (23934309)|ENTERING_MANAGED_PKG|Centify
16:54:17.0 (24029823)|ENTERING_MANAGED_PKG|Centify
16:54:17.0 (27212743)|SOQL_EXECUTE_BEGIN|[363]|Aggregations:0|SELECT Id, Label, MasterLabel, DeveloperName, Endpoint__c, TimeOut__c FROM Endpoint_Setting__mdt LIMIT 50
16:54:17.0 (33579587)|SOQL_EXECUTE_END|[363]|Rows:23
16:54:17.0 (37788469)|ENTERING_MANAGED_PKG|Centify
16:54:17.0 (38420541)|ENTERING_MANAGED_PKG|Centify
16:54:17.0 (38465010)|ENTERING_MANAGED_PKG|Centify
16:54:17.0 (38906178)|ENTERING_MANAGED_PKG|Centify
16:54:17.0 (38949184)|ENTERING_MANAGED_PKG|Centify
16:54:17.0 (38989342)|ENTERING_MANAGED_PKG|Centify
16:54:17.0 (39013680)|ENTERING_MANAGED_PKG|Centify
16:54:17.0 (40133655)|ENTERING_MANAGED_PKG|Centify
16:54:17.0 (40218576)|ENTERING_MANAGED_PKG|Centify
16:54:17.0 (44506177)|ENTERING_MANAGED_PKG|Centify
16:54:17.0 (44587056)|ENTERING_MANAGED_PKG|Centify
16:54:17.0 (44652320)|ENTERING_MANAGED_PKG|Centify
16:54:17.0 (44705739)|ENTERING_MANAGED_PKG|Centify
16:54:17.0 (44793857)|ENTERING_MANAGED_PKG|Centify
16:54:17.0 (47369559)|ENTERING_MANAGED_PKG|Centify
16:54:17.0 (47479626)|ENTERING_MANAGED_PKG|Centify
16:54:17.0 (48108670)|ENTERING_MANAGED_PKG|Centify
16:54:17.0 (409320641)|ENTERING_MANAGED_PKG|Centify
16:54:17.0 (409853793)|ENTERING_MANAGED_PKG|Centify
16:54:17.0 (411970843)|ENTERING_MANAGED_PKG|Centify
16:54:17.0 (414894110)|ENTERING_MANAGED_PKG|Centify
16:54:17.0 (414939423)|ENTERING_MANAGED_PKG|Centify
16:54:17.0 (415011966)|ENTERING_MANAGED_PKG|Centify
16:54:17.0 (415127257)|ENTERING_MANAGED_PKG|Centify
16:54:17.0 (415292392)|ENTERING_MANAGED_PKG|Centify
16:54:17.0 (415347098)|ENTERING_MANAGED_PKG|Centify
16:54:17.0 (415402786)|ENTERING_MANAGED_PKG|Centify
16:54:17.0 (415433534)|ENTERING_MANAGED_PKG|Centify
16:54:17.0 (415469148)|ENTERING_MANAGED_PKG|Centify
16:54:17.0 (415491173)|ENTERING_MANAGED_PKG|Centify
16:54:17.0 (415551758)|ENTERING_MANAGED_PKG|Centify
16:54:17.0 (415595474)|ENTERING_MANAGED_PKG|Centify
16:54:17.0 (415669804)|ENTERING_MANAGED_PKG|Centify
16:54:17.0 (415716765)|ENTERING_MANAGED_PKG|Centify
16:54:17.0 (415772336)|ENTERING_MANAGED_PKG|Centify
16:54:17.0 (415809028)|ENTERING_MANAGED_PKG|Centify
16:54:17.0 (415873770)|ENTERING_MANAGED_PKG|Centify
16:54:17.0 (416104787)|ENTERING_MANAGED_PKG|Centify
16:54:17.0 (419393148)|DML_BEGIN|[146]|Op:Delete|Type:Centify__Notification__c|Rows:3
16:54:17.0 (538745589)|DML_END|[146]
