37.0 APEX_CODE,FINEST;APEX_PROFILING,INFO;CALLOUT,INFO;DB,INFO;NBA,INFO;SYSTEM,DEBUG;VALIDATION,INFO;VISUALFORCE,INFO;WAVE,INFO;WORKFLOW,INFO
11:50:34.11 (11530500)|ENTERING_MANAGED_PKG|Centify
11:50:34.11 (15725782)|ENTERING_MANAGED_PKG|Centify
11:50:34.11 (20978339)|ENTERING_MANAGED_PKG|Centify
11:50:34.11 (21141928)|ENTERING_MANAGED_PKG|Centify
11:50:34.11 (21204581)|ENTERING_MANAGED_PKG|Centify
11:50:34.11 (21288436)|ENTERING_MANAGED_PKG|Centify
11:50:34.11 (21317110)|ENTERING_MANAGED_PKG|Centify
11:50:34.11 (21379592)|ENTERING_MANAGED_PKG|Centify
11:50:34.11 (21405302)|ENTERING_MANAGED_PKG|Centify
11:50:34.11 (21494330)|ENTERING_MANAGED_PKG|Centify
11:50:34.11 (21568078)|ENTERING_MANAGED_PKG|Centify
11:50:34.11 (27694635)|SOQL_EXECUTE_BEGIN|[19]|Aggregations:0|SELECT Id, OrganizationType FROM Organization LIMIT 1
11:50:34.11 (51442734)|SOQL_EXECUTE_END|[19]|Rows:1
11:50:34.11 (55196950)|ENTERING_MANAGED_PKG|Centify
11:50:34.11 (55299628)|ENTERING_MANAGED_PKG|Centify
11:50:34.11 (55501486)|ENTERING_MANAGED_PKG|Centify
11:50:34.11 (55591413)|ENTERING_MANAGED_PKG|Centify
11:50:34.11 (56238367)|ENTERING_MANAGED_PKG|Centify
11:50:34.11 (56308060)|ENTERING_MANAGED_PKG|Centify
11:50:34.11 (56447487)|ENTERING_MANAGED_PKG|Centify
11:50:34.11 (56524826)|ENTERING_MANAGED_PKG|Centify
11:50:34.11 (59335849)|SOQL_EXECUTE_BEGIN|[95]|Aggregations:0|SELECT MAX(Last_Sync_Time__c) maxDT FROM Salesforce_Sync_Settings__c
11:50:34.11 (63599299)|SOQL_EXECUTE_END|[95]|Rows:1
11:50:34.11 (64251540)|ENTERING_MANAGED_PKG|Centify
11:50:34.11 (64462242)|ENTERING_MANAGED_PKG|Centify
11:50:34.11 (74674545)|ENTERING_MANAGED_PKG|Centify
11:50:34.11 (74794442)|ENTERING_MANAGED_PKG|Centify
11:50:34.11 (77430809)|SOQL_EXECUTE_BEGIN|[84]|Aggregations:0|SELECT COUNT() FROM Notification__c WHERE ((Number_Of_Attempts__c = NULL OR Number_Of_Attempts__c < :tmpVar1) AND (CreatedDate = TODAY OR LastModifiedDate = TODAY)) LIMIT 25000
11:50:34.11 (90535540)|SOQL_EXECUTE_END|[84]|Rows:0
11:50:34.11 (90641931)|ENTERING_MANAGED_PKG|Centify
11:50:34.11 (90718794)|ENTERING_MANAGED_PKG|Centify
11:50:34.11 (90789202)|ENTERING_MANAGED_PKG|Centify
11:50:34.11 (90843244)|ENTERING_MANAGED_PKG|Centify
11:50:34.11 (90917843)|ENTERING_MANAGED_PKG|Centify
11:50:34.11 (94387909)|SOQL_EXECUTE_BEGIN|[366]|Aggregations:0|SELECT Id, Label, MasterLabel, DeveloperName, Endpoint__c, TimeOut__c FROM Endpoint_Setting__mdt LIMIT 50
11:50:34.11 (99841709)|SOQL_EXECUTE_END|[366]|Rows:24
11:50:34.11 (101450710)|ENTERING_MANAGED_PKG|Centify
11:50:34.11 (101534589)|ENTERING_MANAGED_PKG|Centify
11:50:34.11 (103290441)|ENTERING_MANAGED_PKG|Centify
11:50:34.11 (103329451)|ENTERING_MANAGED_PKG|Centify
11:50:34.11 (106504081)|ENTERING_MANAGED_PKG|Centify
11:50:34.11 (109266369)|ENTERING_MANAGED_PKG|Centify
11:50:34.11 (109328827)|ENTERING_MANAGED_PKG|Centify
11:50:34.11 (109375703)|ENTERING_MANAGED_PKG|Centify
11:50:34.11 (110194488)|ENTERING_MANAGED_PKG|Centify
11:50:34.11 (110277521)|ENTERING_MANAGED_PKG|Centify
11:50:34.11 (110341632)|ENTERING_MANAGED_PKG|Centify
11:50:34.11 (115081244)|ENTERING_MANAGED_PKG|Centify
11:50:34.11 (115168734)|ENTERING_MANAGED_PKG|Centify
11:50:34.11 (115240203)|ENTERING_MANAGED_PKG|Centify
11:50:34.11 (115297633)|ENTERING_MANAGED_PKG|Centify
11:50:34.11 (115411097)|ENTERING_MANAGED_PKG|Centify
11:50:34.11 (118288862)|ENTERING_MANAGED_PKG|Centify
11:50:34.11 (118424350)|ENTERING_MANAGED_PKG|Centify
11:50:34.11 (119230150)|ENTERING_MANAGED_PKG|Centify
11:50:34.11 (646310324)|ENTERING_MANAGED_PKG|Centify
11:50:34.661 (661896638)|CUMULATIVE_LIMIT_USAGE
11:50:34.661 (661896638)|LIMIT_USAGE_FOR_NS|(default)|
  Number of SOQL queries: 0 out of 200
  Number of query rows: 0 out of 50000
  Number of SOSL queries: 0 out of 20
  Number of DML statements: 0 out of 150
  Number of DML rows: 0 out of 10000
  Maximum CPU time: 0 out of 60000
  Maximum heap size: 0 out of 12000000
  Number of callouts: 0 out of 0
  Number of Email Invocations: 0 out of 10
  Number of future calls: 0 out of 0
  Number of queueable jobs added to the queue: 0 out of 1
  Number of Mobile Apex push calls: 0 out of 10

11:50:34.661 (661896638)|LIMIT_USAGE_FOR_NS|Centify|
  Number of SOQL queries: 0 out of 200
  Number of query rows: 0 out of 50000
  Number of SOSL queries: 0 out of 20
  Number of DML statements: 0 out of 150
  Number of DML rows: 0 out of 10000
  Maximum CPU time: 0 out of 60000
  Maximum heap size: 0 out of 12000000
  Number of callouts: 0 out of 0
  Number of Email Invocations: 0 out of 10
  Number of future calls: 0 out of 0
  Number of queueable jobs added to the queue: 0 out of 1
  Number of Mobile Apex push calls: 0 out of 10

11:50:34.661 (661896638)|CUMULATIVE_LIMIT_USAGE_END

