37.0 APEX_CODE,FINEST;APEX_PROFILING,INFO;CALLOUT,INFO;DB,INFO;NBA,INFO;SYSTEM,DEBUG;VALIDATION,INFO;VISUALFORCE,INFO;WAVE,INFO;WORKFLOW,INFO
11:52:52.0 (811714)|ENTERING_MANAGED_PKG|Centify
11:52:52.0 (4238497)|ENTERING_MANAGED_PKG|Centify
11:52:52.0 (4288022)|ENTERING_MANAGED_PKG|Centify
11:52:52.0 (6472237)|ENTERING_MANAGED_PKG|Centify
11:52:52.0 (6520427)|ENTERING_MANAGED_PKG|Centify
11:52:52.0 (6622484)|ENTERING_MANAGED_PKG|Centify
11:52:52.0 (7999135)|ENTERING_MANAGED_PKG|Centify
11:52:52.0 (8046580)|ENTERING_MANAGED_PKG|Centify
11:52:52.0 (8135186)|ENTERING_MANAGED_PKG|Centify
11:52:52.0 (8422249)|ENTERING_MANAGED_PKG|Centify
11:52:52.0 (8559454)|ENTERING_MANAGED_PKG|Centify
11:52:52.0 (8662393)|ENTERING_MANAGED_PKG|Centify
11:52:52.0 (8765937)|ENTERING_MANAGED_PKG|Centify
11:52:52.0 (8834180)|ENTERING_MANAGED_PKG|Centify
11:52:52.0 (8898381)|ENTERING_MANAGED_PKG|Centify
11:52:52.0 (8980512)|ENTERING_MANAGED_PKG|Centify
11:52:52.0 (9062728)|ENTERING_MANAGED_PKG|Centify
11:52:52.0 (9145453)|ENTERING_MANAGED_PKG|Centify
11:52:52.0 (9227138)|ENTERING_MANAGED_PKG|Centify
11:52:52.0 (9288442)|ENTERING_MANAGED_PKG|Centify
11:52:52.0 (9349132)|ENTERING_MANAGED_PKG|Centify
11:52:52.0 (9419096)|ENTERING_MANAGED_PKG|Centify
11:52:52.0 (9476951)|ENTERING_MANAGED_PKG|Centify
11:52:52.0 (9526729)|ENTERING_MANAGED_PKG|Centify
11:52:52.0 (9597441)|ENTERING_MANAGED_PKG|Centify
11:52:52.0 (9656610)|ENTERING_MANAGED_PKG|Centify
11:52:52.0 (9703811)|ENTERING_MANAGED_PKG|Centify
11:52:52.0 (9771476)|ENTERING_MANAGED_PKG|Centify
11:52:52.0 (9829374)|ENTERING_MANAGED_PKG|Centify
11:52:52.0 (9885206)|ENTERING_MANAGED_PKG|Centify
11:52:52.0 (9951346)|ENTERING_MANAGED_PKG|Centify
11:52:52.0 (10009127)|ENTERING_MANAGED_PKG|Centify
11:52:52.0 (10061951)|ENTERING_MANAGED_PKG|Centify
11:52:52.0 (10132369)|ENTERING_MANAGED_PKG|Centify
11:52:52.0 (10190728)|ENTERING_MANAGED_PKG|Centify
11:52:52.0 (10231753)|ENTERING_MANAGED_PKG|Centify
11:52:52.0 (10300782)|ENTERING_MANAGED_PKG|Centify
11:52:52.0 (10393276)|ENTERING_MANAGED_PKG|Centify
11:52:52.0 (10484014)|ENTERING_MANAGED_PKG|Centify
11:52:52.0 (10553092)|ENTERING_MANAGED_PKG|Centify
11:52:52.0 (10606434)|ENTERING_MANAGED_PKG|Centify
11:52:52.0 (10659889)|ENTERING_MANAGED_PKG|Centify
11:52:52.0 (10841759)|ENTERING_MANAGED_PKG|Centify
11:52:52.0 (15193780)|ENTERING_MANAGED_PKG|Centify
11:52:52.0 (15261143)|ENTERING_MANAGED_PKG|Centify
11:52:52.0 (15583280)|ENTERING_MANAGED_PKG|Centify
11:52:52.0 (15653507)|ENTERING_MANAGED_PKG|Centify
11:52:52.0 (15709116)|ENTERING_MANAGED_PKG|Centify
11:52:52.0 (17525749)|ENTERING_MANAGED_PKG|Centify
11:52:52.0 (17614509)|ENTERING_MANAGED_PKG|Centify
11:52:52.0 (20704866)|SOQL_EXECUTE_BEGIN|[366]|Aggregations:0|SELECT Id, Label, MasterLabel, DeveloperName, Endpoint__c, TimeOut__c FROM Endpoint_Setting__mdt LIMIT 50
11:52:52.0 (27901849)|SOQL_EXECUTE_END|[366]|Rows:24
11:52:52.0 (32248943)|ENTERING_MANAGED_PKG|Centify
11:52:52.0 (32957432)|ENTERING_MANAGED_PKG|Centify
11:52:52.0 (33000509)|ENTERING_MANAGED_PKG|Centify
11:52:52.0 (33497398)|ENTERING_MANAGED_PKG|Centify
11:52:52.0 (33566841)|ENTERING_MANAGED_PKG|Centify
11:52:52.0 (33626019)|ENTERING_MANAGED_PKG|Centify
11:52:52.0 (33668950)|ENTERING_MANAGED_PKG|Centify
11:52:52.0 (34671919)|ENTERING_MANAGED_PKG|Centify
11:52:52.0 (34738546)|ENTERING_MANAGED_PKG|Centify
11:52:52.0 (39724530)|ENTERING_MANAGED_PKG|Centify
11:52:52.0 (39789996)|ENTERING_MANAGED_PKG|Centify
11:52:52.0 (39849759)|ENTERING_MANAGED_PKG|Centify
11:52:52.0 (39900879)|ENTERING_MANAGED_PKG|Centify
11:52:52.0 (39981011)|ENTERING_MANAGED_PKG|Centify
11:52:52.0 (42450758)|ENTERING_MANAGED_PKG|Centify
11:52:52.0 (42551745)|ENTERING_MANAGED_PKG|Centify
11:52:52.0 (43276359)|ENTERING_MANAGED_PKG|Centify
11:52:52.0 (733624574)|ENTERING_MANAGED_PKG|Centify
11:52:52.0 (734080618)|ENTERING_MANAGED_PKG|Centify
11:52:52.0 (736100847)|ENTERING_MANAGED_PKG|Centify
11:52:52.0 (739473784)|ENTERING_MANAGED_PKG|Centify
11:52:52.0 (739522152)|ENTERING_MANAGED_PKG|Centify
11:52:52.0 (739589277)|ENTERING_MANAGED_PKG|Centify
11:52:52.0 (739693255)|ENTERING_MANAGED_PKG|Centify
11:52:52.0 (739830370)|ENTERING_MANAGED_PKG|Centify
11:52:52.0 (739886411)|ENTERING_MANAGED_PKG|Centify
11:52:52.0 (739946162)|ENTERING_MANAGED_PKG|Centify
11:52:52.0 (739974256)|ENTERING_MANAGED_PKG|Centify
11:52:52.0 (740012206)|ENTERING_MANAGED_PKG|Centify
11:52:52.0 (740036163)|ENTERING_MANAGED_PKG|Centify
11:52:52.0 (740071919)|ENTERING_MANAGED_PKG|Centify
11:52:52.0 (740094965)|ENTERING_MANAGED_PKG|Centify
11:52:52.0 (740134266)|ENTERING_MANAGED_PKG|Centify
11:52:52.0 (740165278)|ENTERING_MANAGED_PKG|Centify
11:52:52.0 (740216285)|ENTERING_MANAGED_PKG|Centify
11:52:52.0 (740240521)|ENTERING_MANAGED_PKG|Centify
11:52:52.0 (740275070)|ENTERING_MANAGED_PKG|Centify
11:52:52.0 (742624916)|ENTERING_MANAGED_PKG|Centify
11:52:52.0 (742721422)|ENTERING_MANAGED_PKG|Centify
11:52:52.0 (742768699)|ENTERING_MANAGED_PKG|Centify
11:52:52.0 (742836194)|ENTERING_MANAGED_PKG|Centify
11:52:52.0 (742870229)|ENTERING_MANAGED_PKG|Centify
11:52:52.0 (742935788)|ENTERING_MANAGED_PKG|Centify
11:52:52.0 (742990454)|ENTERING_MANAGED_PKG|Centify
11:52:52.0 (743074522)|ENTERING_MANAGED_PKG|Centify
11:52:52.0 (743127070)|ENTERING_MANAGED_PKG|Centify
11:52:52.0 (743177392)|ENTERING_MANAGED_PKG|Centify
11:52:52.0 (743214510)|ENTERING_MANAGED_PKG|Centify
11:52:52.0 (743251239)|ENTERING_MANAGED_PKG|Centify
11:52:52.0 (743286190)|ENTERING_MANAGED_PKG|Centify
11:52:52.0 (743322027)|ENTERING_MANAGED_PKG|Centify
11:52:52.0 (743357690)|ENTERING_MANAGED_PKG|Centify
11:52:52.0 (743393385)|ENTERING_MANAGED_PKG|Centify
11:52:52.0 (743428357)|ENTERING_MANAGED_PKG|Centify
11:52:52.0 (743482748)|ENTERING_MANAGED_PKG|Centify
11:52:52.0 (743671227)|ENTERING_MANAGED_PKG|Centify
11:52:52.0 (745184551)|DML_BEGIN|[146]|Op:Delete|Type:Centify__Notification__c|Rows:9
11:52:52.0 (897911874)|DML_END|[146]
