37.0 APEX_CODE,FINEST;APEX_PROFILING,INFO;CALLOUT,INFO;DB,INFO;NBA,INFO;SYSTEM,DEBUG;VALIDATION,INFO;VISUALFORCE,INFO;WAVE,INFO;WORKFLOW,INFO
17:11:15.13 (13348749)|ENTERING_MANAGED_PKG|Centify
17:11:15.13 (17396621)|ENTERING_MANAGED_PKG|Centify
17:11:15.13 (17477244)|ENTERING_MANAGED_PKG|Centify
17:11:15.13 (18354223)|ENTERING_MANAGED_PKG|Centify
17:11:15.13 (18402420)|ENTERING_MANAGED_PKG|Centify
17:11:15.13 (18530131)|ENTERING_MANAGED_PKG|Centify
17:11:15.13 (19130846)|ENTERING_MANAGED_PKG|Centify
17:11:15.13 (26523174)|ENTERING_MANAGED_PKG|Centify
17:11:15.13 (26578105)|ENTERING_MANAGED_PKG|Centify
17:11:15.13 (26804490)|ENTERING_MANAGED_PKG|Centify
17:11:15.13 (26836258)|ENTERING_MANAGED_PKG|Centify
17:11:15.13 (27097311)|ENTERING_MANAGED_PKG|Centify
17:11:15.13 (28660158)|ENTERING_MANAGED_PKG|Centify
17:11:15.13 (28706096)|ENTERING_MANAGED_PKG|Centify
17:11:15.13 (28809792)|ENTERING_MANAGED_PKG|Centify
17:11:15.13 (28902993)|ENTERING_MANAGED_PKG|Centify
17:11:15.13 (28935464)|ENTERING_MANAGED_PKG|Centify
17:11:15.13 (28995166)|ENTERING_MANAGED_PKG|Centify
17:11:15.13 (29015818)|ENTERING_MANAGED_PKG|Centify
17:11:15.13 (29043875)|ENTERING_MANAGED_PKG|Centify
17:11:15.13 (29170375)|ENTERING_MANAGED_PKG|Centify
17:11:15.13 (29208493)|ENTERING_MANAGED_PKG|Centify
17:11:15.13 (30931200)|ENTERING_MANAGED_PKG|Centify
17:11:15.13 (30983556)|ENTERING_MANAGED_PKG|Centify
17:11:15.13 (31020568)|ENTERING_MANAGED_PKG|Centify
17:11:15.13 (31144581)|ENTERING_MANAGED_PKG|Centify
17:11:15.13 (31195966)|ENTERING_MANAGED_PKG|Centify
17:11:15.13 (31951459)|ENTERING_MANAGED_PKG|Centify
17:11:15.13 (32143362)|ENTERING_MANAGED_PKG|Centify
17:11:15.13 (32264834)|ENTERING_MANAGED_PKG|Centify
17:11:15.13 (32381021)|ENTERING_MANAGED_PKG|Centify
17:11:15.13 (32474961)|ENTERING_MANAGED_PKG|Centify
17:11:15.13 (32589664)|ENTERING_MANAGED_PKG|Centify
17:11:15.13 (32655927)|ENTERING_MANAGED_PKG|Centify
17:11:15.13 (32725107)|ENTERING_MANAGED_PKG|Centify
17:11:15.13 (32791582)|ENTERING_MANAGED_PKG|Centify
17:11:15.13 (32892486)|ENTERING_MANAGED_PKG|Centify
17:11:15.13 (32963919)|ENTERING_MANAGED_PKG|Centify
17:11:15.13 (33061163)|ENTERING_MANAGED_PKG|Centify
17:11:15.13 (33141591)|ENTERING_MANAGED_PKG|Centify
17:11:15.13 (33291379)|ENTERING_MANAGED_PKG|Centify
17:11:15.13 (33385047)|ENTERING_MANAGED_PKG|Centify
17:11:15.13 (33491476)|ENTERING_MANAGED_PKG|Centify
17:11:15.13 (33564527)|ENTERING_MANAGED_PKG|Centify
17:11:15.13 (33722177)|ENTERING_MANAGED_PKG|Centify
17:11:15.13 (33820082)|ENTERING_MANAGED_PKG|Centify
17:11:15.13 (33992544)|ENTERING_MANAGED_PKG|Centify
17:11:15.13 (34094199)|ENTERING_MANAGED_PKG|Centify
17:11:15.13 (37762631)|ENTERING_MANAGED_PKG|Centify
17:11:15.13 (37927210)|ENTERING_MANAGED_PKG|Centify
17:11:15.13 (38093041)|ENTERING_MANAGED_PKG|Centify
17:11:15.13 (38203642)|ENTERING_MANAGED_PKG|Centify
17:11:15.13 (38382167)|ENTERING_MANAGED_PKG|Centify
17:11:15.13 (38514466)|ENTERING_MANAGED_PKG|Centify
17:11:15.13 (38688403)|ENTERING_MANAGED_PKG|Centify
17:11:15.13 (38780263)|ENTERING_MANAGED_PKG|Centify
17:11:15.13 (40508657)|ENTERING_MANAGED_PKG|Centify
17:11:15.13 (41796191)|ENTERING_MANAGED_PKG|Centify
17:11:15.13 (41920603)|ENTERING_MANAGED_PKG|Centify
17:11:15.13 (42157648)|ENTERING_MANAGED_PKG|Centify
17:11:15.13 (42210192)|ENTERING_MANAGED_PKG|Centify
17:11:15.13 (42307365)|ENTERING_MANAGED_PKG|Centify
17:11:15.13 (42354412)|ENTERING_MANAGED_PKG|Centify
17:11:15.13 (42376092)|ENTERING_MANAGED_PKG|Centify
17:11:15.13 (42415546)|ENTERING_MANAGED_PKG|Centify
17:11:15.13 (42429081)|ENTERING_MANAGED_PKG|Centify
17:11:15.13 (42455063)|ENTERING_MANAGED_PKG|Centify
17:11:15.13 (42494513)|ENTERING_MANAGED_PKG|Centify
17:11:15.13 (42517590)|ENTERING_MANAGED_PKG|Centify
17:11:15.13 (42666837)|ENTERING_MANAGED_PKG|Centify
17:11:15.13 (42691150)|ENTERING_MANAGED_PKG|Centify
17:11:15.13 (42703860)|ENTERING_MANAGED_PKG|Centify
17:11:15.13 (42811120)|ENTERING_MANAGED_PKG|Centify
17:11:15.13 (42845438)|ENTERING_MANAGED_PKG|Centify
17:11:15.13 (42909502)|ENTERING_MANAGED_PKG|Centify
17:11:15.13 (43056125)|ENTERING_MANAGED_PKG|Centify
17:11:15.13 (43130317)|ENTERING_MANAGED_PKG|Centify
17:11:15.13 (43241568)|ENTERING_MANAGED_PKG|Centify
17:11:15.13 (43299194)|ENTERING_MANAGED_PKG|Centify
17:11:15.13 (43398752)|ENTERING_MANAGED_PKG|Centify
17:11:15.13 (43452469)|ENTERING_MANAGED_PKG|Centify
17:11:15.13 (43507069)|ENTERING_MANAGED_PKG|Centify
17:11:15.13 (43555123)|ENTERING_MANAGED_PKG|Centify
17:11:15.13 (43657653)|ENTERING_MANAGED_PKG|Centify
17:11:15.13 (43711503)|ENTERING_MANAGED_PKG|Centify
17:11:15.13 (43808199)|ENTERING_MANAGED_PKG|Centify
17:11:15.13 (43861283)|ENTERING_MANAGED_PKG|Centify
17:11:15.13 (43962852)|ENTERING_MANAGED_PKG|Centify
17:11:15.13 (44016899)|ENTERING_MANAGED_PKG|Centify
17:11:15.13 (44117067)|ENTERING_MANAGED_PKG|Centify
17:11:15.13 (44178886)|ENTERING_MANAGED_PKG|Centify
17:11:15.13 (44281123)|ENTERING_MANAGED_PKG|Centify
17:11:15.13 (44331596)|ENTERING_MANAGED_PKG|Centify
17:11:15.13 (44429243)|ENTERING_MANAGED_PKG|Centify
17:11:15.13 (44480464)|ENTERING_MANAGED_PKG|Centify
17:11:15.13 (44578513)|ENTERING_MANAGED_PKG|Centify
17:11:15.13 (44631138)|ENTERING_MANAGED_PKG|Centify
17:11:15.13 (44730887)|ENTERING_MANAGED_PKG|Centify
17:11:15.13 (44784655)|ENTERING_MANAGED_PKG|Centify
17:11:15.13 (44882796)|ENTERING_MANAGED_PKG|Centify
17:11:15.13 (44944321)|ENTERING_MANAGED_PKG|Centify
17:11:15.13 (45046025)|ENTERING_MANAGED_PKG|Centify
17:11:15.13 (45088730)|ENTERING_MANAGED_PKG|Centify
17:11:15.13 (45974066)|DML_BEGIN|[76]|Op:Insert|Type:Centify__Notification__c|Rows:2
17:11:15.13 (97528528)|DML_END|[76]
17:11:15.13 (97685320)|ENTERING_MANAGED_PKG|Centify
17:11:15.13 (98044518)|ENTERING_MANAGED_PKG|Centify
17:11:15.13 (98201814)|ENTERING_MANAGED_PKG|Centify
17:11:15.122 (122277004)|CUMULATIVE_LIMIT_USAGE
17:11:15.122 (122277004)|LIMIT_USAGE_FOR_NS|(default)|
  Number of SOQL queries: 0 out of 200
  Number of query rows: 0 out of 50000
  Number of SOSL queries: 0 out of 20
  Number of DML statements: 0 out of 150
  Number of DML rows: 0 out of 10000
  Maximum CPU time: 0 out of 60000
  Maximum heap size: 0 out of 12000000
  Number of callouts: 0 out of 0
  Number of Email Invocations: 0 out of 10
  Number of future calls: 0 out of 0
  Number of queueable jobs added to the queue: 0 out of 1
  Number of Mobile Apex push calls: 0 out of 10

17:11:15.122 (122277004)|LIMIT_USAGE_FOR_NS|Centify|
  Number of SOQL queries: 0 out of 200
  Number of query rows: 0 out of 50000
  Number of SOSL queries: 0 out of 20
  Number of DML statements: 0 out of 150
  Number of DML rows: 0 out of 10000
  Maximum CPU time: 0 out of 60000
  Maximum heap size: 0 out of 12000000
  Number of callouts: 0 out of 0
  Number of Email Invocations: 0 out of 10
  Number of future calls: 0 out of 0
  Number of queueable jobs added to the queue: 0 out of 1
  Number of Mobile Apex push calls: 0 out of 10

17:11:15.122 (122277004)|CUMULATIVE_LIMIT_USAGE_END

