37.0 APEX_CODE,FINEST;APEX_PROFILING,INFO;CALLOUT,INFO;DB,INFO;NBA,INFO;SYSTEM,DEBUG;VALIDATION,INFO;VISUALFORCE,INFO;WAVE,INFO;WORKFLOW,INFO
11:46:27.15 (15933348)|ENTERING_MANAGED_PKG|Centify
11:46:27.15 (16769625)|ENTERING_MANAGED_PKG|Centify
11:46:27.15 (16805348)|ENTERING_MANAGED_PKG|Centify
11:46:27.15 (16946451)|ENTERING_MANAGED_PKG|Centify
11:46:27.15 (16999574)|ENTERING_MANAGED_PKG|Centify
11:46:27.15 (17665476)|ENTERING_MANAGED_PKG|Centify
11:46:27.15 (17993077)|ENTERING_MANAGED_PKG|Centify
11:46:27.15 (18031230)|ENTERING_MANAGED_PKG|Centify
11:46:27.15 (18129459)|ENTERING_MANAGED_PKG|Centify
11:46:27.15 (18171690)|ENTERING_MANAGED_PKG|Centify
11:46:27.15 (18201196)|ENTERING_MANAGED_PKG|Centify
11:46:27.15 (18227242)|ENTERING_MANAGED_PKG|Centify
11:46:27.15 (18256198)|ENTERING_MANAGED_PKG|Centify
11:46:27.15 (18475880)|ENTERING_MANAGED_PKG|Centify
11:46:27.15 (51464489)|ENTERING_MANAGED_PKG|Centify
11:46:27.15 (51556178)|ENTERING_MANAGED_PKG|Centify
11:46:27.15 (51657881)|ENTERING_MANAGED_PKG|Centify
11:46:27.15 (51701052)|ENTERING_MANAGED_PKG|Centify
11:46:27.15 (193888403)|ENTERING_MANAGED_PKG|Centify
11:46:27.15 (224084071)|ENTERING_MANAGED_PKG|Centify
11:46:27.15 (239100088)|ENTERING_MANAGED_PKG|Centify
11:46:27.15 (239167082)|ENTERING_MANAGED_PKG|Centify
11:46:27.15 (239279976)|ENTERING_MANAGED_PKG|Centify
11:46:27.15 (239328634)|ENTERING_MANAGED_PKG|Centify
11:46:27.15 (239424333)|ENTERING_MANAGED_PKG|Centify
11:46:27.15 (262395390)|ENTERING_MANAGED_PKG|Centify
11:46:27.15 (276876278)|ENTERING_MANAGED_PKG|Centify
11:46:27.15 (276932655)|ENTERING_MANAGED_PKG|Centify
11:46:27.15 (277016275)|ENTERING_MANAGED_PKG|Centify
11:46:27.15 (277050356)|ENTERING_MANAGED_PKG|Centify
11:46:27.15 (277112628)|ENTERING_MANAGED_PKG|Centify
11:46:27.15 (300748685)|ENTERING_MANAGED_PKG|Centify
11:46:27.15 (318105502)|ENTERING_MANAGED_PKG|Centify
11:46:27.15 (318155822)|ENTERING_MANAGED_PKG|Centify
11:46:27.15 (318229787)|ENTERING_MANAGED_PKG|Centify
11:46:27.15 (318262376)|ENTERING_MANAGED_PKG|Centify
11:46:27.15 (318354295)|ENTERING_MANAGED_PKG|Centify
11:46:27.15 (344186718)|ENTERING_MANAGED_PKG|Centify
11:46:27.15 (361786151)|ENTERING_MANAGED_PKG|Centify
11:46:27.15 (361839798)|ENTERING_MANAGED_PKG|Centify
11:46:27.15 (361914666)|ENTERING_MANAGED_PKG|Centify
11:46:27.15 (361948223)|ENTERING_MANAGED_PKG|Centify
11:46:27.15 (362008824)|ENTERING_MANAGED_PKG|Centify
11:46:27.15 (384353063)|ENTERING_MANAGED_PKG|Centify
11:46:27.15 (402645288)|ENTERING_MANAGED_PKG|Centify
11:46:27.15 (402701378)|ENTERING_MANAGED_PKG|Centify
11:46:27.15 (402776267)|ENTERING_MANAGED_PKG|Centify
11:46:27.15 (402808310)|ENTERING_MANAGED_PKG|Centify
11:46:27.15 (402868665)|ENTERING_MANAGED_PKG|Centify
11:46:27.15 (426306996)|ENTERING_MANAGED_PKG|Centify
11:46:27.15 (442020453)|ENTERING_MANAGED_PKG|Centify
11:46:27.15 (442072449)|ENTERING_MANAGED_PKG|Centify
11:46:27.15 (442145990)|ENTERING_MANAGED_PKG|Centify
11:46:27.15 (442177887)|ENTERING_MANAGED_PKG|Centify
11:46:27.15 (442239087)|ENTERING_MANAGED_PKG|Centify
11:46:27.15 (463101785)|ENTERING_MANAGED_PKG|Centify
11:46:27.15 (479391042)|ENTERING_MANAGED_PKG|Centify
11:46:27.15 (479442150)|ENTERING_MANAGED_PKG|Centify
11:46:27.15 (479515882)|ENTERING_MANAGED_PKG|Centify
11:46:27.15 (479548203)|ENTERING_MANAGED_PKG|Centify
11:46:27.15 (479610016)|ENTERING_MANAGED_PKG|Centify
11:46:27.15 (503928042)|ENTERING_MANAGED_PKG|Centify
11:46:27.15 (520393549)|ENTERING_MANAGED_PKG|Centify
11:46:27.15 (520443770)|ENTERING_MANAGED_PKG|Centify
11:46:27.15 (520517466)|ENTERING_MANAGED_PKG|Centify
11:46:27.15 (520553518)|ENTERING_MANAGED_PKG|Centify
11:46:27.15 (520632169)|ENTERING_MANAGED_PKG|Centify
11:46:27.15 (545515200)|ENTERING_MANAGED_PKG|Centify
11:46:27.15 (576563321)|ENTERING_MANAGED_PKG|Centify
11:46:27.15 (576633140)|ENTERING_MANAGED_PKG|Centify
11:46:27.15 (576728663)|ENTERING_MANAGED_PKG|Centify
11:46:27.15 (576769241)|ENTERING_MANAGED_PKG|Centify
11:46:27.15 (576850831)|ENTERING_MANAGED_PKG|Centify
11:46:27.15 (604537251)|ENTERING_MANAGED_PKG|Centify
11:46:27.15 (620191892)|ENTERING_MANAGED_PKG|Centify
11:46:27.15 (620239612)|ENTERING_MANAGED_PKG|Centify
11:46:27.15 (620318874)|ENTERING_MANAGED_PKG|Centify
11:46:27.15 (620350773)|ENTERING_MANAGED_PKG|Centify
11:46:27.15 (620411492)|ENTERING_MANAGED_PKG|Centify
11:46:27.15 (645572075)|ENTERING_MANAGED_PKG|Centify
11:46:27.15 (663108202)|ENTERING_MANAGED_PKG|Centify
11:46:27.15 (663169051)|ENTERING_MANAGED_PKG|Centify
11:46:27.15 (663247438)|ENTERING_MANAGED_PKG|Centify
11:46:27.15 (663285233)|ENTERING_MANAGED_PKG|Centify
11:46:27.15 (663347835)|ENTERING_MANAGED_PKG|Centify
11:46:27.15 (688178682)|ENTERING_MANAGED_PKG|Centify
11:46:27.15 (703454309)|ENTERING_MANAGED_PKG|Centify
11:46:27.15 (703505855)|ENTERING_MANAGED_PKG|Centify
11:46:27.15 (703579405)|ENTERING_MANAGED_PKG|Centify
11:46:27.15 (703612289)|ENTERING_MANAGED_PKG|Centify
11:46:27.15 (703671946)|ENTERING_MANAGED_PKG|Centify
11:46:27.15 (725710518)|ENTERING_MANAGED_PKG|Centify
11:46:27.15 (725764845)|ENTERING_MANAGED_PKG|Centify
11:46:27.15 (725934818)|ENTERING_MANAGED_PKG|Centify
11:46:27.15 (725973180)|ENTERING_MANAGED_PKG|Centify
11:46:27.15 (726002919)|ENTERING_MANAGED_PKG|Centify
11:46:27.15 (726309126)|ENTERING_MANAGED_PKG|Centify
11:46:27.15 (726411435)|ENTERING_MANAGED_PKG|Centify
11:46:27.15 (735682364)|ENTERING_MANAGED_PKG|Centify
11:46:27.15 (735756016)|ENTERING_MANAGED_PKG|Centify
11:46:27.15 (735842116)|ENTERING_MANAGED_PKG|Centify
11:46:27.15 (736477943)|ENTERING_MANAGED_PKG|Centify
11:46:27.15 (737353439)|SOQL_EXECUTE_BEGIN|[16]|Aggregations:0|select id,lastmodifieddate,isdeleted,audit_completed_date__c,audit_booked_date__c,assign_to__c,name,ownerid,status__c,lastactivitydate,opp_type__c,spinify_is_target__c,spinify_is_auditedthismonth__c from SLXOpportunity__c where LastModifiedDate >2018-10-23T01:37:12Z AND LastModifiedDate < 2018-10-23T01:46:33Z AND (   Spinify_Is_Target__c =true OR  Spinify_Is_AuditedThisMonth__c =true )  ORDER BY SystemModStamp DESC LIMIT 5000  ALL ROWS
11:46:27.15 (742661229)|SOQL_EXECUTE_END|[16]|Rows:0
11:46:27.770 (770563781)|CUMULATIVE_LIMIT_USAGE
11:46:27.770 (770563781)|LIMIT_USAGE_FOR_NS|(default)|
  Number of SOQL queries: 0 out of 200
  Number of query rows: 0 out of 50000
  Number of SOSL queries: 0 out of 20
  Number of DML statements: 0 out of 150
  Number of DML rows: 0 out of 10000
  Maximum CPU time: 0 out of 60000
  Maximum heap size: 0 out of 12000000
  Number of callouts: 0 out of 0
  Number of Email Invocations: 0 out of 10
  Number of future calls: 0 out of 0
  Number of queueable jobs added to the queue: 0 out of 1
  Number of Mobile Apex push calls: 0 out of 10

11:46:27.770 (770563781)|LIMIT_USAGE_FOR_NS|Centify|
  Number of SOQL queries: 0 out of 200
  Number of query rows: 0 out of 50000
  Number of SOSL queries: 0 out of 20
  Number of DML statements: 0 out of 150
  Number of DML rows: 0 out of 10000
  Maximum CPU time: 0 out of 60000
  Maximum heap size: 0 out of 12000000
  Number of callouts: 0 out of 0
  Number of Email Invocations: 0 out of 10
  Number of future calls: 0 out of 0
  Number of queueable jobs added to the queue: 0 out of 1
  Number of Mobile Apex push calls: 0 out of 10

11:46:27.770 (770563781)|CUMULATIVE_LIMIT_USAGE_END

