37.0 APEX_CODE,FINEST;APEX_PROFILING,INFO;CALLOUT,INFO;DB,INFO;NBA,INFO;SYSTEM,DEBUG;VALIDATION,INFO;VISUALFORCE,INFO;WAVE,INFO;WORKFLOW,INFO
17:15:50.10 (10510529)|ENTERING_MANAGED_PKG|Centify
17:15:50.10 (14592523)|ENTERING_MANAGED_PKG|Centify
17:15:50.10 (18290353)|ENTERING_MANAGED_PKG|Centify
17:15:50.10 (18539755)|ENTERING_MANAGED_PKG|Centify
17:15:50.10 (18588582)|ENTERING_MANAGED_PKG|Centify
17:15:50.10 (18654270)|ENTERING_MANAGED_PKG|Centify
17:15:50.10 (18680765)|ENTERING_MANAGED_PKG|Centify
17:15:50.10 (18736671)|ENTERING_MANAGED_PKG|Centify
17:15:50.10 (18758761)|ENTERING_MANAGED_PKG|Centify
17:15:50.10 (18832940)|ENTERING_MANAGED_PKG|Centify
17:15:50.10 (18890371)|ENTERING_MANAGED_PKG|Centify
17:15:50.10 (22893709)|SOQL_EXECUTE_BEGIN|[19]|Aggregations:0|SELECT Id, OrganizationType FROM Organization LIMIT 1
17:15:50.10 (26355619)|SOQL_EXECUTE_END|[19]|Rows:1
17:15:50.10 (28352420)|ENTERING_MANAGED_PKG|Centify
17:15:50.10 (28423199)|ENTERING_MANAGED_PKG|Centify
17:15:50.10 (28549508)|ENTERING_MANAGED_PKG|Centify
17:15:50.10 (28602796)|ENTERING_MANAGED_PKG|Centify
17:15:50.10 (28965146)|ENTERING_MANAGED_PKG|Centify
17:15:50.10 (29003215)|ENTERING_MANAGED_PKG|Centify
17:15:50.10 (29092757)|ENTERING_MANAGED_PKG|Centify
17:15:50.10 (29152021)|ENTERING_MANAGED_PKG|Centify
17:15:50.10 (30567633)|SOQL_EXECUTE_BEGIN|[95]|Aggregations:0|SELECT MAX(Last_Sync_Time__c) maxDT FROM Salesforce_Sync_Settings__c
17:15:50.10 (35513152)|SOQL_EXECUTE_END|[95]|Rows:1
17:15:50.10 (35917146)|ENTERING_MANAGED_PKG|Centify
17:15:50.10 (35980931)|ENTERING_MANAGED_PKG|Centify
17:15:50.10 (40792740)|ENTERING_MANAGED_PKG|Centify
17:15:50.10 (40876142)|ENTERING_MANAGED_PKG|Centify
17:15:50.10 (42789166)|SOQL_EXECUTE_BEGIN|[84]|Aggregations:0|SELECT COUNT() FROM Notification__c WHERE ((Number_Of_Attempts__c = NULL OR Number_Of_Attempts__c < :tmpVar1) AND (CreatedDate = TODAY OR LastModifiedDate = TODAY)) LIMIT 25000
17:15:50.10 (55080766)|SOQL_EXECUTE_END|[84]|Rows:0
17:15:50.10 (55213153)|ENTERING_MANAGED_PKG|Centify
17:15:50.10 (55316211)|ENTERING_MANAGED_PKG|Centify
17:15:50.10 (55388919)|ENTERING_MANAGED_PKG|Centify
17:15:50.10 (55453684)|ENTERING_MANAGED_PKG|Centify
17:15:50.10 (55497049)|ENTERING_MANAGED_PKG|Centify
17:15:50.10 (59461329)|SOQL_EXECUTE_BEGIN|[366]|Aggregations:0|SELECT Id, Label, MasterLabel, DeveloperName, Endpoint__c, TimeOut__c FROM Endpoint_Setting__mdt LIMIT 50
17:15:50.10 (66038456)|SOQL_EXECUTE_END|[366]|Rows:24
17:15:50.10 (67346474)|ENTERING_MANAGED_PKG|Centify
17:15:50.10 (67396936)|ENTERING_MANAGED_PKG|Centify
17:15:50.10 (68745982)|ENTERING_MANAGED_PKG|Centify
17:15:50.10 (68783244)|ENTERING_MANAGED_PKG|Centify
17:15:50.10 (71459024)|ENTERING_MANAGED_PKG|Centify
17:15:50.10 (73949840)|ENTERING_MANAGED_PKG|Centify
17:15:50.10 (74007519)|ENTERING_MANAGED_PKG|Centify
17:15:50.10 (74048862)|ENTERING_MANAGED_PKG|Centify
17:15:50.10 (74845417)|ENTERING_MANAGED_PKG|Centify
17:15:50.10 (74917249)|ENTERING_MANAGED_PKG|Centify
17:15:50.10 (74969857)|ENTERING_MANAGED_PKG|Centify
17:15:50.10 (75727378)|ENTERING_MANAGED_PKG|Centify
17:15:50.10 (75771620)|ENTERING_MANAGED_PKG|Centify
17:15:50.10 (75814001)|ENTERING_MANAGED_PKG|Centify
17:15:50.10 (75857361)|ENTERING_MANAGED_PKG|Centify
17:15:50.10 (75931109)|ENTERING_MANAGED_PKG|Centify
17:15:50.10 (78161122)|ENTERING_MANAGED_PKG|Centify
17:15:50.10 (78266615)|ENTERING_MANAGED_PKG|Centify
17:15:50.10 (78927229)|ENTERING_MANAGED_PKG|Centify
17:15:50.10 (326496849)|ENTERING_MANAGED_PKG|Centify
17:15:50.342 (342295393)|CUMULATIVE_LIMIT_USAGE
17:15:50.342 (342295393)|LIMIT_USAGE_FOR_NS|(default)|
  Number of SOQL queries: 0 out of 200
  Number of query rows: 0 out of 50000
  Number of SOSL queries: 0 out of 20
  Number of DML statements: 0 out of 150
  Number of DML rows: 0 out of 10000
  Maximum CPU time: 0 out of 60000
  Maximum heap size: 0 out of 12000000
  Number of callouts: 0 out of 0
  Number of Email Invocations: 0 out of 10
  Number of future calls: 0 out of 0
  Number of queueable jobs added to the queue: 0 out of 1
  Number of Mobile Apex push calls: 0 out of 10

17:15:50.342 (342295393)|LIMIT_USAGE_FOR_NS|Centify|
  Number of SOQL queries: 0 out of 200
  Number of query rows: 0 out of 50000
  Number of SOSL queries: 0 out of 20
  Number of DML statements: 0 out of 150
  Number of DML rows: 0 out of 10000
  Maximum CPU time: 0 out of 60000
  Maximum heap size: 0 out of 12000000
  Number of callouts: 0 out of 0
  Number of Email Invocations: 0 out of 10
  Number of future calls: 0 out of 0
  Number of queueable jobs added to the queue: 0 out of 1
  Number of Mobile Apex push calls: 0 out of 10

17:15:50.342 (342295393)|CUMULATIVE_LIMIT_USAGE_END

