37.0 APEX_CODE,FINEST;APEX_PROFILING,INFO;CALLOUT,INFO;DB,INFO;NBA,INFO;SYSTEM,DEBUG;VALIDATION,INFO;VISUALFORCE,INFO;WAVE,INFO;WORKFLOW,INFO
18:34:05.10 (10345805)|ENTERING_MANAGED_PKG|Centify
18:34:05.10 (13540201)|ENTERING_MANAGED_PKG|Centify
18:34:05.10 (15097533)|ENTERING_MANAGED_PKG|Centify
18:34:05.10 (15270468)|ENTERING_MANAGED_PKG|Centify
18:34:05.10 (15325676)|ENTERING_MANAGED_PKG|Centify
18:34:05.10 (15394433)|ENTERING_MANAGED_PKG|Centify
18:34:05.10 (15424025)|ENTERING_MANAGED_PKG|Centify
18:34:05.10 (15486355)|ENTERING_MANAGED_PKG|Centify
18:34:05.10 (15509418)|ENTERING_MANAGED_PKG|Centify
18:34:05.10 (15582982)|ENTERING_MANAGED_PKG|Centify
18:34:05.10 (15650761)|ENTERING_MANAGED_PKG|Centify
18:34:05.10 (21192983)|SOQL_EXECUTE_BEGIN|[19]|Aggregations:0|SELECT Id, OrganizationType FROM Organization LIMIT 1
18:34:05.10 (25072669)|SOQL_EXECUTE_END|[19]|Rows:1
18:34:05.10 (27802195)|ENTERING_MANAGED_PKG|Centify
18:34:05.10 (27919258)|ENTERING_MANAGED_PKG|Centify
18:34:05.10 (28140263)|ENTERING_MANAGED_PKG|Centify
18:34:05.10 (28251300)|ENTERING_MANAGED_PKG|Centify
18:34:05.10 (28901560)|ENTERING_MANAGED_PKG|Centify
18:34:05.10 (28977416)|ENTERING_MANAGED_PKG|Centify
18:34:05.10 (29129194)|ENTERING_MANAGED_PKG|Centify
18:34:05.10 (29239224)|ENTERING_MANAGED_PKG|Centify
18:34:05.10 (31268225)|SOQL_EXECUTE_BEGIN|[95]|Aggregations:0|SELECT MAX(Last_Sync_Time__c) maxDT FROM Salesforce_Sync_Settings__c
18:34:05.10 (34313835)|SOQL_EXECUTE_END|[95]|Rows:1
18:34:05.10 (34705292)|ENTERING_MANAGED_PKG|Centify
18:34:05.10 (34774719)|ENTERING_MANAGED_PKG|Centify
18:34:05.10 (36252671)|ENTERING_MANAGED_PKG|Centify
18:34:05.10 (36397534)|ENTERING_MANAGED_PKG|Centify
18:34:05.10 (38475236)|SOQL_EXECUTE_BEGIN|[84]|Aggregations:0|SELECT COUNT() FROM Notification__c WHERE ((Number_Of_Attempts__c = NULL OR Number_Of_Attempts__c < :tmpVar1) AND (CreatedDate = TODAY OR LastModifiedDate = TODAY)) LIMIT 25000
18:34:05.10 (88305383)|SOQL_EXECUTE_END|[84]|Rows:0
18:34:05.10 (88432283)|ENTERING_MANAGED_PKG|Centify
18:34:05.10 (88513297)|ENTERING_MANAGED_PKG|Centify
18:34:05.10 (88578997)|ENTERING_MANAGED_PKG|Centify
18:34:05.10 (88633737)|ENTERING_MANAGED_PKG|Centify
18:34:05.10 (88668842)|ENTERING_MANAGED_PKG|Centify
18:34:05.10 (92437661)|SOQL_EXECUTE_BEGIN|[363]|Aggregations:0|SELECT Id, Label, MasterLabel, DeveloperName, Endpoint__c, TimeOut__c FROM Endpoint_Setting__mdt LIMIT 50
18:34:05.10 (98664250)|SOQL_EXECUTE_END|[363]|Rows:23
18:34:05.10 (100459012)|ENTERING_MANAGED_PKG|Centify
18:34:05.10 (100521280)|ENTERING_MANAGED_PKG|Centify
18:34:05.10 (102098220)|ENTERING_MANAGED_PKG|Centify
18:34:05.10 (102140331)|ENTERING_MANAGED_PKG|Centify
18:34:05.10 (105777915)|ENTERING_MANAGED_PKG|Centify
18:34:05.10 (109444843)|ENTERING_MANAGED_PKG|Centify
18:34:05.10 (109515473)|ENTERING_MANAGED_PKG|Centify
18:34:05.10 (109561980)|ENTERING_MANAGED_PKG|Centify
18:34:05.10 (110486239)|ENTERING_MANAGED_PKG|Centify
18:34:05.10 (110607704)|ENTERING_MANAGED_PKG|Centify
18:34:05.10 (110678661)|ENTERING_MANAGED_PKG|Centify
18:34:05.10 (115989070)|ENTERING_MANAGED_PKG|Centify
18:34:05.10 (116096444)|ENTERING_MANAGED_PKG|Centify
18:34:05.10 (116189359)|ENTERING_MANAGED_PKG|Centify
18:34:05.10 (116254253)|ENTERING_MANAGED_PKG|Centify
18:34:05.10 (116382182)|ENTERING_MANAGED_PKG|Centify
18:34:05.10 (119432873)|ENTERING_MANAGED_PKG|Centify
18:34:05.10 (119596792)|ENTERING_MANAGED_PKG|Centify
18:34:05.10 (120563563)|ENTERING_MANAGED_PKG|Centify
18:34:05.10 (306011240)|ENTERING_MANAGED_PKG|Centify
18:34:05.321 (321522489)|CUMULATIVE_LIMIT_USAGE
18:34:05.321 (321522489)|LIMIT_USAGE_FOR_NS|(default)|
  Number of SOQL queries: 0 out of 200
  Number of query rows: 0 out of 50000
  Number of SOSL queries: 0 out of 20
  Number of DML statements: 0 out of 150
  Number of DML rows: 0 out of 10000
  Maximum CPU time: 0 out of 60000
  Maximum heap size: 0 out of 12000000
  Number of callouts: 0 out of 0
  Number of Email Invocations: 0 out of 10
  Number of future calls: 0 out of 0
  Number of queueable jobs added to the queue: 0 out of 1
  Number of Mobile Apex push calls: 0 out of 10

18:34:05.321 (321522489)|LIMIT_USAGE_FOR_NS|Centify|
  Number of SOQL queries: 0 out of 200
  Number of query rows: 0 out of 50000
  Number of SOSL queries: 0 out of 20
  Number of DML statements: 0 out of 150
  Number of DML rows: 0 out of 10000
  Maximum CPU time: 0 out of 60000
  Maximum heap size: 0 out of 12000000
  Number of callouts: 0 out of 0
  Number of Email Invocations: 0 out of 10
  Number of future calls: 0 out of 0
  Number of queueable jobs added to the queue: 0 out of 1
  Number of Mobile Apex push calls: 0 out of 10

18:34:05.321 (321522489)|CUMULATIVE_LIMIT_USAGE_END

