37.0 APEX_CODE,FINEST;APEX_PROFILING,INFO;CALLOUT,INFO;DB,INFO;NBA,INFO;SYSTEM,DEBUG;VALIDATION,INFO;VISUALFORCE,INFO;WAVE,INFO;WORKFLOW,INFO
11:32:10.20 (20873698)|ENTERING_MANAGED_PKG|Centify
11:32:10.20 (21967260)|ENTERING_MANAGED_PKG|Centify
11:32:10.20 (22053707)|ENTERING_MANAGED_PKG|Centify
11:32:10.20 (23673923)|ENTERING_MANAGED_PKG|Centify
11:32:10.20 (23804445)|ENTERING_MANAGED_PKG|Centify
11:32:10.20 (23890474)|ENTERING_MANAGED_PKG|Centify
11:32:10.20 (28622205)|DML_BEGIN|[324]|Op:Upsert|Type:Centify__Salesforce_Sync_Settings__c|Rows:1
11:32:10.20 (52230202)|DML_END|[324]
11:32:10.66 (66728818)|CUMULATIVE_LIMIT_USAGE
11:32:10.66 (66728818)|LIMIT_USAGE_FOR_NS|(default)|
  Number of SOQL queries: 0 out of 200
  Number of query rows: 0 out of 50000
  Number of SOSL queries: 0 out of 20
  Number of DML statements: 0 out of 150
  Number of DML rows: 0 out of 10000
  Maximum CPU time: 0 out of 60000
  Maximum heap size: 0 out of 12000000
  Number of callouts: 0 out of 0
  Number of Email Invocations: 0 out of 10
  Number of future calls: 0 out of 0
  Number of queueable jobs added to the queue: 0 out of 1
  Number of Mobile Apex push calls: 0 out of 10

11:32:10.66 (66728818)|LIMIT_USAGE_FOR_NS|Centify|
  Number of SOQL queries: 0 out of 200
  Number of query rows: 0 out of 50000
  Number of SOSL queries: 0 out of 20
  Number of DML statements: 0 out of 150
  Number of DML rows: 0 out of 10000
  Maximum CPU time: 0 out of 60000
  Maximum heap size: 0 out of 12000000
  Number of callouts: 0 out of 0
  Number of Email Invocations: 0 out of 10
  Number of future calls: 0 out of 0
  Number of queueable jobs added to the queue: 0 out of 1
  Number of Mobile Apex push calls: 0 out of 10

11:32:10.66 (66728818)|CUMULATIVE_LIMIT_USAGE_END

