35.0 APEX_CODE,FINEST;APEX_PROFILING,INFO;CALLOUT,INFO;DB,INFO;NBA,INFO;SYSTEM,DEBUG;VALIDATION,INFO;VISUALFORCE,INFO;WAVE,INFO;WORKFLOW,INFO
18:30:52.28 (28404346)|ENTERING_MANAGED_PKG|NVMContactWorld
18:30:52.28 (28585703)|ENTERING_MANAGED_PKG|NVMContactWorld
18:30:52.28 (28870651)|ENTERING_MANAGED_PKG|NVMContactWorld
18:30:52.28 (28918444)|ENTERING_MANAGED_PKG|NVMContactWorld
18:30:52.28 (29417861)|ENTERING_MANAGED_PKG|NVMContactWorld
18:30:52.28 (31920508)|ENTERING_MANAGED_PKG|NVMContactWorld
18:30:52.28 (31968517)|ENTERING_MANAGED_PKG|NVMContactWorld
18:30:52.28 (34483656)|SOQL_EXECUTE_BEGIN|[47]|Aggregations:0|SELECT Id, MostRecentCall__c, MostRecentCallEventTimestamp__c, MostRecentCallIsActive__c, NVM_Agent_Id__c, NotesCollapsed__c FROM User WHERE Id = :tmpVar1
18:30:52.28 (40865078)|SOQL_EXECUTE_END|[47]|Rows:1
18:30:52.28 (41098148)|ENTERING_MANAGED_PKG|NVMContactWorld
18:30:52.28 (41164603)|ENTERING_MANAGED_PKG|NVMContactWorld
18:30:52.28 (41256422)|ENTERING_MANAGED_PKG|NVMContactWorld
18:30:52.28 (41304524)|ENTERING_MANAGED_PKG|NVMContactWorld
18:30:52.28 (41356371)|ENTERING_MANAGED_PKG|NVMContactWorld
18:30:52.28 (41454477)|ENTERING_MANAGED_PKG|NVMContactWorld
18:30:52.28 (43672815)|ENTERING_MANAGED_PKG|NVMContactWorld
18:30:52.28 (43717003)|ENTERING_MANAGED_PKG|NVMContactWorld
18:30:52.28 (45490871)|ENTERING_MANAGED_PKG|NVMContactWorld
18:30:52.28 (47491833)|ENTERING_MANAGED_PKG|NVMContactWorld
18:30:52.28 (47551317)|ENTERING_MANAGED_PKG|NVMContactWorld
18:30:52.28 (47619476)|ENTERING_MANAGED_PKG|NVMContactWorld
18:30:52.28 (47643546)|ENTERING_MANAGED_PKG|NVMContactWorld
18:30:52.28 (48069794)|ENTERING_MANAGED_PKG|NVMContactWorld
18:30:52.28 (50314097)|ENTERING_MANAGED_PKG|NVMContactWorld
18:30:52.28 (50595983)|ENTERING_MANAGED_PKG|NVMContactWorld
18:30:52.28 (50658219)|ENTERING_MANAGED_PKG|NVMContactWorld
18:30:52.28 (51583783)|ENTERING_MANAGED_PKG|NVMContactWorld
18:30:52.28 (51676698)|ENTERING_MANAGED_PKG|NVMContactWorld
18:30:52.28 (51899648)|ENTERING_MANAGED_PKG|NVMContactWorld
18:30:52.28 (52163868)|ENTERING_MANAGED_PKG|NVMContactWorld
18:30:52.28 (52246909)|ENTERING_MANAGED_PKG|NVMContactWorld
18:30:52.28 (52438195)|ENTERING_MANAGED_PKG|NVMContactWorld
18:30:52.28 (52514045)|ENTERING_MANAGED_PKG|NVMContactWorld
18:30:52.28 (292208848)|ENTERING_MANAGED_PKG|NVMContactWorld
18:30:52.28 (292339037)|ENTERING_MANAGED_PKG|NVMContactWorld
18:30:52.28 (292485774)|ENTERING_MANAGED_PKG|NVMContactWorld
18:30:52.28 (293607624)|ENTERING_MANAGED_PKG|NVMContactWorld
18:30:52.28 (293707315)|ENTERING_MANAGED_PKG|NVMContactWorld
18:30:52.28 (293748621)|ENTERING_MANAGED_PKG|NVMContactWorld
18:30:52.28 (293782663)|ENTERING_MANAGED_PKG|NVMContactWorld
18:30:52.28 (293823254)|ENTERING_MANAGED_PKG|NVMContactWorld
18:30:52.28 (293861745)|ENTERING_MANAGED_PKG|NVMContactWorld
18:30:52.28 (293891424)|ENTERING_MANAGED_PKG|NVMContactWorld
18:30:52.28 (293952459)|ENTERING_MANAGED_PKG|NVMContactWorld
18:30:52.28 (294013582)|ENTERING_MANAGED_PKG|NVMContactWorld
18:30:52.28 (294049016)|ENTERING_MANAGED_PKG|NVMContactWorld
18:30:52.28 (294093535)|ENTERING_MANAGED_PKG|NVMContactWorld
18:30:52.28 (294121870)|ENTERING_MANAGED_PKG|NVMContactWorld
18:30:52.28 (294152873)|ENTERING_MANAGED_PKG|NVMContactWorld
18:30:52.28 (294169009)|ENTERING_MANAGED_PKG|NVMContactWorld
18:30:52.28 (294190477)|ENTERING_MANAGED_PKG|NVMContactWorld
18:30:52.28 (301649540)|ENTERING_MANAGED_PKG|NVMContactWorld
18:30:52.28 (301704613)|ENTERING_MANAGED_PKG|NVMContactWorld
18:30:52.28 (301753044)|ENTERING_MANAGED_PKG|NVMContactWorld
18:30:52.28 (301784625)|ENTERING_MANAGED_PKG|NVMContactWorld
18:30:52.28 (301810306)|ENTERING_MANAGED_PKG|NVMContactWorld
18:30:52.28 (301865413)|ENTERING_MANAGED_PKG|NVMContactWorld
18:30:52.28 (302143495)|ENTERING_MANAGED_PKG|NVMContactWorld
18:30:52.28 (302169251)|ENTERING_MANAGED_PKG|NVMContactWorld
18:30:52.28 (302185147)|ENTERING_MANAGED_PKG|NVMContactWorld
18:30:52.28 (302197602)|ENTERING_MANAGED_PKG|NVMContactWorld
18:30:52.311 (311537940)|CUMULATIVE_LIMIT_USAGE
18:30:52.311 (311537940)|LIMIT_USAGE_FOR_NS|(default)|
  Number of SOQL queries: 0 out of 100
  Number of query rows: 0 out of 50000
  Number of SOSL queries: 0 out of 20
  Number of DML statements: 0 out of 150
  Number of DML rows: 0 out of 10000
  Maximum CPU time: 0 out of 10000
  Maximum heap size: 0 out of 6000000
  Number of callouts: 0 out of 100
  Number of Email Invocations: 0 out of 10
  Number of future calls: 0 out of 50
  Number of queueable jobs added to the queue: 0 out of 50
  Number of Mobile Apex push calls: 0 out of 10

18:30:52.311 (311537940)|LIMIT_USAGE_FOR_NS|NVMContactWorld|
  Number of SOQL queries: 1 out of 100
  Number of query rows: 1 out of 50000
  Number of SOSL queries: 0 out of 20
  Number of DML statements: 0 out of 150
  Number of DML rows: 0 out of 10000
  Maximum CPU time: 0 out of 10000
  Maximum heap size: 0 out of 6000000
  Number of callouts: 1 out of 100
  Number of Email Invocations: 0 out of 10
  Number of future calls: 0 out of 50
  Number of queueable jobs added to the queue: 0 out of 50
  Number of Mobile Apex push calls: 0 out of 10

18:30:52.311 (311537940)|CUMULATIVE_LIMIT_USAGE_END

