37.0 APEX_CODE,FINEST;APEX_PROFILING,INFO;CALLOUT,INFO;DB,INFO;NBA,INFO;SYSTEM,DEBUG;VALIDATION,INFO;VISUALFORCE,INFO;WAVE,INFO;WORKFLOW,INFO
11:39:37.19 (19653532)|ENTERING_MANAGED_PKG|Centify
11:39:37.19 (23661893)|ENTERING_MANAGED_PKG|Centify
11:39:37.19 (30100601)|ENTERING_MANAGED_PKG|Centify
11:39:37.19 (30246856)|ENTERING_MANAGED_PKG|Centify
11:39:37.19 (30385080)|ENTERING_MANAGED_PKG|Centify
11:39:37.19 (31054331)|ENTERING_MANAGED_PKG|Centify
11:39:37.19 (31361631)|ENTERING_MANAGED_PKG|Centify
11:39:37.19 (31389777)|ENTERING_MANAGED_PKG|Centify
11:39:37.19 (31471017)|ENTERING_MANAGED_PKG|Centify
11:39:37.19 (31527678)|ENTERING_MANAGED_PKG|Centify
11:39:37.19 (31568122)|ENTERING_MANAGED_PKG|Centify
11:39:37.19 (31589448)|ENTERING_MANAGED_PKG|Centify
11:39:37.19 (31608384)|ENTERING_MANAGED_PKG|Centify
11:39:37.19 (31794080)|ENTERING_MANAGED_PKG|Centify
11:39:37.19 (91573182)|ENTERING_MANAGED_PKG|Centify
11:39:37.19 (91704021)|ENTERING_MANAGED_PKG|Centify
11:39:37.19 (91848938)|ENTERING_MANAGED_PKG|Centify
11:39:37.19 (91911166)|ENTERING_MANAGED_PKG|Centify
11:39:37.19 (319761371)|ENTERING_MANAGED_PKG|Centify
11:39:37.19 (371116754)|ENTERING_MANAGED_PKG|Centify
11:39:37.19 (385515437)|ENTERING_MANAGED_PKG|Centify
11:39:37.19 (385567358)|ENTERING_MANAGED_PKG|Centify
11:39:37.19 (385647083)|ENTERING_MANAGED_PKG|Centify
11:39:37.19 (385680768)|ENTERING_MANAGED_PKG|Centify
11:39:37.19 (385746376)|ENTERING_MANAGED_PKG|Centify
11:39:37.19 (418654127)|ENTERING_MANAGED_PKG|Centify
11:39:37.19 (436874190)|ENTERING_MANAGED_PKG|Centify
11:39:37.19 (436936360)|ENTERING_MANAGED_PKG|Centify
11:39:37.19 (437039298)|ENTERING_MANAGED_PKG|Centify
11:39:37.19 (437088365)|ENTERING_MANAGED_PKG|Centify
11:39:37.19 (437162694)|ENTERING_MANAGED_PKG|Centify
11:39:37.19 (469833537)|ENTERING_MANAGED_PKG|Centify
11:39:37.19 (487815191)|ENTERING_MANAGED_PKG|Centify
11:39:37.19 (487867604)|ENTERING_MANAGED_PKG|Centify
11:39:37.19 (487947624)|ENTERING_MANAGED_PKG|Centify
11:39:37.19 (487982267)|ENTERING_MANAGED_PKG|Centify
11:39:37.19 (488047939)|ENTERING_MANAGED_PKG|Centify
11:39:37.19 (526934452)|ENTERING_MANAGED_PKG|Centify
11:39:37.19 (543706556)|ENTERING_MANAGED_PKG|Centify
11:39:37.19 (543766888)|ENTERING_MANAGED_PKG|Centify
11:39:37.19 (543850425)|ENTERING_MANAGED_PKG|Centify
11:39:37.19 (543883487)|ENTERING_MANAGED_PKG|Centify
11:39:37.19 (543949450)|ENTERING_MANAGED_PKG|Centify
11:39:37.19 (575858536)|ENTERING_MANAGED_PKG|Centify
11:39:37.19 (592223244)|ENTERING_MANAGED_PKG|Centify
11:39:37.19 (592278629)|ENTERING_MANAGED_PKG|Centify
11:39:37.19 (592359786)|ENTERING_MANAGED_PKG|Centify
11:39:37.19 (592393406)|ENTERING_MANAGED_PKG|Centify
11:39:37.19 (592458402)|ENTERING_MANAGED_PKG|Centify
11:39:37.19 (632754973)|ENTERING_MANAGED_PKG|Centify
11:39:37.19 (649874684)|ENTERING_MANAGED_PKG|Centify
11:39:37.19 (649931638)|ENTERING_MANAGED_PKG|Centify
11:39:37.19 (650013281)|ENTERING_MANAGED_PKG|Centify
11:39:37.19 (650047586)|ENTERING_MANAGED_PKG|Centify
11:39:37.19 (650115184)|ENTERING_MANAGED_PKG|Centify
11:39:37.19 (692134219)|ENTERING_MANAGED_PKG|Centify
11:39:37.19 (710010304)|ENTERING_MANAGED_PKG|Centify
11:39:37.19 (710065543)|ENTERING_MANAGED_PKG|Centify
11:39:37.19 (710149140)|ENTERING_MANAGED_PKG|Centify
11:39:37.19 (710185442)|ENTERING_MANAGED_PKG|Centify
11:39:37.19 (710259298)|ENTERING_MANAGED_PKG|Centify
11:39:37.19 (744528929)|ENTERING_MANAGED_PKG|Centify
11:39:37.19 (763400334)|ENTERING_MANAGED_PKG|Centify
11:39:37.19 (763481094)|ENTERING_MANAGED_PKG|Centify
11:39:37.19 (763609155)|ENTERING_MANAGED_PKG|Centify
11:39:37.19 (763648193)|ENTERING_MANAGED_PKG|Centify
11:39:37.19 (763719544)|ENTERING_MANAGED_PKG|Centify
11:39:37.19 (800568704)|ENTERING_MANAGED_PKG|Centify
11:39:37.19 (823743886)|ENTERING_MANAGED_PKG|Centify
11:39:37.19 (823806184)|ENTERING_MANAGED_PKG|Centify
11:39:37.19 (823893616)|ENTERING_MANAGED_PKG|Centify
11:39:37.19 (823928682)|ENTERING_MANAGED_PKG|Centify
11:39:37.19 (823996105)|ENTERING_MANAGED_PKG|Centify
11:39:37.19 (859404843)|ENTERING_MANAGED_PKG|Centify
11:39:37.19 (878154490)|ENTERING_MANAGED_PKG|Centify
11:39:37.19 (878609839)|ENTERING_MANAGED_PKG|Centify
11:39:37.19 (893158788)|ENTERING_MANAGED_PKG|Centify
11:39:37.19 (893256381)|ENTERING_MANAGED_PKG|Centify
11:39:37.19 (895264452)|ENTERING_MANAGED_PKG|Centify
11:39:37.19 (895330353)|ENTERING_MANAGED_PKG|Centify
11:39:37.19 (895388876)|ENTERING_MANAGED_PKG|Centify
11:39:37.19 (895475571)|ENTERING_MANAGED_PKG|Centify
11:39:37.19 (899335722)|SOQL_EXECUTE_BEGIN|[19]|Aggregations:0|SELECT Id, OrganizationType FROM Organization LIMIT 1
11:39:37.19 (902648307)|SOQL_EXECUTE_END|[19]|Rows:1
11:39:37.19 (922014892)|ENTERING_MANAGED_PKG|Centify
11:39:37.19 (922084299)|ENTERING_MANAGED_PKG|Centify
11:39:37.19 (922254322)|ENTERING_MANAGED_PKG|Centify
11:39:37.19 (922297501)|ENTERING_MANAGED_PKG|Centify
11:39:37.19 (922340137)|ENTERING_MANAGED_PKG|Centify
11:39:37.19 (923467430)|ENTERING_MANAGED_PKG|Centify
11:39:37.19 (923550565)|ENTERING_MANAGED_PKG|Centify
11:39:37.19 (935257147)|ENTERING_MANAGED_PKG|Centify
11:39:37.19 (935483437)|ENTERING_MANAGED_PKG|Centify
11:39:37.19 (945838405)|ENTERING_MANAGED_PKG|Centify
11:39:37.19 (946919437)|SOQL_EXECUTE_BEGIN|[16]|Aggregations:0|select id,lastmodifieddate,isdeleted,name,createddate,ownerid,status,isconverted,converteddate,company from Lead where LastModifiedDate >2018-10-23T01:26:52Z AND LastModifiedDate < 2018-10-23T01:39:43Z  ORDER BY SystemModStamp DESC LIMIT 5000  ALL ROWS
11:39:37.19 (953631476)|SOQL_EXECUTE_END|[16]|Rows:0
11:39:37.976 (976275989)|CUMULATIVE_LIMIT_USAGE
11:39:37.976 (976275989)|LIMIT_USAGE_FOR_NS|(default)|
  Number of SOQL queries: 0 out of 200
  Number of query rows: 0 out of 50000
  Number of SOSL queries: 0 out of 20
  Number of DML statements: 0 out of 150
  Number of DML rows: 0 out of 10000
  Maximum CPU time: 0 out of 60000
  Maximum heap size: 0 out of 12000000
  Number of callouts: 0 out of 0
  Number of Email Invocations: 0 out of 10
  Number of future calls: 0 out of 0
  Number of queueable jobs added to the queue: 0 out of 1
  Number of Mobile Apex push calls: 0 out of 10

11:39:37.976 (976275989)|LIMIT_USAGE_FOR_NS|Centify|
  Number of SOQL queries: 0 out of 200
  Number of query rows: 0 out of 50000
  Number of SOSL queries: 0 out of 20
  Number of DML statements: 0 out of 150
  Number of DML rows: 0 out of 10000
  Maximum CPU time: 0 out of 60000
  Maximum heap size: 0 out of 12000000
  Number of callouts: 0 out of 0
  Number of Email Invocations: 0 out of 10
  Number of future calls: 0 out of 0
  Number of queueable jobs added to the queue: 0 out of 1
  Number of Mobile Apex push calls: 0 out of 10

11:39:37.976 (976275989)|CUMULATIVE_LIMIT_USAGE_END

