35.0 APEX_CODE,FINEST;APEX_PROFILING,INFO;CALLOUT,INFO;DB,INFO;NBA,INFO;SYSTEM,DEBUG;VALIDATION,INFO;VISUALFORCE,INFO;WAVE,INFO;WORKFLOW,INFO
18:27:26.27 (27139654)|ENTERING_MANAGED_PKG|NVMContactWorld
18:27:26.27 (27284512)|ENTERING_MANAGED_PKG|NVMContactWorld
18:27:26.27 (27523789)|ENTERING_MANAGED_PKG|NVMContactWorld
18:27:26.27 (27562790)|ENTERING_MANAGED_PKG|NVMContactWorld
18:27:26.27 (27989021)|ENTERING_MANAGED_PKG|NVMContactWorld
18:27:26.27 (29918761)|ENTERING_MANAGED_PKG|NVMContactWorld
18:27:26.27 (29958528)|ENTERING_MANAGED_PKG|NVMContactWorld
18:27:26.27 (31201086)|SOQL_EXECUTE_BEGIN|[47]|Aggregations:0|SELECT Id, MostRecentCall__c, MostRecentCallEventTimestamp__c, MostRecentCallIsActive__c, NVM_Agent_Id__c, NotesCollapsed__c FROM User WHERE Id = :tmpVar1
18:27:26.27 (37128322)|SOQL_EXECUTE_END|[47]|Rows:1
18:27:26.27 (37345424)|ENTERING_MANAGED_PKG|NVMContactWorld
18:27:26.27 (37405131)|ENTERING_MANAGED_PKG|NVMContactWorld
18:27:26.27 (37491992)|ENTERING_MANAGED_PKG|NVMContactWorld
18:27:26.27 (37535207)|ENTERING_MANAGED_PKG|NVMContactWorld
18:27:26.27 (37579543)|ENTERING_MANAGED_PKG|NVMContactWorld
18:27:26.27 (37701503)|ENTERING_MANAGED_PKG|NVMContactWorld
18:27:26.27 (40084540)|ENTERING_MANAGED_PKG|NVMContactWorld
18:27:26.27 (40138034)|ENTERING_MANAGED_PKG|NVMContactWorld
18:27:26.27 (42205704)|ENTERING_MANAGED_PKG|NVMContactWorld
18:27:26.27 (44732123)|ENTERING_MANAGED_PKG|NVMContactWorld
18:27:26.27 (44795501)|ENTERING_MANAGED_PKG|NVMContactWorld
18:27:26.27 (44864102)|ENTERING_MANAGED_PKG|NVMContactWorld
18:27:26.27 (44884805)|ENTERING_MANAGED_PKG|NVMContactWorld
18:27:26.27 (45313511)|ENTERING_MANAGED_PKG|NVMContactWorld
18:27:26.27 (47370804)|ENTERING_MANAGED_PKG|NVMContactWorld
18:27:26.27 (47664697)|ENTERING_MANAGED_PKG|NVMContactWorld
18:27:26.27 (47717316)|ENTERING_MANAGED_PKG|NVMContactWorld
18:27:26.27 (48483613)|ENTERING_MANAGED_PKG|NVMContactWorld
18:27:26.27 (48561313)|ENTERING_MANAGED_PKG|NVMContactWorld
18:27:26.27 (48756230)|ENTERING_MANAGED_PKG|NVMContactWorld
18:27:26.27 (48971434)|ENTERING_MANAGED_PKG|NVMContactWorld
18:27:26.27 (49041066)|ENTERING_MANAGED_PKG|NVMContactWorld
18:27:26.27 (49207913)|ENTERING_MANAGED_PKG|NVMContactWorld
18:27:26.27 (49271561)|ENTERING_MANAGED_PKG|NVMContactWorld
18:27:26.27 (661489017)|ENTERING_MANAGED_PKG|NVMContactWorld
18:27:26.27 (661579034)|ENTERING_MANAGED_PKG|NVMContactWorld
18:27:26.27 (661707615)|ENTERING_MANAGED_PKG|NVMContactWorld
18:27:26.27 (662728562)|ENTERING_MANAGED_PKG|NVMContactWorld
18:27:26.27 (664831880)|ENTERING_MANAGED_PKG|NVMContactWorld
18:27:26.27 (664881920)|ENTERING_MANAGED_PKG|NVMContactWorld
18:27:26.27 (664914759)|ENTERING_MANAGED_PKG|NVMContactWorld
18:27:26.27 (664956715)|ENTERING_MANAGED_PKG|NVMContactWorld
18:27:26.27 (664994343)|ENTERING_MANAGED_PKG|NVMContactWorld
18:27:26.27 (665027664)|ENTERING_MANAGED_PKG|NVMContactWorld
18:27:26.27 (665085867)|ENTERING_MANAGED_PKG|NVMContactWorld
18:27:26.27 (665145175)|ENTERING_MANAGED_PKG|NVMContactWorld
18:27:26.27 (665174522)|ENTERING_MANAGED_PKG|NVMContactWorld
18:27:26.27 (665210385)|ENTERING_MANAGED_PKG|NVMContactWorld
18:27:26.27 (665233432)|ENTERING_MANAGED_PKG|NVMContactWorld
18:27:26.27 (665259908)|ENTERING_MANAGED_PKG|NVMContactWorld
18:27:26.27 (665277047)|ENTERING_MANAGED_PKG|NVMContactWorld
18:27:26.27 (665295542)|ENTERING_MANAGED_PKG|NVMContactWorld
18:27:26.27 (669365310)|ENTERING_MANAGED_PKG|NVMContactWorld
18:27:26.27 (669388706)|ENTERING_MANAGED_PKG|NVMContactWorld
18:27:26.27 (669409754)|ENTERING_MANAGED_PKG|NVMContactWorld
18:27:26.27 (669422598)|ENTERING_MANAGED_PKG|NVMContactWorld
18:27:26.27 (669433788)|ENTERING_MANAGED_PKG|NVMContactWorld
18:27:26.27 (669458049)|ENTERING_MANAGED_PKG|NVMContactWorld
18:27:26.27 (669631047)|ENTERING_MANAGED_PKG|NVMContactWorld
18:27:26.27 (669651001)|ENTERING_MANAGED_PKG|NVMContactWorld
18:27:26.27 (669663084)|ENTERING_MANAGED_PKG|NVMContactWorld
18:27:26.27 (669673879)|ENTERING_MANAGED_PKG|NVMContactWorld
18:27:26.677 (677253533)|CUMULATIVE_LIMIT_USAGE
18:27:26.677 (677253533)|LIMIT_USAGE_FOR_NS|(default)|
  Number of SOQL queries: 0 out of 100
  Number of query rows: 0 out of 50000
  Number of SOSL queries: 0 out of 20
  Number of DML statements: 0 out of 150
  Number of DML rows: 0 out of 10000
  Maximum CPU time: 39 out of 10000
  Maximum heap size: 0 out of 6000000
  Number of callouts: 0 out of 100
  Number of Email Invocations: 0 out of 10
  Number of future calls: 0 out of 50
  Number of queueable jobs added to the queue: 0 out of 50
  Number of Mobile Apex push calls: 0 out of 10

18:27:26.677 (677253533)|LIMIT_USAGE_FOR_NS|NVMContactWorld|
  Number of SOQL queries: 1 out of 100
  Number of query rows: 1 out of 50000
  Number of SOSL queries: 0 out of 20
  Number of DML statements: 0 out of 150
  Number of DML rows: 0 out of 10000
  Maximum CPU time: 0 out of 10000
  Maximum heap size: 0 out of 6000000
  Number of callouts: 1 out of 100
  Number of Email Invocations: 0 out of 10
  Number of future calls: 0 out of 50
  Number of queueable jobs added to the queue: 0 out of 50
  Number of Mobile Apex push calls: 0 out of 10

18:27:26.677 (677253533)|CUMULATIVE_LIMIT_USAGE_END

