37.0 APEX_CODE,FINEST;APEX_PROFILING,INFO;CALLOUT,INFO;DB,INFO;NBA,INFO;SYSTEM,DEBUG;VALIDATION,INFO;VISUALFORCE,INFO;WAVE,INFO;WORKFLOW,INFO
18:17:18.20 (20099237)|ENTERING_MANAGED_PKG|Centify
18:17:18.20 (21190811)|ENTERING_MANAGED_PKG|Centify
18:17:18.20 (21252056)|ENTERING_MANAGED_PKG|Centify
18:17:18.20 (21862745)|ENTERING_MANAGED_PKG|Centify
18:17:18.20 (22008131)|ENTERING_MANAGED_PKG|Centify
18:17:18.20 (22104364)|ENTERING_MANAGED_PKG|Centify
18:17:18.40 (40374152)|CUMULATIVE_LIMIT_USAGE
18:17:18.40 (40374152)|LIMIT_USAGE_FOR_NS|(default)|
  Number of SOQL queries: 0 out of 200
  Number of query rows: 0 out of 50000
  Number of SOSL queries: 0 out of 20
  Number of DML statements: 0 out of 150
  Number of DML rows: 0 out of 10000
  Maximum CPU time: 0 out of 60000
  Maximum heap size: 0 out of 12000000
  Number of callouts: 0 out of 0
  Number of Email Invocations: 0 out of 10
  Number of future calls: 0 out of 0
  Number of queueable jobs added to the queue: 0 out of 1
  Number of Mobile Apex push calls: 0 out of 10

18:17:18.40 (40374152)|LIMIT_USAGE_FOR_NS|Centify|
  Number of SOQL queries: 0 out of 200
  Number of query rows: 0 out of 50000
  Number of SOSL queries: 0 out of 20
  Number of DML statements: 0 out of 150
  Number of DML rows: 0 out of 10000
  Maximum CPU time: 0 out of 60000
  Maximum heap size: 0 out of 12000000
  Number of callouts: 0 out of 0
  Number of Email Invocations: 0 out of 10
  Number of future calls: 0 out of 0
  Number of queueable jobs added to the queue: 0 out of 1
  Number of Mobile Apex push calls: 0 out of 10

18:17:18.40 (40374152)|CUMULATIVE_LIMIT_USAGE_END

|ENTERING_MANAGED_PKG|Centify
18:17:17.19 (471837533)|ENTERING_MANAGED_PKG|Centify
18:17:17.19 (471904938)|ENTERING_MANAGED_PKG|Centify
18:17:17.19 (516705315)|ENTERING_MANAGED_PKG|Centify
18:17:17.19 (539362728)|ENTERING_MANAGED_PKG|Centify
18:17:17.19 (539463983)|ENTERING_MANAGED_PKG|Centify
18:17:17.19 (539580339)|ENTERING_MANAGED_PKG|Centify
18:17:17.19 (539623719)|ENTERING_MANAGED_PKG|Centify
18:17:17.19 (539719105)|ENTERING_MANAGED_PKG|Centify
18:17:17.19 (581377677)|ENTERING_MANAGED_PKG|Centify
18:17:17.19 (599471724)|ENTERING_MANAGED_PKG|Centify
18:17:17.19 (599532454)|ENTERING_MANAGED_PKG|Centify
18:17:17.19 (599614107)|ENTERING_MANAGED_PKG|Centify
18:17:17.19 (599645908)|ENTERING_MANAGED_PKG|Centify
18:17:17.19 (599709934)|ENTERING_MANAGED_PKG|Centify
18:17:17.19 (638343485)|ENTERING_MANAGED_PKG|Centify
18:17:17.19 (657943442)|ENTERING_MANAGED_PKG|Centify
18:17:17.19 (658018625)|ENTERING_MANAGED_PKG|Centify
18:17:17.19 (658109723)|ENTERING_MANAGED_PKG|Centify
18:17:17.19 (658143147)|ENTERING_MANAGED_PKG|Centify
18:17:17.19 (658210688)|ENTERING_MANAGED_PKG|Centify
18:17:17.19 (695561395)|ENTERING_MANAGED_PKG|Centify
18:17:17.19 (711481089)|ENTERING_MANAGED_PKG|Centify
18:17:17.19 (711756239)|ENTERING_MANAGED_PKG|Centify
18:17:17.19 (726085043)|ENTERING_MANAGED_PKG|Centify
18:17:17.19 (726182569)|ENTERING_MANAGED_PKG|Centify
18:17:17.19 (728802121)|ENTERING_MANAGED_PKG|Centify
18:17:17.19 (728907680)|ENTERING_MANAGED_PKG|Centify
18:17:17.19 (728991896)|ENTERING_MANAGED_PKG|Centify
18:17:17.19 (729122488)|ENTERING_MANAGED_PKG|Centify
18:17:17.19 (736887204)|SOQL_EXECUTE_BEGIN|[19]|Aggregations:0|SELECT Id, OrganizationType FROM Organization LIMIT 1
18:17:17.19 (741363152)|SOQL_EXECUTE_END|[19]|Rows:1
18:17:17.19 (762184862)|ENTERING_MANAGED_PKG|Centify
18:17:17.19 (782080680)|ENTERING_MANAGED_PKG|Centify
18:17:17.19 (782146228)|ENTERING_MANAGED_PKG|Centify
18:17:17.19 (782231455)|ENTERING_MANAGED_PKG|Centify
18:17:17.19 (782264281)|ENTERING_MANAGED_PKG|Centify
18:17:17.19 (782329034)|ENTERING_MANAGED_PKG|Centify
18:17:17.19 (822969089)|ENTERING_MANAGED_PKG|Centify
18:17:17.19 (843107491)|ENTERING_MANAGED_PKG|Centify
18:17:17.19 (843174864)|ENTERING_MANAGED_PKG|Centify
18:17:17.19 (843303543)|ENTERING_MANAGED_PKG|Centify
18:17:17.19 (843368109)|ENTERING_MANAGED_PKG|Centify
18:17:17.19 (843447001)|ENTERING_MANAGED_PKG|Centify
18:17:17.19 (882162028)|ENTERING_MANAGED_PKG|Centify
18:17:17.19 (882248573)|ENTERING_MANAGED_PKG|Centify
18:17:17.19 (882411009)|ENTERING_MANAGED_PKG|Centify
18:17:17.19 (882455076)|ENTERING_MANAGED_PKG|Centify
18:17:17.19 (882495959)|ENTERING_MANAGED_PKG|Centify
18:17:17.19 (883390845)|ENTERING_MANAGED_PKG|Centify
18:17:17.19 (883475890)|ENTERING_MANAGED_PKG|Centify
18:17:17.19 (885692705)|ENTERING_MANAGED_PKG|Centify
18:17:17.19 (885886378)|ENTERING_MANAGED_PKG|Centify
18:17:17.19 (886739436)|ENTERING_MANAGED_PKG|Centify
18:17:17.19 (887723263)|SOQL_EXECUTE_BEGIN|[16]|Aggregations:0|select id,lastmodifieddate,isdeleted,createddate,industry,type,name,ownerid from Account where LastModifiedDate >2018-09-28T08:13:02Z AND LastModifiedDate < 2018-09-28T08:17:23Z  ORDER BY SystemModStamp DESC LIMIT 5000  ALL ROWS
18:17:17.19 (895813694)|SOQL_EXECUTE_END|[16]|Rows:0
18:17:17.916 (916136253)|CUMULATIVE_LIMIT_USAGE
18:17:17.916 (916136253)|LIMIT_USAGE_FOR_NS|(default)|
  Number of SOQL queries: 0 out of 200
  Number of query rows: 0 out of 50000
  Number of SOSL queries: 0 out of 20
  Number of DML statements: 0 out of 150
  Number of DML rows: 0 out of 10000
  Maximum CPU time: 0 out of 60000
  Maximum heap size: 0 out of 12000000
  Number of callouts: 0 out of 0
  Number of Email Invocations: 0 out of 10
  Number of future calls: 0 out of 0
  Number of queueable jobs added to the queue: 0 out of 1
  Number of Mobile Apex push calls: 0 out of 10

18:17:17.916 (916136253)|LIMIT_USAGE_FOR_NS|Centify|
  Number of SOQL queries: 0 out of 200
  Number of query rows: 0 out of 50000
  Number of SOSL queries: 0 out of 20
  Number of DML statements: 0 out of 150
  Number of DML rows: 0 out of 10000
  Maximum CPU time: 0 out of 60000
  Maximum heap size: 0 out of 12000000
  Number of callouts: 0 out of 0
  Number of Email Invocations: 0 out of 10
  Number of future calls: 0 out of 0
  Number of queueable jobs added to the queue: 0 out of 1
  Number of Mobile Apex push calls: 0 out of 10

18:17:17.916 (916136253)|CUMULATIVE_LIMIT_USAGE_END

