37.0 APEX_CODE,FINEST;APEX_PROFILING,INFO;CALLOUT,INFO;DB,INFO;NBA,INFO;SYSTEM,DEBUG;VALIDATION,INFO;VISUALFORCE,INFO;WAVE,INFO;WORKFLOW,INFO
18:46:10.18 (18415529)|ENTERING_MANAGED_PKG|Centify
18:46:10.18 (22074686)|ENTERING_MANAGED_PKG|Centify
18:46:10.18 (22639208)|ENTERING_MANAGED_PKG|Centify
18:46:10.18 (22743920)|ENTERING_MANAGED_PKG|Centify
18:46:10.18 (22819090)|ENTERING_MANAGED_PKG|Centify
18:46:10.18 (23490306)|ENTERING_MANAGED_PKG|Centify
18:46:10.18 (23769543)|ENTERING_MANAGED_PKG|Centify
18:46:10.18 (23794519)|ENTERING_MANAGED_PKG|Centify
18:46:10.18 (23878722)|ENTERING_MANAGED_PKG|Centify
18:46:10.18 (23946331)|ENTERING_MANAGED_PKG|Centify
18:46:10.18 (23990092)|ENTERING_MANAGED_PKG|Centify
18:46:10.18 (24011694)|ENTERING_MANAGED_PKG|Centify
18:46:10.18 (24029386)|ENTERING_MANAGED_PKG|Centify
18:46:10.18 (24189062)|ENTERING_MANAGED_PKG|Centify
18:46:10.18 (77625690)|ENTERING_MANAGED_PKG|Centify
18:46:10.18 (77712494)|ENTERING_MANAGED_PKG|Centify
18:46:10.18 (77837588)|ENTERING_MANAGED_PKG|Centify
18:46:10.18 (77881218)|ENTERING_MANAGED_PKG|Centify
18:46:10.18 (555496898)|ENTERING_MANAGED_PKG|Centify
18:46:10.18 (603532999)|ENTERING_MANAGED_PKG|Centify
18:46:10.18 (616098608)|ENTERING_MANAGED_PKG|Centify
18:46:10.18 (616152129)|ENTERING_MANAGED_PKG|Centify
18:46:10.18 (616225067)|ENTERING_MANAGED_PKG|Centify
18:46:10.18 (616256646)|ENTERING_MANAGED_PKG|Centify
18:46:10.18 (616317559)|ENTERING_MANAGED_PKG|Centify
18:46:10.18 (645618265)|ENTERING_MANAGED_PKG|Centify
18:46:10.18 (659843427)|ENTERING_MANAGED_PKG|Centify
18:46:10.18 (659892718)|ENTERING_MANAGED_PKG|Centify
18:46:10.18 (659965759)|ENTERING_MANAGED_PKG|Centify
18:46:10.18 (659997336)|ENTERING_MANAGED_PKG|Centify
18:46:10.18 (660056282)|ENTERING_MANAGED_PKG|Centify
18:46:10.18 (690329439)|ENTERING_MANAGED_PKG|Centify
18:46:10.18 (704466159)|ENTERING_MANAGED_PKG|Centify
18:46:10.18 (704518762)|ENTERING_MANAGED_PKG|Centify
18:46:10.18 (704598129)|ENTERING_MANAGED_PKG|Centify
18:46:10.18 (704630511)|ENTERING_MANAGED_PKG|Centify
18:46:10.18 (704691577)|ENTERING_MANAGED_PKG|Centify
18:46:10.18 (732649134)|ENTERING_MANAGED_PKG|Centify
18:46:10.18 (745952201)|ENTERING_MANAGED_PKG|Centify
18:46:10.18 (745998318)|ENTERING_MANAGED_PKG|Centify
18:46:10.18 (746067682)|ENTERING_MANAGED_PKG|Centify
18:46:10.18 (746099115)|ENTERING_MANAGED_PKG|Centify
18:46:10.18 (746158419)|ENTERING_MANAGED_PKG|Centify
18:46:10.18 (773016853)|ENTERING_MANAGED_PKG|Centify
18:46:10.18 (786757959)|ENTERING_MANAGED_PKG|Centify
18:46:10.18 (786808129)|ENTERING_MANAGED_PKG|Centify
18:46:10.18 (786880567)|ENTERING_MANAGED_PKG|Centify
18:46:10.18 (786912207)|ENTERING_MANAGED_PKG|Centify
18:46:10.18 (786973995)|ENTERING_MANAGED_PKG|Centify
18:46:10.18 (815944925)|ENTERING_MANAGED_PKG|Centify
18:46:10.18 (830760820)|ENTERING_MANAGED_PKG|Centify
18:46:10.18 (830816040)|ENTERING_MANAGED_PKG|Centify
18:46:10.18 (830891185)|ENTERING_MANAGED_PKG|Centify
18:46:10.18 (830922730)|ENTERING_MANAGED_PKG|Centify
18:46:10.18 (830982637)|ENTERING_MANAGED_PKG|Centify
18:46:10.18 (859604292)|ENTERING_MANAGED_PKG|Centify
18:46:10.18 (873769035)|ENTERING_MANAGED_PKG|Centify
18:46:10.18 (873814328)|ENTERING_MANAGED_PKG|Centify
18:46:10.18 (873887325)|ENTERING_MANAGED_PKG|Centify
18:46:10.18 (873925187)|ENTERING_MANAGED_PKG|Centify
18:46:10.18 (874001054)|ENTERING_MANAGED_PKG|Centify
18:46:10.18 (904083925)|ENTERING_MANAGED_PKG|Centify
18:46:10.18 (918265120)|ENTERING_MANAGED_PKG|Centify
18:46:10.18 (918310597)|ENTERING_MANAGED_PKG|Centify
18:46:10.18 (918382404)|ENTERING_MANAGED_PKG|Centify
18:46:10.18 (918414054)|ENTERING_MANAGED_PKG|Centify
18:46:10.18 (918472812)|ENTERING_MANAGED_PKG|Centify
18:46:10.18 (947852185)|ENTERING_MANAGED_PKG|Centify
18:46:10.18 (961652784)|ENTERING_MANAGED_PKG|Centify
18:46:10.18 (961697970)|ENTERING_MANAGED_PKG|Centify
18:46:10.18 (961768036)|ENTERING_MANAGED_PKG|Centify
18:46:10.18 (961798138)|ENTERING_MANAGED_PKG|Centify
18:46:10.18 (961855530)|ENTERING_MANAGED_PKG|Centify
18:46:10.18 (990115998)|ENTERING_MANAGED_PKG|Centify
18:46:10.18 (1003601462)|ENTERING_MANAGED_PKG|Centify
18:46:10.18 (1003647081)|ENTERING_MANAGED_PKG|Centify
18:46:10.18 (1003717311)|ENTERING_MANAGED_PKG|Centify
18:46:10.18 (1003747463)|ENTERING_MANAGED_PKG|Centify
18:46:10.18 (1003806896)|ENTERING_MANAGED_PKG|Centify
18:46:11.32 (1032919233)|ENTERING_MANAGED_PKG|Centify
18:46:11.32 (1046991743)|ENTERING_MANAGED_PKG|Centify
18:46:11.32 (1047040015)|ENTERING_MANAGED_PKG|Centify
18:46:11.32 (1047118052)|ENTERING_MANAGED_PKG|Centify
18:46:11.32 (1047166646)|ENTERING_MANAGED_PKG|Centify
18:46:11.32 (1047257646)|ENTERING_MANAGED_PKG|Centify
18:46:11.32 (1075580578)|ENTERING_MANAGED_PKG|Centify
18:46:11.32 (1075639570)|ENTERING_MANAGED_PKG|Centify
18:46:11.32 (1075743694)|ENTERING_MANAGED_PKG|Centify
18:46:11.32 (1075770489)|ENTERING_MANAGED_PKG|Centify
18:46:11.32 (1075894994)|ENTERING_MANAGED_PKG|Centify
18:46:11.32 (1075933053)|ENTERING_MANAGED_PKG|Centify
18:46:11.32 (1075972821)|ENTERING_MANAGED_PKG|Centify
18:46:11.32 (1076874663)|ENTERING_MANAGED_PKG|Centify
18:46:11.32 (1076951493)|ENTERING_MANAGED_PKG|Centify
18:46:11.32 (1078385520)|ENTERING_MANAGED_PKG|Centify
18:46:11.32 (1078438535)|ENTERING_MANAGED_PKG|Centify
18:46:11.32 (1078527716)|ENTERING_MANAGED_PKG|Centify
18:46:11.32 (1079019932)|ENTERING_MANAGED_PKG|Centify
18:46:11.32 (1079836450)|SOQL_EXECUTE_BEGIN|[16]|Aggregations:0|select id,lastmodifieddate,isdeleted,salesperson__c,has_gtm_code_been_sent_to_client__c,are_all_possible_extensions_setup__c,status__c,product_type__c,ownerid,createddate,name,management_price__c from Sign_Up__c where LastModifiedDate >2018-09-28T08:43:51Z AND LastModifiedDate < 2018-09-28T08:46:16Z AND (  Management_Price__c > 0.00)  ORDER BY SystemModStamp DESC LIMIT 5000  ALL ROWS
18:46:11.32 (1095718868)|SOQL_EXECUTE_END|[16]|Rows:0
18:46:11.119 (1119473425)|CUMULATIVE_LIMIT_USAGE
18:46:11.119 (1119473425)|LIMIT_USAGE_FOR_NS|(default)|
  Number of SOQL queries: 0 out of 200
  Number of query rows: 0 out of 50000
  Number of SOSL queries: 0 out of 20
  Number of DML statements: 0 out of 150
  Number of DML rows: 0 out of 10000
  Maximum CPU time: 0 out of 60000
  Maximum heap size: 0 out of 12000000
  Number of callouts: 0 out of 0
  Number of Email Invocations: 0 out of 10
  Number of future calls: 0 out of 0
  Number of queueable jobs added to the queue: 0 out of 1
  Number of Mobile Apex push calls: 0 out of 10

18:46:11.119 (1119473425)|LIMIT_USAGE_FOR_NS|Centify|
  Number of SOQL queries: 0 out of 200
  Number of query rows: 0 out of 50000
  Number of SOSL queries: 0 out of 20
  Number of DML statements: 0 out of 150
  Number of DML rows: 0 out of 10000
  Maximum CPU time: 0 out of 60000
  Maximum heap size: 0 out of 12000000
  Number of callouts: 0 out of 0
  Number of Email Invocations: 0 out of 10
  Number of future calls: 0 out of 0
  Number of queueable jobs added to the queue: 0 out of 1
  Number of Mobile Apex push calls: 0 out of 10

18:46:11.119 (1119473425)|CUMULATIVE_LIMIT_USAGE_END

