36.0 APEX_CODE,FINEST;APEX_PROFILING,INFO;CALLOUT,INFO;DB,INFO;NBA,INFO;SYSTEM,DEBUG;VALIDATION,INFO;VISUALFORCE,INFO;WAVE,INFO;WORKFLOW,INFO
11:36:43.0 (107481)|USER_INFO|[EXTERNAL]|00590000000Vmmq|ben@bjbglobal.com.au|Australian Eastern Standard Time|GMT+10:00
11:36:43.0 (153094)|EXECUTION_STARTED
11:36:43.0 (158373)|CODE_UNIT_STARTED|[EXTERNAL]|TRIGGERS
11:36:43.0 (193094)|CODE_UNIT_STARTED|[EXTERNAL]|01q6F000001IGJa|LinkCaseCallstoContact on Task trigger event BeforeInsert|__sfdc_trigger/LinkCaseCallstoContact
11:36:43.0 (247164)|HEAP_ALLOCATE|[EXTERNAL]|Bytes:8
11:36:43.0 (666443)|HEAP_ALLOCATE|[72]|Bytes:3
11:36:43.0 (709961)|HEAP_ALLOCATE|[77]|Bytes:152
11:36:43.0 (727951)|HEAP_ALLOCATE|[342]|Bytes:408
11:36:43.0 (743709)|HEAP_ALLOCATE|[355]|Bytes:408
11:36:43.0 (756143)|HEAP_ALLOCATE|[467]|Bytes:48
11:36:43.0 (792096)|HEAP_ALLOCATE|[139]|Bytes:6
11:36:43.0 (821303)|HEAP_ALLOCATE|[EXTERNAL]|Bytes:6
11:36:43.0 (831121)|HEAP_ALLOCATE|[EXTERNAL]|Bytes:4
11:36:43.0 (838738)|VARIABLE_SCOPE_BEGIN|[1]|this|LinkCaseCallstoContact|true|false
11:36:43.0 (899591)|VARIABLE_ASSIGNMENT|[1]|this|{}|0x3ae8bf99
11:36:43.0 (950700)|HEAP_ALLOCATE|[EXTERNAL]|Bytes:4
11:36:43.0 (959850)|VARIABLE_SCOPE_BEGIN|[1]|this|LinkCaseCallstoContact|true|false
11:36:43.0 (976116)|VARIABLE_ASSIGNMENT|[1]|this|{}|0x3ae8bf99
11:36:43.0 (985081)|STATEMENT_EXECUTE|[1]
11:36:43.0 (1049213)|HEAP_ALLOCATE|[50]|Bytes:5
11:36:43.0 (1083248)|HEAP_ALLOCATE|[56]|Bytes:5
11:36:43.0 (1094119)|HEAP_ALLOCATE|[64]|Bytes:7
11:36:43.0 (1471329)|HEAP_ALLOCATE|[2]|Bytes:5
11:36:43.0 (1518726)|HEAP_ALLOCATE|[2]|Bytes:4
11:36:43.0 (1532947)|VARIABLE_SCOPE_BEGIN|[2]|tsk|Task|true|false
11:36:43.0 (12313059)|VARIABLE_ASSIGNMENT|[2]|tsk|{"CallType":"Outbound","IsHighPriority":false,"IsClosed":false,"NVMStatsSF__NVM_Agent__c":"9","Is_Mobile_Number__c":true,"OwnerId":"0056F000008kgZgQAI","IsToday__c":false,"IsReminderSet":false,"Status":"Completed","IsDeleted":false,"WhoId":"0036F00002Vml3aQAB","NVMContactWorld__CW_Call_Start_Time__c":"2018-10-23T01:36:42.000Z","ActivityDate":"2018-10-23T00:00:00.000Z","Priority":"Normal","IsVisibleInSelfService":false,"NVMContactWorld__Was_Call_Recorded__c":false,"CurrencyIsoCode":"AUD","IsRecurrence":false,"Subject":"Outbound call to +61 (9 more) ...","IsArchived":false,"CallObject":"01669e91-1c00-da34-8 (16 more) ...","NVMContactWorld__Customer_Number__c":"+61411444705","NVMContactWorld__ContactWorld_Number__c":"61731530806","Day_of_the_Week__c":"Tuesday","Call_Duration_min__c":0.00,"Call_Monitored__c":false}|0x7a9893e1
11:36:43.0 (12347715)|STATEMENT_EXECUTE|[2]
11:36:43.0 (12374737)|STATEMENT_EXECUTE|[4]
11:36:43.0 (12415993)|HEAP_ALLOCATE|[2]|Bytes:5
11:36:43.0 (12444751)|VARIABLE_ASSIGNMENT|[2]|tsk|null|
11:36:43.12 (12456775)|CUMULATIVE_LIMIT_USAGE
11:36:43.12 (12456775)|LIMIT_USAGE_FOR_NS|(default)|
  Number of SOQL queries: 0 out of 100
  Number of query rows: 0 out of 50000
  Number of SOSL queries: 0 out of 20
  Number of DML statements: 0 out of 150
  Number of DML rows: 0 out of 10000
  Maximum CPU time: 0 out of 10000
  Maximum heap size: 0 out of 6000000
  Number of callouts: 0 out of 100
  Number of Email Invocations: 0 out of 10
  Number of future calls: 0 out of 50
  Number of queueable jobs added to the queue: 0 out of 50
  Number of Mobile Apex push calls: 0 out of 10

11:36:43.12 (12456775)|CUMULATIVE_LIMIT_USAGE_END

11:36:43.0 (13422908)|CODE_UNIT_FINISHED|LinkCaseCallstoContact on Task trigger event BeforeInsert|__sfdc_trigger/LinkCaseCallstoContact
11:36:43.0 (15533096)|CODE_UNIT_STARTED|[EXTERNAL]|01q6F000001IKsI|TaskTrigger on Task trigger event BeforeInsert|__sfdc_trigger/TaskTrigger
11:36:43.0 (15572115)|HEAP_ALLOCATE|[EXTERNAL]|Bytes:8
11:36:43.0 (15624438)|HEAP_ALLOCATE|[EXTERNAL]|Bytes:4
11:36:43.0 (15634650)|VARIABLE_SCOPE_BEGIN|[5]|this|TaskTrigger|true|false
11:36:43.0 (15661470)|VARIABLE_ASSIGNMENT|[5]|this|{}|0x52af791d
11:36:43.0 (15706182)|HEAP_ALLOCATE|[EXTERNAL]|Bytes:4
11:36:43.0 (15713626)|VARIABLE_SCOPE_BEGIN|[5]|this|TaskTrigger|true|false
11:36:43.0 (15728755)|VARIABLE_ASSIGNMENT|[5]|this|{}|0x52af791d
11:36:43.0 (15738621)|STATEMENT_EXECUTE|[5]
11:36:43.0 (15755415)|STATEMENT_EXECUTE|[6]
11:36:43.0 (15757314)|STATEMENT_EXECUTE|[7]
11:36:43.0 (15873576)|VARIABLE_SCOPE_BEGIN|[2]|TaskHelper.TASK_STATUS|String|false|true
11:36:43.0 (15886537)|VARIABLE_SCOPE_BEGIN|[3]|TaskHelper.TASK_SUBJECT|String|false|true
11:36:43.0 (15894501)|VARIABLE_SCOPE_BEGIN|[4]|TaskHelper.TASK_TYPE|String|false|true
11:36:43.0 (15937772)|HEAP_ALLOCATE|[7]|Bytes:4
11:36:43.0 (15947935)|HEAP_ALLOCATE|[7]|Bytes:2
11:36:43.0 (15961133)|METHOD_ENTRY|[1]|01p6F000009rWtF|TaskHelper.TaskHelper()
11:36:43.0 (15967880)|STATEMENT_EXECUTE|[1]
11:36:43.0 (15971081)|STATEMENT_EXECUTE|[1]
11:36:43.0 (15972840)|STATEMENT_EXECUTE|[2]
11:36:43.0 (15983285)|HEAP_ALLOCATE|[2]|Bytes:9
11:36:43.0 (16000369)|VARIABLE_ASSIGNMENT|[2]|TaskHelper.TASK_STATUS|"Completed"
11:36:43.0 (16007291)|STATEMENT_EXECUTE|[3]
11:36:43.0 (16013695)|HEAP_ALLOCATE|[3]|Bytes:16
11:36:43.0 (16023206)|VARIABLE_ASSIGNMENT|[3]|TaskHelper.TASK_SUBJECT|"Outbound call to"
11:36:43.0 (16028148)|STATEMENT_EXECUTE|[4]
11:36:43.0 (16033082)|HEAP_ALLOCATE|[4]|Bytes:8
11:36:43.0 (16041893)|VARIABLE_ASSIGNMENT|[4]|TaskHelper.TASK_TYPE|"Outbound"
11:36:43.0 (16050640)|METHOD_EXIT|[1]|TaskHelper
11:36:43.0 (16058488)|HEAP_ALLOCATE|[7]|Bytes:4
11:36:43.0 (16072419)|CONSTRUCTOR_ENTRY|[7]|01p6F000009rWtF|<init>()|TaskHelper
11:36:43.0 (16092841)|VARIABLE_SCOPE_BEGIN|[1]|this|TaskHelper|true|false
11:36:43.0 (16113556)|VARIABLE_ASSIGNMENT|[1]|this|{}|0x187f0b58
11:36:43.0 (16125783)|HEAP_ALLOCATE|[EXTERNAL]|Bytes:6
11:36:43.0 (16168459)|STATEMENT_EXECUTE|[1]
11:36:43.0 (16173632)|CONSTRUCTOR_EXIT|[7]|01p6F000009rWtF|<init>()|TaskHelper
11:36:43.0 (16184275)|VARIABLE_SCOPE_BEGIN|[7]|helper|TaskHelper|true|false
11:36:43.0 (16201771)|VARIABLE_ASSIGNMENT|[7]|helper|{}|0x187f0b58
11:36:43.0 (16208035)|STATEMENT_EXECUTE|[8]
11:36:43.0 (16260254)|METHOD_ENTRY|[8]|01p6F000009rWtF|TaskHelper.setupContactToReurnCallTasks(List<Task>)
11:36:43.0 (16277582)|VARIABLE_SCOPE_BEGIN|[11]|this|TaskHelper|true|false
11:36:43.0 (16294490)|VARIABLE_ASSIGNMENT|[11]|this|{}|0x187f0b58
11:36:43.0 (16301440)|VARIABLE_SCOPE_BEGIN|[11]|newTasks|List<Task>|true|false
11:36:43.0 (17568293)|VARIABLE_ASSIGNMENT|[11]|newTasks|[{"CallType":"Outbound","IsHighPriority":false,"IsClosed":false,"NVMStatsSF__NVM_Agent__c":"9","Is_Mobile_Number__c":true,"OwnerId":"0056F000008kgZgQAI","IsToday__c":false,"IsReminderSet":false,"Status":"Completed","IsDeleted":false,"WhoId":"0036F00002Vml3aQAB","NVMContactWorld__CW_Call_Start_Time__c":"2018-10-23T01:36:42.000Z","ActivityDate":"2018-10-23T00:00:00.000Z","Priority":"Normal","IsVisibleInSelfService":false,"NVMContactWorld__Was_Call_Recorded__c":false,"CurrencyIsoCode":"AUD","IsRecurrence":false,"Subject":"Outbound call to +61 (9 more) ...","IsArchived":false,"CallObject":"01669e91-1c00-da34-8 (16 more) ...","NVMContactWorld__Customer_Number__c":"+61411444705","NVMContactWorld__ContactWorld_Number__c":"61731530806","Day_of_the_Week__c":"Tuesday","Call_Duration_min__c":0.00,"Call_Monitored__c":false}]|0x6d3d34a7
11:36:43.0 (17608987)|STATEMENT_EXECUTE|[11]
11:36:43.0 (17612300)|STATEMENT_EXECUTE|[12]
11:36:43.0 (17639502)|HEAP_ALLOCATE|[12]|Bytes:4
11:36:43.0 (17677362)|VARIABLE_SCOPE_BEGIN|[12]|voicemailIds|List<Id>|true|false
11:36:43.0 (17712699)|HEAP_ALLOCATE|[EXTERNAL]|Bytes:4
11:36:43.0 (17726130)|VARIABLE_ASSIGNMENT|[12]|voicemailIds|[]|0x5384a57a
11:36:43.0 (17734071)|STATEMENT_EXECUTE|[13]
11:36:43.0 (17755450)|HEAP_ALLOCATE|[13]|Bytes:4
11:36:43.0 (17776723)|VARIABLE_SCOPE_BEGIN|[13]|contactIds|Map<Id,Id>|true|false
11:36:43.0 (17798209)|VARIABLE_ASSIGNMENT|[13]|contactIds|{}|0x7a4a4986
11:36:43.0 (17805257)|STATEMENT_EXECUTE|[14]
11:36:43.0 (17819673)|HEAP_ALLOCATE|[14]|Bytes:4
11:36:43.0 (17846754)|VARIABLE_SCOPE_BEGIN|[14]|results|List<Task>|true|false
11:36:43.0 (17859040)|HEAP_ALLOCATE|[EXTERNAL]|Bytes:4
11:36:43.0 (17868054)|VARIABLE_ASSIGNMENT|[14]|results|[]|0x1a0fa85c
11:36:43.0 (17917051)|HEAP_ALLOCATE|[16]|Bytes:5
11:36:43.0 (17936369)|HEAP_ALLOCATE|[16]|Bytes:4
11:36:43.0 (17946339)|VARIABLE_SCOPE_BEGIN|[16]|item|Task|true|false
11:36:43.0 (18837864)|VARIABLE_ASSIGNMENT|[16]|item|{"CallType":"Outbound","IsHighPriority":false,"IsClosed":false,"NVMStatsSF__NVM_Agent__c":"9","Is_Mobile_Number__c":true,"OwnerId":"0056F000008kgZgQAI","IsToday__c":false,"IsReminderSet":false,"Status":"Completed","IsDeleted":false,"WhoId":"0036F00002Vml3aQAB","NVMContactWorld__CW_Call_Start_Time__c":"2018-10-23T01:36:42.000Z","ActivityDate":"2018-10-23T00:00:00.000Z","Priority":"Normal","IsVisibleInSelfService":false,"NVMContactWorld__Was_Call_Recorded__c":false,"CurrencyIsoCode":"AUD","IsRecurrence":false,"Subject":"Outbound call to +61 (9 more) ...","IsArchived":false,"CallObject":"01669e91-1c00-da34-8 (16 more) ...","NVMContactWorld__Customer_Number__c":"+61411444705","NVMContactWorld__ContactWorld_Number__c":"61731530806","Day_of_the_Week__c":"Tuesday","Call_Duration_min__c":0.00,"Call_Monitored__c":false}|0x7a9893e1
11:36:43.0 (18862181)|STATEMENT_EXECUTE|[16]
11:36:43.0 (19027434)|STATEMENT_EXECUTE|[17]
11:36:43.0 (19053463)|HEAP_ALLOCATE|[16]|Bytes:5
11:36:43.0 (19073097)|VARIABLE_ASSIGNMENT|[16]|item|null|
11:36:43.0 (19081130)|STATEMENT_EXECUTE|[28]
11:36:43.0 (19089887)|HEAP_ALLOCATE|[28]|Bytes:72
11:36:43.0 (19111597)|HEAP_ALLOCATE|[28]|Bytes:4
11:36:43.0 (19123910)|HEAP_ALLOCATE|[28]|Bytes:7
11:36:43.0 (19872591)|SOQL_EXECUTE_BEGIN|[28]|Aggregations:0|SELECT Id, Account__c, Contact__c FROM Voicemail__c WHERE id IN :tmpVar1
11:36:43.0 (21338998)|SOQL_EXECUTE_END|[28]|Rows:0
11:36:43.0 (21371258)|HEAP_ALLOCATE|[28]|Bytes:4
11:36:43.0 (21383606)|HEAP_ALLOCATE|[28]|Bytes:0
11:36:43.0 (21450253)|HEAP_ALLOCATE|[28]|Bytes:4
11:36:43.0 (21465452)|VARIABLE_SCOPE_BEGIN|[28]|voicemails|List<Voicemail__c>|true|false
11:36:43.0 (21484088)|VARIABLE_ASSIGNMENT|[28]|voicemails|[]|0x4c9be3c3
11:36:43.0 (21658709)|HEAP_ALLOCATE|[29]|Bytes:5
11:36:43.0 (21683706)|VARIABLE_ASSIGNMENT|[29]|item|null|
11:36:43.0 (21691442)|STATEMENT_EXECUTE|[29]
11:36:43.0 (21737049)|HEAP_ALLOCATE|[34]|Bytes:5
11:36:43.0 (21753630)|HEAP_ALLOCATE|[34]|Bytes:4
11:36:43.0 (21762332)|VARIABLE_SCOPE_BEGIN|[34]|item|Task|true|false
11:36:43.0 (22646967)|VARIABLE_ASSIGNMENT|[34]|item|{"CallType":"Outbound","IsHighPriority":false,"IsClosed":false,"NVMStatsSF__NVM_Agent__c":"9","Is_Mobile_Number__c":true,"OwnerId":"0056F000008kgZgQAI","IsToday__c":false,"IsReminderSet":false,"Status":"Completed","IsDeleted":false,"WhoId":"0036F00002Vml3aQAB","NVMContactWorld__CW_Call_Start_Time__c":"2018-10-23T01:36:42.000Z","ActivityDate":"2018-10-23T00:00:00.000Z","Priority":"Normal","IsVisibleInSelfService":false,"NVMContactWorld__Was_Call_Recorded__c":false,"CurrencyIsoCode":"AUD","IsRecurrence":false,"Subject":"Outbound call to +61 (9 more) ...","IsArchived":false,"CallObject":"01669e91-1c00-da34-8 (16 more) ...","NVMContactWorld__Customer_Number__c":"+61411444705","NVMContactWorld__ContactWorld_Number__c":"61731530806","Day_of_the_Week__c":"Tuesday","Call_Duration_min__c":0.00,"Call_Monitored__c":false}|0x7a9893e1
11:36:43.0 (22671884)|STATEMENT_EXECUTE|[34]
11:36:43.0 (22675043)|STATEMENT_EXECUTE|[35]
11:36:43.0 (23603425)|VARIABLE_ASSIGNMENT|[35]|this.WhoId|null|0x7a9893e1
11:36:43.0 (23635703)|HEAP_ALLOCATE|[34]|Bytes:5
11:36:43.0 (23655128)|VARIABLE_ASSIGNMENT|[34]|item|null|
11:36:43.0 (23667993)|METHOD_EXIT|[8]|01p6F000009rWtF|TaskHelper.setupContactToReurnCallTasks(List<Task>)
11:36:43.23 (23679412)|CUMULATIVE_LIMIT_USAGE
11:36:43.23 (23679412)|LIMIT_USAGE_FOR_NS|(default)|
  Number of SOQL queries: 1 out of 100
  Number of query rows: 0 out of 50000
  Number of SOSL queries: 0 out of 20
  Number of DML statements: 0 out of 150
  Number of DML rows: 0 out of 10000
  Maximum CPU time: 0 out of 10000
  Maximum heap size: 0 out of 6000000
  Number of callouts: 0 out of 100
  Number of Email Invocations: 0 out of 10
  Number of future calls: 0 out of 50
  Number of queueable jobs added to the queue: 0 out of 50
  Number of Mobile Apex push calls: 0 out of 10

11:36:43.23 (23679412)|CUMULATIVE_LIMIT_USAGE_END

11:36:43.0 (24704524)|CODE_UNIT_FINISHED|TaskTrigger on Task trigger event BeforeInsert|__sfdc_trigger/TaskTrigger
11:36:43.0 (29607559)|CODE_UNIT_STARTED|[EXTERNAL]|Validation:Task:new
11:36:43.0 (29628650)|VALIDATION_RULE|03d6F000000qFaO|Finish_all_call_monitor_field
11:36:43.0 (30236359)|VALIDATION_FORMULA|AND(!ISBLANK(Monitored_By__c),
    OR(ISBLANK( TEXT(CM_advised_what_will_happen_next__c)),
       ISBLANK( TEXT(Allow_customer_to_present_concerns__c) ),
       ISBLANK( TEXT(Communication_is_clear_positive_confiden__c) ),
       ISBLANK( TEXT(Demonstrate_active_listening__c )),
       ISBLANK( TEXT(Gave_correct_answers_and_infomations__c) ),
       ISBLANK( TEXT(Mirrors_clients_talking_behaviour__c) ) ))|CM_advised_what_will_happen_next__c=null , Demonstrate_active_listening__c=null , Communication_is_clear_positive_confiden__c=null , Allow_customer_to_present_concerns__c=null , Gave_correct_answers_and_infomations__c=null , Mirrors_clients_talking_behaviour__c=null , Monitored_By__c=null
11:36:43.0 (30257011)|VALIDATION_PASS
11:36:43.0 (30260554)|VALIDATION_RULE|03d900000009JbB|Interac_Quality_Must_Be_Between_1_and_10
11:36:43.0 (30358657)|VALIDATION_FORMULA|NVMContactWorld__InteractionQuality__c < 1  &#124;&#124;  NVMContactWorld__InteractionQuality__c > 10|NVMContactWorld__InteractionQuality__c=null
11:36:43.0 (30370451)|VALIDATION_PASS
11:36:43.0 (30581417)|CODE_UNIT_FINISHED|Validation:Task:new
11:36:43.0 (89828394)|CODE_UNIT_STARTED|[EXTERNAL]|Workflow:Task
11:36:43.0 (98400456)|WF_RULE_EVAL_BEGIN|Workflow
11:36:43.0 (98441828)|WF_CRITERIA_BEGIN|[Task:  00T6F0000525hPV]|Update Call Monitor Details|01Q6F0000002Tdt|ON_CREATE_OR_TRIGGERING_UPDATE|0
11:36:43.0 (98499769)|WF_RULE_FILTER|[Task : Monitored By not equal to ]
11:36:43.0 (98514424)|WF_RULE_EVAL_VALUE|
11:36:43.0 (98521200)|WF_CRITERIA_END|false
11:36:43.0 (98533500)|WF_CRITERIA_BEGIN|[Task:  00T6F0000525hPV]|Update_Callback_Request_Due_Date3016F0000005i0e|01Q6F0000019gyq|ON_CREATE_ONLY|0
11:36:43.0 (98623018)|WF_FORMULA|Formula:ENCODED:[treatNullAsNull]true|Values:
11:36:43.0 (98633943)|WF_CRITERIA_END|true
11:36:43.0 (99302937)|WF_CRITERIA_BEGIN|[Task:  00T6F0000525hPV]|Call Back Request From LinX|01Q6F000001EY2L|ON_CREATE_OR_TRIGGERING_UPDATE|0
11:36:43.0 (99360345)|WF_RULE_FILTER|[Task : Subject equals Callback Request]
11:36:43.0 (99379368)|WF_RULE_EVAL_VALUE|Outbound call to +61411444705
11:36:43.0 (99387027)|WF_CRITERIA_END|false
11:36:43.0 (99396344)|WF_CRITERIA_BEGIN|[Task:  00T6F0000525hPV]|Call_Monitor3016F00000054R3|01Q6F000000oOu7|ON_ALL_CHANGES|0
11:36:43.0 (99452115)|WF_FORMULA|Formula:ENCODED:[treatNullAsNull]true|Values:
11:36:43.0 (99466252)|WF_CRITERIA_END|true
11:36:43.0 (99485471)|WF_SPOOL_ACTION_BEGIN|Workflow
11:36:43.0 (99509378)|WF_ACTION| Flow Trigger: 2;
11:36:43.0 (99517563)|WF_RULE_EVAL_END
11:36:43.0 (99580865)|WF_FLOW_ACTION_BEGIN|09L6F000000PWtL
11:36:43.101 (101293647)|FLOW_CREATE_INTERVIEW_BEGIN|00D90000000IJSa|3006F00000091km|3016F0000005i0e
11:36:43.101 (102076644)|FLOW_CREATE_INTERVIEW_END|813fbe6ed84b28a0a29301d35841669e8401a-9337|Update Callback Request Due Date
11:36:43.102 (102399804)|FLOW_START_INTERVIEWS_BEGIN|1
11:36:43.102 (102426432)|FLOW_START_INTERVIEW_BEGIN|813fbe6ed84b28a0a29301d35841669e8401a-9337|Update Callback Request Due Date
11:36:43.102 (105044355)|FLOW_START_INTERVIEW_END|813fbe6ed84b28a0a29301d35841669e8401a-9337|Update Callback Request Due Date
11:36:43.102 (105070325)|FLOW_START_INTERVIEWS_END|1
11:36:43.0 (106105167)|WF_FLOW_ACTION_END|09L6F000000PWtL
11:36:43.0 (106130457)|WF_FLOW_ACTION_BEGIN|09L6F000000PGTV
11:36:43.107 (107161970)|FLOW_CREATE_INTERVIEW_BEGIN|00D90000000IJSa|3006F0000008usA|3016F00000054R3
11:36:43.107 (107762075)|FLOW_CREATE_INTERVIEW_END|814fbe6ed84b28a0a29301d35841669e8401a-9338|Call Monitoring
11:36:43.108 (108016701)|FLOW_START_INTERVIEWS_BEGIN|1
11:36:43.108 (108037663)|FLOW_START_INTERVIEW_BEGIN|814fbe6ed84b28a0a29301d35841669e8401a-9338|Call Monitoring
11:36:43.108 (110094437)|FLOW_START_INTERVIEW_END|814fbe6ed84b28a0a29301d35841669e8401a-9338|Call Monitoring
11:36:43.108 (110125657)|FLOW_START_INTERVIEWS_END|1
11:36:43.0 (110824139)|WF_FLOW_ACTION_END|09L6F000000PGTV
11:36:43.0 (111006801)|WF_ACTIONS_END| Flow Trigger: 2;
11:36:43.0 (111030582)|CODE_UNIT_FINISHED|Workflow:Task
11:36:43.0 (137263143)|CODE_UNIT_FINISHED|TRIGGERS
11:36:43.0 (137286883)|EXECUTION_FINISHED
