37.0 APEX_CODE,FINEST;APEX_PROFILING,INFO;CALLOUT,INFO;DB,INFO;NBA,INFO;SYSTEM,DEBUG;VALIDATION,INFO;VISUALFORCE,INFO;WAVE,INFO;WORKFLOW,INFO
17:22:00.53 (53236435)|ENTERING_MANAGED_PKG|Centify
17:22:00.53 (54169905)|ENTERING_MANAGED_PKG|Centify
17:22:00.53 (54209109)|ENTERING_MANAGED_PKG|Centify
17:22:00.53 (54542739)|ENTERING_MANAGED_PKG|Centify
17:22:00.53 (54583943)|ENTERING_MANAGED_PKG|Centify
17:22:00.53 (55913188)|ENTERING_MANAGED_PKG|Centify
17:22:00.53 (55995951)|ENTERING_MANAGED_PKG|Centify
17:22:00.53 (58591514)|ENTERING_MANAGED_PKG|Centify
17:22:00.53 (59133848)|ENTERING_MANAGED_PKG|Centify
17:22:00.53 (59260740)|ENTERING_MANAGED_PKG|Centify
17:22:00.53 (59311184)|ENTERING_MANAGED_PKG|Centify
17:22:00.53 (63590506)|ENTERING_MANAGED_PKG|Centify
17:22:00.53 (63680139)|ENTERING_MANAGED_PKG|Centify
17:22:00.53 (63897524)|ENTERING_MANAGED_PKG|Centify
17:22:00.53 (66425507)|ENTERING_MANAGED_PKG|Centify
17:22:00.53 (66468994)|ENTERING_MANAGED_PKG|Centify
17:22:00.53 (66565941)|ENTERING_MANAGED_PKG|Centify
17:22:00.53 (67283545)|ENTERING_MANAGED_PKG|Centify
17:22:00.53 (68572248)|ENTERING_MANAGED_PKG|Centify
17:22:00.53 (68617433)|ENTERING_MANAGED_PKG|Centify
17:22:00.53 (68684391)|ENTERING_MANAGED_PKG|Centify
17:22:00.53 (69263749)|ENTERING_MANAGED_PKG|Centify
17:22:00.53 (69292679)|ENTERING_MANAGED_PKG|Centify
17:22:00.53 (69342798)|ENTERING_MANAGED_PKG|Centify
17:22:00.53 (69928990)|ENTERING_MANAGED_PKG|Centify
17:22:00.53 (72966240)|ENTERING_MANAGED_PKG|Centify
17:22:00.53 (75655608)|ENTERING_MANAGED_PKG|Centify
17:22:00.53 (75787349)|ENTERING_MANAGED_PKG|Centify
17:22:00.53 (77584845)|ENTERING_MANAGED_PKG|Centify
17:22:00.53 (77628730)|ENTERING_MANAGED_PKG|Centify
17:22:00.53 (77691951)|ENTERING_MANAGED_PKG|Centify
17:22:00.53 (77768065)|ENTERING_MANAGED_PKG|Centify
17:22:00.53 (77934243)|ENTERING_MANAGED_PKG|Centify
17:22:00.53 (79771549)|SOQL_EXECUTE_BEGIN|[28]|Aggregations:0|SELECT Id FROM ApexClass WHERE Name = :tmpVar1
17:22:00.53 (87345641)|SOQL_EXECUTE_END|[28]|Rows:1
17:22:00.53 (88154504)|SOQL_EXECUTE_BEGIN|[49]|Aggregations:0|SELECT COUNT() FROM AsyncApexJob WHERE (ApexClassId = :tmpVar1 AND Status IN ('Queued', 'Holding', 'Preparing', 'Processing'))
17:22:00.53 (92808472)|SOQL_EXECUTE_END|[49]|Rows:0
17:22:00.53 (92949271)|ENTERING_MANAGED_PKG|Centify
17:22:00.53 (94086466)|ENTERING_MANAGED_PKG|Centify
17:22:00.53 (94165267)|ENTERING_MANAGED_PKG|Centify
17:22:00.53 (95013482)|ENTERING_MANAGED_PKG|Centify
17:22:00.53 (95977000)|ENTERING_MANAGED_PKG|Centify
17:22:00.53 (96058933)|ENTERING_MANAGED_PKG|Centify
17:22:00.53 (118697410)|ENTERING_MANAGED_PKG|Centify
17:22:00.53 (118905273)|ENTERING_MANAGED_PKG|Centify
17:22:00.53 (125279420)|ENTERING_MANAGED_PKG|Centify
17:22:00.53 (127098817)|ENTERING_MANAGED_PKG|Centify
17:22:00.53 (128428383)|ENTERING_MANAGED_PKG|Centify
17:22:00.53 (129800569)|ENTERING_MANAGED_PKG|Centify
17:22:00.53 (129898545)|ENTERING_MANAGED_PKG|Centify
17:22:00.53 (129936277)|ENTERING_MANAGED_PKG|Centify
17:22:00.53 (130058495)|ENTERING_MANAGED_PKG|Centify
17:22:00.53 (130113283)|ENTERING_MANAGED_PKG|Centify
17:22:00.53 (130299206)|ENTERING_MANAGED_PKG|Centify
17:22:00.53 (130498973)|ENTERING_MANAGED_PKG|Centify
17:22:00.53 (130618875)|ENTERING_MANAGED_PKG|Centify
17:22:00.53 (130729697)|ENTERING_MANAGED_PKG|Centify
17:22:00.53 (130844102)|ENTERING_MANAGED_PKG|Centify
17:22:00.53 (130954817)|ENTERING_MANAGED_PKG|Centify
17:22:00.53 (131061844)|ENTERING_MANAGED_PKG|Centify
17:22:00.53 (131168932)|ENTERING_MANAGED_PKG|Centify
17:22:00.53 (131274763)|ENTERING_MANAGED_PKG|Centify
17:22:00.53 (131381545)|ENTERING_MANAGED_PKG|Centify
17:22:00.53 (131488534)|ENTERING_MANAGED_PKG|Centify
17:22:00.53 (131595363)|ENTERING_MANAGED_PKG|Centify
17:22:00.53 (131704487)|ENTERING_MANAGED_PKG|Centify
17:22:00.53 (131814887)|ENTERING_MANAGED_PKG|Centify
17:22:00.53 (131928530)|ENTERING_MANAGED_PKG|Centify
17:22:00.53 (133127629)|ENTERING_MANAGED_PKG|Centify
17:22:00.53 (133270512)|ENTERING_MANAGED_PKG|Centify
17:22:00.53 (133384598)|ENTERING_MANAGED_PKG|Centify
17:22:00.53 (133491927)|ENTERING_MANAGED_PKG|Centify
17:22:00.53 (133598990)|ENTERING_MANAGED_PKG|Centify
17:22:00.53 (133705656)|ENTERING_MANAGED_PKG|Centify
17:22:00.53 (133812082)|ENTERING_MANAGED_PKG|Centify
17:22:00.53 (133926121)|ENTERING_MANAGED_PKG|Centify
17:22:00.53 (134032774)|ENTERING_MANAGED_PKG|Centify
17:22:00.53 (134140574)|ENTERING_MANAGED_PKG|Centify
17:22:00.53 (134248262)|ENTERING_MANAGED_PKG|Centify
17:22:00.53 (134355758)|ENTERING_MANAGED_PKG|Centify
17:22:00.53 (134465007)|ENTERING_MANAGED_PKG|Centify
17:22:00.53 (134576980)|ENTERING_MANAGED_PKG|Centify
17:22:00.53 (134703548)|ENTERING_MANAGED_PKG|Centify
17:22:00.53 (134773042)|ENTERING_MANAGED_PKG|Centify
17:22:00.53 (134827144)|ENTERING_MANAGED_PKG|Centify
17:22:00.53 (134870299)|ENTERING_MANAGED_PKG|Centify
17:22:00.53 (135021875)|ENTERING_MANAGED_PKG|Centify
17:22:00.53 (135085964)|ENTERING_MANAGED_PKG|Centify
17:22:00.53 (136711024)|ENTERING_MANAGED_PKG|Centify
17:22:00.53 (136749507)|ENTERING_MANAGED_PKG|Centify
17:22:00.53 (136800095)|ENTERING_MANAGED_PKG|Centify
17:22:00.53 (136881130)|ENTERING_MANAGED_PKG|Centify
17:22:00.53 (137054919)|ENTERING_MANAGED_PKG|Centify
17:22:00.53 (137183201)|ENTERING_MANAGED_PKG|Centify
17:22:00.53 (182848447)|ENTERING_MANAGED_PKG|Centify
17:22:00.53 (182953114)|ENTERING_MANAGED_PKG|Centify
17:22:00.53 (197264908)|ENTERING_MANAGED_PKG|Centify
17:22:00.53 (197319553)|ENTERING_MANAGED_PKG|Centify
17:22:00.53 (197427898)|ENTERING_MANAGED_PKG|Centify
17:22:00.53 (197454903)|ENTERING_MANAGED_PKG|Centify
17:22:00.53 (203998342)|ENTERING_MANAGED_PKG|Centify
17:22:00.53 (204257427)|ENTERING_MANAGED_PKG|Centify
17:22:00.53 (204843249)|ENTERING_MANAGED_PKG|Centify
17:22:00.53 (205453437)|ENTERING_MANAGED_PKG|Centify
17:22:00.53 (205503668)|ENTERING_MANAGED_PKG|Centify
17:22:00.53 (205602530)|ENTERING_MANAGED_PKG|Centify
17:22:00.53 (205645472)|ENTERING_MANAGED_PKG|Centify
17:22:00.53 (205750790)|ENTERING_MANAGED_PKG|Centify
17:22:00.53 (205897265)|ENTERING_MANAGED_PKG|Centify
17:22:00.53 (206016435)|ENTERING_MANAGED_PKG|Centify
17:22:00.53 (206125612)|ENTERING_MANAGED_PKG|Centify
17:22:00.53 (206234709)|ENTERING_MANAGED_PKG|Centify
17:22:00.53 (206343730)|ENTERING_MANAGED_PKG|Centify
17:22:00.53 (206451395)|ENTERING_MANAGED_PKG|Centify
17:22:00.53 (206561100)|ENTERING_MANAGED_PKG|Centify
17:22:00.53 (206669471)|ENTERING_MANAGED_PKG|Centify
17:22:00.53 (206776998)|ENTERING_MANAGED_PKG|Centify
17:22:00.53 (206890348)|ENTERING_MANAGED_PKG|Centify
17:22:00.53 (207003575)|ENTERING_MANAGED_PKG|Centify
17:22:00.53 (207114108)|ENTERING_MANAGED_PKG|Centify
17:22:00.53 (207222490)|ENTERING_MANAGED_PKG|Centify
17:22:00.53 (207332587)|ENTERING_MANAGED_PKG|Centify
17:22:00.53 (207440752)|ENTERING_MANAGED_PKG|Centify
17:22:00.53 (207548549)|ENTERING_MANAGED_PKG|Centify
17:22:00.53 (207656262)|ENTERING_MANAGED_PKG|Centify
17:22:00.53 (207825227)|ENTERING_MANAGED_PKG|Centify
17:22:00.53 (207963173)|ENTERING_MANAGED_PKG|Centify
17:22:00.53 (208089825)|ENTERING_MANAGED_PKG|Centify
17:22:00.53 (208214821)|ENTERING_MANAGED_PKG|Centify
17:22:00.53 (208339544)|ENTERING_MANAGED_PKG|Centify
17:22:00.53 (208446562)|ENTERING_MANAGED_PKG|Centify
17:22:00.53 (208554102)|ENTERING_MANAGED_PKG|Centify
17:22:00.53 (208661370)|ENTERING_MANAGED_PKG|Centify
17:22:00.53 (208786286)|ENTERING_MANAGED_PKG|Centify
17:22:00.53 (208922365)|ENTERING_MANAGED_PKG|Centify
17:22:00.53 (209047516)|ENTERING_MANAGED_PKG|Centify
17:22:00.53 (209174310)|ENTERING_MANAGED_PKG|Centify
17:22:00.53 (209299572)|ENTERING_MANAGED_PKG|Centify
17:22:00.53 (209424900)|ENTERING_MANAGED_PKG|Centify
17:22:00.53 (209550773)|ENTERING_MANAGED_PKG|Centify
17:22:00.53 (209676353)|ENTERING_MANAGED_PKG|Centify
17:22:00.53 (209800363)|ENTERING_MANAGED_PKG|Centify
17:22:00.53 (209927648)|ENTERING_MANAGED_PKG|Centify
17:22:00.53 (210038476)|ENTERING_MANAGED_PKG|Centify
17:22:00.53 (210153433)|ENTERING_MANAGED_PKG|Centify
17:22:00.53 (210261781)|ENTERING_MANAGED_PKG|Centify
17:22:00.53 (210368183)|ENTERING_MANAGED_PKG|Centify
17:22:00.53 (210486101)|ENTERING_MANAGED_PKG|Centify
17:22:00.53 (210594659)|ENTERING_MANAGED_PKG|Centify
17:22:00.53 (210706079)|ENTERING_MANAGED_PKG|Centify
17:22:00.53 (210873051)|ENTERING_MANAGED_PKG|Centify
17:22:00.53 (210991638)|ENTERING_MANAGED_PKG|Centify
17:22:00.53 (211099915)|ENTERING_MANAGED_PKG|Centify
17:22:00.53 (211230994)|ENTERING_MANAGED_PKG|Centify
17:22:00.53 (211341170)|ENTERING_MANAGED_PKG|Centify
17:22:00.53 (211450726)|ENTERING_MANAGED_PKG|Centify
17:22:00.53 (211556389)|ENTERING_MANAGED_PKG|Centify
17:22:00.53 (211664167)|ENTERING_MANAGED_PKG|Centify
17:22:00.53 (211771567)|ENTERING_MANAGED_PKG|Centify
17:22:00.53 (211901842)|ENTERING_MANAGED_PKG|Centify
17:22:00.53 (212013187)|ENTERING_MANAGED_PKG|Centify
17:22:00.53 (212196960)|ENTERING_MANAGED_PKG|Centify
17:22:00.53 (212233223)|ENTERING_MANAGED_PKG|Centify
17:22:00.53 (212332584)|ENTERING_MANAGED_PKG|Centify
17:22:00.53 (212382583)|ENTERING_MANAGED_PKG|Centify
17:22:00.53 (212431032)|ENTERING_MANAGED_PKG|Centify
17:22:00.53 (212467012)|ENTERING_MANAGED_PKG|Centify
17:22:00.53 (212492613)|ENTERING_MANAGED_PKG|Centify
17:22:00.53 (212769399)|ENTERING_MANAGED_PKG|Centify
17:22:00.53 (212797344)|ENTERING_MANAGED_PKG|Centify
17:22:00.53 (212814593)|ENTERING_MANAGED_PKG|Centify
17:22:00.53 (212950076)|ENTERING_MANAGED_PKG|Centify
17:22:00.53 (213079401)|ENTERING_MANAGED_PKG|Centify
17:22:00.53 (213102403)|ENTERING_MANAGED_PKG|Centify
17:22:00.53 (213126374)|ENTERING_MANAGED_PKG|Centify
17:22:00.53 (213138070)|ENTERING_MANAGED_PKG|Centify
17:22:00.53 (213467525)|ENTERING_MANAGED_PKG|Centify
17:22:00.53 (213492057)|ENTERING_MANAGED_PKG|Centify
17:22:00.53 (213504392)|ENTERING_MANAGED_PKG|Centify
17:22:00.53 (213579904)|ENTERING_MANAGED_PKG|Centify
17:22:00.53 (213702080)|ENTERING_MANAGED_PKG|Centify
17:22:00.53 (213723959)|ENTERING_MANAGED_PKG|Centify
17:22:00.53 (213747227)|ENTERING_MANAGED_PKG|Centify
17:22:00.53 (213758833)|ENTERING_MANAGED_PKG|Centify
17:22:00.53 (214183068)|ENTERING_MANAGED_PKG|Centify
17:22:00.53 (214207339)|ENTERING_MANAGED_PKG|Centify
17:22:00.53 (214219344)|ENTERING_MANAGED_PKG|Centify
17:22:00.53 (214291527)|ENTERING_MANAGED_PKG|Centify
17:22:00.53 (214411875)|ENTERING_MANAGED_PKG|Centify
17:22:00.53 (214433313)|ENTERING_MANAGED_PKG|Centify
17:22:00.53 (214455832)|ENTERING_MANAGED_PKG|Centify
17:22:00.53 (214468052)|ENTERING_MANAGED_PKG|Centify
17:22:00.53 (214984301)|ENTERING_MANAGED_PKG|Centify
17:22:00.53 (215008370)|ENTERING_MANAGED_PKG|Centify
17:22:00.53 (215021441)|ENTERING_MANAGED_PKG|Centify
17:22:00.53 (215094696)|ENTERING_MANAGED_PKG|Centify
17:22:00.53 (215215423)|ENTERING_MANAGED_PKG|Centify
17:22:00.53 (215237108)|ENTERING_MANAGED_PKG|Centify
17:22:00.53 (215260337)|ENTERING_MANAGED_PKG|Centify
17:22:00.53 (215272282)|ENTERING_MANAGED_PKG|Centify
17:22:00.53 (215887213)|ENTERING_MANAGED_PKG|Centify
17:22:00.53 (215913890)|ENTERING_MANAGED_PKG|Centify
17:22:00.53 (215926584)|ENTERING_MANAGED_PKG|Centify
17:22:00.53 (215999855)|ENTERING_MANAGED_PKG|Centify
17:22:00.53 (216113788)|ENTERING_MANAGED_PKG|Centify
17:22:00.53 (216225788)|ENTERING_MANAGED_PKG|Centify
17:22:00.53 (216336899)|ENTERING_MANAGED_PKG|Centify
17:22:00.53 (216452634)|ENTERING_MANAGED_PKG|Centify
17:22:00.53 (216474375)|ENTERING_MANAGED_PKG|Centify
17:22:00.53 (216497839)|ENTERING_MANAGED_PKG|Centify
17:22:00.53 (216509717)|ENTERING_MANAGED_PKG|Centify
17:22:00.53 (217216379)|ENTERING_MANAGED_PKG|Centify
17:22:00.53 (217240974)|ENTERING_MANAGED_PKG|Centify
17:22:00.53 (217252997)|ENTERING_MANAGED_PKG|Centify
17:22:00.53 (217325832)|ENTERING_MANAGED_PKG|Centify
17:22:00.53 (217445294)|ENTERING_MANAGED_PKG|Centify
17:22:00.53 (217467010)|ENTERING_MANAGED_PKG|Centify
17:22:00.53 (217489585)|ENTERING_MANAGED_PKG|Centify
17:22:00.53 (217501941)|ENTERING_MANAGED_PKG|Centify
17:22:00.53 (218294639)|ENTERING_MANAGED_PKG|Centify
17:22:00.53 (218318903)|ENTERING_MANAGED_PKG|Centify
17:22:00.53 (218330582)|ENTERING_MANAGED_PKG|Centify
17:22:00.53 (218403303)|ENTERING_MANAGED_PKG|Centify
17:22:00.53 (218522802)|ENTERING_MANAGED_PKG|Centify
17:22:00.53 (218544130)|ENTERING_MANAGED_PKG|Centify
17:22:00.53 (218566928)|ENTERING_MANAGED_PKG|Centify
17:22:00.53 (218578668)|ENTERING_MANAGED_PKG|Centify
17:22:00.53 (219418269)|ENTERING_MANAGED_PKG|Centify
17:22:00.53 (219442371)|ENTERING_MANAGED_PKG|Centify
17:22:00.53 (219454142)|ENTERING_MANAGED_PKG|Centify
17:22:00.53 (219527081)|ENTERING_MANAGED_PKG|Centify
17:22:00.53 (219647120)|ENTERING_MANAGED_PKG|Centify
17:22:00.53 (219668339)|ENTERING_MANAGED_PKG|Centify
17:22:00.53 (219690291)|ENTERING_MANAGED_PKG|Centify
17:22:00.53 (219701918)|ENTERING_MANAGED_PKG|Centify
17:22:00.53 (220632282)|ENTERING_MANAGED_PKG|Centify
17:22:00.53 (220657144)|ENTERING_MANAGED_PKG|Centify
17:22:00.53 (220669626)|ENTERING_MANAGED_PKG|Centify
17:22:00.53 (220743523)|ENTERING_MANAGED_PKG|Centify
17:22:00.53 (220885086)|ENTERING_MANAGED_PKG|Centify
17:22:00.53 (220907043)|ENTERING_MANAGED_PKG|Centify
17:22:00.53 (220930409)|ENTERING_MANAGED_PKG|Centify
17:22:00.53 (220942690)|ENTERING_MANAGED_PKG|Centify
17:22:00.53 (221981477)|ENTERING_MANAGED_PKG|Centify
17:22:00.53 (222006825)|ENTERING_MANAGED_PKG|Centify
17:22:00.53 (222020046)|ENTERING_MANAGED_PKG|Centify
17:22:00.53 (222092853)|ENTERING_MANAGED_PKG|Centify
17:22:00.53 (222214437)|ENTERING_MANAGED_PKG|Centify
17:22:00.53 (222235507)|ENTERING_MANAGED_PKG|Centify
17:22:00.53 (222258374)|ENTERING_MANAGED_PKG|Centify
17:22:00.53 (222270289)|ENTERING_MANAGED_PKG|Centify
17:22:00.53 (223433319)|ENTERING_MANAGED_PKG|Centify
17:22:00.53 (223461198)|ENTERING_MANAGED_PKG|Centify
17:22:00.53 (223473486)|ENTERING_MANAGED_PKG|Centify
17:22:00.53 (223548111)|ENTERING_MANAGED_PKG|Centify
17:22:00.53 (223670770)|ENTERING_MANAGED_PKG|Centify
17:22:00.53 (223693171)|ENTERING_MANAGED_PKG|Centify
17:22:00.53 (223716850)|ENTERING_MANAGED_PKG|Centify
17:22:00.53 (223729106)|ENTERING_MANAGED_PKG|Centify
17:22:00.53 (224963388)|ENTERING_MANAGED_PKG|Centify
17:22:00.53 (224989406)|ENTERING_MANAGED_PKG|Centify
17:22:00.53 (225002093)|ENTERING_MANAGED_PKG|Centify
17:22:00.53 (225075052)|ENTERING_MANAGED_PKG|Centify
17:22:00.53 (225198119)|ENTERING_MANAGED_PKG|Centify
17:22:00.53 (225219582)|ENTERING_MANAGED_PKG|Centify
17:22:00.53 (225242338)|ENTERING_MANAGED_PKG|Centify
17:22:00.53 (225254293)|ENTERING_MANAGED_PKG|Centify
17:22:00.53 (226625266)|ENTERING_MANAGED_PKG|Centify
17:22:00.53 (226651753)|ENTERING_MANAGED_PKG|Centify
17:22:00.53 (226663930)|ENTERING_MANAGED_PKG|Centify
17:22:00.53 (226739642)|ENTERING_MANAGED_PKG|Centify
17:22:00.53 (226869894)|ENTERING_MANAGED_PKG|Centify
17:22:00.53 (226892167)|ENTERING_MANAGED_PKG|Centify
17:22:00.53 (226914866)|ENTERING_MANAGED_PKG|Centify
17:22:00.53 (226927207)|ENTERING_MANAGED_PKG|Centify
17:22:00.53 (228397556)|ENTERING_MANAGED_PKG|Centify
17:22:00.53 (228424566)|ENTERING_MANAGED_PKG|Centify
17:22:00.53 (228437592)|ENTERING_MANAGED_PKG|Centify
17:22:00.53 (228512637)|ENTERING_MANAGED_PKG|Centify
17:22:00.53 (228638550)|ENTERING_MANAGED_PKG|Centify
17:22:00.53 (228660970)|ENTERING_MANAGED_PKG|Centify
17:22:00.53 (228684460)|ENTERING_MANAGED_PKG|Centify
17:22:00.53 (228696282)|ENTERING_MANAGED_PKG|Centify
17:22:00.53 (230243491)|ENTERING_MANAGED_PKG|Centify
17:22:00.53 (230268626)|ENTERING_MANAGED_PKG|Centify
17:22:00.53 (230280722)|ENTERING_MANAGED_PKG|Centify
17:22:00.53 (230355203)|ENTERING_MANAGED_PKG|Centify
17:22:00.53 (230394713)|ENTERING_MANAGED_PKG|Centify
17:22:00.53 (230425835)|ENTERING_MANAGED_PKG|Centify
17:22:00.53 (230449447)|ENTERING_MANAGED_PKG|Centify
17:22:00.53 (230699690)|ENTERING_MANAGED_PKG|Centify
17:22:00.53 (230726561)|ENTERING_MANAGED_PKG|Centify
17:22:00.53 (232476317)|ENTERING_MANAGED_PKG|Centify
17:22:00.53 (232506451)|ENTERING_MANAGED_PKG|Centify
17:22:00.53 (232529887)|ENTERING_MANAGED_PKG|Centify
17:22:00.53 (232577166)|ENTERING_MANAGED_PKG|Centify
17:22:00.53 (232699200)|ENTERING_MANAGED_PKG|Centify
17:22:00.53 (232766092)|ENTERING_MANAGED_PKG|Centify
17:22:00.53 (254221007)|ENTERING_MANAGED_PKG|Centify
17:22:00.53 (254271929)|ENTERING_MANAGED_PKG|Centify
17:22:00.53 (254354585)|ENTERING_MANAGED_PKG|Centify
17:22:00.53 (254383309)|ENTERING_MANAGED_PKG|Centify
17:22:00.53 (263218942)|ENTERING_MANAGED_PKG|Centify
17:22:00.53 (263476552)|ENTERING_MANAGED_PKG|Centify
17:22:00.53 (264318162)|ENTERING_MANAGED_PKG|Centify
17:22:00.53 (265059383)|ENTERING_MANAGED_PKG|Centify
17:22:00.53 (265113371)|ENTERING_MANAGED_PKG|Centify
17:22:00.53 (265219082)|ENTERING_MANAGED_PKG|Centify
17:22:00.53 (265266482)|ENTERING_MANAGED_PKG|Centify
17:22:00.53 (265381717)|ENTERING_MANAGED_PKG|Centify
17:22:00.53 (265575127)|ENTERING_MANAGED_PKG|Centify
17:22:00.53 (265738393)|ENTERING_MANAGED_PKG|Centify
17:22:00.53 (265918819)|ENTERING_MANAGED_PKG|Centify
17:22:00.53 (266058722)|ENTERING_MANAGED_PKG|Centify
17:22:00.53 (266180815)|ENTERING_MANAGED_PKG|Centify
17:22:00.53 (266292797)|ENTERING_MANAGED_PKG|Centify
17:22:00.53 (266450667)|ENTERING_MANAGED_PKG|Centify
17:22:00.53 (266617935)|ENTERING_MANAGED_PKG|Centify
17:22:00.53 (266763695)|ENTERING_MANAGED_PKG|Centify
17:22:00.53 (266883540)|ENTERING_MANAGED_PKG|Centify
17:22:00.53 (267003807)|ENTERING_MANAGED_PKG|Centify
17:22:00.53 (267123667)|ENTERING_MANAGED_PKG|Centify
17:22:00.53 (267241382)|ENTERING_MANAGED_PKG|Centify
17:22:00.53 (267343207)|ENTERING_MANAGED_PKG|Centify
17:22:00.53 (267458263)|ENTERING_MANAGED_PKG|Centify
17:22:00.53 (267609005)|ENTERING_MANAGED_PKG|Centify
17:22:00.53 (267779686)|ENTERING_MANAGED_PKG|Centify
17:22:00.53 (267933954)|ENTERING_MANAGED_PKG|Centify
17:22:00.53 (268136130)|ENTERING_MANAGED_PKG|Centify
17:22:00.53 (268330341)|ENTERING_MANAGED_PKG|Centify
17:22:00.53 (268447293)|ENTERING_MANAGED_PKG|Centify
17:22:00.53 (268597987)|ENTERING_MANAGED_PKG|Centify
17:22:00.53 (268711951)|ENTERING_MANAGED_PKG|Centify
17:22:00.53 (268832390)|ENTERING_MANAGED_PKG|Centify
17:22:00.53 (268984847)|ENTERING_MANAGED_PKG|Centify
17:22:00.53 (269098830)|ENTERING_MANAGED_PKG|Centify
17:22:00.53 (269209703)|ENTERING_MANAGED_PKG|Centify
17:22:00.53 (269342699)|ENTERING_MANAGED_PKG|Centify
17:22:00.53 (269482890)|ENTERING_MANAGED_PKG|Centify
17:22:00.53 (269527415)|ENTERING_MANAGED_PKG|Centify
17:22:00.53 (269560413)|ENTERING_MANAGED_PKG|Centify
17:22:00.53 (269583354)|ENTERING_MANAGED_PKG|Centify
17:22:00.53 (269643727)|ENTERING_MANAGED_PKG|Centify
17:22:00.53 (269701348)|ENTERING_MANAGED_PKG|Centify
17:22:00.53 (271664212)|ENTERING_MANAGED_PKG|Centify
17:22:00.53 (271700422)|ENTERING_MANAGED_PKG|Centify
17:22:00.53 (271727327)|ENTERING_MANAGED_PKG|Centify
17:22:00.53 (271776577)|ENTERING_MANAGED_PKG|Centify
17:22:00.53 (271912721)|ENTERING_MANAGED_PKG|Centify
17:22:00.53 (272011123)|ENTERING_MANAGED_PKG|Centify
17:22:00.53 (288980968)|ENTERING_MANAGED_PKG|Centify
17:22:00.53 (289025920)|ENTERING_MANAGED_PKG|Centify
17:22:00.53 (307864110)|ENTERING_MANAGED_PKG|Centify
17:22:00.53 (307991752)|ENTERING_MANAGED_PKG|Centify
17:22:00.53 (323049607)|ENTERING_MANAGED_PKG|Centify
17:22:00.53 (323095693)|ENTERING_MANAGED_PKG|Centify
17:22:00.53 (340023606)|ENTERING_MANAGED_PKG|Centify
17:22:00.53 (340239228)|ENTERING_MANAGED_PKG|Centify
17:22:00.53 (340363537)|ENTERING_MANAGED_PKG|Centify
17:22:00.53 (340516013)|ENTERING_MANAGED_PKG|Centify
17:22:00.53 (340700003)|ENTERING_MANAGED_PKG|Centify
17:22:00.53 (340798245)|ENTERING_MANAGED_PKG|Centify
17:22:00.53 (340893522)|ENTERING_MANAGED_PKG|Centify
17:22:00.53 (340972444)|ENTERING_MANAGED_PKG|Centify
17:22:00.53 (341147235)|ENTERING_MANAGED_PKG|Centify
17:22:00.53 (341286408)|ENTERING_MANAGED_PKG|Centify
17:22:00.53 (341430260)|ENTERING_MANAGED_PKG|Centify
17:22:00.53 (341468302)|ENTERING_MANAGED_PKG|Centify
17:22:00.53 (341541879)|ENTERING_MANAGED_PKG|Centify
17:22:00.53 (341566393)|ENTERING_MANAGED_PKG|Centify
17:22:00.53 (351446657)|ENTERING_MANAGED_PKG|Centify
17:22:00.53 (351794924)|ENTERING_MANAGED_PKG|Centify
17:22:00.53 (352679895)|ENTERING_MANAGED_PKG|Centify
17:22:00.53 (353433864)|ENTERING_MANAGED_PKG|Centify
17:22:00.53 (353482787)|ENTERING_MANAGED_PKG|Centify
17:22:00.53 (353632153)|ENTERING_MANAGED_PKG|Centify
17:22:00.53 (353697884)|ENTERING_MANAGED_PKG|Centify
17:22:00.53 (353871833)|ENTERING_MANAGED_PKG|Centify
17:22:00.53 (354091005)|ENTERING_MANAGED_PKG|Centify
17:22:00.53 (354270671)|ENTERING_MANAGED_PKG|Centify
17:22:00.53 (354440285)|ENTERING_MANAGED_PKG|Centify
17:22:00.53 (354636834)|ENTERING_MANAGED_PKG|Centify
17:22:00.53 (354856686)|ENTERING_MANAGED_PKG|Centify
17:22:00.53 (355044242)|ENTERING_MANAGED_PKG|Centify
17:22:00.53 (355197194)|ENTERING_MANAGED_PKG|Centify
17:22:00.53 (355354931)|ENTERING_MANAGED_PKG|Centify
17:22:00.53 (355501505)|ENTERING_MANAGED_PKG|Centify
17:22:00.53 (355679188)|ENTERING_MANAGED_PKG|Centify
17:22:00.53 (355872923)|ENTERING_MANAGED_PKG|Centify
17:22:00.53 (356091850)|ENTERING_MANAGED_PKG|Centify
17:22:00.53 (356226929)|ENTERING_MANAGED_PKG|Centify
17:22:00.53 (356347950)|ENTERING_MANAGED_PKG|Centify
17:22:00.53 (356458553)|ENTERING_MANAGED_PKG|Centify
17:22:00.53 (356575760)|ENTERING_MANAGED_PKG|Centify
17:22:00.53 (356693723)|ENTERING_MANAGED_PKG|Centify
17:22:00.53 (356805213)|ENTERING_MANAGED_PKG|Centify
17:22:00.53 (356920529)|ENTERING_MANAGED_PKG|Centify
17:22:00.53 (357028732)|ENTERING_MANAGED_PKG|Centify
17:22:00.53 (357136454)|ENTERING_MANAGED_PKG|Centify
17:22:00.53 (357242823)|ENTERING_MANAGED_PKG|Centify
17:22:00.53 (357367456)|ENTERING_MANAGED_PKG|Centify
17:22:00.53 (357493047)|ENTERING_MANAGED_PKG|Centify
17:22:00.53 (357601597)|ENTERING_MANAGED_PKG|Centify
17:22:00.53 (357709695)|ENTERING_MANAGED_PKG|Centify
17:22:00.53 (357817608)|ENTERING_MANAGED_PKG|Centify
17:22:00.53 (357945965)|ENTERING_MANAGED_PKG|Centify
17:22:00.53 (358052098)|ENTERING_MANAGED_PKG|Centify
17:22:00.53 (358162007)|ENTERING_MANAGED_PKG|Centify
17:22:00.53 (358278135)|ENTERING_MANAGED_PKG|Centify
17:22:00.53 (358319252)|ENTERING_MANAGED_PKG|Centify
17:22:00.53 (358351154)|ENTERING_MANAGED_PKG|Centify
17:22:00.53 (358373831)|ENTERING_MANAGED_PKG|Centify
17:22:00.53 (358426486)|ENTERING_MANAGED_PKG|Centify
17:22:00.53 (358474368)|ENTERING_MANAGED_PKG|Centify
17:22:00.53 (360008175)|ENTERING_MANAGED_PKG|Centify
17:22:00.53 (360037417)|ENTERING_MANAGED_PKG|Centify
17:22:00.53 (360060184)|ENTERING_MANAGED_PKG|Centify
17:22:00.53 (360105861)|ENTERING_MANAGED_PKG|Centify
17:22:00.53 (360222746)|ENTERING_MANAGED_PKG|Centify
17:22:00.53 (360288530)|ENTERING_MANAGED_PKG|Centify
17:22:00.53 (380587881)|ENTERING_MANAGED_PKG|Centify
17:22:00.53 (380633931)|ENTERING_MANAGED_PKG|Centify
17:22:00.53 (394839333)|ENTERING_MANAGED_PKG|Centify
17:22:00.53 (394926979)|ENTERING_MANAGED_PKG|Centify
17:22:00.53 (409540123)|ENTERING_MANAGED_PKG|Centify
17:22:00.53 (409590592)|ENTERING_MANAGED_PKG|Centify
17:22:00.53 (426766504)|ENTERING_MANAGED_PKG|Centify
17:22:00.53 (426885615)|ENTERING_MANAGED_PKG|Centify
17:22:00.53 (426976245)|ENTERING_MANAGED_PKG|Centify
17:22:00.53 (427054303)|ENTERING_MANAGED_PKG|Centify
17:22:00.53 (427185895)|ENTERING_MANAGED_PKG|Centify
17:22:00.53 (427272588)|ENTERING_MANAGED_PKG|Centify
17:22:00.53 (427350018)|ENTERING_MANAGED_PKG|Centify
17:22:00.53 (427425244)|ENTERING_MANAGED_PKG|Centify
17:22:00.53 (427555568)|ENTERING_MANAGED_PKG|Centify
17:22:00.53 (427701431)|ENTERING_MANAGED_PKG|Centify
17:22:00.53 (427840033)|ENTERING_MANAGED_PKG|Centify
17:22:00.53 (427877247)|ENTERING_MANAGED_PKG|Centify
17:22:00.53 (427954603)|ENTERING_MANAGED_PKG|Centify
17:22:00.53 (427978725)|ENTERING_MANAGED_PKG|Centify
17:22:00.53 (434736707)|ENTERING_MANAGED_PKG|Centify
17:22:00.53 (434969858)|ENTERING_MANAGED_PKG|Centify
17:22:00.53 (435365422)|ENTERING_MANAGED_PKG|Centify
17:22:00.53 (436043316)|ENTERING_MANAGED_PKG|Centify
17:22:00.53 (436094204)|ENTERING_MANAGED_PKG|Centify
17:22:00.53 (436189086)|ENTERING_MANAGED_PKG|Centify
17:22:00.53 (436230640)|ENTERING_MANAGED_PKG|Centify
17:22:00.53 (436363728)|ENTERING_MANAGED_PKG|Centify
17:22:00.53 (436503368)|ENTERING_MANAGED_PKG|Centify
17:22:00.53 (436649662)|ENTERING_MANAGED_PKG|Centify
17:22:00.53 (436763011)|ENTERING_MANAGED_PKG|Centify
17:22:00.53 (436875219)|ENTERING_MANAGED_PKG|Centify
17:22:00.53 (436989922)|ENTERING_MANAGED_PKG|Centify
17:22:00.53 (437100488)|ENTERING_MANAGED_PKG|Centify
17:22:00.53 (437210595)|ENTERING_MANAGED_PKG|Centify
17:22:00.53 (437323137)|ENTERING_MANAGED_PKG|Centify
17:22:00.53 (437454695)|ENTERING_MANAGED_PKG|Centify
17:22:00.53 (437564161)|ENTERING_MANAGED_PKG|Centify
17:22:00.53 (437696756)|ENTERING_MANAGED_PKG|Centify
17:22:00.53 (437822624)|ENTERING_MANAGED_PKG|Centify
17:22:00.53 (438014974)|ENTERING_MANAGED_PKG|Centify
17:22:00.53 (438212727)|ENTERING_MANAGED_PKG|Centify
17:22:00.53 (438342654)|ENTERING_MANAGED_PKG|Centify
17:22:00.53 (438502265)|ENTERING_MANAGED_PKG|Centify
17:22:00.53 (438623358)|ENTERING_MANAGED_PKG|Centify
17:22:00.53 (438731781)|ENTERING_MANAGED_PKG|Centify
17:22:00.53 (438844002)|ENTERING_MANAGED_PKG|Centify
17:22:00.53 (438957784)|ENTERING_MANAGED_PKG|Centify
17:22:00.53 (439064123)|ENTERING_MANAGED_PKG|Centify
17:22:00.53 (439172702)|ENTERING_MANAGED_PKG|Centify
17:22:00.53 (439280014)|ENTERING_MANAGED_PKG|Centify
17:22:00.53 (439386879)|ENTERING_MANAGED_PKG|Centify
17:22:00.53 (439493138)|ENTERING_MANAGED_PKG|Centify
17:22:00.53 (439601703)|ENTERING_MANAGED_PKG|Centify
17:22:00.53 (439755089)|ENTERING_MANAGED_PKG|Centify
17:22:00.53 (439929074)|ENTERING_MANAGED_PKG|Centify
17:22:00.53 (440086944)|ENTERING_MANAGED_PKG|Centify
17:22:00.53 (440214374)|ENTERING_MANAGED_PKG|Centify
17:22:00.53 (440396087)|ENTERING_MANAGED_PKG|Centify
17:22:00.53 (440592618)|ENTERING_MANAGED_PKG|Centify
17:22:00.53 (440744461)|ENTERING_MANAGED_PKG|Centify
17:22:00.53 (440858681)|ENTERING_MANAGED_PKG|Centify
17:22:00.53 (440973223)|ENTERING_MANAGED_PKG|Centify
17:22:00.53 (441079803)|ENTERING_MANAGED_PKG|Centify
17:22:00.53 (441187149)|ENTERING_MANAGED_PKG|Centify
17:22:00.53 (441294886)|ENTERING_MANAGED_PKG|Centify
17:22:00.53 (441403707)|ENTERING_MANAGED_PKG|Centify
17:22:00.53 (441510181)|ENTERING_MANAGED_PKG|Centify
17:22:00.53 (441616103)|ENTERING_MANAGED_PKG|Centify
17:22:00.53 (441749096)|ENTERING_MANAGED_PKG|Centify
17:22:00.53 (441868205)|ENTERING_MANAGED_PKG|Centify
17:22:00.53 (441936114)|ENTERING_MANAGED_PKG|Centify
17:22:00.53 (441974279)|ENTERING_MANAGED_PKG|Centify
17:22:00.53 (442018106)|ENTERING_MANAGED_PKG|Centify
17:22:00.53 (442044116)|ENTERING_MANAGED_PKG|Centify
17:22:00.53 (442428296)|ENTERING_MANAGED_PKG|Centify
17:22:00.53 (442457836)|ENTERING_MANAGED_PKG|Centify
17:22:00.53 (442471060)|ENTERING_MANAGED_PKG|Centify
17:22:00.53 (442559176)|ENTERING_MANAGED_PKG|Centify
17:22:00.53 (442730287)|ENTERING_MANAGED_PKG|Centify
17:22:00.53 (442770291)|ENTERING_MANAGED_PKG|Centify
17:22:00.53 (442797318)|ENTERING_MANAGED_PKG|Centify
17:22:00.53 (442809692)|ENTERING_MANAGED_PKG|Centify
17:22:00.53 (443321877)|ENTERING_MANAGED_PKG|Centify
17:22:00.53 (443358485)|ENTERING_MANAGED_PKG|Centify
17:22:00.53 (443379953)|ENTERING_MANAGED_PKG|Centify
17:22:00.53 (443466921)|ENTERING_MANAGED_PKG|Centify
17:22:00.53 (443597117)|ENTERING_MANAGED_PKG|Centify
17:22:00.53 (443620109)|ENTERING_MANAGED_PKG|Centify
17:22:00.53 (443643416)|ENTERING_MANAGED_PKG|Centify
17:22:00.53 (443655251)|ENTERING_MANAGED_PKG|Centify
17:22:00.53 (444125301)|ENTERING_MANAGED_PKG|Centify
17:22:00.53 (444151115)|ENTERING_MANAGED_PKG|Centify
17:22:00.53 (444163294)|ENTERING_MANAGED_PKG|Centify
17:22:00.53 (444252105)|ENTERING_MANAGED_PKG|Centify
17:22:00.53 (444377938)|ENTERING_MANAGED_PKG|Centify
17:22:00.53 (444400304)|ENTERING_MANAGED_PKG|Centify
17:22:00.53 (444423648)|ENTERING_MANAGED_PKG|Centify
17:22:00.53 (444435885)|ENTERING_MANAGED_PKG|Centify
17:22:00.53 (445046415)|ENTERING_MANAGED_PKG|Centify
17:22:00.53 (445074095)|ENTERING_MANAGED_PKG|Centify
17:22:00.53 (445087708)|ENTERING_MANAGED_PKG|Centify
17:22:00.53 (445197681)|ENTERING_MANAGED_PKG|Centify
17:22:00.53 (445406595)|ENTERING_MANAGED_PKG|Centify
17:22:00.53 (445443904)|ENTERING_MANAGED_PKG|Centify
17:22:00.53 (445483241)|ENTERING_MANAGED_PKG|Centify
17:22:00.53 (445504643)|ENTERING_MANAGED_PKG|Centify
17:22:00.53 (446503520)|ENTERING_MANAGED_PKG|Centify
17:22:00.53 (446533881)|ENTERING_MANAGED_PKG|Centify
17:22:00.53 (446547110)|ENTERING_MANAGED_PKG|Centify
17:22:00.53 (446643092)|ENTERING_MANAGED_PKG|Centify
17:22:00.53 (446843802)|ENTERING_MANAGED_PKG|Centify
17:22:00.53 (446882098)|ENTERING_MANAGED_PKG|Centify
17:22:00.53 (446928578)|ENTERING_MANAGED_PKG|Centify
17:22:00.53 (446943636)|ENTERING_MANAGED_PKG|Centify
17:22:00.53 (447917943)|ENTERING_MANAGED_PKG|Centify
17:22:00.53 (447947275)|ENTERING_MANAGED_PKG|Centify
17:22:00.53 (447964348)|ENTERING_MANAGED_PKG|Centify
17:22:00.53 (448070048)|ENTERING_MANAGED_PKG|Centify
17:22:00.53 (448193821)|ENTERING_MANAGED_PKG|Centify
17:22:00.53 (448348925)|ENTERING_MANAGED_PKG|Centify
17:22:00.53 (448464232)|ENTERING_MANAGED_PKG|Centify
17:22:00.53 (448575721)|ENTERING_MANAGED_PKG|Centify
17:22:00.53 (448706745)|ENTERING_MANAGED_PKG|Centify
17:22:00.53 (448840649)|ENTERING_MANAGED_PKG|Centify
17:22:00.53 (448985943)|ENTERING_MANAGED_PKG|Centify
17:22:00.53 (449127780)|ENTERING_MANAGED_PKG|Centify
17:22:00.53 (449258462)|ENTERING_MANAGED_PKG|Centify
17:22:00.53 (449372112)|ENTERING_MANAGED_PKG|Centify
17:22:00.53 (449481954)|ENTERING_MANAGED_PKG|Centify
17:22:00.53 (449599178)|ENTERING_MANAGED_PKG|Centify
17:22:00.53 (449725893)|ENTERING_MANAGED_PKG|Centify
17:22:00.53 (449859207)|ENTERING_MANAGED_PKG|Centify
17:22:00.53 (449935272)|ENTERING_MANAGED_PKG|Centify
17:22:00.53 (449976016)|ENTERING_MANAGED_PKG|Centify
17:22:00.53 (450000289)|ENTERING_MANAGED_PKG|Centify
17:22:00.53 (450168698)|ENTERING_MANAGED_PKG|Centify
17:22:00.53 (450194990)|ENTERING_MANAGED_PKG|Centify
17:22:00.53 (452338207)|ENTERING_MANAGED_PKG|Centify
17:22:00.53 (452386900)|ENTERING_MANAGED_PKG|Centify
17:22:00.53 (452427747)|ENTERING_MANAGED_PKG|Centify
17:22:00.53 (452538872)|ENTERING_MANAGED_PKG|Centify
17:22:00.53 (452578200)|ENTERING_MANAGED_PKG|Centify
17:22:00.53 (452718465)|ENTERING_MANAGED_PKG|Centify
17:22:00.53 (452754104)|ENTERING_MANAGED_PKG|Centify
17:22:00.53 (460332409)|ENTERING_MANAGED_PKG|Centify
17:22:00.53 (460635843)|ENTERING_MANAGED_PKG|Centify
17:22:00.53 (461206814)|ENTERING_MANAGED_PKG|Centify
17:22:00.53 (461701084)|ENTERING_MANAGED_PKG|Centify
17:22:00.53 (461750315)|ENTERING_MANAGED_PKG|Centify
17:22:00.53 (461852633)|ENTERING_MANAGED_PKG|Centify
17:22:00.53 (461895379)|ENTERING_MANAGED_PKG|Centify
17:22:00.53 (462001837)|ENTERING_MANAGED_PKG|Centify
17:22:00.53 (462136019)|ENTERING_MANAGED_PKG|Centify
17:22:00.53 (462251966)|ENTERING_MANAGED_PKG|Centify
17:22:00.53 (462361960)|ENTERING_MANAGED_PKG|Centify
17:22:00.53 (462470155)|ENTERING_MANAGED_PKG|Centify
17:22:00.53 (462578973)|ENTERING_MANAGED_PKG|Centify
17:22:00.53 (462688305)|ENTERING_MANAGED_PKG|Centify
17:22:00.53 (463019002)|ENTERING_MANAGED_PKG|Centify
17:22:00.53 (463132353)|ENTERING_MANAGED_PKG|Centify
17:22:00.53 (463240516)|ENTERING_MANAGED_PKG|Centify
17:22:00.53 (463338936)|ENTERING_MANAGED_PKG|Centify
17:22:00.53 (463448964)|ENTERING_MANAGED_PKG|Centify
17:22:00.53 (463561473)|ENTERING_MANAGED_PKG|Centify
17:22:00.53 (463671474)|ENTERING_MANAGED_PKG|Centify
17:22:00.53 (463779992)|ENTERING_MANAGED_PKG|Centify
17:22:00.53 (463892701)|ENTERING_MANAGED_PKG|Centify
17:22:00.53 (464001454)|ENTERING_MANAGED_PKG|Centify
17:22:00.53 (464109533)|ENTERING_MANAGED_PKG|Centify
17:22:00.53 (464218198)|ENTERING_MANAGED_PKG|Centify
17:22:00.53 (464325554)|ENTERING_MANAGED_PKG|Centify
17:22:00.53 (464430351)|ENTERING_MANAGED_PKG|Centify
17:22:00.53 (464536981)|ENTERING_MANAGED_PKG|Centify
17:22:00.53 (464575005)|ENTERING_MANAGED_PKG|Centify
17:22:00.53 (464607381)|ENTERING_MANAGED_PKG|Centify
17:22:00.53 (464630498)|ENTERING_MANAGED_PKG|Centify
17:22:00.53 (464679270)|ENTERING_MANAGED_PKG|Centify
17:22:00.53 (464723950)|ENTERING_MANAGED_PKG|Centify
17:22:00.53 (465897817)|ENTERING_MANAGED_PKG|Centify
17:22:00.53 (465926841)|ENTERING_MANAGED_PKG|Centify
17:22:00.53 (465950189)|ENTERING_MANAGED_PKG|Centify
17:22:00.53 (466015014)|ENTERING_MANAGED_PKG|Centify
17:22:00.53 (466086243)|ENTERING_MANAGED_PKG|Centify
17:22:00.53 (466181213)|ENTERING_MANAGED_PKG|Centify
17:22:00.53 (466259605)|ENTERING_MANAGED_PKG|Centify
17:22:00.53 (466285014)|ENTERING_MANAGED_PKG|Centify
17:22:00.53 (472898177)|ENTERING_MANAGED_PKG|Centify
17:22:00.53 (473142049)|ENTERING_MANAGED_PKG|Centify
17:22:00.53 (473669292)|ENTERING_MANAGED_PKG|Centify
17:22:00.53 (474298303)|ENTERING_MANAGED_PKG|Centify
17:22:00.53 (474347609)|ENTERING_MANAGED_PKG|Centify
17:22:00.53 (474443652)|ENTERING_MANAGED_PKG|Centify
17:22:00.53 (474484596)|ENTERING_MANAGED_PKG|Centify
17:22:00.53 (474591731)|ENTERING_MANAGED_PKG|Centify
17:22:00.53 (474734437)|ENTERING_MANAGED_PKG|Centify
17:22:00.53 (474854632)|ENTERING_MANAGED_PKG|Centify
17:22:00.53 (474967023)|ENTERING_MANAGED_PKG|Centify
17:22:00.53 (475078776)|ENTERING_MANAGED_PKG|Centify
17:22:00.53 (475187911)|ENTERING_MANAGED_PKG|Centify
17:22:00.53 (475296031)|ENTERING_MANAGED_PKG|Centify
17:22:00.53 (475405665)|ENTERING_MANAGED_PKG|Centify
17:22:00.53 (475515823)|ENTERING_MANAGED_PKG|Centify
17:22:00.53 (475622306)|ENTERING_MANAGED_PKG|Centify
17:22:00.53 (475738453)|ENTERING_MANAGED_PKG|Centify
17:22:00.53 (475860959)|ENTERING_MANAGED_PKG|Centify
17:22:00.53 (475968869)|ENTERING_MANAGED_PKG|Centify
17:22:00.53 (476076598)|ENTERING_MANAGED_PKG|Centify
17:22:00.53 (476199849)|ENTERING_MANAGED_PKG|Centify
17:22:00.53 (476314004)|ENTERING_MANAGED_PKG|Centify
17:22:00.53 (476429976)|ENTERING_MANAGED_PKG|Centify
17:22:00.53 (476548022)|ENTERING_MANAGED_PKG|Centify
17:22:00.53 (476661362)|ENTERING_MANAGED_PKG|Centify
17:22:00.53 (476769836)|ENTERING_MANAGED_PKG|Centify
17:22:00.53 (476883910)|ENTERING_MANAGED_PKG|Centify
17:22:00.53 (476993349)|ENTERING_MANAGED_PKG|Centify
17:22:00.53 (477101063)|ENTERING_MANAGED_PKG|Centify
17:22:00.53 (477221354)|ENTERING_MANAGED_PKG|Centify
17:22:00.53 (477329680)|ENTERING_MANAGED_PKG|Centify
17:22:00.53 (477436817)|ENTERING_MANAGED_PKG|Centify
17:22:00.53 (477544068)|ENTERING_MANAGED_PKG|Centify
17:22:00.53 (477651795)|ENTERING_MANAGED_PKG|Centify
17:22:00.53 (477759443)|ENTERING_MANAGED_PKG|Centify
17:22:00.53 (477876708)|ENTERING_MANAGED_PKG|Centify
17:22:00.53 (477987118)|ENTERING_MANAGED_PKG|Centify
17:22:00.53 (478095283)|ENTERING_MANAGED_PKG|Centify
17:22:00.53 (478204293)|ENTERING_MANAGED_PKG|Centify
17:22:00.53 (478317600)|ENTERING_MANAGED_PKG|Centify
17:22:00.53 (478359110)|ENTERING_MANAGED_PKG|Centify
17:22:00.53 (478391197)|ENTERING_MANAGED_PKG|Centify
17:22:00.53 (478414775)|ENTERING_MANAGED_PKG|Centify
17:22:00.53 (478467647)|ENTERING_MANAGED_PKG|Centify
17:22:00.53 (478517555)|ENTERING_MANAGED_PKG|Centify
17:22:00.53 (479926781)|ENTERING_MANAGED_PKG|Centify
17:22:00.53 (479958443)|ENTERING_MANAGED_PKG|Centify
17:22:00.53 (479982199)|ENTERING_MANAGED_PKG|Centify
17:22:00.53 (480030260)|ENTERING_MANAGED_PKG|Centify
17:22:00.53 (480153938)|ENTERING_MANAGED_PKG|Centify
17:22:00.53 (480220687)|ENTERING_MANAGED_PKG|Centify
17:22:00.53 (495916799)|ENTERING_MANAGED_PKG|Centify
17:22:00.53 (495967410)|ENTERING_MANAGED_PKG|Centify
17:22:00.53 (511397851)|ENTERING_MANAGED_PKG|Centify
17:22:00.53 (511446571)|ENTERING_MANAGED_PKG|Centify
17:22:00.53 (511524679)|ENTERING_MANAGED_PKG|Centify
17:22:00.53 (511551422)|ENTERING_MANAGED_PKG|Centify
17:22:00.53 (518117225)|ENTERING_MANAGED_PKG|Centify
17:22:00.53 (518372790)|ENTERING_MANAGED_PKG|Centify
17:22:00.53 (518818143)|ENTERING_MANAGED_PKG|Centify
17:22:00.53 (519329717)|ENTERING_MANAGED_PKG|Centify
17:22:00.53 (519378843)|ENTERING_MANAGED_PKG|Centify
17:22:00.53 (519475655)|ENTERING_MANAGED_PKG|Centify
17:22:00.53 (519516616)|ENTERING_MANAGED_PKG|Centify
17:22:00.53 (519620523)|ENTERING_MANAGED_PKG|Centify
17:22:00.53 (519783457)|ENTERING_MANAGED_PKG|Centify
17:22:00.53 (519903090)|ENTERING_MANAGED_PKG|Centify
17:22:00.53 (520022328)|ENTERING_MANAGED_PKG|Centify
17:22:00.53 (520133634)|ENTERING_MANAGED_PKG|Centify
17:22:00.53 (520256601)|ENTERING_MANAGED_PKG|Centify
17:22:00.53 (520368939)|ENTERING_MANAGED_PKG|Centify
17:22:00.53 (520475744)|ENTERING_MANAGED_PKG|Centify
17:22:00.53 (520582068)|ENTERING_MANAGED_PKG|Centify
17:22:00.53 (520689450)|ENTERING_MANAGED_PKG|Centify
17:22:00.53 (520794824)|ENTERING_MANAGED_PKG|Centify
17:22:00.53 (520907231)|ENTERING_MANAGED_PKG|Centify
17:22:00.53 (521021741)|ENTERING_MANAGED_PKG|Centify
17:22:00.53 (521142834)|ENTERING_MANAGED_PKG|Centify
17:22:00.53 (521249342)|ENTERING_MANAGED_PKG|Centify
17:22:00.53 (521354296)|ENTERING_MANAGED_PKG|Centify
17:22:00.53 (521461579)|ENTERING_MANAGED_PKG|Centify
17:22:00.53 (521566318)|ENTERING_MANAGED_PKG|Centify
17:22:00.53 (521673010)|ENTERING_MANAGED_PKG|Centify
17:22:00.53 (521801660)|ENTERING_MANAGED_PKG|Centify
17:22:00.53 (521912561)|ENTERING_MANAGED_PKG|Centify
17:22:00.53 (522020114)|ENTERING_MANAGED_PKG|Centify
17:22:00.53 (522126988)|ENTERING_MANAGED_PKG|Centify
17:22:00.53 (522235285)|ENTERING_MANAGED_PKG|Centify
17:22:00.53 (522274271)|ENTERING_MANAGED_PKG|Centify
17:22:00.53 (522306775)|ENTERING_MANAGED_PKG|Centify
17:22:00.53 (522329214)|ENTERING_MANAGED_PKG|Centify
17:22:00.53 (522379337)|ENTERING_MANAGED_PKG|Centify
17:22:00.53 (522429499)|ENTERING_MANAGED_PKG|Centify
17:22:00.53 (523580747)|ENTERING_MANAGED_PKG|Centify
17:22:00.53 (523611308)|ENTERING_MANAGED_PKG|Centify
17:22:00.53 (523634747)|ENTERING_MANAGED_PKG|Centify
17:22:00.53 (523700436)|ENTERING_MANAGED_PKG|Centify
17:22:00.53 (523764067)|ENTERING_MANAGED_PKG|Centify
17:22:00.53 (523815698)|ENTERING_MANAGED_PKG|Centify
17:22:00.53 (524117719)|ENTERING_MANAGED_PKG|Centify
17:22:00.53 (525137592)|ENTERING_MANAGED_PKG|Centify
17:22:00.53 (525200699)|ENTERING_MANAGED_PKG|Centify
17:22:00.53 (525358099)|ENTERING_MANAGED_PKG|Centify
17:22:00.53 (578032764)|ENTERING_MANAGED_PKG|Centify
17:22:00.53 (578135472)|ENTERING_MANAGED_PKG|Centify
17:22:00.53 (578240391)|ENTERING_MANAGED_PKG|Centify
17:22:00.53 (614946043)|ENTERING_MANAGED_PKG|Centify
17:22:00.53 (615040302)|ENTERING_MANAGED_PKG|Centify
17:22:00.53 (615138061)|ENTERING_MANAGED_PKG|Centify
17:22:00.53 (651632749)|ENTERING_MANAGED_PKG|Centify
17:22:00.53 (651769809)|ENTERING_MANAGED_PKG|Centify
17:22:00.53 (651885759)|ENTERING_MANAGED_PKG|Centify
17:22:00.53 (699986818)|ENTERING_MANAGED_PKG|Centify
17:22:00.53 (700139809)|ENTERING_MANAGED_PKG|Centify
17:22:00.53 (700293089)|ENTERING_MANAGED_PKG|Centify
17:22:00.53 (732202228)|ENTERING_MANAGED_PKG|Centify
17:22:00.53 (732306494)|ENTERING_MANAGED_PKG|Centify
17:22:00.53 (732413501)|ENTERING_MANAGED_PKG|Centify
17:22:00.53 (763866287)|ENTERING_MANAGED_PKG|Centify
17:22:00.53 (763971060)|ENTERING_MANAGED_PKG|Centify
17:22:00.53 (764071995)|ENTERING_MANAGED_PKG|Centify
17:22:00.53 (788662849)|ENTERING_MANAGED_PKG|Centify
17:22:00.53 (788754506)|ENTERING_MANAGED_PKG|Centify
17:22:00.53 (788880124)|ENTERING_MANAGED_PKG|Centify
17:22:00.53 (815889945)|ENTERING_MANAGED_PKG|Centify
17:22:00.53 (816056865)|ENTERING_MANAGED_PKG|Centify
17:22:00.53 (816118540)|ENTERING_MANAGED_PKG|Centify
17:22:00.53 (816164830)|ENTERING_MANAGED_PKG|Centify
17:22:00.53 (816232485)|ENTERING_MANAGED_PKG|Centify
17:22:00.53 (816340759)|ENTERING_MANAGED_PKG|Centify
17:22:00.53 (817010261)|SOQL_EXECUTE_BEGIN|[28]|Aggregations:0|SELECT Id FROM ApexClass WHERE Name = :tmpVar1
17:22:00.53 (823320600)|SOQL_EXECUTE_END|[28]|Rows:1
17:22:00.53 (823841014)|SOQL_EXECUTE_BEGIN|[49]|Aggregations:0|SELECT COUNT() FROM AsyncApexJob WHERE (ApexClassId = :tmpVar1 AND Status IN ('Queued', 'Holding', 'Preparing', 'Processing'))
17:22:00.53 (826790895)|SOQL_EXECUTE_END|[49]|Rows:1
17:22:00.53 (826889816)|ENTERING_MANAGED_PKG|Centify
17:22:00.53 (829178912)|ENTERING_MANAGED_PKG|Centify
17:22:00.53 (829239604)|ENTERING_MANAGED_PKG|Centify
17:22:00.53 (829338694)|ENTERING_MANAGED_PKG|Centify
17:22:00.53 (852784500)|ENTERING_MANAGED_PKG|Centify
17:22:00.53 (855769081)|ENTERING_MANAGED_PKG|Centify
17:22:00.53 (855885964)|ENTERING_MANAGED_PKG|Centify
17:22:00.53 (856033507)|ENTERING_MANAGED_PKG|Centify
17:22:00.53 (857981282)|ENTERING_MANAGED_PKG|Centify
17:22:00.53 (858019510)|ENTERING_MANAGED_PKG|Centify
17:22:00.53 (858076002)|ENTERING_MANAGED_PKG|Centify
17:22:00.53 (858645075)|ENTERING_MANAGED_PKG|Centify
17:22:00.53 (860649845)|SOQL_EXECUTE_BEGIN|[16]|Aggregations:0|SELECT Id, CronExpression, CronJobDetail.Name FROM CronTrigger WHERE CronJobDetail.Name LIKE '%Spinify%'
17:22:00.53 (865832126)|SOQL_EXECUTE_END|[16]|Rows:10
17:22:00.53 (866180518)|ENTERING_MANAGED_PKG|Centify
17:22:00.53 (866285917)|ENTERING_MANAGED_PKG|Centify
17:22:00.53 (866340572)|ENTERING_MANAGED_PKG|Centify
17:22:00.53 (866606817)|ENTERING_MANAGED_PKG|Centify
17:22:00.53 (866693820)|ENTERING_MANAGED_PKG|Centify
17:22:00.53 (866765447)|ENTERING_MANAGED_PKG|Centify
17:22:00.53 (866857035)|ENTERING_MANAGED_PKG|Centify
17:22:00.53 (867733362)|ENTERING_MANAGED_PKG|Centify
17:22:00.926 (926776761)|CUMULATIVE_LIMIT_USAGE
17:22:00.926 (926776761)|LIMIT_USAGE_FOR_NS|(default)|
  Number of SOQL queries: 0 out of 100
  Number of query rows: 0 out of 50000
  Number of SOSL queries: 0 out of 20
  Number of DML statements: 0 out of 150
  Number of DML rows: 0 out of 10000
  Maximum CPU time: 423 out of 10000
  Maximum heap size: 0 out of 6000000
  Number of callouts: 0 out of 100
  Number of Email Invocations: 0 out of 10
  Number of future calls: 0 out of 50
  Number of queueable jobs added to the queue: 0 out of 50
  Number of Mobile Apex push calls: 0 out of 10

17:22:00.926 (926776761)|LIMIT_USAGE_FOR_NS|Centify|
  Number of SOQL queries: 5 out of 100
  Number of query rows: 14 out of 50000
  Number of SOSL queries: 0 out of 20
  Number of DML statements: 1 out of 150
  Number of DML rows: 1 out of 10000
  Maximum CPU time: 0 out of 10000
  Maximum heap size: 0 out of 6000000
  Number of callouts: 0 out of 100
  Number of Email Invocations: 0 out of 10
  Number of future calls: 0 out of 50
  Number of queueable jobs added to the queue: 0 out of 50
  Number of Mobile Apex push calls: 0 out of 10

17:22:00.926 (926776761)|CUMULATIVE_LIMIT_USAGE_END

