37.0 APEX_CODE,FINEST;APEX_PROFILING,INFO;CALLOUT,INFO;DB,INFO;NBA,INFO;SYSTEM,DEBUG;VALIDATION,INFO;VISUALFORCE,INFO;WAVE,INFO;WORKFLOW,INFO
11:49:09.14 (14546707)|ENTERING_MANAGED_PKG|Centify
11:49:09.14 (15278906)|ENTERING_MANAGED_PKG|Centify
11:49:09.14 (15336488)|ENTERING_MANAGED_PKG|Centify
11:49:09.14 (15726452)|ENTERING_MANAGED_PKG|Centify
11:49:09.14 (15770202)|ENTERING_MANAGED_PKG|Centify
11:49:09.14 (21612827)|ENTERING_MANAGED_PKG|Centify
11:49:09.14 (21711438)|ENTERING_MANAGED_PKG|Centify
11:49:09.14 (24297950)|ENTERING_MANAGED_PKG|Centify
11:49:09.14 (24757529)|ENTERING_MANAGED_PKG|Centify
11:49:09.14 (24887159)|ENTERING_MANAGED_PKG|Centify
11:49:09.14 (24931004)|ENTERING_MANAGED_PKG|Centify
11:49:09.14 (29222454)|ENTERING_MANAGED_PKG|Centify
11:49:09.14 (29285143)|ENTERING_MANAGED_PKG|Centify
11:49:09.14 (29465116)|ENTERING_MANAGED_PKG|Centify
11:49:09.14 (31519862)|ENTERING_MANAGED_PKG|Centify
11:49:09.14 (31555892)|ENTERING_MANAGED_PKG|Centify
11:49:09.14 (31646812)|ENTERING_MANAGED_PKG|Centify
11:49:09.14 (32349580)|ENTERING_MANAGED_PKG|Centify
11:49:09.14 (33481038)|ENTERING_MANAGED_PKG|Centify
11:49:09.14 (33516811)|ENTERING_MANAGED_PKG|Centify
11:49:09.14 (33567177)|ENTERING_MANAGED_PKG|Centify
11:49:09.14 (34086506)|ENTERING_MANAGED_PKG|Centify
11:49:09.14 (34118262)|ENTERING_MANAGED_PKG|Centify
11:49:09.14 (34169800)|ENTERING_MANAGED_PKG|Centify
11:49:09.14 (34793711)|ENTERING_MANAGED_PKG|Centify
11:49:09.14 (37292635)|ENTERING_MANAGED_PKG|Centify
11:49:09.14 (39131427)|ENTERING_MANAGED_PKG|Centify
11:49:09.14 (39230861)|ENTERING_MANAGED_PKG|Centify
11:49:09.14 (40618002)|ENTERING_MANAGED_PKG|Centify
11:49:09.14 (40654093)|ENTERING_MANAGED_PKG|Centify
11:49:09.14 (40703856)|ENTERING_MANAGED_PKG|Centify
11:49:09.14 (40767118)|ENTERING_MANAGED_PKG|Centify
11:49:09.14 (40912268)|ENTERING_MANAGED_PKG|Centify
11:49:09.14 (42488057)|SOQL_EXECUTE_BEGIN|[28]|Aggregations:0|SELECT Id FROM ApexClass WHERE Name = :tmpVar1
11:49:09.14 (48980034)|SOQL_EXECUTE_END|[28]|Rows:1
11:49:09.14 (49486109)|SOQL_EXECUTE_BEGIN|[49]|Aggregations:0|SELECT COUNT() FROM AsyncApexJob WHERE (ApexClassId = :tmpVar1 AND Status IN ('Queued', 'Holding', 'Preparing', 'Processing'))
11:49:09.14 (53203614)|SOQL_EXECUTE_END|[49]|Rows:1
11:49:09.14 (53276440)|ENTERING_MANAGED_PKG|Centify
11:49:09.14 (59639957)|ENTERING_MANAGED_PKG|Centify
11:49:09.14 (61190272)|ENTERING_MANAGED_PKG|Centify
11:49:09.14 (61760217)|ENTERING_MANAGED_PKG|Centify
11:49:09.14 (61886777)|ENTERING_MANAGED_PKG|Centify
11:49:09.14 (61931070)|ENTERING_MANAGED_PKG|Centify
11:49:09.14 (82942595)|ENTERING_MANAGED_PKG|Centify
11:49:09.14 (83125619)|ENTERING_MANAGED_PKG|Centify
11:49:09.14 (89342344)|ENTERING_MANAGED_PKG|Centify
11:49:09.14 (91168501)|ENTERING_MANAGED_PKG|Centify
11:49:09.14 (92104824)|ENTERING_MANAGED_PKG|Centify
11:49:09.14 (93328536)|ENTERING_MANAGED_PKG|Centify
11:49:09.14 (93417965)|ENTERING_MANAGED_PKG|Centify
11:49:09.14 (95327434)|ENTERING_MANAGED_PKG|Centify
11:49:09.14 (95468590)|ENTERING_MANAGED_PKG|Centify
11:49:09.14 (95528566)|ENTERING_MANAGED_PKG|Centify
11:49:09.14 (95736222)|ENTERING_MANAGED_PKG|Centify
11:49:09.14 (95963088)|ENTERING_MANAGED_PKG|Centify
11:49:09.14 (96101476)|ENTERING_MANAGED_PKG|Centify
11:49:09.14 (96273827)|ENTERING_MANAGED_PKG|Centify
11:49:09.14 (96445233)|ENTERING_MANAGED_PKG|Centify
11:49:09.14 (96631216)|ENTERING_MANAGED_PKG|Centify
11:49:09.14 (96820987)|ENTERING_MANAGED_PKG|Centify
11:49:09.14 (97018440)|ENTERING_MANAGED_PKG|Centify
11:49:09.14 (97139511)|ENTERING_MANAGED_PKG|Centify
11:49:09.14 (97249759)|ENTERING_MANAGED_PKG|Centify
11:49:09.14 (97400544)|ENTERING_MANAGED_PKG|Centify
11:49:09.14 (97539082)|ENTERING_MANAGED_PKG|Centify
11:49:09.14 (97653026)|ENTERING_MANAGED_PKG|Centify
11:49:09.14 (97766817)|ENTERING_MANAGED_PKG|Centify
11:49:09.14 (97947193)|ENTERING_MANAGED_PKG|Centify
11:49:09.14 (98177377)|ENTERING_MANAGED_PKG|Centify
11:49:09.14 (98306973)|ENTERING_MANAGED_PKG|Centify
11:49:09.14 (98416824)|ENTERING_MANAGED_PKG|Centify
11:49:09.14 (98545299)|ENTERING_MANAGED_PKG|Centify
11:49:09.14 (98659583)|ENTERING_MANAGED_PKG|Centify
11:49:09.14 (98766036)|ENTERING_MANAGED_PKG|Centify
11:49:09.14 (98871027)|ENTERING_MANAGED_PKG|Centify
11:49:09.14 (98975943)|ENTERING_MANAGED_PKG|Centify
11:49:09.14 (99079950)|ENTERING_MANAGED_PKG|Centify
11:49:09.14 (99185995)|ENTERING_MANAGED_PKG|Centify
11:49:09.14 (99291956)|ENTERING_MANAGED_PKG|Centify
11:49:09.14 (99398315)|ENTERING_MANAGED_PKG|Centify
11:49:09.14 (99513092)|ENTERING_MANAGED_PKG|Centify
11:49:09.14 (99627611)|ENTERING_MANAGED_PKG|Centify
11:49:09.14 (99745080)|ENTERING_MANAGED_PKG|Centify
11:49:09.14 (99810220)|ENTERING_MANAGED_PKG|Centify
11:49:09.14 (99863394)|ENTERING_MANAGED_PKG|Centify
11:49:09.14 (99900792)|ENTERING_MANAGED_PKG|Centify
11:49:09.14 (100003365)|ENTERING_MANAGED_PKG|Centify
11:49:09.14 (100055381)|ENTERING_MANAGED_PKG|Centify
11:49:09.14 (101741417)|ENTERING_MANAGED_PKG|Centify
11:49:09.14 (101778519)|ENTERING_MANAGED_PKG|Centify
11:49:09.14 (101829668)|ENTERING_MANAGED_PKG|Centify
11:49:09.14 (101907786)|ENTERING_MANAGED_PKG|Centify
11:49:09.14 (102068247)|ENTERING_MANAGED_PKG|Centify
11:49:09.14 (102190106)|ENTERING_MANAGED_PKG|Centify
11:49:09.14 (150874865)|ENTERING_MANAGED_PKG|Centify
11:49:09.14 (150944066)|ENTERING_MANAGED_PKG|Centify
11:49:09.14 (165013931)|ENTERING_MANAGED_PKG|Centify
11:49:09.14 (165068107)|ENTERING_MANAGED_PKG|Centify
11:49:09.14 (165172712)|ENTERING_MANAGED_PKG|Centify
11:49:09.14 (165199340)|ENTERING_MANAGED_PKG|Centify
11:49:09.14 (171703784)|ENTERING_MANAGED_PKG|Centify
11:49:09.14 (171949648)|ENTERING_MANAGED_PKG|Centify
11:49:09.14 (172492936)|ENTERING_MANAGED_PKG|Centify
11:49:09.14 (173121772)|ENTERING_MANAGED_PKG|Centify
11:49:09.14 (173164929)|ENTERING_MANAGED_PKG|Centify
11:49:09.14 (173252914)|ENTERING_MANAGED_PKG|Centify
11:49:09.14 (173292030)|ENTERING_MANAGED_PKG|Centify
11:49:09.14 (173394764)|ENTERING_MANAGED_PKG|Centify
11:49:09.14 (173530991)|ENTERING_MANAGED_PKG|Centify
11:49:09.14 (173644124)|ENTERING_MANAGED_PKG|Centify
11:49:09.14 (173752132)|ENTERING_MANAGED_PKG|Centify
11:49:09.14 (173860798)|ENTERING_MANAGED_PKG|Centify
11:49:09.14 (173969062)|ENTERING_MANAGED_PKG|Centify
11:49:09.14 (174080253)|ENTERING_MANAGED_PKG|Centify
11:49:09.14 (174248965)|ENTERING_MANAGED_PKG|Centify
11:49:09.14 (174361286)|ENTERING_MANAGED_PKG|Centify
11:49:09.14 (174474864)|ENTERING_MANAGED_PKG|Centify
11:49:09.14 (174585287)|ENTERING_MANAGED_PKG|Centify
11:49:09.14 (174694697)|ENTERING_MANAGED_PKG|Centify
11:49:09.14 (174806520)|ENTERING_MANAGED_PKG|Centify
11:49:09.14 (174915185)|ENTERING_MANAGED_PKG|Centify
11:49:09.14 (175024407)|ENTERING_MANAGED_PKG|Centify
11:49:09.14 (175134416)|ENTERING_MANAGED_PKG|Centify
11:49:09.14 (175243450)|ENTERING_MANAGED_PKG|Centify
11:49:09.14 (175351331)|ENTERING_MANAGED_PKG|Centify
11:49:09.14 (175533773)|ENTERING_MANAGED_PKG|Centify
11:49:09.14 (175661698)|ENTERING_MANAGED_PKG|Centify
11:49:09.14 (175786959)|ENTERING_MANAGED_PKG|Centify
11:49:09.14 (175912765)|ENTERING_MANAGED_PKG|Centify
11:49:09.14 (176037633)|ENTERING_MANAGED_PKG|Centify
11:49:09.14 (176145716)|ENTERING_MANAGED_PKG|Centify
11:49:09.14 (176252841)|ENTERING_MANAGED_PKG|Centify
11:49:09.14 (176359019)|ENTERING_MANAGED_PKG|Centify
11:49:09.14 (176487208)|ENTERING_MANAGED_PKG|Centify
11:49:09.14 (176611869)|ENTERING_MANAGED_PKG|Centify
11:49:09.14 (176735389)|ENTERING_MANAGED_PKG|Centify
11:49:09.14 (176884676)|ENTERING_MANAGED_PKG|Centify
11:49:09.14 (177034140)|ENTERING_MANAGED_PKG|Centify
11:49:09.14 (177161507)|ENTERING_MANAGED_PKG|Centify
11:49:09.14 (177285630)|ENTERING_MANAGED_PKG|Centify
11:49:09.14 (177409154)|ENTERING_MANAGED_PKG|Centify
11:49:09.14 (177538277)|ENTERING_MANAGED_PKG|Centify
11:49:09.14 (177653889)|ENTERING_MANAGED_PKG|Centify
11:49:09.14 (177764319)|ENTERING_MANAGED_PKG|Centify
11:49:09.14 (177876787)|ENTERING_MANAGED_PKG|Centify
11:49:09.14 (177983474)|ENTERING_MANAGED_PKG|Centify
11:49:09.14 (178089869)|ENTERING_MANAGED_PKG|Centify
11:49:09.14 (178196799)|ENTERING_MANAGED_PKG|Centify
11:49:09.14 (178303825)|ENTERING_MANAGED_PKG|Centify
11:49:09.14 (178408239)|ENTERING_MANAGED_PKG|Centify
11:49:09.14 (178520882)|ENTERING_MANAGED_PKG|Centify
11:49:09.14 (178627059)|ENTERING_MANAGED_PKG|Centify
11:49:09.14 (178732298)|ENTERING_MANAGED_PKG|Centify
11:49:09.14 (178839982)|ENTERING_MANAGED_PKG|Centify
11:49:09.14 (178947993)|ENTERING_MANAGED_PKG|Centify
11:49:09.14 (179056704)|ENTERING_MANAGED_PKG|Centify
11:49:09.14 (179205284)|ENTERING_MANAGED_PKG|Centify
11:49:09.14 (179327500)|ENTERING_MANAGED_PKG|Centify
11:49:09.14 (179436496)|ENTERING_MANAGED_PKG|Centify
11:49:09.14 (179551380)|ENTERING_MANAGED_PKG|Centify
11:49:09.14 (179659738)|ENTERING_MANAGED_PKG|Centify
11:49:09.14 (179913016)|ENTERING_MANAGED_PKG|Centify
11:49:09.14 (179956430)|ENTERING_MANAGED_PKG|Centify
11:49:09.14 (180061278)|ENTERING_MANAGED_PKG|Centify
11:49:09.14 (180118410)|ENTERING_MANAGED_PKG|Centify
11:49:09.14 (180185042)|ENTERING_MANAGED_PKG|Centify
11:49:09.14 (180232232)|ENTERING_MANAGED_PKG|Centify
11:49:09.14 (180260733)|ENTERING_MANAGED_PKG|Centify
11:49:09.14 (180544824)|ENTERING_MANAGED_PKG|Centify
11:49:09.14 (180572544)|ENTERING_MANAGED_PKG|Centify
11:49:09.14 (180589812)|ENTERING_MANAGED_PKG|Centify
11:49:09.14 (180690715)|ENTERING_MANAGED_PKG|Centify
11:49:09.14 (180817063)|ENTERING_MANAGED_PKG|Centify
11:49:09.14 (180837849)|ENTERING_MANAGED_PKG|Centify
11:49:09.14 (180860940)|ENTERING_MANAGED_PKG|Centify
11:49:09.14 (180872283)|ENTERING_MANAGED_PKG|Centify
11:49:09.14 (181202266)|ENTERING_MANAGED_PKG|Centify
11:49:09.14 (181235292)|ENTERING_MANAGED_PKG|Centify
11:49:09.14 (181247796)|ENTERING_MANAGED_PKG|Centify
11:49:09.14 (181324176)|ENTERING_MANAGED_PKG|Centify
11:49:09.14 (181448675)|ENTERING_MANAGED_PKG|Centify
11:49:09.14 (181475259)|ENTERING_MANAGED_PKG|Centify
11:49:09.14 (181498757)|ENTERING_MANAGED_PKG|Centify
11:49:09.14 (181510412)|ENTERING_MANAGED_PKG|Centify
11:49:09.14 (181994050)|ENTERING_MANAGED_PKG|Centify
11:49:09.14 (182019951)|ENTERING_MANAGED_PKG|Centify
11:49:09.14 (182032078)|ENTERING_MANAGED_PKG|Centify
11:49:09.14 (182107140)|ENTERING_MANAGED_PKG|Centify
11:49:09.14 (182234370)|ENTERING_MANAGED_PKG|Centify
11:49:09.14 (182256303)|ENTERING_MANAGED_PKG|Centify
11:49:09.14 (182279202)|ENTERING_MANAGED_PKG|Centify
11:49:09.14 (182291314)|ENTERING_MANAGED_PKG|Centify
11:49:09.14 (182919978)|ENTERING_MANAGED_PKG|Centify
11:49:09.14 (182946509)|ENTERING_MANAGED_PKG|Centify
11:49:09.14 (182958254)|ENTERING_MANAGED_PKG|Centify
11:49:09.14 (183034440)|ENTERING_MANAGED_PKG|Centify
11:49:09.14 (183160253)|ENTERING_MANAGED_PKG|Centify
11:49:09.14 (183181605)|ENTERING_MANAGED_PKG|Centify
11:49:09.14 (183204092)|ENTERING_MANAGED_PKG|Centify
11:49:09.14 (183216045)|ENTERING_MANAGED_PKG|Centify
11:49:09.14 (183822986)|ENTERING_MANAGED_PKG|Centify
11:49:09.14 (183846312)|ENTERING_MANAGED_PKG|Centify
11:49:09.14 (183857866)|ENTERING_MANAGED_PKG|Centify
11:49:09.14 (183930137)|ENTERING_MANAGED_PKG|Centify
11:49:09.14 (184044051)|ENTERING_MANAGED_PKG|Centify
11:49:09.14 (184153139)|ENTERING_MANAGED_PKG|Centify
11:49:09.14 (184260072)|ENTERING_MANAGED_PKG|Centify
11:49:09.14 (184375936)|ENTERING_MANAGED_PKG|Centify
11:49:09.14 (184397673)|ENTERING_MANAGED_PKG|Centify
11:49:09.14 (184419661)|ENTERING_MANAGED_PKG|Centify
11:49:09.14 (184430679)|ENTERING_MANAGED_PKG|Centify
11:49:09.14 (185188936)|ENTERING_MANAGED_PKG|Centify
11:49:09.14 (185214852)|ENTERING_MANAGED_PKG|Centify
11:49:09.14 (185226777)|ENTERING_MANAGED_PKG|Centify
11:49:09.14 (185307891)|ENTERING_MANAGED_PKG|Centify
11:49:09.14 (185465515)|ENTERING_MANAGED_PKG|Centify
11:49:09.14 (185494048)|ENTERING_MANAGED_PKG|Centify
11:49:09.14 (185517334)|ENTERING_MANAGED_PKG|Centify
11:49:09.14 (185529515)|ENTERING_MANAGED_PKG|Centify
11:49:09.14 (186358130)|ENTERING_MANAGED_PKG|Centify
11:49:09.14 (186382558)|ENTERING_MANAGED_PKG|Centify
11:49:09.14 (186394247)|ENTERING_MANAGED_PKG|Centify
11:49:09.14 (186473163)|ENTERING_MANAGED_PKG|Centify
11:49:09.14 (186598563)|ENTERING_MANAGED_PKG|Centify
11:49:09.14 (186620109)|ENTERING_MANAGED_PKG|Centify
11:49:09.14 (186642817)|ENTERING_MANAGED_PKG|Centify
11:49:09.14 (186654003)|ENTERING_MANAGED_PKG|Centify
11:49:09.14 (187501898)|ENTERING_MANAGED_PKG|Centify
11:49:09.14 (187525576)|ENTERING_MANAGED_PKG|Centify
11:49:09.14 (187536970)|ENTERING_MANAGED_PKG|Centify
11:49:09.14 (187609299)|ENTERING_MANAGED_PKG|Centify
11:49:09.14 (187732124)|ENTERING_MANAGED_PKG|Centify
11:49:09.14 (187752929)|ENTERING_MANAGED_PKG|Centify
11:49:09.14 (187774823)|ENTERING_MANAGED_PKG|Centify
11:49:09.14 (187786662)|ENTERING_MANAGED_PKG|Centify
11:49:09.14 (188722919)|ENTERING_MANAGED_PKG|Centify
11:49:09.14 (188746351)|ENTERING_MANAGED_PKG|Centify
11:49:09.14 (188757582)|ENTERING_MANAGED_PKG|Centify
11:49:09.14 (188829513)|ENTERING_MANAGED_PKG|Centify
11:49:09.14 (188952246)|ENTERING_MANAGED_PKG|Centify
11:49:09.14 (188973139)|ENTERING_MANAGED_PKG|Centify
11:49:09.14 (188995387)|ENTERING_MANAGED_PKG|Centify
11:49:09.14 (189006707)|ENTERING_MANAGED_PKG|Centify
11:49:09.14 (190100962)|ENTERING_MANAGED_PKG|Centify
11:49:09.14 (190126843)|ENTERING_MANAGED_PKG|Centify
11:49:09.14 (190138508)|ENTERING_MANAGED_PKG|Centify
11:49:09.14 (190212667)|ENTERING_MANAGED_PKG|Centify
11:49:09.14 (190338013)|ENTERING_MANAGED_PKG|Centify
11:49:09.14 (190359439)|ENTERING_MANAGED_PKG|Centify
11:49:09.14 (190382096)|ENTERING_MANAGED_PKG|Centify
11:49:09.14 (190393886)|ENTERING_MANAGED_PKG|Centify
11:49:09.14 (191520224)|ENTERING_MANAGED_PKG|Centify
11:49:09.14 (191544007)|ENTERING_MANAGED_PKG|Centify
11:49:09.14 (191555194)|ENTERING_MANAGED_PKG|Centify
11:49:09.14 (191625025)|ENTERING_MANAGED_PKG|Centify
11:49:09.14 (191745842)|ENTERING_MANAGED_PKG|Centify
11:49:09.14 (191766780)|ENTERING_MANAGED_PKG|Centify
11:49:09.14 (191788806)|ENTERING_MANAGED_PKG|Centify
11:49:09.14 (191800087)|ENTERING_MANAGED_PKG|Centify
11:49:09.14 (193147822)|ENTERING_MANAGED_PKG|Centify
11:49:09.14 (193176240)|ENTERING_MANAGED_PKG|Centify
11:49:09.14 (193188470)|ENTERING_MANAGED_PKG|Centify
11:49:09.14 (193265614)|ENTERING_MANAGED_PKG|Centify
11:49:09.14 (193392619)|ENTERING_MANAGED_PKG|Centify
11:49:09.14 (193414307)|ENTERING_MANAGED_PKG|Centify
11:49:09.14 (193436665)|ENTERING_MANAGED_PKG|Centify
11:49:09.14 (193448256)|ENTERING_MANAGED_PKG|Centify
11:49:09.14 (194773263)|ENTERING_MANAGED_PKG|Centify
11:49:09.14 (194799887)|ENTERING_MANAGED_PKG|Centify
11:49:09.14 (194811227)|ENTERING_MANAGED_PKG|Centify
11:49:09.14 (194885827)|ENTERING_MANAGED_PKG|Centify
11:49:09.14 (195011821)|ENTERING_MANAGED_PKG|Centify
11:49:09.14 (195032963)|ENTERING_MANAGED_PKG|Centify
11:49:09.14 (195055369)|ENTERING_MANAGED_PKG|Centify
11:49:09.14 (195067429)|ENTERING_MANAGED_PKG|Centify
11:49:09.14 (196485525)|ENTERING_MANAGED_PKG|Centify
11:49:09.14 (196511834)|ENTERING_MANAGED_PKG|Centify
11:49:09.14 (196524445)|ENTERING_MANAGED_PKG|Centify
11:49:09.14 (196598149)|ENTERING_MANAGED_PKG|Centify
11:49:09.14 (196722811)|ENTERING_MANAGED_PKG|Centify
11:49:09.14 (196744861)|ENTERING_MANAGED_PKG|Centify
11:49:09.14 (196769111)|ENTERING_MANAGED_PKG|Centify
11:49:09.14 (196781020)|ENTERING_MANAGED_PKG|Centify
11:49:09.14 (198413346)|ENTERING_MANAGED_PKG|Centify
11:49:09.14 (198442753)|ENTERING_MANAGED_PKG|Centify
11:49:09.14 (198455580)|ENTERING_MANAGED_PKG|Centify
11:49:09.14 (198536448)|ENTERING_MANAGED_PKG|Centify
11:49:09.14 (198573191)|ENTERING_MANAGED_PKG|Centify
11:49:09.14 (198603287)|ENTERING_MANAGED_PKG|Centify
11:49:09.14 (198624362)|ENTERING_MANAGED_PKG|Centify
11:49:09.14 (198838799)|ENTERING_MANAGED_PKG|Centify
11:49:09.14 (198864079)|ENTERING_MANAGED_PKG|Centify
11:49:09.14 (200639733)|ENTERING_MANAGED_PKG|Centify
11:49:09.14 (200669730)|ENTERING_MANAGED_PKG|Centify
11:49:09.14 (200691585)|ENTERING_MANAGED_PKG|Centify
11:49:09.14 (200738795)|ENTERING_MANAGED_PKG|Centify
11:49:09.14 (200851841)|ENTERING_MANAGED_PKG|Centify
11:49:09.14 (200917709)|ENTERING_MANAGED_PKG|Centify
11:49:09.14 (221153140)|ENTERING_MANAGED_PKG|Centify
11:49:09.14 (221196944)|ENTERING_MANAGED_PKG|Centify
11:49:09.14 (221285645)|ENTERING_MANAGED_PKG|Centify
11:49:09.14 (221312044)|ENTERING_MANAGED_PKG|Centify
11:49:09.14 (227652337)|ENTERING_MANAGED_PKG|Centify
11:49:09.14 (227874855)|ENTERING_MANAGED_PKG|Centify
11:49:09.14 (228618024)|ENTERING_MANAGED_PKG|Centify
11:49:09.14 (229260307)|ENTERING_MANAGED_PKG|Centify
11:49:09.14 (229305221)|ENTERING_MANAGED_PKG|Centify
11:49:09.14 (229391725)|ENTERING_MANAGED_PKG|Centify
11:49:09.14 (229432261)|ENTERING_MANAGED_PKG|Centify
11:49:09.14 (229540035)|ENTERING_MANAGED_PKG|Centify
11:49:09.14 (229671121)|ENTERING_MANAGED_PKG|Centify
11:49:09.14 (229782213)|ENTERING_MANAGED_PKG|Centify
11:49:09.14 (229889275)|ENTERING_MANAGED_PKG|Centify
11:49:09.14 (229996607)|ENTERING_MANAGED_PKG|Centify
11:49:09.14 (230103385)|ENTERING_MANAGED_PKG|Centify
11:49:09.14 (230210211)|ENTERING_MANAGED_PKG|Centify
11:49:09.14 (230317075)|ENTERING_MANAGED_PKG|Centify
11:49:09.14 (230425986)|ENTERING_MANAGED_PKG|Centify
11:49:09.14 (230538427)|ENTERING_MANAGED_PKG|Centify
11:49:09.14 (230645120)|ENTERING_MANAGED_PKG|Centify
11:49:09.14 (230752846)|ENTERING_MANAGED_PKG|Centify
11:49:09.14 (230859547)|ENTERING_MANAGED_PKG|Centify
11:49:09.14 (230969098)|ENTERING_MANAGED_PKG|Centify
11:49:09.14 (231065989)|ENTERING_MANAGED_PKG|Centify
11:49:09.14 (231171923)|ENTERING_MANAGED_PKG|Centify
11:49:09.14 (231285288)|ENTERING_MANAGED_PKG|Centify
11:49:09.14 (231392145)|ENTERING_MANAGED_PKG|Centify
11:49:09.14 (231516620)|ENTERING_MANAGED_PKG|Centify
11:49:09.14 (231623136)|ENTERING_MANAGED_PKG|Centify
11:49:09.14 (231727238)|ENTERING_MANAGED_PKG|Centify
11:49:09.14 (231830919)|ENTERING_MANAGED_PKG|Centify
11:49:09.14 (231934660)|ENTERING_MANAGED_PKG|Centify
11:49:09.14 (232042325)|ENTERING_MANAGED_PKG|Centify
11:49:09.14 (232149798)|ENTERING_MANAGED_PKG|Centify
11:49:09.14 (232255689)|ENTERING_MANAGED_PKG|Centify
11:49:09.14 (232363173)|ENTERING_MANAGED_PKG|Centify
11:49:09.14 (232473922)|ENTERING_MANAGED_PKG|Centify
11:49:09.14 (232584563)|ENTERING_MANAGED_PKG|Centify
11:49:09.14 (232690585)|ENTERING_MANAGED_PKG|Centify
11:49:09.14 (232725507)|ENTERING_MANAGED_PKG|Centify
11:49:09.14 (232756788)|ENTERING_MANAGED_PKG|Centify
11:49:09.14 (232777751)|ENTERING_MANAGED_PKG|Centify
11:49:09.14 (232823087)|ENTERING_MANAGED_PKG|Centify
11:49:09.14 (232859642)|ENTERING_MANAGED_PKG|Centify
11:49:09.14 (234364406)|ENTERING_MANAGED_PKG|Centify
11:49:09.14 (234394137)|ENTERING_MANAGED_PKG|Centify
11:49:09.14 (234416727)|ENTERING_MANAGED_PKG|Centify
11:49:09.14 (234465320)|ENTERING_MANAGED_PKG|Centify
11:49:09.14 (234575203)|ENTERING_MANAGED_PKG|Centify
11:49:09.14 (234638239)|ENTERING_MANAGED_PKG|Centify
11:49:09.14 (251518790)|ENTERING_MANAGED_PKG|Centify
11:49:09.14 (251562866)|ENTERING_MANAGED_PKG|Centify
11:49:09.14 (265262193)|ENTERING_MANAGED_PKG|Centify
11:49:09.14 (265335432)|ENTERING_MANAGED_PKG|Centify
11:49:09.14 (278600244)|ENTERING_MANAGED_PKG|Centify
11:49:09.14 (278640512)|ENTERING_MANAGED_PKG|Centify
11:49:09.14 (292386496)|ENTERING_MANAGED_PKG|Centify
11:49:09.14 (292527734)|ENTERING_MANAGED_PKG|Centify
11:49:09.14 (292624313)|ENTERING_MANAGED_PKG|Centify
11:49:09.14 (292724421)|ENTERING_MANAGED_PKG|Centify
11:49:09.14 (292864095)|ENTERING_MANAGED_PKG|Centify
11:49:09.14 (292944471)|ENTERING_MANAGED_PKG|Centify
11:49:09.14 (293022215)|ENTERING_MANAGED_PKG|Centify
11:49:09.14 (293098026)|ENTERING_MANAGED_PKG|Centify
11:49:09.14 (293261336)|ENTERING_MANAGED_PKG|Centify
11:49:09.14 (293394388)|ENTERING_MANAGED_PKG|Centify
11:49:09.14 (293530586)|ENTERING_MANAGED_PKG|Centify
11:49:09.14 (293563943)|ENTERING_MANAGED_PKG|Centify
11:49:09.14 (293631971)|ENTERING_MANAGED_PKG|Centify
11:49:09.14 (293655309)|ENTERING_MANAGED_PKG|Centify
11:49:09.14 (299922154)|ENTERING_MANAGED_PKG|Centify
11:49:09.14 (300131488)|ENTERING_MANAGED_PKG|Centify
11:49:09.14 (300826055)|ENTERING_MANAGED_PKG|Centify
11:49:09.14 (301416070)|ENTERING_MANAGED_PKG|Centify
11:49:09.14 (301466590)|ENTERING_MANAGED_PKG|Centify
11:49:09.14 (301554415)|ENTERING_MANAGED_PKG|Centify
11:49:09.14 (301593858)|ENTERING_MANAGED_PKG|Centify
11:49:09.14 (301695415)|ENTERING_MANAGED_PKG|Centify
11:49:09.14 (301830816)|ENTERING_MANAGED_PKG|Centify
11:49:09.14 (301946503)|ENTERING_MANAGED_PKG|Centify
11:49:09.14 (302081370)|ENTERING_MANAGED_PKG|Centify
11:49:09.14 (302197684)|ENTERING_MANAGED_PKG|Centify
11:49:09.14 (302306117)|ENTERING_MANAGED_PKG|Centify
11:49:09.14 (302446832)|ENTERING_MANAGED_PKG|Centify
11:49:09.14 (302576876)|ENTERING_MANAGED_PKG|Centify
11:49:09.14 (302687035)|ENTERING_MANAGED_PKG|Centify
11:49:09.14 (302854264)|ENTERING_MANAGED_PKG|Centify
11:49:09.14 (303782714)|ENTERING_MANAGED_PKG|Centify
11:49:09.14 (303966930)|ENTERING_MANAGED_PKG|Centify
11:49:09.14 (304121341)|ENTERING_MANAGED_PKG|Centify
11:49:09.14 (304269637)|ENTERING_MANAGED_PKG|Centify
11:49:09.14 (304420976)|ENTERING_MANAGED_PKG|Centify
11:49:09.14 (304571585)|ENTERING_MANAGED_PKG|Centify
11:49:09.14 (304731554)|ENTERING_MANAGED_PKG|Centify
11:49:09.14 (304890465)|ENTERING_MANAGED_PKG|Centify
11:49:09.14 (305041704)|ENTERING_MANAGED_PKG|Centify
11:49:09.14 (305192741)|ENTERING_MANAGED_PKG|Centify
11:49:09.14 (305339004)|ENTERING_MANAGED_PKG|Centify
11:49:09.14 (305486206)|ENTERING_MANAGED_PKG|Centify
11:49:09.14 (305637889)|ENTERING_MANAGED_PKG|Centify
11:49:09.14 (305785687)|ENTERING_MANAGED_PKG|Centify
11:49:09.14 (305933851)|ENTERING_MANAGED_PKG|Centify
11:49:09.14 (306079672)|ENTERING_MANAGED_PKG|Centify
11:49:09.14 (306226002)|ENTERING_MANAGED_PKG|Centify
11:49:09.14 (306371738)|ENTERING_MANAGED_PKG|Centify
11:49:09.14 (306520132)|ENTERING_MANAGED_PKG|Centify
11:49:09.14 (306670792)|ENTERING_MANAGED_PKG|Centify
11:49:09.14 (306820608)|ENTERING_MANAGED_PKG|Centify
11:49:09.14 (306971096)|ENTERING_MANAGED_PKG|Centify
11:49:09.14 (307024350)|ENTERING_MANAGED_PKG|Centify
11:49:09.14 (307067622)|ENTERING_MANAGED_PKG|Centify
11:49:09.14 (307097393)|ENTERING_MANAGED_PKG|Centify
11:49:09.14 (307162382)|ENTERING_MANAGED_PKG|Centify
11:49:09.14 (307216020)|ENTERING_MANAGED_PKG|Centify
11:49:09.14 (309332385)|ENTERING_MANAGED_PKG|Centify
11:49:09.14 (309370439)|ENTERING_MANAGED_PKG|Centify
11:49:09.14 (309400547)|ENTERING_MANAGED_PKG|Centify
11:49:09.14 (309460598)|ENTERING_MANAGED_PKG|Centify
11:49:09.14 (309611758)|ENTERING_MANAGED_PKG|Centify
11:49:09.14 (309697268)|ENTERING_MANAGED_PKG|Centify
11:49:09.14 (349794918)|ENTERING_MANAGED_PKG|Centify
11:49:09.14 (349846137)|ENTERING_MANAGED_PKG|Centify
11:49:09.14 (370957377)|ENTERING_MANAGED_PKG|Centify
11:49:09.14 (371044892)|ENTERING_MANAGED_PKG|Centify
11:49:09.14 (381621433)|ENTERING_MANAGED_PKG|Centify
11:49:09.14 (381662772)|ENTERING_MANAGED_PKG|Centify
11:49:09.14 (391557253)|ENTERING_MANAGED_PKG|Centify
11:49:09.14 (391677924)|ENTERING_MANAGED_PKG|Centify
11:49:09.14 (391777134)|ENTERING_MANAGED_PKG|Centify
11:49:09.14 (391873915)|ENTERING_MANAGED_PKG|Centify
11:49:09.14 (391996598)|ENTERING_MANAGED_PKG|Centify
11:49:09.14 (392093193)|ENTERING_MANAGED_PKG|Centify
11:49:09.14 (392188581)|ENTERING_MANAGED_PKG|Centify
11:49:09.14 (392282877)|ENTERING_MANAGED_PKG|Centify
11:49:09.14 (392438777)|ENTERING_MANAGED_PKG|Centify
11:49:09.14 (392579120)|ENTERING_MANAGED_PKG|Centify
11:49:09.14 (392726408)|ENTERING_MANAGED_PKG|Centify
11:49:09.14 (392764613)|ENTERING_MANAGED_PKG|Centify
11:49:09.14 (392845993)|ENTERING_MANAGED_PKG|Centify
11:49:09.14 (392875847)|ENTERING_MANAGED_PKG|Centify
11:49:09.14 (401044228)|ENTERING_MANAGED_PKG|Centify
11:49:09.14 (401251610)|ENTERING_MANAGED_PKG|Centify
11:49:09.14 (401735085)|ENTERING_MANAGED_PKG|Centify
11:49:09.14 (402410658)|ENTERING_MANAGED_PKG|Centify
11:49:09.14 (402464128)|ENTERING_MANAGED_PKG|Centify
11:49:09.14 (402575999)|ENTERING_MANAGED_PKG|Centify
11:49:09.14 (402619359)|ENTERING_MANAGED_PKG|Centify
11:49:09.14 (402738558)|ENTERING_MANAGED_PKG|Centify
11:49:09.14 (402895171)|ENTERING_MANAGED_PKG|Centify
11:49:09.14 (403036844)|ENTERING_MANAGED_PKG|Centify
11:49:09.14 (403177770)|ENTERING_MANAGED_PKG|Centify
11:49:09.14 (403316426)|ENTERING_MANAGED_PKG|Centify
11:49:09.14 (403460721)|ENTERING_MANAGED_PKG|Centify
11:49:09.14 (403602520)|ENTERING_MANAGED_PKG|Centify
11:49:09.14 (403741922)|ENTERING_MANAGED_PKG|Centify
11:49:09.14 (403882597)|ENTERING_MANAGED_PKG|Centify
11:49:09.14 (404022754)|ENTERING_MANAGED_PKG|Centify
11:49:09.14 (404163994)|ENTERING_MANAGED_PKG|Centify
11:49:09.14 (404330854)|ENTERING_MANAGED_PKG|Centify
11:49:09.14 (404496343)|ENTERING_MANAGED_PKG|Centify
11:49:09.14 (404658020)|ENTERING_MANAGED_PKG|Centify
11:49:09.14 (404818981)|ENTERING_MANAGED_PKG|Centify
11:49:09.14 (404979223)|ENTERING_MANAGED_PKG|Centify
11:49:09.14 (405141253)|ENTERING_MANAGED_PKG|Centify
11:49:09.14 (405280215)|ENTERING_MANAGED_PKG|Centify
11:49:09.14 (405417638)|ENTERING_MANAGED_PKG|Centify
11:49:09.14 (405563748)|ENTERING_MANAGED_PKG|Centify
11:49:09.14 (405703205)|ENTERING_MANAGED_PKG|Centify
11:49:09.14 (405840830)|ENTERING_MANAGED_PKG|Centify
11:49:09.14 (405978329)|ENTERING_MANAGED_PKG|Centify
11:49:09.14 (406115824)|ENTERING_MANAGED_PKG|Centify
11:49:09.14 (406254269)|ENTERING_MANAGED_PKG|Centify
11:49:09.14 (406390572)|ENTERING_MANAGED_PKG|Centify
11:49:09.14 (406537213)|ENTERING_MANAGED_PKG|Centify
11:49:09.14 (406676205)|ENTERING_MANAGED_PKG|Centify
11:49:09.14 (406814831)|ENTERING_MANAGED_PKG|Centify
11:49:09.14 (406953137)|ENTERING_MANAGED_PKG|Centify
11:49:09.14 (407077728)|ENTERING_MANAGED_PKG|Centify
11:49:09.14 (407206563)|ENTERING_MANAGED_PKG|Centify
11:49:09.14 (407350678)|ENTERING_MANAGED_PKG|Centify
11:49:09.14 (407495821)|ENTERING_MANAGED_PKG|Centify
11:49:09.14 (407636664)|ENTERING_MANAGED_PKG|Centify
11:49:09.14 (407775866)|ENTERING_MANAGED_PKG|Centify
11:49:09.14 (407916020)|ENTERING_MANAGED_PKG|Centify
11:49:09.14 (408055862)|ENTERING_MANAGED_PKG|Centify
11:49:09.14 (408197066)|ENTERING_MANAGED_PKG|Centify
11:49:09.14 (408336775)|ENTERING_MANAGED_PKG|Centify
11:49:09.14 (408481107)|ENTERING_MANAGED_PKG|Centify
11:49:09.14 (408622737)|ENTERING_MANAGED_PKG|Centify
11:49:09.14 (408771468)|ENTERING_MANAGED_PKG|Centify
11:49:09.14 (408845096)|ENTERING_MANAGED_PKG|Centify
11:49:09.14 (408890108)|ENTERING_MANAGED_PKG|Centify
11:49:09.14 (408916771)|ENTERING_MANAGED_PKG|Centify
11:49:09.14 (408945392)|ENTERING_MANAGED_PKG|Centify
11:49:09.14 (408960014)|ENTERING_MANAGED_PKG|Centify
11:49:09.14 (409269192)|ENTERING_MANAGED_PKG|Centify
11:49:09.14 (409298832)|ENTERING_MANAGED_PKG|Centify
11:49:09.14 (409312450)|ENTERING_MANAGED_PKG|Centify
11:49:09.14 (409403473)|ENTERING_MANAGED_PKG|Centify
11:49:09.14 (409560379)|ENTERING_MANAGED_PKG|Centify
11:49:09.14 (409585707)|ENTERING_MANAGED_PKG|Centify
11:49:09.14 (409611488)|ENTERING_MANAGED_PKG|Centify
11:49:09.14 (409626052)|ENTERING_MANAGED_PKG|Centify
11:49:09.14 (410032163)|ENTERING_MANAGED_PKG|Centify
11:49:09.14 (410059139)|ENTERING_MANAGED_PKG|Centify
11:49:09.14 (410072894)|ENTERING_MANAGED_PKG|Centify
11:49:09.14 (410163219)|ENTERING_MANAGED_PKG|Centify
11:49:09.14 (410316102)|ENTERING_MANAGED_PKG|Centify
11:49:09.14 (410342575)|ENTERING_MANAGED_PKG|Centify
11:49:09.14 (410368699)|ENTERING_MANAGED_PKG|Centify
11:49:09.14 (410382787)|ENTERING_MANAGED_PKG|Centify
11:49:09.14 (410928964)|ENTERING_MANAGED_PKG|Centify
11:49:09.14 (410955659)|ENTERING_MANAGED_PKG|Centify
11:49:09.14 (410969890)|ENTERING_MANAGED_PKG|Centify
11:49:09.14 (411057844)|ENTERING_MANAGED_PKG|Centify
11:49:09.14 (411209105)|ENTERING_MANAGED_PKG|Centify
11:49:09.14 (411234714)|ENTERING_MANAGED_PKG|Centify
11:49:09.14 (411261547)|ENTERING_MANAGED_PKG|Centify
11:49:09.14 (411275667)|ENTERING_MANAGED_PKG|Centify
11:49:09.14 (411955819)|ENTERING_MANAGED_PKG|Centify
11:49:09.14 (411982923)|ENTERING_MANAGED_PKG|Centify
11:49:09.14 (411997080)|ENTERING_MANAGED_PKG|Centify
11:49:09.14 (412086740)|ENTERING_MANAGED_PKG|Centify
11:49:09.14 (412238323)|ENTERING_MANAGED_PKG|Centify
11:49:09.14 (412272373)|ENTERING_MANAGED_PKG|Centify
11:49:09.14 (412310845)|ENTERING_MANAGED_PKG|Centify
11:49:09.14 (412326549)|ENTERING_MANAGED_PKG|Centify
11:49:09.14 (413136428)|ENTERING_MANAGED_PKG|Centify
11:49:09.14 (413164365)|ENTERING_MANAGED_PKG|Centify
11:49:09.14 (413177808)|ENTERING_MANAGED_PKG|Centify
11:49:09.14 (413267085)|ENTERING_MANAGED_PKG|Centify
11:49:09.14 (413418062)|ENTERING_MANAGED_PKG|Centify
11:49:09.14 (413447493)|ENTERING_MANAGED_PKG|Centify
11:49:09.14 (413475156)|ENTERING_MANAGED_PKG|Centify
11:49:09.14 (413489484)|ENTERING_MANAGED_PKG|Centify
11:49:09.14 (414410389)|ENTERING_MANAGED_PKG|Centify
11:49:09.14 (414436596)|ENTERING_MANAGED_PKG|Centify
11:49:09.14 (414454201)|ENTERING_MANAGED_PKG|Centify
11:49:09.14 (414543913)|ENTERING_MANAGED_PKG|Centify
11:49:09.14 (414687528)|ENTERING_MANAGED_PKG|Centify
11:49:09.14 (414828002)|ENTERING_MANAGED_PKG|Centify
11:49:09.14 (414968586)|ENTERING_MANAGED_PKG|Centify
11:49:09.14 (415107880)|ENTERING_MANAGED_PKG|Centify
11:49:09.14 (415247053)|ENTERING_MANAGED_PKG|Centify
11:49:09.14 (415384885)|ENTERING_MANAGED_PKG|Centify
11:49:09.14 (415527852)|ENTERING_MANAGED_PKG|Centify
11:49:09.14 (415669471)|ENTERING_MANAGED_PKG|Centify
11:49:09.14 (415809750)|ENTERING_MANAGED_PKG|Centify
11:49:09.14 (415948635)|ENTERING_MANAGED_PKG|Centify
11:49:09.14 (416086499)|ENTERING_MANAGED_PKG|Centify
11:49:09.14 (416225559)|ENTERING_MANAGED_PKG|Centify
11:49:09.14 (416364350)|ENTERING_MANAGED_PKG|Centify
11:49:09.14 (416506175)|ENTERING_MANAGED_PKG|Centify
11:49:09.14 (416548104)|ENTERING_MANAGED_PKG|Centify
11:49:09.14 (416586360)|ENTERING_MANAGED_PKG|Centify
11:49:09.14 (416611998)|ENTERING_MANAGED_PKG|Centify
11:49:09.14 (416736220)|ENTERING_MANAGED_PKG|Centify
11:49:09.14 (416767205)|ENTERING_MANAGED_PKG|Centify
11:49:09.14 (419019350)|ENTERING_MANAGED_PKG|Centify
11:49:09.14 (419051796)|ENTERING_MANAGED_PKG|Centify
11:49:09.14 (419078107)|ENTERING_MANAGED_PKG|Centify
11:49:09.14 (419153052)|ENTERING_MANAGED_PKG|Centify
11:49:09.14 (419179100)|ENTERING_MANAGED_PKG|Centify
11:49:09.14 (419250218)|ENTERING_MANAGED_PKG|Centify
11:49:09.14 (419276901)|ENTERING_MANAGED_PKG|Centify
11:49:09.14 (426827182)|ENTERING_MANAGED_PKG|Centify
11:49:09.14 (427036581)|ENTERING_MANAGED_PKG|Centify
11:49:09.14 (427523305)|ENTERING_MANAGED_PKG|Centify
11:49:09.14 (428084416)|ENTERING_MANAGED_PKG|Centify
11:49:09.14 (428130390)|ENTERING_MANAGED_PKG|Centify
11:49:09.14 (428220346)|ENTERING_MANAGED_PKG|Centify
11:49:09.14 (428261635)|ENTERING_MANAGED_PKG|Centify
11:49:09.14 (428375943)|ENTERING_MANAGED_PKG|Centify
11:49:09.14 (428537396)|ENTERING_MANAGED_PKG|Centify
11:49:09.14 (428682311)|ENTERING_MANAGED_PKG|Centify
11:49:09.14 (428824956)|ENTERING_MANAGED_PKG|Centify
11:49:09.14 (428965130)|ENTERING_MANAGED_PKG|Centify
11:49:09.14 (429106718)|ENTERING_MANAGED_PKG|Centify
11:49:09.14 (429249316)|ENTERING_MANAGED_PKG|Centify
11:49:09.14 (429390418)|ENTERING_MANAGED_PKG|Centify
11:49:09.14 (429547234)|ENTERING_MANAGED_PKG|Centify
11:49:09.14 (429688159)|ENTERING_MANAGED_PKG|Centify
11:49:09.14 (429811393)|ENTERING_MANAGED_PKG|Centify
11:49:09.14 (429937594)|ENTERING_MANAGED_PKG|Centify
11:49:09.14 (430081201)|ENTERING_MANAGED_PKG|Centify
11:49:09.14 (430221158)|ENTERING_MANAGED_PKG|Centify
11:49:09.14 (430359913)|ENTERING_MANAGED_PKG|Centify
11:49:09.14 (430503946)|ENTERING_MANAGED_PKG|Centify
11:49:09.14 (430643501)|ENTERING_MANAGED_PKG|Centify
11:49:09.14 (430782385)|ENTERING_MANAGED_PKG|Centify
11:49:09.14 (430922553)|ENTERING_MANAGED_PKG|Centify
11:49:09.14 (431062695)|ENTERING_MANAGED_PKG|Centify
11:49:09.14 (431202531)|ENTERING_MANAGED_PKG|Centify
11:49:09.14 (431334337)|ENTERING_MANAGED_PKG|Centify
11:49:09.14 (431376167)|ENTERING_MANAGED_PKG|Centify
11:49:09.14 (431414488)|ENTERING_MANAGED_PKG|Centify
11:49:09.14 (431440429)|ENTERING_MANAGED_PKG|Centify
11:49:09.14 (431494963)|ENTERING_MANAGED_PKG|Centify
11:49:09.14 (431538694)|ENTERING_MANAGED_PKG|Centify
11:49:09.14 (433043737)|ENTERING_MANAGED_PKG|Centify
11:49:09.14 (433080647)|ENTERING_MANAGED_PKG|Centify
11:49:09.14 (433106035)|ENTERING_MANAGED_PKG|Centify
11:49:09.14 (433183940)|ENTERING_MANAGED_PKG|Centify
11:49:09.14 (433265074)|ENTERING_MANAGED_PKG|Centify
11:49:09.14 (433381473)|ENTERING_MANAGED_PKG|Centify
11:49:09.14 (433472289)|ENTERING_MANAGED_PKG|Centify
11:49:09.14 (433500033)|ENTERING_MANAGED_PKG|Centify
11:49:09.14 (441214691)|ENTERING_MANAGED_PKG|Centify
11:49:09.14 (441409844)|ENTERING_MANAGED_PKG|Centify
11:49:09.14 (442040252)|ENTERING_MANAGED_PKG|Centify
11:49:09.14 (442717376)|ENTERING_MANAGED_PKG|Centify
11:49:09.14 (442761890)|ENTERING_MANAGED_PKG|Centify
11:49:09.14 (442851782)|ENTERING_MANAGED_PKG|Centify
11:49:09.14 (442892124)|ENTERING_MANAGED_PKG|Centify
11:49:09.14 (443004463)|ENTERING_MANAGED_PKG|Centify
11:49:09.14 (443154555)|ENTERING_MANAGED_PKG|Centify
11:49:09.14 (443295402)|ENTERING_MANAGED_PKG|Centify
11:49:09.14 (443435272)|ENTERING_MANAGED_PKG|Centify
11:49:09.14 (443581129)|ENTERING_MANAGED_PKG|Centify
11:49:09.14 (443720441)|ENTERING_MANAGED_PKG|Centify
11:49:09.14 (443856740)|ENTERING_MANAGED_PKG|Centify
11:49:09.14 (443995483)|ENTERING_MANAGED_PKG|Centify
11:49:09.14 (444134080)|ENTERING_MANAGED_PKG|Centify
11:49:09.14 (444271540)|ENTERING_MANAGED_PKG|Centify
11:49:09.14 (444410623)|ENTERING_MANAGED_PKG|Centify
11:49:09.14 (444554191)|ENTERING_MANAGED_PKG|Centify
11:49:09.14 (444690562)|ENTERING_MANAGED_PKG|Centify
11:49:09.14 (444827713)|ENTERING_MANAGED_PKG|Centify
11:49:09.14 (444965387)|ENTERING_MANAGED_PKG|Centify
11:49:09.14 (445103851)|ENTERING_MANAGED_PKG|Centify
11:49:09.14 (445229269)|ENTERING_MANAGED_PKG|Centify
11:49:09.14 (445355268)|ENTERING_MANAGED_PKG|Centify
11:49:09.14 (445506422)|ENTERING_MANAGED_PKG|Centify
11:49:09.14 (445646996)|ENTERING_MANAGED_PKG|Centify
11:49:09.14 (445788184)|ENTERING_MANAGED_PKG|Centify
11:49:09.14 (445929668)|ENTERING_MANAGED_PKG|Centify
11:49:09.14 (446070819)|ENTERING_MANAGED_PKG|Centify
11:49:09.14 (446210068)|ENTERING_MANAGED_PKG|Centify
11:49:09.14 (446351525)|ENTERING_MANAGED_PKG|Centify
11:49:09.14 (446496859)|ENTERING_MANAGED_PKG|Centify
11:49:09.14 (446639383)|ENTERING_MANAGED_PKG|Centify
11:49:09.14 (446778705)|ENTERING_MANAGED_PKG|Centify
11:49:09.14 (446918216)|ENTERING_MANAGED_PKG|Centify
11:49:09.14 (447056506)|ENTERING_MANAGED_PKG|Centify
11:49:09.14 (447195644)|ENTERING_MANAGED_PKG|Centify
11:49:09.14 (447334314)|ENTERING_MANAGED_PKG|Centify
11:49:09.14 (447477884)|ENTERING_MANAGED_PKG|Centify
11:49:09.14 (447612517)|ENTERING_MANAGED_PKG|Centify
11:49:09.14 (447655318)|ENTERING_MANAGED_PKG|Centify
11:49:09.14 (447695214)|ENTERING_MANAGED_PKG|Centify
11:49:09.14 (447721505)|ENTERING_MANAGED_PKG|Centify
11:49:09.14 (447771155)|ENTERING_MANAGED_PKG|Centify
11:49:09.14 (447816543)|ENTERING_MANAGED_PKG|Centify
11:49:09.14 (449628225)|ENTERING_MANAGED_PKG|Centify
11:49:09.14 (449660536)|ENTERING_MANAGED_PKG|Centify
11:49:09.14 (449686902)|ENTERING_MANAGED_PKG|Centify
11:49:09.14 (449737749)|ENTERING_MANAGED_PKG|Centify
11:49:09.14 (449858502)|ENTERING_MANAGED_PKG|Centify
11:49:09.14 (449936958)|ENTERING_MANAGED_PKG|Centify
11:49:09.14 (465026955)|ENTERING_MANAGED_PKG|Centify
11:49:09.14 (465079487)|ENTERING_MANAGED_PKG|Centify
11:49:09.14 (481842476)|ENTERING_MANAGED_PKG|Centify
11:49:09.14 (481890845)|ENTERING_MANAGED_PKG|Centify
11:49:09.14 (481979386)|ENTERING_MANAGED_PKG|Centify
11:49:09.14 (482012226)|ENTERING_MANAGED_PKG|Centify
11:49:09.14 (490025357)|ENTERING_MANAGED_PKG|Centify
11:49:09.14 (490255998)|ENTERING_MANAGED_PKG|Centify
11:49:09.14 (490741317)|ENTERING_MANAGED_PKG|Centify
11:49:09.14 (491366828)|ENTERING_MANAGED_PKG|Centify
11:49:09.14 (491416529)|ENTERING_MANAGED_PKG|Centify
11:49:09.14 (491521197)|ENTERING_MANAGED_PKG|Centify
11:49:09.14 (491565763)|ENTERING_MANAGED_PKG|Centify
11:49:09.14 (491684114)|ENTERING_MANAGED_PKG|Centify
11:49:09.14 (491847029)|ENTERING_MANAGED_PKG|Centify
11:49:09.14 (491987094)|ENTERING_MANAGED_PKG|Centify
11:49:09.14 (492124441)|ENTERING_MANAGED_PKG|Centify
11:49:09.14 (492262613)|ENTERING_MANAGED_PKG|Centify
11:49:09.14 (492399406)|ENTERING_MANAGED_PKG|Centify
11:49:09.14 (492543531)|ENTERING_MANAGED_PKG|Centify
11:49:09.14 (492680639)|ENTERING_MANAGED_PKG|Centify
11:49:09.14 (492816436)|ENTERING_MANAGED_PKG|Centify
11:49:09.14 (492953025)|ENTERING_MANAGED_PKG|Centify
11:49:09.14 (493089803)|ENTERING_MANAGED_PKG|Centify
11:49:09.14 (493212583)|ENTERING_MANAGED_PKG|Centify
11:49:09.14 (493345568)|ENTERING_MANAGED_PKG|Centify
11:49:09.14 (493497493)|ENTERING_MANAGED_PKG|Centify
11:49:09.14 (493637680)|ENTERING_MANAGED_PKG|Centify
11:49:09.14 (493774586)|ENTERING_MANAGED_PKG|Centify
11:49:09.14 (493910920)|ENTERING_MANAGED_PKG|Centify
11:49:09.14 (494047360)|ENTERING_MANAGED_PKG|Centify
11:49:09.14 (494184989)|ENTERING_MANAGED_PKG|Centify
11:49:09.14 (494321565)|ENTERING_MANAGED_PKG|Centify
11:49:09.14 (494463771)|ENTERING_MANAGED_PKG|Centify
11:49:09.14 (494602640)|ENTERING_MANAGED_PKG|Centify
11:49:09.14 (494739189)|ENTERING_MANAGED_PKG|Centify
11:49:09.14 (494873583)|ENTERING_MANAGED_PKG|Centify
11:49:09.14 (494917304)|ENTERING_MANAGED_PKG|Centify
11:49:09.14 (494958648)|ENTERING_MANAGED_PKG|Centify
11:49:09.14 (494985058)|ENTERING_MANAGED_PKG|Centify
11:49:09.14 (495037793)|ENTERING_MANAGED_PKG|Centify
11:49:09.14 (495083703)|ENTERING_MANAGED_PKG|Centify
11:49:09.14 (496540709)|ENTERING_MANAGED_PKG|Centify
11:49:09.14 (496572681)|ENTERING_MANAGED_PKG|Centify
11:49:09.14 (496598994)|ENTERING_MANAGED_PKG|Centify
11:49:09.14 (496674251)|ENTERING_MANAGED_PKG|Centify
11:49:09.14 (496734632)|ENTERING_MANAGED_PKG|Centify
11:49:09.14 (496792237)|ENTERING_MANAGED_PKG|Centify
11:49:09.14 (497051878)|ENTERING_MANAGED_PKG|Centify
11:49:09.14 (499440147)|ENTERING_MANAGED_PKG|Centify
11:49:09.14 (499503457)|ENTERING_MANAGED_PKG|Centify
11:49:09.14 (499634741)|ENTERING_MANAGED_PKG|Centify
11:49:09.14 (558092560)|ENTERING_MANAGED_PKG|Centify
11:49:09.14 (558201110)|ENTERING_MANAGED_PKG|Centify
11:49:09.14 (558311368)|ENTERING_MANAGED_PKG|Centify
11:49:09.14 (596462258)|ENTERING_MANAGED_PKG|Centify
11:49:09.14 (596553569)|ENTERING_MANAGED_PKG|Centify
11:49:09.14 (596640017)|ENTERING_MANAGED_PKG|Centify
11:49:09.14 (639235562)|ENTERING_MANAGED_PKG|Centify
11:49:09.14 (639321468)|ENTERING_MANAGED_PKG|Centify
11:49:09.14 (639408123)|ENTERING_MANAGED_PKG|Centify
11:49:09.14 (679893000)|ENTERING_MANAGED_PKG|Centify
11:49:09.14 (680001040)|ENTERING_MANAGED_PKG|Centify
11:49:09.14 (680090831)|ENTERING_MANAGED_PKG|Centify
11:49:09.14 (728788312)|ENTERING_MANAGED_PKG|Centify
11:49:09.14 (728877851)|ENTERING_MANAGED_PKG|Centify
11:49:09.14 (728965526)|ENTERING_MANAGED_PKG|Centify
11:49:09.14 (761489621)|ENTERING_MANAGED_PKG|Centify
11:49:09.14 (761601658)|ENTERING_MANAGED_PKG|Centify
11:49:09.14 (761692159)|ENTERING_MANAGED_PKG|Centify
11:49:09.14 (825414142)|ENTERING_MANAGED_PKG|Centify
11:49:09.14 (825533475)|ENTERING_MANAGED_PKG|Centify
11:49:09.14 (825669154)|ENTERING_MANAGED_PKG|Centify
11:49:09.14 (872667640)|ENTERING_MANAGED_PKG|Centify
11:49:09.14 (872824882)|ENTERING_MANAGED_PKG|Centify
11:49:09.14 (872883314)|ENTERING_MANAGED_PKG|Centify
11:49:09.14 (872922990)|ENTERING_MANAGED_PKG|Centify
11:49:09.14 (872991184)|ENTERING_MANAGED_PKG|Centify
11:49:09.14 (873179784)|ENTERING_MANAGED_PKG|Centify
11:49:09.14 (874093677)|SOQL_EXECUTE_BEGIN|[28]|Aggregations:0|SELECT Id FROM ApexClass WHERE Name = :tmpVar1
11:49:09.14 (881208995)|SOQL_EXECUTE_END|[28]|Rows:1
11:49:09.14 (881789553)|SOQL_EXECUTE_BEGIN|[49]|Aggregations:0|SELECT COUNT() FROM AsyncApexJob WHERE (ApexClassId = :tmpVar1 AND Status IN ('Queued', 'Holding', 'Preparing', 'Processing'))
11:49:09.14 (884864438)|SOQL_EXECUTE_END|[49]|Rows:2
11:49:09.14 (884961406)|ENTERING_MANAGED_PKG|Centify
11:49:09.14 (887551234)|ENTERING_MANAGED_PKG|Centify
11:49:09.14 (887610518)|ENTERING_MANAGED_PKG|Centify
11:49:09.14 (887712338)|ENTERING_MANAGED_PKG|Centify
11:49:09.14 (912302383)|ENTERING_MANAGED_PKG|Centify
11:49:09.14 (915811202)|ENTERING_MANAGED_PKG|Centify
11:49:09.14 (915954564)|ENTERING_MANAGED_PKG|Centify
11:49:09.14 (916133080)|ENTERING_MANAGED_PKG|Centify
11:49:09.14 (918462286)|ENTERING_MANAGED_PKG|Centify
11:49:09.14 (918501761)|ENTERING_MANAGED_PKG|Centify
11:49:09.14 (918566470)|ENTERING_MANAGED_PKG|Centify
11:49:09.14 (919092074)|ENTERING_MANAGED_PKG|Centify
11:49:09.14 (921112773)|SOQL_EXECUTE_BEGIN|[16]|Aggregations:0|SELECT Id, CronExpression, CronJobDetail.Name FROM CronTrigger WHERE CronJobDetail.Name LIKE '%Spinify%'
11:49:09.14 (927063919)|SOQL_EXECUTE_END|[16]|Rows:10
11:49:09.14 (927526007)|ENTERING_MANAGED_PKG|Centify
11:49:09.14 (927647559)|ENTERING_MANAGED_PKG|Centify
11:49:09.14 (927701393)|ENTERING_MANAGED_PKG|Centify
11:49:09.14 (927964943)|ENTERING_MANAGED_PKG|Centify
11:49:09.14 (928056144)|ENTERING_MANAGED_PKG|Centify
11:49:09.14 (928131198)|ENTERING_MANAGED_PKG|Centify
11:49:09.14 (928221919)|ENTERING_MANAGED_PKG|Centify
11:49:09.14 (929217134)|ENTERING_MANAGED_PKG|Centify
11:49:10.33 (1033577213)|CUMULATIVE_LIMIT_USAGE
11:49:10.33 (1033577213)|LIMIT_USAGE_FOR_NS|(default)|
  Number of SOQL queries: 0 out of 100
  Number of query rows: 0 out of 50000
  Number of SOSL queries: 0 out of 20
  Number of DML statements: 0 out of 150
  Number of DML rows: 0 out of 10000
  Maximum CPU time: 407 out of 10000
  Maximum heap size: 0 out of 6000000
  Number of callouts: 0 out of 100
  Number of Email Invocations: 0 out of 10
  Number of future calls: 0 out of 50
  Number of queueable jobs added to the queue: 0 out of 50
  Number of Mobile Apex push calls: 0 out of 10

11:49:10.33 (1033577213)|LIMIT_USAGE_FOR_NS|Centify|
  Number of SOQL queries: 5 out of 100
  Number of query rows: 14 out of 50000
  Number of SOSL queries: 0 out of 20
  Number of DML statements: 1 out of 150
  Number of DML rows: 1 out of 10000
  Maximum CPU time: 0 out of 10000
  Maximum heap size: 0 out of 6000000
  Number of callouts: 0 out of 100
  Number of Email Invocations: 0 out of 10
  Number of future calls: 0 out of 50
  Number of queueable jobs added to the queue: 0 out of 50
  Number of Mobile Apex push calls: 0 out of 10

11:49:10.33 (1033577213)|CUMULATIVE_LIMIT_USAGE_END

