36.0 APEX_CODE,FINEST;APEX_PROFILING,INFO;CALLOUT,INFO;DB,INFO;NBA,INFO;SYSTEM,DEBUG;VALIDATION,INFO;VISUALFORCE,INFO;WAVE,INFO;WORKFLOW,INFO
11:47:35.0 (337784)|USER_INFO|[EXTERNAL]|00590000000Vmmq|ben@bjbglobal.com.au|Australian Eastern Standard Time|GMT+10:00
11:47:35.0 (372556)|EXECUTION_STARTED
11:47:35.0 (376316)|CODE_UNIT_STARTED|[EXTERNAL]|TRIGGERS
11:47:35.0 (406575)|CODE_UNIT_STARTED|[EXTERNAL]|01q6F000001IGJa|LinkCaseCallstoContact on Task trigger event BeforeInsert|__sfdc_trigger/LinkCaseCallstoContact
11:47:35.0 (439160)|HEAP_ALLOCATE|[EXTERNAL]|Bytes:8
11:47:35.0 (751817)|HEAP_ALLOCATE|[72]|Bytes:3
11:47:35.0 (806734)|HEAP_ALLOCATE|[77]|Bytes:152
11:47:35.0 (818251)|HEAP_ALLOCATE|[342]|Bytes:408
11:47:35.0 (829660)|HEAP_ALLOCATE|[355]|Bytes:408
11:47:35.0 (840405)|HEAP_ALLOCATE|[467]|Bytes:48
11:47:35.0 (863275)|HEAP_ALLOCATE|[139]|Bytes:6
11:47:35.0 (877554)|HEAP_ALLOCATE|[EXTERNAL]|Bytes:6
11:47:35.0 (907620)|HEAP_ALLOCATE|[EXTERNAL]|Bytes:4
11:47:35.0 (914850)|VARIABLE_SCOPE_BEGIN|[1]|this|LinkCaseCallstoContact|true|false
11:47:35.0 (978176)|VARIABLE_ASSIGNMENT|[1]|this|{}|0x5ac65d36
11:47:35.0 (1027231)|HEAP_ALLOCATE|[EXTERNAL]|Bytes:4
11:47:35.0 (1035065)|VARIABLE_SCOPE_BEGIN|[1]|this|LinkCaseCallstoContact|true|false
11:47:35.0 (1047984)|VARIABLE_ASSIGNMENT|[1]|this|{}|0x5ac65d36
11:47:35.0 (1057698)|STATEMENT_EXECUTE|[1]
11:47:35.0 (1084279)|HEAP_ALLOCATE|[50]|Bytes:5
11:47:35.0 (1103197)|HEAP_ALLOCATE|[56]|Bytes:5
11:47:35.0 (1111087)|HEAP_ALLOCATE|[64]|Bytes:7
11:47:35.0 (1416909)|HEAP_ALLOCATE|[2]|Bytes:5
11:47:35.0 (1466371)|HEAP_ALLOCATE|[2]|Bytes:4
11:47:35.0 (1479105)|VARIABLE_SCOPE_BEGIN|[2]|tsk|Task|true|false
11:47:35.0 (10950324)|VARIABLE_ASSIGNMENT|[2]|tsk|{"CallType":"Outbound","IsHighPriority":false,"IsClosed":false,"NVMStatsSF__NVM_Agent__c":"73","Is_Mobile_Number__c":true,"OwnerId":"0056F000008mBiGQAU","IsToday__c":false,"IsReminderSet":false,"Status":"Completed","IsDeleted":false,"WhoId":"0036F00002T7F9mQAF","NVMContactWorld__CW_Call_Start_Time__c":"2018-11-06T01:47:34.000Z","ActivityDate":"2018-11-06T00:00:00.000Z","Priority":"Normal","IsVisibleInSelfService":false,"NVMContactWorld__Was_Call_Recorded__c":false,"CurrencyIsoCode":"AUD","IsRecurrence":false,"Subject":"Outbound call to +61 (9 more) ...","IsArchived":false,"CallObject":"0166e6b4-16ed-f81c-7 (16 more) ...","NVMContactWorld__Customer_Number__c":"+61448641195","NVMContactWorld__ContactWorld_Number__c":"61731530806","Day_of_the_Week__c":"Tuesday","Call_Duration_min__c":0.00,"Call_Monitored__c":false}|0x30dbc777
11:47:35.0 (10981699)|STATEMENT_EXECUTE|[2]
11:47:35.0 (11023776)|STATEMENT_EXECUTE|[4]
11:47:35.0 (11087355)|HEAP_ALLOCATE|[2]|Bytes:5
11:47:35.0 (11117887)|VARIABLE_ASSIGNMENT|[2]|tsk|null|
11:47:35.11 (11134160)|CUMULATIVE_LIMIT_USAGE
11:47:35.11 (11134160)|LIMIT_USAGE_FOR_NS|(default)|
  Number of SOQL queries: 0 out of 100
  Number of query rows: 0 out of 50000
  Number of SOSL queries: 0 out of 20
  Number of DML statements: 0 out of 150
  Number of DML rows: 0 out of 10000
  Maximum CPU time: 0 out of 10000
  Maximum heap size: 0 out of 6000000
  Number of callouts: 0 out of 100
  Number of Email Invocations: 0 out of 10
  Number of future calls: 0 out of 50
  Number of queueable jobs added to the queue: 0 out of 50
  Number of Mobile Apex push calls: 0 out of 10

11:47:35.11 (11134160)|CUMULATIVE_LIMIT_USAGE_END

11:47:35.0 (12356522)|CODE_UNIT_FINISHED|LinkCaseCallstoContact on Task trigger event BeforeInsert|__sfdc_trigger/LinkCaseCallstoContact
11:47:35.0 (14103064)|CODE_UNIT_STARTED|[EXTERNAL]|01q6F000001IKsI|TaskTrigger on Task trigger event BeforeInsert|__sfdc_trigger/TaskTrigger
11:47:35.0 (14153190)|HEAP_ALLOCATE|[EXTERNAL]|Bytes:8
11:47:35.0 (14227325)|HEAP_ALLOCATE|[EXTERNAL]|Bytes:4
11:47:35.0 (14238886)|VARIABLE_SCOPE_BEGIN|[5]|this|TaskTrigger|true|false
11:47:35.0 (14274111)|VARIABLE_ASSIGNMENT|[5]|this|{}|0x668a5010
11:47:35.0 (14324273)|HEAP_ALLOCATE|[EXTERNAL]|Bytes:4
11:47:35.0 (14332898)|VARIABLE_SCOPE_BEGIN|[5]|this|TaskTrigger|true|false
11:47:35.0 (14345999)|VARIABLE_ASSIGNMENT|[5]|this|{}|0x668a5010
11:47:35.0 (14353181)|STATEMENT_EXECUTE|[5]
11:47:35.0 (14379869)|STATEMENT_EXECUTE|[6]
11:47:35.0 (14381790)|STATEMENT_EXECUTE|[7]
11:47:35.0 (15215384)|VARIABLE_SCOPE_BEGIN|[2]|TaskHelper.TASK_STATUS|String|false|true
11:47:35.0 (15228291)|VARIABLE_SCOPE_BEGIN|[3]|TaskHelper.TASK_SUBJECT|String|false|true
11:47:35.0 (15236210)|VARIABLE_SCOPE_BEGIN|[4]|TaskHelper.TASK_TYPE|String|false|true
11:47:35.0 (15286902)|HEAP_ALLOCATE|[7]|Bytes:4
11:47:35.0 (15295890)|HEAP_ALLOCATE|[7]|Bytes:2
11:47:35.0 (15340007)|METHOD_ENTRY|[1]|01p6F000009rWtF|TaskHelper.TaskHelper()
11:47:35.0 (15347616)|STATEMENT_EXECUTE|[1]
11:47:35.0 (15350632)|STATEMENT_EXECUTE|[1]
11:47:35.0 (15352377)|STATEMENT_EXECUTE|[2]
11:47:35.0 (15362474)|HEAP_ALLOCATE|[2]|Bytes:9
11:47:35.0 (15380690)|VARIABLE_ASSIGNMENT|[2]|TaskHelper.TASK_STATUS|"Completed"
11:47:35.0 (15386262)|STATEMENT_EXECUTE|[3]
11:47:35.0 (15397005)|HEAP_ALLOCATE|[3]|Bytes:16
11:47:35.0 (15406263)|VARIABLE_ASSIGNMENT|[3]|TaskHelper.TASK_SUBJECT|"Outbound call to"
11:47:35.0 (15410574)|STATEMENT_EXECUTE|[4]
11:47:35.0 (15414705)|HEAP_ALLOCATE|[4]|Bytes:8
11:47:35.0 (15421754)|VARIABLE_ASSIGNMENT|[4]|TaskHelper.TASK_TYPE|"Outbound"
11:47:35.0 (15442658)|METHOD_EXIT|[1]|TaskHelper
11:47:35.0 (15451859)|HEAP_ALLOCATE|[7]|Bytes:4
11:47:35.0 (15465408)|CONSTRUCTOR_ENTRY|[7]|01p6F000009rWtF|<init>()|TaskHelper
11:47:35.0 (15491423)|VARIABLE_SCOPE_BEGIN|[1]|this|TaskHelper|true|false
11:47:35.0 (15511761)|VARIABLE_ASSIGNMENT|[1]|this|{}|0x543a4509
11:47:35.0 (15522797)|HEAP_ALLOCATE|[EXTERNAL]|Bytes:6
11:47:35.0 (15561226)|STATEMENT_EXECUTE|[1]
11:47:35.0 (15565820)|CONSTRUCTOR_EXIT|[7]|01p6F000009rWtF|<init>()|TaskHelper
11:47:35.0 (15573881)|VARIABLE_SCOPE_BEGIN|[7]|helper|TaskHelper|true|false
11:47:35.0 (15587146)|VARIABLE_ASSIGNMENT|[7]|helper|{}|0x543a4509
11:47:35.0 (15592937)|STATEMENT_EXECUTE|[8]
11:47:35.0 (15649020)|METHOD_ENTRY|[8]|01p6F000009rWtF|TaskHelper.setupContactToReurnCallTasks(List<Task>)
11:47:35.0 (15672306)|VARIABLE_SCOPE_BEGIN|[11]|this|TaskHelper|true|false
11:47:35.0 (15685301)|VARIABLE_ASSIGNMENT|[11]|this|{}|0x543a4509
11:47:35.0 (15691986)|VARIABLE_SCOPE_BEGIN|[11]|newTasks|List<Task>|true|false
11:47:35.0 (16828441)|VARIABLE_ASSIGNMENT|[11]|newTasks|[{"CallType":"Outbound","IsHighPriority":false,"IsClosed":false,"NVMStatsSF__NVM_Agent__c":"73","Is_Mobile_Number__c":true,"OwnerId":"0056F000008mBiGQAU","IsToday__c":false,"IsReminderSet":false,"Status":"Completed","IsDeleted":false,"WhoId":"0036F00002T7F9mQAF","NVMContactWorld__CW_Call_Start_Time__c":"2018-11-06T01:47:34.000Z","ActivityDate":"2018-11-06T00:00:00.000Z","Priority":"Normal","IsVisibleInSelfService":false,"NVMContactWorld__Was_Call_Recorded__c":false,"CurrencyIsoCode":"AUD","IsRecurrence":false,"Subject":"Outbound call to +61 (9 more) ...","IsArchived":false,"CallObject":"0166e6b4-16ed-f81c-7 (16 more) ...","NVMContactWorld__Customer_Number__c":"+61448641195","NVMContactWorld__ContactWorld_Number__c":"61731530806","Day_of_the_Week__c":"Tuesday","Call_Duration_min__c":0.00,"Call_Monitored__c":false}]|0x722378c6
11:47:35.0 (16852770)|STATEMENT_EXECUTE|[11]
11:47:35.0 (16854763)|STATEMENT_EXECUTE|[12]
11:47:35.0 (16878616)|HEAP_ALLOCATE|[12]|Bytes:4
11:47:35.0 (16930289)|VARIABLE_SCOPE_BEGIN|[12]|voicemailIds|List<Id>|true|false
11:47:35.0 (16961278)|HEAP_ALLOCATE|[EXTERNAL]|Bytes:4
11:47:35.0 (16971662)|VARIABLE_ASSIGNMENT|[12]|voicemailIds|[]|0x461dac42
11:47:35.0 (16978530)|STATEMENT_EXECUTE|[13]
11:47:35.0 (16998647)|HEAP_ALLOCATE|[13]|Bytes:4
11:47:35.0 (17011423)|VARIABLE_SCOPE_BEGIN|[13]|contactIds|Map<Id,Id>|true|false
11:47:35.0 (17029355)|VARIABLE_ASSIGNMENT|[13]|contactIds|{}|0x4089bb85
11:47:35.0 (17034806)|STATEMENT_EXECUTE|[14]
11:47:35.0 (17048476)|HEAP_ALLOCATE|[14]|Bytes:4
11:47:35.0 (17069996)|VARIABLE_SCOPE_BEGIN|[14]|results|List<Task>|true|false
11:47:35.0 (17079503)|HEAP_ALLOCATE|[EXTERNAL]|Bytes:4
11:47:35.0 (17085947)|VARIABLE_ASSIGNMENT|[14]|results|[]|0x5c25f3f2
11:47:35.0 (17141792)|HEAP_ALLOCATE|[16]|Bytes:5
11:47:35.0 (17161755)|HEAP_ALLOCATE|[16]|Bytes:4
11:47:35.0 (17172067)|VARIABLE_SCOPE_BEGIN|[16]|item|Task|true|false
11:47:35.0 (17838488)|VARIABLE_ASSIGNMENT|[16]|item|{"CallType":"Outbound","IsHighPriority":false,"IsClosed":false,"NVMStatsSF__NVM_Agent__c":"73","Is_Mobile_Number__c":true,"OwnerId":"0056F000008mBiGQAU","IsToday__c":false,"IsReminderSet":false,"Status":"Completed","IsDeleted":false,"WhoId":"0036F00002T7F9mQAF","NVMContactWorld__CW_Call_Start_Time__c":"2018-11-06T01:47:34.000Z","ActivityDate":"2018-11-06T00:00:00.000Z","Priority":"Normal","IsVisibleInSelfService":false,"NVMContactWorld__Was_Call_Recorded__c":false,"CurrencyIsoCode":"AUD","IsRecurrence":false,"Subject":"Outbound call to +61 (9 more) ...","IsArchived":false,"CallObject":"0166e6b4-16ed-f81c-7 (16 more) ...","NVMContactWorld__Customer_Number__c":"+61448641195","NVMContactWorld__ContactWorld_Number__c":"61731530806","Day_of_the_Week__c":"Tuesday","Call_Duration_min__c":0.00,"Call_Monitored__c":false}|0x30dbc777
11:47:35.0 (17857281)|STATEMENT_EXECUTE|[16]
11:47:35.0 (17998181)|STATEMENT_EXECUTE|[17]
11:47:35.0 (18016332)|HEAP_ALLOCATE|[16]|Bytes:5
11:47:35.0 (18033305)|VARIABLE_ASSIGNMENT|[16]|item|null|
11:47:35.0 (18040447)|STATEMENT_EXECUTE|[28]
11:47:35.0 (18046434)|HEAP_ALLOCATE|[28]|Bytes:72
11:47:35.0 (18063897)|HEAP_ALLOCATE|[28]|Bytes:4
11:47:35.0 (18073269)|HEAP_ALLOCATE|[28]|Bytes:7
11:47:35.0 (18769907)|SOQL_EXECUTE_BEGIN|[28]|Aggregations:0|SELECT Id, Account__c, Contact__c FROM Voicemail__c WHERE id IN :tmpVar1
11:47:35.0 (20497651)|SOQL_EXECUTE_END|[28]|Rows:0
11:47:35.0 (20523054)|HEAP_ALLOCATE|[28]|Bytes:4
11:47:35.0 (20535909)|HEAP_ALLOCATE|[28]|Bytes:0
11:47:35.0 (20594603)|HEAP_ALLOCATE|[28]|Bytes:4
11:47:35.0 (20606896)|VARIABLE_SCOPE_BEGIN|[28]|voicemails|List<Voicemail__c>|true|false
11:47:35.0 (20622889)|VARIABLE_ASSIGNMENT|[28]|voicemails|[]|0x2408e55a
11:47:35.0 (20785156)|HEAP_ALLOCATE|[29]|Bytes:5
11:47:35.0 (20803708)|VARIABLE_ASSIGNMENT|[29]|item|null|
11:47:35.0 (20809004)|STATEMENT_EXECUTE|[29]
11:47:35.0 (20841537)|HEAP_ALLOCATE|[34]|Bytes:5
11:47:35.0 (20854143)|HEAP_ALLOCATE|[34]|Bytes:4
11:47:35.0 (20861709)|VARIABLE_SCOPE_BEGIN|[34]|item|Task|true|false
11:47:35.0 (21606724)|VARIABLE_ASSIGNMENT|[34]|item|{"CallType":"Outbound","IsHighPriority":false,"IsClosed":false,"NVMStatsSF__NVM_Agent__c":"73","Is_Mobile_Number__c":true,"OwnerId":"0056F000008mBiGQAU","IsToday__c":false,"IsReminderSet":false,"Status":"Completed","IsDeleted":false,"WhoId":"0036F00002T7F9mQAF","NVMContactWorld__CW_Call_Start_Time__c":"2018-11-06T01:47:34.000Z","ActivityDate":"2018-11-06T00:00:00.000Z","Priority":"Normal","IsVisibleInSelfService":false,"NVMContactWorld__Was_Call_Recorded__c":false,"CurrencyIsoCode":"AUD","IsRecurrence":false,"Subject":"Outbound call to +61 (9 more) ...","IsArchived":false,"CallObject":"0166e6b4-16ed-f81c-7 (16 more) ...","NVMContactWorld__Customer_Number__c":"+61448641195","NVMContactWorld__ContactWorld_Number__c":"61731530806","Day_of_the_Week__c":"Tuesday","Call_Duration_min__c":0.00,"Call_Monitored__c":false}|0x30dbc777
11:47:35.0 (21626591)|STATEMENT_EXECUTE|[34]
11:47:35.0 (21628591)|STATEMENT_EXECUTE|[35]
11:47:35.0 (22382726)|VARIABLE_ASSIGNMENT|[35]|this.WhoId|null|0x30dbc777
11:47:35.0 (22413264)|HEAP_ALLOCATE|[34]|Bytes:5
11:47:35.0 (22428553)|VARIABLE_ASSIGNMENT|[34]|item|null|
11:47:35.0 (22438963)|METHOD_EXIT|[8]|01p6F000009rWtF|TaskHelper.setupContactToReurnCallTasks(List<Task>)
11:47:35.22 (22451514)|CUMULATIVE_LIMIT_USAGE
11:47:35.22 (22451514)|LIMIT_USAGE_FOR_NS|(default)|
  Number of SOQL queries: 1 out of 100
  Number of query rows: 0 out of 50000
  Number of SOSL queries: 0 out of 20
  Number of DML statements: 0 out of 150
  Number of DML rows: 0 out of 10000
  Maximum CPU time: 0 out of 10000
  Maximum heap size: 0 out of 6000000
  Number of callouts: 0 out of 100
  Number of Email Invocations: 0 out of 10
  Number of future calls: 0 out of 50
  Number of queueable jobs added to the queue: 0 out of 50
  Number of Mobile Apex push calls: 0 out of 10

11:47:35.22 (22451514)|CUMULATIVE_LIMIT_USAGE_END

11:47:35.0 (23802905)|CODE_UNIT_FINISHED|TaskTrigger on Task trigger event BeforeInsert|__sfdc_trigger/TaskTrigger
11:47:35.0 (27814996)|CODE_UNIT_STARTED|[EXTERNAL]|Validation:Task:new
11:47:35.0 (27830586)|VALIDATION_RULE|03d6F000000qFaO|Finish_all_call_monitor_field
11:47:35.0 (28259862)|VALIDATION_FORMULA|AND(!ISBLANK(Monitored_By__c),
    OR(ISBLANK( TEXT(CM_advised_what_will_happen_next__c)),
       ISBLANK( TEXT(Allow_customer_to_present_concerns__c) ),
       ISBLANK( TEXT(Communication_is_clear_positive_confiden__c) ),
       ISBLANK( TEXT(Demonstrate_active_listening__c )),
       ISBLANK( TEXT(Gave_correct_answers_and_infomations__c) ),
       ISBLANK( TEXT(Mirrors_clients_talking_behaviour__c) ) ))|CM_advised_what_will_happen_next__c=null , Demonstrate_active_listening__c=null , Communication_is_clear_positive_confiden__c=null , Allow_customer_to_present_concerns__c=null , Gave_correct_answers_and_infomations__c=null , Mirrors_clients_talking_behaviour__c=null , Monitored_By__c=null
11:47:35.0 (28277420)|VALIDATION_PASS
11:47:35.0 (28279807)|VALIDATION_RULE|03d900000009JbB|Interac_Quality_Must_Be_Between_1_and_10
11:47:35.0 (28367610)|VALIDATION_FORMULA|NVMContactWorld__InteractionQuality__c < 1  &#124;&#124;  NVMContactWorld__InteractionQuality__c > 10|NVMContactWorld__InteractionQuality__c=null
11:47:35.0 (28376959)|VALIDATION_PASS
11:47:35.0 (28531552)|CODE_UNIT_FINISHED|Validation:Task:new
11:47:35.0 (77829186)|CODE_UNIT_STARTED|[EXTERNAL]|Workflow:Task
11:47:35.0 (84662078)|WF_RULE_EVAL_BEGIN|Workflow
11:47:35.0 (84705077)|WF_CRITERIA_BEGIN|[Task:  00T6F000055TC7r]|Update Call Monitor Details|01Q6F0000002Tdt|ON_CREATE_OR_TRIGGERING_UPDATE|0
11:47:35.0 (87245086)|WF_RULE_FILTER|[Task : Monitored By not equal to ]
11:47:35.0 (87261348)|WF_RULE_EVAL_VALUE|
11:47:35.0 (87265575)|WF_CRITERIA_END|false
11:47:35.0 (87276292)|WF_CRITERIA_BEGIN|[Task:  00T6F000055TC7r]|Update_Callback_Request_Due_Date3016F0000005i0e|01Q6F0000019gyq|ON_CREATE_ONLY|0
11:47:35.0 (87339516)|WF_FORMULA|Formula:ENCODED:[treatNullAsNull]true|Values:
11:47:35.0 (87346484)|WF_CRITERIA_END|true
11:47:35.0 (88069864)|WF_CRITERIA_BEGIN|[Task:  00T6F000055TC7r]|Call Back Request From LinX|01Q6F000001EY2L|ON_CREATE_OR_TRIGGERING_UPDATE|0
11:47:35.0 (88121596)|WF_RULE_FILTER|[Task : Subject equals Callback Request]
11:47:35.0 (88135861)|WF_RULE_EVAL_VALUE|Outbound call to +61448641195
11:47:35.0 (88140790)|WF_CRITERIA_END|false
11:47:35.0 (88147640)|WF_CRITERIA_BEGIN|[Task:  00T6F000055TC7r]|Call_Monitor3016F00000054R3|01Q6F000000oOu7|ON_ALL_CHANGES|0
11:47:35.0 (88190640)|WF_FORMULA|Formula:ENCODED:[treatNullAsNull]true|Values:
11:47:35.0 (88197126)|WF_CRITERIA_END|true
11:47:35.0 (88213525)|WF_SPOOL_ACTION_BEGIN|Workflow
11:47:35.0 (88238743)|WF_ACTION| Flow Trigger: 2;
11:47:35.0 (88243461)|WF_RULE_EVAL_END
11:47:35.0 (89245616)|WF_FLOW_ACTION_BEGIN|09L6F000000PWtL
11:47:35.90 (90516527)|FLOW_CREATE_INTERVIEW_BEGIN|00D90000000IJSa|3006F00000091km|3016F0000005i0e
11:47:35.90 (91170249)|FLOW_CREATE_INTERVIEW_END|329906166024b514796f2329ff3d166e6a15d3-caf4|Update Callback Request Due Date
11:47:35.91 (91441990)|FLOW_START_INTERVIEWS_BEGIN|1
11:47:35.91 (91460722)|FLOW_START_INTERVIEW_BEGIN|329906166024b514796f2329ff3d166e6a15d3-caf4|Update Callback Request Due Date
11:47:35.91 (93779014)|FLOW_START_INTERVIEW_END|329906166024b514796f2329ff3d166e6a15d3-caf4|Update Callback Request Due Date
11:47:35.91 (93797875)|FLOW_START_INTERVIEWS_END|1
11:47:35.0 (95123361)|WF_FLOW_ACTION_END|09L6F000000PWtL
11:47:35.0 (95144070)|WF_FLOW_ACTION_BEGIN|09L6F000000PGTV
11:47:35.95 (95988829)|FLOW_CREATE_INTERVIEW_BEGIN|00D90000000IJSa|3006F0000008usA|3016F00000054R3
11:47:35.95 (96546402)|FLOW_CREATE_INTERVIEW_END|330106166024b514796f2329ff3d166e6a15d3-caf2|Call Monitoring
11:47:35.96 (96740594)|FLOW_START_INTERVIEWS_BEGIN|1
11:47:35.96 (96755678)|FLOW_START_INTERVIEW_BEGIN|330106166024b514796f2329ff3d166e6a15d3-caf2|Call Monitoring
11:47:35.96 (98481845)|FLOW_START_INTERVIEW_END|330106166024b514796f2329ff3d166e6a15d3-caf2|Call Monitoring
11:47:35.96 (98498582)|FLOW_START_INTERVIEWS_END|1
11:47:35.0 (99047500)|WF_FLOW_ACTION_END|09L6F000000PGTV
11:47:35.0 (99139732)|WF_ACTIONS_END| Flow Trigger: 2;
11:47:35.0 (99149167)|CODE_UNIT_FINISHED|Workflow:Task
11:47:35.0 (126985724)|CODE_UNIT_FINISHED|TRIGGERS
11:47:35.0 (127002362)|EXECUTION_FINISHED
