31.0 APEX_CODE,FINEST;APEX_PROFILING,INFO;CALLOUT,INFO;DB,INFO;NBA,INFO;SYSTEM,DEBUG;VALIDATION,INFO;VISUALFORCE,INFO;WAVE,INFO;WORKFLOW,INFO
11:50:06.0 (141879)|USER_INFO|[EXTERNAL]|00590000000Vmmq|ben@bjbglobal.com.au|Australian Eastern Standard Time|GMT+10:00
11:50:06.0 (199849)|EXECUTION_STARTED
11:50:06.0 (207146)|CODE_UNIT_STARTED|[EXTERNAL]|TRIGGERS
11:50:06.0 (274265)|CODE_UNIT_STARTED|[EXTERNAL]|01q6F000000DhRF|TaskBeforeUpdate on Task trigger event BeforeUpdate|__sfdc_trigger/TaskBeforeUpdate
11:50:06.0 (347578)|HEAP_ALLOCATE|[EXTERNAL]|Bytes:8
11:50:06.0 (416635)|HEAP_ALLOCATE|[EXTERNAL]|Bytes:8
11:50:06.0 (956240)|HEAP_ALLOCATE|[72]|Bytes:3
11:50:06.0 (1008517)|HEAP_ALLOCATE|[77]|Bytes:152
11:50:06.0 (1032698)|HEAP_ALLOCATE|[342]|Bytes:408
11:50:06.0 (1050435)|HEAP_ALLOCATE|[355]|Bytes:408
11:50:06.0 (1074640)|HEAP_ALLOCATE|[467]|Bytes:48
11:50:06.0 (1116843)|HEAP_ALLOCATE|[139]|Bytes:6
11:50:06.0 (1154125)|HEAP_ALLOCATE|[EXTERNAL]|Bytes:4
11:50:06.0 (1166715)|VARIABLE_SCOPE_BEGIN|[10]|this|TaskBeforeUpdate|true|false
11:50:06.0 (1230898)|VARIABLE_ASSIGNMENT|[10]|this|{}|0x529f270a
11:50:06.0 (1313773)|HEAP_ALLOCATE|[EXTERNAL]|Bytes:4
11:50:06.0 (1327190)|VARIABLE_SCOPE_BEGIN|[10]|this|TaskBeforeUpdate|true|false
11:50:06.0 (1346560)|VARIABLE_ASSIGNMENT|[10]|this|{}|0x529f270a
11:50:06.0 (1359587)|STATEMENT_EXECUTE|[10]
11:50:06.1 (1365099)|CUMULATIVE_LIMIT_USAGE
11:50:06.1 (1365099)|LIMIT_USAGE_FOR_NS|(default)|
  Number of SOQL queries: 0 out of 100
  Number of query rows: 0 out of 50000
  Number of SOSL queries: 0 out of 20
  Number of DML statements: 0 out of 150
  Number of DML rows: 0 out of 10000
  Maximum CPU time: 0 out of 10000
  Maximum heap size: 0 out of 6000000
  Number of callouts: 0 out of 100
  Number of Email Invocations: 0 out of 10
  Number of future calls: 0 out of 50
  Number of queueable jobs added to the queue: 0 out of 50
  Number of Mobile Apex push calls: 0 out of 10

11:50:06.1 (1365099)|CUMULATIVE_LIMIT_USAGE_END

11:50:06.0 (2723239)|CODE_UNIT_FINISHED|TaskBeforeUpdate on Task trigger event BeforeUpdate|__sfdc_trigger/TaskBeforeUpdate
11:50:06.0 (8001541)|CODE_UNIT_STARTED|[EXTERNAL]|Validation:Task:00T6F0000525fj2
11:50:06.0 (8028123)|VALIDATION_RULE|03d6F000000qFaO|Finish_all_call_monitor_field
11:50:06.0 (8950347)|VALIDATION_FORMULA|AND(!ISBLANK(Monitored_By__c),
    OR(ISBLANK( TEXT(CM_advised_what_will_happen_next__c)),
       ISBLANK( TEXT(Allow_customer_to_present_concerns__c) ),
       ISBLANK( TEXT(Communication_is_clear_positive_confiden__c) ),
       ISBLANK( TEXT(Demonstrate_active_listening__c )),
       ISBLANK( TEXT(Gave_correct_answers_and_infomations__c) ),
       ISBLANK( TEXT(Mirrors_clients_talking_behaviour__c) ) ))|CM_advised_what_will_happen_next__c=null , Demonstrate_active_listening__c=null , Communication_is_clear_positive_confiden__c=null , Allow_customer_to_present_concerns__c=null , Gave_correct_answers_and_infomations__c=null , Mirrors_clients_talking_behaviour__c=null , Monitored_By__c=null
11:50:06.0 (8974997)|VALIDATION_PASS
11:50:06.0 (8978817)|VALIDATION_RULE|03d900000009JbB|Interac_Quality_Must_Be_Between_1_and_10
11:50:06.0 (9116283)|VALIDATION_FORMULA|NVMContactWorld__InteractionQuality__c < 1  &#124;&#124;  NVMContactWorld__InteractionQuality__c > 10|NVMContactWorld__InteractionQuality__c=null
11:50:06.0 (9130127)|VALIDATION_PASS
11:50:06.0 (9485918)|CODE_UNIT_FINISHED|Validation:Task:00T6F0000525fj2
11:50:06.0 (30441080)|CODE_UNIT_STARTED|[EXTERNAL]|Workflow:Task
11:50:06.0 (46105611)|WF_RULE_EVAL_BEGIN|Workflow
11:50:06.0 (46154519)|WF_CRITERIA_BEGIN|[Task:  00T6F0000525fj2]|Update Call Monitor Details|01Q6F0000002Tdt|ON_CREATE_OR_TRIGGERING_UPDATE|0
11:50:06.0 (49828433)|WF_RULE_FILTER|[Task : Monitored By not equal to ]
11:50:06.0 (49859175)|WF_RULE_EVAL_VALUE|
11:50:06.0 (49865915)|WF_CRITERIA_END|false
11:50:06.0 (49893583)|WF_CRITERIA_BEGIN|[Task:  00T6F0000525fj2]|Update_Callback_Request_Due_Date3016F0000005i0e|01Q6F0000019gyq|ON_CREATE_ONLY|0
11:50:06.0 (49910228)|WF_RULE_NOT_EVALUATED
11:50:06.0 (49919174)|WF_CRITERIA_BEGIN|[Task:  00T6F0000525fj2]|Call Back Request From LinX|01Q6F000001EY2L|ON_CREATE_OR_TRIGGERING_UPDATE|0
11:50:06.0 (50005233)|WF_RULE_FILTER|[Task : Subject equals Callback Request]
11:50:06.0 (50023128)|WF_RULE_EVAL_VALUE|Outbound call to +61413610975
11:50:06.0 (50030127)|WF_CRITERIA_END|false
11:50:06.0 (50043751)|WF_CRITERIA_BEGIN|[Task:  00T6F0000525fj2]|Call_Monitor3016F00000054R3|01Q6F000000oOu7|ON_ALL_CHANGES|0
11:50:06.0 (50315144)|WF_FORMULA|Formula:ENCODED:[treatNullAsNull]true|Values:
11:50:06.0 (50328912)|WF_CRITERIA_END|true
11:50:06.0 (51383518)|WF_SPOOL_ACTION_BEGIN|Workflow
11:50:06.0 (51422576)|WF_ACTION| Flow Trigger: 1;
11:50:06.0 (51444166)|WF_RULE_EVAL_END
11:50:06.0 (51527571)|WF_FLOW_ACTION_BEGIN|09L6F000000PGTV
11:50:06.53 (53533280)|FLOW_CREATE_INTERVIEW_BEGIN|00D90000000IJSa|3006F0000008usA|3016F00000054R3
11:50:06.53 (54439021)|FLOW_CREATE_INTERVIEW_END|32315b082c1cce9e93e08eeef7e1669e8b520b-3260|Call Monitoring
11:50:06.54 (54889821)|FLOW_START_INTERVIEWS_BEGIN|1
11:50:06.54 (54923563)|FLOW_START_INTERVIEW_BEGIN|32315b082c1cce9e93e08eeef7e1669e8b520b-3260|Call Monitoring
11:50:06.54 (69464051)|FLOW_START_INTERVIEW_END|32315b082c1cce9e93e08eeef7e1669e8b520b-3260|Call Monitoring
11:50:06.54 (69497000)|FLOW_START_INTERVIEWS_END|1
11:50:06.0 (71027226)|WF_FLOW_ACTION_END|09L6F000000PGTV
11:50:06.0 (71168666)|WF_ACTIONS_END| Flow Trigger: 1;
11:50:06.0 (71180716)|CODE_UNIT_FINISHED|Workflow:Task
11:50:06.0 (84080592)|CODE_UNIT_FINISHED|TRIGGERS
11:50:06.0 (84114297)|EXECUTION_FINISHED
