37.0 APEX_CODE,FINEST;APEX_PROFILING,INFO;CALLOUT,INFO;DB,INFO;NBA,INFO;SYSTEM,DEBUG;VALIDATION,INFO;VISUALFORCE,INFO;WAVE,INFO;WORKFLOW,INFO
11:49:03.0 (89790)|USER_INFO|[EXTERNAL]|00590000000Vmmq|ben@bjbglobal.com.au|Australian Eastern Standard Time|GMT+10:00
11:49:03.0 (126766)|EXECUTION_STARTED
11:49:03.0 (131848)|CODE_UNIT_STARTED|[EXTERNAL]|0666F000007GVD0|VF: /apex/SeoGeoCompare
11:49:03.0 (2065657)|VF_DESERIALIZE_VIEWSTATE_BEGIN|0666F000007GVD0
11:49:03.0 (9280481)|HEAP_ALLOCATE|[72]|Bytes:3
11:49:03.0 (9321883)|HEAP_ALLOCATE|[77]|Bytes:152
11:49:03.0 (9335127)|HEAP_ALLOCATE|[342]|Bytes:408
11:49:03.0 (9346883)|HEAP_ALLOCATE|[355]|Bytes:408
11:49:03.0 (9357794)|HEAP_ALLOCATE|[467]|Bytes:48
11:49:03.0 (9382568)|HEAP_ALLOCATE|[139]|Bytes:6
11:49:03.0 (9405431)|HEAP_ALLOCATE|[50]|Bytes:5
11:49:03.0 (9427464)|HEAP_ALLOCATE|[56]|Bytes:5
11:49:03.0 (9436589)|HEAP_ALLOCATE|[64]|Bytes:7
11:49:03.0 (14083136)|VF_DESERIALIZE_VIEWSTATE_END
11:49:03.0 (17294389)|SYSTEM_MODE_ENTER|true
11:49:03.0 (17336208)|HEAP_ALLOCATE|[EXTERNAL]|Bytes:196
11:49:03.0 (17348214)|HEAP_ALLOCATE|[EXTERNAL]|Bytes:30
11:49:03.0 (17362628)|METHOD_ENTRY|[1]|01p6F000009rEEx|SeoGeoController.SeoGeoController()
11:49:03.0 (17369428)|STATEMENT_EXECUTE|[1]
11:49:03.0 (17373682)|STATEMENT_EXECUTE|[1]
11:49:03.0 (17381926)|SYSTEM_MODE_ENTER|false
11:49:03.0 (17392985)|HEAP_ALLOCATE|[EXTERNAL]|Bytes:5
11:49:03.0 (17401554)|SYSTEM_MODE_EXIT|false
11:49:03.0 (17410111)|METHOD_EXIT|[1]|SeoGeoController
11:49:03.0 (17933321)|HEAP_ALLOCATE|[EXTERNAL]|Bytes:24
11:49:03.0 (17945905)|VARIABLE_SCOPE_BEGIN|[59]|this|SeoGeoController|true|false
11:49:03.0 (18020673)|VARIABLE_ASSIGNMENT|[59]|this|{"allGeo":"0x6daca9ca","device":"desktop","refreshRequired":true,"selectedGeo":"0x122d3085","seoWebsite":"0x6871363a"}|0xc2e6a10
11:49:03.0 (18039420)|SYSTEM_MODE_ENTER|false
11:49:03.0 (18046705)|HEAP_ALLOCATE|[65]|Bytes:5
11:49:03.0 (18051540)|STATEMENT_EXECUTE|[59]
11:49:03.0 (18053371)|STATEMENT_EXECUTE|[65]
11:49:03.0 (18065125)|SYSTEM_MODE_EXIT|false
11:49:03.0 (26400654)|SYSTEM_MODE_ENTER|true
11:49:03.26 (26842846)|SYSTEM_MODE_ENTER|true
11:49:03.26 (26929176)|HEAP_ALLOCATE|[EXTERNAL]|Bytes:38
11:49:03.26 (26940668)|HEAP_ALLOCATE|[EXTERNAL]|Bytes:7
11:49:03.27 (27169278)|SYSTEM_MODE_ENTER|true
11:49:03.27 (27208607)|HEAP_ALLOCATE|[EXTERNAL]|Bytes:8
11:49:03.27 (27216055)|VARIABLE_SCOPE_BEGIN|[2]|this|ApexPage.PageMessagesComponentController|true|false
11:49:03.27 (27252738)|VARIABLE_ASSIGNMENT|[2]|this|{}|0x1bae6c77
11:49:03.0 (28020681)|SYSTEM_MODE_ENTER|true
11:49:03.0 (28095297)|SYSTEM_MODE_ENTER|true
11:49:03.0 (28128306)|HEAP_ALLOCATE|[EXTERNAL]|Bytes:164
11:49:03.0 (28137521)|HEAP_ALLOCATE|[EXTERNAL]|Bytes:12
11:49:03.0 (28147301)|METHOD_ENTRY|[5]|01p6F000009rEEv|MultiselectController.MultiselectController()
11:49:03.0 (28153340)|STATEMENT_EXECUTE|[5]
11:49:03.0 (28156719)|STATEMENT_EXECUTE|[5]
11:49:03.0 (28163291)|SYSTEM_MODE_ENTER|false
11:49:03.0 (28169739)|HEAP_ALLOCATE|[EXTERNAL]|Bytes:5
11:49:03.0 (28177115)|SYSTEM_MODE_EXIT|false
11:49:03.0 (28184051)|METHOD_EXIT|[5]|MultiselectController
11:49:03.0 (28198426)|HEAP_ALLOCATE|[EXTERNAL]|Bytes:232
11:49:03.0 (28206054)|HEAP_ALLOCATE|[EXTERNAL]|Bytes:20
11:49:03.0 (28224737)|VARIABLE_ASSIGNMENT|[EXTERNAL]|this.leftOptions|"List of size 57 too large to display"|0x52fbc06
11:49:03.0 (28288724)|SYSTEM_MODE_ENTER|true
11:49:03.0 (28343615)|SYSTEM_MODE_ENTER|true
11:49:03.0 (28370030)|HEAP_ALLOCATE|[EXTERNAL]|Bytes:4
11:49:03.0 (28374918)|HEAP_ALLOCATE|[EXTERNAL]|Bytes:20
11:49:03.0 (28385332)|VARIABLE_ASSIGNMENT|[EXTERNAL]|this.rightOptions|[]|0x52fbc06
11:49:03.0 (31870857)|SYSTEM_MODE_ENTER|true
11:49:03.0 (32257089)|SYSTEM_MODE_ENTER|true
11:49:03.0 (32486363)|SYSTEM_MODE_ENTER|true
11:49:03.0 (34901411)|SYSTEM_MODE_ENTER|true
11:49:03.0 (34954622)|HEAP_ALLOCATE|[EXTERNAL]|Bytes:24
11:49:03.0 (34964824)|VARIABLE_SCOPE_BEGIN|[76]|this|SeoGeoController|true|false
11:49:03.0 (35006392)|VARIABLE_ASSIGNMENT|[76]|this|{"allGeo":"0x6daca9ca","device":"desktop","refreshRequired":true,"selectedGeo":"0x122d3085","seoWebsite":"0x6871363a"}|0xc2e6a10
11:49:03.0 (35021770)|SYSTEM_MODE_ENTER|false
11:49:03.0 (35028952)|HEAP_ALLOCATE|[77]|Bytes:5
11:49:03.0 (35034255)|STATEMENT_EXECUTE|[76]
11:49:03.0 (35036241)|STATEMENT_EXECUTE|[77]
11:49:03.0 (35047901)|VARIABLE_SCOPE_BEGIN|[77]|geoTable|String|false|false
11:49:03.0 (35057549)|VARIABLE_ASSIGNMENT|[77]|geoTable|null
11:49:03.0 (35061529)|STATEMENT_EXECUTE|[80]
11:49:03.0 (35085132)|METHOD_ENTRY|[80]|01p6F000009rEEx|SeoGeoController.getGeoURL()
11:49:03.0 (35102629)|VARIABLE_SCOPE_BEGIN|[97]|this|SeoGeoController|true|false
11:49:03.0 (35129190)|VARIABLE_ASSIGNMENT|[97]|this|{"allGeo":"0x6daca9ca","device":"desktop","refreshRequired":true,"selectedGeo":"0x122d3085","seoWebsite":"0x6871363a"}|0xc2e6a10
11:49:03.0 (35140284)|HEAP_ALLOCATE|[99]|Bytes:5
11:49:03.0 (35145050)|STATEMENT_EXECUTE|[97]
11:49:03.0 (35146958)|STATEMENT_EXECUTE|[99]
11:49:03.0 (35153844)|HEAP_ALLOCATE|[99]|Bytes:56
11:49:03.0 (35194065)|VARIABLE_ASSIGNMENT|[EXTERNAL]|this|{"allGeo":"0x6daca9ca","device":"desktop","refreshRequired":true,"selectedGeo":"0x122d3085","seoWebsite":"0x6871363a"}|0xc2e6a10
11:49:03.0 (35249093)|HEAP_ALLOCATE|[99]|Bytes:18
11:49:03.0 (35255814)|HEAP_ALLOCATE|[99]|Bytes:5
11:49:03.0 (35303214)|HEAP_ALLOCATE|[99]|Bytes:15
11:49:03.0 (35314562)|SYSTEM_METHOD_ENTRY|[1]|EncodingUtil.EncodingUtil()
11:49:03.0 (35319154)|STATEMENT_EXECUTE|[1]
11:49:03.0 (35325264)|SYSTEM_METHOD_EXIT|[1]|EncodingUtil
11:49:03.0 (35337098)|METHOD_ENTRY|[99]||System.EncodingUtil.urlEncode(String, String)
11:49:03.0 (35392040)|METHOD_EXIT|[99]||System.EncodingUtil.urlEncode(String, String)
11:49:03.0 (35403766)|HEAP_ALLOCATE|[99]|Bytes:74
11:49:03.0 (35409354)|VARIABLE_SCOPE_BEGIN|[99]|consolePath|String|false|false
11:49:03.0 (35426276)|VARIABLE_ASSIGNMENT|[99]|consolePath|"/?c=seo&action=keywo (54 more) ..."
11:49:03.0 (35470682)|VARIABLE_ASSIGNMENT|[EXTERNAL]|this|{"allGeo":"0x6daca9ca","device":"desktop","refreshRequired":true,"selectedGeo":"0x122d3085","seoWebsite":"0x6871363a"}|0xc2e6a10
11:49:03.0 (35511032)|HEAP_ALLOCATE|[101]|Bytes:5
11:49:03.0 (35528358)|VARIABLE_ASSIGNMENT|[101]|so|null|
11:49:03.0 (35533803)|STATEMENT_EXECUTE|[101]
11:49:03.0 (35568859)|VARIABLE_ASSIGNMENT|[EXTERNAL]|this|{"allGeo":"0x6daca9ca","device":"desktop","refreshRequired":true,"selectedGeo":"0x122d3085","seoWebsite":"0x6871363a"}|0xc2e6a10
11:49:03.0 (35600436)|STATEMENT_EXECUTE|[105]
11:49:03.0 (35602437)|STATEMENT_EXECUTE|[106]
11:49:03.0 (35609166)|HEAP_ALLOCATE|[106]|Bytes:13
11:49:03.0 (35641990)|VARIABLE_ASSIGNMENT|[EXTERNAL]|this|{"allGeo":"0x6daca9ca","device":"desktop","refreshRequired":true,"selectedGeo":"0x122d3085","seoWebsite":"0x6871363a"}|0xc2e6a10
11:49:03.0 (35659240)|METHOD_ENTRY|[106]||System.EncodingUtil.urlEncode(String, String)
11:49:03.0 (35687301)|METHOD_EXIT|[106]||System.EncodingUtil.urlEncode(String, String)
11:49:03.0 (35693999)|HEAP_ALLOCATE|[106]|Bytes:49
11:49:03.0 (35699268)|HEAP_ALLOCATE|[106]|Bytes:123
11:49:03.0 (35708885)|VARIABLE_ASSIGNMENT|[106]|consolePath|"/?c=seo&action=keywo (103 more) ..."
11:49:03.0 (35742973)|VARIABLE_ASSIGNMENT|[EXTERNAL]|this|{"allGeo":"0x6daca9ca","device":"desktop","refreshRequired":true,"selectedGeo":"0x122d3085","seoWebsite":"0x6871363a"}|0xc2e6a10
11:49:03.0 (35756028)|HEAP_ALLOCATE|[109]|Bytes:6
11:49:03.0 (35774684)|STATEMENT_EXECUTE|[109]
11:49:03.0 (35780657)|STATEMENT_EXECUTE|[113]
11:49:03.0 (35790010)|METHOD_ENTRY|[113]|01p6F000009rEEx|SeoGeoController.getKeywordIdQueryString()
11:49:03.0 (35804448)|VARIABLE_SCOPE_BEGIN|[43]|this|SeoGeoController|true|false
11:49:03.0 (35828302)|VARIABLE_ASSIGNMENT|[43]|this|{"allGeo":"0x6daca9ca","device":"desktop","refreshRequired":true,"selectedGeo":"0x122d3085","seoWebsite":"0x6871363a"}|0xc2e6a10
11:49:03.0 (35839950)|HEAP_ALLOCATE|[44]|Bytes:5
11:49:03.0 (35844323)|STATEMENT_EXECUTE|[43]
11:49:03.0 (35846080)|STATEMENT_EXECUTE|[44]
11:49:03.0 (35853057)|VARIABLE_SCOPE_BEGIN|[44]|keywordQueryString|String|false|false
11:49:03.0 (35862446)|VARIABLE_ASSIGNMENT|[44]|keywordQueryString|""
11:49:03.0 (35866546)|STATEMENT_EXECUTE|[47]
11:49:03.0 (35871322)|HEAP_ALLOCATE|[47]|Bytes:109
11:49:03.0 (35890906)|HEAP_ALLOCATE|[47]|Bytes:4
11:49:03.0 (35902949)|HEAP_ALLOCATE|[47]|Bytes:7
11:49:03.0 (35969164)|HEAP_ALLOCATE|[47]|Bytes:359
11:49:03.0 (36014595)|HEAP_ALLOCATE|[47]|Bytes:336
11:49:03.0 (36034951)|HEAP_ALLOCATE|[47]|Bytes:2
11:49:03.0 (38004178)|SOQL_EXECUTE_BEGIN|[47]|Aggregations:0|SELECT Id FROM seoThemeKeywords__c WHERE seoWebsites__c = :tmpVar1 ORDER BY Google_Current__c ASC NULLS FIRST
11:49:03.0 (42407318)|SOQL_EXECUTE_END|[47]|Rows:30
11:49:03.0 (42437815)|HEAP_ALLOCATE|[47]|Bytes:124
11:49:03.0 (42480971)|HEAP_ALLOCATE|[47]|Bytes:1650
11:49:03.0 (42547839)|HEAP_ALLOCATE|[47]|Bytes:124
11:49:03.0 (42564208)|VARIABLE_SCOPE_BEGIN|[47]|seoKeywords|List<seoThemeKeywords__c>|true|false
11:49:03.0 (42587884)|VARIABLE_ASSIGNMENT|[47]|seoKeywords|"List of size 30 too large to display"|0x552d8baf
11:49:03.0 (42652796)|STATEMENT_EXECUTE|[49]
11:49:03.0 (42777396)|HEAP_ALLOCATE|[50]|Bytes:5
11:49:03.0 (42796926)|HEAP_ALLOCATE|[50]|Bytes:12
11:49:03.0 (42805370)|VARIABLE_SCOPE_BEGIN|[50]|seoKeyword|seoThemeKeywords__c|true|false
11:49:03.0 (42825975)|VARIABLE_ASSIGNMENT|[50]|seoKeyword|{"Id":"a1D6F000003TvPBUA0","CurrencyIsoCode":"AUD"}|0x385ebc80
11:49:03.0 (42832084)|STATEMENT_EXECUTE|[50]
11:49:03.0 (42833891)|STATEMENT_EXECUTE|[51]
11:49:03.0 (42844311)|HEAP_ALLOCATE|[51]|Bytes:5
11:49:03.0 (42877792)|HEAP_ALLOCATE|[51]|Bytes:18
11:49:03.0 (42891718)|METHOD_ENTRY|[51]||System.EncodingUtil.urlEncode(String, String)
11:49:03.0 (42931126)|METHOD_EXIT|[51]||System.EncodingUtil.urlEncode(String, String)
11:49:03.0 (42938830)|HEAP_ALLOCATE|[51]|Bytes:23
11:49:03.0 (42943726)|HEAP_ALLOCATE|[51]|Bytes:23
11:49:03.0 (42954700)|VARIABLE_ASSIGNMENT|[51]|keywordQueryString|"&k[]=a1D6F000003TvPB (3 more) ..."
11:49:03.0 (42966767)|HEAP_ALLOCATE|[50]|Bytes:5
11:49:03.0 (42978246)|HEAP_ALLOCATE|[50]|Bytes:12
11:49:03.0 (42984519)|VARIABLE_SCOPE_BEGIN|[50]|seoKeyword|seoThemeKeywords__c|true|false
11:49:03.0 (42998619)|VARIABLE_ASSIGNMENT|[50]|seoKeyword|{"Id":"a1D6F000003TvPXUA0","CurrencyIsoCode":"AUD"}|0x5c2eeebb
11:49:03.0 (43004096)|STATEMENT_EXECUTE|[50]
11:49:03.0 (43006288)|STATEMENT_EXECUTE|[51]
11:49:03.0 (43020336)|HEAP_ALLOCATE|[51]|Bytes:18
11:49:03.0 (43027807)|METHOD_ENTRY|[51]||System.EncodingUtil.urlEncode(String, String)
11:49:03.0 (43050519)|METHOD_EXIT|[51]||System.EncodingUtil.urlEncode(String, String)
11:49:03.0 (43055366)|HEAP_ALLOCATE|[51]|Bytes:23
11:49:03.0 (43059471)|HEAP_ALLOCATE|[51]|Bytes:46
11:49:03.0 (43068143)|VARIABLE_ASSIGNMENT|[51]|keywordQueryString|"&k[]=a1D6F000003TvPB (26 more) ..."
11:49:03.0 (43078224)|HEAP_ALLOCATE|[50]|Bytes:5
11:49:03.0 (43087391)|HEAP_ALLOCATE|[50]|Bytes:12
11:49:03.0 (43092520)|VARIABLE_SCOPE_BEGIN|[50]|seoKeyword|seoThemeKeywords__c|true|false
11:49:03.0 (43105661)|VARIABLE_ASSIGNMENT|[50]|seoKeyword|{"Id":"a1D6F000003TvPVUA0","CurrencyIsoCode":"AUD"}|0x81771e0
11:49:03.0 (43111510)|STATEMENT_EXECUTE|[50]
11:49:03.0 (43113179)|STATEMENT_EXECUTE|[51]
11:49:03.0 (43123381)|HEAP_ALLOCATE|[51]|Bytes:18
11:49:03.0 (43130186)|METHOD_ENTRY|[51]||System.EncodingUtil.urlEncode(String, String)
11:49:03.0 (43150411)|METHOD_EXIT|[51]||System.EncodingUtil.urlEncode(String, String)
11:49:03.0 (43155051)|HEAP_ALLOCATE|[51]|Bytes:23
11:49:03.0 (43159259)|HEAP_ALLOCATE|[51]|Bytes:69
11:49:03.0 (43167328)|VARIABLE_ASSIGNMENT|[51]|keywordQueryString|"&k[]=a1D6F000003TvPB (49 more) ..."
11:49:03.0 (43176565)|HEAP_ALLOCATE|[50]|Bytes:5
11:49:03.0 (43185012)|HEAP_ALLOCATE|[50]|Bytes:12
11:49:03.0 (43190755)|VARIABLE_SCOPE_BEGIN|[50]|seoKeyword|seoThemeKeywords__c|true|false
11:49:03.0 (43203232)|VARIABLE_ASSIGNMENT|[50]|seoKeyword|{"Id":"a1D6F000003TvP9UAK","CurrencyIsoCode":"AUD"}|0x2801a3
11:49:03.0 (43208622)|STATEMENT_EXECUTE|[50]
11:49:03.0 (43210108)|STATEMENT_EXECUTE|[51]
11:49:03.0 (43219701)|HEAP_ALLOCATE|[51]|Bytes:18
11:49:03.0 (43226437)|METHOD_ENTRY|[51]||System.EncodingUtil.urlEncode(String, String)
11:49:03.0 (43246238)|METHOD_EXIT|[51]||System.EncodingUtil.urlEncode(String, String)
11:49:03.0 (43251462)|HEAP_ALLOCATE|[51]|Bytes:23
11:49:03.0 (43255747)|HEAP_ALLOCATE|[51]|Bytes:92
11:49:03.0 (43264069)|VARIABLE_ASSIGNMENT|[51]|keywordQueryString|"&k[]=a1D6F000003TvPB (72 more) ..."
11:49:03.0 (43273402)|HEAP_ALLOCATE|[50]|Bytes:5
11:49:03.0 (43285011)|HEAP_ALLOCATE|[50]|Bytes:12
11:49:03.0 (43293585)|VARIABLE_SCOPE_BEGIN|[50]|seoKeyword|seoThemeKeywords__c|true|false
11:49:03.0 (43321050)|VARIABLE_ASSIGNMENT|[50]|seoKeyword|{"Id":"a1D6F000003TvPNUA0","CurrencyIsoCode":"AUD"}|0x4ddf179a
11:49:03.0 (43330197)|STATEMENT_EXECUTE|[50]
11:49:03.0 (43332411)|STATEMENT_EXECUTE|[51]
11:49:03.0 (43348522)|HEAP_ALLOCATE|[51]|Bytes:18
11:49:03.0 (43357622)|METHOD_ENTRY|[51]||System.EncodingUtil.urlEncode(String, String)
11:49:03.0 (43380031)|METHOD_EXIT|[51]||System.EncodingUtil.urlEncode(String, String)
11:49:03.0 (43385216)|HEAP_ALLOCATE|[51]|Bytes:23
11:49:03.0 (43389436)|HEAP_ALLOCATE|[51]|Bytes:115
11:49:03.0 (43398225)|VARIABLE_ASSIGNMENT|[51]|keywordQueryString|"&k[]=a1D6F000003TvPB (95 more) ..."
11:49:03.0 (43408971)|HEAP_ALLOCATE|[50]|Bytes:5
11:49:03.0 (43424010)|HEAP_ALLOCATE|[50]|Bytes:12
11:49:03.0 (43429760)|VARIABLE_SCOPE_BEGIN|[50]|seoKeyword|seoThemeKeywords__c|true|false
11:49:03.0 (43442183)|VARIABLE_ASSIGNMENT|[50]|seoKeyword|{"Id":"a1D6F000003TvPAUA0","CurrencyIsoCode":"AUD"}|0x66af63ac
11:49:03.0 (43447876)|STATEMENT_EXECUTE|[50]
11:49:03.0 (43449440)|STATEMENT_EXECUTE|[51]
11:49:03.0 (43459385)|HEAP_ALLOCATE|[51]|Bytes:18
11:49:03.0 (43466066)|METHOD_ENTRY|[51]||System.EncodingUtil.urlEncode(String, String)
11:49:03.0 (43485786)|METHOD_EXIT|[51]||System.EncodingUtil.urlEncode(String, String)
11:49:03.0 (43490474)|HEAP_ALLOCATE|[51]|Bytes:23
11:49:03.0 (43495132)|HEAP_ALLOCATE|[51]|Bytes:138
11:49:03.0 (43503224)|VARIABLE_ASSIGNMENT|[51]|keywordQueryString|"&k[]=a1D6F000003TvPB (118 more) ..."
11:49:03.0 (43512283)|HEAP_ALLOCATE|[50]|Bytes:5
11:49:03.0 (43520649)|HEAP_ALLOCATE|[50]|Bytes:12
11:49:03.0 (43526563)|VARIABLE_SCOPE_BEGIN|[50]|seoKeyword|seoThemeKeywords__c|true|false
11:49:03.0 (43538346)|VARIABLE_ASSIGNMENT|[50]|seoKeyword|{"Id":"a1D6F000003TvPCUA0","CurrencyIsoCode":"AUD"}|0x558496e8
11:49:03.0 (43543120)|STATEMENT_EXECUTE|[50]
11:49:03.0 (43544597)|STATEMENT_EXECUTE|[51]
11:49:03.0 (43553576)|HEAP_ALLOCATE|[51]|Bytes:18
11:49:03.0 (43559854)|METHOD_ENTRY|[51]||System.EncodingUtil.urlEncode(String, String)
11:49:03.0 (43579766)|METHOD_EXIT|[51]||System.EncodingUtil.urlEncode(String, String)
11:49:03.0 (43584833)|HEAP_ALLOCATE|[51]|Bytes:23
11:49:03.0 (43589038)|HEAP_ALLOCATE|[51]|Bytes:161
11:49:03.0 (43597096)|VARIABLE_ASSIGNMENT|[51]|keywordQueryString|"&k[]=a1D6F000003TvPB (141 more) ..."
11:49:03.0 (43606175)|HEAP_ALLOCATE|[50]|Bytes:5
11:49:03.0 (43614087)|HEAP_ALLOCATE|[50]|Bytes:12
11:49:03.0 (43619073)|VARIABLE_SCOPE_BEGIN|[50]|seoKeyword|seoThemeKeywords__c|true|false
11:49:03.0 (43630384)|VARIABLE_ASSIGNMENT|[50]|seoKeyword|{"Id":"a1D6F000003TvPPUA0","CurrencyIsoCode":"AUD"}|0x1561a0e2
11:49:03.0 (43635945)|STATEMENT_EXECUTE|[50]
11:49:03.0 (43637520)|STATEMENT_EXECUTE|[51]
11:49:03.0 (43646397)|HEAP_ALLOCATE|[51]|Bytes:18
11:49:03.0 (43652932)|METHOD_ENTRY|[51]||System.EncodingUtil.urlEncode(String, String)
11:49:03.0 (43672160)|METHOD_EXIT|[51]||System.EncodingUtil.urlEncode(String, String)
11:49:03.0 (43676564)|HEAP_ALLOCATE|[51]|Bytes:23
11:49:03.0 (43680963)|HEAP_ALLOCATE|[51]|Bytes:184
11:49:03.0 (43688375)|VARIABLE_ASSIGNMENT|[51]|keywordQueryString|"&k[]=a1D6F000003TvPB (164 more) ..."
11:49:03.0 (43697152)|HEAP_ALLOCATE|[50]|Bytes:5
11:49:03.0 (43705480)|HEAP_ALLOCATE|[50]|Bytes:12
11:49:03.0 (43710874)|VARIABLE_SCOPE_BEGIN|[50]|seoKeyword|seoThemeKeywords__c|true|false
11:49:03.0 (43723033)|VARIABLE_ASSIGNMENT|[50]|seoKeyword|{"Id":"a1D6F000003TvPHUA0","CurrencyIsoCode":"AUD"}|0x20371613
11:49:03.0 (43727618)|STATEMENT_EXECUTE|[50]
11:49:03.0 (43729157)|STATEMENT_EXECUTE|[51]
11:49:03.0 (43738336)|HEAP_ALLOCATE|[51]|Bytes:18
11:49:03.0 (43744355)|METHOD_ENTRY|[51]||System.EncodingUtil.urlEncode(String, String)
11:49:03.0 (43763299)|METHOD_EXIT|[51]||System.EncodingUtil.urlEncode(String, String)
11:49:03.0 (43767989)|HEAP_ALLOCATE|[51]|Bytes:23
11:49:03.0 (43771834)|HEAP_ALLOCATE|[51]|Bytes:207
11:49:03.0 (43780279)|VARIABLE_ASSIGNMENT|[51]|keywordQueryString|"&k[]=a1D6F000003TvPB (187 more) ..."
11:49:03.0 (43788617)|HEAP_ALLOCATE|[50]|Bytes:5
11:49:03.0 (43796943)|HEAP_ALLOCATE|[50]|Bytes:12
11:49:03.0 (43801728)|VARIABLE_SCOPE_BEGIN|[50]|seoKeyword|seoThemeKeywords__c|true|false
11:49:03.0 (43813115)|VARIABLE_ASSIGNMENT|[50]|seoKeyword|{"Id":"a1D6F000003TvPJUA0","CurrencyIsoCode":"AUD"}|0x3d18b3ba
11:49:03.0 (43818169)|STATEMENT_EXECUTE|[50]
11:49:03.0 (43819720)|STATEMENT_EXECUTE|[51]
11:49:03.0 (43828243)|HEAP_ALLOCATE|[51]|Bytes:18
11:49:03.0 (43834295)|METHOD_ENTRY|[51]||System.EncodingUtil.urlEncode(String, String)
11:49:03.0 (43855795)|METHOD_EXIT|[51]||System.EncodingUtil.urlEncode(String, String)
11:49:03.0 (43860725)|HEAP_ALLOCATE|[51]|Bytes:23
11:49:03.0 (43864504)|HEAP_ALLOCATE|[51]|Bytes:230
11:49:03.0 (43872854)|VARIABLE_ASSIGNMENT|[51]|keywordQueryString|"&k[]=a1D6F000003TvPB (210 more) ..."
11:49:03.0 (43881630)|HEAP_ALLOCATE|[50]|Bytes:5
11:49:03.0 (43890154)|HEAP_ALLOCATE|[50]|Bytes:12
11:49:03.0 (43895285)|VARIABLE_SCOPE_BEGIN|[50]|seoKeyword|seoThemeKeywords__c|true|false
11:49:03.0 (43907499)|VARIABLE_ASSIGNMENT|[50]|seoKeyword|{"Id":"a1D6F000003TvPYUA0","CurrencyIsoCode":"AUD"}|0x4c5a5127
11:49:03.0 (43912252)|STATEMENT_EXECUTE|[50]
11:49:03.0 (43913753)|STATEMENT_EXECUTE|[51]
11:49:03.0 (43922561)|HEAP_ALLOCATE|[51]|Bytes:18
11:49:03.0 (43928772)|METHOD_ENTRY|[51]||System.EncodingUtil.urlEncode(String, String)
11:49:03.0 (43947868)|METHOD_EXIT|[51]||System.EncodingUtil.urlEncode(String, String)
11:49:03.0 (43952505)|HEAP_ALLOCATE|[51]|Bytes:23
11:49:03.0 (43956669)|HEAP_ALLOCATE|[51]|Bytes:253
11:49:03.0 (43964635)|VARIABLE_ASSIGNMENT|[51]|keywordQueryString|"&k[]=a1D6F000003TvPB (233 more) ..."
11:49:03.0 (43973391)|HEAP_ALLOCATE|[50]|Bytes:5
11:49:03.0 (43981569)|HEAP_ALLOCATE|[50]|Bytes:12
11:49:03.0 (43986514)|VARIABLE_SCOPE_BEGIN|[50]|seoKeyword|seoThemeKeywords__c|true|false
11:49:03.0 (43998232)|VARIABLE_ASSIGNMENT|[50]|seoKeyword|{"Id":"a1D6F000003TvPFUA0","CurrencyIsoCode":"AUD"}|0x54a48efe
11:49:03.0 (44003052)|STATEMENT_EXECUTE|[50]
11:49:03.0 (44005040)|STATEMENT_EXECUTE|[51]
11:49:03.0 (44013994)|HEAP_ALLOCATE|[51]|Bytes:18
11:49:03.0 (44020633)|METHOD_ENTRY|[51]||System.EncodingUtil.urlEncode(String, String)
11:49:03.0 (44039289)|METHOD_EXIT|[51]||System.EncodingUtil.urlEncode(String, String)
11:49:03.0 (44043828)|HEAP_ALLOCATE|[51]|Bytes:23
11:49:03.0 (44048181)|HEAP_ALLOCATE|[51]|Bytes:276
11:49:03.0 (44055509)|VARIABLE_ASSIGNMENT|[51]|keywordQueryString|"&k[]=a1D6F000003TvPB (256 more) ..."
11:49:03.0 (44064214)|HEAP_ALLOCATE|[50]|Bytes:5
11:49:03.0 (44072170)|HEAP_ALLOCATE|[50]|Bytes:12
11:49:03.0 (44077413)|VARIABLE_SCOPE_BEGIN|[50]|seoKeyword|seoThemeKeywords__c|true|false
11:49:03.0 (44089029)|VARIABLE_ASSIGNMENT|[50]|seoKeyword|{"Id":"a1D6F000003TvPOUA0","CurrencyIsoCode":"AUD"}|0x4c3b9df7
11:49:03.0 (44094277)|STATEMENT_EXECUTE|[50]
11:49:03.0 (44095785)|STATEMENT_EXECUTE|[51]
11:49:03.0 (44104371)|HEAP_ALLOCATE|[51]|Bytes:18
11:49:03.0 (44110380)|METHOD_ENTRY|[51]||System.EncodingUtil.urlEncode(String, String)
11:49:03.0 (44129064)|METHOD_EXIT|[51]||System.EncodingUtil.urlEncode(String, String)
11:49:03.0 (44133394)|HEAP_ALLOCATE|[51]|Bytes:23
11:49:03.0 (44137355)|HEAP_ALLOCATE|[51]|Bytes:299
11:49:03.0 (44145600)|VARIABLE_ASSIGNMENT|[51]|keywordQueryString|"&k[]=a1D6F000003TvPB (279 more) ..."
11:49:03.0 (44154597)|HEAP_ALLOCATE|[50]|Bytes:5
11:49:03.0 (44162789)|HEAP_ALLOCATE|[50]|Bytes:12
11:49:03.0 (44167630)|VARIABLE_SCOPE_BEGIN|[50]|seoKeyword|seoThemeKeywords__c|true|false
11:49:03.0 (44179218)|VARIABLE_ASSIGNMENT|[50]|seoKeyword|{"Id":"a1D6F000003TvPSUA0","CurrencyIsoCode":"AUD"}|0x344662a9
11:49:03.0 (44184047)|STATEMENT_EXECUTE|[50]
11:49:03.0 (44185803)|STATEMENT_EXECUTE|[51]
11:49:03.0 (44195193)|HEAP_ALLOCATE|[51]|Bytes:18
11:49:03.0 (44201406)|METHOD_ENTRY|[51]||System.EncodingUtil.urlEncode(String, String)
11:49:03.0 (44220648)|METHOD_EXIT|[51]||System.EncodingUtil.urlEncode(String, String)
11:49:03.0 (44225358)|HEAP_ALLOCATE|[51]|Bytes:23
11:49:03.0 (44229593)|HEAP_ALLOCATE|[51]|Bytes:322
11:49:03.0 (44237092)|VARIABLE_ASSIGNMENT|[51]|keywordQueryString|"&k[]=a1D6F000003TvPB (302 more) ..."
11:49:03.0 (44246009)|HEAP_ALLOCATE|[50]|Bytes:5
11:49:03.0 (44253724)|HEAP_ALLOCATE|[50]|Bytes:12
11:49:03.0 (44258357)|VARIABLE_SCOPE_BEGIN|[50]|seoKeyword|seoThemeKeywords__c|true|false
11:49:03.0 (44270184)|VARIABLE_ASSIGNMENT|[50]|seoKeyword|{"Id":"a1D6F000003TvPLUA0","CurrencyIsoCode":"AUD"}|0x2a0bde6f
11:49:03.0 (44275932)|STATEMENT_EXECUTE|[50]
11:49:03.0 (44277488)|STATEMENT_EXECUTE|[51]
11:49:03.0 (44286256)|HEAP_ALLOCATE|[51]|Bytes:18
11:49:03.0 (44292594)|METHOD_ENTRY|[51]||System.EncodingUtil.urlEncode(String, String)
11:49:03.0 (44311132)|METHOD_EXIT|[51]||System.EncodingUtil.urlEncode(String, String)
11:49:03.0 (44315975)|HEAP_ALLOCATE|[51]|Bytes:23
11:49:03.0 (44320479)|HEAP_ALLOCATE|[51]|Bytes:345
11:49:03.0 (44328313)|VARIABLE_ASSIGNMENT|[51]|keywordQueryString|"&k[]=a1D6F000003TvPB (325 more) ..."
11:49:03.0 (44337066)|HEAP_ALLOCATE|[50]|Bytes:5
11:49:03.0 (44345230)|HEAP_ALLOCATE|[50]|Bytes:12
11:49:03.0 (44350339)|VARIABLE_SCOPE_BEGIN|[50]|seoKeyword|seoThemeKeywords__c|true|false
11:49:03.0 (44361932)|VARIABLE_ASSIGNMENT|[50]|seoKeyword|{"Id":"a1D6F000003TvPTUA0","CurrencyIsoCode":"AUD"}|0x5a2866ae
11:49:03.0 (44367093)|STATEMENT_EXECUTE|[50]
11:49:03.0 (44368720)|STATEMENT_EXECUTE|[51]
11:49:03.0 (44377323)|HEAP_ALLOCATE|[51]|Bytes:18
11:49:03.0 (44383132)|METHOD_ENTRY|[51]||System.EncodingUtil.urlEncode(String, String)
11:49:03.0 (44402374)|METHOD_EXIT|[51]||System.EncodingUtil.urlEncode(String, String)
11:49:03.0 (44407240)|HEAP_ALLOCATE|[51]|Bytes:23
11:49:03.0 (44411216)|HEAP_ALLOCATE|[51]|Bytes:368
11:49:03.0 (44423733)|VARIABLE_ASSIGNMENT|[51]|keywordQueryString|"&k[]=a1D6F000003TvPB (348 more) ..."
11:49:03.0 (44432876)|HEAP_ALLOCATE|[50]|Bytes:5
11:49:03.0 (44441566)|HEAP_ALLOCATE|[50]|Bytes:12
11:49:03.0 (44446523)|VARIABLE_SCOPE_BEGIN|[50]|seoKeyword|seoThemeKeywords__c|true|false
11:49:03.0 (44463743)|VARIABLE_ASSIGNMENT|[50]|seoKeyword|{"Id":"a1D6F000003TvPMUA0","CurrencyIsoCode":"AUD"}|0x4aec9c39
11:49:03.0 (44474412)|STATEMENT_EXECUTE|[50]
11:49:03.0 (44476711)|STATEMENT_EXECUTE|[51]
11:49:03.0 (44494164)|HEAP_ALLOCATE|[51]|Bytes:18
11:49:03.0 (44505608)|METHOD_ENTRY|[51]||System.EncodingUtil.urlEncode(String, String)
11:49:03.0 (44529820)|METHOD_EXIT|[51]||System.EncodingUtil.urlEncode(String, String)
11:49:03.0 (44534811)|HEAP_ALLOCATE|[51]|Bytes:23
11:49:03.0 (44538884)|HEAP_ALLOCATE|[51]|Bytes:391
11:49:03.0 (44547442)|VARIABLE_ASSIGNMENT|[51]|keywordQueryString|"&k[]=a1D6F000003TvPB (371 more) ..."
11:49:03.0 (44557524)|HEAP_ALLOCATE|[50]|Bytes:5
11:49:03.0 (44567011)|HEAP_ALLOCATE|[50]|Bytes:12
11:49:03.0 (44572348)|VARIABLE_SCOPE_BEGIN|[50]|seoKeyword|seoThemeKeywords__c|true|false
11:49:03.0 (44588808)|VARIABLE_ASSIGNMENT|[50]|seoKeyword|{"Id":"a1D6F000003TvPGUA0","CurrencyIsoCode":"AUD"}|0x4db8ece7
11:49:03.0 (44594356)|STATEMENT_EXECUTE|[50]
11:49:03.0 (44595878)|STATEMENT_EXECUTE|[51]
11:49:03.0 (44605957)|HEAP_ALLOCATE|[51]|Bytes:18
11:49:03.0 (44612682)|METHOD_ENTRY|[51]||System.EncodingUtil.urlEncode(String, String)
11:49:03.0 (44631351)|METHOD_EXIT|[51]||System.EncodingUtil.urlEncode(String, String)
11:49:03.0 (44635958)|HEAP_ALLOCATE|[51]|Bytes:23
11:49:03.0 (44640481)|HEAP_ALLOCATE|[51]|Bytes:414
11:49:03.0 (44648098)|VARIABLE_ASSIGNMENT|[51]|keywordQueryString|"&k[]=a1D6F000003TvPB (394 more) ..."
11:49:03.0 (44657261)|HEAP_ALLOCATE|[50]|Bytes:5
11:49:03.0 (44665532)|HEAP_ALLOCATE|[50]|Bytes:12
11:49:03.0 (44670399)|VARIABLE_SCOPE_BEGIN|[50]|seoKeyword|seoThemeKeywords__c|true|false
11:49:03.0 (44682486)|VARIABLE_ASSIGNMENT|[50]|seoKeyword|{"Id":"a1D6F000003TvPEUA0","CurrencyIsoCode":"AUD"}|0x39b4bb99
11:49:03.0 (44687918)|STATEMENT_EXECUTE|[50]
11:49:03.0 (44689436)|STATEMENT_EXECUTE|[51]
11:49:03.0 (44698363)|HEAP_ALLOCATE|[51]|Bytes:18
11:49:03.0 (44704406)|METHOD_ENTRY|[51]||System.EncodingUtil.urlEncode(String, String)
11:49:03.0 (44723099)|METHOD_EXIT|[51]||System.EncodingUtil.urlEncode(String, String)
11:49:03.0 (44727453)|HEAP_ALLOCATE|[51]|Bytes:23
11:49:03.0 (44731977)|HEAP_ALLOCATE|[51]|Bytes:437
11:49:03.0 (44739330)|VARIABLE_ASSIGNMENT|[51]|keywordQueryString|"&k[]=a1D6F000003TvPB (417 more) ..."
11:49:03.0 (44748862)|HEAP_ALLOCATE|[50]|Bytes:5
11:49:03.0 (44757133)|HEAP_ALLOCATE|[50]|Bytes:12
11:49:03.0 (44762383)|VARIABLE_SCOPE_BEGIN|[50]|seoKeyword|seoThemeKeywords__c|true|false
11:49:03.0 (44774850)|VARIABLE_ASSIGNMENT|[50]|seoKeyword|{"Id":"a1D6F000003TvPUUA0","CurrencyIsoCode":"AUD"}|0x20b0a717
11:49:03.0 (44779171)|STATEMENT_EXECUTE|[50]
11:49:03.0 (44781301)|STATEMENT_EXECUTE|[51]
11:49:03.0 (44790264)|HEAP_ALLOCATE|[51]|Bytes:18
11:49:03.0 (44796099)|METHOD_ENTRY|[51]||System.EncodingUtil.urlEncode(String, String)
11:49:03.0 (44814785)|METHOD_EXIT|[51]||System.EncodingUtil.urlEncode(String, String)
11:49:03.0 (44819318)|HEAP_ALLOCATE|[51]|Bytes:23
11:49:03.0 (44823441)|HEAP_ALLOCATE|[51]|Bytes:460
11:49:03.0 (44831051)|VARIABLE_ASSIGNMENT|[51]|keywordQueryString|"&k[]=a1D6F000003TvPB (440 more) ..."
11:49:03.0 (44839401)|HEAP_ALLOCATE|[50]|Bytes:5
11:49:03.0 (44847531)|HEAP_ALLOCATE|[50]|Bytes:12
11:49:03.0 (44852522)|VARIABLE_SCOPE_BEGIN|[50]|seoKeyword|seoThemeKeywords__c|true|false
11:49:03.0 (44864014)|VARIABLE_ASSIGNMENT|[50]|seoKeyword|{"Id":"a1D6F000003TvPKUA0","CurrencyIsoCode":"AUD"}|0xe93ea6c
11:49:03.0 (44869100)|STATEMENT_EXECUTE|[50]
11:49:03.0 (44870703)|STATEMENT_EXECUTE|[51]
11:49:03.0 (44879585)|HEAP_ALLOCATE|[51]|Bytes:18
11:49:03.0 (44885567)|METHOD_ENTRY|[51]||System.EncodingUtil.urlEncode(String, String)
11:49:03.0 (44904537)|METHOD_EXIT|[51]||System.EncodingUtil.urlEncode(String, String)
11:49:03.0 (44909471)|HEAP_ALLOCATE|[51]|Bytes:23
11:49:03.0 (44913734)|HEAP_ALLOCATE|[51]|Bytes:483
11:49:03.0 (44921608)|VARIABLE_ASSIGNMENT|[51]|keywordQueryString|"&k[]=a1D6F000003TvPB (463 more) ..."
11:49:03.0 (44930669)|HEAP_ALLOCATE|[50]|Bytes:5
11:49:03.0 (44938708)|HEAP_ALLOCATE|[50]|Bytes:12
11:49:03.0 (44943530)|VARIABLE_SCOPE_BEGIN|[50]|seoKeyword|seoThemeKeywords__c|true|false
11:49:03.0 (44955777)|VARIABLE_ASSIGNMENT|[50]|seoKeyword|{"Id":"a1D6F000003TvPIUA0","CurrencyIsoCode":"AUD"}|0x4c6f08d
11:49:03.0 (44960714)|STATEMENT_EXECUTE|[50]
11:49:03.0 (44962227)|STATEMENT_EXECUTE|[51]
11:49:03.0 (44971555)|HEAP_ALLOCATE|[51]|Bytes:18
11:49:03.0 (44980973)|METHOD_ENTRY|[51]||System.EncodingUtil.urlEncode(String, String)
11:49:03.0 (45008795)|METHOD_EXIT|[51]||System.EncodingUtil.urlEncode(String, String)
11:49:03.0 (45014586)|HEAP_ALLOCATE|[51]|Bytes:23
11:49:03.0 (45019071)|HEAP_ALLOCATE|[51]|Bytes:506
11:49:03.0 (45027712)|VARIABLE_ASSIGNMENT|[51]|keywordQueryString|"&k[]=a1D6F000003TvPB (486 more) ..."
11:49:03.0 (45037406)|HEAP_ALLOCATE|[50]|Bytes:5
11:49:03.0 (45045883)|HEAP_ALLOCATE|[50]|Bytes:12
11:49:03.0 (45050905)|VARIABLE_SCOPE_BEGIN|[50]|seoKeyword|seoThemeKeywords__c|true|false
11:49:03.0 (45063795)|VARIABLE_ASSIGNMENT|[50]|seoKeyword|{"Id":"a1D6F000003TvP7UAK","CurrencyIsoCode":"AUD"}|0x18b2ebff
11:49:03.0 (45068427)|STATEMENT_EXECUTE|[50]
11:49:03.0 (45070006)|STATEMENT_EXECUTE|[51]
11:49:03.0 (45079977)|HEAP_ALLOCATE|[51]|Bytes:18
11:49:03.0 (45086464)|METHOD_ENTRY|[51]||System.EncodingUtil.urlEncode(String, String)
11:49:03.0 (45105609)|METHOD_EXIT|[51]||System.EncodingUtil.urlEncode(String, String)
11:49:03.0 (45110488)|HEAP_ALLOCATE|[51]|Bytes:23
11:49:03.0 (45114849)|HEAP_ALLOCATE|[51]|Bytes:529
11:49:03.0 (45122641)|VARIABLE_ASSIGNMENT|[51]|keywordQueryString|"&k[]=a1D6F000003TvPB (509 more) ..."
11:49:03.0 (45131805)|HEAP_ALLOCATE|[50]|Bytes:5
11:49:03.0 (45139933)|HEAP_ALLOCATE|[50]|Bytes:12
11:49:03.0 (45144701)|VARIABLE_SCOPE_BEGIN|[50]|seoKeyword|seoThemeKeywords__c|true|false
11:49:03.0 (45156790)|VARIABLE_ASSIGNMENT|[50]|seoKeyword|{"Id":"a1D6F000003TvP5UAK","CurrencyIsoCode":"AUD"}|0x3d1f7fe1
11:49:03.0 (45161716)|STATEMENT_EXECUTE|[50]
11:49:03.0 (45163230)|STATEMENT_EXECUTE|[51]
11:49:03.0 (45171930)|HEAP_ALLOCATE|[51]|Bytes:18
11:49:03.0 (45177738)|METHOD_ENTRY|[51]||System.EncodingUtil.urlEncode(String, String)
11:49:03.0 (45196683)|METHOD_EXIT|[51]||System.EncodingUtil.urlEncode(String, String)
11:49:03.0 (45201049)|HEAP_ALLOCATE|[51]|Bytes:23
11:49:03.0 (45205378)|HEAP_ALLOCATE|[51]|Bytes:552
11:49:03.0 (45212773)|VARIABLE_ASSIGNMENT|[51]|keywordQueryString|"&k[]=a1D6F000003TvPB (532 more) ..."
11:49:03.0 (45221543)|HEAP_ALLOCATE|[50]|Bytes:5
11:49:03.0 (45229722)|HEAP_ALLOCATE|[50]|Bytes:12
11:49:03.0 (45235111)|VARIABLE_SCOPE_BEGIN|[50]|seoKeyword|seoThemeKeywords__c|true|false
11:49:03.0 (45247177)|VARIABLE_ASSIGNMENT|[50]|seoKeyword|{"Id":"a1D6F000003TvP6UAK","CurrencyIsoCode":"AUD"}|0x2cce32a4
11:49:03.0 (45252779)|STATEMENT_EXECUTE|[50]
11:49:03.0 (45254337)|STATEMENT_EXECUTE|[51]
11:49:03.0 (45263269)|HEAP_ALLOCATE|[51]|Bytes:18
11:49:03.0 (45269542)|METHOD_ENTRY|[51]||System.EncodingUtil.urlEncode(String, String)
11:49:03.0 (45289055)|METHOD_EXIT|[51]||System.EncodingUtil.urlEncode(String, String)
11:49:03.0 (45293460)|HEAP_ALLOCATE|[51]|Bytes:23
11:49:03.0 (45297779)|HEAP_ALLOCATE|[51]|Bytes:575
11:49:03.0 (45305590)|VARIABLE_ASSIGNMENT|[51]|keywordQueryString|"&k[]=a1D6F000003TvPB (555 more) ..."
11:49:03.0 (45313874)|HEAP_ALLOCATE|[50]|Bytes:5
11:49:03.0 (45322639)|HEAP_ALLOCATE|[50]|Bytes:12
11:49:03.0 (45327807)|VARIABLE_SCOPE_BEGIN|[50]|seoKeyword|seoThemeKeywords__c|true|false
11:49:03.0 (45339018)|VARIABLE_ASSIGNMENT|[50]|seoKeyword|{"Id":"a1D6F000003TvP8UAK","CurrencyIsoCode":"AUD"}|0x1fbfed28
11:49:03.0 (45344539)|STATEMENT_EXECUTE|[50]
11:49:03.0 (45346080)|STATEMENT_EXECUTE|[51]
11:49:03.0 (45354996)|HEAP_ALLOCATE|[51]|Bytes:18
11:49:03.0 (45361115)|METHOD_ENTRY|[51]||System.EncodingUtil.urlEncode(String, String)
11:49:03.0 (45379880)|METHOD_EXIT|[51]||System.EncodingUtil.urlEncode(String, String)
11:49:03.0 (45384737)|HEAP_ALLOCATE|[51]|Bytes:23
11:49:03.0 (45389268)|HEAP_ALLOCATE|[51]|Bytes:598
11:49:03.0 (45397546)|VARIABLE_ASSIGNMENT|[51]|keywordQueryString|"&k[]=a1D6F000003TvPB (578 more) ..."
11:49:03.0 (45406354)|HEAP_ALLOCATE|[50]|Bytes:5
11:49:03.0 (45418855)|HEAP_ALLOCATE|[50]|Bytes:12
11:49:03.0 (45424811)|VARIABLE_SCOPE_BEGIN|[50]|seoKeyword|seoThemeKeywords__c|true|false
11:49:03.0 (45436522)|VARIABLE_ASSIGNMENT|[50]|seoKeyword|{"Id":"a1D6F000003TvPDUA0","CurrencyIsoCode":"AUD"}|0x10dd1033
11:49:03.0 (45441753)|STATEMENT_EXECUTE|[50]
11:49:03.0 (45443338)|STATEMENT_EXECUTE|[51]
11:49:03.0 (45452763)|HEAP_ALLOCATE|[51]|Bytes:18
11:49:03.0 (45458695)|METHOD_ENTRY|[51]||System.EncodingUtil.urlEncode(String, String)
11:49:03.0 (45477342)|METHOD_EXIT|[51]||System.EncodingUtil.urlEncode(String, String)
11:49:03.0 (45481943)|HEAP_ALLOCATE|[51]|Bytes:23
11:49:03.0 (45486400)|HEAP_ALLOCATE|[51]|Bytes:621
11:49:03.0 (45493906)|VARIABLE_ASSIGNMENT|[51]|keywordQueryString|"&k[]=a1D6F000003TvPB (601 more) ..."
11:49:03.0 (45502489)|HEAP_ALLOCATE|[50]|Bytes:5
11:49:03.0 (45510724)|HEAP_ALLOCATE|[50]|Bytes:12
11:49:03.0 (45515656)|VARIABLE_SCOPE_BEGIN|[50]|seoKeyword|seoThemeKeywords__c|true|false
11:49:03.0 (45527507)|VARIABLE_ASSIGNMENT|[50]|seoKeyword|{"Id":"a1D6F000003TvPQUA0","CurrencyIsoCode":"AUD"}|0x56fb95be
11:49:03.0 (45533185)|STATEMENT_EXECUTE|[50]
11:49:03.0 (45534725)|STATEMENT_EXECUTE|[51]
11:49:03.0 (45543544)|HEAP_ALLOCATE|[51]|Bytes:18
11:49:03.0 (45550390)|METHOD_ENTRY|[51]||System.EncodingUtil.urlEncode(String, String)
11:49:03.0 (45570651)|METHOD_EXIT|[51]||System.EncodingUtil.urlEncode(String, String)
11:49:03.0 (45575224)|HEAP_ALLOCATE|[51]|Bytes:23
11:49:03.0 (45579819)|HEAP_ALLOCATE|[51]|Bytes:644
11:49:03.0 (45587821)|VARIABLE_ASSIGNMENT|[51]|keywordQueryString|"&k[]=a1D6F000003TvPB (624 more) ..."
11:49:03.0 (45596419)|HEAP_ALLOCATE|[50]|Bytes:5
11:49:03.0 (45604348)|HEAP_ALLOCATE|[50]|Bytes:12
11:49:03.0 (45609324)|VARIABLE_SCOPE_BEGIN|[50]|seoKeyword|seoThemeKeywords__c|true|false
11:49:03.0 (45620859)|VARIABLE_ASSIGNMENT|[50]|seoKeyword|{"Id":"a1D6F000003TvPRUA0","CurrencyIsoCode":"AUD"}|0xbfdd6d7
11:49:03.0 (45625743)|STATEMENT_EXECUTE|[50]
11:49:03.0 (45627314)|STATEMENT_EXECUTE|[51]
11:49:03.0 (45636056)|HEAP_ALLOCATE|[51]|Bytes:18
11:49:03.0 (45642062)|METHOD_ENTRY|[51]||System.EncodingUtil.urlEncode(String, String)
11:49:03.0 (45660980)|METHOD_EXIT|[51]||System.EncodingUtil.urlEncode(String, String)
11:49:03.0 (45665296)|HEAP_ALLOCATE|[51]|Bytes:23
11:49:03.0 (45670833)|HEAP_ALLOCATE|[51]|Bytes:667
11:49:03.0 (45678299)|VARIABLE_ASSIGNMENT|[51]|keywordQueryString|"&k[]=a1D6F000003TvPB (647 more) ..."
11:49:03.0 (45687390)|HEAP_ALLOCATE|[50]|Bytes:5
11:49:03.0 (45695604)|HEAP_ALLOCATE|[50]|Bytes:12
11:49:03.0 (45700408)|VARIABLE_SCOPE_BEGIN|[50]|seoKeyword|seoThemeKeywords__c|true|false
11:49:03.0 (45712630)|VARIABLE_ASSIGNMENT|[50]|seoKeyword|{"Id":"a1D6F000003TvPWUA0","CurrencyIsoCode":"AUD"}|0x6bcbac2d
11:49:03.0 (45717225)|STATEMENT_EXECUTE|[50]
11:49:03.0 (45718870)|STATEMENT_EXECUTE|[51]
11:49:03.0 (45727580)|HEAP_ALLOCATE|[51]|Bytes:18
11:49:03.0 (45733459)|METHOD_ENTRY|[51]||System.EncodingUtil.urlEncode(String, String)
11:49:03.0 (45752131)|METHOD_EXIT|[51]||System.EncodingUtil.urlEncode(String, String)
11:49:03.0 (45756807)|HEAP_ALLOCATE|[51]|Bytes:23
11:49:03.0 (45761165)|HEAP_ALLOCATE|[51]|Bytes:690
11:49:03.0 (45768580)|VARIABLE_ASSIGNMENT|[51]|keywordQueryString|"&k[]=a1D6F000003TvPB (670 more) ..."
11:49:03.0 (45777930)|HEAP_ALLOCATE|[50]|Bytes:5
11:49:03.0 (45788257)|VARIABLE_ASSIGNMENT|[50]|seoKeyword|null|
11:49:03.0 (45793312)|STATEMENT_EXECUTE|[55]
11:49:03.0 (45804051)|METHOD_EXIT|[113]|01p6F000009rEEx|SeoGeoController.getKeywordIdQueryString()
11:49:03.0 (45809989)|VARIABLE_SCOPE_BEGIN|[113]|keywordQueryString|String|false|false
11:49:03.0 (45820325)|VARIABLE_ASSIGNMENT|[113]|keywordQueryString|"&k[]=a1D6F000003TvPB (670 more) ..."
11:49:03.0 (45839228)|STATEMENT_EXECUTE|[115]
11:49:03.0 (45841096)|STATEMENT_EXECUTE|[116]
11:49:03.0 (45848025)|HEAP_ALLOCATE|[116]|Bytes:813
11:49:03.0 (45856832)|VARIABLE_ASSIGNMENT|[116]|consolePath|"/?c=seo&action=keywo (793 more) ..."
11:49:03.0 (45861626)|STATEMENT_EXECUTE|[121]
11:49:03.0 (45868929)|METHOD_EXIT|[80]|01p6F000009rEEx|SeoGeoController.getGeoURL()
11:49:03.0 (45874830)|VARIABLE_SCOPE_BEGIN|[80]|consolePath|String|false|false
11:49:03.0 (45884074)|VARIABLE_ASSIGNMENT|[80]|consolePath|"/?c=seo&action=keywo (793 more) ..."
11:49:03.0 (45888425)|STATEMENT_EXECUTE|[82]
11:49:03.0 (45889959)|STATEMENT_EXECUTE|[83]
11:49:03.0 (47754205)|HEAP_ALLOCATE|[83]|Bytes:7
11:49:03.0 (47765356)|HEAP_ALLOCATE|[83]|Bytes:10
11:49:03.0 (47785139)|METHOD_ENTRY|[1]|01p6F000006aBAZ|slxConsole.slxConsole()
11:49:03.0 (47790940)|STATEMENT_EXECUTE|[1]
11:49:03.0 (47794641)|STATEMENT_EXECUTE|[1]
11:49:03.0 (47799483)|METHOD_EXIT|[1]|slxConsole
11:49:03.0 (47819752)|METHOD_ENTRY|[83]|01p6F000006aBAZ|slxConsole.getConsolePage(String)
11:49:03.0 (47839640)|VARIABLE_SCOPE_BEGIN|[17]|path|String|false|false
11:49:03.0 (47853722)|VARIABLE_ASSIGNMENT|[17]|path|"/?c=seo&action=keywo (793 more) ..."
11:49:03.0 (47859867)|STATEMENT_EXECUTE|[17]
11:49:03.0 (47861640)|STATEMENT_EXECUTE|[20]
11:49:03.0 (47871363)|HEAP_ALLOCATE|[20]|Bytes:10
11:49:03.0 (49034568)|HEAP_ALLOCATE|[20]|Bytes:56
11:49:03.0 (49053555)|VARIABLE_SCOPE_BEGIN|[20]|consoleLogin|Login__c|true|false
11:49:03.0 (49118077)|VARIABLE_ASSIGNMENT|[20]|consoleLogin|{"LastModifiedDate":"2017-01-17T06:58:25.000Z","username__c":"salesforce","IsDeleted":false,"password__c":"49fc7fd771000d6127b3 (12 more) ...","URL__c":"https://console.spon (13 more) ...","CurrencyIsoCode":"AUD","SetupOwnerId":"00D90000000IJSaEAO","Name":"SLXConsole","SystemModstamp":"2018-03-23T09:17:56.000Z","CreatedById":"00590000000VmmqAAC","CreatedDate":"2016-03-02T07:09:34.000Z","Id":"a1w6F000005747qQAA","LastModifiedById":"00590000000VmmqAAC"}|0x3f33d937
11:49:03.0 (49131573)|STATEMENT_EXECUTE|[22]
11:49:03.0 (49139273)|STATEMENT_EXECUTE|[27]
11:49:03.0 (49170597)|VARIABLE_SCOPE_BEGIN|[27]|consoleEndpoint|String|false|false
11:49:03.0 (49183919)|VARIABLE_ASSIGNMENT|[27]|consoleEndpoint|"https://console.spon (13 more) ..."
11:49:03.0 (49188275)|STATEMENT_EXECUTE|[28]
11:49:03.0 (49202242)|VARIABLE_SCOPE_BEGIN|[28]|consoleUsername|String|false|false
11:49:03.0 (49211543)|VARIABLE_ASSIGNMENT|[28]|consoleUsername|"salesforce"
11:49:03.0 (49215387)|STATEMENT_EXECUTE|[29]
11:49:03.0 (49225165)|VARIABLE_SCOPE_BEGIN|[29]|consolePassword|String|false|false
11:49:03.0 (49235088)|VARIABLE_ASSIGNMENT|[29]|consolePassword|"49fc7fd771000d6127b3 (12 more) ..."
11:49:03.0 (49238604)|STATEMENT_EXECUTE|[33]
11:49:03.0 (49260736)|VARIABLE_SCOPE_BEGIN|[33]|req|System.HttpRequest|true|false
11:49:03.0 (49482507)|VARIABLE_ASSIGNMENT|[33]|req|"System.HttpRequest[Endpoint=null, Method=null]"|0x75036c23
11:49:03.0 (49491149)|STATEMENT_EXECUTE|[34]
11:49:03.0 (49504066)|HEAP_ALLOCATE|[34]|Bytes:846
11:49:03.0 (49558436)|STATEMENT_EXECUTE|[35]
11:49:03.0 (49565280)|HEAP_ALLOCATE|[35]|Bytes:3
11:49:03.0 (49587123)|STATEMENT_EXECUTE|[36]
11:49:03.0 (49592444)|HEAP_ALLOCATE|[36]|Bytes:6
11:49:03.0 (49596877)|HEAP_ALLOCATE|[36]|Bytes:9
11:49:03.0 (49600645)|HEAP_ALLOCATE|[36]|Bytes:11
11:49:03.0 (49613452)|HEAP_ALLOCATE|[36]|Bytes:62
11:49:03.0 (49641107)|STATEMENT_EXECUTE|[40]
11:49:03.0 (49656978)|VARIABLE_SCOPE_BEGIN|[40]|http|System.Http|true|false
11:49:03.0 (49733841)|VARIABLE_ASSIGNMENT|[40]|http|"System.Http[]"|0x140ca8c0
11:49:03.0 (49741220)|STATEMENT_EXECUTE|[41]
11:49:03.0 (49795957)|CALLOUT_REQUEST|[41]|System.HttpRequest[Endpoint=https://console.sponsoredlinx.com/?c=seo&action=keywordGeoCompare&output=table&websiteid=a166F00000AJbjEQAT&geolocation=Sydney%2CNew+South+Wales%2CAustralia&k[]=a1D6F000003TvPBUA0&k[]=a1D6F000003TvPXUA0&k[]=a1D6F000003TvPVUA0&k[]=a1D6F000003TvP9UAK&k[]=a1D6F000003TvPNUA0&k[]=a1D6F000003TvPAUA0&k[]=a1D6F000003TvPCUA0&k[]=a1D6F000003TvPPUA0&k[]=a1D6F000003TvPHUA0&k[]=a1D6F000003TvPJUA0&k[]=a1D6F000003TvPYUA0&k[]=a1D6F000003TvPFUA0&k[]=a1D6F000003TvPOUA0&k[]=a1D6F000003TvPSUA0&k[]=a1D6F000003TvPLUA0&k[]=a1D6F000003TvPTUA0&k[]=a1D6F000003TvPMUA0&k[]=a1D6F000003TvPGUA0&k[]=a1D6F000003TvPEUA0&k[]=a1D6F000003TvPUUA0&k[]=a1D6F000003TvPKUA0&k[]=a1D6F000003TvPIUA0&k[]=a1D6F000003TvP7UAK&k[]=a1D6F000003TvP5UAK&k[]=a1D6F000003TvP6UAK&k[]=a1D6F000003TvP8UAK&k[]=a1D6F000003TvPDUA0&k[]=a1D6F000003TvPQUA0&k[]=a1D6F000003TvPRUA0&k[]=a1D6F000003TvPWUA0, Method=GET]
11:49:03.0 (652101006)|HEAP_ALLOCATE|[EXTERNAL]|Bytes:5384
11:49:03.0 (652339047)|CALLOUT_RESPONSE|[41]|System.HttpResponse[Status=OK, StatusCode=200]
11:49:03.0 (652370262)|HEAP_ALLOCATE|[41]|Bytes:5201
11:49:03.0 (652403367)|VARIABLE_SCOPE_BEGIN|[41]|res|System.HttpResponse|true|false
11:49:03.0 (652612611)|VARIABLE_ASSIGNMENT|[41]|res|"System.HttpResponse[Status=OK, StatusCode=200]"|0x2169be60
11:49:03.0 (652626671)|STATEMENT_EXECUTE|[44]
11:49:03.0 (652947005)|HEAP_ALLOCATE|[44]|Bytes:5195
11:49:03.0 (652971961)|METHOD_EXIT|[83]|01p6F000006aBAZ|slxConsole.getConsolePage(String)
11:49:03.0 (652995960)|VARIABLE_ASSIGNMENT|[83]|geoTable|"<style>\ntable.table{ (5175 more) ..."
11:49:03.0 (653005709)|HEAP_ALLOCATE|[87]|Bytes:10
11:49:03.0 (653092217)|STATEMENT_EXECUTE|[87]
11:49:03.0 (653095413)|STATEMENT_EXECUTE|[88]
11:49:03.0 (653208992)|VARIABLE_ASSIGNMENT|[EXTERNAL]|this|{"allGeo":"0x6daca9ca","device":"desktop","refreshRequired":true,"selectedGeo":"0x122d3085","seoWebsite":"0x6871363a"}|0xc2e6a10
11:49:03.0 (653229071)|VARIABLE_ASSIGNMENT|[EXTERNAL]|value|true
11:49:03.0 (653240003)|HEAP_ALLOCATE|[4]|Bytes:5
11:49:03.0 (653253307)|VARIABLE_ASSIGNMENT|[4]|this.refreshRequired|true|0xc2e6a10
11:49:03.0 (653266712)|STATEMENT_EXECUTE|[93]
11:49:03.0 (653279388)|SYSTEM_MODE_EXIT|false
11:49:03.0 (654458541)|VF_SERIALIZE_VIEWSTATE_BEGIN|0666F000007GVD0
11:49:03.0 (658993640)|VF_SERIALIZE_VIEWSTATE_END
11:49:03.661 (661354910)|CUMULATIVE_LIMIT_USAGE
11:49:03.661 (661354910)|LIMIT_USAGE_FOR_NS|(default)|
  Number of SOQL queries: 1 out of 100
  Number of query rows: 30 out of 50000
  Number of SOSL queries: 0 out of 20
  Number of DML statements: 0 out of 150
  Number of DML rows: 0 out of 10000
  Maximum CPU time: 0 out of 10000
  Maximum heap size: 0 out of 6000000
  Number of callouts: 1 out of 100
  Number of Email Invocations: 0 out of 10
  Number of future calls: 0 out of 50
  Number of queueable jobs added to the queue: 0 out of 50
  Number of Mobile Apex push calls: 0 out of 10

11:49:03.661 (661354910)|CUMULATIVE_LIMIT_USAGE_END

11:49:03.0 (661406457)|CODE_UNIT_FINISHED|VF: /apex/SeoGeoCompare
11:49:03.0 (663470439)|EXECUTION_FINISHED
