36.0 APEX_CODE,FINEST;APEX_PROFILING,INFO;CALLOUT,INFO;DB,INFO;NBA,INFO;SYSTEM,DEBUG;VALIDATION,INFO;VISUALFORCE,INFO;WAVE,INFO;WORKFLOW,INFO
11:38:54.0 (110192)|USER_INFO|[EXTERNAL]|00590000000Vmmq|ben@bjbglobal.com.au|Australian Eastern Standard Time|GMT+10:00
11:38:54.0 (146392)|EXECUTION_STARTED
11:38:54.0 (150591)|CODE_UNIT_STARTED|[EXTERNAL]|TRIGGERS
11:38:54.0 (183533)|CODE_UNIT_STARTED|[EXTERNAL]|01q6F000001IGJa|LinkCaseCallstoContact on Task trigger event BeforeInsert|__sfdc_trigger/LinkCaseCallstoContact
11:38:54.0 (220123)|HEAP_ALLOCATE|[EXTERNAL]|Bytes:8
11:38:54.0 (667531)|HEAP_ALLOCATE|[72]|Bytes:3
11:38:54.0 (706257)|HEAP_ALLOCATE|[77]|Bytes:152
11:38:54.0 (722098)|HEAP_ALLOCATE|[342]|Bytes:408
11:38:54.0 (734086)|HEAP_ALLOCATE|[355]|Bytes:408
11:38:54.0 (743997)|HEAP_ALLOCATE|[467]|Bytes:48
11:38:54.0 (769389)|HEAP_ALLOCATE|[139]|Bytes:6
11:38:54.0 (784905)|HEAP_ALLOCATE|[EXTERNAL]|Bytes:6
11:38:54.0 (799287)|HEAP_ALLOCATE|[EXTERNAL]|Bytes:4
11:38:54.0 (806886)|VARIABLE_SCOPE_BEGIN|[1]|this|LinkCaseCallstoContact|true|false
11:38:54.0 (847868)|VARIABLE_ASSIGNMENT|[1]|this|{}|0x240f1788
11:38:54.0 (902617)|HEAP_ALLOCATE|[EXTERNAL]|Bytes:4
11:38:54.0 (910484)|VARIABLE_SCOPE_BEGIN|[1]|this|LinkCaseCallstoContact|true|false
11:38:54.0 (923986)|VARIABLE_ASSIGNMENT|[1]|this|{}|0x240f1788
11:38:54.0 (931386)|STATEMENT_EXECUTE|[1]
11:38:54.0 (961509)|HEAP_ALLOCATE|[50]|Bytes:5
11:38:54.0 (984014)|HEAP_ALLOCATE|[56]|Bytes:5
11:38:54.0 (991899)|HEAP_ALLOCATE|[64]|Bytes:7
11:38:54.0 (1322073)|HEAP_ALLOCATE|[2]|Bytes:5
11:38:54.0 (1360332)|HEAP_ALLOCATE|[2]|Bytes:4
11:38:54.0 (1372033)|VARIABLE_SCOPE_BEGIN|[2]|tsk|Task|true|false
11:38:54.0 (12338404)|VARIABLE_ASSIGNMENT|[2]|tsk|{"CallType":"Outbound","IsHighPriority":false,"IsClosed":false,"NVMStatsSF__NVM_Agent__c":"53","Is_Mobile_Number__c":false,"OwnerId":"0056F000009en8FQAQ","IsToday__c":false,"IsReminderSet":false,"Status":"Completed","IsDeleted":false,"WhoId":"0036F00002mLGbWQAW","NVMContactWorld__CW_Call_Start_Time__c":"2018-10-23T01:38:54.000Z","ActivityDate":"2018-10-23T00:00:00.000Z","Priority":"Normal","IsVisibleInSelfService":false,"NVMContactWorld__Was_Call_Recorded__c":false,"CurrencyIsoCode":"AUD","IsRecurrence":false,"Subject":"Outbound call to +61 (9 more) ...","IsArchived":false,"CallObject":"01669e93-1e3f-b037-8 (16 more) ...","NVMContactWorld__Customer_Number__c":"+61733902663","NVMContactWorld__ContactWorld_Number__c":"61731530806","Day_of_the_Week__c":"Tuesday","Call_Duration_min__c":0.00,"Call_Monitored__c":false}|0x5498c32c
11:38:54.0 (12372097)|STATEMENT_EXECUTE|[2]
11:38:54.0 (12404553)|STATEMENT_EXECUTE|[4]
11:38:54.0 (12443269)|HEAP_ALLOCATE|[2]|Bytes:5
11:38:54.0 (12471141)|VARIABLE_ASSIGNMENT|[2]|tsk|null|
11:38:54.12 (12483346)|CUMULATIVE_LIMIT_USAGE
11:38:54.12 (12483346)|LIMIT_USAGE_FOR_NS|(default)|
  Number of SOQL queries: 0 out of 100
  Number of query rows: 0 out of 50000
  Number of SOSL queries: 0 out of 20
  Number of DML statements: 0 out of 150
  Number of DML rows: 0 out of 10000
  Maximum CPU time: 0 out of 10000
  Maximum heap size: 0 out of 6000000
  Number of callouts: 0 out of 100
  Number of Email Invocations: 0 out of 10
  Number of future calls: 0 out of 50
  Number of queueable jobs added to the queue: 0 out of 50
  Number of Mobile Apex push calls: 0 out of 10

11:38:54.12 (12483346)|CUMULATIVE_LIMIT_USAGE_END

11:38:54.0 (13552588)|CODE_UNIT_FINISHED|LinkCaseCallstoContact on Task trigger event BeforeInsert|__sfdc_trigger/LinkCaseCallstoContact
11:38:54.0 (16933160)|CODE_UNIT_STARTED|[EXTERNAL]|01q6F000001IKsI|TaskTrigger on Task trigger event BeforeInsert|__sfdc_trigger/TaskTrigger
11:38:54.0 (16987609)|HEAP_ALLOCATE|[EXTERNAL]|Bytes:8
11:38:54.0 (17109074)|HEAP_ALLOCATE|[EXTERNAL]|Bytes:4
11:38:54.0 (17126090)|VARIABLE_SCOPE_BEGIN|[5]|this|TaskTrigger|true|false
11:38:54.0 (17174871)|VARIABLE_ASSIGNMENT|[5]|this|{}|0x1fefec1e
11:38:54.0 (17251454)|HEAP_ALLOCATE|[EXTERNAL]|Bytes:4
11:38:54.0 (17262568)|VARIABLE_SCOPE_BEGIN|[5]|this|TaskTrigger|true|false
11:38:54.0 (17287110)|VARIABLE_ASSIGNMENT|[5]|this|{}|0x1fefec1e
11:38:54.0 (17301145)|STATEMENT_EXECUTE|[5]
11:38:54.0 (17334016)|STATEMENT_EXECUTE|[6]
11:38:54.0 (17336278)|STATEMENT_EXECUTE|[7]
11:38:54.0 (19750784)|VARIABLE_SCOPE_BEGIN|[2]|TaskHelper.TASK_STATUS|String|false|true
11:38:54.0 (19764860)|VARIABLE_SCOPE_BEGIN|[3]|TaskHelper.TASK_SUBJECT|String|false|true
11:38:54.0 (19772626)|VARIABLE_SCOPE_BEGIN|[4]|TaskHelper.TASK_TYPE|String|false|true
11:38:54.0 (19826934)|HEAP_ALLOCATE|[7]|Bytes:4
11:38:54.0 (19837171)|HEAP_ALLOCATE|[7]|Bytes:2
11:38:54.0 (19859426)|METHOD_ENTRY|[1]|01p6F000009rWtF|TaskHelper.TaskHelper()
11:38:54.0 (19866694)|STATEMENT_EXECUTE|[1]
11:38:54.0 (19870470)|STATEMENT_EXECUTE|[1]
11:38:54.0 (19872155)|STATEMENT_EXECUTE|[2]
11:38:54.0 (19884210)|HEAP_ALLOCATE|[2]|Bytes:9
11:38:54.0 (19907616)|VARIABLE_ASSIGNMENT|[2]|TaskHelper.TASK_STATUS|"Completed"
11:38:54.0 (19912966)|STATEMENT_EXECUTE|[3]
11:38:54.0 (19918495)|HEAP_ALLOCATE|[3]|Bytes:16
11:38:54.0 (19927969)|VARIABLE_ASSIGNMENT|[3]|TaskHelper.TASK_SUBJECT|"Outbound call to"
11:38:54.0 (19932288)|STATEMENT_EXECUTE|[4]
11:38:54.0 (19936196)|HEAP_ALLOCATE|[4]|Bytes:8
11:38:54.0 (19943284)|VARIABLE_ASSIGNMENT|[4]|TaskHelper.TASK_TYPE|"Outbound"
11:38:54.0 (19953038)|METHOD_EXIT|[1]|TaskHelper
11:38:54.0 (19968975)|HEAP_ALLOCATE|[7]|Bytes:4
11:38:54.0 (19985965)|CONSTRUCTOR_ENTRY|[7]|01p6F000009rWtF|<init>()|TaskHelper
11:38:54.0 (20012716)|VARIABLE_SCOPE_BEGIN|[1]|this|TaskHelper|true|false
11:38:54.0 (20034735)|VARIABLE_ASSIGNMENT|[1]|this|{}|0x139005cc
11:38:54.0 (20045695)|HEAP_ALLOCATE|[EXTERNAL]|Bytes:6
11:38:54.0 (20086140)|STATEMENT_EXECUTE|[1]
11:38:54.0 (20090853)|CONSTRUCTOR_EXIT|[7]|01p6F000009rWtF|<init>()|TaskHelper
11:38:54.0 (20098737)|VARIABLE_SCOPE_BEGIN|[7]|helper|TaskHelper|true|false
11:38:54.0 (20112912)|VARIABLE_ASSIGNMENT|[7]|helper|{}|0x139005cc
11:38:54.0 (20118589)|STATEMENT_EXECUTE|[8]
11:38:54.0 (20183374)|METHOD_ENTRY|[8]|01p6F000009rWtF|TaskHelper.setupContactToReurnCallTasks(List<Task>)
11:38:54.0 (20208448)|VARIABLE_SCOPE_BEGIN|[11]|this|TaskHelper|true|false
11:38:54.0 (20223155)|VARIABLE_ASSIGNMENT|[11]|this|{}|0x139005cc
11:38:54.0 (20229297)|VARIABLE_SCOPE_BEGIN|[11]|newTasks|List<Task>|true|false
11:38:54.0 (21432040)|VARIABLE_ASSIGNMENT|[11]|newTasks|[{"CallType":"Outbound","IsHighPriority":false,"IsClosed":false,"NVMStatsSF__NVM_Agent__c":"53","Is_Mobile_Number__c":false,"OwnerId":"0056F000009en8FQAQ","IsToday__c":false,"IsReminderSet":false,"Status":"Completed","IsDeleted":false,"WhoId":"0036F00002mLGbWQAW","NVMContactWorld__CW_Call_Start_Time__c":"2018-10-23T01:38:54.000Z","ActivityDate":"2018-10-23T00:00:00.000Z","Priority":"Normal","IsVisibleInSelfService":false,"NVMContactWorld__Was_Call_Recorded__c":false,"CurrencyIsoCode":"AUD","IsRecurrence":false,"Subject":"Outbound call to +61 (9 more) ...","IsArchived":false,"CallObject":"01669e93-1e3f-b037-8 (16 more) ...","NVMContactWorld__Customer_Number__c":"+61733902663","NVMContactWorld__ContactWorld_Number__c":"61731530806","Day_of_the_Week__c":"Tuesday","Call_Duration_min__c":0.00,"Call_Monitored__c":false}]|0x7c5a29dc
11:38:54.0 (21456103)|STATEMENT_EXECUTE|[11]
11:38:54.0 (21458489)|STATEMENT_EXECUTE|[12]
11:38:54.0 (21484435)|HEAP_ALLOCATE|[12]|Bytes:4
11:38:54.0 (21537237)|VARIABLE_SCOPE_BEGIN|[12]|voicemailIds|List<Id>|true|false
11:38:54.0 (21568900)|HEAP_ALLOCATE|[EXTERNAL]|Bytes:4
11:38:54.0 (21580987)|VARIABLE_ASSIGNMENT|[12]|voicemailIds|[]|0x6ff7edfe
11:38:54.0 (21586871)|STATEMENT_EXECUTE|[13]
11:38:54.0 (21606547)|HEAP_ALLOCATE|[13]|Bytes:4
11:38:54.0 (21619896)|VARIABLE_SCOPE_BEGIN|[13]|contactIds|Map<Id,Id>|true|false
11:38:54.0 (21637329)|VARIABLE_ASSIGNMENT|[13]|contactIds|{}|0x41c35c48
11:38:54.0 (21642943)|STATEMENT_EXECUTE|[14]
11:38:54.0 (21653757)|HEAP_ALLOCATE|[14]|Bytes:4
11:38:54.0 (21672875)|VARIABLE_SCOPE_BEGIN|[14]|results|List<Task>|true|false
11:38:54.0 (21682912)|HEAP_ALLOCATE|[EXTERNAL]|Bytes:4
11:38:54.0 (21886018)|VARIABLE_ASSIGNMENT|[14]|results|[]|0x5f389018
11:38:54.0 (21945731)|HEAP_ALLOCATE|[16]|Bytes:5
11:38:54.0 (21969038)|HEAP_ALLOCATE|[16]|Bytes:4
11:38:54.0 (21980587)|VARIABLE_SCOPE_BEGIN|[16]|item|Task|true|false
11:38:54.0 (22679904)|VARIABLE_ASSIGNMENT|[16]|item|{"CallType":"Outbound","IsHighPriority":false,"IsClosed":false,"NVMStatsSF__NVM_Agent__c":"53","Is_Mobile_Number__c":false,"OwnerId":"0056F000009en8FQAQ","IsToday__c":false,"IsReminderSet":false,"Status":"Completed","IsDeleted":false,"WhoId":"0036F00002mLGbWQAW","NVMContactWorld__CW_Call_Start_Time__c":"2018-10-23T01:38:54.000Z","ActivityDate":"2018-10-23T00:00:00.000Z","Priority":"Normal","IsVisibleInSelfService":false,"NVMContactWorld__Was_Call_Recorded__c":false,"CurrencyIsoCode":"AUD","IsRecurrence":false,"Subject":"Outbound call to +61 (9 more) ...","IsArchived":false,"CallObject":"01669e93-1e3f-b037-8 (16 more) ...","NVMContactWorld__Customer_Number__c":"+61733902663","NVMContactWorld__ContactWorld_Number__c":"61731530806","Day_of_the_Week__c":"Tuesday","Call_Duration_min__c":0.00,"Call_Monitored__c":false}|0x5498c32c
11:38:54.0 (22699569)|STATEMENT_EXECUTE|[16]
11:38:54.0 (22847777)|STATEMENT_EXECUTE|[17]
11:38:54.0 (22867031)|HEAP_ALLOCATE|[16]|Bytes:5
11:38:54.0 (22883091)|VARIABLE_ASSIGNMENT|[16]|item|null|
11:38:54.0 (22889991)|STATEMENT_EXECUTE|[28]
11:38:54.0 (22896542)|HEAP_ALLOCATE|[28]|Bytes:72
11:38:54.0 (22916982)|HEAP_ALLOCATE|[28]|Bytes:4
11:38:54.0 (22927024)|HEAP_ALLOCATE|[28]|Bytes:7
11:38:54.0 (23731282)|SOQL_EXECUTE_BEGIN|[28]|Aggregations:0|SELECT Id, Account__c, Contact__c FROM Voicemail__c WHERE id IN :tmpVar1
11:38:54.0 (25496403)|SOQL_EXECUTE_END|[28]|Rows:0
11:38:54.0 (25521106)|HEAP_ALLOCATE|[28]|Bytes:4
11:38:54.0 (25533944)|HEAP_ALLOCATE|[28]|Bytes:0
11:38:54.0 (25595454)|HEAP_ALLOCATE|[28]|Bytes:4
11:38:54.0 (25608496)|VARIABLE_SCOPE_BEGIN|[28]|voicemails|List<Voicemail__c>|true|false
11:38:54.0 (25625064)|VARIABLE_ASSIGNMENT|[28]|voicemails|[]|0x308fdd58
11:38:54.0 (25809341)|HEAP_ALLOCATE|[29]|Bytes:5
11:38:54.0 (25829070)|VARIABLE_ASSIGNMENT|[29]|item|null|
11:38:54.0 (25835726)|STATEMENT_EXECUTE|[29]
11:38:54.0 (25868945)|HEAP_ALLOCATE|[34]|Bytes:5
11:38:54.0 (25884632)|HEAP_ALLOCATE|[34]|Bytes:4
11:38:54.0 (25892071)|VARIABLE_SCOPE_BEGIN|[34]|item|Task|true|false
11:38:54.0 (26674226)|VARIABLE_ASSIGNMENT|[34]|item|{"CallType":"Outbound","IsHighPriority":false,"IsClosed":false,"NVMStatsSF__NVM_Agent__c":"53","Is_Mobile_Number__c":false,"OwnerId":"0056F000009en8FQAQ","IsToday__c":false,"IsReminderSet":false,"Status":"Completed","IsDeleted":false,"WhoId":"0036F00002mLGbWQAW","NVMContactWorld__CW_Call_Start_Time__c":"2018-10-23T01:38:54.000Z","ActivityDate":"2018-10-23T00:00:00.000Z","Priority":"Normal","IsVisibleInSelfService":false,"NVMContactWorld__Was_Call_Recorded__c":false,"CurrencyIsoCode":"AUD","IsRecurrence":false,"Subject":"Outbound call to +61 (9 more) ...","IsArchived":false,"CallObject":"01669e93-1e3f-b037-8 (16 more) ...","NVMContactWorld__Customer_Number__c":"+61733902663","NVMContactWorld__ContactWorld_Number__c":"61731530806","Day_of_the_Week__c":"Tuesday","Call_Duration_min__c":0.00,"Call_Monitored__c":false}|0x5498c32c
11:38:54.0 (26694572)|STATEMENT_EXECUTE|[34]
11:38:54.0 (26697015)|STATEMENT_EXECUTE|[35]
11:38:54.0 (27538296)|VARIABLE_ASSIGNMENT|[35]|this.WhoId|null|0x5498c32c
11:38:54.0 (27571313)|HEAP_ALLOCATE|[34]|Bytes:5
11:38:54.0 (27594583)|VARIABLE_ASSIGNMENT|[34]|item|null|
11:38:54.0 (27611435)|METHOD_EXIT|[8]|01p6F000009rWtF|TaskHelper.setupContactToReurnCallTasks(List<Task>)
11:38:54.27 (27628409)|CUMULATIVE_LIMIT_USAGE
11:38:54.27 (27628409)|LIMIT_USAGE_FOR_NS|(default)|
  Number of SOQL queries: 1 out of 100
  Number of query rows: 0 out of 50000
  Number of SOSL queries: 0 out of 20
  Number of DML statements: 0 out of 150
  Number of DML rows: 0 out of 10000
  Maximum CPU time: 0 out of 10000
  Maximum heap size: 0 out of 6000000
  Number of callouts: 0 out of 100
  Number of Email Invocations: 0 out of 10
  Number of future calls: 0 out of 50
  Number of queueable jobs added to the queue: 0 out of 50
  Number of Mobile Apex push calls: 0 out of 10

11:38:54.27 (27628409)|CUMULATIVE_LIMIT_USAGE_END

11:38:54.0 (28813430)|CODE_UNIT_FINISHED|TaskTrigger on Task trigger event BeforeInsert|__sfdc_trigger/TaskTrigger
11:38:54.0 (34274760)|CODE_UNIT_STARTED|[EXTERNAL]|Validation:Task:new
11:38:54.0 (34297503)|VALIDATION_RULE|03d6F000000qFaO|Finish_all_call_monitor_field
11:38:54.0 (34658395)|VALIDATION_FORMULA|AND(!ISBLANK(Monitored_By__c),
    OR(ISBLANK( TEXT(CM_advised_what_will_happen_next__c)),
       ISBLANK( TEXT(Allow_customer_to_present_concerns__c) ),
       ISBLANK( TEXT(Communication_is_clear_positive_confiden__c) ),
       ISBLANK( TEXT(Demonstrate_active_listening__c )),
       ISBLANK( TEXT(Gave_correct_answers_and_infomations__c) ),
       ISBLANK( TEXT(Mirrors_clients_talking_behaviour__c) ) ))|CM_advised_what_will_happen_next__c=null , Demonstrate_active_listening__c=null , Communication_is_clear_positive_confiden__c=null , Allow_customer_to_present_concerns__c=null , Gave_correct_answers_and_infomations__c=null , Mirrors_clients_talking_behaviour__c=null , Monitored_By__c=null
11:38:54.0 (34674373)|VALIDATION_PASS
11:38:54.0 (34677474)|VALIDATION_RULE|03d900000009JbB|Interac_Quality_Must_Be_Between_1_and_10
11:38:54.0 (34751083)|VALIDATION_FORMULA|NVMContactWorld__InteractionQuality__c < 1  &#124;&#124;  NVMContactWorld__InteractionQuality__c > 10|NVMContactWorld__InteractionQuality__c=null
11:38:54.0 (34760079)|VALIDATION_PASS
11:38:54.0 (34951220)|CODE_UNIT_FINISHED|Validation:Task:new
11:38:54.0 (82529359)|CODE_UNIT_STARTED|[EXTERNAL]|Workflow:Task
11:38:54.0 (90890126)|WF_RULE_EVAL_BEGIN|Workflow
11:38:54.0 (90926413)|WF_CRITERIA_BEGIN|[Task:  00T6F0000525hZa]|Update Call Monitor Details|01Q6F0000002Tdt|ON_CREATE_OR_TRIGGERING_UPDATE|0
11:38:54.0 (93803395)|WF_RULE_FILTER|[Task : Monitored By not equal to ]
11:38:54.0 (93833337)|WF_RULE_EVAL_VALUE|
11:38:54.0 (93839988)|WF_CRITERIA_END|false
11:38:54.0 (93862875)|WF_CRITERIA_BEGIN|[Task:  00T6F0000525hZa]|Update_Callback_Request_Due_Date3016F0000005i0e|01Q6F0000019gyq|ON_CREATE_ONLY|0
11:38:54.0 (94027281)|WF_FORMULA|Formula:ENCODED:[treatNullAsNull]true|Values:
11:38:54.0 (94038388)|WF_CRITERIA_END|true
11:38:54.0 (94773627)|WF_CRITERIA_BEGIN|[Task:  00T6F0000525hZa]|Call Back Request From LinX|01Q6F000001EY2L|ON_CREATE_OR_TRIGGERING_UPDATE|0
11:38:54.0 (94837540)|WF_RULE_FILTER|[Task : Subject equals Callback Request]
11:38:54.0 (94856327)|WF_RULE_EVAL_VALUE|Outbound call to +61733902663
11:38:54.0 (94863028)|WF_CRITERIA_END|false
11:38:54.0 (94876005)|WF_CRITERIA_BEGIN|[Task:  00T6F0000525hZa]|Call_Monitor3016F00000054R3|01Q6F000000oOu7|ON_ALL_CHANGES|0
11:38:54.0 (94935009)|WF_FORMULA|Formula:ENCODED:[treatNullAsNull]true|Values:
11:38:54.0 (94940749)|WF_CRITERIA_END|true
11:38:54.0 (94967694)|WF_SPOOL_ACTION_BEGIN|Workflow
11:38:54.0 (94993458)|WF_ACTION| Flow Trigger: 2;
11:38:54.0 (94998931)|WF_RULE_EVAL_END
11:38:54.0 (96006876)|WF_FLOW_ACTION_BEGIN|09L6F000000PWtL
11:38:54.97 (97575325)|FLOW_CREATE_INTERVIEW_BEGIN|00D90000000IJSa|3006F00000091km|3016F0000005i0e
11:38:54.97 (98416127)|FLOW_CREATE_INTERVIEW_END|474324cb776580f22ae94101d1e71669e889925-343c|Update Callback Request Due Date
11:38:54.98 (98899141)|FLOW_START_INTERVIEWS_BEGIN|1
11:38:54.98 (98932239)|FLOW_START_INTERVIEW_BEGIN|474324cb776580f22ae94101d1e71669e889925-343c|Update Callback Request Due Date
11:38:54.98 (101639648)|FLOW_START_INTERVIEW_END|474324cb776580f22ae94101d1e71669e889925-343c|Update Callback Request Due Date
11:38:54.98 (101664168)|FLOW_START_INTERVIEWS_END|1
11:38:54.0 (103255668)|WF_FLOW_ACTION_END|09L6F000000PWtL
11:38:54.0 (103288827)|WF_FLOW_ACTION_BEGIN|09L6F000000PGTV
11:38:54.104 (104709521)|FLOW_CREATE_INTERVIEW_BEGIN|00D90000000IJSa|3006F0000008usA|3016F00000054R3
11:38:54.104 (105500132)|FLOW_CREATE_INTERVIEW_END|474424cb776580f22ae94101d1e71669e889925-343b|Call Monitoring
11:38:54.105 (105889658)|FLOW_START_INTERVIEWS_BEGIN|1
11:38:54.105 (105917807)|FLOW_START_INTERVIEW_BEGIN|474424cb776580f22ae94101d1e71669e889925-343b|Call Monitoring
11:38:54.105 (107989416)|FLOW_START_INTERVIEW_END|474424cb776580f22ae94101d1e71669e889925-343b|Call Monitoring
11:38:54.105 (108009176)|FLOW_START_INTERVIEWS_END|1
11:38:54.0 (108621412)|WF_FLOW_ACTION_END|09L6F000000PGTV
11:38:54.0 (108728697)|WF_ACTIONS_END| Flow Trigger: 2;
11:38:54.0 (108738850)|CODE_UNIT_FINISHED|Workflow:Task
11:38:54.0 (132604216)|CODE_UNIT_FINISHED|TRIGGERS
11:38:54.0 (132620515)|EXECUTION_FINISHED
