37.0 APEX_CODE,FINEST;APEX_PROFILING,INFO;CALLOUT,INFO;DB,INFO;NBA,INFO;SYSTEM,DEBUG;VALIDATION,INFO;VISUALFORCE,INFO;WAVE,INFO;WORKFLOW,INFO
18:44:01.15 (15461886)|ENTERING_MANAGED_PKG|Centify
18:44:01.15 (16240184)|ENTERING_MANAGED_PKG|Centify
18:44:01.15 (16275664)|ENTERING_MANAGED_PKG|Centify
18:44:01.15 (16415020)|ENTERING_MANAGED_PKG|Centify
18:44:01.15 (16463314)|ENTERING_MANAGED_PKG|Centify
18:44:01.15 (17115489)|ENTERING_MANAGED_PKG|Centify
18:44:01.15 (17406408)|ENTERING_MANAGED_PKG|Centify
18:44:01.15 (17430901)|ENTERING_MANAGED_PKG|Centify
18:44:01.15 (17498157)|ENTERING_MANAGED_PKG|Centify
18:44:01.15 (17536440)|ENTERING_MANAGED_PKG|Centify
18:44:01.15 (17564057)|ENTERING_MANAGED_PKG|Centify
18:44:01.15 (17581421)|ENTERING_MANAGED_PKG|Centify
18:44:01.15 (17595640)|ENTERING_MANAGED_PKG|Centify
18:44:01.15 (17753171)|ENTERING_MANAGED_PKG|Centify
18:44:01.15 (44886345)|ENTERING_MANAGED_PKG|Centify
18:44:01.15 (44967416)|ENTERING_MANAGED_PKG|Centify
18:44:01.15 (45106347)|ENTERING_MANAGED_PKG|Centify
18:44:01.15 (45160352)|ENTERING_MANAGED_PKG|Centify
18:44:01.15 (163612719)|ENTERING_MANAGED_PKG|Centify
18:44:01.15 (209986974)|ENTERING_MANAGED_PKG|Centify
18:44:01.15 (222446932)|ENTERING_MANAGED_PKG|Centify
18:44:01.15 (222499996)|ENTERING_MANAGED_PKG|Centify
18:44:01.15 (222594046)|ENTERING_MANAGED_PKG|Centify
18:44:01.15 (222629895)|ENTERING_MANAGED_PKG|Centify
18:44:01.15 (222695822)|ENTERING_MANAGED_PKG|Centify
18:44:01.15 (252035873)|ENTERING_MANAGED_PKG|Centify
18:44:01.15 (280149586)|ENTERING_MANAGED_PKG|Centify
18:44:01.15 (280206395)|ENTERING_MANAGED_PKG|Centify
18:44:01.15 (280283575)|ENTERING_MANAGED_PKG|Centify
18:44:01.15 (280313909)|ENTERING_MANAGED_PKG|Centify
18:44:01.15 (280372557)|ENTERING_MANAGED_PKG|Centify
18:44:01.15 (310473545)|ENTERING_MANAGED_PKG|Centify
18:44:01.15 (326705488)|ENTERING_MANAGED_PKG|Centify
18:44:01.15 (326769782)|ENTERING_MANAGED_PKG|Centify
18:44:01.15 (326877841)|ENTERING_MANAGED_PKG|Centify
18:44:01.15 (326920682)|ENTERING_MANAGED_PKG|Centify
18:44:01.15 (327003839)|ENTERING_MANAGED_PKG|Centify
18:44:01.15 (365354284)|ENTERING_MANAGED_PKG|Centify
18:44:01.15 (381096551)|ENTERING_MANAGED_PKG|Centify
18:44:01.15 (381152776)|ENTERING_MANAGED_PKG|Centify
18:44:01.15 (381247873)|ENTERING_MANAGED_PKG|Centify
18:44:01.15 (381280111)|ENTERING_MANAGED_PKG|Centify
18:44:01.15 (381338441)|ENTERING_MANAGED_PKG|Centify
18:44:01.15 (480564467)|ENTERING_MANAGED_PKG|Centify
18:44:01.15 (494462251)|ENTERING_MANAGED_PKG|Centify
18:44:01.15 (494516677)|ENTERING_MANAGED_PKG|Centify
18:44:01.15 (494591991)|ENTERING_MANAGED_PKG|Centify
18:44:01.15 (494621429)|ENTERING_MANAGED_PKG|Centify
18:44:01.15 (494694818)|ENTERING_MANAGED_PKG|Centify
18:44:01.15 (567015406)|ENTERING_MANAGED_PKG|Centify
18:44:01.15 (584725648)|ENTERING_MANAGED_PKG|Centify
18:44:01.15 (584782029)|ENTERING_MANAGED_PKG|Centify
18:44:01.15 (584859955)|ENTERING_MANAGED_PKG|Centify
18:44:01.15 (584891581)|ENTERING_MANAGED_PKG|Centify
18:44:01.15 (584951812)|ENTERING_MANAGED_PKG|Centify
18:44:01.15 (614619824)|ENTERING_MANAGED_PKG|Centify
18:44:01.15 (629104721)|ENTERING_MANAGED_PKG|Centify
18:44:01.15 (629170970)|ENTERING_MANAGED_PKG|Centify
18:44:01.15 (629251690)|ENTERING_MANAGED_PKG|Centify
18:44:01.15 (629284028)|ENTERING_MANAGED_PKG|Centify
18:44:01.15 (629359000)|ENTERING_MANAGED_PKG|Centify
18:44:01.15 (660839248)|ENTERING_MANAGED_PKG|Centify
18:44:01.15 (678697132)|ENTERING_MANAGED_PKG|Centify
18:44:01.15 (678749602)|ENTERING_MANAGED_PKG|Centify
18:44:01.15 (678824627)|ENTERING_MANAGED_PKG|Centify
18:44:01.15 (678858884)|ENTERING_MANAGED_PKG|Centify
18:44:01.15 (678924348)|ENTERING_MANAGED_PKG|Centify
18:44:01.15 (742992500)|ENTERING_MANAGED_PKG|Centify
18:44:01.15 (756577361)|ENTERING_MANAGED_PKG|Centify
18:44:01.15 (756631783)|ENTERING_MANAGED_PKG|Centify
18:44:01.15 (756705858)|ENTERING_MANAGED_PKG|Centify
18:44:01.15 (756736688)|ENTERING_MANAGED_PKG|Centify
18:44:01.15 (756796167)|ENTERING_MANAGED_PKG|Centify
18:44:01.15 (784802443)|ENTERING_MANAGED_PKG|Centify
18:44:01.15 (797014925)|ENTERING_MANAGED_PKG|Centify
18:44:01.15 (797055930)|ENTERING_MANAGED_PKG|Centify
18:44:01.15 (797118856)|ENTERING_MANAGED_PKG|Centify
18:44:01.15 (797160824)|ENTERING_MANAGED_PKG|Centify
18:44:01.15 (797221301)|ENTERING_MANAGED_PKG|Centify
18:44:01.15 (821313604)|ENTERING_MANAGED_PKG|Centify
18:44:01.15 (832805564)|ENTERING_MANAGED_PKG|Centify
18:44:01.15 (832844623)|ENTERING_MANAGED_PKG|Centify
18:44:01.15 (832910291)|ENTERING_MANAGED_PKG|Centify
18:44:01.15 (832939307)|ENTERING_MANAGED_PKG|Centify
18:44:01.15 (832996838)|ENTERING_MANAGED_PKG|Centify
18:44:01.15 (856924174)|ENTERING_MANAGED_PKG|Centify
18:44:01.15 (856970678)|ENTERING_MANAGED_PKG|Centify
18:44:01.15 (857069462)|ENTERING_MANAGED_PKG|Centify
18:44:01.15 (857089038)|ENTERING_MANAGED_PKG|Centify
18:44:01.15 (857215792)|ENTERING_MANAGED_PKG|Centify
18:44:01.15 (857250975)|ENTERING_MANAGED_PKG|Centify
18:44:01.15 (857280120)|ENTERING_MANAGED_PKG|Centify
18:44:01.15 (857537386)|ENTERING_MANAGED_PKG|Centify
18:44:01.15 (857606763)|ENTERING_MANAGED_PKG|Centify
18:44:01.15 (870427717)|ENTERING_MANAGED_PKG|Centify
18:44:01.15 (870506389)|ENTERING_MANAGED_PKG|Centify
18:44:01.15 (870591597)|ENTERING_MANAGED_PKG|Centify
18:44:01.15 (871268116)|ENTERING_MANAGED_PKG|Centify
18:44:01.15 (872135141)|SOQL_EXECUTE_BEGIN|[16]|Aggregations:0|select id,lastmodifieddate,isdeleted,salesperson__c,has_gtm_code_been_sent_to_client__c,are_all_possible_extensions_setup__c,status__c,product_type__c,ownerid,createddate,name,management_price__c from Sign_Up__c where LastModifiedDate >2018-09-28T08:39:10Z AND LastModifiedDate < 2018-09-28T08:44:07Z AND (  Management_Price__c > 0.00)  ORDER BY SystemModStamp DESC LIMIT 5000  ALL ROWS
18:44:01.15 (877795480)|SOQL_EXECUTE_END|[16]|Rows:1
18:44:01.911 (911517334)|CUMULATIVE_LIMIT_USAGE
18:44:01.911 (911517334)|LIMIT_USAGE_FOR_NS|(default)|
  Number of SOQL queries: 0 out of 200
  Number of query rows: 0 out of 50000
  Number of SOSL queries: 0 out of 20
  Number of DML statements: 0 out of 150
  Number of DML rows: 0 out of 10000
  Maximum CPU time: 0 out of 60000
  Maximum heap size: 0 out of 12000000
  Number of callouts: 0 out of 0
  Number of Email Invocations: 0 out of 10
  Number of future calls: 0 out of 0
  Number of queueable jobs added to the queue: 0 out of 1
  Number of Mobile Apex push calls: 0 out of 10

18:44:01.911 (911517334)|LIMIT_USAGE_FOR_NS|Centify|
  Number of SOQL queries: 0 out of 200
  Number of query rows: 0 out of 50000
  Number of SOSL queries: 0 out of 20
  Number of DML statements: 0 out of 150
  Number of DML rows: 0 out of 10000
  Maximum CPU time: 0 out of 60000
  Maximum heap size: 0 out of 12000000
  Number of callouts: 0 out of 0
  Number of Email Invocations: 0 out of 10
  Number of future calls: 0 out of 0
  Number of queueable jobs added to the queue: 0 out of 1
  Number of Mobile Apex push calls: 0 out of 10

18:44:01.911 (911517334)|CUMULATIVE_LIMIT_USAGE_END

