37.0 APEX_CODE,FINEST;APEX_PROFILING,INFO;CALLOUT,INFO;DB,INFO;NBA,INFO;SYSTEM,DEBUG;VALIDATION,INFO;VISUALFORCE,INFO;WAVE,INFO;WORKFLOW,INFO
11:57:10.11 (11365587)|ENTERING_MANAGED_PKG|Centify
11:57:10.11 (13994538)|ENTERING_MANAGED_PKG|Centify
11:57:10.11 (14039184)|ENTERING_MANAGED_PKG|Centify
11:57:10.11 (19621133)|ENTERING_MANAGED_PKG|Centify
11:57:10.11 (19670183)|ENTERING_MANAGED_PKG|Centify
11:57:10.11 (19768936)|ENTERING_MANAGED_PKG|Centify
11:57:10.11 (20216540)|ENTERING_MANAGED_PKG|Centify
11:57:10.11 (25653436)|ENTERING_MANAGED_PKG|Centify
11:57:10.11 (25701875)|ENTERING_MANAGED_PKG|Centify
11:57:10.11 (25938871)|ENTERING_MANAGED_PKG|Centify
11:57:10.11 (25970321)|ENTERING_MANAGED_PKG|Centify
11:57:10.11 (26221254)|ENTERING_MANAGED_PKG|Centify
11:57:10.11 (26778934)|ENTERING_MANAGED_PKG|Centify
11:57:10.11 (26815340)|ENTERING_MANAGED_PKG|Centify
11:57:10.11 (26916577)|ENTERING_MANAGED_PKG|Centify
11:57:10.11 (26968324)|ENTERING_MANAGED_PKG|Centify
11:57:10.11 (26991112)|ENTERING_MANAGED_PKG|Centify
11:57:10.11 (27068272)|ENTERING_MANAGED_PKG|Centify
11:57:10.11 (27091851)|ENTERING_MANAGED_PKG|Centify
11:57:10.11 (27120203)|ENTERING_MANAGED_PKG|Centify
11:57:10.11 (27239721)|ENTERING_MANAGED_PKG|Centify
11:57:10.11 (27278244)|ENTERING_MANAGED_PKG|Centify
11:57:10.11 (28008677)|ENTERING_MANAGED_PKG|Centify
11:57:10.11 (28052647)|ENTERING_MANAGED_PKG|Centify
11:57:10.11 (28082742)|ENTERING_MANAGED_PKG|Centify
11:57:10.11 (28223812)|ENTERING_MANAGED_PKG|Centify
11:57:10.11 (28276783)|ENTERING_MANAGED_PKG|Centify
11:57:10.11 (29159625)|ENTERING_MANAGED_PKG|Centify
11:57:10.11 (29349402)|ENTERING_MANAGED_PKG|Centify
11:57:10.11 (29473695)|ENTERING_MANAGED_PKG|Centify
11:57:10.11 (29611947)|ENTERING_MANAGED_PKG|Centify
11:57:10.11 (29697892)|ENTERING_MANAGED_PKG|Centify
11:57:10.11 (29828126)|ENTERING_MANAGED_PKG|Centify
11:57:10.11 (29936040)|ENTERING_MANAGED_PKG|Centify
11:57:10.11 (30072695)|ENTERING_MANAGED_PKG|Centify
11:57:10.11 (30157991)|ENTERING_MANAGED_PKG|Centify
11:57:10.11 (30291520)|ENTERING_MANAGED_PKG|Centify
11:57:10.11 (30374291)|ENTERING_MANAGED_PKG|Centify
11:57:10.11 (30499126)|ENTERING_MANAGED_PKG|Centify
11:57:10.11 (30576871)|ENTERING_MANAGED_PKG|Centify
11:57:10.11 (30644371)|ENTERING_MANAGED_PKG|Centify
11:57:10.11 (30719577)|ENTERING_MANAGED_PKG|Centify
11:57:10.11 (30841114)|ENTERING_MANAGED_PKG|Centify
11:57:10.11 (30920615)|ENTERING_MANAGED_PKG|Centify
11:57:10.11 (31115545)|ENTERING_MANAGED_PKG|Centify
11:57:10.11 (31252963)|ENTERING_MANAGED_PKG|Centify
11:57:10.11 (31430407)|ENTERING_MANAGED_PKG|Centify
11:57:10.11 (31515594)|ENTERING_MANAGED_PKG|Centify
11:57:10.11 (31580837)|ENTERING_MANAGED_PKG|Centify
11:57:10.11 (31658116)|ENTERING_MANAGED_PKG|Centify
11:57:10.11 (31780460)|ENTERING_MANAGED_PKG|Centify
11:57:10.11 (31859396)|ENTERING_MANAGED_PKG|Centify
11:57:10.11 (31922996)|ENTERING_MANAGED_PKG|Centify
11:57:10.11 (31993658)|ENTERING_MANAGED_PKG|Centify
11:57:10.11 (32060940)|ENTERING_MANAGED_PKG|Centify
11:57:10.11 (32132108)|ENTERING_MANAGED_PKG|Centify
11:57:10.11 (32194682)|ENTERING_MANAGED_PKG|Centify
11:57:10.11 (32266050)|ENTERING_MANAGED_PKG|Centify
11:57:10.11 (32335304)|ENTERING_MANAGED_PKG|Centify
11:57:10.11 (32440566)|ENTERING_MANAGED_PKG|Centify
11:57:10.11 (32516230)|ENTERING_MANAGED_PKG|Centify
11:57:10.11 (32631105)|ENTERING_MANAGED_PKG|Centify
11:57:10.11 (32767409)|ENTERING_MANAGED_PKG|Centify
11:57:10.11 (32851356)|ENTERING_MANAGED_PKG|Centify
11:57:10.11 (32976863)|ENTERING_MANAGED_PKG|Centify
11:57:10.11 (33062693)|ENTERING_MANAGED_PKG|Centify
11:57:10.11 (33212385)|ENTERING_MANAGED_PKG|Centify
11:57:10.11 (33283006)|ENTERING_MANAGED_PKG|Centify
11:57:10.11 (33497405)|ENTERING_MANAGED_PKG|Centify
11:57:10.11 (33526234)|ENTERING_MANAGED_PKG|Centify
11:57:10.11 (33578350)|ENTERING_MANAGED_PKG|Centify
11:57:10.11 (33615712)|ENTERING_MANAGED_PKG|Centify
11:57:10.11 (33646851)|ENTERING_MANAGED_PKG|Centify
11:57:10.11 (33715873)|ENTERING_MANAGED_PKG|Centify
11:57:10.11 (35297842)|DML_BEGIN|[76]|Op:Insert|Type:Centify__Notification__c|Rows:1
11:57:10.11 (67673323)|DML_END|[76]
11:57:10.11 (67882069)|ENTERING_MANAGED_PKG|Centify
11:57:10.11 (68322592)|ENTERING_MANAGED_PKG|Centify
11:57:10.87 (87966614)|CUMULATIVE_LIMIT_USAGE
11:57:10.87 (87966614)|LIMIT_USAGE_FOR_NS|(default)|
  Number of SOQL queries: 0 out of 200
  Number of query rows: 0 out of 50000
  Number of SOSL queries: 0 out of 20
  Number of DML statements: 0 out of 150
  Number of DML rows: 0 out of 10000
  Maximum CPU time: 0 out of 60000
  Maximum heap size: 0 out of 12000000
  Number of callouts: 0 out of 0
  Number of Email Invocations: 0 out of 10
  Number of future calls: 0 out of 0
  Number of queueable jobs added to the queue: 0 out of 1
  Number of Mobile Apex push calls: 0 out of 10

11:57:10.87 (87966614)|LIMIT_USAGE_FOR_NS|Centify|
  Number of SOQL queries: 0 out of 200
  Number of query rows: 0 out of 50000
  Number of SOSL queries: 0 out of 20
  Number of DML statements: 0 out of 150
  Number of DML rows: 0 out of 10000
  Maximum CPU time: 0 out of 60000
  Maximum heap size: 0 out of 12000000
  Number of callouts: 0 out of 0
  Number of Email Invocations: 0 out of 10
  Number of future calls: 0 out of 0
  Number of queueable jobs added to the queue: 0 out of 1
  Number of Mobile Apex push calls: 0 out of 10

11:57:10.87 (87966614)|CUMULATIVE_LIMIT_USAGE_END

