37.0 APEX_CODE,FINEST;APEX_PROFILING,INFO;CALLOUT,INFO;DB,INFO;NBA,INFO;SYSTEM,DEBUG;VALIDATION,INFO;VISUALFORCE,INFO;WAVE,INFO;WORKFLOW,INFO
18:11:22.20 (20474388)|ENTERING_MANAGED_PKG|Centify
18:11:22.20 (23854876)|ENTERING_MANAGED_PKG|Centify
18:11:22.20 (30506112)|ENTERING_MANAGED_PKG|Centify
18:11:22.20 (30637015)|ENTERING_MANAGED_PKG|Centify
18:11:22.20 (30811637)|ENTERING_MANAGED_PKG|Centify
18:11:22.20 (31656383)|ENTERING_MANAGED_PKG|Centify
18:11:22.20 (31968228)|ENTERING_MANAGED_PKG|Centify
18:11:22.20 (32002026)|ENTERING_MANAGED_PKG|Centify
18:11:22.20 (32135861)|ENTERING_MANAGED_PKG|Centify
18:11:22.20 (32221624)|ENTERING_MANAGED_PKG|Centify
18:11:22.20 (32290801)|ENTERING_MANAGED_PKG|Centify
18:11:22.20 (32327640)|ENTERING_MANAGED_PKG|Centify
18:11:22.20 (32350285)|ENTERING_MANAGED_PKG|Centify
18:11:22.20 (32558794)|ENTERING_MANAGED_PKG|Centify
18:11:22.20 (72695512)|ENTERING_MANAGED_PKG|Centify
18:11:22.20 (72819995)|ENTERING_MANAGED_PKG|Centify
18:11:22.20 (72955140)|ENTERING_MANAGED_PKG|Centify
18:11:22.20 (73011378)|ENTERING_MANAGED_PKG|Centify
18:11:22.20 (277485743)|ENTERING_MANAGED_PKG|Centify
18:11:22.20 (338428097)|ENTERING_MANAGED_PKG|Centify
18:11:22.20 (351033734)|ENTERING_MANAGED_PKG|Centify
18:11:22.20 (351091427)|ENTERING_MANAGED_PKG|Centify
18:11:22.20 (351171708)|ENTERING_MANAGED_PKG|Centify
18:11:22.20 (351205633)|ENTERING_MANAGED_PKG|Centify
18:11:22.20 (351271140)|ENTERING_MANAGED_PKG|Centify
18:11:22.20 (386923612)|ENTERING_MANAGED_PKG|Centify
18:11:22.20 (401397581)|ENTERING_MANAGED_PKG|Centify
18:11:22.20 (401455173)|ENTERING_MANAGED_PKG|Centify
18:11:22.20 (401539030)|ENTERING_MANAGED_PKG|Centify
18:11:22.20 (401573018)|ENTERING_MANAGED_PKG|Centify
18:11:22.20 (401640180)|ENTERING_MANAGED_PKG|Centify
18:11:22.20 (437785200)|ENTERING_MANAGED_PKG|Centify
18:11:22.20 (452392436)|ENTERING_MANAGED_PKG|Centify
18:11:22.20 (452451003)|ENTERING_MANAGED_PKG|Centify
18:11:22.20 (452534913)|ENTERING_MANAGED_PKG|Centify
18:11:22.20 (452568269)|ENTERING_MANAGED_PKG|Centify
18:11:22.20 (452635317)|ENTERING_MANAGED_PKG|Centify
18:11:22.20 (496192687)|ENTERING_MANAGED_PKG|Centify
18:11:22.20 (515182111)|ENTERING_MANAGED_PKG|Centify
18:11:22.20 (515249966)|ENTERING_MANAGED_PKG|Centify
18:11:22.20 (515387530)|ENTERING_MANAGED_PKG|Centify
18:11:22.20 (515458339)|ENTERING_MANAGED_PKG|Centify
18:11:22.20 (515581278)|ENTERING_MANAGED_PKG|Centify
18:11:22.20 (554343010)|ENTERING_MANAGED_PKG|Centify
18:11:22.20 (568980152)|ENTERING_MANAGED_PKG|Centify
18:11:22.20 (569033497)|ENTERING_MANAGED_PKG|Centify
18:11:22.20 (569114554)|ENTERING_MANAGED_PKG|Centify
18:11:22.20 (569147826)|ENTERING_MANAGED_PKG|Centify
18:11:22.20 (569212918)|ENTERING_MANAGED_PKG|Centify
18:11:22.20 (605566027)|ENTERING_MANAGED_PKG|Centify
18:11:22.20 (620099895)|ENTERING_MANAGED_PKG|Centify
18:11:22.20 (620428517)|ENTERING_MANAGED_PKG|Centify
18:11:22.20 (632626795)|ENTERING_MANAGED_PKG|Centify
18:11:22.20 (632727376)|ENTERING_MANAGED_PKG|Centify
18:11:22.20 (634842509)|ENTERING_MANAGED_PKG|Centify
18:11:22.20 (634908667)|ENTERING_MANAGED_PKG|Centify
18:11:22.20 (634973402)|ENTERING_MANAGED_PKG|Centify
18:11:22.20 (635064864)|ENTERING_MANAGED_PKG|Centify
18:11:22.20 (639777787)|SOQL_EXECUTE_BEGIN|[19]|Aggregations:0|SELECT Id, OrganizationType FROM Organization LIMIT 1
18:11:22.20 (643205507)|SOQL_EXECUTE_END|[19]|Rows:1
18:11:22.20 (659120799)|ENTERING_MANAGED_PKG|Centify
18:11:22.20 (671539528)|ENTERING_MANAGED_PKG|Centify
18:11:22.20 (671598447)|ENTERING_MANAGED_PKG|Centify
18:11:22.20 (671682659)|ENTERING_MANAGED_PKG|Centify
18:11:22.20 (671716794)|ENTERING_MANAGED_PKG|Centify
18:11:22.20 (671826186)|ENTERING_MANAGED_PKG|Centify
18:11:22.20 (709421289)|ENTERING_MANAGED_PKG|Centify
18:11:22.20 (724461855)|ENTERING_MANAGED_PKG|Centify
18:11:22.20 (724523655)|ENTERING_MANAGED_PKG|Centify
18:11:22.20 (724607604)|ENTERING_MANAGED_PKG|Centify
18:11:22.20 (724641909)|ENTERING_MANAGED_PKG|Centify
18:11:22.20 (724710218)|ENTERING_MANAGED_PKG|Centify
18:11:22.20 (765653098)|ENTERING_MANAGED_PKG|Centify
18:11:22.20 (765743810)|ENTERING_MANAGED_PKG|Centify
18:11:22.20 (765912436)|ENTERING_MANAGED_PKG|Centify
18:11:22.20 (765962572)|ENTERING_MANAGED_PKG|Centify
18:11:22.20 (766010845)|ENTERING_MANAGED_PKG|Centify
18:11:22.20 (771012383)|ENTERING_MANAGED_PKG|Centify
18:11:22.20 (771118008)|ENTERING_MANAGED_PKG|Centify
18:11:22.20 (772777922)|ENTERING_MANAGED_PKG|Centify
18:11:22.20 (772918009)|ENTERING_MANAGED_PKG|Centify
18:11:22.20 (773559017)|ENTERING_MANAGED_PKG|Centify
18:11:22.20 (774226331)|SOQL_EXECUTE_BEGIN|[16]|Aggregations:0|select id,lastmodifieddate,isdeleted,createddate,industry,type,name,ownerid from Account where LastModifiedDate >2018-09-28T08:07:15Z AND LastModifiedDate < 2018-09-28T08:11:28Z  ORDER BY SystemModStamp DESC LIMIT 5000  ALL ROWS
18:11:22.20 (780321277)|SOQL_EXECUTE_END|[16]|Rows:0
18:11:22.798 (798693310)|CUMULATIVE_LIMIT_USAGE
18:11:22.798 (798693310)|LIMIT_USAGE_FOR_NS|(default)|
  Number of SOQL queries: 0 out of 200
  Number of query rows: 0 out of 50000
  Number of SOSL queries: 0 out of 20
  Number of DML statements: 0 out of 150
  Number of DML rows: 0 out of 10000
  Maximum CPU time: 0 out of 60000
  Maximum heap size: 0 out of 12000000
  Number of callouts: 0 out of 0
  Number of Email Invocations: 0 out of 10
  Number of future calls: 0 out of 0
  Number of queueable jobs added to the queue: 0 out of 1
  Number of Mobile Apex push calls: 0 out of 10

18:11:22.798 (798693310)|LIMIT_USAGE_FOR_NS|Centify|
  Number of SOQL queries: 0 out of 200
  Number of query rows: 0 out of 50000
  Number of SOSL queries: 0 out of 20
  Number of DML statements: 0 out of 150
  Number of DML rows: 0 out of 10000
  Maximum CPU time: 0 out of 60000
  Maximum heap size: 0 out of 12000000
  Number of callouts: 0 out of 0
  Number of Email Invocations: 0 out of 10
  Number of future calls: 0 out of 0
  Number of queueable jobs added to the queue: 0 out of 1
  Number of Mobile Apex push calls: 0 out of 10

18:11:22.798 (798693310)|CUMULATIVE_LIMIT_USAGE_END

