37.0 APEX_CODE,FINEST;APEX_PROFILING,INFO;CALLOUT,INFO;DB,INFO;NBA,INFO;SYSTEM,DEBUG;VALIDATION,INFO;VISUALFORCE,INFO;WAVE,INFO;WORKFLOW,INFO
11:37:57.0 (84234)|USER_INFO|[EXTERNAL]|00590000000Vmmq|ben@bjbglobal.com.au|Australian Eastern Standard Time|GMT+10:00
11:37:57.0 (118825)|EXECUTION_STARTED
11:37:57.0 (122907)|CODE_UNIT_STARTED|[EXTERNAL]|0666F000007GVD0|VF: /apex/SeoGeoCompare
11:37:57.0 (2016117)|VF_DESERIALIZE_VIEWSTATE_BEGIN|0666F000007GVD0
11:37:57.0 (9898097)|HEAP_ALLOCATE|[72]|Bytes:3
11:37:57.0 (9954085)|HEAP_ALLOCATE|[77]|Bytes:152
11:37:57.0 (9976413)|HEAP_ALLOCATE|[342]|Bytes:408
11:37:57.0 (9991956)|HEAP_ALLOCATE|[355]|Bytes:408
11:37:57.0 (10003841)|HEAP_ALLOCATE|[467]|Bytes:48
11:37:57.0 (10032180)|HEAP_ALLOCATE|[139]|Bytes:6
11:37:57.0 (10061309)|HEAP_ALLOCATE|[50]|Bytes:5
11:37:57.0 (10084334)|HEAP_ALLOCATE|[56]|Bytes:5
11:37:57.0 (10092445)|HEAP_ALLOCATE|[64]|Bytes:7
11:37:57.0 (15277299)|VF_DESERIALIZE_VIEWSTATE_END
11:37:57.0 (18603872)|SYSTEM_MODE_ENTER|true
11:37:57.0 (18660276)|HEAP_ALLOCATE|[EXTERNAL]|Bytes:196
11:37:57.0 (18674443)|HEAP_ALLOCATE|[EXTERNAL]|Bytes:30
11:37:57.0 (18690422)|METHOD_ENTRY|[1]|01p6F000009rEEx|SeoGeoController.SeoGeoController()
11:37:57.0 (18699450)|STATEMENT_EXECUTE|[1]
11:37:57.0 (18706542)|STATEMENT_EXECUTE|[1]
11:37:57.0 (18718805)|SYSTEM_MODE_ENTER|false
11:37:57.0 (18737101)|HEAP_ALLOCATE|[EXTERNAL]|Bytes:5
11:37:57.0 (18746462)|SYSTEM_MODE_EXIT|false
11:37:57.0 (18758899)|METHOD_EXIT|[1]|SeoGeoController
11:37:57.0 (19291057)|HEAP_ALLOCATE|[EXTERNAL]|Bytes:24
11:37:57.0 (19306092)|VARIABLE_SCOPE_BEGIN|[59]|this|SeoGeoController|true|false
11:37:57.0 (19381559)|VARIABLE_ASSIGNMENT|[59]|this|{"allGeo":"0x1131f1ae","device":"desktop","refreshRequired":true,"selectedGeo":"0x7ba45f48","seoWebsite":"0x4d7a0d1c"}|0x70235b83
11:37:57.0 (19415073)|SYSTEM_MODE_ENTER|false
11:37:57.0 (19422924)|HEAP_ALLOCATE|[65]|Bytes:5
11:37:57.0 (19428676)|STATEMENT_EXECUTE|[59]
11:37:57.0 (19430720)|STATEMENT_EXECUTE|[65]
11:37:57.0 (19448599)|SYSTEM_MODE_EXIT|false
11:37:57.0 (28107131)|SYSTEM_MODE_ENTER|true
11:37:57.28 (28569892)|SYSTEM_MODE_ENTER|true
11:37:57.28 (28655392)|HEAP_ALLOCATE|[EXTERNAL]|Bytes:38
11:37:57.28 (28669088)|HEAP_ALLOCATE|[EXTERNAL]|Bytes:7
11:37:57.28 (28919479)|SYSTEM_MODE_ENTER|true
11:37:57.28 (28960572)|HEAP_ALLOCATE|[EXTERNAL]|Bytes:8
11:37:57.28 (28967808)|VARIABLE_SCOPE_BEGIN|[2]|this|ApexPage.PageMessagesComponentController|true|false
11:37:57.28 (29003439)|VARIABLE_ASSIGNMENT|[2]|this|{}|0x3742e830
11:37:57.0 (29924870)|SYSTEM_MODE_ENTER|true
11:37:57.0 (30036324)|SYSTEM_MODE_ENTER|true
11:37:57.0 (30086607)|HEAP_ALLOCATE|[EXTERNAL]|Bytes:164
11:37:57.0 (30099714)|HEAP_ALLOCATE|[EXTERNAL]|Bytes:12
11:37:57.0 (30112365)|METHOD_ENTRY|[5]|01p6F000009rEEv|MultiselectController.MultiselectController()
11:37:57.0 (30122261)|STATEMENT_EXECUTE|[5]
11:37:57.0 (30128643)|STATEMENT_EXECUTE|[5]
11:37:57.0 (30135189)|SYSTEM_MODE_ENTER|false
11:37:57.0 (30144365)|HEAP_ALLOCATE|[EXTERNAL]|Bytes:5
11:37:57.0 (30153906)|SYSTEM_MODE_EXIT|false
11:37:57.0 (30163590)|METHOD_EXIT|[5]|MultiselectController
11:37:57.0 (30184558)|HEAP_ALLOCATE|[EXTERNAL]|Bytes:232
11:37:57.0 (30195498)|HEAP_ALLOCATE|[EXTERNAL]|Bytes:20
11:37:57.0 (30218293)|VARIABLE_ASSIGNMENT|[EXTERNAL]|this.leftOptions|"List of size 57 too large to display"|0x5a46c31d
11:37:57.0 (30303947)|SYSTEM_MODE_ENTER|true
11:37:57.0 (30372993)|SYSTEM_MODE_ENTER|true
11:37:57.0 (30407322)|HEAP_ALLOCATE|[EXTERNAL]|Bytes:4
11:37:57.0 (30414569)|HEAP_ALLOCATE|[EXTERNAL]|Bytes:20
11:37:57.0 (30435663)|VARIABLE_ASSIGNMENT|[EXTERNAL]|this.rightOptions|[]|0x5a46c31d
11:37:57.0 (31238144)|SYSTEM_MODE_ENTER|true
11:37:57.0 (31963541)|SYSTEM_MODE_ENTER|true
11:37:57.0 (32299109)|SYSTEM_MODE_ENTER|true
11:37:57.0 (36158692)|SYSTEM_MODE_ENTER|true
11:37:57.0 (36235198)|HEAP_ALLOCATE|[EXTERNAL]|Bytes:24
11:37:57.0 (36251414)|VARIABLE_SCOPE_BEGIN|[76]|this|SeoGeoController|true|false
11:37:57.0 (36311124)|VARIABLE_ASSIGNMENT|[76]|this|{"allGeo":"0x1131f1ae","device":"desktop","refreshRequired":true,"selectedGeo":"0x7ba45f48","seoWebsite":"0x4d7a0d1c"}|0x70235b83
11:37:57.0 (36332778)|SYSTEM_MODE_ENTER|false
11:37:57.0 (36346793)|HEAP_ALLOCATE|[77]|Bytes:5
11:37:57.0 (36353388)|STATEMENT_EXECUTE|[76]
11:37:57.0 (36355771)|STATEMENT_EXECUTE|[77]
11:37:57.0 (36378538)|VARIABLE_SCOPE_BEGIN|[77]|geoTable|String|false|false
11:37:57.0 (36389196)|VARIABLE_ASSIGNMENT|[77]|geoTable|null
11:37:57.0 (36394010)|STATEMENT_EXECUTE|[80]
11:37:57.0 (36431407)|METHOD_ENTRY|[80]|01p6F000009rEEx|SeoGeoController.getGeoURL()
11:37:57.0 (36453469)|VARIABLE_SCOPE_BEGIN|[97]|this|SeoGeoController|true|false
11:37:57.0 (36480465)|VARIABLE_ASSIGNMENT|[97]|this|{"allGeo":"0x1131f1ae","device":"desktop","refreshRequired":true,"selectedGeo":"0x7ba45f48","seoWebsite":"0x4d7a0d1c"}|0x70235b83
11:37:57.0 (36492632)|HEAP_ALLOCATE|[99]|Bytes:5
11:37:57.0 (36497776)|STATEMENT_EXECUTE|[97]
11:37:57.0 (36500087)|STATEMENT_EXECUTE|[99]
11:37:57.0 (36508508)|HEAP_ALLOCATE|[99]|Bytes:56
11:37:57.0 (36554473)|VARIABLE_ASSIGNMENT|[EXTERNAL]|this|{"allGeo":"0x1131f1ae","device":"desktop","refreshRequired":true,"selectedGeo":"0x7ba45f48","seoWebsite":"0x4d7a0d1c"}|0x70235b83
11:37:57.0 (36631273)|HEAP_ALLOCATE|[99]|Bytes:18
11:37:57.0 (36638478)|HEAP_ALLOCATE|[99]|Bytes:5
11:37:57.0 (36711715)|HEAP_ALLOCATE|[99]|Bytes:15
11:37:57.0 (36728254)|SYSTEM_METHOD_ENTRY|[1]|EncodingUtil.EncodingUtil()
11:37:57.0 (36733429)|STATEMENT_EXECUTE|[1]
11:37:57.0 (36741486)|SYSTEM_METHOD_EXIT|[1]|EncodingUtil
11:37:57.0 (36755145)|METHOD_ENTRY|[99]||System.EncodingUtil.urlEncode(String, String)
11:37:57.0 (36810670)|METHOD_EXIT|[99]||System.EncodingUtil.urlEncode(String, String)
11:37:57.0 (36825096)|HEAP_ALLOCATE|[99]|Bytes:74
11:37:57.0 (36831380)|VARIABLE_SCOPE_BEGIN|[99]|consolePath|String|false|false
11:37:57.0 (36845334)|VARIABLE_ASSIGNMENT|[99]|consolePath|"/?c=seo&action=keywo (54 more) ..."
11:37:57.0 (36888687)|VARIABLE_ASSIGNMENT|[EXTERNAL]|this|{"allGeo":"0x1131f1ae","device":"desktop","refreshRequired":true,"selectedGeo":"0x7ba45f48","seoWebsite":"0x4d7a0d1c"}|0x70235b83
11:37:57.0 (36938672)|HEAP_ALLOCATE|[101]|Bytes:5
11:37:57.0 (36960105)|VARIABLE_ASSIGNMENT|[101]|so|null|
11:37:57.0 (36966417)|STATEMENT_EXECUTE|[101]
11:37:57.0 (37001855)|VARIABLE_ASSIGNMENT|[EXTERNAL]|this|{"allGeo":"0x1131f1ae","device":"desktop","refreshRequired":true,"selectedGeo":"0x7ba45f48","seoWebsite":"0x4d7a0d1c"}|0x70235b83
11:37:57.0 (37037717)|STATEMENT_EXECUTE|[105]
11:37:57.0 (37039688)|STATEMENT_EXECUTE|[106]
11:37:57.0 (37046504)|HEAP_ALLOCATE|[106]|Bytes:13
11:37:57.0 (37079353)|VARIABLE_ASSIGNMENT|[EXTERNAL]|this|{"allGeo":"0x1131f1ae","device":"desktop","refreshRequired":true,"selectedGeo":"0x7ba45f48","seoWebsite":"0x4d7a0d1c"}|0x70235b83
11:37:57.0 (37097435)|METHOD_ENTRY|[106]||System.EncodingUtil.urlEncode(String, String)
11:37:57.0 (37126327)|METHOD_EXIT|[106]||System.EncodingUtil.urlEncode(String, String)
11:37:57.0 (37133076)|HEAP_ALLOCATE|[106]|Bytes:49
11:37:57.0 (37138632)|HEAP_ALLOCATE|[106]|Bytes:123
11:37:57.0 (37147942)|VARIABLE_ASSIGNMENT|[106]|consolePath|"/?c=seo&action=keywo (103 more) ..."
11:37:57.0 (37183288)|VARIABLE_ASSIGNMENT|[EXTERNAL]|this|{"allGeo":"0x1131f1ae","device":"desktop","refreshRequired":true,"selectedGeo":"0x7ba45f48","seoWebsite":"0x4d7a0d1c"}|0x70235b83
11:37:57.0 (37197945)|HEAP_ALLOCATE|[109]|Bytes:6
11:37:57.0 (37223866)|STATEMENT_EXECUTE|[109]
11:37:57.0 (37229810)|STATEMENT_EXECUTE|[113]
11:37:57.0 (37239662)|METHOD_ENTRY|[113]|01p6F000009rEEx|SeoGeoController.getKeywordIdQueryString()
11:37:57.0 (37257465)|VARIABLE_SCOPE_BEGIN|[43]|this|SeoGeoController|true|false
11:37:57.0 (37281839)|VARIABLE_ASSIGNMENT|[43]|this|{"allGeo":"0x1131f1ae","device":"desktop","refreshRequired":true,"selectedGeo":"0x7ba45f48","seoWebsite":"0x4d7a0d1c"}|0x70235b83
11:37:57.0 (37294886)|HEAP_ALLOCATE|[44]|Bytes:5
11:37:57.0 (37299772)|STATEMENT_EXECUTE|[43]
11:37:57.0 (37301416)|STATEMENT_EXECUTE|[44]
11:37:57.0 (37308136)|VARIABLE_SCOPE_BEGIN|[44]|keywordQueryString|String|false|false
11:37:57.0 (37318630)|VARIABLE_ASSIGNMENT|[44]|keywordQueryString|""
11:37:57.0 (37323682)|STATEMENT_EXECUTE|[47]
11:37:57.0 (37328511)|HEAP_ALLOCATE|[47]|Bytes:109
11:37:57.0 (37360601)|HEAP_ALLOCATE|[47]|Bytes:4
11:37:57.0 (37373900)|HEAP_ALLOCATE|[47]|Bytes:7
11:37:57.0 (37459888)|HEAP_ALLOCATE|[47]|Bytes:359
11:37:57.0 (37512726)|HEAP_ALLOCATE|[47]|Bytes:336
11:37:57.0 (37534679)|HEAP_ALLOCATE|[47]|Bytes:2
11:37:57.0 (38188427)|SOQL_EXECUTE_BEGIN|[47]|Aggregations:0|SELECT Id FROM seoThemeKeywords__c WHERE seoWebsites__c = :tmpVar1 ORDER BY Google_Current__c ASC NULLS FIRST
11:37:57.0 (44315076)|SOQL_EXECUTE_END|[47]|Rows:30
11:37:57.0 (44354235)|HEAP_ALLOCATE|[47]|Bytes:124
11:37:57.0 (44403955)|HEAP_ALLOCATE|[47]|Bytes:1650
11:37:57.0 (44542603)|HEAP_ALLOCATE|[47]|Bytes:124
11:37:57.0 (44575757)|VARIABLE_SCOPE_BEGIN|[47]|seoKeywords|List<seoThemeKeywords__c>|true|false
11:37:57.0 (44618210)|VARIABLE_ASSIGNMENT|[47]|seoKeywords|"List of size 30 too large to display"|0x4f99a75e
11:37:57.0 (44720002)|STATEMENT_EXECUTE|[49]
11:37:57.0 (44857751)|HEAP_ALLOCATE|[50]|Bytes:5
11:37:57.0 (44883605)|HEAP_ALLOCATE|[50]|Bytes:12
11:37:57.0 (44894160)|VARIABLE_SCOPE_BEGIN|[50]|seoKeyword|seoThemeKeywords__c|true|false
11:37:57.0 (44918617)|VARIABLE_ASSIGNMENT|[50]|seoKeyword|{"Id":"a1D6F000003TvPBUA0","CurrencyIsoCode":"AUD"}|0x6fc49e60
11:37:57.0 (44926537)|STATEMENT_EXECUTE|[50]
11:37:57.0 (44928533)|STATEMENT_EXECUTE|[51]
11:37:57.0 (44940555)|HEAP_ALLOCATE|[51]|Bytes:5
11:37:57.0 (44990201)|HEAP_ALLOCATE|[51]|Bytes:18
11:37:57.0 (45008685)|METHOD_ENTRY|[51]||System.EncodingUtil.urlEncode(String, String)
11:37:57.0 (45058327)|METHOD_EXIT|[51]||System.EncodingUtil.urlEncode(String, String)
11:37:57.0 (45068259)|HEAP_ALLOCATE|[51]|Bytes:23
11:37:57.0 (45073018)|HEAP_ALLOCATE|[51]|Bytes:23
11:37:57.0 (45084419)|VARIABLE_ASSIGNMENT|[51]|keywordQueryString|"&k[]=a1D6F000003TvPB (3 more) ..."
11:37:57.0 (45097645)|HEAP_ALLOCATE|[50]|Bytes:5
11:37:57.0 (45109921)|HEAP_ALLOCATE|[50]|Bytes:12
11:37:57.0 (45115901)|VARIABLE_SCOPE_BEGIN|[50]|seoKeyword|seoThemeKeywords__c|true|false
11:37:57.0 (45131026)|VARIABLE_ASSIGNMENT|[50]|seoKeyword|{"Id":"a1D6F000003TvPXUA0","CurrencyIsoCode":"AUD"}|0x3fde6a6c
11:37:57.0 (45137377)|STATEMENT_EXECUTE|[50]
11:37:57.0 (45139039)|STATEMENT_EXECUTE|[51]
11:37:57.0 (45152581)|HEAP_ALLOCATE|[51]|Bytes:18
11:37:57.0 (45160592)|METHOD_ENTRY|[51]||System.EncodingUtil.urlEncode(String, String)
11:37:57.0 (45184130)|METHOD_EXIT|[51]||System.EncodingUtil.urlEncode(String, String)
11:37:57.0 (45189303)|HEAP_ALLOCATE|[51]|Bytes:23
11:37:57.0 (45193782)|HEAP_ALLOCATE|[51]|Bytes:46
11:37:57.0 (45201918)|VARIABLE_ASSIGNMENT|[51]|keywordQueryString|"&k[]=a1D6F000003TvPB (26 more) ..."
11:37:57.0 (45212809)|HEAP_ALLOCATE|[50]|Bytes:5
11:37:57.0 (45223058)|HEAP_ALLOCATE|[50]|Bytes:12
11:37:57.0 (45229049)|VARIABLE_SCOPE_BEGIN|[50]|seoKeyword|seoThemeKeywords__c|true|false
11:37:57.0 (45243034)|VARIABLE_ASSIGNMENT|[50]|seoKeyword|{"Id":"a1D6F000003TvPVUA0","CurrencyIsoCode":"AUD"}|0x7731961f
11:37:57.0 (45249536)|STATEMENT_EXECUTE|[50]
11:37:57.0 (45251034)|STATEMENT_EXECUTE|[51]
11:37:57.0 (45260395)|HEAP_ALLOCATE|[51]|Bytes:18
11:37:57.0 (45267424)|METHOD_ENTRY|[51]||System.EncodingUtil.urlEncode(String, String)
11:37:57.0 (45288206)|METHOD_EXIT|[51]||System.EncodingUtil.urlEncode(String, String)
11:37:57.0 (45293597)|HEAP_ALLOCATE|[51]|Bytes:23
11:37:57.0 (45297584)|HEAP_ALLOCATE|[51]|Bytes:69
11:37:57.0 (45305736)|VARIABLE_ASSIGNMENT|[51]|keywordQueryString|"&k[]=a1D6F000003TvPB (49 more) ..."
11:37:57.0 (45315574)|HEAP_ALLOCATE|[50]|Bytes:5
11:37:57.0 (45324658)|HEAP_ALLOCATE|[50]|Bytes:12
11:37:57.0 (45330114)|VARIABLE_SCOPE_BEGIN|[50]|seoKeyword|seoThemeKeywords__c|true|false
11:37:57.0 (45343281)|VARIABLE_ASSIGNMENT|[50]|seoKeyword|{"Id":"a1D6F000003TvP9UAK","CurrencyIsoCode":"AUD"}|0x3bc51654
11:37:57.0 (45349099)|STATEMENT_EXECUTE|[50]
11:37:57.0 (45350562)|STATEMENT_EXECUTE|[51]
11:37:57.0 (45359246)|HEAP_ALLOCATE|[51]|Bytes:18
11:37:57.0 (45366102)|METHOD_ENTRY|[51]||System.EncodingUtil.urlEncode(String, String)
11:37:57.0 (45386231)|METHOD_EXIT|[51]||System.EncodingUtil.urlEncode(String, String)
11:37:57.0 (45391285)|HEAP_ALLOCATE|[51]|Bytes:23
11:37:57.0 (45396297)|HEAP_ALLOCATE|[51]|Bytes:92
11:37:57.0 (45404035)|VARIABLE_ASSIGNMENT|[51]|keywordQueryString|"&k[]=a1D6F000003TvPB (72 more) ..."
11:37:57.0 (45413421)|HEAP_ALLOCATE|[50]|Bytes:5
11:37:57.0 (45421829)|HEAP_ALLOCATE|[50]|Bytes:12
11:37:57.0 (45426898)|VARIABLE_SCOPE_BEGIN|[50]|seoKeyword|seoThemeKeywords__c|true|false
11:37:57.0 (45439191)|VARIABLE_ASSIGNMENT|[50]|seoKeyword|{"Id":"a1D6F000003TvPNUA0","CurrencyIsoCode":"AUD"}|0x7039b8d2
11:37:57.0 (45444882)|STATEMENT_EXECUTE|[50]
11:37:57.0 (45446338)|STATEMENT_EXECUTE|[51]
11:37:57.0 (45455212)|HEAP_ALLOCATE|[51]|Bytes:18
11:37:57.0 (45462180)|METHOD_ENTRY|[51]||System.EncodingUtil.urlEncode(String, String)
11:37:57.0 (45481587)|METHOD_EXIT|[51]||System.EncodingUtil.urlEncode(String, String)
11:37:57.0 (45486256)|HEAP_ALLOCATE|[51]|Bytes:23
11:37:57.0 (45496692)|HEAP_ALLOCATE|[51]|Bytes:115
11:37:57.0 (45505175)|VARIABLE_ASSIGNMENT|[51]|keywordQueryString|"&k[]=a1D6F000003TvPB (95 more) ..."
11:37:57.0 (45514729)|HEAP_ALLOCATE|[50]|Bytes:5
11:37:57.0 (45524046)|HEAP_ALLOCATE|[50]|Bytes:12
11:37:57.0 (45529233)|VARIABLE_SCOPE_BEGIN|[50]|seoKeyword|seoThemeKeywords__c|true|false
11:37:57.0 (45540920)|VARIABLE_ASSIGNMENT|[50]|seoKeyword|{"Id":"a1D6F000003TvPAUA0","CurrencyIsoCode":"AUD"}|0x3cf821b3
11:37:57.0 (45547117)|STATEMENT_EXECUTE|[50]
11:37:57.0 (45548699)|STATEMENT_EXECUTE|[51]
11:37:57.0 (45558065)|HEAP_ALLOCATE|[51]|Bytes:18
11:37:57.0 (45565022)|METHOD_ENTRY|[51]||System.EncodingUtil.urlEncode(String, String)
11:37:57.0 (45584458)|METHOD_EXIT|[51]||System.EncodingUtil.urlEncode(String, String)
11:37:57.0 (45589181)|HEAP_ALLOCATE|[51]|Bytes:23
11:37:57.0 (45593863)|HEAP_ALLOCATE|[51]|Bytes:138
11:37:57.0 (45602500)|VARIABLE_ASSIGNMENT|[51]|keywordQueryString|"&k[]=a1D6F000003TvPB (118 more) ..."
11:37:57.0 (45612408)|HEAP_ALLOCATE|[50]|Bytes:5
11:37:57.0 (45621784)|HEAP_ALLOCATE|[50]|Bytes:12
11:37:57.0 (45626634)|VARIABLE_SCOPE_BEGIN|[50]|seoKeyword|seoThemeKeywords__c|true|false
11:37:57.0 (45639171)|VARIABLE_ASSIGNMENT|[50]|seoKeyword|{"Id":"a1D6F000003TvPCUA0","CurrencyIsoCode":"AUD"}|0x4702d95d
11:37:57.0 (45644873)|STATEMENT_EXECUTE|[50]
11:37:57.0 (45646332)|STATEMENT_EXECUTE|[51]
11:37:57.0 (45655007)|HEAP_ALLOCATE|[51]|Bytes:18
11:37:57.0 (45661763)|METHOD_ENTRY|[51]||System.EncodingUtil.urlEncode(String, String)
11:37:57.0 (45680639)|METHOD_EXIT|[51]||System.EncodingUtil.urlEncode(String, String)
11:37:57.0 (45686226)|HEAP_ALLOCATE|[51]|Bytes:23
11:37:57.0 (45690764)|HEAP_ALLOCATE|[51]|Bytes:161
11:37:57.0 (45699019)|VARIABLE_ASSIGNMENT|[51]|keywordQueryString|"&k[]=a1D6F000003TvPB (141 more) ..."
11:37:57.0 (45708216)|HEAP_ALLOCATE|[50]|Bytes:5
11:37:57.0 (45717476)|HEAP_ALLOCATE|[50]|Bytes:12
11:37:57.0 (45722913)|VARIABLE_SCOPE_BEGIN|[50]|seoKeyword|seoThemeKeywords__c|true|false
11:37:57.0 (45735388)|VARIABLE_ASSIGNMENT|[50]|seoKeyword|{"Id":"a1D6F000003TvPPUA0","CurrencyIsoCode":"AUD"}|0x5466005f
11:37:57.0 (45741231)|STATEMENT_EXECUTE|[50]
11:37:57.0 (45742734)|STATEMENT_EXECUTE|[51]
11:37:57.0 (45751197)|HEAP_ALLOCATE|[51]|Bytes:18
11:37:57.0 (45758406)|METHOD_ENTRY|[51]||System.EncodingUtil.urlEncode(String, String)
11:37:57.0 (45778389)|METHOD_EXIT|[51]||System.EncodingUtil.urlEncode(String, String)
11:37:57.0 (45783244)|HEAP_ALLOCATE|[51]|Bytes:23
11:37:57.0 (45788120)|HEAP_ALLOCATE|[51]|Bytes:184
11:37:57.0 (45796517)|VARIABLE_ASSIGNMENT|[51]|keywordQueryString|"&k[]=a1D6F000003TvPB (164 more) ..."
11:37:57.0 (45805947)|HEAP_ALLOCATE|[50]|Bytes:5
11:37:57.0 (45814700)|HEAP_ALLOCATE|[50]|Bytes:12
11:37:57.0 (45820101)|VARIABLE_SCOPE_BEGIN|[50]|seoKeyword|seoThemeKeywords__c|true|false
11:37:57.0 (45832700)|VARIABLE_ASSIGNMENT|[50]|seoKeyword|{"Id":"a1D6F000003TvPHUA0","CurrencyIsoCode":"AUD"}|0x69a4cd29
11:37:57.0 (45838029)|STATEMENT_EXECUTE|[50]
11:37:57.0 (45839716)|STATEMENT_EXECUTE|[51]
11:37:57.0 (45848114)|HEAP_ALLOCATE|[51]|Bytes:18
11:37:57.0 (45854618)|METHOD_ENTRY|[51]||System.EncodingUtil.urlEncode(String, String)
11:37:57.0 (45873633)|METHOD_EXIT|[51]||System.EncodingUtil.urlEncode(String, String)
11:37:57.0 (45878587)|HEAP_ALLOCATE|[51]|Bytes:23
11:37:57.0 (45882905)|HEAP_ALLOCATE|[51]|Bytes:207
11:37:57.0 (45890504)|VARIABLE_ASSIGNMENT|[51]|keywordQueryString|"&k[]=a1D6F000003TvPB (187 more) ..."
11:37:57.0 (45900385)|HEAP_ALLOCATE|[50]|Bytes:5
11:37:57.0 (45909546)|HEAP_ALLOCATE|[50]|Bytes:12
11:37:57.0 (45914679)|VARIABLE_SCOPE_BEGIN|[50]|seoKeyword|seoThemeKeywords__c|true|false
11:37:57.0 (45928065)|VARIABLE_ASSIGNMENT|[50]|seoKeyword|{"Id":"a1D6F000003TvPJUA0","CurrencyIsoCode":"AUD"}|0x142c9c17
11:37:57.0 (45933940)|STATEMENT_EXECUTE|[50]
11:37:57.0 (45935437)|STATEMENT_EXECUTE|[51]
11:37:57.0 (45944127)|HEAP_ALLOCATE|[51]|Bytes:18
11:37:57.0 (45950633)|METHOD_ENTRY|[51]||System.EncodingUtil.urlEncode(String, String)
11:37:57.0 (45973676)|METHOD_EXIT|[51]||System.EncodingUtil.urlEncode(String, String)
11:37:57.0 (45978504)|HEAP_ALLOCATE|[51]|Bytes:23
11:37:57.0 (45983487)|HEAP_ALLOCATE|[51]|Bytes:230
11:37:57.0 (45991683)|VARIABLE_ASSIGNMENT|[51]|keywordQueryString|"&k[]=a1D6F000003TvPB (210 more) ..."
11:37:57.0 (46001058)|HEAP_ALLOCATE|[50]|Bytes:5
11:37:57.0 (46010900)|HEAP_ALLOCATE|[50]|Bytes:12
11:37:57.0 (46016591)|VARIABLE_SCOPE_BEGIN|[50]|seoKeyword|seoThemeKeywords__c|true|false
11:37:57.0 (46030148)|VARIABLE_ASSIGNMENT|[50]|seoKeyword|{"Id":"a1D6F000003TvPYUA0","CurrencyIsoCode":"AUD"}|0x453577fe
11:37:57.0 (46035774)|STATEMENT_EXECUTE|[50]
11:37:57.0 (46037220)|STATEMENT_EXECUTE|[51]
11:37:57.0 (46045726)|HEAP_ALLOCATE|[51]|Bytes:18
11:37:57.0 (46052168)|METHOD_ENTRY|[51]||System.EncodingUtil.urlEncode(String, String)
11:37:57.0 (46070937)|METHOD_EXIT|[51]||System.EncodingUtil.urlEncode(String, String)
11:37:57.0 (46075643)|HEAP_ALLOCATE|[51]|Bytes:23
11:37:57.0 (46080089)|HEAP_ALLOCATE|[51]|Bytes:253
11:37:57.0 (46088145)|VARIABLE_ASSIGNMENT|[51]|keywordQueryString|"&k[]=a1D6F000003TvPB (233 more) ..."
11:37:57.0 (46097956)|HEAP_ALLOCATE|[50]|Bytes:5
11:37:57.0 (46106435)|HEAP_ALLOCATE|[50]|Bytes:12
11:37:57.0 (46111895)|VARIABLE_SCOPE_BEGIN|[50]|seoKeyword|seoThemeKeywords__c|true|false
11:37:57.0 (46124196)|VARIABLE_ASSIGNMENT|[50]|seoKeyword|{"Id":"a1D6F000003TvPFUA0","CurrencyIsoCode":"AUD"}|0x21b5e3ff
11:37:57.0 (46130150)|STATEMENT_EXECUTE|[50]
11:37:57.0 (46131584)|STATEMENT_EXECUTE|[51]
11:37:57.0 (46139807)|HEAP_ALLOCATE|[51]|Bytes:18
11:37:57.0 (46146924)|METHOD_ENTRY|[51]||System.EncodingUtil.urlEncode(String, String)
11:37:57.0 (46165992)|METHOD_EXIT|[51]||System.EncodingUtil.urlEncode(String, String)
11:37:57.0 (46170918)|HEAP_ALLOCATE|[51]|Bytes:23
11:37:57.0 (46175263)|HEAP_ALLOCATE|[51]|Bytes:276
11:37:57.0 (46184201)|VARIABLE_ASSIGNMENT|[51]|keywordQueryString|"&k[]=a1D6F000003TvPB (256 more) ..."
11:37:57.0 (46193156)|HEAP_ALLOCATE|[50]|Bytes:5
11:37:57.0 (46202201)|HEAP_ALLOCATE|[50]|Bytes:12
11:37:57.0 (46207270)|VARIABLE_SCOPE_BEGIN|[50]|seoKeyword|seoThemeKeywords__c|true|false
11:37:57.0 (46218955)|VARIABLE_ASSIGNMENT|[50]|seoKeyword|{"Id":"a1D6F000003TvPOUA0","CurrencyIsoCode":"AUD"}|0x6eb7bf65
11:37:57.0 (46224754)|STATEMENT_EXECUTE|[50]
11:37:57.0 (46226216)|STATEMENT_EXECUTE|[51]
11:37:57.0 (46234768)|HEAP_ALLOCATE|[51]|Bytes:18
11:37:57.0 (46241052)|METHOD_ENTRY|[51]||System.EncodingUtil.urlEncode(String, String)
11:37:57.0 (46259767)|METHOD_EXIT|[51]||System.EncodingUtil.urlEncode(String, String)
11:37:57.0 (46265083)|HEAP_ALLOCATE|[51]|Bytes:23
11:37:57.0 (46270172)|HEAP_ALLOCATE|[51]|Bytes:299
11:37:57.0 (46277689)|VARIABLE_ASSIGNMENT|[51]|keywordQueryString|"&k[]=a1D6F000003TvPB (279 more) ..."
11:37:57.0 (46286986)|HEAP_ALLOCATE|[50]|Bytes:5
11:37:57.0 (46295974)|HEAP_ALLOCATE|[50]|Bytes:12
11:37:57.0 (46301606)|VARIABLE_SCOPE_BEGIN|[50]|seoKeyword|seoThemeKeywords__c|true|false
11:37:57.0 (46315104)|VARIABLE_ASSIGNMENT|[50]|seoKeyword|{"Id":"a1D6F000003TvPSUA0","CurrencyIsoCode":"AUD"}|0x1e8b5a80
11:37:57.0 (46320788)|STATEMENT_EXECUTE|[50]
11:37:57.0 (46322266)|STATEMENT_EXECUTE|[51]
11:37:57.0 (46330509)|HEAP_ALLOCATE|[51]|Bytes:18
11:37:57.0 (46337140)|METHOD_ENTRY|[51]||System.EncodingUtil.urlEncode(String, String)
11:37:57.0 (46355816)|METHOD_EXIT|[51]||System.EncodingUtil.urlEncode(String, String)
11:37:57.0 (46360726)|HEAP_ALLOCATE|[51]|Bytes:23
11:37:57.0 (46364985)|HEAP_ALLOCATE|[51]|Bytes:322
11:37:57.0 (46372973)|VARIABLE_ASSIGNMENT|[51]|keywordQueryString|"&k[]=a1D6F000003TvPB (302 more) ..."
11:37:57.0 (46381566)|HEAP_ALLOCATE|[50]|Bytes:5
11:37:57.0 (46390365)|HEAP_ALLOCATE|[50]|Bytes:12
11:37:57.0 (46395596)|VARIABLE_SCOPE_BEGIN|[50]|seoKeyword|seoThemeKeywords__c|true|false
11:37:57.0 (46407158)|VARIABLE_ASSIGNMENT|[50]|seoKeyword|{"Id":"a1D6F000003TvPLUA0","CurrencyIsoCode":"AUD"}|0x70ef4428
11:37:57.0 (46413126)|STATEMENT_EXECUTE|[50]
11:37:57.0 (46414596)|STATEMENT_EXECUTE|[51]
11:37:57.0 (46423010)|HEAP_ALLOCATE|[51]|Bytes:18
11:37:57.0 (46431499)|METHOD_ENTRY|[51]||System.EncodingUtil.urlEncode(String, String)
11:37:57.0 (46452400)|METHOD_EXIT|[51]||System.EncodingUtil.urlEncode(String, String)
11:37:57.0 (46457335)|HEAP_ALLOCATE|[51]|Bytes:23
11:37:57.0 (46461827)|HEAP_ALLOCATE|[51]|Bytes:345
11:37:57.0 (46470514)|VARIABLE_ASSIGNMENT|[51]|keywordQueryString|"&k[]=a1D6F000003TvPB (325 more) ..."
11:37:57.0 (46479870)|HEAP_ALLOCATE|[50]|Bytes:5
11:37:57.0 (46489017)|HEAP_ALLOCATE|[50]|Bytes:12
11:37:57.0 (46499966)|VARIABLE_SCOPE_BEGIN|[50]|seoKeyword|seoThemeKeywords__c|true|false
11:37:57.0 (46512345)|VARIABLE_ASSIGNMENT|[50]|seoKeyword|{"Id":"a1D6F000003TvPTUA0","CurrencyIsoCode":"AUD"}|0x7e4bfbd1
11:37:57.0 (46517532)|STATEMENT_EXECUTE|[50]
11:37:57.0 (46518968)|STATEMENT_EXECUTE|[51]
11:37:57.0 (46527577)|HEAP_ALLOCATE|[51]|Bytes:18
11:37:57.0 (46534094)|METHOD_ENTRY|[51]||System.EncodingUtil.urlEncode(String, String)
11:37:57.0 (46553251)|METHOD_EXIT|[51]||System.EncodingUtil.urlEncode(String, String)
11:37:57.0 (46558479)|HEAP_ALLOCATE|[51]|Bytes:23
11:37:57.0 (46562895)|HEAP_ALLOCATE|[51]|Bytes:368
11:37:57.0 (46570958)|VARIABLE_ASSIGNMENT|[51]|keywordQueryString|"&k[]=a1D6F000003TvPB (348 more) ..."
11:37:57.0 (46580662)|HEAP_ALLOCATE|[50]|Bytes:5
11:37:57.0 (46589607)|HEAP_ALLOCATE|[50]|Bytes:12
11:37:57.0 (46594751)|VARIABLE_SCOPE_BEGIN|[50]|seoKeyword|seoThemeKeywords__c|true|false
11:37:57.0 (46607156)|VARIABLE_ASSIGNMENT|[50]|seoKeyword|{"Id":"a1D6F000003TvPMUA0","CurrencyIsoCode":"AUD"}|0x2dd42fea
11:37:57.0 (46613751)|STATEMENT_EXECUTE|[50]
11:37:57.0 (46615219)|STATEMENT_EXECUTE|[51]
11:37:57.0 (46623515)|HEAP_ALLOCATE|[51]|Bytes:18
11:37:57.0 (46629548)|METHOD_ENTRY|[51]||System.EncodingUtil.urlEncode(String, String)
11:37:57.0 (46648378)|METHOD_EXIT|[51]||System.EncodingUtil.urlEncode(String, String)
11:37:57.0 (46653280)|HEAP_ALLOCATE|[51]|Bytes:23
11:37:57.0 (46657996)|HEAP_ALLOCATE|[51]|Bytes:391
11:37:57.0 (46665700)|VARIABLE_ASSIGNMENT|[51]|keywordQueryString|"&k[]=a1D6F000003TvPB (371 more) ..."
11:37:57.0 (46675911)|HEAP_ALLOCATE|[50]|Bytes:5
11:37:57.0 (46685011)|HEAP_ALLOCATE|[50]|Bytes:12
11:37:57.0 (46690394)|VARIABLE_SCOPE_BEGIN|[50]|seoKeyword|seoThemeKeywords__c|true|false
11:37:57.0 (46703172)|VARIABLE_ASSIGNMENT|[50]|seoKeyword|{"Id":"a1D6F000003TvPGUA0","CurrencyIsoCode":"AUD"}|0x694f3f8a
11:37:57.0 (46709378)|STATEMENT_EXECUTE|[50]
11:37:57.0 (46710914)|STATEMENT_EXECUTE|[51]
11:37:57.0 (46719156)|HEAP_ALLOCATE|[51]|Bytes:18
11:37:57.0 (46725969)|METHOD_ENTRY|[51]||System.EncodingUtil.urlEncode(String, String)
11:37:57.0 (46745594)|METHOD_EXIT|[51]||System.EncodingUtil.urlEncode(String, String)
11:37:57.0 (46749918)|HEAP_ALLOCATE|[51]|Bytes:23
11:37:57.0 (46754480)|HEAP_ALLOCATE|[51]|Bytes:414
11:37:57.0 (46763224)|VARIABLE_ASSIGNMENT|[51]|keywordQueryString|"&k[]=a1D6F000003TvPB (394 more) ..."
11:37:57.0 (46772355)|HEAP_ALLOCATE|[50]|Bytes:5
11:37:57.0 (46781432)|HEAP_ALLOCATE|[50]|Bytes:12
11:37:57.0 (46787220)|VARIABLE_SCOPE_BEGIN|[50]|seoKeyword|seoThemeKeywords__c|true|false
11:37:57.0 (46799571)|VARIABLE_ASSIGNMENT|[50]|seoKeyword|{"Id":"a1D6F000003TvPEUA0","CurrencyIsoCode":"AUD"}|0x638bf88f
11:37:57.0 (46804462)|STATEMENT_EXECUTE|[50]
11:37:57.0 (46805990)|STATEMENT_EXECUTE|[51]
11:37:57.0 (46814653)|HEAP_ALLOCATE|[51]|Bytes:18
11:37:57.0 (46821101)|METHOD_ENTRY|[51]||System.EncodingUtil.urlEncode(String, String)
11:37:57.0 (46840484)|METHOD_EXIT|[51]||System.EncodingUtil.urlEncode(String, String)
11:37:57.0 (46845352)|HEAP_ALLOCATE|[51]|Bytes:23
11:37:57.0 (46850261)|HEAP_ALLOCATE|[51]|Bytes:437
11:37:57.0 (46858668)|VARIABLE_ASSIGNMENT|[51]|keywordQueryString|"&k[]=a1D6F000003TvPB (417 more) ..."
11:37:57.0 (46867995)|HEAP_ALLOCATE|[50]|Bytes:5
11:37:57.0 (46877741)|HEAP_ALLOCATE|[50]|Bytes:12
11:37:57.0 (46882893)|VARIABLE_SCOPE_BEGIN|[50]|seoKeyword|seoThemeKeywords__c|true|false
11:37:57.0 (46895659)|VARIABLE_ASSIGNMENT|[50]|seoKeyword|{"Id":"a1D6F000003TvPUUA0","CurrencyIsoCode":"AUD"}|0x423f125c
11:37:57.0 (46901833)|STATEMENT_EXECUTE|[50]
11:37:57.0 (46903285)|STATEMENT_EXECUTE|[51]
11:37:57.0 (46911765)|HEAP_ALLOCATE|[51]|Bytes:18
11:37:57.0 (46918098)|METHOD_ENTRY|[51]||System.EncodingUtil.urlEncode(String, String)
11:37:57.0 (46937182)|METHOD_EXIT|[51]||System.EncodingUtil.urlEncode(String, String)
11:37:57.0 (46942087)|HEAP_ALLOCATE|[51]|Bytes:23
11:37:57.0 (46946798)|HEAP_ALLOCATE|[51]|Bytes:460
11:37:57.0 (46954622)|VARIABLE_ASSIGNMENT|[51]|keywordQueryString|"&k[]=a1D6F000003TvPB (440 more) ..."
11:37:57.0 (46963617)|HEAP_ALLOCATE|[50]|Bytes:5
11:37:57.0 (46972440)|HEAP_ALLOCATE|[50]|Bytes:12
11:37:57.0 (46977526)|VARIABLE_SCOPE_BEGIN|[50]|seoKeyword|seoThemeKeywords__c|true|false
11:37:57.0 (46990144)|VARIABLE_ASSIGNMENT|[50]|seoKeyword|{"Id":"a1D6F000003TvPKUA0","CurrencyIsoCode":"AUD"}|0x4e98ce8e
11:37:57.0 (46996686)|STATEMENT_EXECUTE|[50]
11:37:57.0 (46998137)|STATEMENT_EXECUTE|[51]
11:37:57.0 (47006787)|HEAP_ALLOCATE|[51]|Bytes:18
11:37:57.0 (47013586)|METHOD_ENTRY|[51]||System.EncodingUtil.urlEncode(String, String)
11:37:57.0 (47032582)|METHOD_EXIT|[51]||System.EncodingUtil.urlEncode(String, String)
11:37:57.0 (47038140)|HEAP_ALLOCATE|[51]|Bytes:23
11:37:57.0 (47042798)|HEAP_ALLOCATE|[51]|Bytes:483
11:37:57.0 (47050669)|VARIABLE_ASSIGNMENT|[51]|keywordQueryString|"&k[]=a1D6F000003TvPB (463 more) ..."
11:37:57.0 (47059629)|HEAP_ALLOCATE|[50]|Bytes:5
11:37:57.0 (47069082)|HEAP_ALLOCATE|[50]|Bytes:12
11:37:57.0 (47074872)|VARIABLE_SCOPE_BEGIN|[50]|seoKeyword|seoThemeKeywords__c|true|false
11:37:57.0 (47088422)|VARIABLE_ASSIGNMENT|[50]|seoKeyword|{"Id":"a1D6F000003TvPIUA0","CurrencyIsoCode":"AUD"}|0x5e3b1bb8
11:37:57.0 (47093784)|STATEMENT_EXECUTE|[50]
11:37:57.0 (47095305)|STATEMENT_EXECUTE|[51]
11:37:57.0 (47103489)|HEAP_ALLOCATE|[51]|Bytes:18
11:37:57.0 (47110499)|METHOD_ENTRY|[51]||System.EncodingUtil.urlEncode(String, String)
11:37:57.0 (47130126)|METHOD_EXIT|[51]||System.EncodingUtil.urlEncode(String, String)
11:37:57.0 (47134690)|HEAP_ALLOCATE|[51]|Bytes:23
11:37:57.0 (47139362)|HEAP_ALLOCATE|[51]|Bytes:506
11:37:57.0 (47146834)|VARIABLE_ASSIGNMENT|[51]|keywordQueryString|"&k[]=a1D6F000003TvPB (486 more) ..."
11:37:57.0 (47156651)|HEAP_ALLOCATE|[50]|Bytes:5
11:37:57.0 (47166119)|HEAP_ALLOCATE|[50]|Bytes:12
11:37:57.0 (47171668)|VARIABLE_SCOPE_BEGIN|[50]|seoKeyword|seoThemeKeywords__c|true|false
11:37:57.0 (47185030)|VARIABLE_ASSIGNMENT|[50]|seoKeyword|{"Id":"a1D6F000003TvP7UAK","CurrencyIsoCode":"AUD"}|0x6248df70
11:37:57.0 (47190051)|STATEMENT_EXECUTE|[50]
11:37:57.0 (47191675)|STATEMENT_EXECUTE|[51]
11:37:57.0 (47200520)|HEAP_ALLOCATE|[51]|Bytes:18
11:37:57.0 (47206619)|METHOD_ENTRY|[51]||System.EncodingUtil.urlEncode(String, String)
11:37:57.0 (47225634)|METHOD_EXIT|[51]||System.EncodingUtil.urlEncode(String, String)
11:37:57.0 (47230203)|HEAP_ALLOCATE|[51]|Bytes:23
11:37:57.0 (47234445)|HEAP_ALLOCATE|[51]|Bytes:529
11:37:57.0 (47242329)|VARIABLE_ASSIGNMENT|[51]|keywordQueryString|"&k[]=a1D6F000003TvPB (509 more) ..."
11:37:57.0 (47252079)|HEAP_ALLOCATE|[50]|Bytes:5
11:37:57.0 (47261102)|HEAP_ALLOCATE|[50]|Bytes:12
11:37:57.0 (47266041)|VARIABLE_SCOPE_BEGIN|[50]|seoKeyword|seoThemeKeywords__c|true|false
11:37:57.0 (47277897)|VARIABLE_ASSIGNMENT|[50]|seoKeyword|{"Id":"a1D6F000003TvP5UAK","CurrencyIsoCode":"AUD"}|0x585f8c97
11:37:57.0 (47283548)|STATEMENT_EXECUTE|[50]
11:37:57.0 (47285101)|STATEMENT_EXECUTE|[51]
11:37:57.0 (47293463)|HEAP_ALLOCATE|[51]|Bytes:18
11:37:57.0 (47299760)|METHOD_ENTRY|[51]||System.EncodingUtil.urlEncode(String, String)
11:37:57.0 (47318583)|METHOD_EXIT|[51]||System.EncodingUtil.urlEncode(String, String)
11:37:57.0 (47323479)|HEAP_ALLOCATE|[51]|Bytes:23
11:37:57.0 (47328318)|HEAP_ALLOCATE|[51]|Bytes:552
11:37:57.0 (47336321)|VARIABLE_ASSIGNMENT|[51]|keywordQueryString|"&k[]=a1D6F000003TvPB (532 more) ..."
11:37:57.0 (47346175)|HEAP_ALLOCATE|[50]|Bytes:5
11:37:57.0 (47354724)|HEAP_ALLOCATE|[50]|Bytes:12
11:37:57.0 (47359802)|VARIABLE_SCOPE_BEGIN|[50]|seoKeyword|seoThemeKeywords__c|true|false
11:37:57.0 (47371366)|VARIABLE_ASSIGNMENT|[50]|seoKeyword|{"Id":"a1D6F000003TvP6UAK","CurrencyIsoCode":"AUD"}|0x503bc5ac
11:37:57.0 (47376902)|STATEMENT_EXECUTE|[50]
11:37:57.0 (47378361)|STATEMENT_EXECUTE|[51]
11:37:57.0 (47386533)|HEAP_ALLOCATE|[51]|Bytes:18
11:37:57.0 (47392904)|METHOD_ENTRY|[51]||System.EncodingUtil.urlEncode(String, String)
11:37:57.0 (47411319)|METHOD_EXIT|[51]||System.EncodingUtil.urlEncode(String, String)
11:37:57.0 (47415773)|HEAP_ALLOCATE|[51]|Bytes:23
11:37:57.0 (47419734)|HEAP_ALLOCATE|[51]|Bytes:575
11:37:57.0 (47427092)|VARIABLE_ASSIGNMENT|[51]|keywordQueryString|"&k[]=a1D6F000003TvPB (555 more) ..."
11:37:57.0 (47436185)|HEAP_ALLOCATE|[50]|Bytes:5
11:37:57.0 (47444874)|HEAP_ALLOCATE|[50]|Bytes:12
11:37:57.0 (47450030)|VARIABLE_SCOPE_BEGIN|[50]|seoKeyword|seoThemeKeywords__c|true|false
11:37:57.0 (47462453)|VARIABLE_ASSIGNMENT|[50]|seoKeyword|{"Id":"a1D6F000003TvP8UAK","CurrencyIsoCode":"AUD"}|0x565bf2c8
11:37:57.0 (47468422)|STATEMENT_EXECUTE|[50]
11:37:57.0 (47469883)|STATEMENT_EXECUTE|[51]
11:37:57.0 (47478044)|HEAP_ALLOCATE|[51]|Bytes:18
11:37:57.0 (47484234)|METHOD_ENTRY|[51]||System.EncodingUtil.urlEncode(String, String)
11:37:57.0 (47506767)|METHOD_EXIT|[51]||System.EncodingUtil.urlEncode(String, String)
11:37:57.0 (47512149)|HEAP_ALLOCATE|[51]|Bytes:23
11:37:57.0 (47517290)|HEAP_ALLOCATE|[51]|Bytes:598
11:37:57.0 (47524883)|VARIABLE_ASSIGNMENT|[51]|keywordQueryString|"&k[]=a1D6F000003TvPB (578 more) ..."
11:37:57.0 (47534959)|HEAP_ALLOCATE|[50]|Bytes:5
11:37:57.0 (47543970)|HEAP_ALLOCATE|[50]|Bytes:12
11:37:57.0 (47549693)|VARIABLE_SCOPE_BEGIN|[50]|seoKeyword|seoThemeKeywords__c|true|false
11:37:57.0 (47562422)|VARIABLE_ASSIGNMENT|[50]|seoKeyword|{"Id":"a1D6F000003TvPDUA0","CurrencyIsoCode":"AUD"}|0x72cc042c
11:37:57.0 (47568432)|STATEMENT_EXECUTE|[50]
11:37:57.0 (47569930)|STATEMENT_EXECUTE|[51]
11:37:57.0 (47578267)|HEAP_ALLOCATE|[51]|Bytes:18
11:37:57.0 (47584792)|METHOD_ENTRY|[51]||System.EncodingUtil.urlEncode(String, String)
11:37:57.0 (47604064)|METHOD_EXIT|[51]||System.EncodingUtil.urlEncode(String, String)
11:37:57.0 (47608690)|HEAP_ALLOCATE|[51]|Bytes:23
11:37:57.0 (47613229)|HEAP_ALLOCATE|[51]|Bytes:621
11:37:57.0 (47621178)|VARIABLE_ASSIGNMENT|[51]|keywordQueryString|"&k[]=a1D6F000003TvPB (601 more) ..."
11:37:57.0 (47630462)|HEAP_ALLOCATE|[50]|Bytes:5
11:37:57.0 (47639548)|HEAP_ALLOCATE|[50]|Bytes:12
11:37:57.0 (47644724)|VARIABLE_SCOPE_BEGIN|[50]|seoKeyword|seoThemeKeywords__c|true|false
11:37:57.0 (47656926)|VARIABLE_ASSIGNMENT|[50]|seoKeyword|{"Id":"a1D6F000003TvPQUA0","CurrencyIsoCode":"AUD"}|0x56d315d6
11:37:57.0 (47662044)|STATEMENT_EXECUTE|[50]
11:37:57.0 (47663648)|STATEMENT_EXECUTE|[51]
11:37:57.0 (47671863)|HEAP_ALLOCATE|[51]|Bytes:18
11:37:57.0 (47678509)|METHOD_ENTRY|[51]||System.EncodingUtil.urlEncode(String, String)
11:37:57.0 (47697683)|METHOD_EXIT|[51]||System.EncodingUtil.urlEncode(String, String)
11:37:57.0 (47702393)|HEAP_ALLOCATE|[51]|Bytes:23
11:37:57.0 (47707045)|HEAP_ALLOCATE|[51]|Bytes:644
11:37:57.0 (47714581)|VARIABLE_ASSIGNMENT|[51]|keywordQueryString|"&k[]=a1D6F000003TvPB (624 more) ..."
11:37:57.0 (47724436)|HEAP_ALLOCATE|[50]|Bytes:5
11:37:57.0 (47733239)|HEAP_ALLOCATE|[50]|Bytes:12
11:37:57.0 (47738539)|VARIABLE_SCOPE_BEGIN|[50]|seoKeyword|seoThemeKeywords__c|true|false
11:37:57.0 (47750928)|VARIABLE_ASSIGNMENT|[50]|seoKeyword|{"Id":"a1D6F000003TvPRUA0","CurrencyIsoCode":"AUD"}|0x584bbc05
11:37:57.0 (47756462)|STATEMENT_EXECUTE|[50]
11:37:57.0 (47757891)|STATEMENT_EXECUTE|[51]
11:37:57.0 (47766445)|HEAP_ALLOCATE|[51]|Bytes:18
11:37:57.0 (47773174)|METHOD_ENTRY|[51]||System.EncodingUtil.urlEncode(String, String)
11:37:57.0 (47796548)|METHOD_EXIT|[51]||System.EncodingUtil.urlEncode(String, String)
11:37:57.0 (47804870)|HEAP_ALLOCATE|[51]|Bytes:23
11:37:57.0 (47812478)|HEAP_ALLOCATE|[51]|Bytes:667
11:37:57.0 (47825851)|VARIABLE_ASSIGNMENT|[51]|keywordQueryString|"&k[]=a1D6F000003TvPB (647 more) ..."
11:37:57.0 (47841846)|HEAP_ALLOCATE|[50]|Bytes:5
11:37:57.0 (47857521)|HEAP_ALLOCATE|[50]|Bytes:12
11:37:57.0 (47865981)|VARIABLE_SCOPE_BEGIN|[50]|seoKeyword|seoThemeKeywords__c|true|false
11:37:57.0 (47881519)|VARIABLE_ASSIGNMENT|[50]|seoKeyword|{"Id":"a1D6F000003TvPWUA0","CurrencyIsoCode":"AUD"}|0x518fc876
11:37:57.0 (47887783)|STATEMENT_EXECUTE|[50]
11:37:57.0 (47889247)|STATEMENT_EXECUTE|[51]
11:37:57.0 (47902571)|HEAP_ALLOCATE|[51]|Bytes:18
11:37:57.0 (47911700)|METHOD_ENTRY|[51]||System.EncodingUtil.urlEncode(String, String)
11:37:57.0 (47932660)|METHOD_EXIT|[51]||System.EncodingUtil.urlEncode(String, String)
11:37:57.0 (47937393)|HEAP_ALLOCATE|[51]|Bytes:23
11:37:57.0 (47942093)|HEAP_ALLOCATE|[51]|Bytes:690
11:37:57.0 (47950887)|VARIABLE_ASSIGNMENT|[51]|keywordQueryString|"&k[]=a1D6F000003TvPB (670 more) ..."
11:37:57.0 (47960523)|HEAP_ALLOCATE|[50]|Bytes:5
11:37:57.0 (47971379)|VARIABLE_ASSIGNMENT|[50]|seoKeyword|null|
11:37:57.0 (47978025)|STATEMENT_EXECUTE|[55]
11:37:57.0 (47990443)|METHOD_EXIT|[113]|01p6F000009rEEx|SeoGeoController.getKeywordIdQueryString()
11:37:57.0 (47997251)|VARIABLE_SCOPE_BEGIN|[113]|keywordQueryString|String|false|false
11:37:57.0 (48008122)|VARIABLE_ASSIGNMENT|[113]|keywordQueryString|"&k[]=a1D6F000003TvPB (670 more) ..."
11:37:57.0 (48032493)|STATEMENT_EXECUTE|[115]
11:37:57.0 (48034765)|STATEMENT_EXECUTE|[116]
11:37:57.0 (48043002)|HEAP_ALLOCATE|[116]|Bytes:813
11:37:57.0 (48051732)|VARIABLE_ASSIGNMENT|[116]|consolePath|"/?c=seo&action=keywo (793 more) ..."
11:37:57.0 (48056568)|STATEMENT_EXECUTE|[121]
11:37:57.0 (48064032)|METHOD_EXIT|[80]|01p6F000009rEEx|SeoGeoController.getGeoURL()
11:37:57.0 (48070087)|VARIABLE_SCOPE_BEGIN|[80]|consolePath|String|false|false
11:37:57.0 (48081002)|VARIABLE_ASSIGNMENT|[80]|consolePath|"/?c=seo&action=keywo (793 more) ..."
11:37:57.0 (48085809)|STATEMENT_EXECUTE|[82]
11:37:57.0 (48087385)|STATEMENT_EXECUTE|[83]
11:37:57.0 (50210403)|HEAP_ALLOCATE|[83]|Bytes:7
11:37:57.0 (50224119)|HEAP_ALLOCATE|[83]|Bytes:10
11:37:57.0 (50244834)|METHOD_ENTRY|[1]|01p6F000006aBAZ|slxConsole.slxConsole()
11:37:57.0 (50251408)|STATEMENT_EXECUTE|[1]
11:37:57.0 (50256188)|STATEMENT_EXECUTE|[1]
11:37:57.0 (50262684)|METHOD_EXIT|[1]|slxConsole
11:37:57.0 (50287881)|METHOD_ENTRY|[83]|01p6F000006aBAZ|slxConsole.getConsolePage(String)
11:37:57.0 (50314874)|VARIABLE_SCOPE_BEGIN|[17]|path|String|false|false
11:37:57.0 (50330389)|VARIABLE_ASSIGNMENT|[17]|path|"/?c=seo&action=keywo (793 more) ..."
11:37:57.0 (50337897)|STATEMENT_EXECUTE|[17]
11:37:57.0 (50339948)|STATEMENT_EXECUTE|[20]
11:37:57.0 (50351405)|HEAP_ALLOCATE|[20]|Bytes:10
11:37:57.0 (51680258)|HEAP_ALLOCATE|[20]|Bytes:56
11:37:57.0 (51702151)|VARIABLE_SCOPE_BEGIN|[20]|consoleLogin|Login__c|true|false
11:37:57.0 (51767464)|VARIABLE_ASSIGNMENT|[20]|consoleLogin|{"LastModifiedDate":"2017-01-17T06:58:25.000Z","username__c":"salesforce","IsDeleted":false,"password__c":"49fc7fd771000d6127b3 (12 more) ...","URL__c":"https://console.spon (13 more) ...","CurrencyIsoCode":"AUD","SetupOwnerId":"00D90000000IJSaEAO","Name":"SLXConsole","SystemModstamp":"2018-03-23T09:17:56.000Z","CreatedById":"00590000000VmmqAAC","CreatedDate":"2016-03-02T07:09:34.000Z","Id":"a1w6F000005747qQAA","LastModifiedById":"00590000000VmmqAAC"}|0x7359d029
11:37:57.0 (51781400)|STATEMENT_EXECUTE|[22]
11:37:57.0 (51789693)|STATEMENT_EXECUTE|[27]
11:37:57.0 (51829250)|VARIABLE_SCOPE_BEGIN|[27]|consoleEndpoint|String|false|false
11:37:57.0 (51842857)|VARIABLE_ASSIGNMENT|[27]|consoleEndpoint|"https://console.spon (13 more) ..."
11:37:57.0 (51847854)|STATEMENT_EXECUTE|[28]
11:37:57.0 (51861205)|VARIABLE_SCOPE_BEGIN|[28]|consoleUsername|String|false|false
11:37:57.0 (51870672)|VARIABLE_ASSIGNMENT|[28]|consoleUsername|"salesforce"
11:37:57.0 (51875242)|STATEMENT_EXECUTE|[29]
11:37:57.0 (51885106)|VARIABLE_SCOPE_BEGIN|[29]|consolePassword|String|false|false
11:37:57.0 (51895772)|VARIABLE_ASSIGNMENT|[29]|consolePassword|"49fc7fd771000d6127b3 (12 more) ..."
11:37:57.0 (51900640)|STATEMENT_EXECUTE|[33]
11:37:57.0 (51927995)|VARIABLE_SCOPE_BEGIN|[33]|req|System.HttpRequest|true|false
11:37:57.0 (52179516)|VARIABLE_ASSIGNMENT|[33]|req|"System.HttpRequest[Endpoint=null, Method=null]"|0x159515b1
11:37:57.0 (52189057)|STATEMENT_EXECUTE|[34]
11:37:57.0 (52204210)|HEAP_ALLOCATE|[34]|Bytes:846
11:37:57.0 (52260867)|STATEMENT_EXECUTE|[35]
11:37:57.0 (52267952)|HEAP_ALLOCATE|[35]|Bytes:3
11:37:57.0 (52289938)|STATEMENT_EXECUTE|[36]
11:37:57.0 (52295655)|HEAP_ALLOCATE|[36]|Bytes:6
11:37:57.0 (52300618)|HEAP_ALLOCATE|[36]|Bytes:9
11:37:57.0 (52304040)|HEAP_ALLOCATE|[36]|Bytes:11
11:37:57.0 (52317706)|HEAP_ALLOCATE|[36]|Bytes:62
11:37:57.0 (52344339)|STATEMENT_EXECUTE|[40]
11:37:57.0 (52361544)|VARIABLE_SCOPE_BEGIN|[40]|http|System.Http|true|false
11:37:57.0 (52446210)|VARIABLE_ASSIGNMENT|[40]|http|"System.Http[]"|0x53607c33
11:37:57.0 (52454143)|STATEMENT_EXECUTE|[41]
11:37:57.0 (52510945)|CALLOUT_REQUEST|[41]|System.HttpRequest[Endpoint=https://console.sponsoredlinx.com/?c=seo&action=keywordGeoCompare&output=table&websiteid=a166F00000AJbjEQAT&geolocation=Sydney%2CNew+South+Wales%2CAustralia&k[]=a1D6F000003TvPBUA0&k[]=a1D6F000003TvPXUA0&k[]=a1D6F000003TvPVUA0&k[]=a1D6F000003TvP9UAK&k[]=a1D6F000003TvPNUA0&k[]=a1D6F000003TvPAUA0&k[]=a1D6F000003TvPCUA0&k[]=a1D6F000003TvPPUA0&k[]=a1D6F000003TvPHUA0&k[]=a1D6F000003TvPJUA0&k[]=a1D6F000003TvPYUA0&k[]=a1D6F000003TvPFUA0&k[]=a1D6F000003TvPOUA0&k[]=a1D6F000003TvPSUA0&k[]=a1D6F000003TvPLUA0&k[]=a1D6F000003TvPTUA0&k[]=a1D6F000003TvPMUA0&k[]=a1D6F000003TvPGUA0&k[]=a1D6F000003TvPEUA0&k[]=a1D6F000003TvPUUA0&k[]=a1D6F000003TvPKUA0&k[]=a1D6F000003TvPIUA0&k[]=a1D6F000003TvP7UAK&k[]=a1D6F000003TvP5UAK&k[]=a1D6F000003TvP6UAK&k[]=a1D6F000003TvP8UAK&k[]=a1D6F000003TvPDUA0&k[]=a1D6F000003TvPQUA0&k[]=a1D6F000003TvPRUA0&k[]=a1D6F000003TvPWUA0, Method=GET]
11:37:57.0 (686316830)|HEAP_ALLOCATE|[EXTERNAL]|Bytes:5384
11:37:57.0 (686509991)|CALLOUT_RESPONSE|[41]|System.HttpResponse[Status=OK, StatusCode=200]
11:37:57.0 (686533847)|HEAP_ALLOCATE|[41]|Bytes:5201
11:37:57.0 (686562114)|VARIABLE_SCOPE_BEGIN|[41]|res|System.HttpResponse|true|false
11:37:57.0 (686718665)|VARIABLE_ASSIGNMENT|[41]|res|"System.HttpResponse[Status=OK, StatusCode=200]"|0x611e2c81
11:37:57.0 (686730269)|STATEMENT_EXECUTE|[44]
11:37:57.0 (687026023)|HEAP_ALLOCATE|[44]|Bytes:5195
11:37:57.0 (687045601)|METHOD_EXIT|[83]|01p6F000006aBAZ|slxConsole.getConsolePage(String)
11:37:57.0 (687063596)|VARIABLE_ASSIGNMENT|[83]|geoTable|"<style>\ntable.table{ (5175 more) ..."
11:37:57.0 (687072281)|HEAP_ALLOCATE|[87]|Bytes:10
11:37:57.0 (687140769)|STATEMENT_EXECUTE|[87]
11:37:57.0 (687143290)|STATEMENT_EXECUTE|[88]
11:37:57.0 (687232892)|VARIABLE_ASSIGNMENT|[EXTERNAL]|this|{"allGeo":"0x1131f1ae","device":"desktop","refreshRequired":true,"selectedGeo":"0x7ba45f48","seoWebsite":"0x4d7a0d1c"}|0x70235b83
11:37:57.0 (687248156)|VARIABLE_ASSIGNMENT|[EXTERNAL]|value|true
11:37:57.0 (687256679)|HEAP_ALLOCATE|[4]|Bytes:5
11:37:57.0 (687265689)|VARIABLE_ASSIGNMENT|[4]|this.refreshRequired|true|0x70235b83
11:37:57.0 (687276386)|STATEMENT_EXECUTE|[93]
11:37:57.0 (687288086)|SYSTEM_MODE_EXIT|false
11:37:57.0 (688175144)|VF_SERIALIZE_VIEWSTATE_BEGIN|0666F000007GVD0
11:37:57.0 (691539470)|VF_SERIALIZE_VIEWSTATE_END
11:37:57.693 (693023788)|CUMULATIVE_LIMIT_USAGE
11:37:57.693 (693023788)|LIMIT_USAGE_FOR_NS|(default)|
  Number of SOQL queries: 1 out of 100
  Number of query rows: 30 out of 50000
  Number of SOSL queries: 0 out of 20
  Number of DML statements: 0 out of 150
  Number of DML rows: 0 out of 10000
  Maximum CPU time: 0 out of 10000
  Maximum heap size: 0 out of 6000000
  Number of callouts: 1 out of 100
  Number of Email Invocations: 0 out of 10
  Number of future calls: 0 out of 50
  Number of queueable jobs added to the queue: 0 out of 50
  Number of Mobile Apex push calls: 0 out of 10

11:37:57.693 (693023788)|CUMULATIVE_LIMIT_USAGE_END

11:37:57.0 (693060651)|CODE_UNIT_FINISHED|VF: /apex/SeoGeoCompare
11:37:57.0 (695619376)|EXECUTION_FINISHED
