37.0 APEX_CODE,FINEST;APEX_PROFILING,INFO;CALLOUT,INFO;DB,INFO;NBA,INFO;SYSTEM,DEBUG;VALIDATION,INFO;VISUALFORCE,INFO;WAVE,INFO;WORKFLOW,INFO
18:41:12.12 (12520307)|ENTERING_MANAGED_PKG|Centify
18:41:12.12 (13315233)|ENTERING_MANAGED_PKG|Centify
18:41:12.12 (13348042)|ENTERING_MANAGED_PKG|Centify
18:41:12.12 (13486374)|ENTERING_MANAGED_PKG|Centify
18:41:12.12 (13535913)|ENTERING_MANAGED_PKG|Centify
18:41:12.12 (14128582)|ENTERING_MANAGED_PKG|Centify
18:41:12.12 (14380848)|ENTERING_MANAGED_PKG|Centify
18:41:12.12 (14405612)|ENTERING_MANAGED_PKG|Centify
18:41:12.12 (14468549)|ENTERING_MANAGED_PKG|Centify
18:41:12.12 (14505708)|ENTERING_MANAGED_PKG|Centify
18:41:12.12 (14532978)|ENTERING_MANAGED_PKG|Centify
18:41:12.12 (14551899)|ENTERING_MANAGED_PKG|Centify
18:41:12.12 (14567753)|ENTERING_MANAGED_PKG|Centify
18:41:12.12 (14722592)|ENTERING_MANAGED_PKG|Centify
18:41:12.12 (40380000)|ENTERING_MANAGED_PKG|Centify
18:41:12.12 (40444758)|ENTERING_MANAGED_PKG|Centify
18:41:12.12 (40543469)|ENTERING_MANAGED_PKG|Centify
18:41:12.12 (40583766)|ENTERING_MANAGED_PKG|Centify
18:41:12.12 (163423457)|ENTERING_MANAGED_PKG|Centify
18:41:12.12 (203815142)|ENTERING_MANAGED_PKG|Centify
18:41:12.12 (216496778)|ENTERING_MANAGED_PKG|Centify
18:41:12.12 (216547759)|ENTERING_MANAGED_PKG|Centify
18:41:12.12 (216624108)|ENTERING_MANAGED_PKG|Centify
18:41:12.12 (216655968)|ENTERING_MANAGED_PKG|Centify
18:41:12.12 (216716495)|ENTERING_MANAGED_PKG|Centify
18:41:12.12 (241055176)|ENTERING_MANAGED_PKG|Centify
18:41:12.12 (255351443)|ENTERING_MANAGED_PKG|Centify
18:41:12.12 (255401069)|ENTERING_MANAGED_PKG|Centify
18:41:12.12 (255474194)|ENTERING_MANAGED_PKG|Centify
18:41:12.12 (255505176)|ENTERING_MANAGED_PKG|Centify
18:41:12.12 (255565591)|ENTERING_MANAGED_PKG|Centify
18:41:12.12 (294311081)|ENTERING_MANAGED_PKG|Centify
18:41:12.12 (309935299)|ENTERING_MANAGED_PKG|Centify
18:41:12.12 (310002611)|ENTERING_MANAGED_PKG|Centify
18:41:12.12 (310116506)|ENTERING_MANAGED_PKG|Centify
18:41:12.12 (310160511)|ENTERING_MANAGED_PKG|Centify
18:41:12.12 (310228768)|ENTERING_MANAGED_PKG|Centify
18:41:12.12 (338963233)|ENTERING_MANAGED_PKG|Centify
18:41:12.12 (353278831)|ENTERING_MANAGED_PKG|Centify
18:41:12.12 (353331268)|ENTERING_MANAGED_PKG|Centify
18:41:12.12 (353407625)|ENTERING_MANAGED_PKG|Centify
18:41:12.12 (353439294)|ENTERING_MANAGED_PKG|Centify
18:41:12.12 (353499552)|ENTERING_MANAGED_PKG|Centify
18:41:12.12 (378702761)|ENTERING_MANAGED_PKG|Centify
18:41:12.12 (393256969)|ENTERING_MANAGED_PKG|Centify
18:41:12.12 (393323081)|ENTERING_MANAGED_PKG|Centify
18:41:12.12 (393412854)|ENTERING_MANAGED_PKG|Centify
18:41:12.12 (393445673)|ENTERING_MANAGED_PKG|Centify
18:41:12.12 (393507696)|ENTERING_MANAGED_PKG|Centify
18:41:12.12 (420988864)|ENTERING_MANAGED_PKG|Centify
18:41:12.12 (436754973)|ENTERING_MANAGED_PKG|Centify
18:41:12.12 (436822774)|ENTERING_MANAGED_PKG|Centify
18:41:12.12 (436923574)|ENTERING_MANAGED_PKG|Centify
18:41:12.12 (436966645)|ENTERING_MANAGED_PKG|Centify
18:41:12.12 (437053835)|ENTERING_MANAGED_PKG|Centify
18:41:12.12 (615300332)|ENTERING_MANAGED_PKG|Centify
18:41:12.12 (633921525)|ENTERING_MANAGED_PKG|Centify
18:41:12.12 (633972822)|ENTERING_MANAGED_PKG|Centify
18:41:12.12 (634045438)|ENTERING_MANAGED_PKG|Centify
18:41:12.12 (634077404)|ENTERING_MANAGED_PKG|Centify
18:41:12.12 (634137360)|ENTERING_MANAGED_PKG|Centify
18:41:12.12 (662169329)|ENTERING_MANAGED_PKG|Centify
18:41:12.12 (678878824)|ENTERING_MANAGED_PKG|Centify
18:41:12.12 (678943445)|ENTERING_MANAGED_PKG|Centify
18:41:12.12 (679020190)|ENTERING_MANAGED_PKG|Centify
18:41:12.12 (679051114)|ENTERING_MANAGED_PKG|Centify
18:41:12.12 (679111883)|ENTERING_MANAGED_PKG|Centify
18:41:12.12 (705147397)|ENTERING_MANAGED_PKG|Centify
18:41:12.12 (720557361)|ENTERING_MANAGED_PKG|Centify
18:41:12.12 (720615226)|ENTERING_MANAGED_PKG|Centify
18:41:12.12 (720693805)|ENTERING_MANAGED_PKG|Centify
18:41:12.12 (720725489)|ENTERING_MANAGED_PKG|Centify
18:41:12.12 (720806567)|ENTERING_MANAGED_PKG|Centify
18:41:12.12 (745928450)|ENTERING_MANAGED_PKG|Centify
18:41:12.12 (746007170)|ENTERING_MANAGED_PKG|Centify
18:41:12.12 (746173169)|ENTERING_MANAGED_PKG|Centify
18:41:12.12 (746214361)|ENTERING_MANAGED_PKG|Centify
18:41:12.12 (746245443)|ENTERING_MANAGED_PKG|Centify
18:41:12.12 (746520013)|ENTERING_MANAGED_PKG|Centify
18:41:12.12 (746590876)|ENTERING_MANAGED_PKG|Centify
18:41:12.12 (747746816)|ENTERING_MANAGED_PKG|Centify
18:41:12.12 (747802345)|ENTERING_MANAGED_PKG|Centify
18:41:12.12 (747886769)|ENTERING_MANAGED_PKG|Centify
18:41:12.12 (748451326)|ENTERING_MANAGED_PKG|Centify
18:41:12.12 (749184050)|SOQL_EXECUTE_BEGIN|[16]|Aggregations:0|select id,lastmodifieddate,isdeleted,ownerid,status,whatid,activitydate,tasksubtype,isclosed,subject from Task where LastModifiedDate >2018-09-28T07:44:30Z AND LastModifiedDate < 2018-09-28T08:41:18Z AND (  Subject = 'Email' )  ORDER BY SystemModStamp DESC LIMIT 5000  ALL ROWS
18:41:12.12 (754956868)|SOQL_EXECUTE_END|[16]|Rows:0
18:41:12.776 (776454212)|CUMULATIVE_LIMIT_USAGE
18:41:12.776 (776454212)|LIMIT_USAGE_FOR_NS|(default)|
  Number of SOQL queries: 0 out of 200
  Number of query rows: 0 out of 50000
  Number of SOSL queries: 0 out of 20
  Number of DML statements: 0 out of 150
  Number of DML rows: 0 out of 10000
  Maximum CPU time: 0 out of 60000
  Maximum heap size: 0 out of 12000000
  Number of callouts: 0 out of 0
  Number of Email Invocations: 0 out of 10
  Number of future calls: 0 out of 0
  Number of queueable jobs added to the queue: 0 out of 1
  Number of Mobile Apex push calls: 0 out of 10

18:41:12.776 (776454212)|LIMIT_USAGE_FOR_NS|Centify|
  Number of SOQL queries: 0 out of 200
  Number of query rows: 0 out of 50000
  Number of SOSL queries: 0 out of 20
  Number of DML statements: 0 out of 150
  Number of DML rows: 0 out of 10000
  Maximum CPU time: 0 out of 60000
  Maximum heap size: 0 out of 12000000
  Number of callouts: 0 out of 0
  Number of Email Invocations: 0 out of 10
  Number of future calls: 0 out of 0
  Number of queueable jobs added to the queue: 0 out of 1
  Number of Mobile Apex push calls: 0 out of 10

18:41:12.776 (776454212)|CUMULATIVE_LIMIT_USAGE_END

