37.0 APEX_CODE,FINEST;APEX_PROFILING,INFO;CALLOUT,INFO;DB,INFO;NBA,INFO;SYSTEM,DEBUG;VALIDATION,INFO;VISUALFORCE,INFO;WAVE,INFO;WORKFLOW,INFO
18:37:05.13 (13369109)|ENTERING_MANAGED_PKG|Centify
18:37:05.13 (14408356)|ENTERING_MANAGED_PKG|Centify
18:37:05.13 (14490663)|ENTERING_MANAGED_PKG|Centify
18:37:05.13 (14726971)|ENTERING_MANAGED_PKG|Centify
18:37:05.13 (14790027)|ENTERING_MANAGED_PKG|Centify
18:37:05.13 (15799929)|ENTERING_MANAGED_PKG|Centify
18:37:05.13 (16187583)|ENTERING_MANAGED_PKG|Centify
18:37:05.13 (16218112)|ENTERING_MANAGED_PKG|Centify
18:37:05.13 (16293300)|ENTERING_MANAGED_PKG|Centify
18:37:05.13 (16336654)|ENTERING_MANAGED_PKG|Centify
18:37:05.13 (16369723)|ENTERING_MANAGED_PKG|Centify
18:37:05.13 (16390916)|ENTERING_MANAGED_PKG|Centify
18:37:05.13 (16407619)|ENTERING_MANAGED_PKG|Centify
18:37:05.13 (16595113)|ENTERING_MANAGED_PKG|Centify
18:37:05.13 (50102377)|ENTERING_MANAGED_PKG|Centify
18:37:05.13 (50181648)|ENTERING_MANAGED_PKG|Centify
18:37:05.13 (50309435)|ENTERING_MANAGED_PKG|Centify
18:37:05.13 (50359105)|ENTERING_MANAGED_PKG|Centify
18:37:05.13 (218598177)|ENTERING_MANAGED_PKG|Centify
18:37:05.13 (267279102)|ENTERING_MANAGED_PKG|Centify
18:37:05.13 (280591483)|ENTERING_MANAGED_PKG|Centify
18:37:05.13 (280647630)|ENTERING_MANAGED_PKG|Centify
18:37:05.13 (280738612)|ENTERING_MANAGED_PKG|Centify
18:37:05.13 (280777078)|ENTERING_MANAGED_PKG|Centify
18:37:05.13 (280858212)|ENTERING_MANAGED_PKG|Centify
18:37:05.13 (313381071)|ENTERING_MANAGED_PKG|Centify
18:37:05.13 (328718833)|ENTERING_MANAGED_PKG|Centify
18:37:05.13 (328776034)|ENTERING_MANAGED_PKG|Centify
18:37:05.13 (328871550)|ENTERING_MANAGED_PKG|Centify
18:37:05.13 (328914275)|ENTERING_MANAGED_PKG|Centify
18:37:05.13 (328999442)|ENTERING_MANAGED_PKG|Centify
18:37:05.13 (361226910)|ENTERING_MANAGED_PKG|Centify
18:37:05.13 (376612099)|ENTERING_MANAGED_PKG|Centify
18:37:05.13 (376669269)|ENTERING_MANAGED_PKG|Centify
18:37:05.13 (376759935)|ENTERING_MANAGED_PKG|Centify
18:37:05.13 (376801623)|ENTERING_MANAGED_PKG|Centify
18:37:05.13 (376880387)|ENTERING_MANAGED_PKG|Centify
18:37:05.13 (410157727)|ENTERING_MANAGED_PKG|Centify
18:37:05.13 (423544345)|ENTERING_MANAGED_PKG|Centify
18:37:05.13 (423592357)|ENTERING_MANAGED_PKG|Centify
18:37:05.13 (423670728)|ENTERING_MANAGED_PKG|Centify
18:37:05.13 (423706763)|ENTERING_MANAGED_PKG|Centify
18:37:05.13 (423775663)|ENTERING_MANAGED_PKG|Centify
18:37:05.13 (450470370)|ENTERING_MANAGED_PKG|Centify
18:37:05.13 (462829217)|ENTERING_MANAGED_PKG|Centify
18:37:05.13 (462878375)|ENTERING_MANAGED_PKG|Centify
18:37:05.13 (462964010)|ENTERING_MANAGED_PKG|Centify
18:37:05.13 (463000863)|ENTERING_MANAGED_PKG|Centify
18:37:05.13 (463071130)|ENTERING_MANAGED_PKG|Centify
18:37:05.13 (490972083)|ENTERING_MANAGED_PKG|Centify
18:37:05.13 (503980033)|ENTERING_MANAGED_PKG|Centify
18:37:05.13 (504027117)|ENTERING_MANAGED_PKG|Centify
18:37:05.13 (504106782)|ENTERING_MANAGED_PKG|Centify
18:37:05.13 (504142825)|ENTERING_MANAGED_PKG|Centify
18:37:05.13 (504211464)|ENTERING_MANAGED_PKG|Centify
18:37:05.13 (531375506)|ENTERING_MANAGED_PKG|Centify
18:37:05.13 (546020042)|ENTERING_MANAGED_PKG|Centify
18:37:05.13 (546070653)|ENTERING_MANAGED_PKG|Centify
18:37:05.13 (546151589)|ENTERING_MANAGED_PKG|Centify
18:37:05.13 (546188805)|ENTERING_MANAGED_PKG|Centify
18:37:05.13 (546258534)|ENTERING_MANAGED_PKG|Centify
18:37:05.13 (574519363)|ENTERING_MANAGED_PKG|Centify
18:37:05.13 (589109919)|ENTERING_MANAGED_PKG|Centify
18:37:05.13 (589161487)|ENTERING_MANAGED_PKG|Centify
18:37:05.13 (589245517)|ENTERING_MANAGED_PKG|Centify
18:37:05.13 (589280680)|ENTERING_MANAGED_PKG|Centify
18:37:05.13 (589350897)|ENTERING_MANAGED_PKG|Centify
18:37:05.13 (620028258)|ENTERING_MANAGED_PKG|Centify
18:37:05.13 (634800602)|ENTERING_MANAGED_PKG|Centify
18:37:05.13 (634855437)|ENTERING_MANAGED_PKG|Centify
18:37:05.13 (634947205)|ENTERING_MANAGED_PKG|Centify
18:37:05.13 (634984409)|ENTERING_MANAGED_PKG|Centify
18:37:05.13 (635055379)|ENTERING_MANAGED_PKG|Centify
18:37:05.13 (665482629)|ENTERING_MANAGED_PKG|Centify
18:37:05.13 (680749739)|ENTERING_MANAGED_PKG|Centify
18:37:05.13 (681060684)|ENTERING_MANAGED_PKG|Centify
18:37:05.13 (691235567)|ENTERING_MANAGED_PKG|Centify
18:37:05.13 (691302174)|ENTERING_MANAGED_PKG|Centify
18:37:05.13 (691529305)|ENTERING_MANAGED_PKG|Centify
18:37:05.13 (691585683)|ENTERING_MANAGED_PKG|Centify
18:37:05.13 (691629115)|ENTERING_MANAGED_PKG|Centify
18:37:05.13 (691704292)|ENTERING_MANAGED_PKG|Centify
18:37:05.13 (695992714)|SOQL_EXECUTE_BEGIN|[19]|Aggregations:0|SELECT Id, OrganizationType FROM Organization LIMIT 1
18:37:05.13 (699449846)|SOQL_EXECUTE_END|[19]|Rows:1
18:37:05.13 (715898044)|ENTERING_MANAGED_PKG|Centify
18:37:05.13 (715985912)|ENTERING_MANAGED_PKG|Centify
18:37:05.13 (716218097)|ENTERING_MANAGED_PKG|Centify
18:37:05.13 (716267759)|ENTERING_MANAGED_PKG|Centify
18:37:05.13 (716304397)|ENTERING_MANAGED_PKG|Centify
18:37:05.13 (716584168)|ENTERING_MANAGED_PKG|Centify
18:37:05.13 (716667981)|ENTERING_MANAGED_PKG|Centify
18:37:05.13 (717682842)|ENTERING_MANAGED_PKG|Centify
18:37:05.13 (717806453)|ENTERING_MANAGED_PKG|Centify
18:37:05.13 (718411191)|ENTERING_MANAGED_PKG|Centify
18:37:05.13 (719108434)|SOQL_EXECUTE_BEGIN|[16]|Aggregations:0|select id,lastmodifieddate,isdeleted,name,createddate,ownerid,status,isconverted,converteddate,company from Lead where LastModifiedDate >2018-09-28T07:00:24Z AND LastModifiedDate < 2018-09-28T08:37:11Z  ORDER BY SystemModStamp DESC LIMIT 5000  ALL ROWS
18:37:05.13 (725544059)|SOQL_EXECUTE_END|[16]|Rows:0
18:37:05.747 (747097561)|CUMULATIVE_LIMIT_USAGE
18:37:05.747 (747097561)|LIMIT_USAGE_FOR_NS|(default)|
  Number of SOQL queries: 0 out of 200
  Number of query rows: 0 out of 50000
  Number of SOSL queries: 0 out of 20
  Number of DML statements: 0 out of 150
  Number of DML rows: 0 out of 10000
  Maximum CPU time: 0 out of 60000
  Maximum heap size: 0 out of 12000000
  Number of callouts: 0 out of 0
  Number of Email Invocations: 0 out of 10
  Number of future calls: 0 out of 0
  Number of queueable jobs added to the queue: 0 out of 1
  Number of Mobile Apex push calls: 0 out of 10

18:37:05.747 (747097561)|LIMIT_USAGE_FOR_NS|Centify|
  Number of SOQL queries: 0 out of 200
  Number of query rows: 0 out of 50000
  Number of SOSL queries: 0 out of 20
  Number of DML statements: 0 out of 150
  Number of DML rows: 0 out of 10000
  Maximum CPU time: 0 out of 60000
  Maximum heap size: 0 out of 12000000
  Number of callouts: 0 out of 0
  Number of Email Invocations: 0 out of 10
  Number of future calls: 0 out of 0
  Number of queueable jobs added to the queue: 0 out of 1
  Number of Mobile Apex push calls: 0 out of 10

18:37:05.747 (747097561)|CUMULATIVE_LIMIT_USAGE_END

