37.0 APEX_CODE,FINEST;APEX_PROFILING,INFO;CALLOUT,INFO;DB,INFO;NBA,INFO;SYSTEM,DEBUG;VALIDATION,INFO;VISUALFORCE,INFO;WAVE,INFO;WORKFLOW,INFO
11:38:10.13 (13893495)|ENTERING_MANAGED_PKG|Centify
11:38:10.13 (17474220)|ENTERING_MANAGED_PKG|Centify
11:38:10.13 (17524092)|ENTERING_MANAGED_PKG|Centify
11:38:10.13 (19849931)|ENTERING_MANAGED_PKG|Centify
11:38:10.13 (19910828)|ENTERING_MANAGED_PKG|Centify
11:38:10.13 (20048323)|ENTERING_MANAGED_PKG|Centify
11:38:10.13 (20682117)|ENTERING_MANAGED_PKG|Centify
11:38:10.13 (30339344)|ENTERING_MANAGED_PKG|Centify
11:38:10.13 (30420665)|ENTERING_MANAGED_PKG|Centify
11:38:10.13 (30768752)|ENTERING_MANAGED_PKG|Centify
11:38:10.13 (30814849)|ENTERING_MANAGED_PKG|Centify
11:38:10.13 (31188838)|ENTERING_MANAGED_PKG|Centify
11:38:10.13 (32981668)|ENTERING_MANAGED_PKG|Centify
11:38:10.13 (33035065)|ENTERING_MANAGED_PKG|Centify
11:38:10.13 (33186360)|ENTERING_MANAGED_PKG|Centify
11:38:10.13 (33283036)|ENTERING_MANAGED_PKG|Centify
11:38:10.13 (33341320)|ENTERING_MANAGED_PKG|Centify
11:38:10.13 (33447313)|ENTERING_MANAGED_PKG|Centify
11:38:10.13 (33478326)|ENTERING_MANAGED_PKG|Centify
11:38:10.13 (33513948)|ENTERING_MANAGED_PKG|Centify
11:38:10.13 (33676994)|ENTERING_MANAGED_PKG|Centify
11:38:10.13 (33725820)|ENTERING_MANAGED_PKG|Centify
11:38:10.13 (34274310)|ENTERING_MANAGED_PKG|Centify
11:38:10.13 (34320641)|ENTERING_MANAGED_PKG|Centify
11:38:10.13 (34361094)|ENTERING_MANAGED_PKG|Centify
11:38:10.13 (34585078)|ENTERING_MANAGED_PKG|Centify
11:38:10.13 (34660544)|ENTERING_MANAGED_PKG|Centify
11:38:10.13 (35594833)|ENTERING_MANAGED_PKG|Centify
11:38:10.13 (35793008)|ENTERING_MANAGED_PKG|Centify
11:38:10.13 (35942942)|ENTERING_MANAGED_PKG|Centify
11:38:10.13 (36090143)|ENTERING_MANAGED_PKG|Centify
11:38:10.13 (36186744)|ENTERING_MANAGED_PKG|Centify
11:38:10.13 (36321075)|ENTERING_MANAGED_PKG|Centify
11:38:10.13 (36414488)|ENTERING_MANAGED_PKG|Centify
11:38:10.13 (36521931)|ENTERING_MANAGED_PKG|Centify
11:38:10.13 (36639847)|ENTERING_MANAGED_PKG|Centify
11:38:10.13 (36843176)|ENTERING_MANAGED_PKG|Centify
11:38:10.13 (36972866)|ENTERING_MANAGED_PKG|Centify
11:38:10.13 (37168607)|ENTERING_MANAGED_PKG|Centify
11:38:10.13 (37300723)|ENTERING_MANAGED_PKG|Centify
11:38:10.13 (37472255)|ENTERING_MANAGED_PKG|Centify
11:38:10.13 (37569248)|ENTERING_MANAGED_PKG|Centify
11:38:10.13 (37702120)|ENTERING_MANAGED_PKG|Centify
11:38:10.13 (37800733)|ENTERING_MANAGED_PKG|Centify
11:38:10.13 (37932659)|ENTERING_MANAGED_PKG|Centify
11:38:10.13 (38028925)|ENTERING_MANAGED_PKG|Centify
11:38:10.13 (38156153)|ENTERING_MANAGED_PKG|Centify
11:38:10.13 (38240952)|ENTERING_MANAGED_PKG|Centify
11:38:10.13 (39590336)|ENTERING_MANAGED_PKG|Centify
11:38:10.13 (39745239)|ENTERING_MANAGED_PKG|Centify
11:38:10.13 (39965399)|ENTERING_MANAGED_PKG|Centify
11:38:10.13 (40068545)|ENTERING_MANAGED_PKG|Centify
11:38:10.13 (40203993)|ENTERING_MANAGED_PKG|Centify
11:38:10.13 (40292807)|ENTERING_MANAGED_PKG|Centify
11:38:10.13 (40484961)|ENTERING_MANAGED_PKG|Centify
11:38:10.13 (40576403)|ENTERING_MANAGED_PKG|Centify
11:38:10.13 (42334836)|DML_BEGIN|[74]|Op:Insert|Type:Centify__Notification__c|Rows:1
11:38:10.13 (76382798)|DML_END|[74]
11:38:10.13 (76571232)|ENTERING_MANAGED_PKG|Centify
11:38:10.13 (76999223)|ENTERING_MANAGED_PKG|Centify
11:38:10.95 (95441756)|CUMULATIVE_LIMIT_USAGE
11:38:10.95 (95441756)|LIMIT_USAGE_FOR_NS|(default)|
  Number of SOQL queries: 0 out of 200
  Number of query rows: 0 out of 50000
  Number of SOSL queries: 0 out of 20
  Number of DML statements: 0 out of 150
  Number of DML rows: 0 out of 10000
  Maximum CPU time: 0 out of 60000
  Maximum heap size: 0 out of 12000000
  Number of callouts: 0 out of 0
  Number of Email Invocations: 0 out of 10
  Number of future calls: 0 out of 0
  Number of queueable jobs added to the queue: 0 out of 1
  Number of Mobile Apex push calls: 0 out of 10

11:38:10.95 (95441756)|LIMIT_USAGE_FOR_NS|Centify|
  Number of SOQL queries: 0 out of 200
  Number of query rows: 0 out of 50000
  Number of SOSL queries: 0 out of 20
  Number of DML statements: 0 out of 150
  Number of DML rows: 0 out of 10000
  Maximum CPU time: 0 out of 60000
  Maximum heap size: 0 out of 12000000
  Number of callouts: 0 out of 0
  Number of Email Invocations: 0 out of 10
  Number of future calls: 0 out of 0
  Number of queueable jobs added to the queue: 0 out of 1
  Number of Mobile Apex push calls: 0 out of 10

11:38:10.95 (95441756)|CUMULATIVE_LIMIT_USAGE_END

