31.0 APEX_CODE,FINEST;APEX_PROFILING,INFO;CALLOUT,INFO;DB,INFO;NBA,INFO;SYSTEM,DEBUG;VALIDATION,INFO;VISUALFORCE,INFO;WAVE,INFO;WORKFLOW,INFO
17:11:10.0 (90046)|USER_INFO|[EXTERNAL]|00590000000Vmmq|ben@bjbglobal.com.au|Australian Eastern Standard Time|GMT+10:00
17:11:10.0 (128818)|EXECUTION_STARTED
17:11:10.0 (133581)|CODE_UNIT_STARTED|[EXTERNAL]|TRIGGERS
17:11:10.0 (161202)|CODE_UNIT_STARTED|[EXTERNAL]|01q6F000000DhRF|TaskBeforeUpdate on Task trigger event BeforeUpdate|__sfdc_trigger/TaskBeforeUpdate
17:11:10.0 (191542)|HEAP_ALLOCATE|[EXTERNAL]|Bytes:8
17:11:10.0 (242615)|HEAP_ALLOCATE|[EXTERNAL]|Bytes:8
17:11:10.0 (636654)|HEAP_ALLOCATE|[72]|Bytes:3
17:11:10.0 (673337)|HEAP_ALLOCATE|[77]|Bytes:152
17:11:10.0 (691652)|HEAP_ALLOCATE|[342]|Bytes:408
17:11:10.0 (713757)|HEAP_ALLOCATE|[355]|Bytes:408
17:11:10.0 (732704)|HEAP_ALLOCATE|[467]|Bytes:48
17:11:10.0 (765949)|HEAP_ALLOCATE|[139]|Bytes:6
17:11:10.0 (789745)|HEAP_ALLOCATE|[EXTERNAL]|Bytes:4
17:11:10.0 (799036)|VARIABLE_SCOPE_BEGIN|[10]|this|TaskBeforeUpdate|true|false
17:11:10.0 (856898)|VARIABLE_ASSIGNMENT|[10]|this|{}|0x34ce9e19
17:11:10.0 (919046)|HEAP_ALLOCATE|[EXTERNAL]|Bytes:4
17:11:10.0 (927393)|VARIABLE_SCOPE_BEGIN|[10]|this|TaskBeforeUpdate|true|false
17:11:10.0 (943504)|VARIABLE_ASSIGNMENT|[10]|this|{}|0x34ce9e19
17:11:10.0 (954809)|STATEMENT_EXECUTE|[10]
17:11:10.0 (960885)|CUMULATIVE_LIMIT_USAGE
17:11:10.0 (960885)|LIMIT_USAGE_FOR_NS|(default)|
  Number of SOQL queries: 0 out of 100
  Number of query rows: 0 out of 50000
  Number of SOSL queries: 0 out of 20
  Number of DML statements: 0 out of 150
  Number of DML rows: 0 out of 10000
  Maximum CPU time: 0 out of 10000
  Maximum heap size: 0 out of 6000000
  Number of callouts: 0 out of 100
  Number of Email Invocations: 0 out of 10
  Number of future calls: 0 out of 50
  Number of queueable jobs added to the queue: 0 out of 50
  Number of Mobile Apex push calls: 0 out of 10

17:11:10.0 (960885)|CUMULATIVE_LIMIT_USAGE_END

17:11:10.0 (2045100)|CODE_UNIT_FINISHED|TaskBeforeUpdate on Task trigger event BeforeUpdate|__sfdc_trigger/TaskBeforeUpdate
17:11:10.0 (5594967)|CODE_UNIT_STARTED|[EXTERNAL]|Validation:Task:00T6F0000590758
17:11:10.0 (5612343)|VALIDATION_RULE|03d6F000000qFaO|Finish_all_call_monitor_field
17:11:10.0 (6010252)|VALIDATION_FORMULA|AND(!ISBLANK(Monitored_By__c),
    OR(ISBLANK( TEXT(CM_advised_what_will_happen_next__c)),
       ISBLANK( TEXT(Allow_customer_to_present_concerns__c) ),
       ISBLANK( TEXT(Communication_is_clear_positive_confiden__c) ),
       ISBLANK( TEXT(Demonstrate_active_listening__c )),
       ISBLANK( TEXT(Gave_correct_answers_and_infomations__c) ),
       ISBLANK( TEXT(Mirrors_clients_talking_behaviour__c) ) ))|CM_advised_what_will_happen_next__c=null , Demonstrate_active_listening__c=null , Communication_is_clear_positive_confiden__c=null , Allow_customer_to_present_concerns__c=null , Gave_correct_answers_and_infomations__c=null , Mirrors_clients_talking_behaviour__c=null , Monitored_By__c=null
17:11:10.0 (6027603)|VALIDATION_PASS
17:11:10.0 (6030309)|VALIDATION_RULE|03d900000009JbB|Interac_Quality_Must_Be_Between_1_and_10
17:11:10.0 (6108324)|VALIDATION_FORMULA|NVMContactWorld__InteractionQuality__c < 1  &#124;&#124;  NVMContactWorld__InteractionQuality__c > 10|NVMContactWorld__InteractionQuality__c=null
17:11:10.0 (6117989)|VALIDATION_PASS
17:11:10.0 (6272768)|CODE_UNIT_FINISHED|Validation:Task:00T6F0000590758
17:11:10.0 (28348139)|CODE_UNIT_STARTED|[EXTERNAL]|Workflow:Task
17:11:10.0 (43406707)|WF_RULE_EVAL_BEGIN|Workflow
17:11:10.0 (43447437)|WF_CRITERIA_BEGIN|[Task:  00T6F0000590758]|Update Call Monitor Details|01Q6F0000002Tdt|ON_CREATE_OR_TRIGGERING_UPDATE|0
17:11:10.0 (43519906)|WF_RULE_FILTER|[Task : Monitored By not equal to ]
17:11:10.0 (43530055)|WF_RULE_EVAL_VALUE|
17:11:10.0 (43533557)|WF_CRITERIA_END|false
17:11:10.0 (43543384)|WF_CRITERIA_BEGIN|[Task:  00T6F0000590758]|Update_Callback_Request_Due_Date3016F0000005i0e|01Q6F0000019gyq|ON_CREATE_ONLY|0
17:11:10.0 (43554327)|WF_RULE_NOT_EVALUATED
17:11:10.0 (43562056)|WF_CRITERIA_BEGIN|[Task:  00T6F0000590758]|Call Back Request From LinX|01Q6F000001EY2L|ON_CREATE_OR_TRIGGERING_UPDATE|0
17:11:10.0 (43613208)|WF_RULE_FILTER|[Task : Subject equals Callback Request]
17:11:10.0 (43621740)|WF_RULE_EVAL_VALUE|Outbound call to +61244233975
17:11:10.0 (43625676)|WF_CRITERIA_END|false
17:11:10.0 (43632406)|WF_CRITERIA_BEGIN|[Task:  00T6F0000590758]|Call_Monitor3016F00000054R3|01Q6F000000oOu7|ON_ALL_CHANGES|0
17:11:10.0 (43749309)|WF_FORMULA|Formula:ENCODED:[treatNullAsNull]true|Values:
17:11:10.0 (43756536)|WF_CRITERIA_END|true
17:11:10.0 (44283228)|WF_SPOOL_ACTION_BEGIN|Workflow
17:11:10.0 (44311943)|WF_ACTION| Flow Trigger: 1;
17:11:10.0 (44317103)|WF_RULE_EVAL_END
17:11:10.0 (44375077)|WF_FLOW_ACTION_BEGIN|09L6F000000PGTV
17:11:10.46 (46032301)|FLOW_CREATE_INTERVIEW_BEGIN|00D90000000IJSa|3006F0000008usA|3016F00000054R3
17:11:10.46 (46839183)|FLOW_CREATE_INTERVIEW_END|8571d5c5945fd4d22aa458981f5516734fe14f4-74b4|Call Monitoring
17:11:10.47 (47318673)|FLOW_START_INTERVIEWS_BEGIN|1
17:11:10.47 (47347750)|FLOW_START_INTERVIEW_BEGIN|8571d5c5945fd4d22aa458981f5516734fe14f4-74b4|Call Monitoring
17:11:10.47 (57714688)|FLOW_START_INTERVIEW_END|8571d5c5945fd4d22aa458981f5516734fe14f4-74b4|Call Monitoring
17:11:10.47 (57749896)|FLOW_START_INTERVIEWS_END|1
17:11:10.0 (59448821)|WF_FLOW_ACTION_END|09L6F000000PGTV
17:11:10.0 (59562667)|WF_ACTIONS_END| Flow Trigger: 1;
17:11:10.0 (59574677)|CODE_UNIT_FINISHED|Workflow:Task
17:11:10.0 (70859902)|CODE_UNIT_FINISHED|TRIGGERS
17:11:10.0 (70876620)|EXECUTION_FINISHED
