37.0 APEX_CODE,FINEST;APEX_PROFILING,INFO;CALLOUT,INFO;DB,INFO;NBA,INFO;SYSTEM,DEBUG;VALIDATION,INFO;VISUALFORCE,INFO;WAVE,INFO;WORKFLOW,INFO
18:33:02.15 (15212655)|ENTERING_MANAGED_PKG|Centify
18:33:02.15 (19478135)|ENTERING_MANAGED_PKG|Centify
18:33:02.15 (19622813)|ENTERING_MANAGED_PKG|Centify
18:33:02.15 (19735635)|ENTERING_MANAGED_PKG|Centify
18:33:02.15 (19783366)|ENTERING_MANAGED_PKG|Centify
18:33:02.15 (20466948)|ENTERING_MANAGED_PKG|Centify
18:33:02.15 (20741435)|ENTERING_MANAGED_PKG|Centify
18:33:02.15 (20767375)|ENTERING_MANAGED_PKG|Centify
18:33:02.15 (20843397)|ENTERING_MANAGED_PKG|Centify
18:33:02.15 (20891645)|ENTERING_MANAGED_PKG|Centify
18:33:02.15 (20929175)|ENTERING_MANAGED_PKG|Centify
18:33:02.15 (20950077)|ENTERING_MANAGED_PKG|Centify
18:33:02.15 (20967127)|ENTERING_MANAGED_PKG|Centify
18:33:02.15 (21126109)|ENTERING_MANAGED_PKG|Centify
18:33:02.15 (54845054)|ENTERING_MANAGED_PKG|Centify
18:33:02.15 (54934286)|ENTERING_MANAGED_PKG|Centify
18:33:02.15 (55067789)|ENTERING_MANAGED_PKG|Centify
18:33:02.15 (55117365)|ENTERING_MANAGED_PKG|Centify
18:33:02.15 (264045662)|ENTERING_MANAGED_PKG|Centify
18:33:02.15 (309255899)|ENTERING_MANAGED_PKG|Centify
18:33:02.15 (322925175)|ENTERING_MANAGED_PKG|Centify
18:33:02.15 (322987952)|ENTERING_MANAGED_PKG|Centify
18:33:02.15 (323065444)|ENTERING_MANAGED_PKG|Centify
18:33:02.15 (323095944)|ENTERING_MANAGED_PKG|Centify
18:33:02.15 (323156298)|ENTERING_MANAGED_PKG|Centify
18:33:02.15 (352761203)|ENTERING_MANAGED_PKG|Centify
18:33:02.15 (369325434)|ENTERING_MANAGED_PKG|Centify
18:33:02.15 (369401926)|ENTERING_MANAGED_PKG|Centify
18:33:02.15 (369501580)|ENTERING_MANAGED_PKG|Centify
18:33:02.15 (369541218)|ENTERING_MANAGED_PKG|Centify
18:33:02.15 (369604052)|ENTERING_MANAGED_PKG|Centify
18:33:02.15 (393916955)|ENTERING_MANAGED_PKG|Centify
18:33:02.15 (408278293)|ENTERING_MANAGED_PKG|Centify
18:33:02.15 (408338890)|ENTERING_MANAGED_PKG|Centify
18:33:02.15 (408415475)|ENTERING_MANAGED_PKG|Centify
18:33:02.15 (408446600)|ENTERING_MANAGED_PKG|Centify
18:33:02.15 (408508528)|ENTERING_MANAGED_PKG|Centify
18:33:02.15 (432357752)|ENTERING_MANAGED_PKG|Centify
18:33:02.15 (447906954)|ENTERING_MANAGED_PKG|Centify
18:33:02.15 (447965575)|ENTERING_MANAGED_PKG|Centify
18:33:02.15 (448039272)|ENTERING_MANAGED_PKG|Centify
18:33:02.15 (448069805)|ENTERING_MANAGED_PKG|Centify
18:33:02.15 (448129849)|ENTERING_MANAGED_PKG|Centify
18:33:02.15 (471692443)|ENTERING_MANAGED_PKG|Centify
18:33:02.15 (485817370)|ENTERING_MANAGED_PKG|Centify
18:33:02.15 (485869877)|ENTERING_MANAGED_PKG|Centify
18:33:02.15 (485944329)|ENTERING_MANAGED_PKG|Centify
18:33:02.15 (485975055)|ENTERING_MANAGED_PKG|Centify
18:33:02.15 (486036071)|ENTERING_MANAGED_PKG|Centify
18:33:02.15 (510120512)|ENTERING_MANAGED_PKG|Centify
18:33:02.15 (524227536)|ENTERING_MANAGED_PKG|Centify
18:33:02.15 (524283424)|ENTERING_MANAGED_PKG|Centify
18:33:02.15 (524356744)|ENTERING_MANAGED_PKG|Centify
18:33:02.15 (524386965)|ENTERING_MANAGED_PKG|Centify
18:33:02.15 (524449350)|ENTERING_MANAGED_PKG|Centify
18:33:02.15 (549442197)|ENTERING_MANAGED_PKG|Centify
18:33:02.15 (564672767)|ENTERING_MANAGED_PKG|Centify
18:33:02.15 (564756827)|ENTERING_MANAGED_PKG|Centify
18:33:02.15 (564843790)|ENTERING_MANAGED_PKG|Centify
18:33:02.15 (564888889)|ENTERING_MANAGED_PKG|Centify
18:33:02.15 (564954408)|ENTERING_MANAGED_PKG|Centify
18:33:02.15 (592621715)|ENTERING_MANAGED_PKG|Centify
18:33:02.15 (608476773)|ENTERING_MANAGED_PKG|Centify
18:33:02.15 (608531417)|ENTERING_MANAGED_PKG|Centify
18:33:02.15 (608605782)|ENTERING_MANAGED_PKG|Centify
18:33:02.15 (608636401)|ENTERING_MANAGED_PKG|Centify
18:33:02.15 (608695096)|ENTERING_MANAGED_PKG|Centify
18:33:02.15 (633225476)|ENTERING_MANAGED_PKG|Centify
18:33:02.15 (648029608)|ENTERING_MANAGED_PKG|Centify
18:33:02.15 (648082379)|ENTERING_MANAGED_PKG|Centify
18:33:02.15 (648157554)|ENTERING_MANAGED_PKG|Centify
18:33:02.15 (648188635)|ENTERING_MANAGED_PKG|Centify
18:33:02.15 (648247554)|ENTERING_MANAGED_PKG|Centify
18:33:02.15 (707354544)|ENTERING_MANAGED_PKG|Centify
18:33:02.15 (722241475)|ENTERING_MANAGED_PKG|Centify
18:33:02.15 (722295465)|ENTERING_MANAGED_PKG|Centify
18:33:02.15 (722369143)|ENTERING_MANAGED_PKG|Centify
18:33:02.15 (722399044)|ENTERING_MANAGED_PKG|Centify
18:33:02.15 (722459034)|ENTERING_MANAGED_PKG|Centify
18:33:02.15 (746486718)|ENTERING_MANAGED_PKG|Centify
18:33:02.15 (760571647)|ENTERING_MANAGED_PKG|Centify
18:33:02.15 (760627323)|ENTERING_MANAGED_PKG|Centify
18:33:02.15 (760708525)|ENTERING_MANAGED_PKG|Centify
18:33:02.15 (760739802)|ENTERING_MANAGED_PKG|Centify
18:33:02.15 (760799039)|ENTERING_MANAGED_PKG|Centify
18:33:02.15 (787779485)|ENTERING_MANAGED_PKG|Centify
18:33:02.15 (803130002)|ENTERING_MANAGED_PKG|Centify
18:33:02.15 (803186472)|ENTERING_MANAGED_PKG|Centify
18:33:02.15 (803267257)|ENTERING_MANAGED_PKG|Centify
18:33:02.15 (803296913)|ENTERING_MANAGED_PKG|Centify
18:33:02.15 (803356256)|ENTERING_MANAGED_PKG|Centify
18:33:02.15 (828226637)|ENTERING_MANAGED_PKG|Centify
18:33:02.15 (846043205)|ENTERING_MANAGED_PKG|Centify
18:33:02.15 (846096771)|ENTERING_MANAGED_PKG|Centify
18:33:02.15 (846171607)|ENTERING_MANAGED_PKG|Centify
18:33:02.15 (846201459)|ENTERING_MANAGED_PKG|Centify
18:33:02.15 (846260747)|ENTERING_MANAGED_PKG|Centify
18:33:02.15 (872012355)|ENTERING_MANAGED_PKG|Centify
18:33:02.15 (872123659)|ENTERING_MANAGED_PKG|Centify
18:33:02.15 (872371872)|ENTERING_MANAGED_PKG|Centify
18:33:02.15 (872420253)|ENTERING_MANAGED_PKG|Centify
18:33:02.15 (872461826)|ENTERING_MANAGED_PKG|Centify
18:33:02.15 (872769554)|ENTERING_MANAGED_PKG|Centify
18:33:02.15 (872843901)|ENTERING_MANAGED_PKG|Centify
18:33:02.15 (873905808)|ENTERING_MANAGED_PKG|Centify
18:33:02.15 (873966977)|ENTERING_MANAGED_PKG|Centify
18:33:02.15 (874046875)|ENTERING_MANAGED_PKG|Centify
18:33:02.15 (874598505)|ENTERING_MANAGED_PKG|Centify
18:33:02.15 (875462819)|SOQL_EXECUTE_BEGIN|[16]|Aggregations:0|select id,lastmodifieddate,isdeleted,call_duration_min__c,createddate,tasksubtype,isclosed,subject,ownerid,activitydate,status,whatid,calldurationinseconds,calltype from Task where LastModifiedDate >2018-09-28T07:44:30Z AND LastModifiedDate < 2018-09-28T08:33:08Z AND (  CallType = 'Outbound'  OR  CallType = 'Inbound' )  ORDER BY SystemModStamp DESC LIMIT 5000  ALL ROWS
18:33:02.15 (882714031)|SOQL_EXECUTE_END|[16]|Rows:0
18:33:02.900 (900104542)|CUMULATIVE_LIMIT_USAGE
18:33:02.900 (900104542)|LIMIT_USAGE_FOR_NS|(default)|
  Number of SOQL queries: 0 out of 200
  Number of query rows: 0 out of 50000
  Number of SOSL queries: 0 out of 20
  Number of DML statements: 0 out of 150
  Number of DML rows: 0 out of 10000
  Maximum CPU time: 0 out of 60000
  Maximum heap size: 0 out of 12000000
  Number of callouts: 0 out of 0
  Number of Email Invocations: 0 out of 10
  Number of future calls: 0 out of 0
  Number of queueable jobs added to the queue: 0 out of 1
  Number of Mobile Apex push calls: 0 out of 10

18:33:02.900 (900104542)|LIMIT_USAGE_FOR_NS|Centify|
  Number of SOQL queries: 0 out of 200
  Number of query rows: 0 out of 50000
  Number of SOSL queries: 0 out of 20
  Number of DML statements: 0 out of 150
  Number of DML rows: 0 out of 10000
  Maximum CPU time: 0 out of 60000
  Maximum heap size: 0 out of 12000000
  Number of callouts: 0 out of 0
  Number of Email Invocations: 0 out of 10
  Number of future calls: 0 out of 0
  Number of queueable jobs added to the queue: 0 out of 1
  Number of Mobile Apex push calls: 0 out of 10

18:33:02.900 (900104542)|CUMULATIVE_LIMIT_USAGE_END

