43.0 APEX_CODE,FINEST;APEX_PROFILING,INFO;CALLOUT,INFO;DB,INFO;NBA,INFO;SYSTEM,DEBUG;VALIDATION,INFO;VISUALFORCE,INFO;WAVE,INFO;WORKFLOW,INFO
18:31:30.0 (94728)|USER_INFO|[EXTERNAL]|00590000000Vmmq|ben@bjbglobal.com.au|Australian Eastern Standard Time|GMT+10:00
18:31:30.0 (129511)|EXECUTION_STARTED
18:31:30.0 (132234)|CODE_UNIT_STARTED|[EXTERNAL]|Workflow:01I90000000VDtL
18:31:30.0 (13260924)|WF_RULE_EVAL_BEGIN|Workflow
18:31:30.0 (13331414)|WF_CRITERIA_BEGIN|[Invoice: GetMoreTraffic - Green Master Packaging a0E6F00002ASm1r]|Automatic Tasks for Outstanding Invoices|01Q6F0000019daX|ON_CREATE_OR_TRIGGERING_UPDATE|0
18:31:30.0 (17813925)|WF_RULE_FILTER|[Invoice : Status equals AUTHORISED, PARTIALLY PAID] 
AND [Invoice : Reminder Task Created equals false]
18:31:30.0 (17833261)|WF_RULE_EVAL_VALUE|2
18:31:30.0 (17837600)|WF_CRITERIA_END|false
18:31:30.0 (17847131)|WF_CRITERIA_BEGIN|[Invoice: GetMoreTraffic - Green Master Packaging a0E6F00002ASm1r]|Sign_Up_Invoice3016F0000009b9U|01Q6F0000002qx7|ON_ALL_CHANGES|0
18:31:30.0 (17929114)|WF_FORMULA|Formula:ENCODED:[treatNullAsNull]true|Values:
18:31:30.0 (17935723)|WF_CRITERIA_END|true
18:31:30.0 (18597007)|WF_SPOOL_ACTION_BEGIN|Workflow
18:31:30.0 (18621025)|WF_ACTION| Flow Trigger: 1;
18:31:30.0 (18625451)|WF_RULE_EVAL_END
18:31:30.0 (19568081)|WF_FLOW_ACTION_BEGIN|09L6F0000000MEf
18:31:30.22 (22059853)|FLOW_CREATE_INTERVIEW_BEGIN|00D90000000IJSa|3006F000000Pjga|3016F0000009b9U
18:31:30.22 (22880244)|FLOW_CREATE_INTERVIEW_END|74755596d016ba574d8551222b1f1661f4b8594-74b1|Sign Up Invoice
18:31:30.23 (23353490)|FLOW_START_INTERVIEWS_BEGIN|1
18:31:30.23 (23380005)|FLOW_START_INTERVIEW_BEGIN|74755596d016ba574d8551222b1f1661f4b8594-74b1|Sign Up Invoice
18:31:30.23 (27841019)|FLOW_START_INTERVIEW_END|74755596d016ba574d8551222b1f1661f4b8594-74b1|Sign Up Invoice
18:31:30.23 (27866699)|FLOW_START_INTERVIEWS_END|1
18:31:30.0 (28698620)|WF_FLOW_ACTION_END|09L6F0000000MEf
18:31:30.0 (28758639)|WF_TIME_TRIGGERS_BEGIN
18:31:30.0 (30614036)|WF_ACTIONS_END| Flow Trigger: 1;
18:31:30.0 (30625296)|CODE_UNIT_FINISHED|Workflow:01I90000000VDtL
18:31:30.0 (31826607)|EXECUTION_FINISHED
