37.0 APEX_CODE,FINEST;APEX_PROFILING,INFO;CALLOUT,INFO;DB,INFO;NBA,INFO;SYSTEM,DEBUG;VALIDATION,INFO;VISUALFORCE,INFO;WAVE,INFO;WORKFLOW,INFO
18:25:14.19 (19809677)|ENTERING_MANAGED_PKG|Centify
18:25:14.19 (23108728)|ENTERING_MANAGED_PKG|Centify
18:25:14.19 (30722229)|ENTERING_MANAGED_PKG|Centify
18:25:14.19 (30847061)|ENTERING_MANAGED_PKG|Centify
18:25:14.19 (31000052)|ENTERING_MANAGED_PKG|Centify
18:25:14.19 (31622127)|ENTERING_MANAGED_PKG|Centify
18:25:14.19 (31845349)|ENTERING_MANAGED_PKG|Centify
18:25:14.19 (31873947)|ENTERING_MANAGED_PKG|Centify
18:25:14.19 (31952767)|ENTERING_MANAGED_PKG|Centify
18:25:14.19 (32001028)|ENTERING_MANAGED_PKG|Centify
18:25:14.19 (32037135)|ENTERING_MANAGED_PKG|Centify
18:25:14.19 (32057660)|ENTERING_MANAGED_PKG|Centify
18:25:14.19 (32074056)|ENTERING_MANAGED_PKG|Centify
18:25:14.19 (32234165)|ENTERING_MANAGED_PKG|Centify
18:25:14.19 (72446595)|ENTERING_MANAGED_PKG|Centify
18:25:14.19 (72583003)|ENTERING_MANAGED_PKG|Centify
18:25:14.19 (72774174)|ENTERING_MANAGED_PKG|Centify
18:25:14.19 (72831857)|ENTERING_MANAGED_PKG|Centify
18:25:14.19 (305689209)|ENTERING_MANAGED_PKG|Centify
18:25:14.19 (349368820)|ENTERING_MANAGED_PKG|Centify
18:25:14.19 (362668663)|ENTERING_MANAGED_PKG|Centify
18:25:14.19 (362728147)|ENTERING_MANAGED_PKG|Centify
18:25:14.19 (362806163)|ENTERING_MANAGED_PKG|Centify
18:25:14.19 (362836984)|ENTERING_MANAGED_PKG|Centify
18:25:14.19 (362895737)|ENTERING_MANAGED_PKG|Centify
18:25:14.19 (389455255)|ENTERING_MANAGED_PKG|Centify
18:25:14.19 (402754819)|ENTERING_MANAGED_PKG|Centify
18:25:14.19 (402809195)|ENTERING_MANAGED_PKG|Centify
18:25:14.19 (402880277)|ENTERING_MANAGED_PKG|Centify
18:25:14.19 (402909486)|ENTERING_MANAGED_PKG|Centify
18:25:14.19 (402967338)|ENTERING_MANAGED_PKG|Centify
18:25:14.19 (429587334)|ENTERING_MANAGED_PKG|Centify
18:25:14.19 (442742991)|ENTERING_MANAGED_PKG|Centify
18:25:14.19 (442798013)|ENTERING_MANAGED_PKG|Centify
18:25:14.19 (442871632)|ENTERING_MANAGED_PKG|Centify
18:25:14.19 (442902239)|ENTERING_MANAGED_PKG|Centify
18:25:14.19 (442961081)|ENTERING_MANAGED_PKG|Centify
18:25:14.19 (470054793)|ENTERING_MANAGED_PKG|Centify
18:25:14.19 (483824355)|ENTERING_MANAGED_PKG|Centify
18:25:14.19 (483878197)|ENTERING_MANAGED_PKG|Centify
18:25:14.19 (483950043)|ENTERING_MANAGED_PKG|Centify
18:25:14.19 (483980577)|ENTERING_MANAGED_PKG|Centify
18:25:14.19 (484038499)|ENTERING_MANAGED_PKG|Centify
18:25:14.19 (510918951)|ENTERING_MANAGED_PKG|Centify
18:25:14.19 (524198265)|ENTERING_MANAGED_PKG|Centify
18:25:14.19 (524249261)|ENTERING_MANAGED_PKG|Centify
18:25:14.19 (524320184)|ENTERING_MANAGED_PKG|Centify
18:25:14.19 (524351099)|ENTERING_MANAGED_PKG|Centify
18:25:14.19 (524409747)|ENTERING_MANAGED_PKG|Centify
18:25:14.19 (550884080)|ENTERING_MANAGED_PKG|Centify
18:25:14.19 (564337958)|ENTERING_MANAGED_PKG|Centify
18:25:14.19 (564390584)|ENTERING_MANAGED_PKG|Centify
18:25:14.19 (564461227)|ENTERING_MANAGED_PKG|Centify
18:25:14.19 (564490359)|ENTERING_MANAGED_PKG|Centify
18:25:14.19 (564548225)|ENTERING_MANAGED_PKG|Centify
18:25:14.19 (592271348)|ENTERING_MANAGED_PKG|Centify
18:25:14.19 (605311832)|ENTERING_MANAGED_PKG|Centify
18:25:14.19 (605364229)|ENTERING_MANAGED_PKG|Centify
18:25:14.19 (605435154)|ENTERING_MANAGED_PKG|Centify
18:25:14.19 (605465040)|ENTERING_MANAGED_PKG|Centify
18:25:14.19 (605523859)|ENTERING_MANAGED_PKG|Centify
18:25:14.19 (630833832)|ENTERING_MANAGED_PKG|Centify
18:25:14.19 (643251208)|ENTERING_MANAGED_PKG|Centify
18:25:14.19 (643302971)|ENTERING_MANAGED_PKG|Centify
18:25:14.19 (643373781)|ENTERING_MANAGED_PKG|Centify
18:25:14.19 (643403223)|ENTERING_MANAGED_PKG|Centify
18:25:14.19 (643461369)|ENTERING_MANAGED_PKG|Centify
18:25:14.19 (669129518)|ENTERING_MANAGED_PKG|Centify
18:25:14.19 (682475655)|ENTERING_MANAGED_PKG|Centify
18:25:14.19 (682530713)|ENTERING_MANAGED_PKG|Centify
18:25:14.19 (682604539)|ENTERING_MANAGED_PKG|Centify
18:25:14.19 (682634734)|ENTERING_MANAGED_PKG|Centify
18:25:14.19 (682693835)|ENTERING_MANAGED_PKG|Centify
18:25:14.19 (708855970)|ENTERING_MANAGED_PKG|Centify
18:25:14.19 (722016474)|ENTERING_MANAGED_PKG|Centify
18:25:14.19 (722292014)|ENTERING_MANAGED_PKG|Centify
18:25:14.19 (732484889)|ENTERING_MANAGED_PKG|Centify
18:25:14.19 (732560933)|ENTERING_MANAGED_PKG|Centify
18:25:14.19 (734330707)|ENTERING_MANAGED_PKG|Centify
18:25:14.19 (734391848)|ENTERING_MANAGED_PKG|Centify
18:25:14.19 (734446421)|ENTERING_MANAGED_PKG|Centify
18:25:14.19 (734525184)|ENTERING_MANAGED_PKG|Centify
18:25:14.19 (738478412)|SOQL_EXECUTE_BEGIN|[19]|Aggregations:0|SELECT Id, OrganizationType FROM Organization LIMIT 1
18:25:14.19 (743292006)|SOQL_EXECUTE_END|[19]|Rows:1
18:25:14.19 (759662430)|ENTERING_MANAGED_PKG|Centify
18:25:14.19 (759750527)|ENTERING_MANAGED_PKG|Centify
18:25:14.19 (759917290)|ENTERING_MANAGED_PKG|Centify
18:25:14.19 (759958613)|ENTERING_MANAGED_PKG|Centify
18:25:14.19 (759996748)|ENTERING_MANAGED_PKG|Centify
18:25:14.19 (761557276)|ENTERING_MANAGED_PKG|Centify
18:25:14.19 (761641602)|ENTERING_MANAGED_PKG|Centify
18:25:14.19 (763137830)|ENTERING_MANAGED_PKG|Centify
18:25:14.19 (763302845)|ENTERING_MANAGED_PKG|Centify
18:25:14.19 (764052139)|ENTERING_MANAGED_PKG|Centify
18:25:14.19 (764709653)|SOQL_EXECUTE_BEGIN|[16]|Aggregations:0|select id,lastmodifieddate,isdeleted,name,createddate,ownerid,status,isconverted,converteddate,company from Lead where LastModifiedDate >2018-09-28T07:00:24Z AND LastModifiedDate < 2018-09-28T08:25:20Z  ORDER BY SystemModStamp DESC LIMIT 5000  ALL ROWS
18:25:14.19 (769679742)|SOQL_EXECUTE_END|[16]|Rows:0
18:25:14.791 (791856067)|CUMULATIVE_LIMIT_USAGE
18:25:14.791 (791856067)|LIMIT_USAGE_FOR_NS|(default)|
  Number of SOQL queries: 0 out of 200
  Number of query rows: 0 out of 50000
  Number of SOSL queries: 0 out of 20
  Number of DML statements: 0 out of 150
  Number of DML rows: 0 out of 10000
  Maximum CPU time: 0 out of 60000
  Maximum heap size: 0 out of 12000000
  Number of callouts: 0 out of 0
  Number of Email Invocations: 0 out of 10
  Number of future calls: 0 out of 0
  Number of queueable jobs added to the queue: 0 out of 1
  Number of Mobile Apex push calls: 0 out of 10

18:25:14.791 (791856067)|LIMIT_USAGE_FOR_NS|Centify|
  Number of SOQL queries: 0 out of 200
  Number of query rows: 0 out of 50000
  Number of SOSL queries: 0 out of 20
  Number of DML statements: 0 out of 150
  Number of DML rows: 0 out of 10000
  Maximum CPU time: 0 out of 60000
  Maximum heap size: 0 out of 12000000
  Number of callouts: 0 out of 0
  Number of Email Invocations: 0 out of 10
  Number of future calls: 0 out of 0
  Number of queueable jobs added to the queue: 0 out of 1
  Number of Mobile Apex push calls: 0 out of 10

18:25:14.791 (791856067)|CUMULATIVE_LIMIT_USAGE_END

