37.0 APEX_CODE,FINEST;APEX_PROFILING,INFO;CALLOUT,INFO;DB,INFO;NBA,INFO;SYSTEM,DEBUG;VALIDATION,INFO;VISUALFORCE,INFO;WAVE,INFO;WORKFLOW,INFO
11:52:22.18 (18855336)|ENTERING_MANAGED_PKG|Centify
11:52:22.18 (20686416)|ENTERING_MANAGED_PKG|Centify
11:52:22.18 (20752717)|ENTERING_MANAGED_PKG|Centify
11:52:22.18 (21548365)|ENTERING_MANAGED_PKG|Centify
11:52:22.18 (21639702)|ENTERING_MANAGED_PKG|Centify
11:52:22.18 (23006479)|ENTERING_MANAGED_PKG|Centify
11:52:22.18 (23411351)|ENTERING_MANAGED_PKG|Centify
11:52:22.18 (23453955)|ENTERING_MANAGED_PKG|Centify
11:52:22.18 (23566201)|ENTERING_MANAGED_PKG|Centify
11:52:22.18 (23630208)|ENTERING_MANAGED_PKG|Centify
11:52:22.18 (23677234)|ENTERING_MANAGED_PKG|Centify
11:52:22.18 (23706176)|ENTERING_MANAGED_PKG|Centify
11:52:22.18 (23737649)|ENTERING_MANAGED_PKG|Centify
11:52:22.18 (23998547)|ENTERING_MANAGED_PKG|Centify
11:52:22.18 (61363863)|ENTERING_MANAGED_PKG|Centify
11:52:22.18 (61435898)|ENTERING_MANAGED_PKG|Centify
11:52:22.18 (61544116)|ENTERING_MANAGED_PKG|Centify
11:52:22.18 (61583330)|ENTERING_MANAGED_PKG|Centify
11:52:22.18 (263110606)|ENTERING_MANAGED_PKG|Centify
11:52:22.18 (304839313)|ENTERING_MANAGED_PKG|Centify
11:52:22.18 (318113554)|ENTERING_MANAGED_PKG|Centify
11:52:22.18 (318170073)|ENTERING_MANAGED_PKG|Centify
11:52:22.18 (318249341)|ENTERING_MANAGED_PKG|Centify
11:52:22.18 (318281002)|ENTERING_MANAGED_PKG|Centify
11:52:22.18 (318340322)|ENTERING_MANAGED_PKG|Centify
11:52:22.18 (343567695)|ENTERING_MANAGED_PKG|Centify
11:52:22.18 (358952422)|ENTERING_MANAGED_PKG|Centify
11:52:22.18 (359007975)|ENTERING_MANAGED_PKG|Centify
11:52:22.18 (359085725)|ENTERING_MANAGED_PKG|Centify
11:52:22.18 (359117818)|ENTERING_MANAGED_PKG|Centify
11:52:22.18 (359179754)|ENTERING_MANAGED_PKG|Centify
11:52:22.18 (384500425)|ENTERING_MANAGED_PKG|Centify
11:52:22.18 (403170760)|ENTERING_MANAGED_PKG|Centify
11:52:22.18 (403232679)|ENTERING_MANAGED_PKG|Centify
11:52:22.18 (403321369)|ENTERING_MANAGED_PKG|Centify
11:52:22.18 (403358786)|ENTERING_MANAGED_PKG|Centify
11:52:22.18 (403426365)|ENTERING_MANAGED_PKG|Centify
11:52:22.18 (431036843)|ENTERING_MANAGED_PKG|Centify
11:52:22.18 (448083150)|ENTERING_MANAGED_PKG|Centify
11:52:22.18 (448142861)|ENTERING_MANAGED_PKG|Centify
11:52:22.18 (448224847)|ENTERING_MANAGED_PKG|Centify
11:52:22.18 (448259475)|ENTERING_MANAGED_PKG|Centify
11:52:22.18 (448326499)|ENTERING_MANAGED_PKG|Centify
11:52:22.18 (476239473)|ENTERING_MANAGED_PKG|Centify
11:52:22.18 (492909956)|ENTERING_MANAGED_PKG|Centify
11:52:22.18 (492966286)|ENTERING_MANAGED_PKG|Centify
11:52:22.18 (493045392)|ENTERING_MANAGED_PKG|Centify
11:52:22.18 (493077403)|ENTERING_MANAGED_PKG|Centify
11:52:22.18 (493140411)|ENTERING_MANAGED_PKG|Centify
11:52:22.18 (519412728)|ENTERING_MANAGED_PKG|Centify
11:52:22.18 (534094341)|ENTERING_MANAGED_PKG|Centify
11:52:22.18 (534143180)|ENTERING_MANAGED_PKG|Centify
11:52:22.18 (534218550)|ENTERING_MANAGED_PKG|Centify
11:52:22.18 (534250389)|ENTERING_MANAGED_PKG|Centify
11:52:22.18 (534313960)|ENTERING_MANAGED_PKG|Centify
11:52:22.18 (561547022)|ENTERING_MANAGED_PKG|Centify
11:52:22.18 (576978740)|ENTERING_MANAGED_PKG|Centify
11:52:22.18 (577032393)|ENTERING_MANAGED_PKG|Centify
11:52:22.18 (577108744)|ENTERING_MANAGED_PKG|Centify
11:52:22.18 (577143153)|ENTERING_MANAGED_PKG|Centify
11:52:22.18 (577206980)|ENTERING_MANAGED_PKG|Centify
11:52:22.18 (601744323)|ENTERING_MANAGED_PKG|Centify
11:52:22.18 (616734381)|ENTERING_MANAGED_PKG|Centify
11:52:22.18 (616784738)|ENTERING_MANAGED_PKG|Centify
11:52:22.18 (616857865)|ENTERING_MANAGED_PKG|Centify
11:52:22.18 (616890600)|ENTERING_MANAGED_PKG|Centify
11:52:22.18 (616952828)|ENTERING_MANAGED_PKG|Centify
11:52:22.18 (641202916)|ENTERING_MANAGED_PKG|Centify
11:52:22.18 (656735308)|ENTERING_MANAGED_PKG|Centify
11:52:22.18 (656788556)|ENTERING_MANAGED_PKG|Centify
11:52:22.18 (656867416)|ENTERING_MANAGED_PKG|Centify
11:52:22.18 (656901819)|ENTERING_MANAGED_PKG|Centify
11:52:22.18 (656964983)|ENTERING_MANAGED_PKG|Centify
11:52:22.18 (688820837)|ENTERING_MANAGED_PKG|Centify
11:52:22.18 (688877473)|ENTERING_MANAGED_PKG|Centify
11:52:22.18 (689029177)|ENTERING_MANAGED_PKG|Centify
11:52:22.18 (689070658)|ENTERING_MANAGED_PKG|Centify
11:52:22.18 (689105881)|ENTERING_MANAGED_PKG|Centify
11:52:22.18 (690263373)|ENTERING_MANAGED_PKG|Centify
11:52:22.18 (690346161)|ENTERING_MANAGED_PKG|Centify
11:52:22.18 (702581774)|ENTERING_MANAGED_PKG|Centify
11:52:22.18 (702646571)|ENTERING_MANAGED_PKG|Centify
11:52:22.18 (702729073)|ENTERING_MANAGED_PKG|Centify
11:52:22.18 (703308204)|ENTERING_MANAGED_PKG|Centify
11:52:22.18 (704059554)|SOQL_EXECUTE_BEGIN|[16]|Aggregations:0|select id,lastmodifieddate,isdeleted,ownerid,status,whatid,activitydate,tasksubtype,isclosed,subject from Task where LastModifiedDate >2018-10-23T01:51:06Z AND LastModifiedDate < 2018-10-23T01:52:28Z AND (  Subject = 'Email' )  ORDER BY SystemModStamp DESC LIMIT 5000  ALL ROWS
11:52:22.18 (710626690)|SOQL_EXECUTE_END|[16]|Rows:0
11:52:22.732 (732483770)|CUMULATIVE_LIMIT_USAGE
11:52:22.732 (732483770)|LIMIT_USAGE_FOR_NS|(default)|
  Number of SOQL queries: 0 out of 200
  Number of query rows: 0 out of 50000
  Number of SOSL queries: 0 out of 20
  Number of DML statements: 0 out of 150
  Number of DML rows: 0 out of 10000
  Maximum CPU time: 0 out of 60000
  Maximum heap size: 0 out of 12000000
  Number of callouts: 0 out of 0
  Number of Email Invocations: 0 out of 10
  Number of future calls: 0 out of 0
  Number of queueable jobs added to the queue: 0 out of 1
  Number of Mobile Apex push calls: 0 out of 10

11:52:22.732 (732483770)|LIMIT_USAGE_FOR_NS|Centify|
  Number of SOQL queries: 0 out of 200
  Number of query rows: 0 out of 50000
  Number of SOSL queries: 0 out of 20
  Number of DML statements: 0 out of 150
  Number of DML rows: 0 out of 10000
  Maximum CPU time: 0 out of 60000
  Maximum heap size: 0 out of 12000000
  Number of callouts: 0 out of 0
  Number of Email Invocations: 0 out of 10
  Number of future calls: 0 out of 0
  Number of queueable jobs added to the queue: 0 out of 1
  Number of Mobile Apex push calls: 0 out of 10

11:52:22.732 (732483770)|CUMULATIVE_LIMIT_USAGE_END

