36.0 APEX_CODE,FINEST;APEX_PROFILING,INFO;CALLOUT,INFO;DB,INFO;NBA,INFO;SYSTEM,DEBUG;VALIDATION,INFO;VISUALFORCE,INFO;WAVE,INFO;WORKFLOW,INFO
11:39:33.0 (123877)|USER_INFO|[EXTERNAL]|00590000000Vmmq|ben@bjbglobal.com.au|Australian Eastern Standard Time|GMT+10:00
11:39:33.0 (173515)|EXECUTION_STARTED
11:39:33.0 (179912)|CODE_UNIT_STARTED|[EXTERNAL]|TRIGGERS
11:39:33.0 (223149)|CODE_UNIT_STARTED|[EXTERNAL]|01q6F000001IGJa|LinkCaseCallstoContact on Task trigger event BeforeInsert|__sfdc_trigger/LinkCaseCallstoContact
11:39:33.0 (269022)|HEAP_ALLOCATE|[EXTERNAL]|Bytes:8
11:39:33.0 (700505)|HEAP_ALLOCATE|[72]|Bytes:3
11:39:33.0 (741993)|HEAP_ALLOCATE|[77]|Bytes:152
11:39:33.0 (762762)|HEAP_ALLOCATE|[342]|Bytes:408
11:39:33.0 (785807)|HEAP_ALLOCATE|[355]|Bytes:408
11:39:33.0 (804990)|HEAP_ALLOCATE|[467]|Bytes:48
11:39:33.0 (845630)|HEAP_ALLOCATE|[139]|Bytes:6
11:39:33.0 (882027)|HEAP_ALLOCATE|[EXTERNAL]|Bytes:6
11:39:33.0 (892545)|HEAP_ALLOCATE|[EXTERNAL]|Bytes:4
11:39:33.0 (900174)|VARIABLE_SCOPE_BEGIN|[1]|this|LinkCaseCallstoContact|true|false
11:39:33.0 (948443)|VARIABLE_ASSIGNMENT|[1]|this|{}|0x68e4c560
11:39:33.0 (1005150)|HEAP_ALLOCATE|[EXTERNAL]|Bytes:4
11:39:33.0 (1016386)|VARIABLE_SCOPE_BEGIN|[1]|this|LinkCaseCallstoContact|true|false
11:39:33.0 (1034509)|VARIABLE_ASSIGNMENT|[1]|this|{}|0x68e4c560
11:39:33.0 (1045367)|STATEMENT_EXECUTE|[1]
11:39:33.0 (1079656)|HEAP_ALLOCATE|[50]|Bytes:5
11:39:33.0 (1106734)|HEAP_ALLOCATE|[56]|Bytes:5
11:39:33.0 (1118098)|HEAP_ALLOCATE|[64]|Bytes:7
11:39:33.0 (1496806)|HEAP_ALLOCATE|[2]|Bytes:5
11:39:33.0 (1547903)|HEAP_ALLOCATE|[2]|Bytes:4
11:39:33.0 (1564745)|VARIABLE_SCOPE_BEGIN|[2]|tsk|Task|true|false
11:39:33.0 (50040490)|VARIABLE_ASSIGNMENT|[2]|tsk|{"CallType":"Outbound","IsHighPriority":false,"IsClosed":false,"NVMStatsSF__NVM_Agent__c":"22","Is_Mobile_Number__c":false,"OwnerId":"00590000002pnbVAAQ","IsToday__c":false,"IsReminderSet":false,"Status":"Completed","IsDeleted":false,"WhoId":"0039000000zzQFPAA2","NVMContactWorld__CW_Call_Start_Time__c":"2018-10-23T01:39:33.000Z","ActivityDate":"2018-10-23T00:00:00.000Z","Priority":"Normal","IsVisibleInSelfService":false,"NVMContactWorld__Was_Call_Recorded__c":false,"CurrencyIsoCode":"AUD","IsRecurrence":false,"Subject":"Outbound call to +61 (9 more) ...","IsArchived":false,"CallObject":"01669e93-b753-eea4-d (16 more) ...","NVMContactWorld__Customer_Number__c":"+61738480655","NVMContactWorld__ContactWorld_Number__c":"61731530806","Day_of_the_Week__c":"Tuesday","Call_Duration_min__c":0.00,"Call_Monitored__c":false}|0x34daa37a
11:39:33.0 (50069336)|STATEMENT_EXECUTE|[2]
11:39:33.0 (50098964)|STATEMENT_EXECUTE|[4]
11:39:33.0 (50148804)|HEAP_ALLOCATE|[2]|Bytes:5
11:39:33.0 (50176072)|VARIABLE_ASSIGNMENT|[2]|tsk|null|
11:39:33.50 (50192507)|CUMULATIVE_LIMIT_USAGE
11:39:33.50 (50192507)|LIMIT_USAGE_FOR_NS|(default)|
  Number of SOQL queries: 0 out of 100
  Number of query rows: 0 out of 50000
  Number of SOSL queries: 0 out of 20
  Number of DML statements: 0 out of 150
  Number of DML rows: 0 out of 10000
  Maximum CPU time: 0 out of 10000
  Maximum heap size: 0 out of 6000000
  Number of callouts: 0 out of 100
  Number of Email Invocations: 0 out of 10
  Number of future calls: 0 out of 50
  Number of queueable jobs added to the queue: 0 out of 50
  Number of Mobile Apex push calls: 0 out of 10

11:39:33.50 (50192507)|CUMULATIVE_LIMIT_USAGE_END

11:39:33.0 (51151586)|CODE_UNIT_FINISHED|LinkCaseCallstoContact on Task trigger event BeforeInsert|__sfdc_trigger/LinkCaseCallstoContact
11:39:33.0 (53038773)|CODE_UNIT_STARTED|[EXTERNAL]|01q6F000001IKsI|TaskTrigger on Task trigger event BeforeInsert|__sfdc_trigger/TaskTrigger
11:39:33.0 (53082624)|HEAP_ALLOCATE|[EXTERNAL]|Bytes:8
11:39:33.0 (53135869)|HEAP_ALLOCATE|[EXTERNAL]|Bytes:4
11:39:33.0 (53144818)|VARIABLE_SCOPE_BEGIN|[5]|this|TaskTrigger|true|false
11:39:33.0 (53173437)|VARIABLE_ASSIGNMENT|[5]|this|{}|0x30fdc398
11:39:33.0 (53214361)|HEAP_ALLOCATE|[EXTERNAL]|Bytes:4
11:39:33.0 (53222204)|VARIABLE_SCOPE_BEGIN|[5]|this|TaskTrigger|true|false
11:39:33.0 (53234523)|VARIABLE_ASSIGNMENT|[5]|this|{}|0x30fdc398
11:39:33.0 (53240758)|STATEMENT_EXECUTE|[5]
11:39:33.0 (53262325)|STATEMENT_EXECUTE|[6]
11:39:33.0 (53263926)|STATEMENT_EXECUTE|[7]
11:39:33.0 (53387086)|VARIABLE_SCOPE_BEGIN|[2]|TaskHelper.TASK_STATUS|String|false|true
11:39:33.0 (53395855)|VARIABLE_SCOPE_BEGIN|[3]|TaskHelper.TASK_SUBJECT|String|false|true
11:39:33.0 (53401855)|VARIABLE_SCOPE_BEGIN|[4]|TaskHelper.TASK_TYPE|String|false|true
11:39:33.0 (53446605)|HEAP_ALLOCATE|[7]|Bytes:4
11:39:33.0 (53454765)|HEAP_ALLOCATE|[7]|Bytes:2
11:39:33.0 (53468482)|METHOD_ENTRY|[1]|01p6F000009rWtF|TaskHelper.TaskHelper()
11:39:33.0 (53474233)|STATEMENT_EXECUTE|[1]
11:39:33.0 (53477114)|STATEMENT_EXECUTE|[1]
11:39:33.0 (53478750)|STATEMENT_EXECUTE|[2]
11:39:33.0 (53486673)|HEAP_ALLOCATE|[2]|Bytes:9
11:39:33.0 (53502757)|VARIABLE_ASSIGNMENT|[2]|TaskHelper.TASK_STATUS|"Completed"
11:39:33.0 (53507948)|STATEMENT_EXECUTE|[3]
11:39:33.0 (53513494)|HEAP_ALLOCATE|[3]|Bytes:16
11:39:33.0 (53521582)|VARIABLE_ASSIGNMENT|[3]|TaskHelper.TASK_SUBJECT|"Outbound call to"
11:39:33.0 (53525812)|STATEMENT_EXECUTE|[4]
11:39:33.0 (53530393)|HEAP_ALLOCATE|[4]|Bytes:8
11:39:33.0 (53537281)|VARIABLE_ASSIGNMENT|[4]|TaskHelper.TASK_TYPE|"Outbound"
11:39:33.0 (53545872)|METHOD_EXIT|[1]|TaskHelper
11:39:33.0 (53552437)|HEAP_ALLOCATE|[7]|Bytes:4
11:39:33.0 (53565155)|CONSTRUCTOR_ENTRY|[7]|01p6F000009rWtF|<init>()|TaskHelper
11:39:33.0 (53586209)|VARIABLE_SCOPE_BEGIN|[1]|this|TaskHelper|true|false
11:39:33.0 (53602514)|VARIABLE_ASSIGNMENT|[1]|this|{}|0x6c2b69c
11:39:33.0 (53612409)|HEAP_ALLOCATE|[EXTERNAL]|Bytes:6
11:39:33.0 (53644780)|STATEMENT_EXECUTE|[1]
11:39:33.0 (53649369)|CONSTRUCTOR_EXIT|[7]|01p6F000009rWtF|<init>()|TaskHelper
11:39:33.0 (53657253)|VARIABLE_SCOPE_BEGIN|[7]|helper|TaskHelper|true|false
11:39:33.0 (53670499)|VARIABLE_ASSIGNMENT|[7]|helper|{}|0x6c2b69c
11:39:33.0 (53675501)|STATEMENT_EXECUTE|[8]
11:39:33.0 (53724514)|METHOD_ENTRY|[8]|01p6F000009rWtF|TaskHelper.setupContactToReurnCallTasks(List<Task>)
11:39:33.0 (53739687)|VARIABLE_SCOPE_BEGIN|[11]|this|TaskHelper|true|false
11:39:33.0 (53751669)|VARIABLE_ASSIGNMENT|[11]|this|{}|0x6c2b69c
11:39:33.0 (53758612)|VARIABLE_SCOPE_BEGIN|[11]|newTasks|List<Task>|true|false
11:39:33.0 (54987380)|VARIABLE_ASSIGNMENT|[11]|newTasks|[{"CallType":"Outbound","IsHighPriority":false,"IsClosed":false,"NVMStatsSF__NVM_Agent__c":"22","Is_Mobile_Number__c":false,"OwnerId":"00590000002pnbVAAQ","IsToday__c":false,"IsReminderSet":false,"Status":"Completed","IsDeleted":false,"WhoId":"0039000000zzQFPAA2","NVMContactWorld__CW_Call_Start_Time__c":"2018-10-23T01:39:33.000Z","ActivityDate":"2018-10-23T00:00:00.000Z","Priority":"Normal","IsVisibleInSelfService":false,"NVMContactWorld__Was_Call_Recorded__c":false,"CurrencyIsoCode":"AUD","IsRecurrence":false,"Subject":"Outbound call to +61 (9 more) ...","IsArchived":false,"CallObject":"01669e93-b753-eea4-d (16 more) ...","NVMContactWorld__Customer_Number__c":"+61738480655","NVMContactWorld__ContactWorld_Number__c":"61731530806","Day_of_the_Week__c":"Tuesday","Call_Duration_min__c":0.00,"Call_Monitored__c":false}]|0x30d13a52
11:39:33.0 (55018652)|STATEMENT_EXECUTE|[11]
11:39:33.0 (55021687)|STATEMENT_EXECUTE|[12]
11:39:33.0 (55048261)|HEAP_ALLOCATE|[12]|Bytes:4
11:39:33.0 (55084099)|VARIABLE_SCOPE_BEGIN|[12]|voicemailIds|List<Id>|true|false
11:39:33.0 (55112926)|HEAP_ALLOCATE|[EXTERNAL]|Bytes:4
11:39:33.0 (55123378)|VARIABLE_ASSIGNMENT|[12]|voicemailIds|[]|0x51718e41
11:39:33.0 (55129015)|STATEMENT_EXECUTE|[13]
11:39:33.0 (55147054)|HEAP_ALLOCATE|[13]|Bytes:4
11:39:33.0 (55159939)|VARIABLE_SCOPE_BEGIN|[13]|contactIds|Map<Id,Id>|true|false
11:39:33.0 (55176745)|VARIABLE_ASSIGNMENT|[13]|contactIds|{}|0xf4e66f4
11:39:33.0 (55181954)|STATEMENT_EXECUTE|[14]
11:39:33.0 (55192697)|HEAP_ALLOCATE|[14]|Bytes:4
11:39:33.0 (55213147)|VARIABLE_SCOPE_BEGIN|[14]|results|List<Task>|true|false
11:39:33.0 (55221942)|HEAP_ALLOCATE|[EXTERNAL]|Bytes:4
11:39:33.0 (55229075)|VARIABLE_ASSIGNMENT|[14]|results|[]|0x1cab57d7
11:39:33.0 (55280356)|HEAP_ALLOCATE|[16]|Bytes:5
11:39:33.0 (55299913)|HEAP_ALLOCATE|[16]|Bytes:4
11:39:33.0 (55310384)|VARIABLE_SCOPE_BEGIN|[16]|item|Task|true|false
11:39:33.0 (56053848)|VARIABLE_ASSIGNMENT|[16]|item|{"CallType":"Outbound","IsHighPriority":false,"IsClosed":false,"NVMStatsSF__NVM_Agent__c":"22","Is_Mobile_Number__c":false,"OwnerId":"00590000002pnbVAAQ","IsToday__c":false,"IsReminderSet":false,"Status":"Completed","IsDeleted":false,"WhoId":"0039000000zzQFPAA2","NVMContactWorld__CW_Call_Start_Time__c":"2018-10-23T01:39:33.000Z","ActivityDate":"2018-10-23T00:00:00.000Z","Priority":"Normal","IsVisibleInSelfService":false,"NVMContactWorld__Was_Call_Recorded__c":false,"CurrencyIsoCode":"AUD","IsRecurrence":false,"Subject":"Outbound call to +61 (9 more) ...","IsArchived":false,"CallObject":"01669e93-b753-eea4-d (16 more) ...","NVMContactWorld__Customer_Number__c":"+61738480655","NVMContactWorld__ContactWorld_Number__c":"61731530806","Day_of_the_Week__c":"Tuesday","Call_Duration_min__c":0.00,"Call_Monitored__c":false}|0x34daa37a
11:39:33.0 (56072712)|STATEMENT_EXECUTE|[16]
11:39:33.0 (56222566)|STATEMENT_EXECUTE|[17]
11:39:33.0 (56242944)|HEAP_ALLOCATE|[16]|Bytes:5
11:39:33.0 (56259580)|VARIABLE_ASSIGNMENT|[16]|item|null|
11:39:33.0 (56266283)|STATEMENT_EXECUTE|[28]
11:39:33.0 (56272376)|HEAP_ALLOCATE|[28]|Bytes:72
11:39:33.0 (56291740)|HEAP_ALLOCATE|[28]|Bytes:4
11:39:33.0 (56301875)|HEAP_ALLOCATE|[28]|Bytes:7
11:39:33.0 (57106083)|SOQL_EXECUTE_BEGIN|[28]|Aggregations:0|SELECT Id, Account__c, Contact__c FROM Voicemail__c WHERE id IN :tmpVar1
11:39:33.0 (58418972)|SOQL_EXECUTE_END|[28]|Rows:0
11:39:33.0 (58444097)|HEAP_ALLOCATE|[28]|Bytes:4
11:39:33.0 (58456003)|HEAP_ALLOCATE|[28]|Bytes:0
11:39:33.0 (58514608)|HEAP_ALLOCATE|[28]|Bytes:4
11:39:33.0 (58529353)|VARIABLE_SCOPE_BEGIN|[28]|voicemails|List<Voicemail__c>|true|false
11:39:33.0 (58546932)|VARIABLE_ASSIGNMENT|[28]|voicemails|[]|0x45a27a60
11:39:33.0 (58727386)|HEAP_ALLOCATE|[29]|Bytes:5
11:39:33.0 (58746713)|VARIABLE_ASSIGNMENT|[29]|item|null|
11:39:33.0 (58753073)|STATEMENT_EXECUTE|[29]
11:39:33.0 (58787433)|HEAP_ALLOCATE|[34]|Bytes:5
11:39:33.0 (58801501)|HEAP_ALLOCATE|[34]|Bytes:4
11:39:33.0 (58810438)|VARIABLE_SCOPE_BEGIN|[34]|item|Task|true|false
11:39:33.0 (59699455)|VARIABLE_ASSIGNMENT|[34]|item|{"CallType":"Outbound","IsHighPriority":false,"IsClosed":false,"NVMStatsSF__NVM_Agent__c":"22","Is_Mobile_Number__c":false,"OwnerId":"00590000002pnbVAAQ","IsToday__c":false,"IsReminderSet":false,"Status":"Completed","IsDeleted":false,"WhoId":"0039000000zzQFPAA2","NVMContactWorld__CW_Call_Start_Time__c":"2018-10-23T01:39:33.000Z","ActivityDate":"2018-10-23T00:00:00.000Z","Priority":"Normal","IsVisibleInSelfService":false,"NVMContactWorld__Was_Call_Recorded__c":false,"CurrencyIsoCode":"AUD","IsRecurrence":false,"Subject":"Outbound call to +61 (9 more) ...","IsArchived":false,"CallObject":"01669e93-b753-eea4-d (16 more) ...","NVMContactWorld__Customer_Number__c":"+61738480655","NVMContactWorld__ContactWorld_Number__c":"61731530806","Day_of_the_Week__c":"Tuesday","Call_Duration_min__c":0.00,"Call_Monitored__c":false}|0x34daa37a
11:39:33.0 (59719276)|STATEMENT_EXECUTE|[34]
11:39:33.0 (59721396)|STATEMENT_EXECUTE|[35]
11:39:33.0 (60561432)|VARIABLE_ASSIGNMENT|[35]|this.WhoId|null|0x34daa37a
11:39:33.0 (60587549)|HEAP_ALLOCATE|[34]|Bytes:5
11:39:33.0 (60604288)|VARIABLE_ASSIGNMENT|[34]|item|null|
11:39:33.0 (60618065)|METHOD_EXIT|[8]|01p6F000009rWtF|TaskHelper.setupContactToReurnCallTasks(List<Task>)
11:39:33.60 (60629583)|CUMULATIVE_LIMIT_USAGE
11:39:33.60 (60629583)|LIMIT_USAGE_FOR_NS|(default)|
  Number of SOQL queries: 1 out of 100
  Number of query rows: 0 out of 50000
  Number of SOSL queries: 0 out of 20
  Number of DML statements: 0 out of 150
  Number of DML rows: 0 out of 10000
  Maximum CPU time: 0 out of 10000
  Maximum heap size: 0 out of 6000000
  Number of callouts: 0 out of 100
  Number of Email Invocations: 0 out of 10
  Number of future calls: 0 out of 50
  Number of queueable jobs added to the queue: 0 out of 50
  Number of Mobile Apex push calls: 0 out of 10

11:39:33.60 (60629583)|CUMULATIVE_LIMIT_USAGE_END

11:39:33.0 (61687990)|CODE_UNIT_FINISHED|TaskTrigger on Task trigger event BeforeInsert|__sfdc_trigger/TaskTrigger
11:39:33.0 (65336260)|CODE_UNIT_STARTED|[EXTERNAL]|Validation:Task:new
11:39:33.0 (65353297)|VALIDATION_RULE|03d6F000000qFaO|Finish_all_call_monitor_field
11:39:33.0 (65710252)|VALIDATION_FORMULA|AND(!ISBLANK(Monitored_By__c),
    OR(ISBLANK( TEXT(CM_advised_what_will_happen_next__c)),
       ISBLANK( TEXT(Allow_customer_to_present_concerns__c) ),
       ISBLANK( TEXT(Communication_is_clear_positive_confiden__c) ),
       ISBLANK( TEXT(Demonstrate_active_listening__c )),
       ISBLANK( TEXT(Gave_correct_answers_and_infomations__c) ),
       ISBLANK( TEXT(Mirrors_clients_talking_behaviour__c) ) ))|CM_advised_what_will_happen_next__c=null , Demonstrate_active_listening__c=null , Communication_is_clear_positive_confiden__c=null , Allow_customer_to_present_concerns__c=null , Gave_correct_answers_and_infomations__c=null , Mirrors_clients_talking_behaviour__c=null , Monitored_By__c=null
11:39:33.0 (65725289)|VALIDATION_PASS
11:39:33.0 (65727910)|VALIDATION_RULE|03d900000009JbB|Interac_Quality_Must_Be_Between_1_and_10
11:39:33.0 (65804180)|VALIDATION_FORMULA|NVMContactWorld__InteractionQuality__c < 1  &#124;&#124;  NVMContactWorld__InteractionQuality__c > 10|NVMContactWorld__InteractionQuality__c=null
11:39:33.0 (65813269)|VALIDATION_PASS
11:39:33.0 (66022200)|CODE_UNIT_FINISHED|Validation:Task:new
11:39:33.0 (104001848)|CODE_UNIT_STARTED|[EXTERNAL]|Workflow:Task
11:39:33.0 (109465429)|WF_RULE_EVAL_BEGIN|Workflow
11:39:33.0 (109496265)|WF_CRITERIA_BEGIN|[Task:  00T6F0000525hQZ]|Update Call Monitor Details|01Q6F0000002Tdt|ON_CREATE_OR_TRIGGERING_UPDATE|0
11:39:33.0 (109544030)|WF_RULE_FILTER|[Task : Monitored By not equal to ]
11:39:33.0 (109560966)|WF_RULE_EVAL_VALUE|
11:39:33.0 (109564918)|WF_CRITERIA_END|false
11:39:33.0 (109573963)|WF_CRITERIA_BEGIN|[Task:  00T6F0000525hQZ]|Update_Callback_Request_Due_Date3016F0000005i0e|01Q6F0000019gyq|ON_CREATE_ONLY|0
11:39:33.0 (109967334)|WF_FORMULA|Formula:ENCODED:[treatNullAsNull]true|Values:
11:39:33.0 (109974446)|WF_CRITERIA_END|true
11:39:33.0 (110526152)|WF_CRITERIA_BEGIN|[Task:  00T6F0000525hQZ]|Call Back Request From LinX|01Q6F000001EY2L|ON_CREATE_OR_TRIGGERING_UPDATE|0
11:39:33.0 (110569006)|WF_RULE_FILTER|[Task : Subject equals Callback Request]
11:39:33.0 (110585202)|WF_RULE_EVAL_VALUE|Outbound call to +61738480655
11:39:33.0 (110589467)|WF_CRITERIA_END|false
11:39:33.0 (110596548)|WF_CRITERIA_BEGIN|[Task:  00T6F0000525hQZ]|Call_Monitor3016F00000054R3|01Q6F000000oOu7|ON_ALL_CHANGES|0
11:39:33.0 (110634379)|WF_FORMULA|Formula:ENCODED:[treatNullAsNull]true|Values:
11:39:33.0 (110640827)|WF_CRITERIA_END|true
11:39:33.0 (110654435)|WF_SPOOL_ACTION_BEGIN|Workflow
11:39:33.0 (110677297)|WF_ACTION| Flow Trigger: 2;
11:39:33.0 (110681487)|WF_RULE_EVAL_END
11:39:33.0 (110732942)|WF_FLOW_ACTION_BEGIN|09L6F000000PWtL
11:39:33.112 (112685204)|FLOW_CREATE_INTERVIEW_BEGIN|00D90000000IJSa|3006F00000091km|3016F0000005i0e
11:39:33.112 (113356222)|FLOW_CREATE_INTERVIEW_END|217bac82ed5cf414d86258d62e1669e92a881-74f5|Update Callback Request Due Date
11:39:33.113 (113759579)|FLOW_START_INTERVIEWS_BEGIN|1
11:39:33.113 (113781358)|FLOW_START_INTERVIEW_BEGIN|217bac82ed5cf414d86258d62e1669e92a881-74f5|Update Callback Request Due Date
11:39:33.113 (115982083)|FLOW_START_INTERVIEW_END|217bac82ed5cf414d86258d62e1669e92a881-74f5|Update Callback Request Due Date
11:39:33.113 (116004083)|FLOW_START_INTERVIEWS_END|1
11:39:33.0 (117177940)|WF_FLOW_ACTION_END|09L6F000000PWtL
11:39:33.0 (117205732)|WF_FLOW_ACTION_BEGIN|09L6F000000PGTV
11:39:33.118 (118664977)|FLOW_CREATE_INTERVIEW_BEGIN|00D90000000IJSa|3006F0000008usA|3016F00000054R3
11:39:33.118 (119394712)|FLOW_CREATE_INTERVIEW_END|227bac82ed5cf414d86258d62e1669e92a881-74f4|Call Monitoring
11:39:33.119 (119762050)|FLOW_START_INTERVIEWS_BEGIN|1
11:39:33.119 (119781341)|FLOW_START_INTERVIEW_BEGIN|227bac82ed5cf414d86258d62e1669e92a881-74f4|Call Monitoring
11:39:33.119 (121797701)|FLOW_START_INTERVIEW_END|227bac82ed5cf414d86258d62e1669e92a881-74f4|Call Monitoring
11:39:33.119 (121816425)|FLOW_START_INTERVIEWS_END|1
11:39:33.0 (122429107)|WF_FLOW_ACTION_END|09L6F000000PGTV
11:39:33.0 (122534973)|WF_ACTIONS_END| Flow Trigger: 2;
11:39:33.0 (122543869)|CODE_UNIT_FINISHED|Workflow:Task
11:39:33.0 (143990282)|CODE_UNIT_FINISHED|TRIGGERS
11:39:33.0 (144005182)|EXECUTION_FINISHED
