37.0 APEX_CODE,FINEST;APEX_PROFILING,INFO;CALLOUT,INFO;DB,INFO;NBA,INFO;SYSTEM,DEBUG;VALIDATION,INFO;VISUALFORCE,INFO;WAVE,INFO;WORKFLOW,INFO
17:26:09.77 (77462223)|ENTERING_MANAGED_PKG|Centify
17:26:09.77 (78983829)|ENTERING_MANAGED_PKG|Centify
17:26:09.77 (79030729)|ENTERING_MANAGED_PKG|Centify
17:26:09.77 (79859123)|ENTERING_MANAGED_PKG|Centify
17:26:09.77 (79926435)|ENTERING_MANAGED_PKG|Centify
17:26:09.77 (80889438)|ENTERING_MANAGED_PKG|Centify
17:26:09.77 (81210353)|ENTERING_MANAGED_PKG|Centify
17:26:09.77 (81259592)|ENTERING_MANAGED_PKG|Centify
17:26:09.77 (81362332)|ENTERING_MANAGED_PKG|Centify
17:26:09.77 (81444555)|ENTERING_MANAGED_PKG|Centify
17:26:09.77 (81506542)|ENTERING_MANAGED_PKG|Centify
17:26:09.77 (81544749)|ENTERING_MANAGED_PKG|Centify
17:26:09.77 (81576138)|ENTERING_MANAGED_PKG|Centify
17:26:09.77 (81813319)|ENTERING_MANAGED_PKG|Centify
17:26:09.77 (133680565)|ENTERING_MANAGED_PKG|Centify
17:26:09.77 (133759358)|ENTERING_MANAGED_PKG|Centify
17:26:09.77 (133889989)|ENTERING_MANAGED_PKG|Centify
17:26:09.77 (133946339)|ENTERING_MANAGED_PKG|Centify
17:26:09.77 (388826609)|ENTERING_MANAGED_PKG|Centify
17:26:09.77 (443223408)|ENTERING_MANAGED_PKG|Centify
17:26:09.77 (459521809)|ENTERING_MANAGED_PKG|Centify
17:26:09.77 (459574126)|ENTERING_MANAGED_PKG|Centify
17:26:09.77 (459675800)|ENTERING_MANAGED_PKG|Centify
17:26:09.77 (459715195)|ENTERING_MANAGED_PKG|Centify
17:26:09.77 (459785473)|ENTERING_MANAGED_PKG|Centify
17:26:09.77 (488806899)|ENTERING_MANAGED_PKG|Centify
17:26:09.77 (506137675)|ENTERING_MANAGED_PKG|Centify
17:26:09.77 (506186568)|ENTERING_MANAGED_PKG|Centify
17:26:09.77 (506264609)|ENTERING_MANAGED_PKG|Centify
17:26:09.77 (506299191)|ENTERING_MANAGED_PKG|Centify
17:26:09.77 (506364524)|ENTERING_MANAGED_PKG|Centify
17:26:09.77 (535480424)|ENTERING_MANAGED_PKG|Centify
17:26:09.77 (553071877)|ENTERING_MANAGED_PKG|Centify
17:26:09.77 (553121705)|ENTERING_MANAGED_PKG|Centify
17:26:09.77 (553198584)|ENTERING_MANAGED_PKG|Centify
17:26:09.77 (553232488)|ENTERING_MANAGED_PKG|Centify
17:26:09.77 (553298864)|ENTERING_MANAGED_PKG|Centify
17:26:09.77 (582510807)|ENTERING_MANAGED_PKG|Centify
17:26:09.77 (600871799)|ENTERING_MANAGED_PKG|Centify
17:26:09.77 (600930888)|ENTERING_MANAGED_PKG|Centify
17:26:09.77 (601027075)|ENTERING_MANAGED_PKG|Centify
17:26:09.77 (601068613)|ENTERING_MANAGED_PKG|Centify
17:26:09.77 (601145888)|ENTERING_MANAGED_PKG|Centify
17:26:09.77 (635448543)|ENTERING_MANAGED_PKG|Centify
17:26:09.77 (655138024)|ENTERING_MANAGED_PKG|Centify
17:26:09.77 (655191895)|ENTERING_MANAGED_PKG|Centify
17:26:09.77 (655273693)|ENTERING_MANAGED_PKG|Centify
17:26:09.77 (655308598)|ENTERING_MANAGED_PKG|Centify
17:26:09.77 (655377252)|ENTERING_MANAGED_PKG|Centify
17:26:09.77 (691043015)|ENTERING_MANAGED_PKG|Centify
17:26:09.77 (710367638)|ENTERING_MANAGED_PKG|Centify
17:26:09.77 (710436079)|ENTERING_MANAGED_PKG|Centify
17:26:09.77 (710533498)|ENTERING_MANAGED_PKG|Centify
17:26:09.77 (710572522)|ENTERING_MANAGED_PKG|Centify
17:26:09.77 (710665475)|ENTERING_MANAGED_PKG|Centify
17:26:09.77 (743195728)|ENTERING_MANAGED_PKG|Centify
17:26:09.77 (761745519)|ENTERING_MANAGED_PKG|Centify
17:26:09.77 (761798347)|ENTERING_MANAGED_PKG|Centify
17:26:09.77 (761888512)|ENTERING_MANAGED_PKG|Centify
17:26:09.77 (761926791)|ENTERING_MANAGED_PKG|Centify
17:26:09.77 (762003339)|ENTERING_MANAGED_PKG|Centify
17:26:09.77 (793978623)|ENTERING_MANAGED_PKG|Centify
17:26:09.77 (812248354)|ENTERING_MANAGED_PKG|Centify
17:26:09.77 (812303420)|ENTERING_MANAGED_PKG|Centify
17:26:09.77 (812390458)|ENTERING_MANAGED_PKG|Centify
17:26:09.77 (812429647)|ENTERING_MANAGED_PKG|Centify
17:26:09.77 (812504204)|ENTERING_MANAGED_PKG|Centify
17:26:09.77 (844602314)|ENTERING_MANAGED_PKG|Centify
17:26:09.77 (863466702)|ENTERING_MANAGED_PKG|Centify
17:26:09.77 (863520756)|ENTERING_MANAGED_PKG|Centify
17:26:09.77 (863617104)|ENTERING_MANAGED_PKG|Centify
17:26:09.77 (863654508)|ENTERING_MANAGED_PKG|Centify
17:26:09.77 (863734243)|ENTERING_MANAGED_PKG|Centify
17:26:09.77 (898047505)|ENTERING_MANAGED_PKG|Centify
17:26:09.77 (898133013)|ENTERING_MANAGED_PKG|Centify
17:26:09.77 (898344960)|ENTERING_MANAGED_PKG|Centify
17:26:09.77 (898403115)|ENTERING_MANAGED_PKG|Centify
17:26:09.77 (898457971)|ENTERING_MANAGED_PKG|Centify
17:26:09.77 (899938172)|ENTERING_MANAGED_PKG|Centify
17:26:09.77 (900049567)|ENTERING_MANAGED_PKG|Centify
17:26:09.77 (902348996)|ENTERING_MANAGED_PKG|Centify
17:26:09.77 (902439281)|ENTERING_MANAGED_PKG|Centify
17:26:09.77 (902563486)|ENTERING_MANAGED_PKG|Centify
17:26:09.77 (903366797)|ENTERING_MANAGED_PKG|Centify
17:26:09.77 (904532001)|SOQL_EXECUTE_BEGIN|[16]|Aggregations:0|select id,lastmodifieddate,isdeleted,ownerid,status,whatid,activitydate,tasksubtype,isclosed,subject from Task where LastModifiedDate >2018-11-21T07:21:09Z AND LastModifiedDate < 2018-11-21T07:26:15Z AND (  Subject = 'Email' )  ORDER BY SystemModStamp DESC LIMIT 5000  ALL ROWS
17:26:09.77 (913882288)|SOQL_EXECUTE_END|[16]|Rows:0
17:26:09.937 (937086656)|CUMULATIVE_LIMIT_USAGE
17:26:09.937 (937086656)|LIMIT_USAGE_FOR_NS|(default)|
  Number of SOQL queries: 0 out of 200
  Number of query rows: 0 out of 50000
  Number of SOSL queries: 0 out of 20
  Number of DML statements: 0 out of 150
  Number of DML rows: 0 out of 10000
  Maximum CPU time: 0 out of 60000
  Maximum heap size: 0 out of 12000000
  Number of callouts: 0 out of 0
  Number of Email Invocations: 0 out of 10
  Number of future calls: 0 out of 0
  Number of queueable jobs added to the queue: 0 out of 1
  Number of Mobile Apex push calls: 0 out of 10

17:26:09.937 (937086656)|LIMIT_USAGE_FOR_NS|Centify|
  Number of SOQL queries: 0 out of 200
  Number of query rows: 0 out of 50000
  Number of SOSL queries: 0 out of 20
  Number of DML statements: 0 out of 150
  Number of DML rows: 0 out of 10000
  Maximum CPU time: 0 out of 60000
  Maximum heap size: 0 out of 12000000
  Number of callouts: 0 out of 0
  Number of Email Invocations: 0 out of 10
  Number of future calls: 0 out of 0
  Number of queueable jobs added to the queue: 0 out of 1
  Number of Mobile Apex push calls: 0 out of 10

17:26:09.937 (937086656)|CUMULATIVE_LIMIT_USAGE_END

