43.0 APEX_CODE,FINEST;APEX_PROFILING,INFO;CALLOUT,INFO;DB,INFO;NBA,INFO;SYSTEM,DEBUG;VALIDATION,INFO;VISUALFORCE,INFO;WAVE,INFO;WORKFLOW,INFO
18:30:52.0 (185841)|USER_INFO|[EXTERNAL]|00590000000Vmmq|ben@bjbglobal.com.au|Australian Eastern Standard Time|GMT+10:00
18:30:52.0 (248781)|EXECUTION_STARTED
18:30:52.0 (253789)|CODE_UNIT_STARTED|[EXTERNAL]|Workflow:01I90000000VDtL
18:30:52.0 (16084509)|WF_RULE_EVAL_BEGIN|Workflow
18:30:52.0 (16139638)|WF_CRITERIA_BEGIN|[Invoice: Hardwood Mills a0E6F00002ASmBk]|Automatic Tasks for Outstanding Invoices|01Q6F0000019daX|ON_CREATE_OR_TRIGGERING_UPDATE|0
18:30:52.0 (21009440)|WF_RULE_NOT_EVALUATED
18:30:52.0 (21027347)|WF_CRITERIA_BEGIN|[Invoice: Hardwood Mills a0E6F00002ASmBk]|Sign_Up_Invoice3016F0000009b9U|01Q6F0000002qx7|ON_ALL_CHANGES|0
18:30:52.0 (21123658)|WF_FORMULA|Formula:ENCODED:[treatNullAsNull]true|Values:
18:30:52.0 (21132535)|WF_CRITERIA_END|true
18:30:52.0 (22008651)|WF_SPOOL_ACTION_BEGIN|Workflow
18:30:52.0 (22049813)|WF_ACTION| Flow Trigger: 1;
18:30:52.0 (22061104)|WF_RULE_EVAL_END
18:30:52.0 (23147903)|WF_FLOW_ACTION_BEGIN|09L6F0000000MEf
18:30:52.26 (26020649)|FLOW_CREATE_INTERVIEW_BEGIN|00D90000000IJSa|3006F000000Pjga|3016F0000009b9U
18:30:52.26 (26751666)|FLOW_CREATE_INTERVIEW_END|61456de866fc40b8deb86fca9fc01661f300164-5744|Sign Up Invoice
18:30:52.27 (27278627)|FLOW_START_INTERVIEWS_BEGIN|1
18:30:52.27 (27304468)|FLOW_START_INTERVIEW_BEGIN|61456de866fc40b8deb86fca9fc01661f300164-5744|Sign Up Invoice
18:30:52.27 (31338773)|FLOW_START_INTERVIEW_END|61456de866fc40b8deb86fca9fc01661f300164-5744|Sign Up Invoice
18:30:52.27 (31376440)|FLOW_START_INTERVIEWS_END|1
18:30:52.0 (32130103)|WF_FLOW_ACTION_END|09L6F0000000MEf
18:30:52.0 (32162249)|WF_TIME_TRIGGERS_BEGIN
18:30:52.0 (33999638)|WF_ACTIONS_END| Flow Trigger: 1;
18:30:52.0 (34011296)|CODE_UNIT_FINISHED|Workflow:01I90000000VDtL
18:30:52.0 (34918836)|EXECUTION_FINISHED
