31.0 APEX_CODE,FINEST;APEX_PROFILING,INFO;CALLOUT,INFO;DB,INFO;NBA,INFO;SYSTEM,DEBUG;VALIDATION,INFO;VISUALFORCE,INFO;WAVE,INFO;WORKFLOW,INFO
11:42:12.0 (100304)|USER_INFO|[EXTERNAL]|00590000000Vmmq|ben@bjbglobal.com.au|Australian Eastern Standard Time|GMT+10:00
11:42:12.0 (134450)|EXECUTION_STARTED
11:42:12.0 (139029)|CODE_UNIT_STARTED|[EXTERNAL]|TRIGGERS
11:42:12.0 (170017)|CODE_UNIT_STARTED|[EXTERNAL]|01q6F000000DhRF|TaskBeforeUpdate on Task trigger event BeforeUpdate|__sfdc_trigger/TaskBeforeUpdate
11:42:12.0 (213916)|HEAP_ALLOCATE|[EXTERNAL]|Bytes:8
11:42:12.0 (270961)|HEAP_ALLOCATE|[EXTERNAL]|Bytes:8
11:42:12.0 (642013)|HEAP_ALLOCATE|[72]|Bytes:3
11:42:12.0 (703139)|HEAP_ALLOCATE|[77]|Bytes:152
11:42:12.0 (718349)|HEAP_ALLOCATE|[342]|Bytes:408
11:42:12.0 (731731)|HEAP_ALLOCATE|[355]|Bytes:408
11:42:12.0 (743588)|HEAP_ALLOCATE|[467]|Bytes:48
11:42:12.0 (771211)|HEAP_ALLOCATE|[139]|Bytes:6
11:42:12.0 (798508)|HEAP_ALLOCATE|[EXTERNAL]|Bytes:4
11:42:12.0 (826652)|VARIABLE_SCOPE_BEGIN|[10]|this|TaskBeforeUpdate|true|false
11:42:12.0 (1102204)|VARIABLE_ASSIGNMENT|[10]|this|{}|0x7dbf5ff7
11:42:12.0 (1181158)|HEAP_ALLOCATE|[EXTERNAL]|Bytes:4
11:42:12.0 (1199767)|VARIABLE_SCOPE_BEGIN|[10]|this|TaskBeforeUpdate|true|false
11:42:12.0 (1216384)|VARIABLE_ASSIGNMENT|[10]|this|{}|0x7dbf5ff7
11:42:12.0 (1225200)|STATEMENT_EXECUTE|[10]
11:42:12.1 (1230091)|CUMULATIVE_LIMIT_USAGE
11:42:12.1 (1230091)|LIMIT_USAGE_FOR_NS|(default)|
  Number of SOQL queries: 0 out of 100
  Number of query rows: 0 out of 50000
  Number of SOSL queries: 0 out of 20
  Number of DML statements: 0 out of 150
  Number of DML rows: 0 out of 10000
  Maximum CPU time: 0 out of 10000
  Maximum heap size: 0 out of 6000000
  Number of callouts: 0 out of 100
  Number of Email Invocations: 0 out of 10
  Number of future calls: 0 out of 50
  Number of queueable jobs added to the queue: 0 out of 50
  Number of Mobile Apex push calls: 0 out of 10

11:42:12.1 (1230091)|CUMULATIVE_LIMIT_USAGE_END

11:42:12.0 (2097987)|CODE_UNIT_FINISHED|TaskBeforeUpdate on Task trigger event BeforeUpdate|__sfdc_trigger/TaskBeforeUpdate
11:42:12.0 (5607958)|CODE_UNIT_STARTED|[EXTERNAL]|Validation:Task:00T6F000055TBhg
11:42:12.0 (5621247)|VALIDATION_RULE|03d6F000000qFaO|Finish_all_call_monitor_field
11:42:12.0 (6242255)|VALIDATION_FORMULA|AND(!ISBLANK(Monitored_By__c),
    OR(ISBLANK( TEXT(CM_advised_what_will_happen_next__c)),
       ISBLANK( TEXT(Allow_customer_to_present_concerns__c) ),
       ISBLANK( TEXT(Communication_is_clear_positive_confiden__c) ),
       ISBLANK( TEXT(Demonstrate_active_listening__c )),
       ISBLANK( TEXT(Gave_correct_answers_and_infomations__c) ),
       ISBLANK( TEXT(Mirrors_clients_talking_behaviour__c) ) ))|CM_advised_what_will_happen_next__c=null , Demonstrate_active_listening__c=null , Communication_is_clear_positive_confiden__c=null , Allow_customer_to_present_concerns__c=null , Gave_correct_answers_and_infomations__c=null , Mirrors_clients_talking_behaviour__c=null , Monitored_By__c=null
11:42:12.0 (6260563)|VALIDATION_PASS
11:42:12.0 (6263208)|VALIDATION_RULE|03d900000009JbB|Interac_Quality_Must_Be_Between_1_and_10
11:42:12.0 (6354328)|VALIDATION_FORMULA|NVMContactWorld__InteractionQuality__c < 1  &#124;&#124;  NVMContactWorld__InteractionQuality__c > 10|NVMContactWorld__InteractionQuality__c=null
11:42:12.0 (6367589)|VALIDATION_PASS
11:42:12.0 (6547210)|CODE_UNIT_FINISHED|Validation:Task:00T6F000055TBhg
11:42:12.0 (25092086)|CODE_UNIT_STARTED|[EXTERNAL]|Workflow:Task
11:42:12.0 (32747692)|WF_RULE_EVAL_BEGIN|Workflow
11:42:12.0 (32781997)|WF_CRITERIA_BEGIN|[Task:  00T6F000055TBhg]|Update Call Monitor Details|01Q6F0000002Tdt|ON_CREATE_OR_TRIGGERING_UPDATE|0
11:42:12.0 (35639432)|WF_RULE_FILTER|[Task : Monitored By not equal to ]
11:42:12.0 (35667143)|WF_RULE_EVAL_VALUE|
11:42:12.0 (35671605)|WF_CRITERIA_END|false
11:42:12.0 (35687245)|WF_CRITERIA_BEGIN|[Task:  00T6F000055TBhg]|Update_Callback_Request_Due_Date3016F0000005i0e|01Q6F0000019gyq|ON_CREATE_ONLY|0
11:42:12.0 (35699392)|WF_RULE_NOT_EVALUATED
11:42:12.0 (35704672)|WF_CRITERIA_BEGIN|[Task:  00T6F000055TBhg]|Call Back Request From LinX|01Q6F000001EY2L|ON_CREATE_OR_TRIGGERING_UPDATE|0
11:42:12.0 (35762433)|WF_RULE_FILTER|[Task : Subject equals Callback Request]
11:42:12.0 (35772436)|WF_RULE_EVAL_VALUE|Inbound call from anonymous
11:42:12.0 (35776814)|WF_CRITERIA_END|false
11:42:12.0 (35784532)|WF_CRITERIA_BEGIN|[Task:  00T6F000055TBhg]|Call_Monitor3016F00000054R3|01Q6F000000oOu7|ON_ALL_CHANGES|0
11:42:12.0 (35863012)|WF_FORMULA|Formula:ENCODED:[treatNullAsNull]true|Values:
11:42:12.0 (35870913)|WF_CRITERIA_END|true
11:42:12.0 (36614903)|WF_SPOOL_ACTION_BEGIN|Workflow
11:42:12.0 (36645645)|WF_ACTION| Flow Trigger: 1;
11:42:12.0 (36652138)|WF_RULE_EVAL_END
11:42:12.0 (37629312)|WF_FLOW_ACTION_BEGIN|09L6F000000PGTV
11:42:12.39 (39069605)|FLOW_CREATE_INTERVIEW_BEGIN|00D90000000IJSa|3006F0000008usA|3016F00000054R3
11:42:12.39 (40040946)|FLOW_CREATE_INTERVIEW_END|4349071480f3d09ea6b03207e539166e69e0c3-e8b0|Call Monitoring
11:42:12.40 (40469603)|FLOW_START_INTERVIEWS_BEGIN|1
11:42:12.40 (40691957)|FLOW_START_INTERVIEW_BEGIN|4349071480f3d09ea6b03207e539166e69e0c3-e8b0|Call Monitoring
11:42:12.40 (49950782)|FLOW_START_INTERVIEW_END|4349071480f3d09ea6b03207e539166e69e0c3-e8b0|Call Monitoring
11:42:12.40 (49984093)|FLOW_START_INTERVIEWS_END|1
11:42:12.0 (51037131)|WF_FLOW_ACTION_END|09L6F000000PGTV
11:42:12.0 (51176670)|WF_ACTIONS_END| Flow Trigger: 1;
11:42:12.0 (51188156)|CODE_UNIT_FINISHED|Workflow:Task
11:42:12.0 (60953444)|CODE_UNIT_FINISHED|TRIGGERS
11:42:12.0 (60969444)|EXECUTION_FINISHED
