37.0 APEX_CODE,FINEST;APEX_PROFILING,INFO;CALLOUT,INFO;DB,INFO;NBA,INFO;SYSTEM,DEBUG;VALIDATION,INFO;VISUALFORCE,INFO;WAVE,INFO;WORKFLOW,INFO
18:24:06.18 (18526025)|ENTERING_MANAGED_PKG|Centify
18:24:06.18 (19920446)|ENTERING_MANAGED_PKG|Centify
18:24:06.18 (19958776)|ENTERING_MANAGED_PKG|Centify
18:24:06.18 (20498319)|ENTERING_MANAGED_PKG|Centify
18:24:06.18 (20558694)|ENTERING_MANAGED_PKG|Centify
18:24:06.18 (21222040)|ENTERING_MANAGED_PKG|Centify
18:24:06.18 (21516736)|ENTERING_MANAGED_PKG|Centify
18:24:06.18 (21541621)|ENTERING_MANAGED_PKG|Centify
18:24:06.18 (21611196)|ENTERING_MANAGED_PKG|Centify
18:24:06.18 (21649051)|ENTERING_MANAGED_PKG|Centify
18:24:06.18 (21677337)|ENTERING_MANAGED_PKG|Centify
18:24:06.18 (21695735)|ENTERING_MANAGED_PKG|Centify
18:24:06.18 (21710279)|ENTERING_MANAGED_PKG|Centify
18:24:06.18 (21868139)|ENTERING_MANAGED_PKG|Centify
18:24:06.18 (89965043)|ENTERING_MANAGED_PKG|Centify
18:24:06.18 (90037971)|ENTERING_MANAGED_PKG|Centify
18:24:06.18 (90151500)|ENTERING_MANAGED_PKG|Centify
18:24:06.18 (90200255)|ENTERING_MANAGED_PKG|Centify
18:24:06.18 (254841993)|ENTERING_MANAGED_PKG|Centify
18:24:06.18 (280461401)|ENTERING_MANAGED_PKG|Centify
18:24:06.18 (291397726)|ENTERING_MANAGED_PKG|Centify
18:24:06.18 (291445118)|ENTERING_MANAGED_PKG|Centify
18:24:06.18 (291517311)|ENTERING_MANAGED_PKG|Centify
18:24:06.18 (291548605)|ENTERING_MANAGED_PKG|Centify
18:24:06.18 (291606326)|ENTERING_MANAGED_PKG|Centify
18:24:06.18 (309084209)|ENTERING_MANAGED_PKG|Centify
18:24:06.18 (322077031)|ENTERING_MANAGED_PKG|Centify
18:24:06.18 (322134817)|ENTERING_MANAGED_PKG|Centify
18:24:06.18 (322209492)|ENTERING_MANAGED_PKG|Centify
18:24:06.18 (322242330)|ENTERING_MANAGED_PKG|Centify
18:24:06.18 (322303540)|ENTERING_MANAGED_PKG|Centify
18:24:06.18 (342586417)|ENTERING_MANAGED_PKG|Centify
18:24:06.18 (359567343)|ENTERING_MANAGED_PKG|Centify
18:24:06.18 (359639520)|ENTERING_MANAGED_PKG|Centify
18:24:06.18 (359751668)|ENTERING_MANAGED_PKG|Centify
18:24:06.18 (359802331)|ENTERING_MANAGED_PKG|Centify
18:24:06.18 (359900842)|ENTERING_MANAGED_PKG|Centify
18:24:06.18 (380009821)|ENTERING_MANAGED_PKG|Centify
18:24:06.18 (393218497)|ENTERING_MANAGED_PKG|Centify
18:24:06.18 (393272739)|ENTERING_MANAGED_PKG|Centify
18:24:06.18 (393344717)|ENTERING_MANAGED_PKG|Centify
18:24:06.18 (393375351)|ENTERING_MANAGED_PKG|Centify
18:24:06.18 (393432859)|ENTERING_MANAGED_PKG|Centify
18:24:06.18 (411491906)|ENTERING_MANAGED_PKG|Centify
18:24:06.18 (425586793)|ENTERING_MANAGED_PKG|Centify
18:24:06.18 (425641498)|ENTERING_MANAGED_PKG|Centify
18:24:06.18 (425715716)|ENTERING_MANAGED_PKG|Centify
18:24:06.18 (425747099)|ENTERING_MANAGED_PKG|Centify
18:24:06.18 (425808865)|ENTERING_MANAGED_PKG|Centify
18:24:06.18 (445502235)|ENTERING_MANAGED_PKG|Centify
18:24:06.18 (459124946)|ENTERING_MANAGED_PKG|Centify
18:24:06.18 (459191003)|ENTERING_MANAGED_PKG|Centify
18:24:06.18 (459292991)|ENTERING_MANAGED_PKG|Centify
18:24:06.18 (459327234)|ENTERING_MANAGED_PKG|Centify
18:24:06.18 (459417681)|ENTERING_MANAGED_PKG|Centify
18:24:06.18 (479487147)|ENTERING_MANAGED_PKG|Centify
18:24:06.18 (493265903)|ENTERING_MANAGED_PKG|Centify
18:24:06.18 (493337698)|ENTERING_MANAGED_PKG|Centify
18:24:06.18 (493412585)|ENTERING_MANAGED_PKG|Centify
18:24:06.18 (493445534)|ENTERING_MANAGED_PKG|Centify
18:24:06.18 (493504165)|ENTERING_MANAGED_PKG|Centify
18:24:06.18 (512752667)|ENTERING_MANAGED_PKG|Centify
18:24:06.18 (526530744)|ENTERING_MANAGED_PKG|Centify
18:24:06.18 (526580488)|ENTERING_MANAGED_PKG|Centify
18:24:06.18 (526652876)|ENTERING_MANAGED_PKG|Centify
18:24:06.18 (526683839)|ENTERING_MANAGED_PKG|Centify
18:24:06.18 (526741919)|ENTERING_MANAGED_PKG|Centify
18:24:06.18 (546024098)|ENTERING_MANAGED_PKG|Centify
18:24:06.18 (559639826)|ENTERING_MANAGED_PKG|Centify
18:24:06.18 (559697127)|ENTERING_MANAGED_PKG|Centify
18:24:06.18 (559772888)|ENTERING_MANAGED_PKG|Centify
18:24:06.18 (559805627)|ENTERING_MANAGED_PKG|Centify
18:24:06.18 (559866119)|ENTERING_MANAGED_PKG|Centify
18:24:06.18 (578796212)|ENTERING_MANAGED_PKG|Centify
18:24:06.18 (592221740)|ENTERING_MANAGED_PKG|Centify
18:24:06.18 (592272688)|ENTERING_MANAGED_PKG|Centify
18:24:06.18 (592345295)|ENTERING_MANAGED_PKG|Centify
18:24:06.18 (592376786)|ENTERING_MANAGED_PKG|Centify
18:24:06.18 (592437967)|ENTERING_MANAGED_PKG|Centify
18:24:06.18 (609203260)|ENTERING_MANAGED_PKG|Centify
18:24:06.18 (664070958)|ENTERING_MANAGED_PKG|Centify
18:24:06.18 (664119287)|ENTERING_MANAGED_PKG|Centify
18:24:06.18 (664196044)|ENTERING_MANAGED_PKG|Centify
18:24:06.18 (664228528)|ENTERING_MANAGED_PKG|Centify
18:24:06.18 (664289593)|ENTERING_MANAGED_PKG|Centify
18:24:06.18 (681241382)|ENTERING_MANAGED_PKG|Centify
18:24:06.18 (693384073)|ENTERING_MANAGED_PKG|Centify
18:24:06.18 (693434701)|ENTERING_MANAGED_PKG|Centify
18:24:06.18 (693509158)|ENTERING_MANAGED_PKG|Centify
18:24:06.18 (693540730)|ENTERING_MANAGED_PKG|Centify
18:24:06.18 (693601293)|ENTERING_MANAGED_PKG|Centify
18:24:06.18 (711577693)|ENTERING_MANAGED_PKG|Centify
18:24:06.18 (711634788)|ENTERING_MANAGED_PKG|Centify
18:24:06.18 (711775107)|ENTERING_MANAGED_PKG|Centify
18:24:06.18 (711813231)|ENTERING_MANAGED_PKG|Centify
18:24:06.18 (711857496)|ENTERING_MANAGED_PKG|Centify
18:24:06.18 (712587516)|ENTERING_MANAGED_PKG|Centify
18:24:06.18 (712682915)|ENTERING_MANAGED_PKG|Centify
18:24:06.18 (732063417)|ENTERING_MANAGED_PKG|Centify
18:24:06.18 (732136630)|ENTERING_MANAGED_PKG|Centify
18:24:06.18 (732245634)|ENTERING_MANAGED_PKG|Centify
18:24:06.18 (732841102)|ENTERING_MANAGED_PKG|Centify
18:24:06.18 (733715754)|SOQL_EXECUTE_BEGIN|[16]|Aggregations:0|select id,lastmodifieddate,isdeleted,audit_completed_date__c,audit_booked_date__c,assign_to__c,name,ownerid,status__c,lastactivitydate,opp_type__c,spinify_is_target__c,spinify_is_auditedthismonth__c from SLXOpportunity__c where LastModifiedDate >2018-09-28T05:53:54Z AND LastModifiedDate < 2018-09-28T08:24:11Z AND (  Spinify_Is_Target__c =true OR  Spinify_Is_AuditedThisMonth__c =true)  ORDER BY SystemModStamp DESC LIMIT 5000  ALL ROWS
18:24:06.18 (738225744)|SOQL_EXECUTE_END|[16]|Rows:0
18:24:06.756 (756412651)|CUMULATIVE_LIMIT_USAGE
18:24:06.756 (756412651)|LIMIT_USAGE_FOR_NS|(default)|
  Number of SOQL queries: 0 out of 200
  Number of query rows: 0 out of 50000
  Number of SOSL queries: 0 out of 20
  Number of DML statements: 0 out of 150
  Number of DML rows: 0 out of 10000
  Maximum CPU time: 0 out of 60000
  Maximum heap size: 0 out of 12000000
  Number of callouts: 0 out of 0
  Number of Email Invocations: 0 out of 10
  Number of future calls: 0 out of 0
  Number of queueable jobs added to the queue: 0 out of 1
  Number of Mobile Apex push calls: 0 out of 10

18:24:06.756 (756412651)|LIMIT_USAGE_FOR_NS|Centify|
  Number of SOQL queries: 0 out of 200
  Number of query rows: 0 out of 50000
  Number of SOSL queries: 0 out of 20
  Number of DML statements: 0 out of 150
  Number of DML rows: 0 out of 10000
  Maximum CPU time: 0 out of 60000
  Maximum heap size: 0 out of 12000000
  Number of callouts: 0 out of 0
  Number of Email Invocations: 0 out of 10
  Number of future calls: 0 out of 0
  Number of queueable jobs added to the queue: 0 out of 1
  Number of Mobile Apex push calls: 0 out of 10

18:24:06.756 (756412651)|CUMULATIVE_LIMIT_USAGE_END

