37.0 APEX_CODE,FINEST;APEX_PROFILING,INFO;CALLOUT,INFO;DB,INFO;NBA,INFO;SYSTEM,DEBUG;VALIDATION,INFO;VISUALFORCE,INFO;WAVE,INFO;WORKFLOW,INFO
18:11:14.13 (13382839)|ENTERING_MANAGED_PKG|Centify
18:11:14.13 (14024044)|ENTERING_MANAGED_PKG|Centify
18:11:14.13 (14056045)|ENTERING_MANAGED_PKG|Centify
18:11:14.13 (14383254)|ENTERING_MANAGED_PKG|Centify
18:11:14.13 (14452642)|ENTERING_MANAGED_PKG|Centify
18:11:14.13 (14484620)|ENTERING_MANAGED_PKG|Centify
18:11:14.27 (27748322)|CUMULATIVE_LIMIT_USAGE
18:11:14.27 (27748322)|LIMIT_USAGE_FOR_NS|(default)|
  Number of SOQL queries: 0 out of 200
  Number of query rows: 0 out of 50000
  Number of SOSL queries: 0 out of 20
  Number of DML statements: 0 out of 150
  Number of DML rows: 0 out of 10000
  Maximum CPU time: 0 out of 60000
  Maximum heap size: 0 out of 12000000
  Number of callouts: 0 out of 0
  Number of Email Invocations: 0 out of 10
  Number of future calls: 0 out of 0
  Number of queueable jobs added to the queue: 0 out of 1
  Number of Mobile Apex push calls: 0 out of 10

18:11:14.27 (27748322)|LIMIT_USAGE_FOR_NS|Centify|
  Number of SOQL queries: 0 out of 200
  Number of query rows: 0 out of 50000
  Number of SOSL queries: 0 out of 20
  Number of DML statements: 0 out of 150
  Number of DML rows: 0 out of 10000
  Maximum CPU time: 0 out of 60000
  Maximum heap size: 0 out of 12000000
  Number of callouts: 0 out of 0
  Number of Email Invocations: 0 out of 10
  Number of future calls: 0 out of 0
  Number of queueable jobs added to the queue: 0 out of 1
  Number of Mobile Apex push calls: 0 out of 10

18:11:14.27 (27748322)|CUMULATIVE_LIMIT_USAGE_END

