37.0 APEX_CODE,FINEST;APEX_PROFILING,INFO;CALLOUT,INFO;DB,INFO;NBA,INFO;SYSTEM,DEBUG;VALIDATION,INFO;VISUALFORCE,INFO;WAVE,INFO;WORKFLOW,INFO
11:42:43.1 (1065000)|ENTERING_MANAGED_PKG|Centify
11:42:43.1 (4458927)|ENTERING_MANAGED_PKG|Centify
11:42:43.1 (4532986)|ENTERING_MANAGED_PKG|Centify
11:42:43.1 (7213925)|ENTERING_MANAGED_PKG|Centify
11:42:43.1 (7261622)|ENTERING_MANAGED_PKG|Centify
11:42:43.1 (7403393)|ENTERING_MANAGED_PKG|Centify
11:42:43.1 (9125275)|ENTERING_MANAGED_PKG|Centify
11:42:43.1 (9192303)|ENTERING_MANAGED_PKG|Centify
11:42:43.1 (9328866)|ENTERING_MANAGED_PKG|Centify
11:42:43.1 (9759464)|ENTERING_MANAGED_PKG|Centify
11:42:43.1 (9948688)|ENTERING_MANAGED_PKG|Centify
11:42:43.1 (10083046)|ENTERING_MANAGED_PKG|Centify
11:42:43.1 (10215733)|ENTERING_MANAGED_PKG|Centify
11:42:43.1 (10294729)|ENTERING_MANAGED_PKG|Centify
11:42:43.1 (10387520)|ENTERING_MANAGED_PKG|Centify
11:42:43.1 (10524980)|ENTERING_MANAGED_PKG|Centify
11:42:43.1 (10653260)|ENTERING_MANAGED_PKG|Centify
11:42:43.1 (10750924)|ENTERING_MANAGED_PKG|Centify
11:42:43.1 (10857370)|ENTERING_MANAGED_PKG|Centify
11:42:43.1 (10953932)|ENTERING_MANAGED_PKG|Centify
11:42:43.1 (11031444)|ENTERING_MANAGED_PKG|Centify
11:42:43.1 (11165618)|ENTERING_MANAGED_PKG|Centify
11:42:43.1 (11240853)|ENTERING_MANAGED_PKG|Centify
11:42:43.1 (11316455)|ENTERING_MANAGED_PKG|Centify
11:42:43.1 (11428910)|ENTERING_MANAGED_PKG|Centify
11:42:43.1 (11508824)|ENTERING_MANAGED_PKG|Centify
11:42:43.1 (11591000)|ENTERING_MANAGED_PKG|Centify
11:42:43.1 (11750451)|ENTERING_MANAGED_PKG|Centify
11:42:43.1 (11836753)|ENTERING_MANAGED_PKG|Centify
11:42:43.1 (11930862)|ENTERING_MANAGED_PKG|Centify
11:42:43.1 (12023616)|ENTERING_MANAGED_PKG|Centify
11:42:43.1 (12136102)|ENTERING_MANAGED_PKG|Centify
11:42:43.1 (12241742)|ENTERING_MANAGED_PKG|Centify
11:42:43.1 (12330155)|ENTERING_MANAGED_PKG|Centify
11:42:43.1 (12400913)|ENTERING_MANAGED_PKG|Centify
11:42:43.1 (12604605)|ENTERING_MANAGED_PKG|Centify
11:42:43.1 (15907462)|ENTERING_MANAGED_PKG|Centify
11:42:43.1 (15979895)|ENTERING_MANAGED_PKG|Centify
11:42:43.1 (16915743)|ENTERING_MANAGED_PKG|Centify
11:42:43.1 (16995586)|ENTERING_MANAGED_PKG|Centify
11:42:43.1 (17060053)|ENTERING_MANAGED_PKG|Centify
11:42:43.1 (18768757)|ENTERING_MANAGED_PKG|Centify
11:42:43.1 (18850134)|ENTERING_MANAGED_PKG|Centify
11:42:43.1 (22089469)|SOQL_EXECUTE_BEGIN|[366]|Aggregations:0|SELECT Id, Label, MasterLabel, DeveloperName, Endpoint__c, TimeOut__c FROM Endpoint_Setting__mdt LIMIT 50
11:42:43.1 (30132095)|SOQL_EXECUTE_END|[366]|Rows:24
11:42:43.1 (34687378)|ENTERING_MANAGED_PKG|Centify
11:42:43.1 (35635627)|ENTERING_MANAGED_PKG|Centify
11:42:43.1 (35713204)|ENTERING_MANAGED_PKG|Centify
11:42:43.1 (36449241)|ENTERING_MANAGED_PKG|Centify
11:42:43.1 (36514968)|ENTERING_MANAGED_PKG|Centify
11:42:43.1 (36591456)|ENTERING_MANAGED_PKG|Centify
11:42:43.1 (36635484)|ENTERING_MANAGED_PKG|Centify
11:42:43.1 (38522673)|ENTERING_MANAGED_PKG|Centify
11:42:43.1 (38619396)|ENTERING_MANAGED_PKG|Centify
11:42:43.1 (43127752)|ENTERING_MANAGED_PKG|Centify
11:42:43.1 (43206949)|ENTERING_MANAGED_PKG|Centify
11:42:43.1 (43275973)|ENTERING_MANAGED_PKG|Centify
11:42:43.1 (43333560)|ENTERING_MANAGED_PKG|Centify
11:42:43.1 (43429780)|ENTERING_MANAGED_PKG|Centify
11:42:43.1 (46157848)|ENTERING_MANAGED_PKG|Centify
11:42:43.1 (46285368)|ENTERING_MANAGED_PKG|Centify
11:42:43.1 (47081698)|ENTERING_MANAGED_PKG|Centify
11:42:43.1 (467007778)|ENTERING_MANAGED_PKG|Centify
11:42:43.1 (467789132)|ENTERING_MANAGED_PKG|Centify
11:42:43.1 (472151993)|ENTERING_MANAGED_PKG|Centify
11:42:43.1 (476370345)|ENTERING_MANAGED_PKG|Centify
11:42:43.1 (476451417)|ENTERING_MANAGED_PKG|Centify
11:42:43.1 (476543345)|ENTERING_MANAGED_PKG|Centify
11:42:43.1 (476728240)|ENTERING_MANAGED_PKG|Centify
11:42:43.1 (476949293)|ENTERING_MANAGED_PKG|Centify
11:42:43.1 (477026488)|ENTERING_MANAGED_PKG|Centify
11:42:43.1 (477098502)|ENTERING_MANAGED_PKG|Centify
11:42:43.1 (477130524)|ENTERING_MANAGED_PKG|Centify
11:42:43.1 (477185668)|ENTERING_MANAGED_PKG|Centify
11:42:43.1 (477215644)|ENTERING_MANAGED_PKG|Centify
11:42:43.1 (477255924)|ENTERING_MANAGED_PKG|Centify
11:42:43.1 (477280857)|ENTERING_MANAGED_PKG|Centify
11:42:43.1 (477325909)|ENTERING_MANAGED_PKG|Centify
11:42:43.1 (477357471)|ENTERING_MANAGED_PKG|Centify
11:42:43.1 (477398581)|ENTERING_MANAGED_PKG|Centify
11:42:43.1 (477427949)|ENTERING_MANAGED_PKG|Centify
11:42:43.1 (477467652)|ENTERING_MANAGED_PKG|Centify
11:42:43.1 (477492031)|ENTERING_MANAGED_PKG|Centify
11:42:43.1 (477557184)|ENTERING_MANAGED_PKG|Centify
11:42:43.1 (477604172)|ENTERING_MANAGED_PKG|Centify
11:42:43.1 (477691859)|ENTERING_MANAGED_PKG|Centify
11:42:43.1 (477751755)|ENTERING_MANAGED_PKG|Centify
11:42:43.1 (477809351)|ENTERING_MANAGED_PKG|Centify
11:42:43.1 (477853512)|ENTERING_MANAGED_PKG|Centify
11:42:43.1 (477895657)|ENTERING_MANAGED_PKG|Centify
11:42:43.1 (477961149)|ENTERING_MANAGED_PKG|Centify
11:42:43.1 (478036512)|ENTERING_MANAGED_PKG|Centify
11:42:43.1 (478085100)|ENTERING_MANAGED_PKG|Centify
11:42:43.1 (478150461)|ENTERING_MANAGED_PKG|Centify
11:42:43.1 (478446395)|ENTERING_MANAGED_PKG|Centify
11:42:43.1 (480456768)|DML_BEGIN|[146]|Op:Delete|Type:Centify__Notification__c|Rows:7
11:42:43.1 (608253889)|DML_END|[146]
