36.0 APEX_CODE,FINEST;APEX_PROFILING,INFO;CALLOUT,INFO;DB,INFO;NBA,INFO;SYSTEM,DEBUG;VALIDATION,INFO;VISUALFORCE,INFO;WAVE,INFO;WORKFLOW,INFO
11:49:35.0 (595092)|USER_INFO|[EXTERNAL]|00590000000Vmmq|ben@bjbglobal.com.au|Australian Eastern Standard Time|GMT+10:00
11:49:35.0 (649370)|EXECUTION_STARTED
11:49:35.0 (655707)|CODE_UNIT_STARTED|[EXTERNAL]|TRIGGERS
11:49:35.0 (697278)|CODE_UNIT_STARTED|[EXTERNAL]|01q6F000001IGJa|LinkCaseCallstoContact on Task trigger event BeforeInsert|__sfdc_trigger/LinkCaseCallstoContact
11:49:35.0 (769084)|HEAP_ALLOCATE|[EXTERNAL]|Bytes:8
11:49:35.0 (1883969)|HEAP_ALLOCATE|[72]|Bytes:3
11:49:35.0 (1938796)|HEAP_ALLOCATE|[77]|Bytes:152
11:49:35.0 (1963013)|HEAP_ALLOCATE|[342]|Bytes:408
11:49:35.0 (1987652)|HEAP_ALLOCATE|[355]|Bytes:408
11:49:35.0 (2013908)|HEAP_ALLOCATE|[467]|Bytes:48
11:49:35.0 (2051816)|HEAP_ALLOCATE|[139]|Bytes:6
11:49:35.0 (2072909)|HEAP_ALLOCATE|[EXTERNAL]|Bytes:6
11:49:35.0 (2091310)|HEAP_ALLOCATE|[EXTERNAL]|Bytes:4
11:49:35.0 (2102717)|VARIABLE_SCOPE_BEGIN|[1]|this|LinkCaseCallstoContact|true|false
11:49:35.0 (2157619)|VARIABLE_ASSIGNMENT|[1]|this|{}|0x6ada7695
11:49:35.0 (2237626)|HEAP_ALLOCATE|[EXTERNAL]|Bytes:4
11:49:35.0 (2249007)|VARIABLE_SCOPE_BEGIN|[1]|this|LinkCaseCallstoContact|true|false
11:49:35.0 (2269328)|VARIABLE_ASSIGNMENT|[1]|this|{}|0x6ada7695
11:49:35.0 (2280115)|STATEMENT_EXECUTE|[1]
11:49:35.0 (2317361)|HEAP_ALLOCATE|[50]|Bytes:5
11:49:35.0 (2348572)|HEAP_ALLOCATE|[56]|Bytes:5
11:49:35.0 (2359930)|HEAP_ALLOCATE|[64]|Bytes:7
11:49:35.0 (2861513)|HEAP_ALLOCATE|[2]|Bytes:5
11:49:35.0 (3022044)|HEAP_ALLOCATE|[2]|Bytes:4
11:49:35.0 (3042099)|VARIABLE_SCOPE_BEGIN|[2]|tsk|Task|true|false
11:49:35.0 (24299660)|VARIABLE_ASSIGNMENT|[2]|tsk|{"CallType":"Outbound","IsHighPriority":false,"IsClosed":false,"NVMStatsSF__NVM_Agent__c":"76","Is_Mobile_Number__c":true,"OwnerId":"0056F000009LzF1QAK","IsToday__c":false,"IsReminderSet":false,"Status":"Completed","IsDeleted":false,"WhoId":"0036F00002mN0nyQAC","NVMContactWorld__CW_Call_Start_Time__c":"2018-10-23T01:49:34.000Z","ActivityDate":"2018-10-23T00:00:00.000Z","Priority":"Normal","IsVisibleInSelfService":false,"NVMContactWorld__Was_Call_Recorded__c":false,"CurrencyIsoCode":"AUD","IsRecurrence":false,"Subject":"Outbound call to +61 (9 more) ...","IsArchived":false,"CallObject":"01669e9c-e541-02a7-c (16 more) ...","NVMContactWorld__Customer_Number__c":"+61421641033","NVMContactWorld__ContactWorld_Number__c":"61731530806","Day_of_the_Week__c":"Tuesday","Call_Duration_min__c":0.00,"Call_Monitored__c":false}|0x7fdd68ad
11:49:35.0 (24344436)|STATEMENT_EXECUTE|[2]
11:49:35.0 (24384799)|STATEMENT_EXECUTE|[4]
11:49:35.0 (24445232)|HEAP_ALLOCATE|[2]|Bytes:5
11:49:35.0 (24481996)|VARIABLE_ASSIGNMENT|[2]|tsk|null|
11:49:35.24 (24503058)|CUMULATIVE_LIMIT_USAGE
11:49:35.24 (24503058)|LIMIT_USAGE_FOR_NS|(default)|
  Number of SOQL queries: 0 out of 100
  Number of query rows: 0 out of 50000
  Number of SOSL queries: 0 out of 20
  Number of DML statements: 0 out of 150
  Number of DML rows: 0 out of 10000
  Maximum CPU time: 0 out of 10000
  Maximum heap size: 0 out of 6000000
  Number of callouts: 0 out of 100
  Number of Email Invocations: 0 out of 10
  Number of future calls: 0 out of 50
  Number of queueable jobs added to the queue: 0 out of 50
  Number of Mobile Apex push calls: 0 out of 10

11:49:35.24 (24503058)|CUMULATIVE_LIMIT_USAGE_END

11:49:35.0 (28143150)|CODE_UNIT_FINISHED|LinkCaseCallstoContact on Task trigger event BeforeInsert|__sfdc_trigger/LinkCaseCallstoContact
11:49:35.0 (33140087)|CODE_UNIT_STARTED|[EXTERNAL]|01q6F000001IKsI|TaskTrigger on Task trigger event BeforeInsert|__sfdc_trigger/TaskTrigger
11:49:35.0 (33215844)|HEAP_ALLOCATE|[EXTERNAL]|Bytes:8
11:49:35.0 (33359358)|HEAP_ALLOCATE|[EXTERNAL]|Bytes:4
11:49:35.0 (33378778)|VARIABLE_SCOPE_BEGIN|[5]|this|TaskTrigger|true|false
11:49:35.0 (33433171)|VARIABLE_ASSIGNMENT|[5]|this|{}|0x7524613d
11:49:35.0 (33515944)|HEAP_ALLOCATE|[EXTERNAL]|Bytes:4
11:49:35.0 (33533044)|VARIABLE_SCOPE_BEGIN|[5]|this|TaskTrigger|true|false
11:49:35.0 (33554411)|VARIABLE_ASSIGNMENT|[5]|this|{}|0x7524613d
11:49:35.0 (33566099)|STATEMENT_EXECUTE|[5]
11:49:35.0 (33602747)|STATEMENT_EXECUTE|[6]
11:49:35.0 (33605585)|STATEMENT_EXECUTE|[7]
11:49:35.0 (36175386)|VARIABLE_SCOPE_BEGIN|[2]|TaskHelper.TASK_STATUS|String|false|true
11:49:35.0 (36192998)|VARIABLE_SCOPE_BEGIN|[3]|TaskHelper.TASK_SUBJECT|String|false|true
11:49:35.0 (36201288)|VARIABLE_SCOPE_BEGIN|[4]|TaskHelper.TASK_TYPE|String|false|true
11:49:35.0 (36243373)|HEAP_ALLOCATE|[7]|Bytes:4
11:49:35.0 (36254894)|HEAP_ALLOCATE|[7]|Bytes:2
11:49:35.0 (36277154)|METHOD_ENTRY|[1]|01p6F000009rWtF|TaskHelper.TaskHelper()
11:49:35.0 (36286394)|STATEMENT_EXECUTE|[1]
11:49:35.0 (36290767)|STATEMENT_EXECUTE|[1]
11:49:35.0 (36293299)|STATEMENT_EXECUTE|[2]
11:49:35.0 (36308414)|HEAP_ALLOCATE|[2]|Bytes:9
11:49:35.0 (36342432)|VARIABLE_ASSIGNMENT|[2]|TaskHelper.TASK_STATUS|"Completed"
11:49:35.0 (36351761)|STATEMENT_EXECUTE|[3]
11:49:35.0 (36364127)|HEAP_ALLOCATE|[3]|Bytes:16
11:49:35.0 (36378558)|VARIABLE_ASSIGNMENT|[3]|TaskHelper.TASK_SUBJECT|"Outbound call to"
11:49:35.0 (36382790)|STATEMENT_EXECUTE|[4]
11:49:35.0 (36388428)|HEAP_ALLOCATE|[4]|Bytes:8
11:49:35.0 (36396471)|VARIABLE_ASSIGNMENT|[4]|TaskHelper.TASK_TYPE|"Outbound"
11:49:35.0 (36405905)|METHOD_EXIT|[1]|TaskHelper
11:49:35.0 (36420848)|HEAP_ALLOCATE|[7]|Bytes:4
11:49:35.0 (36434915)|CONSTRUCTOR_ENTRY|[7]|01p6F000009rWtF|<init>()|TaskHelper
11:49:35.0 (36461301)|VARIABLE_SCOPE_BEGIN|[1]|this|TaskHelper|true|false
11:49:35.0 (36485345)|VARIABLE_ASSIGNMENT|[1]|this|{}|0x639baa66
11:49:35.0 (36496912)|HEAP_ALLOCATE|[EXTERNAL]|Bytes:6
11:49:35.0 (36546878)|STATEMENT_EXECUTE|[1]
11:49:35.0 (36553156)|CONSTRUCTOR_EXIT|[7]|01p6F000009rWtF|<init>()|TaskHelper
11:49:35.0 (36563016)|VARIABLE_SCOPE_BEGIN|[7]|helper|TaskHelper|true|false
11:49:35.0 (36579036)|VARIABLE_ASSIGNMENT|[7]|helper|{}|0x639baa66
11:49:35.0 (36587755)|STATEMENT_EXECUTE|[8]
11:49:35.0 (36648031)|METHOD_ENTRY|[8]|01p6F000009rWtF|TaskHelper.setupContactToReurnCallTasks(List<Task>)
11:49:35.0 (36677379)|VARIABLE_SCOPE_BEGIN|[11]|this|TaskHelper|true|false
11:49:35.0 (36693143)|VARIABLE_ASSIGNMENT|[11]|this|{}|0x639baa66
11:49:35.0 (36700086)|VARIABLE_SCOPE_BEGIN|[11]|newTasks|List<Task>|true|false
11:49:35.0 (39062019)|VARIABLE_ASSIGNMENT|[11]|newTasks|[{"CallType":"Outbound","IsHighPriority":false,"IsClosed":false,"NVMStatsSF__NVM_Agent__c":"76","Is_Mobile_Number__c":true,"OwnerId":"0056F000009LzF1QAK","IsToday__c":false,"IsReminderSet":false,"Status":"Completed","IsDeleted":false,"WhoId":"0036F00002mN0nyQAC","NVMContactWorld__CW_Call_Start_Time__c":"2018-10-23T01:49:34.000Z","ActivityDate":"2018-10-23T00:00:00.000Z","Priority":"Normal","IsVisibleInSelfService":false,"NVMContactWorld__Was_Call_Recorded__c":false,"CurrencyIsoCode":"AUD","IsRecurrence":false,"Subject":"Outbound call to +61 (9 more) ...","IsArchived":false,"CallObject":"01669e9c-e541-02a7-c (16 more) ...","NVMContactWorld__Customer_Number__c":"+61421641033","NVMContactWorld__ContactWorld_Number__c":"61731530806","Day_of_the_Week__c":"Tuesday","Call_Duration_min__c":0.00,"Call_Monitored__c":false}]|0x413ef68b
11:49:35.0 (39104400)|STATEMENT_EXECUTE|[11]
11:49:35.0 (39108423)|STATEMENT_EXECUTE|[12]
11:49:35.0 (39141809)|HEAP_ALLOCATE|[12]|Bytes:4
11:49:35.0 (39229835)|VARIABLE_SCOPE_BEGIN|[12]|voicemailIds|List<Id>|true|false
11:49:35.0 (39275845)|HEAP_ALLOCATE|[EXTERNAL]|Bytes:4
11:49:35.0 (39297762)|VARIABLE_ASSIGNMENT|[12]|voicemailIds|[]|0x7f48ac50
11:49:35.0 (39308575)|STATEMENT_EXECUTE|[13]
11:49:35.0 (39337151)|HEAP_ALLOCATE|[13]|Bytes:4
11:49:35.0 (39359014)|VARIABLE_SCOPE_BEGIN|[13]|contactIds|Map<Id,Id>|true|false
11:49:35.0 (39385694)|VARIABLE_ASSIGNMENT|[13]|contactIds|{}|0x727c028f
11:49:35.0 (39395869)|STATEMENT_EXECUTE|[14]
11:49:35.0 (39417726)|HEAP_ALLOCATE|[14]|Bytes:4
11:49:35.0 (39455108)|VARIABLE_SCOPE_BEGIN|[14]|results|List<Task>|true|false
11:49:35.0 (39473089)|HEAP_ALLOCATE|[EXTERNAL]|Bytes:4
11:49:35.0 (39486034)|VARIABLE_ASSIGNMENT|[14]|results|[]|0x399fcb92
11:49:35.0 (39574057)|HEAP_ALLOCATE|[16]|Bytes:5
11:49:35.0 (39608446)|HEAP_ALLOCATE|[16]|Bytes:4
11:49:35.0 (39625137)|VARIABLE_SCOPE_BEGIN|[16]|item|Task|true|false
11:49:35.0 (41082621)|VARIABLE_ASSIGNMENT|[16]|item|{"CallType":"Outbound","IsHighPriority":false,"IsClosed":false,"NVMStatsSF__NVM_Agent__c":"76","Is_Mobile_Number__c":true,"OwnerId":"0056F000009LzF1QAK","IsToday__c":false,"IsReminderSet":false,"Status":"Completed","IsDeleted":false,"WhoId":"0036F00002mN0nyQAC","NVMContactWorld__CW_Call_Start_Time__c":"2018-10-23T01:49:34.000Z","ActivityDate":"2018-10-23T00:00:00.000Z","Priority":"Normal","IsVisibleInSelfService":false,"NVMContactWorld__Was_Call_Recorded__c":false,"CurrencyIsoCode":"AUD","IsRecurrence":false,"Subject":"Outbound call to +61 (9 more) ...","IsArchived":false,"CallObject":"01669e9c-e541-02a7-c (16 more) ...","NVMContactWorld__Customer_Number__c":"+61421641033","NVMContactWorld__ContactWorld_Number__c":"61731530806","Day_of_the_Week__c":"Tuesday","Call_Duration_min__c":0.00,"Call_Monitored__c":false}|0x7fdd68ad
11:49:35.0 (41117761)|STATEMENT_EXECUTE|[16]
11:49:35.0 (41376826)|STATEMENT_EXECUTE|[17]
11:49:35.0 (41411464)|HEAP_ALLOCATE|[16]|Bytes:5
11:49:35.0 (41442581)|VARIABLE_ASSIGNMENT|[16]|item|null|
11:49:35.0 (41452827)|STATEMENT_EXECUTE|[28]
11:49:35.0 (41466812)|HEAP_ALLOCATE|[28]|Bytes:72
11:49:35.0 (41493593)|HEAP_ALLOCATE|[28]|Bytes:4
11:49:35.0 (41511770)|HEAP_ALLOCATE|[28]|Bytes:7
11:49:35.0 (43479659)|SOQL_EXECUTE_BEGIN|[28]|Aggregations:0|SELECT Id, Account__c, Contact__c FROM Voicemail__c WHERE id IN :tmpVar1
11:49:35.0 (45315889)|SOQL_EXECUTE_END|[28]|Rows:0
11:49:35.0 (45347234)|HEAP_ALLOCATE|[28]|Bytes:4
11:49:35.0 (45361392)|HEAP_ALLOCATE|[28]|Bytes:0
11:49:35.0 (45464863)|HEAP_ALLOCATE|[28]|Bytes:4
11:49:35.0 (45485866)|VARIABLE_SCOPE_BEGIN|[28]|voicemails|List<Voicemail__c>|true|false
11:49:35.0 (45509662)|VARIABLE_ASSIGNMENT|[28]|voicemails|[]|0x526b9fd0
11:49:35.0 (45696717)|HEAP_ALLOCATE|[29]|Bytes:5
11:49:35.0 (45725106)|VARIABLE_ASSIGNMENT|[29]|item|null|
11:49:35.0 (45732034)|STATEMENT_EXECUTE|[29]
11:49:35.0 (45777536)|HEAP_ALLOCATE|[34]|Bytes:5
11:49:35.0 (45796543)|HEAP_ALLOCATE|[34]|Bytes:4
11:49:35.0 (45806347)|VARIABLE_SCOPE_BEGIN|[34]|item|Task|true|false
11:49:35.0 (47013873)|VARIABLE_ASSIGNMENT|[34]|item|{"CallType":"Outbound","IsHighPriority":false,"IsClosed":false,"NVMStatsSF__NVM_Agent__c":"76","Is_Mobile_Number__c":true,"OwnerId":"0056F000009LzF1QAK","IsToday__c":false,"IsReminderSet":false,"Status":"Completed","IsDeleted":false,"WhoId":"0036F00002mN0nyQAC","NVMContactWorld__CW_Call_Start_Time__c":"2018-10-23T01:49:34.000Z","ActivityDate":"2018-10-23T00:00:00.000Z","Priority":"Normal","IsVisibleInSelfService":false,"NVMContactWorld__Was_Call_Recorded__c":false,"CurrencyIsoCode":"AUD","IsRecurrence":false,"Subject":"Outbound call to +61 (9 more) ...","IsArchived":false,"CallObject":"01669e9c-e541-02a7-c (16 more) ...","NVMContactWorld__Customer_Number__c":"+61421641033","NVMContactWorld__ContactWorld_Number__c":"61731530806","Day_of_the_Week__c":"Tuesday","Call_Duration_min__c":0.00,"Call_Monitored__c":false}|0x7fdd68ad
11:49:35.0 (47037495)|STATEMENT_EXECUTE|[34]
11:49:35.0 (47040045)|STATEMENT_EXECUTE|[35]
11:49:35.0 (48120209)|VARIABLE_ASSIGNMENT|[35]|this.WhoId|null|0x7fdd68ad
11:49:35.0 (48155066)|HEAP_ALLOCATE|[34]|Bytes:5
11:49:35.0 (48182749)|VARIABLE_ASSIGNMENT|[34]|item|null|
11:49:35.0 (48202016)|METHOD_EXIT|[8]|01p6F000009rWtF|TaskHelper.setupContactToReurnCallTasks(List<Task>)
11:49:35.48 (48221350)|CUMULATIVE_LIMIT_USAGE
11:49:35.48 (48221350)|LIMIT_USAGE_FOR_NS|(default)|
  Number of SOQL queries: 1 out of 100
  Number of query rows: 0 out of 50000
  Number of SOSL queries: 0 out of 20
  Number of DML statements: 0 out of 150
  Number of DML rows: 0 out of 10000
  Maximum CPU time: 0 out of 10000
  Maximum heap size: 0 out of 6000000
  Number of callouts: 0 out of 100
  Number of Email Invocations: 0 out of 10
  Number of future calls: 0 out of 50
  Number of queueable jobs added to the queue: 0 out of 50
  Number of Mobile Apex push calls: 0 out of 10

11:49:35.48 (48221350)|CUMULATIVE_LIMIT_USAGE_END

11:49:35.0 (49492178)|CODE_UNIT_FINISHED|TaskTrigger on Task trigger event BeforeInsert|__sfdc_trigger/TaskTrigger
11:49:35.0 (53976097)|CODE_UNIT_STARTED|[EXTERNAL]|Validation:Task:new
11:49:35.0 (53994016)|VALIDATION_RULE|03d6F000000qFaO|Finish_all_call_monitor_field
11:49:35.0 (54501896)|VALIDATION_FORMULA|AND(!ISBLANK(Monitored_By__c),
    OR(ISBLANK( TEXT(CM_advised_what_will_happen_next__c)),
       ISBLANK( TEXT(Allow_customer_to_present_concerns__c) ),
       ISBLANK( TEXT(Communication_is_clear_positive_confiden__c) ),
       ISBLANK( TEXT(Demonstrate_active_listening__c )),
       ISBLANK( TEXT(Gave_correct_answers_and_infomations__c) ),
       ISBLANK( TEXT(Mirrors_clients_talking_behaviour__c) ) ))|CM_advised_what_will_happen_next__c=null , Demonstrate_active_listening__c=null , Communication_is_clear_positive_confiden__c=null , Allow_customer_to_present_concerns__c=null , Gave_correct_answers_and_infomations__c=null , Mirrors_clients_talking_behaviour__c=null , Monitored_By__c=null
11:49:35.0 (54520453)|VALIDATION_PASS
11:49:35.0 (54523205)|VALIDATION_RULE|03d900000009JbB|Interac_Quality_Must_Be_Between_1_and_10
11:49:35.0 (54636547)|VALIDATION_FORMULA|NVMContactWorld__InteractionQuality__c < 1  &#124;&#124;  NVMContactWorld__InteractionQuality__c > 10|NVMContactWorld__InteractionQuality__c=null
11:49:35.0 (54648167)|VALIDATION_PASS
11:49:35.0 (54949629)|CODE_UNIT_FINISHED|Validation:Task:new
11:49:35.0 (110292477)|CODE_UNIT_STARTED|[EXTERNAL]|Workflow:Task
11:49:35.0 (119444904)|WF_RULE_EVAL_BEGIN|Workflow
11:49:35.0 (119489168)|WF_CRITERIA_BEGIN|[Task:  00T6F0000525iRn]|Update Call Monitor Details|01Q6F0000002Tdt|ON_CREATE_OR_TRIGGERING_UPDATE|0
11:49:35.0 (123413408)|WF_RULE_FILTER|[Task : Monitored By not equal to ]
11:49:35.0 (123444586)|WF_RULE_EVAL_VALUE|
11:49:35.0 (123451957)|WF_CRITERIA_END|false
11:49:35.0 (123474748)|WF_CRITERIA_BEGIN|[Task:  00T6F0000525iRn]|Update_Callback_Request_Due_Date3016F0000005i0e|01Q6F0000019gyq|ON_CREATE_ONLY|0
11:49:35.0 (123586841)|WF_FORMULA|Formula:ENCODED:[treatNullAsNull]true|Values:
11:49:35.0 (123600716)|WF_CRITERIA_END|true
11:49:35.0 (124569234)|WF_CRITERIA_BEGIN|[Task:  00T6F0000525iRn]|Call Back Request From LinX|01Q6F000001EY2L|ON_CREATE_OR_TRIGGERING_UPDATE|0
11:49:35.0 (124653050)|WF_RULE_FILTER|[Task : Subject equals Callback Request]
11:49:35.0 (124675542)|WF_RULE_EVAL_VALUE|Outbound call to +61421641033
11:49:35.0 (124682541)|WF_CRITERIA_END|false
11:49:35.0 (124699810)|WF_CRITERIA_BEGIN|[Task:  00T6F0000525iRn]|Call_Monitor3016F00000054R3|01Q6F000000oOu7|ON_ALL_CHANGES|0
11:49:35.0 (124764764)|WF_FORMULA|Formula:ENCODED:[treatNullAsNull]true|Values:
11:49:35.0 (124777532)|WF_CRITERIA_END|true
11:49:35.0 (124817203)|WF_SPOOL_ACTION_BEGIN|Workflow
11:49:35.0 (124864396)|WF_ACTION| Flow Trigger: 2;
11:49:35.0 (124875512)|WF_RULE_EVAL_END
11:49:35.0 (126285248)|WF_FLOW_ACTION_BEGIN|09L6F000000PWtL
11:49:35.128 (128276004)|FLOW_CREATE_INTERVIEW_BEGIN|00D90000000IJSa|3006F00000091km|3016F0000005i0e
11:49:35.128 (129207174)|FLOW_CREATE_INTERVIEW_END|90908a696803c8ad7a0b2a597f131669e9c6e93-7d94|Update Callback Request Due Date
11:49:35.129 (129616844)|FLOW_START_INTERVIEWS_BEGIN|1
11:49:35.129 (129652930)|FLOW_START_INTERVIEW_BEGIN|90908a696803c8ad7a0b2a597f131669e9c6e93-7d94|Update Callback Request Due Date
11:49:35.129 (132291135)|FLOW_START_INTERVIEW_END|90908a696803c8ad7a0b2a597f131669e9c6e93-7d94|Update Callback Request Due Date
11:49:35.129 (132316443)|FLOW_START_INTERVIEWS_END|1
11:49:35.0 (133448695)|WF_FLOW_ACTION_END|09L6F000000PWtL
11:49:35.0 (133478543)|WF_FLOW_ACTION_BEGIN|09L6F000000PGTV
11:49:35.134 (134994957)|FLOW_CREATE_INTERVIEW_BEGIN|00D90000000IJSa|3006F0000008usA|3016F00000054R3
11:49:35.134 (135912342)|FLOW_CREATE_INTERVIEW_END|90918a696803c8ad7a0b2a597f131669e9c6e93-7d93|Call Monitoring
11:49:35.136 (136220789)|FLOW_START_INTERVIEWS_BEGIN|1
11:49:35.136 (136244689)|FLOW_START_INTERVIEW_BEGIN|90918a696803c8ad7a0b2a597f131669e9c6e93-7d93|Call Monitoring
11:49:35.136 (138554684)|FLOW_START_INTERVIEW_END|90918a696803c8ad7a0b2a597f131669e9c6e93-7d93|Call Monitoring
11:49:35.136 (138580874)|FLOW_START_INTERVIEWS_END|1
11:49:35.0 (139132734)|WF_FLOW_ACTION_END|09L6F000000PGTV
11:49:35.0 (139257027)|WF_ACTIONS_END| Flow Trigger: 2;
11:49:35.0 (139268635)|CODE_UNIT_FINISHED|Workflow:Task
11:49:35.0 (249425136)|CODE_UNIT_FINISHED|TRIGGERS
11:49:35.0 (249444730)|EXECUTION_FINISHED
