37.0 APEX_CODE,FINEST;APEX_PROFILING,INFO;CALLOUT,INFO;DB,INFO;NBA,INFO;SYSTEM,DEBUG;VALIDATION,INFO;VISUALFORCE,INFO;WAVE,INFO;WORKFLOW,INFO
13:42:26.11 (11784844)|ENTERING_MANAGED_PKG|Centify
13:42:26.11 (12668605)|ENTERING_MANAGED_PKG|Centify
13:42:26.11 (12728286)|ENTERING_MANAGED_PKG|Centify
13:42:26.11 (12904324)|ENTERING_MANAGED_PKG|Centify
13:42:26.11 (12966615)|ENTERING_MANAGED_PKG|Centify
13:42:26.11 (14102365)|ENTERING_MANAGED_PKG|Centify
13:42:26.11 (14441759)|ENTERING_MANAGED_PKG|Centify
13:42:26.11 (14486885)|ENTERING_MANAGED_PKG|Centify
13:42:26.11 (14610418)|ENTERING_MANAGED_PKG|Centify
13:42:26.11 (14661303)|ENTERING_MANAGED_PKG|Centify
13:42:26.11 (14695743)|ENTERING_MANAGED_PKG|Centify
13:42:26.11 (14718833)|ENTERING_MANAGED_PKG|Centify
13:42:26.11 (14746888)|ENTERING_MANAGED_PKG|Centify
13:42:26.11 (14985866)|ENTERING_MANAGED_PKG|Centify
13:42:26.11 (55079273)|ENTERING_MANAGED_PKG|Centify
13:42:26.11 (55171949)|ENTERING_MANAGED_PKG|Centify
13:42:26.11 (55295379)|ENTERING_MANAGED_PKG|Centify
13:42:26.11 (55342123)|ENTERING_MANAGED_PKG|Centify
13:42:26.11 (212452114)|ENTERING_MANAGED_PKG|Centify
13:42:26.11 (243631429)|ENTERING_MANAGED_PKG|Centify
13:42:26.11 (257426989)|ENTERING_MANAGED_PKG|Centify
13:42:26.11 (257491920)|ENTERING_MANAGED_PKG|Centify
13:42:26.11 (257576338)|ENTERING_MANAGED_PKG|Centify
13:42:26.11 (257611374)|ENTERING_MANAGED_PKG|Centify
13:42:26.11 (257681361)|ENTERING_MANAGED_PKG|Centify
13:42:26.11 (279806715)|ENTERING_MANAGED_PKG|Centify
13:42:26.11 (295674149)|ENTERING_MANAGED_PKG|Centify
13:42:26.11 (295728214)|ENTERING_MANAGED_PKG|Centify
13:42:26.11 (295809076)|ENTERING_MANAGED_PKG|Centify
13:42:26.11 (295844772)|ENTERING_MANAGED_PKG|Centify
13:42:26.11 (295914349)|ENTERING_MANAGED_PKG|Centify
13:42:26.11 (318767939)|ENTERING_MANAGED_PKG|Centify
13:42:26.11 (335055463)|ENTERING_MANAGED_PKG|Centify
13:42:26.11 (335110713)|ENTERING_MANAGED_PKG|Centify
13:42:26.11 (335191447)|ENTERING_MANAGED_PKG|Centify
13:42:26.11 (335226150)|ENTERING_MANAGED_PKG|Centify
13:42:26.11 (335294778)|ENTERING_MANAGED_PKG|Centify
13:42:26.11 (359153430)|ENTERING_MANAGED_PKG|Centify
13:42:26.11 (375485259)|ENTERING_MANAGED_PKG|Centify
13:42:26.11 (375543130)|ENTERING_MANAGED_PKG|Centify
13:42:26.11 (375623612)|ENTERING_MANAGED_PKG|Centify
13:42:26.11 (375659117)|ENTERING_MANAGED_PKG|Centify
13:42:26.11 (375728657)|ENTERING_MANAGED_PKG|Centify
13:42:26.11 (413966137)|ENTERING_MANAGED_PKG|Centify
13:42:26.11 (430605128)|ENTERING_MANAGED_PKG|Centify
13:42:26.11 (430660942)|ENTERING_MANAGED_PKG|Centify
13:42:26.11 (430741747)|ENTERING_MANAGED_PKG|Centify
13:42:26.11 (430776517)|ENTERING_MANAGED_PKG|Centify
13:42:26.11 (430845541)|ENTERING_MANAGED_PKG|Centify
13:42:26.11 (459730424)|ENTERING_MANAGED_PKG|Centify
13:42:26.11 (478665922)|ENTERING_MANAGED_PKG|Centify
13:42:26.11 (478727695)|ENTERING_MANAGED_PKG|Centify
13:42:26.11 (478809356)|ENTERING_MANAGED_PKG|Centify
13:42:26.11 (478845230)|ENTERING_MANAGED_PKG|Centify
13:42:26.11 (478915279)|ENTERING_MANAGED_PKG|Centify
13:42:26.11 (511938341)|ENTERING_MANAGED_PKG|Centify
13:42:26.11 (529839318)|ENTERING_MANAGED_PKG|Centify
13:42:26.11 (529898403)|ENTERING_MANAGED_PKG|Centify
13:42:26.11 (529981692)|ENTERING_MANAGED_PKG|Centify
13:42:26.11 (530018496)|ENTERING_MANAGED_PKG|Centify
13:42:26.11 (530090747)|ENTERING_MANAGED_PKG|Centify
13:42:26.11 (559404999)|ENTERING_MANAGED_PKG|Centify
13:42:26.11 (577242966)|ENTERING_MANAGED_PKG|Centify
13:42:26.11 (577299119)|ENTERING_MANAGED_PKG|Centify
13:42:26.11 (577382747)|ENTERING_MANAGED_PKG|Centify
13:42:26.11 (577419705)|ENTERING_MANAGED_PKG|Centify
13:42:26.11 (577496901)|ENTERING_MANAGED_PKG|Centify
13:42:26.11 (613382612)|ENTERING_MANAGED_PKG|Centify
13:42:26.11 (641576691)|ENTERING_MANAGED_PKG|Centify
13:42:26.11 (641658494)|ENTERING_MANAGED_PKG|Centify
13:42:26.11 (641809449)|ENTERING_MANAGED_PKG|Centify
13:42:26.11 (641871633)|ENTERING_MANAGED_PKG|Centify
13:42:26.11 (642001141)|ENTERING_MANAGED_PKG|Centify
13:42:26.11 (668071886)|ENTERING_MANAGED_PKG|Centify
13:42:26.11 (686096481)|ENTERING_MANAGED_PKG|Centify
13:42:26.11 (686152024)|ENTERING_MANAGED_PKG|Centify
13:42:26.11 (686234204)|ENTERING_MANAGED_PKG|Centify
13:42:26.11 (686270318)|ENTERING_MANAGED_PKG|Centify
13:42:26.11 (686339506)|ENTERING_MANAGED_PKG|Centify
13:42:27.100 (1100724037)|ENTERING_MANAGED_PKG|Centify
13:42:27.100 (1121347806)|ENTERING_MANAGED_PKG|Centify
13:42:27.100 (1121406031)|ENTERING_MANAGED_PKG|Centify
13:42:27.100 (1121505146)|ENTERING_MANAGED_PKG|Centify
13:42:27.100 (1121546919)|ENTERING_MANAGED_PKG|Centify
13:42:27.100 (1121624396)|ENTERING_MANAGED_PKG|Centify
13:42:27.100 (1150332581)|ENTERING_MANAGED_PKG|Centify
13:42:27.100 (1169491117)|ENTERING_MANAGED_PKG|Centify
13:42:27.100 (1169559922)|ENTERING_MANAGED_PKG|Centify
13:42:27.100 (1169660289)|ENTERING_MANAGED_PKG|Centify
13:42:27.100 (1169701739)|ENTERING_MANAGED_PKG|Centify
13:42:27.100 (1169778403)|ENTERING_MANAGED_PKG|Centify
13:42:27.100 (1194642147)|ENTERING_MANAGED_PKG|Centify
13:42:27.100 (1194705603)|ENTERING_MANAGED_PKG|Centify
13:42:27.100 (1194869860)|ENTERING_MANAGED_PKG|Centify
13:42:27.100 (1194914152)|ENTERING_MANAGED_PKG|Centify
13:42:27.100 (1194949317)|ENTERING_MANAGED_PKG|Centify
13:42:27.100 (1195216048)|ENTERING_MANAGED_PKG|Centify
13:42:27.100 (1195297336)|ENTERING_MANAGED_PKG|Centify
13:42:27.100 (1207496440)|ENTERING_MANAGED_PKG|Centify
13:42:27.100 (1207646057)|ENTERING_MANAGED_PKG|Centify
13:42:27.100 (1207823488)|ENTERING_MANAGED_PKG|Centify
13:42:27.100 (1208645429)|ENTERING_MANAGED_PKG|Centify
13:42:27.100 (1209912175)|SOQL_EXECUTE_BEGIN|[16]|Aggregations:0|select id,lastmodifieddate,isdeleted,audit_completed_date__c,audit_booked_date__c,assign_to__c,name,ownerid,status__c,lastactivitydate,opp_type__c,spinify_is_target__c,spinify_is_auditedthismonth__c from SLXOpportunity__c where LastModifiedDate >2018-11-05T05:42:32Z AND LastModifiedDate < 2018-11-06T03:42:32Z AND (   Spinify_Is_Target__c =true OR  Spinify_Is_AuditedThisMonth__c =true )  ORDER BY SystemModStamp DESC LIMIT 5000  ALL ROWS
13:42:27.100 (1216753576)|SOQL_EXECUTE_END|[16]|Rows:0
13:42:27.245 (1245108591)|CUMULATIVE_LIMIT_USAGE
13:42:27.245 (1245108591)|LIMIT_USAGE_FOR_NS|(default)|
  Number of SOQL queries: 0 out of 200
  Number of query rows: 0 out of 50000
  Number of SOSL queries: 0 out of 20
  Number of DML statements: 0 out of 150
  Number of DML rows: 0 out of 10000
  Maximum CPU time: 0 out of 60000
  Maximum heap size: 0 out of 12000000
  Number of callouts: 0 out of 0
  Number of Email Invocations: 0 out of 10
  Number of future calls: 0 out of 0
  Number of queueable jobs added to the queue: 0 out of 1
  Number of Mobile Apex push calls: 0 out of 10

13:42:27.245 (1245108591)|LIMIT_USAGE_FOR_NS|Centify|
  Number of SOQL queries: 0 out of 200
  Number of query rows: 0 out of 50000
  Number of SOSL queries: 0 out of 20
  Number of DML statements: 0 out of 150
  Number of DML rows: 0 out of 10000
  Maximum CPU time: 0 out of 60000
  Maximum heap size: 0 out of 12000000
  Number of callouts: 0 out of 0
  Number of Email Invocations: 0 out of 10
  Number of future calls: 0 out of 0
  Number of queueable jobs added to the queue: 0 out of 1
  Number of Mobile Apex push calls: 0 out of 10

13:42:27.245 (1245108591)|CUMULATIVE_LIMIT_USAGE_END

