37.0 APEX_CODE,FINEST;APEX_PROFILING,INFO;CALLOUT,INFO;DB,INFO;NBA,INFO;SYSTEM,DEBUG;VALIDATION,INFO;VISUALFORCE,INFO;WAVE,INFO;WORKFLOW,INFO
11:52:10.15 (15631333)|ENTERING_MANAGED_PKG|Centify
11:52:10.15 (19049313)|ENTERING_MANAGED_PKG|Centify
11:52:10.15 (25256145)|ENTERING_MANAGED_PKG|Centify
11:52:10.15 (25387673)|ENTERING_MANAGED_PKG|Centify
11:52:10.15 (25532134)|ENTERING_MANAGED_PKG|Centify
11:52:10.15 (26214179)|ENTERING_MANAGED_PKG|Centify
11:52:10.15 (26494791)|ENTERING_MANAGED_PKG|Centify
11:52:10.15 (26526962)|ENTERING_MANAGED_PKG|Centify
11:52:10.15 (26616665)|ENTERING_MANAGED_PKG|Centify
11:52:10.15 (26672180)|ENTERING_MANAGED_PKG|Centify
11:52:10.15 (26712459)|ENTERING_MANAGED_PKG|Centify
11:52:10.15 (26739269)|ENTERING_MANAGED_PKG|Centify
11:52:10.15 (26758863)|ENTERING_MANAGED_PKG|Centify
11:52:10.15 (26935075)|ENTERING_MANAGED_PKG|Centify
11:52:10.15 (58722382)|ENTERING_MANAGED_PKG|Centify
11:52:10.15 (58849644)|ENTERING_MANAGED_PKG|Centify
11:52:10.15 (58979402)|ENTERING_MANAGED_PKG|Centify
11:52:10.15 (59034423)|ENTERING_MANAGED_PKG|Centify
11:52:10.15 (257093825)|ENTERING_MANAGED_PKG|Centify
11:52:10.15 (313584541)|ENTERING_MANAGED_PKG|Centify
11:52:10.15 (326354996)|ENTERING_MANAGED_PKG|Centify
11:52:10.15 (326406234)|ENTERING_MANAGED_PKG|Centify
11:52:10.15 (326482502)|ENTERING_MANAGED_PKG|Centify
11:52:10.15 (326516304)|ENTERING_MANAGED_PKG|Centify
11:52:10.15 (326580392)|ENTERING_MANAGED_PKG|Centify
11:52:10.15 (362310723)|ENTERING_MANAGED_PKG|Centify
11:52:10.15 (376413214)|ENTERING_MANAGED_PKG|Centify
11:52:10.15 (376467658)|ENTERING_MANAGED_PKG|Centify
11:52:10.15 (376545152)|ENTERING_MANAGED_PKG|Centify
11:52:10.15 (376578592)|ENTERING_MANAGED_PKG|Centify
11:52:10.15 (376643023)|ENTERING_MANAGED_PKG|Centify
11:52:10.15 (410992051)|ENTERING_MANAGED_PKG|Centify
11:52:10.15 (425925425)|ENTERING_MANAGED_PKG|Centify
11:52:10.15 (425977567)|ENTERING_MANAGED_PKG|Centify
11:52:10.15 (426052604)|ENTERING_MANAGED_PKG|Centify
11:52:10.15 (426086553)|ENTERING_MANAGED_PKG|Centify
11:52:10.15 (426150069)|ENTERING_MANAGED_PKG|Centify
11:52:10.15 (462430948)|ENTERING_MANAGED_PKG|Centify
11:52:10.15 (477426340)|ENTERING_MANAGED_PKG|Centify
11:52:10.15 (477475996)|ENTERING_MANAGED_PKG|Centify
11:52:10.15 (477550493)|ENTERING_MANAGED_PKG|Centify
11:52:10.15 (477583481)|ENTERING_MANAGED_PKG|Centify
11:52:10.15 (477645870)|ENTERING_MANAGED_PKG|Centify
11:52:10.15 (513040954)|ENTERING_MANAGED_PKG|Centify
11:52:10.15 (528199476)|ENTERING_MANAGED_PKG|Centify
11:52:10.15 (528254510)|ENTERING_MANAGED_PKG|Centify
11:52:10.15 (528333305)|ENTERING_MANAGED_PKG|Centify
11:52:10.15 (528367021)|ENTERING_MANAGED_PKG|Centify
11:52:10.15 (528432122)|ENTERING_MANAGED_PKG|Centify
11:52:10.15 (564184380)|ENTERING_MANAGED_PKG|Centify
11:52:10.15 (579163463)|ENTERING_MANAGED_PKG|Centify
11:52:10.15 (579468089)|ENTERING_MANAGED_PKG|Centify
11:52:10.15 (591647731)|ENTERING_MANAGED_PKG|Centify
11:52:10.15 (591741643)|ENTERING_MANAGED_PKG|Centify
11:52:10.15 (592799260)|ENTERING_MANAGED_PKG|Centify
11:52:10.15 (592864464)|ENTERING_MANAGED_PKG|Centify
11:52:10.15 (592919864)|ENTERING_MANAGED_PKG|Centify
11:52:10.15 (592999602)|ENTERING_MANAGED_PKG|Centify
11:52:10.15 (596595550)|SOQL_EXECUTE_BEGIN|[19]|Aggregations:0|SELECT Id, OrganizationType FROM Organization LIMIT 1
11:52:10.15 (600136156)|SOQL_EXECUTE_END|[19]|Rows:1
11:52:10.15 (617301042)|ENTERING_MANAGED_PKG|Centify
11:52:10.15 (629722333)|ENTERING_MANAGED_PKG|Centify
11:52:10.15 (629782806)|ENTERING_MANAGED_PKG|Centify
11:52:10.15 (629861884)|ENTERING_MANAGED_PKG|Centify
11:52:10.15 (629895870)|ENTERING_MANAGED_PKG|Centify
11:52:10.15 (629968680)|ENTERING_MANAGED_PKG|Centify
11:52:10.15 (678231008)|ENTERING_MANAGED_PKG|Centify
11:52:10.15 (698570977)|ENTERING_MANAGED_PKG|Centify
11:52:10.15 (698631152)|ENTERING_MANAGED_PKG|Centify
11:52:10.15 (698730073)|ENTERING_MANAGED_PKG|Centify
11:52:10.15 (698771780)|ENTERING_MANAGED_PKG|Centify
11:52:10.15 (698853337)|ENTERING_MANAGED_PKG|Centify
11:52:10.15 (741409590)|ENTERING_MANAGED_PKG|Centify
11:52:10.15 (741495821)|ENTERING_MANAGED_PKG|Centify
11:52:10.15 (741685126)|ENTERING_MANAGED_PKG|Centify
11:52:10.15 (741735707)|ENTERING_MANAGED_PKG|Centify
11:52:10.15 (741785165)|ENTERING_MANAGED_PKG|Centify
11:52:10.15 (742976923)|ENTERING_MANAGED_PKG|Centify
11:52:10.15 (743069797)|ENTERING_MANAGED_PKG|Centify
11:52:10.15 (753019277)|ENTERING_MANAGED_PKG|Centify
11:52:10.15 (753160274)|ENTERING_MANAGED_PKG|Centify
11:52:10.15 (753814244)|ENTERING_MANAGED_PKG|Centify
11:52:10.15 (754557129)|SOQL_EXECUTE_BEGIN|[16]|Aggregations:0|select id,lastmodifieddate,isdeleted,createddate,industry,type,name,ownerid from Account where LastModifiedDate >2018-10-23T01:47:00Z AND LastModifiedDate < 2018-10-23T01:52:16Z  ORDER BY SystemModStamp DESC LIMIT 5000  ALL ROWS
11:52:10.15 (760255183)|SOQL_EXECUTE_END|[16]|Rows:0
11:52:10.778 (778707610)|CUMULATIVE_LIMIT_USAGE
11:52:10.778 (778707610)|LIMIT_USAGE_FOR_NS|(default)|
  Number of SOQL queries: 0 out of 200
  Number of query rows: 0 out of 50000
  Number of SOSL queries: 0 out of 20
  Number of DML statements: 0 out of 150
  Number of DML rows: 0 out of 10000
  Maximum CPU time: 0 out of 60000
  Maximum heap size: 0 out of 12000000
  Number of callouts: 0 out of 0
  Number of Email Invocations: 0 out of 10
  Number of future calls: 0 out of 0
  Number of queueable jobs added to the queue: 0 out of 1
  Number of Mobile Apex push calls: 0 out of 10

11:52:10.778 (778707610)|LIMIT_USAGE_FOR_NS|Centify|
  Number of SOQL queries: 0 out of 200
  Number of query rows: 0 out of 50000
  Number of SOSL queries: 0 out of 20
  Number of DML statements: 0 out of 150
  Number of DML rows: 0 out of 10000
  Maximum CPU time: 0 out of 60000
  Maximum heap size: 0 out of 12000000
  Number of callouts: 0 out of 0
  Number of Email Invocations: 0 out of 10
  Number of future calls: 0 out of 0
  Number of queueable jobs added to the queue: 0 out of 1
  Number of Mobile Apex push calls: 0 out of 10

11:52:10.778 (778707610)|CUMULATIVE_LIMIT_USAGE_END

