37.0 APEX_CODE,FINEST;APEX_PROFILING,INFO;CALLOUT,INFO;DB,INFO;NBA,INFO;SYSTEM,DEBUG;VALIDATION,INFO;VISUALFORCE,INFO;WAVE,INFO;WORKFLOW,INFO
17:16:20.65 (65962561)|ENTERING_MANAGED_PKG|Centify
17:16:20.65 (67013966)|ENTERING_MANAGED_PKG|Centify
17:16:20.65 (67072314)|ENTERING_MANAGED_PKG|Centify
17:16:20.65 (67258416)|ENTERING_MANAGED_PKG|Centify
17:16:20.65 (67344239)|ENTERING_MANAGED_PKG|Centify
17:16:20.65 (68275763)|ENTERING_MANAGED_PKG|Centify
17:16:20.65 (68663228)|ENTERING_MANAGED_PKG|Centify
17:16:20.65 (68694137)|ENTERING_MANAGED_PKG|Centify
17:16:20.65 (68796584)|ENTERING_MANAGED_PKG|Centify
17:16:20.65 (68868528)|ENTERING_MANAGED_PKG|Centify
17:16:20.65 (68924284)|ENTERING_MANAGED_PKG|Centify
17:16:20.65 (68951324)|ENTERING_MANAGED_PKG|Centify
17:16:20.65 (68985903)|ENTERING_MANAGED_PKG|Centify
17:16:20.65 (69239832)|ENTERING_MANAGED_PKG|Centify
17:16:20.65 (113392858)|ENTERING_MANAGED_PKG|Centify
17:16:20.65 (113484882)|ENTERING_MANAGED_PKG|Centify
17:16:20.65 (113632661)|ENTERING_MANAGED_PKG|Centify
17:16:20.65 (113683636)|ENTERING_MANAGED_PKG|Centify
17:16:20.65 (283165310)|ENTERING_MANAGED_PKG|Centify
17:16:20.65 (370721931)|ENTERING_MANAGED_PKG|Centify
17:16:20.65 (387239398)|ENTERING_MANAGED_PKG|Centify
17:16:20.65 (387298191)|ENTERING_MANAGED_PKG|Centify
17:16:20.65 (387382914)|ENTERING_MANAGED_PKG|Centify
17:16:20.65 (387420232)|ENTERING_MANAGED_PKG|Centify
17:16:20.65 (387490464)|ENTERING_MANAGED_PKG|Centify
17:16:20.65 (432864078)|ENTERING_MANAGED_PKG|Centify
17:16:20.65 (451174763)|ENTERING_MANAGED_PKG|Centify
17:16:20.65 (451231011)|ENTERING_MANAGED_PKG|Centify
17:16:20.65 (451313274)|ENTERING_MANAGED_PKG|Centify
17:16:20.65 (451350681)|ENTERING_MANAGED_PKG|Centify
17:16:20.65 (451419550)|ENTERING_MANAGED_PKG|Centify
17:16:20.65 (488346849)|ENTERING_MANAGED_PKG|Centify
17:16:20.65 (504669470)|ENTERING_MANAGED_PKG|Centify
17:16:20.65 (504739086)|ENTERING_MANAGED_PKG|Centify
17:16:20.65 (504878634)|ENTERING_MANAGED_PKG|Centify
17:16:20.65 (504946434)|ENTERING_MANAGED_PKG|Centify
17:16:20.65 (505051873)|ENTERING_MANAGED_PKG|Centify
17:16:20.65 (568344788)|ENTERING_MANAGED_PKG|Centify
17:16:20.65 (586156430)|ENTERING_MANAGED_PKG|Centify
17:16:20.65 (586245286)|ENTERING_MANAGED_PKG|Centify
17:16:20.65 (586388551)|ENTERING_MANAGED_PKG|Centify
17:16:20.65 (586451352)|ENTERING_MANAGED_PKG|Centify
17:16:20.65 (586580908)|ENTERING_MANAGED_PKG|Centify
17:16:20.65 (630971678)|ENTERING_MANAGED_PKG|Centify
17:16:20.65 (646939640)|ENTERING_MANAGED_PKG|Centify
17:16:20.65 (646998335)|ENTERING_MANAGED_PKG|Centify
17:16:20.65 (647084352)|ENTERING_MANAGED_PKG|Centify
17:16:20.65 (647120873)|ENTERING_MANAGED_PKG|Centify
17:16:20.65 (647190508)|ENTERING_MANAGED_PKG|Centify
17:16:20.65 (683411113)|ENTERING_MANAGED_PKG|Centify
17:16:20.65 (699273235)|ENTERING_MANAGED_PKG|Centify
17:16:20.65 (699329711)|ENTERING_MANAGED_PKG|Centify
17:16:20.65 (699415306)|ENTERING_MANAGED_PKG|Centify
17:16:20.65 (699452027)|ENTERING_MANAGED_PKG|Centify
17:16:20.65 (699522869)|ENTERING_MANAGED_PKG|Centify
17:16:20.65 (738169035)|ENTERING_MANAGED_PKG|Centify
17:16:20.65 (764986774)|ENTERING_MANAGED_PKG|Centify
17:16:20.65 (765042594)|ENTERING_MANAGED_PKG|Centify
17:16:20.65 (765126144)|ENTERING_MANAGED_PKG|Centify
17:16:20.65 (765163612)|ENTERING_MANAGED_PKG|Centify
17:16:20.65 (765234702)|ENTERING_MANAGED_PKG|Centify
17:16:20.65 (802132044)|ENTERING_MANAGED_PKG|Centify
17:16:20.65 (802201390)|ENTERING_MANAGED_PKG|Centify
17:16:20.65 (802366953)|ENTERING_MANAGED_PKG|Centify
17:16:20.65 (802392266)|ENTERING_MANAGED_PKG|Centify
17:16:20.65 (802539403)|ENTERING_MANAGED_PKG|Centify
17:16:20.65 (802581471)|ENTERING_MANAGED_PKG|Centify
17:16:20.65 (802616063)|ENTERING_MANAGED_PKG|Centify
17:16:20.65 (802875973)|ENTERING_MANAGED_PKG|Centify
17:16:20.65 (802962824)|ENTERING_MANAGED_PKG|Centify
17:16:20.65 (813545310)|ENTERING_MANAGED_PKG|Centify
17:16:20.65 (813765689)|ENTERING_MANAGED_PKG|Centify
17:16:20.65 (814652476)|ENTERING_MANAGED_PKG|Centify
17:16:20.65 (815685281)|SOQL_EXECUTE_BEGIN|[16]|Aggregations:0|select id,lastmodifieddate,isdeleted,name,ownerid,has_the_save_strategy_been_implemented__c,status__c,product_type__c from Cases__c where LastModifiedDate >2018-11-21T07:06:13Z AND LastModifiedDate < 2018-11-21T07:16:26Z  ORDER BY SystemModStamp DESC LIMIT 5000  ALL ROWS
17:16:20.65 (824219451)|SOQL_EXECUTE_END|[16]|Rows:0
17:16:20.844 (844866756)|CUMULATIVE_LIMIT_USAGE
17:16:20.844 (844866756)|LIMIT_USAGE_FOR_NS|(default)|
  Number of SOQL queries: 0 out of 200
  Number of query rows: 0 out of 50000
  Number of SOSL queries: 0 out of 20
  Number of DML statements: 0 out of 150
  Number of DML rows: 0 out of 10000
  Maximum CPU time: 0 out of 60000
  Maximum heap size: 0 out of 12000000
  Number of callouts: 0 out of 0
  Number of Email Invocations: 0 out of 10
  Number of future calls: 0 out of 0
  Number of queueable jobs added to the queue: 0 out of 1
  Number of Mobile Apex push calls: 0 out of 10

17:16:20.844 (844866756)|LIMIT_USAGE_FOR_NS|Centify|
  Number of SOQL queries: 0 out of 200
  Number of query rows: 0 out of 50000
  Number of SOSL queries: 0 out of 20
  Number of DML statements: 0 out of 150
  Number of DML rows: 0 out of 10000
  Maximum CPU time: 0 out of 60000
  Maximum heap size: 0 out of 12000000
  Number of callouts: 0 out of 0
  Number of Email Invocations: 0 out of 10
  Number of future calls: 0 out of 0
  Number of queueable jobs added to the queue: 0 out of 1
  Number of Mobile Apex push calls: 0 out of 10

17:16:20.844 (844866756)|CUMULATIVE_LIMIT_USAGE_END

