37.0 APEX_CODE,FINEST;APEX_PROFILING,INFO;CALLOUT,INFO;DB,INFO;NBA,INFO;SYSTEM,DEBUG;VALIDATION,INFO;VISUALFORCE,INFO;WAVE,INFO;WORKFLOW,INFO
11:47:59.13 (13466885)|ENTERING_MANAGED_PKG|Centify
11:47:59.13 (17498741)|ENTERING_MANAGED_PKG|Centify
11:47:59.13 (24180576)|ENTERING_MANAGED_PKG|Centify
11:47:59.13 (24364941)|ENTERING_MANAGED_PKG|Centify
11:47:59.13 (24423068)|ENTERING_MANAGED_PKG|Centify
11:47:59.13 (24509808)|ENTERING_MANAGED_PKG|Centify
11:47:59.13 (24550009)|ENTERING_MANAGED_PKG|Centify
11:47:59.13 (24610739)|ENTERING_MANAGED_PKG|Centify
11:47:59.13 (24634021)|ENTERING_MANAGED_PKG|Centify
11:47:59.13 (24725124)|ENTERING_MANAGED_PKG|Centify
11:47:59.13 (24797796)|ENTERING_MANAGED_PKG|Centify
11:47:59.13 (29589379)|SOQL_EXECUTE_BEGIN|[19]|Aggregations:0|SELECT Id, OrganizationType FROM Organization LIMIT 1
11:47:59.13 (33176518)|SOQL_EXECUTE_END|[19]|Rows:1
11:47:59.13 (35450810)|ENTERING_MANAGED_PKG|Centify
11:47:59.13 (35552311)|ENTERING_MANAGED_PKG|Centify
11:47:59.13 (35728730)|ENTERING_MANAGED_PKG|Centify
11:47:59.13 (35813029)|ENTERING_MANAGED_PKG|Centify
11:47:59.13 (36289631)|ENTERING_MANAGED_PKG|Centify
11:47:59.13 (36330333)|ENTERING_MANAGED_PKG|Centify
11:47:59.13 (36427328)|ENTERING_MANAGED_PKG|Centify
11:47:59.13 (36488319)|ENTERING_MANAGED_PKG|Centify
11:47:59.13 (38319594)|SOQL_EXECUTE_BEGIN|[95]|Aggregations:0|SELECT MAX(Last_Sync_Time__c) maxDT FROM Salesforce_Sync_Settings__c
11:47:59.13 (41226459)|SOQL_EXECUTE_END|[95]|Rows:1
11:47:59.13 (41720223)|ENTERING_MANAGED_PKG|Centify
11:47:59.13 (41801685)|ENTERING_MANAGED_PKG|Centify
11:47:59.13 (46832472)|ENTERING_MANAGED_PKG|Centify
11:47:59.13 (46937590)|ENTERING_MANAGED_PKG|Centify
11:47:59.13 (49368002)|SOQL_EXECUTE_BEGIN|[84]|Aggregations:0|SELECT COUNT() FROM Notification__c WHERE ((Number_Of_Attempts__c = NULL OR Number_Of_Attempts__c < :tmpVar1) AND (CreatedDate = TODAY OR LastModifiedDate = TODAY)) LIMIT 25000
11:47:59.13 (65769347)|SOQL_EXECUTE_END|[84]|Rows:0
11:47:59.13 (65906625)|ENTERING_MANAGED_PKG|Centify
11:47:59.13 (65996132)|ENTERING_MANAGED_PKG|Centify
11:47:59.13 (66057145)|ENTERING_MANAGED_PKG|Centify
11:47:59.13 (66110673)|ENTERING_MANAGED_PKG|Centify
11:47:59.13 (66149178)|ENTERING_MANAGED_PKG|Centify
11:47:59.13 (69963091)|SOQL_EXECUTE_BEGIN|[366]|Aggregations:0|SELECT Id, Label, MasterLabel, DeveloperName, Endpoint__c, TimeOut__c FROM Endpoint_Setting__mdt LIMIT 50
11:47:59.13 (77057304)|SOQL_EXECUTE_END|[366]|Rows:24
11:47:59.13 (78524123)|ENTERING_MANAGED_PKG|Centify
11:47:59.13 (78578656)|ENTERING_MANAGED_PKG|Centify
11:47:59.13 (80175114)|ENTERING_MANAGED_PKG|Centify
11:47:59.13 (80215677)|ENTERING_MANAGED_PKG|Centify
11:47:59.13 (82897810)|ENTERING_MANAGED_PKG|Centify
11:47:59.13 (86108747)|ENTERING_MANAGED_PKG|Centify
11:47:59.13 (86198625)|ENTERING_MANAGED_PKG|Centify
11:47:59.13 (86267022)|ENTERING_MANAGED_PKG|Centify
11:47:59.13 (87331757)|ENTERING_MANAGED_PKG|Centify
11:47:59.13 (87436658)|ENTERING_MANAGED_PKG|Centify
11:47:59.13 (87515864)|ENTERING_MANAGED_PKG|Centify
11:47:59.13 (91980543)|ENTERING_MANAGED_PKG|Centify
11:47:59.13 (92068461)|ENTERING_MANAGED_PKG|Centify
11:47:59.13 (92132596)|ENTERING_MANAGED_PKG|Centify
11:47:59.13 (92182640)|ENTERING_MANAGED_PKG|Centify
11:47:59.13 (92271452)|ENTERING_MANAGED_PKG|Centify
11:47:59.13 (95125083)|ENTERING_MANAGED_PKG|Centify
11:47:59.13 (95264566)|ENTERING_MANAGED_PKG|Centify
11:47:59.13 (95976092)|ENTERING_MANAGED_PKG|Centify
11:47:59.13 (331910131)|ENTERING_MANAGED_PKG|Centify
11:47:59.360 (360594205)|CUMULATIVE_LIMIT_USAGE
11:47:59.360 (360594205)|LIMIT_USAGE_FOR_NS|(default)|
  Number of SOQL queries: 0 out of 200
  Number of query rows: 0 out of 50000
  Number of SOSL queries: 0 out of 20
  Number of DML statements: 0 out of 150
  Number of DML rows: 0 out of 10000
  Maximum CPU time: 0 out of 60000
  Maximum heap size: 0 out of 12000000
  Number of callouts: 0 out of 0
  Number of Email Invocations: 0 out of 10
  Number of future calls: 0 out of 0
  Number of queueable jobs added to the queue: 0 out of 1
  Number of Mobile Apex push calls: 0 out of 10

11:47:59.360 (360594205)|LIMIT_USAGE_FOR_NS|Centify|
  Number of SOQL queries: 0 out of 200
  Number of query rows: 0 out of 50000
  Number of SOSL queries: 0 out of 20
  Number of DML statements: 0 out of 150
  Number of DML rows: 0 out of 10000
  Maximum CPU time: 0 out of 60000
  Maximum heap size: 0 out of 12000000
  Number of callouts: 0 out of 0
  Number of Email Invocations: 0 out of 10
  Number of future calls: 0 out of 0
  Number of queueable jobs added to the queue: 0 out of 1
  Number of Mobile Apex push calls: 0 out of 10

11:47:59.360 (360594205)|CUMULATIVE_LIMIT_USAGE_END

