37.0 APEX_CODE,FINEST;APEX_PROFILING,INFO;CALLOUT,INFO;DB,INFO;NBA,INFO;SYSTEM,DEBUG;VALIDATION,INFO;VISUALFORCE,INFO;WAVE,INFO;WORKFLOW,INFO
17:08:41.16 (16686484)|ENTERING_MANAGED_PKG|Centify
17:08:41.16 (17686078)|ENTERING_MANAGED_PKG|Centify
17:08:41.16 (17730881)|ENTERING_MANAGED_PKG|Centify
17:08:41.16 (18792566)|ENTERING_MANAGED_PKG|Centify
17:08:41.16 (18873441)|ENTERING_MANAGED_PKG|Centify
17:08:41.16 (18914068)|ENTERING_MANAGED_PKG|Centify
17:08:41.36 (36829043)|CUMULATIVE_LIMIT_USAGE
17:08:41.36 (36829043)|LIMIT_USAGE_FOR_NS|(default)|
  Number of SOQL queries: 0 out of 200
  Number of query rows: 0 out of 50000
  Number of SOSL queries: 0 out of 20
  Number of DML statements: 0 out of 150
  Number of DML rows: 0 out of 10000
  Maximum CPU time: 0 out of 60000
  Maximum heap size: 0 out of 12000000
  Number of callouts: 0 out of 0
  Number of Email Invocations: 0 out of 10
  Number of future calls: 0 out of 0
  Number of queueable jobs added to the queue: 0 out of 1
  Number of Mobile Apex push calls: 0 out of 10

17:08:41.36 (36829043)|LIMIT_USAGE_FOR_NS|Centify|
  Number of SOQL queries: 0 out of 200
  Number of query rows: 0 out of 50000
  Number of SOSL queries: 0 out of 20
  Number of DML statements: 0 out of 150
  Number of DML rows: 0 out of 10000
  Maximum CPU time: 0 out of 60000
  Maximum heap size: 0 out of 12000000
  Number of callouts: 0 out of 0
  Number of Email Invocations: 0 out of 10
  Number of future calls: 0 out of 0
  Number of queueable jobs added to the queue: 0 out of 1
  Number of Mobile Apex push calls: 0 out of 10

17:08:41.36 (36829043)|CUMULATIVE_LIMIT_USAGE_END

|ENTERING_MANAGED_PKG|Centify
17:08:40.20 (629245682)|ENTERING_MANAGED_PKG|Centify
17:08:40.20 (629360208)|ENTERING_MANAGED_PKG|Centify
17:08:40.20 (667077593)|ENTERING_MANAGED_PKG|Centify
17:08:40.20 (685328758)|ENTERING_MANAGED_PKG|Centify
17:08:40.20 (685390049)|ENTERING_MANAGED_PKG|Centify
17:08:40.20 (685480520)|ENTERING_MANAGED_PKG|Centify
17:08:40.20 (685516988)|ENTERING_MANAGED_PKG|Centify
17:08:40.20 (685588632)|ENTERING_MANAGED_PKG|Centify
17:08:40.20 (720748955)|ENTERING_MANAGED_PKG|Centify
17:08:40.20 (738120685)|ENTERING_MANAGED_PKG|Centify
17:08:40.20 (738180667)|ENTERING_MANAGED_PKG|Centify
17:08:40.20 (738268008)|ENTERING_MANAGED_PKG|Centify
17:08:40.20 (738304670)|ENTERING_MANAGED_PKG|Centify
17:08:40.20 (738376194)|ENTERING_MANAGED_PKG|Centify
17:08:40.20 (775953979)|ENTERING_MANAGED_PKG|Centify
17:08:40.20 (796898251)|ENTERING_MANAGED_PKG|Centify
17:08:40.20 (796958319)|ENTERING_MANAGED_PKG|Centify
17:08:40.20 (797041326)|ENTERING_MANAGED_PKG|Centify
17:08:40.20 (797077571)|ENTERING_MANAGED_PKG|Centify
17:08:40.20 (797145932)|ENTERING_MANAGED_PKG|Centify
17:08:40.20 (827070772)|ENTERING_MANAGED_PKG|Centify
17:08:40.20 (844039806)|ENTERING_MANAGED_PKG|Centify
17:08:40.20 (844102514)|ENTERING_MANAGED_PKG|Centify
17:08:40.20 (844200323)|ENTERING_MANAGED_PKG|Centify
17:08:40.20 (844237280)|ENTERING_MANAGED_PKG|Centify
17:08:40.20 (844307965)|ENTERING_MANAGED_PKG|Centify
17:08:40.20 (873949183)|ENTERING_MANAGED_PKG|Centify
17:08:40.20 (891237673)|ENTERING_MANAGED_PKG|Centify
17:08:40.20 (891296990)|ENTERING_MANAGED_PKG|Centify
17:08:40.20 (891380689)|ENTERING_MANAGED_PKG|Centify
17:08:40.20 (891416830)|ENTERING_MANAGED_PKG|Centify
17:08:40.20 (891485813)|ENTERING_MANAGED_PKG|Centify
17:08:40.20 (921186043)|ENTERING_MANAGED_PKG|Centify
17:08:40.20 (938226280)|ENTERING_MANAGED_PKG|Centify
17:08:40.20 (938288777)|ENTERING_MANAGED_PKG|Centify
17:08:40.20 (938371236)|ENTERING_MANAGED_PKG|Centify
17:08:40.20 (938406150)|ENTERING_MANAGED_PKG|Centify
17:08:40.20 (938475840)|ENTERING_MANAGED_PKG|Centify
17:08:40.20 (968278660)|ENTERING_MANAGED_PKG|Centify
17:08:40.20 (991126041)|ENTERING_MANAGED_PKG|Centify
17:08:40.20 (991184893)|ENTERING_MANAGED_PKG|Centify
17:08:40.20 (991267420)|ENTERING_MANAGED_PKG|Centify
17:08:40.20 (991302908)|ENTERING_MANAGED_PKG|Centify
17:08:40.20 (991373826)|ENTERING_MANAGED_PKG|Centify
17:08:41.21 (1021563025)|ENTERING_MANAGED_PKG|Centify
17:08:41.21 (1038818723)|ENTERING_MANAGED_PKG|Centify
17:08:41.21 (1038879125)|ENTERING_MANAGED_PKG|Centify
17:08:41.21 (1038962272)|ENTERING_MANAGED_PKG|Centify
17:08:41.21 (1038997953)|ENTERING_MANAGED_PKG|Centify
17:08:41.21 (1039081040)|ENTERING_MANAGED_PKG|Centify
17:08:41.21 (1078158129)|ENTERING_MANAGED_PKG|Centify
17:08:41.21 (1098261737)|ENTERING_MANAGED_PKG|Centify
17:08:41.21 (1098340137)|ENTERING_MANAGED_PKG|Centify
17:08:41.21 (1098457658)|ENTERING_MANAGED_PKG|Centify
17:08:41.21 (1098508192)|ENTERING_MANAGED_PKG|Centify
17:08:41.21 (1098606507)|ENTERING_MANAGED_PKG|Centify
17:08:41.21 (1140212956)|ENTERING_MANAGED_PKG|Centify
17:08:41.21 (1159540580)|ENTERING_MANAGED_PKG|Centify
17:08:41.21 (1159610727)|ENTERING_MANAGED_PKG|Centify
17:08:41.21 (1159703644)|ENTERING_MANAGED_PKG|Centify
17:08:41.21 (1159751421)|ENTERING_MANAGED_PKG|Centify
17:08:41.21 (1159842380)|ENTERING_MANAGED_PKG|Centify
17:08:41.21 (1194524220)|ENTERING_MANAGED_PKG|Centify
17:08:41.21 (1213315169)|ENTERING_MANAGED_PKG|Centify
17:08:41.21 (1213381671)|ENTERING_MANAGED_PKG|Centify
17:08:41.21 (1213477967)|ENTERING_MANAGED_PKG|Centify
17:08:41.21 (1213517646)|ENTERING_MANAGED_PKG|Centify
17:08:41.21 (1213598671)|ENTERING_MANAGED_PKG|Centify
17:08:41.21 (1247161301)|ENTERING_MANAGED_PKG|Centify
17:08:41.21 (1247278471)|ENTERING_MANAGED_PKG|Centify
17:08:41.21 (1247537220)|ENTERING_MANAGED_PKG|Centify
17:08:41.21 (1247613869)|ENTERING_MANAGED_PKG|Centify
17:08:41.21 (1247678846)|ENTERING_MANAGED_PKG|Centify
17:08:41.21 (1248137015)|ENTERING_MANAGED_PKG|Centify
17:08:41.21 (1248258091)|ENTERING_MANAGED_PKG|Centify
17:08:41.21 (1249787277)|ENTERING_MANAGED_PKG|Centify
17:08:41.21 (1249868985)|ENTERING_MANAGED_PKG|Centify
17:08:41.21 (1249976079)|ENTERING_MANAGED_PKG|Centify
17:08:41.21 (1250655875)|ENTERING_MANAGED_PKG|Centify
17:08:41.21 (1251695425)|SOQL_EXECUTE_BEGIN|[16]|Aggregations:0|select id,lastmodifieddate,isdeleted,call_duration_min__c,createddate,tasksubtype,isclosed,subject,ownerid,activitydate,status,whatid,calldurationinseconds,calltype from Task where LastModifiedDate >2018-11-21T07:07:09Z AND LastModifiedDate < 2018-11-21T07:08:46Z AND (   CallType = 'Outbound'  OR  CallType = 'Inbound'  )  ORDER BY SystemModStamp DESC LIMIT 5000  ALL ROWS
17:08:41.21 (1265037176)|SOQL_EXECUTE_END|[16]|Rows:0
17:08:41.290 (1290867056)|CUMULATIVE_LIMIT_USAGE
17:08:41.290 (1290867056)|LIMIT_USAGE_FOR_NS|(default)|
  Number of SOQL queries: 0 out of 200
  Number of query rows: 0 out of 50000
  Number of SOSL queries: 0 out of 20
  Number of DML statements: 0 out of 150
  Number of DML rows: 0 out of 10000
  Maximum CPU time: 0 out of 60000
  Maximum heap size: 0 out of 12000000
  Number of callouts: 0 out of 0
  Number of Email Invocations: 0 out of 10
  Number of future calls: 0 out of 0
  Number of queueable jobs added to the queue: 0 out of 1
  Number of Mobile Apex push calls: 0 out of 10

17:08:41.290 (1290867056)|LIMIT_USAGE_FOR_NS|Centify|
  Number of SOQL queries: 0 out of 200
  Number of query rows: 0 out of 50000
  Number of SOSL queries: 0 out of 20
  Number of DML statements: 0 out of 150
  Number of DML rows: 0 out of 10000
  Maximum CPU time: 0 out of 60000
  Maximum heap size: 0 out of 12000000
  Number of callouts: 0 out of 0
  Number of Email Invocations: 0 out of 10
  Number of future calls: 0 out of 0
  Number of queueable jobs added to the queue: 0 out of 1
  Number of Mobile Apex push calls: 0 out of 10

17:08:41.290 (1290867056)|CUMULATIVE_LIMIT_USAGE_END

