37.0 APEX_CODE,FINEST;APEX_PROFILING,INFO;CALLOUT,INFO;DB,INFO;NBA,INFO;SYSTEM,DEBUG;VALIDATION,INFO;VISUALFORCE,INFO;WAVE,INFO;WORKFLOW,INFO
16:54:40.14 (14710685)|ENTERING_MANAGED_PKG|Centify
16:54:40.14 (15576848)|ENTERING_MANAGED_PKG|Centify
16:54:40.14 (15630799)|ENTERING_MANAGED_PKG|Centify
16:54:40.14 (15848405)|ENTERING_MANAGED_PKG|Centify
16:54:40.14 (15925321)|ENTERING_MANAGED_PKG|Centify
16:54:40.14 (16877514)|ENTERING_MANAGED_PKG|Centify
16:54:40.14 (17264320)|ENTERING_MANAGED_PKG|Centify
16:54:40.14 (17304942)|ENTERING_MANAGED_PKG|Centify
16:54:40.14 (17394771)|ENTERING_MANAGED_PKG|Centify
16:54:40.14 (17448245)|ENTERING_MANAGED_PKG|Centify
16:54:40.14 (17488433)|ENTERING_MANAGED_PKG|Centify
16:54:40.14 (17515424)|ENTERING_MANAGED_PKG|Centify
16:54:40.14 (17538391)|ENTERING_MANAGED_PKG|Centify
16:54:40.14 (17782250)|ENTERING_MANAGED_PKG|Centify
16:54:40.14 (53794908)|ENTERING_MANAGED_PKG|Centify
16:54:40.14 (53877033)|ENTERING_MANAGED_PKG|Centify
16:54:40.14 (53989329)|ENTERING_MANAGED_PKG|Centify
16:54:40.14 (54031801)|ENTERING_MANAGED_PKG|Centify
16:54:40.14 (197128842)|ENTERING_MANAGED_PKG|Centify
16:54:40.14 (255937616)|ENTERING_MANAGED_PKG|Centify
16:54:40.14 (271677098)|ENTERING_MANAGED_PKG|Centify
16:54:40.14 (271739499)|ENTERING_MANAGED_PKG|Centify
16:54:40.14 (271830728)|ENTERING_MANAGED_PKG|Centify
16:54:40.14 (271865138)|ENTERING_MANAGED_PKG|Centify
16:54:40.14 (271928378)|ENTERING_MANAGED_PKG|Centify
16:54:40.14 (310915423)|ENTERING_MANAGED_PKG|Centify
16:54:40.14 (328813160)|ENTERING_MANAGED_PKG|Centify
16:54:40.14 (328871834)|ENTERING_MANAGED_PKG|Centify
16:54:40.14 (328951981)|ENTERING_MANAGED_PKG|Centify
16:54:40.14 (328984603)|ENTERING_MANAGED_PKG|Centify
16:54:40.14 (329047530)|ENTERING_MANAGED_PKG|Centify
16:54:40.14 (367924551)|ENTERING_MANAGED_PKG|Centify
16:54:40.14 (384997866)|ENTERING_MANAGED_PKG|Centify
16:54:40.14 (385058164)|ENTERING_MANAGED_PKG|Centify
16:54:40.14 (385135695)|ENTERING_MANAGED_PKG|Centify
16:54:40.14 (385168429)|ENTERING_MANAGED_PKG|Centify
16:54:40.14 (385230078)|ENTERING_MANAGED_PKG|Centify
16:54:40.14 (421763863)|ENTERING_MANAGED_PKG|Centify
16:54:40.14 (441558930)|ENTERING_MANAGED_PKG|Centify
16:54:40.14 (441618587)|ENTERING_MANAGED_PKG|Centify
16:54:40.14 (441701296)|ENTERING_MANAGED_PKG|Centify
16:54:40.14 (441735448)|ENTERING_MANAGED_PKG|Centify
16:54:40.14 (441803702)|ENTERING_MANAGED_PKG|Centify
16:54:40.14 (480860176)|ENTERING_MANAGED_PKG|Centify
16:54:40.14 (499562995)|ENTERING_MANAGED_PKG|Centify
16:54:40.14 (499625445)|ENTERING_MANAGED_PKG|Centify
16:54:40.14 (499711812)|ENTERING_MANAGED_PKG|Centify
16:54:40.14 (499745844)|ENTERING_MANAGED_PKG|Centify
16:54:40.14 (499810726)|ENTERING_MANAGED_PKG|Centify
16:54:40.14 (540607494)|ENTERING_MANAGED_PKG|Centify
16:54:40.14 (562212309)|ENTERING_MANAGED_PKG|Centify
16:54:40.14 (562655552)|ENTERING_MANAGED_PKG|Centify
16:54:40.14 (583164766)|ENTERING_MANAGED_PKG|Centify
16:54:40.14 (583253314)|ENTERING_MANAGED_PKG|Centify
16:54:40.14 (584586352)|ENTERING_MANAGED_PKG|Centify
16:54:40.14 (584665613)|ENTERING_MANAGED_PKG|Centify
16:54:40.14 (584722993)|ENTERING_MANAGED_PKG|Centify
16:54:40.14 (584800971)|ENTERING_MANAGED_PKG|Centify
16:54:40.14 (590218830)|SOQL_EXECUTE_BEGIN|[19]|Aggregations:0|SELECT Id, OrganizationType FROM Organization LIMIT 1
16:54:40.14 (614206522)|SOQL_EXECUTE_END|[19]|Rows:1
16:54:40.14 (640768319)|ENTERING_MANAGED_PKG|Centify
16:54:40.14 (661270126)|ENTERING_MANAGED_PKG|Centify
16:54:40.14 (661340653)|ENTERING_MANAGED_PKG|Centify
16:54:40.14 (661446431)|ENTERING_MANAGED_PKG|Centify
16:54:40.14 (661491069)|ENTERING_MANAGED_PKG|Centify
16:54:40.14 (661578146)|ENTERING_MANAGED_PKG|Centify
16:54:40.14 (753311237)|ENTERING_MANAGED_PKG|Centify
16:54:40.14 (775849458)|ENTERING_MANAGED_PKG|Centify
16:54:40.14 (775933697)|ENTERING_MANAGED_PKG|Centify
16:54:40.14 (776029284)|ENTERING_MANAGED_PKG|Centify
16:54:40.14 (776073102)|ENTERING_MANAGED_PKG|Centify
16:54:40.14 (776152309)|ENTERING_MANAGED_PKG|Centify
16:54:40.14 (829655106)|ENTERING_MANAGED_PKG|Centify
16:54:40.14 (829727656)|ENTERING_MANAGED_PKG|Centify
16:54:40.14 (829878040)|ENTERING_MANAGED_PKG|Centify
16:54:40.14 (829916893)|ENTERING_MANAGED_PKG|Centify
16:54:40.14 (829946475)|ENTERING_MANAGED_PKG|Centify
16:54:40.14 (830235248)|ENTERING_MANAGED_PKG|Centify
16:54:40.14 (830312104)|ENTERING_MANAGED_PKG|Centify
16:54:40.14 (840915447)|ENTERING_MANAGED_PKG|Centify
16:54:40.14 (841097590)|ENTERING_MANAGED_PKG|Centify
16:54:40.14 (841811892)|ENTERING_MANAGED_PKG|Centify
16:54:40.14 (842634454)|SOQL_EXECUTE_BEGIN|[16]|Aggregations:0|select id,lastmodifieddate,isdeleted,createddate,industry,type,name,ownerid from Account where LastModifiedDate >2018-11-21T06:52:21Z AND LastModifiedDate < 2018-11-21T06:54:46Z  ORDER BY SystemModStamp DESC LIMIT 5000  ALL ROWS
16:54:40.14 (849570073)|SOQL_EXECUTE_END|[16]|Rows:0
16:54:40.869 (869963592)|CUMULATIVE_LIMIT_USAGE
16:54:40.869 (869963592)|LIMIT_USAGE_FOR_NS|(default)|
  Number of SOQL queries: 0 out of 200
  Number of query rows: 0 out of 50000
  Number of SOSL queries: 0 out of 20
  Number of DML statements: 0 out of 150
  Number of DML rows: 0 out of 10000
  Maximum CPU time: 0 out of 60000
  Maximum heap size: 0 out of 12000000
  Number of callouts: 0 out of 0
  Number of Email Invocations: 0 out of 10
  Number of future calls: 0 out of 0
  Number of queueable jobs added to the queue: 0 out of 1
  Number of Mobile Apex push calls: 0 out of 10

16:54:40.869 (869963592)|LIMIT_USAGE_FOR_NS|Centify|
  Number of SOQL queries: 0 out of 200
  Number of query rows: 0 out of 50000
  Number of SOSL queries: 0 out of 20
  Number of DML statements: 0 out of 150
  Number of DML rows: 0 out of 10000
  Maximum CPU time: 0 out of 60000
  Maximum heap size: 0 out of 12000000
  Number of callouts: 0 out of 0
  Number of Email Invocations: 0 out of 10
  Number of future calls: 0 out of 0
  Number of queueable jobs added to the queue: 0 out of 1
  Number of Mobile Apex push calls: 0 out of 10

16:54:40.869 (869963592)|CUMULATIVE_LIMIT_USAGE_END

