37.0 APEX_CODE,FINEST;APEX_PROFILING,INFO;CALLOUT,INFO;DB,INFO;NBA,INFO;SYSTEM,DEBUG;VALIDATION,INFO;VISUALFORCE,INFO;WAVE,INFO;WORKFLOW,INFO
18:44:11.0 (692401)|ENTERING_MANAGED_PKG|Centify
18:44:11.0 (1674402)|ENTERING_MANAGED_PKG|Centify
18:44:11.0 (1713313)|ENTERING_MANAGED_PKG|Centify
18:44:11.0 (1870940)|ENTERING_MANAGED_PKG|Centify
18:44:11.0 (1902763)|ENTERING_MANAGED_PKG|Centify
18:44:11.0 (1987511)|ENTERING_MANAGED_PKG|Centify
18:44:11.0 (4097712)|ENTERING_MANAGED_PKG|Centify
18:44:11.0 (4155575)|ENTERING_MANAGED_PKG|Centify
18:44:11.0 (4281857)|ENTERING_MANAGED_PKG|Centify
18:44:11.0 (4735879)|ENTERING_MANAGED_PKG|Centify
18:44:11.0 (4978041)|ENTERING_MANAGED_PKG|Centify
18:44:11.0 (5154388)|ENTERING_MANAGED_PKG|Centify
18:44:11.0 (5325787)|ENTERING_MANAGED_PKG|Centify
18:44:11.0 (5453817)|ENTERING_MANAGED_PKG|Centify
18:44:11.0 (5564107)|ENTERING_MANAGED_PKG|Centify
18:44:11.0 (5682945)|ENTERING_MANAGED_PKG|Centify
18:44:11.0 (5847520)|ENTERING_MANAGED_PKG|Centify
18:44:11.0 (6006400)|ENTERING_MANAGED_PKG|Centify
18:44:11.0 (6152000)|ENTERING_MANAGED_PKG|Centify
18:44:11.0 (6410391)|ENTERING_MANAGED_PKG|Centify
18:44:11.0 (8706152)|ENTERING_MANAGED_PKG|Centify
18:44:11.0 (8810604)|ENTERING_MANAGED_PKG|Centify
18:44:11.0 (9219383)|ENTERING_MANAGED_PKG|Centify
18:44:11.0 (9311085)|ENTERING_MANAGED_PKG|Centify
18:44:11.0 (9375210)|ENTERING_MANAGED_PKG|Centify
18:44:11.0 (10703628)|ENTERING_MANAGED_PKG|Centify
18:44:11.0 (10782186)|ENTERING_MANAGED_PKG|Centify
18:44:11.0 (14021576)|SOQL_EXECUTE_BEGIN|[363]|Aggregations:0|SELECT Id, Label, MasterLabel, DeveloperName, Endpoint__c, TimeOut__c FROM Endpoint_Setting__mdt LIMIT 50
18:44:11.0 (21863061)|SOQL_EXECUTE_END|[363]|Rows:23
18:44:11.0 (24518982)|ENTERING_MANAGED_PKG|Centify
18:44:11.0 (25493675)|ENTERING_MANAGED_PKG|Centify
18:44:11.0 (25560561)|ENTERING_MANAGED_PKG|Centify
18:44:11.0 (26337202)|ENTERING_MANAGED_PKG|Centify
18:44:11.0 (26403963)|ENTERING_MANAGED_PKG|Centify
18:44:11.0 (26486128)|ENTERING_MANAGED_PKG|Centify
18:44:11.0 (26541376)|ENTERING_MANAGED_PKG|Centify
18:44:11.0 (28561406)|ENTERING_MANAGED_PKG|Centify
18:44:11.0 (28646065)|ENTERING_MANAGED_PKG|Centify
18:44:11.0 (29098002)|ENTERING_MANAGED_PKG|Centify
18:44:11.0 (29174647)|ENTERING_MANAGED_PKG|Centify
18:44:11.0 (29242294)|ENTERING_MANAGED_PKG|Centify
18:44:11.0 (29310138)|ENTERING_MANAGED_PKG|Centify
18:44:11.0 (29425628)|ENTERING_MANAGED_PKG|Centify
18:44:11.0 (32509497)|ENTERING_MANAGED_PKG|Centify
18:44:11.0 (32686887)|ENTERING_MANAGED_PKG|Centify
18:44:11.0 (34266748)|ENTERING_MANAGED_PKG|Centify
18:44:11.0 (575301281)|ENTERING_MANAGED_PKG|Centify
18:44:11.0 (575823906)|ENTERING_MANAGED_PKG|Centify
18:44:11.0 (577855940)|ENTERING_MANAGED_PKG|Centify
18:44:11.0 (581520653)|ENTERING_MANAGED_PKG|Centify
18:44:11.0 (581565637)|ENTERING_MANAGED_PKG|Centify
18:44:11.0 (581626570)|ENTERING_MANAGED_PKG|Centify
18:44:11.0 (581747188)|ENTERING_MANAGED_PKG|Centify
18:44:11.0 (581932060)|ENTERING_MANAGED_PKG|Centify
18:44:11.0 (581998658)|ENTERING_MANAGED_PKG|Centify
18:44:11.0 (582069712)|ENTERING_MANAGED_PKG|Centify
18:44:11.0 (582101286)|ENTERING_MANAGED_PKG|Centify
18:44:11.0 (582165246)|ENTERING_MANAGED_PKG|Centify
18:44:11.0 (582210030)|ENTERING_MANAGED_PKG|Centify
18:44:11.0 (582283776)|ENTERING_MANAGED_PKG|Centify
18:44:11.0 (582337374)|ENTERING_MANAGED_PKG|Centify
18:44:11.0 (582396365)|ENTERING_MANAGED_PKG|Centify
18:44:11.0 (582457024)|ENTERING_MANAGED_PKG|Centify
18:44:11.0 (582675692)|ENTERING_MANAGED_PKG|Centify
18:44:11.0 (583818269)|DML_BEGIN|[146]|Op:Delete|Type:Centify__Notification__c|Rows:2
18:44:11.0 (684969359)|DML_END|[146]
