37.0 APEX_CODE,FINEST;APEX_PROFILING,INFO;CALLOUT,INFO;DB,INFO;NBA,INFO;SYSTEM,DEBUG;VALIDATION,INFO;VISUALFORCE,INFO;WAVE,INFO;WORKFLOW,INFO
17:28:34.14 (14549441)|ENTERING_MANAGED_PKG|Centify
17:28:34.14 (15919608)|ENTERING_MANAGED_PKG|Centify
17:28:34.14 (15984150)|ENTERING_MANAGED_PKG|Centify
17:28:34.14 (16232910)|ENTERING_MANAGED_PKG|Centify
17:28:34.14 (16329061)|ENTERING_MANAGED_PKG|Centify
17:28:34.14 (17420985)|ENTERING_MANAGED_PKG|Centify
17:28:34.14 (17869538)|ENTERING_MANAGED_PKG|Centify
17:28:34.14 (17900182)|ENTERING_MANAGED_PKG|Centify
17:28:34.14 (18008456)|ENTERING_MANAGED_PKG|Centify
17:28:34.14 (18071697)|ENTERING_MANAGED_PKG|Centify
17:28:34.14 (18117481)|ENTERING_MANAGED_PKG|Centify
17:28:34.14 (18147111)|ENTERING_MANAGED_PKG|Centify
17:28:34.14 (18169250)|ENTERING_MANAGED_PKG|Centify
17:28:34.14 (18431656)|ENTERING_MANAGED_PKG|Centify
17:28:34.14 (64628496)|ENTERING_MANAGED_PKG|Centify
17:28:34.14 (64743160)|ENTERING_MANAGED_PKG|Centify
17:28:34.14 (64885338)|ENTERING_MANAGED_PKG|Centify
17:28:34.14 (64950282)|ENTERING_MANAGED_PKG|Centify
17:28:34.14 (227203239)|ENTERING_MANAGED_PKG|Centify
17:28:34.14 (289667191)|ENTERING_MANAGED_PKG|Centify
17:28:34.14 (303172220)|ENTERING_MANAGED_PKG|Centify
17:28:34.14 (303237749)|ENTERING_MANAGED_PKG|Centify
17:28:34.14 (303320459)|ENTERING_MANAGED_PKG|Centify
17:28:34.14 (303355288)|ENTERING_MANAGED_PKG|Centify
17:28:34.14 (303423724)|ENTERING_MANAGED_PKG|Centify
17:28:34.14 (341206055)|ENTERING_MANAGED_PKG|Centify
17:28:34.14 (357560704)|ENTERING_MANAGED_PKG|Centify
17:28:34.14 (357622840)|ENTERING_MANAGED_PKG|Centify
17:28:34.14 (357713914)|ENTERING_MANAGED_PKG|Centify
17:28:34.14 (357771840)|ENTERING_MANAGED_PKG|Centify
17:28:34.14 (357869938)|ENTERING_MANAGED_PKG|Centify
17:28:34.14 (398994813)|ENTERING_MANAGED_PKG|Centify
17:28:34.14 (415687483)|ENTERING_MANAGED_PKG|Centify
17:28:34.14 (415755217)|ENTERING_MANAGED_PKG|Centify
17:28:34.14 (415848640)|ENTERING_MANAGED_PKG|Centify
17:28:34.14 (415888686)|ENTERING_MANAGED_PKG|Centify
17:28:34.14 (415967908)|ENTERING_MANAGED_PKG|Centify
17:28:34.14 (455320017)|ENTERING_MANAGED_PKG|Centify
17:28:34.14 (471874142)|ENTERING_MANAGED_PKG|Centify
17:28:34.14 (471941732)|ENTERING_MANAGED_PKG|Centify
17:28:34.14 (472034713)|ENTERING_MANAGED_PKG|Centify
17:28:34.14 (472076285)|ENTERING_MANAGED_PKG|Centify
17:28:34.14 (472154433)|ENTERING_MANAGED_PKG|Centify
17:28:34.14 (507013413)|ENTERING_MANAGED_PKG|Centify
17:28:34.14 (523170820)|ENTERING_MANAGED_PKG|Centify
17:28:34.14 (523231617)|ENTERING_MANAGED_PKG|Centify
17:28:34.14 (523316195)|ENTERING_MANAGED_PKG|Centify
17:28:34.14 (523351096)|ENTERING_MANAGED_PKG|Centify
17:28:34.14 (523418504)|ENTERING_MANAGED_PKG|Centify
17:28:34.14 (575804279)|ENTERING_MANAGED_PKG|Centify
17:28:34.14 (591556272)|ENTERING_MANAGED_PKG|Centify
17:28:34.14 (591612626)|ENTERING_MANAGED_PKG|Centify
17:28:34.14 (591699521)|ENTERING_MANAGED_PKG|Centify
17:28:34.14 (591735238)|ENTERING_MANAGED_PKG|Centify
17:28:34.14 (591803312)|ENTERING_MANAGED_PKG|Centify
17:28:34.14 (627115181)|ENTERING_MANAGED_PKG|Centify
17:28:34.14 (643481502)|ENTERING_MANAGED_PKG|Centify
17:28:34.14 (643541507)|ENTERING_MANAGED_PKG|Centify
17:28:34.14 (643624560)|ENTERING_MANAGED_PKG|Centify
17:28:34.14 (643666245)|ENTERING_MANAGED_PKG|Centify
17:28:34.14 (643734328)|ENTERING_MANAGED_PKG|Centify
17:28:34.14 (678237039)|ENTERING_MANAGED_PKG|Centify
17:28:34.14 (678302482)|ENTERING_MANAGED_PKG|Centify
17:28:34.14 (678446660)|ENTERING_MANAGED_PKG|Centify
17:28:34.14 (678471479)|ENTERING_MANAGED_PKG|Centify
17:28:34.14 (678608724)|ENTERING_MANAGED_PKG|Centify
17:28:34.14 (678656300)|ENTERING_MANAGED_PKG|Centify
17:28:34.14 (678692574)|ENTERING_MANAGED_PKG|Centify
17:28:34.14 (679013440)|ENTERING_MANAGED_PKG|Centify
17:28:34.14 (679094456)|ENTERING_MANAGED_PKG|Centify
17:28:34.14 (680410021)|ENTERING_MANAGED_PKG|Centify
17:28:34.14 (680530955)|ENTERING_MANAGED_PKG|Centify
17:28:34.14 (681132183)|ENTERING_MANAGED_PKG|Centify
17:28:34.14 (681897994)|SOQL_EXECUTE_BEGIN|[16]|Aggregations:0|select id,lastmodifieddate,isdeleted,name,ownerid,has_the_save_strategy_been_implemented__c,status__c,product_type__c from Cases__c where LastModifiedDate >2018-11-21T07:24:33Z AND LastModifiedDate < 2018-11-21T07:28:40Z  ORDER BY SystemModStamp DESC LIMIT 5000  ALL ROWS
17:28:34.14 (688707683)|SOQL_EXECUTE_END|[16]|Rows:0
17:28:34.712 (712703718)|CUMULATIVE_LIMIT_USAGE
17:28:34.712 (712703718)|LIMIT_USAGE_FOR_NS|(default)|
  Number of SOQL queries: 0 out of 200
  Number of query rows: 0 out of 50000
  Number of SOSL queries: 0 out of 20
  Number of DML statements: 0 out of 150
  Number of DML rows: 0 out of 10000
  Maximum CPU time: 0 out of 60000
  Maximum heap size: 0 out of 12000000
  Number of callouts: 0 out of 0
  Number of Email Invocations: 0 out of 10
  Number of future calls: 0 out of 0
  Number of queueable jobs added to the queue: 0 out of 1
  Number of Mobile Apex push calls: 0 out of 10

17:28:34.712 (712703718)|LIMIT_USAGE_FOR_NS|Centify|
  Number of SOQL queries: 0 out of 200
  Number of query rows: 0 out of 50000
  Number of SOSL queries: 0 out of 20
  Number of DML statements: 0 out of 150
  Number of DML rows: 0 out of 10000
  Maximum CPU time: 0 out of 60000
  Maximum heap size: 0 out of 12000000
  Number of callouts: 0 out of 0
  Number of Email Invocations: 0 out of 10
  Number of future calls: 0 out of 0
  Number of queueable jobs added to the queue: 0 out of 1
  Number of Mobile Apex push calls: 0 out of 10

17:28:34.712 (712703718)|CUMULATIVE_LIMIT_USAGE_END

