37.0 APEX_CODE,FINEST;APEX_PROFILING,INFO;CALLOUT,INFO;DB,INFO;NBA,INFO;SYSTEM,DEBUG;VALIDATION,INFO;VISUALFORCE,INFO;WAVE,INFO;WORKFLOW,INFO
17:07:40.19 (19304969)|ENTERING_MANAGED_PKG|Centify
17:07:40.19 (20241910)|ENTERING_MANAGED_PKG|Centify
17:07:40.19 (20282858)|ENTERING_MANAGED_PKG|Centify
17:07:40.19 (20432097)|ENTERING_MANAGED_PKG|Centify
17:07:40.19 (20484220)|ENTERING_MANAGED_PKG|Centify
17:07:40.19 (21125174)|ENTERING_MANAGED_PKG|Centify
17:07:40.19 (21385579)|ENTERING_MANAGED_PKG|Centify
17:07:40.19 (21410453)|ENTERING_MANAGED_PKG|Centify
17:07:40.19 (21475820)|ENTERING_MANAGED_PKG|Centify
17:07:40.19 (21513021)|ENTERING_MANAGED_PKG|Centify
17:07:40.19 (21540732)|ENTERING_MANAGED_PKG|Centify
17:07:40.19 (21558736)|ENTERING_MANAGED_PKG|Centify
17:07:40.19 (21573507)|ENTERING_MANAGED_PKG|Centify
17:07:40.19 (21736521)|ENTERING_MANAGED_PKG|Centify
17:07:40.19 (54846458)|ENTERING_MANAGED_PKG|Centify
17:07:40.19 (54917916)|ENTERING_MANAGED_PKG|Centify
17:07:40.19 (55017098)|ENTERING_MANAGED_PKG|Centify
17:07:40.19 (55058580)|ENTERING_MANAGED_PKG|Centify
17:07:40.19 (257027655)|ENTERING_MANAGED_PKG|Centify
17:07:40.19 (308593024)|ENTERING_MANAGED_PKG|Centify
17:07:40.19 (323958831)|ENTERING_MANAGED_PKG|Centify
17:07:40.19 (324018080)|ENTERING_MANAGED_PKG|Centify
17:07:40.19 (324099921)|ENTERING_MANAGED_PKG|Centify
17:07:40.19 (324134965)|ENTERING_MANAGED_PKG|Centify
17:07:40.19 (324203418)|ENTERING_MANAGED_PKG|Centify
17:07:40.19 (350475440)|ENTERING_MANAGED_PKG|Centify
17:07:40.19 (366390905)|ENTERING_MANAGED_PKG|Centify
17:07:40.19 (366442383)|ENTERING_MANAGED_PKG|Centify
17:07:40.19 (366521697)|ENTERING_MANAGED_PKG|Centify
17:07:40.19 (366552685)|ENTERING_MANAGED_PKG|Centify
17:07:40.19 (366619551)|ENTERING_MANAGED_PKG|Centify
17:07:40.19 (392733860)|ENTERING_MANAGED_PKG|Centify
17:07:40.19 (408480690)|ENTERING_MANAGED_PKG|Centify
17:07:40.19 (408531687)|ENTERING_MANAGED_PKG|Centify
17:07:40.19 (408605552)|ENTERING_MANAGED_PKG|Centify
17:07:40.19 (408639799)|ENTERING_MANAGED_PKG|Centify
17:07:40.19 (408704801)|ENTERING_MANAGED_PKG|Centify
17:07:40.19 (432908370)|ENTERING_MANAGED_PKG|Centify
17:07:40.19 (448510137)|ENTERING_MANAGED_PKG|Centify
17:07:40.19 (448564315)|ENTERING_MANAGED_PKG|Centify
17:07:40.19 (448640290)|ENTERING_MANAGED_PKG|Centify
17:07:40.19 (448674854)|ENTERING_MANAGED_PKG|Centify
17:07:40.19 (448740488)|ENTERING_MANAGED_PKG|Centify
17:07:40.19 (473568129)|ENTERING_MANAGED_PKG|Centify
17:07:40.19 (488320814)|ENTERING_MANAGED_PKG|Centify
17:07:40.19 (488368805)|ENTERING_MANAGED_PKG|Centify
17:07:40.19 (488446696)|ENTERING_MANAGED_PKG|Centify
17:07:40.19 (488477474)|ENTERING_MANAGED_PKG|Centify
17:07:40.19 (488540289)|ENTERING_MANAGED_PKG|Centify
17:07:40.19 (511868168)|ENTERING_MANAGED_PKG|Centify
17:07:40.19 (526778847)|ENTERING_MANAGED_PKG|Centify
17:07:40.19 (526828832)|ENTERING_MANAGED_PKG|Centify
17:07:40.19 (526911349)|ENTERING_MANAGED_PKG|Centify
17:07:40.19 (526947522)|ENTERING_MANAGED_PKG|Centify
17:07:40.19 (527014916)|ENTERING_MANAGED_PKG|Centify
17:07:40.19 (552111912)|ENTERING_MANAGED_PKG|Centify
17:07:40.19 (567616753)|ENTERING_MANAGED_PKG|Centify
17:07:40.19 (567666759)|ENTERING_MANAGED_PKG|Centify
17:07:40.19 (567740348)|ENTERING_MANAGED_PKG|Centify
17:07:40.19 (567774705)|ENTERING_MANAGED_PKG|Centify
17:07:40.19 (567844472)|ENTERING_MANAGED_PKG|Centify
17:07:40.19 (590919251)|ENTERING_MANAGED_PKG|Centify
17:07:40.19 (605828531)|ENTERING_MANAGED_PKG|Centify
17:07:40.19 (605883209)|ENTERING_MANAGED_PKG|Centify
17:07:40.19 (605957222)|ENTERING_MANAGED_PKG|Centify
17:07:40.19 (605990110)|ENTERING_MANAGED_PKG|Centify
17:07:40.19 (606055119)|ENTERING_MANAGED_PKG|Centify
17:07:40.19 (629412775)|ENTERING_MANAGED_PKG|Centify
17:07:40.19 (644398089)|ENTERING_MANAGED_PKG|Centify
17:07:40.19 (644448044)|ENTERING_MANAGED_PKG|Centify
17:07:40.19 (644521319)|ENTERING_MANAGED_PKG|Centify
17:07:40.19 (644555186)|ENTERING_MANAGED_PKG|Centify
17:07:40.19 (644621166)|ENTERING_MANAGED_PKG|Centify
17:07:40.19 (668592041)|ENTERING_MANAGED_PKG|Centify
17:07:40.19 (668650005)|ENTERING_MANAGED_PKG|Centify
17:07:40.19 (668806204)|ENTERING_MANAGED_PKG|Centify
17:07:40.19 (668845777)|ENTERING_MANAGED_PKG|Centify
17:07:40.19 (668886200)|ENTERING_MANAGED_PKG|Centify
17:07:40.19 (669173486)|ENTERING_MANAGED_PKG|Centify
17:07:40.19 (669248574)|ENTERING_MANAGED_PKG|Centify
17:07:40.19 (682564017)|ENTERING_MANAGED_PKG|Centify
17:07:40.19 (682636537)|ENTERING_MANAGED_PKG|Centify
17:07:40.19 (682719350)|ENTERING_MANAGED_PKG|Centify
17:07:40.19 (683351825)|ENTERING_MANAGED_PKG|Centify
17:07:40.19 (684098660)|SOQL_EXECUTE_BEGIN|[16]|Aggregations:0|select id,lastmodifieddate,isdeleted,ownerid,status,whatid,activitydate,tasksubtype,isclosed,subject from Task where LastModifiedDate >2018-11-21T07:07:09Z AND LastModifiedDate < 2018-11-21T07:07:46Z AND (  Subject = 'Email' )  ORDER BY SystemModStamp DESC LIMIT 5000  ALL ROWS
17:07:40.19 (690374768)|SOQL_EXECUTE_END|[16]|Rows:0
17:07:40.712 (712143642)|CUMULATIVE_LIMIT_USAGE
17:07:40.712 (712143642)|LIMIT_USAGE_FOR_NS|(default)|
  Number of SOQL queries: 0 out of 200
  Number of query rows: 0 out of 50000
  Number of SOSL queries: 0 out of 20
  Number of DML statements: 0 out of 150
  Number of DML rows: 0 out of 10000
  Maximum CPU time: 0 out of 60000
  Maximum heap size: 0 out of 12000000
  Number of callouts: 0 out of 0
  Number of Email Invocations: 0 out of 10
  Number of future calls: 0 out of 0
  Number of queueable jobs added to the queue: 0 out of 1
  Number of Mobile Apex push calls: 0 out of 10

17:07:40.712 (712143642)|LIMIT_USAGE_FOR_NS|Centify|
  Number of SOQL queries: 0 out of 200
  Number of query rows: 0 out of 50000
  Number of SOSL queries: 0 out of 20
  Number of DML statements: 0 out of 150
  Number of DML rows: 0 out of 10000
  Maximum CPU time: 0 out of 60000
  Maximum heap size: 0 out of 12000000
  Number of callouts: 0 out of 0
  Number of Email Invocations: 0 out of 10
  Number of future calls: 0 out of 0
  Number of queueable jobs added to the queue: 0 out of 1
  Number of Mobile Apex push calls: 0 out of 10

17:07:40.712 (712143642)|CUMULATIVE_LIMIT_USAGE_END

