37.0 APEX_CODE,FINEST;APEX_PROFILING,INFO;CALLOUT,INFO;DB,INFO;NBA,INFO;SYSTEM,DEBUG;VALIDATION,INFO;VISUALFORCE,INFO;WAVE,INFO;WORKFLOW,INFO
17:04:40.14 (14429925)|ENTERING_MANAGED_PKG|Centify
17:04:40.14 (17410463)|ENTERING_MANAGED_PKG|Centify
17:04:40.14 (20116796)|ENTERING_MANAGED_PKG|Centify
17:04:40.14 (20242007)|ENTERING_MANAGED_PKG|Centify
17:04:40.14 (20286358)|ENTERING_MANAGED_PKG|Centify
17:04:40.14 (20351769)|ENTERING_MANAGED_PKG|Centify
17:04:40.14 (20376381)|ENTERING_MANAGED_PKG|Centify
17:04:40.14 (20427622)|ENTERING_MANAGED_PKG|Centify
17:04:40.14 (20447223)|ENTERING_MANAGED_PKG|Centify
17:04:40.14 (20517080)|ENTERING_MANAGED_PKG|Centify
17:04:40.14 (20578566)|ENTERING_MANAGED_PKG|Centify
17:04:40.14 (24766695)|SOQL_EXECUTE_BEGIN|[19]|Aggregations:0|SELECT Id, OrganizationType FROM Organization LIMIT 1
17:04:40.14 (30110053)|SOQL_EXECUTE_END|[19]|Rows:1
17:04:40.14 (32184197)|ENTERING_MANAGED_PKG|Centify
17:04:40.14 (32261797)|ENTERING_MANAGED_PKG|Centify
17:04:40.14 (32404496)|ENTERING_MANAGED_PKG|Centify
17:04:40.14 (32460845)|ENTERING_MANAGED_PKG|Centify
17:04:40.14 (32830904)|ENTERING_MANAGED_PKG|Centify
17:04:40.14 (32866256)|ENTERING_MANAGED_PKG|Centify
17:04:40.14 (32952507)|ENTERING_MANAGED_PKG|Centify
17:04:40.14 (33004579)|ENTERING_MANAGED_PKG|Centify
17:04:40.14 (35695357)|SOQL_EXECUTE_BEGIN|[95]|Aggregations:0|SELECT MAX(Last_Sync_Time__c) maxDT FROM Salesforce_Sync_Settings__c
17:04:40.14 (39288092)|SOQL_EXECUTE_END|[95]|Rows:1
17:04:40.14 (39657383)|ENTERING_MANAGED_PKG|Centify
17:04:40.14 (39722132)|ENTERING_MANAGED_PKG|Centify
17:04:40.14 (45453089)|ENTERING_MANAGED_PKG|Centify
17:04:40.14 (45541142)|ENTERING_MANAGED_PKG|Centify
17:04:40.14 (47875983)|SOQL_EXECUTE_BEGIN|[84]|Aggregations:0|SELECT COUNT() FROM Notification__c WHERE ((Number_Of_Attempts__c = NULL OR Number_Of_Attempts__c < :tmpVar1) AND (CreatedDate = TODAY OR LastModifiedDate = TODAY)) LIMIT 25000
17:04:40.14 (61291211)|SOQL_EXECUTE_END|[84]|Rows:0
17:04:40.14 (61396957)|ENTERING_MANAGED_PKG|Centify
17:04:40.14 (61460524)|ENTERING_MANAGED_PKG|Centify
17:04:40.14 (61522959)|ENTERING_MANAGED_PKG|Centify
17:04:40.14 (61568321)|ENTERING_MANAGED_PKG|Centify
17:04:40.14 (61633657)|ENTERING_MANAGED_PKG|Centify
17:04:40.14 (65106111)|SOQL_EXECUTE_BEGIN|[366]|Aggregations:0|SELECT Id, Label, MasterLabel, DeveloperName, Endpoint__c, TimeOut__c FROM Endpoint_Setting__mdt LIMIT 50
17:04:40.14 (72479376)|SOQL_EXECUTE_END|[366]|Rows:24
17:04:40.14 (73886173)|ENTERING_MANAGED_PKG|Centify
17:04:40.14 (73945661)|ENTERING_MANAGED_PKG|Centify
17:04:40.14 (76699717)|ENTERING_MANAGED_PKG|Centify
17:04:40.14 (76735430)|ENTERING_MANAGED_PKG|Centify
17:04:40.14 (79460162)|ENTERING_MANAGED_PKG|Centify
17:04:40.14 (80557211)|ENTERING_MANAGED_PKG|Centify
17:04:40.14 (80619700)|ENTERING_MANAGED_PKG|Centify
17:04:40.14 (80675323)|ENTERING_MANAGED_PKG|Centify
17:04:40.14 (81507487)|ENTERING_MANAGED_PKG|Centify
17:04:40.14 (81564452)|ENTERING_MANAGED_PKG|Centify
17:04:40.14 (81602309)|ENTERING_MANAGED_PKG|Centify
17:04:40.14 (86310747)|ENTERING_MANAGED_PKG|Centify
17:04:40.14 (86378689)|ENTERING_MANAGED_PKG|Centify
17:04:40.14 (86436719)|ENTERING_MANAGED_PKG|Centify
17:04:40.14 (86486184)|ENTERING_MANAGED_PKG|Centify
17:04:40.14 (86569332)|ENTERING_MANAGED_PKG|Centify
17:04:40.14 (89060009)|ENTERING_MANAGED_PKG|Centify
17:04:40.14 (89221387)|ENTERING_MANAGED_PKG|Centify
17:04:40.14 (89983385)|ENTERING_MANAGED_PKG|Centify
17:04:40.14 (513248810)|ENTERING_MANAGED_PKG|Centify
17:04:40.528 (528768831)|CUMULATIVE_LIMIT_USAGE
17:04:40.528 (528768831)|LIMIT_USAGE_FOR_NS|(default)|
  Number of SOQL queries: 0 out of 200
  Number of query rows: 0 out of 50000
  Number of SOSL queries: 0 out of 20
  Number of DML statements: 0 out of 150
  Number of DML rows: 0 out of 10000
  Maximum CPU time: 0 out of 60000
  Maximum heap size: 0 out of 12000000
  Number of callouts: 0 out of 0
  Number of Email Invocations: 0 out of 10
  Number of future calls: 0 out of 0
  Number of queueable jobs added to the queue: 0 out of 1
  Number of Mobile Apex push calls: 0 out of 10

17:04:40.528 (528768831)|LIMIT_USAGE_FOR_NS|Centify|
  Number of SOQL queries: 0 out of 200
  Number of query rows: 0 out of 50000
  Number of SOSL queries: 0 out of 20
  Number of DML statements: 0 out of 150
  Number of DML rows: 0 out of 10000
  Maximum CPU time: 0 out of 60000
  Maximum heap size: 0 out of 12000000
  Number of callouts: 0 out of 0
  Number of Email Invocations: 0 out of 10
  Number of future calls: 0 out of 0
  Number of queueable jobs added to the queue: 0 out of 1
  Number of Mobile Apex push calls: 0 out of 10

17:04:40.528 (528768831)|CUMULATIVE_LIMIT_USAGE_END

