36.0 APEX_CODE,FINEST;APEX_PROFILING,INFO;CALLOUT,INFO;DB,INFO;NBA,INFO;SYSTEM,DEBUG;VALIDATION,INFO;VISUALFORCE,INFO;WAVE,INFO;WORKFLOW,INFO
11:45:16.0 (179956)|USER_INFO|[EXTERNAL]|00590000000Vmmq|ben@bjbglobal.com.au|Australian Eastern Standard Time|GMT+10:00
11:45:16.0 (242421)|EXECUTION_STARTED
11:45:16.0 (249716)|CODE_UNIT_STARTED|[EXTERNAL]|TRIGGERS
11:45:16.0 (299467)|CODE_UNIT_STARTED|[EXTERNAL]|01q6F000001IGJa|LinkCaseCallstoContact on Task trigger event BeforeInsert|__sfdc_trigger/LinkCaseCallstoContact
11:45:16.0 (382783)|HEAP_ALLOCATE|[EXTERNAL]|Bytes:8
11:45:16.0 (1015065)|HEAP_ALLOCATE|[72]|Bytes:3
11:45:16.0 (1075179)|HEAP_ALLOCATE|[77]|Bytes:152
11:45:16.0 (1097971)|HEAP_ALLOCATE|[342]|Bytes:408
11:45:16.0 (1120288)|HEAP_ALLOCATE|[355]|Bytes:408
11:45:16.0 (1142182)|HEAP_ALLOCATE|[467]|Bytes:48
11:45:16.0 (1183192)|HEAP_ALLOCATE|[139]|Bytes:6
11:45:16.0 (1208157)|HEAP_ALLOCATE|[EXTERNAL]|Bytes:6
11:45:16.0 (1229285)|HEAP_ALLOCATE|[EXTERNAL]|Bytes:4
11:45:16.0 (1241248)|VARIABLE_SCOPE_BEGIN|[1]|this|LinkCaseCallstoContact|true|false
11:45:16.0 (1297080)|VARIABLE_ASSIGNMENT|[1]|this|{}|0x72722198
11:45:16.0 (1399340)|HEAP_ALLOCATE|[EXTERNAL]|Bytes:4
11:45:16.0 (1413650)|VARIABLE_SCOPE_BEGIN|[1]|this|LinkCaseCallstoContact|true|false
11:45:16.0 (1437484)|VARIABLE_ASSIGNMENT|[1]|this|{}|0x72722198
11:45:16.0 (1451726)|STATEMENT_EXECUTE|[1]
11:45:16.0 (1503108)|HEAP_ALLOCATE|[50]|Bytes:5
11:45:16.0 (1544336)|HEAP_ALLOCATE|[56]|Bytes:5
11:45:16.0 (1559074)|HEAP_ALLOCATE|[64]|Bytes:7
11:45:16.0 (2074305)|HEAP_ALLOCATE|[2]|Bytes:5
11:45:16.0 (2127978)|HEAP_ALLOCATE|[2]|Bytes:4
11:45:16.0 (2146140)|VARIABLE_SCOPE_BEGIN|[2]|tsk|Task|true|false
11:45:16.0 (15294494)|VARIABLE_ASSIGNMENT|[2]|tsk|{"WhatId":"a0h6F00000MtoUMQAZ","CallType":"Outbound","IsHighPriority":false,"IsClosed":false,"NVMStatsSF__NVM_Agent__c":"48","Is_Mobile_Number__c":true,"OwnerId":"0056F000007WBOiQAO","IsToday__c":false,"IsReminderSet":false,"Status":"Completed","IsDeleted":false,"NVMContactWorld__CW_Call_Start_Time__c":"2018-11-06T01:45:16.000Z","ActivityDate":"2018-11-06T00:00:00.000Z","Priority":"Normal","IsVisibleInSelfService":false,"NVMContactWorld__Was_Call_Recorded__c":false,"CurrencyIsoCode":"AUD","IsRecurrence":false,"Subject":"Outbound call to +61 (9 more) ...","IsArchived":false,"CallObject":"0166e6b1-fada-117f-e (16 more) ...","NVMContactWorld__Customer_Number__c":"+61421484808","NVMContactWorld__ContactWorld_Number__c":"61731530806","Day_of_the_Week__c":"Tuesday","Call_Duration_min__c":0.00,"Call_Monitored__c":false}|0x5011aa1f
11:45:16.0 (15348853)|STATEMENT_EXECUTE|[2]
11:45:16.0 (15437772)|HEAP_ALLOCATE|[4]|Bytes:8
11:45:16.0 (15530466)|STATEMENT_EXECUTE|[4]
11:45:16.0 (15534755)|STATEMENT_EXECUTE|[5]
11:45:16.0 (16980929)|USER_DEBUG|[5]|DEBUG|Task:{Id=null, WhoId=null, WhatId=a0h6F00000MtoUMQAZ, Subject=Outbound call to +61421484808, ActivityDate=2018-11-06 00:00:00, Status=Completed, Priority=Normal, IsHighPriority=false, OwnerId=0056F000007WBOiQAO, Description=null, CurrencyIsoCode=AUD, Type=null, IsDeleted=false, AccountId=null, IsClosed=false, CreatedDate=null, CreatedById=null, LastModifiedDate=null, LastModifiedById=null, SystemModstamp=null, IsArchived=false, IsVisibleInSelfService=false, CallDurationInSeconds=null, CallType=Outbound, CallDisposition=null, CallObject=0166e6b1-fada-117f-eaeb-ec47bba98f54, ReminderDateTime=null, IsReminderSet=false, ConnectionReceivedId=null, ConnectionSentId=null, RecurrenceActivityId=null, IsRecurrence=false, RecurrenceStartDateOnly=null, RecurrenceEndDateOnly=null, RecurrenceTimeZoneSidKey=null, RecurrenceType=null, RecurrenceInterval=null, RecurrenceDayOfWeekMask=null, RecurrenceDayOfMonth=null, RecurrenceInstance=null, RecurrenceMonthOfYear=null, RecurrenceRegeneratedType=null, TaskSubtype=null, NVMContactWorld__ACD__c=null, NVMContactWorld__CW_Call_End_Time__c=null, NVMContactWorld__CW_Call_Start_Time__c=2018-11-06 01:45:16, NVMContactWorld__CallRingTimeInSeconds__c=null, NVMContactWorld__CallTalkTimeInSeconds__c=null, NVMContactWorld__ContactWorld_Number__c=61731530806, NVMContactWorld__Customer_Number__c=+61421484808, NVMContactWorld__InteractionQuality__c=null, NVMContactWorld__Service_Name__c=null, NVMContactWorld__Was_Call_Recorded__c=false, Call_Monitored__c=false, Monitored_By__c=null, Call_Outcome_Result__c=null, Monitored_Date__c=null, Demonstrate_active_listening__c=null, Communication_is_clear_positive_confiden__c=null, Mirrors_clients_talking_behaviour__c=null, Built_Rapport__c=null, Allow_customer_to_present_concerns__c=null, Gave_correct_answers_and_infomations__c=null, CM_advised_what_will_happen_next__c=null, TL_Notes__c=null, Day_of_the_Week__c=Tuesday, Email_Received_Date__c=null, Email_Response_Time__c=null, Call_Duration_converted__c=null, Email_Received_Date_Business_Hour__c=null, NVMStatsSF__NVM_Agent__c=48, Is_Mobile_Number__c=true, Call_Duration_min__c=0.00, IsToday__c=false}
11:45:16.0 (17077103)|STATEMENT_EXECUTE|[6]
11:45:16.0 (17082835)|STATEMENT_EXECUTE|[6]
11:45:16.0 (17086603)|STATEMENT_EXECUTE|[7]
11:45:16.0 (17110243)|HEAP_ALLOCATE|[7]|Bytes:65
11:45:16.0 (17142765)|HEAP_ALLOCATE|[7]|Bytes:4
11:45:16.0 (17163558)|HEAP_ALLOCATE|[7]|Bytes:7
11:45:16.0 (21306343)|SOQL_EXECUTE_BEGIN|[7]|Aggregations:0|SELECT Id, Account__c, phone__c FROM Cases__c WHERE id = :tmpVar1
11:45:16.0 (24681403)|SOQL_EXECUTE_END|[7]|Rows:0
11:45:16.0 (24743971)|HEAP_ALLOCATE|[7]|Bytes:4
11:45:16.0 (24772228)|HEAP_ALLOCATE|[7]|Bytes:0
11:45:16.0 (24911108)|HEAP_ALLOCATE|[7]|Bytes:4
11:45:16.0 (24941009)|HEAP_ALLOCATE|[7]|Bytes:34
11:45:16.0 (25098211)|HEAP_ALLOCATE|[7]|Bytes:46
11:45:16.0 (25163357)|VARIABLE_SCOPE_BEGIN|[14]|e|Exception|true|false
11:45:16.0 (25619894)|VARIABLE_ASSIGNMENT|[14]|e|"common.apex.runtime.impl.ExecutionException: List has no rows for assignment to SObject"|0x28798942
11:45:16.0 (25639527)|STATEMENT_EXECUTE|[14]
11:45:16.0 (25643330)|STATEMENT_EXECUTE|[15]
11:45:16.0 (25733262)|HEAP_ALLOCATE|[15]|Bytes:42
11:45:16.0 (25777007)|USER_DEBUG|[15]|DEBUG|List has no rows for assignment to SObject
11:45:16.0 (25821987)|HEAP_ALLOCATE|[2]|Bytes:5
11:45:16.0 (25856322)|VARIABLE_ASSIGNMENT|[2]|tsk|null|
11:45:16.25 (25898986)|CUMULATIVE_LIMIT_USAGE
11:45:16.25 (25898986)|LIMIT_USAGE_FOR_NS|(default)|
  Number of SOQL queries: 1 out of 100
  Number of query rows: 0 out of 50000
  Number of SOSL queries: 0 out of 20
  Number of DML statements: 0 out of 150
  Number of DML rows: 0 out of 10000
  Maximum CPU time: 0 out of 10000
  Maximum heap size: 0 out of 6000000
  Number of callouts: 0 out of 100
  Number of Email Invocations: 0 out of 10
  Number of future calls: 0 out of 50
  Number of queueable jobs added to the queue: 0 out of 50
  Number of Mobile Apex push calls: 0 out of 10

11:45:16.25 (25898986)|CUMULATIVE_LIMIT_USAGE_END

11:45:16.0 (27280758)|CODE_UNIT_FINISHED|LinkCaseCallstoContact on Task trigger event BeforeInsert|__sfdc_trigger/LinkCaseCallstoContact
11:45:16.0 (32084748)|CODE_UNIT_STARTED|[EXTERNAL]|01q6F000001IKsI|TaskTrigger on Task trigger event BeforeInsert|__sfdc_trigger/TaskTrigger
11:45:16.0 (32144730)|HEAP_ALLOCATE|[EXTERNAL]|Bytes:8
11:45:16.0 (32333647)|HEAP_ALLOCATE|[EXTERNAL]|Bytes:4
11:45:16.0 (32355814)|VARIABLE_SCOPE_BEGIN|[5]|this|TaskTrigger|true|false
11:45:16.0 (32421977)|VARIABLE_ASSIGNMENT|[5]|this|{}|0x2cb413fb
11:45:16.0 (32520195)|HEAP_ALLOCATE|[EXTERNAL]|Bytes:4
11:45:16.0 (32535579)|VARIABLE_SCOPE_BEGIN|[5]|this|TaskTrigger|true|false
11:45:16.0 (32562158)|VARIABLE_ASSIGNMENT|[5]|this|{}|0x2cb413fb
11:45:16.0 (32578030)|STATEMENT_EXECUTE|[5]
11:45:16.0 (32616724)|STATEMENT_EXECUTE|[6]
11:45:16.0 (32620232)|STATEMENT_EXECUTE|[7]
11:45:16.0 (36730384)|VARIABLE_SCOPE_BEGIN|[2]|TaskHelper.TASK_STATUS|String|false|true
11:45:16.0 (36758821)|VARIABLE_SCOPE_BEGIN|[3]|TaskHelper.TASK_SUBJECT|String|false|true
11:45:16.0 (36773546)|VARIABLE_SCOPE_BEGIN|[4]|TaskHelper.TASK_TYPE|String|false|true
11:45:16.0 (36868771)|HEAP_ALLOCATE|[7]|Bytes:4
11:45:16.0 (36887793)|HEAP_ALLOCATE|[7]|Bytes:2
11:45:16.0 (36926335)|METHOD_ENTRY|[1]|01p6F000009rWtF|TaskHelper.TaskHelper()
11:45:16.0 (36938485)|STATEMENT_EXECUTE|[1]
11:45:16.0 (36946306)|STATEMENT_EXECUTE|[1]
11:45:16.0 (36948908)|STATEMENT_EXECUTE|[2]
11:45:16.0 (36980730)|HEAP_ALLOCATE|[2]|Bytes:9
11:45:16.0 (37025442)|VARIABLE_ASSIGNMENT|[2]|TaskHelper.TASK_STATUS|"Completed"
11:45:16.0 (37036740)|STATEMENT_EXECUTE|[3]
11:45:16.0 (37049425)|HEAP_ALLOCATE|[3]|Bytes:16
11:45:16.0 (37073482)|VARIABLE_ASSIGNMENT|[3]|TaskHelper.TASK_SUBJECT|"Outbound call to"
11:45:16.0 (37082055)|STATEMENT_EXECUTE|[4]
11:45:16.0 (37101697)|VARIABLE_ASSIGNMENT|[4]|TaskHelper.TASK_TYPE|"Outbound"
11:45:16.0 (37118739)|METHOD_EXIT|[1]|TaskHelper
11:45:16.0 (37143509)|HEAP_ALLOCATE|[7]|Bytes:4
11:45:16.0 (37175394)|CONSTRUCTOR_ENTRY|[7]|01p6F000009rWtF|<init>()|TaskHelper
11:45:16.0 (37226312)|VARIABLE_SCOPE_BEGIN|[1]|this|TaskHelper|true|false
11:45:16.0 (37269095)|VARIABLE_ASSIGNMENT|[1]|this|{}|0x26bdc53b
11:45:16.0 (37290217)|HEAP_ALLOCATE|[EXTERNAL]|Bytes:6
11:45:16.0 (37362451)|STATEMENT_EXECUTE|[1]
11:45:16.0 (37372674)|CONSTRUCTOR_EXIT|[7]|01p6F000009rWtF|<init>()|TaskHelper
11:45:16.0 (37389600)|VARIABLE_SCOPE_BEGIN|[7]|helper|TaskHelper|true|false
11:45:16.0 (37418357)|VARIABLE_ASSIGNMENT|[7]|helper|{}|0x26bdc53b
11:45:16.0 (37428919)|STATEMENT_EXECUTE|[8]
11:45:16.0 (37552458)|METHOD_ENTRY|[8]|01p6F000009rWtF|TaskHelper.setupContactToReurnCallTasks(List<Task>)
11:45:16.0 (37619921)|VARIABLE_SCOPE_BEGIN|[11]|this|TaskHelper|true|false
11:45:16.0 (37647553)|VARIABLE_ASSIGNMENT|[11]|this|{}|0x26bdc53b
11:45:16.0 (37664197)|VARIABLE_SCOPE_BEGIN|[11]|newTasks|List<Task>|true|false
11:45:16.0 (40128895)|VARIABLE_ASSIGNMENT|[11]|newTasks|[{"WhatId":"a0h6F00000MtoUMQAZ","CallType":"Outbound","IsHighPriority":false,"IsClosed":false,"NVMStatsSF__NVM_Agent__c":"48","Is_Mobile_Number__c":true,"OwnerId":"0056F000007WBOiQAO","IsToday__c":false,"IsReminderSet":false,"Status":"Completed","IsDeleted":false,"NVMContactWorld__CW_Call_Start_Time__c":"2018-11-06T01:45:16.000Z","ActivityDate":"2018-11-06T00:00:00.000Z","Priority":"Normal","IsVisibleInSelfService":false,"NVMContactWorld__Was_Call_Recorded__c":false,"CurrencyIsoCode":"AUD","IsRecurrence":false,"Subject":"Outbound call to +61 (9 more) ...","IsArchived":false,"CallObject":"0166e6b1-fada-117f-e (16 more) ...","NVMContactWorld__Customer_Number__c":"+61421484808","NVMContactWorld__ContactWorld_Number__c":"61731530806","Day_of_the_Week__c":"Tuesday","Call_Duration_min__c":0.00,"Call_Monitored__c":false}]|0x5eca580b
11:45:16.0 (40172883)|STATEMENT_EXECUTE|[11]
11:45:16.0 (40176814)|STATEMENT_EXECUTE|[12]
11:45:16.0 (40216395)|HEAP_ALLOCATE|[12]|Bytes:4
11:45:16.0 (40321212)|VARIABLE_SCOPE_BEGIN|[12]|voicemailIds|List<Id>|true|false
11:45:16.0 (40374578)|HEAP_ALLOCATE|[EXTERNAL]|Bytes:4
11:45:16.0 (40396522)|VARIABLE_ASSIGNMENT|[12]|voicemailIds|[]|0x1696caf4
11:45:16.0 (40413846)|STATEMENT_EXECUTE|[13]
11:45:16.0 (40446223)|HEAP_ALLOCATE|[13]|Bytes:4
11:45:16.0 (40472053)|VARIABLE_SCOPE_BEGIN|[13]|contactIds|Map<Id,Id>|true|false
11:45:16.0 (40498037)|VARIABLE_ASSIGNMENT|[13]|contactIds|{}|0x7edbed02
11:45:16.0 (40508714)|STATEMENT_EXECUTE|[14]
11:45:16.0 (40530433)|HEAP_ALLOCATE|[14]|Bytes:4
11:45:16.0 (40566503)|VARIABLE_SCOPE_BEGIN|[14]|results|List<Task>|true|false
11:45:16.0 (40584888)|HEAP_ALLOCATE|[EXTERNAL]|Bytes:4
11:45:16.0 (40597033)|VARIABLE_ASSIGNMENT|[14]|results|[]|0x51434e71
11:45:16.0 (40685284)|HEAP_ALLOCATE|[16]|Bytes:5
11:45:16.0 (40715331)|HEAP_ALLOCATE|[16]|Bytes:4
11:45:16.0 (40738323)|VARIABLE_SCOPE_BEGIN|[16]|item|Task|true|false
11:45:16.0 (42591467)|VARIABLE_ASSIGNMENT|[16]|item|{"WhatId":"a0h6F00000MtoUMQAZ","CallType":"Outbound","IsHighPriority":false,"IsClosed":false,"NVMStatsSF__NVM_Agent__c":"48","Is_Mobile_Number__c":true,"OwnerId":"0056F000007WBOiQAO","IsToday__c":false,"IsReminderSet":false,"Status":"Completed","IsDeleted":false,"NVMContactWorld__CW_Call_Start_Time__c":"2018-11-06T01:45:16.000Z","ActivityDate":"2018-11-06T00:00:00.000Z","Priority":"Normal","IsVisibleInSelfService":false,"NVMContactWorld__Was_Call_Recorded__c":false,"CurrencyIsoCode":"AUD","IsRecurrence":false,"Subject":"Outbound call to +61 (9 more) ...","IsArchived":false,"CallObject":"0166e6b1-fada-117f-e (16 more) ...","NVMContactWorld__Customer_Number__c":"+61421484808","NVMContactWorld__ContactWorld_Number__c":"61731530806","Day_of_the_Week__c":"Tuesday","Call_Duration_min__c":0.00,"Call_Monitored__c":false}|0x5011aa1f
11:45:16.0 (42632290)|STATEMENT_EXECUTE|[16]
11:45:16.0 (42936425)|STATEMENT_EXECUTE|[17]
11:45:16.0 (42941029)|STATEMENT_EXECUTE|[18]
11:45:16.0 (43014655)|HEAP_ALLOCATE|[18]|Bytes:18
11:45:16.0 (43053324)|HEAP_ALLOCATE|[18]|Bytes:18
11:45:16.0 (43065211)|VARIABLE_SCOPE_BEGIN|[18]|voicemailId|String|false|false
11:45:16.0 (43087181)|VARIABLE_ASSIGNMENT|[18]|voicemailId|"a0h6F00000MtoUMQAZ"
11:45:16.0 (43095999)|STATEMENT_EXECUTE|[19]
11:45:16.0 (43110987)|HEAP_ALLOCATE|[19]|Bytes:57
11:45:16.0 (43166167)|HEAP_ALLOCATE|[19]|Bytes:18
11:45:16.0 (43217807)|HEAP_ALLOCATE|[19]|Bytes:75
11:45:16.0 (43247783)|USER_DEBUG|[19]|DEBUG|TaskHelper :: setupContactToReurnCallTasks :: item.WhatIda0h6F00000MtoUMQAZ
11:45:16.0 (43266858)|HEAP_ALLOCATE|[20]|Bytes:12
11:45:16.0 (44128215)|HEAP_ALLOCATE|[20]|Bytes:4
11:45:16.0 (44178425)|HEAP_ALLOCATE|[20]|Bytes:3
11:45:16.0 (44222121)|STATEMENT_EXECUTE|[20]
11:45:16.0 (44254580)|HEAP_ALLOCATE|[16]|Bytes:5
11:45:16.0 (44281943)|VARIABLE_ASSIGNMENT|[16]|item|null|
11:45:16.0 (44292805)|STATEMENT_EXECUTE|[28]
11:45:16.0 (44313676)|HEAP_ALLOCATE|[28]|Bytes:72
11:45:16.0 (44338005)|HEAP_ALLOCATE|[28]|Bytes:4
11:45:16.0 (45867558)|SOQL_EXECUTE_BEGIN|[28]|Aggregations:0|SELECT Id, Account__c, Contact__c FROM Voicemail__c WHERE id IN :tmpVar1
11:45:16.0 (47798583)|SOQL_EXECUTE_END|[28]|Rows:0
11:45:16.0 (47844678)|HEAP_ALLOCATE|[28]|Bytes:4
11:45:16.0 (47866322)|HEAP_ALLOCATE|[28]|Bytes:0
11:45:16.0 (47991416)|HEAP_ALLOCATE|[28]|Bytes:4
11:45:16.0 (48021678)|VARIABLE_SCOPE_BEGIN|[28]|voicemails|List<Voicemail__c>|true|false
11:45:16.0 (48062628)|VARIABLE_ASSIGNMENT|[28]|voicemails|[]|0x2526b207
11:45:16.0 (48373693)|HEAP_ALLOCATE|[29]|Bytes:5
11:45:16.0 (48409776)|VARIABLE_ASSIGNMENT|[29]|item|null|
11:45:16.0 (48422901)|STATEMENT_EXECUTE|[29]
11:45:16.0 (48490601)|HEAP_ALLOCATE|[34]|Bytes:5
11:45:16.0 (48520876)|HEAP_ALLOCATE|[34]|Bytes:4
11:45:16.0 (48538118)|VARIABLE_SCOPE_BEGIN|[34]|item|Task|true|false
11:45:16.0 (50171311)|VARIABLE_ASSIGNMENT|[34]|item|{"WhatId":"a0h6F00000MtoUMQAZ","CallType":"Outbound","IsHighPriority":false,"IsClosed":false,"NVMStatsSF__NVM_Agent__c":"48","Is_Mobile_Number__c":true,"OwnerId":"0056F000007WBOiQAO","IsToday__c":false,"IsReminderSet":false,"Status":"Completed","IsDeleted":false,"NVMContactWorld__CW_Call_Start_Time__c":"2018-11-06T01:45:16.000Z","ActivityDate":"2018-11-06T00:00:00.000Z","Priority":"Normal","IsVisibleInSelfService":false,"NVMContactWorld__Was_Call_Recorded__c":false,"CurrencyIsoCode":"AUD","IsRecurrence":false,"Subject":"Outbound call to +61 (9 more) ...","IsArchived":false,"CallObject":"0166e6b1-fada-117f-e (16 more) ...","NVMContactWorld__Customer_Number__c":"+61421484808","NVMContactWorld__ContactWorld_Number__c":"61731530806","Day_of_the_Week__c":"Tuesday","Call_Duration_min__c":0.00,"Call_Monitored__c":false}|0x5011aa1f
11:45:16.0 (50209916)|STATEMENT_EXECUTE|[34]
11:45:16.0 (50213565)|STATEMENT_EXECUTE|[35]
11:45:16.0 (51818026)|VARIABLE_ASSIGNMENT|[35]|this.WhoId|null|0x5011aa1f
11:45:16.0 (51867053)|HEAP_ALLOCATE|[34]|Bytes:5
11:45:16.0 (51903737)|VARIABLE_ASSIGNMENT|[34]|item|null|
11:45:16.0 (51925325)|METHOD_EXIT|[8]|01p6F000009rWtF|TaskHelper.setupContactToReurnCallTasks(List<Task>)
11:45:16.51 (51947487)|CUMULATIVE_LIMIT_USAGE
11:45:16.51 (51947487)|LIMIT_USAGE_FOR_NS|(default)|
  Number of SOQL queries: 2 out of 100
  Number of query rows: 0 out of 50000
  Number of SOSL queries: 0 out of 20
  Number of DML statements: 0 out of 150
  Number of DML rows: 0 out of 10000
  Maximum CPU time: 0 out of 10000
  Maximum heap size: 0 out of 6000000
  Number of callouts: 0 out of 100
  Number of Email Invocations: 0 out of 10
  Number of future calls: 0 out of 50
  Number of queueable jobs added to the queue: 0 out of 50
  Number of Mobile Apex push calls: 0 out of 10

11:45:16.51 (51947487)|CUMULATIVE_LIMIT_USAGE_END

11:45:16.0 (53515697)|CODE_UNIT_FINISHED|TaskTrigger on Task trigger event BeforeInsert|__sfdc_trigger/TaskTrigger
11:45:16.0 (59365100)|CODE_UNIT_STARTED|[EXTERNAL]|Validation:Task:new
11:45:16.0 (59395724)|VALIDATION_RULE|03d6F000000qFaO|Finish_all_call_monitor_field
11:45:16.0 (60195409)|VALIDATION_FORMULA|AND(!ISBLANK(Monitored_By__c),
    OR(ISBLANK( TEXT(CM_advised_what_will_happen_next__c)),
       ISBLANK( TEXT(Allow_customer_to_present_concerns__c) ),
       ISBLANK( TEXT(Communication_is_clear_positive_confiden__c) ),
       ISBLANK( TEXT(Demonstrate_active_listening__c )),
       ISBLANK( TEXT(Gave_correct_answers_and_infomations__c) ),
       ISBLANK( TEXT(Mirrors_clients_talking_behaviour__c) ) ))|CM_advised_what_will_happen_next__c=null , Demonstrate_active_listening__c=null , Communication_is_clear_positive_confiden__c=null , Allow_customer_to_present_concerns__c=null , Gave_correct_answers_and_infomations__c=null , Mirrors_clients_talking_behaviour__c=null , Monitored_By__c=null
11:45:16.0 (60222717)|VALIDATION_PASS
11:45:16.0 (60226856)|VALIDATION_RULE|03d900000009JbB|Interac_Quality_Must_Be_Between_1_and_10
11:45:16.0 (60380265)|VALIDATION_FORMULA|NVMContactWorld__InteractionQuality__c < 1  &#124;&#124;  NVMContactWorld__InteractionQuality__c > 10|NVMContactWorld__InteractionQuality__c=null
11:45:16.0 (60398025)|VALIDATION_PASS
11:45:16.0 (60649056)|CODE_UNIT_FINISHED|Validation:Task:new
11:45:16.0 (120282089)|CODE_UNIT_STARTED|[EXTERNAL]|Workflow:Task
11:45:16.0 (132766503)|WF_RULE_EVAL_BEGIN|Workflow
11:45:16.0 (132822288)|WF_CRITERIA_BEGIN|[Task:  00T6F000055TBxS]|Update Call Monitor Details|01Q6F0000002Tdt|ON_CREATE_OR_TRIGGERING_UPDATE|0
11:45:16.0 (151067149)|WF_RULE_FILTER|[Task : Monitored By not equal to ]
11:45:16.0 (151096381)|WF_RULE_EVAL_VALUE|
11:45:16.0 (151101232)|WF_CRITERIA_END|false
11:45:16.0 (151118269)|WF_CRITERIA_BEGIN|[Task:  00T6F000055TBxS]|Update_Callback_Request_Due_Date3016F0000005i0e|01Q6F0000019gyq|ON_CREATE_ONLY|0
11:45:16.0 (151247897)|WF_FORMULA|Formula:ENCODED:[treatNullAsNull]true|Values:
11:45:16.0 (151258189)|WF_CRITERIA_END|true
11:45:16.0 (152165417)|WF_CRITERIA_BEGIN|[Task:  00T6F000055TBxS]|Call Back Request From LinX|01Q6F000001EY2L|ON_CREATE_OR_TRIGGERING_UPDATE|0
11:45:16.0 (152246692)|WF_RULE_FILTER|[Task : Subject equals Callback Request]
11:45:16.0 (152270211)|WF_RULE_EVAL_VALUE|Outbound call to +61421484808
11:45:16.0 (152275289)|WF_CRITERIA_END|false
11:45:16.0 (152286265)|WF_CRITERIA_BEGIN|[Task:  00T6F000055TBxS]|Call_Monitor3016F00000054R3|01Q6F000000oOu7|ON_ALL_CHANGES|0
11:45:16.0 (152338890)|WF_FORMULA|Formula:ENCODED:[treatNullAsNull]true|Values:
11:45:16.0 (152352213)|WF_CRITERIA_END|true
11:45:16.0 (152372057)|WF_SPOOL_ACTION_BEGIN|Workflow
11:45:16.0 (152396745)|WF_ACTION| Flow Trigger: 2;
11:45:16.0 (152400850)|WF_RULE_EVAL_END
11:45:16.0 (153537316)|WF_FLOW_ACTION_BEGIN|09L6F000000PWtL
11:45:16.155 (155102724)|FLOW_CREATE_INTERVIEW_BEGIN|00D90000000IJSa|3006F00000091km|3016F0000005i0e
11:45:16.155 (155969132)|FLOW_CREATE_INTERVIEW_END|28879086b55d831b7006f466053166e69a34b4-469d|Update Callback Request Due Date
11:45:16.156 (156438538)|FLOW_START_INTERVIEWS_BEGIN|1
11:45:16.156 (156461469)|FLOW_START_INTERVIEW_BEGIN|28879086b55d831b7006f466053166e69a34b4-469d|Update Callback Request Due Date
11:45:16.156 (159009314)|FLOW_START_INTERVIEW_END|28879086b55d831b7006f466053166e69a34b4-469d|Update Callback Request Due Date
11:45:16.156 (159034243)|FLOW_START_INTERVIEWS_END|1
11:45:16.0 (160715608)|WF_FLOW_ACTION_END|09L6F000000PWtL
11:45:16.0 (160773009)|WF_FLOW_ACTION_BEGIN|09L6F000000PGTV
11:45:16.163 (163829934)|FLOW_CREATE_INTERVIEW_BEGIN|00D90000000IJSa|3006F0000008usA|3016F00000054R3
11:45:16.163 (164891503)|FLOW_CREATE_INTERVIEW_END|28889086b55d831b7006f466053166e69a34b4-469e|Call Monitoring
11:45:16.165 (165359158)|FLOW_START_INTERVIEWS_BEGIN|1
11:45:16.165 (165395757)|FLOW_START_INTERVIEW_BEGIN|28889086b55d831b7006f466053166e69a34b4-469e|Call Monitoring
11:45:16.165 (169287568)|FLOW_START_INTERVIEW_END|28889086b55d831b7006f466053166e69a34b4-469e|Call Monitoring
11:45:16.165 (169329759)|FLOW_START_INTERVIEWS_END|1
11:45:16.0 (170206312)|WF_FLOW_ACTION_END|09L6F000000PGTV
11:45:16.0 (170381259)|WF_ACTIONS_END| Flow Trigger: 2;
11:45:16.0 (170397578)|CODE_UNIT_FINISHED|Workflow:Task
11:45:16.0 (207274089)|CODE_UNIT_FINISHED|TRIGGERS
11:45:16.0 (207297628)|EXECUTION_FINISHED
