37.0 APEX_CODE,FINEST;APEX_PROFILING,INFO;CALLOUT,INFO;DB,INFO;NBA,INFO;SYSTEM,DEBUG;VALIDATION,INFO;VISUALFORCE,INFO;WAVE,INFO;WORKFLOW,INFO
17:12:58.15 (15693900)|ENTERING_MANAGED_PKG|Centify
17:12:58.15 (18924362)|ENTERING_MANAGED_PKG|Centify
17:12:58.15 (18987738)|ENTERING_MANAGED_PKG|Centify
17:12:58.15 (19867677)|ENTERING_MANAGED_PKG|Centify
17:12:58.15 (19913853)|ENTERING_MANAGED_PKG|Centify
17:12:58.15 (19991235)|ENTERING_MANAGED_PKG|Centify
17:12:58.15 (20426701)|ENTERING_MANAGED_PKG|Centify
17:12:58.15 (28251047)|ENTERING_MANAGED_PKG|Centify
17:12:58.15 (28311057)|ENTERING_MANAGED_PKG|Centify
17:12:58.15 (28576044)|ENTERING_MANAGED_PKG|Centify
17:12:58.15 (28608215)|ENTERING_MANAGED_PKG|Centify
17:12:58.15 (28864630)|ENTERING_MANAGED_PKG|Centify
17:12:58.15 (29529556)|ENTERING_MANAGED_PKG|Centify
17:12:58.15 (29572710)|ENTERING_MANAGED_PKG|Centify
17:12:58.15 (29680405)|ENTERING_MANAGED_PKG|Centify
17:12:58.15 (29737655)|ENTERING_MANAGED_PKG|Centify
17:12:58.15 (29761062)|ENTERING_MANAGED_PKG|Centify
17:12:58.15 (29827046)|ENTERING_MANAGED_PKG|Centify
17:12:58.15 (29851045)|ENTERING_MANAGED_PKG|Centify
17:12:58.15 (29881826)|ENTERING_MANAGED_PKG|Centify
17:12:58.15 (29999188)|ENTERING_MANAGED_PKG|Centify
17:12:58.15 (30040565)|ENTERING_MANAGED_PKG|Centify
17:12:58.15 (33015120)|ENTERING_MANAGED_PKG|Centify
17:12:58.15 (33074354)|ENTERING_MANAGED_PKG|Centify
17:12:58.15 (33117983)|ENTERING_MANAGED_PKG|Centify
17:12:58.15 (33286084)|ENTERING_MANAGED_PKG|Centify
17:12:58.15 (33351213)|ENTERING_MANAGED_PKG|Centify
17:12:58.15 (34346780)|ENTERING_MANAGED_PKG|Centify
17:12:58.15 (34552633)|ENTERING_MANAGED_PKG|Centify
17:12:58.15 (34685762)|ENTERING_MANAGED_PKG|Centify
17:12:58.15 (34827055)|ENTERING_MANAGED_PKG|Centify
17:12:58.15 (34919206)|ENTERING_MANAGED_PKG|Centify
17:12:58.15 (35050226)|ENTERING_MANAGED_PKG|Centify
17:12:58.15 (35137926)|ENTERING_MANAGED_PKG|Centify
17:12:58.15 (35276728)|ENTERING_MANAGED_PKG|Centify
17:12:58.15 (35363460)|ENTERING_MANAGED_PKG|Centify
17:12:58.15 (35500244)|ENTERING_MANAGED_PKG|Centify
17:12:58.15 (35582761)|ENTERING_MANAGED_PKG|Centify
17:12:58.15 (35709177)|ENTERING_MANAGED_PKG|Centify
17:12:58.15 (35789036)|ENTERING_MANAGED_PKG|Centify
17:12:58.15 (35854816)|ENTERING_MANAGED_PKG|Centify
17:12:58.15 (35930295)|ENTERING_MANAGED_PKG|Centify
17:12:58.15 (36053137)|ENTERING_MANAGED_PKG|Centify
17:12:58.15 (36134837)|ENTERING_MANAGED_PKG|Centify
17:12:58.15 (36269776)|ENTERING_MANAGED_PKG|Centify
17:12:58.15 (36351867)|ENTERING_MANAGED_PKG|Centify
17:12:58.15 (36478523)|ENTERING_MANAGED_PKG|Centify
17:12:58.15 (36556023)|ENTERING_MANAGED_PKG|Centify
17:12:58.15 (36620913)|ENTERING_MANAGED_PKG|Centify
17:12:58.15 (36696509)|ENTERING_MANAGED_PKG|Centify
17:12:58.15 (36816349)|ENTERING_MANAGED_PKG|Centify
17:12:58.15 (36893292)|ENTERING_MANAGED_PKG|Centify
17:12:58.15 (36955589)|ENTERING_MANAGED_PKG|Centify
17:12:58.15 (37025490)|ENTERING_MANAGED_PKG|Centify
17:12:58.15 (37086142)|ENTERING_MANAGED_PKG|Centify
17:12:58.15 (37154753)|ENTERING_MANAGED_PKG|Centify
17:12:58.15 (37220973)|ENTERING_MANAGED_PKG|Centify
17:12:58.15 (37289990)|ENTERING_MANAGED_PKG|Centify
17:12:58.15 (37350473)|ENTERING_MANAGED_PKG|Centify
17:12:58.15 (37419722)|ENTERING_MANAGED_PKG|Centify
17:12:58.15 (37479694)|ENTERING_MANAGED_PKG|Centify
17:12:58.15 (37551522)|ENTERING_MANAGED_PKG|Centify
17:12:58.15 (37674604)|ENTERING_MANAGED_PKG|Centify
17:12:58.15 (37753411)|ENTERING_MANAGED_PKG|Centify
17:12:58.15 (37873891)|ENTERING_MANAGED_PKG|Centify
17:12:58.15 (37952599)|ENTERING_MANAGED_PKG|Centify
17:12:58.15 (38095012)|ENTERING_MANAGED_PKG|Centify
17:12:58.15 (38165182)|ENTERING_MANAGED_PKG|Centify
17:12:58.15 (38421547)|ENTERING_MANAGED_PKG|Centify
17:12:58.15 (38456853)|ENTERING_MANAGED_PKG|Centify
17:12:58.15 (38523137)|ENTERING_MANAGED_PKG|Centify
17:12:58.15 (38566068)|ENTERING_MANAGED_PKG|Centify
17:12:58.15 (38606289)|ENTERING_MANAGED_PKG|Centify
17:12:58.15 (38688700)|ENTERING_MANAGED_PKG|Centify
17:12:58.15 (40286742)|DML_BEGIN|[76]|Op:Insert|Type:Centify__Notification__c|Rows:1
17:12:58.15 (71368204)|DML_END|[76]
17:12:58.15 (71535250)|ENTERING_MANAGED_PKG|Centify
17:12:58.15 (71957006)|ENTERING_MANAGED_PKG|Centify
17:12:58.94 (94682930)|CUMULATIVE_LIMIT_USAGE
17:12:58.94 (94682930)|LIMIT_USAGE_FOR_NS|(default)|
  Number of SOQL queries: 0 out of 200
  Number of query rows: 0 out of 50000
  Number of SOSL queries: 0 out of 20
  Number of DML statements: 0 out of 150
  Number of DML rows: 0 out of 10000
  Maximum CPU time: 0 out of 60000
  Maximum heap size: 0 out of 12000000
  Number of callouts: 0 out of 0
  Number of Email Invocations: 0 out of 10
  Number of future calls: 0 out of 0
  Number of queueable jobs added to the queue: 0 out of 1
  Number of Mobile Apex push calls: 0 out of 10

17:12:58.94 (94682930)|LIMIT_USAGE_FOR_NS|Centify|
  Number of SOQL queries: 0 out of 200
  Number of query rows: 0 out of 50000
  Number of SOSL queries: 0 out of 20
  Number of DML statements: 0 out of 150
  Number of DML rows: 0 out of 10000
  Maximum CPU time: 0 out of 60000
  Maximum heap size: 0 out of 12000000
  Number of callouts: 0 out of 0
  Number of Email Invocations: 0 out of 10
  Number of future calls: 0 out of 0
  Number of queueable jobs added to the queue: 0 out of 1
  Number of Mobile Apex push calls: 0 out of 10

17:12:58.94 (94682930)|CUMULATIVE_LIMIT_USAGE_END

