37.0 APEX_CODE,FINEST;APEX_PROFILING,INFO;CALLOUT,INFO;DB,INFO;NBA,INFO;SYSTEM,DEBUG;VALIDATION,INFO;VISUALFORCE,INFO;WAVE,INFO;WORKFLOW,INFO
11:49:12.22 (22543406)|ENTERING_MANAGED_PKG|Centify
11:49:12.22 (24532550)|ENTERING_MANAGED_PKG|Centify
11:49:12.22 (24580978)|ENTERING_MANAGED_PKG|Centify
11:49:12.22 (25314633)|ENTERING_MANAGED_PKG|Centify
11:49:12.22 (25383669)|ENTERING_MANAGED_PKG|Centify
11:49:12.22 (26295076)|ENTERING_MANAGED_PKG|Centify
11:49:12.22 (26641662)|ENTERING_MANAGED_PKG|Centify
11:49:12.22 (26673851)|ENTERING_MANAGED_PKG|Centify
11:49:12.22 (26781417)|ENTERING_MANAGED_PKG|Centify
11:49:12.22 (26848485)|ENTERING_MANAGED_PKG|Centify
11:49:12.22 (26884071)|ENTERING_MANAGED_PKG|Centify
11:49:12.22 (26907491)|ENTERING_MANAGED_PKG|Centify
11:49:12.22 (26925789)|ENTERING_MANAGED_PKG|Centify
11:49:12.22 (27151695)|ENTERING_MANAGED_PKG|Centify
11:49:12.22 (86740462)|ENTERING_MANAGED_PKG|Centify
11:49:12.22 (86821987)|ENTERING_MANAGED_PKG|Centify
11:49:12.22 (86940636)|ENTERING_MANAGED_PKG|Centify
11:49:12.22 (86986166)|ENTERING_MANAGED_PKG|Centify
11:49:12.22 (377545883)|ENTERING_MANAGED_PKG|Centify
11:49:12.22 (427799116)|ENTERING_MANAGED_PKG|Centify
11:49:12.22 (443718677)|ENTERING_MANAGED_PKG|Centify
11:49:12.22 (443778831)|ENTERING_MANAGED_PKG|Centify
11:49:12.22 (443872473)|ENTERING_MANAGED_PKG|Centify
11:49:12.22 (443909102)|ENTERING_MANAGED_PKG|Centify
11:49:12.22 (443978213)|ENTERING_MANAGED_PKG|Centify
11:49:12.22 (480853162)|ENTERING_MANAGED_PKG|Centify
11:49:12.22 (498739823)|ENTERING_MANAGED_PKG|Centify
11:49:12.22 (498797904)|ENTERING_MANAGED_PKG|Centify
11:49:12.22 (498884302)|ENTERING_MANAGED_PKG|Centify
11:49:12.22 (498918547)|ENTERING_MANAGED_PKG|Centify
11:49:12.22 (498984481)|ENTERING_MANAGED_PKG|Centify
11:49:12.22 (531615872)|ENTERING_MANAGED_PKG|Centify
11:49:12.22 (547371231)|ENTERING_MANAGED_PKG|Centify
11:49:12.22 (547423684)|ENTERING_MANAGED_PKG|Centify
11:49:12.22 (547504995)|ENTERING_MANAGED_PKG|Centify
11:49:12.22 (547539781)|ENTERING_MANAGED_PKG|Centify
11:49:12.22 (547606447)|ENTERING_MANAGED_PKG|Centify
11:49:12.22 (576020894)|ENTERING_MANAGED_PKG|Centify
11:49:12.22 (591416361)|ENTERING_MANAGED_PKG|Centify
11:49:12.22 (591471360)|ENTERING_MANAGED_PKG|Centify
11:49:12.22 (591555960)|ENTERING_MANAGED_PKG|Centify
11:49:12.22 (591590890)|ENTERING_MANAGED_PKG|Centify
11:49:12.22 (591658054)|ENTERING_MANAGED_PKG|Centify
11:49:12.22 (620046594)|ENTERING_MANAGED_PKG|Centify
11:49:12.22 (635927815)|ENTERING_MANAGED_PKG|Centify
11:49:12.22 (635980973)|ENTERING_MANAGED_PKG|Centify
11:49:12.22 (636061259)|ENTERING_MANAGED_PKG|Centify
11:49:12.22 (636096204)|ENTERING_MANAGED_PKG|Centify
11:49:12.22 (636163149)|ENTERING_MANAGED_PKG|Centify
11:49:12.22 (664648955)|ENTERING_MANAGED_PKG|Centify
11:49:12.22 (680636957)|ENTERING_MANAGED_PKG|Centify
11:49:12.22 (680687698)|ENTERING_MANAGED_PKG|Centify
11:49:12.22 (680767819)|ENTERING_MANAGED_PKG|Centify
11:49:12.22 (680808372)|ENTERING_MANAGED_PKG|Centify
11:49:12.22 (680877042)|ENTERING_MANAGED_PKG|Centify
11:49:12.22 (711063233)|ENTERING_MANAGED_PKG|Centify
11:49:12.22 (729109776)|ENTERING_MANAGED_PKG|Centify
11:49:12.22 (729163207)|ENTERING_MANAGED_PKG|Centify
11:49:12.22 (729244414)|ENTERING_MANAGED_PKG|Centify
11:49:12.22 (729280641)|ENTERING_MANAGED_PKG|Centify
11:49:12.22 (729391385)|ENTERING_MANAGED_PKG|Centify
11:49:12.22 (757504945)|ENTERING_MANAGED_PKG|Centify
11:49:12.22 (777613367)|ENTERING_MANAGED_PKG|Centify
11:49:12.22 (777668953)|ENTERING_MANAGED_PKG|Centify
11:49:12.22 (777750641)|ENTERING_MANAGED_PKG|Centify
11:49:12.22 (777792524)|ENTERING_MANAGED_PKG|Centify
11:49:12.22 (777863267)|ENTERING_MANAGED_PKG|Centify
11:49:12.22 (806192114)|ENTERING_MANAGED_PKG|Centify
11:49:12.22 (821974400)|ENTERING_MANAGED_PKG|Centify
11:49:12.22 (822028349)|ENTERING_MANAGED_PKG|Centify
11:49:12.22 (822111508)|ENTERING_MANAGED_PKG|Centify
11:49:12.22 (822146596)|ENTERING_MANAGED_PKG|Centify
11:49:12.22 (822211945)|ENTERING_MANAGED_PKG|Centify
11:49:12.22 (850307508)|ENTERING_MANAGED_PKG|Centify
11:49:12.22 (866065220)|ENTERING_MANAGED_PKG|Centify
11:49:12.22 (866119193)|ENTERING_MANAGED_PKG|Centify
11:49:12.22 (866200932)|ENTERING_MANAGED_PKG|Centify
11:49:12.22 (866235529)|ENTERING_MANAGED_PKG|Centify
11:49:12.22 (866302571)|ENTERING_MANAGED_PKG|Centify
11:49:12.22 (903669442)|ENTERING_MANAGED_PKG|Centify
11:49:12.22 (924078590)|ENTERING_MANAGED_PKG|Centify
11:49:12.22 (924140430)|ENTERING_MANAGED_PKG|Centify
11:49:12.22 (924223592)|ENTERING_MANAGED_PKG|Centify
11:49:12.22 (924258078)|ENTERING_MANAGED_PKG|Centify
11:49:12.22 (924324817)|ENTERING_MANAGED_PKG|Centify
11:49:12.22 (954522263)|ENTERING_MANAGED_PKG|Centify
11:49:12.22 (970234583)|ENTERING_MANAGED_PKG|Centify
11:49:12.22 (970290442)|ENTERING_MANAGED_PKG|Centify
11:49:12.22 (970374095)|ENTERING_MANAGED_PKG|Centify
11:49:12.22 (970410080)|ENTERING_MANAGED_PKG|Centify
11:49:12.22 (970476090)|ENTERING_MANAGED_PKG|Centify
11:49:12.22 (1000338402)|ENTERING_MANAGED_PKG|Centify
11:49:12.22 (1015744689)|ENTERING_MANAGED_PKG|Centify
11:49:12.22 (1015803695)|ENTERING_MANAGED_PKG|Centify
11:49:12.22 (1015891520)|ENTERING_MANAGED_PKG|Centify
11:49:12.22 (1015925959)|ENTERING_MANAGED_PKG|Centify
11:49:12.22 (1015992722)|ENTERING_MANAGED_PKG|Centify
11:49:13.44 (1044736543)|ENTERING_MANAGED_PKG|Centify
11:49:13.44 (1044832160)|ENTERING_MANAGED_PKG|Centify
11:49:13.44 (1045128132)|ENTERING_MANAGED_PKG|Centify
11:49:13.44 (1045203201)|ENTERING_MANAGED_PKG|Centify
11:49:13.44 (1045267573)|ENTERING_MANAGED_PKG|Centify
11:49:13.44 (1046456929)|ENTERING_MANAGED_PKG|Centify
11:49:13.44 (1046539247)|ENTERING_MANAGED_PKG|Centify
11:49:13.44 (1048553516)|ENTERING_MANAGED_PKG|Centify
11:49:13.44 (1048660900)|ENTERING_MANAGED_PKG|Centify
11:49:13.44 (1048833996)|ENTERING_MANAGED_PKG|Centify
11:49:13.44 (1049629560)|ENTERING_MANAGED_PKG|Centify
11:49:13.44 (1050917634)|SOQL_EXECUTE_BEGIN|[16]|Aggregations:0|select id,lastmodifieddate,isdeleted,call_duration_min__c,createddate,tasksubtype,isclosed,subject,ownerid,activitydate,status,whatid,calldurationinseconds,calltype from Task where LastModifiedDate >2018-10-23T01:48:06Z AND LastModifiedDate < 2018-10-23T01:49:18Z AND (   CallType = 'Outbound'  OR  CallType = 'Inbound'  )  ORDER BY SystemModStamp DESC LIMIT 5000  ALL ROWS
11:49:13.44 (1059227353)|SOQL_EXECUTE_END|[16]|Rows:3
11:49:13.90 (1090167680)|CUMULATIVE_LIMIT_USAGE
11:49:13.90 (1090167680)|LIMIT_USAGE_FOR_NS|(default)|
  Number of SOQL queries: 0 out of 200
  Number of query rows: 0 out of 50000
  Number of SOSL queries: 0 out of 20
  Number of DML statements: 0 out of 150
  Number of DML rows: 0 out of 10000
  Maximum CPU time: 0 out of 60000
  Maximum heap size: 0 out of 12000000
  Number of callouts: 0 out of 0
  Number of Email Invocations: 0 out of 10
  Number of future calls: 0 out of 0
  Number of queueable jobs added to the queue: 0 out of 1
  Number of Mobile Apex push calls: 0 out of 10

11:49:13.90 (1090167680)|LIMIT_USAGE_FOR_NS|Centify|
  Number of SOQL queries: 0 out of 200
  Number of query rows: 0 out of 50000
  Number of SOSL queries: 0 out of 20
  Number of DML statements: 0 out of 150
  Number of DML rows: 0 out of 10000
  Maximum CPU time: 0 out of 60000
  Maximum heap size: 0 out of 12000000
  Number of callouts: 0 out of 0
  Number of Email Invocations: 0 out of 10
  Number of future calls: 0 out of 0
  Number of queueable jobs added to the queue: 0 out of 1
  Number of Mobile Apex push calls: 0 out of 10

11:49:13.90 (1090167680)|CUMULATIVE_LIMIT_USAGE_END

