37.0 APEX_CODE,FINEST;APEX_PROFILING,INFO;CALLOUT,INFO;DB,INFO;NBA,INFO;SYSTEM,DEBUG;VALIDATION,INFO;VISUALFORCE,INFO;WAVE,INFO;WORKFLOW,INFO
17:15:11.19 (19495849)|ENTERING_MANAGED_PKG|Centify
17:15:11.19 (23580084)|ENTERING_MANAGED_PKG|Centify
17:15:11.19 (34553622)|ENTERING_MANAGED_PKG|Centify
17:15:11.19 (34704832)|ENTERING_MANAGED_PKG|Centify
17:15:11.19 (34861450)|ENTERING_MANAGED_PKG|Centify
17:15:11.19 (35667178)|ENTERING_MANAGED_PKG|Centify
17:15:11.19 (36006781)|ENTERING_MANAGED_PKG|Centify
17:15:11.19 (36038185)|ENTERING_MANAGED_PKG|Centify
17:15:11.19 (36154840)|ENTERING_MANAGED_PKG|Centify
17:15:11.19 (36211932)|ENTERING_MANAGED_PKG|Centify
17:15:11.19 (36250069)|ENTERING_MANAGED_PKG|Centify
17:15:11.19 (36272823)|ENTERING_MANAGED_PKG|Centify
17:15:11.19 (36292255)|ENTERING_MANAGED_PKG|Centify
17:15:11.19 (36473696)|ENTERING_MANAGED_PKG|Centify
17:15:11.19 (83064136)|ENTERING_MANAGED_PKG|Centify
17:15:11.19 (83182832)|ENTERING_MANAGED_PKG|Centify
17:15:11.19 (83319686)|ENTERING_MANAGED_PKG|Centify
17:15:11.19 (83372129)|ENTERING_MANAGED_PKG|Centify
17:15:11.19 (319762274)|ENTERING_MANAGED_PKG|Centify
17:15:11.19 (396353689)|ENTERING_MANAGED_PKG|Centify
17:15:11.19 (411622151)|ENTERING_MANAGED_PKG|Centify
17:15:11.19 (411678274)|ENTERING_MANAGED_PKG|Centify
17:15:11.19 (411758885)|ENTERING_MANAGED_PKG|Centify
17:15:11.19 (411791223)|ENTERING_MANAGED_PKG|Centify
17:15:11.19 (411857118)|ENTERING_MANAGED_PKG|Centify
17:15:11.19 (446107059)|ENTERING_MANAGED_PKG|Centify
17:15:11.19 (462476108)|ENTERING_MANAGED_PKG|Centify
17:15:11.19 (462560501)|ENTERING_MANAGED_PKG|Centify
17:15:11.19 (462647684)|ENTERING_MANAGED_PKG|Centify
17:15:11.19 (462679573)|ENTERING_MANAGED_PKG|Centify
17:15:11.19 (462747341)|ENTERING_MANAGED_PKG|Centify
17:15:11.19 (497738873)|ENTERING_MANAGED_PKG|Centify
17:15:11.19 (513343857)|ENTERING_MANAGED_PKG|Centify
17:15:11.19 (513400318)|ENTERING_MANAGED_PKG|Centify
17:15:11.19 (513480867)|ENTERING_MANAGED_PKG|Centify
17:15:11.19 (513512206)|ENTERING_MANAGED_PKG|Centify
17:15:11.19 (513577221)|ENTERING_MANAGED_PKG|Centify
17:15:11.19 (548154374)|ENTERING_MANAGED_PKG|Centify
17:15:11.19 (564701233)|ENTERING_MANAGED_PKG|Centify
17:15:11.19 (564753713)|ENTERING_MANAGED_PKG|Centify
17:15:11.19 (564832068)|ENTERING_MANAGED_PKG|Centify
17:15:11.19 (564863422)|ENTERING_MANAGED_PKG|Centify
17:15:11.19 (564929013)|ENTERING_MANAGED_PKG|Centify
17:15:11.19 (634008135)|ENTERING_MANAGED_PKG|Centify
17:15:11.19 (650759949)|ENTERING_MANAGED_PKG|Centify
17:15:11.19 (650821474)|ENTERING_MANAGED_PKG|Centify
17:15:11.19 (650911341)|ENTERING_MANAGED_PKG|Centify
17:15:11.19 (650946208)|ENTERING_MANAGED_PKG|Centify
17:15:11.19 (651020871)|ENTERING_MANAGED_PKG|Centify
17:15:11.19 (689195458)|ENTERING_MANAGED_PKG|Centify
17:15:11.19 (726707077)|ENTERING_MANAGED_PKG|Centify
17:15:11.19 (726763687)|ENTERING_MANAGED_PKG|Centify
17:15:11.19 (726842699)|ENTERING_MANAGED_PKG|Centify
17:15:11.19 (726874656)|ENTERING_MANAGED_PKG|Centify
17:15:11.19 (726940311)|ENTERING_MANAGED_PKG|Centify
17:15:11.19 (760822685)|ENTERING_MANAGED_PKG|Centify
17:15:11.19 (777553380)|ENTERING_MANAGED_PKG|Centify
17:15:11.19 (777603545)|ENTERING_MANAGED_PKG|Centify
17:15:11.19 (777681763)|ENTERING_MANAGED_PKG|Centify
17:15:11.19 (777713693)|ENTERING_MANAGED_PKG|Centify
17:15:11.19 (777777667)|ENTERING_MANAGED_PKG|Centify
17:15:11.19 (811975993)|ENTERING_MANAGED_PKG|Centify
17:15:11.19 (812049349)|ENTERING_MANAGED_PKG|Centify
17:15:11.19 (812200056)|ENTERING_MANAGED_PKG|Centify
17:15:11.19 (812225787)|ENTERING_MANAGED_PKG|Centify
17:15:11.19 (812362204)|ENTERING_MANAGED_PKG|Centify
17:15:11.19 (812402552)|ENTERING_MANAGED_PKG|Centify
17:15:11.19 (812442774)|ENTERING_MANAGED_PKG|Centify
17:15:11.19 (813591050)|ENTERING_MANAGED_PKG|Centify
17:15:11.19 (813677353)|ENTERING_MANAGED_PKG|Centify
17:15:11.19 (824743606)|ENTERING_MANAGED_PKG|Centify
17:15:11.19 (824892476)|ENTERING_MANAGED_PKG|Centify
17:15:11.19 (825652446)|ENTERING_MANAGED_PKG|Centify
17:15:11.19 (826608136)|SOQL_EXECUTE_BEGIN|[16]|Aggregations:0|select id,lastmodifieddate,isdeleted,name,ownerid,has_the_save_strategy_been_implemented__c,status__c,product_type__c from Cases__c where LastModifiedDate >2018-11-21T07:06:13Z AND LastModifiedDate < 2018-11-21T07:15:17Z  ORDER BY SystemModStamp DESC LIMIT 5000  ALL ROWS
17:15:11.19 (838483329)|SOQL_EXECUTE_END|[16]|Rows:0
17:15:11.865 (865833638)|CUMULATIVE_LIMIT_USAGE
17:15:11.865 (865833638)|LIMIT_USAGE_FOR_NS|(default)|
  Number of SOQL queries: 0 out of 200
  Number of query rows: 0 out of 50000
  Number of SOSL queries: 0 out of 20
  Number of DML statements: 0 out of 150
  Number of DML rows: 0 out of 10000
  Maximum CPU time: 0 out of 60000
  Maximum heap size: 0 out of 12000000
  Number of callouts: 0 out of 0
  Number of Email Invocations: 0 out of 10
  Number of future calls: 0 out of 0
  Number of queueable jobs added to the queue: 0 out of 1
  Number of Mobile Apex push calls: 0 out of 10

17:15:11.865 (865833638)|LIMIT_USAGE_FOR_NS|Centify|
  Number of SOQL queries: 0 out of 200
  Number of query rows: 0 out of 50000
  Number of SOSL queries: 0 out of 20
  Number of DML statements: 0 out of 150
  Number of DML rows: 0 out of 10000
  Maximum CPU time: 0 out of 60000
  Maximum heap size: 0 out of 12000000
  Number of callouts: 0 out of 0
  Number of Email Invocations: 0 out of 10
  Number of future calls: 0 out of 0
  Number of queueable jobs added to the queue: 0 out of 1
  Number of Mobile Apex push calls: 0 out of 10

17:15:11.865 (865833638)|CUMULATIVE_LIMIT_USAGE_END

