35.0 APEX_CODE,FINEST;APEX_PROFILING,INFO;CALLOUT,INFO;DB,INFO;NBA,INFO;SYSTEM,DEBUG;VALIDATION,INFO;VISUALFORCE,INFO;WAVE,INFO;WORKFLOW,INFO
18:25:49.29 (29555893)|ENTERING_MANAGED_PKG|NVMContactWorld
18:25:49.29 (29738354)|ENTERING_MANAGED_PKG|NVMContactWorld
18:25:49.29 (30106870)|ENTERING_MANAGED_PKG|NVMContactWorld
18:25:49.29 (30155852)|ENTERING_MANAGED_PKG|NVMContactWorld
18:25:49.29 (30699361)|ENTERING_MANAGED_PKG|NVMContactWorld
18:25:49.29 (32562473)|ENTERING_MANAGED_PKG|NVMContactWorld
18:25:49.29 (32606166)|ENTERING_MANAGED_PKG|NVMContactWorld
18:25:49.29 (34091386)|SOQL_EXECUTE_BEGIN|[47]|Aggregations:0|SELECT Id, MostRecentCall__c, MostRecentCallEventTimestamp__c, MostRecentCallIsActive__c, NVM_Agent_Id__c, NotesCollapsed__c FROM User WHERE Id = :tmpVar1
18:25:49.29 (52185608)|SOQL_EXECUTE_END|[47]|Rows:1
18:25:49.29 (52518671)|ENTERING_MANAGED_PKG|NVMContactWorld
18:25:49.29 (52588890)|ENTERING_MANAGED_PKG|NVMContactWorld
18:25:49.29 (52687355)|ENTERING_MANAGED_PKG|NVMContactWorld
18:25:49.29 (52738794)|ENTERING_MANAGED_PKG|NVMContactWorld
18:25:49.29 (52828490)|ENTERING_MANAGED_PKG|NVMContactWorld
18:25:49.29 (52964905)|ENTERING_MANAGED_PKG|NVMContactWorld
18:25:49.29 (55086436)|ENTERING_MANAGED_PKG|NVMContactWorld
18:25:49.29 (55131414)|ENTERING_MANAGED_PKG|NVMContactWorld
18:25:49.29 (56967295)|ENTERING_MANAGED_PKG|NVMContactWorld
18:25:49.29 (59193850)|ENTERING_MANAGED_PKG|NVMContactWorld
18:25:49.29 (59247921)|ENTERING_MANAGED_PKG|NVMContactWorld
18:25:49.29 (59340318)|ENTERING_MANAGED_PKG|NVMContactWorld
18:25:49.29 (59364473)|ENTERING_MANAGED_PKG|NVMContactWorld
18:25:49.29 (59843782)|ENTERING_MANAGED_PKG|NVMContactWorld
18:25:49.29 (62034619)|ENTERING_MANAGED_PKG|NVMContactWorld
18:25:49.29 (62427132)|ENTERING_MANAGED_PKG|NVMContactWorld
18:25:49.29 (62521041)|ENTERING_MANAGED_PKG|NVMContactWorld
18:25:49.29 (63493443)|ENTERING_MANAGED_PKG|NVMContactWorld
18:25:49.29 (63587818)|ENTERING_MANAGED_PKG|NVMContactWorld
18:25:49.29 (63809347)|ENTERING_MANAGED_PKG|NVMContactWorld
18:25:49.29 (64054706)|ENTERING_MANAGED_PKG|NVMContactWorld
18:25:49.29 (64140562)|ENTERING_MANAGED_PKG|NVMContactWorld
18:25:49.29 (64382026)|ENTERING_MANAGED_PKG|NVMContactWorld
18:25:49.29 (64469853)|ENTERING_MANAGED_PKG|NVMContactWorld
18:25:49.29 (565590658)|ENTERING_MANAGED_PKG|NVMContactWorld
18:25:49.29 (565742870)|ENTERING_MANAGED_PKG|NVMContactWorld
18:25:49.29 (565931455)|ENTERING_MANAGED_PKG|NVMContactWorld
18:25:49.29 (567001175)|ENTERING_MANAGED_PKG|NVMContactWorld
18:25:49.29 (568993508)|ENTERING_MANAGED_PKG|NVMContactWorld
18:25:49.29 (569041160)|ENTERING_MANAGED_PKG|NVMContactWorld
18:25:49.29 (569075669)|ENTERING_MANAGED_PKG|NVMContactWorld
18:25:49.29 (569117308)|ENTERING_MANAGED_PKG|NVMContactWorld
18:25:49.29 (569154452)|ENTERING_MANAGED_PKG|NVMContactWorld
18:25:49.29 (569184446)|ENTERING_MANAGED_PKG|NVMContactWorld
18:25:49.29 (569244649)|ENTERING_MANAGED_PKG|NVMContactWorld
18:25:49.29 (569307662)|ENTERING_MANAGED_PKG|NVMContactWorld
18:25:49.29 (569336860)|ENTERING_MANAGED_PKG|NVMContactWorld
18:25:49.29 (569372755)|ENTERING_MANAGED_PKG|NVMContactWorld
18:25:49.29 (569397082)|ENTERING_MANAGED_PKG|NVMContactWorld
18:25:49.29 (569431933)|ENTERING_MANAGED_PKG|NVMContactWorld
18:25:49.29 (569447872)|ENTERING_MANAGED_PKG|NVMContactWorld
18:25:49.29 (569468769)|ENTERING_MANAGED_PKG|NVMContactWorld
18:25:49.29 (573720945)|ENTERING_MANAGED_PKG|NVMContactWorld
18:25:49.29 (573751798)|ENTERING_MANAGED_PKG|NVMContactWorld
18:25:49.29 (573777877)|ENTERING_MANAGED_PKG|NVMContactWorld
18:25:49.29 (573792591)|ENTERING_MANAGED_PKG|NVMContactWorld
18:25:49.29 (573805167)|ENTERING_MANAGED_PKG|NVMContactWorld
18:25:49.29 (573846847)|ENTERING_MANAGED_PKG|NVMContactWorld
18:25:49.29 (574083208)|ENTERING_MANAGED_PKG|NVMContactWorld
18:25:49.29 (574106184)|ENTERING_MANAGED_PKG|NVMContactWorld
18:25:49.29 (574119825)|ENTERING_MANAGED_PKG|NVMContactWorld
18:25:49.29 (574131060)|ENTERING_MANAGED_PKG|NVMContactWorld
18:25:49.582 (582104462)|CUMULATIVE_LIMIT_USAGE
18:25:49.582 (582104462)|LIMIT_USAGE_FOR_NS|(default)|
  Number of SOQL queries: 0 out of 100
  Number of query rows: 0 out of 50000
  Number of SOSL queries: 0 out of 20
  Number of DML statements: 0 out of 150
  Number of DML rows: 0 out of 10000
  Maximum CPU time: 36 out of 10000
  Maximum heap size: 0 out of 6000000
  Number of callouts: 0 out of 100
  Number of Email Invocations: 0 out of 10
  Number of future calls: 0 out of 50
  Number of queueable jobs added to the queue: 0 out of 50
  Number of Mobile Apex push calls: 0 out of 10

18:25:49.582 (582104462)|LIMIT_USAGE_FOR_NS|NVMContactWorld|
  Number of SOQL queries: 1 out of 100
  Number of query rows: 1 out of 50000
  Number of SOSL queries: 0 out of 20
  Number of DML statements: 0 out of 150
  Number of DML rows: 0 out of 10000
  Maximum CPU time: 0 out of 10000
  Maximum heap size: 0 out of 6000000
  Number of callouts: 1 out of 100
  Number of Email Invocations: 0 out of 10
  Number of future calls: 0 out of 50
  Number of queueable jobs added to the queue: 0 out of 50
  Number of Mobile Apex push calls: 0 out of 10

18:25:49.582 (582104462)|CUMULATIVE_LIMIT_USAGE_END

