37.0 APEX_CODE,FINEST;APEX_PROFILING,INFO;CALLOUT,INFO;DB,INFO;NBA,INFO;SYSTEM,DEBUG;VALIDATION,INFO;VISUALFORCE,INFO;WAVE,INFO;WORKFLOW,INFO
11:45:28.0 (120362)|USER_INFO|[EXTERNAL]|00590000000Vmmq|ben@bjbglobal.com.au|Australian Eastern Standard Time|GMT+10:00
11:45:28.0 (181101)|EXECUTION_STARTED
11:45:28.0 (188567)|CODE_UNIT_STARTED|[EXTERNAL]|0666F000007GVD0|VF: /apex/SeoGeoCompare
11:45:28.0 (3180949)|VF_DESERIALIZE_VIEWSTATE_BEGIN|0666F000007GVD0
11:45:28.0 (11775846)|HEAP_ALLOCATE|[72]|Bytes:3
11:45:28.0 (11824716)|HEAP_ALLOCATE|[77]|Bytes:152
11:45:28.0 (11839357)|HEAP_ALLOCATE|[342]|Bytes:408
11:45:28.0 (11854043)|HEAP_ALLOCATE|[355]|Bytes:408
11:45:28.0 (11866564)|HEAP_ALLOCATE|[467]|Bytes:48
11:45:28.0 (11892628)|HEAP_ALLOCATE|[139]|Bytes:6
11:45:28.0 (11917946)|HEAP_ALLOCATE|[50]|Bytes:5
11:45:28.0 (11937614)|HEAP_ALLOCATE|[56]|Bytes:5
11:45:28.0 (11947110)|HEAP_ALLOCATE|[64]|Bytes:7
11:45:28.0 (17524534)|VF_DESERIALIZE_VIEWSTATE_END
11:45:28.0 (21242772)|SYSTEM_MODE_ENTER|true
11:45:28.0 (21292261)|HEAP_ALLOCATE|[EXTERNAL]|Bytes:196
11:45:28.0 (21304583)|HEAP_ALLOCATE|[EXTERNAL]|Bytes:30
11:45:28.0 (21321396)|METHOD_ENTRY|[1]|01p6F000009rEEx|SeoGeoController.SeoGeoController()
11:45:28.0 (21328702)|STATEMENT_EXECUTE|[1]
11:45:28.0 (21333808)|STATEMENT_EXECUTE|[1]
11:45:28.0 (21343376)|SYSTEM_MODE_ENTER|false
11:45:28.0 (21355721)|HEAP_ALLOCATE|[EXTERNAL]|Bytes:5
11:45:28.0 (21370389)|SYSTEM_MODE_EXIT|false
11:45:28.0 (21380979)|METHOD_EXIT|[1]|SeoGeoController
11:45:28.0 (21917186)|HEAP_ALLOCATE|[EXTERNAL]|Bytes:24
11:45:28.0 (21932110)|VARIABLE_SCOPE_BEGIN|[59]|this|SeoGeoController|true|false
11:45:28.0 (22014290)|VARIABLE_ASSIGNMENT|[59]|this|{"allGeo":"0x348abad9","device":"desktop","refreshRequired":true,"selectedGeo":"0x3d1b757f","seoWebsite":"0x544f4a2f"}|0x329771f6
11:45:28.0 (22034707)|SYSTEM_MODE_ENTER|false
11:45:28.0 (22042478)|HEAP_ALLOCATE|[65]|Bytes:5
11:45:28.0 (22047929)|STATEMENT_EXECUTE|[59]
11:45:28.0 (22050074)|STATEMENT_EXECUTE|[65]
11:45:28.0 (22065102)|SYSTEM_MODE_EXIT|false
11:45:28.0 (31095519)|SYSTEM_MODE_ENTER|true
11:45:28.31 (31581035)|SYSTEM_MODE_ENTER|true
11:45:28.31 (31663283)|HEAP_ALLOCATE|[EXTERNAL]|Bytes:38
11:45:28.31 (31675267)|HEAP_ALLOCATE|[EXTERNAL]|Bytes:7
11:45:28.31 (31900057)|SYSTEM_MODE_ENTER|true
11:45:28.31 (31940670)|HEAP_ALLOCATE|[EXTERNAL]|Bytes:8
11:45:28.31 (31949168)|VARIABLE_SCOPE_BEGIN|[2]|this|ApexPage.PageMessagesComponentController|true|false
11:45:28.31 (31987202)|VARIABLE_ASSIGNMENT|[2]|this|{}|0x3d8dbe84
11:45:28.0 (32803923)|SYSTEM_MODE_ENTER|true
11:45:28.0 (32890988)|SYSTEM_MODE_ENTER|true
11:45:28.0 (32923784)|HEAP_ALLOCATE|[EXTERNAL]|Bytes:164
11:45:28.0 (32932527)|HEAP_ALLOCATE|[EXTERNAL]|Bytes:12
11:45:28.0 (32942284)|METHOD_ENTRY|[5]|01p6F000009rEEv|MultiselectController.MultiselectController()
11:45:28.0 (32949250)|STATEMENT_EXECUTE|[5]
11:45:28.0 (32953316)|STATEMENT_EXECUTE|[5]
11:45:28.0 (32960596)|SYSTEM_MODE_ENTER|false
11:45:28.0 (32967666)|HEAP_ALLOCATE|[EXTERNAL]|Bytes:5
11:45:28.0 (32974642)|SYSTEM_MODE_EXIT|false
11:45:28.0 (32982063)|METHOD_EXIT|[5]|MultiselectController
11:45:28.0 (32997459)|HEAP_ALLOCATE|[EXTERNAL]|Bytes:232
11:45:28.0 (33005887)|HEAP_ALLOCATE|[EXTERNAL]|Bytes:20
11:45:28.0 (33028191)|VARIABLE_ASSIGNMENT|[EXTERNAL]|this.leftOptions|"List of size 57 too large to display"|0x60a8883f
11:45:28.0 (33099216)|SYSTEM_MODE_ENTER|true
11:45:28.0 (33155083)|SYSTEM_MODE_ENTER|true
11:45:28.0 (33181529)|HEAP_ALLOCATE|[EXTERNAL]|Bytes:4
11:45:28.0 (33186390)|HEAP_ALLOCATE|[EXTERNAL]|Bytes:20
11:45:28.0 (33196947)|VARIABLE_ASSIGNMENT|[EXTERNAL]|this.rightOptions|[]|0x60a8883f
11:45:28.0 (33924671)|SYSTEM_MODE_ENTER|true
11:45:28.0 (34427757)|SYSTEM_MODE_ENTER|true
11:45:28.0 (34722160)|SYSTEM_MODE_ENTER|true
11:45:28.0 (37639356)|SYSTEM_MODE_ENTER|true
11:45:28.0 (37702328)|HEAP_ALLOCATE|[EXTERNAL]|Bytes:24
11:45:28.0 (37716669)|VARIABLE_SCOPE_BEGIN|[76]|this|SeoGeoController|true|false
11:45:28.0 (37772742)|VARIABLE_ASSIGNMENT|[76]|this|{"allGeo":"0x348abad9","device":"desktop","refreshRequired":true,"selectedGeo":"0x3d1b757f","seoWebsite":"0x544f4a2f"}|0x329771f6
11:45:28.0 (37790927)|SYSTEM_MODE_ENTER|false
11:45:28.0 (37799343)|HEAP_ALLOCATE|[77]|Bytes:5
11:45:28.0 (37805398)|STATEMENT_EXECUTE|[76]
11:45:28.0 (37807771)|STATEMENT_EXECUTE|[77]
11:45:28.0 (37823784)|VARIABLE_SCOPE_BEGIN|[77]|geoTable|String|false|false
11:45:28.0 (37834811)|VARIABLE_ASSIGNMENT|[77]|geoTable|null
11:45:28.0 (37839673)|STATEMENT_EXECUTE|[80]
11:45:28.0 (37866249)|METHOD_ENTRY|[80]|01p6F000009rEEx|SeoGeoController.getGeoURL()
11:45:28.0 (37887995)|VARIABLE_SCOPE_BEGIN|[97]|this|SeoGeoController|true|false
11:45:28.0 (37917346)|VARIABLE_ASSIGNMENT|[97]|this|{"allGeo":"0x348abad9","device":"desktop","refreshRequired":true,"selectedGeo":"0x3d1b757f","seoWebsite":"0x544f4a2f"}|0x329771f6
11:45:28.0 (37930584)|HEAP_ALLOCATE|[99]|Bytes:5
11:45:28.0 (37935724)|STATEMENT_EXECUTE|[97]
11:45:28.0 (37937654)|STATEMENT_EXECUTE|[99]
11:45:28.0 (37944555)|HEAP_ALLOCATE|[99]|Bytes:56
11:45:28.0 (38004479)|VARIABLE_ASSIGNMENT|[EXTERNAL]|this|{"allGeo":"0x348abad9","device":"desktop","refreshRequired":true,"selectedGeo":"0x3d1b757f","seoWebsite":"0x544f4a2f"}|0x329771f6
11:45:28.0 (38076495)|HEAP_ALLOCATE|[99]|Bytes:18
11:45:28.0 (38084566)|HEAP_ALLOCATE|[99]|Bytes:5
11:45:28.0 (38126813)|HEAP_ALLOCATE|[99]|Bytes:15
11:45:28.0 (38140635)|SYSTEM_METHOD_ENTRY|[1]|EncodingUtil.EncodingUtil()
11:45:28.0 (38145003)|STATEMENT_EXECUTE|[1]
11:45:28.0 (38151514)|SYSTEM_METHOD_EXIT|[1]|EncodingUtil
11:45:28.0 (38165355)|METHOD_ENTRY|[99]||System.EncodingUtil.urlEncode(String, String)
11:45:28.0 (38219220)|METHOD_EXIT|[99]||System.EncodingUtil.urlEncode(String, String)
11:45:28.0 (38230093)|HEAP_ALLOCATE|[99]|Bytes:74
11:45:28.0 (38235594)|VARIABLE_SCOPE_BEGIN|[99]|consolePath|String|false|false
11:45:28.0 (38249596)|VARIABLE_ASSIGNMENT|[99]|consolePath|"/?c=seo&action=keywo (54 more) ..."
11:45:28.0 (38297689)|VARIABLE_ASSIGNMENT|[EXTERNAL]|this|{"allGeo":"0x348abad9","device":"desktop","refreshRequired":true,"selectedGeo":"0x3d1b757f","seoWebsite":"0x544f4a2f"}|0x329771f6
11:45:28.0 (38341998)|HEAP_ALLOCATE|[101]|Bytes:5
11:45:28.0 (38365086)|VARIABLE_ASSIGNMENT|[101]|so|null|
11:45:28.0 (38371622)|STATEMENT_EXECUTE|[101]
11:45:28.0 (38409942)|VARIABLE_ASSIGNMENT|[EXTERNAL]|this|{"allGeo":"0x348abad9","device":"desktop","refreshRequired":true,"selectedGeo":"0x3d1b757f","seoWebsite":"0x544f4a2f"}|0x329771f6
11:45:28.0 (38447118)|STATEMENT_EXECUTE|[105]
11:45:28.0 (38449080)|STATEMENT_EXECUTE|[106]
11:45:28.0 (38456519)|HEAP_ALLOCATE|[106]|Bytes:13
11:45:28.0 (38492198)|VARIABLE_ASSIGNMENT|[EXTERNAL]|this|{"allGeo":"0x348abad9","device":"desktop","refreshRequired":true,"selectedGeo":"0x3d1b757f","seoWebsite":"0x544f4a2f"}|0x329771f6
11:45:28.0 (38514729)|METHOD_ENTRY|[106]||System.EncodingUtil.urlEncode(String, String)
11:45:28.0 (38544856)|METHOD_EXIT|[106]||System.EncodingUtil.urlEncode(String, String)
11:45:28.0 (38552132)|HEAP_ALLOCATE|[106]|Bytes:49
11:45:28.0 (38557619)|HEAP_ALLOCATE|[106]|Bytes:123
11:45:28.0 (38567249)|VARIABLE_ASSIGNMENT|[106]|consolePath|"/?c=seo&action=keywo (103 more) ..."
11:45:28.0 (38607309)|VARIABLE_ASSIGNMENT|[EXTERNAL]|this|{"allGeo":"0x348abad9","device":"desktop","refreshRequired":true,"selectedGeo":"0x3d1b757f","seoWebsite":"0x544f4a2f"}|0x329771f6
11:45:28.0 (38621268)|HEAP_ALLOCATE|[109]|Bytes:6
11:45:28.0 (38640633)|STATEMENT_EXECUTE|[109]
11:45:28.0 (38646935)|STATEMENT_EXECUTE|[113]
11:45:28.0 (38656210)|METHOD_ENTRY|[113]|01p6F000009rEEx|SeoGeoController.getKeywordIdQueryString()
11:45:28.0 (38673396)|VARIABLE_SCOPE_BEGIN|[43]|this|SeoGeoController|true|false
11:45:28.0 (38701518)|VARIABLE_ASSIGNMENT|[43]|this|{"allGeo":"0x348abad9","device":"desktop","refreshRequired":true,"selectedGeo":"0x3d1b757f","seoWebsite":"0x544f4a2f"}|0x329771f6
11:45:28.0 (38715106)|HEAP_ALLOCATE|[44]|Bytes:5
11:45:28.0 (38720296)|STATEMENT_EXECUTE|[43]
11:45:28.0 (38722070)|STATEMENT_EXECUTE|[44]
11:45:28.0 (38729355)|VARIABLE_SCOPE_BEGIN|[44]|keywordQueryString|String|false|false
11:45:28.0 (38739598)|VARIABLE_ASSIGNMENT|[44]|keywordQueryString|""
11:45:28.0 (38743923)|STATEMENT_EXECUTE|[47]
11:45:28.0 (38748263)|HEAP_ALLOCATE|[47]|Bytes:109
11:45:28.0 (38766173)|HEAP_ALLOCATE|[47]|Bytes:4
11:45:28.0 (38777195)|HEAP_ALLOCATE|[47]|Bytes:7
11:45:28.0 (38851599)|HEAP_ALLOCATE|[47]|Bytes:359
11:45:28.0 (38894842)|HEAP_ALLOCATE|[47]|Bytes:336
11:45:28.0 (38913926)|HEAP_ALLOCATE|[47]|Bytes:2
11:45:28.0 (40909186)|SOQL_EXECUTE_BEGIN|[47]|Aggregations:0|SELECT Id FROM seoThemeKeywords__c WHERE seoWebsites__c = :tmpVar1 ORDER BY Google_Current__c ASC NULLS FIRST
11:45:28.0 (45200371)|SOQL_EXECUTE_END|[47]|Rows:30
11:45:28.0 (45245595)|HEAP_ALLOCATE|[47]|Bytes:124
11:45:28.0 (45288055)|HEAP_ALLOCATE|[47]|Bytes:1650
11:45:28.0 (45364642)|HEAP_ALLOCATE|[47]|Bytes:124
11:45:28.0 (45385394)|VARIABLE_SCOPE_BEGIN|[47]|seoKeywords|List<seoThemeKeywords__c>|true|false
11:45:28.0 (45418110)|VARIABLE_ASSIGNMENT|[47]|seoKeywords|"List of size 30 too large to display"|0x5b3c29ce
11:45:28.0 (45502307)|STATEMENT_EXECUTE|[49]
11:45:28.0 (45618761)|HEAP_ALLOCATE|[50]|Bytes:5
11:45:28.0 (45638007)|HEAP_ALLOCATE|[50]|Bytes:12
11:45:28.0 (45647066)|VARIABLE_SCOPE_BEGIN|[50]|seoKeyword|seoThemeKeywords__c|true|false
11:45:28.0 (45684419)|VARIABLE_ASSIGNMENT|[50]|seoKeyword|{"Id":"a1D6F000003TvPBUA0","CurrencyIsoCode":"AUD"}|0x150dd2a9
11:45:28.0 (45693133)|STATEMENT_EXECUTE|[50]
11:45:28.0 (45695025)|STATEMENT_EXECUTE|[51]
11:45:28.0 (45706128)|HEAP_ALLOCATE|[51]|Bytes:5
11:45:28.0 (45748054)|HEAP_ALLOCATE|[51]|Bytes:18
11:45:28.0 (45765442)|METHOD_ENTRY|[51]||System.EncodingUtil.urlEncode(String, String)
11:45:28.0 (45812935)|METHOD_EXIT|[51]||System.EncodingUtil.urlEncode(String, String)
11:45:28.0 (45824977)|HEAP_ALLOCATE|[51]|Bytes:23
11:45:28.0 (45833827)|HEAP_ALLOCATE|[51]|Bytes:23
11:45:28.0 (45849312)|VARIABLE_ASSIGNMENT|[51]|keywordQueryString|"&k[]=a1D6F000003TvPB (3 more) ..."
11:45:28.0 (45865869)|HEAP_ALLOCATE|[50]|Bytes:5
11:45:28.0 (45878231)|HEAP_ALLOCATE|[50]|Bytes:12
11:45:28.0 (45884607)|VARIABLE_SCOPE_BEGIN|[50]|seoKeyword|seoThemeKeywords__c|true|false
11:45:28.0 (45900077)|VARIABLE_ASSIGNMENT|[50]|seoKeyword|{"Id":"a1D6F000003TvPXUA0","CurrencyIsoCode":"AUD"}|0x67c8ad1d
11:45:28.0 (45910881)|STATEMENT_EXECUTE|[50]
11:45:28.0 (45912991)|STATEMENT_EXECUTE|[51]
11:45:28.0 (45931968)|HEAP_ALLOCATE|[51]|Bytes:18
11:45:28.0 (45944653)|METHOD_ENTRY|[51]||System.EncodingUtil.urlEncode(String, String)
11:45:28.0 (45975731)|METHOD_EXIT|[51]||System.EncodingUtil.urlEncode(String, String)
11:45:28.0 (45982259)|HEAP_ALLOCATE|[51]|Bytes:23
11:45:28.0 (45986702)|HEAP_ALLOCATE|[51]|Bytes:46
11:45:28.0 (45996604)|VARIABLE_ASSIGNMENT|[51]|keywordQueryString|"&k[]=a1D6F000003TvPB (26 more) ..."
11:45:28.0 (46008696)|HEAP_ALLOCATE|[50]|Bytes:5
11:45:28.0 (46019618)|HEAP_ALLOCATE|[50]|Bytes:12
11:45:28.0 (46025472)|VARIABLE_SCOPE_BEGIN|[50]|seoKeyword|seoThemeKeywords__c|true|false
11:45:28.0 (46041574)|VARIABLE_ASSIGNMENT|[50]|seoKeyword|{"Id":"a1D6F000003TvPVUA0","CurrencyIsoCode":"AUD"}|0x460e5b00
11:45:28.0 (46047622)|STATEMENT_EXECUTE|[50]
11:45:28.0 (46049170)|STATEMENT_EXECUTE|[51]
11:45:28.0 (46060836)|HEAP_ALLOCATE|[51]|Bytes:18
11:45:28.0 (46068358)|METHOD_ENTRY|[51]||System.EncodingUtil.urlEncode(String, String)
11:45:28.0 (46088431)|METHOD_EXIT|[51]||System.EncodingUtil.urlEncode(String, String)
11:45:28.0 (46093406)|HEAP_ALLOCATE|[51]|Bytes:23
11:45:28.0 (46097882)|HEAP_ALLOCATE|[51]|Bytes:69
11:45:28.0 (46106152)|VARIABLE_ASSIGNMENT|[51]|keywordQueryString|"&k[]=a1D6F000003TvPB (49 more) ..."
11:45:28.0 (46115904)|HEAP_ALLOCATE|[50]|Bytes:5
11:45:28.0 (46125759)|HEAP_ALLOCATE|[50]|Bytes:12
11:45:28.0 (46131588)|VARIABLE_SCOPE_BEGIN|[50]|seoKeyword|seoThemeKeywords__c|true|false
11:45:28.0 (46145852)|VARIABLE_ASSIGNMENT|[50]|seoKeyword|{"Id":"a1D6F000003TvP9UAK","CurrencyIsoCode":"AUD"}|0x3aea81d9
11:45:28.0 (46151834)|STATEMENT_EXECUTE|[50]
11:45:28.0 (46153290)|STATEMENT_EXECUTE|[51]
11:45:28.0 (46162947)|HEAP_ALLOCATE|[51]|Bytes:18
11:45:28.0 (46169683)|METHOD_ENTRY|[51]||System.EncodingUtil.urlEncode(String, String)
11:45:28.0 (46189472)|METHOD_EXIT|[51]||System.EncodingUtil.urlEncode(String, String)
11:45:28.0 (46194077)|HEAP_ALLOCATE|[51]|Bytes:23
11:45:28.0 (46199276)|HEAP_ALLOCATE|[51]|Bytes:92
11:45:28.0 (46207562)|VARIABLE_ASSIGNMENT|[51]|keywordQueryString|"&k[]=a1D6F000003TvPB (72 more) ..."
11:45:28.0 (46217933)|HEAP_ALLOCATE|[50]|Bytes:5
11:45:28.0 (46226582)|HEAP_ALLOCATE|[50]|Bytes:12
11:45:28.0 (46232137)|VARIABLE_SCOPE_BEGIN|[50]|seoKeyword|seoThemeKeywords__c|true|false
11:45:28.0 (46245879)|VARIABLE_ASSIGNMENT|[50]|seoKeyword|{"Id":"a1D6F000003TvPNUA0","CurrencyIsoCode":"AUD"}|0x418984b7
11:45:28.0 (46250981)|STATEMENT_EXECUTE|[50]
11:45:28.0 (46252418)|STATEMENT_EXECUTE|[51]
11:45:28.0 (46261487)|HEAP_ALLOCATE|[51]|Bytes:18
11:45:28.0 (46268281)|METHOD_ENTRY|[51]||System.EncodingUtil.urlEncode(String, String)
11:45:28.0 (46306936)|METHOD_EXIT|[51]||System.EncodingUtil.urlEncode(String, String)
11:45:28.0 (46312293)|HEAP_ALLOCATE|[51]|Bytes:23
11:45:28.0 (46317052)|HEAP_ALLOCATE|[51]|Bytes:115
11:45:28.0 (46325543)|VARIABLE_ASSIGNMENT|[51]|keywordQueryString|"&k[]=a1D6F000003TvPB (95 more) ..."
11:45:28.0 (46336363)|HEAP_ALLOCATE|[50]|Bytes:5
11:45:28.0 (46345359)|HEAP_ALLOCATE|[50]|Bytes:12
11:45:28.0 (46350471)|VARIABLE_SCOPE_BEGIN|[50]|seoKeyword|seoThemeKeywords__c|true|false
11:45:28.0 (46363792)|VARIABLE_ASSIGNMENT|[50]|seoKeyword|{"Id":"a1D6F000003TvPAUA0","CurrencyIsoCode":"AUD"}|0x630b79de
11:45:28.0 (46371176)|STATEMENT_EXECUTE|[50]
11:45:28.0 (46372638)|STATEMENT_EXECUTE|[51]
11:45:28.0 (46384018)|HEAP_ALLOCATE|[51]|Bytes:18
11:45:28.0 (46391772)|METHOD_ENTRY|[51]||System.EncodingUtil.urlEncode(String, String)
11:45:28.0 (46412047)|METHOD_EXIT|[51]||System.EncodingUtil.urlEncode(String, String)
11:45:28.0 (46417667)|HEAP_ALLOCATE|[51]|Bytes:23
11:45:28.0 (46422352)|HEAP_ALLOCATE|[51]|Bytes:138
11:45:28.0 (46430487)|VARIABLE_ASSIGNMENT|[51]|keywordQueryString|"&k[]=a1D6F000003TvPB (118 more) ..."
11:45:28.0 (46439811)|HEAP_ALLOCATE|[50]|Bytes:5
11:45:28.0 (46448643)|HEAP_ALLOCATE|[50]|Bytes:12
11:45:28.0 (46458867)|VARIABLE_SCOPE_BEGIN|[50]|seoKeyword|seoThemeKeywords__c|true|false
11:45:28.0 (46473121)|VARIABLE_ASSIGNMENT|[50]|seoKeyword|{"Id":"a1D6F000003TvPCUA0","CurrencyIsoCode":"AUD"}|0x5769e8e4
11:45:28.0 (46478315)|STATEMENT_EXECUTE|[50]
11:45:28.0 (46479784)|STATEMENT_EXECUTE|[51]
11:45:28.0 (46488849)|HEAP_ALLOCATE|[51]|Bytes:18
11:45:28.0 (46495722)|METHOD_ENTRY|[51]||System.EncodingUtil.urlEncode(String, String)
11:45:28.0 (46514505)|METHOD_EXIT|[51]||System.EncodingUtil.urlEncode(String, String)
11:45:28.0 (46519726)|HEAP_ALLOCATE|[51]|Bytes:23
11:45:28.0 (46524157)|HEAP_ALLOCATE|[51]|Bytes:161
11:45:28.0 (46532733)|VARIABLE_ASSIGNMENT|[51]|keywordQueryString|"&k[]=a1D6F000003TvPB (141 more) ..."
11:45:28.0 (46542537)|HEAP_ALLOCATE|[50]|Bytes:5
11:45:28.0 (46551070)|HEAP_ALLOCATE|[50]|Bytes:12
11:45:28.0 (46555914)|VARIABLE_SCOPE_BEGIN|[50]|seoKeyword|seoThemeKeywords__c|true|false
11:45:28.0 (46567924)|VARIABLE_ASSIGNMENT|[50]|seoKeyword|{"Id":"a1D6F000003TvPPUA0","CurrencyIsoCode":"AUD"}|0x39e34f99
11:45:28.0 (46574730)|STATEMENT_EXECUTE|[50]
11:45:28.0 (46576119)|STATEMENT_EXECUTE|[51]
11:45:28.0 (46584942)|HEAP_ALLOCATE|[51]|Bytes:18
11:45:28.0 (46591531)|METHOD_ENTRY|[51]||System.EncodingUtil.urlEncode(String, String)
11:45:28.0 (46611136)|METHOD_EXIT|[51]||System.EncodingUtil.urlEncode(String, String)
11:45:28.0 (46615821)|HEAP_ALLOCATE|[51]|Bytes:23
11:45:28.0 (46620552)|HEAP_ALLOCATE|[51]|Bytes:184
11:45:28.0 (46628122)|VARIABLE_ASSIGNMENT|[51]|keywordQueryString|"&k[]=a1D6F000003TvPB (164 more) ..."
11:45:28.0 (46637370)|HEAP_ALLOCATE|[50]|Bytes:5
11:45:28.0 (46646581)|HEAP_ALLOCATE|[50]|Bytes:12
11:45:28.0 (46652560)|VARIABLE_SCOPE_BEGIN|[50]|seoKeyword|seoThemeKeywords__c|true|false
11:45:28.0 (46666136)|VARIABLE_ASSIGNMENT|[50]|seoKeyword|{"Id":"a1D6F000003TvPHUA0","CurrencyIsoCode":"AUD"}|0x34c2d82e
11:45:28.0 (46672186)|STATEMENT_EXECUTE|[50]
11:45:28.0 (46674174)|STATEMENT_EXECUTE|[51]
11:45:28.0 (46683195)|HEAP_ALLOCATE|[51]|Bytes:18
11:45:28.0 (46689571)|METHOD_ENTRY|[51]||System.EncodingUtil.urlEncode(String, String)
11:45:28.0 (46708831)|METHOD_EXIT|[51]||System.EncodingUtil.urlEncode(String, String)
11:45:28.0 (46714304)|HEAP_ALLOCATE|[51]|Bytes:23
11:45:28.0 (46718884)|HEAP_ALLOCATE|[51]|Bytes:207
11:45:28.0 (46726711)|VARIABLE_ASSIGNMENT|[51]|keywordQueryString|"&k[]=a1D6F000003TvPB (187 more) ..."
11:45:28.0 (46735251)|HEAP_ALLOCATE|[50]|Bytes:5
11:45:28.0 (46743607)|HEAP_ALLOCATE|[50]|Bytes:12
11:45:28.0 (46748410)|VARIABLE_SCOPE_BEGIN|[50]|seoKeyword|seoThemeKeywords__c|true|false
11:45:28.0 (46760839)|VARIABLE_ASSIGNMENT|[50]|seoKeyword|{"Id":"a1D6F000003TvPJUA0","CurrencyIsoCode":"AUD"}|0xcbf82e1
11:45:28.0 (46766978)|STATEMENT_EXECUTE|[50]
11:45:28.0 (46768375)|STATEMENT_EXECUTE|[51]
11:45:28.0 (46777197)|HEAP_ALLOCATE|[51]|Bytes:18
11:45:28.0 (46783637)|METHOD_ENTRY|[51]||System.EncodingUtil.urlEncode(String, String)
11:45:28.0 (46806978)|METHOD_EXIT|[51]||System.EncodingUtil.urlEncode(String, String)
11:45:28.0 (46812164)|HEAP_ALLOCATE|[51]|Bytes:23
11:45:28.0 (46816752)|HEAP_ALLOCATE|[51]|Bytes:230
11:45:28.0 (46824904)|VARIABLE_ASSIGNMENT|[51]|keywordQueryString|"&k[]=a1D6F000003TvPB (210 more) ..."
11:45:28.0 (46834162)|HEAP_ALLOCATE|[50]|Bytes:5
11:45:28.0 (46842683)|HEAP_ALLOCATE|[50]|Bytes:12
11:45:28.0 (46847959)|VARIABLE_SCOPE_BEGIN|[50]|seoKeyword|seoThemeKeywords__c|true|false
11:45:28.0 (46860673)|VARIABLE_ASSIGNMENT|[50]|seoKeyword|{"Id":"a1D6F000003TvPYUA0","CurrencyIsoCode":"AUD"}|0x1489655a
11:45:28.0 (46865575)|STATEMENT_EXECUTE|[50]
11:45:28.0 (46867037)|STATEMENT_EXECUTE|[51]
11:45:28.0 (46875872)|HEAP_ALLOCATE|[51]|Bytes:18
11:45:28.0 (46882731)|METHOD_ENTRY|[51]||System.EncodingUtil.urlEncode(String, String)
11:45:28.0 (46901928)|METHOD_EXIT|[51]||System.EncodingUtil.urlEncode(String, String)
11:45:28.0 (46906429)|HEAP_ALLOCATE|[51]|Bytes:23
11:45:28.0 (46910866)|HEAP_ALLOCATE|[51]|Bytes:253
11:45:28.0 (46919307)|VARIABLE_ASSIGNMENT|[51]|keywordQueryString|"&k[]=a1D6F000003TvPB (233 more) ..."
11:45:28.0 (46928790)|HEAP_ALLOCATE|[50]|Bytes:5
11:45:28.0 (46937238)|HEAP_ALLOCATE|[50]|Bytes:12
11:45:28.0 (46942039)|VARIABLE_SCOPE_BEGIN|[50]|seoKeyword|seoThemeKeywords__c|true|false
11:45:28.0 (46954945)|VARIABLE_ASSIGNMENT|[50]|seoKeyword|{"Id":"a1D6F000003TvPFUA0","CurrencyIsoCode":"AUD"}|0x37357fd5
11:45:28.0 (46960284)|STATEMENT_EXECUTE|[50]
11:45:28.0 (46961667)|STATEMENT_EXECUTE|[51]
11:45:28.0 (46970150)|HEAP_ALLOCATE|[51]|Bytes:18
11:45:28.0 (46977190)|METHOD_ENTRY|[51]||System.EncodingUtil.urlEncode(String, String)
11:45:28.0 (46995675)|METHOD_EXIT|[51]||System.EncodingUtil.urlEncode(String, String)
11:45:28.0 (47000431)|HEAP_ALLOCATE|[51]|Bytes:23
11:45:28.0 (47005364)|HEAP_ALLOCATE|[51]|Bytes:276
11:45:28.0 (47013590)|VARIABLE_ASSIGNMENT|[51]|keywordQueryString|"&k[]=a1D6F000003TvPB (256 more) ..."
11:45:28.0 (47023111)|HEAP_ALLOCATE|[50]|Bytes:5
11:45:28.0 (47031651)|HEAP_ALLOCATE|[50]|Bytes:12
11:45:28.0 (47037125)|VARIABLE_SCOPE_BEGIN|[50]|seoKeyword|seoThemeKeywords__c|true|false
11:45:28.0 (47051883)|VARIABLE_ASSIGNMENT|[50]|seoKeyword|{"Id":"a1D6F000003TvPOUA0","CurrencyIsoCode":"AUD"}|0x1594d2b5
11:45:28.0 (47058560)|STATEMENT_EXECUTE|[50]
11:45:28.0 (47060031)|STATEMENT_EXECUTE|[51]
11:45:28.0 (47068683)|HEAP_ALLOCATE|[51]|Bytes:18
11:45:28.0 (47075722)|METHOD_ENTRY|[51]||System.EncodingUtil.urlEncode(String, String)
11:45:28.0 (47095792)|METHOD_EXIT|[51]||System.EncodingUtil.urlEncode(String, String)
11:45:28.0 (47100412)|HEAP_ALLOCATE|[51]|Bytes:23
11:45:28.0 (47104842)|HEAP_ALLOCATE|[51]|Bytes:299
11:45:28.0 (47113200)|VARIABLE_ASSIGNMENT|[51]|keywordQueryString|"&k[]=a1D6F000003TvPB (279 more) ..."
11:45:28.0 (47122147)|HEAP_ALLOCATE|[50]|Bytes:5
11:45:28.0 (47130890)|HEAP_ALLOCATE|[50]|Bytes:12
11:45:28.0 (47136173)|VARIABLE_SCOPE_BEGIN|[50]|seoKeyword|seoThemeKeywords__c|true|false
11:45:28.0 (47150546)|VARIABLE_ASSIGNMENT|[50]|seoKeyword|{"Id":"a1D6F000003TvPSUA0","CurrencyIsoCode":"AUD"}|0x65cce26c
11:45:28.0 (47155966)|STATEMENT_EXECUTE|[50]
11:45:28.0 (47157715)|STATEMENT_EXECUTE|[51]
11:45:28.0 (47166482)|HEAP_ALLOCATE|[51]|Bytes:18
11:45:28.0 (47173465)|METHOD_ENTRY|[51]||System.EncodingUtil.urlEncode(String, String)
11:45:28.0 (47192368)|METHOD_EXIT|[51]||System.EncodingUtil.urlEncode(String, String)
11:45:28.0 (47197035)|HEAP_ALLOCATE|[51]|Bytes:23
11:45:28.0 (47201425)|HEAP_ALLOCATE|[51]|Bytes:322
11:45:28.0 (47210296)|VARIABLE_ASSIGNMENT|[51]|keywordQueryString|"&k[]=a1D6F000003TvPB (302 more) ..."
11:45:28.0 (47220024)|HEAP_ALLOCATE|[50]|Bytes:5
11:45:28.0 (47228695)|HEAP_ALLOCATE|[50]|Bytes:12
11:45:28.0 (47233503)|VARIABLE_SCOPE_BEGIN|[50]|seoKeyword|seoThemeKeywords__c|true|false
11:45:28.0 (47246220)|VARIABLE_ASSIGNMENT|[50]|seoKeyword|{"Id":"a1D6F000003TvPLUA0","CurrencyIsoCode":"AUD"}|0x3a30f83a
11:45:28.0 (47252249)|STATEMENT_EXECUTE|[50]
11:45:28.0 (47253622)|STATEMENT_EXECUTE|[51]
11:45:28.0 (47262198)|HEAP_ALLOCATE|[51]|Bytes:18
11:45:28.0 (47268458)|METHOD_ENTRY|[51]||System.EncodingUtil.urlEncode(String, String)
11:45:28.0 (47286973)|METHOD_EXIT|[51]||System.EncodingUtil.urlEncode(String, String)
11:45:28.0 (47291725)|HEAP_ALLOCATE|[51]|Bytes:23
11:45:28.0 (47296511)|HEAP_ALLOCATE|[51]|Bytes:345
11:45:28.0 (47304225)|VARIABLE_ASSIGNMENT|[51]|keywordQueryString|"&k[]=a1D6F000003TvPB (325 more) ..."
11:45:28.0 (47313569)|HEAP_ALLOCATE|[50]|Bytes:5
11:45:28.0 (47321806)|HEAP_ALLOCATE|[50]|Bytes:12
11:45:28.0 (47326891)|VARIABLE_SCOPE_BEGIN|[50]|seoKeyword|seoThemeKeywords__c|true|false
11:45:28.0 (47339571)|VARIABLE_ASSIGNMENT|[50]|seoKeyword|{"Id":"a1D6F000003TvPTUA0","CurrencyIsoCode":"AUD"}|0x2667e37e
11:45:28.0 (47345729)|STATEMENT_EXECUTE|[50]
11:45:28.0 (47347170)|STATEMENT_EXECUTE|[51]
11:45:28.0 (47355604)|HEAP_ALLOCATE|[51]|Bytes:18
11:45:28.0 (47361952)|METHOD_ENTRY|[51]||System.EncodingUtil.urlEncode(String, String)
11:45:28.0 (47383013)|METHOD_EXIT|[51]||System.EncodingUtil.urlEncode(String, String)
11:45:28.0 (47387977)|HEAP_ALLOCATE|[51]|Bytes:23
11:45:28.0 (47393075)|HEAP_ALLOCATE|[51]|Bytes:368
11:45:28.0 (47401253)|VARIABLE_ASSIGNMENT|[51]|keywordQueryString|"&k[]=a1D6F000003TvPB (348 more) ..."
11:45:28.0 (47410910)|HEAP_ALLOCATE|[50]|Bytes:5
11:45:28.0 (47419580)|HEAP_ALLOCATE|[50]|Bytes:12
11:45:28.0 (47425233)|VARIABLE_SCOPE_BEGIN|[50]|seoKeyword|seoThemeKeywords__c|true|false
11:45:28.0 (47438352)|VARIABLE_ASSIGNMENT|[50]|seoKeyword|{"Id":"a1D6F000003TvPMUA0","CurrencyIsoCode":"AUD"}|0x15558c7d
11:45:28.0 (47443602)|STATEMENT_EXECUTE|[50]
11:45:28.0 (47445439)|STATEMENT_EXECUTE|[51]
11:45:28.0 (47457115)|HEAP_ALLOCATE|[51]|Bytes:18
11:45:28.0 (47463338)|METHOD_ENTRY|[51]||System.EncodingUtil.urlEncode(String, String)
11:45:28.0 (47481754)|METHOD_EXIT|[51]||System.EncodingUtil.urlEncode(String, String)
11:45:28.0 (47486010)|HEAP_ALLOCATE|[51]|Bytes:23
11:45:28.0 (47490026)|HEAP_ALLOCATE|[51]|Bytes:391
11:45:28.0 (47498789)|VARIABLE_ASSIGNMENT|[51]|keywordQueryString|"&k[]=a1D6F000003TvPB (371 more) ..."
11:45:28.0 (47507676)|HEAP_ALLOCATE|[50]|Bytes:5
11:45:28.0 (47520424)|HEAP_ALLOCATE|[50]|Bytes:12
11:45:28.0 (47526600)|VARIABLE_SCOPE_BEGIN|[50]|seoKeyword|seoThemeKeywords__c|true|false
11:45:28.0 (47539872)|VARIABLE_ASSIGNMENT|[50]|seoKeyword|{"Id":"a1D6F000003TvPGUA0","CurrencyIsoCode":"AUD"}|0x1788c339
11:45:28.0 (47549508)|STATEMENT_EXECUTE|[50]
11:45:28.0 (47551952)|STATEMENT_EXECUTE|[51]
11:45:28.0 (47565228)|HEAP_ALLOCATE|[51]|Bytes:18
11:45:28.0 (47575227)|METHOD_ENTRY|[51]||System.EncodingUtil.urlEncode(String, String)
11:45:28.0 (47600894)|METHOD_EXIT|[51]||System.EncodingUtil.urlEncode(String, String)
11:45:28.0 (47606317)|HEAP_ALLOCATE|[51]|Bytes:23
11:45:28.0 (47611565)|HEAP_ALLOCATE|[51]|Bytes:414
11:45:28.0 (47619939)|VARIABLE_ASSIGNMENT|[51]|keywordQueryString|"&k[]=a1D6F000003TvPB (394 more) ..."
11:45:28.0 (47629981)|HEAP_ALLOCATE|[50]|Bytes:5
11:45:28.0 (47639261)|HEAP_ALLOCATE|[50]|Bytes:12
11:45:28.0 (47644794)|VARIABLE_SCOPE_BEGIN|[50]|seoKeyword|seoThemeKeywords__c|true|false
11:45:28.0 (47657783)|VARIABLE_ASSIGNMENT|[50]|seoKeyword|{"Id":"a1D6F000003TvPEUA0","CurrencyIsoCode":"AUD"}|0x2ac408da
11:45:28.0 (47663299)|STATEMENT_EXECUTE|[50]
11:45:28.0 (47664696)|STATEMENT_EXECUTE|[51]
11:45:28.0 (47674658)|HEAP_ALLOCATE|[51]|Bytes:18
11:45:28.0 (47681234)|METHOD_ENTRY|[51]||System.EncodingUtil.urlEncode(String, String)
11:45:28.0 (47699773)|METHOD_EXIT|[51]||System.EncodingUtil.urlEncode(String, String)
11:45:28.0 (47704456)|HEAP_ALLOCATE|[51]|Bytes:23
11:45:28.0 (47709279)|HEAP_ALLOCATE|[51]|Bytes:437
11:45:28.0 (47717235)|VARIABLE_ASSIGNMENT|[51]|keywordQueryString|"&k[]=a1D6F000003TvPB (417 more) ..."
11:45:28.0 (47726914)|HEAP_ALLOCATE|[50]|Bytes:5
11:45:28.0 (47735586)|HEAP_ALLOCATE|[50]|Bytes:12
11:45:28.0 (47741235)|VARIABLE_SCOPE_BEGIN|[50]|seoKeyword|seoThemeKeywords__c|true|false
11:45:28.0 (47754487)|VARIABLE_ASSIGNMENT|[50]|seoKeyword|{"Id":"a1D6F000003TvPUUA0","CurrencyIsoCode":"AUD"}|0x332162ef
11:45:28.0 (47761002)|STATEMENT_EXECUTE|[50]
11:45:28.0 (47762857)|STATEMENT_EXECUTE|[51]
11:45:28.0 (47771648)|HEAP_ALLOCATE|[51]|Bytes:18
11:45:28.0 (47778519)|METHOD_ENTRY|[51]||System.EncodingUtil.urlEncode(String, String)
11:45:28.0 (47797373)|METHOD_EXIT|[51]||System.EncodingUtil.urlEncode(String, String)
11:45:28.0 (47801706)|HEAP_ALLOCATE|[51]|Bytes:23
11:45:28.0 (47806022)|HEAP_ALLOCATE|[51]|Bytes:460
11:45:28.0 (47813703)|VARIABLE_ASSIGNMENT|[51]|keywordQueryString|"&k[]=a1D6F000003TvPB (440 more) ..."
11:45:28.0 (47822648)|HEAP_ALLOCATE|[50]|Bytes:5
11:45:28.0 (47831184)|HEAP_ALLOCATE|[50]|Bytes:12
11:45:28.0 (47836308)|VARIABLE_SCOPE_BEGIN|[50]|seoKeyword|seoThemeKeywords__c|true|false
11:45:28.0 (47849237)|VARIABLE_ASSIGNMENT|[50]|seoKeyword|{"Id":"a1D6F000003TvPKUA0","CurrencyIsoCode":"AUD"}|0xa2e2692
11:45:28.0 (47854950)|STATEMENT_EXECUTE|[50]
11:45:28.0 (47856372)|STATEMENT_EXECUTE|[51]
11:45:28.0 (47865064)|HEAP_ALLOCATE|[51]|Bytes:18
11:45:28.0 (47872564)|METHOD_ENTRY|[51]||System.EncodingUtil.urlEncode(String, String)
11:45:28.0 (47891542)|METHOD_EXIT|[51]||System.EncodingUtil.urlEncode(String, String)
11:45:28.0 (47896179)|HEAP_ALLOCATE|[51]|Bytes:23
11:45:28.0 (47900916)|HEAP_ALLOCATE|[51]|Bytes:483
11:45:28.0 (47909173)|VARIABLE_ASSIGNMENT|[51]|keywordQueryString|"&k[]=a1D6F000003TvPB (463 more) ..."
11:45:28.0 (47918759)|HEAP_ALLOCATE|[50]|Bytes:5
11:45:28.0 (47927370)|HEAP_ALLOCATE|[50]|Bytes:12
11:45:28.0 (47932460)|VARIABLE_SCOPE_BEGIN|[50]|seoKeyword|seoThemeKeywords__c|true|false
11:45:28.0 (47945408)|VARIABLE_ASSIGNMENT|[50]|seoKeyword|{"Id":"a1D6F000003TvPIUA0","CurrencyIsoCode":"AUD"}|0x5b6eade5
11:45:28.0 (47952027)|STATEMENT_EXECUTE|[50]
11:45:28.0 (47953470)|STATEMENT_EXECUTE|[51]
11:45:28.0 (47962407)|HEAP_ALLOCATE|[51]|Bytes:18
11:45:28.0 (47969195)|METHOD_ENTRY|[51]||System.EncodingUtil.urlEncode(String, String)
11:45:28.0 (47989288)|METHOD_EXIT|[51]||System.EncodingUtil.urlEncode(String, String)
11:45:28.0 (47994429)|HEAP_ALLOCATE|[51]|Bytes:23
11:45:28.0 (47998925)|HEAP_ALLOCATE|[51]|Bytes:506
11:45:28.0 (48007847)|VARIABLE_ASSIGNMENT|[51]|keywordQueryString|"&k[]=a1D6F000003TvPB (486 more) ..."
11:45:28.0 (48018337)|HEAP_ALLOCATE|[50]|Bytes:5
11:45:28.0 (48026867)|HEAP_ALLOCATE|[50]|Bytes:12
11:45:28.0 (48031593)|VARIABLE_SCOPE_BEGIN|[50]|seoKeyword|seoThemeKeywords__c|true|false
11:45:28.0 (48044422)|VARIABLE_ASSIGNMENT|[50]|seoKeyword|{"Id":"a1D6F000003TvP7UAK","CurrencyIsoCode":"AUD"}|0x51e6fc8a
11:45:28.0 (48050280)|STATEMENT_EXECUTE|[50]
11:45:28.0 (48051708)|STATEMENT_EXECUTE|[51]
11:45:28.0 (48060998)|HEAP_ALLOCATE|[51]|Bytes:18
11:45:28.0 (48067512)|METHOD_ENTRY|[51]||System.EncodingUtil.urlEncode(String, String)
11:45:28.0 (48086892)|METHOD_EXIT|[51]||System.EncodingUtil.urlEncode(String, String)
11:45:28.0 (48092020)|HEAP_ALLOCATE|[51]|Bytes:23
11:45:28.0 (48096960)|HEAP_ALLOCATE|[51]|Bytes:529
11:45:28.0 (48105143)|VARIABLE_ASSIGNMENT|[51]|keywordQueryString|"&k[]=a1D6F000003TvPB (509 more) ..."
11:45:28.0 (48114648)|HEAP_ALLOCATE|[50]|Bytes:5
11:45:28.0 (48123052)|HEAP_ALLOCATE|[50]|Bytes:12
11:45:28.0 (48127951)|VARIABLE_SCOPE_BEGIN|[50]|seoKeyword|seoThemeKeywords__c|true|false
11:45:28.0 (48141563)|VARIABLE_ASSIGNMENT|[50]|seoKeyword|{"Id":"a1D6F000003TvP5UAK","CurrencyIsoCode":"AUD"}|0x6968da43
11:45:28.0 (48148087)|STATEMENT_EXECUTE|[50]
11:45:28.0 (48149526)|STATEMENT_EXECUTE|[51]
11:45:28.0 (48157923)|HEAP_ALLOCATE|[51]|Bytes:18
11:45:28.0 (48164202)|METHOD_ENTRY|[51]||System.EncodingUtil.urlEncode(String, String)
11:45:28.0 (48182900)|METHOD_EXIT|[51]||System.EncodingUtil.urlEncode(String, String)
11:45:28.0 (48187957)|HEAP_ALLOCATE|[51]|Bytes:23
11:45:28.0 (48192361)|HEAP_ALLOCATE|[51]|Bytes:552
11:45:28.0 (48200036)|VARIABLE_ASSIGNMENT|[51]|keywordQueryString|"&k[]=a1D6F000003TvPB (532 more) ..."
11:45:28.0 (48210130)|HEAP_ALLOCATE|[50]|Bytes:5
11:45:28.0 (48219097)|HEAP_ALLOCATE|[50]|Bytes:12
11:45:28.0 (48224573)|VARIABLE_SCOPE_BEGIN|[50]|seoKeyword|seoThemeKeywords__c|true|false
11:45:28.0 (48238203)|VARIABLE_ASSIGNMENT|[50]|seoKeyword|{"Id":"a1D6F000003TvP6UAK","CurrencyIsoCode":"AUD"}|0x12896b4a
11:45:28.0 (48244759)|STATEMENT_EXECUTE|[50]
11:45:28.0 (48246346)|STATEMENT_EXECUTE|[51]
11:45:28.0 (48255230)|HEAP_ALLOCATE|[51]|Bytes:18
11:45:28.0 (48261888)|METHOD_ENTRY|[51]||System.EncodingUtil.urlEncode(String, String)
11:45:28.0 (48281481)|METHOD_EXIT|[51]||System.EncodingUtil.urlEncode(String, String)
11:45:28.0 (48285828)|HEAP_ALLOCATE|[51]|Bytes:23
11:45:28.0 (48290097)|HEAP_ALLOCATE|[51]|Bytes:575
11:45:28.0 (48298875)|VARIABLE_ASSIGNMENT|[51]|keywordQueryString|"&k[]=a1D6F000003TvPB (555 more) ..."
11:45:28.0 (48308615)|HEAP_ALLOCATE|[50]|Bytes:5
11:45:28.0 (48317589)|HEAP_ALLOCATE|[50]|Bytes:12
11:45:28.0 (48325505)|VARIABLE_SCOPE_BEGIN|[50]|seoKeyword|seoThemeKeywords__c|true|false
11:45:28.0 (48340247)|VARIABLE_ASSIGNMENT|[50]|seoKeyword|{"Id":"a1D6F000003TvP8UAK","CurrencyIsoCode":"AUD"}|0x3ca6ed7b
11:45:28.0 (48346300)|STATEMENT_EXECUTE|[50]
11:45:28.0 (48347704)|STATEMENT_EXECUTE|[51]
11:45:28.0 (48356655)|HEAP_ALLOCATE|[51]|Bytes:18
11:45:28.0 (48363798)|METHOD_ENTRY|[51]||System.EncodingUtil.urlEncode(String, String)
11:45:28.0 (48385104)|METHOD_EXIT|[51]||System.EncodingUtil.urlEncode(String, String)
11:45:28.0 (48390500)|HEAP_ALLOCATE|[51]|Bytes:23
11:45:28.0 (48398467)|HEAP_ALLOCATE|[51]|Bytes:598
11:45:28.0 (48410132)|VARIABLE_ASSIGNMENT|[51]|keywordQueryString|"&k[]=a1D6F000003TvPB (578 more) ..."
11:45:28.0 (48425499)|HEAP_ALLOCATE|[50]|Bytes:5
11:45:28.0 (48440431)|HEAP_ALLOCATE|[50]|Bytes:12
11:45:28.0 (48446329)|VARIABLE_SCOPE_BEGIN|[50]|seoKeyword|seoThemeKeywords__c|true|false
11:45:28.0 (48464573)|VARIABLE_ASSIGNMENT|[50]|seoKeyword|{"Id":"a1D6F000003TvPDUA0","CurrencyIsoCode":"AUD"}|0x5ac244c9
11:45:28.0 (48471507)|STATEMENT_EXECUTE|[50]
11:45:28.0 (48472944)|STATEMENT_EXECUTE|[51]
11:45:28.0 (48483372)|HEAP_ALLOCATE|[51]|Bytes:18
11:45:28.0 (48490160)|METHOD_ENTRY|[51]||System.EncodingUtil.urlEncode(String, String)
11:45:28.0 (48510433)|METHOD_EXIT|[51]||System.EncodingUtil.urlEncode(String, String)
11:45:28.0 (48515198)|HEAP_ALLOCATE|[51]|Bytes:23
11:45:28.0 (48520237)|HEAP_ALLOCATE|[51]|Bytes:621
11:45:28.0 (48528392)|VARIABLE_ASSIGNMENT|[51]|keywordQueryString|"&k[]=a1D6F000003TvPB (601 more) ..."
11:45:28.0 (48539120)|HEAP_ALLOCATE|[50]|Bytes:5
11:45:28.0 (48547930)|HEAP_ALLOCATE|[50]|Bytes:12
11:45:28.0 (48552896)|VARIABLE_SCOPE_BEGIN|[50]|seoKeyword|seoThemeKeywords__c|true|false
11:45:28.0 (48565647)|VARIABLE_ASSIGNMENT|[50]|seoKeyword|{"Id":"a1D6F000003TvPQUA0","CurrencyIsoCode":"AUD"}|0x75d73710
11:45:28.0 (48571765)|STATEMENT_EXECUTE|[50]
11:45:28.0 (48573186)|STATEMENT_EXECUTE|[51]
11:45:28.0 (48581805)|HEAP_ALLOCATE|[51]|Bytes:18
11:45:28.0 (48588402)|METHOD_ENTRY|[51]||System.EncodingUtil.urlEncode(String, String)
11:45:28.0 (48607636)|METHOD_EXIT|[51]||System.EncodingUtil.urlEncode(String, String)
11:45:28.0 (48613028)|HEAP_ALLOCATE|[51]|Bytes:23
11:45:28.0 (48617516)|HEAP_ALLOCATE|[51]|Bytes:644
11:45:28.0 (48626191)|VARIABLE_ASSIGNMENT|[51]|keywordQueryString|"&k[]=a1D6F000003TvPB (624 more) ..."
11:45:28.0 (48635940)|HEAP_ALLOCATE|[50]|Bytes:5
11:45:28.0 (48644729)|HEAP_ALLOCATE|[50]|Bytes:12
11:45:28.0 (48649833)|VARIABLE_SCOPE_BEGIN|[50]|seoKeyword|seoThemeKeywords__c|true|false
11:45:28.0 (48663067)|VARIABLE_ASSIGNMENT|[50]|seoKeyword|{"Id":"a1D6F000003TvPRUA0","CurrencyIsoCode":"AUD"}|0x2c5dc1db
11:45:28.0 (48668813)|STATEMENT_EXECUTE|[50]
11:45:28.0 (48670221)|STATEMENT_EXECUTE|[51]
11:45:28.0 (48679311)|HEAP_ALLOCATE|[51]|Bytes:18
11:45:28.0 (48685787)|METHOD_ENTRY|[51]||System.EncodingUtil.urlEncode(String, String)
11:45:28.0 (48705464)|METHOD_EXIT|[51]||System.EncodingUtil.urlEncode(String, String)
11:45:28.0 (48709855)|HEAP_ALLOCATE|[51]|Bytes:23
11:45:28.0 (48715447)|HEAP_ALLOCATE|[51]|Bytes:667
11:45:28.0 (48723976)|VARIABLE_ASSIGNMENT|[51]|keywordQueryString|"&k[]=a1D6F000003TvPB (647 more) ..."
11:45:28.0 (48734009)|HEAP_ALLOCATE|[50]|Bytes:5
11:45:28.0 (48742904)|HEAP_ALLOCATE|[50]|Bytes:12
11:45:28.0 (48747813)|VARIABLE_SCOPE_BEGIN|[50]|seoKeyword|seoThemeKeywords__c|true|false
11:45:28.0 (48762279)|VARIABLE_ASSIGNMENT|[50]|seoKeyword|{"Id":"a1D6F000003TvPWUA0","CurrencyIsoCode":"AUD"}|0x279b2c1e
11:45:28.0 (48770906)|STATEMENT_EXECUTE|[50]
11:45:28.0 (48773070)|STATEMENT_EXECUTE|[51]
11:45:28.0 (48786407)|HEAP_ALLOCATE|[51]|Bytes:18
11:45:28.0 (48796535)|METHOD_ENTRY|[51]||System.EncodingUtil.urlEncode(String, String)
11:45:28.0 (48820116)|METHOD_EXIT|[51]||System.EncodingUtil.urlEncode(String, String)
11:45:28.0 (48825085)|HEAP_ALLOCATE|[51]|Bytes:23
11:45:28.0 (48830831)|HEAP_ALLOCATE|[51]|Bytes:690
11:45:28.0 (48839463)|VARIABLE_ASSIGNMENT|[51]|keywordQueryString|"&k[]=a1D6F000003TvPB (670 more) ..."
11:45:28.0 (48850126)|HEAP_ALLOCATE|[50]|Bytes:5
11:45:28.0 (48860916)|VARIABLE_ASSIGNMENT|[50]|seoKeyword|null|
11:45:28.0 (48867337)|STATEMENT_EXECUTE|[55]
11:45:28.0 (48877490)|METHOD_EXIT|[113]|01p6F000009rEEx|SeoGeoController.getKeywordIdQueryString()
11:45:28.0 (48884073)|VARIABLE_SCOPE_BEGIN|[113]|keywordQueryString|String|false|false
11:45:28.0 (48896680)|VARIABLE_ASSIGNMENT|[113]|keywordQueryString|"&k[]=a1D6F000003TvPB (670 more) ..."
11:45:28.0 (48916503)|STATEMENT_EXECUTE|[115]
11:45:28.0 (48918379)|STATEMENT_EXECUTE|[116]
11:45:28.0 (48925774)|HEAP_ALLOCATE|[116]|Bytes:813
11:45:28.0 (48935019)|VARIABLE_ASSIGNMENT|[116]|consolePath|"/?c=seo&action=keywo (793 more) ..."
11:45:28.0 (48940834)|STATEMENT_EXECUTE|[121]
11:45:28.0 (48948404)|METHOD_EXIT|[80]|01p6F000009rEEx|SeoGeoController.getGeoURL()
11:45:28.0 (48955695)|VARIABLE_SCOPE_BEGIN|[80]|consolePath|String|false|false
11:45:28.0 (48966684)|VARIABLE_ASSIGNMENT|[80]|consolePath|"/?c=seo&action=keywo (793 more) ..."
11:45:28.0 (48972055)|STATEMENT_EXECUTE|[82]
11:45:28.0 (48973542)|STATEMENT_EXECUTE|[83]
11:45:28.0 (50995720)|HEAP_ALLOCATE|[83]|Bytes:7
11:45:28.0 (51010952)|HEAP_ALLOCATE|[83]|Bytes:10
11:45:28.0 (51040313)|METHOD_ENTRY|[1]|01p6F000006aBAZ|slxConsole.slxConsole()
11:45:28.0 (51049253)|STATEMENT_EXECUTE|[1]
11:45:28.0 (51054327)|STATEMENT_EXECUTE|[1]
11:45:28.0 (51061210)|METHOD_EXIT|[1]|slxConsole
11:45:28.0 (51090952)|METHOD_ENTRY|[83]|01p6F000006aBAZ|slxConsole.getConsolePage(String)
11:45:28.0 (51120496)|VARIABLE_SCOPE_BEGIN|[17]|path|String|false|false
11:45:28.0 (51139868)|VARIABLE_ASSIGNMENT|[17]|path|"/?c=seo&action=keywo (793 more) ..."
11:45:28.0 (51148640)|STATEMENT_EXECUTE|[17]
11:45:28.0 (51151365)|STATEMENT_EXECUTE|[20]
11:45:28.0 (51164579)|HEAP_ALLOCATE|[20]|Bytes:10
11:45:28.0 (53153879)|HEAP_ALLOCATE|[20]|Bytes:56
11:45:28.0 (53179075)|VARIABLE_SCOPE_BEGIN|[20]|consoleLogin|Login__c|true|false
11:45:28.0 (53262828)|VARIABLE_ASSIGNMENT|[20]|consoleLogin|{"LastModifiedDate":"2017-01-17T06:58:25.000Z","username__c":"salesforce","IsDeleted":false,"password__c":"49fc7fd771000d6127b3 (12 more) ...","URL__c":"https://console.spon (13 more) ...","CurrencyIsoCode":"AUD","SetupOwnerId":"00D90000000IJSaEAO","Name":"SLXConsole","SystemModstamp":"2018-03-23T09:17:56.000Z","CreatedById":"00590000000VmmqAAC","CreatedDate":"2016-03-02T07:09:34.000Z","Id":"a1w6F000005747qQAA","LastModifiedById":"00590000000VmmqAAC"}|0x27c68887
11:45:28.0 (53286979)|STATEMENT_EXECUTE|[22]
11:45:28.0 (53297193)|STATEMENT_EXECUTE|[27]
11:45:28.0 (53345194)|VARIABLE_SCOPE_BEGIN|[27]|consoleEndpoint|String|false|false
11:45:28.0 (53363508)|VARIABLE_ASSIGNMENT|[27]|consoleEndpoint|"https://console.spon (13 more) ..."
11:45:28.0 (53375068)|STATEMENT_EXECUTE|[28]
11:45:28.0 (53393819)|VARIABLE_SCOPE_BEGIN|[28]|consoleUsername|String|false|false
11:45:28.0 (53409188)|VARIABLE_ASSIGNMENT|[28]|consoleUsername|"salesforce"
11:45:28.0 (53416287)|STATEMENT_EXECUTE|[29]
11:45:28.0 (53429405)|VARIABLE_SCOPE_BEGIN|[29]|consolePassword|String|false|false
11:45:28.0 (53444005)|VARIABLE_ASSIGNMENT|[29]|consolePassword|"49fc7fd771000d6127b3 (12 more) ..."
11:45:28.0 (53449861)|STATEMENT_EXECUTE|[33]
11:45:28.0 (53501060)|VARIABLE_SCOPE_BEGIN|[33]|req|System.HttpRequest|true|false
11:45:28.0 (53808441)|VARIABLE_ASSIGNMENT|[33]|req|"System.HttpRequest[Endpoint=null, Method=null]"|0x2b6538eb
11:45:28.0 (53820883)|STATEMENT_EXECUTE|[34]
11:45:28.0 (53838046)|HEAP_ALLOCATE|[34]|Bytes:846
11:45:28.0 (53904398)|STATEMENT_EXECUTE|[35]
11:45:28.0 (53928066)|HEAP_ALLOCATE|[35]|Bytes:3
11:45:28.0 (53956715)|STATEMENT_EXECUTE|[36]
11:45:28.0 (53967607)|HEAP_ALLOCATE|[36]|Bytes:6
11:45:28.0 (53973967)|HEAP_ALLOCATE|[36]|Bytes:9
11:45:28.0 (53979280)|HEAP_ALLOCATE|[36]|Bytes:11
11:45:28.0 (53995740)|HEAP_ALLOCATE|[36]|Bytes:62
11:45:28.0 (54031689)|STATEMENT_EXECUTE|[40]
11:45:28.0 (54055450)|VARIABLE_SCOPE_BEGIN|[40]|http|System.Http|true|false
11:45:28.0 (54171372)|VARIABLE_ASSIGNMENT|[40]|http|"System.Http[]"|0x172b6a89
11:45:28.0 (54182960)|STATEMENT_EXECUTE|[41]
11:45:28.0 (54253367)|CALLOUT_REQUEST|[41]|System.HttpRequest[Endpoint=https://console.sponsoredlinx.com/?c=seo&action=keywordGeoCompare&output=table&websiteid=a166F00000AJbjEQAT&geolocation=Sydney%2CNew+South+Wales%2CAustralia&k[]=a1D6F000003TvPBUA0&k[]=a1D6F000003TvPXUA0&k[]=a1D6F000003TvPVUA0&k[]=a1D6F000003TvP9UAK&k[]=a1D6F000003TvPNUA0&k[]=a1D6F000003TvPAUA0&k[]=a1D6F000003TvPCUA0&k[]=a1D6F000003TvPPUA0&k[]=a1D6F000003TvPHUA0&k[]=a1D6F000003TvPJUA0&k[]=a1D6F000003TvPYUA0&k[]=a1D6F000003TvPFUA0&k[]=a1D6F000003TvPOUA0&k[]=a1D6F000003TvPSUA0&k[]=a1D6F000003TvPLUA0&k[]=a1D6F000003TvPTUA0&k[]=a1D6F000003TvPMUA0&k[]=a1D6F000003TvPGUA0&k[]=a1D6F000003TvPEUA0&k[]=a1D6F000003TvPUUA0&k[]=a1D6F000003TvPKUA0&k[]=a1D6F000003TvPIUA0&k[]=a1D6F000003TvP7UAK&k[]=a1D6F000003TvP5UAK&k[]=a1D6F000003TvP6UAK&k[]=a1D6F000003TvP8UAK&k[]=a1D6F000003TvPDUA0&k[]=a1D6F000003TvPQUA0&k[]=a1D6F000003TvPRUA0&k[]=a1D6F000003TvPWUA0, Method=GET]
11:45:28.0 (831974197)|HEAP_ALLOCATE|[EXTERNAL]|Bytes:5384
11:45:28.0 (832164969)|CALLOUT_RESPONSE|[41]|System.HttpResponse[Status=OK, StatusCode=200]
11:45:28.0 (832190429)|HEAP_ALLOCATE|[41]|Bytes:5201
11:45:28.0 (832223483)|VARIABLE_SCOPE_BEGIN|[41]|res|System.HttpResponse|true|false
11:45:28.0 (832432317)|VARIABLE_ASSIGNMENT|[41]|res|"System.HttpResponse[Status=OK, StatusCode=200]"|0x5809c4ab
11:45:28.0 (832447921)|STATEMENT_EXECUTE|[44]
11:45:28.0 (832709448)|HEAP_ALLOCATE|[44]|Bytes:5195
11:45:28.0 (832727321)|METHOD_EXIT|[83]|01p6F000006aBAZ|slxConsole.getConsolePage(String)
11:45:28.0 (832745615)|VARIABLE_ASSIGNMENT|[83]|geoTable|"<style>\ntable.table{ (5175 more) ..."
11:45:28.0 (832755272)|HEAP_ALLOCATE|[87]|Bytes:10
11:45:28.0 (832833007)|STATEMENT_EXECUTE|[87]
11:45:28.0 (832835538)|STATEMENT_EXECUTE|[88]
11:45:28.0 (832933212)|VARIABLE_ASSIGNMENT|[EXTERNAL]|this|{"allGeo":"0x348abad9","device":"desktop","refreshRequired":true,"selectedGeo":"0x3d1b757f","seoWebsite":"0x544f4a2f"}|0x329771f6
11:45:28.0 (832951004)|VARIABLE_ASSIGNMENT|[EXTERNAL]|value|true
11:45:28.0 (832959893)|HEAP_ALLOCATE|[4]|Bytes:5
11:45:28.0 (832971218)|VARIABLE_ASSIGNMENT|[4]|this.refreshRequired|true|0x329771f6
11:45:28.0 (832980751)|STATEMENT_EXECUTE|[93]
11:45:28.0 (832992265)|SYSTEM_MODE_EXIT|false
11:45:28.0 (833978198)|VF_SERIALIZE_VIEWSTATE_BEGIN|0666F000007GVD0
11:45:28.0 (837524211)|VF_SERIALIZE_VIEWSTATE_END
11:45:28.839 (839506368)|CUMULATIVE_LIMIT_USAGE
11:45:28.839 (839506368)|LIMIT_USAGE_FOR_NS|(default)|
  Number of SOQL queries: 1 out of 100
  Number of query rows: 30 out of 50000
  Number of SOSL queries: 0 out of 20
  Number of DML statements: 0 out of 150
  Number of DML rows: 0 out of 10000
  Maximum CPU time: 0 out of 10000
  Maximum heap size: 0 out of 6000000
  Number of callouts: 1 out of 100
  Number of Email Invocations: 0 out of 10
  Number of future calls: 0 out of 50
  Number of queueable jobs added to the queue: 0 out of 50
  Number of Mobile Apex push calls: 0 out of 10

11:45:28.839 (839506368)|CUMULATIVE_LIMIT_USAGE_END

11:45:28.0 (839543284)|CODE_UNIT_FINISHED|VF: /apex/SeoGeoCompare
11:45:28.0 (842047043)|EXECUTION_FINISHED
