37.0 APEX_CODE,FINEST;APEX_PROFILING,INFO;CALLOUT,INFO;DB,INFO;NBA,INFO;SYSTEM,DEBUG;VALIDATION,INFO;VISUALFORCE,INFO;WAVE,INFO;WORKFLOW,INFO
17:19:15.28 (28102241)|ENTERING_MANAGED_PKG|Centify
17:19:15.28 (33291659)|ENTERING_MANAGED_PKG|Centify
17:19:15.28 (42980686)|ENTERING_MANAGED_PKG|Centify
17:19:15.28 (43124374)|ENTERING_MANAGED_PKG|Centify
17:19:15.28 (43277888)|ENTERING_MANAGED_PKG|Centify
17:19:15.28 (44049174)|ENTERING_MANAGED_PKG|Centify
17:19:15.28 (44440312)|ENTERING_MANAGED_PKG|Centify
17:19:15.28 (44478424)|ENTERING_MANAGED_PKG|Centify
17:19:15.28 (44580715)|ENTERING_MANAGED_PKG|Centify
17:19:15.28 (44650095)|ENTERING_MANAGED_PKG|Centify
17:19:15.28 (44707699)|ENTERING_MANAGED_PKG|Centify
17:19:15.28 (44738095)|ENTERING_MANAGED_PKG|Centify
17:19:15.28 (44766527)|ENTERING_MANAGED_PKG|Centify
17:19:15.28 (45002641)|ENTERING_MANAGED_PKG|Centify
17:19:15.28 (99820056)|ENTERING_MANAGED_PKG|Centify
17:19:15.28 (99937640)|ENTERING_MANAGED_PKG|Centify
17:19:15.28 (100082216)|ENTERING_MANAGED_PKG|Centify
17:19:15.28 (100135094)|ENTERING_MANAGED_PKG|Centify
17:19:15.28 (310654158)|ENTERING_MANAGED_PKG|Centify
17:19:15.28 (361055921)|ENTERING_MANAGED_PKG|Centify
17:19:15.28 (378370586)|ENTERING_MANAGED_PKG|Centify
17:19:15.28 (378439931)|ENTERING_MANAGED_PKG|Centify
17:19:15.28 (378545840)|ENTERING_MANAGED_PKG|Centify
17:19:15.28 (378594979)|ENTERING_MANAGED_PKG|Centify
17:19:15.28 (378700057)|ENTERING_MANAGED_PKG|Centify
17:19:15.28 (433481814)|ENTERING_MANAGED_PKG|Centify
17:19:15.28 (453220147)|ENTERING_MANAGED_PKG|Centify
17:19:15.28 (453301013)|ENTERING_MANAGED_PKG|Centify
17:19:15.28 (453417092)|ENTERING_MANAGED_PKG|Centify
17:19:15.28 (453463077)|ENTERING_MANAGED_PKG|Centify
17:19:15.28 (453564070)|ENTERING_MANAGED_PKG|Centify
17:19:15.28 (487703210)|ENTERING_MANAGED_PKG|Centify
17:19:15.28 (507728695)|ENTERING_MANAGED_PKG|Centify
17:19:15.28 (507779638)|ENTERING_MANAGED_PKG|Centify
17:19:15.28 (507851725)|ENTERING_MANAGED_PKG|Centify
17:19:15.28 (507881872)|ENTERING_MANAGED_PKG|Centify
17:19:15.28 (507940689)|ENTERING_MANAGED_PKG|Centify
17:19:15.28 (540193584)|ENTERING_MANAGED_PKG|Centify
17:19:15.28 (558487117)|ENTERING_MANAGED_PKG|Centify
17:19:15.28 (558537845)|ENTERING_MANAGED_PKG|Centify
17:19:15.28 (558610160)|ENTERING_MANAGED_PKG|Centify
17:19:15.28 (558640727)|ENTERING_MANAGED_PKG|Centify
17:19:15.28 (558729499)|ENTERING_MANAGED_PKG|Centify
17:19:15.28 (591901860)|ENTERING_MANAGED_PKG|Centify
17:19:15.28 (971267138)|ENTERING_MANAGED_PKG|Centify
17:19:15.28 (971341010)|ENTERING_MANAGED_PKG|Centify
17:19:15.28 (971459461)|ENTERING_MANAGED_PKG|Centify
17:19:15.28 (971501786)|ENTERING_MANAGED_PKG|Centify
17:19:15.28 (971569094)|ENTERING_MANAGED_PKG|Centify
17:19:15.28 (1002276444)|ENTERING_MANAGED_PKG|Centify
17:19:15.28 (1017903472)|ENTERING_MANAGED_PKG|Centify
17:19:15.28 (1017949810)|ENTERING_MANAGED_PKG|Centify
17:19:15.28 (1018021270)|ENTERING_MANAGED_PKG|Centify
17:19:15.28 (1018050403)|ENTERING_MANAGED_PKG|Centify
17:19:15.28 (1018109192)|ENTERING_MANAGED_PKG|Centify
17:19:16.55 (1055500990)|ENTERING_MANAGED_PKG|Centify
17:19:16.55 (1072329958)|ENTERING_MANAGED_PKG|Centify
17:19:16.55 (1072379479)|ENTERING_MANAGED_PKG|Centify
17:19:16.55 (1072456853)|ENTERING_MANAGED_PKG|Centify
17:19:16.55 (1072490691)|ENTERING_MANAGED_PKG|Centify
17:19:16.55 (1072554037)|ENTERING_MANAGED_PKG|Centify
17:19:16.55 (1195587546)|ENTERING_MANAGED_PKG|Centify
17:19:16.55 (1211498787)|ENTERING_MANAGED_PKG|Centify
17:19:16.55 (1211553157)|ENTERING_MANAGED_PKG|Centify
17:19:16.55 (1211624131)|ENTERING_MANAGED_PKG|Centify
17:19:16.55 (1211659800)|ENTERING_MANAGED_PKG|Centify
17:19:16.55 (1211719840)|ENTERING_MANAGED_PKG|Centify
17:19:16.55 (1237438615)|ENTERING_MANAGED_PKG|Centify
17:19:16.55 (1254004074)|ENTERING_MANAGED_PKG|Centify
17:19:16.55 (1254054591)|ENTERING_MANAGED_PKG|Centify
17:19:16.55 (1254127430)|ENTERING_MANAGED_PKG|Centify
17:19:16.55 (1254157342)|ENTERING_MANAGED_PKG|Centify
17:19:16.55 (1254217182)|ENTERING_MANAGED_PKG|Centify
17:19:16.55 (1282049364)|ENTERING_MANAGED_PKG|Centify
17:19:16.55 (1282133544)|ENTERING_MANAGED_PKG|Centify
17:19:16.55 (1282329546)|ENTERING_MANAGED_PKG|Centify
17:19:16.55 (1282382285)|ENTERING_MANAGED_PKG|Centify
17:19:16.55 (1282435185)|ENTERING_MANAGED_PKG|Centify
17:19:16.55 (1283782815)|ENTERING_MANAGED_PKG|Centify
17:19:16.55 (1283885529)|ENTERING_MANAGED_PKG|Centify
17:19:16.55 (1285852377)|ENTERING_MANAGED_PKG|Centify
17:19:16.55 (1285936487)|ENTERING_MANAGED_PKG|Centify
17:19:16.55 (1286054157)|ENTERING_MANAGED_PKG|Centify
17:19:16.55 (1286779816)|ENTERING_MANAGED_PKG|Centify
17:19:16.55 (1287897941)|SOQL_EXECUTE_BEGIN|[16]|Aggregations:0|select id,lastmodifieddate,isdeleted,ownerid,status,whatid,activitydate,tasksubtype,isclosed,subject from Task where LastModifiedDate >2018-11-21T07:17:10Z AND LastModifiedDate < 2018-11-21T07:19:22Z AND (  Subject = 'Email' )  ORDER BY SystemModStamp DESC LIMIT 5000  ALL ROWS
17:19:16.55 (1300035445)|SOQL_EXECUTE_END|[16]|Rows:0
17:19:16.332 (1332390562)|CUMULATIVE_LIMIT_USAGE
17:19:16.332 (1332390562)|LIMIT_USAGE_FOR_NS|(default)|
  Number of SOQL queries: 0 out of 200
  Number of query rows: 0 out of 50000
  Number of SOSL queries: 0 out of 20
  Number of DML statements: 0 out of 150
  Number of DML rows: 0 out of 10000
  Maximum CPU time: 0 out of 60000
  Maximum heap size: 0 out of 12000000
  Number of callouts: 0 out of 0
  Number of Email Invocations: 0 out of 10
  Number of future calls: 0 out of 0
  Number of queueable jobs added to the queue: 0 out of 1
  Number of Mobile Apex push calls: 0 out of 10

17:19:16.332 (1332390562)|LIMIT_USAGE_FOR_NS|Centify|
  Number of SOQL queries: 0 out of 200
  Number of query rows: 0 out of 50000
  Number of SOSL queries: 0 out of 20
  Number of DML statements: 0 out of 150
  Number of DML rows: 0 out of 10000
  Maximum CPU time: 0 out of 60000
  Maximum heap size: 0 out of 12000000
  Number of callouts: 0 out of 0
  Number of Email Invocations: 0 out of 10
  Number of future calls: 0 out of 0
  Number of queueable jobs added to the queue: 0 out of 1
  Number of Mobile Apex push calls: 0 out of 10

17:19:16.332 (1332390562)|CUMULATIVE_LIMIT_USAGE_END

