35.0 APEX_CODE,FINEST;APEX_PROFILING,INFO;CALLOUT,INFO;DB,INFO;NBA,INFO;SYSTEM,DEBUG;VALIDATION,INFO;VISUALFORCE,INFO;WAVE,INFO;WORKFLOW,INFO
18:43:01.34 (34176427)|ENTERING_MANAGED_PKG|NVMContactWorld
18:43:01.34 (34367378)|ENTERING_MANAGED_PKG|NVMContactWorld
18:43:01.34 (34436724)|ENTERING_MANAGED_PKG|NVMContactWorld
18:43:01.34 (34472872)|ENTERING_MANAGED_PKG|NVMContactWorld
18:43:01.34 (34509910)|ENTERING_MANAGED_PKG|NVMContactWorld
18:43:01.34 (34595057)|ENTERING_MANAGED_PKG|NVMContactWorld
18:43:01.34 (34626017)|ENTERING_MANAGED_PKG|NVMContactWorld
18:43:01.34 (34660582)|ENTERING_MANAGED_PKG|NVMContactWorld
18:43:01.34 (34946917)|ENTERING_MANAGED_PKG|NVMContactWorld
18:43:01.34 (34989861)|ENTERING_MANAGED_PKG|NVMContactWorld
18:43:01.34 (35008268)|ENTERING_MANAGED_PKG|NVMContactWorld
18:43:01.34 (35020702)|ENTERING_MANAGED_PKG|NVMContactWorld
18:43:01.34 (35513956)|ENTERING_MANAGED_PKG|NVMContactWorld
18:43:01.34 (35559882)|ENTERING_MANAGED_PKG|NVMContactWorld
18:43:01.34 (35618177)|ENTERING_MANAGED_PKG|NVMContactWorld
18:43:01.34 (37901659)|ENTERING_MANAGED_PKG|NVMContactWorld
18:43:01.34 (37947723)|ENTERING_MANAGED_PKG|NVMContactWorld
18:43:01.34 (39525468)|SOQL_EXECUTE_BEGIN|[47]|Aggregations:0|SELECT Id, MostRecentCall__c, MostRecentCallEventTimestamp__c, MostRecentCallIsActive__c, NVM_Agent_Id__c, NotesCollapsed__c FROM User WHERE Id = :tmpVar1
18:43:01.34 (46938980)|SOQL_EXECUTE_END|[47]|Rows:1
18:43:01.34 (47265190)|ENTERING_MANAGED_PKG|NVMContactWorld
18:43:01.34 (47474918)|ENTERING_MANAGED_PKG|NVMContactWorld
18:43:01.34 (49798722)|ENTERING_MANAGED_PKG|NVMContactWorld
18:43:01.34 (49851075)|ENTERING_MANAGED_PKG|NVMContactWorld
18:43:01.34 (51634525)|ENTERING_MANAGED_PKG|NVMContactWorld
18:43:01.34 (53849553)|ENTERING_MANAGED_PKG|NVMContactWorld
18:43:01.34 (53915281)|ENTERING_MANAGED_PKG|NVMContactWorld
18:43:01.34 (53988776)|ENTERING_MANAGED_PKG|NVMContactWorld
18:43:01.34 (54010862)|ENTERING_MANAGED_PKG|NVMContactWorld
18:43:01.34 (54542752)|ENTERING_MANAGED_PKG|NVMContactWorld
18:43:01.34 (56792456)|ENTERING_MANAGED_PKG|NVMContactWorld
18:43:01.34 (57111805)|ENTERING_MANAGED_PKG|NVMContactWorld
18:43:01.34 (57170442)|ENTERING_MANAGED_PKG|NVMContactWorld
18:43:01.34 (58031444)|ENTERING_MANAGED_PKG|NVMContactWorld
18:43:01.34 (58120567)|ENTERING_MANAGED_PKG|NVMContactWorld
18:43:01.34 (58334801)|ENTERING_MANAGED_PKG|NVMContactWorld
18:43:01.34 (58587094)|ENTERING_MANAGED_PKG|NVMContactWorld
18:43:01.34 (58661874)|ENTERING_MANAGED_PKG|NVMContactWorld
18:43:01.34 (58848810)|ENTERING_MANAGED_PKG|NVMContactWorld
18:43:01.34 (58920259)|ENTERING_MANAGED_PKG|NVMContactWorld
18:43:01.34 (281597762)|ENTERING_MANAGED_PKG|NVMContactWorld
18:43:01.34 (281718468)|ENTERING_MANAGED_PKG|NVMContactWorld
18:43:01.34 (281861277)|ENTERING_MANAGED_PKG|NVMContactWorld
18:43:01.34 (282842910)|ENTERING_MANAGED_PKG|NVMContactWorld
18:43:01.34 (282931221)|ENTERING_MANAGED_PKG|NVMContactWorld
18:43:01.34 (282974551)|ENTERING_MANAGED_PKG|NVMContactWorld
18:43:01.34 (283007212)|ENTERING_MANAGED_PKG|NVMContactWorld
18:43:01.34 (283044674)|ENTERING_MANAGED_PKG|NVMContactWorld
18:43:01.34 (283081714)|ENTERING_MANAGED_PKG|NVMContactWorld
18:43:01.34 (283110590)|ENTERING_MANAGED_PKG|NVMContactWorld
18:43:01.34 (283174684)|ENTERING_MANAGED_PKG|NVMContactWorld
18:43:01.34 (283232901)|ENTERING_MANAGED_PKG|NVMContactWorld
18:43:01.34 (283264406)|ENTERING_MANAGED_PKG|NVMContactWorld
18:43:01.34 (283304744)|ENTERING_MANAGED_PKG|NVMContactWorld
18:43:01.34 (283324002)|ENTERING_MANAGED_PKG|NVMContactWorld
18:43:01.34 (283341517)|ENTERING_MANAGED_PKG|NVMContactWorld
18:43:01.34 (283359760)|ENTERING_MANAGED_PKG|NVMContactWorld
18:43:01.34 (283388920)|ENTERING_MANAGED_PKG|NVMContactWorld
18:43:01.34 (283404805)|ENTERING_MANAGED_PKG|NVMContactWorld
18:43:01.34 (283416053)|ENTERING_MANAGED_PKG|NVMContactWorld
18:43:01.34 (283471930)|ENTERING_MANAGED_PKG|NVMContactWorld
18:43:01.34 (283497590)|ENTERING_MANAGED_PKG|NVMContactWorld
18:43:01.34 (283525112)|ENTERING_MANAGED_PKG|NVMContactWorld
18:43:01.34 (283573282)|ENTERING_MANAGED_PKG|NVMContactWorld
18:43:01.34 (291523051)|ENTERING_MANAGED_PKG|NVMContactWorld
18:43:01.34 (291558900)|ENTERING_MANAGED_PKG|NVMContactWorld
18:43:01.34 (291584642)|ENTERING_MANAGED_PKG|NVMContactWorld
18:43:01.34 (291599243)|ENTERING_MANAGED_PKG|NVMContactWorld
18:43:01.34 (291614482)|ENTERING_MANAGED_PKG|NVMContactWorld
18:43:01.34 (291640467)|ENTERING_MANAGED_PKG|NVMContactWorld
18:43:01.34 (291845419)|ENTERING_MANAGED_PKG|NVMContactWorld
18:43:01.34 (291869698)|ENTERING_MANAGED_PKG|NVMContactWorld
18:43:01.34 (291882691)|ENTERING_MANAGED_PKG|NVMContactWorld
18:43:01.34 (291901975)|ENTERING_MANAGED_PKG|NVMContactWorld
18:43:01.301 (301333106)|CUMULATIVE_LIMIT_USAGE
18:43:01.301 (301333106)|LIMIT_USAGE_FOR_NS|(default)|
  Number of SOQL queries: 0 out of 100
  Number of query rows: 0 out of 50000
  Number of SOSL queries: 0 out of 20
  Number of DML statements: 0 out of 150
  Number of DML rows: 0 out of 10000
  Maximum CPU time: 0 out of 10000
  Maximum heap size: 0 out of 6000000
  Number of callouts: 0 out of 100
  Number of Email Invocations: 0 out of 10
  Number of future calls: 0 out of 50
  Number of queueable jobs added to the queue: 0 out of 50
  Number of Mobile Apex push calls: 0 out of 10

18:43:01.301 (301333106)|LIMIT_USAGE_FOR_NS|NVMContactWorld|
  Number of SOQL queries: 1 out of 100
  Number of query rows: 1 out of 50000
  Number of SOSL queries: 0 out of 20
  Number of DML statements: 0 out of 150
  Number of DML rows: 0 out of 10000
  Maximum CPU time: 0 out of 10000
  Maximum heap size: 0 out of 6000000
  Number of callouts: 1 out of 100
  Number of Email Invocations: 0 out of 10
  Number of future calls: 0 out of 50
  Number of queueable jobs added to the queue: 0 out of 50
  Number of Mobile Apex push calls: 0 out of 10

18:43:01.301 (301333106)|CUMULATIVE_LIMIT_USAGE_END

