37.0 APEX_CODE,FINEST;APEX_PROFILING,INFO;CALLOUT,INFO;DB,INFO;NBA,INFO;SYSTEM,DEBUG;VALIDATION,INFO;VISUALFORCE,INFO;WAVE,INFO;WORKFLOW,INFO
18:14:00.11 (11554515)|ENTERING_MANAGED_PKG|Centify
18:14:00.11 (12413535)|ENTERING_MANAGED_PKG|Centify
18:14:00.11 (12451527)|ENTERING_MANAGED_PKG|Centify
18:14:00.11 (12776861)|ENTERING_MANAGED_PKG|Centify
18:14:00.11 (12820363)|ENTERING_MANAGED_PKG|Centify
18:14:00.11 (14463297)|ENTERING_MANAGED_PKG|Centify
18:14:00.11 (14548727)|ENTERING_MANAGED_PKG|Centify
18:14:00.11 (17240062)|ENTERING_MANAGED_PKG|Centify
18:14:00.11 (17917966)|ENTERING_MANAGED_PKG|Centify
18:14:00.11 (18079007)|ENTERING_MANAGED_PKG|Centify
18:14:00.11 (18151067)|ENTERING_MANAGED_PKG|Centify
18:14:00.11 (22038095)|ENTERING_MANAGED_PKG|Centify
18:14:00.11 (22119291)|ENTERING_MANAGED_PKG|Centify
18:14:00.11 (22310430)|ENTERING_MANAGED_PKG|Centify
18:14:00.11 (24513219)|ENTERING_MANAGED_PKG|Centify
18:14:00.11 (24552067)|ENTERING_MANAGED_PKG|Centify
18:14:00.11 (24648897)|ENTERING_MANAGED_PKG|Centify
18:14:00.11 (25366499)|ENTERING_MANAGED_PKG|Centify
18:14:00.11 (26491857)|ENTERING_MANAGED_PKG|Centify
18:14:00.11 (26530969)|ENTERING_MANAGED_PKG|Centify
18:14:00.11 (26608227)|ENTERING_MANAGED_PKG|Centify
18:14:00.11 (27135147)|ENTERING_MANAGED_PKG|Centify
18:14:00.11 (27163670)|ENTERING_MANAGED_PKG|Centify
18:14:00.11 (27212902)|ENTERING_MANAGED_PKG|Centify
18:14:00.11 (27782838)|ENTERING_MANAGED_PKG|Centify
18:14:00.11 (30686584)|ENTERING_MANAGED_PKG|Centify
18:14:00.11 (31091756)|ENTERING_MANAGED_PKG|Centify
18:14:00.11 (31188978)|ENTERING_MANAGED_PKG|Centify
18:14:00.11 (32508874)|ENTERING_MANAGED_PKG|Centify
18:14:00.11 (32546892)|ENTERING_MANAGED_PKG|Centify
18:14:00.11 (32603662)|ENTERING_MANAGED_PKG|Centify
18:14:00.11 (32674581)|ENTERING_MANAGED_PKG|Centify
18:14:00.11 (32820607)|ENTERING_MANAGED_PKG|Centify
18:14:00.11 (34367426)|SOQL_EXECUTE_BEGIN|[28]|Aggregations:0|SELECT Id FROM ApexClass WHERE Name = :tmpVar1
18:14:00.11 (41255708)|SOQL_EXECUTE_END|[28]|Rows:1
18:14:00.11 (41831755)|SOQL_EXECUTE_BEGIN|[49]|Aggregations:0|SELECT COUNT() FROM AsyncApexJob WHERE (ApexClassId = :tmpVar1 AND Status IN ('Queued', 'Holding', 'Preparing', 'Processing'))
18:14:00.11 (45536008)|SOQL_EXECUTE_END|[49]|Rows:0
18:14:00.11 (45670787)|ENTERING_MANAGED_PKG|Centify
18:14:00.11 (51810826)|ENTERING_MANAGED_PKG|Centify
18:14:00.11 (52481306)|ENTERING_MANAGED_PKG|Centify
18:14:00.11 (53066741)|ENTERING_MANAGED_PKG|Centify
18:14:00.11 (53215092)|ENTERING_MANAGED_PKG|Centify
18:14:00.11 (53265550)|ENTERING_MANAGED_PKG|Centify
18:14:00.11 (74307873)|ENTERING_MANAGED_PKG|Centify
18:14:00.11 (74399808)|ENTERING_MANAGED_PKG|Centify
18:14:00.11 (80813644)|ENTERING_MANAGED_PKG|Centify
18:14:00.11 (82503286)|ENTERING_MANAGED_PKG|Centify
18:14:00.11 (83515657)|ENTERING_MANAGED_PKG|Centify
18:14:00.11 (84753649)|ENTERING_MANAGED_PKG|Centify
18:14:00.11 (84861263)|ENTERING_MANAGED_PKG|Centify
18:14:00.11 (85109712)|ENTERING_MANAGED_PKG|Centify
18:14:00.11 (85230962)|ENTERING_MANAGED_PKG|Centify
18:14:00.11 (85282592)|ENTERING_MANAGED_PKG|Centify
18:14:00.11 (85461504)|ENTERING_MANAGED_PKG|Centify
18:14:00.11 (85648813)|ENTERING_MANAGED_PKG|Centify
18:14:00.11 (85771556)|ENTERING_MANAGED_PKG|Centify
18:14:00.11 (85901885)|ENTERING_MANAGED_PKG|Centify
18:14:00.11 (86014260)|ENTERING_MANAGED_PKG|Centify
18:14:00.11 (86126651)|ENTERING_MANAGED_PKG|Centify
18:14:00.11 (86236583)|ENTERING_MANAGED_PKG|Centify
18:14:00.11 (86346729)|ENTERING_MANAGED_PKG|Centify
18:14:00.11 (86456519)|ENTERING_MANAGED_PKG|Centify
18:14:00.11 (86566400)|ENTERING_MANAGED_PKG|Centify
18:14:00.11 (86677887)|ENTERING_MANAGED_PKG|Centify
18:14:00.11 (86823084)|ENTERING_MANAGED_PKG|Centify
18:14:00.11 (86938390)|ENTERING_MANAGED_PKG|Centify
18:14:00.11 (87052725)|ENTERING_MANAGED_PKG|Centify
18:14:00.11 (87161945)|ENTERING_MANAGED_PKG|Centify
18:14:00.11 (88203853)|ENTERING_MANAGED_PKG|Centify
18:14:00.11 (88347574)|ENTERING_MANAGED_PKG|Centify
18:14:00.11 (88463300)|ENTERING_MANAGED_PKG|Centify
18:14:00.11 (88573276)|ENTERING_MANAGED_PKG|Centify
18:14:00.11 (88683622)|ENTERING_MANAGED_PKG|Centify
18:14:00.11 (88823134)|ENTERING_MANAGED_PKG|Centify
18:14:00.11 (88937930)|ENTERING_MANAGED_PKG|Centify
18:14:00.11 (89047142)|ENTERING_MANAGED_PKG|Centify
18:14:00.11 (89158402)|ENTERING_MANAGED_PKG|Centify
18:14:00.11 (89269355)|ENTERING_MANAGED_PKG|Centify
18:14:00.11 (89378910)|ENTERING_MANAGED_PKG|Centify
18:14:00.11 (89488184)|ENTERING_MANAGED_PKG|Centify
18:14:00.11 (89601367)|ENTERING_MANAGED_PKG|Centify
18:14:00.11 (89715537)|ENTERING_MANAGED_PKG|Centify
18:14:00.11 (89841774)|ENTERING_MANAGED_PKG|Centify
18:14:00.11 (89910837)|ENTERING_MANAGED_PKG|Centify
18:14:00.11 (89966700)|ENTERING_MANAGED_PKG|Centify
18:14:00.11 (90007863)|ENTERING_MANAGED_PKG|Centify
18:14:00.11 (90124524)|ENTERING_MANAGED_PKG|Centify
18:14:00.11 (90181195)|ENTERING_MANAGED_PKG|Centify
18:14:00.11 (91829010)|ENTERING_MANAGED_PKG|Centify
18:14:00.11 (91866889)|ENTERING_MANAGED_PKG|Centify
18:14:00.11 (91918061)|ENTERING_MANAGED_PKG|Centify
18:14:00.11 (91995719)|ENTERING_MANAGED_PKG|Centify
18:14:00.11 (92154948)|ENTERING_MANAGED_PKG|Centify
18:14:00.11 (92279078)|ENTERING_MANAGED_PKG|Centify
18:14:00.11 (134590297)|ENTERING_MANAGED_PKG|Centify
18:14:00.11 (134679673)|ENTERING_MANAGED_PKG|Centify
18:14:00.11 (148394873)|ENTERING_MANAGED_PKG|Centify
18:14:00.11 (148450347)|ENTERING_MANAGED_PKG|Centify
18:14:00.11 (148577285)|ENTERING_MANAGED_PKG|Centify
18:14:00.11 (148610274)|ENTERING_MANAGED_PKG|Centify
18:14:00.11 (156813807)|ENTERING_MANAGED_PKG|Centify
18:14:00.11 (157040818)|ENTERING_MANAGED_PKG|Centify
18:14:00.11 (157666653)|ENTERING_MANAGED_PKG|Centify
18:14:00.11 (158363890)|ENTERING_MANAGED_PKG|Centify
18:14:00.11 (158413907)|ENTERING_MANAGED_PKG|Centify
18:14:00.11 (158512219)|ENTERING_MANAGED_PKG|Centify
18:14:00.11 (158557141)|ENTERING_MANAGED_PKG|Centify
18:14:00.11 (158675035)|ENTERING_MANAGED_PKG|Centify
18:14:00.11 (158839892)|ENTERING_MANAGED_PKG|Centify
18:14:00.11 (158989328)|ENTERING_MANAGED_PKG|Centify
18:14:00.11 (159128548)|ENTERING_MANAGED_PKG|Centify
18:14:00.11 (159267935)|ENTERING_MANAGED_PKG|Centify
18:14:00.11 (159430121)|ENTERING_MANAGED_PKG|Centify
18:14:00.11 (159576160)|ENTERING_MANAGED_PKG|Centify
18:14:00.11 (159718272)|ENTERING_MANAGED_PKG|Centify
18:14:00.11 (159861423)|ENTERING_MANAGED_PKG|Centify
18:14:00.11 (160009953)|ENTERING_MANAGED_PKG|Centify
18:14:00.11 (160148543)|ENTERING_MANAGED_PKG|Centify
18:14:00.11 (160286903)|ENTERING_MANAGED_PKG|Centify
18:14:00.11 (160426297)|ENTERING_MANAGED_PKG|Centify
18:14:00.11 (160565055)|ENTERING_MANAGED_PKG|Centify
18:14:00.11 (160704099)|ENTERING_MANAGED_PKG|Centify
18:14:00.11 (160842508)|ENTERING_MANAGED_PKG|Centify
18:14:00.11 (160987333)|ENTERING_MANAGED_PKG|Centify
18:14:00.11 (161126438)|ENTERING_MANAGED_PKG|Centify
18:14:00.11 (161323870)|ENTERING_MANAGED_PKG|Centify
18:14:00.11 (161485374)|ENTERING_MANAGED_PKG|Centify
18:14:00.11 (161644960)|ENTERING_MANAGED_PKG|Centify
18:14:00.11 (161805223)|ENTERING_MANAGED_PKG|Centify
18:14:00.11 (161971734)|ENTERING_MANAGED_PKG|Centify
18:14:00.11 (162109489)|ENTERING_MANAGED_PKG|Centify
18:14:00.11 (162247967)|ENTERING_MANAGED_PKG|Centify
18:14:00.11 (162385642)|ENTERING_MANAGED_PKG|Centify
18:14:00.11 (162545067)|ENTERING_MANAGED_PKG|Centify
18:14:00.11 (162704016)|ENTERING_MANAGED_PKG|Centify
18:14:00.11 (162866535)|ENTERING_MANAGED_PKG|Centify
18:14:00.11 (163037231)|ENTERING_MANAGED_PKG|Centify
18:14:00.11 (163199603)|ENTERING_MANAGED_PKG|Centify
18:14:00.11 (163358354)|ENTERING_MANAGED_PKG|Centify
18:14:00.11 (163517969)|ENTERING_MANAGED_PKG|Centify
18:14:00.11 (163676875)|ENTERING_MANAGED_PKG|Centify
18:14:00.11 (163835748)|ENTERING_MANAGED_PKG|Centify
18:14:00.11 (163987010)|ENTERING_MANAGED_PKG|Centify
18:14:00.11 (164119346)|ENTERING_MANAGED_PKG|Centify
18:14:00.11 (164268261)|ENTERING_MANAGED_PKG|Centify
18:14:00.11 (164409403)|ENTERING_MANAGED_PKG|Centify
18:14:00.11 (164548164)|ENTERING_MANAGED_PKG|Centify
18:14:00.11 (164688734)|ENTERING_MANAGED_PKG|Centify
18:14:00.11 (164828829)|ENTERING_MANAGED_PKG|Centify
18:14:00.11 (164977491)|ENTERING_MANAGED_PKG|Centify
18:14:00.11 (165142911)|ENTERING_MANAGED_PKG|Centify
18:14:00.11 (165285780)|ENTERING_MANAGED_PKG|Centify
18:14:00.11 (165425075)|ENTERING_MANAGED_PKG|Centify
18:14:00.11 (165564843)|ENTERING_MANAGED_PKG|Centify
18:14:00.11 (165716256)|ENTERING_MANAGED_PKG|Centify
18:14:00.11 (165897790)|ENTERING_MANAGED_PKG|Centify
18:14:00.11 (166040900)|ENTERING_MANAGED_PKG|Centify
18:14:00.11 (166182968)|ENTERING_MANAGED_PKG|Centify
18:14:00.11 (166322001)|ENTERING_MANAGED_PKG|Centify
18:14:00.11 (166461783)|ENTERING_MANAGED_PKG|Centify
18:14:00.11 (166601154)|ENTERING_MANAGED_PKG|Centify
18:14:00.11 (166827648)|ENTERING_MANAGED_PKG|Centify
18:14:00.11 (166876223)|ENTERING_MANAGED_PKG|Centify
18:14:00.11 (167001504)|ENTERING_MANAGED_PKG|Centify
18:14:00.11 (167060917)|ENTERING_MANAGED_PKG|Centify
18:14:00.11 (167133741)|ENTERING_MANAGED_PKG|Centify
18:14:00.11 (167182652)|ENTERING_MANAGED_PKG|Centify
18:14:00.11 (167210094)|ENTERING_MANAGED_PKG|Centify
18:14:00.11 (167550823)|ENTERING_MANAGED_PKG|Centify
18:14:00.11 (167585499)|ENTERING_MANAGED_PKG|Centify
18:14:00.11 (167607348)|ENTERING_MANAGED_PKG|Centify
18:14:00.11 (167726800)|ENTERING_MANAGED_PKG|Centify
18:14:00.11 (167887844)|ENTERING_MANAGED_PKG|Centify
18:14:00.11 (167914542)|ENTERING_MANAGED_PKG|Centify
18:14:00.11 (167942189)|ENTERING_MANAGED_PKG|Centify
18:14:00.11 (167956700)|ENTERING_MANAGED_PKG|Centify
18:14:00.11 (168367646)|ENTERING_MANAGED_PKG|Centify
18:14:00.11 (168395594)|ENTERING_MANAGED_PKG|Centify
18:14:00.11 (168409910)|ENTERING_MANAGED_PKG|Centify
18:14:00.11 (168498209)|ENTERING_MANAGED_PKG|Centify
18:14:00.11 (168656556)|ENTERING_MANAGED_PKG|Centify
18:14:00.11 (168683023)|ENTERING_MANAGED_PKG|Centify
18:14:00.11 (168710181)|ENTERING_MANAGED_PKG|Centify
18:14:00.11 (168725076)|ENTERING_MANAGED_PKG|Centify
18:14:00.11 (169263859)|ENTERING_MANAGED_PKG|Centify
18:14:00.11 (169292277)|ENTERING_MANAGED_PKG|Centify
18:14:00.11 (169306120)|ENTERING_MANAGED_PKG|Centify
18:14:00.11 (169394668)|ENTERING_MANAGED_PKG|Centify
18:14:00.11 (169544413)|ENTERING_MANAGED_PKG|Centify
18:14:00.11 (169570545)|ENTERING_MANAGED_PKG|Centify
18:14:00.11 (169596912)|ENTERING_MANAGED_PKG|Centify
18:14:00.11 (169611649)|ENTERING_MANAGED_PKG|Centify
18:14:00.11 (170284105)|ENTERING_MANAGED_PKG|Centify
18:14:00.11 (170312463)|ENTERING_MANAGED_PKG|Centify
18:14:00.11 (170326595)|ENTERING_MANAGED_PKG|Centify
18:14:00.11 (170414260)|ENTERING_MANAGED_PKG|Centify
18:14:00.11 (170564026)|ENTERING_MANAGED_PKG|Centify
18:14:00.11 (170589960)|ENTERING_MANAGED_PKG|Centify
18:14:00.11 (170616607)|ENTERING_MANAGED_PKG|Centify
18:14:00.11 (170631559)|ENTERING_MANAGED_PKG|Centify
18:14:00.11 (171432876)|ENTERING_MANAGED_PKG|Centify
18:14:00.11 (171460936)|ENTERING_MANAGED_PKG|Centify
18:14:00.11 (171475592)|ENTERING_MANAGED_PKG|Centify
18:14:00.11 (171564548)|ENTERING_MANAGED_PKG|Centify
18:14:00.11 (171708419)|ENTERING_MANAGED_PKG|Centify
18:14:00.11 (171872990)|ENTERING_MANAGED_PKG|Centify
18:14:00.11 (172024712)|ENTERING_MANAGED_PKG|Centify
18:14:00.11 (172171371)|ENTERING_MANAGED_PKG|Centify
18:14:00.11 (172197483)|ENTERING_MANAGED_PKG|Centify
18:14:00.11 (172224597)|ENTERING_MANAGED_PKG|Centify
18:14:00.11 (172239164)|ENTERING_MANAGED_PKG|Centify
18:14:00.11 (173203314)|ENTERING_MANAGED_PKG|Centify
18:14:00.11 (173233945)|ENTERING_MANAGED_PKG|Centify
18:14:00.11 (173248680)|ENTERING_MANAGED_PKG|Centify
18:14:00.11 (173341160)|ENTERING_MANAGED_PKG|Centify
18:14:00.11 (173490866)|ENTERING_MANAGED_PKG|Centify
18:14:00.11 (173516995)|ENTERING_MANAGED_PKG|Centify
18:14:00.11 (173543852)|ENTERING_MANAGED_PKG|Centify
18:14:00.11 (173558179)|ENTERING_MANAGED_PKG|Centify
18:14:00.11 (174627414)|ENTERING_MANAGED_PKG|Centify
18:14:00.11 (174655693)|ENTERING_MANAGED_PKG|Centify
18:14:00.11 (174670108)|ENTERING_MANAGED_PKG|Centify
18:14:00.11 (174757624)|ENTERING_MANAGED_PKG|Centify
18:14:00.11 (174909851)|ENTERING_MANAGED_PKG|Centify
18:14:00.11 (174935815)|ENTERING_MANAGED_PKG|Centify
18:14:00.11 (174963354)|ENTERING_MANAGED_PKG|Centify
18:14:00.11 (174977516)|ENTERING_MANAGED_PKG|Centify
18:14:00.11 (176099289)|ENTERING_MANAGED_PKG|Centify
18:14:00.11 (176127347)|ENTERING_MANAGED_PKG|Centify
18:14:00.11 (176141288)|ENTERING_MANAGED_PKG|Centify
18:14:00.11 (176229696)|ENTERING_MANAGED_PKG|Centify
18:14:00.11 (176377976)|ENTERING_MANAGED_PKG|Centify
18:14:00.11 (176403502)|ENTERING_MANAGED_PKG|Centify
18:14:00.11 (176429944)|ENTERING_MANAGED_PKG|Centify
18:14:00.11 (176444419)|ENTERING_MANAGED_PKG|Centify
18:14:00.11 (177699084)|ENTERING_MANAGED_PKG|Centify
18:14:00.11 (177727483)|ENTERING_MANAGED_PKG|Centify
18:14:00.11 (177741103)|ENTERING_MANAGED_PKG|Centify
18:14:00.11 (177829208)|ENTERING_MANAGED_PKG|Centify
18:14:00.11 (177982516)|ENTERING_MANAGED_PKG|Centify
18:14:00.11 (178008441)|ENTERING_MANAGED_PKG|Centify
18:14:00.11 (178036028)|ENTERING_MANAGED_PKG|Centify
18:14:00.11 (178050836)|ENTERING_MANAGED_PKG|Centify
18:14:00.11 (179449196)|ENTERING_MANAGED_PKG|Centify
18:14:00.11 (179478022)|ENTERING_MANAGED_PKG|Centify
18:14:00.11 (179491968)|ENTERING_MANAGED_PKG|Centify
18:14:00.11 (179579521)|ENTERING_MANAGED_PKG|Centify
18:14:00.11 (179726840)|ENTERING_MANAGED_PKG|Centify
18:14:00.11 (179752808)|ENTERING_MANAGED_PKG|Centify
18:14:00.11 (179779861)|ENTERING_MANAGED_PKG|Centify
18:14:00.11 (179794082)|ENTERING_MANAGED_PKG|Centify
18:14:00.11 (181403983)|ENTERING_MANAGED_PKG|Centify
18:14:00.11 (181442582)|ENTERING_MANAGED_PKG|Centify
18:14:00.11 (181458342)|ENTERING_MANAGED_PKG|Centify
18:14:00.11 (181572517)|ENTERING_MANAGED_PKG|Centify
18:14:00.11 (181730499)|ENTERING_MANAGED_PKG|Centify
18:14:00.11 (181757250)|ENTERING_MANAGED_PKG|Centify
18:14:00.11 (181792568)|ENTERING_MANAGED_PKG|Centify
18:14:00.11 (181817840)|ENTERING_MANAGED_PKG|Centify
18:14:00.11 (183639607)|ENTERING_MANAGED_PKG|Centify
18:14:00.11 (183685383)|ENTERING_MANAGED_PKG|Centify
18:14:00.11 (183703142)|ENTERING_MANAGED_PKG|Centify
18:14:00.11 (183806599)|ENTERING_MANAGED_PKG|Centify
18:14:00.11 (183992958)|ENTERING_MANAGED_PKG|Centify
18:14:00.11 (184020488)|ENTERING_MANAGED_PKG|Centify
18:14:00.11 (184048496)|ENTERING_MANAGED_PKG|Centify
18:14:00.11 (184063543)|ENTERING_MANAGED_PKG|Centify
18:14:00.11 (186004327)|ENTERING_MANAGED_PKG|Centify
18:14:00.11 (186035576)|ENTERING_MANAGED_PKG|Centify
18:14:00.11 (186049912)|ENTERING_MANAGED_PKG|Centify
18:14:00.11 (186142359)|ENTERING_MANAGED_PKG|Centify
18:14:00.11 (186294722)|ENTERING_MANAGED_PKG|Centify
18:14:00.11 (186321312)|ENTERING_MANAGED_PKG|Centify
18:14:00.11 (186349059)|ENTERING_MANAGED_PKG|Centify
18:14:00.11 (186363672)|ENTERING_MANAGED_PKG|Centify
18:14:00.11 (188539067)|ENTERING_MANAGED_PKG|Centify
18:14:00.11 (188571448)|ENTERING_MANAGED_PKG|Centify
18:14:00.11 (188586914)|ENTERING_MANAGED_PKG|Centify
18:14:00.11 (188680628)|ENTERING_MANAGED_PKG|Centify
18:14:00.11 (188838077)|ENTERING_MANAGED_PKG|Centify
18:14:00.11 (188869058)|ENTERING_MANAGED_PKG|Centify
18:14:00.11 (188897278)|ENTERING_MANAGED_PKG|Centify
18:14:00.11 (188912234)|ENTERING_MANAGED_PKG|Centify
18:14:00.11 (190976526)|ENTERING_MANAGED_PKG|Centify
18:14:00.11 (191006235)|ENTERING_MANAGED_PKG|Centify
18:14:00.11 (191020824)|ENTERING_MANAGED_PKG|Centify
18:14:00.11 (191102099)|ENTERING_MANAGED_PKG|Centify
18:14:00.11 (191144755)|ENTERING_MANAGED_PKG|Centify
18:14:00.11 (191183219)|ENTERING_MANAGED_PKG|Centify
18:14:00.11 (191212008)|ENTERING_MANAGED_PKG|Centify
18:14:00.11 (191421962)|ENTERING_MANAGED_PKG|Centify
18:14:00.11 (191454676)|ENTERING_MANAGED_PKG|Centify
18:14:00.11 (193815083)|ENTERING_MANAGED_PKG|Centify
18:14:00.11 (193852462)|ENTERING_MANAGED_PKG|Centify
18:14:00.11 (193880788)|ENTERING_MANAGED_PKG|Centify
18:14:00.11 (193940975)|ENTERING_MANAGED_PKG|Centify
18:14:00.11 (194071475)|ENTERING_MANAGED_PKG|Centify
18:14:00.11 (194159362)|ENTERING_MANAGED_PKG|Centify
18:14:00.11 (213939129)|ENTERING_MANAGED_PKG|Centify
18:14:00.11 (213978538)|ENTERING_MANAGED_PKG|Centify
18:14:00.11 (214071687)|ENTERING_MANAGED_PKG|Centify
18:14:00.11 (214105656)|ENTERING_MANAGED_PKG|Centify
18:14:00.11 (222938184)|ENTERING_MANAGED_PKG|Centify
18:14:00.11 (223157165)|ENTERING_MANAGED_PKG|Centify
18:14:00.11 (224024562)|ENTERING_MANAGED_PKG|Centify
18:14:00.11 (224670741)|ENTERING_MANAGED_PKG|Centify
18:14:00.11 (224720391)|ENTERING_MANAGED_PKG|Centify
18:14:00.11 (224821670)|ENTERING_MANAGED_PKG|Centify
18:14:00.11 (224882978)|ENTERING_MANAGED_PKG|Centify
18:14:00.11 (225003688)|ENTERING_MANAGED_PKG|Centify
18:14:00.11 (225161737)|ENTERING_MANAGED_PKG|Centify
18:14:00.11 (225302910)|ENTERING_MANAGED_PKG|Centify
18:14:00.11 (225440422)|ENTERING_MANAGED_PKG|Centify
18:14:00.11 (225577707)|ENTERING_MANAGED_PKG|Centify
18:14:00.11 (225715606)|ENTERING_MANAGED_PKG|Centify
18:14:00.11 (225862116)|ENTERING_MANAGED_PKG|Centify
18:14:00.11 (226001369)|ENTERING_MANAGED_PKG|Centify
18:14:00.11 (226140683)|ENTERING_MANAGED_PKG|Centify
18:14:00.11 (226279147)|ENTERING_MANAGED_PKG|Centify
18:14:00.11 (226415877)|ENTERING_MANAGED_PKG|Centify
18:14:00.11 (226554723)|ENTERING_MANAGED_PKG|Centify
18:14:00.11 (226694283)|ENTERING_MANAGED_PKG|Centify
18:14:00.11 (226842102)|ENTERING_MANAGED_PKG|Centify
18:14:00.11 (226973025)|ENTERING_MANAGED_PKG|Centify
18:14:00.11 (227098838)|ENTERING_MANAGED_PKG|Centify
18:14:00.11 (227248137)|ENTERING_MANAGED_PKG|Centify
18:14:00.11 (227390318)|ENTERING_MANAGED_PKG|Centify
18:14:00.11 (227529531)|ENTERING_MANAGED_PKG|Centify
18:14:00.11 (227670911)|ENTERING_MANAGED_PKG|Centify
18:14:00.11 (227814374)|ENTERING_MANAGED_PKG|Centify
18:14:00.11 (227959114)|ENTERING_MANAGED_PKG|Centify
18:14:00.11 (228098992)|ENTERING_MANAGED_PKG|Centify
18:14:00.11 (228240481)|ENTERING_MANAGED_PKG|Centify
18:14:00.11 (228380237)|ENTERING_MANAGED_PKG|Centify
18:14:00.11 (228518886)|ENTERING_MANAGED_PKG|Centify
18:14:00.11 (228659450)|ENTERING_MANAGED_PKG|Centify
18:14:00.11 (228804518)|ENTERING_MANAGED_PKG|Centify
18:14:00.11 (228952684)|ENTERING_MANAGED_PKG|Centify
18:14:00.11 (229086433)|ENTERING_MANAGED_PKG|Centify
18:14:00.11 (229129574)|ENTERING_MANAGED_PKG|Centify
18:14:00.11 (229168257)|ENTERING_MANAGED_PKG|Centify
18:14:00.11 (229194481)|ENTERING_MANAGED_PKG|Centify
18:14:00.11 (229244651)|ENTERING_MANAGED_PKG|Centify
18:14:00.11 (229291650)|ENTERING_MANAGED_PKG|Centify
18:14:00.11 (231592326)|ENTERING_MANAGED_PKG|Centify
18:14:00.11 (231628354)|ENTERING_MANAGED_PKG|Centify
18:14:00.11 (231656921)|ENTERING_MANAGED_PKG|Centify
18:14:00.11 (231709721)|ENTERING_MANAGED_PKG|Centify
18:14:00.11 (231834958)|ENTERING_MANAGED_PKG|Centify
18:14:00.11 (231917653)|ENTERING_MANAGED_PKG|Centify
18:14:00.11 (247256888)|ENTERING_MANAGED_PKG|Centify
18:14:00.11 (247302562)|ENTERING_MANAGED_PKG|Centify
18:14:00.11 (256379484)|ENTERING_MANAGED_PKG|Centify
18:14:00.11 (256462407)|ENTERING_MANAGED_PKG|Centify
18:14:00.11 (265226189)|ENTERING_MANAGED_PKG|Centify
18:14:00.11 (265266180)|ENTERING_MANAGED_PKG|Centify
18:14:00.11 (274845324)|ENTERING_MANAGED_PKG|Centify
18:14:00.11 (275024752)|ENTERING_MANAGED_PKG|Centify
18:14:00.11 (275253881)|ENTERING_MANAGED_PKG|Centify
18:14:00.11 (275423890)|ENTERING_MANAGED_PKG|Centify
18:14:00.11 (275589004)|ENTERING_MANAGED_PKG|Centify
18:14:00.11 (275626258)|ENTERING_MANAGED_PKG|Centify
18:14:00.11 (275708562)|ENTERING_MANAGED_PKG|Centify
18:14:00.11 (275739937)|ENTERING_MANAGED_PKG|Centify
18:14:00.11 (284386033)|ENTERING_MANAGED_PKG|Centify
18:14:00.11 (284663860)|ENTERING_MANAGED_PKG|Centify
18:14:00.11 (285809010)|ENTERING_MANAGED_PKG|Centify
18:14:00.11 (286618754)|ENTERING_MANAGED_PKG|Centify
18:14:00.11 (286685352)|ENTERING_MANAGED_PKG|Centify
18:14:00.11 (286822653)|ENTERING_MANAGED_PKG|Centify
18:14:00.11 (286889631)|ENTERING_MANAGED_PKG|Centify
18:14:00.11 (287054776)|ENTERING_MANAGED_PKG|Centify
18:14:00.11 (287286773)|ENTERING_MANAGED_PKG|Centify
18:14:00.11 (287495351)|ENTERING_MANAGED_PKG|Centify
18:14:00.11 (287699860)|ENTERING_MANAGED_PKG|Centify
18:14:00.11 (287909535)|ENTERING_MANAGED_PKG|Centify
18:14:00.11 (288112125)|ENTERING_MANAGED_PKG|Centify
18:14:00.11 (288311746)|ENTERING_MANAGED_PKG|Centify
18:14:00.11 (288510833)|ENTERING_MANAGED_PKG|Centify
18:14:00.11 (288711723)|ENTERING_MANAGED_PKG|Centify
18:14:00.11 (288919048)|ENTERING_MANAGED_PKG|Centify
18:14:00.11 (289121670)|ENTERING_MANAGED_PKG|Centify
18:14:00.11 (289322571)|ENTERING_MANAGED_PKG|Centify
18:14:00.11 (289524283)|ENTERING_MANAGED_PKG|Centify
18:14:00.11 (289724534)|ENTERING_MANAGED_PKG|Centify
18:14:00.11 (289933578)|ENTERING_MANAGED_PKG|Centify
18:14:00.11 (290106094)|ENTERING_MANAGED_PKG|Centify
18:14:00.11 (290273602)|ENTERING_MANAGED_PKG|Centify
18:14:00.11 (290471952)|ENTERING_MANAGED_PKG|Centify
18:14:00.11 (290670639)|ENTERING_MANAGED_PKG|Centify
18:14:00.11 (290869682)|ENTERING_MANAGED_PKG|Centify
18:14:00.11 (291066522)|ENTERING_MANAGED_PKG|Centify
18:14:00.11 (291276570)|ENTERING_MANAGED_PKG|Centify
18:14:00.11 (291486740)|ENTERING_MANAGED_PKG|Centify
18:14:00.11 (291701945)|ENTERING_MANAGED_PKG|Centify
18:14:00.11 (291925718)|ENTERING_MANAGED_PKG|Centify
18:14:00.11 (292145114)|ENTERING_MANAGED_PKG|Centify
18:14:00.11 (292365997)|ENTERING_MANAGED_PKG|Centify
18:14:00.11 (292579979)|ENTERING_MANAGED_PKG|Centify
18:14:00.11 (292798624)|ENTERING_MANAGED_PKG|Centify
18:14:00.11 (293019714)|ENTERING_MANAGED_PKG|Centify
18:14:00.11 (293243778)|ENTERING_MANAGED_PKG|Centify
18:14:00.11 (293452886)|ENTERING_MANAGED_PKG|Centify
18:14:00.11 (293516172)|ENTERING_MANAGED_PKG|Centify
18:14:00.11 (293575276)|ENTERING_MANAGED_PKG|Centify
18:14:00.11 (293616902)|ENTERING_MANAGED_PKG|Centify
18:14:00.11 (293694002)|ENTERING_MANAGED_PKG|Centify
18:14:00.11 (293759290)|ENTERING_MANAGED_PKG|Centify
18:14:00.11 (296210239)|ENTERING_MANAGED_PKG|Centify
18:14:00.11 (296246846)|ENTERING_MANAGED_PKG|Centify
18:14:00.11 (296275676)|ENTERING_MANAGED_PKG|Centify
18:14:00.11 (296331141)|ENTERING_MANAGED_PKG|Centify
18:14:00.11 (296452070)|ENTERING_MANAGED_PKG|Centify
18:14:00.11 (296529526)|ENTERING_MANAGED_PKG|Centify
18:14:00.11 (317512643)|ENTERING_MANAGED_PKG|Centify
18:14:00.11 (317569454)|ENTERING_MANAGED_PKG|Centify
18:14:00.11 (335270653)|ENTERING_MANAGED_PKG|Centify
18:14:00.11 (335408055)|ENTERING_MANAGED_PKG|Centify
18:14:00.11 (353546200)|ENTERING_MANAGED_PKG|Centify
18:14:00.11 (353614367)|ENTERING_MANAGED_PKG|Centify
18:14:00.11 (367461080)|ENTERING_MANAGED_PKG|Centify
18:14:00.11 (367657291)|ENTERING_MANAGED_PKG|Centify
18:14:00.11 (367910138)|ENTERING_MANAGED_PKG|Centify
18:14:00.11 (368105674)|ENTERING_MANAGED_PKG|Centify
18:14:00.11 (368308419)|ENTERING_MANAGED_PKG|Centify
18:14:00.11 (368369484)|ENTERING_MANAGED_PKG|Centify
18:14:00.11 (368471538)|ENTERING_MANAGED_PKG|Centify
18:14:00.11 (368513653)|ENTERING_MANAGED_PKG|Centify
18:14:00.11 (394159617)|ENTERING_MANAGED_PKG|Centify
18:14:00.11 (394550136)|ENTERING_MANAGED_PKG|Centify
18:14:00.11 (395256034)|ENTERING_MANAGED_PKG|Centify
18:14:00.11 (396271913)|ENTERING_MANAGED_PKG|Centify
18:14:00.11 (396345198)|ENTERING_MANAGED_PKG|Centify
18:14:00.11 (396486145)|ENTERING_MANAGED_PKG|Centify
18:14:00.11 (396537903)|ENTERING_MANAGED_PKG|Centify
18:14:00.11 (396664157)|ENTERING_MANAGED_PKG|Centify
18:14:00.11 (396830759)|ENTERING_MANAGED_PKG|Centify
18:14:00.11 (396978748)|ENTERING_MANAGED_PKG|Centify
18:14:00.11 (397116809)|ENTERING_MANAGED_PKG|Centify
18:14:00.11 (397255507)|ENTERING_MANAGED_PKG|Centify
18:14:00.11 (397393596)|ENTERING_MANAGED_PKG|Centify
18:14:00.11 (397532283)|ENTERING_MANAGED_PKG|Centify
18:14:00.11 (397670825)|ENTERING_MANAGED_PKG|Centify
18:14:00.11 (397809356)|ENTERING_MANAGED_PKG|Centify
18:14:00.11 (397956422)|ENTERING_MANAGED_PKG|Centify
18:14:00.11 (398095431)|ENTERING_MANAGED_PKG|Centify
18:14:00.11 (398264821)|ENTERING_MANAGED_PKG|Centify
18:14:00.11 (398425493)|ENTERING_MANAGED_PKG|Centify
18:14:00.11 (398585832)|ENTERING_MANAGED_PKG|Centify
18:14:00.11 (398746028)|ENTERING_MANAGED_PKG|Centify
18:14:00.11 (398910913)|ENTERING_MANAGED_PKG|Centify
18:14:00.11 (399075013)|ENTERING_MANAGED_PKG|Centify
18:14:00.11 (399225714)|ENTERING_MANAGED_PKG|Centify
18:14:00.11 (399366547)|ENTERING_MANAGED_PKG|Centify
18:14:00.11 (399505709)|ENTERING_MANAGED_PKG|Centify
18:14:00.11 (399643941)|ENTERING_MANAGED_PKG|Centify
18:14:00.11 (399780112)|ENTERING_MANAGED_PKG|Centify
18:14:00.11 (399923637)|ENTERING_MANAGED_PKG|Centify
18:14:00.11 (400061053)|ENTERING_MANAGED_PKG|Centify
18:14:00.11 (400281371)|ENTERING_MANAGED_PKG|Centify
18:14:00.11 (400458723)|ENTERING_MANAGED_PKG|Centify
18:14:00.11 (400599566)|ENTERING_MANAGED_PKG|Centify
18:14:00.11 (400737041)|ENTERING_MANAGED_PKG|Centify
18:14:00.11 (400882448)|ENTERING_MANAGED_PKG|Centify
18:14:00.11 (401023627)|ENTERING_MANAGED_PKG|Centify
18:14:00.11 (401150141)|ENTERING_MANAGED_PKG|Centify
18:14:00.11 (401282564)|ENTERING_MANAGED_PKG|Centify
18:14:00.11 (401428464)|ENTERING_MANAGED_PKG|Centify
18:14:00.11 (401570003)|ENTERING_MANAGED_PKG|Centify
18:14:00.11 (401709677)|ENTERING_MANAGED_PKG|Centify
18:14:00.11 (401851638)|ENTERING_MANAGED_PKG|Centify
18:14:00.11 (401993449)|ENTERING_MANAGED_PKG|Centify
18:14:00.11 (402156748)|ENTERING_MANAGED_PKG|Centify
18:14:00.11 (402322904)|ENTERING_MANAGED_PKG|Centify
18:14:00.11 (402510206)|ENTERING_MANAGED_PKG|Centify
18:14:00.11 (402689538)|ENTERING_MANAGED_PKG|Centify
18:14:00.11 (402885827)|ENTERING_MANAGED_PKG|Centify
18:14:00.11 (403053610)|ENTERING_MANAGED_PKG|Centify
18:14:00.11 (403134316)|ENTERING_MANAGED_PKG|Centify
18:14:00.11 (403184745)|ENTERING_MANAGED_PKG|Centify
18:14:00.11 (403213410)|ENTERING_MANAGED_PKG|Centify
18:14:00.11 (403251836)|ENTERING_MANAGED_PKG|Centify
18:14:00.11 (403269857)|ENTERING_MANAGED_PKG|Centify
18:14:00.11 (403612174)|ENTERING_MANAGED_PKG|Centify
18:14:00.11 (403642415)|ENTERING_MANAGED_PKG|Centify
18:14:00.11 (403656797)|ENTERING_MANAGED_PKG|Centify
18:14:00.11 (403768854)|ENTERING_MANAGED_PKG|Centify
18:14:00.11 (403973467)|ENTERING_MANAGED_PKG|Centify
18:14:00.11 (404000759)|ENTERING_MANAGED_PKG|Centify
18:14:00.11 (404029921)|ENTERING_MANAGED_PKG|Centify
18:14:00.11 (404045037)|ENTERING_MANAGED_PKG|Centify
18:14:00.11 (404456701)|ENTERING_MANAGED_PKG|Centify
18:14:00.11 (404484014)|ENTERING_MANAGED_PKG|Centify
18:14:00.11 (404497860)|ENTERING_MANAGED_PKG|Centify
18:14:00.11 (404588076)|ENTERING_MANAGED_PKG|Centify
18:14:00.11 (404738617)|ENTERING_MANAGED_PKG|Centify
18:14:00.11 (404764150)|ENTERING_MANAGED_PKG|Centify
18:14:00.11 (404790556)|ENTERING_MANAGED_PKG|Centify
18:14:00.11 (404805073)|ENTERING_MANAGED_PKG|Centify
18:14:00.11 (405336992)|ENTERING_MANAGED_PKG|Centify
18:14:00.11 (405365329)|ENTERING_MANAGED_PKG|Centify
18:14:00.11 (405379242)|ENTERING_MANAGED_PKG|Centify
18:14:00.11 (405466769)|ENTERING_MANAGED_PKG|Centify
18:14:00.11 (405615963)|ENTERING_MANAGED_PKG|Centify
18:14:00.11 (405641782)|ENTERING_MANAGED_PKG|Centify
18:14:00.11 (405667875)|ENTERING_MANAGED_PKG|Centify
18:14:00.11 (405682473)|ENTERING_MANAGED_PKG|Centify
18:14:00.11 (406347185)|ENTERING_MANAGED_PKG|Centify
18:14:00.11 (406375053)|ENTERING_MANAGED_PKG|Centify
18:14:00.11 (406388904)|ENTERING_MANAGED_PKG|Centify
18:14:00.11 (406477462)|ENTERING_MANAGED_PKG|Centify
18:14:00.11 (406627688)|ENTERING_MANAGED_PKG|Centify
18:14:00.11 (406653331)|ENTERING_MANAGED_PKG|Centify
18:14:00.11 (406679286)|ENTERING_MANAGED_PKG|Centify
18:14:00.11 (406693724)|ENTERING_MANAGED_PKG|Centify
18:14:00.11 (407489359)|ENTERING_MANAGED_PKG|Centify
18:14:00.11 (407517116)|ENTERING_MANAGED_PKG|Centify
18:14:00.11 (407530655)|ENTERING_MANAGED_PKG|Centify
18:14:00.11 (407618067)|ENTERING_MANAGED_PKG|Centify
18:14:00.11 (407767254)|ENTERING_MANAGED_PKG|Centify
18:14:00.11 (407792774)|ENTERING_MANAGED_PKG|Centify
18:14:00.11 (407820021)|ENTERING_MANAGED_PKG|Centify
18:14:00.11 (407834911)|ENTERING_MANAGED_PKG|Centify
18:14:00.11 (408763417)|ENTERING_MANAGED_PKG|Centify
18:14:00.11 (408791382)|ENTERING_MANAGED_PKG|Centify
18:14:00.11 (408805580)|ENTERING_MANAGED_PKG|Centify
18:14:00.11 (408897229)|ENTERING_MANAGED_PKG|Centify
18:14:00.11 (409043151)|ENTERING_MANAGED_PKG|Centify
18:14:00.11 (409184349)|ENTERING_MANAGED_PKG|Centify
18:14:00.11 (409350390)|ENTERING_MANAGED_PKG|Centify
18:14:00.11 (409583175)|ENTERING_MANAGED_PKG|Centify
18:14:00.11 (409731056)|ENTERING_MANAGED_PKG|Centify
18:14:00.11 (409875868)|ENTERING_MANAGED_PKG|Centify
18:14:00.11 (410015556)|ENTERING_MANAGED_PKG|Centify
18:14:00.11 (410156713)|ENTERING_MANAGED_PKG|Centify
18:14:00.11 (410295162)|ENTERING_MANAGED_PKG|Centify
18:14:00.11 (410434004)|ENTERING_MANAGED_PKG|Centify
18:14:00.11 (410571119)|ENTERING_MANAGED_PKG|Centify
18:14:00.11 (410709728)|ENTERING_MANAGED_PKG|Centify
18:14:00.11 (410848087)|ENTERING_MANAGED_PKG|Centify
18:14:00.11 (410987150)|ENTERING_MANAGED_PKG|Centify
18:14:00.11 (411031436)|ENTERING_MANAGED_PKG|Centify
18:14:00.11 (411071662)|ENTERING_MANAGED_PKG|Centify
18:14:00.11 (411098909)|ENTERING_MANAGED_PKG|Centify
18:14:00.11 (411260177)|ENTERING_MANAGED_PKG|Centify
18:14:00.11 (411292647)|ENTERING_MANAGED_PKG|Centify
18:14:00.11 (414275114)|ENTERING_MANAGED_PKG|Centify
18:14:00.11 (414315788)|ENTERING_MANAGED_PKG|Centify
18:14:00.11 (414345973)|ENTERING_MANAGED_PKG|Centify
18:14:00.11 (414463181)|ENTERING_MANAGED_PKG|Centify
18:14:00.11 (414497211)|ENTERING_MANAGED_PKG|Centify
18:14:00.11 (414579808)|ENTERING_MANAGED_PKG|Centify
18:14:00.11 (414624846)|ENTERING_MANAGED_PKG|Centify
18:14:00.11 (424942155)|ENTERING_MANAGED_PKG|Centify
18:14:00.11 (425235001)|ENTERING_MANAGED_PKG|Centify
18:14:00.11 (425864042)|ENTERING_MANAGED_PKG|Centify
18:14:00.11 (426575629)|ENTERING_MANAGED_PKG|Centify
18:14:00.11 (426633456)|ENTERING_MANAGED_PKG|Centify
18:14:00.11 (426768622)|ENTERING_MANAGED_PKG|Centify
18:14:00.11 (426826468)|ENTERING_MANAGED_PKG|Centify
18:14:00.11 (426985188)|ENTERING_MANAGED_PKG|Centify
18:14:00.11 (427192750)|ENTERING_MANAGED_PKG|Centify
18:14:00.11 (427380216)|ENTERING_MANAGED_PKG|Centify
18:14:00.11 (427560460)|ENTERING_MANAGED_PKG|Centify
18:14:00.11 (427741541)|ENTERING_MANAGED_PKG|Centify
18:14:00.11 (427904155)|ENTERING_MANAGED_PKG|Centify
18:14:00.11 (428084806)|ENTERING_MANAGED_PKG|Centify
18:14:00.11 (428271210)|ENTERING_MANAGED_PKG|Centify
18:14:00.11 (428456373)|ENTERING_MANAGED_PKG|Centify
18:14:00.11 (428639813)|ENTERING_MANAGED_PKG|Centify
18:14:00.11 (428799861)|ENTERING_MANAGED_PKG|Centify
18:14:00.11 (428964503)|ENTERING_MANAGED_PKG|Centify
18:14:00.11 (429140221)|ENTERING_MANAGED_PKG|Centify
18:14:00.11 (429325355)|ENTERING_MANAGED_PKG|Centify
18:14:00.11 (429511473)|ENTERING_MANAGED_PKG|Centify
18:14:00.11 (429698170)|ENTERING_MANAGED_PKG|Centify
18:14:00.11 (429895317)|ENTERING_MANAGED_PKG|Centify
18:14:00.11 (430085914)|ENTERING_MANAGED_PKG|Centify
18:14:00.11 (430270698)|ENTERING_MANAGED_PKG|Centify
18:14:00.11 (430454618)|ENTERING_MANAGED_PKG|Centify
18:14:00.11 (430633486)|ENTERING_MANAGED_PKG|Centify
18:14:00.11 (430782673)|ENTERING_MANAGED_PKG|Centify
18:14:00.11 (430854198)|ENTERING_MANAGED_PKG|Centify
18:14:00.11 (430910416)|ENTERING_MANAGED_PKG|Centify
18:14:00.11 (430940187)|ENTERING_MANAGED_PKG|Centify
18:14:00.11 (430992419)|ENTERING_MANAGED_PKG|Centify
18:14:00.11 (431057684)|ENTERING_MANAGED_PKG|Centify
18:14:00.11 (433042290)|ENTERING_MANAGED_PKG|Centify
18:14:00.11 (433077160)|ENTERING_MANAGED_PKG|Centify
18:14:00.11 (433105137)|ENTERING_MANAGED_PKG|Centify
18:14:00.11 (433216538)|ENTERING_MANAGED_PKG|Centify
18:14:00.11 (433300855)|ENTERING_MANAGED_PKG|Centify
18:14:00.11 (433443783)|ENTERING_MANAGED_PKG|Centify
18:14:00.11 (433540359)|ENTERING_MANAGED_PKG|Centify
18:14:00.11 (433586572)|ENTERING_MANAGED_PKG|Centify
18:14:00.11 (443501342)|ENTERING_MANAGED_PKG|Centify
18:14:00.11 (443719010)|ENTERING_MANAGED_PKG|Centify
18:14:00.11 (444532726)|ENTERING_MANAGED_PKG|Centify
18:14:00.11 (445249155)|ENTERING_MANAGED_PKG|Centify
18:14:00.11 (445308587)|ENTERING_MANAGED_PKG|Centify
18:14:00.11 (445428600)|ENTERING_MANAGED_PKG|Centify
18:14:00.11 (445473286)|ENTERING_MANAGED_PKG|Centify
18:14:00.11 (445628233)|ENTERING_MANAGED_PKG|Centify
18:14:00.11 (445825081)|ENTERING_MANAGED_PKG|Centify
18:14:00.11 (446013837)|ENTERING_MANAGED_PKG|Centify
18:14:00.11 (446194413)|ENTERING_MANAGED_PKG|Centify
18:14:00.11 (446370808)|ENTERING_MANAGED_PKG|Centify
18:14:00.11 (446549609)|ENTERING_MANAGED_PKG|Centify
18:14:00.11 (446718027)|ENTERING_MANAGED_PKG|Centify
18:14:00.11 (446911298)|ENTERING_MANAGED_PKG|Centify
18:14:00.11 (447096192)|ENTERING_MANAGED_PKG|Centify
18:14:00.11 (447280915)|ENTERING_MANAGED_PKG|Centify
18:14:00.11 (447462302)|ENTERING_MANAGED_PKG|Centify
18:14:00.11 (447631569)|ENTERING_MANAGED_PKG|Centify
18:14:00.11 (447801224)|ENTERING_MANAGED_PKG|Centify
18:14:00.11 (447974440)|ENTERING_MANAGED_PKG|Centify
18:14:00.11 (448157227)|ENTERING_MANAGED_PKG|Centify
18:14:00.11 (448345456)|ENTERING_MANAGED_PKG|Centify
18:14:00.11 (448512578)|ENTERING_MANAGED_PKG|Centify
18:14:00.11 (448663894)|ENTERING_MANAGED_PKG|Centify
18:14:00.11 (448841602)|ENTERING_MANAGED_PKG|Centify
18:14:00.11 (449022934)|ENTERING_MANAGED_PKG|Centify
18:14:00.11 (449203985)|ENTERING_MANAGED_PKG|Centify
18:14:00.11 (449392336)|ENTERING_MANAGED_PKG|Centify
18:14:00.11 (449580032)|ENTERING_MANAGED_PKG|Centify
18:14:00.11 (449764827)|ENTERING_MANAGED_PKG|Centify
18:14:00.11 (449945929)|ENTERING_MANAGED_PKG|Centify
18:14:00.11 (450120756)|ENTERING_MANAGED_PKG|Centify
18:14:00.11 (450299469)|ENTERING_MANAGED_PKG|Centify
18:14:00.11 (450474422)|ENTERING_MANAGED_PKG|Centify
18:14:00.11 (450655783)|ENTERING_MANAGED_PKG|Centify
18:14:00.11 (450841753)|ENTERING_MANAGED_PKG|Centify
18:14:00.11 (451035093)|ENTERING_MANAGED_PKG|Centify
18:14:00.11 (451223375)|ENTERING_MANAGED_PKG|Centify
18:14:00.11 (451407830)|ENTERING_MANAGED_PKG|Centify
18:14:00.11 (451563167)|ENTERING_MANAGED_PKG|Centify
18:14:00.11 (451623802)|ENTERING_MANAGED_PKG|Centify
18:14:00.11 (451665567)|ENTERING_MANAGED_PKG|Centify
18:14:00.11 (451692395)|ENTERING_MANAGED_PKG|Centify
18:14:00.11 (451757055)|ENTERING_MANAGED_PKG|Centify
18:14:00.11 (451824305)|ENTERING_MANAGED_PKG|Centify
18:14:00.11 (454215781)|ENTERING_MANAGED_PKG|Centify
18:14:00.11 (454250160)|ENTERING_MANAGED_PKG|Centify
18:14:00.11 (454277007)|ENTERING_MANAGED_PKG|Centify
18:14:00.11 (454346136)|ENTERING_MANAGED_PKG|Centify
18:14:00.11 (454498201)|ENTERING_MANAGED_PKG|Centify
18:14:00.11 (454615010)|ENTERING_MANAGED_PKG|Centify
18:14:00.11 (471189122)|ENTERING_MANAGED_PKG|Centify
18:14:00.11 (471250774)|ENTERING_MANAGED_PKG|Centify
18:14:00.11 (483105196)|ENTERING_MANAGED_PKG|Centify
18:14:00.11 (483151485)|ENTERING_MANAGED_PKG|Centify
18:14:00.11 (483274996)|ENTERING_MANAGED_PKG|Centify
18:14:00.11 (483309845)|ENTERING_MANAGED_PKG|Centify
18:14:00.11 (493831458)|ENTERING_MANAGED_PKG|Centify
18:14:00.11 (494098362)|ENTERING_MANAGED_PKG|Centify
18:14:00.11 (494724830)|ENTERING_MANAGED_PKG|Centify
18:14:00.11 (495402867)|ENTERING_MANAGED_PKG|Centify
18:14:00.11 (495468961)|ENTERING_MANAGED_PKG|Centify
18:14:00.11 (495588716)|ENTERING_MANAGED_PKG|Centify
18:14:00.11 (495646593)|ENTERING_MANAGED_PKG|Centify
18:14:00.11 (495791593)|ENTERING_MANAGED_PKG|Centify
18:14:00.11 (496001754)|ENTERING_MANAGED_PKG|Centify
18:14:00.11 (496193334)|ENTERING_MANAGED_PKG|Centify
18:14:00.11 (496379104)|ENTERING_MANAGED_PKG|Centify
18:14:00.11 (496560142)|ENTERING_MANAGED_PKG|Centify
18:14:00.11 (496731153)|ENTERING_MANAGED_PKG|Centify
18:14:00.11 (496911443)|ENTERING_MANAGED_PKG|Centify
18:14:00.11 (497079520)|ENTERING_MANAGED_PKG|Centify
18:14:00.11 (497258343)|ENTERING_MANAGED_PKG|Centify
18:14:00.11 (497444303)|ENTERING_MANAGED_PKG|Centify
18:14:00.11 (497625388)|ENTERING_MANAGED_PKG|Centify
18:14:00.11 (497790845)|ENTERING_MANAGED_PKG|Centify
18:14:00.11 (497952831)|ENTERING_MANAGED_PKG|Centify
18:14:00.11 (498121444)|ENTERING_MANAGED_PKG|Centify
18:14:00.11 (498314741)|ENTERING_MANAGED_PKG|Centify
18:14:00.11 (498502824)|ENTERING_MANAGED_PKG|Centify
18:14:00.11 (498706586)|ENTERING_MANAGED_PKG|Centify
18:14:00.11 (498913388)|ENTERING_MANAGED_PKG|Centify
18:14:00.11 (499087573)|ENTERING_MANAGED_PKG|Centify
18:14:00.11 (499263153)|ENTERING_MANAGED_PKG|Centify
18:14:00.11 (499435738)|ENTERING_MANAGED_PKG|Centify
18:14:00.11 (499612979)|ENTERING_MANAGED_PKG|Centify
18:14:00.11 (499803457)|ENTERING_MANAGED_PKG|Centify
18:14:00.11 (499988368)|ENTERING_MANAGED_PKG|Centify
18:14:00.11 (500033744)|ENTERING_MANAGED_PKG|Centify
18:14:00.11 (500085391)|ENTERING_MANAGED_PKG|Centify
18:14:00.11 (500131162)|ENTERING_MANAGED_PKG|Centify
18:14:00.11 (500198499)|ENTERING_MANAGED_PKG|Centify
18:14:00.11 (500248542)|ENTERING_MANAGED_PKG|Centify
18:14:00.11 (501843354)|ENTERING_MANAGED_PKG|Centify
18:14:00.11 (501884816)|ENTERING_MANAGED_PKG|Centify
18:14:00.11 (501914076)|ENTERING_MANAGED_PKG|Centify
18:14:00.11 (501992329)|ENTERING_MANAGED_PKG|Centify
18:14:00.11 (502053826)|ENTERING_MANAGED_PKG|Centify
18:14:00.11 (502110737)|ENTERING_MANAGED_PKG|Centify
18:14:00.11 (502361322)|ENTERING_MANAGED_PKG|Centify
18:14:00.11 (503393001)|ENTERING_MANAGED_PKG|Centify
18:14:00.11 (503444409)|ENTERING_MANAGED_PKG|Centify
18:14:00.11 (503581891)|ENTERING_MANAGED_PKG|Centify
18:14:00.11 (551483891)|ENTERING_MANAGED_PKG|Centify
18:14:00.11 (551570506)|ENTERING_MANAGED_PKG|Centify
18:14:00.11 (551661959)|ENTERING_MANAGED_PKG|Centify
18:14:00.11 (594325064)|ENTERING_MANAGED_PKG|Centify
18:14:00.11 (594423524)|ENTERING_MANAGED_PKG|Centify
18:14:00.11 (594544209)|ENTERING_MANAGED_PKG|Centify
18:14:00.11 (637139694)|ENTERING_MANAGED_PKG|Centify
18:14:00.11 (637234575)|ENTERING_MANAGED_PKG|Centify
18:14:00.11 (637327312)|ENTERING_MANAGED_PKG|Centify
18:14:00.11 (673517879)|ENTERING_MANAGED_PKG|Centify
18:14:00.11 (673606014)|ENTERING_MANAGED_PKG|Centify
18:14:00.11 (673698977)|ENTERING_MANAGED_PKG|Centify
18:14:00.11 (713941498)|ENTERING_MANAGED_PKG|Centify
18:14:00.11 (714032594)|ENTERING_MANAGED_PKG|Centify
18:14:00.11 (714130877)|ENTERING_MANAGED_PKG|Centify
18:14:00.11 (747688083)|ENTERING_MANAGED_PKG|Centify
18:14:00.11 (747795605)|ENTERING_MANAGED_PKG|Centify
18:14:00.11 (747895921)|ENTERING_MANAGED_PKG|Centify
18:14:00.11 (781913033)|ENTERING_MANAGED_PKG|Centify
18:14:00.11 (782031671)|ENTERING_MANAGED_PKG|Centify
18:14:00.11 (782131856)|ENTERING_MANAGED_PKG|Centify
18:14:00.11 (817970000)|ENTERING_MANAGED_PKG|Centify
18:14:00.11 (818111549)|ENTERING_MANAGED_PKG|Centify
18:14:00.11 (819052364)|ENTERING_MANAGED_PKG|Centify
18:14:00.11 (819110278)|ENTERING_MANAGED_PKG|Centify
18:14:00.11 (819225206)|ENTERING_MANAGED_PKG|Centify
18:14:00.11 (851902426)|ENTERING_MANAGED_PKG|Centify
18:14:00.11 (854844299)|ENTERING_MANAGED_PKG|Centify
18:14:00.11 (854994171)|ENTERING_MANAGED_PKG|Centify
18:14:00.11 (855151248)|ENTERING_MANAGED_PKG|Centify
18:14:00.11 (857220538)|ENTERING_MANAGED_PKG|Centify
18:14:00.11 (857262659)|ENTERING_MANAGED_PKG|Centify
18:14:00.11 (857326441)|ENTERING_MANAGED_PKG|Centify
18:14:00.11 (857857794)|ENTERING_MANAGED_PKG|Centify
18:14:00.11 (860302639)|SOQL_EXECUTE_BEGIN|[16]|Aggregations:0|SELECT Id, CronExpression, CronJobDetail.Name FROM CronTrigger WHERE CronJobDetail.Name LIKE '%Spinify%'
18:14:00.11 (868739586)|SOQL_EXECUTE_END|[16]|Rows:10
18:14:00.11 (869265052)|ENTERING_MANAGED_PKG|Centify
18:14:00.11 (869397247)|ENTERING_MANAGED_PKG|Centify
18:14:00.11 (869455527)|ENTERING_MANAGED_PKG|Centify
18:14:00.11 (869740287)|ENTERING_MANAGED_PKG|Centify
18:14:00.11 (869839194)|ENTERING_MANAGED_PKG|Centify
18:14:00.11 (869926269)|ENTERING_MANAGED_PKG|Centify
18:14:00.11 (870046094)|ENTERING_MANAGED_PKG|Centify
18:14:00.11 (870936949)|ENTERING_MANAGED_PKG|Centify
18:14:00.945 (945424797)|CUMULATIVE_LIMIT_USAGE
18:14:00.945 (945424797)|LIMIT_USAGE_FOR_NS|(default)|
  Number of SOQL queries: 0 out of 100
  Number of query rows: 0 out of 50000
  Number of SOSL queries: 0 out of 20
  Number of DML statements: 0 out of 150
  Number of DML rows: 0 out of 10000
  Maximum CPU time: 427 out of 10000
  Maximum heap size: 0 out of 6000000
  Number of callouts: 0 out of 100
  Number of Email Invocations: 0 out of 10
  Number of future calls: 0 out of 50
  Number of queueable jobs added to the queue: 0 out of 50
  Number of Mobile Apex push calls: 0 out of 10

18:14:00.945 (945424797)|LIMIT_USAGE_FOR_NS|Centify|
  Number of SOQL queries: 3 out of 100
  Number of query rows: 12 out of 50000
  Number of SOSL queries: 0 out of 20
  Number of DML statements: 1 out of 150
  Number of DML rows: 1 out of 10000
  Maximum CPU time: 0 out of 10000
  Maximum heap size: 0 out of 6000000
  Number of callouts: 0 out of 100
  Number of Email Invocations: 0 out of 10
  Number of future calls: 0 out of 50
  Number of queueable jobs added to the queue: 0 out of 50
  Number of Mobile Apex push calls: 0 out of 10

18:14:00.945 (945424797)|CUMULATIVE_LIMIT_USAGE_END

