31.0 APEX_CODE,FINEST;APEX_PROFILING,INFO;CALLOUT,INFO;DB,INFO;NBA,INFO;SYSTEM,DEBUG;VALIDATION,INFO;VISUALFORCE,INFO;WAVE,INFO;WORKFLOW,INFO
11:41:08.0 (133622)|USER_INFO|[EXTERNAL]|00590000000Vmmq|ben@bjbglobal.com.au|Australian Eastern Standard Time|GMT+10:00
11:41:08.0 (176672)|EXECUTION_STARTED
11:41:08.0 (184514)|CODE_UNIT_STARTED|[EXTERNAL]|TRIGGERS
11:41:08.0 (235628)|CODE_UNIT_STARTED|[EXTERNAL]|01q6F000000DhRF|TaskBeforeUpdate on Task trigger event BeforeUpdate|__sfdc_trigger/TaskBeforeUpdate
11:41:08.0 (310640)|HEAP_ALLOCATE|[EXTERNAL]|Bytes:8
11:41:08.0 (389514)|HEAP_ALLOCATE|[EXTERNAL]|Bytes:8
11:41:08.0 (934322)|HEAP_ALLOCATE|[72]|Bytes:3
11:41:08.0 (989527)|HEAP_ALLOCATE|[77]|Bytes:152
11:41:08.0 (1007244)|HEAP_ALLOCATE|[342]|Bytes:408
11:41:08.0 (1021433)|HEAP_ALLOCATE|[355]|Bytes:408
11:41:08.0 (1037349)|HEAP_ALLOCATE|[467]|Bytes:48
11:41:08.0 (1079232)|HEAP_ALLOCATE|[139]|Bytes:6
11:41:08.0 (1116670)|HEAP_ALLOCATE|[EXTERNAL]|Bytes:4
11:41:08.0 (1131307)|VARIABLE_SCOPE_BEGIN|[10]|this|TaskBeforeUpdate|true|false
11:41:08.0 (1209643)|VARIABLE_ASSIGNMENT|[10]|this|{}|0x56b21dd7
11:41:08.0 (1305308)|HEAP_ALLOCATE|[EXTERNAL]|Bytes:4
11:41:08.0 (1320566)|VARIABLE_SCOPE_BEGIN|[10]|this|TaskBeforeUpdate|true|false
11:41:08.0 (1343592)|VARIABLE_ASSIGNMENT|[10]|this|{}|0x56b21dd7
11:41:08.0 (1358112)|STATEMENT_EXECUTE|[10]
11:41:08.1 (1365931)|CUMULATIVE_LIMIT_USAGE
11:41:08.1 (1365931)|LIMIT_USAGE_FOR_NS|(default)|
  Number of SOQL queries: 0 out of 100
  Number of query rows: 0 out of 50000
  Number of SOSL queries: 0 out of 20
  Number of DML statements: 0 out of 150
  Number of DML rows: 0 out of 10000
  Maximum CPU time: 0 out of 10000
  Maximum heap size: 0 out of 6000000
  Number of callouts: 0 out of 100
  Number of Email Invocations: 0 out of 10
  Number of future calls: 0 out of 50
  Number of queueable jobs added to the queue: 0 out of 50
  Number of Mobile Apex push calls: 0 out of 10

11:41:08.1 (1365931)|CUMULATIVE_LIMIT_USAGE_END

11:41:08.0 (2746364)|CODE_UNIT_FINISHED|TaskBeforeUpdate on Task trigger event BeforeUpdate|__sfdc_trigger/TaskBeforeUpdate
11:41:08.0 (7968883)|CODE_UNIT_STARTED|[EXTERNAL]|Validation:Task:00T6F0000525eH3
11:41:08.0 (7993880)|VALIDATION_RULE|03d6F000000qFaO|Finish_all_call_monitor_field
11:41:08.0 (8518249)|VALIDATION_FORMULA|AND(!ISBLANK(Monitored_By__c),
    OR(ISBLANK( TEXT(CM_advised_what_will_happen_next__c)),
       ISBLANK( TEXT(Allow_customer_to_present_concerns__c) ),
       ISBLANK( TEXT(Communication_is_clear_positive_confiden__c) ),
       ISBLANK( TEXT(Demonstrate_active_listening__c )),
       ISBLANK( TEXT(Gave_correct_answers_and_infomations__c) ),
       ISBLANK( TEXT(Mirrors_clients_talking_behaviour__c) ) ))|CM_advised_what_will_happen_next__c=null , Demonstrate_active_listening__c=null , Communication_is_clear_positive_confiden__c=null , Allow_customer_to_present_concerns__c=null , Gave_correct_answers_and_infomations__c=null , Mirrors_clients_talking_behaviour__c=null , Monitored_By__c=null
11:41:08.0 (8538194)|VALIDATION_PASS
11:41:08.0 (8541222)|VALIDATION_RULE|03d900000009JbB|Interac_Quality_Must_Be_Between_1_and_10
11:41:08.0 (8644391)|VALIDATION_FORMULA|NVMContactWorld__InteractionQuality__c < 1  &#124;&#124;  NVMContactWorld__InteractionQuality__c > 10|NVMContactWorld__InteractionQuality__c=null
11:41:08.0 (8655523)|VALIDATION_PASS
11:41:08.0 (8852434)|CODE_UNIT_FINISHED|Validation:Task:00T6F0000525eH3
11:41:08.0 (47496956)|CODE_UNIT_STARTED|[EXTERNAL]|Workflow:Task
11:41:08.0 (60554121)|WF_RULE_EVAL_BEGIN|Workflow
11:41:08.0 (60611637)|WF_CRITERIA_BEGIN|[Task:  00T6F0000525eH3]|Update Call Monitor Details|01Q6F0000002Tdt|ON_CREATE_OR_TRIGGERING_UPDATE|0
11:41:08.0 (63369014)|WF_RULE_FILTER|[Task : Monitored By not equal to ]
11:41:08.0 (63384207)|WF_RULE_EVAL_VALUE|
11:41:08.0 (63389552)|WF_CRITERIA_END|false
11:41:08.0 (63401182)|WF_CRITERIA_BEGIN|[Task:  00T6F0000525eH3]|Update_Callback_Request_Due_Date3016F0000005i0e|01Q6F0000019gyq|ON_CREATE_ONLY|0
11:41:08.0 (63413763)|WF_RULE_NOT_EVALUATED
11:41:08.0 (63419110)|WF_CRITERIA_BEGIN|[Task:  00T6F0000525eH3]|Call Back Request From LinX|01Q6F000001EY2L|ON_CREATE_OR_TRIGGERING_UPDATE|0
11:41:08.0 (63489199)|WF_RULE_FILTER|[Task : Subject equals Callback Request]
11:41:08.0 (63500023)|WF_RULE_EVAL_VALUE|Outbound call to +61411129120
11:41:08.0 (63504387)|WF_CRITERIA_END|false
11:41:08.0 (63511891)|WF_CRITERIA_BEGIN|[Task:  00T6F0000525eH3]|Call_Monitor3016F00000054R3|01Q6F000000oOu7|ON_ALL_CHANGES|0
11:41:08.0 (63666812)|WF_FORMULA|Formula:ENCODED:[treatNullAsNull]true|Values:
11:41:08.0 (63675429)|WF_CRITERIA_END|true
11:41:08.0 (64684860)|WF_SPOOL_ACTION_BEGIN|Workflow
11:41:08.0 (64714604)|WF_ACTION| Flow Trigger: 1;
11:41:08.0 (64721403)|WF_RULE_EVAL_END
11:41:08.0 (64797272)|WF_FLOW_ACTION_BEGIN|09L6F000000PGTV
11:41:08.66 (66773984)|FLOW_CREATE_INTERVIEW_BEGIN|00D90000000IJSa|3006F0000008usA|3016F00000054R3
11:41:08.66 (67709550)|FLOW_CREATE_INTERVIEW_END|5652af99a172ed30e82038fb2e7a1669e86ee0-49f3|Call Monitoring
11:41:08.68 (68270475)|FLOW_START_INTERVIEWS_BEGIN|1
11:41:08.68 (68296129)|FLOW_START_INTERVIEW_BEGIN|5652af99a172ed30e82038fb2e7a1669e86ee0-49f3|Call Monitoring
11:41:08.68 (81007180)|FLOW_START_INTERVIEW_END|5652af99a172ed30e82038fb2e7a1669e86ee0-49f3|Call Monitoring
11:41:08.68 (81059999)|FLOW_START_INTERVIEWS_END|1
11:41:08.0 (82854780)|WF_FLOW_ACTION_END|09L6F000000PGTV
11:41:08.0 (83007502)|WF_ACTIONS_END| Flow Trigger: 1;
11:41:08.0 (83024959)|CODE_UNIT_FINISHED|Workflow:Task
11:41:08.0 (95153845)|CODE_UNIT_FINISHED|TRIGGERS
11:41:08.0 (95172466)|EXECUTION_FINISHED
