37.0 APEX_CODE,FINEST;APEX_PROFILING,INFO;CALLOUT,INFO;DB,INFO;NBA,INFO;SYSTEM,DEBUG;VALIDATION,INFO;VISUALFORCE,INFO;WAVE,INFO;WORKFLOW,INFO
18:23:12.13 (13685024)|ENTERING_MANAGED_PKG|Centify
18:23:12.13 (14568888)|ENTERING_MANAGED_PKG|Centify
18:23:12.13 (14620443)|ENTERING_MANAGED_PKG|Centify
18:23:12.13 (15088854)|ENTERING_MANAGED_PKG|Centify
18:23:12.13 (15235208)|ENTERING_MANAGED_PKG|Centify
18:23:12.13 (15315573)|ENTERING_MANAGED_PKG|Centify
18:23:12.30 (30764888)|CUMULATIVE_LIMIT_USAGE
18:23:12.30 (30764888)|LIMIT_USAGE_FOR_NS|(default)|
  Number of SOQL queries: 0 out of 200
  Number of query rows: 0 out of 50000
  Number of SOSL queries: 0 out of 20
  Number of DML statements: 0 out of 150
  Number of DML rows: 0 out of 10000
  Maximum CPU time: 0 out of 60000
  Maximum heap size: 0 out of 12000000
  Number of callouts: 0 out of 0
  Number of Email Invocations: 0 out of 10
  Number of future calls: 0 out of 0
  Number of queueable jobs added to the queue: 0 out of 1
  Number of Mobile Apex push calls: 0 out of 10

18:23:12.30 (30764888)|LIMIT_USAGE_FOR_NS|Centify|
  Number of SOQL queries: 0 out of 200
  Number of query rows: 0 out of 50000
  Number of SOSL queries: 0 out of 20
  Number of DML statements: 0 out of 150
  Number of DML rows: 0 out of 10000
  Maximum CPU time: 0 out of 60000
  Maximum heap size: 0 out of 12000000
  Number of callouts: 0 out of 0
  Number of Email Invocations: 0 out of 10
  Number of future calls: 0 out of 0
  Number of queueable jobs added to the queue: 0 out of 1
  Number of Mobile Apex push calls: 0 out of 10

18:23:12.30 (30764888)|CUMULATIVE_LIMIT_USAGE_END

|ENTERING_MANAGED_PKG|Centify
18:23:12.21 (321439533)|ENTERING_MANAGED_PKG|Centify
18:23:12.21 (321532810)|ENTERING_MANAGED_PKG|Centify
18:23:12.21 (340728752)|ENTERING_MANAGED_PKG|Centify
18:23:12.21 (356216346)|ENTERING_MANAGED_PKG|Centify
18:23:12.21 (356264283)|ENTERING_MANAGED_PKG|Centify
18:23:12.21 (356334892)|ENTERING_MANAGED_PKG|Centify
18:23:12.21 (356363812)|ENTERING_MANAGED_PKG|Centify
18:23:12.21 (356421332)|ENTERING_MANAGED_PKG|Centify
18:23:12.21 (376648802)|ENTERING_MANAGED_PKG|Centify
18:23:12.21 (392094052)|ENTERING_MANAGED_PKG|Centify
18:23:12.21 (392141340)|ENTERING_MANAGED_PKG|Centify
18:23:12.21 (392211125)|ENTERING_MANAGED_PKG|Centify
18:23:12.21 (392240855)|ENTERING_MANAGED_PKG|Centify
18:23:12.21 (392301365)|ENTERING_MANAGED_PKG|Centify
18:23:12.21 (412180237)|ENTERING_MANAGED_PKG|Centify
18:23:12.21 (425908402)|ENTERING_MANAGED_PKG|Centify
18:23:12.21 (425955057)|ENTERING_MANAGED_PKG|Centify
18:23:12.21 (426025997)|ENTERING_MANAGED_PKG|Centify
18:23:12.21 (426055903)|ENTERING_MANAGED_PKG|Centify
18:23:12.21 (426125737)|ENTERING_MANAGED_PKG|Centify
18:23:12.21 (445316940)|ENTERING_MANAGED_PKG|Centify
18:23:12.21 (459183263)|ENTERING_MANAGED_PKG|Centify
18:23:12.21 (459229298)|ENTERING_MANAGED_PKG|Centify
18:23:12.21 (459298705)|ENTERING_MANAGED_PKG|Centify
18:23:12.21 (459326832)|ENTERING_MANAGED_PKG|Centify
18:23:12.21 (459386583)|ENTERING_MANAGED_PKG|Centify
18:23:12.21 (478193776)|ENTERING_MANAGED_PKG|Centify
18:23:12.21 (493478040)|ENTERING_MANAGED_PKG|Centify
18:23:12.21 (493525614)|ENTERING_MANAGED_PKG|Centify
18:23:12.21 (493595980)|ENTERING_MANAGED_PKG|Centify
18:23:12.21 (493624539)|ENTERING_MANAGED_PKG|Centify
18:23:12.21 (493681830)|ENTERING_MANAGED_PKG|Centify
18:23:12.21 (515206075)|ENTERING_MANAGED_PKG|Centify
18:23:12.21 (531454397)|ENTERING_MANAGED_PKG|Centify
18:23:12.21 (531502924)|ENTERING_MANAGED_PKG|Centify
18:23:12.21 (531571745)|ENTERING_MANAGED_PKG|Centify
18:23:12.21 (531600978)|ENTERING_MANAGED_PKG|Centify
18:23:12.21 (531657211)|ENTERING_MANAGED_PKG|Centify
18:23:12.21 (550799256)|ENTERING_MANAGED_PKG|Centify
18:23:12.21 (564280223)|ENTERING_MANAGED_PKG|Centify
18:23:12.21 (564325301)|ENTERING_MANAGED_PKG|Centify
18:23:12.21 (564393399)|ENTERING_MANAGED_PKG|Centify
18:23:12.21 (564422966)|ENTERING_MANAGED_PKG|Centify
18:23:12.21 (564481380)|ENTERING_MANAGED_PKG|Centify
18:23:12.21 (587509160)|ENTERING_MANAGED_PKG|Centify
18:23:12.21 (603510355)|ENTERING_MANAGED_PKG|Centify
18:23:12.21 (603560224)|ENTERING_MANAGED_PKG|Centify
18:23:12.21 (603632377)|ENTERING_MANAGED_PKG|Centify
18:23:12.21 (603660890)|ENTERING_MANAGED_PKG|Centify
18:23:12.21 (603722631)|ENTERING_MANAGED_PKG|Centify
18:23:12.21 (624507128)|ENTERING_MANAGED_PKG|Centify
18:23:12.21 (639475855)|ENTERING_MANAGED_PKG|Centify
18:23:12.21 (639540454)|ENTERING_MANAGED_PKG|Centify
18:23:12.21 (639648940)|ENTERING_MANAGED_PKG|Centify
18:23:12.21 (639694599)|ENTERING_MANAGED_PKG|Centify
18:23:12.21 (639783766)|ENTERING_MANAGED_PKG|Centify
18:23:12.21 (661542535)|ENTERING_MANAGED_PKG|Centify
18:23:12.21 (674975673)|ENTERING_MANAGED_PKG|Centify
18:23:12.21 (675025481)|ENTERING_MANAGED_PKG|Centify
18:23:12.21 (675094769)|ENTERING_MANAGED_PKG|Centify
18:23:12.21 (675123673)|ENTERING_MANAGED_PKG|Centify
18:23:12.21 (675182754)|ENTERING_MANAGED_PKG|Centify
18:23:12.21 (698674513)|ENTERING_MANAGED_PKG|Centify
18:23:12.21 (698739420)|ENTERING_MANAGED_PKG|Centify
18:23:12.21 (698884679)|ENTERING_MANAGED_PKG|Centify
18:23:12.21 (698925969)|ENTERING_MANAGED_PKG|Centify
18:23:12.21 (698965837)|ENTERING_MANAGED_PKG|Centify
18:23:12.21 (699943513)|ENTERING_MANAGED_PKG|Centify
18:23:12.21 (700020959)|ENTERING_MANAGED_PKG|Centify
18:23:12.21 (701869254)|ENTERING_MANAGED_PKG|Centify
18:23:12.21 (701943209)|ENTERING_MANAGED_PKG|Centify
18:23:12.21 (702028805)|ENTERING_MANAGED_PKG|Centify
18:23:12.21 (702561727)|ENTERING_MANAGED_PKG|Centify
18:23:12.21 (703399254)|SOQL_EXECUTE_BEGIN|[16]|Aggregations:0|select id,lastmodifieddate,isdeleted,audit_completed_date__c,audit_booked_date__c,assign_to__c,name,ownerid,status__c,lastactivitydate,opp_type__c,spinify_is_target__c,spinify_is_auditedthismonth__c from SLXOpportunity__c where LastModifiedDate >2018-09-28T05:53:54Z AND LastModifiedDate < 2018-09-28T08:23:17Z AND (  Spinify_Is_Target__c =true OR  Spinify_Is_AuditedThisMonth__c =true)  ORDER BY SystemModStamp DESC LIMIT 5000  ALL ROWS
18:23:12.21 (711705293)|SOQL_EXECUTE_END|[16]|Rows:0
18:23:12.736 (736696705)|CUMULATIVE_LIMIT_USAGE
18:23:12.736 (736696705)|LIMIT_USAGE_FOR_NS|(default)|
  Number of SOQL queries: 0 out of 200
  Number of query rows: 0 out of 50000
  Number of SOSL queries: 0 out of 20
  Number of DML statements: 0 out of 150
  Number of DML rows: 0 out of 10000
  Maximum CPU time: 0 out of 60000
  Maximum heap size: 0 out of 12000000
  Number of callouts: 0 out of 0
  Number of Email Invocations: 0 out of 10
  Number of future calls: 0 out of 0
  Number of queueable jobs added to the queue: 0 out of 1
  Number of Mobile Apex push calls: 0 out of 10

18:23:12.736 (736696705)|LIMIT_USAGE_FOR_NS|Centify|
  Number of SOQL queries: 0 out of 200
  Number of query rows: 0 out of 50000
  Number of SOSL queries: 0 out of 20
  Number of DML statements: 0 out of 150
  Number of DML rows: 0 out of 10000
  Maximum CPU time: 0 out of 60000
  Maximum heap size: 0 out of 12000000
  Number of callouts: 0 out of 0
  Number of Email Invocations: 0 out of 10
  Number of future calls: 0 out of 0
  Number of queueable jobs added to the queue: 0 out of 1
  Number of Mobile Apex push calls: 0 out of 10

18:23:12.736 (736696705)|CUMULATIVE_LIMIT_USAGE_END

