25.0 APEX_CODE,FINEST;APEX_PROFILING,INFO;CALLOUT,INFO;DB,INFO;NBA,INFO;SYSTEM,DEBUG;VALIDATION,INFO;VISUALFORCE,INFO;WAVE,INFO;WORKFLOW,INFO
18:24:23.0 (87551)|USER_INFO|[EXTERNAL]|00590000000Vmmq|ben@bjbglobal.com.au|Australian Eastern Standard Time|GMT+10:00
18:24:23.0 (126467)|EXECUTION_STARTED
18:24:23.0 (130778)|CODE_UNIT_STARTED|[EXTERNAL]|06690000001n1iJ|VF: /apex/ClientHistoryView
18:24:23.0 (7329696)|SYSTEM_MODE_ENTER|true
18:24:23.0 (7750486)|HEAP_ALLOCATE|[72]|Bytes:3
18:24:23.0 (7785501)|HEAP_ALLOCATE|[77]|Bytes:152
18:24:23.0 (7796888)|HEAP_ALLOCATE|[342]|Bytes:408
18:24:23.0 (7809383)|HEAP_ALLOCATE|[355]|Bytes:408
18:24:23.0 (7821407)|HEAP_ALLOCATE|[467]|Bytes:48
18:24:23.0 (7846204)|HEAP_ALLOCATE|[139]|Bytes:6
18:24:23.0 (7864245)|HEAP_ALLOCATE|[EXTERNAL]|Bytes:22
18:24:23.0 (7869723)|HEAP_ALLOCATE|[EXTERNAL]|Bytes:124
18:24:23.0 (7873450)|HEAP_ALLOCATE|[EXTERNAL]|Bytes:5
18:24:23.0 (7877957)|HEAP_ALLOCATE|[EXTERNAL]|Bytes:163
18:24:23.0 (7887154)|METHOD_ENTRY|[1]|01p90000001romu|ClientHistoryController.ClientHistoryController()
18:24:23.0 (7893814)|STATEMENT_EXECUTE|[1]
18:24:23.0 (7899515)|STATEMENT_EXECUTE|[1]
18:24:23.0 (7930922)|HEAP_ALLOCATE|[50]|Bytes:5
18:24:23.0 (7949819)|HEAP_ALLOCATE|[56]|Bytes:5
18:24:23.0 (7958052)|HEAP_ALLOCATE|[64]|Bytes:7
18:24:23.0 (7981390)|SYSTEM_MODE_ENTER|false
18:24:23.0 (7997031)|HEAP_ALLOCATE|[EXTERNAL]|Bytes:5
18:24:23.0 (8005148)|STATEMENT_EXECUTE|[63]
18:24:23.0 (8009145)|STATEMENT_EXECUTE|[93]
18:24:23.0 (8015583)|SYSTEM_MODE_EXIT|false
18:24:23.0 (8025700)|METHOD_EXIT|[1]|ClientHistoryController
18:24:23.0 (8238477)|HEAP_ALLOCATE|[EXTERNAL]|Bytes:12
18:24:23.0 (8258200)|VARIABLE_SCOPE_BEGIN|[5]|this|ClientHistoryController|true|false
18:24:23.0 (8320054)|VARIABLE_ASSIGNMENT|[5]|this|{}|0x1e5c84e9
18:24:23.0 (8329393)|VARIABLE_SCOPE_BEGIN|[5]|controller|ApexPages.StandardController|true|false
18:24:23.0 (8575660)|VARIABLE_ASSIGNMENT|[5]|controller|"StandardController [null]"|0x682e67c0
18:24:23.0 (8597197)|SYSTEM_MODE_ENTER|false
18:24:23.0 (8606204)|HEAP_ALLOCATE|[6]|Bytes:5
18:24:23.0 (8612152)|STATEMENT_EXECUTE|[1]
18:24:23.0 (8615775)|HEAP_ALLOCATE|[6]|Bytes:5
18:24:23.0 (8619201)|STATEMENT_EXECUTE|[2]
18:24:23.0 (8633885)|STATEMENT_EXECUTE|[3]
18:24:23.0 (8647562)|HEAP_ALLOCATE|[6]|Bytes:6
18:24:23.0 (8685381)|STATEMENT_EXECUTE|[5]
18:24:23.0 (8687649)|STATEMENT_EXECUTE|[6]
18:24:23.0 (14443112)|HEAP_ALLOCATE|[6]|Bytes:12
18:24:23.0 (14477289)|VARIABLE_SCOPE_BEGIN|[6]|acc|Account|true|false
18:24:23.0 (14513706)|VARIABLE_ASSIGNMENT|[6]|acc|{"CurrencyIsoCode":"AUD","Id":"0019000000EEhNvAAL"}|0x246d6eb5
18:24:23.0 (14522082)|STATEMENT_EXECUTE|[9]
18:24:23.0 (14536133)|HEAP_ALLOCATE|[9]|Bytes:134
18:24:23.0 (14558040)|HEAP_ALLOCATE|[9]|Bytes:4
18:24:23.0 (14573296)|HEAP_ALLOCATE|[9]|Bytes:7
18:24:23.0 (17363650)|SOQL_EXECUTE_BEGIN|[9]|Aggregations:0|SELECT name, ID FROM Account_Product__c WHERE (Account__c = :tmpVar1 AND recurring_period__c != NULL AND recurring_period__c != 'N/A')
18:24:23.0 (23918082)|SOQL_EXECUTE_END|[9]|Rows:1
18:24:23.0 (23965558)|HEAP_ALLOCATE|[9]|Bytes:8
18:24:23.0 (23996084)|HEAP_ALLOCATE|[9]|Bytes:137
18:24:23.0 (24084002)|HEAP_ALLOCATE|[9]|Bytes:8
18:24:23.0 (24115145)|VARIABLE_SCOPE_BEGIN|[9]|aps|List<Account_Product__c>|true|false
18:24:23.0 (24176700)|VARIABLE_ASSIGNMENT|[9]|aps|[{"Name":"Social Engage - Simp (20 more) ...","Id":"a076F00000qLJbkQAG","RecordTypeId":"0126F000001zXB3QAM","CurrencyIsoCode":"AUD"}]|0x473cd862
18:24:23.0 (24189396)|STATEMENT_EXECUTE|[11]
18:24:23.0 (24213399)|HEAP_ALLOCATE|[11]|Bytes:4
18:24:23.0 (24306262)|VARIABLE_SCOPE_BEGIN|[11]|phs|List<ClientHistoryController.productHistory>|true|false
18:24:23.0 (24335076)|HEAP_ALLOCATE|[EXTERNAL]|Bytes:4
18:24:23.0 (24348912)|VARIABLE_ASSIGNMENT|[11]|phs|[]|0x80c6382
18:24:23.0 (24599023)|HEAP_ALLOCATE|[13]|Bytes:5
18:24:23.0 (24629841)|HEAP_ALLOCATE|[13]|Bytes:20
18:24:23.0 (24644876)|VARIABLE_SCOPE_BEGIN|[13]|ap|Account_Product__c|true|false
18:24:23.0 (24678553)|VARIABLE_ASSIGNMENT|[13]|ap|{"Name":"Social Engage - Simp (20 more) ...","Id":"a076F00000qLJbkQAG","RecordTypeId":"0126F000001zXB3QAM","CurrencyIsoCode":"AUD"}|0x555a3585
18:24:23.0 (24690665)|STATEMENT_EXECUTE|[13]
18:24:23.0 (24693450)|STATEMENT_EXECUTE|[14]
18:24:23.0 (24707527)|HEAP_ALLOCATE|[14]|Bytes:140
18:24:23.0 (24732673)|HEAP_ALLOCATE|[14]|Bytes:4
18:24:23.0 (26405944)|SOQL_EXECUTE_BEGIN|[14]|Aggregations:0|SELECT Type__c, Start_Date__c, End_Date__c FROM Client_History__c WHERE Account_Product__c = :tmpVar1 ORDER BY Start_Date__c ASC NULLS FIRST
18:24:23.0 (32636011)|SOQL_EXECUTE_END|[14]|Rows:1
18:24:23.0 (32678350)|HEAP_ALLOCATE|[14]|Bytes:8
18:24:23.0 (32703707)|HEAP_ALLOCATE|[14]|Bytes:106
18:24:23.0 (32793331)|HEAP_ALLOCATE|[14]|Bytes:8
18:24:23.0 (32816629)|VARIABLE_SCOPE_BEGIN|[14]|chs|List<Client_History__c>|true|false
18:24:23.0 (32886036)|VARIABLE_ASSIGNMENT|[14]|chs|[{"Type__c":"Pending Linking","Start_Date__c":"2018-09-28T00:00:00.000Z","Id":"a1E6F000006iPL9UAM","CurrencyIsoCode":"AUD"}]|0x22e94719
18:24:23.0 (32895463)|STATEMENT_EXECUTE|[15]
18:24:23.0 (33244694)|HEAP_ALLOCATE|[15]|Bytes:4
18:24:23.0 (33328234)|VARIABLE_SCOPE_BEGIN|[15]|histories|List<ClientHistoryController.history>|true|false
18:24:23.0 (33352019)|HEAP_ALLOCATE|[EXTERNAL]|Bytes:4
18:24:23.0 (33364221)|VARIABLE_ASSIGNMENT|[15]|histories|[]|0xb0eb22a
18:24:23.0 (33371509)|STATEMENT_EXECUTE|[17]
18:24:23.0 (33384268)|VARIABLE_SCOPE_BEGIN|[17]|i|Integer|false|false
18:24:23.0 (33392599)|HEAP_ALLOCATE|[17]|Bytes:4
18:24:23.0 (33401755)|VARIABLE_ASSIGNMENT|[17]|i|0
18:24:23.0 (33461523)|STATEMENT_EXECUTE|[17]
18:24:23.0 (33464230)|STATEMENT_EXECUTE|[18]
18:24:23.0 (33552532)|HEAP_ALLOCATE|[18]|Bytes:168
18:24:23.0 (33563061)|HEAP_ALLOCATE|[18]|Bytes:23
18:24:23.0 (33581748)|HEAP_ALLOCATE|[18]|Bytes:24
18:24:23.0 (33599398)|CONSTRUCTOR_ENTRY|[18]|01p90000001romu|<init>()|ClientHistoryController.history
18:24:23.0 (33628254)|VARIABLE_SCOPE_BEGIN|[63]|this|ClientHistoryController.history|true|false
18:24:23.0 (33675342)|VARIABLE_ASSIGNMENT|[63]|this|{}|0x461f7da9
18:24:23.0 (33699331)|STATEMENT_EXECUTE|[63]
18:24:23.0 (33701553)|STATEMENT_EXECUTE|[64]
18:24:23.0 (33709267)|STATEMENT_EXECUTE|[65]
18:24:23.0 (33713095)|STATEMENT_EXECUTE|[66]
18:24:23.0 (33716473)|STATEMENT_EXECUTE|[67]
18:24:23.0 (33720145)|STATEMENT_EXECUTE|[75]
18:24:23.0 (33726267)|CONSTRUCTOR_EXIT|[18]|01p90000001romu|<init>()|ClientHistoryController.history
18:24:23.0 (33734155)|VARIABLE_SCOPE_BEGIN|[18]|h|ClientHistoryController.history|true|false
18:24:23.0 (33753020)|VARIABLE_ASSIGNMENT|[18]|h|{}|0x461f7da9
18:24:23.0 (33759133)|STATEMENT_EXECUTE|[19]
18:24:23.0 (33780857)|HEAP_ALLOCATE|[19]|Bytes:20
18:24:23.0 (33878258)|VARIABLE_ASSIGNMENT|[EXTERNAL]|this|{}|0x461f7da9
18:24:23.0 (33892903)|VARIABLE_ASSIGNMENT|[EXTERNAL]|value|"Pending Linking"
18:24:23.0 (33919737)|VARIABLE_ASSIGNMENT|[67]|this.label|"Pending Linking"|0x461f7da9
18:24:23.0 (33972577)|VARIABLE_ASSIGNMENT|[EXTERNAL]|this|{"label":"Pending Linking"}|0x461f7da9
18:24:23.0 (33991668)|HEAP_ALLOCATE|[20]|Bytes:6
18:24:23.0 (34047456)|VARIABLE_ASSIGNMENT|[EXTERNAL]|this|{"label":"Pending Linking"}|0x461f7da9
18:24:23.0 (34061610)|HEAP_ALLOCATE|[22]|Bytes:6
18:24:23.0 (34093673)|VARIABLE_ASSIGNMENT|[EXTERNAL]|this|{"label":"Pending Linking"}|0x461f7da9
18:24:23.0 (34105500)|HEAP_ALLOCATE|[24]|Bytes:9
18:24:23.0 (34134314)|VARIABLE_ASSIGNMENT|[EXTERNAL]|this|{"label":"Pending Linking"}|0x461f7da9
18:24:23.0 (34145547)|HEAP_ALLOCATE|[26]|Bytes:5
18:24:23.0 (34189708)|VARIABLE_ASSIGNMENT|[EXTERNAL]|this|{"label":"Pending Linking"}|0x461f7da9
18:24:23.0 (34210150)|HEAP_ALLOCATE|[28]|Bytes:9
18:24:23.0 (34228263)|STATEMENT_EXECUTE|[30]
18:24:23.0 (34230677)|STATEMENT_EXECUTE|[31]
18:24:23.0 (34239681)|HEAP_ALLOCATE|[31]|Bytes:9
18:24:23.0 (34357914)|VARIABLE_ASSIGNMENT|[EXTERNAL]|this|{"label":"Pending Linking"}|0x461f7da9
18:24:23.0 (34377345)|VARIABLE_ASSIGNMENT|[EXTERNAL]|value|"ganttBlue"
18:24:23.0 (34389615)|VARIABLE_ASSIGNMENT|[75]|this.customClass|"ganttBlue"|0x461f7da9
18:24:23.0 (34400612)|STATEMENT_EXECUTE|[33]
18:24:23.0 (34417897)|HEAP_ALLOCATE|[33]|Bytes:20
18:24:23.0 (34498509)|HEAP_ALLOCATE|[33]|Bytes:20
18:24:23.0 (34527336)|HEAP_ALLOCATE|[33]|Bytes:20
18:24:23.0 (34562369)|HEAP_ALLOCATE|[33]|Bytes:56
18:24:23.0 (34579674)|VARIABLE_SCOPE_BEGIN|[33]|startdate|Datetime|false|false
18:24:23.0 (34607166)|VARIABLE_ASSIGNMENT|[33]|startdate|"2018-09-28T00:00:00.000Z"
18:24:23.0 (34613141)|STATEMENT_EXECUTE|[34]
18:24:23.0 (34670703)|HEAP_ALLOCATE|[74]|Bytes:4
18:24:23.0 (34694894)|HEAP_ALLOCATE|[34]|Bytes:12
18:24:23.0 (34724833)|HEAP_ALLOCATE|[34]|Bytes:13
18:24:23.0 (34755004)|METHOD_ENTRY|[34]|01p90000001romu|ClientHistoryController.history.setFromDate(String)
18:24:23.0 (34764307)|VARIABLE_SCOPE_BEGIN|[81]|this|ClientHistoryController.history|true|false
18:24:23.0 (34790416)|VARIABLE_ASSIGNMENT|[81]|this|{"customClass":"ganttBlue","label":"Pending Linking"}|0x461f7da9
18:24:23.0 (34797815)|VARIABLE_SCOPE_BEGIN|[81]|val|String|false|false
18:24:23.0 (34806532)|VARIABLE_ASSIGNMENT|[81]|val|"1538092800000"
18:24:23.0 (34813409)|STATEMENT_EXECUTE|[82]
18:24:23.0 (34815418)|STATEMENT_EXECUTE|[83]
18:24:23.0 (34832208)|METHOD_ENTRY|[83]|01p90000001romu|ClientHistoryController.history.setDate(String)
18:24:23.0 (34867314)|VARIABLE_SCOPE_BEGIN|[87]|this|ClientHistoryController.history|true|false
18:24:23.0 (34891142)|VARIABLE_ASSIGNMENT|[87]|this|{"customClass":"ganttBlue","label":"Pending Linking"}|0x461f7da9
18:24:23.0 (34902933)|VARIABLE_SCOPE_BEGIN|[87]|val|String|false|false
18:24:23.0 (34911549)|VARIABLE_ASSIGNMENT|[87]|val|"1538092800000"
18:24:23.0 (34917343)|STATEMENT_EXECUTE|[88]
18:24:23.0 (34919278)|STATEMENT_EXECUTE|[89]
18:24:23.0 (34926774)|HEAP_ALLOCATE|[89]|Bytes:6
18:24:23.0 (34931686)|HEAP_ALLOCATE|[89]|Bytes:2
18:24:23.0 (34943316)|HEAP_ALLOCATE|[89]|Bytes:21
18:24:23.0 (34950955)|METHOD_EXIT|[83]|01p90000001romu|ClientHistoryController.history.setDate(String)
18:24:23.0 (34982536)|VARIABLE_ASSIGNMENT|[EXTERNAL]|this|{"customClass":"ganttBlue","label":"Pending Linking"}|0x461f7da9
18:24:23.0 (34996194)|VARIABLE_ASSIGNMENT|[EXTERNAL]|value|"/Date(1538092800000) (1 more) ..."
18:24:23.0 (35007830)|VARIABLE_ASSIGNMENT|[64]|this.from_c|"/Date(1538092800000) (1 more) ..."|0x461f7da9
18:24:23.0 (35018539)|METHOD_EXIT|[34]|01p90000001romu|ClientHistoryController.history.setFromDate(String)
18:24:23.0 (35031316)|HEAP_ALLOCATE|[35]|Bytes:20
18:24:23.0 (35040307)|STATEMENT_EXECUTE|[35]
18:24:23.0 (35042301)|STATEMENT_EXECUTE|[36]
18:24:23.0 (35079802)|HEAP_ALLOCATE|[36]|Bytes:56
18:24:23.0 (35098243)|HEAP_ALLOCATE|[36]|Bytes:12
18:24:23.0 (35113477)|HEAP_ALLOCATE|[36]|Bytes:13
18:24:23.0 (35129656)|METHOD_ENTRY|[36]|01p90000001romu|ClientHistoryController.history.setToDate(String)
18:24:23.0 (35137450)|VARIABLE_SCOPE_BEGIN|[77]|this|ClientHistoryController.history|true|false
18:24:23.0 (35163871)|VARIABLE_ASSIGNMENT|[77]|this|{"customClass":"ganttBlue","from_c":"/Date(1538092800000) (1 more) ...","label":"Pending Linking"}|0x461f7da9
18:24:23.0 (35171451)|VARIABLE_SCOPE_BEGIN|[77]|val|String|false|false
18:24:23.0 (35179475)|VARIABLE_ASSIGNMENT|[77]|val|"1538123063918"
18:24:23.0 (35185279)|STATEMENT_EXECUTE|[78]
18:24:23.0 (35187226)|STATEMENT_EXECUTE|[79]
18:24:23.0 (35198430)|METHOD_ENTRY|[79]|01p90000001romu|ClientHistoryController.history.setDate(String)
18:24:23.0 (35210961)|VARIABLE_SCOPE_BEGIN|[87]|this|ClientHistoryController.history|true|false
18:24:23.0 (35234009)|VARIABLE_ASSIGNMENT|[87]|this|{"customClass":"ganttBlue","from_c":"/Date(1538092800000) (1 more) ...","label":"Pending Linking"}|0x461f7da9
18:24:23.0 (35240030)|VARIABLE_SCOPE_BEGIN|[87]|val|String|false|false
18:24:23.0 (35247989)|VARIABLE_ASSIGNMENT|[87]|val|"1538123063918"
18:24:23.0 (35253009)|STATEMENT_EXECUTE|[88]
18:24:23.0 (35254693)|STATEMENT_EXECUTE|[89]
18:24:23.0 (35264276)|HEAP_ALLOCATE|[89]|Bytes:21
18:24:23.0 (35270477)|METHOD_EXIT|[79]|01p90000001romu|ClientHistoryController.history.setDate(String)
18:24:23.0 (35302190)|VARIABLE_ASSIGNMENT|[EXTERNAL]|this|{"customClass":"ganttBlue","from_c":"/Date(1538092800000) (1 more) ...","label":"Pending Linking"}|0x461f7da9
18:24:23.0 (35314556)|VARIABLE_ASSIGNMENT|[EXTERNAL]|value|"/Date(1538123063918) (1 more) ..."
18:24:23.0 (35325246)|VARIABLE_ASSIGNMENT|[65]|this.to|"/Date(1538123063918) (1 more) ..."|0x461f7da9
18:24:23.0 (35335367)|METHOD_EXIT|[36]|01p90000001romu|ClientHistoryController.history.setToDate(String)
18:24:23.0 (35340332)|STATEMENT_EXECUTE|[37]
18:24:23.0 (35353135)|HEAP_ALLOCATE|[37]|Bytes:20
18:24:23.0 (35468971)|HEAP_ALLOCATE|[37]|Bytes:10
18:24:23.0 (35484438)|HEAP_ALLOCATE|[37]|Bytes:11
18:24:23.0 (35497160)|HEAP_ALLOCATE|[37]|Bytes:21
18:24:23.0 (35537094)|VARIABLE_ASSIGNMENT|[EXTERNAL]|this|{"customClass":"ganttBlue","from_c":"/Date(1538092800000) (1 more) ...","label":"Pending Linking","to":"/Date(1538123063918) (1 more) ..."}|0x461f7da9
18:24:23.0 (35550795)|VARIABLE_ASSIGNMENT|[EXTERNAL]|value|"28/09/2018 continuin (1 more) ..."
18:24:23.0 (35562116)|VARIABLE_ASSIGNMENT|[66]|this.desc_c|"28/09/2018 continuin (1 more) ..."|0x461f7da9
18:24:23.0 (35572012)|STATEMENT_EXECUTE|[43]
18:24:23.0 (35615216)|HEAP_ALLOCATE|[EXTERNAL]|Bytes:4
18:24:23.0 (35627737)|HEAP_ALLOCATE|[17]|Bytes:4
18:24:23.0 (35637305)|VARIABLE_ASSIGNMENT|[17]|i|1
18:24:23.0 (35653064)|STATEMENT_EXECUTE|[46]
18:24:23.0 (35707177)|HEAP_ALLOCATE|[46]|Bytes:108
18:24:23.0 (35714965)|HEAP_ALLOCATE|[46]|Bytes:5
18:24:23.0 (35729236)|HEAP_ALLOCATE|[46]|Bytes:12
18:24:23.0 (35744207)|CONSTRUCTOR_ENTRY|[46]|01p90000001romu|<init>()|ClientHistoryController.productHistory
18:24:23.0 (35766496)|VARIABLE_SCOPE_BEGIN|[93]|this|ClientHistoryController.productHistory|true|false
18:24:23.0 (35792639)|VARIABLE_ASSIGNMENT|[93]|this|{}|0x641d99f8
18:24:23.0 (35812505)|STATEMENT_EXECUTE|[93]
18:24:23.0 (35814702)|STATEMENT_EXECUTE|[94]
18:24:23.0 (35821659)|STATEMENT_EXECUTE|[95]
18:24:23.0 (35828000)|CONSTRUCTOR_EXIT|[46]|01p90000001romu|<init>()|ClientHistoryController.productHistory
18:24:23.0 (35835233)|VARIABLE_SCOPE_BEGIN|[46]|ph|ClientHistoryController.productHistory|true|false
18:24:23.0 (35851679)|VARIABLE_ASSIGNMENT|[46]|ph|{}|0x641d99f8
18:24:23.0 (35857231)|STATEMENT_EXECUTE|[47]
18:24:23.0 (35937459)|VARIABLE_ASSIGNMENT|[EXTERNAL]|this|{}|0x641d99f8
18:24:23.0 (35952821)|VARIABLE_ASSIGNMENT|[EXTERNAL]|value|"Social Engage - Simp (20 more) ..."
18:24:23.0 (35966925)|VARIABLE_ASSIGNMENT|[94]|this.name|"Social Engage - Simp (20 more) ..."|0x641d99f8
18:24:23.0 (35979020)|STATEMENT_EXECUTE|[48]
18:24:23.0 (36035050)|VARIABLE_ASSIGNMENT|[EXTERNAL]|this|{"name":"Social Engage - Simp (20 more) ..."}|0x641d99f8
18:24:23.0 (36068197)|VARIABLE_ASSIGNMENT|[EXTERNAL]|value|[{"customClass":"ganttBlue","desc_c":"28/09/2018 continuin (1 more) ...","from_c":"/Date(1538092800000) (1 more) ...","label":"Pending Linking","to":"/Date(1538123063918) (1 more) ..."}]|0xb0eb22a
18:24:23.0 (36096270)|VARIABLE_ASSIGNMENT|[95]|this.values|[{"customClass":"ganttBlue","desc_c":"28/09/2018 continuin (1 more) ...","from_c":"/Date(1538092800000) (1 more) ...","label":"Pending Linking","to":"/Date(1538123063918) (1 more) ..."}]|0x641d99f8
18:24:23.0 (36108305)|STATEMENT_EXECUTE|[50]
18:24:23.0 (36145277)|HEAP_ALLOCATE|[EXTERNAL]|Bytes:4
18:24:23.0 (36167940)|HEAP_ALLOCATE|[13]|Bytes:5
18:24:23.0 (36184491)|VARIABLE_ASSIGNMENT|[13]|ap|null|
18:24:23.0 (36189875)|STATEMENT_EXECUTE|[55]
18:24:23.0 (36246774)|HEAP_ALLOCATE|[55]|Bytes:24
18:24:23.0 (36260660)|SYSTEM_METHOD_ENTRY|[1]|JSON.JSON()
18:24:23.0 (36265017)|STATEMENT_EXECUTE|[1]
18:24:23.0 (36272156)|SYSTEM_METHOD_EXIT|[1]|JSON
18:24:23.0 (36289793)|METHOD_ENTRY|[55]||System.JSON.serialize(Object)
18:24:23.0 (36880641)|METHOD_EXIT|[55]||System.JSON.serialize(Object)
18:24:23.0 (36891541)|HEAP_ALLOCATE|[55]|Bytes:6
18:24:23.0 (36902463)|HEAP_ALLOCATE|[55]|Bytes:4
18:24:23.0 (36940049)|HEAP_ALLOCATE|[55]|Bytes:211
18:24:23.0 (36952002)|HEAP_ALLOCATE|[55]|Bytes:6
18:24:23.0 (36956551)|HEAP_ALLOCATE|[55]|Bytes:4
18:24:23.0 (36975136)|HEAP_ALLOCATE|[55]|Bytes:209
18:24:23.0 (37011943)|VARIABLE_ASSIGNMENT|[EXTERNAL]|this|{}|0x1e5c84e9
18:24:23.0 (37028413)|VARIABLE_ASSIGNMENT|[EXTERNAL]|value|"[{\"values\":[{\"to\":\"/ (189 more) ..."
18:24:23.0 (37041345)|VARIABLE_ASSIGNMENT|[3]|this.productHistoryJson|"[{\"values\":[{\"to\":\"/ (189 more) ..."|0x1e5c84e9
18:24:23.0 (37054905)|SYSTEM_MODE_EXIT|false
18:24:23.0 (43944915)|SYSTEM_MODE_ENTER|true
18:24:23.48 (48440576)|CUMULATIVE_LIMIT_USAGE
18:24:23.48 (48440576)|LIMIT_USAGE_FOR_NS|(default)|
  Number of SOQL queries: 2 out of 100
  Number of query rows: 2 out of 50000
  Number of SOSL queries: 0 out of 20
  Number of DML statements: 0 out of 150
  Number of DML rows: 0 out of 10000
  Maximum CPU time: 0 out of 10000
  Maximum heap size: 0 out of 6000000
  Number of callouts: 0 out of 100
  Number of Email Invocations: 0 out of 10
  Number of future calls: 0 out of 50
  Number of queueable jobs added to the queue: 0 out of 50
  Number of Mobile Apex push calls: 0 out of 10

18:24:23.48 (48440576)|CUMULATIVE_LIMIT_USAGE_END

18:24:23.0 (48488171)|CODE_UNIT_FINISHED|VF: /apex/ClientHistoryView
18:24:23.0 (49485281)|EXECUTION_FINISHED
