37.0 APEX_CODE,FINEST;APEX_PROFILING,INFO;CALLOUT,INFO;DB,INFO;NBA,INFO;SYSTEM,DEBUG;VALIDATION,INFO;VISUALFORCE,INFO;WAVE,INFO;WORKFLOW,INFO
11:43:40.0 (99136)|USER_INFO|[EXTERNAL]|00590000000Vmmq|ben@bjbglobal.com.au|Australian Eastern Standard Time|GMT+10:00
11:43:40.0 (143091)|EXECUTION_STARTED
11:43:40.0 (149763)|CODE_UNIT_STARTED|[EXTERNAL]|0666F000007GVD0|VF: /apex/SeoGeoCompare
11:43:40.0 (1971111)|VF_DESERIALIZE_VIEWSTATE_BEGIN|0666F000007GVD0
11:43:40.0 (10126774)|HEAP_ALLOCATE|[72]|Bytes:3
11:43:40.0 (10170307)|HEAP_ALLOCATE|[77]|Bytes:152
11:43:40.0 (10187477)|HEAP_ALLOCATE|[342]|Bytes:408
11:43:40.0 (10207734)|HEAP_ALLOCATE|[355]|Bytes:408
11:43:40.0 (10226920)|HEAP_ALLOCATE|[467]|Bytes:48
11:43:40.0 (10259232)|HEAP_ALLOCATE|[139]|Bytes:6
11:43:40.0 (10289150)|HEAP_ALLOCATE|[50]|Bytes:5
11:43:40.0 (10310654)|HEAP_ALLOCATE|[56]|Bytes:5
11:43:40.0 (10323629)|HEAP_ALLOCATE|[64]|Bytes:7
11:43:40.0 (16381173)|VF_DESERIALIZE_VIEWSTATE_END
11:43:40.0 (19236603)|SYSTEM_MODE_ENTER|true
11:43:40.0 (19280858)|HEAP_ALLOCATE|[EXTERNAL]|Bytes:196
11:43:40.0 (19292922)|HEAP_ALLOCATE|[EXTERNAL]|Bytes:30
11:43:40.0 (19309534)|METHOD_ENTRY|[1]|01p6F000009rEEx|SeoGeoController.SeoGeoController()
11:43:40.0 (19317155)|STATEMENT_EXECUTE|[1]
11:43:40.0 (19322840)|STATEMENT_EXECUTE|[1]
11:43:40.0 (19330371)|SYSTEM_MODE_ENTER|false
11:43:40.0 (19342775)|HEAP_ALLOCATE|[EXTERNAL]|Bytes:5
11:43:40.0 (19352483)|SYSTEM_MODE_EXIT|false
11:43:40.0 (19362448)|METHOD_EXIT|[1]|SeoGeoController
11:43:40.0 (19969876)|HEAP_ALLOCATE|[EXTERNAL]|Bytes:24
11:43:40.0 (19988631)|VARIABLE_SCOPE_BEGIN|[59]|this|SeoGeoController|true|false
11:43:40.0 (20077576)|VARIABLE_ASSIGNMENT|[59]|this|{"allGeo":"0x31c9f096","device":"desktop","refreshRequired":true,"selectedGeo":"0x6578789","seoWebsite":"0x5ae893e7"}|0x426eb8ee
11:43:40.0 (20097499)|SYSTEM_MODE_ENTER|false
11:43:40.0 (20104801)|HEAP_ALLOCATE|[65]|Bytes:5
11:43:40.0 (20110459)|STATEMENT_EXECUTE|[59]
11:43:40.0 (20112974)|STATEMENT_EXECUTE|[65]
11:43:40.0 (20129049)|SYSTEM_MODE_EXIT|false
11:43:40.0 (29661615)|SYSTEM_MODE_ENTER|true
11:43:40.30 (30204874)|SYSTEM_MODE_ENTER|true
11:43:40.30 (30321692)|HEAP_ALLOCATE|[EXTERNAL]|Bytes:38
11:43:40.30 (30338301)|HEAP_ALLOCATE|[EXTERNAL]|Bytes:7
11:43:40.30 (30621910)|SYSTEM_MODE_ENTER|true
11:43:40.30 (30676687)|HEAP_ALLOCATE|[EXTERNAL]|Bytes:8
11:43:40.30 (30688893)|VARIABLE_SCOPE_BEGIN|[2]|this|ApexPage.PageMessagesComponentController|true|false
11:43:40.30 (30743740)|VARIABLE_ASSIGNMENT|[2]|this|{}|0x7b788f27
11:43:40.0 (31905419)|SYSTEM_MODE_ENTER|true
11:43:40.0 (32029436)|SYSTEM_MODE_ENTER|true
11:43:40.0 (32089791)|HEAP_ALLOCATE|[EXTERNAL]|Bytes:164
11:43:40.0 (32102970)|HEAP_ALLOCATE|[EXTERNAL]|Bytes:12
11:43:40.0 (32118230)|METHOD_ENTRY|[5]|01p6F000009rEEv|MultiselectController.MultiselectController()
11:43:40.0 (32127991)|STATEMENT_EXECUTE|[5]
11:43:40.0 (32133361)|STATEMENT_EXECUTE|[5]
11:43:40.0 (32141111)|SYSTEM_MODE_ENTER|false
11:43:40.0 (32150823)|HEAP_ALLOCATE|[EXTERNAL]|Bytes:5
11:43:40.0 (32160330)|SYSTEM_MODE_EXIT|false
11:43:40.0 (32172756)|METHOD_EXIT|[5]|MultiselectController
11:43:40.0 (32191527)|HEAP_ALLOCATE|[EXTERNAL]|Bytes:232
11:43:40.0 (32202190)|HEAP_ALLOCATE|[EXTERNAL]|Bytes:20
11:43:40.0 (32231797)|VARIABLE_ASSIGNMENT|[EXTERNAL]|this.leftOptions|"List of size 57 too large to display"|0x474921b9
11:43:40.0 (32336271)|SYSTEM_MODE_ENTER|true
11:43:40.0 (32423380)|SYSTEM_MODE_ENTER|true
11:43:40.0 (32461812)|HEAP_ALLOCATE|[EXTERNAL]|Bytes:4
11:43:40.0 (32470730)|HEAP_ALLOCATE|[EXTERNAL]|Bytes:20
11:43:40.0 (32486927)|VARIABLE_ASSIGNMENT|[EXTERNAL]|this.rightOptions|[]|0x474921b9
11:43:40.0 (33485702)|SYSTEM_MODE_ENTER|true
11:43:40.0 (34246568)|SYSTEM_MODE_ENTER|true
11:43:40.0 (34696274)|SYSTEM_MODE_ENTER|true
11:43:40.0 (37309096)|SYSTEM_MODE_ENTER|true
11:43:40.0 (37384671)|HEAP_ALLOCATE|[EXTERNAL]|Bytes:24
11:43:40.0 (37400313)|VARIABLE_SCOPE_BEGIN|[76]|this|SeoGeoController|true|false
11:43:40.0 (37458815)|VARIABLE_ASSIGNMENT|[76]|this|{"allGeo":"0x31c9f096","device":"desktop","refreshRequired":true,"selectedGeo":"0x6578789","seoWebsite":"0x5ae893e7"}|0x426eb8ee
11:43:40.0 (37475078)|SYSTEM_MODE_ENTER|false
11:43:40.0 (37482635)|HEAP_ALLOCATE|[77]|Bytes:5
11:43:40.0 (37489792)|STATEMENT_EXECUTE|[76]
11:43:40.0 (37492163)|STATEMENT_EXECUTE|[77]
11:43:40.0 (37509239)|VARIABLE_SCOPE_BEGIN|[77]|geoTable|String|false|false
11:43:40.0 (37519625)|VARIABLE_ASSIGNMENT|[77]|geoTable|null
11:43:40.0 (37524156)|STATEMENT_EXECUTE|[80]
11:43:40.0 (37557215)|METHOD_ENTRY|[80]|01p6F000009rEEx|SeoGeoController.getGeoURL()
11:43:40.0 (37576900)|VARIABLE_SCOPE_BEGIN|[97]|this|SeoGeoController|true|false
11:43:40.0 (37603438)|VARIABLE_ASSIGNMENT|[97]|this|{"allGeo":"0x31c9f096","device":"desktop","refreshRequired":true,"selectedGeo":"0x6578789","seoWebsite":"0x5ae893e7"}|0x426eb8ee
11:43:40.0 (37615450)|HEAP_ALLOCATE|[99]|Bytes:5
11:43:40.0 (37621044)|STATEMENT_EXECUTE|[97]
11:43:40.0 (37622930)|STATEMENT_EXECUTE|[99]
11:43:40.0 (37629646)|HEAP_ALLOCATE|[99]|Bytes:56
11:43:40.0 (37673090)|VARIABLE_ASSIGNMENT|[EXTERNAL]|this|{"allGeo":"0x31c9f096","device":"desktop","refreshRequired":true,"selectedGeo":"0x6578789","seoWebsite":"0x5ae893e7"}|0x426eb8ee
11:43:40.0 (37729541)|HEAP_ALLOCATE|[99]|Bytes:18
11:43:40.0 (37736348)|HEAP_ALLOCATE|[99]|Bytes:5
11:43:40.0 (37777399)|HEAP_ALLOCATE|[99]|Bytes:15
11:43:40.0 (37792335)|SYSTEM_METHOD_ENTRY|[1]|EncodingUtil.EncodingUtil()
11:43:40.0 (37796479)|STATEMENT_EXECUTE|[1]
11:43:40.0 (37803556)|SYSTEM_METHOD_EXIT|[1]|EncodingUtil
11:43:40.0 (37816654)|METHOD_ENTRY|[99]||System.EncodingUtil.urlEncode(String, String)
11:43:40.0 (37871202)|METHOD_EXIT|[99]||System.EncodingUtil.urlEncode(String, String)
11:43:40.0 (37884213)|HEAP_ALLOCATE|[99]|Bytes:74
11:43:40.0 (37890063)|VARIABLE_SCOPE_BEGIN|[99]|consolePath|String|false|false
11:43:40.0 (37904034)|VARIABLE_ASSIGNMENT|[99]|consolePath|"/?c=seo&action=keywo (54 more) ..."
11:43:40.0 (37946917)|VARIABLE_ASSIGNMENT|[EXTERNAL]|this|{"allGeo":"0x31c9f096","device":"desktop","refreshRequired":true,"selectedGeo":"0x6578789","seoWebsite":"0x5ae893e7"}|0x426eb8ee
11:43:40.0 (37996853)|HEAP_ALLOCATE|[101]|Bytes:5
11:43:40.0 (38015287)|VARIABLE_ASSIGNMENT|[101]|so|null|
11:43:40.0 (38021865)|STATEMENT_EXECUTE|[101]
11:43:40.0 (38062877)|VARIABLE_ASSIGNMENT|[EXTERNAL]|this|{"allGeo":"0x31c9f096","device":"desktop","refreshRequired":true,"selectedGeo":"0x6578789","seoWebsite":"0x5ae893e7"}|0x426eb8ee
11:43:40.0 (38096436)|STATEMENT_EXECUTE|[105]
11:43:40.0 (38098600)|STATEMENT_EXECUTE|[106]
11:43:40.0 (38105514)|HEAP_ALLOCATE|[106]|Bytes:13
11:43:40.0 (38137344)|VARIABLE_ASSIGNMENT|[EXTERNAL]|this|{"allGeo":"0x31c9f096","device":"desktop","refreshRequired":true,"selectedGeo":"0x6578789","seoWebsite":"0x5ae893e7"}|0x426eb8ee
11:43:40.0 (38167346)|METHOD_ENTRY|[106]||System.EncodingUtil.urlEncode(String, String)
11:43:40.0 (38197221)|METHOD_EXIT|[106]||System.EncodingUtil.urlEncode(String, String)
11:43:40.0 (38204341)|HEAP_ALLOCATE|[106]|Bytes:49
11:43:40.0 (38228103)|HEAP_ALLOCATE|[106]|Bytes:123
11:43:40.0 (38239245)|VARIABLE_ASSIGNMENT|[106]|consolePath|"/?c=seo&action=keywo (103 more) ..."
11:43:40.0 (38282935)|VARIABLE_ASSIGNMENT|[EXTERNAL]|this|{"allGeo":"0x31c9f096","device":"desktop","refreshRequired":true,"selectedGeo":"0x6578789","seoWebsite":"0x5ae893e7"}|0x426eb8ee
11:43:40.0 (38309676)|HEAP_ALLOCATE|[109]|Bytes:6
11:43:40.0 (38335107)|STATEMENT_EXECUTE|[109]
11:43:40.0 (38341620)|STATEMENT_EXECUTE|[113]
11:43:40.0 (38352467)|METHOD_ENTRY|[113]|01p6F000009rEEx|SeoGeoController.getKeywordIdQueryString()
11:43:40.0 (38370024)|VARIABLE_SCOPE_BEGIN|[43]|this|SeoGeoController|true|false
11:43:40.0 (38396463)|VARIABLE_ASSIGNMENT|[43]|this|{"allGeo":"0x31c9f096","device":"desktop","refreshRequired":true,"selectedGeo":"0x6578789","seoWebsite":"0x5ae893e7"}|0x426eb8ee
11:43:40.0 (38409768)|HEAP_ALLOCATE|[44]|Bytes:5
11:43:40.0 (38414322)|STATEMENT_EXECUTE|[43]
11:43:40.0 (38416082)|STATEMENT_EXECUTE|[44]
11:43:40.0 (38422856)|VARIABLE_SCOPE_BEGIN|[44]|keywordQueryString|String|false|false
11:43:40.0 (38433062)|VARIABLE_ASSIGNMENT|[44]|keywordQueryString|""
11:43:40.0 (38437430)|STATEMENT_EXECUTE|[47]
11:43:40.0 (38442192)|HEAP_ALLOCATE|[47]|Bytes:109
11:43:40.0 (38459229)|HEAP_ALLOCATE|[47]|Bytes:4
11:43:40.0 (38468357)|HEAP_ALLOCATE|[47]|Bytes:7
11:43:40.0 (38544540)|HEAP_ALLOCATE|[47]|Bytes:359
11:43:40.0 (38586600)|HEAP_ALLOCATE|[47]|Bytes:336
11:43:40.0 (38605901)|HEAP_ALLOCATE|[47]|Bytes:2
11:43:40.0 (39165927)|SOQL_EXECUTE_BEGIN|[47]|Aggregations:0|SELECT Id FROM seoThemeKeywords__c WHERE seoWebsites__c = :tmpVar1 ORDER BY Google_Current__c ASC NULLS FIRST
11:43:40.0 (43828224)|SOQL_EXECUTE_END|[47]|Rows:30
11:43:40.0 (43876224)|HEAP_ALLOCATE|[47]|Bytes:124
11:43:40.0 (43932721)|HEAP_ALLOCATE|[47]|Bytes:1650
11:43:40.0 (44049522)|HEAP_ALLOCATE|[47]|Bytes:124
11:43:40.0 (44079547)|VARIABLE_SCOPE_BEGIN|[47]|seoKeywords|List<seoThemeKeywords__c>|true|false
11:43:40.0 (44128082)|VARIABLE_ASSIGNMENT|[47]|seoKeywords|"List of size 30 too large to display"|0x486f4883
11:43:40.0 (44252519)|STATEMENT_EXECUTE|[49]
11:43:40.0 (44437999)|HEAP_ALLOCATE|[50]|Bytes:5
11:43:40.0 (44470339)|HEAP_ALLOCATE|[50]|Bytes:12
11:43:40.0 (44484790)|VARIABLE_SCOPE_BEGIN|[50]|seoKeyword|seoThemeKeywords__c|true|false
11:43:40.0 (44537640)|VARIABLE_ASSIGNMENT|[50]|seoKeyword|{"Id":"a1D6F000003TvPBUA0","CurrencyIsoCode":"AUD"}|0x304e822e
11:43:40.0 (44549396)|STATEMENT_EXECUTE|[50]
11:43:40.0 (44552161)|STATEMENT_EXECUTE|[51]
11:43:40.0 (44568179)|HEAP_ALLOCATE|[51]|Bytes:5
11:43:40.0 (44618043)|HEAP_ALLOCATE|[51]|Bytes:18
11:43:40.0 (44640568)|METHOD_ENTRY|[51]||System.EncodingUtil.urlEncode(String, String)
11:43:40.0 (44707381)|METHOD_EXIT|[51]||System.EncodingUtil.urlEncode(String, String)
11:43:40.0 (44720523)|HEAP_ALLOCATE|[51]|Bytes:23
11:43:40.0 (44728979)|HEAP_ALLOCATE|[51]|Bytes:23
11:43:40.0 (44745286)|VARIABLE_ASSIGNMENT|[51]|keywordQueryString|"&k[]=a1D6F000003TvPB (3 more) ..."
11:43:40.0 (44764397)|HEAP_ALLOCATE|[50]|Bytes:5
11:43:40.0 (44781294)|HEAP_ALLOCATE|[50]|Bytes:12
11:43:40.0 (44790755)|VARIABLE_SCOPE_BEGIN|[50]|seoKeyword|seoThemeKeywords__c|true|false
11:43:40.0 (44812447)|VARIABLE_ASSIGNMENT|[50]|seoKeyword|{"Id":"a1D6F000003TvPXUA0","CurrencyIsoCode":"AUD"}|0x311bba38
11:43:40.0 (44822519)|STATEMENT_EXECUTE|[50]
11:43:40.0 (44824957)|STATEMENT_EXECUTE|[51]
11:43:40.0 (44844149)|HEAP_ALLOCATE|[51]|Bytes:18
11:43:40.0 (44856228)|METHOD_ENTRY|[51]||System.EncodingUtil.urlEncode(String, String)
11:43:40.0 (44889425)|METHOD_EXIT|[51]||System.EncodingUtil.urlEncode(String, String)
11:43:40.0 (44897675)|HEAP_ALLOCATE|[51]|Bytes:23
11:43:40.0 (44903985)|HEAP_ALLOCATE|[51]|Bytes:46
11:43:40.0 (44916708)|VARIABLE_ASSIGNMENT|[51]|keywordQueryString|"&k[]=a1D6F000003TvPB (26 more) ..."
11:43:40.0 (44935731)|HEAP_ALLOCATE|[50]|Bytes:5
11:43:40.0 (44951343)|HEAP_ALLOCATE|[50]|Bytes:12
11:43:40.0 (44959524)|VARIABLE_SCOPE_BEGIN|[50]|seoKeyword|seoThemeKeywords__c|true|false
11:43:40.0 (44980592)|VARIABLE_ASSIGNMENT|[50]|seoKeyword|{"Id":"a1D6F000003TvPVUA0","CurrencyIsoCode":"AUD"}|0x667c7655
11:43:40.0 (44989879)|STATEMENT_EXECUTE|[50]
11:43:40.0 (44992287)|STATEMENT_EXECUTE|[51]
11:43:40.0 (45008351)|HEAP_ALLOCATE|[51]|Bytes:18
11:43:40.0 (45019891)|METHOD_ENTRY|[51]||System.EncodingUtil.urlEncode(String, String)
11:43:40.0 (45051648)|METHOD_EXIT|[51]||System.EncodingUtil.urlEncode(String, String)
11:43:40.0 (45060089)|HEAP_ALLOCATE|[51]|Bytes:23
11:43:40.0 (45067665)|HEAP_ALLOCATE|[51]|Bytes:69
11:43:40.0 (45081024)|VARIABLE_ASSIGNMENT|[51]|keywordQueryString|"&k[]=a1D6F000003TvPB (49 more) ..."
11:43:40.0 (45097549)|HEAP_ALLOCATE|[50]|Bytes:5
11:43:40.0 (45119004)|HEAP_ALLOCATE|[50]|Bytes:12
11:43:40.0 (45127703)|VARIABLE_SCOPE_BEGIN|[50]|seoKeyword|seoThemeKeywords__c|true|false
11:43:40.0 (45147713)|VARIABLE_ASSIGNMENT|[50]|seoKeyword|{"Id":"a1D6F000003TvP9UAK","CurrencyIsoCode":"AUD"}|0x2685ea82
11:43:40.0 (45156877)|STATEMENT_EXECUTE|[50]
11:43:40.0 (45159312)|STATEMENT_EXECUTE|[51]
11:43:40.0 (45173439)|HEAP_ALLOCATE|[51]|Bytes:18
11:43:40.0 (45183643)|METHOD_ENTRY|[51]||System.EncodingUtil.urlEncode(String, String)
11:43:40.0 (45237632)|METHOD_EXIT|[51]||System.EncodingUtil.urlEncode(String, String)
11:43:40.0 (45246525)|HEAP_ALLOCATE|[51]|Bytes:23
11:43:40.0 (45253315)|HEAP_ALLOCATE|[51]|Bytes:92
11:43:40.0 (45266265)|VARIABLE_ASSIGNMENT|[51]|keywordQueryString|"&k[]=a1D6F000003TvPB (72 more) ..."
11:43:40.0 (45281720)|HEAP_ALLOCATE|[50]|Bytes:5
11:43:40.0 (45295646)|HEAP_ALLOCATE|[50]|Bytes:12
11:43:40.0 (45303792)|VARIABLE_SCOPE_BEGIN|[50]|seoKeyword|seoThemeKeywords__c|true|false
11:43:40.0 (45323132)|VARIABLE_ASSIGNMENT|[50]|seoKeyword|{"Id":"a1D6F000003TvPNUA0","CurrencyIsoCode":"AUD"}|0x629e438e
11:43:40.0 (45331671)|STATEMENT_EXECUTE|[50]
11:43:40.0 (45334073)|STATEMENT_EXECUTE|[51]
11:43:40.0 (45348876)|HEAP_ALLOCATE|[51]|Bytes:18
11:43:40.0 (45359025)|METHOD_ENTRY|[51]||System.EncodingUtil.urlEncode(String, String)
11:43:40.0 (45389370)|METHOD_EXIT|[51]||System.EncodingUtil.urlEncode(String, String)
11:43:40.0 (45397952)|HEAP_ALLOCATE|[51]|Bytes:23
11:43:40.0 (45404588)|HEAP_ALLOCATE|[51]|Bytes:115
11:43:40.0 (45417553)|VARIABLE_ASSIGNMENT|[51]|keywordQueryString|"&k[]=a1D6F000003TvPB (95 more) ..."
11:43:40.0 (45432666)|HEAP_ALLOCATE|[50]|Bytes:5
11:43:40.0 (45447278)|HEAP_ALLOCATE|[50]|Bytes:12
11:43:40.0 (45455418)|VARIABLE_SCOPE_BEGIN|[50]|seoKeyword|seoThemeKeywords__c|true|false
11:43:40.0 (45474796)|VARIABLE_ASSIGNMENT|[50]|seoKeyword|{"Id":"a1D6F000003TvPAUA0","CurrencyIsoCode":"AUD"}|0xe38ff9f
11:43:40.0 (45484715)|STATEMENT_EXECUTE|[50]
11:43:40.0 (45487170)|STATEMENT_EXECUTE|[51]
11:43:40.0 (45502149)|HEAP_ALLOCATE|[51]|Bytes:18
11:43:40.0 (45512485)|METHOD_ENTRY|[51]||System.EncodingUtil.urlEncode(String, String)
11:43:40.0 (45542984)|METHOD_EXIT|[51]||System.EncodingUtil.urlEncode(String, String)
11:43:40.0 (45551788)|HEAP_ALLOCATE|[51]|Bytes:23
11:43:40.0 (45558924)|HEAP_ALLOCATE|[51]|Bytes:138
11:43:40.0 (45571470)|VARIABLE_ASSIGNMENT|[51]|keywordQueryString|"&k[]=a1D6F000003TvPB (118 more) ..."
11:43:40.0 (45586714)|HEAP_ALLOCATE|[50]|Bytes:5
11:43:40.0 (45600481)|HEAP_ALLOCATE|[50]|Bytes:12
11:43:40.0 (45609409)|VARIABLE_SCOPE_BEGIN|[50]|seoKeyword|seoThemeKeywords__c|true|false
11:43:40.0 (45628273)|VARIABLE_ASSIGNMENT|[50]|seoKeyword|{"Id":"a1D6F000003TvPCUA0","CurrencyIsoCode":"AUD"}|0xb73eed3
11:43:40.0 (45637467)|STATEMENT_EXECUTE|[50]
11:43:40.0 (45639953)|STATEMENT_EXECUTE|[51]
11:43:40.0 (45654510)|HEAP_ALLOCATE|[51]|Bytes:18
11:43:40.0 (45665099)|METHOD_ENTRY|[51]||System.EncodingUtil.urlEncode(String, String)
11:43:40.0 (45695936)|METHOD_EXIT|[51]||System.EncodingUtil.urlEncode(String, String)
11:43:40.0 (45704825)|HEAP_ALLOCATE|[51]|Bytes:23
11:43:40.0 (45711184)|HEAP_ALLOCATE|[51]|Bytes:161
11:43:40.0 (45723627)|VARIABLE_ASSIGNMENT|[51]|keywordQueryString|"&k[]=a1D6F000003TvPB (141 more) ..."
11:43:40.0 (45740668)|HEAP_ALLOCATE|[50]|Bytes:5
11:43:40.0 (45755270)|HEAP_ALLOCATE|[50]|Bytes:12
11:43:40.0 (45764396)|VARIABLE_SCOPE_BEGIN|[50]|seoKeyword|seoThemeKeywords__c|true|false
11:43:40.0 (45790014)|VARIABLE_ASSIGNMENT|[50]|seoKeyword|{"Id":"a1D6F000003TvPPUA0","CurrencyIsoCode":"AUD"}|0x2abd4c5
11:43:40.0 (45800828)|STATEMENT_EXECUTE|[50]
11:43:40.0 (45803163)|STATEMENT_EXECUTE|[51]
11:43:40.0 (45818531)|HEAP_ALLOCATE|[51]|Bytes:18
11:43:40.0 (45829113)|METHOD_ENTRY|[51]||System.EncodingUtil.urlEncode(String, String)
11:43:40.0 (45860389)|METHOD_EXIT|[51]||System.EncodingUtil.urlEncode(String, String)
11:43:40.0 (45868999)|HEAP_ALLOCATE|[51]|Bytes:23
11:43:40.0 (45875804)|HEAP_ALLOCATE|[51]|Bytes:184
11:43:40.0 (45888379)|VARIABLE_ASSIGNMENT|[51]|keywordQueryString|"&k[]=a1D6F000003TvPB (164 more) ..."
11:43:40.0 (45904223)|HEAP_ALLOCATE|[50]|Bytes:5
11:43:40.0 (45918462)|HEAP_ALLOCATE|[50]|Bytes:12
11:43:40.0 (45927861)|VARIABLE_SCOPE_BEGIN|[50]|seoKeyword|seoThemeKeywords__c|true|false
11:43:40.0 (45948174)|VARIABLE_ASSIGNMENT|[50]|seoKeyword|{"Id":"a1D6F000003TvPHUA0","CurrencyIsoCode":"AUD"}|0x12b9752d
11:43:40.0 (45957463)|STATEMENT_EXECUTE|[50]
11:43:40.0 (45960261)|STATEMENT_EXECUTE|[51]
11:43:40.0 (45974863)|HEAP_ALLOCATE|[51]|Bytes:18
11:43:40.0 (45985572)|METHOD_ENTRY|[51]||System.EncodingUtil.urlEncode(String, String)
11:43:40.0 (46015731)|METHOD_EXIT|[51]||System.EncodingUtil.urlEncode(String, String)
11:43:40.0 (46025331)|HEAP_ALLOCATE|[51]|Bytes:23
11:43:40.0 (46032193)|HEAP_ALLOCATE|[51]|Bytes:207
11:43:40.0 (46044501)|VARIABLE_ASSIGNMENT|[51]|keywordQueryString|"&k[]=a1D6F000003TvPB (187 more) ..."
11:43:40.0 (46059857)|HEAP_ALLOCATE|[50]|Bytes:5
11:43:40.0 (46074379)|HEAP_ALLOCATE|[50]|Bytes:12
11:43:40.0 (46082604)|VARIABLE_SCOPE_BEGIN|[50]|seoKeyword|seoThemeKeywords__c|true|false
11:43:40.0 (46106843)|VARIABLE_ASSIGNMENT|[50]|seoKeyword|{"Id":"a1D6F000003TvPJUA0","CurrencyIsoCode":"AUD"}|0x5bb4b4e2
11:43:40.0 (46116014)|STATEMENT_EXECUTE|[50]
11:43:40.0 (46118271)|STATEMENT_EXECUTE|[51]
11:43:40.0 (46132798)|HEAP_ALLOCATE|[51]|Bytes:18
11:43:40.0 (46143121)|METHOD_ENTRY|[51]||System.EncodingUtil.urlEncode(String, String)
11:43:40.0 (46177714)|METHOD_EXIT|[51]||System.EncodingUtil.urlEncode(String, String)
11:43:40.0 (46185793)|HEAP_ALLOCATE|[51]|Bytes:23
11:43:40.0 (46191999)|HEAP_ALLOCATE|[51]|Bytes:230
11:43:40.0 (46204653)|VARIABLE_ASSIGNMENT|[51]|keywordQueryString|"&k[]=a1D6F000003TvPB (210 more) ..."
11:43:40.0 (46220309)|HEAP_ALLOCATE|[50]|Bytes:5
11:43:40.0 (46234586)|HEAP_ALLOCATE|[50]|Bytes:12
11:43:40.0 (46243061)|VARIABLE_SCOPE_BEGIN|[50]|seoKeyword|seoThemeKeywords__c|true|false
11:43:40.0 (46262317)|VARIABLE_ASSIGNMENT|[50]|seoKeyword|{"Id":"a1D6F000003TvPYUA0","CurrencyIsoCode":"AUD"}|0x4fa5dc31
11:43:40.0 (46272808)|STATEMENT_EXECUTE|[50]
11:43:40.0 (46275110)|STATEMENT_EXECUTE|[51]
11:43:40.0 (46289398)|HEAP_ALLOCATE|[51]|Bytes:18
11:43:40.0 (46299678)|METHOD_ENTRY|[51]||System.EncodingUtil.urlEncode(String, String)
11:43:40.0 (46329644)|METHOD_EXIT|[51]||System.EncodingUtil.urlEncode(String, String)
11:43:40.0 (46337692)|HEAP_ALLOCATE|[51]|Bytes:23
11:43:40.0 (46343745)|HEAP_ALLOCATE|[51]|Bytes:253
11:43:40.0 (46355955)|VARIABLE_ASSIGNMENT|[51]|keywordQueryString|"&k[]=a1D6F000003TvPB (233 more) ..."
11:43:40.0 (46372262)|HEAP_ALLOCATE|[50]|Bytes:5
11:43:40.0 (46386015)|HEAP_ALLOCATE|[50]|Bytes:12
11:43:40.0 (46394914)|VARIABLE_SCOPE_BEGIN|[50]|seoKeyword|seoThemeKeywords__c|true|false
11:43:40.0 (46414388)|VARIABLE_ASSIGNMENT|[50]|seoKeyword|{"Id":"a1D6F000003TvPFUA0","CurrencyIsoCode":"AUD"}|0x137434fc
11:43:40.0 (46423957)|STATEMENT_EXECUTE|[50]
11:43:40.0 (46426248)|STATEMENT_EXECUTE|[51]
11:43:40.0 (46440250)|HEAP_ALLOCATE|[51]|Bytes:18
11:43:40.0 (46450719)|METHOD_ENTRY|[51]||System.EncodingUtil.urlEncode(String, String)
11:43:40.0 (46480044)|METHOD_EXIT|[51]||System.EncodingUtil.urlEncode(String, String)
11:43:40.0 (46489375)|HEAP_ALLOCATE|[51]|Bytes:23
11:43:40.0 (46496922)|HEAP_ALLOCATE|[51]|Bytes:276
11:43:40.0 (46509424)|VARIABLE_ASSIGNMENT|[51]|keywordQueryString|"&k[]=a1D6F000003TvPB (256 more) ..."
11:43:40.0 (46525140)|HEAP_ALLOCATE|[50]|Bytes:5
11:43:40.0 (46538823)|HEAP_ALLOCATE|[50]|Bytes:12
11:43:40.0 (46546450)|VARIABLE_SCOPE_BEGIN|[50]|seoKeyword|seoThemeKeywords__c|true|false
11:43:40.0 (46565935)|VARIABLE_ASSIGNMENT|[50]|seoKeyword|{"Id":"a1D6F000003TvPOUA0","CurrencyIsoCode":"AUD"}|0x4abd3ba2
11:43:40.0 (46574692)|STATEMENT_EXECUTE|[50]
11:43:40.0 (46576984)|STATEMENT_EXECUTE|[51]
11:43:40.0 (46595104)|HEAP_ALLOCATE|[51]|Bytes:18
11:43:40.0 (46606434)|METHOD_ENTRY|[51]||System.EncodingUtil.urlEncode(String, String)
11:43:40.0 (46636492)|METHOD_EXIT|[51]||System.EncodingUtil.urlEncode(String, String)
11:43:40.0 (46644799)|HEAP_ALLOCATE|[51]|Bytes:23
11:43:40.0 (46651901)|HEAP_ALLOCATE|[51]|Bytes:299
11:43:40.0 (46664698)|VARIABLE_ASSIGNMENT|[51]|keywordQueryString|"&k[]=a1D6F000003TvPB (279 more) ..."
11:43:40.0 (46681057)|HEAP_ALLOCATE|[50]|Bytes:5
11:43:40.0 (46694735)|HEAP_ALLOCATE|[50]|Bytes:12
11:43:40.0 (46703156)|VARIABLE_SCOPE_BEGIN|[50]|seoKeyword|seoThemeKeywords__c|true|false
11:43:40.0 (46724789)|VARIABLE_ASSIGNMENT|[50]|seoKeyword|{"Id":"a1D6F000003TvPSUA0","CurrencyIsoCode":"AUD"}|0x34d095b3
11:43:40.0 (46734962)|STATEMENT_EXECUTE|[50]
11:43:40.0 (46737312)|STATEMENT_EXECUTE|[51]
11:43:40.0 (46750903)|HEAP_ALLOCATE|[51]|Bytes:18
11:43:40.0 (46760812)|METHOD_ENTRY|[51]||System.EncodingUtil.urlEncode(String, String)
11:43:40.0 (46790601)|METHOD_EXIT|[51]||System.EncodingUtil.urlEncode(String, String)
11:43:40.0 (46799065)|HEAP_ALLOCATE|[51]|Bytes:23
11:43:40.0 (46806151)|HEAP_ALLOCATE|[51]|Bytes:322
11:43:40.0 (46818454)|VARIABLE_ASSIGNMENT|[51]|keywordQueryString|"&k[]=a1D6F000003TvPB (302 more) ..."
11:43:40.0 (46833517)|HEAP_ALLOCATE|[50]|Bytes:5
11:43:40.0 (46847123)|HEAP_ALLOCATE|[50]|Bytes:12
11:43:40.0 (46855837)|VARIABLE_SCOPE_BEGIN|[50]|seoKeyword|seoThemeKeywords__c|true|false
11:43:40.0 (46876591)|VARIABLE_ASSIGNMENT|[50]|seoKeyword|{"Id":"a1D6F000003TvPLUA0","CurrencyIsoCode":"AUD"}|0x5575934c
11:43:40.0 (46886799)|STATEMENT_EXECUTE|[50]
11:43:40.0 (46889114)|STATEMENT_EXECUTE|[51]
11:43:40.0 (46903732)|HEAP_ALLOCATE|[51]|Bytes:18
11:43:40.0 (46914443)|METHOD_ENTRY|[51]||System.EncodingUtil.urlEncode(String, String)
11:43:40.0 (46944918)|METHOD_EXIT|[51]||System.EncodingUtil.urlEncode(String, String)
11:43:40.0 (46954122)|HEAP_ALLOCATE|[51]|Bytes:23
11:43:40.0 (46961488)|HEAP_ALLOCATE|[51]|Bytes:345
11:43:40.0 (46974248)|VARIABLE_ASSIGNMENT|[51]|keywordQueryString|"&k[]=a1D6F000003TvPB (325 more) ..."
11:43:40.0 (46991578)|HEAP_ALLOCATE|[50]|Bytes:5
11:43:40.0 (47007669)|HEAP_ALLOCATE|[50]|Bytes:12
11:43:40.0 (47017418)|VARIABLE_SCOPE_BEGIN|[50]|seoKeyword|seoThemeKeywords__c|true|false
11:43:40.0 (47038313)|VARIABLE_ASSIGNMENT|[50]|seoKeyword|{"Id":"a1D6F000003TvPTUA0","CurrencyIsoCode":"AUD"}|0x67149eca
11:43:40.0 (47047301)|STATEMENT_EXECUTE|[50]
11:43:40.0 (47049705)|STATEMENT_EXECUTE|[51]
11:43:40.0 (47064691)|HEAP_ALLOCATE|[51]|Bytes:18
11:43:40.0 (47076245)|METHOD_ENTRY|[51]||System.EncodingUtil.urlEncode(String, String)
11:43:40.0 (47103927)|METHOD_EXIT|[51]||System.EncodingUtil.urlEncode(String, String)
11:43:40.0 (47109810)|HEAP_ALLOCATE|[51]|Bytes:23
11:43:40.0 (47113676)|HEAP_ALLOCATE|[51]|Bytes:368
11:43:40.0 (47122897)|VARIABLE_ASSIGNMENT|[51]|keywordQueryString|"&k[]=a1D6F000003TvPB (348 more) ..."
11:43:40.0 (47136153)|HEAP_ALLOCATE|[50]|Bytes:5
11:43:40.0 (47151783)|HEAP_ALLOCATE|[50]|Bytes:12
11:43:40.0 (47160394)|VARIABLE_SCOPE_BEGIN|[50]|seoKeyword|seoThemeKeywords__c|true|false
11:43:40.0 (47179914)|VARIABLE_ASSIGNMENT|[50]|seoKeyword|{"Id":"a1D6F000003TvPMUA0","CurrencyIsoCode":"AUD"}|0x4457c9a1
11:43:40.0 (47186437)|STATEMENT_EXECUTE|[50]
11:43:40.0 (47188335)|STATEMENT_EXECUTE|[51]
11:43:40.0 (47199725)|HEAP_ALLOCATE|[51]|Bytes:18
11:43:40.0 (47207835)|METHOD_ENTRY|[51]||System.EncodingUtil.urlEncode(String, String)
11:43:40.0 (47229137)|METHOD_EXIT|[51]||System.EncodingUtil.urlEncode(String, String)
11:43:40.0 (47234342)|HEAP_ALLOCATE|[51]|Bytes:23
11:43:40.0 (47238704)|HEAP_ALLOCATE|[51]|Bytes:391
11:43:40.0 (47247474)|VARIABLE_ASSIGNMENT|[51]|keywordQueryString|"&k[]=a1D6F000003TvPB (371 more) ..."
11:43:40.0 (47258206)|HEAP_ALLOCATE|[50]|Bytes:5
11:43:40.0 (47267119)|HEAP_ALLOCATE|[50]|Bytes:12
11:43:40.0 (47271993)|VARIABLE_SCOPE_BEGIN|[50]|seoKeyword|seoThemeKeywords__c|true|false
11:43:40.0 (47285416)|VARIABLE_ASSIGNMENT|[50]|seoKeyword|{"Id":"a1D6F000003TvPGUA0","CurrencyIsoCode":"AUD"}|0x741aa195
11:43:40.0 (47291441)|STATEMENT_EXECUTE|[50]
11:43:40.0 (47292915)|STATEMENT_EXECUTE|[51]
11:43:40.0 (47302427)|HEAP_ALLOCATE|[51]|Bytes:18
11:43:40.0 (47310781)|METHOD_ENTRY|[51]||System.EncodingUtil.urlEncode(String, String)
11:43:40.0 (47340150)|METHOD_EXIT|[51]||System.EncodingUtil.urlEncode(String, String)
11:43:40.0 (47348791)|HEAP_ALLOCATE|[51]|Bytes:23
11:43:40.0 (47359141)|HEAP_ALLOCATE|[51]|Bytes:414
11:43:40.0 (47371004)|VARIABLE_ASSIGNMENT|[51]|keywordQueryString|"&k[]=a1D6F000003TvPB (394 more) ..."
11:43:40.0 (47383375)|HEAP_ALLOCATE|[50]|Bytes:5
11:43:40.0 (47393293)|HEAP_ALLOCATE|[50]|Bytes:12
11:43:40.0 (47399323)|VARIABLE_SCOPE_BEGIN|[50]|seoKeyword|seoThemeKeywords__c|true|false
11:43:40.0 (47412897)|VARIABLE_ASSIGNMENT|[50]|seoKeyword|{"Id":"a1D6F000003TvPEUA0","CurrencyIsoCode":"AUD"}|0xd0ca3a9
11:43:40.0 (47418617)|STATEMENT_EXECUTE|[50]
11:43:40.0 (47420253)|STATEMENT_EXECUTE|[51]
11:43:40.0 (47430146)|HEAP_ALLOCATE|[51]|Bytes:18
11:43:40.0 (47436780)|METHOD_ENTRY|[51]||System.EncodingUtil.urlEncode(String, String)
11:43:40.0 (47463535)|METHOD_EXIT|[51]||System.EncodingUtil.urlEncode(String, String)
11:43:40.0 (47472619)|HEAP_ALLOCATE|[51]|Bytes:23
11:43:40.0 (47480634)|HEAP_ALLOCATE|[51]|Bytes:437
11:43:40.0 (47492062)|VARIABLE_ASSIGNMENT|[51]|keywordQueryString|"&k[]=a1D6F000003TvPB (417 more) ..."
11:43:40.0 (47503471)|HEAP_ALLOCATE|[50]|Bytes:5
11:43:40.0 (47513208)|HEAP_ALLOCATE|[50]|Bytes:12
11:43:40.0 (47518499)|VARIABLE_SCOPE_BEGIN|[50]|seoKeyword|seoThemeKeywords__c|true|false
11:43:40.0 (47531613)|VARIABLE_ASSIGNMENT|[50]|seoKeyword|{"Id":"a1D6F000003TvPUUA0","CurrencyIsoCode":"AUD"}|0x4ead8e0c
11:43:40.0 (47538165)|STATEMENT_EXECUTE|[50]
11:43:40.0 (47539763)|STATEMENT_EXECUTE|[51]
11:43:40.0 (47549546)|HEAP_ALLOCATE|[51]|Bytes:18
11:43:40.0 (47556060)|METHOD_ENTRY|[51]||System.EncodingUtil.urlEncode(String, String)
11:43:40.0 (47577167)|METHOD_EXIT|[51]||System.EncodingUtil.urlEncode(String, String)
11:43:40.0 (47582239)|HEAP_ALLOCATE|[51]|Bytes:23
11:43:40.0 (47587155)|HEAP_ALLOCATE|[51]|Bytes:460
11:43:40.0 (47594723)|VARIABLE_ASSIGNMENT|[51]|keywordQueryString|"&k[]=a1D6F000003TvPB (440 more) ..."
11:43:40.0 (47604323)|HEAP_ALLOCATE|[50]|Bytes:5
11:43:40.0 (47612889)|HEAP_ALLOCATE|[50]|Bytes:12
11:43:40.0 (47617679)|VARIABLE_SCOPE_BEGIN|[50]|seoKeyword|seoThemeKeywords__c|true|false
11:43:40.0 (47630301)|VARIABLE_ASSIGNMENT|[50]|seoKeyword|{"Id":"a1D6F000003TvPKUA0","CurrencyIsoCode":"AUD"}|0x34cd5cb9
11:43:40.0 (47639003)|STATEMENT_EXECUTE|[50]
11:43:40.0 (47641127)|STATEMENT_EXECUTE|[51]
11:43:40.0 (47654419)|HEAP_ALLOCATE|[51]|Bytes:18
11:43:40.0 (47664604)|METHOD_ENTRY|[51]||System.EncodingUtil.urlEncode(String, String)
11:43:40.0 (47690741)|METHOD_EXIT|[51]||System.EncodingUtil.urlEncode(String, String)
11:43:40.0 (47696069)|HEAP_ALLOCATE|[51]|Bytes:23
11:43:40.0 (47700338)|HEAP_ALLOCATE|[51]|Bytes:483
11:43:40.0 (47708984)|VARIABLE_ASSIGNMENT|[51]|keywordQueryString|"&k[]=a1D6F000003TvPB (463 more) ..."
11:43:40.0 (47719010)|HEAP_ALLOCATE|[50]|Bytes:5
11:43:40.0 (47728811)|HEAP_ALLOCATE|[50]|Bytes:12
11:43:40.0 (47734145)|VARIABLE_SCOPE_BEGIN|[50]|seoKeyword|seoThemeKeywords__c|true|false
11:43:40.0 (47747658)|VARIABLE_ASSIGNMENT|[50]|seoKeyword|{"Id":"a1D6F000003TvPIUA0","CurrencyIsoCode":"AUD"}|0x15fa45bc
11:43:40.0 (47753770)|STATEMENT_EXECUTE|[50]
11:43:40.0 (47755537)|STATEMENT_EXECUTE|[51]
11:43:40.0 (47764824)|HEAP_ALLOCATE|[51]|Bytes:18
11:43:40.0 (47771805)|METHOD_ENTRY|[51]||System.EncodingUtil.urlEncode(String, String)
11:43:40.0 (47792588)|METHOD_EXIT|[51]||System.EncodingUtil.urlEncode(String, String)
11:43:40.0 (47797969)|HEAP_ALLOCATE|[51]|Bytes:23
11:43:40.0 (47802363)|HEAP_ALLOCATE|[51]|Bytes:506
11:43:40.0 (47810351)|VARIABLE_ASSIGNMENT|[51]|keywordQueryString|"&k[]=a1D6F000003TvPB (486 more) ..."
11:43:40.0 (47824109)|HEAP_ALLOCATE|[50]|Bytes:5
11:43:40.0 (47838089)|HEAP_ALLOCATE|[50]|Bytes:12
11:43:40.0 (47846228)|VARIABLE_SCOPE_BEGIN|[50]|seoKeyword|seoThemeKeywords__c|true|false
11:43:40.0 (47859894)|VARIABLE_ASSIGNMENT|[50]|seoKeyword|{"Id":"a1D6F000003TvP7UAK","CurrencyIsoCode":"AUD"}|0x7d83bd41
11:43:40.0 (47865520)|STATEMENT_EXECUTE|[50]
11:43:40.0 (47867289)|STATEMENT_EXECUTE|[51]
11:43:40.0 (47876979)|HEAP_ALLOCATE|[51]|Bytes:18
11:43:40.0 (47883447)|METHOD_ENTRY|[51]||System.EncodingUtil.urlEncode(String, String)
11:43:40.0 (47903146)|METHOD_EXIT|[51]||System.EncodingUtil.urlEncode(String, String)
11:43:40.0 (47907670)|HEAP_ALLOCATE|[51]|Bytes:23
11:43:40.0 (47911757)|HEAP_ALLOCATE|[51]|Bytes:529
11:43:40.0 (47920362)|VARIABLE_ASSIGNMENT|[51]|keywordQueryString|"&k[]=a1D6F000003TvPB (509 more) ..."
11:43:40.0 (47932501)|HEAP_ALLOCATE|[50]|Bytes:5
11:43:40.0 (47941544)|HEAP_ALLOCATE|[50]|Bytes:12
11:43:40.0 (47946949)|VARIABLE_SCOPE_BEGIN|[50]|seoKeyword|seoThemeKeywords__c|true|false
11:43:40.0 (47959283)|VARIABLE_ASSIGNMENT|[50]|seoKeyword|{"Id":"a1D6F000003TvP5UAK","CurrencyIsoCode":"AUD"}|0x5f7c8113
11:43:40.0 (47963986)|STATEMENT_EXECUTE|[50]
11:43:40.0 (47965472)|STATEMENT_EXECUTE|[51]
11:43:40.0 (47974359)|HEAP_ALLOCATE|[51]|Bytes:18
11:43:40.0 (47980439)|METHOD_ENTRY|[51]||System.EncodingUtil.urlEncode(String, String)
11:43:40.0 (48000227)|METHOD_EXIT|[51]||System.EncodingUtil.urlEncode(String, String)
11:43:40.0 (48005629)|HEAP_ALLOCATE|[51]|Bytes:23
11:43:40.0 (48009556)|HEAP_ALLOCATE|[51]|Bytes:552
11:43:40.0 (48017912)|VARIABLE_ASSIGNMENT|[51]|keywordQueryString|"&k[]=a1D6F000003TvPB (532 more) ..."
11:43:40.0 (48027562)|HEAP_ALLOCATE|[50]|Bytes:5
11:43:40.0 (48039459)|HEAP_ALLOCATE|[50]|Bytes:12
11:43:40.0 (48044127)|VARIABLE_SCOPE_BEGIN|[50]|seoKeyword|seoThemeKeywords__c|true|false
11:43:40.0 (48056418)|VARIABLE_ASSIGNMENT|[50]|seoKeyword|{"Id":"a1D6F000003TvP6UAK","CurrencyIsoCode":"AUD"}|0x10a36d1
11:43:40.0 (48061596)|STATEMENT_EXECUTE|[50]
11:43:40.0 (48063065)|STATEMENT_EXECUTE|[51]
11:43:40.0 (48071909)|HEAP_ALLOCATE|[51]|Bytes:18
11:43:40.0 (48078110)|METHOD_ENTRY|[51]||System.EncodingUtil.urlEncode(String, String)
11:43:40.0 (48097500)|METHOD_EXIT|[51]||System.EncodingUtil.urlEncode(String, String)
11:43:40.0 (48106701)|HEAP_ALLOCATE|[51]|Bytes:23
11:43:40.0 (48112785)|HEAP_ALLOCATE|[51]|Bytes:575
11:43:40.0 (48125639)|VARIABLE_ASSIGNMENT|[51]|keywordQueryString|"&k[]=a1D6F000003TvPB (555 more) ..."
11:43:40.0 (48139157)|HEAP_ALLOCATE|[50]|Bytes:5
11:43:40.0 (48148174)|HEAP_ALLOCATE|[50]|Bytes:12
11:43:40.0 (48152928)|VARIABLE_SCOPE_BEGIN|[50]|seoKeyword|seoThemeKeywords__c|true|false
11:43:40.0 (48165859)|VARIABLE_ASSIGNMENT|[50]|seoKeyword|{"Id":"a1D6F000003TvP8UAK","CurrencyIsoCode":"AUD"}|0x461a44e9
11:43:40.0 (48170749)|STATEMENT_EXECUTE|[50]
11:43:40.0 (48172267)|STATEMENT_EXECUTE|[51]
11:43:40.0 (48181717)|HEAP_ALLOCATE|[51]|Bytes:18
11:43:40.0 (48188070)|METHOD_ENTRY|[51]||System.EncodingUtil.urlEncode(String, String)
11:43:40.0 (48207587)|METHOD_EXIT|[51]||System.EncodingUtil.urlEncode(String, String)
11:43:40.0 (48211980)|HEAP_ALLOCATE|[51]|Bytes:23
11:43:40.0 (48217233)|HEAP_ALLOCATE|[51]|Bytes:598
11:43:40.0 (48225136)|VARIABLE_ASSIGNMENT|[51]|keywordQueryString|"&k[]=a1D6F000003TvPB (578 more) ..."
11:43:40.0 (48236268)|HEAP_ALLOCATE|[50]|Bytes:5
11:43:40.0 (48250079)|HEAP_ALLOCATE|[50]|Bytes:12
11:43:40.0 (48257760)|VARIABLE_SCOPE_BEGIN|[50]|seoKeyword|seoThemeKeywords__c|true|false
11:43:40.0 (48274749)|VARIABLE_ASSIGNMENT|[50]|seoKeyword|{"Id":"a1D6F000003TvPDUA0","CurrencyIsoCode":"AUD"}|0x261380de
11:43:40.0 (48280194)|STATEMENT_EXECUTE|[50]
11:43:40.0 (48281719)|STATEMENT_EXECUTE|[51]
11:43:40.0 (48291918)|HEAP_ALLOCATE|[51]|Bytes:18
11:43:40.0 (48298537)|METHOD_ENTRY|[51]||System.EncodingUtil.urlEncode(String, String)
11:43:40.0 (48319541)|METHOD_EXIT|[51]||System.EncodingUtil.urlEncode(String, String)
11:43:40.0 (48324288)|HEAP_ALLOCATE|[51]|Bytes:23
11:43:40.0 (48328648)|HEAP_ALLOCATE|[51]|Bytes:621
11:43:40.0 (48336622)|VARIABLE_ASSIGNMENT|[51]|keywordQueryString|"&k[]=a1D6F000003TvPB (601 more) ..."
11:43:40.0 (48346004)|HEAP_ALLOCATE|[50]|Bytes:5
11:43:40.0 (48354637)|HEAP_ALLOCATE|[50]|Bytes:12
11:43:40.0 (48359986)|VARIABLE_SCOPE_BEGIN|[50]|seoKeyword|seoThemeKeywords__c|true|false
11:43:40.0 (48372406)|VARIABLE_ASSIGNMENT|[50]|seoKeyword|{"Id":"a1D6F000003TvPQUA0","CurrencyIsoCode":"AUD"}|0x1ddcf916
11:43:40.0 (48377523)|STATEMENT_EXECUTE|[50]
11:43:40.0 (48379148)|STATEMENT_EXECUTE|[51]
11:43:40.0 (48387979)|HEAP_ALLOCATE|[51]|Bytes:18
11:43:40.0 (48394541)|METHOD_ENTRY|[51]||System.EncodingUtil.urlEncode(String, String)
11:43:40.0 (48421277)|METHOD_EXIT|[51]||System.EncodingUtil.urlEncode(String, String)
11:43:40.0 (48429084)|HEAP_ALLOCATE|[51]|Bytes:23
11:43:40.0 (48435638)|HEAP_ALLOCATE|[51]|Bytes:644
11:43:40.0 (48447738)|VARIABLE_ASSIGNMENT|[51]|keywordQueryString|"&k[]=a1D6F000003TvPB (624 more) ..."
11:43:40.0 (48463066)|HEAP_ALLOCATE|[50]|Bytes:5
11:43:40.0 (48473103)|HEAP_ALLOCATE|[50]|Bytes:12
11:43:40.0 (48478972)|VARIABLE_SCOPE_BEGIN|[50]|seoKeyword|seoThemeKeywords__c|true|false
11:43:40.0 (48494981)|VARIABLE_ASSIGNMENT|[50]|seoKeyword|{"Id":"a1D6F000003TvPRUA0","CurrencyIsoCode":"AUD"}|0x4d30f8c2
11:43:40.0 (48500976)|STATEMENT_EXECUTE|[50]
11:43:40.0 (48502497)|STATEMENT_EXECUTE|[51]
11:43:40.0 (48512044)|HEAP_ALLOCATE|[51]|Bytes:18
11:43:40.0 (48518866)|METHOD_ENTRY|[51]||System.EncodingUtil.urlEncode(String, String)
11:43:40.0 (48542514)|METHOD_EXIT|[51]||System.EncodingUtil.urlEncode(String, String)
11:43:40.0 (48550897)|HEAP_ALLOCATE|[51]|Bytes:23
11:43:40.0 (48558641)|HEAP_ALLOCATE|[51]|Bytes:667
11:43:40.0 (48569194)|VARIABLE_ASSIGNMENT|[51]|keywordQueryString|"&k[]=a1D6F000003TvPB (647 more) ..."
11:43:40.0 (48580045)|HEAP_ALLOCATE|[50]|Bytes:5
11:43:40.0 (48589719)|HEAP_ALLOCATE|[50]|Bytes:12
11:43:40.0 (48594860)|VARIABLE_SCOPE_BEGIN|[50]|seoKeyword|seoThemeKeywords__c|true|false
11:43:40.0 (48606990)|VARIABLE_ASSIGNMENT|[50]|seoKeyword|{"Id":"a1D6F000003TvPWUA0","CurrencyIsoCode":"AUD"}|0x5919c081
11:43:40.0 (48612547)|STATEMENT_EXECUTE|[50]
11:43:40.0 (48614047)|STATEMENT_EXECUTE|[51]
11:43:40.0 (48623158)|HEAP_ALLOCATE|[51]|Bytes:18
11:43:40.0 (48629405)|METHOD_ENTRY|[51]||System.EncodingUtil.urlEncode(String, String)
11:43:40.0 (48648700)|METHOD_EXIT|[51]||System.EncodingUtil.urlEncode(String, String)
11:43:40.0 (48653619)|HEAP_ALLOCATE|[51]|Bytes:23
11:43:40.0 (48658138)|HEAP_ALLOCATE|[51]|Bytes:690
11:43:40.0 (48666206)|VARIABLE_ASSIGNMENT|[51]|keywordQueryString|"&k[]=a1D6F000003TvPB (670 more) ..."
11:43:40.0 (48675580)|HEAP_ALLOCATE|[50]|Bytes:5
11:43:40.0 (48685814)|VARIABLE_ASSIGNMENT|[50]|seoKeyword|null|
11:43:40.0 (48691133)|STATEMENT_EXECUTE|[55]
11:43:40.0 (48702705)|METHOD_EXIT|[113]|01p6F000009rEEx|SeoGeoController.getKeywordIdQueryString()
11:43:40.0 (48709151)|VARIABLE_SCOPE_BEGIN|[113]|keywordQueryString|String|false|false
11:43:40.0 (48719240)|VARIABLE_ASSIGNMENT|[113]|keywordQueryString|"&k[]=a1D6F000003TvPB (670 more) ..."
11:43:40.0 (48737308)|STATEMENT_EXECUTE|[115]
11:43:40.0 (48739196)|STATEMENT_EXECUTE|[116]
11:43:40.0 (48746531)|HEAP_ALLOCATE|[116]|Bytes:813
11:43:40.0 (48756093)|VARIABLE_ASSIGNMENT|[116]|consolePath|"/?c=seo&action=keywo (793 more) ..."
11:43:40.0 (48760824)|STATEMENT_EXECUTE|[121]
11:43:40.0 (48768625)|METHOD_EXIT|[80]|01p6F000009rEEx|SeoGeoController.getGeoURL()
11:43:40.0 (48774305)|VARIABLE_SCOPE_BEGIN|[80]|consolePath|String|false|false
11:43:40.0 (48783595)|VARIABLE_ASSIGNMENT|[80]|consolePath|"/?c=seo&action=keywo (793 more) ..."
11:43:40.0 (48787722)|STATEMENT_EXECUTE|[82]
11:43:40.0 (48789362)|STATEMENT_EXECUTE|[83]
11:43:40.0 (51084779)|HEAP_ALLOCATE|[83]|Bytes:7
11:43:40.0 (51128725)|HEAP_ALLOCATE|[83]|Bytes:10
11:43:40.0 (51159115)|METHOD_ENTRY|[1]|01p6F000006aBAZ|slxConsole.slxConsole()
11:43:40.0 (51168044)|STATEMENT_EXECUTE|[1]
11:43:40.0 (51173684)|STATEMENT_EXECUTE|[1]
11:43:40.0 (51180579)|METHOD_EXIT|[1]|slxConsole
11:43:40.0 (51209946)|METHOD_ENTRY|[83]|01p6F000006aBAZ|slxConsole.getConsolePage(String)
11:43:40.0 (51239866)|VARIABLE_SCOPE_BEGIN|[17]|path|String|false|false
11:43:40.0 (51257942)|VARIABLE_ASSIGNMENT|[17]|path|"/?c=seo&action=keywo (793 more) ..."
11:43:40.0 (51264379)|STATEMENT_EXECUTE|[17]
11:43:40.0 (51266233)|STATEMENT_EXECUTE|[20]
11:43:40.0 (51277923)|HEAP_ALLOCATE|[20]|Bytes:10
11:43:40.0 (52731976)|HEAP_ALLOCATE|[20]|Bytes:56
11:43:40.0 (52754890)|VARIABLE_SCOPE_BEGIN|[20]|consoleLogin|Login__c|true|false
11:43:40.0 (52822316)|VARIABLE_ASSIGNMENT|[20]|consoleLogin|{"LastModifiedDate":"2017-01-17T06:58:25.000Z","username__c":"salesforce","IsDeleted":false,"password__c":"49fc7fd771000d6127b3 (12 more) ...","URL__c":"https://console.spon (13 more) ...","CurrencyIsoCode":"AUD","SetupOwnerId":"00D90000000IJSaEAO","Name":"SLXConsole","SystemModstamp":"2018-03-23T09:17:56.000Z","CreatedById":"00590000000VmmqAAC","CreatedDate":"2016-03-02T07:09:34.000Z","Id":"a1w6F000005747qQAA","LastModifiedById":"00590000000VmmqAAC"}|0x6b2237a7
11:43:40.0 (52836807)|STATEMENT_EXECUTE|[22]
11:43:40.0 (52846037)|STATEMENT_EXECUTE|[27]
11:43:40.0 (52875194)|VARIABLE_SCOPE_BEGIN|[27]|consoleEndpoint|String|false|false
11:43:40.0 (52888640)|VARIABLE_ASSIGNMENT|[27]|consoleEndpoint|"https://console.spon (13 more) ..."
11:43:40.0 (52893748)|STATEMENT_EXECUTE|[28]
11:43:40.0 (52911707)|VARIABLE_SCOPE_BEGIN|[28]|consoleUsername|String|false|false
11:43:40.0 (52925644)|VARIABLE_ASSIGNMENT|[28]|consoleUsername|"salesforce"
11:43:40.0 (52931699)|STATEMENT_EXECUTE|[29]
11:43:40.0 (52948715)|VARIABLE_SCOPE_BEGIN|[29]|consolePassword|String|false|false
11:43:40.0 (52965804)|VARIABLE_ASSIGNMENT|[29]|consolePassword|"49fc7fd771000d6127b3 (12 more) ..."
11:43:40.0 (52972981)|STATEMENT_EXECUTE|[33]
11:43:40.0 (52999968)|VARIABLE_SCOPE_BEGIN|[33]|req|System.HttpRequest|true|false
11:43:40.0 (53341031)|VARIABLE_ASSIGNMENT|[33]|req|"System.HttpRequest[Endpoint=null, Method=null]"|0x57dccd70
11:43:40.0 (53351355)|STATEMENT_EXECUTE|[34]
11:43:40.0 (53366974)|HEAP_ALLOCATE|[34]|Bytes:846
11:43:40.0 (53426652)|STATEMENT_EXECUTE|[35]
11:43:40.0 (53436836)|HEAP_ALLOCATE|[35]|Bytes:3
11:43:40.0 (53467633)|STATEMENT_EXECUTE|[36]
11:43:40.0 (53476263)|HEAP_ALLOCATE|[36]|Bytes:6
11:43:40.0 (53483989)|HEAP_ALLOCATE|[36]|Bytes:9
11:43:40.0 (53489781)|HEAP_ALLOCATE|[36]|Bytes:11
11:43:40.0 (53502598)|HEAP_ALLOCATE|[36]|Bytes:62
11:43:40.0 (53541143)|STATEMENT_EXECUTE|[40]
11:43:40.0 (53563270)|VARIABLE_SCOPE_BEGIN|[40]|http|System.Http|true|false
11:43:40.0 (53680158)|VARIABLE_ASSIGNMENT|[40]|http|"System.Http[]"|0x77e1b708
11:43:40.0 (53688334)|STATEMENT_EXECUTE|[41]
11:43:40.0 (53770455)|CALLOUT_REQUEST|[41]|System.HttpRequest[Endpoint=https://console.sponsoredlinx.com/?c=seo&action=keywordGeoCompare&output=table&websiteid=a166F00000AJbjEQAT&geolocation=Sydney%2CNew+South+Wales%2CAustralia&k[]=a1D6F000003TvPBUA0&k[]=a1D6F000003TvPXUA0&k[]=a1D6F000003TvPVUA0&k[]=a1D6F000003TvP9UAK&k[]=a1D6F000003TvPNUA0&k[]=a1D6F000003TvPAUA0&k[]=a1D6F000003TvPCUA0&k[]=a1D6F000003TvPPUA0&k[]=a1D6F000003TvPHUA0&k[]=a1D6F000003TvPJUA0&k[]=a1D6F000003TvPYUA0&k[]=a1D6F000003TvPFUA0&k[]=a1D6F000003TvPOUA0&k[]=a1D6F000003TvPSUA0&k[]=a1D6F000003TvPLUA0&k[]=a1D6F000003TvPTUA0&k[]=a1D6F000003TvPMUA0&k[]=a1D6F000003TvPGUA0&k[]=a1D6F000003TvPEUA0&k[]=a1D6F000003TvPUUA0&k[]=a1D6F000003TvPKUA0&k[]=a1D6F000003TvPIUA0&k[]=a1D6F000003TvP7UAK&k[]=a1D6F000003TvP5UAK&k[]=a1D6F000003TvP6UAK&k[]=a1D6F000003TvP8UAK&k[]=a1D6F000003TvPDUA0&k[]=a1D6F000003TvPQUA0&k[]=a1D6F000003TvPRUA0&k[]=a1D6F000003TvPWUA0, Method=GET]
11:43:40.0 (746038058)|HEAP_ALLOCATE|[EXTERNAL]|Bytes:5384
11:43:40.0 (746231541)|CALLOUT_RESPONSE|[41]|System.HttpResponse[Status=OK, StatusCode=200]
11:43:40.0 (746252734)|HEAP_ALLOCATE|[41]|Bytes:5201
11:43:40.0 (746277447)|VARIABLE_SCOPE_BEGIN|[41]|res|System.HttpResponse|true|false
11:43:40.0 (746420706)|VARIABLE_ASSIGNMENT|[41]|res|"System.HttpResponse[Status=OK, StatusCode=200]"|0x53fef8b6
11:43:40.0 (746430889)|STATEMENT_EXECUTE|[44]
11:43:40.0 (746693070)|HEAP_ALLOCATE|[44]|Bytes:5195
11:43:40.0 (746710464)|METHOD_EXIT|[83]|01p6F000006aBAZ|slxConsole.getConsolePage(String)
11:43:40.0 (746729692)|VARIABLE_ASSIGNMENT|[83]|geoTable|"<style>\ntable.table{ (5175 more) ..."
11:43:40.0 (746737705)|HEAP_ALLOCATE|[87]|Bytes:10
11:43:40.0 (746804844)|STATEMENT_EXECUTE|[87]
11:43:40.0 (746807557)|STATEMENT_EXECUTE|[88]
11:43:40.0 (746898246)|VARIABLE_ASSIGNMENT|[EXTERNAL]|this|{"allGeo":"0x31c9f096","device":"desktop","refreshRequired":true,"selectedGeo":"0x6578789","seoWebsite":"0x5ae893e7"}|0x426eb8ee
11:43:40.0 (746914517)|VARIABLE_ASSIGNMENT|[EXTERNAL]|value|true
11:43:40.0 (746923219)|HEAP_ALLOCATE|[4]|Bytes:5
11:43:40.0 (746932450)|VARIABLE_ASSIGNMENT|[4]|this.refreshRequired|true|0x426eb8ee
11:43:40.0 (746942349)|STATEMENT_EXECUTE|[93]
11:43:40.0 (746951038)|SYSTEM_MODE_EXIT|false
11:43:40.0 (747881238)|VF_SERIALIZE_VIEWSTATE_BEGIN|0666F000007GVD0
11:43:40.0 (751737725)|VF_SERIALIZE_VIEWSTATE_END
11:43:40.753 (753565615)|CUMULATIVE_LIMIT_USAGE
11:43:40.753 (753565615)|LIMIT_USAGE_FOR_NS|(default)|
  Number of SOQL queries: 1 out of 100
  Number of query rows: 30 out of 50000
  Number of SOSL queries: 0 out of 20
  Number of DML statements: 0 out of 150
  Number of DML rows: 0 out of 10000
  Maximum CPU time: 0 out of 10000
  Maximum heap size: 0 out of 6000000
  Number of callouts: 1 out of 100
  Number of Email Invocations: 0 out of 10
  Number of future calls: 0 out of 50
  Number of queueable jobs added to the queue: 0 out of 50
  Number of Mobile Apex push calls: 0 out of 10

11:43:40.753 (753565615)|CUMULATIVE_LIMIT_USAGE_END

11:43:40.0 (753607710)|CODE_UNIT_FINISHED|VF: /apex/SeoGeoCompare
11:43:40.0 (759962468)|EXECUTION_FINISHED
