37.0 APEX_CODE,FINEST;APEX_PROFILING,INFO;CALLOUT,INFO;DB,INFO;NBA,INFO;SYSTEM,DEBUG;VALIDATION,INFO;VISUALFORCE,INFO;WAVE,INFO;WORKFLOW,INFO
13:45:20.16 (16760147)|ENTERING_MANAGED_PKG|Centify
13:45:20.16 (17981554)|ENTERING_MANAGED_PKG|Centify
13:45:20.16 (18051173)|ENTERING_MANAGED_PKG|Centify
13:45:20.16 (18278181)|ENTERING_MANAGED_PKG|Centify
13:45:20.16 (18359657)|ENTERING_MANAGED_PKG|Centify
13:45:20.16 (19340429)|ENTERING_MANAGED_PKG|Centify
13:45:20.16 (19721340)|ENTERING_MANAGED_PKG|Centify
13:45:20.16 (19761186)|ENTERING_MANAGED_PKG|Centify
13:45:20.16 (19890605)|ENTERING_MANAGED_PKG|Centify
13:45:20.16 (19967656)|ENTERING_MANAGED_PKG|Centify
13:45:20.16 (20015913)|ENTERING_MANAGED_PKG|Centify
13:45:20.16 (20046506)|ENTERING_MANAGED_PKG|Centify
13:45:20.16 (20071702)|ENTERING_MANAGED_PKG|Centify
13:45:20.16 (20308230)|ENTERING_MANAGED_PKG|Centify
13:45:20.16 (62133961)|ENTERING_MANAGED_PKG|Centify
13:45:20.16 (62211391)|ENTERING_MANAGED_PKG|Centify
13:45:20.16 (62337290)|ENTERING_MANAGED_PKG|Centify
13:45:20.16 (62381060)|ENTERING_MANAGED_PKG|Centify
13:45:20.16 (205538917)|ENTERING_MANAGED_PKG|Centify
13:45:20.16 (242923882)|ENTERING_MANAGED_PKG|Centify
13:45:20.16 (255165338)|ENTERING_MANAGED_PKG|Centify
13:45:20.16 (255212216)|ENTERING_MANAGED_PKG|Centify
13:45:20.16 (255283798)|ENTERING_MANAGED_PKG|Centify
13:45:20.16 (255317392)|ENTERING_MANAGED_PKG|Centify
13:45:20.16 (255383151)|ENTERING_MANAGED_PKG|Centify
13:45:20.16 (274155805)|ENTERING_MANAGED_PKG|Centify
13:45:20.16 (305512344)|ENTERING_MANAGED_PKG|Centify
13:45:20.16 (305571655)|ENTERING_MANAGED_PKG|Centify
13:45:20.16 (305652667)|ENTERING_MANAGED_PKG|Centify
13:45:20.16 (305689456)|ENTERING_MANAGED_PKG|Centify
13:45:20.16 (305756637)|ENTERING_MANAGED_PKG|Centify
13:45:20.16 (325715879)|ENTERING_MANAGED_PKG|Centify
13:45:20.16 (340067142)|ENTERING_MANAGED_PKG|Centify
13:45:20.16 (340118570)|ENTERING_MANAGED_PKG|Centify
13:45:20.16 (340197332)|ENTERING_MANAGED_PKG|Centify
13:45:20.16 (340233296)|ENTERING_MANAGED_PKG|Centify
13:45:20.16 (340299354)|ENTERING_MANAGED_PKG|Centify
13:45:20.16 (360555828)|ENTERING_MANAGED_PKG|Centify
13:45:20.16 (373594129)|ENTERING_MANAGED_PKG|Centify
13:45:20.16 (373639286)|ENTERING_MANAGED_PKG|Centify
13:45:20.16 (373709982)|ENTERING_MANAGED_PKG|Centify
13:45:20.16 (373744359)|ENTERING_MANAGED_PKG|Centify
13:45:20.16 (373806695)|ENTERING_MANAGED_PKG|Centify
13:45:20.16 (392153010)|ENTERING_MANAGED_PKG|Centify
13:45:20.16 (405316387)|ENTERING_MANAGED_PKG|Centify
13:45:20.16 (405358488)|ENTERING_MANAGED_PKG|Centify
13:45:20.16 (405429780)|ENTERING_MANAGED_PKG|Centify
13:45:20.16 (405462488)|ENTERING_MANAGED_PKG|Centify
13:45:20.16 (405531537)|ENTERING_MANAGED_PKG|Centify
13:45:20.16 (423883653)|ENTERING_MANAGED_PKG|Centify
13:45:20.16 (437001678)|ENTERING_MANAGED_PKG|Centify
13:45:20.16 (437052259)|ENTERING_MANAGED_PKG|Centify
13:45:20.16 (437126728)|ENTERING_MANAGED_PKG|Centify
13:45:20.16 (437161650)|ENTERING_MANAGED_PKG|Centify
13:45:20.16 (437229743)|ENTERING_MANAGED_PKG|Centify
13:45:20.16 (457293402)|ENTERING_MANAGED_PKG|Centify
13:45:20.16 (468814559)|ENTERING_MANAGED_PKG|Centify
13:45:20.16 (468857940)|ENTERING_MANAGED_PKG|Centify
13:45:20.16 (468931826)|ENTERING_MANAGED_PKG|Centify
13:45:20.16 (468962252)|ENTERING_MANAGED_PKG|Centify
13:45:20.16 (469028407)|ENTERING_MANAGED_PKG|Centify
13:45:20.16 (486977968)|ENTERING_MANAGED_PKG|Centify
13:45:20.16 (500244195)|ENTERING_MANAGED_PKG|Centify
13:45:20.16 (500286362)|ENTERING_MANAGED_PKG|Centify
13:45:20.16 (500362359)|ENTERING_MANAGED_PKG|Centify
13:45:20.16 (500392644)|ENTERING_MANAGED_PKG|Centify
13:45:20.16 (500458891)|ENTERING_MANAGED_PKG|Centify
13:45:20.16 (518732713)|ENTERING_MANAGED_PKG|Centify
13:45:20.16 (531880157)|ENTERING_MANAGED_PKG|Centify
13:45:20.16 (531936540)|ENTERING_MANAGED_PKG|Centify
13:45:20.16 (532027906)|ENTERING_MANAGED_PKG|Centify
13:45:20.16 (532067403)|ENTERING_MANAGED_PKG|Centify
13:45:20.16 (532150382)|ENTERING_MANAGED_PKG|Centify
13:45:20.16 (555816372)|ENTERING_MANAGED_PKG|Centify
13:45:20.16 (569793055)|ENTERING_MANAGED_PKG|Centify
13:45:20.16 (569845380)|ENTERING_MANAGED_PKG|Centify
13:45:20.16 (569934942)|ENTERING_MANAGED_PKG|Centify
13:45:20.16 (569975872)|ENTERING_MANAGED_PKG|Centify
13:45:20.16 (570058384)|ENTERING_MANAGED_PKG|Centify
13:45:20.16 (593071766)|ENTERING_MANAGED_PKG|Centify
13:45:20.16 (593134265)|ENTERING_MANAGED_PKG|Centify
13:45:20.16 (593323293)|ENTERING_MANAGED_PKG|Centify
13:45:20.16 (593372920)|ENTERING_MANAGED_PKG|Centify
13:45:20.16 (593416648)|ENTERING_MANAGED_PKG|Centify
13:45:20.16 (593736430)|ENTERING_MANAGED_PKG|Centify
13:45:20.16 (593824810)|ENTERING_MANAGED_PKG|Centify
13:45:20.16 (595010866)|ENTERING_MANAGED_PKG|Centify
13:45:20.16 (595079231)|ENTERING_MANAGED_PKG|Centify
13:45:20.16 (595186985)|ENTERING_MANAGED_PKG|Centify
13:45:20.16 (595830196)|ENTERING_MANAGED_PKG|Centify
13:45:20.16 (596757608)|SOQL_EXECUTE_BEGIN|[16]|Aggregations:0|select id,lastmodifieddate,isdeleted,isgmt__c,role__c,name,createddate,ownerid,active_clients__c,customer_service_index__c,service_index_in_string__c from CM_Daily_Stats__c where LastModifiedDate >2018-11-05T22:21:25Z AND LastModifiedDate < 2018-11-06T03:45:26Z AND (  isActive__c =true)  ORDER BY SystemModStamp DESC LIMIT 5000  ALL ROWS
13:45:20.16 (608671331)|SOQL_EXECUTE_END|[16]|Rows:0
13:45:20.639 (639611265)|CUMULATIVE_LIMIT_USAGE
13:45:20.639 (639611265)|LIMIT_USAGE_FOR_NS|(default)|
  Number of SOQL queries: 0 out of 200
  Number of query rows: 0 out of 50000
  Number of SOSL queries: 0 out of 20
  Number of DML statements: 0 out of 150
  Number of DML rows: 0 out of 10000
  Maximum CPU time: 0 out of 60000
  Maximum heap size: 0 out of 12000000
  Number of callouts: 0 out of 0
  Number of Email Invocations: 0 out of 10
  Number of future calls: 0 out of 0
  Number of queueable jobs added to the queue: 0 out of 1
  Number of Mobile Apex push calls: 0 out of 10

13:45:20.639 (639611265)|LIMIT_USAGE_FOR_NS|Centify|
  Number of SOQL queries: 0 out of 200
  Number of query rows: 0 out of 50000
  Number of SOSL queries: 0 out of 20
  Number of DML statements: 0 out of 150
  Number of DML rows: 0 out of 10000
  Maximum CPU time: 0 out of 60000
  Maximum heap size: 0 out of 12000000
  Number of callouts: 0 out of 0
  Number of Email Invocations: 0 out of 10
  Number of future calls: 0 out of 0
  Number of queueable jobs added to the queue: 0 out of 1
  Number of Mobile Apex push calls: 0 out of 10

13:45:20.639 (639611265)|CUMULATIVE_LIMIT_USAGE_END

