37.0 APEX_CODE,FINEST;APEX_PROFILING,INFO;CALLOUT,INFO;DB,INFO;NBA,INFO;SYSTEM,DEBUG;VALIDATION,INFO;VISUALFORCE,INFO;WAVE,INFO;WORKFLOW,INFO
18:55:10.8 (8161454)|ENTERING_MANAGED_PKG|Centify
18:55:10.8 (9348495)|ENTERING_MANAGED_PKG|Centify
18:55:10.8 (9385400)|ENTERING_MANAGED_PKG|Centify
18:55:10.8 (9508838)|ENTERING_MANAGED_PKG|Centify
18:55:10.8 (9535113)|ENTERING_MANAGED_PKG|Centify
18:55:10.8 (9594277)|ENTERING_MANAGED_PKG|Centify
18:55:10.8 (9956545)|ENTERING_MANAGED_PKG|Centify
18:55:10.8 (11910600)|ENTERING_MANAGED_PKG|Centify
18:55:10.8 (11950052)|ENTERING_MANAGED_PKG|Centify
18:55:10.8 (12147017)|ENTERING_MANAGED_PKG|Centify
18:55:10.8 (12173745)|ENTERING_MANAGED_PKG|Centify
18:55:10.8 (12382311)|ENTERING_MANAGED_PKG|Centify
18:55:10.8 (12493708)|ENTERING_MANAGED_PKG|Centify
18:55:10.8 (12523699)|ENTERING_MANAGED_PKG|Centify
18:55:10.8 (12611090)|ENTERING_MANAGED_PKG|Centify
18:55:10.8 (12657717)|ENTERING_MANAGED_PKG|Centify
18:55:10.8 (12677613)|ENTERING_MANAGED_PKG|Centify
18:55:10.8 (12735128)|ENTERING_MANAGED_PKG|Centify
18:55:10.8 (12755890)|ENTERING_MANAGED_PKG|Centify
18:55:10.8 (12782703)|ENTERING_MANAGED_PKG|Centify
18:55:10.8 (12889003)|ENTERING_MANAGED_PKG|Centify
18:55:10.8 (12923438)|ENTERING_MANAGED_PKG|Centify
18:55:10.8 (15791377)|ENTERING_MANAGED_PKG|Centify
18:55:10.8 (15833028)|ENTERING_MANAGED_PKG|Centify
18:55:10.8 (15864955)|ENTERING_MANAGED_PKG|Centify
18:55:10.8 (16012203)|ENTERING_MANAGED_PKG|Centify
18:55:10.8 (16068009)|ENTERING_MANAGED_PKG|Centify
18:55:10.8 (16355910)|ENTERING_MANAGED_PKG|Centify
18:55:10.8 (16498675)|ENTERING_MANAGED_PKG|Centify
18:55:10.8 (16598457)|ENTERING_MANAGED_PKG|Centify
18:55:10.8 (16659638)|ENTERING_MANAGED_PKG|Centify
18:55:10.8 (16726753)|ENTERING_MANAGED_PKG|Centify
18:55:10.8 (16780572)|ENTERING_MANAGED_PKG|Centify
18:55:10.8 (16839963)|ENTERING_MANAGED_PKG|Centify
18:55:10.8 (16893439)|ENTERING_MANAGED_PKG|Centify
18:55:10.8 (16958575)|ENTERING_MANAGED_PKG|Centify
18:55:10.8 (17068775)|ENTERING_MANAGED_PKG|Centify
18:55:10.8 (17137602)|ENTERING_MANAGED_PKG|Centify
18:55:10.8 (17245066)|ENTERING_MANAGED_PKG|Centify
18:55:10.8 (17311783)|ENTERING_MANAGED_PKG|Centify
18:55:10.8 (17414750)|ENTERING_MANAGED_PKG|Centify
18:55:10.8 (17481493)|ENTERING_MANAGED_PKG|Centify
18:55:10.8 (17580424)|ENTERING_MANAGED_PKG|Centify
18:55:10.8 (17643703)|ENTERING_MANAGED_PKG|Centify
18:55:10.8 (18171483)|ENTERING_MANAGED_PKG|Centify
18:55:10.8 (18253087)|ENTERING_MANAGED_PKG|Centify
18:55:10.8 (18366601)|ENTERING_MANAGED_PKG|Centify
18:55:10.8 (18437369)|ENTERING_MANAGED_PKG|Centify
18:55:10.8 (18542640)|ENTERING_MANAGED_PKG|Centify
18:55:10.8 (18591437)|ENTERING_MANAGED_PKG|Centify
18:55:10.8 (19617628)|DML_BEGIN|[53]|Op:Insert|Type:Centify__Notification__c|Rows:1
18:55:10.8 (41534108)|DML_END|[53]
18:55:10.8 (41689754)|ENTERING_MANAGED_PKG|Centify
18:55:10.8 (42023920)|ENTERING_MANAGED_PKG|Centify
18:55:10.55 (55579456)|CUMULATIVE_LIMIT_USAGE
18:55:10.55 (55579456)|LIMIT_USAGE_FOR_NS|(default)|
  Number of SOQL queries: 0 out of 200
  Number of query rows: 0 out of 50000
  Number of SOSL queries: 0 out of 20
  Number of DML statements: 0 out of 150
  Number of DML rows: 0 out of 10000
  Maximum CPU time: 0 out of 60000
  Maximum heap size: 0 out of 12000000
  Number of callouts: 0 out of 0
  Number of Email Invocations: 0 out of 10
  Number of future calls: 0 out of 0
  Number of queueable jobs added to the queue: 0 out of 1
  Number of Mobile Apex push calls: 0 out of 10

18:55:10.55 (55579456)|LIMIT_USAGE_FOR_NS|Centify|
  Number of SOQL queries: 0 out of 200
  Number of query rows: 0 out of 50000
  Number of SOSL queries: 0 out of 20
  Number of DML statements: 0 out of 150
  Number of DML rows: 0 out of 10000
  Maximum CPU time: 0 out of 60000
  Maximum heap size: 0 out of 12000000
  Number of callouts: 0 out of 0
  Number of Email Invocations: 0 out of 10
  Number of future calls: 0 out of 0
  Number of queueable jobs added to the queue: 0 out of 1
  Number of Mobile Apex push calls: 0 out of 10

18:55:10.55 (55579456)|CUMULATIVE_LIMIT_USAGE_END

