37.0 APEX_CODE,FINEST;APEX_PROFILING,INFO;CALLOUT,INFO;DB,INFO;NBA,INFO;SYSTEM,DEBUG;VALIDATION,INFO;VISUALFORCE,INFO;WAVE,INFO;WORKFLOW,INFO
11:52:08.14 (14661837)|ENTERING_MANAGED_PKG|Centify
11:52:08.14 (16085356)|ENTERING_MANAGED_PKG|Centify
11:52:08.14 (16128039)|ENTERING_MANAGED_PKG|Centify
11:52:08.14 (16718414)|ENTERING_MANAGED_PKG|Centify
11:52:08.14 (16791281)|ENTERING_MANAGED_PKG|Centify
11:52:08.14 (17517015)|ENTERING_MANAGED_PKG|Centify
11:52:08.14 (17818183)|ENTERING_MANAGED_PKG|Centify
11:52:08.14 (17847150)|ENTERING_MANAGED_PKG|Centify
11:52:08.14 (17920557)|ENTERING_MANAGED_PKG|Centify
11:52:08.14 (17962039)|ENTERING_MANAGED_PKG|Centify
11:52:08.14 (17990649)|ENTERING_MANAGED_PKG|Centify
11:52:08.14 (18011247)|ENTERING_MANAGED_PKG|Centify
11:52:08.14 (18029346)|ENTERING_MANAGED_PKG|Centify
11:52:08.14 (18209026)|ENTERING_MANAGED_PKG|Centify
11:52:08.14 (58039842)|ENTERING_MANAGED_PKG|Centify
11:52:08.14 (58115574)|ENTERING_MANAGED_PKG|Centify
11:52:08.14 (58220958)|ENTERING_MANAGED_PKG|Centify
11:52:08.14 (58260291)|ENTERING_MANAGED_PKG|Centify
11:52:08.14 (272572597)|ENTERING_MANAGED_PKG|Centify
11:52:08.14 (315115747)|ENTERING_MANAGED_PKG|Centify
11:52:08.14 (329786338)|ENTERING_MANAGED_PKG|Centify
11:52:08.14 (329835312)|ENTERING_MANAGED_PKG|Centify
11:52:08.14 (329908108)|ENTERING_MANAGED_PKG|Centify
11:52:08.14 (329939278)|ENTERING_MANAGED_PKG|Centify
11:52:08.14 (330000516)|ENTERING_MANAGED_PKG|Centify
11:52:08.14 (362083162)|ENTERING_MANAGED_PKG|Centify
11:52:08.14 (380939342)|ENTERING_MANAGED_PKG|Centify
11:52:08.14 (381005225)|ENTERING_MANAGED_PKG|Centify
11:52:08.14 (381100618)|ENTERING_MANAGED_PKG|Centify
11:52:08.14 (381142403)|ENTERING_MANAGED_PKG|Centify
11:52:08.14 (381228763)|ENTERING_MANAGED_PKG|Centify
11:52:08.14 (412328959)|ENTERING_MANAGED_PKG|Centify
11:52:08.14 (428919743)|ENTERING_MANAGED_PKG|Centify
11:52:08.14 (428976409)|ENTERING_MANAGED_PKG|Centify
11:52:08.14 (429060473)|ENTERING_MANAGED_PKG|Centify
11:52:08.14 (429097788)|ENTERING_MANAGED_PKG|Centify
11:52:08.14 (429173288)|ENTERING_MANAGED_PKG|Centify
11:52:08.14 (453840807)|ENTERING_MANAGED_PKG|Centify
11:52:08.14 (470158262)|ENTERING_MANAGED_PKG|Centify
11:52:08.14 (470214855)|ENTERING_MANAGED_PKG|Centify
11:52:08.14 (470294745)|ENTERING_MANAGED_PKG|Centify
11:52:08.14 (470327416)|ENTERING_MANAGED_PKG|Centify
11:52:08.14 (470390809)|ENTERING_MANAGED_PKG|Centify
11:52:08.14 (495890807)|ENTERING_MANAGED_PKG|Centify
11:52:08.14 (511096211)|ENTERING_MANAGED_PKG|Centify
11:52:08.14 (511154191)|ENTERING_MANAGED_PKG|Centify
11:52:08.14 (511230475)|ENTERING_MANAGED_PKG|Centify
11:52:08.14 (511262365)|ENTERING_MANAGED_PKG|Centify
11:52:08.14 (511324942)|ENTERING_MANAGED_PKG|Centify
11:52:08.14 (536187372)|ENTERING_MANAGED_PKG|Centify
11:52:08.14 (551199789)|ENTERING_MANAGED_PKG|Centify
11:52:08.14 (551249534)|ENTERING_MANAGED_PKG|Centify
11:52:08.14 (551323718)|ENTERING_MANAGED_PKG|Centify
11:52:08.14 (551355380)|ENTERING_MANAGED_PKG|Centify
11:52:08.14 (551417647)|ENTERING_MANAGED_PKG|Centify
11:52:08.14 (575169230)|ENTERING_MANAGED_PKG|Centify
11:52:08.14 (589237326)|ENTERING_MANAGED_PKG|Centify
11:52:08.14 (589286303)|ENTERING_MANAGED_PKG|Centify
11:52:08.14 (589358371)|ENTERING_MANAGED_PKG|Centify
11:52:08.14 (589390556)|ENTERING_MANAGED_PKG|Centify
11:52:08.14 (589451653)|ENTERING_MANAGED_PKG|Centify
11:52:08.14 (613027507)|ENTERING_MANAGED_PKG|Centify
11:52:08.14 (627217008)|ENTERING_MANAGED_PKG|Centify
11:52:08.14 (627261859)|ENTERING_MANAGED_PKG|Centify
11:52:08.14 (627333595)|ENTERING_MANAGED_PKG|Centify
11:52:08.14 (627365436)|ENTERING_MANAGED_PKG|Centify
11:52:08.14 (627426923)|ENTERING_MANAGED_PKG|Centify
11:52:08.14 (648831030)|ENTERING_MANAGED_PKG|Centify
11:52:08.14 (663013412)|ENTERING_MANAGED_PKG|Centify
11:52:08.14 (663063426)|ENTERING_MANAGED_PKG|Centify
11:52:08.14 (663137833)|ENTERING_MANAGED_PKG|Centify
11:52:08.14 (663168020)|ENTERING_MANAGED_PKG|Centify
11:52:08.14 (663229552)|ENTERING_MANAGED_PKG|Centify
11:52:08.14 (727203308)|ENTERING_MANAGED_PKG|Centify
11:52:08.14 (742597660)|ENTERING_MANAGED_PKG|Centify
11:52:08.14 (742648022)|ENTERING_MANAGED_PKG|Centify
11:52:08.14 (742726085)|ENTERING_MANAGED_PKG|Centify
11:52:08.14 (742758409)|ENTERING_MANAGED_PKG|Centify
11:52:08.14 (742820182)|ENTERING_MANAGED_PKG|Centify
11:52:08.14 (767707245)|ENTERING_MANAGED_PKG|Centify
11:52:08.14 (783463828)|ENTERING_MANAGED_PKG|Centify
11:52:08.14 (783518803)|ENTERING_MANAGED_PKG|Centify
11:52:08.14 (783612248)|ENTERING_MANAGED_PKG|Centify
11:52:08.14 (783652170)|ENTERING_MANAGED_PKG|Centify
11:52:08.14 (783723790)|ENTERING_MANAGED_PKG|Centify
11:52:08.14 (811216742)|ENTERING_MANAGED_PKG|Centify
11:52:08.14 (826528127)|ENTERING_MANAGED_PKG|Centify
11:52:08.14 (826580112)|ENTERING_MANAGED_PKG|Centify
11:52:08.14 (826654100)|ENTERING_MANAGED_PKG|Centify
11:52:08.14 (826686710)|ENTERING_MANAGED_PKG|Centify
11:52:08.14 (826752964)|ENTERING_MANAGED_PKG|Centify
11:52:08.14 (851394417)|ENTERING_MANAGED_PKG|Centify
11:52:08.14 (866164826)|ENTERING_MANAGED_PKG|Centify
11:52:08.14 (866208149)|ENTERING_MANAGED_PKG|Centify
11:52:08.14 (866277477)|ENTERING_MANAGED_PKG|Centify
11:52:08.14 (866308372)|ENTERING_MANAGED_PKG|Centify
11:52:08.14 (866367652)|ENTERING_MANAGED_PKG|Centify
11:52:08.14 (890105713)|ENTERING_MANAGED_PKG|Centify
11:52:08.14 (890165980)|ENTERING_MANAGED_PKG|Centify
11:52:08.14 (890311634)|ENTERING_MANAGED_PKG|Centify
11:52:08.14 (890349514)|ENTERING_MANAGED_PKG|Centify
11:52:08.14 (890379509)|ENTERING_MANAGED_PKG|Centify
11:52:08.14 (891604548)|ENTERING_MANAGED_PKG|Centify
11:52:08.14 (891683382)|ENTERING_MANAGED_PKG|Centify
11:52:08.14 (893409157)|ENTERING_MANAGED_PKG|Centify
11:52:08.14 (893466011)|ENTERING_MANAGED_PKG|Centify
11:52:08.14 (893547050)|ENTERING_MANAGED_PKG|Centify
11:52:08.14 (894096001)|ENTERING_MANAGED_PKG|Centify
11:52:08.14 (894941158)|SOQL_EXECUTE_BEGIN|[16]|Aggregations:0|select id,lastmodifieddate,isdeleted,call_duration_min__c,createddate,tasksubtype,isclosed,subject,ownerid,activitydate,status,whatid,calldurationinseconds,calltype from Task where LastModifiedDate >2018-11-06T01:50:26Z AND LastModifiedDate < 2018-11-06T01:52:14Z AND (   CallType = 'Outbound'  OR  CallType = 'Inbound'  )  ORDER BY SystemModStamp DESC LIMIT 5000  ALL ROWS
11:52:08.14 (903025867)|SOQL_EXECUTE_END|[16]|Rows:7
11:52:08.925 (925176090)|CUMULATIVE_LIMIT_USAGE
11:52:08.925 (925176090)|LIMIT_USAGE_FOR_NS|(default)|
  Number of SOQL queries: 0 out of 200
  Number of query rows: 0 out of 50000
  Number of SOSL queries: 0 out of 20
  Number of DML statements: 0 out of 150
  Number of DML rows: 0 out of 10000
  Maximum CPU time: 0 out of 60000
  Maximum heap size: 0 out of 12000000
  Number of callouts: 0 out of 0
  Number of Email Invocations: 0 out of 10
  Number of future calls: 0 out of 0
  Number of queueable jobs added to the queue: 0 out of 1
  Number of Mobile Apex push calls: 0 out of 10

11:52:08.925 (925176090)|LIMIT_USAGE_FOR_NS|Centify|
  Number of SOQL queries: 0 out of 200
  Number of query rows: 0 out of 50000
  Number of SOSL queries: 0 out of 20
  Number of DML statements: 0 out of 150
  Number of DML rows: 0 out of 10000
  Maximum CPU time: 0 out of 60000
  Maximum heap size: 0 out of 12000000
  Number of callouts: 0 out of 0
  Number of Email Invocations: 0 out of 10
  Number of future calls: 0 out of 0
  Number of queueable jobs added to the queue: 0 out of 1
  Number of Mobile Apex push calls: 0 out of 10

11:52:08.925 (925176090)|CUMULATIVE_LIMIT_USAGE_END

