20.0 APEX_CODE,FINEST;APEX_PROFILING,INFO;CALLOUT,INFO;DB,INFO;NBA,INFO;SYSTEM,DEBUG;VALIDATION,INFO;VISUALFORCE,INFO;WAVE,INFO;WORKFLOW,INFO
17:13:59.0 (122637)|USER_INFO|[EXTERNAL]|00590000000Vmmq|ben@bjbglobal.com.au|Australian Eastern Standard Time|GMT+10:00
17:13:59.0 (163302)|EXECUTION_STARTED
17:13:59.0 (168956)|CODE_UNIT_STARTED|[EXTERNAL]|01p90000000JZC2|SLXWebService.validateAccountCredentials(String, String)
17:13:59.0 (632857)|HEAP_ALLOCATE|[72]|Bytes:3
17:13:59.0 (691989)|HEAP_ALLOCATE|[77]|Bytes:152
17:13:59.0 (709125)|HEAP_ALLOCATE|[342]|Bytes:408
17:13:59.0 (723822)|HEAP_ALLOCATE|[355]|Bytes:408
17:13:59.0 (737491)|HEAP_ALLOCATE|[467]|Bytes:48
17:13:59.0 (767494)|HEAP_ALLOCATE|[139]|Bytes:6
17:13:59.0 (789109)|HEAP_ALLOCATE|[EXTERNAL]|Bytes:430
17:13:59.0 (797719)|HEAP_ALLOCATE|[EXTERNAL]|Bytes:108
17:13:59.0 (803003)|HEAP_ALLOCATE|[EXTERNAL]|Bytes:1145
17:13:59.0 (813957)|METHOD_ENTRY|[1]|01p90000000JZC2|SLXWebService.SLXWebService()
17:13:59.0 (820363)|STATEMENT_EXECUTE|[1]
17:13:59.0 (825558)|STATEMENT_EXECUTE|[1]
17:13:59.0 (827436)|STATEMENT_EXECUTE|[5]
17:13:59.0 (828943)|STATEMENT_EXECUTE|[7]
17:13:59.0 (830631)|STATEMENT_EXECUTE|[12]
17:13:59.0 (832561)|STATEMENT_EXECUTE|[17]
17:13:59.0 (834301)|STATEMENT_EXECUTE|[22]
17:13:59.0 (835910)|STATEMENT_EXECUTE|[27]
17:13:59.0 (837528)|STATEMENT_EXECUTE|[47]
17:13:59.0 (839097)|STATEMENT_EXECUTE|[52]
17:13:59.0 (840839)|STATEMENT_EXECUTE|[57]
17:13:59.0 (842577)|STATEMENT_EXECUTE|[62]
17:13:59.0 (844360)|STATEMENT_EXECUTE|[67]
17:13:59.0 (851084)|STATEMENT_EXECUTE|[72]
17:13:59.0 (854155)|STATEMENT_EXECUTE|[77]
17:13:59.0 (856096)|STATEMENT_EXECUTE|[82]
17:13:59.0 (857613)|STATEMENT_EXECUTE|[87]
17:13:59.0 (859289)|STATEMENT_EXECUTE|[91]
17:13:59.0 (864021)|METHOD_EXIT|[1]|SLXWebService
17:13:59.0 (870889)|HEAP_ALLOCATE|[EXTERNAL]|Bytes:29
17:13:59.0 (874417)|HEAP_ALLOCATE|[EXTERNAL]|Bytes:11
17:13:59.0 (883168)|VARIABLE_SCOPE_BEGIN|[802]|name|String|false|false
17:13:59.0 (913379)|VARIABLE_ASSIGNMENT|[802]|name|"sam@buildcleanadelai (9 more) ..."
17:13:59.0 (920386)|VARIABLE_SCOPE_BEGIN|[802]|password|String|false|false
17:13:59.0 (929530)|VARIABLE_ASSIGNMENT|[802]|password|"Fishing1010"
17:13:59.0 (940128)|STATEMENT_EXECUTE|[802]
17:13:59.0 (942456)|STATEMENT_EXECUTE|[803]
17:13:59.0 (1056629)|HEAP_ALLOCATE|[803]|Bytes:16
17:13:59.0 (1085072)|CONSTRUCTOR_ENTRY|[803]|01p90000000JZC2|<init>()|SLXWebService.WebServiceResultAccount
17:13:59.0 (1119060)|VARIABLE_SCOPE_BEGIN|[52]|this|SLXWebService.WebServiceResultAccount|true|false
17:13:59.0 (1177943)|VARIABLE_ASSIGNMENT|[52]|this|{}|0x480639a7
17:13:59.0 (1194091)|HEAP_ALLOCATE|[EXTERNAL]|Bytes:6
17:13:59.0 (1250564)|STATEMENT_EXECUTE|[52]
17:13:59.0 (1253760)|STATEMENT_EXECUTE|[53]
17:13:59.0 (1262407)|STATEMENT_EXECUTE|[54]
17:13:59.0 (1266433)|STATEMENT_EXECUTE|[55]
17:13:59.0 (1276658)|CONSTRUCTOR_EXIT|[803]|01p90000000JZC2|<init>()|SLXWebService.WebServiceResultAccount
17:13:59.0 (1286125)|VARIABLE_SCOPE_BEGIN|[803]|return_result|SLXWebService.WebServiceResultAccount|true|false
17:13:59.0 (1308178)|VARIABLE_ASSIGNMENT|[803]|return_result|{}|0x480639a7
17:13:59.0 (1315292)|STATEMENT_EXECUTE|[805]
17:13:59.0 (1317220)|STATEMENT_EXECUTE|[805]
17:13:59.0 (1411884)|HEAP_ALLOCATE|[50]|Bytes:5
17:13:59.0 (1435840)|HEAP_ALLOCATE|[56]|Bytes:5
17:13:59.0 (1444787)|HEAP_ALLOCATE|[64]|Bytes:7
17:13:59.0 (1459070)|STATEMENT_EXECUTE|[806]
17:13:59.0 (1467985)|STATEMENT_EXECUTE|[813]
17:13:59.0 (1499621)|HEAP_ALLOCATE|[813]|Bytes:29
17:13:59.0 (1527428)|HEAP_ALLOCATE|[813]|Bytes:29
17:13:59.0 (1547093)|VARIABLE_ASSIGNMENT|[813]|name|"sam@buildcleanadelai (9 more) ..."
17:13:59.0 (1552721)|STATEMENT_EXECUTE|[814]
17:13:59.0 (1573888)|HEAP_ALLOCATE|[814]|Bytes:11
17:13:59.0 (1594006)|VARIABLE_ASSIGNMENT|[814]|password|"Fishing1010"
17:13:59.0 (1599496)|STATEMENT_EXECUTE|[815]
17:13:59.0 (1607081)|HEAP_ALLOCATE|[816]|Bytes:705
17:13:59.0 (1630252)|HEAP_ALLOCATE|[816]|Bytes:4
17:13:59.0 (1645014)|HEAP_ALLOCATE|[816]|Bytes:7
17:13:59.0 (5300583)|SOQL_EXECUTE_BEGIN|[816]|Aggregations:3|SELECT Id, Name, username__c, password__c, Xero_Sync_ID__c, Payment_Option__c, Unique_Id__c, IsDeleted, CreatedDate, LastModifiedDate, Account.Owner.FirstName, Account.Owner.LastName, Account.Owner.Email, Account.Owner.Phone, Account.Owner.Extension, (SELECT Id, Name, FirstName, LastName, Email, Title FROM Contacts), (SELECT Id, Name, Description__c, Product_Number__c, Product_Package__c, Product_Price__c, Product_Status__c, Recurring_Frequency__c, Recurring_Period__c, Adwords_Email__c, Adwords_ID__c, Start_Date__c, End_Date__c, OwnerId FROM Account_Products__r), (SELECT Id, Name, Last_Crawl_Date__c, Send_SEO_Report__c, website_url__c FROM seoWebsites__r) FROM Account WHERE username__c = :tmpVar1
17:13:59.0 (25867408)|SOQL_EXECUTE_END|[816]|Rows:1
17:13:59.0 (25971351)|HEAP_ALLOCATE|[816]|Bytes:8
17:13:59.0 (26083984)|HEAP_ALLOCATE|[816]|Bytes:2793
17:13:59.0 (26269555)|HEAP_ALLOCATE|[816]|Bytes:8
17:13:59.0 (26301761)|VARIABLE_SCOPE_BEGIN|[815]|accounts|List<Account>|true|false
17:13:59.0 (26589392)|VARIABLE_ASSIGNMENT|[815]|accounts|[{"Id":"0016F00002FEYwsQAH","Name":"Build Clean Adelaide (8 more) ...","username__c":"sam@buildcleanadelai (9 more) ...","password__c":"Fishing1010","Payment_Option__c":"Eway","Unique_Id__c":"405556","IsDeleted":false,"CreatedDate":"2018-02-06T02:18:09.000Z","LastModifiedDate":"2018-11-20T18:24:20.000Z","OwnerId":"0056F000009LzUGQA0","Account_Products__r":[{"Account__c":"0016F00002FEYwsQAH","Id":"a076F00000mSCb9QAG","Name":"Adwords Optimised We (15 more) ...","Description__c":"sponsoredlinx.com.au (8 more) ...","Product_Number__c":"P313759","Product_Price__c":99.00,"Product_Status__c":"Active","Recurring_Period__c":"Weekly","Adwords_ID__c":"597-523-4282","OwnerId":"0056F000009LzUGQA0"},{"Account__c":"0016F00002FEYwsQAH","Id":"a076F00000mSCbAQAW","Name":"Adwords Optimised Se (3 more) ...","Description__c":"sponsoredlinx.com.au (8 more) ...","Product_Number__c":"P313760","Product_Price__c":99.00,"Product_Status__c":"Active","Adwords_ID__c":"597-523-4282","OwnerId":"0056F000007PfxzQAC"},{"Account__c":"0016F00002FEYwsQAH","Id":"a076F00000mTacvQAC","Name":"ConvertoPages Monthl (12 more) ...","Description__c":"ConvertoPages Monthl (12 more) ...","Product_Number__c":"P335190","Product_Price__c":0.00,"Product_Status__c":"Active","Recurring_Period__c":"Monthly","OwnerId":"0056F0000062ZITQA2"},{"Account__c":"0016F00002FEYwsQAH","Id":"a076F00000qKUAcQAO","Name":"SEO Premium Monthly  (10 more) ...","Description__c":"sponsoredlinx.com.au (8 more) ...","Product_Number__c":"P379797","Product_Price__c":1099.00,"Product_Status__c":"Active","Recurring_Period__c":"Monthly","OwnerId":"0056F000007WBOiQAO"},{"Account__c":"0016F00002FEYwsQAH","Id":"a076F00000qKUAdQAO","Name":"Content Pack 5 Pages","Description__c":"sponsoredlinx.com.au (8 more) ...","Product_Number__c":"P379798","Product_Price__c":499.00,"Product_Status__c":"Active","Recurring_Period__c":"N/A","OwnerId":"0056F000006HQLxQAO"}],"seoWebsites__r":[{"Account__c":"0016F00002FEYwsQAH","Id":"a166F00000AJwykQAD","Name":"Build Clean Adelaide","Send_SEO_Report__c":false,"website_url__c":"buildcleanadelaide.c (5 more) ..."}],"Contacts":[{"AccountId":"0016F00002FEYwsQAH","Id":"0036F00002NTyqTQAT","Name":"Sam Ackland","FirstName":"Sam","LastName":"Ackland","Email":"sam@buildcleanadelai (9 more) ...","Title":"Billing"},{"AccountId":"0016F00002FEYwsQAH","Id":"0036F00002NTyqUQAT","Name":"Sam Ackland","FirstName":"Sam","LastName":"Ackland","Email":"sam@buildcleanadelai (9 more) ...","Title":"Reports"},{"AccountId":"0016F00002FEYwsQAH","Id":"0036F00002NTyqVQAT","Name":"Sam Ackland","FirstName":"Sam","LastName":"Ackland","Email":"sam@buildcleanadelai (9 more) ...","Title":"Marketing"}],"Owner":{"Id":"0056F000009LzUGQA0","FirstName":"Cameron","LastName":"Asher","Email":"cameron.asher@sponso (11 more) ...","Phone":"1300332256","Extension":"524"}}]|0x451372ca
17:13:59.0 (26775157)|STATEMENT_EXECUTE|[874]
17:13:59.0 (26780367)|STATEMENT_EXECUTE|[875]
17:13:59.0 (26807484)|HEAP_ALLOCATE|[875]|Bytes:60
17:13:59.0 (26823681)|VARIABLE_SCOPE_BEGIN|[875]|account|Account|true|false
17:13:59.0 (27083561)|VARIABLE_ASSIGNMENT|[875]|account|{"Id":"0016F00002FEYwsQAH","Name":"Build Clean Adelaide (8 more) ...","username__c":"sam@buildcleanadelai (9 more) ...","password__c":"Fishing1010","Payment_Option__c":"Eway","Unique_Id__c":"405556","IsDeleted":false,"CreatedDate":"2018-02-06T02:18:09.000Z","LastModifiedDate":"2018-11-20T18:24:20.000Z","OwnerId":"0056F000009LzUGQA0","Account_Products__r":[{"Account__c":"0016F00002FEYwsQAH","Id":"a076F00000mSCb9QAG","Name":"Adwords Optimised We (15 more) ...","Description__c":"sponsoredlinx.com.au (8 more) ...","Product_Number__c":"P313759","Product_Price__c":99.00,"Product_Status__c":"Active","Recurring_Period__c":"Weekly","Adwords_ID__c":"597-523-4282","OwnerId":"0056F000009LzUGQA0"},{"Account__c":"0016F00002FEYwsQAH","Id":"a076F00000mSCbAQAW","Name":"Adwords Optimised Se (3 more) ...","Description__c":"sponsoredlinx.com.au (8 more) ...","Product_Number__c":"P313760","Product_Price__c":99.00,"Product_Status__c":"Active","Adwords_ID__c":"597-523-4282","OwnerId":"0056F000007PfxzQAC"},{"Account__c":"0016F00002FEYwsQAH","Id":"a076F00000mTacvQAC","Name":"ConvertoPages Monthl (12 more) ...","Description__c":"ConvertoPages Monthl (12 more) ...","Product_Number__c":"P335190","Product_Price__c":0.00,"Product_Status__c":"Active","Recurring_Period__c":"Monthly","OwnerId":"0056F0000062ZITQA2"},{"Account__c":"0016F00002FEYwsQAH","Id":"a076F00000qKUAcQAO","Name":"SEO Premium Monthly  (10 more) ...","Description__c":"sponsoredlinx.com.au (8 more) ...","Product_Number__c":"P379797","Product_Price__c":1099.00,"Product_Status__c":"Active","Recurring_Period__c":"Monthly","OwnerId":"0056F000007WBOiQAO"},{"Account__c":"0016F00002FEYwsQAH","Id":"a076F00000qKUAdQAO","Name":"Content Pack 5 Pages","Description__c":"sponsoredlinx.com.au (8 more) ...","Product_Number__c":"P379798","Product_Price__c":499.00,"Product_Status__c":"Active","Recurring_Period__c":"N/A","OwnerId":"0056F000006HQLxQAO"}],"seoWebsites__r":[{"Account__c":"0016F00002FEYwsQAH","Id":"a166F00000AJwykQAD","Name":"Build Clean Adelaide","Send_SEO_Report__c":false,"website_url__c":"buildcleanadelaide.c (5 more) ..."}],"Contacts":[{"AccountId":"0016F00002FEYwsQAH","Id":"0036F00002NTyqTQAT","Name":"Sam Ackland","FirstName":"Sam","LastName":"Ackland","Email":"sam@buildcleanadelai (9 more) ...","Title":"Billing"},{"AccountId":"0016F00002FEYwsQAH","Id":"0036F00002NTyqUQAT","Name":"Sam Ackland","FirstName":"Sam","LastName":"Ackland","Email":"sam@buildcleanadelai (9 more) ...","Title":"Reports"},{"AccountId":"0016F00002FEYwsQAH","Id":"0036F00002NTyqVQAT","Name":"Sam Ackland","FirstName":"Sam","LastName":"Ackland","Email":"sam@buildcleanadelai (9 more) ...","Title":"Marketing"}],"Owner":{"Id":"0056F000009LzUGQA0","FirstName":"Cameron","LastName":"Asher","Email":"cameron.asher@sponso (11 more) ...","Phone":"1300332256","Extension":"524"}}|0x74ded039
17:13:59.0 (27274621)|STATEMENT_EXECUTE|[876]
17:13:59.0 (27279522)|STATEMENT_EXECUTE|[877]
17:13:59.0 (27306934)|HEAP_ALLOCATE|[877]|Bytes:5
17:13:59.0 (27334810)|VARIABLE_ASSIGNMENT|[877]|this.status|true|0x480639a7
17:13:59.0 (27344088)|STATEMENT_EXECUTE|[878]
17:13:59.0 (27548518)|VARIABLE_ASSIGNMENT|[878]|this.result|{"Id":"0016F00002FEYwsQAH","Name":"Build Clean Adelaide (8 more) ...","username__c":"sam@buildcleanadelai (9 more) ...","password__c":"Fishing1010","Payment_Option__c":"Eway","Unique_Id__c":"405556","IsDeleted":false,"CreatedDate":"2018-02-06T02:18:09.000Z","LastModifiedDate":"2018-11-20T18:24:20.000Z","OwnerId":"0056F000009LzUGQA0","Account_Products__r":[{"Account__c":"0016F00002FEYwsQAH","Id":"a076F00000mSCb9QAG","Name":"Adwords Optimised We (15 more) ...","Description__c":"sponsoredlinx.com.au (8 more) ...","Product_Number__c":"P313759","Product_Price__c":99.00,"Product_Status__c":"Active","Recurring_Period__c":"Weekly","Adwords_ID__c":"597-523-4282","OwnerId":"0056F000009LzUGQA0"},{"Account__c":"0016F00002FEYwsQAH","Id":"a076F00000mSCbAQAW","Name":"Adwords Optimised Se (3 more) ...","Description__c":"sponsoredlinx.com.au (8 more) ...","Product_Number__c":"P313760","Product_Price__c":99.00,"Product_Status__c":"Active","Adwords_ID__c":"597-523-4282","OwnerId":"0056F000007PfxzQAC"},{"Account__c":"0016F00002FEYwsQAH","Id":"a076F00000mTacvQAC","Name":"ConvertoPages Monthl (12 more) ...","Description__c":"ConvertoPages Monthl (12 more) ...","Product_Number__c":"P335190","Product_Price__c":0.00,"Product_Status__c":"Active","Recurring_Period__c":"Monthly","OwnerId":"0056F0000062ZITQA2"},{"Account__c":"0016F00002FEYwsQAH","Id":"a076F00000qKUAcQAO","Name":"SEO Premium Monthly  (10 more) ...","Description__c":"sponsoredlinx.com.au (8 more) ...","Product_Number__c":"P379797","Product_Price__c":1099.00,"Product_Status__c":"Active","Recurring_Period__c":"Monthly","OwnerId":"0056F000007WBOiQAO"},{"Account__c":"0016F00002FEYwsQAH","Id":"a076F00000qKUAdQAO","Name":"Content Pack 5 Pages","Description__c":"sponsoredlinx.com.au (8 more) ...","Product_Number__c":"P379798","Product_Price__c":499.00,"Product_Status__c":"Active","Recurring_Period__c":"N/A","OwnerId":"0056F000006HQLxQAO"}],"seoWebsites__r":[{"Account__c":"0016F00002FEYwsQAH","Id":"a166F00000AJwykQAD","Name":"Build Clean Adelaide","Send_SEO_Report__c":false,"website_url__c":"buildcleanadelaide.c (5 more) ..."}],"Contacts":[{"AccountId":"0016F00002FEYwsQAH","Id":"0036F00002NTyqTQAT","Name":"Sam Ackland","FirstName":"Sam","LastName":"Ackland","Email":"sam@buildcleanadelai (9 more) ...","Title":"Billing"},{"AccountId":"0016F00002FEYwsQAH","Id":"0036F00002NTyqUQAT","Name":"Sam Ackland","FirstName":"Sam","LastName":"Ackland","Email":"sam@buildcleanadelai (9 more) ...","Title":"Reports"},{"AccountId":"0016F00002FEYwsQAH","Id":"0036F00002NTyqVQAT","Name":"Sam Ackland","FirstName":"Sam","LastName":"Ackland","Email":"sam@buildcleanadelai (9 more) ...","Title":"Marketing"}],"Owner":{"Id":"0056F000009LzUGQA0","FirstName":"Cameron","LastName":"Asher","Email":"cameron.asher@sponso (11 more) ...","Phone":"1300332256","Extension":"524"}}|0x480639a7
17:13:59.0 (27629373)|STATEMENT_EXECUTE|[879]
17:13:59.0 (27644031)|HEAP_ALLOCATE|[879]|Bytes:42
17:13:59.0 (27666935)|VARIABLE_ASSIGNMENT|[879]|this.message|"Account credentials  (22 more) ..."|0x480639a7
17:13:59.0 (27677828)|STATEMENT_EXECUTE|[899]
17:13:59.27 (27732213)|CUMULATIVE_LIMIT_USAGE
17:13:59.27 (27732213)|LIMIT_USAGE_FOR_NS|(default)|
  Number of SOQL queries: 1 out of 100
  Number of query rows: 10 out of 50000
  Number of SOSL queries: 0 out of 20
  Number of DML statements: 0 out of 150
  Number of DML rows: 0 out of 10000
  Maximum CPU time: 0 out of 10000
  Maximum heap size: 0 out of 6000000
  Number of callouts: 0 out of 100
  Number of Email Invocations: 0 out of 10
  Number of future calls: 0 out of 50
  Number of queueable jobs added to the queue: 0 out of 50
  Number of Mobile Apex push calls: 0 out of 10

17:13:59.27 (27732213)|CUMULATIVE_LIMIT_USAGE_END

17:13:59.0 (27778703)|CODE_UNIT_FINISHED|SLXWebService.validateAccountCredentials(String, String)
17:13:59.0 (29023554)|EXECUTION_FINISHED
17:13:59.30 (30312351)|USER_INFO|[EXTERNAL]|00590000000Vmmq|ben@bjbglobal.com.au|Australian Eastern Standard Time|GMT+10:00
17:13:59.30 (30339950)|EXECUTION_STARTED
17:13:59.30 (30346445)|CODE_UNIT_STARTED|[EXTERNAL]|common.apex.soap.impl.ApexObjectSerializer
17:13:59.30 (30428492)|CODE_UNIT_FINISHED|common.apex.soap.impl.ApexObjectSerializer
17:13:59.30 (31678705)|EXECUTION_FINISHED
17:13:59.31 (31824745)|USER_INFO|[EXTERNAL]|00590000000Vmmq|ben@bjbglobal.com.au|Australian Eastern Standard Time|GMT+10:00
17:13:59.31 (31847173)|EXECUTION_STARTED
17:13:59.31 (31852192)|CODE_UNIT_STARTED|[EXTERNAL]|common.apex.soap.impl.ApexObjectSerializer
17:13:59.31 (32250647)|CODE_UNIT_FINISHED|common.apex.soap.impl.ApexObjectSerializer
17:13:59.31 (33562570)|EXECUTION_FINISHED
