37.0 APEX_CODE,FINEST;APEX_PROFILING,INFO;CALLOUT,INFO;DB,INFO;NBA,INFO;SYSTEM,DEBUG;VALIDATION,INFO;VISUALFORCE,INFO;WAVE,INFO;WORKFLOW,INFO
18:01:00.11 (11784337)|ENTERING_MANAGED_PKG|Centify
18:01:00.11 (12484647)|ENTERING_MANAGED_PKG|Centify
18:01:00.11 (12521058)|ENTERING_MANAGED_PKG|Centify
18:01:00.11 (12819060)|ENTERING_MANAGED_PKG|Centify
18:01:00.11 (12859834)|ENTERING_MANAGED_PKG|Centify
18:01:00.11 (18099958)|ENTERING_MANAGED_PKG|Centify
18:01:00.11 (18194480)|ENTERING_MANAGED_PKG|Centify
18:01:00.11 (20565912)|ENTERING_MANAGED_PKG|Centify
18:01:00.11 (21066135)|ENTERING_MANAGED_PKG|Centify
18:01:00.11 (21214407)|ENTERING_MANAGED_PKG|Centify
18:01:00.11 (21266278)|ENTERING_MANAGED_PKG|Centify
18:01:00.11 (26225489)|ENTERING_MANAGED_PKG|Centify
18:01:00.11 (26297931)|ENTERING_MANAGED_PKG|Centify
18:01:00.11 (26498071)|ENTERING_MANAGED_PKG|Centify
18:01:00.11 (28792032)|ENTERING_MANAGED_PKG|Centify
18:01:00.11 (28833251)|ENTERING_MANAGED_PKG|Centify
18:01:00.11 (28932024)|ENTERING_MANAGED_PKG|Centify
18:01:00.11 (29664241)|ENTERING_MANAGED_PKG|Centify
18:01:00.11 (30958135)|ENTERING_MANAGED_PKG|Centify
18:01:00.11 (30998135)|ENTERING_MANAGED_PKG|Centify
18:01:00.11 (31055735)|ENTERING_MANAGED_PKG|Centify
18:01:00.11 (31678671)|ENTERING_MANAGED_PKG|Centify
18:01:00.11 (31710463)|ENTERING_MANAGED_PKG|Centify
18:01:00.11 (31762244)|ENTERING_MANAGED_PKG|Centify
18:01:00.11 (32295735)|ENTERING_MANAGED_PKG|Centify
18:01:00.11 (35220320)|ENTERING_MANAGED_PKG|Centify
18:01:00.11 (35691874)|ENTERING_MANAGED_PKG|Centify
18:01:00.11 (35789793)|ENTERING_MANAGED_PKG|Centify
18:01:00.11 (37314809)|ENTERING_MANAGED_PKG|Centify
18:01:00.11 (37360304)|ENTERING_MANAGED_PKG|Centify
18:01:00.11 (37417347)|ENTERING_MANAGED_PKG|Centify
18:01:00.11 (37495973)|ENTERING_MANAGED_PKG|Centify
18:01:00.11 (37715585)|ENTERING_MANAGED_PKG|Centify
18:01:00.11 (40273517)|SOQL_EXECUTE_BEGIN|[28]|Aggregations:0|SELECT Id FROM ApexClass WHERE Name = :tmpVar1
18:01:00.11 (55094928)|SOQL_EXECUTE_END|[28]|Rows:1
18:01:00.11 (55669867)|SOQL_EXECUTE_BEGIN|[49]|Aggregations:0|SELECT COUNT() FROM AsyncApexJob WHERE (ApexClassId = :tmpVar1 AND Status IN ('Queued', 'Holding', 'Preparing', 'Processing'))
18:01:00.11 (60415599)|SOQL_EXECUTE_END|[49]|Rows:0
18:01:00.11 (60519916)|ENTERING_MANAGED_PKG|Centify
18:01:00.11 (69915922)|ENTERING_MANAGED_PKG|Centify
18:01:00.11 (71744069)|ENTERING_MANAGED_PKG|Centify
18:01:00.11 (72349883)|ENTERING_MANAGED_PKG|Centify
18:01:00.11 (72503364)|ENTERING_MANAGED_PKG|Centify
18:01:00.11 (72550982)|ENTERING_MANAGED_PKG|Centify
18:01:00.11 (97809199)|ENTERING_MANAGED_PKG|Centify
18:01:00.11 (98000865)|ENTERING_MANAGED_PKG|Centify
18:01:00.11 (105113573)|ENTERING_MANAGED_PKG|Centify
18:01:00.11 (107082144)|ENTERING_MANAGED_PKG|Centify
18:01:00.11 (108494310)|ENTERING_MANAGED_PKG|Centify
18:01:00.11 (110035771)|ENTERING_MANAGED_PKG|Centify
18:01:00.11 (110186062)|ENTERING_MANAGED_PKG|Centify
18:01:00.11 (112150213)|ENTERING_MANAGED_PKG|Centify
18:01:00.11 (112353693)|ENTERING_MANAGED_PKG|Centify
18:01:00.11 (112458468)|ENTERING_MANAGED_PKG|Centify
18:01:00.11 (112758803)|ENTERING_MANAGED_PKG|Centify
18:01:00.11 (113064611)|ENTERING_MANAGED_PKG|Centify
18:01:00.11 (113264573)|ENTERING_MANAGED_PKG|Centify
18:01:00.11 (113479476)|ENTERING_MANAGED_PKG|Centify
18:01:00.11 (113646409)|ENTERING_MANAGED_PKG|Centify
18:01:00.11 (113761297)|ENTERING_MANAGED_PKG|Centify
18:01:00.11 (113934009)|ENTERING_MANAGED_PKG|Centify
18:01:00.11 (114118820)|ENTERING_MANAGED_PKG|Centify
18:01:00.11 (114305042)|ENTERING_MANAGED_PKG|Centify
18:01:00.11 (114461961)|ENTERING_MANAGED_PKG|Centify
18:01:00.11 (114630386)|ENTERING_MANAGED_PKG|Centify
18:01:00.11 (114793142)|ENTERING_MANAGED_PKG|Centify
18:01:00.11 (114944155)|ENTERING_MANAGED_PKG|Centify
18:01:00.11 (115135879)|ENTERING_MANAGED_PKG|Centify
18:01:00.11 (115321707)|ENTERING_MANAGED_PKG|Centify
18:01:00.11 (115710337)|ENTERING_MANAGED_PKG|Centify
18:01:00.11 (115937857)|ENTERING_MANAGED_PKG|Centify
18:01:00.11 (116134758)|ENTERING_MANAGED_PKG|Centify
18:01:00.11 (116323383)|ENTERING_MANAGED_PKG|Centify
18:01:00.11 (116474907)|ENTERING_MANAGED_PKG|Centify
18:01:00.11 (116657170)|ENTERING_MANAGED_PKG|Centify
18:01:00.11 (116813822)|ENTERING_MANAGED_PKG|Centify
18:01:00.11 (116983330)|ENTERING_MANAGED_PKG|Centify
18:01:00.11 (117155572)|ENTERING_MANAGED_PKG|Centify
18:01:00.11 (117274954)|ENTERING_MANAGED_PKG|Centify
18:01:00.11 (117457617)|ENTERING_MANAGED_PKG|Centify
18:01:00.11 (117640450)|ENTERING_MANAGED_PKG|Centify
18:01:00.11 (117807244)|ENTERING_MANAGED_PKG|Centify
18:01:00.11 (117922536)|ENTERING_MANAGED_PKG|Centify
18:01:00.11 (118043803)|ENTERING_MANAGED_PKG|Centify
18:01:00.11 (118117976)|ENTERING_MANAGED_PKG|Centify
18:01:00.11 (118172634)|ENTERING_MANAGED_PKG|Centify
18:01:00.11 (118212141)|ENTERING_MANAGED_PKG|Centify
18:01:00.11 (118336755)|ENTERING_MANAGED_PKG|Centify
18:01:00.11 (118402943)|ENTERING_MANAGED_PKG|Centify
18:01:00.11 (120318138)|ENTERING_MANAGED_PKG|Centify
18:01:00.11 (120360140)|ENTERING_MANAGED_PKG|Centify
18:01:00.11 (120420846)|ENTERING_MANAGED_PKG|Centify
18:01:00.11 (120512495)|ENTERING_MANAGED_PKG|Centify
18:01:00.11 (120687100)|ENTERING_MANAGED_PKG|Centify
18:01:00.11 (120817445)|ENTERING_MANAGED_PKG|Centify
18:01:00.11 (165632631)|ENTERING_MANAGED_PKG|Centify
18:01:00.11 (165704672)|ENTERING_MANAGED_PKG|Centify
18:01:00.11 (179830992)|ENTERING_MANAGED_PKG|Centify
18:01:00.11 (179886289)|ENTERING_MANAGED_PKG|Centify
18:01:00.11 (180026107)|ENTERING_MANAGED_PKG|Centify
18:01:00.11 (180060075)|ENTERING_MANAGED_PKG|Centify
18:01:00.11 (187767493)|ENTERING_MANAGED_PKG|Centify
18:01:00.11 (188036106)|ENTERING_MANAGED_PKG|Centify
18:01:00.11 (188573531)|ENTERING_MANAGED_PKG|Centify
18:01:00.11 (189185537)|ENTERING_MANAGED_PKG|Centify
18:01:00.11 (189235296)|ENTERING_MANAGED_PKG|Centify
18:01:00.11 (189326838)|ENTERING_MANAGED_PKG|Centify
18:01:00.11 (189372690)|ENTERING_MANAGED_PKG|Centify
18:01:00.11 (189477733)|ENTERING_MANAGED_PKG|Centify
18:01:00.11 (189618176)|ENTERING_MANAGED_PKG|Centify
18:01:00.11 (189730330)|ENTERING_MANAGED_PKG|Centify
18:01:00.11 (189861628)|ENTERING_MANAGED_PKG|Centify
18:01:00.11 (189972530)|ENTERING_MANAGED_PKG|Centify
18:01:00.11 (190118016)|ENTERING_MANAGED_PKG|Centify
18:01:00.11 (190252363)|ENTERING_MANAGED_PKG|Centify
18:01:00.11 (190368440)|ENTERING_MANAGED_PKG|Centify
18:01:00.11 (190477496)|ENTERING_MANAGED_PKG|Centify
18:01:00.11 (190582587)|ENTERING_MANAGED_PKG|Centify
18:01:00.11 (190687739)|ENTERING_MANAGED_PKG|Centify
18:01:00.11 (190793682)|ENTERING_MANAGED_PKG|Centify
18:01:00.11 (190900955)|ENTERING_MANAGED_PKG|Centify
18:01:00.11 (191005577)|ENTERING_MANAGED_PKG|Centify
18:01:00.11 (191112970)|ENTERING_MANAGED_PKG|Centify
18:01:00.11 (191219728)|ENTERING_MANAGED_PKG|Centify
18:01:00.11 (191327340)|ENTERING_MANAGED_PKG|Centify
18:01:00.11 (191440731)|ENTERING_MANAGED_PKG|Centify
18:01:00.11 (191653290)|ENTERING_MANAGED_PKG|Centify
18:01:00.11 (191787796)|ENTERING_MANAGED_PKG|Centify
18:01:00.11 (191912689)|ENTERING_MANAGED_PKG|Centify
18:01:00.11 (192036884)|ENTERING_MANAGED_PKG|Centify
18:01:00.11 (192162241)|ENTERING_MANAGED_PKG|Centify
18:01:00.11 (192269502)|ENTERING_MANAGED_PKG|Centify
18:01:00.11 (192380864)|ENTERING_MANAGED_PKG|Centify
18:01:00.11 (192490940)|ENTERING_MANAGED_PKG|Centify
18:01:00.11 (192615934)|ENTERING_MANAGED_PKG|Centify
18:01:00.11 (192741076)|ENTERING_MANAGED_PKG|Centify
18:01:00.11 (192864608)|ENTERING_MANAGED_PKG|Centify
18:01:00.11 (193016614)|ENTERING_MANAGED_PKG|Centify
18:01:00.11 (193157176)|ENTERING_MANAGED_PKG|Centify
18:01:00.11 (193281224)|ENTERING_MANAGED_PKG|Centify
18:01:00.11 (193409091)|ENTERING_MANAGED_PKG|Centify
18:01:00.11 (193533929)|ENTERING_MANAGED_PKG|Centify
18:01:00.11 (193658878)|ENTERING_MANAGED_PKG|Centify
18:01:00.11 (193774181)|ENTERING_MANAGED_PKG|Centify
18:01:00.11 (193891023)|ENTERING_MANAGED_PKG|Centify
18:01:00.11 (194004721)|ENTERING_MANAGED_PKG|Centify
18:01:00.11 (194130677)|ENTERING_MANAGED_PKG|Centify
18:01:00.11 (194239670)|ENTERING_MANAGED_PKG|Centify
18:01:00.11 (194345552)|ENTERING_MANAGED_PKG|Centify
18:01:00.11 (194458996)|ENTERING_MANAGED_PKG|Centify
18:01:00.11 (194565536)|ENTERING_MANAGED_PKG|Centify
18:01:00.11 (194670862)|ENTERING_MANAGED_PKG|Centify
18:01:00.11 (194774818)|ENTERING_MANAGED_PKG|Centify
18:01:00.11 (194879407)|ENTERING_MANAGED_PKG|Centify
18:01:00.11 (194984164)|ENTERING_MANAGED_PKG|Centify
18:01:00.11 (195088994)|ENTERING_MANAGED_PKG|Centify
18:01:00.11 (195196084)|ENTERING_MANAGED_PKG|Centify
18:01:00.11 (195301496)|ENTERING_MANAGED_PKG|Centify
18:01:00.11 (195411930)|ENTERING_MANAGED_PKG|Centify
18:01:00.11 (195520486)|ENTERING_MANAGED_PKG|Centify
18:01:00.11 (195625380)|ENTERING_MANAGED_PKG|Centify
18:01:00.11 (195742596)|ENTERING_MANAGED_PKG|Centify
18:01:00.11 (195997843)|ENTERING_MANAGED_PKG|Centify
18:01:00.11 (196042944)|ENTERING_MANAGED_PKG|Centify
18:01:00.11 (196153353)|ENTERING_MANAGED_PKG|Centify
18:01:00.11 (196210939)|ENTERING_MANAGED_PKG|Centify
18:01:00.11 (196285949)|ENTERING_MANAGED_PKG|Centify
18:01:00.11 (196328142)|ENTERING_MANAGED_PKG|Centify
18:01:00.11 (196354857)|ENTERING_MANAGED_PKG|Centify
18:01:00.11 (196660044)|ENTERING_MANAGED_PKG|Centify
18:01:00.11 (196689060)|ENTERING_MANAGED_PKG|Centify
18:01:00.11 (196706776)|ENTERING_MANAGED_PKG|Centify
18:01:00.11 (196806992)|ENTERING_MANAGED_PKG|Centify
18:01:00.11 (196933765)|ENTERING_MANAGED_PKG|Centify
18:01:00.11 (196954925)|ENTERING_MANAGED_PKG|Centify
18:01:00.11 (196978001)|ENTERING_MANAGED_PKG|Centify
18:01:00.11 (196989764)|ENTERING_MANAGED_PKG|Centify
18:01:00.11 (197308440)|ENTERING_MANAGED_PKG|Centify
18:01:00.11 (197332564)|ENTERING_MANAGED_PKG|Centify
18:01:00.11 (197344358)|ENTERING_MANAGED_PKG|Centify
18:01:00.11 (197421887)|ENTERING_MANAGED_PKG|Centify
18:01:00.11 (197544227)|ENTERING_MANAGED_PKG|Centify
18:01:00.11 (197564864)|ENTERING_MANAGED_PKG|Centify
18:01:00.11 (197587810)|ENTERING_MANAGED_PKG|Centify
18:01:00.11 (197599625)|ENTERING_MANAGED_PKG|Centify
18:01:00.11 (198005526)|ENTERING_MANAGED_PKG|Centify
18:01:00.11 (198028265)|ENTERING_MANAGED_PKG|Centify
18:01:00.11 (198039685)|ENTERING_MANAGED_PKG|Centify
18:01:00.11 (198108830)|ENTERING_MANAGED_PKG|Centify
18:01:00.11 (198227493)|ENTERING_MANAGED_PKG|Centify
18:01:00.11 (198248491)|ENTERING_MANAGED_PKG|Centify
18:01:00.11 (198271545)|ENTERING_MANAGED_PKG|Centify
18:01:00.11 (198282980)|ENTERING_MANAGED_PKG|Centify
18:01:00.11 (198846451)|ENTERING_MANAGED_PKG|Centify
18:01:00.11 (198870382)|ENTERING_MANAGED_PKG|Centify
18:01:00.11 (198881853)|ENTERING_MANAGED_PKG|Centify
18:01:00.11 (198954184)|ENTERING_MANAGED_PKG|Centify
18:01:00.11 (199075995)|ENTERING_MANAGED_PKG|Centify
18:01:00.11 (199097710)|ENTERING_MANAGED_PKG|Centify
18:01:00.11 (199120873)|ENTERING_MANAGED_PKG|Centify
18:01:00.11 (199132811)|ENTERING_MANAGED_PKG|Centify
18:01:00.11 (199732723)|ENTERING_MANAGED_PKG|Centify
18:01:00.11 (199754922)|ENTERING_MANAGED_PKG|Centify
18:01:00.11 (199766694)|ENTERING_MANAGED_PKG|Centify
18:01:00.11 (199843832)|ENTERING_MANAGED_PKG|Centify
18:01:00.11 (199961556)|ENTERING_MANAGED_PKG|Centify
18:01:00.11 (200071815)|ENTERING_MANAGED_PKG|Centify
18:01:00.11 (200180437)|ENTERING_MANAGED_PKG|Centify
18:01:00.11 (200322929)|ENTERING_MANAGED_PKG|Centify
18:01:00.11 (200356199)|ENTERING_MANAGED_PKG|Centify
18:01:00.11 (200385596)|ENTERING_MANAGED_PKG|Centify
18:01:00.11 (200397404)|ENTERING_MANAGED_PKG|Centify
18:01:00.11 (201087526)|ENTERING_MANAGED_PKG|Centify
18:01:00.11 (201111166)|ENTERING_MANAGED_PKG|Centify
18:01:00.11 (201122404)|ENTERING_MANAGED_PKG|Centify
18:01:00.11 (201192814)|ENTERING_MANAGED_PKG|Centify
18:01:00.11 (201311239)|ENTERING_MANAGED_PKG|Centify
18:01:00.11 (201331813)|ENTERING_MANAGED_PKG|Centify
18:01:00.11 (201353361)|ENTERING_MANAGED_PKG|Centify
18:01:00.11 (201369661)|ENTERING_MANAGED_PKG|Centify
18:01:00.11 (202143392)|ENTERING_MANAGED_PKG|Centify
18:01:00.11 (202166619)|ENTERING_MANAGED_PKG|Centify
18:01:00.11 (202178492)|ENTERING_MANAGED_PKG|Centify
18:01:00.11 (202247547)|ENTERING_MANAGED_PKG|Centify
18:01:00.11 (202369931)|ENTERING_MANAGED_PKG|Centify
18:01:00.11 (202390633)|ENTERING_MANAGED_PKG|Centify
18:01:00.11 (202412436)|ENTERING_MANAGED_PKG|Centify
18:01:00.11 (202423809)|ENTERING_MANAGED_PKG|Centify
18:01:00.11 (203265071)|ENTERING_MANAGED_PKG|Centify
18:01:00.11 (203288420)|ENTERING_MANAGED_PKG|Centify
18:01:00.11 (203299220)|ENTERING_MANAGED_PKG|Centify
18:01:00.11 (203374788)|ENTERING_MANAGED_PKG|Centify
18:01:00.11 (203494882)|ENTERING_MANAGED_PKG|Centify
18:01:00.11 (203515206)|ENTERING_MANAGED_PKG|Centify
18:01:00.11 (203536991)|ENTERING_MANAGED_PKG|Centify
18:01:00.11 (203548462)|ENTERING_MANAGED_PKG|Centify
18:01:00.11 (204483799)|ENTERING_MANAGED_PKG|Centify
18:01:00.11 (204507944)|ENTERING_MANAGED_PKG|Centify
18:01:00.11 (204519934)|ENTERING_MANAGED_PKG|Centify
18:01:00.11 (204590586)|ENTERING_MANAGED_PKG|Centify
18:01:00.11 (204732492)|ENTERING_MANAGED_PKG|Centify
18:01:00.11 (204753414)|ENTERING_MANAGED_PKG|Centify
18:01:00.11 (204775862)|ENTERING_MANAGED_PKG|Centify
18:01:00.11 (204787336)|ENTERING_MANAGED_PKG|Centify
18:01:00.11 (205801008)|ENTERING_MANAGED_PKG|Centify
18:01:00.11 (205823468)|ENTERING_MANAGED_PKG|Centify
18:01:00.11 (205834903)|ENTERING_MANAGED_PKG|Centify
18:01:00.11 (205905345)|ENTERING_MANAGED_PKG|Centify
18:01:00.11 (206022043)|ENTERING_MANAGED_PKG|Centify
18:01:00.11 (206042846)|ENTERING_MANAGED_PKG|Centify
18:01:00.11 (206064655)|ENTERING_MANAGED_PKG|Centify
18:01:00.11 (206082319)|ENTERING_MANAGED_PKG|Centify
18:01:00.11 (207220080)|ENTERING_MANAGED_PKG|Centify
18:01:00.11 (207244420)|ENTERING_MANAGED_PKG|Centify
18:01:00.11 (207255999)|ENTERING_MANAGED_PKG|Centify
18:01:00.11 (207327854)|ENTERING_MANAGED_PKG|Centify
18:01:00.11 (207454068)|ENTERING_MANAGED_PKG|Centify
18:01:00.11 (207475996)|ENTERING_MANAGED_PKG|Centify
18:01:00.11 (207498500)|ENTERING_MANAGED_PKG|Centify
18:01:00.11 (207510187)|ENTERING_MANAGED_PKG|Centify
18:01:00.11 (208709963)|ENTERING_MANAGED_PKG|Centify
18:01:00.11 (208734014)|ENTERING_MANAGED_PKG|Centify
18:01:00.11 (208745535)|ENTERING_MANAGED_PKG|Centify
18:01:00.11 (208817611)|ENTERING_MANAGED_PKG|Centify
18:01:00.11 (208936063)|ENTERING_MANAGED_PKG|Centify
18:01:00.11 (208956632)|ENTERING_MANAGED_PKG|Centify
18:01:00.11 (208978594)|ENTERING_MANAGED_PKG|Centify
18:01:00.11 (208990347)|ENTERING_MANAGED_PKG|Centify
18:01:00.11 (210421904)|ENTERING_MANAGED_PKG|Centify
18:01:00.11 (210451777)|ENTERING_MANAGED_PKG|Centify
18:01:00.11 (210464349)|ENTERING_MANAGED_PKG|Centify
18:01:00.11 (210541011)|ENTERING_MANAGED_PKG|Centify
18:01:00.11 (210665339)|ENTERING_MANAGED_PKG|Centify
18:01:00.11 (210686714)|ENTERING_MANAGED_PKG|Centify
18:01:00.11 (210709758)|ENTERING_MANAGED_PKG|Centify
18:01:00.11 (210722120)|ENTERING_MANAGED_PKG|Centify
18:01:00.11 (212116126)|ENTERING_MANAGED_PKG|Centify
18:01:00.11 (212142240)|ENTERING_MANAGED_PKG|Centify
18:01:00.11 (212153841)|ENTERING_MANAGED_PKG|Centify
18:01:00.11 (212225797)|ENTERING_MANAGED_PKG|Centify
18:01:00.11 (212347183)|ENTERING_MANAGED_PKG|Centify
18:01:00.11 (212372091)|ENTERING_MANAGED_PKG|Centify
18:01:00.11 (212394770)|ENTERING_MANAGED_PKG|Centify
18:01:00.11 (212406410)|ENTERING_MANAGED_PKG|Centify
18:01:00.11 (213897959)|ENTERING_MANAGED_PKG|Centify
18:01:00.11 (213921540)|ENTERING_MANAGED_PKG|Centify
18:01:00.11 (213933485)|ENTERING_MANAGED_PKG|Centify
18:01:00.11 (214007901)|ENTERING_MANAGED_PKG|Centify
18:01:00.11 (214046237)|ENTERING_MANAGED_PKG|Centify
18:01:00.11 (214077353)|ENTERING_MANAGED_PKG|Centify
18:01:00.11 (214101009)|ENTERING_MANAGED_PKG|Centify
18:01:00.11 (214356056)|ENTERING_MANAGED_PKG|Centify
18:01:00.11 (214399330)|ENTERING_MANAGED_PKG|Centify
18:01:00.11 (216092908)|ENTERING_MANAGED_PKG|Centify
18:01:00.11 (216122126)|ENTERING_MANAGED_PKG|Centify
18:01:00.11 (216146548)|ENTERING_MANAGED_PKG|Centify
18:01:00.11 (216195970)|ENTERING_MANAGED_PKG|Centify
18:01:00.11 (216312758)|ENTERING_MANAGED_PKG|Centify
18:01:00.11 (216385488)|ENTERING_MANAGED_PKG|Centify
18:01:00.11 (235392259)|ENTERING_MANAGED_PKG|Centify
18:01:00.11 (235441047)|ENTERING_MANAGED_PKG|Centify
18:01:00.11 (235520858)|ENTERING_MANAGED_PKG|Centify
18:01:00.11 (235546823)|ENTERING_MANAGED_PKG|Centify
18:01:00.11 (241988676)|ENTERING_MANAGED_PKG|Centify
18:01:00.11 (242214984)|ENTERING_MANAGED_PKG|Centify
18:01:00.11 (242909732)|ENTERING_MANAGED_PKG|Centify
18:01:00.11 (243459720)|ENTERING_MANAGED_PKG|Centify
18:01:00.11 (243506776)|ENTERING_MANAGED_PKG|Centify
18:01:00.11 (243593677)|ENTERING_MANAGED_PKG|Centify
18:01:00.11 (243633545)|ENTERING_MANAGED_PKG|Centify
18:01:00.11 (243737642)|ENTERING_MANAGED_PKG|Centify
18:01:00.11 (243878848)|ENTERING_MANAGED_PKG|Centify
18:01:00.11 (243992736)|ENTERING_MANAGED_PKG|Centify
18:01:00.11 (244101025)|ENTERING_MANAGED_PKG|Centify
18:01:00.11 (244209800)|ENTERING_MANAGED_PKG|Centify
18:01:00.11 (244317828)|ENTERING_MANAGED_PKG|Centify
18:01:00.11 (244430507)|ENTERING_MANAGED_PKG|Centify
18:01:00.11 (244541136)|ENTERING_MANAGED_PKG|Centify
18:01:00.11 (244648664)|ENTERING_MANAGED_PKG|Centify
18:01:00.11 (244755130)|ENTERING_MANAGED_PKG|Centify
18:01:00.11 (244859324)|ENTERING_MANAGED_PKG|Centify
18:01:00.11 (244966419)|ENTERING_MANAGED_PKG|Centify
18:01:00.11 (245072593)|ENTERING_MANAGED_PKG|Centify
18:01:00.11 (245182276)|ENTERING_MANAGED_PKG|Centify
18:01:00.11 (245279336)|ENTERING_MANAGED_PKG|Centify
18:01:00.11 (245390991)|ENTERING_MANAGED_PKG|Centify
18:01:00.11 (245510818)|ENTERING_MANAGED_PKG|Centify
18:01:00.11 (245618649)|ENTERING_MANAGED_PKG|Centify
18:01:00.11 (245724914)|ENTERING_MANAGED_PKG|Centify
18:01:00.11 (245831713)|ENTERING_MANAGED_PKG|Centify
18:01:00.11 (245937281)|ENTERING_MANAGED_PKG|Centify
18:01:00.11 (246043742)|ENTERING_MANAGED_PKG|Centify
18:01:00.11 (246150651)|ENTERING_MANAGED_PKG|Centify
18:01:00.11 (246257101)|ENTERING_MANAGED_PKG|Centify
18:01:00.11 (246367139)|ENTERING_MANAGED_PKG|Centify
18:01:00.11 (246473177)|ENTERING_MANAGED_PKG|Centify
18:01:00.11 (246579268)|ENTERING_MANAGED_PKG|Centify
18:01:00.11 (246685496)|ENTERING_MANAGED_PKG|Centify
18:01:00.11 (246793498)|ENTERING_MANAGED_PKG|Centify
18:01:00.11 (246900715)|ENTERING_MANAGED_PKG|Centify
18:01:00.11 (246938406)|ENTERING_MANAGED_PKG|Centify
18:01:00.11 (246970668)|ENTERING_MANAGED_PKG|Centify
18:01:00.11 (246993374)|ENTERING_MANAGED_PKG|Centify
18:01:00.11 (247042455)|ENTERING_MANAGED_PKG|Centify
18:01:00.11 (247083884)|ENTERING_MANAGED_PKG|Centify
18:01:00.11 (248550187)|ENTERING_MANAGED_PKG|Centify
18:01:00.11 (248578941)|ENTERING_MANAGED_PKG|Centify
18:01:00.11 (248602465)|ENTERING_MANAGED_PKG|Centify
18:01:00.11 (248650162)|ENTERING_MANAGED_PKG|Centify
18:01:00.11 (248759585)|ENTERING_MANAGED_PKG|Centify
18:01:00.11 (248827950)|ENTERING_MANAGED_PKG|Centify
18:01:00.11 (265165521)|ENTERING_MANAGED_PKG|Centify
18:01:00.11 (265209542)|ENTERING_MANAGED_PKG|Centify
18:01:00.11 (279373609)|ENTERING_MANAGED_PKG|Centify
18:01:00.11 (279462857)|ENTERING_MANAGED_PKG|Centify
18:01:00.11 (331178089)|ENTERING_MANAGED_PKG|Centify
18:01:00.11 (331246737)|ENTERING_MANAGED_PKG|Centify
18:01:00.11 (348552425)|ENTERING_MANAGED_PKG|Centify
18:01:00.11 (348696246)|ENTERING_MANAGED_PKG|Centify
18:01:00.11 (348898266)|ENTERING_MANAGED_PKG|Centify
18:01:00.11 (349036725)|ENTERING_MANAGED_PKG|Centify
18:01:00.11 (349166641)|ENTERING_MANAGED_PKG|Centify
18:01:00.11 (349198409)|ENTERING_MANAGED_PKG|Centify
18:01:00.11 (349268434)|ENTERING_MANAGED_PKG|Centify
18:01:00.11 (349291465)|ENTERING_MANAGED_PKG|Centify
18:01:00.11 (355854182)|ENTERING_MANAGED_PKG|Centify
18:01:00.11 (356067521)|ENTERING_MANAGED_PKG|Centify
18:01:00.11 (356755850)|ENTERING_MANAGED_PKG|Centify
18:01:00.11 (357278450)|ENTERING_MANAGED_PKG|Centify
18:01:00.11 (357324614)|ENTERING_MANAGED_PKG|Centify
18:01:00.11 (357410786)|ENTERING_MANAGED_PKG|Centify
18:01:00.11 (357455661)|ENTERING_MANAGED_PKG|Centify
18:01:00.11 (357555891)|ENTERING_MANAGED_PKG|Centify
18:01:00.11 (357688501)|ENTERING_MANAGED_PKG|Centify
18:01:00.11 (357812200)|ENTERING_MANAGED_PKG|Centify
18:01:00.11 (357931754)|ENTERING_MANAGED_PKG|Centify
18:01:00.11 (358065375)|ENTERING_MANAGED_PKG|Centify
18:01:00.11 (358176758)|ENTERING_MANAGED_PKG|Centify
18:01:00.11 (358283255)|ENTERING_MANAGED_PKG|Centify
18:01:00.11 (358393602)|ENTERING_MANAGED_PKG|Centify
18:01:00.11 (358507480)|ENTERING_MANAGED_PKG|Centify
18:01:00.11 (358614119)|ENTERING_MANAGED_PKG|Centify
18:01:00.11 (358721581)|ENTERING_MANAGED_PKG|Centify
18:01:00.11 (358828712)|ENTERING_MANAGED_PKG|Centify
18:01:00.11 (358934735)|ENTERING_MANAGED_PKG|Centify
18:01:00.11 (359039878)|ENTERING_MANAGED_PKG|Centify
18:01:00.11 (359148400)|ENTERING_MANAGED_PKG|Centify
18:01:00.11 (359250459)|ENTERING_MANAGED_PKG|Centify
18:01:00.11 (359358710)|ENTERING_MANAGED_PKG|Centify
18:01:00.11 (359479319)|ENTERING_MANAGED_PKG|Centify
18:01:00.11 (359589135)|ENTERING_MANAGED_PKG|Centify
18:01:00.11 (359696061)|ENTERING_MANAGED_PKG|Centify
18:01:00.11 (359802582)|ENTERING_MANAGED_PKG|Centify
18:01:00.11 (359910276)|ENTERING_MANAGED_PKG|Centify
18:01:00.11 (360015502)|ENTERING_MANAGED_PKG|Centify
18:01:00.11 (360122380)|ENTERING_MANAGED_PKG|Centify
18:01:00.11 (360229873)|ENTERING_MANAGED_PKG|Centify
18:01:00.11 (360335400)|ENTERING_MANAGED_PKG|Centify
18:01:00.11 (360448782)|ENTERING_MANAGED_PKG|Centify
18:01:00.11 (360554747)|ENTERING_MANAGED_PKG|Centify
18:01:00.11 (360661093)|ENTERING_MANAGED_PKG|Centify
18:01:00.11 (360765143)|ENTERING_MANAGED_PKG|Centify
18:01:00.11 (360873062)|ENTERING_MANAGED_PKG|Centify
18:01:00.11 (360984765)|ENTERING_MANAGED_PKG|Centify
18:01:00.11 (361018736)|ENTERING_MANAGED_PKG|Centify
18:01:00.11 (361050878)|ENTERING_MANAGED_PKG|Centify
18:01:00.11 (361073169)|ENTERING_MANAGED_PKG|Centify
18:01:00.11 (361119213)|ENTERING_MANAGED_PKG|Centify
18:01:00.11 (361156900)|ENTERING_MANAGED_PKG|Centify
18:01:00.11 (362704560)|ENTERING_MANAGED_PKG|Centify
18:01:00.11 (362734081)|ENTERING_MANAGED_PKG|Centify
18:01:00.11 (362758054)|ENTERING_MANAGED_PKG|Centify
18:01:00.11 (362804441)|ENTERING_MANAGED_PKG|Centify
18:01:00.11 (362912372)|ENTERING_MANAGED_PKG|Centify
18:01:00.11 (362978147)|ENTERING_MANAGED_PKG|Centify
18:01:00.11 (381394847)|ENTERING_MANAGED_PKG|Centify
18:01:00.11 (381446472)|ENTERING_MANAGED_PKG|Centify
18:01:00.11 (395800628)|ENTERING_MANAGED_PKG|Centify
18:01:00.11 (395882641)|ENTERING_MANAGED_PKG|Centify
18:01:00.11 (410959692)|ENTERING_MANAGED_PKG|Centify
18:01:00.11 (411004859)|ENTERING_MANAGED_PKG|Centify
18:01:00.11 (423454300)|ENTERING_MANAGED_PKG|Centify
18:01:00.11 (423654036)|ENTERING_MANAGED_PKG|Centify
18:01:00.11 (423874025)|ENTERING_MANAGED_PKG|Centify
18:01:00.11 (423991577)|ENTERING_MANAGED_PKG|Centify
18:01:00.11 (424139962)|ENTERING_MANAGED_PKG|Centify
18:01:00.11 (424193134)|ENTERING_MANAGED_PKG|Centify
18:01:00.11 (424309396)|ENTERING_MANAGED_PKG|Centify
18:01:00.11 (424355229)|ENTERING_MANAGED_PKG|Centify
18:01:00.11 (431195509)|ENTERING_MANAGED_PKG|Centify
18:01:00.11 (431477487)|ENTERING_MANAGED_PKG|Centify
18:01:00.11 (431880622)|ENTERING_MANAGED_PKG|Centify
18:01:00.11 (432540765)|ENTERING_MANAGED_PKG|Centify
18:01:00.11 (432590913)|ENTERING_MANAGED_PKG|Centify
18:01:00.11 (432686381)|ENTERING_MANAGED_PKG|Centify
18:01:00.11 (432728483)|ENTERING_MANAGED_PKG|Centify
18:01:00.11 (432832979)|ENTERING_MANAGED_PKG|Centify
18:01:00.11 (432969183)|ENTERING_MANAGED_PKG|Centify
18:01:00.11 (433082102)|ENTERING_MANAGED_PKG|Centify
18:01:00.11 (433191784)|ENTERING_MANAGED_PKG|Centify
18:01:00.11 (433299431)|ENTERING_MANAGED_PKG|Centify
18:01:00.11 (433417178)|ENTERING_MANAGED_PKG|Centify
18:01:00.11 (433527453)|ENTERING_MANAGED_PKG|Centify
18:01:00.11 (433636033)|ENTERING_MANAGED_PKG|Centify
18:01:00.11 (433744256)|ENTERING_MANAGED_PKG|Centify
18:01:00.11 (433853839)|ENTERING_MANAGED_PKG|Centify
18:01:00.11 (433962796)|ENTERING_MANAGED_PKG|Centify
18:01:00.11 (434097153)|ENTERING_MANAGED_PKG|Centify
18:01:00.11 (434223705)|ENTERING_MANAGED_PKG|Centify
18:01:00.11 (434352495)|ENTERING_MANAGED_PKG|Centify
18:01:00.11 (434481465)|ENTERING_MANAGED_PKG|Centify
18:01:00.11 (434607775)|ENTERING_MANAGED_PKG|Centify
18:01:00.11 (434732197)|ENTERING_MANAGED_PKG|Centify
18:01:00.11 (434841562)|ENTERING_MANAGED_PKG|Centify
18:01:00.11 (434949109)|ENTERING_MANAGED_PKG|Centify
18:01:00.11 (435058700)|ENTERING_MANAGED_PKG|Centify
18:01:00.11 (435166680)|ENTERING_MANAGED_PKG|Centify
18:01:00.11 (435271778)|ENTERING_MANAGED_PKG|Centify
18:01:00.11 (435383440)|ENTERING_MANAGED_PKG|Centify
18:01:00.11 (435494780)|ENTERING_MANAGED_PKG|Centify
18:01:00.11 (435602380)|ENTERING_MANAGED_PKG|Centify
18:01:00.11 (435709256)|ENTERING_MANAGED_PKG|Centify
18:01:00.11 (435815282)|ENTERING_MANAGED_PKG|Centify
18:01:00.11 (435923367)|ENTERING_MANAGED_PKG|Centify
18:01:00.11 (436031420)|ENTERING_MANAGED_PKG|Centify
18:01:00.11 (436138863)|ENTERING_MANAGED_PKG|Centify
18:01:00.11 (436237338)|ENTERING_MANAGED_PKG|Centify
18:01:00.11 (436349999)|ENTERING_MANAGED_PKG|Centify
18:01:00.11 (436468618)|ENTERING_MANAGED_PKG|Centify
18:01:00.11 (436608527)|ENTERING_MANAGED_PKG|Centify
18:01:00.11 (436770714)|ENTERING_MANAGED_PKG|Centify
18:01:00.11 (436948417)|ENTERING_MANAGED_PKG|Centify
18:01:00.11 (437125096)|ENTERING_MANAGED_PKG|Centify
18:01:00.11 (437318110)|ENTERING_MANAGED_PKG|Centify
18:01:00.11 (437497470)|ENTERING_MANAGED_PKG|Centify
18:01:00.11 (437614037)|ENTERING_MANAGED_PKG|Centify
18:01:00.11 (437723757)|ENTERING_MANAGED_PKG|Centify
18:01:00.11 (437832744)|ENTERING_MANAGED_PKG|Centify
18:01:00.11 (437957746)|ENTERING_MANAGED_PKG|Centify
18:01:00.11 (438030779)|ENTERING_MANAGED_PKG|Centify
18:01:00.11 (438072677)|ENTERING_MANAGED_PKG|Centify
18:01:00.11 (438095581)|ENTERING_MANAGED_PKG|Centify
18:01:00.11 (438122052)|ENTERING_MANAGED_PKG|Centify
18:01:00.11 (438135125)|ENTERING_MANAGED_PKG|Centify
18:01:00.11 (438425127)|ENTERING_MANAGED_PKG|Centify
18:01:00.11 (438450955)|ENTERING_MANAGED_PKG|Centify
18:01:00.11 (438462775)|ENTERING_MANAGED_PKG|Centify
18:01:00.11 (438539568)|ENTERING_MANAGED_PKG|Centify
18:01:00.11 (438663929)|ENTERING_MANAGED_PKG|Centify
18:01:00.11 (438685891)|ENTERING_MANAGED_PKG|Centify
18:01:00.11 (438709049)|ENTERING_MANAGED_PKG|Centify
18:01:00.11 (438720932)|ENTERING_MANAGED_PKG|Centify
18:01:00.11 (439038490)|ENTERING_MANAGED_PKG|Centify
18:01:00.11 (439062441)|ENTERING_MANAGED_PKG|Centify
18:01:00.11 (439074185)|ENTERING_MANAGED_PKG|Centify
18:01:00.11 (439145364)|ENTERING_MANAGED_PKG|Centify
18:01:00.11 (439265339)|ENTERING_MANAGED_PKG|Centify
18:01:00.11 (439285688)|ENTERING_MANAGED_PKG|Centify
18:01:00.11 (439308135)|ENTERING_MANAGED_PKG|Centify
18:01:00.11 (439319807)|ENTERING_MANAGED_PKG|Centify
18:01:00.11 (439730705)|ENTERING_MANAGED_PKG|Centify
18:01:00.11 (439753659)|ENTERING_MANAGED_PKG|Centify
18:01:00.11 (439764772)|ENTERING_MANAGED_PKG|Centify
18:01:00.11 (439838838)|ENTERING_MANAGED_PKG|Centify
18:01:00.11 (439964421)|ENTERING_MANAGED_PKG|Centify
18:01:00.11 (439985515)|ENTERING_MANAGED_PKG|Centify
18:01:00.11 (440007840)|ENTERING_MANAGED_PKG|Centify
18:01:00.11 (440020335)|ENTERING_MANAGED_PKG|Centify
18:01:00.11 (440546205)|ENTERING_MANAGED_PKG|Centify
18:01:00.11 (440570525)|ENTERING_MANAGED_PKG|Centify
18:01:00.11 (440582768)|ENTERING_MANAGED_PKG|Centify
18:01:00.11 (440653752)|ENTERING_MANAGED_PKG|Centify
18:01:00.11 (440774741)|ENTERING_MANAGED_PKG|Centify
18:01:00.11 (440794874)|ENTERING_MANAGED_PKG|Centify
18:01:00.11 (440816920)|ENTERING_MANAGED_PKG|Centify
18:01:00.11 (440828722)|ENTERING_MANAGED_PKG|Centify
18:01:00.11 (441438796)|ENTERING_MANAGED_PKG|Centify
18:01:00.11 (441461907)|ENTERING_MANAGED_PKG|Centify
18:01:00.11 (441473402)|ENTERING_MANAGED_PKG|Centify
18:01:00.11 (441545328)|ENTERING_MANAGED_PKG|Centify
18:01:00.11 (441666665)|ENTERING_MANAGED_PKG|Centify
18:01:00.11 (441687164)|ENTERING_MANAGED_PKG|Centify
18:01:00.11 (441709452)|ENTERING_MANAGED_PKG|Centify
18:01:00.11 (441721420)|ENTERING_MANAGED_PKG|Centify
18:01:00.11 (442423760)|ENTERING_MANAGED_PKG|Centify
18:01:00.11 (442448221)|ENTERING_MANAGED_PKG|Centify
18:01:00.11 (442459508)|ENTERING_MANAGED_PKG|Centify
18:01:00.11 (442532696)|ENTERING_MANAGED_PKG|Centify
18:01:00.11 (442649797)|ENTERING_MANAGED_PKG|Centify
18:01:00.11 (442777364)|ENTERING_MANAGED_PKG|Centify
18:01:00.11 (442953195)|ENTERING_MANAGED_PKG|Centify
18:01:00.11 (443077324)|ENTERING_MANAGED_PKG|Centify
18:01:00.11 (443187784)|ENTERING_MANAGED_PKG|Centify
18:01:00.11 (443296586)|ENTERING_MANAGED_PKG|Centify
18:01:00.11 (443411152)|ENTERING_MANAGED_PKG|Centify
18:01:00.11 (443522184)|ENTERING_MANAGED_PKG|Centify
18:01:00.11 (443679762)|ENTERING_MANAGED_PKG|Centify
18:01:00.11 (443834954)|ENTERING_MANAGED_PKG|Centify
18:01:00.11 (443948638)|ENTERING_MANAGED_PKG|Centify
18:01:00.11 (444058260)|ENTERING_MANAGED_PKG|Centify
18:01:00.11 (444169193)|ENTERING_MANAGED_PKG|Centify
18:01:00.11 (444289067)|ENTERING_MANAGED_PKG|Centify
18:01:00.11 (444328718)|ENTERING_MANAGED_PKG|Centify
18:01:00.11 (444366889)|ENTERING_MANAGED_PKG|Centify
18:01:00.11 (444390184)|ENTERING_MANAGED_PKG|Centify
18:01:00.11 (444549949)|ENTERING_MANAGED_PKG|Centify
18:01:00.11 (444575900)|ENTERING_MANAGED_PKG|Centify
18:01:00.11 (446397502)|ENTERING_MANAGED_PKG|Centify
18:01:00.11 (446433032)|ENTERING_MANAGED_PKG|Centify
18:01:00.11 (446458136)|ENTERING_MANAGED_PKG|Centify
18:01:00.11 (446530948)|ENTERING_MANAGED_PKG|Centify
18:01:00.11 (446556038)|ENTERING_MANAGED_PKG|Centify
18:01:00.11 (446628404)|ENTERING_MANAGED_PKG|Centify
18:01:00.11 (446652277)|ENTERING_MANAGED_PKG|Centify
18:01:00.11 (453191119)|ENTERING_MANAGED_PKG|Centify
18:01:00.11 (453472312)|ENTERING_MANAGED_PKG|Centify
18:01:00.11 (453871421)|ENTERING_MANAGED_PKG|Centify
18:01:00.11 (454353320)|ENTERING_MANAGED_PKG|Centify
18:01:00.11 (454401442)|ENTERING_MANAGED_PKG|Centify
18:01:00.11 (454495785)|ENTERING_MANAGED_PKG|Centify
18:01:00.11 (454534870)|ENTERING_MANAGED_PKG|Centify
18:01:00.11 (454656771)|ENTERING_MANAGED_PKG|Centify
18:01:00.11 (454793087)|ENTERING_MANAGED_PKG|Centify
18:01:00.11 (454906517)|ENTERING_MANAGED_PKG|Centify
18:01:00.11 (455032443)|ENTERING_MANAGED_PKG|Centify
18:01:00.11 (455142943)|ENTERING_MANAGED_PKG|Centify
18:01:00.11 (455253262)|ENTERING_MANAGED_PKG|Centify
18:01:00.11 (455411120)|ENTERING_MANAGED_PKG|Centify
18:01:00.11 (455547966)|ENTERING_MANAGED_PKG|Centify
18:01:00.11 (455660905)|ENTERING_MANAGED_PKG|Centify
18:01:00.11 (455768632)|ENTERING_MANAGED_PKG|Centify
18:01:00.11 (455868773)|ENTERING_MANAGED_PKG|Centify
18:01:00.11 (456015181)|ENTERING_MANAGED_PKG|Centify
18:01:00.11 (456190577)|ENTERING_MANAGED_PKG|Centify
18:01:00.11 (456320456)|ENTERING_MANAGED_PKG|Centify
18:01:00.11 (456439226)|ENTERING_MANAGED_PKG|Centify
18:01:00.11 (456547352)|ENTERING_MANAGED_PKG|Centify
18:01:00.11 (456654889)|ENTERING_MANAGED_PKG|Centify
18:01:00.11 (456762570)|ENTERING_MANAGED_PKG|Centify
18:01:00.11 (456870977)|ENTERING_MANAGED_PKG|Centify
18:01:00.11 (456977665)|ENTERING_MANAGED_PKG|Centify
18:01:00.11 (457083514)|ENTERING_MANAGED_PKG|Centify
18:01:00.11 (457208836)|ENTERING_MANAGED_PKG|Centify
18:01:00.11 (457252089)|ENTERING_MANAGED_PKG|Centify
18:01:00.11 (457294314)|ENTERING_MANAGED_PKG|Centify
18:01:00.11 (457318186)|ENTERING_MANAGED_PKG|Centify
18:01:00.11 (457371875)|ENTERING_MANAGED_PKG|Centify
18:01:00.11 (457414679)|ENTERING_MANAGED_PKG|Centify
18:01:00.11 (458577324)|ENTERING_MANAGED_PKG|Centify
18:01:00.11 (458605589)|ENTERING_MANAGED_PKG|Centify
18:01:00.11 (458628850)|ENTERING_MANAGED_PKG|Centify
18:01:00.11 (458695704)|ENTERING_MANAGED_PKG|Centify
18:01:00.11 (458763235)|ENTERING_MANAGED_PKG|Centify
18:01:00.11 (458895727)|ENTERING_MANAGED_PKG|Centify
18:01:00.11 (458982096)|ENTERING_MANAGED_PKG|Centify
18:01:00.11 (459006795)|ENTERING_MANAGED_PKG|Centify
18:01:00.11 (465651915)|ENTERING_MANAGED_PKG|Centify
18:01:00.11 (465895576)|ENTERING_MANAGED_PKG|Centify
18:01:00.11 (466431888)|ENTERING_MANAGED_PKG|Centify
18:01:00.11 (467004304)|ENTERING_MANAGED_PKG|Centify
18:01:00.11 (467052898)|ENTERING_MANAGED_PKG|Centify
18:01:00.11 (467143954)|ENTERING_MANAGED_PKG|Centify
18:01:00.11 (467182872)|ENTERING_MANAGED_PKG|Centify
18:01:00.11 (467285457)|ENTERING_MANAGED_PKG|Centify
18:01:00.11 (467433506)|ENTERING_MANAGED_PKG|Centify
18:01:00.11 (467580823)|ENTERING_MANAGED_PKG|Centify
18:01:00.11 (467712619)|ENTERING_MANAGED_PKG|Centify
18:01:00.11 (467825692)|ENTERING_MANAGED_PKG|Centify
18:01:00.11 (467934837)|ENTERING_MANAGED_PKG|Centify
18:01:00.11 (468040697)|ENTERING_MANAGED_PKG|Centify
18:01:00.11 (468149539)|ENTERING_MANAGED_PKG|Centify
18:01:00.11 (468255307)|ENTERING_MANAGED_PKG|Centify
18:01:00.11 (468368063)|ENTERING_MANAGED_PKG|Centify
18:01:00.11 (468478975)|ENTERING_MANAGED_PKG|Centify
18:01:00.11 (468587827)|ENTERING_MANAGED_PKG|Centify
18:01:00.11 (468693610)|ENTERING_MANAGED_PKG|Centify
18:01:00.11 (468798557)|ENTERING_MANAGED_PKG|Centify
18:01:00.11 (468905983)|ENTERING_MANAGED_PKG|Centify
18:01:00.11 (469012299)|ENTERING_MANAGED_PKG|Centify
18:01:00.11 (469113099)|ENTERING_MANAGED_PKG|Centify
18:01:00.11 (469225532)|ENTERING_MANAGED_PKG|Centify
18:01:00.11 (469341292)|ENTERING_MANAGED_PKG|Centify
18:01:00.11 (469460901)|ENTERING_MANAGED_PKG|Centify
18:01:00.11 (469642551)|ENTERING_MANAGED_PKG|Centify
18:01:00.11 (469845429)|ENTERING_MANAGED_PKG|Centify
18:01:00.11 (470033965)|ENTERING_MANAGED_PKG|Centify
18:01:00.11 (470238066)|ENTERING_MANAGED_PKG|Centify
18:01:00.11 (470402102)|ENTERING_MANAGED_PKG|Centify
18:01:00.11 (470538571)|ENTERING_MANAGED_PKG|Centify
18:01:00.11 (470651780)|ENTERING_MANAGED_PKG|Centify
18:01:00.11 (470760364)|ENTERING_MANAGED_PKG|Centify
18:01:00.11 (470866727)|ENTERING_MANAGED_PKG|Centify
18:01:00.11 (470973509)|ENTERING_MANAGED_PKG|Centify
18:01:00.11 (471123248)|ENTERING_MANAGED_PKG|Centify
18:01:00.11 (471237054)|ENTERING_MANAGED_PKG|Centify
18:01:00.11 (471350571)|ENTERING_MANAGED_PKG|Centify
18:01:00.11 (471467540)|ENTERING_MANAGED_PKG|Centify
18:01:00.11 (471504360)|ENTERING_MANAGED_PKG|Centify
18:01:00.11 (471535859)|ENTERING_MANAGED_PKG|Centify
18:01:00.11 (471558025)|ENTERING_MANAGED_PKG|Centify
18:01:00.11 (471608153)|ENTERING_MANAGED_PKG|Centify
18:01:00.11 (471646563)|ENTERING_MANAGED_PKG|Centify
18:01:00.11 (473153170)|ENTERING_MANAGED_PKG|Centify
18:01:00.11 (473184111)|ENTERING_MANAGED_PKG|Centify
18:01:00.11 (473208435)|ENTERING_MANAGED_PKG|Centify
18:01:00.11 (473256939)|ENTERING_MANAGED_PKG|Centify
18:01:00.11 (473421197)|ENTERING_MANAGED_PKG|Centify
18:01:00.11 (473495858)|ENTERING_MANAGED_PKG|Centify
18:01:00.11 (486949487)|ENTERING_MANAGED_PKG|Centify
18:01:00.11 (486993405)|ENTERING_MANAGED_PKG|Centify
18:01:00.11 (500718513)|ENTERING_MANAGED_PKG|Centify
18:01:00.11 (500762055)|ENTERING_MANAGED_PKG|Centify
18:01:00.11 (500837381)|ENTERING_MANAGED_PKG|Centify
18:01:00.11 (500863770)|ENTERING_MANAGED_PKG|Centify
18:01:00.11 (507730260)|ENTERING_MANAGED_PKG|Centify
18:01:00.11 (507962108)|ENTERING_MANAGED_PKG|Centify
18:01:00.11 (508353684)|ENTERING_MANAGED_PKG|Centify
18:01:00.11 (508822534)|ENTERING_MANAGED_PKG|Centify
18:01:00.11 (508868961)|ENTERING_MANAGED_PKG|Centify
18:01:00.11 (508953967)|ENTERING_MANAGED_PKG|Centify
18:01:00.11 (508994821)|ENTERING_MANAGED_PKG|Centify
18:01:00.11 (509094157)|ENTERING_MANAGED_PKG|Centify
18:01:00.11 (509228173)|ENTERING_MANAGED_PKG|Centify
18:01:00.11 (509354012)|ENTERING_MANAGED_PKG|Centify
18:01:00.11 (509468243)|ENTERING_MANAGED_PKG|Centify
18:01:00.11 (509579120)|ENTERING_MANAGED_PKG|Centify
18:01:00.11 (509686658)|ENTERING_MANAGED_PKG|Centify
18:01:00.11 (509796044)|ENTERING_MANAGED_PKG|Centify
18:01:00.11 (509904067)|ENTERING_MANAGED_PKG|Centify
18:01:00.11 (510009932)|ENTERING_MANAGED_PKG|Centify
18:01:00.11 (510117816)|ENTERING_MANAGED_PKG|Centify
18:01:00.11 (510225044)|ENTERING_MANAGED_PKG|Centify
18:01:00.11 (510337554)|ENTERING_MANAGED_PKG|Centify
18:01:00.11 (510473531)|ENTERING_MANAGED_PKG|Centify
18:01:00.11 (510626744)|ENTERING_MANAGED_PKG|Centify
18:01:00.11 (510737860)|ENTERING_MANAGED_PKG|Centify
18:01:00.11 (510844569)|ENTERING_MANAGED_PKG|Centify
18:01:00.11 (510953307)|ENTERING_MANAGED_PKG|Centify
18:01:00.11 (511061772)|ENTERING_MANAGED_PKG|Centify
18:01:00.11 (511171307)|ENTERING_MANAGED_PKG|Centify
18:01:00.11 (511341690)|ENTERING_MANAGED_PKG|Centify
18:01:00.11 (511472797)|ENTERING_MANAGED_PKG|Centify
18:01:00.11 (511583042)|ENTERING_MANAGED_PKG|Centify
18:01:00.11 (511713614)|ENTERING_MANAGED_PKG|Centify
18:01:00.11 (511859569)|ENTERING_MANAGED_PKG|Centify
18:01:00.11 (511897399)|ENTERING_MANAGED_PKG|Centify
18:01:00.11 (511929222)|ENTERING_MANAGED_PKG|Centify
18:01:00.11 (511952811)|ENTERING_MANAGED_PKG|Centify
18:01:00.11 (512002109)|ENTERING_MANAGED_PKG|Centify
18:01:00.11 (512041711)|ENTERING_MANAGED_PKG|Centify
18:01:00.11 (513132760)|ENTERING_MANAGED_PKG|Centify
18:01:00.11 (513160891)|ENTERING_MANAGED_PKG|Centify
18:01:00.11 (513184747)|ENTERING_MANAGED_PKG|Centify
18:01:00.11 (513250629)|ENTERING_MANAGED_PKG|Centify
18:01:00.11 (513300725)|ENTERING_MANAGED_PKG|Centify
18:01:00.11 (513352789)|ENTERING_MANAGED_PKG|Centify
18:01:00.11 (513582434)|ENTERING_MANAGED_PKG|Centify
18:01:00.11 (515809983)|ENTERING_MANAGED_PKG|Centify
18:01:00.11 (515866645)|ENTERING_MANAGED_PKG|Centify
18:01:00.11 (515991877)|ENTERING_MANAGED_PKG|Centify
18:01:00.11 (584535557)|ENTERING_MANAGED_PKG|Centify
18:01:00.11 (584666915)|ENTERING_MANAGED_PKG|Centify
18:01:00.11 (584813492)|ENTERING_MANAGED_PKG|Centify
18:01:00.11 (645968548)|ENTERING_MANAGED_PKG|Centify
18:01:00.11 (646081963)|ENTERING_MANAGED_PKG|Centify
18:01:00.11 (646192651)|ENTERING_MANAGED_PKG|Centify
18:01:00.11 (699204187)|ENTERING_MANAGED_PKG|Centify
18:01:00.11 (699310458)|ENTERING_MANAGED_PKG|Centify
18:01:00.11 (699413230)|ENTERING_MANAGED_PKG|Centify
18:01:00.11 (743378732)|ENTERING_MANAGED_PKG|Centify
18:01:00.11 (743516057)|ENTERING_MANAGED_PKG|Centify
18:01:00.11 (743652077)|ENTERING_MANAGED_PKG|Centify
18:01:00.11 (792326278)|ENTERING_MANAGED_PKG|Centify
18:01:00.11 (792424594)|ENTERING_MANAGED_PKG|Centify
18:01:00.11 (792528534)|ENTERING_MANAGED_PKG|Centify
18:01:00.11 (835885187)|ENTERING_MANAGED_PKG|Centify
18:01:00.11 (835986760)|ENTERING_MANAGED_PKG|Centify
18:01:00.11 (836095568)|ENTERING_MANAGED_PKG|Centify
18:01:00.11 (873951174)|ENTERING_MANAGED_PKG|Centify
18:01:00.11 (874095920)|ENTERING_MANAGED_PKG|Centify
18:01:00.11 (874255493)|ENTERING_MANAGED_PKG|Centify
18:01:00.11 (917263076)|ENTERING_MANAGED_PKG|Centify
18:01:00.11 (917450471)|ENTERING_MANAGED_PKG|Centify
18:01:00.11 (919856744)|ENTERING_MANAGED_PKG|Centify
18:01:00.11 (919925085)|ENTERING_MANAGED_PKG|Centify
18:01:00.11 (920039653)|ENTERING_MANAGED_PKG|Centify
18:01:00.11 (950733387)|ENTERING_MANAGED_PKG|Centify
18:01:00.11 (953627636)|ENTERING_MANAGED_PKG|Centify
18:01:00.11 (953743721)|ENTERING_MANAGED_PKG|Centify
18:01:00.11 (953875800)|ENTERING_MANAGED_PKG|Centify
18:01:00.11 (955824824)|ENTERING_MANAGED_PKG|Centify
18:01:00.11 (955864388)|ENTERING_MANAGED_PKG|Centify
18:01:00.11 (955945294)|ENTERING_MANAGED_PKG|Centify
18:01:00.11 (956520485)|ENTERING_MANAGED_PKG|Centify
18:01:00.11 (958716268)|SOQL_EXECUTE_BEGIN|[16]|Aggregations:0|SELECT Id, CronExpression, CronJobDetail.Name FROM CronTrigger WHERE CronJobDetail.Name LIKE '%Spinify%'
18:01:00.11 (964412064)|SOQL_EXECUTE_END|[16]|Rows:10
18:01:00.11 (964849392)|ENTERING_MANAGED_PKG|Centify
18:01:00.11 (964980394)|ENTERING_MANAGED_PKG|Centify
18:01:00.11 (965063355)|ENTERING_MANAGED_PKG|Centify
18:01:00.11 (965404316)|ENTERING_MANAGED_PKG|Centify
18:01:00.11 (965549124)|ENTERING_MANAGED_PKG|Centify
18:01:00.11 (965662588)|ENTERING_MANAGED_PKG|Centify
18:01:00.11 (965782283)|ENTERING_MANAGED_PKG|Centify
18:01:00.11 (966674082)|ENTERING_MANAGED_PKG|Centify
18:01:01.45 (1045847510)|CUMULATIVE_LIMIT_USAGE
18:01:01.45 (1045847510)|LIMIT_USAGE_FOR_NS|(default)|
  Number of SOQL queries: 0 out of 100
  Number of query rows: 0 out of 50000
  Number of SOSL queries: 0 out of 20
  Number of DML statements: 0 out of 150
  Number of DML rows: 0 out of 10000
  Maximum CPU time: 408 out of 10000
  Maximum heap size: 0 out of 6000000
  Number of callouts: 0 out of 100
  Number of Email Invocations: 0 out of 10
  Number of future calls: 0 out of 50
  Number of queueable jobs added to the queue: 0 out of 50
  Number of Mobile Apex push calls: 0 out of 10

18:01:01.45 (1045847510)|LIMIT_USAGE_FOR_NS|Centify|
  Number of SOQL queries: 3 out of 100
  Number of query rows: 12 out of 50000
  Number of SOSL queries: 0 out of 20
  Number of DML statements: 1 out of 150
  Number of DML rows: 1 out of 10000
  Maximum CPU time: 0 out of 10000
  Maximum heap size: 0 out of 6000000
  Number of callouts: 0 out of 100
  Number of Email Invocations: 0 out of 10
  Number of future calls: 0 out of 50
  Number of queueable jobs added to the queue: 0 out of 50
  Number of Mobile Apex push calls: 0 out of 10

18:01:01.45 (1045847510)|CUMULATIVE_LIMIT_USAGE_END

