37.0 APEX_CODE,FINEST;APEX_PROFILING,INFO;CALLOUT,INFO;DB,INFO;NBA,INFO;SYSTEM,DEBUG;VALIDATION,INFO;VISUALFORCE,INFO;WAVE,INFO;WORKFLOW,INFO
11:38:06.17 (17242775)|ENTERING_MANAGED_PKG|Centify
11:38:06.17 (18571602)|ENTERING_MANAGED_PKG|Centify
11:38:06.17 (18610494)|ENTERING_MANAGED_PKG|Centify
11:38:06.17 (19183771)|ENTERING_MANAGED_PKG|Centify
11:38:06.17 (19241627)|ENTERING_MANAGED_PKG|Centify
11:38:06.17 (19872992)|ENTERING_MANAGED_PKG|Centify
11:38:06.17 (20151613)|ENTERING_MANAGED_PKG|Centify
11:38:06.17 (20191720)|ENTERING_MANAGED_PKG|Centify
11:38:06.17 (20264437)|ENTERING_MANAGED_PKG|Centify
11:38:06.17 (20330464)|ENTERING_MANAGED_PKG|Centify
11:38:06.17 (20360825)|ENTERING_MANAGED_PKG|Centify
11:38:06.17 (20379771)|ENTERING_MANAGED_PKG|Centify
11:38:06.17 (20394428)|ENTERING_MANAGED_PKG|Centify
11:38:06.17 (20569706)|ENTERING_MANAGED_PKG|Centify
11:38:06.17 (59730351)|ENTERING_MANAGED_PKG|Centify
11:38:06.17 (59811005)|ENTERING_MANAGED_PKG|Centify
11:38:06.17 (59924376)|ENTERING_MANAGED_PKG|Centify
11:38:06.17 (59962918)|ENTERING_MANAGED_PKG|Centify
11:38:06.17 (247467468)|ENTERING_MANAGED_PKG|Centify
11:38:06.17 (301624035)|ENTERING_MANAGED_PKG|Centify
11:38:06.17 (314946246)|ENTERING_MANAGED_PKG|Centify
11:38:06.17 (314999436)|ENTERING_MANAGED_PKG|Centify
11:38:06.17 (315076211)|ENTERING_MANAGED_PKG|Centify
11:38:06.17 (315107721)|ENTERING_MANAGED_PKG|Centify
11:38:06.17 (315168300)|ENTERING_MANAGED_PKG|Centify
11:38:06.17 (381289987)|ENTERING_MANAGED_PKG|Centify
11:38:06.17 (398232410)|ENTERING_MANAGED_PKG|Centify
11:38:06.17 (398309386)|ENTERING_MANAGED_PKG|Centify
11:38:06.17 (398401440)|ENTERING_MANAGED_PKG|Centify
11:38:06.17 (398433528)|ENTERING_MANAGED_PKG|Centify
11:38:06.17 (398495647)|ENTERING_MANAGED_PKG|Centify
11:38:06.17 (441354566)|ENTERING_MANAGED_PKG|Centify
11:38:06.17 (465403951)|ENTERING_MANAGED_PKG|Centify
11:38:06.17 (465475350)|ENTERING_MANAGED_PKG|Centify
11:38:06.17 (465594286)|ENTERING_MANAGED_PKG|Centify
11:38:06.17 (465641419)|ENTERING_MANAGED_PKG|Centify
11:38:06.17 (465746113)|ENTERING_MANAGED_PKG|Centify
11:38:06.17 (495397149)|ENTERING_MANAGED_PKG|Centify
11:38:06.17 (512419042)|ENTERING_MANAGED_PKG|Centify
11:38:06.17 (512473054)|ENTERING_MANAGED_PKG|Centify
11:38:06.17 (512547086)|ENTERING_MANAGED_PKG|Centify
11:38:06.17 (512578418)|ENTERING_MANAGED_PKG|Centify
11:38:06.17 (512639504)|ENTERING_MANAGED_PKG|Centify
11:38:06.17 (541220592)|ENTERING_MANAGED_PKG|Centify
11:38:06.17 (555824835)|ENTERING_MANAGED_PKG|Centify
11:38:06.17 (555875381)|ENTERING_MANAGED_PKG|Centify
11:38:06.17 (555946612)|ENTERING_MANAGED_PKG|Centify
11:38:06.17 (555975745)|ENTERING_MANAGED_PKG|Centify
11:38:06.17 (556033986)|ENTERING_MANAGED_PKG|Centify
11:38:06.17 (584043801)|ENTERING_MANAGED_PKG|Centify
11:38:06.17 (599712379)|ENTERING_MANAGED_PKG|Centify
11:38:06.17 (599764676)|ENTERING_MANAGED_PKG|Centify
11:38:06.17 (599839270)|ENTERING_MANAGED_PKG|Centify
11:38:06.17 (599869172)|ENTERING_MANAGED_PKG|Centify
11:38:06.17 (599929017)|ENTERING_MANAGED_PKG|Centify
11:38:06.17 (628234993)|ENTERING_MANAGED_PKG|Centify
11:38:06.17 (643067170)|ENTERING_MANAGED_PKG|Centify
11:38:06.17 (643118236)|ENTERING_MANAGED_PKG|Centify
11:38:06.17 (643190444)|ENTERING_MANAGED_PKG|Centify
11:38:06.17 (643221134)|ENTERING_MANAGED_PKG|Centify
11:38:06.17 (643278401)|ENTERING_MANAGED_PKG|Centify
11:38:06.17 (671745760)|ENTERING_MANAGED_PKG|Centify
11:38:06.17 (686793025)|ENTERING_MANAGED_PKG|Centify
11:38:06.17 (686844432)|ENTERING_MANAGED_PKG|Centify
11:38:06.17 (686919534)|ENTERING_MANAGED_PKG|Centify
11:38:06.17 (686950273)|ENTERING_MANAGED_PKG|Centify
11:38:06.17 (687008949)|ENTERING_MANAGED_PKG|Centify
11:38:06.17 (714888302)|ENTERING_MANAGED_PKG|Centify
11:38:06.17 (730161436)|ENTERING_MANAGED_PKG|Centify
11:38:06.17 (730213457)|ENTERING_MANAGED_PKG|Centify
11:38:06.17 (730291016)|ENTERING_MANAGED_PKG|Centify
11:38:06.17 (730321989)|ENTERING_MANAGED_PKG|Centify
11:38:06.17 (730381238)|ENTERING_MANAGED_PKG|Centify
11:38:06.17 (758686077)|ENTERING_MANAGED_PKG|Centify
11:38:06.17 (774481500)|ENTERING_MANAGED_PKG|Centify
11:38:06.17 (774758900)|ENTERING_MANAGED_PKG|Centify
11:38:06.17 (790144237)|ENTERING_MANAGED_PKG|Centify
11:38:06.17 (790244015)|ENTERING_MANAGED_PKG|Centify
11:38:06.17 (790468707)|ENTERING_MANAGED_PKG|Centify
11:38:06.17 (790520979)|ENTERING_MANAGED_PKG|Centify
11:38:06.17 (790564373)|ENTERING_MANAGED_PKG|Centify
11:38:06.17 (790625757)|ENTERING_MANAGED_PKG|Centify
11:38:06.17 (794497936)|SOQL_EXECUTE_BEGIN|[19]|Aggregations:0|SELECT Id, OrganizationType FROM Organization LIMIT 1
11:38:06.17 (797625883)|SOQL_EXECUTE_END|[19]|Rows:1
11:38:06.17 (814401854)|ENTERING_MANAGED_PKG|Centify
11:38:06.17 (814459866)|ENTERING_MANAGED_PKG|Centify
11:38:06.17 (814605062)|ENTERING_MANAGED_PKG|Centify
11:38:06.17 (814642203)|ENTERING_MANAGED_PKG|Centify
11:38:06.17 (814671550)|ENTERING_MANAGED_PKG|Centify
11:38:06.17 (814917365)|ENTERING_MANAGED_PKG|Centify
11:38:06.17 (814987079)|ENTERING_MANAGED_PKG|Centify
11:38:06.17 (825435982)|ENTERING_MANAGED_PKG|Centify
11:38:06.17 (825556574)|ENTERING_MANAGED_PKG|Centify
11:38:06.17 (826093750)|ENTERING_MANAGED_PKG|Centify
11:38:06.17 (826715587)|SOQL_EXECUTE_BEGIN|[16]|Aggregations:0|select id,lastmodifieddate,isdeleted,name,createddate,ownerid,status,isconverted,converteddate,company from Lead where LastModifiedDate >2018-10-23T01:26:52Z AND LastModifiedDate < 2018-10-23T01:38:12Z  ORDER BY SystemModStamp DESC LIMIT 5000  ALL ROWS
11:38:06.17 (831961322)|SOQL_EXECUTE_END|[16]|Rows:0
11:38:06.858 (858363144)|CUMULATIVE_LIMIT_USAGE
11:38:06.858 (858363144)|LIMIT_USAGE_FOR_NS|(default)|
  Number of SOQL queries: 0 out of 200
  Number of query rows: 0 out of 50000
  Number of SOSL queries: 0 out of 20
  Number of DML statements: 0 out of 150
  Number of DML rows: 0 out of 10000
  Maximum CPU time: 0 out of 60000
  Maximum heap size: 0 out of 12000000
  Number of callouts: 0 out of 0
  Number of Email Invocations: 0 out of 10
  Number of future calls: 0 out of 0
  Number of queueable jobs added to the queue: 0 out of 1
  Number of Mobile Apex push calls: 0 out of 10

11:38:06.858 (858363144)|LIMIT_USAGE_FOR_NS|Centify|
  Number of SOQL queries: 0 out of 200
  Number of query rows: 0 out of 50000
  Number of SOSL queries: 0 out of 20
  Number of DML statements: 0 out of 150
  Number of DML rows: 0 out of 10000
  Maximum CPU time: 0 out of 60000
  Maximum heap size: 0 out of 12000000
  Number of callouts: 0 out of 0
  Number of Email Invocations: 0 out of 10
  Number of future calls: 0 out of 0
  Number of queueable jobs added to the queue: 0 out of 1
  Number of Mobile Apex push calls: 0 out of 10

11:38:06.858 (858363144)|CUMULATIVE_LIMIT_USAGE_END

