37.0 APEX_CODE,FINEST;APEX_PROFILING,INFO;CALLOUT,INFO;DB,INFO;NBA,INFO;SYSTEM,DEBUG;VALIDATION,INFO;VISUALFORCE,INFO;WAVE,INFO;WORKFLOW,INFO
11:52:24.13 (13001007)|ENTERING_MANAGED_PKG|Centify
11:52:24.13 (15240522)|ENTERING_MANAGED_PKG|Centify
11:52:24.13 (15285878)|ENTERING_MANAGED_PKG|Centify
11:52:24.13 (15909192)|ENTERING_MANAGED_PKG|Centify
11:52:24.13 (15944926)|ENTERING_MANAGED_PKG|Centify
11:52:24.13 (16020201)|ENTERING_MANAGED_PKG|Centify
11:52:24.13 (16413784)|ENTERING_MANAGED_PKG|Centify
11:52:24.13 (22671412)|ENTERING_MANAGED_PKG|Centify
11:52:24.13 (22719375)|ENTERING_MANAGED_PKG|Centify
11:52:24.13 (23015290)|ENTERING_MANAGED_PKG|Centify
11:52:24.13 (23049921)|ENTERING_MANAGED_PKG|Centify
11:52:24.13 (23314802)|ENTERING_MANAGED_PKG|Centify
11:52:24.13 (23890018)|ENTERING_MANAGED_PKG|Centify
11:52:24.13 (23928614)|ENTERING_MANAGED_PKG|Centify
11:52:24.13 (24034051)|ENTERING_MANAGED_PKG|Centify
11:52:24.13 (24087282)|ENTERING_MANAGED_PKG|Centify
11:52:24.13 (24109956)|ENTERING_MANAGED_PKG|Centify
11:52:24.13 (24190233)|ENTERING_MANAGED_PKG|Centify
11:52:24.13 (24220316)|ENTERING_MANAGED_PKG|Centify
11:52:24.13 (24249722)|ENTERING_MANAGED_PKG|Centify
11:52:24.13 (24376662)|ENTERING_MANAGED_PKG|Centify
11:52:24.13 (24417129)|ENTERING_MANAGED_PKG|Centify
11:52:24.13 (25172975)|ENTERING_MANAGED_PKG|Centify
11:52:24.13 (25223175)|ENTERING_MANAGED_PKG|Centify
11:52:24.13 (25253999)|ENTERING_MANAGED_PKG|Centify
11:52:24.13 (25408425)|ENTERING_MANAGED_PKG|Centify
11:52:24.13 (25469738)|ENTERING_MANAGED_PKG|Centify
11:52:24.13 (25718756)|ENTERING_MANAGED_PKG|Centify
11:52:24.13 (25856845)|ENTERING_MANAGED_PKG|Centify
11:52:24.13 (26659418)|ENTERING_MANAGED_PKG|Centify
11:52:24.13 (26809566)|ENTERING_MANAGED_PKG|Centify
11:52:24.13 (26902610)|ENTERING_MANAGED_PKG|Centify
11:52:24.13 (26971725)|ENTERING_MANAGED_PKG|Centify
11:52:24.13 (27083235)|ENTERING_MANAGED_PKG|Centify
11:52:24.13 (27285204)|ENTERING_MANAGED_PKG|Centify
11:52:24.13 (27377151)|ENTERING_MANAGED_PKG|Centify
11:52:24.13 (27445037)|ENTERING_MANAGED_PKG|Centify
11:52:24.13 (27522054)|ENTERING_MANAGED_PKG|Centify
11:52:24.13 (27619681)|ENTERING_MANAGED_PKG|Centify
11:52:24.13 (27759821)|ENTERING_MANAGED_PKG|Centify
11:52:24.13 (27885283)|ENTERING_MANAGED_PKG|Centify
11:52:24.13 (28017268)|ENTERING_MANAGED_PKG|Centify
11:52:24.13 (28112658)|ENTERING_MANAGED_PKG|Centify
11:52:24.13 (28211059)|ENTERING_MANAGED_PKG|Centify
11:52:24.13 (28307229)|ENTERING_MANAGED_PKG|Centify
11:52:24.13 (28389732)|ENTERING_MANAGED_PKG|Centify
11:52:24.13 (28453732)|ENTERING_MANAGED_PKG|Centify
11:52:24.13 (28529624)|ENTERING_MANAGED_PKG|Centify
11:52:24.13 (28694300)|ENTERING_MANAGED_PKG|Centify
11:52:24.13 (28838455)|ENTERING_MANAGED_PKG|Centify
11:52:24.13 (29025302)|ENTERING_MANAGED_PKG|Centify
11:52:24.13 (29115912)|ENTERING_MANAGED_PKG|Centify
11:52:24.13 (29188105)|ENTERING_MANAGED_PKG|Centify
11:52:24.13 (29273668)|ENTERING_MANAGED_PKG|Centify
11:52:24.13 (29344444)|ENTERING_MANAGED_PKG|Centify
11:52:24.13 (29423347)|ENTERING_MANAGED_PKG|Centify
11:52:24.13 (29557742)|ENTERING_MANAGED_PKG|Centify
11:52:24.13 (29645037)|ENTERING_MANAGED_PKG|Centify
11:52:24.13 (29812520)|ENTERING_MANAGED_PKG|Centify
11:52:24.13 (29911891)|ENTERING_MANAGED_PKG|Centify
11:52:24.13 (30144376)|ENTERING_MANAGED_PKG|Centify
11:52:24.13 (30249158)|ENTERING_MANAGED_PKG|Centify
11:52:24.13 (30317011)|ENTERING_MANAGED_PKG|Centify
11:52:24.13 (30392598)|ENTERING_MANAGED_PKG|Centify
11:52:24.13 (30456333)|ENTERING_MANAGED_PKG|Centify
11:52:24.13 (30527737)|ENTERING_MANAGED_PKG|Centify
11:52:24.13 (30590546)|ENTERING_MANAGED_PKG|Centify
11:52:24.13 (30661139)|ENTERING_MANAGED_PKG|Centify
11:52:24.13 (30724086)|ENTERING_MANAGED_PKG|Centify
11:52:24.13 (30796861)|ENTERING_MANAGED_PKG|Centify
11:52:24.13 (30932946)|ENTERING_MANAGED_PKG|Centify
11:52:24.13 (31013664)|ENTERING_MANAGED_PKG|Centify
11:52:24.13 (31078770)|ENTERING_MANAGED_PKG|Centify
11:52:24.13 (31170078)|ENTERING_MANAGED_PKG|Centify
11:52:24.13 (31282326)|ENTERING_MANAGED_PKG|Centify
11:52:24.13 (31341672)|ENTERING_MANAGED_PKG|Centify
11:52:24.13 (31562938)|ENTERING_MANAGED_PKG|Centify
11:52:24.13 (31591334)|ENTERING_MANAGED_PKG|Centify
11:52:24.13 (31645412)|ENTERING_MANAGED_PKG|Centify
11:52:24.13 (31703747)|ENTERING_MANAGED_PKG|Centify
11:52:24.13 (31744334)|ENTERING_MANAGED_PKG|Centify
11:52:24.13 (31819471)|ENTERING_MANAGED_PKG|Centify
11:52:24.13 (33692591)|DML_BEGIN|[76]|Op:Insert|Type:Centify__Notification__c|Rows:1
11:52:24.13 (67578898)|DML_END|[76]
11:52:24.13 (67750085)|ENTERING_MANAGED_PKG|Centify
11:52:24.13 (68157314)|ENTERING_MANAGED_PKG|Centify
11:52:24.82 (82046866)|CUMULATIVE_LIMIT_USAGE
11:52:24.82 (82046866)|LIMIT_USAGE_FOR_NS|(default)|
  Number of SOQL queries: 0 out of 200
  Number of query rows: 0 out of 50000
  Number of SOSL queries: 0 out of 20
  Number of DML statements: 0 out of 150
  Number of DML rows: 0 out of 10000
  Maximum CPU time: 0 out of 60000
  Maximum heap size: 0 out of 12000000
  Number of callouts: 0 out of 0
  Number of Email Invocations: 0 out of 10
  Number of future calls: 0 out of 0
  Number of queueable jobs added to the queue: 0 out of 1
  Number of Mobile Apex push calls: 0 out of 10

11:52:24.82 (82046866)|LIMIT_USAGE_FOR_NS|Centify|
  Number of SOQL queries: 0 out of 200
  Number of query rows: 0 out of 50000
  Number of SOSL queries: 0 out of 20
  Number of DML statements: 0 out of 150
  Number of DML rows: 0 out of 10000
  Maximum CPU time: 0 out of 60000
  Maximum heap size: 0 out of 12000000
  Number of callouts: 0 out of 0
  Number of Email Invocations: 0 out of 10
  Number of future calls: 0 out of 0
  Number of queueable jobs added to the queue: 0 out of 1
  Number of Mobile Apex push calls: 0 out of 10

11:52:24.82 (82046866)|CUMULATIVE_LIMIT_USAGE_END

