37.0 APEX_CODE,FINEST;APEX_PROFILING,INFO;CALLOUT,INFO;DB,INFO;NBA,INFO;SYSTEM,DEBUG;VALIDATION,INFO;VISUALFORCE,INFO;WAVE,INFO;WORKFLOW,INFO
14:36:42.20 (20413650)|ENTERING_MANAGED_PKG|Centify
14:36:42.20 (22199605)|ENTERING_MANAGED_PKG|Centify
14:36:42.20 (22253422)|ENTERING_MANAGED_PKG|Centify
14:36:42.20 (23054373)|ENTERING_MANAGED_PKG|Centify
14:36:42.20 (23147785)|ENTERING_MANAGED_PKG|Centify
14:36:42.20 (24037029)|ENTERING_MANAGED_PKG|Centify
14:36:42.20 (24384850)|ENTERING_MANAGED_PKG|Centify
14:36:42.20 (24426769)|ENTERING_MANAGED_PKG|Centify
14:36:42.20 (24535502)|ENTERING_MANAGED_PKG|Centify
14:36:42.20 (24616545)|ENTERING_MANAGED_PKG|Centify
14:36:42.20 (24673855)|ENTERING_MANAGED_PKG|Centify
14:36:42.20 (24699139)|ENTERING_MANAGED_PKG|Centify
14:36:42.20 (24717789)|ENTERING_MANAGED_PKG|Centify
14:36:42.20 (24935318)|ENTERING_MANAGED_PKG|Centify
14:36:42.20 (79496788)|ENTERING_MANAGED_PKG|Centify
14:36:42.20 (79583507)|ENTERING_MANAGED_PKG|Centify
14:36:42.20 (79708995)|ENTERING_MANAGED_PKG|Centify
14:36:42.20 (79758716)|ENTERING_MANAGED_PKG|Centify
14:36:42.20 (290083890)|ENTERING_MANAGED_PKG|Centify
14:36:42.20 (363876293)|ENTERING_MANAGED_PKG|Centify
14:36:42.20 (378132264)|ENTERING_MANAGED_PKG|Centify
14:36:42.20 (378195023)|ENTERING_MANAGED_PKG|Centify
14:36:42.20 (378279446)|ENTERING_MANAGED_PKG|Centify
14:36:42.20 (378311720)|ENTERING_MANAGED_PKG|Centify
14:36:42.20 (378373796)|ENTERING_MANAGED_PKG|Centify
14:36:42.20 (419817038)|ENTERING_MANAGED_PKG|Centify
14:36:42.20 (437593728)|ENTERING_MANAGED_PKG|Centify
14:36:42.20 (437645856)|ENTERING_MANAGED_PKG|Centify
14:36:42.20 (437720755)|ENTERING_MANAGED_PKG|Centify
14:36:42.20 (437752191)|ENTERING_MANAGED_PKG|Centify
14:36:42.20 (437811499)|ENTERING_MANAGED_PKG|Centify
14:36:42.20 (475144937)|ENTERING_MANAGED_PKG|Centify
14:36:42.20 (492146443)|ENTERING_MANAGED_PKG|Centify
14:36:42.20 (492201066)|ENTERING_MANAGED_PKG|Centify
14:36:42.20 (492288265)|ENTERING_MANAGED_PKG|Centify
14:36:42.20 (492350915)|ENTERING_MANAGED_PKG|Centify
14:36:42.20 (492432718)|ENTERING_MANAGED_PKG|Centify
14:36:42.20 (529294109)|ENTERING_MANAGED_PKG|Centify
14:36:42.20 (545750463)|ENTERING_MANAGED_PKG|Centify
14:36:42.20 (545802553)|ENTERING_MANAGED_PKG|Centify
14:36:42.20 (545877335)|ENTERING_MANAGED_PKG|Centify
14:36:42.20 (545908713)|ENTERING_MANAGED_PKG|Centify
14:36:42.20 (545968616)|ENTERING_MANAGED_PKG|Centify
14:36:42.20 (583166615)|ENTERING_MANAGED_PKG|Centify
14:36:42.20 (599815401)|ENTERING_MANAGED_PKG|Centify
14:36:42.20 (599871769)|ENTERING_MANAGED_PKG|Centify
14:36:42.20 (599978523)|ENTERING_MANAGED_PKG|Centify
14:36:42.20 (600013239)|ENTERING_MANAGED_PKG|Centify
14:36:42.20 (600082452)|ENTERING_MANAGED_PKG|Centify
14:36:42.20 (637736828)|ENTERING_MANAGED_PKG|Centify
14:36:42.20 (654966069)|ENTERING_MANAGED_PKG|Centify
14:36:42.20 (655239595)|ENTERING_MANAGED_PKG|Centify
14:36:42.20 (670857112)|ENTERING_MANAGED_PKG|Centify
14:36:42.20 (670940899)|ENTERING_MANAGED_PKG|Centify
14:36:42.20 (671901631)|ENTERING_MANAGED_PKG|Centify
14:36:42.20 (671961277)|ENTERING_MANAGED_PKG|Centify
14:36:42.20 (672006653)|ENTERING_MANAGED_PKG|Centify
14:36:42.20 (672081681)|ENTERING_MANAGED_PKG|Centify
14:36:42.20 (675367006)|SOQL_EXECUTE_BEGIN|[19]|Aggregations:0|SELECT Id, OrganizationType FROM Organization LIMIT 1
14:36:42.20 (678681088)|SOQL_EXECUTE_END|[19]|Rows:1
14:36:42.20 (697237326)|ENTERING_MANAGED_PKG|Centify
14:36:42.20 (716360803)|ENTERING_MANAGED_PKG|Centify
14:36:42.20 (716435996)|ENTERING_MANAGED_PKG|Centify
14:36:42.20 (716588901)|ENTERING_MANAGED_PKG|Centify
14:36:42.20 (716640367)|ENTERING_MANAGED_PKG|Centify
14:36:42.20 (716731209)|ENTERING_MANAGED_PKG|Centify
14:36:42.20 (765667010)|ENTERING_MANAGED_PKG|Centify
14:36:42.20 (782636437)|ENTERING_MANAGED_PKG|Centify
14:36:42.20 (782711686)|ENTERING_MANAGED_PKG|Centify
14:36:42.20 (782834041)|ENTERING_MANAGED_PKG|Centify
14:36:42.20 (782885573)|ENTERING_MANAGED_PKG|Centify
14:36:42.20 (782985156)|ENTERING_MANAGED_PKG|Centify
14:36:42.20 (821153518)|ENTERING_MANAGED_PKG|Centify
14:36:42.20 (821228442)|ENTERING_MANAGED_PKG|Centify
14:36:42.20 (821374490)|ENTERING_MANAGED_PKG|Centify
14:36:42.20 (821417266)|ENTERING_MANAGED_PKG|Centify
14:36:42.20 (821454855)|ENTERING_MANAGED_PKG|Centify
14:36:42.20 (822303251)|ENTERING_MANAGED_PKG|Centify
14:36:42.20 (822381756)|ENTERING_MANAGED_PKG|Centify
14:36:42.20 (833024155)|ENTERING_MANAGED_PKG|Centify
14:36:42.20 (833219266)|ENTERING_MANAGED_PKG|Centify
14:36:42.20 (834022754)|ENTERING_MANAGED_PKG|Centify
14:36:42.20 (834885693)|SOQL_EXECUTE_BEGIN|[16]|Aggregations:0|select id,lastmodifieddate,isdeleted,createddate,industry,type,name,ownerid from Account where LastModifiedDate >2019-01-09T04:35:46Z AND LastModifiedDate < 2019-01-09T04:36:48Z  ORDER BY SystemModStamp DESC LIMIT 5000  ALL ROWS
14:36:42.20 (845575625)|SOQL_EXECUTE_END|[16]|Rows:5
14:36:42.865 (865591940)|CUMULATIVE_LIMIT_USAGE
14:36:42.865 (865591940)|LIMIT_USAGE_FOR_NS|(default)|
  Number of SOQL queries: 0 out of 200
  Number of query rows: 0 out of 50000
  Number of SOSL queries: 0 out of 20
  Number of DML statements: 0 out of 150
  Number of DML rows: 0 out of 10000
  Maximum CPU time: 0 out of 60000
  Maximum heap size: 0 out of 12000000
  Number of callouts: 0 out of 0
  Number of Email Invocations: 0 out of 10
  Number of future calls: 0 out of 0
  Number of queueable jobs added to the queue: 0 out of 1
  Number of Mobile Apex push calls: 0 out of 10

14:36:42.865 (865591940)|LIMIT_USAGE_FOR_NS|Centify|
  Number of SOQL queries: 0 out of 200
  Number of query rows: 0 out of 50000
  Number of SOSL queries: 0 out of 20
  Number of DML statements: 0 out of 150
  Number of DML rows: 0 out of 10000
  Maximum CPU time: 0 out of 60000
  Maximum heap size: 0 out of 12000000
  Number of callouts: 0 out of 0
  Number of Email Invocations: 0 out of 10
  Number of future calls: 0 out of 0
  Number of queueable jobs added to the queue: 0 out of 1
  Number of Mobile Apex push calls: 0 out of 10

14:36:42.865 (865591940)|CUMULATIVE_LIMIT_USAGE_END

