37.0 APEX_CODE,FINEST;APEX_PROFILING,INFO;CALLOUT,INFO;DB,INFO;NBA,INFO;SYSTEM,DEBUG;VALIDATION,INFO;VISUALFORCE,INFO;WAVE,INFO;WORKFLOW,INFO
14:46:17.12 (12771234)|ENTERING_MANAGED_PKG|Centify
14:46:17.12 (16321055)|ENTERING_MANAGED_PKG|Centify
14:46:17.12 (22290598)|ENTERING_MANAGED_PKG|Centify
14:46:17.12 (22446284)|ENTERING_MANAGED_PKG|Centify
14:46:17.12 (22574324)|ENTERING_MANAGED_PKG|Centify
14:46:17.12 (23176786)|ENTERING_MANAGED_PKG|Centify
14:46:17.12 (23461795)|ENTERING_MANAGED_PKG|Centify
14:46:17.12 (23488291)|ENTERING_MANAGED_PKG|Centify
14:46:17.12 (23564696)|ENTERING_MANAGED_PKG|Centify
14:46:17.12 (23614774)|ENTERING_MANAGED_PKG|Centify
14:46:17.12 (23648655)|ENTERING_MANAGED_PKG|Centify
14:46:17.12 (23667410)|ENTERING_MANAGED_PKG|Centify
14:46:17.12 (23684989)|ENTERING_MANAGED_PKG|Centify
14:46:17.12 (23845183)|ENTERING_MANAGED_PKG|Centify
14:46:17.12 (65960672)|ENTERING_MANAGED_PKG|Centify
14:46:17.12 (66089185)|ENTERING_MANAGED_PKG|Centify
14:46:17.12 (66224455)|ENTERING_MANAGED_PKG|Centify
14:46:17.12 (66271035)|ENTERING_MANAGED_PKG|Centify
14:46:17.12 (662680038)|ENTERING_MANAGED_PKG|Centify
14:46:17.12 (710109747)|ENTERING_MANAGED_PKG|Centify
14:46:17.12 (724358992)|ENTERING_MANAGED_PKG|Centify
14:46:17.12 (724415550)|ENTERING_MANAGED_PKG|Centify
14:46:17.12 (724497954)|ENTERING_MANAGED_PKG|Centify
14:46:17.12 (724532406)|ENTERING_MANAGED_PKG|Centify
14:46:17.12 (724601115)|ENTERING_MANAGED_PKG|Centify
14:46:17.12 (755187008)|ENTERING_MANAGED_PKG|Centify
14:46:17.12 (777288748)|ENTERING_MANAGED_PKG|Centify
14:46:17.12 (777348842)|ENTERING_MANAGED_PKG|Centify
14:46:17.12 (777438723)|ENTERING_MANAGED_PKG|Centify
14:46:17.12 (777486413)|ENTERING_MANAGED_PKG|Centify
14:46:17.12 (777571512)|ENTERING_MANAGED_PKG|Centify
14:46:17.12 (813658186)|ENTERING_MANAGED_PKG|Centify
14:46:17.12 (832025235)|ENTERING_MANAGED_PKG|Centify
14:46:17.12 (832107895)|ENTERING_MANAGED_PKG|Centify
14:46:17.12 (832201129)|ENTERING_MANAGED_PKG|Centify
14:46:17.12 (832235447)|ENTERING_MANAGED_PKG|Centify
14:46:17.12 (832306852)|ENTERING_MANAGED_PKG|Centify
14:46:17.12 (865880338)|ENTERING_MANAGED_PKG|Centify
14:46:17.12 (883459623)|ENTERING_MANAGED_PKG|Centify
14:46:17.12 (883517889)|ENTERING_MANAGED_PKG|Centify
14:46:17.12 (883596752)|ENTERING_MANAGED_PKG|Centify
14:46:17.12 (883626296)|ENTERING_MANAGED_PKG|Centify
14:46:17.12 (883689626)|ENTERING_MANAGED_PKG|Centify
14:46:17.12 (911642788)|ENTERING_MANAGED_PKG|Centify
14:46:17.12 (928863227)|ENTERING_MANAGED_PKG|Centify
14:46:17.12 (928919282)|ENTERING_MANAGED_PKG|Centify
14:46:17.12 (928997319)|ENTERING_MANAGED_PKG|Centify
14:46:17.12 (929033356)|ENTERING_MANAGED_PKG|Centify
14:46:17.12 (929103660)|ENTERING_MANAGED_PKG|Centify
14:46:17.12 (966876645)|ENTERING_MANAGED_PKG|Centify
14:46:17.12 (985812006)|ENTERING_MANAGED_PKG|Centify
14:46:17.12 (985873509)|ENTERING_MANAGED_PKG|Centify
14:46:17.12 (985948480)|ENTERING_MANAGED_PKG|Centify
14:46:17.12 (985993409)|ENTERING_MANAGED_PKG|Centify
14:46:17.12 (986070905)|ENTERING_MANAGED_PKG|Centify
14:46:18.15 (1015686010)|ENTERING_MANAGED_PKG|Centify
14:46:18.15 (1032963019)|ENTERING_MANAGED_PKG|Centify
14:46:18.15 (1033029982)|ENTERING_MANAGED_PKG|Centify
14:46:18.15 (1033113304)|ENTERING_MANAGED_PKG|Centify
14:46:18.15 (1033149096)|ENTERING_MANAGED_PKG|Centify
14:46:18.15 (1033218741)|ENTERING_MANAGED_PKG|Centify
14:46:18.15 (1062154493)|ENTERING_MANAGED_PKG|Centify
14:46:18.15 (1079399745)|ENTERING_MANAGED_PKG|Centify
14:46:18.15 (1079457023)|ENTERING_MANAGED_PKG|Centify
14:46:18.15 (1079530265)|ENTERING_MANAGED_PKG|Centify
14:46:18.15 (1079559492)|ENTERING_MANAGED_PKG|Centify
14:46:18.15 (1079619160)|ENTERING_MANAGED_PKG|Centify
14:46:18.15 (1109312127)|ENTERING_MANAGED_PKG|Centify
14:46:18.15 (1126902921)|ENTERING_MANAGED_PKG|Centify
14:46:18.15 (1126967705)|ENTERING_MANAGED_PKG|Centify
14:46:18.15 (1127081476)|ENTERING_MANAGED_PKG|Centify
14:46:18.15 (1127135932)|ENTERING_MANAGED_PKG|Centify
14:46:18.15 (1127229939)|ENTERING_MANAGED_PKG|Centify
14:46:18.15 (1156705014)|ENTERING_MANAGED_PKG|Centify
14:46:18.15 (1173983883)|ENTERING_MANAGED_PKG|Centify
14:46:18.15 (1174049694)|ENTERING_MANAGED_PKG|Centify
14:46:18.15 (1174132196)|ENTERING_MANAGED_PKG|Centify
14:46:18.15 (1174166209)|ENTERING_MANAGED_PKG|Centify
14:46:18.15 (1174236596)|ENTERING_MANAGED_PKG|Centify
14:46:18.15 (1204008547)|ENTERING_MANAGED_PKG|Centify
14:46:18.15 (1222221157)|ENTERING_MANAGED_PKG|Centify
14:46:18.15 (1222286145)|ENTERING_MANAGED_PKG|Centify
14:46:18.15 (1222368026)|ENTERING_MANAGED_PKG|Centify
14:46:18.15 (1222401664)|ENTERING_MANAGED_PKG|Centify
14:46:18.15 (1222471091)|ENTERING_MANAGED_PKG|Centify
14:46:18.15 (1251899067)|ENTERING_MANAGED_PKG|Centify
14:46:18.15 (1268404784)|ENTERING_MANAGED_PKG|Centify
14:46:18.15 (1268457421)|ENTERING_MANAGED_PKG|Centify
14:46:18.15 (1268528070)|ENTERING_MANAGED_PKG|Centify
14:46:18.15 (1268555662)|ENTERING_MANAGED_PKG|Centify
14:46:18.15 (1268613963)|ENTERING_MANAGED_PKG|Centify
14:46:18.15 (1294472981)|ENTERING_MANAGED_PKG|Centify
14:46:18.15 (1310776953)|ENTERING_MANAGED_PKG|Centify
14:46:18.15 (1310833659)|ENTERING_MANAGED_PKG|Centify
14:46:18.15 (1310905830)|ENTERING_MANAGED_PKG|Centify
14:46:18.15 (1310934385)|ENTERING_MANAGED_PKG|Centify
14:46:18.15 (1310992806)|ENTERING_MANAGED_PKG|Centify
14:46:18.15 (1337134499)|ENTERING_MANAGED_PKG|Centify
14:46:18.15 (1337199627)|ENTERING_MANAGED_PKG|Centify
14:46:18.15 (1337339831)|ENTERING_MANAGED_PKG|Centify
14:46:18.15 (1337379455)|ENTERING_MANAGED_PKG|Centify
14:46:18.15 (1337417353)|ENTERING_MANAGED_PKG|Centify
14:46:18.15 (1338659554)|ENTERING_MANAGED_PKG|Centify
14:46:18.15 (1338739753)|ENTERING_MANAGED_PKG|Centify
14:46:18.15 (1351332790)|ENTERING_MANAGED_PKG|Centify
14:46:18.15 (1351429928)|ENTERING_MANAGED_PKG|Centify
14:46:18.15 (1351556193)|ENTERING_MANAGED_PKG|Centify
14:46:18.15 (1352307712)|ENTERING_MANAGED_PKG|Centify
14:46:18.15 (1353537765)|SOQL_EXECUTE_BEGIN|[16]|Aggregations:0|select id,lastmodifieddate,isdeleted,call_duration_min__c,createddate,tasksubtype,isclosed,subject,ownerid,activitydate,status,whatid,calldurationinseconds,calltype from Task where LastModifiedDate >2019-01-09T04:44:59Z AND LastModifiedDate < 2019-01-09T04:46:23Z AND (   CallType = 'Outbound'  OR  CallType = 'Inbound'  )  ORDER BY SystemModStamp DESC LIMIT 5000  ALL ROWS
14:46:18.15 (1362559091)|SOQL_EXECUTE_END|[16]|Rows:5
14:46:18.385 (1385440046)|CUMULATIVE_LIMIT_USAGE
14:46:18.385 (1385440046)|LIMIT_USAGE_FOR_NS|(default)|
  Number of SOQL queries: 0 out of 200
  Number of query rows: 0 out of 50000
  Number of SOSL queries: 0 out of 20
  Number of DML statements: 0 out of 150
  Number of DML rows: 0 out of 10000
  Maximum CPU time: 0 out of 60000
  Maximum heap size: 0 out of 12000000
  Number of callouts: 0 out of 0
  Number of Email Invocations: 0 out of 10
  Number of future calls: 0 out of 0
  Number of queueable jobs added to the queue: 0 out of 1
  Number of Mobile Apex push calls: 0 out of 10

14:46:18.385 (1385440046)|LIMIT_USAGE_FOR_NS|Centify|
  Number of SOQL queries: 0 out of 200
  Number of query rows: 0 out of 50000
  Number of SOSL queries: 0 out of 20
  Number of DML statements: 0 out of 150
  Number of DML rows: 0 out of 10000
  Maximum CPU time: 0 out of 60000
  Maximum heap size: 0 out of 12000000
  Number of callouts: 0 out of 0
  Number of Email Invocations: 0 out of 10
  Number of future calls: 0 out of 0
  Number of queueable jobs added to the queue: 0 out of 1
  Number of Mobile Apex push calls: 0 out of 10

14:46:18.385 (1385440046)|CUMULATIVE_LIMIT_USAGE_END

