31.0 APEX_CODE,FINEST;APEX_PROFILING,INFO;CALLOUT,INFO;DB,INFO;NBA,INFO;SYSTEM,DEBUG;VALIDATION,INFO;VISUALFORCE,INFO;WAVE,INFO;WORKFLOW,INFO
14:47:01.0 (114073)|USER_INFO|[EXTERNAL]|00590000000Vmmq|ben@bjbglobal.com.au|Australian Eastern Standard Time|GMT+10:00
14:47:01.0 (188995)|EXECUTION_STARTED
14:47:01.0 (198766)|CODE_UNIT_STARTED|[EXTERNAL]|TRIGGERS
14:47:01.0 (265654)|CODE_UNIT_STARTED|[EXTERNAL]|01q6F000000DhRF|TaskBeforeUpdate on Task trigger event BeforeUpdate|__sfdc_trigger/TaskBeforeUpdate
14:47:01.0 (376543)|HEAP_ALLOCATE|[EXTERNAL]|Bytes:8
14:47:01.0 (478365)|HEAP_ALLOCATE|[EXTERNAL]|Bytes:8
14:47:01.0 (959185)|HEAP_ALLOCATE|[72]|Bytes:3
14:47:01.0 (1021074)|HEAP_ALLOCATE|[77]|Bytes:152
14:47:01.0 (1046700)|HEAP_ALLOCATE|[342]|Bytes:408
14:47:01.0 (1072652)|HEAP_ALLOCATE|[355]|Bytes:408
14:47:01.0 (1095317)|HEAP_ALLOCATE|[467]|Bytes:48
14:47:01.0 (1139647)|HEAP_ALLOCATE|[139]|Bytes:6
14:47:01.0 (1181298)|HEAP_ALLOCATE|[EXTERNAL]|Bytes:4
14:47:01.0 (1196831)|VARIABLE_SCOPE_BEGIN|[10]|this|TaskBeforeUpdate|true|false
14:47:01.0 (1256623)|VARIABLE_ASSIGNMENT|[10]|this|{}|0x48ccfd06
14:47:01.0 (1338319)|HEAP_ALLOCATE|[EXTERNAL]|Bytes:4
14:47:01.0 (1351059)|VARIABLE_SCOPE_BEGIN|[10]|this|TaskBeforeUpdate|true|false
14:47:01.0 (1374385)|VARIABLE_ASSIGNMENT|[10]|this|{}|0x48ccfd06
14:47:01.0 (1388244)|STATEMENT_EXECUTE|[10]
14:47:01.1 (1395777)|CUMULATIVE_LIMIT_USAGE
14:47:01.1 (1395777)|LIMIT_USAGE_FOR_NS|(default)|
  Number of SOQL queries: 0 out of 100
  Number of query rows: 0 out of 50000
  Number of SOSL queries: 0 out of 20
  Number of DML statements: 0 out of 150
  Number of DML rows: 0 out of 10000
  Maximum CPU time: 0 out of 10000
  Maximum heap size: 0 out of 6000000
  Number of callouts: 0 out of 100
  Number of Email Invocations: 0 out of 10
  Number of future calls: 0 out of 50
  Number of queueable jobs added to the queue: 0 out of 50
  Number of Mobile Apex push calls: 0 out of 10

14:47:01.1 (1395777)|CUMULATIVE_LIMIT_USAGE_END

14:47:01.0 (2727389)|CODE_UNIT_FINISHED|TaskBeforeUpdate on Task trigger event BeforeUpdate|__sfdc_trigger/TaskBeforeUpdate
14:47:01.0 (8367593)|CODE_UNIT_STARTED|[EXTERNAL]|Validation:Task:00T6F00005LrPaR
14:47:01.0 (8398710)|VALIDATION_RULE|03d6F000000qFaO|Finish_all_call_monitor_field
14:47:01.0 (9184848)|VALIDATION_FORMULA|AND(!ISBLANK(Monitored_By__c),
    OR(ISBLANK( TEXT(CM_advised_what_will_happen_next__c)),
       ISBLANK( TEXT(Allow_customer_to_present_concerns__c) ),
       ISBLANK( TEXT(Communication_is_clear_positive_confiden__c) ),
       ISBLANK( TEXT(Demonstrate_active_listening__c )),
       ISBLANK( TEXT(Gave_correct_answers_and_infomations__c) ),
       ISBLANK( TEXT(Mirrors_clients_talking_behaviour__c) ) ))|CM_advised_what_will_happen_next__c=null , Demonstrate_active_listening__c=null , Communication_is_clear_positive_confiden__c=null , Allow_customer_to_present_concerns__c=null , Gave_correct_answers_and_infomations__c=null , Mirrors_clients_talking_behaviour__c=null , Monitored_By__c=null
14:47:01.0 (9206667)|VALIDATION_PASS
14:47:01.0 (9209645)|VALIDATION_RULE|03d900000009JbB|Interac_Quality_Must_Be_Between_1_and_10
14:47:01.0 (9360214)|VALIDATION_FORMULA|NVMContactWorld__InteractionQuality__c < 1  &#124;&#124;  NVMContactWorld__InteractionQuality__c > 10|NVMContactWorld__InteractionQuality__c=null
14:47:01.0 (9373659)|VALIDATION_PASS
14:47:01.0 (9681324)|CODE_UNIT_FINISHED|Validation:Task:00T6F00005LrPaR
14:47:01.0 (31402552)|CODE_UNIT_STARTED|[EXTERNAL]|Workflow:Task
14:47:01.0 (47624411)|WF_RULE_EVAL_BEGIN|Workflow
14:47:01.0 (64608339)|WF_CRITERIA_BEGIN|[Task:  00T6F00005LrPaR]|Update Call Monitor Details|01Q6F0000002Tdt|ON_CREATE_OR_TRIGGERING_UPDATE|0
14:47:01.0 (68654972)|WF_RULE_FILTER|[Task : Monitored By not equal to ]
14:47:01.0 (68682390)|WF_RULE_EVAL_VALUE|
14:47:01.0 (68687462)|WF_CRITERIA_END|false
14:47:01.0 (68711260)|WF_CRITERIA_BEGIN|[Task:  00T6F00005LrPaR]|Update_Callback_Request_Due_Date3016F0000005i0e|01Q6F0000019gyq|ON_CREATE_ONLY|0
14:47:01.0 (68729382)|WF_RULE_NOT_EVALUATED
14:47:01.0 (68738304)|WF_CRITERIA_BEGIN|[Task:  00T6F00005LrPaR]|Call Back Request From LinX|01Q6F000001EY2L|ON_CREATE_OR_TRIGGERING_UPDATE|0
14:47:01.0 (68827475)|WF_RULE_FILTER|[Task : Subject equals Callback Request]
14:47:01.0 (68842912)|WF_RULE_EVAL_VALUE|Outbound call to +61438621365
14:47:01.0 (68849069)|WF_CRITERIA_END|false
14:47:01.0 (68862867)|WF_CRITERIA_BEGIN|[Task:  00T6F00005LrPaR]|Call_Monitor3016F00000054R3|01Q6F000000oOu7|ON_ALL_CHANGES|0
14:47:01.0 (69030451)|WF_FORMULA|Formula:ENCODED:[treatNullAsNull]true|Values:
14:47:01.0 (69043675)|WF_CRITERIA_END|true
14:47:01.0 (69897424)|WF_SPOOL_ACTION_BEGIN|Workflow
14:47:01.0 (69937030)|WF_ACTION| Flow Trigger: 1;
14:47:01.0 (69944882)|WF_RULE_EVAL_END
14:47:01.0 (70025723)|WF_FLOW_ACTION_BEGIN|09L6F000000PGTV
14:47:01.71 (71964910)|FLOW_CREATE_INTERVIEW_BEGIN|00D90000000IJSa|3006F0000008usA|3016F00000054R3
14:47:01.71 (74129697)|FLOW_CREATE_INTERVIEW_END|3211f40b51764c3bb18a16566ee416830e40b89-445d|Call Monitoring
14:47:01.74 (74703223)|FLOW_START_INTERVIEWS_BEGIN|1
14:47:01.74 (74731592)|FLOW_START_INTERVIEW_BEGIN|3211f40b51764c3bb18a16566ee416830e40b89-445d|Call Monitoring
14:47:01.74 (105382653)|FLOW_START_INTERVIEW_END|3211f40b51764c3bb18a16566ee416830e40b89-445d|Call Monitoring
14:47:01.74 (105415051)|FLOW_START_INTERVIEWS_END|1
14:47:01.0 (106633772)|WF_FLOW_ACTION_END|09L6F000000PGTV
14:47:01.0 (106767744)|WF_ACTIONS_END| Flow Trigger: 1;
14:47:01.0 (106780715)|CODE_UNIT_FINISHED|Workflow:Task
14:47:01.0 (120025230)|CODE_UNIT_FINISHED|TRIGGERS
14:47:01.0 (120048604)|EXECUTION_FINISHED
