37.0 APEX_CODE,FINEST;APEX_PROFILING,INFO;CALLOUT,INFO;DB,INFO;NBA,INFO;SYSTEM,DEBUG;VALIDATION,INFO;VISUALFORCE,INFO;WAVE,INFO;WORKFLOW,INFO
14:41:40.12 (12730061)|ENTERING_MANAGED_PKG|Centify
14:41:40.12 (16317681)|ENTERING_MANAGED_PKG|Centify
14:41:40.12 (16368513)|ENTERING_MANAGED_PKG|Centify
14:41:40.12 (18371840)|ENTERING_MANAGED_PKG|Centify
14:41:40.12 (18419734)|ENTERING_MANAGED_PKG|Centify
14:41:40.12 (18521243)|ENTERING_MANAGED_PKG|Centify
14:41:40.12 (18875416)|ENTERING_MANAGED_PKG|Centify
14:41:40.12 (26059908)|ENTERING_MANAGED_PKG|Centify
14:41:40.12 (26133662)|ENTERING_MANAGED_PKG|Centify
14:41:40.12 (26444904)|ENTERING_MANAGED_PKG|Centify
14:41:40.12 (26476742)|ENTERING_MANAGED_PKG|Centify
14:41:40.12 (26756069)|ENTERING_MANAGED_PKG|Centify
14:41:40.12 (28432062)|ENTERING_MANAGED_PKG|Centify
14:41:40.12 (28494291)|ENTERING_MANAGED_PKG|Centify
14:41:40.12 (28634459)|ENTERING_MANAGED_PKG|Centify
14:41:40.12 (28714426)|ENTERING_MANAGED_PKG|Centify
14:41:40.12 (28747035)|ENTERING_MANAGED_PKG|Centify
14:41:40.12 (28805509)|ENTERING_MANAGED_PKG|Centify
14:41:40.12 (28827736)|ENTERING_MANAGED_PKG|Centify
14:41:40.12 (28856434)|ENTERING_MANAGED_PKG|Centify
14:41:40.12 (28991782)|ENTERING_MANAGED_PKG|Centify
14:41:40.12 (29032313)|ENTERING_MANAGED_PKG|Centify
14:41:40.12 (29991781)|ENTERING_MANAGED_PKG|Centify
14:41:40.12 (30047649)|ENTERING_MANAGED_PKG|Centify
14:41:40.12 (30099738)|ENTERING_MANAGED_PKG|Centify
14:41:40.12 (30297158)|ENTERING_MANAGED_PKG|Centify
14:41:40.12 (30383449)|ENTERING_MANAGED_PKG|Centify
14:41:40.12 (31319287)|ENTERING_MANAGED_PKG|Centify
14:41:40.12 (31550317)|ENTERING_MANAGED_PKG|Centify
14:41:40.12 (31700432)|ENTERING_MANAGED_PKG|Centify
14:41:40.12 (31793259)|ENTERING_MANAGED_PKG|Centify
14:41:40.12 (31894258)|ENTERING_MANAGED_PKG|Centify
14:41:40.12 (31983461)|ENTERING_MANAGED_PKG|Centify
14:41:40.12 (32081171)|ENTERING_MANAGED_PKG|Centify
14:41:40.12 (32169210)|ENTERING_MANAGED_PKG|Centify
14:41:40.12 (32279831)|ENTERING_MANAGED_PKG|Centify
14:41:40.12 (32487307)|ENTERING_MANAGED_PKG|Centify
14:41:40.12 (32600239)|ENTERING_MANAGED_PKG|Centify
14:41:40.12 (32767032)|ENTERING_MANAGED_PKG|Centify
14:41:40.12 (32878628)|ENTERING_MANAGED_PKG|Centify
14:41:40.12 (33047630)|ENTERING_MANAGED_PKG|Centify
14:41:40.12 (33152514)|ENTERING_MANAGED_PKG|Centify
14:41:40.12 (33327446)|ENTERING_MANAGED_PKG|Centify
14:41:40.12 (33455921)|ENTERING_MANAGED_PKG|Centify
14:41:40.12 (34260810)|ENTERING_MANAGED_PKG|Centify
14:41:40.12 (34385357)|ENTERING_MANAGED_PKG|Centify
14:41:40.12 (34567871)|ENTERING_MANAGED_PKG|Centify
14:41:40.12 (34673836)|ENTERING_MANAGED_PKG|Centify
14:41:40.12 (34817022)|ENTERING_MANAGED_PKG|Centify
14:41:40.12 (34904983)|ENTERING_MANAGED_PKG|Centify
14:41:40.12 (36556067)|ENTERING_MANAGED_PKG|Centify
14:41:40.12 (37698751)|ENTERING_MANAGED_PKG|Centify
14:41:40.12 (37792943)|ENTERING_MANAGED_PKG|Centify
14:41:40.12 (37937755)|ENTERING_MANAGED_PKG|Centify
14:41:40.12 (37971959)|ENTERING_MANAGED_PKG|Centify
14:41:40.12 (38037878)|ENTERING_MANAGED_PKG|Centify
14:41:40.12 (38071692)|ENTERING_MANAGED_PKG|Centify
14:41:40.12 (38085106)|ENTERING_MANAGED_PKG|Centify
14:41:40.12 (38117625)|ENTERING_MANAGED_PKG|Centify
14:41:40.12 (38131010)|ENTERING_MANAGED_PKG|Centify
14:41:40.12 (38154412)|ENTERING_MANAGED_PKG|Centify
14:41:40.12 (38191414)|ENTERING_MANAGED_PKG|Centify
14:41:40.12 (38214938)|ENTERING_MANAGED_PKG|Centify
14:41:40.12 (38363963)|ENTERING_MANAGED_PKG|Centify
14:41:40.12 (38390397)|ENTERING_MANAGED_PKG|Centify
14:41:40.12 (38403257)|ENTERING_MANAGED_PKG|Centify
14:41:40.12 (38510334)|ENTERING_MANAGED_PKG|Centify
14:41:40.12 (38546413)|ENTERING_MANAGED_PKG|Centify
14:41:40.12 (38607490)|ENTERING_MANAGED_PKG|Centify
14:41:40.12 (38720054)|ENTERING_MANAGED_PKG|Centify
14:41:40.12 (38778836)|ENTERING_MANAGED_PKG|Centify
14:41:40.12 (38831954)|ENTERING_MANAGED_PKG|Centify
14:41:40.12 (38880694)|ENTERING_MANAGED_PKG|Centify
14:41:40.12 (38948631)|ENTERING_MANAGED_PKG|Centify
14:41:40.12 (39024352)|ENTERING_MANAGED_PKG|Centify
14:41:40.12 (39084675)|ENTERING_MANAGED_PKG|Centify
14:41:40.12 (39138445)|ENTERING_MANAGED_PKG|Centify
14:41:40.12 (39247579)|ENTERING_MANAGED_PKG|Centify
14:41:40.12 (39304730)|ENTERING_MANAGED_PKG|Centify
14:41:40.12 (39417793)|ENTERING_MANAGED_PKG|Centify
14:41:40.12 (39474418)|ENTERING_MANAGED_PKG|Centify
14:41:40.12 (39572913)|ENTERING_MANAGED_PKG|Centify
14:41:40.12 (39628357)|ENTERING_MANAGED_PKG|Centify
14:41:40.12 (39723603)|ENTERING_MANAGED_PKG|Centify
14:41:40.12 (39777193)|ENTERING_MANAGED_PKG|Centify
14:41:40.12 (40067417)|ENTERING_MANAGED_PKG|Centify
14:41:40.12 (40127753)|ENTERING_MANAGED_PKG|Centify
14:41:40.12 (40233048)|ENTERING_MANAGED_PKG|Centify
14:41:40.12 (40289980)|ENTERING_MANAGED_PKG|Centify
14:41:40.12 (40395484)|ENTERING_MANAGED_PKG|Centify
14:41:40.12 (40440857)|ENTERING_MANAGED_PKG|Centify
14:41:40.12 (41139688)|ENTERING_MANAGED_PKG|Centify
14:41:40.12 (42033055)|ENTERING_MANAGED_PKG|Centify
14:41:40.12 (42122429)|ENTERING_MANAGED_PKG|Centify
14:41:40.12 (42251573)|ENTERING_MANAGED_PKG|Centify
14:41:40.12 (42285436)|ENTERING_MANAGED_PKG|Centify
14:41:40.12 (42357118)|ENTERING_MANAGED_PKG|Centify
14:41:40.12 (42389780)|ENTERING_MANAGED_PKG|Centify
14:41:40.12 (42402319)|ENTERING_MANAGED_PKG|Centify
14:41:40.12 (42434214)|ENTERING_MANAGED_PKG|Centify
14:41:40.12 (42447451)|ENTERING_MANAGED_PKG|Centify
14:41:40.12 (42469398)|ENTERING_MANAGED_PKG|Centify
14:41:40.12 (42506949)|ENTERING_MANAGED_PKG|Centify
14:41:40.12 (42530246)|ENTERING_MANAGED_PKG|Centify
14:41:40.12 (42657913)|ENTERING_MANAGED_PKG|Centify
14:41:40.12 (42682860)|ENTERING_MANAGED_PKG|Centify
14:41:40.12 (42695867)|ENTERING_MANAGED_PKG|Centify
14:41:40.12 (42798699)|ENTERING_MANAGED_PKG|Centify
14:41:40.12 (42833578)|ENTERING_MANAGED_PKG|Centify
14:41:40.12 (42890294)|ENTERING_MANAGED_PKG|Centify
14:41:40.12 (43000410)|ENTERING_MANAGED_PKG|Centify
14:41:40.12 (43057149)|ENTERING_MANAGED_PKG|Centify
14:41:40.12 (43110913)|ENTERING_MANAGED_PKG|Centify
14:41:40.12 (43159582)|ENTERING_MANAGED_PKG|Centify
14:41:40.12 (43211184)|ENTERING_MANAGED_PKG|Centify
14:41:40.12 (43258826)|ENTERING_MANAGED_PKG|Centify
14:41:40.12 (43309510)|ENTERING_MANAGED_PKG|Centify
14:41:40.12 (43365004)|ENTERING_MANAGED_PKG|Centify
14:41:40.12 (43468862)|ENTERING_MANAGED_PKG|Centify
14:41:40.12 (43525558)|ENTERING_MANAGED_PKG|Centify
14:41:40.12 (43627627)|ENTERING_MANAGED_PKG|Centify
14:41:40.12 (43683034)|ENTERING_MANAGED_PKG|Centify
14:41:40.12 (43779436)|ENTERING_MANAGED_PKG|Centify
14:41:40.12 (43834932)|ENTERING_MANAGED_PKG|Centify
14:41:40.12 (43929268)|ENTERING_MANAGED_PKG|Centify
14:41:40.12 (43982527)|ENTERING_MANAGED_PKG|Centify
14:41:40.12 (44265231)|ENTERING_MANAGED_PKG|Centify
14:41:40.12 (44324589)|ENTERING_MANAGED_PKG|Centify
14:41:40.12 (44433564)|ENTERING_MANAGED_PKG|Centify
14:41:40.12 (44491166)|ENTERING_MANAGED_PKG|Centify
14:41:40.12 (44590701)|ENTERING_MANAGED_PKG|Centify
14:41:40.12 (44633440)|ENTERING_MANAGED_PKG|Centify
14:41:40.12 (45297279)|ENTERING_MANAGED_PKG|Centify
14:41:40.12 (46085641)|ENTERING_MANAGED_PKG|Centify
14:41:40.12 (46168081)|ENTERING_MANAGED_PKG|Centify
14:41:40.12 (46294419)|ENTERING_MANAGED_PKG|Centify
14:41:40.12 (46327006)|ENTERING_MANAGED_PKG|Centify
14:41:40.12 (46406961)|ENTERING_MANAGED_PKG|Centify
14:41:40.12 (46436705)|ENTERING_MANAGED_PKG|Centify
14:41:40.12 (46448759)|ENTERING_MANAGED_PKG|Centify
14:41:40.12 (46480263)|ENTERING_MANAGED_PKG|Centify
14:41:40.12 (46494029)|ENTERING_MANAGED_PKG|Centify
14:41:40.12 (46517289)|ENTERING_MANAGED_PKG|Centify
14:41:40.12 (46570683)|ENTERING_MANAGED_PKG|Centify
14:41:40.12 (46605439)|ENTERING_MANAGED_PKG|Centify
14:41:40.12 (46758335)|ENTERING_MANAGED_PKG|Centify
14:41:40.12 (46795958)|ENTERING_MANAGED_PKG|Centify
14:41:40.12 (46818332)|ENTERING_MANAGED_PKG|Centify
14:41:40.12 (46938633)|ENTERING_MANAGED_PKG|Centify
14:41:40.12 (46975956)|ENTERING_MANAGED_PKG|Centify
14:41:40.12 (47033722)|ENTERING_MANAGED_PKG|Centify
14:41:40.12 (47146646)|ENTERING_MANAGED_PKG|Centify
14:41:40.12 (47203561)|ENTERING_MANAGED_PKG|Centify
14:41:40.12 (47257249)|ENTERING_MANAGED_PKG|Centify
14:41:40.12 (47306655)|ENTERING_MANAGED_PKG|Centify
14:41:40.12 (47364347)|ENTERING_MANAGED_PKG|Centify
14:41:40.12 (47412429)|ENTERING_MANAGED_PKG|Centify
14:41:40.12 (47463032)|ENTERING_MANAGED_PKG|Centify
14:41:40.12 (47512290)|ENTERING_MANAGED_PKG|Centify
14:41:40.12 (47614453)|ENTERING_MANAGED_PKG|Centify
14:41:40.12 (47669568)|ENTERING_MANAGED_PKG|Centify
14:41:40.12 (47771141)|ENTERING_MANAGED_PKG|Centify
14:41:40.12 (47826737)|ENTERING_MANAGED_PKG|Centify
14:41:40.12 (47923613)|ENTERING_MANAGED_PKG|Centify
14:41:40.12 (47979276)|ENTERING_MANAGED_PKG|Centify
14:41:40.12 (48073689)|ENTERING_MANAGED_PKG|Centify
14:41:40.12 (48127689)|ENTERING_MANAGED_PKG|Centify
14:41:40.12 (48421453)|ENTERING_MANAGED_PKG|Centify
14:41:40.12 (48480077)|ENTERING_MANAGED_PKG|Centify
14:41:40.12 (48584355)|ENTERING_MANAGED_PKG|Centify
14:41:40.12 (48640052)|ENTERING_MANAGED_PKG|Centify
14:41:40.12 (48738461)|ENTERING_MANAGED_PKG|Centify
14:41:40.12 (48780023)|ENTERING_MANAGED_PKG|Centify
14:41:40.12 (49490671)|ENTERING_MANAGED_PKG|Centify
14:41:40.12 (50319468)|ENTERING_MANAGED_PKG|Centify
14:41:40.12 (50446014)|ENTERING_MANAGED_PKG|Centify
14:41:40.12 (50632389)|ENTERING_MANAGED_PKG|Centify
14:41:40.12 (50673235)|ENTERING_MANAGED_PKG|Centify
14:41:40.12 (50738701)|ENTERING_MANAGED_PKG|Centify
14:41:40.12 (50769922)|ENTERING_MANAGED_PKG|Centify
14:41:40.12 (50782604)|ENTERING_MANAGED_PKG|Centify
14:41:40.12 (50813571)|ENTERING_MANAGED_PKG|Centify
14:41:40.12 (50826401)|ENTERING_MANAGED_PKG|Centify
14:41:40.12 (50848923)|ENTERING_MANAGED_PKG|Centify
14:41:40.12 (50884098)|ENTERING_MANAGED_PKG|Centify
14:41:40.12 (50906928)|ENTERING_MANAGED_PKG|Centify
14:41:40.12 (51033636)|ENTERING_MANAGED_PKG|Centify
14:41:40.12 (51058815)|ENTERING_MANAGED_PKG|Centify
14:41:40.12 (51072776)|ENTERING_MANAGED_PKG|Centify
14:41:40.12 (51175329)|ENTERING_MANAGED_PKG|Centify
14:41:40.12 (51209900)|ENTERING_MANAGED_PKG|Centify
14:41:40.12 (51266598)|ENTERING_MANAGED_PKG|Centify
14:41:40.12 (51388061)|ENTERING_MANAGED_PKG|Centify
14:41:40.12 (51446212)|ENTERING_MANAGED_PKG|Centify
14:41:40.12 (51500242)|ENTERING_MANAGED_PKG|Centify
14:41:40.12 (51549748)|ENTERING_MANAGED_PKG|Centify
14:41:40.12 (51601745)|ENTERING_MANAGED_PKG|Centify
14:41:40.12 (51649365)|ENTERING_MANAGED_PKG|Centify
14:41:40.12 (51713590)|ENTERING_MANAGED_PKG|Centify
14:41:40.12 (51769350)|ENTERING_MANAGED_PKG|Centify
14:41:40.12 (51875848)|ENTERING_MANAGED_PKG|Centify
14:41:40.12 (51930893)|ENTERING_MANAGED_PKG|Centify
14:41:40.12 (52031437)|ENTERING_MANAGED_PKG|Centify
14:41:40.12 (52087224)|ENTERING_MANAGED_PKG|Centify
14:41:40.12 (52185072)|ENTERING_MANAGED_PKG|Centify
14:41:40.12 (52238601)|ENTERING_MANAGED_PKG|Centify
14:41:40.12 (52351700)|ENTERING_MANAGED_PKG|Centify
14:41:40.12 (52406932)|ENTERING_MANAGED_PKG|Centify
14:41:40.12 (52713551)|ENTERING_MANAGED_PKG|Centify
14:41:40.12 (52772543)|ENTERING_MANAGED_PKG|Centify
14:41:40.12 (52875396)|ENTERING_MANAGED_PKG|Centify
14:41:40.12 (52930891)|ENTERING_MANAGED_PKG|Centify
14:41:40.12 (53029072)|ENTERING_MANAGED_PKG|Centify
14:41:40.12 (53070712)|ENTERING_MANAGED_PKG|Centify
14:41:40.12 (53806012)|ENTERING_MANAGED_PKG|Centify
14:41:40.12 (54587997)|ENTERING_MANAGED_PKG|Centify
14:41:40.12 (54671954)|ENTERING_MANAGED_PKG|Centify
14:41:40.12 (54803459)|ENTERING_MANAGED_PKG|Centify
14:41:40.12 (54852702)|ENTERING_MANAGED_PKG|Centify
14:41:40.12 (54918661)|ENTERING_MANAGED_PKG|Centify
14:41:40.12 (54947686)|ENTERING_MANAGED_PKG|Centify
14:41:40.12 (54963399)|ENTERING_MANAGED_PKG|Centify
14:41:40.12 (54994487)|ENTERING_MANAGED_PKG|Centify
14:41:40.12 (55007160)|ENTERING_MANAGED_PKG|Centify
14:41:40.12 (55044643)|ENTERING_MANAGED_PKG|Centify
14:41:40.12 (55079404)|ENTERING_MANAGED_PKG|Centify
14:41:40.12 (55102646)|ENTERING_MANAGED_PKG|Centify
14:41:40.12 (55229384)|ENTERING_MANAGED_PKG|Centify
14:41:40.12 (55254087)|ENTERING_MANAGED_PKG|Centify
14:41:40.12 (55266851)|ENTERING_MANAGED_PKG|Centify
14:41:40.12 (55374088)|ENTERING_MANAGED_PKG|Centify
14:41:40.12 (55410382)|ENTERING_MANAGED_PKG|Centify
14:41:40.12 (55466786)|ENTERING_MANAGED_PKG|Centify
14:41:40.12 (55578162)|ENTERING_MANAGED_PKG|Centify
14:41:40.12 (55634792)|ENTERING_MANAGED_PKG|Centify
14:41:40.12 (55688252)|ENTERING_MANAGED_PKG|Centify
14:41:40.12 (55737580)|ENTERING_MANAGED_PKG|Centify
14:41:40.12 (55788445)|ENTERING_MANAGED_PKG|Centify
14:41:40.12 (55851337)|ENTERING_MANAGED_PKG|Centify
14:41:40.12 (55907194)|ENTERING_MANAGED_PKG|Centify
14:41:40.12 (55957630)|ENTERING_MANAGED_PKG|Centify
14:41:40.12 (56061232)|ENTERING_MANAGED_PKG|Centify
14:41:40.12 (56118039)|ENTERING_MANAGED_PKG|Centify
14:41:40.12 (56219165)|ENTERING_MANAGED_PKG|Centify
14:41:40.12 (56274234)|ENTERING_MANAGED_PKG|Centify
14:41:40.12 (56376799)|ENTERING_MANAGED_PKG|Centify
14:41:40.12 (56431307)|ENTERING_MANAGED_PKG|Centify
14:41:40.12 (56525776)|ENTERING_MANAGED_PKG|Centify
14:41:40.12 (56577783)|ENTERING_MANAGED_PKG|Centify
14:41:40.12 (56877546)|ENTERING_MANAGED_PKG|Centify
14:41:40.12 (56943893)|ENTERING_MANAGED_PKG|Centify
14:41:40.12 (57053310)|ENTERING_MANAGED_PKG|Centify
14:41:40.12 (57111244)|ENTERING_MANAGED_PKG|Centify
14:41:40.12 (57211352)|ENTERING_MANAGED_PKG|Centify
14:41:40.12 (57254017)|ENTERING_MANAGED_PKG|Centify
14:41:40.12 (57906500)|ENTERING_MANAGED_PKG|Centify
14:41:40.12 (58714183)|ENTERING_MANAGED_PKG|Centify
14:41:40.12 (58827300)|ENTERING_MANAGED_PKG|Centify
14:41:40.12 (58951153)|ENTERING_MANAGED_PKG|Centify
14:41:40.12 (58984063)|ENTERING_MANAGED_PKG|Centify
14:41:40.12 (59045941)|ENTERING_MANAGED_PKG|Centify
14:41:40.12 (59075456)|ENTERING_MANAGED_PKG|Centify
14:41:40.12 (59087912)|ENTERING_MANAGED_PKG|Centify
14:41:40.12 (59117975)|ENTERING_MANAGED_PKG|Centify
14:41:40.12 (59130521)|ENTERING_MANAGED_PKG|Centify
14:41:40.12 (59151966)|ENTERING_MANAGED_PKG|Centify
14:41:40.12 (59185128)|ENTERING_MANAGED_PKG|Centify
14:41:40.12 (59207698)|ENTERING_MANAGED_PKG|Centify
14:41:40.12 (59336738)|ENTERING_MANAGED_PKG|Centify
14:41:40.12 (59361737)|ENTERING_MANAGED_PKG|Centify
14:41:40.12 (59374546)|ENTERING_MANAGED_PKG|Centify
14:41:40.12 (59476802)|ENTERING_MANAGED_PKG|Centify
14:41:40.12 (59511623)|ENTERING_MANAGED_PKG|Centify
14:41:40.12 (59567506)|ENTERING_MANAGED_PKG|Centify
14:41:40.12 (59675747)|ENTERING_MANAGED_PKG|Centify
14:41:40.12 (59731095)|ENTERING_MANAGED_PKG|Centify
14:41:40.12 (59784546)|ENTERING_MANAGED_PKG|Centify
14:41:40.12 (59834012)|ENTERING_MANAGED_PKG|Centify
14:41:40.12 (59907166)|ENTERING_MANAGED_PKG|Centify
14:41:40.12 (59961031)|ENTERING_MANAGED_PKG|Centify
14:41:40.12 (60011771)|ENTERING_MANAGED_PKG|Centify
14:41:40.12 (60061665)|ENTERING_MANAGED_PKG|Centify
14:41:40.12 (60164426)|ENTERING_MANAGED_PKG|Centify
14:41:40.12 (60221104)|ENTERING_MANAGED_PKG|Centify
14:41:40.12 (60321029)|ENTERING_MANAGED_PKG|Centify
14:41:40.12 (60380830)|ENTERING_MANAGED_PKG|Centify
14:41:40.12 (60479541)|ENTERING_MANAGED_PKG|Centify
14:41:40.12 (60533081)|ENTERING_MANAGED_PKG|Centify
14:41:40.12 (60627349)|ENTERING_MANAGED_PKG|Centify
14:41:40.12 (60679661)|ENTERING_MANAGED_PKG|Centify
14:41:40.12 (60953897)|ENTERING_MANAGED_PKG|Centify
14:41:40.12 (61011877)|ENTERING_MANAGED_PKG|Centify
14:41:40.12 (61133805)|ENTERING_MANAGED_PKG|Centify
14:41:40.12 (61204024)|ENTERING_MANAGED_PKG|Centify
14:41:40.12 (61304751)|ENTERING_MANAGED_PKG|Centify
14:41:40.12 (61351243)|ENTERING_MANAGED_PKG|Centify
14:41:40.12 (61970802)|ENTERING_MANAGED_PKG|Centify
14:41:40.12 (62733856)|ENTERING_MANAGED_PKG|Centify
14:41:40.12 (62814650)|ENTERING_MANAGED_PKG|Centify
14:41:40.12 (62937427)|ENTERING_MANAGED_PKG|Centify
14:41:40.12 (62970010)|ENTERING_MANAGED_PKG|Centify
14:41:40.12 (63031059)|ENTERING_MANAGED_PKG|Centify
14:41:40.12 (63060165)|ENTERING_MANAGED_PKG|Centify
14:41:40.12 (63071954)|ENTERING_MANAGED_PKG|Centify
14:41:40.12 (63103014)|ENTERING_MANAGED_PKG|Centify
14:41:40.12 (63115632)|ENTERING_MANAGED_PKG|Centify
14:41:40.12 (63137644)|ENTERING_MANAGED_PKG|Centify
14:41:40.12 (63170270)|ENTERING_MANAGED_PKG|Centify
14:41:40.12 (63193564)|ENTERING_MANAGED_PKG|Centify
14:41:40.12 (63316701)|ENTERING_MANAGED_PKG|Centify
14:41:40.12 (63345128)|ENTERING_MANAGED_PKG|Centify
14:41:40.12 (63358502)|ENTERING_MANAGED_PKG|Centify
14:41:40.12 (63460769)|ENTERING_MANAGED_PKG|Centify
14:41:40.12 (63495694)|ENTERING_MANAGED_PKG|Centify
14:41:40.12 (63551668)|ENTERING_MANAGED_PKG|Centify
14:41:40.12 (63659517)|ENTERING_MANAGED_PKG|Centify
14:41:40.12 (63715868)|ENTERING_MANAGED_PKG|Centify
14:41:40.12 (63768145)|ENTERING_MANAGED_PKG|Centify
14:41:40.12 (63816391)|ENTERING_MANAGED_PKG|Centify
14:41:40.12 (63866608)|ENTERING_MANAGED_PKG|Centify
14:41:40.12 (63913238)|ENTERING_MANAGED_PKG|Centify
14:41:40.12 (63962792)|ENTERING_MANAGED_PKG|Centify
14:41:40.12 (64010471)|ENTERING_MANAGED_PKG|Centify
14:41:40.12 (64111445)|ENTERING_MANAGED_PKG|Centify
14:41:40.12 (64165827)|ENTERING_MANAGED_PKG|Centify
14:41:40.12 (64265540)|ENTERING_MANAGED_PKG|Centify
14:41:40.12 (64319238)|ENTERING_MANAGED_PKG|Centify
14:41:40.12 (64421435)|ENTERING_MANAGED_PKG|Centify
14:41:40.12 (64474587)|ENTERING_MANAGED_PKG|Centify
14:41:40.12 (64568155)|ENTERING_MANAGED_PKG|Centify
14:41:40.12 (64619665)|ENTERING_MANAGED_PKG|Centify
14:41:40.12 (64880395)|ENTERING_MANAGED_PKG|Centify
14:41:40.12 (64987617)|ENTERING_MANAGED_PKG|Centify
14:41:40.12 (65119313)|ENTERING_MANAGED_PKG|Centify
14:41:40.12 (65180309)|ENTERING_MANAGED_PKG|Centify
14:41:40.12 (65282067)|ENTERING_MANAGED_PKG|Centify
14:41:40.12 (65324285)|ENTERING_MANAGED_PKG|Centify
14:41:40.12 (65966589)|ENTERING_MANAGED_PKG|Centify
14:41:40.12 (66718981)|ENTERING_MANAGED_PKG|Centify
14:41:40.12 (66796245)|ENTERING_MANAGED_PKG|Centify
14:41:40.12 (66913139)|ENTERING_MANAGED_PKG|Centify
14:41:40.12 (66944785)|ENTERING_MANAGED_PKG|Centify
14:41:40.12 (67003706)|ENTERING_MANAGED_PKG|Centify
14:41:40.12 (67032073)|ENTERING_MANAGED_PKG|Centify
14:41:40.12 (67043900)|ENTERING_MANAGED_PKG|Centify
14:41:40.12 (67074083)|ENTERING_MANAGED_PKG|Centify
14:41:40.12 (67086577)|ENTERING_MANAGED_PKG|Centify
14:41:40.12 (67107604)|ENTERING_MANAGED_PKG|Centify
14:41:40.12 (67139984)|ENTERING_MANAGED_PKG|Centify
14:41:40.12 (67162419)|ENTERING_MANAGED_PKG|Centify
14:41:40.12 (67283842)|ENTERING_MANAGED_PKG|Centify
14:41:40.12 (67308355)|ENTERING_MANAGED_PKG|Centify
14:41:40.12 (67321157)|ENTERING_MANAGED_PKG|Centify
14:41:40.12 (67427914)|ENTERING_MANAGED_PKG|Centify
14:41:40.12 (67462242)|ENTERING_MANAGED_PKG|Centify
14:41:40.12 (67516716)|ENTERING_MANAGED_PKG|Centify
14:41:40.12 (67623341)|ENTERING_MANAGED_PKG|Centify
14:41:40.12 (67678189)|ENTERING_MANAGED_PKG|Centify
14:41:40.12 (67730525)|ENTERING_MANAGED_PKG|Centify
14:41:40.12 (67779642)|ENTERING_MANAGED_PKG|Centify
14:41:40.12 (67830170)|ENTERING_MANAGED_PKG|Centify
14:41:40.12 (67876776)|ENTERING_MANAGED_PKG|Centify
14:41:40.12 (67926090)|ENTERING_MANAGED_PKG|Centify
14:41:40.12 (67974113)|ENTERING_MANAGED_PKG|Centify
14:41:40.12 (68074398)|ENTERING_MANAGED_PKG|Centify
14:41:40.12 (68129305)|ENTERING_MANAGED_PKG|Centify
14:41:40.12 (68228525)|ENTERING_MANAGED_PKG|Centify
14:41:40.12 (68282706)|ENTERING_MANAGED_PKG|Centify
14:41:40.12 (68384092)|ENTERING_MANAGED_PKG|Centify
14:41:40.12 (68437024)|ENTERING_MANAGED_PKG|Centify
14:41:40.12 (68530744)|ENTERING_MANAGED_PKG|Centify
14:41:40.12 (68582121)|ENTERING_MANAGED_PKG|Centify
14:41:40.12 (68839827)|ENTERING_MANAGED_PKG|Centify
14:41:40.12 (68897137)|ENTERING_MANAGED_PKG|Centify
14:41:40.12 (68998575)|ENTERING_MANAGED_PKG|Centify
14:41:40.12 (69054029)|ENTERING_MANAGED_PKG|Centify
14:41:40.12 (69151995)|ENTERING_MANAGED_PKG|Centify
14:41:40.12 (69192789)|ENTERING_MANAGED_PKG|Centify
14:41:40.12 (69873701)|DML_BEGIN|[76]|Op:Insert|Type:Centify__Notification__c|Rows:9
14:41:40.12 (141595217)|DML_END|[76]
14:41:40.12 (141778880)|ENTERING_MANAGED_PKG|Centify
14:41:40.12 (142174353)|ENTERING_MANAGED_PKG|Centify
14:41:40.12 (142398041)|ENTERING_MANAGED_PKG|Centify
14:41:40.12 (142646808)|ENTERING_MANAGED_PKG|Centify
14:41:40.12 (142846990)|ENTERING_MANAGED_PKG|Centify
14:41:40.12 (143044327)|ENTERING_MANAGED_PKG|Centify
14:41:40.12 (143243759)|ENTERING_MANAGED_PKG|Centify
14:41:40.12 (143451265)|ENTERING_MANAGED_PKG|Centify
14:41:40.12 (143652637)|ENTERING_MANAGED_PKG|Centify
14:41:40.12 (143851681)|ENTERING_MANAGED_PKG|Centify
14:41:40.187 (187398859)|CUMULATIVE_LIMIT_USAGE
14:41:40.187 (187398859)|LIMIT_USAGE_FOR_NS|(default)|
  Number of SOQL queries: 0 out of 200
  Number of query rows: 0 out of 50000
  Number of SOSL queries: 0 out of 20
  Number of DML statements: 0 out of 150
  Number of DML rows: 0 out of 10000
  Maximum CPU time: 0 out of 60000
  Maximum heap size: 0 out of 12000000
  Number of callouts: 0 out of 0
  Number of Email Invocations: 0 out of 10
  Number of future calls: 0 out of 0
  Number of queueable jobs added to the queue: 0 out of 1
  Number of Mobile Apex push calls: 0 out of 10

14:41:40.187 (187398859)|LIMIT_USAGE_FOR_NS|Centify|
  Number of SOQL queries: 0 out of 200
  Number of query rows: 0 out of 50000
  Number of SOSL queries: 0 out of 20
  Number of DML statements: 0 out of 150
  Number of DML rows: 0 out of 10000
  Maximum CPU time: 0 out of 60000
  Maximum heap size: 0 out of 12000000
  Number of callouts: 0 out of 0
  Number of Email Invocations: 0 out of 10
  Number of future calls: 0 out of 0
  Number of queueable jobs added to the queue: 0 out of 1
  Number of Mobile Apex push calls: 0 out of 10

14:41:40.187 (187398859)|CUMULATIVE_LIMIT_USAGE_END

