37.0 APEX_CODE,FINEST;APEX_PROFILING,INFO;CALLOUT,INFO;DB,INFO;NBA,INFO;SYSTEM,DEBUG;VALIDATION,INFO;VISUALFORCE,INFO;WAVE,INFO;WORKFLOW,INFO
14:40:50.28 (28184033)|ENTERING_MANAGED_PKG|Centify
14:40:50.28 (30099055)|ENTERING_MANAGED_PKG|Centify
14:40:50.28 (30139268)|ENTERING_MANAGED_PKG|Centify
14:40:50.28 (30832255)|ENTERING_MANAGED_PKG|Centify
14:40:50.28 (30905879)|ENTERING_MANAGED_PKG|Centify
14:40:50.28 (31637454)|ENTERING_MANAGED_PKG|Centify
14:40:50.28 (31953046)|ENTERING_MANAGED_PKG|Centify
14:40:50.28 (31984476)|ENTERING_MANAGED_PKG|Centify
14:40:50.28 (32071420)|ENTERING_MANAGED_PKG|Centify
14:40:50.28 (32127105)|ENTERING_MANAGED_PKG|Centify
14:40:50.28 (32169554)|ENTERING_MANAGED_PKG|Centify
14:40:50.28 (32192363)|ENTERING_MANAGED_PKG|Centify
14:40:50.28 (32209936)|ENTERING_MANAGED_PKG|Centify
14:40:50.28 (32394178)|ENTERING_MANAGED_PKG|Centify
14:40:50.28 (80987069)|ENTERING_MANAGED_PKG|Centify
14:40:50.28 (81116509)|ENTERING_MANAGED_PKG|Centify
14:40:50.28 (81336142)|ENTERING_MANAGED_PKG|Centify
14:40:50.28 (81421325)|ENTERING_MANAGED_PKG|Centify
14:40:50.28 (342657906)|ENTERING_MANAGED_PKG|Centify
14:40:50.28 (411938819)|ENTERING_MANAGED_PKG|Centify
14:40:50.28 (425097945)|ENTERING_MANAGED_PKG|Centify
14:40:50.28 (425154802)|ENTERING_MANAGED_PKG|Centify
14:40:50.28 (425236574)|ENTERING_MANAGED_PKG|Centify
14:40:50.28 (425270452)|ENTERING_MANAGED_PKG|Centify
14:40:50.28 (425337925)|ENTERING_MANAGED_PKG|Centify
14:40:50.28 (453184357)|ENTERING_MANAGED_PKG|Centify
14:40:50.28 (468527467)|ENTERING_MANAGED_PKG|Centify
14:40:50.28 (468581307)|ENTERING_MANAGED_PKG|Centify
14:40:50.28 (468658223)|ENTERING_MANAGED_PKG|Centify
14:40:50.28 (468691008)|ENTERING_MANAGED_PKG|Centify
14:40:50.28 (468755746)|ENTERING_MANAGED_PKG|Centify
14:40:50.28 (496183725)|ENTERING_MANAGED_PKG|Centify
14:40:50.28 (511813749)|ENTERING_MANAGED_PKG|Centify
14:40:50.28 (511872391)|ENTERING_MANAGED_PKG|Centify
14:40:50.28 (511955408)|ENTERING_MANAGED_PKG|Centify
14:40:50.28 (511989694)|ENTERING_MANAGED_PKG|Centify
14:40:50.28 (512057548)|ENTERING_MANAGED_PKG|Centify
14:40:50.28 (549497968)|ENTERING_MANAGED_PKG|Centify
14:40:50.28 (564872869)|ENTERING_MANAGED_PKG|Centify
14:40:50.28 (564930130)|ENTERING_MANAGED_PKG|Centify
14:40:50.28 (565011727)|ENTERING_MANAGED_PKG|Centify
14:40:50.28 (565045147)|ENTERING_MANAGED_PKG|Centify
14:40:50.28 (565113737)|ENTERING_MANAGED_PKG|Centify
14:40:50.28 (640786596)|ENTERING_MANAGED_PKG|Centify
14:40:50.28 (656424167)|ENTERING_MANAGED_PKG|Centify
14:40:50.28 (656480770)|ENTERING_MANAGED_PKG|Centify
14:40:50.28 (656562771)|ENTERING_MANAGED_PKG|Centify
14:40:50.28 (656596825)|ENTERING_MANAGED_PKG|Centify
14:40:50.28 (656664485)|ENTERING_MANAGED_PKG|Centify
14:40:50.28 (684522254)|ENTERING_MANAGED_PKG|Centify
14:40:50.28 (700011041)|ENTERING_MANAGED_PKG|Centify
14:40:50.28 (700063998)|ENTERING_MANAGED_PKG|Centify
14:40:50.28 (700143250)|ENTERING_MANAGED_PKG|Centify
14:40:50.28 (700176536)|ENTERING_MANAGED_PKG|Centify
14:40:50.28 (700241323)|ENTERING_MANAGED_PKG|Centify
14:40:50.28 (727793759)|ENTERING_MANAGED_PKG|Centify
14:40:50.28 (743399930)|ENTERING_MANAGED_PKG|Centify
14:40:50.28 (743456065)|ENTERING_MANAGED_PKG|Centify
14:40:50.28 (743536619)|ENTERING_MANAGED_PKG|Centify
14:40:50.28 (743570964)|ENTERING_MANAGED_PKG|Centify
14:40:50.28 (743638849)|ENTERING_MANAGED_PKG|Centify
14:40:50.28 (771078869)|ENTERING_MANAGED_PKG|Centify
14:40:50.28 (786193644)|ENTERING_MANAGED_PKG|Centify
14:40:50.28 (786250849)|ENTERING_MANAGED_PKG|Centify
14:40:50.28 (786331003)|ENTERING_MANAGED_PKG|Centify
14:40:50.28 (786364152)|ENTERING_MANAGED_PKG|Centify
14:40:50.28 (786429216)|ENTERING_MANAGED_PKG|Centify
14:40:50.28 (813992060)|ENTERING_MANAGED_PKG|Centify
14:40:50.28 (828967670)|ENTERING_MANAGED_PKG|Centify
14:40:50.28 (829019756)|ENTERING_MANAGED_PKG|Centify
14:40:50.28 (829098999)|ENTERING_MANAGED_PKG|Centify
14:40:50.28 (829132507)|ENTERING_MANAGED_PKG|Centify
14:40:50.28 (829196863)|ENTERING_MANAGED_PKG|Centify
14:40:50.28 (856503594)|ENTERING_MANAGED_PKG|Centify
14:40:50.28 (871894446)|ENTERING_MANAGED_PKG|Centify
14:40:50.28 (871951169)|ENTERING_MANAGED_PKG|Centify
14:40:50.28 (872032833)|ENTERING_MANAGED_PKG|Centify
14:40:50.28 (872066882)|ENTERING_MANAGED_PKG|Centify
14:40:50.28 (872135952)|ENTERING_MANAGED_PKG|Centify
14:40:50.28 (908668814)|ENTERING_MANAGED_PKG|Centify
14:40:50.28 (928387382)|ENTERING_MANAGED_PKG|Centify
14:40:50.28 (928457265)|ENTERING_MANAGED_PKG|Centify
14:40:50.28 (928568230)|ENTERING_MANAGED_PKG|Centify
14:40:50.28 (928620921)|ENTERING_MANAGED_PKG|Centify
14:40:50.28 (928733084)|ENTERING_MANAGED_PKG|Centify
14:40:50.28 (959866104)|ENTERING_MANAGED_PKG|Centify
14:40:50.28 (975753086)|ENTERING_MANAGED_PKG|Centify
14:40:50.28 (975813699)|ENTERING_MANAGED_PKG|Centify
14:40:50.28 (975908029)|ENTERING_MANAGED_PKG|Centify
14:40:50.28 (975942694)|ENTERING_MANAGED_PKG|Centify
14:40:50.28 (976008921)|ENTERING_MANAGED_PKG|Centify
14:40:50.28 (1008500695)|ENTERING_MANAGED_PKG|Centify
14:40:50.28 (1026664406)|ENTERING_MANAGED_PKG|Centify
14:40:50.28 (1026740696)|ENTERING_MANAGED_PKG|Centify
14:40:50.28 (1026865941)|ENTERING_MANAGED_PKG|Centify
14:40:50.28 (1026923379)|ENTERING_MANAGED_PKG|Centify
14:40:50.28 (1027039798)|ENTERING_MANAGED_PKG|Centify
14:40:51.60 (1060038821)|ENTERING_MANAGED_PKG|Centify
14:40:51.60 (1060117975)|ENTERING_MANAGED_PKG|Centify
14:40:51.60 (1060285572)|ENTERING_MANAGED_PKG|Centify
14:40:51.60 (1060332082)|ENTERING_MANAGED_PKG|Centify
14:40:51.60 (1060375785)|ENTERING_MANAGED_PKG|Centify
14:40:51.60 (1061394049)|ENTERING_MANAGED_PKG|Centify
14:40:51.60 (1061481334)|ENTERING_MANAGED_PKG|Centify
14:40:51.60 (1063047233)|ENTERING_MANAGED_PKG|Centify
14:40:51.60 (1063121358)|ENTERING_MANAGED_PKG|Centify
14:40:51.60 (1063213460)|ENTERING_MANAGED_PKG|Centify
14:40:51.60 (1063877684)|ENTERING_MANAGED_PKG|Centify
14:40:51.60 (1065099866)|SOQL_EXECUTE_BEGIN|[16]|Aggregations:0|select id,lastmodifieddate,isdeleted,call_duration_min__c,createddate,tasksubtype,isclosed,subject,ownerid,activitydate,status,whatid,calldurationinseconds,calltype from Task where LastModifiedDate >2019-01-09T04:39:35Z AND LastModifiedDate < 2019-01-09T04:40:56Z AND (   CallType = 'Outbound'  OR  CallType = 'Inbound'  )  ORDER BY SystemModStamp DESC LIMIT 5000  ALL ROWS
14:40:51.60 (1075469521)|SOQL_EXECUTE_END|[16]|Rows:3
14:40:51.101 (1101051113)|CUMULATIVE_LIMIT_USAGE
14:40:51.101 (1101051113)|LIMIT_USAGE_FOR_NS|(default)|
  Number of SOQL queries: 0 out of 200
  Number of query rows: 0 out of 50000
  Number of SOSL queries: 0 out of 20
  Number of DML statements: 0 out of 150
  Number of DML rows: 0 out of 10000
  Maximum CPU time: 0 out of 60000
  Maximum heap size: 0 out of 12000000
  Number of callouts: 0 out of 0
  Number of Email Invocations: 0 out of 10
  Number of future calls: 0 out of 0
  Number of queueable jobs added to the queue: 0 out of 1
  Number of Mobile Apex push calls: 0 out of 10

14:40:51.101 (1101051113)|LIMIT_USAGE_FOR_NS|Centify|
  Number of SOQL queries: 0 out of 200
  Number of query rows: 0 out of 50000
  Number of SOSL queries: 0 out of 20
  Number of DML statements: 0 out of 150
  Number of DML rows: 0 out of 10000
  Maximum CPU time: 0 out of 60000
  Maximum heap size: 0 out of 12000000
  Number of callouts: 0 out of 0
  Number of Email Invocations: 0 out of 10
  Number of future calls: 0 out of 0
  Number of queueable jobs added to the queue: 0 out of 1
  Number of Mobile Apex push calls: 0 out of 10

14:40:51.101 (1101051113)|CUMULATIVE_LIMIT_USAGE_END

