36.0 APEX_CODE,FINEST;APEX_PROFILING,INFO;CALLOUT,INFO;DB,INFO;NBA,INFO;SYSTEM,DEBUG;VALIDATION,INFO;VISUALFORCE,INFO;WAVE,INFO;WORKFLOW,INFO
14:47:41.0 (139335)|USER_INFO|[EXTERNAL]|00590000000Vmmq|ben@bjbglobal.com.au|Australian Eastern Standard Time|GMT+10:00
14:47:41.0 (211027)|EXECUTION_STARTED
14:47:41.0 (217284)|CODE_UNIT_STARTED|[EXTERNAL]|TRIGGERS
14:47:41.0 (260031)|CODE_UNIT_STARTED|[EXTERNAL]|01q6F000001IGJa|LinkCaseCallstoContact on Task trigger event BeforeInsert|__sfdc_trigger/LinkCaseCallstoContact
14:47:41.0 (314540)|HEAP_ALLOCATE|[EXTERNAL]|Bytes:8
14:47:41.0 (956635)|HEAP_ALLOCATE|[72]|Bytes:3
14:47:41.0 (1021963)|HEAP_ALLOCATE|[77]|Bytes:152
14:47:41.0 (1044511)|HEAP_ALLOCATE|[342]|Bytes:408
14:47:41.0 (1065093)|HEAP_ALLOCATE|[355]|Bytes:408
14:47:41.0 (1084150)|HEAP_ALLOCATE|[467]|Bytes:48
14:47:41.0 (1121184)|HEAP_ALLOCATE|[139]|Bytes:6
14:47:41.0 (1153066)|HEAP_ALLOCATE|[EXTERNAL]|Bytes:6
14:47:41.0 (1193345)|HEAP_ALLOCATE|[EXTERNAL]|Bytes:4
14:47:41.0 (1204411)|VARIABLE_SCOPE_BEGIN|[1]|this|LinkCaseCallstoContact|true|false
14:47:41.0 (1528035)|VARIABLE_ASSIGNMENT|[1]|this|{}|0x77e2c823
14:47:41.0 (1639066)|HEAP_ALLOCATE|[EXTERNAL]|Bytes:4
14:47:41.0 (1651613)|VARIABLE_SCOPE_BEGIN|[1]|this|LinkCaseCallstoContact|true|false
14:47:41.0 (1671127)|VARIABLE_ASSIGNMENT|[1]|this|{}|0x77e2c823
14:47:41.0 (1683490)|STATEMENT_EXECUTE|[1]
14:47:41.0 (1724061)|HEAP_ALLOCATE|[50]|Bytes:5
14:47:41.0 (1756095)|HEAP_ALLOCATE|[56]|Bytes:5
14:47:41.0 (1768148)|HEAP_ALLOCATE|[64]|Bytes:7
14:47:41.0 (2325546)|HEAP_ALLOCATE|[2]|Bytes:5
14:47:41.0 (2390376)|HEAP_ALLOCATE|[2]|Bytes:4
14:47:41.0 (2406730)|VARIABLE_SCOPE_BEGIN|[2]|tsk|Task|true|false
14:47:41.0 (15431127)|VARIABLE_ASSIGNMENT|[2]|tsk|{"WhatId":"0019000001RCvydAAD","CallType":"Outbound","IsHighPriority":false,"IsClosed":false,"NVMStatsSF__NVM_Agent__c":"19","Is_Mobile_Number__c":true,"OwnerId":"0056F00000A9HoPQAV","IsToday__c":false,"IsReminderSet":false,"Status":"Completed","IsDeleted":false,"NVMContactWorld__CW_Call_Start_Time__c":"2019-01-09T04:47:40.000Z","ActivityDate":"2019-01-09T00:00:00.000Z","Priority":"Normal","IsVisibleInSelfService":false,"NVMContactWorld__Was_Call_Recorded__c":false,"CurrencyIsoCode":"AUD","IsRecurrence":false,"Subject":"Outbound call to +61 (9 more) ...","IsArchived":false,"CallObject":"016830ef-f916-897d-4 (16 more) ...","NVMContactWorld__Customer_Number__c":"+61409028972","NVMContactWorld__ContactWorld_Number__c":"61731530806","Day_of_the_Week__c":"Wednesday","Call_Duration_min__c":0.00,"Call_Monitored__c":false}|0x1f387840
14:47:41.0 (15473459)|STATEMENT_EXECUTE|[2]
14:47:41.0 (15536432)|HEAP_ALLOCATE|[4]|Bytes:8
14:47:41.0 (15601008)|STATEMENT_EXECUTE|[4]
14:47:41.0 (15604801)|STATEMENT_EXECUTE|[5]
14:47:41.0 (17119153)|USER_DEBUG|[5]|DEBUG|Task:{Id=null, WhoId=null, WhatId=0019000001RCvydAAD, Subject=Outbound call to +61409028972, ActivityDate=2019-01-09 00:00:00, Status=Completed, Priority=Normal, IsHighPriority=false, OwnerId=0056F00000A9HoPQAV, Description=null, CurrencyIsoCode=AUD, Type=null, IsDeleted=false, AccountId=null, IsClosed=false, CreatedDate=null, CreatedById=null, LastModifiedDate=null, LastModifiedById=null, SystemModstamp=null, IsArchived=false, IsVisibleInSelfService=false, CallDurationInSeconds=null, CallType=Outbound, CallDisposition=null, CallObject=016830ef-f916-897d-4641-b8a9deee5093, ReminderDateTime=null, IsReminderSet=false, ConnectionReceivedId=null, ConnectionSentId=null, RecurrenceActivityId=null, IsRecurrence=false, RecurrenceStartDateOnly=null, RecurrenceEndDateOnly=null, RecurrenceTimeZoneSidKey=null, RecurrenceType=null, RecurrenceInterval=null, RecurrenceDayOfWeekMask=null, RecurrenceDayOfMonth=null, RecurrenceInstance=null, RecurrenceMonthOfYear=null, RecurrenceRegeneratedType=null, TaskSubtype=null, NVMContactWorld__ACD__c=null, NVMContactWorld__CW_Call_End_Time__c=null, NVMContactWorld__CW_Call_Start_Time__c=2019-01-09 04:47:40, NVMContactWorld__CallRingTimeInSeconds__c=null, NVMContactWorld__CallTalkTimeInSeconds__c=null, NVMContactWorld__ContactWorld_Number__c=61731530806, NVMContactWorld__Customer_Number__c=+61409028972, NVMContactWorld__InteractionQuality__c=null, NVMContactWorld__Service_Name__c=null, NVMContactWorld__Was_Call_Recorded__c=false, Call_Monitored__c=false, Monitored_By__c=null, Call_Outcome_Result__c=null, Monitored_Date__c=null, Demonstrate_active_listening__c=null, Communication_is_clear_positive_confiden__c=null, Mirrors_clients_talking_behaviour__c=null, Built_Rapport__c=null, Allow_customer_to_present_concerns__c=null, Gave_correct_answers_and_infomations__c=null, CM_advised_what_will_happen_next__c=null, TL_Notes__c=null, Day_of_the_Week__c=Wednesday, Email_Received_Date__c=null, Email_Response_Time__c=null, Call_Duration_converted__c=null, Email_Received_Date_Business_Hour__c=null, NVMStatsSF__NVM_Agent__c=19, Is_Mobile_Number__c=true, Call_Duration_min__c=0.00, IsToday__c=false}
14:47:41.0 (17189921)|STATEMENT_EXECUTE|[6]
14:47:41.0 (17194272)|STATEMENT_EXECUTE|[6]
14:47:41.0 (17196620)|STATEMENT_EXECUTE|[7]
14:47:41.0 (17214745)|HEAP_ALLOCATE|[7]|Bytes:65
14:47:41.0 (17247027)|HEAP_ALLOCATE|[7]|Bytes:4
14:47:41.0 (17264244)|HEAP_ALLOCATE|[7]|Bytes:7
14:47:41.0 (18407915)|SOQL_EXECUTE_BEGIN|[7]|Aggregations:0|SELECT Id, Account__c, phone__c FROM Cases__c WHERE id = :tmpVar1
14:47:41.0 (23331471)|SOQL_EXECUTE_END|[7]|Rows:0
14:47:41.0 (23382535)|HEAP_ALLOCATE|[7]|Bytes:4
14:47:41.0 (23402515)|HEAP_ALLOCATE|[7]|Bytes:0
14:47:41.0 (23476618)|HEAP_ALLOCATE|[7]|Bytes:4
14:47:41.0 (23497231)|HEAP_ALLOCATE|[7]|Bytes:34
14:47:41.0 (24004431)|HEAP_ALLOCATE|[7]|Bytes:46
14:47:41.0 (24068644)|VARIABLE_SCOPE_BEGIN|[14]|e|Exception|true|false
14:47:41.0 (24484772)|VARIABLE_ASSIGNMENT|[14]|e|"common.apex.runtime.impl.ExecutionException: List has no rows for assignment to SObject"|0x529c4892
14:47:41.0 (24500820)|STATEMENT_EXECUTE|[14]
14:47:41.0 (24504274)|STATEMENT_EXECUTE|[15]
14:47:41.0 (24564504)|HEAP_ALLOCATE|[15]|Bytes:42
14:47:41.0 (24593558)|USER_DEBUG|[15]|DEBUG|List has no rows for assignment to SObject
14:47:41.0 (24621592)|HEAP_ALLOCATE|[2]|Bytes:5
14:47:41.0 (24641565)|VARIABLE_ASSIGNMENT|[2]|tsk|null|
14:47:41.24 (24657214)|CUMULATIVE_LIMIT_USAGE
14:47:41.24 (24657214)|LIMIT_USAGE_FOR_NS|(default)|
  Number of SOQL queries: 1 out of 100
  Number of query rows: 0 out of 50000
  Number of SOSL queries: 0 out of 20
  Number of DML statements: 0 out of 150
  Number of DML rows: 0 out of 10000
  Maximum CPU time: 0 out of 10000
  Maximum heap size: 0 out of 6000000
  Number of callouts: 0 out of 100
  Number of Email Invocations: 0 out of 10
  Number of future calls: 0 out of 50
  Number of queueable jobs added to the queue: 0 out of 50
  Number of Mobile Apex push calls: 0 out of 10

14:47:41.24 (24657214)|CUMULATIVE_LIMIT_USAGE_END

14:47:41.0 (27003066)|CODE_UNIT_FINISHED|LinkCaseCallstoContact on Task trigger event BeforeInsert|__sfdc_trigger/LinkCaseCallstoContact
14:47:41.0 (31016546)|CODE_UNIT_STARTED|[EXTERNAL]|01q6F000001IKsI|TaskTrigger on Task trigger event BeforeInsert|__sfdc_trigger/TaskTrigger
14:47:41.0 (31070488)|HEAP_ALLOCATE|[EXTERNAL]|Bytes:8
14:47:41.0 (31192113)|HEAP_ALLOCATE|[EXTERNAL]|Bytes:4
14:47:41.0 (31208832)|VARIABLE_SCOPE_BEGIN|[5]|this|TaskTrigger|true|false
14:47:41.0 (31266941)|VARIABLE_ASSIGNMENT|[5]|this|{}|0x20164bce
14:47:41.0 (31347384)|HEAP_ALLOCATE|[EXTERNAL]|Bytes:4
14:47:41.0 (31359237)|VARIABLE_SCOPE_BEGIN|[5]|this|TaskTrigger|true|false
14:47:41.0 (31381579)|VARIABLE_ASSIGNMENT|[5]|this|{}|0x20164bce
14:47:41.0 (31394448)|STATEMENT_EXECUTE|[5]
14:47:41.0 (31421125)|STATEMENT_EXECUTE|[6]
14:47:41.0 (31423670)|STATEMENT_EXECUTE|[7]
14:47:41.0 (54732751)|VARIABLE_SCOPE_BEGIN|[2]|TaskHelper.TASK_STATUS|String|false|true
14:47:41.0 (54758294)|VARIABLE_SCOPE_BEGIN|[3]|TaskHelper.TASK_SUBJECT|String|false|true
14:47:41.0 (54774336)|VARIABLE_SCOPE_BEGIN|[4]|TaskHelper.TASK_TYPE|String|false|true
14:47:41.0 (54855992)|HEAP_ALLOCATE|[7]|Bytes:4
14:47:41.0 (54877407)|HEAP_ALLOCATE|[7]|Bytes:2
14:47:41.0 (54969456)|METHOD_ENTRY|[1]|01p6F000009rWtF|TaskHelper.TaskHelper()
14:47:41.0 (54987901)|STATEMENT_EXECUTE|[1]
14:47:41.0 (54993850)|STATEMENT_EXECUTE|[1]
14:47:41.0 (54996200)|STATEMENT_EXECUTE|[2]
14:47:41.0 (55019814)|HEAP_ALLOCATE|[2]|Bytes:9
14:47:41.0 (55061347)|VARIABLE_ASSIGNMENT|[2]|TaskHelper.TASK_STATUS|"Completed"
14:47:41.0 (55070832)|STATEMENT_EXECUTE|[3]
14:47:41.0 (55080592)|HEAP_ALLOCATE|[3]|Bytes:16
14:47:41.0 (55096544)|VARIABLE_ASSIGNMENT|[3]|TaskHelper.TASK_SUBJECT|"Outbound call to"
14:47:41.0 (55104421)|STATEMENT_EXECUTE|[4]
14:47:41.0 (55118193)|VARIABLE_ASSIGNMENT|[4]|TaskHelper.TASK_TYPE|"Outbound"
14:47:41.0 (55157235)|METHOD_EXIT|[1]|TaskHelper
14:47:41.0 (55178086)|HEAP_ALLOCATE|[7]|Bytes:4
14:47:41.0 (55226509)|CONSTRUCTOR_ENTRY|[7]|01p6F000009rWtF|<init>()|TaskHelper
14:47:41.0 (55269663)|VARIABLE_SCOPE_BEGIN|[1]|this|TaskHelper|true|false
14:47:41.0 (55312280)|VARIABLE_ASSIGNMENT|[1]|this|{}|0x7fdf1d0f
14:47:41.0 (55333165)|HEAP_ALLOCATE|[EXTERNAL]|Bytes:6
14:47:41.0 (55385700)|STATEMENT_EXECUTE|[1]
14:47:41.0 (55436456)|CONSTRUCTOR_EXIT|[7]|01p6F000009rWtF|<init>()|TaskHelper
14:47:41.0 (55456060)|VARIABLE_SCOPE_BEGIN|[7]|helper|TaskHelper|true|false
14:47:41.0 (55483992)|VARIABLE_ASSIGNMENT|[7]|helper|{}|0x7fdf1d0f
14:47:41.0 (55498214)|STATEMENT_EXECUTE|[8]
14:47:41.0 (55575715)|METHOD_ENTRY|[8]|01p6F000009rWtF|TaskHelper.setupContactToReurnCallTasks(List<Task>)
14:47:41.0 (55641351)|VARIABLE_SCOPE_BEGIN|[11]|this|TaskHelper|true|false
14:47:41.0 (55667000)|VARIABLE_ASSIGNMENT|[11]|this|{}|0x7fdf1d0f
14:47:41.0 (55677559)|VARIABLE_SCOPE_BEGIN|[11]|newTasks|List<Task>|true|false
14:47:41.0 (57685835)|VARIABLE_ASSIGNMENT|[11]|newTasks|[{"WhatId":"0019000001RCvydAAD","CallType":"Outbound","IsHighPriority":false,"IsClosed":false,"NVMStatsSF__NVM_Agent__c":"19","Is_Mobile_Number__c":true,"OwnerId":"0056F00000A9HoPQAV","IsToday__c":false,"IsReminderSet":false,"Status":"Completed","IsDeleted":false,"NVMContactWorld__CW_Call_Start_Time__c":"2019-01-09T04:47:40.000Z","ActivityDate":"2019-01-09T00:00:00.000Z","Priority":"Normal","IsVisibleInSelfService":false,"NVMContactWorld__Was_Call_Recorded__c":false,"CurrencyIsoCode":"AUD","IsRecurrence":false,"Subject":"Outbound call to +61 (9 more) ...","IsArchived":false,"CallObject":"016830ef-f916-897d-4 (16 more) ...","NVMContactWorld__Customer_Number__c":"+61409028972","NVMContactWorld__ContactWorld_Number__c":"61731530806","Day_of_the_Week__c":"Wednesday","Call_Duration_min__c":0.00,"Call_Monitored__c":false}]|0x7d0b6f92
14:47:41.0 (57727680)|STATEMENT_EXECUTE|[11]
14:47:41.0 (57731120)|STATEMENT_EXECUTE|[12]
14:47:41.0 (57765652)|HEAP_ALLOCATE|[12]|Bytes:4
14:47:41.0 (57897305)|VARIABLE_SCOPE_BEGIN|[12]|voicemailIds|List<Id>|true|false
14:47:41.0 (57947148)|HEAP_ALLOCATE|[EXTERNAL]|Bytes:4
14:47:41.0 (57966152)|VARIABLE_ASSIGNMENT|[12]|voicemailIds|[]|0x7a3b2259
14:47:41.0 (57978487)|STATEMENT_EXECUTE|[13]
14:47:41.0 (58006084)|HEAP_ALLOCATE|[13]|Bytes:4
14:47:41.0 (58029065)|VARIABLE_SCOPE_BEGIN|[13]|contactIds|Map<Id,Id>|true|false
14:47:41.0 (58055434)|VARIABLE_ASSIGNMENT|[13]|contactIds|{}|0x425db89d
14:47:41.0 (58068964)|STATEMENT_EXECUTE|[14]
14:47:41.0 (58087370)|HEAP_ALLOCATE|[14]|Bytes:4
14:47:41.0 (58116166)|VARIABLE_SCOPE_BEGIN|[14]|results|List<Task>|true|false
14:47:41.0 (58136765)|HEAP_ALLOCATE|[EXTERNAL]|Bytes:4
14:47:41.0 (58148411)|VARIABLE_ASSIGNMENT|[14]|results|[]|0x18d9c43d
14:47:41.0 (58211676)|HEAP_ALLOCATE|[16]|Bytes:5
14:47:41.0 (58238638)|HEAP_ALLOCATE|[16]|Bytes:4
14:47:41.0 (58251442)|VARIABLE_SCOPE_BEGIN|[16]|item|Task|true|false
14:47:41.0 (59691626)|VARIABLE_ASSIGNMENT|[16]|item|{"WhatId":"0019000001RCvydAAD","CallType":"Outbound","IsHighPriority":false,"IsClosed":false,"NVMStatsSF__NVM_Agent__c":"19","Is_Mobile_Number__c":true,"OwnerId":"0056F00000A9HoPQAV","IsToday__c":false,"IsReminderSet":false,"Status":"Completed","IsDeleted":false,"NVMContactWorld__CW_Call_Start_Time__c":"2019-01-09T04:47:40.000Z","ActivityDate":"2019-01-09T00:00:00.000Z","Priority":"Normal","IsVisibleInSelfService":false,"NVMContactWorld__Was_Call_Recorded__c":false,"CurrencyIsoCode":"AUD","IsRecurrence":false,"Subject":"Outbound call to +61 (9 more) ...","IsArchived":false,"CallObject":"016830ef-f916-897d-4 (16 more) ...","NVMContactWorld__Customer_Number__c":"+61409028972","NVMContactWorld__ContactWorld_Number__c":"61731530806","Day_of_the_Week__c":"Wednesday","Call_Duration_min__c":0.00,"Call_Monitored__c":false}|0x1f387840
14:47:41.0 (59752696)|STATEMENT_EXECUTE|[16]
14:47:41.0 (60060895)|STATEMENT_EXECUTE|[17]
14:47:41.0 (60066278)|STATEMENT_EXECUTE|[18]
14:47:41.0 (60113694)|HEAP_ALLOCATE|[18]|Bytes:18
14:47:41.0 (60139128)|HEAP_ALLOCATE|[18]|Bytes:18
14:47:41.0 (60150525)|VARIABLE_SCOPE_BEGIN|[18]|voicemailId|String|false|false
14:47:41.0 (60173658)|VARIABLE_ASSIGNMENT|[18]|voicemailId|"0019000001RCvydAAD"
14:47:41.0 (60182166)|STATEMENT_EXECUTE|[19]
14:47:41.0 (60191217)|HEAP_ALLOCATE|[19]|Bytes:57
14:47:41.0 (60232703)|HEAP_ALLOCATE|[19]|Bytes:18
14:47:41.0 (60252966)|HEAP_ALLOCATE|[19]|Bytes:75
14:47:41.0 (60274292)|USER_DEBUG|[19]|DEBUG|TaskHelper :: setupContactToReurnCallTasks :: item.WhatId0019000001RCvydAAD
14:47:41.0 (60287412)|HEAP_ALLOCATE|[20]|Bytes:12
14:47:41.0 (60582072)|HEAP_ALLOCATE|[20]|Bytes:4
14:47:41.0 (60610502)|HEAP_ALLOCATE|[20]|Bytes:3
14:47:41.0 (60632641)|STATEMENT_EXECUTE|[20]
14:47:41.0 (60655401)|HEAP_ALLOCATE|[16]|Bytes:5
14:47:41.0 (60673864)|VARIABLE_ASSIGNMENT|[16]|item|null|
14:47:41.0 (60680697)|STATEMENT_EXECUTE|[28]
14:47:41.0 (60687115)|HEAP_ALLOCATE|[28]|Bytes:72
14:47:41.0 (60704083)|HEAP_ALLOCATE|[28]|Bytes:4
14:47:41.0 (61313178)|SOQL_EXECUTE_BEGIN|[28]|Aggregations:0|SELECT Id, Account__c, Contact__c FROM Voicemail__c WHERE id IN :tmpVar1
14:47:41.0 (64134677)|SOQL_EXECUTE_END|[28]|Rows:0
14:47:41.0 (64176430)|HEAP_ALLOCATE|[28]|Bytes:4
14:47:41.0 (64199364)|HEAP_ALLOCATE|[28]|Bytes:0
14:47:41.0 (64292646)|HEAP_ALLOCATE|[28]|Bytes:4
14:47:41.0 (64343847)|VARIABLE_SCOPE_BEGIN|[28]|voicemails|List<Voicemail__c>|true|false
14:47:41.0 (64397207)|VARIABLE_ASSIGNMENT|[28]|voicemails|[]|0x5d31bd0a
14:47:41.0 (64768400)|HEAP_ALLOCATE|[29]|Bytes:5
14:47:41.0 (64803503)|VARIABLE_ASSIGNMENT|[29]|item|null|
14:47:41.0 (64815902)|STATEMENT_EXECUTE|[29]
14:47:41.0 (64881314)|HEAP_ALLOCATE|[34]|Bytes:5
14:47:41.0 (64909787)|HEAP_ALLOCATE|[34]|Bytes:4
14:47:41.0 (64924245)|VARIABLE_SCOPE_BEGIN|[34]|item|Task|true|false
14:47:41.0 (66300921)|VARIABLE_ASSIGNMENT|[34]|item|{"WhatId":"0019000001RCvydAAD","CallType":"Outbound","IsHighPriority":false,"IsClosed":false,"NVMStatsSF__NVM_Agent__c":"19","Is_Mobile_Number__c":true,"OwnerId":"0056F00000A9HoPQAV","IsToday__c":false,"IsReminderSet":false,"Status":"Completed","IsDeleted":false,"NVMContactWorld__CW_Call_Start_Time__c":"2019-01-09T04:47:40.000Z","ActivityDate":"2019-01-09T00:00:00.000Z","Priority":"Normal","IsVisibleInSelfService":false,"NVMContactWorld__Was_Call_Recorded__c":false,"CurrencyIsoCode":"AUD","IsRecurrence":false,"Subject":"Outbound call to +61 (9 more) ...","IsArchived":false,"CallObject":"016830ef-f916-897d-4 (16 more) ...","NVMContactWorld__Customer_Number__c":"+61409028972","NVMContactWorld__ContactWorld_Number__c":"61731530806","Day_of_the_Week__c":"Wednesday","Call_Duration_min__c":0.00,"Call_Monitored__c":false}|0x1f387840
14:47:41.0 (66332842)|STATEMENT_EXECUTE|[34]
14:47:41.0 (66336249)|STATEMENT_EXECUTE|[35]
14:47:41.0 (67789847)|VARIABLE_ASSIGNMENT|[35]|this.WhoId|null|0x1f387840
14:47:41.0 (67833950)|HEAP_ALLOCATE|[34]|Bytes:5
14:47:41.0 (67864965)|VARIABLE_ASSIGNMENT|[34]|item|null|
14:47:41.0 (67892393)|METHOD_EXIT|[8]|01p6F000009rWtF|TaskHelper.setupContactToReurnCallTasks(List<Task>)
14:47:41.67 (67912276)|CUMULATIVE_LIMIT_USAGE
14:47:41.67 (67912276)|LIMIT_USAGE_FOR_NS|(default)|
  Number of SOQL queries: 2 out of 100
  Number of query rows: 0 out of 50000
  Number of SOSL queries: 0 out of 20
  Number of DML statements: 0 out of 150
  Number of DML rows: 0 out of 10000
  Maximum CPU time: 0 out of 10000
  Maximum heap size: 0 out of 6000000
  Number of callouts: 0 out of 100
  Number of Email Invocations: 0 out of 10
  Number of future calls: 0 out of 50
  Number of queueable jobs added to the queue: 0 out of 50
  Number of Mobile Apex push calls: 0 out of 10

14:47:41.67 (67912276)|CUMULATIVE_LIMIT_USAGE_END

14:47:41.0 (69180945)|CODE_UNIT_FINISHED|TaskTrigger on Task trigger event BeforeInsert|__sfdc_trigger/TaskTrigger
14:47:41.0 (74952469)|CODE_UNIT_STARTED|[EXTERNAL]|Validation:Task:new
14:47:41.0 (74977969)|VALIDATION_RULE|03d6F000000qFaO|Finish_all_call_monitor_field
14:47:41.0 (75576927)|VALIDATION_FORMULA|AND(!ISBLANK(Monitored_By__c),
    OR(ISBLANK( TEXT(CM_advised_what_will_happen_next__c)),
       ISBLANK( TEXT(Allow_customer_to_present_concerns__c) ),
       ISBLANK( TEXT(Communication_is_clear_positive_confiden__c) ),
       ISBLANK( TEXT(Demonstrate_active_listening__c )),
       ISBLANK( TEXT(Gave_correct_answers_and_infomations__c) ),
       ISBLANK( TEXT(Mirrors_clients_talking_behaviour__c) ) ))|CM_advised_what_will_happen_next__c=null , Demonstrate_active_listening__c=null , Communication_is_clear_positive_confiden__c=null , Allow_customer_to_present_concerns__c=null , Gave_correct_answers_and_infomations__c=null , Mirrors_clients_talking_behaviour__c=null , Monitored_By__c=null
14:47:41.0 (75595788)|VALIDATION_PASS
14:47:41.0 (75599456)|VALIDATION_RULE|03d900000009JbB|Interac_Quality_Must_Be_Between_1_and_10
14:47:41.0 (75726310)|VALIDATION_FORMULA|NVMContactWorld__InteractionQuality__c < 1  &#124;&#124;  NVMContactWorld__InteractionQuality__c > 10|NVMContactWorld__InteractionQuality__c=null
14:47:41.0 (75737201)|VALIDATION_PASS
14:47:41.0 (75916665)|CODE_UNIT_FINISHED|Validation:Task:new
14:47:41.0 (130274302)|CODE_UNIT_STARTED|[EXTERNAL]|Workflow:Task
14:47:41.0 (138088606)|WF_RULE_EVAL_BEGIN|Workflow
14:47:41.0 (138139615)|WF_CRITERIA_BEGIN|[Task:  00T6F00005LrSMx]|Update Call Monitor Details|01Q6F0000002Tdt|ON_CREATE_OR_TRIGGERING_UPDATE|0
14:47:41.0 (141855950)|WF_RULE_FILTER|[Task : Monitored By not equal to ]
14:47:41.0 (141890086)|WF_RULE_EVAL_VALUE|
14:47:41.0 (141897784)|WF_CRITERIA_END|false
14:47:41.0 (141919117)|WF_CRITERIA_BEGIN|[Task:  00T6F00005LrSMx]|Update_Callback_Request_Due_Date3016F0000005i0e|01Q6F0000019gyq|ON_CREATE_ONLY|0
14:47:41.0 (142022315)|WF_FORMULA|Formula:ENCODED:[treatNullAsNull]true|Values:
14:47:41.0 (142034277)|WF_CRITERIA_END|true
14:47:41.0 (142988428)|WF_CRITERIA_BEGIN|[Task:  00T6F00005LrSMx]|Call Back Request From LinX|01Q6F000001EY2L|ON_CREATE_OR_TRIGGERING_UPDATE|0
14:47:41.0 (143082903)|WF_RULE_FILTER|[Task : Subject equals Callback Request]
14:47:41.0 (143102243)|WF_RULE_EVAL_VALUE|Outbound call to +61409028972
14:47:41.0 (143109280)|WF_CRITERIA_END|false
14:47:41.0 (143124348)|WF_CRITERIA_BEGIN|[Task:  00T6F00005LrSMx]|Call_Monitor3016F00000054R3|01Q6F000000oOu7|ON_ALL_CHANGES|0
14:47:41.0 (143188373)|WF_FORMULA|Formula:ENCODED:[treatNullAsNull]true|Values:
14:47:41.0 (143197785)|WF_CRITERIA_END|true
14:47:41.0 (143224460)|WF_SPOOL_ACTION_BEGIN|Workflow
14:47:41.0 (143252955)|WF_ACTION| Flow Trigger: 2;
14:47:41.0 (143258728)|WF_RULE_EVAL_END
14:47:41.0 (144381485)|WF_FLOW_ACTION_BEGIN|09L6F000000PWtL
14:47:41.145 (145384613)|FLOW_CREATE_INTERVIEW_BEGIN|00D90000000IJSa|3006F00000091km|3016F0000005i0e
14:47:41.145 (145986544)|FLOW_CREATE_INTERVIEW_END|22244b9f8b5adfb8f7051c8dfbb16830e42bfb-129e|Update Callback Request Due Date
14:47:41.146 (146315792)|FLOW_START_INTERVIEWS_BEGIN|1
14:47:41.146 (146345638)|FLOW_START_INTERVIEW_BEGIN|22244b9f8b5adfb8f7051c8dfbb16830e42bfb-129e|Update Callback Request Due Date
14:47:41.146 (148838619)|FLOW_START_INTERVIEW_END|22244b9f8b5adfb8f7051c8dfbb16830e42bfb-129e|Update Callback Request Due Date
14:47:41.146 (148864128)|FLOW_START_INTERVIEWS_END|1
14:47:41.0 (150451776)|WF_FLOW_ACTION_END|09L6F000000PWtL
14:47:41.0 (150502317)|WF_FLOW_ACTION_BEGIN|09L6F000000PGTV
14:47:41.152 (152042357)|FLOW_CREATE_INTERVIEW_BEGIN|00D90000000IJSa|3006F0000008usA|3016F00000054R3
14:47:41.152 (152814158)|FLOW_CREATE_INTERVIEW_END|22444b9f8b5adfb8f7051c8dfbb16830e42bfb-12a0|Call Monitoring
14:47:41.153 (153308615)|FLOW_START_INTERVIEWS_BEGIN|1
14:47:41.153 (153332915)|FLOW_START_INTERVIEW_BEGIN|22444b9f8b5adfb8f7051c8dfbb16830e42bfb-12a0|Call Monitoring
14:47:41.153 (155973314)|FLOW_START_INTERVIEW_END|22444b9f8b5adfb8f7051c8dfbb16830e42bfb-12a0|Call Monitoring
14:47:41.153 (155994668)|FLOW_START_INTERVIEWS_END|1
14:47:41.0 (156820301)|WF_FLOW_ACTION_END|09L6F000000PGTV
14:47:41.0 (156989099)|WF_ACTIONS_END| Flow Trigger: 2;
14:47:41.0 (157002748)|CODE_UNIT_FINISHED|Workflow:Task
14:47:41.0 (183786485)|CODE_UNIT_FINISHED|TRIGGERS
14:47:41.0 (183810951)|EXECUTION_FINISHED
