37.0 APEX_CODE,FINEST;APEX_PROFILING,INFO;CALLOUT,INFO;DB,INFO;NBA,INFO;SYSTEM,DEBUG;VALIDATION,INFO;VISUALFORCE,INFO;WAVE,INFO;WORKFLOW,INFO
14:46:22.17 (17193917)|ENTERING_MANAGED_PKG|Centify
14:46:22.17 (19036363)|ENTERING_MANAGED_PKG|Centify
14:46:22.17 (19098659)|ENTERING_MANAGED_PKG|Centify
14:46:22.17 (20943634)|ENTERING_MANAGED_PKG|Centify
14:46:22.17 (21044356)|ENTERING_MANAGED_PKG|Centify
14:46:22.17 (22138710)|ENTERING_MANAGED_PKG|Centify
14:46:22.17 (22554789)|ENTERING_MANAGED_PKG|Centify
14:46:22.17 (22599627)|ENTERING_MANAGED_PKG|Centify
14:46:22.17 (22719467)|ENTERING_MANAGED_PKG|Centify
14:46:22.17 (22793228)|ENTERING_MANAGED_PKG|Centify
14:46:22.17 (22879422)|ENTERING_MANAGED_PKG|Centify
14:46:22.17 (22924759)|ENTERING_MANAGED_PKG|Centify
14:46:22.17 (22947474)|ENTERING_MANAGED_PKG|Centify
14:46:22.17 (23160038)|ENTERING_MANAGED_PKG|Centify
14:46:22.17 (56824598)|ENTERING_MANAGED_PKG|Centify
14:46:22.17 (56910101)|ENTERING_MANAGED_PKG|Centify
14:46:22.17 (57028206)|ENTERING_MANAGED_PKG|Centify
14:46:22.17 (57076590)|ENTERING_MANAGED_PKG|Centify
14:46:22.17 (284003735)|ENTERING_MANAGED_PKG|Centify
14:46:22.17 (315835029)|ENTERING_MANAGED_PKG|Centify
14:46:22.17 (338406178)|ENTERING_MANAGED_PKG|Centify
14:46:22.17 (338495118)|ENTERING_MANAGED_PKG|Centify
14:46:22.17 (338634626)|ENTERING_MANAGED_PKG|Centify
14:46:22.17 (338690967)|ENTERING_MANAGED_PKG|Centify
14:46:22.17 (338806305)|ENTERING_MANAGED_PKG|Centify
14:46:22.17 (380459423)|ENTERING_MANAGED_PKG|Centify
14:46:22.17 (401813685)|ENTERING_MANAGED_PKG|Centify
14:46:22.17 (401905589)|ENTERING_MANAGED_PKG|Centify
14:46:22.17 (402043688)|ENTERING_MANAGED_PKG|Centify
14:46:22.17 (402107840)|ENTERING_MANAGED_PKG|Centify
14:46:22.17 (402230008)|ENTERING_MANAGED_PKG|Centify
14:46:22.17 (439087031)|ENTERING_MANAGED_PKG|Centify
14:46:22.17 (459135459)|ENTERING_MANAGED_PKG|Centify
14:46:22.17 (459207615)|ENTERING_MANAGED_PKG|Centify
14:46:22.17 (459329976)|ENTERING_MANAGED_PKG|Centify
14:46:22.17 (459383137)|ENTERING_MANAGED_PKG|Centify
14:46:22.17 (459482456)|ENTERING_MANAGED_PKG|Centify
14:46:22.17 (489731881)|ENTERING_MANAGED_PKG|Centify
14:46:22.17 (510687466)|ENTERING_MANAGED_PKG|Centify
14:46:22.17 (510746705)|ENTERING_MANAGED_PKG|Centify
14:46:22.17 (510860096)|ENTERING_MANAGED_PKG|Centify
14:46:22.17 (510937043)|ENTERING_MANAGED_PKG|Centify
14:46:22.17 (511039479)|ENTERING_MANAGED_PKG|Centify
14:46:22.17 (539660926)|ENTERING_MANAGED_PKG|Centify
14:46:22.17 (556264743)|ENTERING_MANAGED_PKG|Centify
14:46:22.17 (556321161)|ENTERING_MANAGED_PKG|Centify
14:46:22.17 (556403582)|ENTERING_MANAGED_PKG|Centify
14:46:22.17 (556439769)|ENTERING_MANAGED_PKG|Centify
14:46:22.17 (556509178)|ENTERING_MANAGED_PKG|Centify
14:46:22.17 (584723794)|ENTERING_MANAGED_PKG|Centify
14:46:22.17 (602181043)|ENTERING_MANAGED_PKG|Centify
14:46:22.17 (602244135)|ENTERING_MANAGED_PKG|Centify
14:46:22.17 (602334836)|ENTERING_MANAGED_PKG|Centify
14:46:22.17 (602376117)|ENTERING_MANAGED_PKG|Centify
14:46:22.17 (602452920)|ENTERING_MANAGED_PKG|Centify
14:46:22.17 (626316245)|ENTERING_MANAGED_PKG|Centify
14:46:22.17 (643262097)|ENTERING_MANAGED_PKG|Centify
14:46:22.17 (643317990)|ENTERING_MANAGED_PKG|Centify
14:46:22.17 (643402894)|ENTERING_MANAGED_PKG|Centify
14:46:22.17 (643440474)|ENTERING_MANAGED_PKG|Centify
14:46:22.17 (643510396)|ENTERING_MANAGED_PKG|Centify
14:46:22.17 (667436419)|ENTERING_MANAGED_PKG|Centify
14:46:22.17 (685472182)|ENTERING_MANAGED_PKG|Centify
14:46:22.17 (685534552)|ENTERING_MANAGED_PKG|Centify
14:46:22.17 (685626754)|ENTERING_MANAGED_PKG|Centify
14:46:22.17 (685668511)|ENTERING_MANAGED_PKG|Centify
14:46:22.17 (685749535)|ENTERING_MANAGED_PKG|Centify
14:46:22.17 (709092742)|ENTERING_MANAGED_PKG|Centify
14:46:22.17 (725614692)|ENTERING_MANAGED_PKG|Centify
14:46:22.17 (725675471)|ENTERING_MANAGED_PKG|Centify
14:46:22.17 (725758538)|ENTERING_MANAGED_PKG|Centify
14:46:22.17 (725794742)|ENTERING_MANAGED_PKG|Centify
14:46:22.17 (725872107)|ENTERING_MANAGED_PKG|Centify
14:46:22.17 (748507173)|ENTERING_MANAGED_PKG|Centify
14:46:22.17 (782183184)|ENTERING_MANAGED_PKG|Centify
14:46:22.17 (782244985)|ENTERING_MANAGED_PKG|Centify
14:46:22.17 (782330624)|ENTERING_MANAGED_PKG|Centify
14:46:22.17 (782366768)|ENTERING_MANAGED_PKG|Centify
14:46:22.17 (782438008)|ENTERING_MANAGED_PKG|Centify
14:46:22.17 (805676066)|ENTERING_MANAGED_PKG|Centify
14:46:22.17 (821575373)|ENTERING_MANAGED_PKG|Centify
14:46:22.17 (821632400)|ENTERING_MANAGED_PKG|Centify
14:46:22.17 (821716367)|ENTERING_MANAGED_PKG|Centify
14:46:22.17 (821751864)|ENTERING_MANAGED_PKG|Centify
14:46:22.17 (821825002)|ENTERING_MANAGED_PKG|Centify
14:46:22.17 (844568170)|ENTERING_MANAGED_PKG|Centify
14:46:22.17 (860516266)|ENTERING_MANAGED_PKG|Centify
14:46:22.17 (860576054)|ENTERING_MANAGED_PKG|Centify
14:46:22.17 (860659111)|ENTERING_MANAGED_PKG|Centify
14:46:22.17 (860695740)|ENTERING_MANAGED_PKG|Centify
14:46:22.17 (860763758)|ENTERING_MANAGED_PKG|Centify
14:46:22.17 (883073725)|ENTERING_MANAGED_PKG|Centify
14:46:22.17 (883134426)|ENTERING_MANAGED_PKG|Centify
14:46:22.17 (883297004)|ENTERING_MANAGED_PKG|Centify
14:46:22.17 (883339933)|ENTERING_MANAGED_PKG|Centify
14:46:22.17 (883374283)|ENTERING_MANAGED_PKG|Centify
14:46:22.17 (883648424)|ENTERING_MANAGED_PKG|Centify
14:46:22.17 (883729308)|ENTERING_MANAGED_PKG|Centify
14:46:22.17 (893823526)|ENTERING_MANAGED_PKG|Centify
14:46:22.17 (893969150)|ENTERING_MANAGED_PKG|Centify
14:46:22.17 (894177474)|ENTERING_MANAGED_PKG|Centify
14:46:22.17 (895184174)|ENTERING_MANAGED_PKG|Centify
14:46:22.17 (896627061)|SOQL_EXECUTE_BEGIN|[16]|Aggregations:0|select id,lastmodifieddate,isdeleted,audit_completed_date__c,audit_booked_date__c,assign_to__c,name,ownerid,status__c,lastactivitydate,opp_type__c,spinify_is_target__c,spinify_is_auditedthismonth__c from SLXOpportunity__c where LastModifiedDate >2019-01-09T04:14:33Z AND LastModifiedDate < 2019-01-09T04:46:28Z AND (   Spinify_Is_Target__c =true OR  Spinify_Is_AuditedThisMonth__c =true )  ORDER BY SystemModStamp DESC LIMIT 5000  ALL ROWS
14:46:23.504 (1504108192)|SOQL_EXECUTE_END|[16]|Rows:0
14:46:23.531 (1531733603)|CUMULATIVE_LIMIT_USAGE
14:46:23.531 (1531733603)|LIMIT_USAGE_FOR_NS|(default)|
  Number of SOQL queries: 0 out of 200
  Number of query rows: 0 out of 50000
  Number of SOSL queries: 0 out of 20
  Number of DML statements: 0 out of 150
  Number of DML rows: 0 out of 10000
  Maximum CPU time: 0 out of 60000
  Maximum heap size: 0 out of 12000000
  Number of callouts: 0 out of 0
  Number of Email Invocations: 0 out of 10
  Number of future calls: 0 out of 0
  Number of queueable jobs added to the queue: 0 out of 1
  Number of Mobile Apex push calls: 0 out of 10

14:46:23.531 (1531733603)|LIMIT_USAGE_FOR_NS|Centify|
  Number of SOQL queries: 0 out of 200
  Number of query rows: 0 out of 50000
  Number of SOSL queries: 0 out of 20
  Number of DML statements: 0 out of 150
  Number of DML rows: 0 out of 10000
  Maximum CPU time: 0 out of 60000
  Maximum heap size: 0 out of 12000000
  Number of callouts: 0 out of 0
  Number of Email Invocations: 0 out of 10
  Number of future calls: 0 out of 0
  Number of queueable jobs added to the queue: 0 out of 1
  Number of Mobile Apex push calls: 0 out of 10

14:46:23.531 (1531733603)|CUMULATIVE_LIMIT_USAGE_END

