36.0 APEX_CODE,FINEST;APEX_PROFILING,INFO;CALLOUT,INFO;DB,INFO;NBA,INFO;SYSTEM,DEBUG;VALIDATION,INFO;VISUALFORCE,INFO;WAVE,INFO;WORKFLOW,INFO
14:46:42.0 (105504)|USER_INFO|[EXTERNAL]|00590000000Vmmq|ben@bjbglobal.com.au|Australian Eastern Standard Time|GMT+10:00
14:46:42.0 (141891)|EXECUTION_STARTED
14:46:42.0 (146803)|CODE_UNIT_STARTED|[EXTERNAL]|TRIGGERS
14:46:42.0 (177189)|CODE_UNIT_STARTED|[EXTERNAL]|01q6F000001IGJa|LinkCaseCallstoContact on Task trigger event BeforeInsert|__sfdc_trigger/LinkCaseCallstoContact
14:46:42.0 (226765)|HEAP_ALLOCATE|[EXTERNAL]|Bytes:8
14:46:42.0 (623022)|HEAP_ALLOCATE|[72]|Bytes:3
14:46:42.0 (661617)|HEAP_ALLOCATE|[77]|Bytes:152
14:46:42.0 (676195)|HEAP_ALLOCATE|[342]|Bytes:408
14:46:42.0 (688805)|HEAP_ALLOCATE|[355]|Bytes:408
14:46:42.0 (699485)|HEAP_ALLOCATE|[467]|Bytes:48
14:46:42.0 (724839)|HEAP_ALLOCATE|[139]|Bytes:6
14:46:42.0 (741073)|HEAP_ALLOCATE|[EXTERNAL]|Bytes:6
14:46:42.0 (756738)|HEAP_ALLOCATE|[EXTERNAL]|Bytes:4
14:46:42.0 (764044)|VARIABLE_SCOPE_BEGIN|[1]|this|LinkCaseCallstoContact|true|false
14:46:42.0 (803262)|VARIABLE_ASSIGNMENT|[1]|this|{}|0x65eb8727
14:46:42.0 (862112)|HEAP_ALLOCATE|[EXTERNAL]|Bytes:4
14:46:42.0 (869298)|VARIABLE_SCOPE_BEGIN|[1]|this|LinkCaseCallstoContact|true|false
14:46:42.0 (882730)|VARIABLE_ASSIGNMENT|[1]|this|{}|0x65eb8727
14:46:42.0 (891144)|STATEMENT_EXECUTE|[1]
14:46:42.0 (920085)|HEAP_ALLOCATE|[50]|Bytes:5
14:46:42.0 (942999)|HEAP_ALLOCATE|[56]|Bytes:5
14:46:42.0 (950538)|HEAP_ALLOCATE|[64]|Bytes:7
14:46:42.0 (1297869)|HEAP_ALLOCATE|[2]|Bytes:5
14:46:42.0 (1354464)|HEAP_ALLOCATE|[2]|Bytes:4
14:46:42.0 (1370038)|VARIABLE_SCOPE_BEGIN|[2]|tsk|Task|true|false
14:46:42.0 (11190285)|VARIABLE_ASSIGNMENT|[2]|tsk|{"CallType":"Outbound","IsHighPriority":false,"IsClosed":false,"NVMStatsSF__NVM_Agent__c":"76","Is_Mobile_Number__c":true,"OwnerId":"0056F000009LzF1QAK","IsToday__c":false,"IsReminderSet":false,"Status":"Completed","IsDeleted":false,"WhoId":"0039000000SieXZAAZ","NVMContactWorld__CW_Call_Start_Time__c":"2019-01-09T04:46:42.000Z","ActivityDate":"2019-01-09T00:00:00.000Z","Priority":"Normal","IsVisibleInSelfService":false,"NVMContactWorld__Was_Call_Recorded__c":false,"CurrencyIsoCode":"AUD","IsRecurrence":false,"Subject":"Outbound call to +61 (9 more) ...","IsArchived":false,"CallObject":"016830ef-1621-d56b-a (16 more) ...","NVMContactWorld__Customer_Number__c":"+61418446225","NVMContactWorld__ContactWorld_Number__c":"61731530806","Day_of_the_Week__c":"Wednesday","Call_Duration_min__c":0.00,"Call_Monitored__c":false}|0x46eb3e24
14:46:42.0 (11227232)|STATEMENT_EXECUTE|[2]
14:46:42.0 (11274248)|STATEMENT_EXECUTE|[4]
14:46:42.0 (11337827)|HEAP_ALLOCATE|[2]|Bytes:5
14:46:42.0 (11372112)|VARIABLE_ASSIGNMENT|[2]|tsk|null|
14:46:42.11 (11388902)|CUMULATIVE_LIMIT_USAGE
14:46:42.11 (11388902)|LIMIT_USAGE_FOR_NS|(default)|
  Number of SOQL queries: 0 out of 100
  Number of query rows: 0 out of 50000
  Number of SOSL queries: 0 out of 20
  Number of DML statements: 0 out of 150
  Number of DML rows: 0 out of 10000
  Maximum CPU time: 0 out of 10000
  Maximum heap size: 0 out of 6000000
  Number of callouts: 0 out of 100
  Number of Email Invocations: 0 out of 10
  Number of future calls: 0 out of 50
  Number of queueable jobs added to the queue: 0 out of 50
  Number of Mobile Apex push calls: 0 out of 10

14:46:42.11 (11388902)|CUMULATIVE_LIMIT_USAGE_END

14:46:42.0 (12365421)|CODE_UNIT_FINISHED|LinkCaseCallstoContact on Task trigger event BeforeInsert|__sfdc_trigger/LinkCaseCallstoContact
14:46:42.0 (15774235)|CODE_UNIT_STARTED|[EXTERNAL]|01q6F000001IKsI|TaskTrigger on Task trigger event BeforeInsert|__sfdc_trigger/TaskTrigger
14:46:42.0 (15831809)|HEAP_ALLOCATE|[EXTERNAL]|Bytes:8
14:46:42.0 (15928971)|HEAP_ALLOCATE|[EXTERNAL]|Bytes:4
14:46:42.0 (15940816)|VARIABLE_SCOPE_BEGIN|[5]|this|TaskTrigger|true|false
14:46:42.0 (15975775)|VARIABLE_ASSIGNMENT|[5]|this|{}|0x48483d59
14:46:42.0 (16032830)|HEAP_ALLOCATE|[EXTERNAL]|Bytes:4
14:46:42.0 (16041705)|VARIABLE_SCOPE_BEGIN|[5]|this|TaskTrigger|true|false
14:46:42.0 (16055109)|VARIABLE_ASSIGNMENT|[5]|this|{}|0x48483d59
14:46:42.0 (16063476)|STATEMENT_EXECUTE|[5]
14:46:42.0 (16090827)|STATEMENT_EXECUTE|[6]
14:46:42.0 (16092496)|STATEMENT_EXECUTE|[7]
14:46:42.0 (18123988)|VARIABLE_SCOPE_BEGIN|[2]|TaskHelper.TASK_STATUS|String|false|true
14:46:42.0 (18137214)|VARIABLE_SCOPE_BEGIN|[3]|TaskHelper.TASK_SUBJECT|String|false|true
14:46:42.0 (18144028)|VARIABLE_SCOPE_BEGIN|[4]|TaskHelper.TASK_TYPE|String|false|true
14:46:42.0 (18188416)|HEAP_ALLOCATE|[7]|Bytes:4
14:46:42.0 (18196969)|HEAP_ALLOCATE|[7]|Bytes:2
14:46:42.0 (18213924)|METHOD_ENTRY|[1]|01p6F000009rWtF|TaskHelper.TaskHelper()
14:46:42.0 (18220726)|STATEMENT_EXECUTE|[1]
14:46:42.0 (18224003)|STATEMENT_EXECUTE|[1]
14:46:42.0 (18225555)|STATEMENT_EXECUTE|[2]
14:46:42.0 (18236127)|HEAP_ALLOCATE|[2]|Bytes:9
14:46:42.0 (18253722)|VARIABLE_ASSIGNMENT|[2]|TaskHelper.TASK_STATUS|"Completed"
14:46:42.0 (18258555)|STATEMENT_EXECUTE|[3]
14:46:42.0 (18264159)|HEAP_ALLOCATE|[3]|Bytes:16
14:46:42.0 (18272594)|VARIABLE_ASSIGNMENT|[3]|TaskHelper.TASK_SUBJECT|"Outbound call to"
14:46:42.0 (18276504)|STATEMENT_EXECUTE|[4]
14:46:42.0 (18280498)|HEAP_ALLOCATE|[4]|Bytes:8
14:46:42.0 (18287241)|VARIABLE_ASSIGNMENT|[4]|TaskHelper.TASK_TYPE|"Outbound"
14:46:42.0 (18295702)|METHOD_EXIT|[1]|TaskHelper
14:46:42.0 (18308039)|HEAP_ALLOCATE|[7]|Bytes:4
14:46:42.0 (18321074)|CONSTRUCTOR_ENTRY|[7]|01p6F000009rWtF|<init>()|TaskHelper
14:46:42.0 (18345203)|VARIABLE_SCOPE_BEGIN|[1]|this|TaskHelper|true|false
14:46:42.0 (18365286)|VARIABLE_ASSIGNMENT|[1]|this|{}|0x3c47704b
14:46:42.0 (18375883)|HEAP_ALLOCATE|[EXTERNAL]|Bytes:6
14:46:42.0 (18415598)|STATEMENT_EXECUTE|[1]
14:46:42.0 (18420402)|CONSTRUCTOR_EXIT|[7]|01p6F000009rWtF|<init>()|TaskHelper
14:46:42.0 (18428117)|VARIABLE_SCOPE_BEGIN|[7]|helper|TaskHelper|true|false
14:46:42.0 (18442009)|VARIABLE_ASSIGNMENT|[7]|helper|{}|0x3c47704b
14:46:42.0 (18447668)|STATEMENT_EXECUTE|[8]
14:46:42.0 (18508653)|METHOD_ENTRY|[8]|01p6F000009rWtF|TaskHelper.setupContactToReurnCallTasks(List<Task>)
14:46:42.0 (18531843)|VARIABLE_SCOPE_BEGIN|[11]|this|TaskHelper|true|false
14:46:42.0 (18545658)|VARIABLE_ASSIGNMENT|[11]|this|{}|0x3c47704b
14:46:42.0 (18551511)|VARIABLE_SCOPE_BEGIN|[11]|newTasks|List<Task>|true|false
14:46:42.0 (19687122)|VARIABLE_ASSIGNMENT|[11]|newTasks|[{"CallType":"Outbound","IsHighPriority":false,"IsClosed":false,"NVMStatsSF__NVM_Agent__c":"76","Is_Mobile_Number__c":true,"OwnerId":"0056F000009LzF1QAK","IsToday__c":false,"IsReminderSet":false,"Status":"Completed","IsDeleted":false,"WhoId":"0039000000SieXZAAZ","NVMContactWorld__CW_Call_Start_Time__c":"2019-01-09T04:46:42.000Z","ActivityDate":"2019-01-09T00:00:00.000Z","Priority":"Normal","IsVisibleInSelfService":false,"NVMContactWorld__Was_Call_Recorded__c":false,"CurrencyIsoCode":"AUD","IsRecurrence":false,"Subject":"Outbound call to +61 (9 more) ...","IsArchived":false,"CallObject":"016830ef-1621-d56b-a (16 more) ...","NVMContactWorld__Customer_Number__c":"+61418446225","NVMContactWorld__ContactWorld_Number__c":"61731530806","Day_of_the_Week__c":"Wednesday","Call_Duration_min__c":0.00,"Call_Monitored__c":false}]|0x524d6b65
14:46:42.0 (19709918)|STATEMENT_EXECUTE|[11]
14:46:42.0 (19712218)|STATEMENT_EXECUTE|[12]
14:46:42.0 (19736814)|HEAP_ALLOCATE|[12]|Bytes:4
14:46:42.0 (19780936)|VARIABLE_SCOPE_BEGIN|[12]|voicemailIds|List<Id>|true|false
14:46:42.0 (19809951)|HEAP_ALLOCATE|[EXTERNAL]|Bytes:4
14:46:42.0 (19820431)|VARIABLE_ASSIGNMENT|[12]|voicemailIds|[]|0x558f9c4f
14:46:42.0 (19832054)|STATEMENT_EXECUTE|[13]
14:46:42.0 (19851353)|HEAP_ALLOCATE|[13]|Bytes:4
14:46:42.0 (19863774)|VARIABLE_SCOPE_BEGIN|[13]|contactIds|Map<Id,Id>|true|false
14:46:42.0 (19880137)|VARIABLE_ASSIGNMENT|[13]|contactIds|{}|0x4abc7f59
14:46:42.0 (19885620)|STATEMENT_EXECUTE|[14]
14:46:42.0 (19895942)|HEAP_ALLOCATE|[14]|Bytes:4
14:46:42.0 (19914226)|VARIABLE_SCOPE_BEGIN|[14]|results|List<Task>|true|false
14:46:42.0 (19922582)|HEAP_ALLOCATE|[EXTERNAL]|Bytes:4
14:46:42.0 (19929345)|VARIABLE_ASSIGNMENT|[14]|results|[]|0x32482d0b
14:46:42.0 (19981145)|HEAP_ALLOCATE|[16]|Bytes:5
14:46:42.0 (20000226)|HEAP_ALLOCATE|[16]|Bytes:4
14:46:42.0 (20011460)|VARIABLE_SCOPE_BEGIN|[16]|item|Task|true|false
14:46:42.0 (20676306)|VARIABLE_ASSIGNMENT|[16]|item|{"CallType":"Outbound","IsHighPriority":false,"IsClosed":false,"NVMStatsSF__NVM_Agent__c":"76","Is_Mobile_Number__c":true,"OwnerId":"0056F000009LzF1QAK","IsToday__c":false,"IsReminderSet":false,"Status":"Completed","IsDeleted":false,"WhoId":"0039000000SieXZAAZ","NVMContactWorld__CW_Call_Start_Time__c":"2019-01-09T04:46:42.000Z","ActivityDate":"2019-01-09T00:00:00.000Z","Priority":"Normal","IsVisibleInSelfService":false,"NVMContactWorld__Was_Call_Recorded__c":false,"CurrencyIsoCode":"AUD","IsRecurrence":false,"Subject":"Outbound call to +61 (9 more) ...","IsArchived":false,"CallObject":"016830ef-1621-d56b-a (16 more) ...","NVMContactWorld__Customer_Number__c":"+61418446225","NVMContactWorld__ContactWorld_Number__c":"61731530806","Day_of_the_Week__c":"Wednesday","Call_Duration_min__c":0.00,"Call_Monitored__c":false}|0x46eb3e24
14:46:42.0 (20694278)|STATEMENT_EXECUTE|[16]
14:46:42.0 (20837532)|STATEMENT_EXECUTE|[17]
14:46:42.0 (20857436)|HEAP_ALLOCATE|[16]|Bytes:5
14:46:42.0 (20874064)|VARIABLE_ASSIGNMENT|[16]|item|null|
14:46:42.0 (20880201)|STATEMENT_EXECUTE|[28]
14:46:42.0 (20886726)|HEAP_ALLOCATE|[28]|Bytes:72
14:46:42.0 (20903727)|HEAP_ALLOCATE|[28]|Bytes:4
14:46:42.0 (20913211)|HEAP_ALLOCATE|[28]|Bytes:7
14:46:42.0 (22234683)|SOQL_EXECUTE_BEGIN|[28]|Aggregations:0|SELECT Id, Account__c, Contact__c FROM Voicemail__c WHERE id IN :tmpVar1
14:46:42.0 (23858343)|SOQL_EXECUTE_END|[28]|Rows:0
14:46:42.0 (23882423)|HEAP_ALLOCATE|[28]|Bytes:4
14:46:42.0 (23894713)|HEAP_ALLOCATE|[28]|Bytes:0
14:46:42.0 (23953952)|HEAP_ALLOCATE|[28]|Bytes:4
14:46:42.0 (23967012)|VARIABLE_SCOPE_BEGIN|[28]|voicemails|List<Voicemail__c>|true|false
14:46:42.0 (23983079)|VARIABLE_ASSIGNMENT|[28]|voicemails|[]|0x205dc42d
14:46:42.0 (24162997)|HEAP_ALLOCATE|[29]|Bytes:5
14:46:42.0 (24182121)|VARIABLE_ASSIGNMENT|[29]|item|null|
14:46:42.0 (24188107)|STATEMENT_EXECUTE|[29]
14:46:42.0 (24221554)|HEAP_ALLOCATE|[34]|Bytes:5
14:46:42.0 (24234937)|HEAP_ALLOCATE|[34]|Bytes:4
14:46:42.0 (24242676)|VARIABLE_SCOPE_BEGIN|[34]|item|Task|true|false
14:46:42.0 (24973704)|VARIABLE_ASSIGNMENT|[34]|item|{"CallType":"Outbound","IsHighPriority":false,"IsClosed":false,"NVMStatsSF__NVM_Agent__c":"76","Is_Mobile_Number__c":true,"OwnerId":"0056F000009LzF1QAK","IsToday__c":false,"IsReminderSet":false,"Status":"Completed","IsDeleted":false,"WhoId":"0039000000SieXZAAZ","NVMContactWorld__CW_Call_Start_Time__c":"2019-01-09T04:46:42.000Z","ActivityDate":"2019-01-09T00:00:00.000Z","Priority":"Normal","IsVisibleInSelfService":false,"NVMContactWorld__Was_Call_Recorded__c":false,"CurrencyIsoCode":"AUD","IsRecurrence":false,"Subject":"Outbound call to +61 (9 more) ...","IsArchived":false,"CallObject":"016830ef-1621-d56b-a (16 more) ...","NVMContactWorld__Customer_Number__c":"+61418446225","NVMContactWorld__ContactWorld_Number__c":"61731530806","Day_of_the_Week__c":"Wednesday","Call_Duration_min__c":0.00,"Call_Monitored__c":false}|0x46eb3e24
14:46:42.0 (24991576)|STATEMENT_EXECUTE|[34]
14:46:42.0 (24993646)|STATEMENT_EXECUTE|[35]
14:46:42.0 (25709093)|VARIABLE_ASSIGNMENT|[35]|this.WhoId|null|0x46eb3e24
14:46:42.0 (25733532)|HEAP_ALLOCATE|[34]|Bytes:5
14:46:42.0 (25748779)|VARIABLE_ASSIGNMENT|[34]|item|null|
14:46:42.0 (25760346)|METHOD_EXIT|[8]|01p6F000009rWtF|TaskHelper.setupContactToReurnCallTasks(List<Task>)
14:46:42.25 (25774081)|CUMULATIVE_LIMIT_USAGE
14:46:42.25 (25774081)|LIMIT_USAGE_FOR_NS|(default)|
  Number of SOQL queries: 1 out of 100
  Number of query rows: 0 out of 50000
  Number of SOSL queries: 0 out of 20
  Number of DML statements: 0 out of 150
  Number of DML rows: 0 out of 10000
  Maximum CPU time: 0 out of 10000
  Maximum heap size: 0 out of 6000000
  Number of callouts: 0 out of 100
  Number of Email Invocations: 0 out of 10
  Number of future calls: 0 out of 50
  Number of queueable jobs added to the queue: 0 out of 50
  Number of Mobile Apex push calls: 0 out of 10

14:46:42.25 (25774081)|CUMULATIVE_LIMIT_USAGE_END

14:46:42.0 (26922019)|CODE_UNIT_FINISHED|TaskTrigger on Task trigger event BeforeInsert|__sfdc_trigger/TaskTrigger
14:46:42.0 (30718816)|CODE_UNIT_STARTED|[EXTERNAL]|Validation:Task:new
14:46:42.0 (30734617)|VALIDATION_RULE|03d6F000000qFaO|Finish_all_call_monitor_field
14:46:42.0 (31119969)|VALIDATION_FORMULA|AND(!ISBLANK(Monitored_By__c),
    OR(ISBLANK( TEXT(CM_advised_what_will_happen_next__c)),
       ISBLANK( TEXT(Allow_customer_to_present_concerns__c) ),
       ISBLANK( TEXT(Communication_is_clear_positive_confiden__c) ),
       ISBLANK( TEXT(Demonstrate_active_listening__c )),
       ISBLANK( TEXT(Gave_correct_answers_and_infomations__c) ),
       ISBLANK( TEXT(Mirrors_clients_talking_behaviour__c) ) ))|CM_advised_what_will_happen_next__c=null , Demonstrate_active_listening__c=null , Communication_is_clear_positive_confiden__c=null , Allow_customer_to_present_concerns__c=null , Gave_correct_answers_and_infomations__c=null , Mirrors_clients_talking_behaviour__c=null , Monitored_By__c=null
14:46:42.0 (31136980)|VALIDATION_PASS
14:46:42.0 (31139473)|VALIDATION_RULE|03d900000009JbB|Interac_Quality_Must_Be_Between_1_and_10
14:46:42.0 (31218562)|VALIDATION_FORMULA|NVMContactWorld__InteractionQuality__c < 1  &#124;&#124;  NVMContactWorld__InteractionQuality__c > 10|NVMContactWorld__InteractionQuality__c=null
14:46:42.0 (31227697)|VALIDATION_PASS
14:46:42.0 (31399385)|CODE_UNIT_FINISHED|Validation:Task:new
14:46:42.0 (73266559)|CODE_UNIT_STARTED|[EXTERNAL]|Workflow:Task
14:46:42.0 (79569147)|WF_RULE_EVAL_BEGIN|Workflow
14:46:42.0 (79598238)|WF_CRITERIA_BEGIN|[Task:  00T6F00005LrSIW]|Update Call Monitor Details|01Q6F0000002Tdt|ON_CREATE_OR_TRIGGERING_UPDATE|0
14:46:42.0 (81778546)|WF_RULE_FILTER|[Task : Monitored By not equal to ]
14:46:42.0 (81796349)|WF_RULE_EVAL_VALUE|
14:46:42.0 (81799963)|WF_CRITERIA_END|false
14:46:42.0 (81810805)|WF_CRITERIA_BEGIN|[Task:  00T6F00005LrSIW]|Update_Callback_Request_Due_Date3016F0000005i0e|01Q6F0000019gyq|ON_CREATE_ONLY|0
14:46:42.0 (81906789)|WF_FORMULA|Formula:ENCODED:[treatNullAsNull]true|Values:
14:46:42.0 (81913856)|WF_CRITERIA_END|true
14:46:42.0 (82623944)|WF_CRITERIA_BEGIN|[Task:  00T6F00005LrSIW]|Call Back Request From LinX|01Q6F000001EY2L|ON_CREATE_OR_TRIGGERING_UPDATE|0
14:46:42.0 (82680431)|WF_RULE_FILTER|[Task : Subject equals Callback Request]
14:46:42.0 (82695009)|WF_RULE_EVAL_VALUE|Outbound call to +61418446225
14:46:42.0 (82699397)|WF_CRITERIA_END|false
14:46:42.0 (82706850)|WF_CRITERIA_BEGIN|[Task:  00T6F00005LrSIW]|Call_Monitor3016F00000054R3|01Q6F000000oOu7|ON_ALL_CHANGES|0
14:46:42.0 (82747286)|WF_FORMULA|Formula:ENCODED:[treatNullAsNull]true|Values:
14:46:42.0 (82752658)|WF_CRITERIA_END|true
14:46:42.0 (82765948)|WF_SPOOL_ACTION_BEGIN|Workflow
14:46:42.0 (82787985)|WF_ACTION| Flow Trigger: 2;
14:46:42.0 (82793268)|WF_RULE_EVAL_END
14:46:42.0 (82847122)|WF_FLOW_ACTION_BEGIN|09L6F000000PWtL
14:46:42.84 (84165792)|FLOW_CREATE_INTERVIEW_BEGIN|00D90000000IJSa|3006F00000091km|3016F0000005i0e
14:46:42.84 (84790571)|FLOW_CREATE_INTERVIEW_END|98071a3e8fbd40da915a13b3403216830e89f72-3869|Update Callback Request Due Date
14:46:42.85 (85115305)|FLOW_START_INTERVIEWS_BEGIN|1
14:46:42.85 (85133838)|FLOW_START_INTERVIEW_BEGIN|98071a3e8fbd40da915a13b3403216830e89f72-3869|Update Callback Request Due Date
14:46:42.85 (87018346)|FLOW_START_INTERVIEW_END|98071a3e8fbd40da915a13b3403216830e89f72-3869|Update Callback Request Due Date
14:46:42.85 (87035216)|FLOW_START_INTERVIEWS_END|1
14:46:42.0 (88462287)|WF_FLOW_ACTION_END|09L6F000000PWtL
14:46:42.0 (88483483)|WF_FLOW_ACTION_BEGIN|09L6F000000PGTV
14:46:42.89 (89486298)|FLOW_CREATE_INTERVIEW_BEGIN|00D90000000IJSa|3006F0000008usA|3016F00000054R3
14:46:42.89 (90037466)|FLOW_CREATE_INTERVIEW_END|98081a3e8fbd40da915a13b3403216830e89f72-3868|Call Monitoring
14:46:42.90 (90260573)|FLOW_START_INTERVIEWS_BEGIN|1
14:46:42.90 (90275747)|FLOW_START_INTERVIEW_BEGIN|98081a3e8fbd40da915a13b3403216830e89f72-3868|Call Monitoring
14:46:42.90 (91940490)|FLOW_START_INTERVIEW_END|98081a3e8fbd40da915a13b3403216830e89f72-3868|Call Monitoring
14:46:42.90 (91956485)|FLOW_START_INTERVIEWS_END|1
14:46:42.0 (92525866)|WF_FLOW_ACTION_END|09L6F000000PGTV
14:46:42.0 (92621751)|WF_ACTIONS_END| Flow Trigger: 2;
14:46:42.0 (92631292)|CODE_UNIT_FINISHED|Workflow:Task
14:46:42.0 (113024932)|CODE_UNIT_FINISHED|TRIGGERS
14:46:42.0 (113039893)|EXECUTION_FINISHED
