36.0 APEX_CODE,FINEST;APEX_PROFILING,INFO;CALLOUT,INFO;DB,INFO;NBA,INFO;SYSTEM,DEBUG;VALIDATION,INFO;VISUALFORCE,INFO;WAVE,INFO;WORKFLOW,INFO
14:48:54.0 (135320)|USER_INFO|[EXTERNAL]|00590000000Vmmq|ben@bjbglobal.com.au|Australian Eastern Standard Time|GMT+10:00
14:48:54.0 (186327)|EXECUTION_STARTED
14:48:54.0 (193251)|CODE_UNIT_STARTED|[EXTERNAL]|TRIGGERS
14:48:54.0 (239112)|CODE_UNIT_STARTED|[EXTERNAL]|01q6F000001IGJa|LinkCaseCallstoContact on Task trigger event BeforeInsert|__sfdc_trigger/LinkCaseCallstoContact
14:48:54.0 (320872)|HEAP_ALLOCATE|[EXTERNAL]|Bytes:8
14:48:54.0 (1047472)|HEAP_ALLOCATE|[72]|Bytes:3
14:48:54.0 (1098369)|HEAP_ALLOCATE|[77]|Bytes:152
14:48:54.0 (1117841)|HEAP_ALLOCATE|[342]|Bytes:408
14:48:54.0 (1140226)|HEAP_ALLOCATE|[355]|Bytes:408
14:48:54.0 (1160014)|HEAP_ALLOCATE|[467]|Bytes:48
14:48:54.0 (1195398)|HEAP_ALLOCATE|[139]|Bytes:6
14:48:54.0 (1215329)|HEAP_ALLOCATE|[EXTERNAL]|Bytes:6
14:48:54.0 (1225136)|HEAP_ALLOCATE|[EXTERNAL]|Bytes:4
14:48:54.0 (1235472)|VARIABLE_SCOPE_BEGIN|[1]|this|LinkCaseCallstoContact|true|false
14:48:54.0 (1289996)|VARIABLE_ASSIGNMENT|[1]|this|{}|0x9f757a1
14:48:54.0 (1361211)|HEAP_ALLOCATE|[EXTERNAL]|Bytes:4
14:48:54.0 (1371755)|VARIABLE_SCOPE_BEGIN|[1]|this|LinkCaseCallstoContact|true|false
14:48:54.0 (1392361)|VARIABLE_ASSIGNMENT|[1]|this|{}|0x9f757a1
14:48:54.0 (1403544)|STATEMENT_EXECUTE|[1]
14:48:54.0 (1438609)|HEAP_ALLOCATE|[50]|Bytes:5
14:48:54.0 (1465297)|HEAP_ALLOCATE|[56]|Bytes:5
14:48:54.0 (1476728)|HEAP_ALLOCATE|[64]|Bytes:7
14:48:54.0 (1943945)|HEAP_ALLOCATE|[2]|Bytes:5
14:48:54.0 (1993669)|HEAP_ALLOCATE|[2]|Bytes:4
14:48:54.0 (2007879)|VARIABLE_SCOPE_BEGIN|[2]|tsk|Task|true|false
14:48:54.0 (13364568)|VARIABLE_ASSIGNMENT|[2]|tsk|{"CallType":"Outbound","IsHighPriority":false,"IsClosed":false,"NVMStatsSF__NVM_Agent__c":"9","Is_Mobile_Number__c":false,"OwnerId":"0056F000008kgZgQAI","IsToday__c":false,"IsReminderSet":false,"Status":"Completed","IsDeleted":false,"WhoId":"0036F00002DFeMtQAL","NVMContactWorld__CW_Call_Start_Time__c":"2019-01-09T04:48:54.000Z","ActivityDate":"2019-01-09T00:00:00.000Z","Priority":"Normal","IsVisibleInSelfService":false,"NVMContactWorld__Was_Call_Recorded__c":false,"CurrencyIsoCode":"AUD","IsRecurrence":false,"Subject":"Outbound call to +61 (9 more) ...","IsArchived":false,"CallObject":"016830f1-1a3d-172b-c (16 more) ...","NVMContactWorld__Customer_Number__c":"+61754331411","NVMContactWorld__ContactWorld_Number__c":"61731530806","Day_of_the_Week__c":"Wednesday","Call_Duration_min__c":0.00,"Call_Monitored__c":false}|0xa9906e3
14:48:54.0 (13399695)|STATEMENT_EXECUTE|[2]
14:48:54.0 (13446432)|STATEMENT_EXECUTE|[4]
14:48:54.0 (13508789)|HEAP_ALLOCATE|[2]|Bytes:5
14:48:54.0 (13544097)|VARIABLE_ASSIGNMENT|[2]|tsk|null|
14:48:54.13 (13559442)|CUMULATIVE_LIMIT_USAGE
14:48:54.13 (13559442)|LIMIT_USAGE_FOR_NS|(default)|
  Number of SOQL queries: 0 out of 100
  Number of query rows: 0 out of 50000
  Number of SOSL queries: 0 out of 20
  Number of DML statements: 0 out of 150
  Number of DML rows: 0 out of 10000
  Maximum CPU time: 0 out of 10000
  Maximum heap size: 0 out of 6000000
  Number of callouts: 0 out of 100
  Number of Email Invocations: 0 out of 10
  Number of future calls: 0 out of 50
  Number of queueable jobs added to the queue: 0 out of 50
  Number of Mobile Apex push calls: 0 out of 10

14:48:54.13 (13559442)|CUMULATIVE_LIMIT_USAGE_END

14:48:54.0 (14628361)|CODE_UNIT_FINISHED|LinkCaseCallstoContact on Task trigger event BeforeInsert|__sfdc_trigger/LinkCaseCallstoContact
14:48:54.0 (16856242)|CODE_UNIT_STARTED|[EXTERNAL]|01q6F000001IKsI|TaskTrigger on Task trigger event BeforeInsert|__sfdc_trigger/TaskTrigger
14:48:54.0 (16950668)|HEAP_ALLOCATE|[EXTERNAL]|Bytes:8
14:48:54.0 (17089490)|HEAP_ALLOCATE|[EXTERNAL]|Bytes:4
14:48:54.0 (17111949)|VARIABLE_SCOPE_BEGIN|[5]|this|TaskTrigger|true|false
14:48:54.0 (17188907)|VARIABLE_ASSIGNMENT|[5]|this|{}|0x12092112
14:48:54.0 (17283885)|HEAP_ALLOCATE|[EXTERNAL]|Bytes:4
14:48:54.0 (17297638)|VARIABLE_SCOPE_BEGIN|[5]|this|TaskTrigger|true|false
14:48:54.0 (17336099)|VARIABLE_ASSIGNMENT|[5]|this|{}|0x12092112
14:48:54.0 (17353531)|STATEMENT_EXECUTE|[5]
14:48:54.0 (17403235)|STATEMENT_EXECUTE|[6]
14:48:54.0 (17406039)|STATEMENT_EXECUTE|[7]
14:48:54.0 (17696258)|VARIABLE_SCOPE_BEGIN|[2]|TaskHelper.TASK_STATUS|String|false|true
14:48:54.0 (17713150)|VARIABLE_SCOPE_BEGIN|[3]|TaskHelper.TASK_SUBJECT|String|false|true
14:48:54.0 (17726400)|VARIABLE_SCOPE_BEGIN|[4]|TaskHelper.TASK_TYPE|String|false|true
14:48:54.0 (17836254)|HEAP_ALLOCATE|[7]|Bytes:4
14:48:54.0 (17851202)|HEAP_ALLOCATE|[7]|Bytes:2
14:48:54.0 (17875608)|METHOD_ENTRY|[1]|01p6F000009rWtF|TaskHelper.TaskHelper()
14:48:54.0 (17884356)|STATEMENT_EXECUTE|[1]
14:48:54.0 (17889049)|STATEMENT_EXECUTE|[1]
14:48:54.0 (17891839)|STATEMENT_EXECUTE|[2]
14:48:54.0 (17907428)|HEAP_ALLOCATE|[2]|Bytes:9
14:48:54.0 (17942987)|VARIABLE_ASSIGNMENT|[2]|TaskHelper.TASK_STATUS|"Completed"
14:48:54.0 (17951060)|STATEMENT_EXECUTE|[3]
14:48:54.0 (17961918)|HEAP_ALLOCATE|[3]|Bytes:16
14:48:54.0 (17974916)|VARIABLE_ASSIGNMENT|[3]|TaskHelper.TASK_SUBJECT|"Outbound call to"
14:48:54.0 (17982196)|STATEMENT_EXECUTE|[4]
14:48:54.0 (18002875)|HEAP_ALLOCATE|[4]|Bytes:8
14:48:54.0 (18017997)|VARIABLE_ASSIGNMENT|[4]|TaskHelper.TASK_TYPE|"Outbound"
14:48:54.0 (18032756)|METHOD_EXIT|[1]|TaskHelper
14:48:54.0 (18045929)|HEAP_ALLOCATE|[7]|Bytes:4
14:48:54.0 (18068802)|CONSTRUCTOR_ENTRY|[7]|01p6F000009rWtF|<init>()|TaskHelper
14:48:54.0 (18109703)|VARIABLE_SCOPE_BEGIN|[1]|this|TaskHelper|true|false
14:48:54.0 (18143629)|VARIABLE_ASSIGNMENT|[1]|this|{}|0x5de6f637
14:48:54.0 (18160923)|HEAP_ALLOCATE|[EXTERNAL]|Bytes:6
14:48:54.0 (18219146)|STATEMENT_EXECUTE|[1]
14:48:54.0 (18227810)|CONSTRUCTOR_EXIT|[7]|01p6F000009rWtF|<init>()|TaskHelper
14:48:54.0 (18241194)|VARIABLE_SCOPE_BEGIN|[7]|helper|TaskHelper|true|false
14:48:54.0 (18263246)|VARIABLE_ASSIGNMENT|[7]|helper|{}|0x5de6f637
14:48:54.0 (18272174)|STATEMENT_EXECUTE|[8]
14:48:54.0 (18352860)|METHOD_ENTRY|[8]|01p6F000009rWtF|TaskHelper.setupContactToReurnCallTasks(List<Task>)
14:48:54.0 (18385630)|VARIABLE_SCOPE_BEGIN|[11]|this|TaskHelper|true|false
14:48:54.0 (18406409)|VARIABLE_ASSIGNMENT|[11]|this|{}|0x5de6f637
14:48:54.0 (18420807)|VARIABLE_SCOPE_BEGIN|[11]|newTasks|List<Task>|true|false
14:48:54.0 (20931816)|VARIABLE_ASSIGNMENT|[11]|newTasks|[{"CallType":"Outbound","IsHighPriority":false,"IsClosed":false,"NVMStatsSF__NVM_Agent__c":"9","Is_Mobile_Number__c":false,"OwnerId":"0056F000008kgZgQAI","IsToday__c":false,"IsReminderSet":false,"Status":"Completed","IsDeleted":false,"WhoId":"0036F00002DFeMtQAL","NVMContactWorld__CW_Call_Start_Time__c":"2019-01-09T04:48:54.000Z","ActivityDate":"2019-01-09T00:00:00.000Z","Priority":"Normal","IsVisibleInSelfService":false,"NVMContactWorld__Was_Call_Recorded__c":false,"CurrencyIsoCode":"AUD","IsRecurrence":false,"Subject":"Outbound call to +61 (9 more) ...","IsArchived":false,"CallObject":"016830f1-1a3d-172b-c (16 more) ...","NVMContactWorld__Customer_Number__c":"+61754331411","NVMContactWorld__ContactWorld_Number__c":"61731530806","Day_of_the_Week__c":"Wednesday","Call_Duration_min__c":0.00,"Call_Monitored__c":false}]|0x1e8d998e
14:48:54.0 (20982348)|STATEMENT_EXECUTE|[11]
14:48:54.0 (20986311)|STATEMENT_EXECUTE|[12]
14:48:54.0 (21040525)|HEAP_ALLOCATE|[12]|Bytes:4
14:48:54.0 (21127739)|VARIABLE_SCOPE_BEGIN|[12]|voicemailIds|List<Id>|true|false
14:48:54.0 (21189059)|HEAP_ALLOCATE|[EXTERNAL]|Bytes:4
14:48:54.0 (21209757)|VARIABLE_ASSIGNMENT|[12]|voicemailIds|[]|0x45d73afc
14:48:54.0 (21220201)|STATEMENT_EXECUTE|[13]
14:48:54.0 (21256423)|HEAP_ALLOCATE|[13]|Bytes:4
14:48:54.0 (21279793)|VARIABLE_SCOPE_BEGIN|[13]|contactIds|Map<Id,Id>|true|false
14:48:54.0 (21310741)|VARIABLE_ASSIGNMENT|[13]|contactIds|{}|0x2f6a3b3f
14:48:54.0 (21322006)|STATEMENT_EXECUTE|[14]
14:48:54.0 (21343016)|HEAP_ALLOCATE|[14]|Bytes:4
14:48:54.0 (21376228)|VARIABLE_SCOPE_BEGIN|[14]|results|List<Task>|true|false
14:48:54.0 (21393568)|HEAP_ALLOCATE|[EXTERNAL]|Bytes:4
14:48:54.0 (21406367)|VARIABLE_ASSIGNMENT|[14]|results|[]|0x62463249
14:48:54.0 (21491748)|HEAP_ALLOCATE|[16]|Bytes:5
14:48:54.0 (21525030)|HEAP_ALLOCATE|[16]|Bytes:4
14:48:54.0 (21542770)|VARIABLE_SCOPE_BEGIN|[16]|item|Task|true|false
14:48:54.0 (23406996)|VARIABLE_ASSIGNMENT|[16]|item|{"CallType":"Outbound","IsHighPriority":false,"IsClosed":false,"NVMStatsSF__NVM_Agent__c":"9","Is_Mobile_Number__c":false,"OwnerId":"0056F000008kgZgQAI","IsToday__c":false,"IsReminderSet":false,"Status":"Completed","IsDeleted":false,"WhoId":"0036F00002DFeMtQAL","NVMContactWorld__CW_Call_Start_Time__c":"2019-01-09T04:48:54.000Z","ActivityDate":"2019-01-09T00:00:00.000Z","Priority":"Normal","IsVisibleInSelfService":false,"NVMContactWorld__Was_Call_Recorded__c":false,"CurrencyIsoCode":"AUD","IsRecurrence":false,"Subject":"Outbound call to +61 (9 more) ...","IsArchived":false,"CallObject":"016830f1-1a3d-172b-c (16 more) ...","NVMContactWorld__Customer_Number__c":"+61754331411","NVMContactWorld__ContactWorld_Number__c":"61731530806","Day_of_the_Week__c":"Wednesday","Call_Duration_min__c":0.00,"Call_Monitored__c":false}|0xa9906e3
14:48:54.0 (23445307)|STATEMENT_EXECUTE|[16]
14:48:54.0 (23678135)|STATEMENT_EXECUTE|[17]
14:48:54.0 (23710330)|HEAP_ALLOCATE|[16]|Bytes:5
14:48:54.0 (23734564)|VARIABLE_ASSIGNMENT|[16]|item|null|
14:48:54.0 (23741253)|STATEMENT_EXECUTE|[28]
14:48:54.0 (23750231)|HEAP_ALLOCATE|[28]|Bytes:72
14:48:54.0 (23775150)|HEAP_ALLOCATE|[28]|Bytes:4
14:48:54.0 (23792618)|HEAP_ALLOCATE|[28]|Bytes:7
14:48:54.0 (24836837)|SOQL_EXECUTE_BEGIN|[28]|Aggregations:0|SELECT Id, Account__c, Contact__c FROM Voicemail__c WHERE id IN :tmpVar1
14:48:54.0 (27904008)|SOQL_EXECUTE_END|[28]|Rows:0
14:48:54.0 (27941717)|HEAP_ALLOCATE|[28]|Bytes:4
14:48:54.0 (27956472)|HEAP_ALLOCATE|[28]|Bytes:0
14:48:54.0 (28031889)|HEAP_ALLOCATE|[28]|Bytes:4
14:48:54.0 (28054657)|VARIABLE_SCOPE_BEGIN|[28]|voicemails|List<Voicemail__c>|true|false
14:48:54.0 (28081805)|VARIABLE_ASSIGNMENT|[28]|voicemails|[]|0x29ce7922
14:48:54.0 (28308853)|HEAP_ALLOCATE|[29]|Bytes:5
14:48:54.0 (28333538)|VARIABLE_ASSIGNMENT|[29]|item|null|
14:48:54.0 (28340677)|STATEMENT_EXECUTE|[29]
14:48:54.0 (28387576)|HEAP_ALLOCATE|[34]|Bytes:5
14:48:54.0 (28405411)|HEAP_ALLOCATE|[34]|Bytes:4
14:48:54.0 (28415414)|VARIABLE_SCOPE_BEGIN|[34]|item|Task|true|false
14:48:54.0 (29649213)|VARIABLE_ASSIGNMENT|[34]|item|{"CallType":"Outbound","IsHighPriority":false,"IsClosed":false,"NVMStatsSF__NVM_Agent__c":"9","Is_Mobile_Number__c":false,"OwnerId":"0056F000008kgZgQAI","IsToday__c":false,"IsReminderSet":false,"Status":"Completed","IsDeleted":false,"WhoId":"0036F00002DFeMtQAL","NVMContactWorld__CW_Call_Start_Time__c":"2019-01-09T04:48:54.000Z","ActivityDate":"2019-01-09T00:00:00.000Z","Priority":"Normal","IsVisibleInSelfService":false,"NVMContactWorld__Was_Call_Recorded__c":false,"CurrencyIsoCode":"AUD","IsRecurrence":false,"Subject":"Outbound call to +61 (9 more) ...","IsArchived":false,"CallObject":"016830f1-1a3d-172b-c (16 more) ...","NVMContactWorld__Customer_Number__c":"+61754331411","NVMContactWorld__ContactWorld_Number__c":"61731530806","Day_of_the_Week__c":"Wednesday","Call_Duration_min__c":0.00,"Call_Monitored__c":false}|0xa9906e3
14:48:54.0 (29675784)|STATEMENT_EXECUTE|[34]
14:48:54.0 (29679421)|STATEMENT_EXECUTE|[35]
14:48:54.0 (30662868)|VARIABLE_ASSIGNMENT|[35]|this.WhoId|null|0xa9906e3
14:48:54.0 (30695831)|HEAP_ALLOCATE|[34]|Bytes:5
14:48:54.0 (30716726)|VARIABLE_ASSIGNMENT|[34]|item|null|
14:48:54.0 (30735422)|METHOD_EXIT|[8]|01p6F000009rWtF|TaskHelper.setupContactToReurnCallTasks(List<Task>)
14:48:54.30 (30750847)|CUMULATIVE_LIMIT_USAGE
14:48:54.30 (30750847)|LIMIT_USAGE_FOR_NS|(default)|
  Number of SOQL queries: 1 out of 100
  Number of query rows: 0 out of 50000
  Number of SOSL queries: 0 out of 20
  Number of DML statements: 0 out of 150
  Number of DML rows: 0 out of 10000
  Maximum CPU time: 0 out of 10000
  Maximum heap size: 0 out of 6000000
  Number of callouts: 0 out of 100
  Number of Email Invocations: 0 out of 10
  Number of future calls: 0 out of 50
  Number of queueable jobs added to the queue: 0 out of 50
  Number of Mobile Apex push calls: 0 out of 10

14:48:54.30 (30750847)|CUMULATIVE_LIMIT_USAGE_END

14:48:54.0 (32318012)|CODE_UNIT_FINISHED|TaskTrigger on Task trigger event BeforeInsert|__sfdc_trigger/TaskTrigger
14:48:54.0 (36911503)|CODE_UNIT_STARTED|[EXTERNAL]|Validation:Task:new
14:48:54.0 (36933646)|VALIDATION_RULE|03d6F000000qFaO|Finish_all_call_monitor_field
14:48:54.0 (37419995)|VALIDATION_FORMULA|AND(!ISBLANK(Monitored_By__c),
    OR(ISBLANK( TEXT(CM_advised_what_will_happen_next__c)),
       ISBLANK( TEXT(Allow_customer_to_present_concerns__c) ),
       ISBLANK( TEXT(Communication_is_clear_positive_confiden__c) ),
       ISBLANK( TEXT(Demonstrate_active_listening__c )),
       ISBLANK( TEXT(Gave_correct_answers_and_infomations__c) ),
       ISBLANK( TEXT(Mirrors_clients_talking_behaviour__c) ) ))|CM_advised_what_will_happen_next__c=null , Demonstrate_active_listening__c=null , Communication_is_clear_positive_confiden__c=null , Allow_customer_to_present_concerns__c=null , Gave_correct_answers_and_infomations__c=null , Mirrors_clients_talking_behaviour__c=null , Monitored_By__c=null
14:48:54.0 (37438949)|VALIDATION_PASS
14:48:54.0 (37441778)|VALIDATION_RULE|03d900000009JbB|Interac_Quality_Must_Be_Between_1_and_10
14:48:54.0 (37532234)|VALIDATION_FORMULA|NVMContactWorld__InteractionQuality__c < 1  &#124;&#124;  NVMContactWorld__InteractionQuality__c > 10|NVMContactWorld__InteractionQuality__c=null
14:48:54.0 (37543019)|VALIDATION_PASS
14:48:54.0 (37758320)|CODE_UNIT_FINISHED|Validation:Task:new
14:48:54.0 (76078701)|CODE_UNIT_STARTED|[EXTERNAL]|Workflow:Task
14:48:54.0 (86181472)|WF_RULE_EVAL_BEGIN|Workflow
14:48:54.0 (86229238)|WF_CRITERIA_BEGIN|[Task:  00T6F00005LrSS2]|Update Call Monitor Details|01Q6F0000002Tdt|ON_CREATE_OR_TRIGGERING_UPDATE|0
14:48:54.0 (89431738)|WF_RULE_FILTER|[Task : Monitored By not equal to ]
14:48:54.0 (89454507)|WF_RULE_EVAL_VALUE|
14:48:54.0 (89458859)|WF_CRITERIA_END|false
14:48:54.0 (89477407)|WF_CRITERIA_BEGIN|[Task:  00T6F00005LrSS2]|Update_Callback_Request_Due_Date3016F0000005i0e|01Q6F0000019gyq|ON_CREATE_ONLY|0
14:48:54.0 (89618365)|WF_FORMULA|Formula:ENCODED:[treatNullAsNull]true|Values:
14:48:54.0 (89626058)|WF_CRITERIA_END|true
14:48:54.0 (90538289)|WF_CRITERIA_BEGIN|[Task:  00T6F00005LrSS2]|Call Back Request From LinX|01Q6F000001EY2L|ON_CREATE_OR_TRIGGERING_UPDATE|0
14:48:54.0 (90727727)|WF_RULE_FILTER|[Task : Subject equals Callback Request]
14:48:54.0 (90764608)|WF_RULE_EVAL_VALUE|Outbound call to +61754331411
14:48:54.0 (90773294)|WF_CRITERIA_END|false
14:48:54.0 (90796715)|WF_CRITERIA_BEGIN|[Task:  00T6F00005LrSS2]|Call_Monitor3016F00000054R3|01Q6F000000oOu7|ON_ALL_CHANGES|0
14:48:54.0 (90881825)|WF_FORMULA|Formula:ENCODED:[treatNullAsNull]true|Values:
14:48:54.0 (90888602)|WF_CRITERIA_END|true
14:48:54.0 (90917594)|WF_SPOOL_ACTION_BEGIN|Workflow
14:48:54.0 (90953685)|WF_ACTION| Flow Trigger: 2;
14:48:54.0 (90959453)|WF_RULE_EVAL_END
14:48:54.0 (91047478)|WF_FLOW_ACTION_BEGIN|09L6F000000PWtL
14:48:54.92 (92596213)|FLOW_CREATE_INTERVIEW_BEGIN|00D90000000IJSa|3006F00000091km|3016F0000005i0e
14:48:54.92 (93582466)|FLOW_CREATE_INTERVIEW_END|1851f40b51764c3bb18a16566ee416830e40b89-698d|Update Callback Request Due Date
14:48:54.94 (94123930)|FLOW_START_INTERVIEWS_BEGIN|1
14:48:54.94 (94150342)|FLOW_START_INTERVIEW_BEGIN|1851f40b51764c3bb18a16566ee416830e40b89-698d|Update Callback Request Due Date
14:48:54.94 (97179102)|FLOW_START_INTERVIEW_END|1851f40b51764c3bb18a16566ee416830e40b89-698d|Update Callback Request Due Date
14:48:54.94 (97200526)|FLOW_START_INTERVIEWS_END|1
14:48:54.0 (97978996)|WF_FLOW_ACTION_END|09L6F000000PWtL
14:48:54.0 (98015622)|WF_FLOW_ACTION_BEGIN|09L6F000000PGTV
14:48:54.99 (99421175)|FLOW_CREATE_INTERVIEW_BEGIN|00D90000000IJSa|3006F0000008usA|3016F00000054R3
14:48:54.99 (100164888)|FLOW_CREATE_INTERVIEW_END|1852f40b51764c3bb18a16566ee416830e40b89-698e|Call Monitoring
14:48:54.100 (100599987)|FLOW_START_INTERVIEWS_BEGIN|1
14:48:54.100 (100637913)|FLOW_START_INTERVIEW_BEGIN|1852f40b51764c3bb18a16566ee416830e40b89-698e|Call Monitoring
14:48:54.100 (103884090)|FLOW_START_INTERVIEW_END|1852f40b51764c3bb18a16566ee416830e40b89-698e|Call Monitoring
14:48:54.100 (103915266)|FLOW_START_INTERVIEWS_END|1
14:48:54.0 (104539655)|WF_FLOW_ACTION_END|09L6F000000PGTV
14:48:54.0 (104657496)|WF_ACTIONS_END| Flow Trigger: 2;
14:48:54.0 (104668851)|CODE_UNIT_FINISHED|Workflow:Task
14:48:54.0 (123566723)|CODE_UNIT_FINISHED|TRIGGERS
14:48:54.0 (123582618)|EXECUTION_FINISHED
