37.0 APEX_CODE,FINEST;APEX_PROFILING,INFO;CALLOUT,INFO;DB,INFO;NBA,INFO;SYSTEM,DEBUG;VALIDATION,INFO;VISUALFORCE,INFO;WAVE,INFO;WORKFLOW,INFO
14:51:27.11 (11844353)|ENTERING_MANAGED_PKG|Centify
14:51:27.11 (14683325)|ENTERING_MANAGED_PKG|Centify
14:51:27.11 (22483165)|ENTERING_MANAGED_PKG|Centify
14:51:27.11 (22824376)|ENTERING_MANAGED_PKG|Centify
14:51:27.11 (22907082)|ENTERING_MANAGED_PKG|Centify
14:51:27.11 (23027604)|ENTERING_MANAGED_PKG|Centify
14:51:27.11 (23080404)|ENTERING_MANAGED_PKG|Centify
14:51:27.11 (23185477)|ENTERING_MANAGED_PKG|Centify
14:51:27.11 (23228740)|ENTERING_MANAGED_PKG|Centify
14:51:27.11 (23357111)|ENTERING_MANAGED_PKG|Centify
14:51:27.11 (23456520)|ENTERING_MANAGED_PKG|Centify
14:51:27.11 (29353970)|SOQL_EXECUTE_BEGIN|[19]|Aggregations:0|SELECT Id, OrganizationType FROM Organization LIMIT 1
14:51:27.11 (33314066)|SOQL_EXECUTE_END|[19]|Rows:1
14:51:27.11 (35886178)|ENTERING_MANAGED_PKG|Centify
14:51:27.11 (36017287)|ENTERING_MANAGED_PKG|Centify
14:51:27.11 (36243682)|ENTERING_MANAGED_PKG|Centify
14:51:27.11 (36324196)|ENTERING_MANAGED_PKG|Centify
14:51:27.11 (36786071)|ENTERING_MANAGED_PKG|Centify
14:51:27.11 (36830593)|ENTERING_MANAGED_PKG|Centify
14:51:27.11 (36946437)|ENTERING_MANAGED_PKG|Centify
14:51:27.11 (37016683)|ENTERING_MANAGED_PKG|Centify
14:51:27.11 (38654667)|SOQL_EXECUTE_BEGIN|[95]|Aggregations:0|SELECT MAX(Last_Sync_Time__c) maxDT FROM Salesforce_Sync_Settings__c
14:51:27.11 (41649732)|SOQL_EXECUTE_END|[95]|Rows:1
14:51:27.11 (42205540)|ENTERING_MANAGED_PKG|Centify
14:51:27.11 (42297522)|ENTERING_MANAGED_PKG|Centify
14:51:27.11 (48441751)|ENTERING_MANAGED_PKG|Centify
14:51:27.11 (48579794)|ENTERING_MANAGED_PKG|Centify
14:51:27.11 (53465649)|SOQL_EXECUTE_BEGIN|[84]|Aggregations:0|SELECT COUNT() FROM Notification__c WHERE ((Number_Of_Attempts__c = NULL OR Number_Of_Attempts__c < :tmpVar1) AND (CreatedDate = TODAY OR LastModifiedDate = TODAY)) LIMIT 25000
14:51:27.11 (71001564)|SOQL_EXECUTE_END|[84]|Rows:0
14:51:27.11 (71155122)|ENTERING_MANAGED_PKG|Centify
14:51:27.11 (71257952)|ENTERING_MANAGED_PKG|Centify
14:51:27.11 (71468456)|ENTERING_MANAGED_PKG|Centify
14:51:27.11 (71551602)|ENTERING_MANAGED_PKG|Centify
14:51:27.11 (71661781)|ENTERING_MANAGED_PKG|Centify
14:51:27.11 (75935419)|SOQL_EXECUTE_BEGIN|[366]|Aggregations:0|SELECT Id, Label, MasterLabel, DeveloperName, Endpoint__c, TimeOut__c FROM Endpoint_Setting__mdt LIMIT 50
14:51:27.11 (84009918)|SOQL_EXECUTE_END|[366]|Rows:24
14:51:27.11 (86355432)|ENTERING_MANAGED_PKG|Centify
14:51:27.11 (86456712)|ENTERING_MANAGED_PKG|Centify
14:51:27.11 (88623639)|ENTERING_MANAGED_PKG|Centify
14:51:27.11 (88689252)|ENTERING_MANAGED_PKG|Centify
14:51:27.11 (93027442)|ENTERING_MANAGED_PKG|Centify
14:51:27.11 (97267346)|ENTERING_MANAGED_PKG|Centify
14:51:27.11 (97384631)|ENTERING_MANAGED_PKG|Centify
14:51:27.11 (97459696)|ENTERING_MANAGED_PKG|Centify
14:51:27.11 (98570896)|ENTERING_MANAGED_PKG|Centify
14:51:27.11 (98688292)|ENTERING_MANAGED_PKG|Centify
14:51:27.11 (98776928)|ENTERING_MANAGED_PKG|Centify
14:51:27.11 (105970953)|ENTERING_MANAGED_PKG|Centify
14:51:27.11 (106104751)|ENTERING_MANAGED_PKG|Centify
14:51:27.11 (106208034)|ENTERING_MANAGED_PKG|Centify
14:51:27.11 (106291571)|ENTERING_MANAGED_PKG|Centify
14:51:27.11 (106427194)|ENTERING_MANAGED_PKG|Centify
14:51:27.11 (110306774)|ENTERING_MANAGED_PKG|Centify
14:51:27.11 (110494451)|ENTERING_MANAGED_PKG|Centify
14:51:27.11 (111732343)|ENTERING_MANAGED_PKG|Centify
14:51:27.11 (475519996)|ENTERING_MANAGED_PKG|Centify
14:51:27.512 (512002622)|CUMULATIVE_LIMIT_USAGE
14:51:27.512 (512002622)|LIMIT_USAGE_FOR_NS|(default)|
  Number of SOQL queries: 0 out of 200
  Number of query rows: 0 out of 50000
  Number of SOSL queries: 0 out of 20
  Number of DML statements: 0 out of 150
  Number of DML rows: 0 out of 10000
  Maximum CPU time: 0 out of 60000
  Maximum heap size: 0 out of 12000000
  Number of callouts: 0 out of 0
  Number of Email Invocations: 0 out of 10
  Number of future calls: 0 out of 0
  Number of queueable jobs added to the queue: 0 out of 1
  Number of Mobile Apex push calls: 0 out of 10

14:51:27.512 (512002622)|LIMIT_USAGE_FOR_NS|Centify|
  Number of SOQL queries: 0 out of 200
  Number of query rows: 0 out of 50000
  Number of SOSL queries: 0 out of 20
  Number of DML statements: 0 out of 150
  Number of DML rows: 0 out of 10000
  Maximum CPU time: 0 out of 60000
  Maximum heap size: 0 out of 12000000
  Number of callouts: 0 out of 0
  Number of Email Invocations: 0 out of 10
  Number of future calls: 0 out of 0
  Number of queueable jobs added to the queue: 0 out of 1
  Number of Mobile Apex push calls: 0 out of 10

14:51:27.512 (512002622)|CUMULATIVE_LIMIT_USAGE_END

1793520)|ENTERING_MANAGED_PKG|Centify
14:51:26.18 (711889781)|ENTERING_MANAGED_PKG|Centify
14:51:26.18 (712010683)|ENTERING_MANAGED_PKG|Centify
14:51:26.18 (712836561)|ENTERING_MANAGED_PKG|Centify
14:51:26.18 (713635031)|SOQL_EXECUTE_BEGIN|[16]|Aggregations:0|select id,lastmodifieddate,isdeleted,isgmt__c,role__c,name,createddate,ownerid,active_clients__c,customer_service_index__c,service_index_in_string__c from CM_Daily_Stats__c where LastModifiedDate >2019-01-08T22:19:41Z AND LastModifiedDate < 2019-01-09T04:51:32Z AND (  isActive__c =true)  ORDER BY SystemModStamp DESC LIMIT 5000  ALL ROWS
14:51:26.18 (723692880)|SOQL_EXECUTE_END|[16]|Rows:0
14:51:26.746 (746065684)|CUMULATIVE_LIMIT_USAGE
14:51:26.746 (746065684)|LIMIT_USAGE_FOR_NS|(default)|
  Number of SOQL queries: 0 out of 200
  Number of query rows: 0 out of 50000
  Number of SOSL queries: 0 out of 20
  Number of DML statements: 0 out of 150
  Number of DML rows: 0 out of 10000
  Maximum CPU time: 0 out of 60000
  Maximum heap size: 0 out of 12000000
  Number of callouts: 0 out of 0
  Number of Email Invocations: 0 out of 10
  Number of future calls: 0 out of 0
  Number of queueable jobs added to the queue: 0 out of 1
  Number of Mobile Apex push calls: 0 out of 10

14:51:26.746 (746065684)|LIMIT_USAGE_FOR_NS|Centify|
  Number of SOQL queries: 0 out of 200
  Number of query rows: 0 out of 50000
  Number of SOSL queries: 0 out of 20
  Number of DML statements: 0 out of 150
  Number of DML rows: 0 out of 10000
  Maximum CPU time: 0 out of 60000
  Maximum heap size: 0 out of 12000000
  Number of callouts: 0 out of 0
  Number of Email Invocations: 0 out of 10
  Number of future calls: 0 out of 0
  Number of queueable jobs added to the queue: 0 out of 1
  Number of Mobile Apex push calls: 0 out of 10

14:51:26.746 (746065684)|CUMULATIVE_LIMIT_USAGE_END

