36.0 APEX_CODE,FINEST;APEX_PROFILING,INFO;CALLOUT,INFO;DB,INFO;NBA,INFO;SYSTEM,DEBUG;VALIDATION,INFO;VISUALFORCE,INFO;WAVE,INFO;WORKFLOW,INFO
14:40:33.0 (147713)|USER_INFO|[EXTERNAL]|00590000000Vmmq|ben@bjbglobal.com.au|Australian Eastern Standard Time|GMT+10:00
14:40:33.0 (196914)|EXECUTION_STARTED
14:40:33.0 (203048)|CODE_UNIT_STARTED|[EXTERNAL]|TRIGGERS
14:40:33.0 (245525)|CODE_UNIT_STARTED|[EXTERNAL]|01q6F000001IGJa|LinkCaseCallstoContact on Task trigger event BeforeInsert|__sfdc_trigger/LinkCaseCallstoContact
14:40:33.0 (298407)|HEAP_ALLOCATE|[EXTERNAL]|Bytes:8
14:40:33.0 (842170)|HEAP_ALLOCATE|[72]|Bytes:3
14:40:33.0 (891990)|HEAP_ALLOCATE|[77]|Bytes:152
14:40:33.0 (914345)|HEAP_ALLOCATE|[342]|Bytes:408
14:40:33.0 (935682)|HEAP_ALLOCATE|[355]|Bytes:408
14:40:33.0 (955828)|HEAP_ALLOCATE|[467]|Bytes:48
14:40:33.0 (995330)|HEAP_ALLOCATE|[139]|Bytes:6
14:40:33.0 (1019010)|HEAP_ALLOCATE|[EXTERNAL]|Bytes:6
14:40:33.0 (1038855)|HEAP_ALLOCATE|[EXTERNAL]|Bytes:4
14:40:33.0 (1049857)|VARIABLE_SCOPE_BEGIN|[1]|this|LinkCaseCallstoContact|true|false
14:40:33.0 (1102154)|VARIABLE_ASSIGNMENT|[1]|this|{}|0x4d5c382f
14:40:33.0 (1189712)|HEAP_ALLOCATE|[EXTERNAL]|Bytes:4
14:40:33.0 (1201357)|VARIABLE_SCOPE_BEGIN|[1]|this|LinkCaseCallstoContact|true|false
14:40:33.0 (1221607)|VARIABLE_ASSIGNMENT|[1]|this|{}|0x4d5c382f
14:40:33.0 (1232468)|STATEMENT_EXECUTE|[1]
14:40:33.0 (1269828)|HEAP_ALLOCATE|[50]|Bytes:5
14:40:33.0 (1300571)|HEAP_ALLOCATE|[56]|Bytes:5
14:40:33.0 (1315308)|HEAP_ALLOCATE|[64]|Bytes:7
14:40:33.0 (1752253)|HEAP_ALLOCATE|[2]|Bytes:5
14:40:33.0 (1804409)|HEAP_ALLOCATE|[2]|Bytes:4
14:40:33.0 (1823472)|VARIABLE_SCOPE_BEGIN|[2]|tsk|Task|true|false
14:40:33.0 (17494780)|VARIABLE_ASSIGNMENT|[2]|tsk|{"CallType":"Outbound","IsHighPriority":false,"IsClosed":false,"NVMStatsSF__NVM_Agent__c":"76","Is_Mobile_Number__c":false,"OwnerId":"0056F000009LzF1QAK","IsToday__c":false,"IsReminderSet":false,"Status":"Completed","IsDeleted":false,"WhoId":"0036F0000204AYOQA2","NVMContactWorld__CW_Call_Start_Time__c":"2019-01-09T04:40:32.000Z","ActivityDate":"2019-01-09T00:00:00.000Z","Priority":"Normal","IsVisibleInSelfService":false,"NVMContactWorld__Was_Call_Recorded__c":false,"CurrencyIsoCode":"AUD","IsRecurrence":false,"Subject":"Outbound call to +61 (9 more) ...","IsArchived":false,"CallObject":"016830e9-722a-cce9-3 (16 more) ...","NVMContactWorld__Customer_Number__c":"+61755313600","NVMContactWorld__ContactWorld_Number__c":"61731530806","Day_of_the_Week__c":"Wednesday","Call_Duration_min__c":0.00,"Call_Monitored__c":false}|0x2860509c
14:40:33.0 (17525169)|STATEMENT_EXECUTE|[2]
14:40:33.0 (17560845)|STATEMENT_EXECUTE|[4]
14:40:33.0 (17607183)|HEAP_ALLOCATE|[2]|Bytes:5
14:40:33.0 (17635503)|VARIABLE_ASSIGNMENT|[2]|tsk|null|
14:40:33.17 (17647834)|CUMULATIVE_LIMIT_USAGE
14:40:33.17 (17647834)|LIMIT_USAGE_FOR_NS|(default)|
  Number of SOQL queries: 0 out of 100
  Number of query rows: 0 out of 50000
  Number of SOSL queries: 0 out of 20
  Number of DML statements: 0 out of 150
  Number of DML rows: 0 out of 10000
  Maximum CPU time: 0 out of 10000
  Maximum heap size: 0 out of 6000000
  Number of callouts: 0 out of 100
  Number of Email Invocations: 0 out of 10
  Number of future calls: 0 out of 50
  Number of queueable jobs added to the queue: 0 out of 50
  Number of Mobile Apex push calls: 0 out of 10

14:40:33.17 (17647834)|CUMULATIVE_LIMIT_USAGE_END

14:40:33.0 (18872412)|CODE_UNIT_FINISHED|LinkCaseCallstoContact on Task trigger event BeforeInsert|__sfdc_trigger/LinkCaseCallstoContact
14:40:33.0 (22936995)|CODE_UNIT_STARTED|[EXTERNAL]|01q6F000001IKsI|TaskTrigger on Task trigger event BeforeInsert|__sfdc_trigger/TaskTrigger
14:40:33.0 (22991678)|HEAP_ALLOCATE|[EXTERNAL]|Bytes:8
14:40:33.0 (23094001)|HEAP_ALLOCATE|[EXTERNAL]|Bytes:4
14:40:33.0 (23106708)|VARIABLE_SCOPE_BEGIN|[5]|this|TaskTrigger|true|false
14:40:33.0 (23142446)|VARIABLE_ASSIGNMENT|[5]|this|{}|0x225b3a52
14:40:33.0 (23205720)|HEAP_ALLOCATE|[EXTERNAL]|Bytes:4
14:40:33.0 (23214857)|VARIABLE_SCOPE_BEGIN|[5]|this|TaskTrigger|true|false
14:40:33.0 (23228229)|VARIABLE_ASSIGNMENT|[5]|this|{}|0x225b3a52
14:40:33.0 (23235540)|STATEMENT_EXECUTE|[5]
14:40:33.0 (23263417)|STATEMENT_EXECUTE|[6]
14:40:33.0 (23266352)|STATEMENT_EXECUTE|[7]
14:40:33.0 (26028670)|VARIABLE_SCOPE_BEGIN|[2]|TaskHelper.TASK_STATUS|String|false|true
14:40:33.0 (26046022)|VARIABLE_SCOPE_BEGIN|[3]|TaskHelper.TASK_SUBJECT|String|false|true
14:40:33.0 (26053967)|VARIABLE_SCOPE_BEGIN|[4]|TaskHelper.TASK_TYPE|String|false|true
14:40:33.0 (26108804)|HEAP_ALLOCATE|[7]|Bytes:4
14:40:33.0 (26119483)|HEAP_ALLOCATE|[7]|Bytes:2
14:40:33.0 (26144507)|METHOD_ENTRY|[1]|01p6F000009rWtF|TaskHelper.TaskHelper()
14:40:33.0 (26153645)|STATEMENT_EXECUTE|[1]
14:40:33.0 (26158368)|STATEMENT_EXECUTE|[1]
14:40:33.0 (26160935)|STATEMENT_EXECUTE|[2]
14:40:33.0 (26173344)|HEAP_ALLOCATE|[2]|Bytes:9
14:40:33.0 (26193729)|VARIABLE_ASSIGNMENT|[2]|TaskHelper.TASK_STATUS|"Completed"
14:40:33.0 (26198650)|STATEMENT_EXECUTE|[3]
14:40:33.0 (26205137)|HEAP_ALLOCATE|[3]|Bytes:16
14:40:33.0 (26214417)|VARIABLE_ASSIGNMENT|[3]|TaskHelper.TASK_SUBJECT|"Outbound call to"
14:40:33.0 (26218712)|STATEMENT_EXECUTE|[4]
14:40:33.0 (26223305)|HEAP_ALLOCATE|[4]|Bytes:8
14:40:33.0 (26231229)|VARIABLE_ASSIGNMENT|[4]|TaskHelper.TASK_TYPE|"Outbound"
14:40:33.0 (26241067)|METHOD_EXIT|[1]|TaskHelper
14:40:33.0 (26256358)|HEAP_ALLOCATE|[7]|Bytes:4
14:40:33.0 (26272500)|CONSTRUCTOR_ENTRY|[7]|01p6F000009rWtF|<init>()|TaskHelper
14:40:33.0 (26301344)|VARIABLE_SCOPE_BEGIN|[1]|this|TaskHelper|true|false
14:40:33.0 (26327861)|VARIABLE_ASSIGNMENT|[1]|this|{}|0x57bcc4fe
14:40:33.0 (26344980)|HEAP_ALLOCATE|[EXTERNAL]|Bytes:6
14:40:33.0 (26410323)|STATEMENT_EXECUTE|[1]
14:40:33.0 (26420401)|CONSTRUCTOR_EXIT|[7]|01p6F000009rWtF|<init>()|TaskHelper
14:40:33.0 (26436305)|VARIABLE_SCOPE_BEGIN|[7]|helper|TaskHelper|true|false
14:40:33.0 (26463375)|VARIABLE_ASSIGNMENT|[7]|helper|{}|0x57bcc4fe
14:40:33.0 (26473518)|STATEMENT_EXECUTE|[8]
14:40:33.0 (26540766)|METHOD_ENTRY|[8]|01p6F000009rWtF|TaskHelper.setupContactToReurnCallTasks(List<Task>)
14:40:33.0 (26575306)|VARIABLE_SCOPE_BEGIN|[11]|this|TaskHelper|true|false
14:40:33.0 (26590370)|VARIABLE_ASSIGNMENT|[11]|this|{}|0x57bcc4fe
14:40:33.0 (26596668)|VARIABLE_SCOPE_BEGIN|[11]|newTasks|List<Task>|true|false
14:40:33.0 (28182431)|VARIABLE_ASSIGNMENT|[11]|newTasks|[{"CallType":"Outbound","IsHighPriority":false,"IsClosed":false,"NVMStatsSF__NVM_Agent__c":"76","Is_Mobile_Number__c":false,"OwnerId":"0056F000009LzF1QAK","IsToday__c":false,"IsReminderSet":false,"Status":"Completed","IsDeleted":false,"WhoId":"0036F0000204AYOQA2","NVMContactWorld__CW_Call_Start_Time__c":"2019-01-09T04:40:32.000Z","ActivityDate":"2019-01-09T00:00:00.000Z","Priority":"Normal","IsVisibleInSelfService":false,"NVMContactWorld__Was_Call_Recorded__c":false,"CurrencyIsoCode":"AUD","IsRecurrence":false,"Subject":"Outbound call to +61 (9 more) ...","IsArchived":false,"CallObject":"016830e9-722a-cce9-3 (16 more) ...","NVMContactWorld__Customer_Number__c":"+61755313600","NVMContactWorld__ContactWorld_Number__c":"61731530806","Day_of_the_Week__c":"Wednesday","Call_Duration_min__c":0.00,"Call_Monitored__c":false}]|0x5b42b1b8
14:40:33.0 (28217187)|STATEMENT_EXECUTE|[11]
14:40:33.0 (28221294)|STATEMENT_EXECUTE|[12]
14:40:33.0 (28252912)|HEAP_ALLOCATE|[12]|Bytes:4
14:40:33.0 (28317289)|VARIABLE_SCOPE_BEGIN|[12]|voicemailIds|List<Id>|true|false
14:40:33.0 (28362580)|HEAP_ALLOCATE|[EXTERNAL]|Bytes:4
14:40:33.0 (28378093)|VARIABLE_ASSIGNMENT|[12]|voicemailIds|[]|0x6ae8151a
14:40:33.0 (28384798)|STATEMENT_EXECUTE|[13]
14:40:33.0 (28408178)|HEAP_ALLOCATE|[13]|Bytes:4
14:40:33.0 (28422722)|VARIABLE_SCOPE_BEGIN|[13]|contactIds|Map<Id,Id>|true|false
14:40:33.0 (28442362)|VARIABLE_ASSIGNMENT|[13]|contactIds|{}|0xbccac4a
14:40:33.0 (28448989)|STATEMENT_EXECUTE|[14]
14:40:33.0 (28467077)|HEAP_ALLOCATE|[14]|Bytes:4
14:40:33.0 (28497774)|VARIABLE_SCOPE_BEGIN|[14]|results|List<Task>|true|false
14:40:33.0 (28514540)|HEAP_ALLOCATE|[EXTERNAL]|Bytes:4
14:40:33.0 (28526893)|VARIABLE_ASSIGNMENT|[14]|results|[]|0x40b234c3
14:40:33.0 (28590461)|HEAP_ALLOCATE|[16]|Bytes:5
14:40:33.0 (28610449)|HEAP_ALLOCATE|[16]|Bytes:4
14:40:33.0 (28619573)|VARIABLE_SCOPE_BEGIN|[16]|item|Task|true|false
14:40:33.0 (29973322)|VARIABLE_ASSIGNMENT|[16]|item|{"CallType":"Outbound","IsHighPriority":false,"IsClosed":false,"NVMStatsSF__NVM_Agent__c":"76","Is_Mobile_Number__c":false,"OwnerId":"0056F000009LzF1QAK","IsToday__c":false,"IsReminderSet":false,"Status":"Completed","IsDeleted":false,"WhoId":"0036F0000204AYOQA2","NVMContactWorld__CW_Call_Start_Time__c":"2019-01-09T04:40:32.000Z","ActivityDate":"2019-01-09T00:00:00.000Z","Priority":"Normal","IsVisibleInSelfService":false,"NVMContactWorld__Was_Call_Recorded__c":false,"CurrencyIsoCode":"AUD","IsRecurrence":false,"Subject":"Outbound call to +61 (9 more) ...","IsArchived":false,"CallObject":"016830e9-722a-cce9-3 (16 more) ...","NVMContactWorld__Customer_Number__c":"+61755313600","NVMContactWorld__ContactWorld_Number__c":"61731530806","Day_of_the_Week__c":"Wednesday","Call_Duration_min__c":0.00,"Call_Monitored__c":false}|0x2860509c
14:40:33.0 (29995566)|STATEMENT_EXECUTE|[16]
14:40:33.0 (30190332)|STATEMENT_EXECUTE|[17]
14:40:33.0 (30216596)|HEAP_ALLOCATE|[16]|Bytes:5
14:40:33.0 (30237230)|VARIABLE_ASSIGNMENT|[16]|item|null|
14:40:33.0 (30243528)|STATEMENT_EXECUTE|[28]
14:40:33.0 (30252366)|HEAP_ALLOCATE|[28]|Bytes:72
14:40:33.0 (30274042)|HEAP_ALLOCATE|[28]|Bytes:4
14:40:33.0 (30286190)|HEAP_ALLOCATE|[28]|Bytes:7
14:40:33.0 (31864770)|SOQL_EXECUTE_BEGIN|[28]|Aggregations:0|SELECT Id, Account__c, Contact__c FROM Voicemail__c WHERE id IN :tmpVar1
14:40:33.0 (33702185)|SOQL_EXECUTE_END|[28]|Rows:0
14:40:33.0 (33732919)|HEAP_ALLOCATE|[28]|Bytes:4
14:40:33.0 (33747145)|HEAP_ALLOCATE|[28]|Bytes:0
14:40:33.0 (33821057)|HEAP_ALLOCATE|[28]|Bytes:4
14:40:33.0 (33839652)|VARIABLE_SCOPE_BEGIN|[28]|voicemails|List<Voicemail__c>|true|false
14:40:33.0 (33863269)|VARIABLE_ASSIGNMENT|[28]|voicemails|[]|0x289bda85
14:40:33.0 (34095392)|HEAP_ALLOCATE|[29]|Bytes:5
14:40:33.0 (34120657)|VARIABLE_ASSIGNMENT|[29]|item|null|
14:40:33.0 (34127629)|STATEMENT_EXECUTE|[29]
14:40:33.0 (34180759)|HEAP_ALLOCATE|[34]|Bytes:5
14:40:33.0 (34207368)|HEAP_ALLOCATE|[34]|Bytes:4
14:40:33.0 (34221587)|VARIABLE_SCOPE_BEGIN|[34]|item|Task|true|false
14:40:33.0 (35430502)|VARIABLE_ASSIGNMENT|[34]|item|{"CallType":"Outbound","IsHighPriority":false,"IsClosed":false,"NVMStatsSF__NVM_Agent__c":"76","Is_Mobile_Number__c":false,"OwnerId":"0056F000009LzF1QAK","IsToday__c":false,"IsReminderSet":false,"Status":"Completed","IsDeleted":false,"WhoId":"0036F0000204AYOQA2","NVMContactWorld__CW_Call_Start_Time__c":"2019-01-09T04:40:32.000Z","ActivityDate":"2019-01-09T00:00:00.000Z","Priority":"Normal","IsVisibleInSelfService":false,"NVMContactWorld__Was_Call_Recorded__c":false,"CurrencyIsoCode":"AUD","IsRecurrence":false,"Subject":"Outbound call to +61 (9 more) ...","IsArchived":false,"CallObject":"016830e9-722a-cce9-3 (16 more) ...","NVMContactWorld__Customer_Number__c":"+61755313600","NVMContactWorld__ContactWorld_Number__c":"61731530806","Day_of_the_Week__c":"Wednesday","Call_Duration_min__c":0.00,"Call_Monitored__c":false}|0x2860509c
14:40:33.0 (35452494)|STATEMENT_EXECUTE|[34]
14:40:33.0 (35455237)|STATEMENT_EXECUTE|[35]
14:40:33.0 (36831305)|VARIABLE_ASSIGNMENT|[35]|this.WhoId|null|0x2860509c
14:40:33.0 (36871221)|HEAP_ALLOCATE|[34]|Bytes:5
14:40:33.0 (36900727)|VARIABLE_ASSIGNMENT|[34]|item|null|
14:40:33.0 (36921918)|METHOD_EXIT|[8]|01p6F000009rWtF|TaskHelper.setupContactToReurnCallTasks(List<Task>)
14:40:33.36 (36941907)|CUMULATIVE_LIMIT_USAGE
14:40:33.36 (36941907)|LIMIT_USAGE_FOR_NS|(default)|
  Number of SOQL queries: 1 out of 100
  Number of query rows: 0 out of 50000
  Number of SOSL queries: 0 out of 20
  Number of DML statements: 0 out of 150
  Number of DML rows: 0 out of 10000
  Maximum CPU time: 0 out of 10000
  Maximum heap size: 0 out of 6000000
  Number of callouts: 0 out of 100
  Number of Email Invocations: 0 out of 10
  Number of future calls: 0 out of 50
  Number of queueable jobs added to the queue: 0 out of 50
  Number of Mobile Apex push calls: 0 out of 10

14:40:33.36 (36941907)|CUMULATIVE_LIMIT_USAGE_END

14:40:33.0 (38242399)|CODE_UNIT_FINISHED|TaskTrigger on Task trigger event BeforeInsert|__sfdc_trigger/TaskTrigger
14:40:33.0 (43735694)|CODE_UNIT_STARTED|[EXTERNAL]|Validation:Task:new
14:40:33.0 (43755535)|VALIDATION_RULE|03d6F000000qFaO|Finish_all_call_monitor_field
14:40:33.0 (44362899)|VALIDATION_FORMULA|AND(!ISBLANK(Monitored_By__c),
    OR(ISBLANK( TEXT(CM_advised_what_will_happen_next__c)),
       ISBLANK( TEXT(Allow_customer_to_present_concerns__c) ),
       ISBLANK( TEXT(Communication_is_clear_positive_confiden__c) ),
       ISBLANK( TEXT(Demonstrate_active_listening__c )),
       ISBLANK( TEXT(Gave_correct_answers_and_infomations__c) ),
       ISBLANK( TEXT(Mirrors_clients_talking_behaviour__c) ) ))|CM_advised_what_will_happen_next__c=null , Demonstrate_active_listening__c=null , Communication_is_clear_positive_confiden__c=null , Allow_customer_to_present_concerns__c=null , Gave_correct_answers_and_infomations__c=null , Mirrors_clients_talking_behaviour__c=null , Monitored_By__c=null
14:40:33.0 (44387035)|VALIDATION_PASS
14:40:33.0 (44391018)|VALIDATION_RULE|03d900000009JbB|Interac_Quality_Must_Be_Between_1_and_10
14:40:33.0 (44518763)|VALIDATION_FORMULA|NVMContactWorld__InteractionQuality__c < 1  &#124;&#124;  NVMContactWorld__InteractionQuality__c > 10|NVMContactWorld__InteractionQuality__c=null
14:40:33.0 (44533460)|VALIDATION_PASS
14:40:33.0 (44829967)|CODE_UNIT_FINISHED|Validation:Task:new
14:40:33.0 (88958519)|CODE_UNIT_STARTED|[EXTERNAL]|Workflow:Task
14:40:33.0 (99339331)|WF_RULE_EVAL_BEGIN|Workflow
14:40:33.0 (99380846)|WF_CRITERIA_BEGIN|[Task:  00T6F00005LrRqA]|Update Call Monitor Details|01Q6F0000002Tdt|ON_CREATE_OR_TRIGGERING_UPDATE|0
14:40:33.0 (102388317)|WF_RULE_FILTER|[Task : Monitored By not equal to ]
14:40:33.0 (102420336)|WF_RULE_EVAL_VALUE|
14:40:33.0 (102426330)|WF_CRITERIA_END|false
14:40:33.0 (102451295)|WF_CRITERIA_BEGIN|[Task:  00T6F00005LrRqA]|Update_Callback_Request_Due_Date3016F0000005i0e|01Q6F0000019gyq|ON_CREATE_ONLY|0
14:40:33.0 (102553420)|WF_FORMULA|Formula:ENCODED:[treatNullAsNull]true|Values:
14:40:33.0 (102563915)|WF_CRITERIA_END|true
14:40:33.0 (103623598)|WF_CRITERIA_BEGIN|[Task:  00T6F00005LrRqA]|Call Back Request From LinX|01Q6F000001EY2L|ON_CREATE_OR_TRIGGERING_UPDATE|0
14:40:33.0 (103719518)|WF_RULE_FILTER|[Task : Subject equals Callback Request]
14:40:33.0 (103747420)|WF_RULE_EVAL_VALUE|Outbound call to +61755313600
14:40:33.0 (103756005)|WF_CRITERIA_END|false
14:40:33.0 (103774052)|WF_CRITERIA_BEGIN|[Task:  00T6F00005LrRqA]|Call_Monitor3016F00000054R3|01Q6F000000oOu7|ON_ALL_CHANGES|0
14:40:33.0 (103849083)|WF_FORMULA|Formula:ENCODED:[treatNullAsNull]true|Values:
14:40:33.0 (103860475)|WF_CRITERIA_END|true
14:40:33.0 (103888565)|WF_SPOOL_ACTION_BEGIN|Workflow
14:40:33.0 (103924214)|WF_ACTION| Flow Trigger: 2;
14:40:33.0 (103932535)|WF_RULE_EVAL_END
14:40:33.0 (105335194)|WF_FLOW_ACTION_BEGIN|09L6F000000PWtL
14:40:33.107 (107455750)|FLOW_CREATE_INTERVIEW_BEGIN|00D90000000IJSa|3006F00000091km|3016F0000005i0e
14:40:33.107 (108623813)|FLOW_CREATE_INTERVIEW_END|5303e4d0bbd938078de8502f0e6b16830e88e80-60cf|Update Callback Request Due Date
14:40:33.109 (109197599)|FLOW_START_INTERVIEWS_BEGIN|1
14:40:33.109 (109233688)|FLOW_START_INTERVIEW_BEGIN|5303e4d0bbd938078de8502f0e6b16830e88e80-60cf|Update Callback Request Due Date
14:40:33.109 (112561719)|FLOW_START_INTERVIEW_END|5303e4d0bbd938078de8502f0e6b16830e88e80-60cf|Update Callback Request Due Date
14:40:33.109 (112595521)|FLOW_START_INTERVIEWS_END|1
14:40:33.0 (114036858)|WF_FLOW_ACTION_END|09L6F000000PWtL
14:40:33.0 (114088098)|WF_FLOW_ACTION_BEGIN|09L6F000000PGTV
14:40:33.115 (115941921)|FLOW_CREATE_INTERVIEW_BEGIN|00D90000000IJSa|3006F0000008usA|3016F00000054R3
14:40:33.115 (117002817)|FLOW_CREATE_INTERVIEW_END|5304e4d0bbd938078de8502f0e6b16830e88e80-60ce|Call Monitoring
14:40:33.117 (117500558)|FLOW_START_INTERVIEWS_BEGIN|1
14:40:33.117 (117534315)|FLOW_START_INTERVIEW_BEGIN|5304e4d0bbd938078de8502f0e6b16830e88e80-60ce|Call Monitoring
14:40:33.117 (120050305)|FLOW_START_INTERVIEW_END|5304e4d0bbd938078de8502f0e6b16830e88e80-60ce|Call Monitoring
14:40:33.117 (120075964)|FLOW_START_INTERVIEWS_END|1
14:40:33.0 (120798487)|WF_FLOW_ACTION_END|09L6F000000PGTV
14:40:33.0 (120923722)|WF_ACTIONS_END| Flow Trigger: 2;
14:40:33.0 (120935162)|CODE_UNIT_FINISHED|Workflow:Task
14:40:33.0 (145205916)|CODE_UNIT_FINISHED|TRIGGERS
14:40:33.0 (145226948)|EXECUTION_FINISHED
