31.0 APEX_CODE,FINEST;APEX_PROFILING,INFO;CALLOUT,INFO;DB,INFO;NBA,INFO;SYSTEM,DEBUG;VALIDATION,INFO;VISUALFORCE,INFO;WAVE,INFO;WORKFLOW,INFO
14:43:41.0 (150417)|USER_INFO|[EXTERNAL]|00590000000Vmmq|ben@bjbglobal.com.au|Australian Eastern Standard Time|GMT+10:00
14:43:41.0 (206882)|EXECUTION_STARTED
14:43:41.0 (214123)|CODE_UNIT_STARTED|[EXTERNAL]|TRIGGERS
14:43:41.0 (258838)|CODE_UNIT_STARTED|[EXTERNAL]|01q6F000000DhRF|TaskBeforeUpdate on Task trigger event BeforeUpdate|__sfdc_trigger/TaskBeforeUpdate
14:43:41.0 (321174)|HEAP_ALLOCATE|[EXTERNAL]|Bytes:8
14:43:41.0 (400967)|HEAP_ALLOCATE|[EXTERNAL]|Bytes:8
14:43:41.0 (901630)|HEAP_ALLOCATE|[72]|Bytes:3
14:43:41.0 (951899)|HEAP_ALLOCATE|[77]|Bytes:152
14:43:41.0 (978143)|HEAP_ALLOCATE|[342]|Bytes:408
14:43:41.0 (993156)|HEAP_ALLOCATE|[355]|Bytes:408
14:43:41.0 (1011588)|HEAP_ALLOCATE|[467]|Bytes:48
14:43:41.0 (1047995)|HEAP_ALLOCATE|[139]|Bytes:6
14:43:41.0 (1084441)|HEAP_ALLOCATE|[EXTERNAL]|Bytes:4
14:43:41.0 (1096947)|VARIABLE_SCOPE_BEGIN|[10]|this|TaskBeforeUpdate|true|false
14:43:41.0 (1153913)|VARIABLE_ASSIGNMENT|[10]|this|{}|0x3601f79b
14:43:41.0 (1259704)|HEAP_ALLOCATE|[EXTERNAL]|Bytes:4
14:43:41.0 (1270330)|VARIABLE_SCOPE_BEGIN|[10]|this|TaskBeforeUpdate|true|false
14:43:41.0 (1295770)|VARIABLE_ASSIGNMENT|[10]|this|{}|0x3601f79b
14:43:41.0 (1314564)|STATEMENT_EXECUTE|[10]
14:43:41.1 (1319772)|CUMULATIVE_LIMIT_USAGE
14:43:41.1 (1319772)|LIMIT_USAGE_FOR_NS|(default)|
  Number of SOQL queries: 0 out of 100
  Number of query rows: 0 out of 50000
  Number of SOSL queries: 0 out of 20
  Number of DML statements: 0 out of 150
  Number of DML rows: 0 out of 10000
  Maximum CPU time: 0 out of 10000
  Maximum heap size: 0 out of 6000000
  Number of callouts: 0 out of 100
  Number of Email Invocations: 0 out of 10
  Number of future calls: 0 out of 50
  Number of queueable jobs added to the queue: 0 out of 50
  Number of Mobile Apex push calls: 0 out of 10

14:43:41.1 (1319772)|CUMULATIVE_LIMIT_USAGE_END

14:43:41.0 (2300963)|CODE_UNIT_FINISHED|TaskBeforeUpdate on Task trigger event BeforeUpdate|__sfdc_trigger/TaskBeforeUpdate
14:43:41.0 (13015124)|CODE_UNIT_STARTED|[EXTERNAL]|Validation:Task:00T6F00005LrS3g
14:43:41.0 (13042272)|VALIDATION_RULE|03d6F000000qFaO|Finish_all_call_monitor_field
14:43:41.0 (13784151)|VALIDATION_FORMULA|AND(!ISBLANK(Monitored_By__c),
    OR(ISBLANK( TEXT(CM_advised_what_will_happen_next__c)),
       ISBLANK( TEXT(Allow_customer_to_present_concerns__c) ),
       ISBLANK( TEXT(Communication_is_clear_positive_confiden__c) ),
       ISBLANK( TEXT(Demonstrate_active_listening__c )),
       ISBLANK( TEXT(Gave_correct_answers_and_infomations__c) ),
       ISBLANK( TEXT(Mirrors_clients_talking_behaviour__c) ) ))|CM_advised_what_will_happen_next__c=null , Demonstrate_active_listening__c=null , Communication_is_clear_positive_confiden__c=null , Allow_customer_to_present_concerns__c=null , Gave_correct_answers_and_infomations__c=null , Mirrors_clients_talking_behaviour__c=null , Monitored_By__c=null
14:43:41.0 (13818408)|VALIDATION_PASS
14:43:41.0 (13823342)|VALIDATION_RULE|03d900000009JbB|Interac_Quality_Must_Be_Between_1_and_10
14:43:41.0 (13988534)|VALIDATION_FORMULA|NVMContactWorld__InteractionQuality__c < 1  &#124;&#124;  NVMContactWorld__InteractionQuality__c > 10|NVMContactWorld__InteractionQuality__c=null
14:43:41.0 (14011823)|VALIDATION_PASS
14:43:41.0 (14281285)|CODE_UNIT_FINISHED|Validation:Task:00T6F00005LrS3g
14:43:41.0 (36750875)|CODE_UNIT_STARTED|[EXTERNAL]|Workflow:Task
14:43:41.0 (49384783)|WF_RULE_EVAL_BEGIN|Workflow
14:43:41.0 (49432083)|WF_CRITERIA_BEGIN|[Task:  00T6F00005LrS3g]|Update Call Monitor Details|01Q6F0000002Tdt|ON_CREATE_OR_TRIGGERING_UPDATE|0
14:43:41.0 (53424009)|WF_RULE_FILTER|[Task : Monitored By not equal to ]
14:43:41.0 (53445889)|WF_RULE_EVAL_VALUE|
14:43:41.0 (53451537)|WF_CRITERIA_END|false
14:43:41.0 (53473039)|WF_CRITERIA_BEGIN|[Task:  00T6F00005LrS3g]|Update_Callback_Request_Due_Date3016F0000005i0e|01Q6F0000019gyq|ON_CREATE_ONLY|0
14:43:41.0 (53491701)|WF_RULE_NOT_EVALUATED
14:43:41.0 (53499147)|WF_CRITERIA_BEGIN|[Task:  00T6F00005LrS3g]|Call Back Request From LinX|01Q6F000001EY2L|ON_CREATE_OR_TRIGGERING_UPDATE|0
14:43:41.0 (53576140)|WF_RULE_FILTER|[Task : Subject equals Callback Request]
14:43:41.0 (53588657)|WF_RULE_EVAL_VALUE|Outbound call to +61333585130
14:43:41.0 (53594422)|WF_CRITERIA_END|false
14:43:41.0 (53604322)|WF_CRITERIA_BEGIN|[Task:  00T6F00005LrS3g]|Call_Monitor3016F00000054R3|01Q6F000000oOu7|ON_ALL_CHANGES|0
14:43:41.0 (53781642)|WF_FORMULA|Formula:ENCODED:[treatNullAsNull]true|Values:
14:43:41.0 (53794976)|WF_CRITERIA_END|true
14:43:41.0 (54540943)|WF_SPOOL_ACTION_BEGIN|Workflow
14:43:41.0 (54569814)|WF_ACTION| Flow Trigger: 1;
14:43:41.0 (54577206)|WF_RULE_EVAL_END
14:43:41.0 (55609829)|WF_FLOW_ACTION_BEGIN|09L6F000000PGTV
14:43:41.56 (56966273)|FLOW_CREATE_INTERVIEW_BEGIN|00D90000000IJSa|3006F0000008usA|3016F00000054R3
14:43:41.56 (57732689)|FLOW_CREATE_INTERVIEW_END|4821937c64a2c482ec3b7dca32cb16830d9a026-6d0d|Call Monitoring
14:43:41.58 (58217941)|FLOW_START_INTERVIEWS_BEGIN|1
14:43:41.58 (58242962)|FLOW_START_INTERVIEW_BEGIN|4821937c64a2c482ec3b7dca32cb16830d9a026-6d0d|Call Monitoring
14:43:41.58 (69833774)|FLOW_START_INTERVIEW_END|4821937c64a2c482ec3b7dca32cb16830d9a026-6d0d|Call Monitoring
14:43:41.58 (69867373)|FLOW_START_INTERVIEWS_END|1
14:43:41.0 (70928087)|WF_FLOW_ACTION_END|09L6F000000PGTV
14:43:41.0 (71097781)|WF_ACTIONS_END| Flow Trigger: 1;
14:43:41.0 (71113667)|CODE_UNIT_FINISHED|Workflow:Task
14:43:41.0 (87516793)|CODE_UNIT_FINISHED|TRIGGERS
14:43:41.0 (87539054)|EXECUTION_FINISHED
