37.0 APEX_CODE,FINEST;APEX_PROFILING,INFO;CALLOUT,INFO;DB,INFO;NBA,INFO;SYSTEM,DEBUG;VALIDATION,INFO;VISUALFORCE,INFO;WAVE,INFO;WORKFLOW,INFO
14:50:18.26 (26413777)|ENTERING_MANAGED_PKG|Centify
14:50:18.26 (30138404)|ENTERING_MANAGED_PKG|Centify
14:50:18.26 (37317881)|ENTERING_MANAGED_PKG|Centify
14:50:18.26 (37444719)|ENTERING_MANAGED_PKG|Centify
14:50:18.26 (37571448)|ENTERING_MANAGED_PKG|Centify
14:50:18.26 (38210157)|ENTERING_MANAGED_PKG|Centify
14:50:18.26 (38538491)|ENTERING_MANAGED_PKG|Centify
14:50:18.26 (38589629)|ENTERING_MANAGED_PKG|Centify
14:50:18.26 (38679844)|ENTERING_MANAGED_PKG|Centify
14:50:18.26 (38728546)|ENTERING_MANAGED_PKG|Centify
14:50:18.26 (38762890)|ENTERING_MANAGED_PKG|Centify
14:50:18.26 (38807535)|ENTERING_MANAGED_PKG|Centify
14:50:18.26 (38843022)|ENTERING_MANAGED_PKG|Centify
14:50:18.26 (39020213)|ENTERING_MANAGED_PKG|Centify
14:50:18.26 (76145201)|ENTERING_MANAGED_PKG|Centify
14:50:18.26 (76265867)|ENTERING_MANAGED_PKG|Centify
14:50:18.26 (76421317)|ENTERING_MANAGED_PKG|Centify
14:50:18.26 (76483594)|ENTERING_MANAGED_PKG|Centify
14:50:18.26 (346222526)|ENTERING_MANAGED_PKG|Centify
14:50:18.26 (382200474)|ENTERING_MANAGED_PKG|Centify
14:50:18.26 (393460307)|ENTERING_MANAGED_PKG|Centify
14:50:18.26 (393505976)|ENTERING_MANAGED_PKG|Centify
14:50:18.26 (393571335)|ENTERING_MANAGED_PKG|Centify
14:50:18.26 (393599732)|ENTERING_MANAGED_PKG|Centify
14:50:18.26 (393655578)|ENTERING_MANAGED_PKG|Centify
14:50:18.26 (412321521)|ENTERING_MANAGED_PKG|Centify
14:50:18.26 (430714134)|ENTERING_MANAGED_PKG|Centify
14:50:18.26 (430765015)|ENTERING_MANAGED_PKG|Centify
14:50:18.26 (430846669)|ENTERING_MANAGED_PKG|Centify
14:50:18.26 (430880953)|ENTERING_MANAGED_PKG|Centify
14:50:18.26 (430954734)|ENTERING_MANAGED_PKG|Centify
14:50:18.26 (452208311)|ENTERING_MANAGED_PKG|Centify
14:50:18.26 (465850663)|ENTERING_MANAGED_PKG|Centify
14:50:18.26 (465896505)|ENTERING_MANAGED_PKG|Centify
14:50:18.26 (465972071)|ENTERING_MANAGED_PKG|Centify
14:50:18.26 (466001532)|ENTERING_MANAGED_PKG|Centify
14:50:18.26 (466063408)|ENTERING_MANAGED_PKG|Centify
14:50:18.26 (486499843)|ENTERING_MANAGED_PKG|Centify
14:50:18.26 (500273269)|ENTERING_MANAGED_PKG|Centify
14:50:18.26 (500323775)|ENTERING_MANAGED_PKG|Centify
14:50:18.26 (500394930)|ENTERING_MANAGED_PKG|Centify
14:50:18.26 (500428382)|ENTERING_MANAGED_PKG|Centify
14:50:18.26 (500489930)|ENTERING_MANAGED_PKG|Centify
14:50:18.26 (521528965)|ENTERING_MANAGED_PKG|Centify
14:50:18.26 (536548127)|ENTERING_MANAGED_PKG|Centify
14:50:18.26 (536598899)|ENTERING_MANAGED_PKG|Centify
14:50:18.26 (536671773)|ENTERING_MANAGED_PKG|Centify
14:50:18.26 (536704947)|ENTERING_MANAGED_PKG|Centify
14:50:18.26 (536766466)|ENTERING_MANAGED_PKG|Centify
14:50:18.26 (558743427)|ENTERING_MANAGED_PKG|Centify
14:50:18.26 (573301078)|ENTERING_MANAGED_PKG|Centify
14:50:18.26 (573350736)|ENTERING_MANAGED_PKG|Centify
14:50:18.26 (573422930)|ENTERING_MANAGED_PKG|Centify
14:50:18.26 (573452237)|ENTERING_MANAGED_PKG|Centify
14:50:18.26 (573516894)|ENTERING_MANAGED_PKG|Centify
14:50:18.26 (594521030)|ENTERING_MANAGED_PKG|Centify
14:50:18.26 (609433198)|ENTERING_MANAGED_PKG|Centify
14:50:18.26 (609484598)|ENTERING_MANAGED_PKG|Centify
14:50:18.26 (609560917)|ENTERING_MANAGED_PKG|Centify
14:50:18.26 (609591452)|ENTERING_MANAGED_PKG|Centify
14:50:18.26 (609655757)|ENTERING_MANAGED_PKG|Centify
14:50:18.26 (629691473)|ENTERING_MANAGED_PKG|Centify
14:50:18.26 (642970196)|ENTERING_MANAGED_PKG|Centify
14:50:18.26 (643015442)|ENTERING_MANAGED_PKG|Centify
14:50:18.26 (643084979)|ENTERING_MANAGED_PKG|Centify
14:50:18.26 (643115844)|ENTERING_MANAGED_PKG|Centify
14:50:18.26 (643182546)|ENTERING_MANAGED_PKG|Centify
14:50:18.26 (662698187)|ENTERING_MANAGED_PKG|Centify
14:50:18.26 (676427418)|ENTERING_MANAGED_PKG|Centify
14:50:18.26 (676471961)|ENTERING_MANAGED_PKG|Centify
14:50:18.26 (676544343)|ENTERING_MANAGED_PKG|Centify
14:50:18.26 (676573395)|ENTERING_MANAGED_PKG|Centify
14:50:18.26 (676632007)|ENTERING_MANAGED_PKG|Centify
14:50:18.26 (696221890)|ENTERING_MANAGED_PKG|Centify
14:50:18.26 (709709065)|ENTERING_MANAGED_PKG|Centify
14:50:18.26 (709755530)|ENTERING_MANAGED_PKG|Centify
14:50:18.26 (709826118)|ENTERING_MANAGED_PKG|Centify
14:50:18.26 (709854554)|ENTERING_MANAGED_PKG|Centify
14:50:18.26 (709915724)|ENTERING_MANAGED_PKG|Centify
14:50:18.26 (730057586)|ENTERING_MANAGED_PKG|Centify
14:50:18.26 (730138532)|ENTERING_MANAGED_PKG|Centify
14:50:18.26 (730290854)|ENTERING_MANAGED_PKG|Centify
14:50:18.26 (730330641)|ENTERING_MANAGED_PKG|Centify
14:50:18.26 (730369385)|ENTERING_MANAGED_PKG|Centify
14:50:18.26 (735038485)|ENTERING_MANAGED_PKG|Centify
14:50:18.26 (735126408)|ENTERING_MANAGED_PKG|Centify
14:50:18.26 (745788396)|ENTERING_MANAGED_PKG|Centify
14:50:18.26 (745868750)|ENTERING_MANAGED_PKG|Centify
14:50:18.26 (745956551)|ENTERING_MANAGED_PKG|Centify
14:50:18.26 (746498861)|ENTERING_MANAGED_PKG|Centify
14:50:18.26 (747205379)|SOQL_EXECUTE_BEGIN|[16]|Aggregations:0|select id,lastmodifieddate,isdeleted,isgmt__c,role__c,name,createddate,ownerid,active_clients__c,customer_service_index__c,service_index_in_string__c from CM_Daily_Stats__c where LastModifiedDate >2019-01-08T22:19:41Z AND LastModifiedDate < 2019-01-09T04:50:23Z AND (  isActive__c =true)  ORDER BY SystemModStamp DESC LIMIT 5000  ALL ROWS
14:50:18.26 (756673947)|SOQL_EXECUTE_END|[16]|Rows:0
14:50:18.780 (780593290)|CUMULATIVE_LIMIT_USAGE
14:50:18.780 (780593290)|LIMIT_USAGE_FOR_NS|(default)|
  Number of SOQL queries: 0 out of 200
  Number of query rows: 0 out of 50000
  Number of SOSL queries: 0 out of 20
  Number of DML statements: 0 out of 150
  Number of DML rows: 0 out of 10000
  Maximum CPU time: 0 out of 60000
  Maximum heap size: 0 out of 12000000
  Number of callouts: 0 out of 0
  Number of Email Invocations: 0 out of 10
  Number of future calls: 0 out of 0
  Number of queueable jobs added to the queue: 0 out of 1
  Number of Mobile Apex push calls: 0 out of 10

14:50:18.780 (780593290)|LIMIT_USAGE_FOR_NS|Centify|
  Number of SOQL queries: 0 out of 200
  Number of query rows: 0 out of 50000
  Number of SOSL queries: 0 out of 20
  Number of DML statements: 0 out of 150
  Number of DML rows: 0 out of 10000
  Maximum CPU time: 0 out of 60000
  Maximum heap size: 0 out of 12000000
  Number of callouts: 0 out of 0
  Number of Email Invocations: 0 out of 10
  Number of future calls: 0 out of 0
  Number of queueable jobs added to the queue: 0 out of 1
  Number of Mobile Apex push calls: 0 out of 10

14:50:18.780 (780593290)|CUMULATIVE_LIMIT_USAGE_END

