31.0 APEX_CODE,FINEST;APEX_PROFILING,INFO;CALLOUT,INFO;DB,INFO;NBA,INFO;SYSTEM,DEBUG;VALIDATION,INFO;VISUALFORCE,INFO;WAVE,INFO;WORKFLOW,INFO
14:46:58.0 (86479)|USER_INFO|[EXTERNAL]|00590000000Vmmq|ben@bjbglobal.com.au|Australian Eastern Standard Time|GMT+10:00
14:46:58.0 (120710)|EXECUTION_STARTED
14:46:58.0 (125163)|CODE_UNIT_STARTED|[EXTERNAL]|TRIGGERS
14:46:58.0 (153386)|CODE_UNIT_STARTED|[EXTERNAL]|01q6F000000DhRF|TaskBeforeUpdate on Task trigger event BeforeUpdate|__sfdc_trigger/TaskBeforeUpdate
14:46:58.0 (187261)|HEAP_ALLOCATE|[EXTERNAL]|Bytes:8
14:46:58.0 (241948)|HEAP_ALLOCATE|[EXTERNAL]|Bytes:8
14:46:58.0 (638653)|HEAP_ALLOCATE|[72]|Bytes:3
14:46:58.0 (671440)|HEAP_ALLOCATE|[77]|Bytes:152
14:46:58.0 (685388)|HEAP_ALLOCATE|[342]|Bytes:408
14:46:58.0 (698569)|HEAP_ALLOCATE|[355]|Bytes:408
14:46:58.0 (710867)|HEAP_ALLOCATE|[467]|Bytes:48
14:46:58.0 (736457)|HEAP_ALLOCATE|[139]|Bytes:6
14:46:58.0 (754627)|HEAP_ALLOCATE|[EXTERNAL]|Bytes:4
14:46:58.0 (761863)|VARIABLE_SCOPE_BEGIN|[10]|this|TaskBeforeUpdate|true|false
14:46:58.0 (804479)|VARIABLE_ASSIGNMENT|[10]|this|{}|0x65c2833e
14:46:58.0 (855215)|HEAP_ALLOCATE|[EXTERNAL]|Bytes:4
14:46:58.0 (863073)|VARIABLE_SCOPE_BEGIN|[10]|this|TaskBeforeUpdate|true|false
14:46:58.0 (876865)|VARIABLE_ASSIGNMENT|[10]|this|{}|0x65c2833e
14:46:58.0 (885096)|STATEMENT_EXECUTE|[10]
14:46:58.0 (889398)|CUMULATIVE_LIMIT_USAGE
14:46:58.0 (889398)|LIMIT_USAGE_FOR_NS|(default)|
  Number of SOQL queries: 0 out of 100
  Number of query rows: 0 out of 50000
  Number of SOSL queries: 0 out of 20
  Number of DML statements: 0 out of 150
  Number of DML rows: 0 out of 10000
  Maximum CPU time: 0 out of 10000
  Maximum heap size: 0 out of 6000000
  Number of callouts: 0 out of 100
  Number of Email Invocations: 0 out of 10
  Number of future calls: 0 out of 50
  Number of queueable jobs added to the queue: 0 out of 50
  Number of Mobile Apex push calls: 0 out of 10

14:46:58.0 (889398)|CUMULATIVE_LIMIT_USAGE_END

14:46:58.0 (1963549)|CODE_UNIT_FINISHED|TaskBeforeUpdate on Task trigger event BeforeUpdate|__sfdc_trigger/TaskBeforeUpdate
14:46:58.0 (5692398)|CODE_UNIT_STARTED|[EXTERNAL]|Validation:Task:00T6F00005LrPTt
14:46:58.0 (5712915)|VALIDATION_RULE|03d6F000000qFaO|Finish_all_call_monitor_field
14:46:58.0 (6173255)|VALIDATION_FORMULA|AND(!ISBLANK(Monitored_By__c),
    OR(ISBLANK( TEXT(CM_advised_what_will_happen_next__c)),
       ISBLANK( TEXT(Allow_customer_to_present_concerns__c) ),
       ISBLANK( TEXT(Communication_is_clear_positive_confiden__c) ),
       ISBLANK( TEXT(Demonstrate_active_listening__c )),
       ISBLANK( TEXT(Gave_correct_answers_and_infomations__c) ),
       ISBLANK( TEXT(Mirrors_clients_talking_behaviour__c) ) ))|CM_advised_what_will_happen_next__c=null , Demonstrate_active_listening__c=null , Communication_is_clear_positive_confiden__c=null , Allow_customer_to_present_concerns__c=null , Gave_correct_answers_and_infomations__c=null , Mirrors_clients_talking_behaviour__c=null , Monitored_By__c=null
14:46:58.0 (6191342)|VALIDATION_PASS
14:46:58.0 (6194067)|VALIDATION_RULE|03d900000009JbB|Interac_Quality_Must_Be_Between_1_and_10
14:46:58.0 (6279211)|VALIDATION_FORMULA|NVMContactWorld__InteractionQuality__c < 1  &#124;&#124;  NVMContactWorld__InteractionQuality__c > 10|NVMContactWorld__InteractionQuality__c=null
14:46:58.0 (6289699)|VALIDATION_PASS
14:46:58.0 (6534165)|CODE_UNIT_FINISHED|Validation:Task:00T6F00005LrPTt
14:46:58.0 (32568572)|CODE_UNIT_STARTED|[EXTERNAL]|Workflow:Task
14:46:58.0 (40666440)|WF_RULE_EVAL_BEGIN|Workflow
14:46:58.0 (40713962)|WF_CRITERIA_BEGIN|[Task:  00T6F00005LrPTt]|Update Call Monitor Details|01Q6F0000002Tdt|ON_CREATE_OR_TRIGGERING_UPDATE|0
14:46:58.0 (40798105)|WF_RULE_FILTER|[Task : Monitored By not equal to ]
14:46:58.0 (40810692)|WF_RULE_EVAL_VALUE|
14:46:58.0 (40814856)|WF_CRITERIA_END|false
14:46:58.0 (40826839)|WF_CRITERIA_BEGIN|[Task:  00T6F00005LrPTt]|Update_Callback_Request_Due_Date3016F0000005i0e|01Q6F0000019gyq|ON_CREATE_ONLY|0
14:46:58.0 (40836766)|WF_RULE_NOT_EVALUATED
14:46:58.0 (40842915)|WF_CRITERIA_BEGIN|[Task:  00T6F00005LrPTt]|Call Back Request From LinX|01Q6F000001EY2L|ON_CREATE_OR_TRIGGERING_UPDATE|0
14:46:58.0 (40892993)|WF_RULE_FILTER|[Task : Subject equals Callback Request]
14:46:58.0 (40904499)|WF_RULE_EVAL_VALUE|Outbound call to +61407091591
14:46:58.0 (40910837)|WF_CRITERIA_END|false
14:46:58.0 (40918992)|WF_CRITERIA_BEGIN|[Task:  00T6F00005LrPTt]|Call_Monitor3016F00000054R3|01Q6F000000oOu7|ON_ALL_CHANGES|0
14:46:58.0 (41030916)|WF_FORMULA|Formula:ENCODED:[treatNullAsNull]true|Values:
14:46:58.0 (41039805)|WF_CRITERIA_END|true
14:46:58.0 (41692822)|WF_SPOOL_ACTION_BEGIN|Workflow
14:46:58.0 (41720313)|WF_ACTION| Flow Trigger: 1;
14:46:58.0 (41724678)|WF_RULE_EVAL_END
14:46:58.0 (41781752)|WF_FLOW_ACTION_BEGIN|09L6F000000PGTV
14:46:58.43 (43511861)|FLOW_CREATE_INTERVIEW_BEGIN|00D90000000IJSa|3006F0000008usA|3016F00000054R3
14:46:58.43 (44299738)|FLOW_CREATE_INTERVIEW_END|68285bb8569d7beb5e84593adb9e16830ebfc01-40ba|Call Monitoring
14:46:58.44 (44760713)|FLOW_START_INTERVIEWS_BEGIN|1
14:46:58.44 (44789924)|FLOW_START_INTERVIEW_BEGIN|68285bb8569d7beb5e84593adb9e16830ebfc01-40ba|Call Monitoring
14:46:58.44 (55838822)|FLOW_START_INTERVIEW_END|68285bb8569d7beb5e84593adb9e16830ebfc01-40ba|Call Monitoring
14:46:58.44 (55873742)|FLOW_START_INTERVIEWS_END|1
14:46:58.0 (56683073)|WF_FLOW_ACTION_END|09L6F000000PGTV
14:46:58.0 (56792908)|WF_ACTIONS_END| Flow Trigger: 1;
14:46:58.0 (56803510)|CODE_UNIT_FINISHED|Workflow:Task
14:46:58.0 (66325843)|CODE_UNIT_FINISHED|TRIGGERS
14:46:58.0 (66347226)|EXECUTION_FINISHED
