37.0 APEX_CODE,FINEST;APEX_PROFILING,INFO;CALLOUT,INFO;DB,INFO;NBA,INFO;SYSTEM,DEBUG;VALIDATION,INFO;VISUALFORCE,INFO;WAVE,INFO;WORKFLOW,INFO
14:47:15.18 (18507760)|ENTERING_MANAGED_PKG|Centify
14:47:15.18 (24052778)|ENTERING_MANAGED_PKG|Centify
14:47:15.18 (31022384)|ENTERING_MANAGED_PKG|Centify
14:47:15.18 (31217742)|ENTERING_MANAGED_PKG|Centify
14:47:15.18 (31412270)|ENTERING_MANAGED_PKG|Centify
14:47:15.18 (32172050)|ENTERING_MANAGED_PKG|Centify
14:47:15.18 (32454067)|ENTERING_MANAGED_PKG|Centify
14:47:15.18 (32481384)|ENTERING_MANAGED_PKG|Centify
14:47:15.18 (32564203)|ENTERING_MANAGED_PKG|Centify
14:47:15.18 (32616416)|ENTERING_MANAGED_PKG|Centify
14:47:15.18 (32651765)|ENTERING_MANAGED_PKG|Centify
14:47:15.18 (32672708)|ENTERING_MANAGED_PKG|Centify
14:47:15.18 (32690135)|ENTERING_MANAGED_PKG|Centify
14:47:15.18 (32859630)|ENTERING_MANAGED_PKG|Centify
14:47:15.18 (66067427)|ENTERING_MANAGED_PKG|Centify
14:47:15.18 (66205716)|ENTERING_MANAGED_PKG|Centify
14:47:15.18 (66340400)|ENTERING_MANAGED_PKG|Centify
14:47:15.18 (66423234)|ENTERING_MANAGED_PKG|Centify
14:47:15.18 (280634027)|ENTERING_MANAGED_PKG|Centify
14:47:15.18 (329968564)|ENTERING_MANAGED_PKG|Centify
14:47:15.18 (344283475)|ENTERING_MANAGED_PKG|Centify
14:47:15.18 (344337189)|ENTERING_MANAGED_PKG|Centify
14:47:15.18 (344408108)|ENTERING_MANAGED_PKG|Centify
14:47:15.18 (344439221)|ENTERING_MANAGED_PKG|Centify
14:47:15.18 (344498180)|ENTERING_MANAGED_PKG|Centify
14:47:15.18 (378112394)|ENTERING_MANAGED_PKG|Centify
14:47:15.18 (393961716)|ENTERING_MANAGED_PKG|Centify
14:47:15.18 (394023939)|ENTERING_MANAGED_PKG|Centify
14:47:15.18 (394113859)|ENTERING_MANAGED_PKG|Centify
14:47:15.18 (394147498)|ENTERING_MANAGED_PKG|Centify
14:47:15.18 (394207266)|ENTERING_MANAGED_PKG|Centify
14:47:15.18 (428511406)|ENTERING_MANAGED_PKG|Centify
14:47:15.18 (445664374)|ENTERING_MANAGED_PKG|Centify
14:47:15.18 (445754372)|ENTERING_MANAGED_PKG|Centify
14:47:15.18 (445875813)|ENTERING_MANAGED_PKG|Centify
14:47:15.18 (445929038)|ENTERING_MANAGED_PKG|Centify
14:47:15.18 (446034136)|ENTERING_MANAGED_PKG|Centify
14:47:15.18 (479879368)|ENTERING_MANAGED_PKG|Centify
14:47:15.18 (494454985)|ENTERING_MANAGED_PKG|Centify
14:47:15.18 (494519745)|ENTERING_MANAGED_PKG|Centify
14:47:15.18 (494615995)|ENTERING_MANAGED_PKG|Centify
14:47:15.18 (494649231)|ENTERING_MANAGED_PKG|Centify
14:47:15.18 (494707594)|ENTERING_MANAGED_PKG|Centify
14:47:15.18 (525712192)|ENTERING_MANAGED_PKG|Centify
14:47:15.18 (541256923)|ENTERING_MANAGED_PKG|Centify
14:47:15.18 (541310190)|ENTERING_MANAGED_PKG|Centify
14:47:15.18 (541382721)|ENTERING_MANAGED_PKG|Centify
14:47:15.18 (541412725)|ENTERING_MANAGED_PKG|Centify
14:47:15.18 (541471117)|ENTERING_MANAGED_PKG|Centify
14:47:15.18 (621827613)|ENTERING_MANAGED_PKG|Centify
14:47:15.18 (640740457)|ENTERING_MANAGED_PKG|Centify
14:47:15.18 (640792791)|ENTERING_MANAGED_PKG|Centify
14:47:15.18 (640863657)|ENTERING_MANAGED_PKG|Centify
14:47:15.18 (640892910)|ENTERING_MANAGED_PKG|Centify
14:47:15.18 (640949326)|ENTERING_MANAGED_PKG|Centify
14:47:15.18 (674333859)|ENTERING_MANAGED_PKG|Centify
14:47:15.18 (690671464)|ENTERING_MANAGED_PKG|Centify
14:47:15.18 (690725873)|ENTERING_MANAGED_PKG|Centify
14:47:15.18 (690800202)|ENTERING_MANAGED_PKG|Centify
14:47:15.18 (690830995)|ENTERING_MANAGED_PKG|Centify
14:47:15.18 (690887303)|ENTERING_MANAGED_PKG|Centify
14:47:15.18 (722752403)|ENTERING_MANAGED_PKG|Centify
14:47:15.18 (741711279)|ENTERING_MANAGED_PKG|Centify
14:47:15.18 (741766081)|ENTERING_MANAGED_PKG|Centify
14:47:15.18 (741841099)|ENTERING_MANAGED_PKG|Centify
14:47:15.18 (741871961)|ENTERING_MANAGED_PKG|Centify
14:47:15.18 (741929839)|ENTERING_MANAGED_PKG|Centify
14:47:15.18 (774475845)|ENTERING_MANAGED_PKG|Centify
14:47:15.18 (790110582)|ENTERING_MANAGED_PKG|Centify
14:47:15.18 (790163420)|ENTERING_MANAGED_PKG|Centify
14:47:15.18 (790233115)|ENTERING_MANAGED_PKG|Centify
14:47:15.18 (790262418)|ENTERING_MANAGED_PKG|Centify
14:47:15.18 (790317502)|ENTERING_MANAGED_PKG|Centify
14:47:15.18 (821612313)|ENTERING_MANAGED_PKG|Centify
14:47:15.18 (836349628)|ENTERING_MANAGED_PKG|Centify
14:47:15.18 (836417384)|ENTERING_MANAGED_PKG|Centify
14:47:15.18 (836489597)|ENTERING_MANAGED_PKG|Centify
14:47:15.18 (836519309)|ENTERING_MANAGED_PKG|Centify
14:47:15.18 (836592803)|ENTERING_MANAGED_PKG|Centify
14:47:15.18 (867447208)|ENTERING_MANAGED_PKG|Centify
14:47:15.18 (881740577)|ENTERING_MANAGED_PKG|Centify
14:47:15.18 (881794061)|ENTERING_MANAGED_PKG|Centify
14:47:15.18 (881868341)|ENTERING_MANAGED_PKG|Centify
14:47:15.18 (881899637)|ENTERING_MANAGED_PKG|Centify
14:47:15.18 (881957833)|ENTERING_MANAGED_PKG|Centify
14:47:15.18 (912644652)|ENTERING_MANAGED_PKG|Centify
14:47:15.18 (912723102)|ENTERING_MANAGED_PKG|Centify
14:47:15.18 (912832055)|ENTERING_MANAGED_PKG|Centify
14:47:15.18 (912854978)|ENTERING_MANAGED_PKG|Centify
14:47:15.18 (912978849)|ENTERING_MANAGED_PKG|Centify
14:47:15.18 (913016772)|ENTERING_MANAGED_PKG|Centify
14:47:15.18 (913054130)|ENTERING_MANAGED_PKG|Centify
14:47:15.18 (914142634)|ENTERING_MANAGED_PKG|Centify
14:47:15.18 (914234989)|ENTERING_MANAGED_PKG|Centify
14:47:15.18 (926765403)|ENTERING_MANAGED_PKG|Centify
14:47:15.18 (926850114)|ENTERING_MANAGED_PKG|Centify
14:47:15.18 (926935186)|ENTERING_MANAGED_PKG|Centify
14:47:15.18 (927545818)|ENTERING_MANAGED_PKG|Centify
14:47:15.18 (928333865)|SOQL_EXECUTE_BEGIN|[16]|Aggregations:0|select id,lastmodifieddate,isdeleted,salesperson__c,has_gtm_code_been_sent_to_client__c,are_all_possible_extensions_setup__c,status__c,product_type__c,ownerid,createddate,name,management_price__c from Sign_Up__c where LastModifiedDate >2019-01-09T04:45:52Z AND LastModifiedDate < 2019-01-09T04:47:21Z AND (  Management_Price__c > 0.00)  ORDER BY SystemModStamp DESC LIMIT 5000  ALL ROWS
14:47:15.18 (932803572)|SOQL_EXECUTE_END|[16]|Rows:0
14:47:15.957 (957169311)|CUMULATIVE_LIMIT_USAGE
14:47:15.957 (957169311)|LIMIT_USAGE_FOR_NS|(default)|
  Number of SOQL queries: 0 out of 200
  Number of query rows: 0 out of 50000
  Number of SOSL queries: 0 out of 20
  Number of DML statements: 0 out of 150
  Number of DML rows: 0 out of 10000
  Maximum CPU time: 0 out of 60000
  Maximum heap size: 0 out of 12000000
  Number of callouts: 0 out of 0
  Number of Email Invocations: 0 out of 10
  Number of future calls: 0 out of 0
  Number of queueable jobs added to the queue: 0 out of 1
  Number of Mobile Apex push calls: 0 out of 10

14:47:15.957 (957169311)|LIMIT_USAGE_FOR_NS|Centify|
  Number of SOQL queries: 0 out of 200
  Number of query rows: 0 out of 50000
  Number of SOSL queries: 0 out of 20
  Number of DML statements: 0 out of 150
  Number of DML rows: 0 out of 10000
  Maximum CPU time: 0 out of 60000
  Maximum heap size: 0 out of 12000000
  Number of callouts: 0 out of 0
  Number of Email Invocations: 0 out of 10
  Number of future calls: 0 out of 0
  Number of queueable jobs added to the queue: 0 out of 1
  Number of Mobile Apex push calls: 0 out of 10

14:47:15.957 (957169311)|CUMULATIVE_LIMIT_USAGE_END

