36.0 APEX_CODE,FINEST;APEX_PROFILING,INFO;CALLOUT,INFO;DB,INFO;NBA,INFO;SYSTEM,DEBUG;VALIDATION,INFO;VISUALFORCE,INFO;WAVE,INFO;WORKFLOW,INFO
14:41:04.0 (143688)|USER_INFO|[EXTERNAL]|00590000000Vmmq|ben@bjbglobal.com.au|Australian Eastern Standard Time|GMT+10:00
14:41:04.0 (198393)|EXECUTION_STARTED
14:41:04.0 (203138)|CODE_UNIT_STARTED|[EXTERNAL]|TRIGGERS
14:41:04.0 (233639)|CODE_UNIT_STARTED|[EXTERNAL]|01q6F000001IGJa|LinkCaseCallstoContact on Task trigger event BeforeInsert|__sfdc_trigger/LinkCaseCallstoContact
14:41:04.0 (286493)|HEAP_ALLOCATE|[EXTERNAL]|Bytes:8
14:41:04.0 (724895)|HEAP_ALLOCATE|[72]|Bytes:3
14:41:04.0 (768532)|HEAP_ALLOCATE|[77]|Bytes:152
14:41:04.0 (783637)|HEAP_ALLOCATE|[342]|Bytes:408
14:41:04.0 (795410)|HEAP_ALLOCATE|[355]|Bytes:408
14:41:04.0 (806343)|HEAP_ALLOCATE|[467]|Bytes:48
14:41:04.0 (836899)|HEAP_ALLOCATE|[139]|Bytes:6
14:41:04.0 (852646)|HEAP_ALLOCATE|[EXTERNAL]|Bytes:6
14:41:04.0 (869708)|HEAP_ALLOCATE|[EXTERNAL]|Bytes:4
14:41:04.0 (877496)|VARIABLE_SCOPE_BEGIN|[1]|this|LinkCaseCallstoContact|true|false
14:41:04.0 (1070319)|VARIABLE_ASSIGNMENT|[1]|this|{}|0x20090174
14:41:04.0 (1133671)|HEAP_ALLOCATE|[EXTERNAL]|Bytes:4
14:41:04.0 (1142153)|VARIABLE_SCOPE_BEGIN|[1]|this|LinkCaseCallstoContact|true|false
14:41:04.0 (1155351)|VARIABLE_ASSIGNMENT|[1]|this|{}|0x20090174
14:41:04.0 (1164298)|STATEMENT_EXECUTE|[1]
14:41:04.0 (1197539)|HEAP_ALLOCATE|[50]|Bytes:5
14:41:04.0 (1223014)|HEAP_ALLOCATE|[56]|Bytes:5
14:41:04.0 (1231347)|HEAP_ALLOCATE|[64]|Bytes:7
14:41:04.0 (1578302)|HEAP_ALLOCATE|[2]|Bytes:5
14:41:04.0 (1634661)|HEAP_ALLOCATE|[2]|Bytes:4
14:41:04.0 (1647402)|VARIABLE_SCOPE_BEGIN|[2]|tsk|Task|true|false
14:41:04.0 (14470055)|VARIABLE_ASSIGNMENT|[2]|tsk|{"WhatId":"0019000000CIj0MAAT","CallType":"Outbound","IsHighPriority":false,"IsClosed":false,"NVMStatsSF__NVM_Agent__c":"71","Is_Mobile_Number__c":false,"OwnerId":"0056F000007UuXXQA0","IsToday__c":false,"IsReminderSet":false,"Status":"Completed","IsDeleted":false,"NVMContactWorld__CW_Call_Start_Time__c":"2019-01-09T04:41:03.000Z","ActivityDate":"2019-01-09T00:00:00.000Z","Priority":"Normal","IsVisibleInSelfService":false,"NVMContactWorld__Was_Call_Recorded__c":false,"CurrencyIsoCode":"AUD","IsRecurrence":false,"Subject":"Outbound call to +61 (9 more) ...","IsArchived":false,"CallObject":"016830e9-ecaf-8668-5 (16 more) ...","NVMContactWorld__Customer_Number__c":"+61393546005","NVMContactWorld__ContactWorld_Number__c":"61731530806","Day_of_the_Week__c":"Wednesday","Call_Duration_min__c":0.00,"Call_Monitored__c":false}|0x331fabb4
14:41:04.0 (14503427)|STATEMENT_EXECUTE|[2]
14:41:04.0 (14554477)|HEAP_ALLOCATE|[4]|Bytes:8
14:41:04.0 (14614472)|STATEMENT_EXECUTE|[4]
14:41:04.0 (14617008)|STATEMENT_EXECUTE|[5]
14:41:04.0 (15597430)|USER_DEBUG|[5]|DEBUG|Task:{Id=null, WhoId=null, WhatId=0019000000CIj0MAAT, Subject=Outbound call to +61393546005, ActivityDate=2019-01-09 00:00:00, Status=Completed, Priority=Normal, IsHighPriority=false, OwnerId=0056F000007UuXXQA0, Description=null, CurrencyIsoCode=AUD, Type=null, IsDeleted=false, AccountId=null, IsClosed=false, CreatedDate=null, CreatedById=null, LastModifiedDate=null, LastModifiedById=null, SystemModstamp=null, IsArchived=false, IsVisibleInSelfService=false, CallDurationInSeconds=null, CallType=Outbound, CallDisposition=null, CallObject=016830e9-ecaf-8668-5c97-0147c10ebb1d, ReminderDateTime=null, IsReminderSet=false, ConnectionReceivedId=null, ConnectionSentId=null, RecurrenceActivityId=null, IsRecurrence=false, RecurrenceStartDateOnly=null, RecurrenceEndDateOnly=null, RecurrenceTimeZoneSidKey=null, RecurrenceType=null, RecurrenceInterval=null, RecurrenceDayOfWeekMask=null, RecurrenceDayOfMonth=null, RecurrenceInstance=null, RecurrenceMonthOfYear=null, RecurrenceRegeneratedType=null, TaskSubtype=null, NVMContactWorld__ACD__c=null, NVMContactWorld__CW_Call_End_Time__c=null, NVMContactWorld__CW_Call_Start_Time__c=2019-01-09 04:41:03, NVMContactWorld__CallRingTimeInSeconds__c=null, NVMContactWorld__CallTalkTimeInSeconds__c=null, NVMContactWorld__ContactWorld_Number__c=61731530806, NVMContactWorld__Customer_Number__c=+61393546005, NVMContactWorld__InteractionQuality__c=null, NVMContactWorld__Service_Name__c=null, NVMContactWorld__Was_Call_Recorded__c=false, Call_Monitored__c=false, Monitored_By__c=null, Call_Outcome_Result__c=null, Monitored_Date__c=null, Demonstrate_active_listening__c=null, Communication_is_clear_positive_confiden__c=null, Mirrors_clients_talking_behaviour__c=null, Built_Rapport__c=null, Allow_customer_to_present_concerns__c=null, Gave_correct_answers_and_infomations__c=null, CM_advised_what_will_happen_next__c=null, TL_Notes__c=null, Day_of_the_Week__c=Wednesday, Email_Received_Date__c=null, Email_Response_Time__c=null, Call_Duration_converted__c=null, Email_Received_Date_Business_Hour__c=null, NVMStatsSF__NVM_Agent__c=71, Is_Mobile_Number__c=false, Call_Duration_min__c=0.00, IsToday__c=false}
14:41:04.0 (15654790)|STATEMENT_EXECUTE|[6]
14:41:04.0 (15658053)|STATEMENT_EXECUTE|[6]
14:41:04.0 (15660369)|STATEMENT_EXECUTE|[7]
14:41:04.0 (15672910)|HEAP_ALLOCATE|[7]|Bytes:65
14:41:04.0 (15702154)|HEAP_ALLOCATE|[7]|Bytes:4
14:41:04.0 (15717882)|HEAP_ALLOCATE|[7]|Bytes:7
14:41:04.0 (16735589)|SOQL_EXECUTE_BEGIN|[7]|Aggregations:0|SELECT Id, Account__c, phone__c FROM Cases__c WHERE id = :tmpVar1
14:41:04.0 (31441282)|SOQL_EXECUTE_END|[7]|Rows:0
14:41:04.0 (31486226)|HEAP_ALLOCATE|[7]|Bytes:4
14:41:04.0 (31502404)|HEAP_ALLOCATE|[7]|Bytes:0
14:41:04.0 (31596163)|HEAP_ALLOCATE|[7]|Bytes:4
14:41:04.0 (31620978)|HEAP_ALLOCATE|[7]|Bytes:34
14:41:04.0 (31741909)|HEAP_ALLOCATE|[7]|Bytes:46
14:41:04.0 (31784460)|VARIABLE_SCOPE_BEGIN|[14]|e|Exception|true|false
14:41:04.0 (32072068)|VARIABLE_ASSIGNMENT|[14]|e|"common.apex.runtime.impl.ExecutionException: List has no rows for assignment to SObject"|0x1fd5131e
14:41:04.0 (32087268)|STATEMENT_EXECUTE|[14]
14:41:04.0 (32090856)|STATEMENT_EXECUTE|[15]
14:41:04.0 (32161114)|HEAP_ALLOCATE|[15]|Bytes:42
14:41:04.0 (32194165)|USER_DEBUG|[15]|DEBUG|List has no rows for assignment to SObject
14:41:04.0 (32226131)|HEAP_ALLOCATE|[2]|Bytes:5
14:41:04.0 (32248882)|VARIABLE_ASSIGNMENT|[2]|tsk|null|
14:41:04.32 (32265982)|CUMULATIVE_LIMIT_USAGE
14:41:04.32 (32265982)|LIMIT_USAGE_FOR_NS|(default)|
  Number of SOQL queries: 1 out of 100
  Number of query rows: 0 out of 50000
  Number of SOSL queries: 0 out of 20
  Number of DML statements: 0 out of 150
  Number of DML rows: 0 out of 10000
  Maximum CPU time: 0 out of 10000
  Maximum heap size: 0 out of 6000000
  Number of callouts: 0 out of 100
  Number of Email Invocations: 0 out of 10
  Number of future calls: 0 out of 50
  Number of queueable jobs added to the queue: 0 out of 50
  Number of Mobile Apex push calls: 0 out of 10

14:41:04.32 (32265982)|CUMULATIVE_LIMIT_USAGE_END

14:41:04.0 (35087431)|CODE_UNIT_FINISHED|LinkCaseCallstoContact on Task trigger event BeforeInsert|__sfdc_trigger/LinkCaseCallstoContact
14:41:04.0 (45173240)|CODE_UNIT_STARTED|[EXTERNAL]|01q6F000001IKsI|TaskTrigger on Task trigger event BeforeInsert|__sfdc_trigger/TaskTrigger
14:41:04.0 (45242007)|HEAP_ALLOCATE|[EXTERNAL]|Bytes:8
14:41:04.0 (45367009)|HEAP_ALLOCATE|[EXTERNAL]|Bytes:4
14:41:04.0 (45381373)|VARIABLE_SCOPE_BEGIN|[5]|this|TaskTrigger|true|false
14:41:04.0 (45425186)|VARIABLE_ASSIGNMENT|[5]|this|{}|0x1df8b388
14:41:04.0 (45504670)|HEAP_ALLOCATE|[EXTERNAL]|Bytes:4
14:41:04.0 (45513962)|VARIABLE_SCOPE_BEGIN|[5]|this|TaskTrigger|true|false
14:41:04.0 (45530295)|VARIABLE_ASSIGNMENT|[5]|this|{}|0x1df8b388
14:41:04.0 (45542458)|STATEMENT_EXECUTE|[5]
14:41:04.0 (45577041)|STATEMENT_EXECUTE|[6]
14:41:04.0 (45578957)|STATEMENT_EXECUTE|[7]
14:41:04.0 (48009162)|VARIABLE_SCOPE_BEGIN|[2]|TaskHelper.TASK_STATUS|String|false|true
14:41:04.0 (48030916)|VARIABLE_SCOPE_BEGIN|[3]|TaskHelper.TASK_SUBJECT|String|false|true
14:41:04.0 (48044559)|VARIABLE_SCOPE_BEGIN|[4]|TaskHelper.TASK_TYPE|String|false|true
14:41:04.0 (48105800)|HEAP_ALLOCATE|[7]|Bytes:4
14:41:04.0 (48116797)|HEAP_ALLOCATE|[7]|Bytes:2
14:41:04.0 (48135575)|METHOD_ENTRY|[1]|01p6F000009rWtF|TaskHelper.TaskHelper()
14:41:04.0 (48143486)|STATEMENT_EXECUTE|[1]
14:41:04.0 (48147144)|STATEMENT_EXECUTE|[1]
14:41:04.0 (48148898)|STATEMENT_EXECUTE|[2]
14:41:04.0 (48159671)|HEAP_ALLOCATE|[2]|Bytes:9
14:41:04.0 (48188740)|VARIABLE_ASSIGNMENT|[2]|TaskHelper.TASK_STATUS|"Completed"
14:41:04.0 (48197430)|STATEMENT_EXECUTE|[3]
14:41:04.0 (48206544)|HEAP_ALLOCATE|[3]|Bytes:16
14:41:04.0 (48222531)|VARIABLE_ASSIGNMENT|[3]|TaskHelper.TASK_SUBJECT|"Outbound call to"
14:41:04.0 (48232030)|STATEMENT_EXECUTE|[4]
14:41:04.0 (48247156)|VARIABLE_ASSIGNMENT|[4]|TaskHelper.TASK_TYPE|"Outbound"
14:41:04.0 (48261439)|METHOD_EXIT|[1]|TaskHelper
14:41:04.0 (48279621)|HEAP_ALLOCATE|[7]|Bytes:4
14:41:04.0 (48299161)|CONSTRUCTOR_ENTRY|[7]|01p6F000009rWtF|<init>()|TaskHelper
14:41:04.0 (48329076)|VARIABLE_SCOPE_BEGIN|[1]|this|TaskHelper|true|false
14:41:04.0 (48353766)|VARIABLE_ASSIGNMENT|[1]|this|{}|0x7ea6abe0
14:41:04.0 (48370993)|HEAP_ALLOCATE|[EXTERNAL]|Bytes:6
14:41:04.0 (48419462)|STATEMENT_EXECUTE|[1]
14:41:04.0 (48427206)|CONSTRUCTOR_EXIT|[7]|01p6F000009rWtF|<init>()|TaskHelper
14:41:04.0 (48438811)|VARIABLE_SCOPE_BEGIN|[7]|helper|TaskHelper|true|false
14:41:04.0 (48459318)|VARIABLE_ASSIGNMENT|[7]|helper|{}|0x7ea6abe0
14:41:04.0 (48471042)|STATEMENT_EXECUTE|[8]
14:41:04.0 (48556451)|METHOD_ENTRY|[8]|01p6F000009rWtF|TaskHelper.setupContactToReurnCallTasks(List<Task>)
14:41:04.0 (48589567)|VARIABLE_SCOPE_BEGIN|[11]|this|TaskHelper|true|false
14:41:04.0 (48613273)|VARIABLE_ASSIGNMENT|[11]|this|{}|0x7ea6abe0
14:41:04.0 (48625194)|VARIABLE_SCOPE_BEGIN|[11]|newTasks|List<Task>|true|false
14:41:04.0 (50564200)|VARIABLE_ASSIGNMENT|[11]|newTasks|[{"WhatId":"0019000000CIj0MAAT","CallType":"Outbound","IsHighPriority":false,"IsClosed":false,"NVMStatsSF__NVM_Agent__c":"71","Is_Mobile_Number__c":false,"OwnerId":"0056F000007UuXXQA0","IsToday__c":false,"IsReminderSet":false,"Status":"Completed","IsDeleted":false,"NVMContactWorld__CW_Call_Start_Time__c":"2019-01-09T04:41:03.000Z","ActivityDate":"2019-01-09T00:00:00.000Z","Priority":"Normal","IsVisibleInSelfService":false,"NVMContactWorld__Was_Call_Recorded__c":false,"CurrencyIsoCode":"AUD","IsRecurrence":false,"Subject":"Outbound call to +61 (9 more) ...","IsArchived":false,"CallObject":"016830e9-ecaf-8668-5 (16 more) ...","NVMContactWorld__Customer_Number__c":"+61393546005","NVMContactWorld__ContactWorld_Number__c":"61731530806","Day_of_the_Week__c":"Wednesday","Call_Duration_min__c":0.00,"Call_Monitored__c":false}]|0x4b05f7db
14:41:04.0 (50596377)|STATEMENT_EXECUTE|[11]
14:41:04.0 (50599060)|STATEMENT_EXECUTE|[12]
14:41:04.0 (50628444)|HEAP_ALLOCATE|[12]|Bytes:4
14:41:04.0 (50687529)|VARIABLE_SCOPE_BEGIN|[12]|voicemailIds|List<Id>|true|false
14:41:04.0 (50728939)|HEAP_ALLOCATE|[EXTERNAL]|Bytes:4
14:41:04.0 (50744414)|VARIABLE_ASSIGNMENT|[12]|voicemailIds|[]|0x37bcf0
14:41:04.0 (50755821)|STATEMENT_EXECUTE|[13]
14:41:04.0 (50780831)|HEAP_ALLOCATE|[13]|Bytes:4
14:41:04.0 (50800715)|VARIABLE_SCOPE_BEGIN|[13]|contactIds|Map<Id,Id>|true|false
14:41:04.0 (50824341)|VARIABLE_ASSIGNMENT|[13]|contactIds|{}|0x6f0b1f8a
14:41:04.0 (50832939)|STATEMENT_EXECUTE|[14]
14:41:04.0 (50847396)|HEAP_ALLOCATE|[14]|Bytes:4
14:41:04.0 (50872849)|VARIABLE_SCOPE_BEGIN|[14]|results|List<Task>|true|false
14:41:04.0 (50890589)|HEAP_ALLOCATE|[EXTERNAL]|Bytes:4
14:41:04.0 (50900224)|VARIABLE_ASSIGNMENT|[14]|results|[]|0x4b402467
14:41:04.0 (50965498)|HEAP_ALLOCATE|[16]|Bytes:5
14:41:04.0 (50996191)|HEAP_ALLOCATE|[16]|Bytes:4
14:41:04.0 (51010099)|VARIABLE_SCOPE_BEGIN|[16]|item|Task|true|false
14:41:04.0 (52199377)|VARIABLE_ASSIGNMENT|[16]|item|{"WhatId":"0019000000CIj0MAAT","CallType":"Outbound","IsHighPriority":false,"IsClosed":false,"NVMStatsSF__NVM_Agent__c":"71","Is_Mobile_Number__c":false,"OwnerId":"0056F000007UuXXQA0","IsToday__c":false,"IsReminderSet":false,"Status":"Completed","IsDeleted":false,"NVMContactWorld__CW_Call_Start_Time__c":"2019-01-09T04:41:03.000Z","ActivityDate":"2019-01-09T00:00:00.000Z","Priority":"Normal","IsVisibleInSelfService":false,"NVMContactWorld__Was_Call_Recorded__c":false,"CurrencyIsoCode":"AUD","IsRecurrence":false,"Subject":"Outbound call to +61 (9 more) ...","IsArchived":false,"CallObject":"016830e9-ecaf-8668-5 (16 more) ...","NVMContactWorld__Customer_Number__c":"+61393546005","NVMContactWorld__ContactWorld_Number__c":"61731530806","Day_of_the_Week__c":"Wednesday","Call_Duration_min__c":0.00,"Call_Monitored__c":false}|0x331fabb4
14:41:04.0 (52228329)|STATEMENT_EXECUTE|[16]
14:41:04.0 (52435883)|STATEMENT_EXECUTE|[17]
14:41:04.0 (52439541)|STATEMENT_EXECUTE|[18]
14:41:04.0 (52489168)|HEAP_ALLOCATE|[18]|Bytes:18
14:41:04.0 (52514045)|HEAP_ALLOCATE|[18]|Bytes:18
14:41:04.0 (52523166)|VARIABLE_SCOPE_BEGIN|[18]|voicemailId|String|false|false
14:41:04.0 (52541650)|VARIABLE_ASSIGNMENT|[18]|voicemailId|"0019000000CIj0MAAT"
14:41:04.0 (52547486)|STATEMENT_EXECUTE|[19]
14:41:04.0 (52556410)|HEAP_ALLOCATE|[19]|Bytes:57
14:41:04.0 (52590866)|HEAP_ALLOCATE|[19]|Bytes:18
14:41:04.0 (52609868)|HEAP_ALLOCATE|[19]|Bytes:75
14:41:04.0 (52636151)|USER_DEBUG|[19]|DEBUG|TaskHelper :: setupContactToReurnCallTasks :: item.WhatId0019000000CIj0MAAT
14:41:04.0 (52653759)|HEAP_ALLOCATE|[20]|Bytes:12
14:41:04.0 (53008761)|HEAP_ALLOCATE|[20]|Bytes:4
14:41:04.0 (53051991)|HEAP_ALLOCATE|[20]|Bytes:3
14:41:04.0 (53084311)|STATEMENT_EXECUTE|[20]
14:41:04.0 (53107549)|HEAP_ALLOCATE|[16]|Bytes:5
14:41:04.0 (53126919)|VARIABLE_ASSIGNMENT|[16]|item|null|
14:41:04.0 (53135709)|STATEMENT_EXECUTE|[28]
14:41:04.0 (53144309)|HEAP_ALLOCATE|[28]|Bytes:72
14:41:04.0 (53163365)|HEAP_ALLOCATE|[28]|Bytes:4
14:41:04.0 (53620379)|SOQL_EXECUTE_BEGIN|[28]|Aggregations:0|SELECT Id, Account__c, Contact__c FROM Voicemail__c WHERE id IN :tmpVar1
14:41:04.0 (55320200)|SOQL_EXECUTE_END|[28]|Rows:0
14:41:04.0 (55354985)|HEAP_ALLOCATE|[28]|Bytes:4
14:41:04.0 (55372237)|HEAP_ALLOCATE|[28]|Bytes:0
14:41:04.0 (55454372)|HEAP_ALLOCATE|[28]|Bytes:4
14:41:04.0 (55469754)|VARIABLE_SCOPE_BEGIN|[28]|voicemails|List<Voicemail__c>|true|false
14:41:04.0 (55487528)|VARIABLE_ASSIGNMENT|[28]|voicemails|[]|0x384250f
14:41:04.0 (55734217)|HEAP_ALLOCATE|[29]|Bytes:5
14:41:04.0 (55766323)|VARIABLE_ASSIGNMENT|[29]|item|null|
14:41:04.0 (55775829)|STATEMENT_EXECUTE|[29]
14:41:04.0 (55819030)|HEAP_ALLOCATE|[34]|Bytes:5
14:41:04.0 (55841432)|HEAP_ALLOCATE|[34]|Bytes:4
14:41:04.0 (55853056)|VARIABLE_SCOPE_BEGIN|[34]|item|Task|true|false
14:41:04.0 (57022469)|VARIABLE_ASSIGNMENT|[34]|item|{"WhatId":"0019000000CIj0MAAT","CallType":"Outbound","IsHighPriority":false,"IsClosed":false,"NVMStatsSF__NVM_Agent__c":"71","Is_Mobile_Number__c":false,"OwnerId":"0056F000007UuXXQA0","IsToday__c":false,"IsReminderSet":false,"Status":"Completed","IsDeleted":false,"NVMContactWorld__CW_Call_Start_Time__c":"2019-01-09T04:41:03.000Z","ActivityDate":"2019-01-09T00:00:00.000Z","Priority":"Normal","IsVisibleInSelfService":false,"NVMContactWorld__Was_Call_Recorded__c":false,"CurrencyIsoCode":"AUD","IsRecurrence":false,"Subject":"Outbound call to +61 (9 more) ...","IsArchived":false,"CallObject":"016830e9-ecaf-8668-5 (16 more) ...","NVMContactWorld__Customer_Number__c":"+61393546005","NVMContactWorld__ContactWorld_Number__c":"61731530806","Day_of_the_Week__c":"Wednesday","Call_Duration_min__c":0.00,"Call_Monitored__c":false}|0x331fabb4
14:41:04.0 (57049467)|STATEMENT_EXECUTE|[34]
14:41:04.0 (57052177)|STATEMENT_EXECUTE|[35]
14:41:04.0 (58188200)|VARIABLE_ASSIGNMENT|[35]|this.WhoId|null|0x331fabb4
14:41:04.0 (58220377)|HEAP_ALLOCATE|[34]|Bytes:5
14:41:04.0 (58241286)|VARIABLE_ASSIGNMENT|[34]|item|null|
14:41:04.0 (58258645)|METHOD_EXIT|[8]|01p6F000009rWtF|TaskHelper.setupContactToReurnCallTasks(List<Task>)
14:41:04.58 (58274351)|CUMULATIVE_LIMIT_USAGE
14:41:04.58 (58274351)|LIMIT_USAGE_FOR_NS|(default)|
  Number of SOQL queries: 2 out of 100
  Number of query rows: 0 out of 50000
  Number of SOSL queries: 0 out of 20
  Number of DML statements: 0 out of 150
  Number of DML rows: 0 out of 10000
  Maximum CPU time: 0 out of 10000
  Maximum heap size: 0 out of 6000000
  Number of callouts: 0 out of 100
  Number of Email Invocations: 0 out of 10
  Number of future calls: 0 out of 50
  Number of queueable jobs added to the queue: 0 out of 50
  Number of Mobile Apex push calls: 0 out of 10

14:41:04.58 (58274351)|CUMULATIVE_LIMIT_USAGE_END

14:41:04.0 (59715939)|CODE_UNIT_FINISHED|TaskTrigger on Task trigger event BeforeInsert|__sfdc_trigger/TaskTrigger
14:41:04.0 (63854445)|CODE_UNIT_STARTED|[EXTERNAL]|Validation:Task:new
14:41:04.0 (63873194)|VALIDATION_RULE|03d6F000000qFaO|Finish_all_call_monitor_field
14:41:04.0 (64315542)|VALIDATION_FORMULA|AND(!ISBLANK(Monitored_By__c),
    OR(ISBLANK( TEXT(CM_advised_what_will_happen_next__c)),
       ISBLANK( TEXT(Allow_customer_to_present_concerns__c) ),
       ISBLANK( TEXT(Communication_is_clear_positive_confiden__c) ),
       ISBLANK( TEXT(Demonstrate_active_listening__c )),
       ISBLANK( TEXT(Gave_correct_answers_and_infomations__c) ),
       ISBLANK( TEXT(Mirrors_clients_talking_behaviour__c) ) ))|CM_advised_what_will_happen_next__c=null , Demonstrate_active_listening__c=null , Communication_is_clear_positive_confiden__c=null , Allow_customer_to_present_concerns__c=null , Gave_correct_answers_and_infomations__c=null , Mirrors_clients_talking_behaviour__c=null , Monitored_By__c=null
14:41:04.0 (64332265)|VALIDATION_PASS
14:41:04.0 (64335201)|VALIDATION_RULE|03d900000009JbB|Interac_Quality_Must_Be_Between_1_and_10
14:41:04.0 (64415327)|VALIDATION_FORMULA|NVMContactWorld__InteractionQuality__c < 1  &#124;&#124;  NVMContactWorld__InteractionQuality__c > 10|NVMContactWorld__InteractionQuality__c=null
14:41:04.0 (64426258)|VALIDATION_PASS
14:41:04.0 (64622159)|CODE_UNIT_FINISHED|Validation:Task:new
14:41:04.0 (127877470)|CODE_UNIT_STARTED|[EXTERNAL]|Workflow:Task
14:41:04.0 (135951749)|WF_RULE_EVAL_BEGIN|Workflow
14:41:04.0 (136002507)|WF_CRITERIA_BEGIN|[Task:  00T6F00005LrRtJ]|Update Call Monitor Details|01Q6F0000002Tdt|ON_CREATE_OR_TRIGGERING_UPDATE|0
14:41:04.0 (139731026)|WF_RULE_FILTER|[Task : Monitored By not equal to ]
14:41:04.0 (139762964)|WF_RULE_EVAL_VALUE|
14:41:04.0 (139770929)|WF_CRITERIA_END|false
14:41:04.0 (139794451)|WF_CRITERIA_BEGIN|[Task:  00T6F00005LrRtJ]|Update_Callback_Request_Due_Date3016F0000005i0e|01Q6F0000019gyq|ON_CREATE_ONLY|0
14:41:04.0 (139895842)|WF_FORMULA|Formula:ENCODED:[treatNullAsNull]true|Values:
14:41:04.0 (139906939)|WF_CRITERIA_END|true
14:41:04.0 (140791427)|WF_CRITERIA_BEGIN|[Task:  00T6F00005LrRtJ]|Call Back Request From LinX|01Q6F000001EY2L|ON_CREATE_OR_TRIGGERING_UPDATE|0
14:41:04.0 (140905756)|WF_RULE_FILTER|[Task : Subject equals Callback Request]
14:41:04.0 (140927292)|WF_RULE_EVAL_VALUE|Outbound call to +61393546005
14:41:04.0 (140934976)|WF_CRITERIA_END|false
14:41:04.0 (140950753)|WF_CRITERIA_BEGIN|[Task:  00T6F00005LrRtJ]|Call_Monitor3016F00000054R3|01Q6F000000oOu7|ON_ALL_CHANGES|0
14:41:04.0 (141009904)|WF_FORMULA|Formula:ENCODED:[treatNullAsNull]true|Values:
14:41:04.0 (141021295)|WF_CRITERIA_END|true
14:41:04.0 (141049270)|WF_SPOOL_ACTION_BEGIN|Workflow
14:41:04.0 (141078690)|WF_ACTION| Flow Trigger: 2;
14:41:04.0 (141087244)|WF_RULE_EVAL_END
14:41:04.0 (141157445)|WF_FLOW_ACTION_BEGIN|09L6F000000PWtL
14:41:04.143 (143039033)|FLOW_CREATE_INTERVIEW_BEGIN|00D90000000IJSa|3006F00000091km|3016F0000005i0e
14:41:04.143 (143910042)|FLOW_CREATE_INTERVIEW_END|809033a1b9c857cec60a3703c1f816830dede57-6356|Update Callback Request Due Date
14:41:04.144 (144356972)|FLOW_START_INTERVIEWS_BEGIN|1
14:41:04.144 (144386293)|FLOW_START_INTERVIEW_BEGIN|809033a1b9c857cec60a3703c1f816830dede57-6356|Update Callback Request Due Date
14:41:04.144 (147097899)|FLOW_START_INTERVIEW_END|809033a1b9c857cec60a3703c1f816830dede57-6356|Update Callback Request Due Date
14:41:04.144 (147127775)|FLOW_START_INTERVIEWS_END|1
14:41:04.0 (148430923)|WF_FLOW_ACTION_END|09L6F000000PWtL
14:41:04.0 (148463749)|WF_FLOW_ACTION_BEGIN|09L6F000000PGTV
14:41:04.150 (150227246)|FLOW_CREATE_INTERVIEW_BEGIN|00D90000000IJSa|3006F0000008usA|3016F00000054R3
14:41:04.150 (151032158)|FLOW_CREATE_INTERVIEW_END|809233a1b9c857cec60a3703c1f816830dede57-6358|Call Monitoring
14:41:04.151 (151309131)|FLOW_START_INTERVIEWS_BEGIN|1
14:41:04.151 (151331441)|FLOW_START_INTERVIEW_BEGIN|809233a1b9c857cec60a3703c1f816830dede57-6358|Call Monitoring
14:41:04.151 (153228657)|FLOW_START_INTERVIEW_END|809233a1b9c857cec60a3703c1f816830dede57-6358|Call Monitoring
14:41:04.151 (153247954)|FLOW_START_INTERVIEWS_END|1
14:41:04.0 (154135282)|WF_FLOW_ACTION_END|09L6F000000PGTV
14:41:04.0 (154235190)|WF_ACTIONS_END| Flow Trigger: 2;
14:41:04.0 (154244422)|CODE_UNIT_FINISHED|Workflow:Task
14:41:04.0 (181951200)|CODE_UNIT_FINISHED|TRIGGERS
14:41:04.0 (181973883)|EXECUTION_FINISHED
