37.0 APEX_CODE,FINEST;APEX_PROFILING,INFO;CALLOUT,INFO;DB,INFO;NBA,INFO;SYSTEM,DEBUG;VALIDATION,INFO;VISUALFORCE,INFO;WAVE,INFO;WORKFLOW,INFO
14:48:01.14 (14591534)|ENTERING_MANAGED_PKG|Centify
14:48:01.14 (15461841)|ENTERING_MANAGED_PKG|Centify
14:48:01.14 (15508830)|ENTERING_MANAGED_PKG|Centify
14:48:01.14 (15700739)|ENTERING_MANAGED_PKG|Centify
14:48:01.14 (15769175)|ENTERING_MANAGED_PKG|Centify
14:48:01.14 (16766785)|ENTERING_MANAGED_PKG|Centify
14:48:01.14 (17137439)|ENTERING_MANAGED_PKG|Centify
14:48:01.14 (17176152)|ENTERING_MANAGED_PKG|Centify
14:48:01.14 (17275439)|ENTERING_MANAGED_PKG|Centify
14:48:01.14 (17328706)|ENTERING_MANAGED_PKG|Centify
14:48:01.14 (17369173)|ENTERING_MANAGED_PKG|Centify
14:48:01.14 (17397333)|ENTERING_MANAGED_PKG|Centify
14:48:01.14 (17420520)|ENTERING_MANAGED_PKG|Centify
14:48:01.14 (17692113)|ENTERING_MANAGED_PKG|Centify
14:48:01.14 (49037902)|ENTERING_MANAGED_PKG|Centify
14:48:01.14 (49109745)|ENTERING_MANAGED_PKG|Centify
14:48:01.14 (49220620)|ENTERING_MANAGED_PKG|Centify
14:48:01.14 (49259415)|ENTERING_MANAGED_PKG|Centify
14:48:01.14 (182105826)|ENTERING_MANAGED_PKG|Centify
14:48:01.14 (217062058)|ENTERING_MANAGED_PKG|Centify
14:48:01.14 (230946151)|ENTERING_MANAGED_PKG|Centify
14:48:01.14 (231002055)|ENTERING_MANAGED_PKG|Centify
14:48:01.14 (231078475)|ENTERING_MANAGED_PKG|Centify
14:48:01.14 (231110182)|ENTERING_MANAGED_PKG|Centify
14:48:01.14 (231171357)|ENTERING_MANAGED_PKG|Centify
14:48:01.14 (258164744)|ENTERING_MANAGED_PKG|Centify
14:48:01.14 (275175270)|ENTERING_MANAGED_PKG|Centify
14:48:01.14 (275246505)|ENTERING_MANAGED_PKG|Centify
14:48:01.14 (275335848)|ENTERING_MANAGED_PKG|Centify
14:48:01.14 (275385240)|ENTERING_MANAGED_PKG|Centify
14:48:01.14 (275479595)|ENTERING_MANAGED_PKG|Centify
14:48:01.14 (307550237)|ENTERING_MANAGED_PKG|Centify
14:48:01.14 (328552799)|ENTERING_MANAGED_PKG|Centify
14:48:01.14 (328621694)|ENTERING_MANAGED_PKG|Centify
14:48:01.14 (328738579)|ENTERING_MANAGED_PKG|Centify
14:48:01.14 (328788187)|ENTERING_MANAGED_PKG|Centify
14:48:01.14 (328887754)|ENTERING_MANAGED_PKG|Centify
14:48:01.14 (354720393)|ENTERING_MANAGED_PKG|Centify
14:48:01.14 (373314012)|ENTERING_MANAGED_PKG|Centify
14:48:01.14 (373384323)|ENTERING_MANAGED_PKG|Centify
14:48:01.14 (373486120)|ENTERING_MANAGED_PKG|Centify
14:48:01.14 (373530090)|ENTERING_MANAGED_PKG|Centify
14:48:01.14 (373614760)|ENTERING_MANAGED_PKG|Centify
14:48:01.14 (400591880)|ENTERING_MANAGED_PKG|Centify
14:48:01.14 (415675247)|ENTERING_MANAGED_PKG|Centify
14:48:01.14 (415734230)|ENTERING_MANAGED_PKG|Centify
14:48:01.14 (415844581)|ENTERING_MANAGED_PKG|Centify
14:48:01.14 (415895546)|ENTERING_MANAGED_PKG|Centify
14:48:01.14 (416007928)|ENTERING_MANAGED_PKG|Centify
14:48:01.14 (436527884)|ENTERING_MANAGED_PKG|Centify
14:48:01.14 (451483402)|ENTERING_MANAGED_PKG|Centify
14:48:01.14 (451532797)|ENTERING_MANAGED_PKG|Centify
14:48:01.14 (451605537)|ENTERING_MANAGED_PKG|Centify
14:48:01.14 (451637250)|ENTERING_MANAGED_PKG|Centify
14:48:01.14 (451696954)|ENTERING_MANAGED_PKG|Centify
14:48:01.14 (471518676)|ENTERING_MANAGED_PKG|Centify
14:48:01.14 (485477260)|ENTERING_MANAGED_PKG|Centify
14:48:01.14 (485518097)|ENTERING_MANAGED_PKG|Centify
14:48:01.14 (485580916)|ENTERING_MANAGED_PKG|Centify
14:48:01.14 (485612209)|ENTERING_MANAGED_PKG|Centify
14:48:01.14 (485668703)|ENTERING_MANAGED_PKG|Centify
14:48:01.14 (502693800)|ENTERING_MANAGED_PKG|Centify
14:48:01.14 (512855805)|ENTERING_MANAGED_PKG|Centify
14:48:01.14 (512891713)|ENTERING_MANAGED_PKG|Centify
14:48:01.14 (512956621)|ENTERING_MANAGED_PKG|Centify
14:48:01.14 (512982885)|ENTERING_MANAGED_PKG|Centify
14:48:01.14 (513033684)|ENTERING_MANAGED_PKG|Centify
14:48:01.14 (529409720)|ENTERING_MANAGED_PKG|Centify
14:48:01.14 (590999686)|ENTERING_MANAGED_PKG|Centify
14:48:01.14 (591045333)|ENTERING_MANAGED_PKG|Centify
14:48:01.14 (591113669)|ENTERING_MANAGED_PKG|Centify
14:48:01.14 (591143843)|ENTERING_MANAGED_PKG|Centify
14:48:01.14 (591202734)|ENTERING_MANAGED_PKG|Centify
14:48:01.14 (613344186)|ENTERING_MANAGED_PKG|Centify
14:48:01.14 (631771855)|ENTERING_MANAGED_PKG|Centify
14:48:01.14 (631827051)|ENTERING_MANAGED_PKG|Centify
14:48:01.14 (631910217)|ENTERING_MANAGED_PKG|Centify
14:48:01.14 (631943240)|ENTERING_MANAGED_PKG|Centify
14:48:01.14 (632006007)|ENTERING_MANAGED_PKG|Centify
14:48:01.14 (654505228)|ENTERING_MANAGED_PKG|Centify
14:48:01.14 (654566963)|ENTERING_MANAGED_PKG|Centify
14:48:01.14 (654706402)|ENTERING_MANAGED_PKG|Centify
14:48:01.14 (654742884)|ENTERING_MANAGED_PKG|Centify
14:48:01.14 (654773468)|ENTERING_MANAGED_PKG|Centify
14:48:01.14 (655060246)|ENTERING_MANAGED_PKG|Centify
14:48:01.14 (655141199)|ENTERING_MANAGED_PKG|Centify
14:48:01.14 (664893250)|ENTERING_MANAGED_PKG|Centify
14:48:01.14 (664958164)|ENTERING_MANAGED_PKG|Centify
14:48:01.14 (665039439)|ENTERING_MANAGED_PKG|Centify
14:48:01.14 (665583794)|ENTERING_MANAGED_PKG|Centify
14:48:01.14 (666377696)|SOQL_EXECUTE_BEGIN|[16]|Aggregations:0|select id,lastmodifieddate,isdeleted,isgmt__c,role__c,name,createddate,ownerid,active_clients__c,customer_service_index__c,service_index_in_string__c from CM_Daily_Stats__c where LastModifiedDate >2019-01-08T22:19:41Z AND LastModifiedDate < 2019-01-09T04:48:06Z AND (  isActive__c =true)  ORDER BY SystemModStamp DESC LIMIT 5000  ALL ROWS
14:48:01.14 (675954455)|SOQL_EXECUTE_END|[16]|Rows:0
14:48:01.695 (695036200)|CUMULATIVE_LIMIT_USAGE
14:48:01.695 (695036200)|LIMIT_USAGE_FOR_NS|(default)|
  Number of SOQL queries: 0 out of 200
  Number of query rows: 0 out of 50000
  Number of SOSL queries: 0 out of 20
  Number of DML statements: 0 out of 150
  Number of DML rows: 0 out of 10000
  Maximum CPU time: 0 out of 60000
  Maximum heap size: 0 out of 12000000
  Number of callouts: 0 out of 0
  Number of Email Invocations: 0 out of 10
  Number of future calls: 0 out of 0
  Number of queueable jobs added to the queue: 0 out of 1
  Number of Mobile Apex push calls: 0 out of 10

14:48:01.695 (695036200)|LIMIT_USAGE_FOR_NS|Centify|
  Number of SOQL queries: 0 out of 200
  Number of query rows: 0 out of 50000
  Number of SOSL queries: 0 out of 20
  Number of DML statements: 0 out of 150
  Number of DML rows: 0 out of 10000
  Maximum CPU time: 0 out of 60000
  Maximum heap size: 0 out of 12000000
  Number of callouts: 0 out of 0
  Number of Email Invocations: 0 out of 10
  Number of future calls: 0 out of 0
  Number of queueable jobs added to the queue: 0 out of 1
  Number of Mobile Apex push calls: 0 out of 10

14:48:01.695 (695036200)|CUMULATIVE_LIMIT_USAGE_END

