20.0 APEX_CODE,FINEST;APEX_PROFILING,INFO;CALLOUT,INFO;DB,INFO;NBA,INFO;SYSTEM,DEBUG;VALIDATION,INFO;VISUALFORCE,INFO;WAVE,INFO;WORKFLOW,INFO
14:35:20.0 (120425)|USER_INFO|[EXTERNAL]|00590000000Vmmq|ben@bjbglobal.com.au|Australian Eastern Standard Time|GMT+10:00
14:35:20.0 (171696)|EXECUTION_STARTED
14:35:20.0 (177470)|CODE_UNIT_STARTED|[EXTERNAL]|01p90000000JZC2|SLXWebService.getAccountDetails(Id, String)
14:35:20.0 (667826)|HEAP_ALLOCATE|[72]|Bytes:3
14:35:20.0 (732469)|HEAP_ALLOCATE|[77]|Bytes:152
14:35:20.0 (753835)|HEAP_ALLOCATE|[342]|Bytes:408
14:35:20.0 (773087)|HEAP_ALLOCATE|[355]|Bytes:408
14:35:20.0 (790332)|HEAP_ALLOCATE|[467]|Bytes:48
14:35:20.0 (825268)|HEAP_ALLOCATE|[139]|Bytes:6
14:35:20.0 (846007)|HEAP_ALLOCATE|[EXTERNAL]|Bytes:430
14:35:20.0 (853443)|HEAP_ALLOCATE|[EXTERNAL]|Bytes:108
14:35:20.0 (857978)|HEAP_ALLOCATE|[EXTERNAL]|Bytes:1190
14:35:20.0 (872714)|METHOD_ENTRY|[1]|01p90000000JZC2|SLXWebService.SLXWebService()
14:35:20.0 (882552)|STATEMENT_EXECUTE|[1]
14:35:20.0 (888468)|STATEMENT_EXECUTE|[1]
14:35:20.0 (890711)|STATEMENT_EXECUTE|[5]
14:35:20.0 (892417)|STATEMENT_EXECUTE|[7]
14:35:20.0 (894327)|STATEMENT_EXECUTE|[12]
14:35:20.0 (896345)|STATEMENT_EXECUTE|[17]
14:35:20.0 (898143)|STATEMENT_EXECUTE|[22]
14:35:20.0 (899968)|STATEMENT_EXECUTE|[27]
14:35:20.0 (902026)|STATEMENT_EXECUTE|[47]
14:35:20.0 (904350)|STATEMENT_EXECUTE|[52]
14:35:20.0 (906432)|STATEMENT_EXECUTE|[57]
14:35:20.0 (908413)|STATEMENT_EXECUTE|[62]
14:35:20.0 (910501)|STATEMENT_EXECUTE|[67]
14:35:20.0 (912999)|STATEMENT_EXECUTE|[72]
14:35:20.0 (915449)|STATEMENT_EXECUTE|[77]
14:35:20.0 (917494)|STATEMENT_EXECUTE|[82]
14:35:20.0 (919630)|STATEMENT_EXECUTE|[87]
14:35:20.0 (921798)|STATEMENT_EXECUTE|[91]
14:35:20.0 (927956)|METHOD_EXIT|[1]|SLXWebService
14:35:20.0 (937272)|HEAP_ALLOCATE|[EXTERNAL]|Bytes:4
14:35:20.0 (950269)|VARIABLE_SCOPE_BEGIN|[471]|account_id|Id|false|false
14:35:20.0 (1246406)|VARIABLE_ASSIGNMENT|[471]|account_id|"0016F00002zvYm4QAE"
14:35:20.0 (1257806)|VARIABLE_SCOPE_BEGIN|[471]|branding_theme_id|String|false|false
14:35:20.0 (1267776)|VARIABLE_ASSIGNMENT|[471]|branding_theme_id|null
14:35:20.0 (1279094)|STATEMENT_EXECUTE|[471]
14:35:20.0 (1281110)|STATEMENT_EXECUTE|[472]
14:35:20.0 (1314751)|HEAP_ALLOCATE|[472]|Bytes:72
14:35:20.0 (1342305)|CONSTRUCTOR_ENTRY|[472]|01p90000000JZC2|<init>()|SLXWebService.WebServiceResultAccountDetails
14:35:20.0 (1374036)|VARIABLE_SCOPE_BEGIN|[27]|this|SLXWebService.WebServiceResultAccountDetails|true|false
14:35:20.0 (1456224)|VARIABLE_ASSIGNMENT|[27]|this|{}|0x2012c7
14:35:20.0 (1468917)|HEAP_ALLOCATE|[EXTERNAL]|Bytes:6
14:35:20.0 (1516902)|STATEMENT_EXECUTE|[27]
14:35:20.0 (1519627)|STATEMENT_EXECUTE|[28]
14:35:20.0 (1526256)|STATEMENT_EXECUTE|[29]
14:35:20.0 (1530042)|STATEMENT_EXECUTE|[30]
14:35:20.0 (1532833)|STATEMENT_EXECUTE|[31]
14:35:20.0 (1535593)|STATEMENT_EXECUTE|[32]
14:35:20.0 (1538409)|STATEMENT_EXECUTE|[33]
14:35:20.0 (1541200)|STATEMENT_EXECUTE|[34]
14:35:20.0 (1543917)|STATEMENT_EXECUTE|[35]
14:35:20.0 (1546661)|STATEMENT_EXECUTE|[36]
14:35:20.0 (1549496)|STATEMENT_EXECUTE|[37]
14:35:20.0 (1552239)|STATEMENT_EXECUTE|[38]
14:35:20.0 (1555056)|STATEMENT_EXECUTE|[39]
14:35:20.0 (1557783)|STATEMENT_EXECUTE|[40]
14:35:20.0 (1560640)|STATEMENT_EXECUTE|[41]
14:35:20.0 (1563399)|STATEMENT_EXECUTE|[42]
14:35:20.0 (1566189)|STATEMENT_EXECUTE|[43]
14:35:20.0 (1569144)|STATEMENT_EXECUTE|[44]
14:35:20.0 (1578889)|CONSTRUCTOR_EXIT|[472]|01p90000000JZC2|<init>()|SLXWebService.WebServiceResultAccountDetails
14:35:20.0 (1588018)|VARIABLE_SCOPE_BEGIN|[472]|return_result|SLXWebService.WebServiceResultAccountDetails|true|false
14:35:20.0 (1609084)|VARIABLE_ASSIGNMENT|[472]|return_result|{}|0x2012c7
14:35:20.0 (1615221)|STATEMENT_EXECUTE|[473]
14:35:20.0 (1621061)|HEAP_ALLOCATE|[473]|Bytes:85
14:35:20.0 (1647566)|HEAP_ALLOCATE|[473]|Bytes:4
14:35:20.0 (1663837)|HEAP_ALLOCATE|[473]|Bytes:7
14:35:20.0 (1689136)|HEAP_ALLOCATE|[50]|Bytes:5
14:35:20.0 (1707099)|HEAP_ALLOCATE|[56]|Bytes:5
14:35:20.0 (1718244)|HEAP_ALLOCATE|[64]|Bytes:7
14:35:20.0 (2708489)|SOQL_EXECUTE_BEGIN|[473]|Aggregations:0|SELECT Id, Name, Company__c, Send_Invoice__c FROM Account WHERE Account.Id = :tmpVar1
14:35:20.0 (5790032)|SOQL_EXECUTE_END|[473]|Rows:1
14:35:20.0 (5828527)|HEAP_ALLOCATE|[473]|Bytes:8
14:35:20.0 (5854326)|HEAP_ALLOCATE|[473]|Bytes:100
14:35:20.0 (5995311)|HEAP_ALLOCATE|[473]|Bytes:8
14:35:20.0 (6017168)|VARIABLE_SCOPE_BEGIN|[473]|accounts|List<Account>|true|false
14:35:20.0 (6070749)|VARIABLE_ASSIGNMENT|[473]|accounts|[{"Id":"0016F00002zvYm4QAE","Name":"Peer Wealth","Company__c":"Peer Wealth","Send_Invoice__c":false}]|0x10bc5b34
14:35:20.0 (6081347)|STATEMENT_EXECUTE|[474]
14:35:20.0 (6093773)|HEAP_ALLOCATE|[474]|Bytes:9
14:35:20.0 (6206151)|HEAP_ALLOCATE|[474]|Bytes:98
14:35:20.0 (6231158)|HEAP_ALLOCATE|[474]|Bytes:107
14:35:20.0 (6261024)|USER_DEBUG|[474]|DEBUG|Accounts:(Account:{Id=0016F00002zvYm4QAE, Name=Peer Wealth, Company__c=Peer Wealth, Send_Invoice__c=false})
14:35:20.0 (6270266)|STATEMENT_EXECUTE|[475]
14:35:20.0 (6291086)|VARIABLE_SCOPE_BEGIN|[475]|account|Account|true|false
14:35:20.0 (6308390)|VARIABLE_ASSIGNMENT|[475]|account|null|
14:35:20.0 (6315019)|STATEMENT_EXECUTE|[476]
14:35:20.0 (6324079)|HEAP_ALLOCATE|[476]|Bytes:194
14:35:20.0 (6347549)|HEAP_ALLOCATE|[476]|Bytes:4
14:35:20.0 (6937885)|SOQL_EXECUTE_BEGIN|[476]|Aggregations:0|SELECT Id, FirstName, LastName, Email, MailingStreet, MailingCity, MailingState, MailingCountry, MailingPostalCode FROM Contact WHERE (Contact.AccountId = :tmpVar1 AND Contact.Title = 'Billing')
14:35:20.0 (10510636)|SOQL_EXECUTE_END|[476]|Rows:1
14:35:20.0 (10536029)|HEAP_ALLOCATE|[476]|Bytes:8
14:35:20.0 (10556772)|HEAP_ALLOCATE|[476]|Bytes:211
14:35:20.0 (10619567)|HEAP_ALLOCATE|[476]|Bytes:8
14:35:20.0 (10654866)|VARIABLE_SCOPE_BEGIN|[476]|contacts|List<Contact>|true|false
14:35:20.0 (10702167)|VARIABLE_ASSIGNMENT|[476]|contacts|[{"Id":"0036F00002pB49zQAC","FirstName":"Elle","LastName":"Atkinson","Email":"elle@peerwealth.com. (2 more) ...","MailingStreet":"Suite 202b, 39 East  (9 more) ...","MailingCity":"Manly","MailingState":"NSW","MailingPostalCode":"2095"}]|0x2399d347
14:35:20.0 (10718546)|STATEMENT_EXECUTE|[477]
14:35:20.0 (10731333)|HEAP_ALLOCATE|[477]|Bytes:9
14:35:20.0 (10837595)|HEAP_ALLOCATE|[477]|Bytes:204
14:35:20.0 (10857311)|HEAP_ALLOCATE|[477]|Bytes:213
14:35:20.0 (10873094)|USER_DEBUG|[477]|DEBUG|Contacts:(Contact:{Id=0036F00002pB49zQAC, FirstName=Elle, LastName=Atkinson, Email=elle@peerwealth.com.au, MailingStreet=Suite 202b, 39 East Esplanade, MailingCity=Manly, MailingState=NSW, MailingPostalCode=2095})
14:35:20.0 (10883690)|STATEMENT_EXECUTE|[478]
14:35:20.0 (10900531)|VARIABLE_SCOPE_BEGIN|[478]|contact|Contact|true|false
14:35:20.0 (10913132)|VARIABLE_ASSIGNMENT|[478]|contact|null|
14:35:20.0 (10924128)|STATEMENT_EXECUTE|[480]
14:35:20.0 (10925815)|STATEMENT_EXECUTE|[481]
14:35:20.0 (10931479)|HEAP_ALLOCATE|[481]|Bytes:36
14:35:20.0 (10942960)|VARIABLE_ASSIGNMENT|[481]|branding_theme_id|"f1e5ca3f-3648-4e8e-b (16 more) ..."
14:35:20.0 (10948174)|STATEMENT_EXECUTE|[483]
14:35:20.0 (10952740)|HEAP_ALLOCATE|[483]|Bytes:138
14:35:20.0 (10968694)|HEAP_ALLOCATE|[483]|Bytes:4
14:35:20.0 (11510093)|SOQL_EXECUTE_BEGIN|[483]|Aggregations:0|SELECT Id, Address__c, Business_Name__c, Email__c, Logo_Code__c, Phone__c FROM Company__c WHERE Company__c.Branding_Theme_Id__c = :tmpVar1
14:35:20.0 (13653823)|SOQL_EXECUTE_END|[483]|Rows:1
14:35:20.0 (13675913)|HEAP_ALLOCATE|[483]|Bytes:8
14:35:20.0 (13698232)|HEAP_ALLOCATE|[483]|Bytes:249
14:35:20.0 (13800036)|HEAP_ALLOCATE|[483]|Bytes:8
14:35:20.0 (13819473)|VARIABLE_SCOPE_BEGIN|[483]|companies|List<Company__c>|true|false
14:35:20.0 (13868167)|VARIABLE_ASSIGNMENT|[483]|companies|[{"Id":"a0C90000002PU4fEAG","Address__c":"Po Box 399\r\nFortitud (18 more) ...","Business_Name__c":"SponsoredLinX","Email__c":"accounts@sponsoredli (6 more) ...","Logo_Code__c":"https://www.sponsore (33 more) ...","Phone__c":"1300 859 600"}]|0x2a9809a2
14:35:20.0 (13883051)|STATEMENT_EXECUTE|[484]
14:35:20.0 (13893166)|HEAP_ALLOCATE|[484]|Bytes:10
14:35:20.0 (13975052)|HEAP_ALLOCATE|[484]|Bytes:247
14:35:20.0 (13999465)|HEAP_ALLOCATE|[484]|Bytes:257
14:35:20.0 (14018719)|USER_DEBUG|[484]|DEBUG|Companies:(Company__c:{Id=a0C90000002PU4fEAG, Address__c=Po Box 399
Fortitude Valley, QLD 4006, Business_Name__c=SponsoredLinX, Email__c=accounts@sponsoredlinx.com, Logo_Code__c=https://www.sponsoredlinx.com/salesforce/SLX-logo.png, Phone__c=1300 859 600})
14:35:20.0 (14036174)|STATEMENT_EXECUTE|[485]
14:35:20.0 (14057830)|VARIABLE_SCOPE_BEGIN|[485]|company|Company__c|true|false
14:35:20.0 (14072542)|VARIABLE_ASSIGNMENT|[485]|company|null|
14:35:20.0 (14164868)|STATEMENT_EXECUTE|[502]
14:35:20.0 (14167361)|STATEMENT_EXECUTE|[503]
14:35:20.0 (14182523)|HEAP_ALLOCATE|[503]|Bytes:20
14:35:20.0 (14205462)|VARIABLE_ASSIGNMENT|[503]|account|{"Id":"0016F00002zvYm4QAE","Name":"Peer Wealth","Company__c":"Peer Wealth","Send_Invoice__c":false}|0x5bf3b106
14:35:20.0 (14212516)|STATEMENT_EXECUTE|[504]
14:35:20.0 (14221866)|HEAP_ALLOCATE|[504]|Bytes:36
14:35:20.0 (14244886)|VARIABLE_ASSIGNMENT|[504]|contact|{"Id":"0036F00002pB49zQAC","FirstName":"Elle","LastName":"Atkinson","Email":"elle@peerwealth.com. (2 more) ...","MailingStreet":"Suite 202b, 39 East  (9 more) ...","MailingCity":"Manly","MailingState":"NSW","MailingPostalCode":"2095"}|0x444dba3
14:35:20.0 (14251997)|STATEMENT_EXECUTE|[505]
14:35:20.0 (14259487)|HEAP_ALLOCATE|[505]|Bytes:28
14:35:20.0 (14279281)|VARIABLE_ASSIGNMENT|[505]|company|{"Id":"a0C90000002PU4fEAG","Address__c":"Po Box 399\r\nFortitud (18 more) ...","Business_Name__c":"SponsoredLinX","Email__c":"accounts@sponsoredli (6 more) ...","Logo_Code__c":"https://www.sponsore (33 more) ...","Phone__c":"1300 859 600"}|0x5eae1a8b
14:35:20.0 (14286579)|STATEMENT_EXECUTE|[507]
14:35:20.0 (14299519)|HEAP_ALLOCATE|[507]|Bytes:5
14:35:20.0 (14320480)|VARIABLE_ASSIGNMENT|[507]|this.status|true|0x2012c7
14:35:20.0 (14326255)|STATEMENT_EXECUTE|[508]
14:35:20.0 (14362880)|VARIABLE_ASSIGNMENT|[508]|this.Name|"Peer Wealth"|0x2012c7
14:35:20.0 (14370086)|STATEMENT_EXECUTE|[509]
14:35:20.0 (14390377)|VARIABLE_ASSIGNMENT|[509]|this.BusinessName|"Peer Wealth"|0x2012c7
14:35:20.0 (14396703)|STATEMENT_EXECUTE|[510]
14:35:20.0 (14414024)|VARIABLE_ASSIGNMENT|[510]|this.SendInvoice|false|0x2012c7
14:35:20.0 (14420138)|STATEMENT_EXECUTE|[511]
14:35:20.0 (14439326)|VARIABLE_ASSIGNMENT|[511]|this.FirstName|"Elle"|0x2012c7
14:35:20.0 (14445397)|STATEMENT_EXECUTE|[512]
14:35:20.0 (14459782)|VARIABLE_ASSIGNMENT|[512]|this.LastName|"Atkinson"|0x2012c7
14:35:20.0 (14465818)|STATEMENT_EXECUTE|[513]
14:35:20.0 (14482568)|VARIABLE_ASSIGNMENT|[513]|this.Email|"elle@peerwealth.com. (2 more) ..."|0x2012c7
14:35:20.0 (14488677)|STATEMENT_EXECUTE|[514]
14:35:20.0 (14504720)|VARIABLE_ASSIGNMENT|[514]|this.Address|"Suite 202b, 39 East  (9 more) ..."|0x2012c7
14:35:20.0 (14510610)|STATEMENT_EXECUTE|[515]
14:35:20.0 (14524927)|VARIABLE_ASSIGNMENT|[515]|this.City|"Manly"|0x2012c7
14:35:20.0 (14530331)|STATEMENT_EXECUTE|[516]
14:35:20.0 (14543755)|VARIABLE_ASSIGNMENT|[516]|this.State|"NSW"|0x2012c7
14:35:20.0 (14549016)|STATEMENT_EXECUTE|[517]
14:35:20.0 (14557664)|VARIABLE_ASSIGNMENT|[517]|this.Country|null|0x2012c7
14:35:20.0 (14562452)|STATEMENT_EXECUTE|[518]
14:35:20.0 (14575923)|VARIABLE_ASSIGNMENT|[518]|this.PostalCode|"2095"|0x2012c7
14:35:20.0 (14581694)|STATEMENT_EXECUTE|[519]
14:35:20.0 (14598172)|VARIABLE_ASSIGNMENT|[519]|this.CompanyName|"SponsoredLinX"|0x2012c7
14:35:20.0 (14603981)|STATEMENT_EXECUTE|[520]
14:35:20.0 (14617981)|VARIABLE_ASSIGNMENT|[520]|this.CompanyAddress|"Po Box 399\r\nFortitud (18 more) ..."|0x2012c7
14:35:20.0 (14623757)|STATEMENT_EXECUTE|[521]
14:35:20.0 (14637177)|VARIABLE_ASSIGNMENT|[521]|this.CompanyLogo|"https://www.sponsore (33 more) ..."|0x2012c7
14:35:20.0 (14643036)|STATEMENT_EXECUTE|[522]
14:35:20.0 (14656553)|VARIABLE_ASSIGNMENT|[522]|this.CompanyPhone|"1300 859 600"|0x2012c7
14:35:20.0 (14661970)|STATEMENT_EXECUTE|[523]
14:35:20.0 (14667412)|HEAP_ALLOCATE|[523]|Bytes:42
14:35:20.0 (14677540)|VARIABLE_ASSIGNMENT|[523]|this.message|"Successfully fetched (22 more) ..."|0x2012c7
14:35:20.0 (14682776)|STATEMENT_EXECUTE|[524]
14:35:20.0 (14687303)|HEAP_ALLOCATE|[524]|Bytes:14
14:35:20.0 (14755311)|HEAP_ALLOCATE|[524]|Bytes:493
14:35:20.0 (14769863)|HEAP_ALLOCATE|[524]|Bytes:507
14:35:20.0 (14779790)|USER_DEBUG|[524]|DEBUG|return_result:WebServiceResultAccountDetails:[Address=Suite 202b, 39 East Esplanade, BusinessName=Peer Wealth, City=Manly, CompanyAddress=Po Box 399
Fortitude Valley, QLD 4006, CompanyLogo=https://www.sponsoredlinx.com/salesforce/SLX-logo.png, CompanyName=SponsoredLinX, CompanyPhone=1300 859 600, Country=null, Email=elle@peerwealth.com.au, FirstName=Elle, LastName=Atkinson, Name=Peer Wealth, PostalCode=2095, SendInvoice=false, State=NSW, message=Successfully fetched all necessary details, status=true]
14:35:20.0 (14797824)|STATEMENT_EXECUTE|[525]
14:35:20.14 (14826612)|CUMULATIVE_LIMIT_USAGE
14:35:20.14 (14826612)|LIMIT_USAGE_FOR_NS|(default)|
  Number of SOQL queries: 3 out of 100
  Number of query rows: 3 out of 50000
  Number of SOSL queries: 0 out of 20
  Number of DML statements: 0 out of 150
  Number of DML rows: 0 out of 10000
  Maximum CPU time: 0 out of 10000
  Maximum heap size: 0 out of 6000000
  Number of callouts: 0 out of 100
  Number of Email Invocations: 0 out of 10
  Number of future calls: 0 out of 50
  Number of queueable jobs added to the queue: 0 out of 50
  Number of Mobile Apex push calls: 0 out of 10

14:35:20.14 (14826612)|CUMULATIVE_LIMIT_USAGE_END

14:35:20.0 (14865415)|CODE_UNIT_FINISHED|SLXWebService.getAccountDetails(Id, String)
14:35:20.0 (15788651)|EXECUTION_FINISHED
14:35:20.62 (62211019)|USER_INFO|[EXTERNAL]|00590000000Vmmq|ben@bjbglobal.com.au|Australian Eastern Standard Time|GMT+10:00
14:35:20.62 (62240323)|EXECUTION_STARTED
14:35:20.62 (62246602)|CODE_UNIT_STARTED|[EXTERNAL]|common.apex.soap.impl.ApexObjectSerializer
14:35:20.62 (62337581)|CODE_UNIT_FINISHED|common.apex.soap.impl.ApexObjectSerializer
14:35:20.62 (63589103)|EXECUTION_FINISHED
14:35:20.63 (63704936)|USER_INFO|[EXTERNAL]|00590000000Vmmq|ben@bjbglobal.com.au|Australian Eastern Standard Time|GMT+10:00
14:35:20.63 (63724148)|EXECUTION_STARTED
14:35:20.63 (63728091)|CODE_UNIT_STARTED|[EXTERNAL]|common.apex.soap.impl.ApexObjectSerializer
14:35:20.63 (63795573)|CODE_UNIT_FINISHED|common.apex.soap.impl.ApexObjectSerializer
14:35:20.63 (64926302)|EXECUTION_FINISHED
