36.0 APEX_CODE,FINEST;APEX_PROFILING,INFO;CALLOUT,INFO;DB,INFO;NBA,INFO;SYSTEM,DEBUG;VALIDATION,INFO;VISUALFORCE,INFO;WAVE,INFO;WORKFLOW,INFO
14:37:50.0 (138379)|USER_INFO|[EXTERNAL]|00590000000Vmmq|ben@bjbglobal.com.au|Australian Eastern Standard Time|GMT+10:00
14:37:50.0 (186512)|EXECUTION_STARTED
14:37:50.0 (192512)|CODE_UNIT_STARTED|[EXTERNAL]|TRIGGERS
14:37:50.0 (237537)|CODE_UNIT_STARTED|[EXTERNAL]|01q6F000001IGJa|LinkCaseCallstoContact on Task trigger event BeforeInsert|__sfdc_trigger/LinkCaseCallstoContact
14:37:50.0 (295845)|HEAP_ALLOCATE|[EXTERNAL]|Bytes:8
14:37:50.0 (822420)|HEAP_ALLOCATE|[72]|Bytes:3
14:37:50.0 (876064)|HEAP_ALLOCATE|[77]|Bytes:152
14:37:50.0 (895349)|HEAP_ALLOCATE|[342]|Bytes:408
14:37:50.0 (915895)|HEAP_ALLOCATE|[355]|Bytes:408
14:37:50.0 (936155)|HEAP_ALLOCATE|[467]|Bytes:48
14:37:50.0 (973387)|HEAP_ALLOCATE|[139]|Bytes:6
14:37:50.0 (1001298)|HEAP_ALLOCATE|[EXTERNAL]|Bytes:6
14:37:50.0 (1047504)|HEAP_ALLOCATE|[EXTERNAL]|Bytes:4
14:37:50.0 (1061552)|VARIABLE_SCOPE_BEGIN|[1]|this|LinkCaseCallstoContact|true|false
14:37:50.0 (1122070)|VARIABLE_ASSIGNMENT|[1]|this|{}|0x32cc801b
14:37:50.0 (1227497)|HEAP_ALLOCATE|[EXTERNAL]|Bytes:4
14:37:50.0 (1240369)|VARIABLE_SCOPE_BEGIN|[1]|this|LinkCaseCallstoContact|true|false
14:37:50.0 (1261957)|VARIABLE_ASSIGNMENT|[1]|this|{}|0x32cc801b
14:37:50.0 (1273837)|STATEMENT_EXECUTE|[1]
14:37:50.0 (1313931)|HEAP_ALLOCATE|[50]|Bytes:5
14:37:50.0 (1347013)|HEAP_ALLOCATE|[56]|Bytes:5
14:37:50.0 (1360859)|HEAP_ALLOCATE|[64]|Bytes:7
14:37:50.0 (1760196)|HEAP_ALLOCATE|[2]|Bytes:5
14:37:50.0 (1814732)|HEAP_ALLOCATE|[2]|Bytes:4
14:37:50.0 (1837483)|VARIABLE_SCOPE_BEGIN|[2]|tsk|Task|true|false
14:37:50.0 (15542649)|VARIABLE_ASSIGNMENT|[2]|tsk|{"WhatId":"a196F00000BlkYCQAZ","CallType":"Outbound","IsHighPriority":false,"IsClosed":false,"NVMStatsSF__NVM_Agent__c":"35","Is_Mobile_Number__c":true,"OwnerId":"00590000004ovg6AAA","IsToday__c":false,"IsReminderSet":false,"Status":"Completed","IsDeleted":false,"NVMContactWorld__CW_Call_Start_Time__c":"2019-01-09T04:37:49.000Z","ActivityDate":"2019-01-09T00:00:00.000Z","Priority":"Normal","IsVisibleInSelfService":false,"NVMContactWorld__Was_Call_Recorded__c":false,"CurrencyIsoCode":"AUD","IsRecurrence":false,"Subject":"Outbound call to +61 (9 more) ...","IsArchived":false,"CallObject":"016830e6-f4e7-fe3a-7 (16 more) ...","NVMContactWorld__Customer_Number__c":"+61416212346","NVMContactWorld__ContactWorld_Number__c":"61731530806","Day_of_the_Week__c":"Wednesday","Call_Duration_min__c":0.00,"Call_Monitored__c":false}|0x78b40065
14:37:50.0 (15572766)|STATEMENT_EXECUTE|[2]
14:37:50.0 (15617785)|HEAP_ALLOCATE|[4]|Bytes:8
14:37:50.0 (15666708)|STATEMENT_EXECUTE|[4]
14:37:50.0 (15669519)|STATEMENT_EXECUTE|[5]
14:37:50.0 (16602296)|USER_DEBUG|[5]|DEBUG|Task:{Id=null, WhoId=null, WhatId=a196F00000BlkYCQAZ, Subject=Outbound call to +61416212346, ActivityDate=2019-01-09 00:00:00, Status=Completed, Priority=Normal, IsHighPriority=false, OwnerId=00590000004ovg6AAA, Description=null, CurrencyIsoCode=AUD, Type=null, IsDeleted=false, AccountId=null, IsClosed=false, CreatedDate=null, CreatedById=null, LastModifiedDate=null, LastModifiedById=null, SystemModstamp=null, IsArchived=false, IsVisibleInSelfService=false, CallDurationInSeconds=null, CallType=Outbound, CallDisposition=null, CallObject=016830e6-f4e7-fe3a-73c1-f6048006465a, ReminderDateTime=null, IsReminderSet=false, ConnectionReceivedId=null, ConnectionSentId=null, RecurrenceActivityId=null, IsRecurrence=false, RecurrenceStartDateOnly=null, RecurrenceEndDateOnly=null, RecurrenceTimeZoneSidKey=null, RecurrenceType=null, RecurrenceInterval=null, RecurrenceDayOfWeekMask=null, RecurrenceDayOfMonth=null, RecurrenceInstance=null, RecurrenceMonthOfYear=null, RecurrenceRegeneratedType=null, TaskSubtype=null, NVMContactWorld__ACD__c=null, NVMContactWorld__CW_Call_End_Time__c=null, NVMContactWorld__CW_Call_Start_Time__c=2019-01-09 04:37:49, NVMContactWorld__CallRingTimeInSeconds__c=null, NVMContactWorld__CallTalkTimeInSeconds__c=null, NVMContactWorld__ContactWorld_Number__c=61731530806, NVMContactWorld__Customer_Number__c=+61416212346, NVMContactWorld__InteractionQuality__c=null, NVMContactWorld__Service_Name__c=null, NVMContactWorld__Was_Call_Recorded__c=false, Call_Monitored__c=false, Monitored_By__c=null, Call_Outcome_Result__c=null, Monitored_Date__c=null, Demonstrate_active_listening__c=null, Communication_is_clear_positive_confiden__c=null, Mirrors_clients_talking_behaviour__c=null, Built_Rapport__c=null, Allow_customer_to_present_concerns__c=null, Gave_correct_answers_and_infomations__c=null, CM_advised_what_will_happen_next__c=null, TL_Notes__c=null, Day_of_the_Week__c=Wednesday, Email_Received_Date__c=null, Email_Response_Time__c=null, Call_Duration_converted__c=null, Email_Received_Date_Business_Hour__c=null, NVMStatsSF__NVM_Agent__c=35, Is_Mobile_Number__c=true, Call_Duration_min__c=0.00, IsToday__c=false}
14:37:50.0 (16643070)|STATEMENT_EXECUTE|[6]
14:37:50.0 (16645807)|STATEMENT_EXECUTE|[6]
14:37:50.0 (16647752)|STATEMENT_EXECUTE|[7]
14:37:50.0 (16659492)|HEAP_ALLOCATE|[7]|Bytes:65
14:37:50.0 (16684256)|HEAP_ALLOCATE|[7]|Bytes:4
14:37:50.0 (16697893)|HEAP_ALLOCATE|[7]|Bytes:7
14:37:50.0 (17784982)|SOQL_EXECUTE_BEGIN|[7]|Aggregations:0|SELECT Id, Account__c, phone__c FROM Cases__c WHERE id = :tmpVar1
14:37:50.0 (23231983)|SOQL_EXECUTE_END|[7]|Rows:0
14:37:50.0 (23285705)|HEAP_ALLOCATE|[7]|Bytes:4
14:37:50.0 (23302899)|HEAP_ALLOCATE|[7]|Bytes:0
14:37:50.0 (23381881)|HEAP_ALLOCATE|[7]|Bytes:4
14:37:50.0 (23399737)|HEAP_ALLOCATE|[7]|Bytes:34
14:37:50.0 (23498541)|HEAP_ALLOCATE|[7]|Bytes:46
14:37:50.0 (23538667)|VARIABLE_SCOPE_BEGIN|[14]|e|Exception|true|false
14:37:50.0 (23808198)|VARIABLE_ASSIGNMENT|[14]|e|"common.apex.runtime.impl.ExecutionException: List has no rows for assignment to SObject"|0x26f25981
14:37:50.0 (23825142)|STATEMENT_EXECUTE|[14]
14:37:50.0 (23830303)|STATEMENT_EXECUTE|[15]
14:37:50.0 (23917286)|HEAP_ALLOCATE|[15]|Bytes:42
14:37:50.0 (23954058)|USER_DEBUG|[15]|DEBUG|List has no rows for assignment to SObject
14:37:50.0 (23989191)|HEAP_ALLOCATE|[2]|Bytes:5
14:37:50.0 (24014002)|VARIABLE_ASSIGNMENT|[2]|tsk|null|
14:37:50.24 (24031034)|CUMULATIVE_LIMIT_USAGE
14:37:50.24 (24031034)|LIMIT_USAGE_FOR_NS|(default)|
  Number of SOQL queries: 1 out of 100
  Number of query rows: 0 out of 50000
  Number of SOSL queries: 0 out of 20
  Number of DML statements: 0 out of 150
  Number of DML rows: 0 out of 10000
  Maximum CPU time: 0 out of 10000
  Maximum heap size: 0 out of 6000000
  Number of callouts: 0 out of 100
  Number of Email Invocations: 0 out of 10
  Number of future calls: 0 out of 50
  Number of queueable jobs added to the queue: 0 out of 50
  Number of Mobile Apex push calls: 0 out of 10

14:37:50.24 (24031034)|CUMULATIVE_LIMIT_USAGE_END

14:37:50.0 (25228033)|CODE_UNIT_FINISHED|LinkCaseCallstoContact on Task trigger event BeforeInsert|__sfdc_trigger/LinkCaseCallstoContact
14:37:50.0 (28474351)|CODE_UNIT_STARTED|[EXTERNAL]|01q6F000001IKsI|TaskTrigger on Task trigger event BeforeInsert|__sfdc_trigger/TaskTrigger
14:37:50.0 (28520651)|HEAP_ALLOCATE|[EXTERNAL]|Bytes:8
14:37:50.0 (28621502)|HEAP_ALLOCATE|[EXTERNAL]|Bytes:4
14:37:50.0 (28638091)|VARIABLE_SCOPE_BEGIN|[5]|this|TaskTrigger|true|false
14:37:50.0 (28674318)|VARIABLE_ASSIGNMENT|[5]|this|{}|0x54af8dfc
14:37:50.0 (28735092)|HEAP_ALLOCATE|[EXTERNAL]|Bytes:4
14:37:50.0 (28743503)|VARIABLE_SCOPE_BEGIN|[5]|this|TaskTrigger|true|false
14:37:50.0 (28759105)|VARIABLE_ASSIGNMENT|[5]|this|{}|0x54af8dfc
14:37:50.0 (28770693)|STATEMENT_EXECUTE|[5]
14:37:50.0 (28799222)|STATEMENT_EXECUTE|[6]
14:37:50.0 (28802698)|STATEMENT_EXECUTE|[7]
14:37:50.0 (31575150)|VARIABLE_SCOPE_BEGIN|[2]|TaskHelper.TASK_STATUS|String|false|true
14:37:50.0 (31598637)|VARIABLE_SCOPE_BEGIN|[3]|TaskHelper.TASK_SUBJECT|String|false|true
14:37:50.0 (31610988)|VARIABLE_SCOPE_BEGIN|[4]|TaskHelper.TASK_TYPE|String|false|true
14:37:50.0 (31701383)|HEAP_ALLOCATE|[7]|Bytes:4
14:37:50.0 (31717334)|HEAP_ALLOCATE|[7]|Bytes:2
14:37:50.0 (31747519)|METHOD_ENTRY|[1]|01p6F000009rWtF|TaskHelper.TaskHelper()
14:37:50.0 (31758430)|STATEMENT_EXECUTE|[1]
14:37:50.0 (31764358)|STATEMENT_EXECUTE|[1]
14:37:50.0 (31767405)|STATEMENT_EXECUTE|[2]
14:37:50.0 (31783123)|HEAP_ALLOCATE|[2]|Bytes:9
14:37:50.0 (31813489)|VARIABLE_ASSIGNMENT|[2]|TaskHelper.TASK_STATUS|"Completed"
14:37:50.0 (31820865)|STATEMENT_EXECUTE|[3]
14:37:50.0 (31836241)|HEAP_ALLOCATE|[3]|Bytes:16
14:37:50.0 (31852154)|VARIABLE_ASSIGNMENT|[3]|TaskHelper.TASK_SUBJECT|"Outbound call to"
14:37:50.0 (31859866)|STATEMENT_EXECUTE|[4]
14:37:50.0 (31872841)|VARIABLE_ASSIGNMENT|[4]|TaskHelper.TASK_TYPE|"Outbound"
14:37:50.0 (31886507)|METHOD_EXIT|[1]|TaskHelper
14:37:50.0 (31906903)|HEAP_ALLOCATE|[7]|Bytes:4
14:37:50.0 (31927182)|CONSTRUCTOR_ENTRY|[7]|01p6F000009rWtF|<init>()|TaskHelper
14:37:50.0 (31965719)|VARIABLE_SCOPE_BEGIN|[1]|this|TaskHelper|true|false
14:37:50.0 (31999188)|VARIABLE_ASSIGNMENT|[1]|this|{}|0x62ffd426
14:37:50.0 (32016164)|HEAP_ALLOCATE|[EXTERNAL]|Bytes:6
14:37:50.0 (32063923)|STATEMENT_EXECUTE|[1]
14:37:50.0 (32072202)|CONSTRUCTOR_EXIT|[7]|01p6F000009rWtF|<init>()|TaskHelper
14:37:50.0 (32085325)|VARIABLE_SCOPE_BEGIN|[7]|helper|TaskHelper|true|false
14:37:50.0 (32108070)|VARIABLE_ASSIGNMENT|[7]|helper|{}|0x62ffd426
14:37:50.0 (32117157)|STATEMENT_EXECUTE|[8]
14:37:50.0 (32195479)|METHOD_ENTRY|[8]|01p6F000009rWtF|TaskHelper.setupContactToReurnCallTasks(List<Task>)
14:37:50.0 (32243815)|VARIABLE_SCOPE_BEGIN|[11]|this|TaskHelper|true|false
14:37:50.0 (32265857)|VARIABLE_ASSIGNMENT|[11]|this|{}|0x62ffd426
14:37:50.0 (32275941)|VARIABLE_SCOPE_BEGIN|[11]|newTasks|List<Task>|true|false
14:37:50.0 (34317036)|VARIABLE_ASSIGNMENT|[11]|newTasks|[{"WhatId":"a196F00000BlkYCQAZ","CallType":"Outbound","IsHighPriority":false,"IsClosed":false,"NVMStatsSF__NVM_Agent__c":"35","Is_Mobile_Number__c":true,"OwnerId":"00590000004ovg6AAA","IsToday__c":false,"IsReminderSet":false,"Status":"Completed","IsDeleted":false,"NVMContactWorld__CW_Call_Start_Time__c":"2019-01-09T04:37:49.000Z","ActivityDate":"2019-01-09T00:00:00.000Z","Priority":"Normal","IsVisibleInSelfService":false,"NVMContactWorld__Was_Call_Recorded__c":false,"CurrencyIsoCode":"AUD","IsRecurrence":false,"Subject":"Outbound call to +61 (9 more) ...","IsArchived":false,"CallObject":"016830e6-f4e7-fe3a-7 (16 more) ...","NVMContactWorld__Customer_Number__c":"+61416212346","NVMContactWorld__ContactWorld_Number__c":"61731530806","Day_of_the_Week__c":"Wednesday","Call_Duration_min__c":0.00,"Call_Monitored__c":false}]|0x5e29c1c5
14:37:50.0 (34353106)|STATEMENT_EXECUTE|[11]
14:37:50.0 (34357252)|STATEMENT_EXECUTE|[12]
14:37:50.0 (34386366)|HEAP_ALLOCATE|[12]|Bytes:4
14:37:50.0 (34473844)|VARIABLE_SCOPE_BEGIN|[12]|voicemailIds|List<Id>|true|false
14:37:50.0 (34518522)|HEAP_ALLOCATE|[EXTERNAL]|Bytes:4
14:37:50.0 (34535518)|VARIABLE_ASSIGNMENT|[12]|voicemailIds|[]|0x42eb60c2
14:37:50.0 (34545081)|STATEMENT_EXECUTE|[13]
14:37:50.0 (34574213)|HEAP_ALLOCATE|[13]|Bytes:4
14:37:50.0 (34611409)|VARIABLE_SCOPE_BEGIN|[13]|contactIds|Map<Id,Id>|true|false
14:37:50.0 (34636634)|VARIABLE_ASSIGNMENT|[13]|contactIds|{}|0x53da0a5f
14:37:50.0 (34645983)|STATEMENT_EXECUTE|[14]
14:37:50.0 (34662849)|HEAP_ALLOCATE|[14]|Bytes:4
14:37:50.0 (34694153)|VARIABLE_SCOPE_BEGIN|[14]|results|List<Task>|true|false
14:37:50.0 (34708978)|HEAP_ALLOCATE|[EXTERNAL]|Bytes:4
14:37:50.0 (34719939)|VARIABLE_ASSIGNMENT|[14]|results|[]|0x5891d340
14:37:50.0 (34783684)|HEAP_ALLOCATE|[16]|Bytes:5
14:37:50.0 (34808885)|HEAP_ALLOCATE|[16]|Bytes:4
14:37:50.0 (34821408)|VARIABLE_SCOPE_BEGIN|[16]|item|Task|true|false
14:37:50.0 (36125909)|VARIABLE_ASSIGNMENT|[16]|item|{"WhatId":"a196F00000BlkYCQAZ","CallType":"Outbound","IsHighPriority":false,"IsClosed":false,"NVMStatsSF__NVM_Agent__c":"35","Is_Mobile_Number__c":true,"OwnerId":"00590000004ovg6AAA","IsToday__c":false,"IsReminderSet":false,"Status":"Completed","IsDeleted":false,"NVMContactWorld__CW_Call_Start_Time__c":"2019-01-09T04:37:49.000Z","ActivityDate":"2019-01-09T00:00:00.000Z","Priority":"Normal","IsVisibleInSelfService":false,"NVMContactWorld__Was_Call_Recorded__c":false,"CurrencyIsoCode":"AUD","IsRecurrence":false,"Subject":"Outbound call to +61 (9 more) ...","IsArchived":false,"CallObject":"016830e6-f4e7-fe3a-7 (16 more) ...","NVMContactWorld__Customer_Number__c":"+61416212346","NVMContactWorld__ContactWorld_Number__c":"61731530806","Day_of_the_Week__c":"Wednesday","Call_Duration_min__c":0.00,"Call_Monitored__c":false}|0x78b40065
14:37:50.0 (36156511)|STATEMENT_EXECUTE|[16]
14:37:50.0 (36362075)|STATEMENT_EXECUTE|[17]
14:37:50.0 (36366077)|STATEMENT_EXECUTE|[18]
14:37:50.0 (36412960)|HEAP_ALLOCATE|[18]|Bytes:18
14:37:50.0 (36436902)|HEAP_ALLOCATE|[18]|Bytes:18
14:37:50.0 (36445937)|VARIABLE_SCOPE_BEGIN|[18]|voicemailId|String|false|false
14:37:50.0 (36465776)|VARIABLE_ASSIGNMENT|[18]|voicemailId|"a196F00000BlkYCQAZ"
14:37:50.0 (36473451)|STATEMENT_EXECUTE|[19]
14:37:50.0 (36484443)|HEAP_ALLOCATE|[19]|Bytes:57
14:37:50.0 (36518822)|HEAP_ALLOCATE|[19]|Bytes:18
14:37:50.0 (36536279)|HEAP_ALLOCATE|[19]|Bytes:75
14:37:50.0 (36561832)|USER_DEBUG|[19]|DEBUG|TaskHelper :: setupContactToReurnCallTasks :: item.WhatIda196F00000BlkYCQAZ
14:37:50.0 (36576171)|HEAP_ALLOCATE|[20]|Bytes:12
14:37:50.0 (37967099)|HEAP_ALLOCATE|[20]|Bytes:4
14:37:50.0 (38010327)|HEAP_ALLOCATE|[20]|Bytes:3
14:37:50.0 (38052242)|STATEMENT_EXECUTE|[20]
14:37:50.0 (38083659)|HEAP_ALLOCATE|[16]|Bytes:5
14:37:50.0 (38107377)|VARIABLE_ASSIGNMENT|[16]|item|null|
14:37:50.0 (38115911)|STATEMENT_EXECUTE|[28]
14:37:50.0 (38127224)|HEAP_ALLOCATE|[28]|Bytes:72
14:37:50.0 (38147486)|HEAP_ALLOCATE|[28]|Bytes:4
14:37:50.0 (42044672)|SOQL_EXECUTE_BEGIN|[28]|Aggregations:0|SELECT Id, Account__c, Contact__c FROM Voicemail__c WHERE id IN :tmpVar1
14:37:50.0 (45139464)|SOQL_EXECUTE_END|[28]|Rows:0
14:37:50.0 (45176550)|HEAP_ALLOCATE|[28]|Bytes:4
14:37:50.0 (45192983)|HEAP_ALLOCATE|[28]|Bytes:0
14:37:50.0 (45284625)|HEAP_ALLOCATE|[28]|Bytes:4
14:37:50.0 (45308952)|VARIABLE_SCOPE_BEGIN|[28]|voicemails|List<Voicemail__c>|true|false
14:37:50.0 (45341359)|VARIABLE_ASSIGNMENT|[28]|voicemails|[]|0x2ccd8e08
14:37:50.0 (45581497)|HEAP_ALLOCATE|[29]|Bytes:5
14:37:50.0 (45608332)|VARIABLE_ASSIGNMENT|[29]|item|null|
14:37:50.0 (45618529)|STATEMENT_EXECUTE|[29]
14:37:50.0 (45667753)|HEAP_ALLOCATE|[34]|Bytes:5
14:37:50.0 (45690308)|HEAP_ALLOCATE|[34]|Bytes:4
14:37:50.0 (45701898)|VARIABLE_SCOPE_BEGIN|[34]|item|Task|true|false
14:37:50.0 (47089876)|VARIABLE_ASSIGNMENT|[34]|item|{"WhatId":"a196F00000BlkYCQAZ","CallType":"Outbound","IsHighPriority":false,"IsClosed":false,"NVMStatsSF__NVM_Agent__c":"35","Is_Mobile_Number__c":true,"OwnerId":"00590000004ovg6AAA","IsToday__c":false,"IsReminderSet":false,"Status":"Completed","IsDeleted":false,"NVMContactWorld__CW_Call_Start_Time__c":"2019-01-09T04:37:49.000Z","ActivityDate":"2019-01-09T00:00:00.000Z","Priority":"Normal","IsVisibleInSelfService":false,"NVMContactWorld__Was_Call_Recorded__c":false,"CurrencyIsoCode":"AUD","IsRecurrence":false,"Subject":"Outbound call to +61 (9 more) ...","IsArchived":false,"CallObject":"016830e6-f4e7-fe3a-7 (16 more) ...","NVMContactWorld__Customer_Number__c":"+61416212346","NVMContactWorld__ContactWorld_Number__c":"61731530806","Day_of_the_Week__c":"Wednesday","Call_Duration_min__c":0.00,"Call_Monitored__c":false}|0x78b40065
14:37:50.0 (47121699)|STATEMENT_EXECUTE|[34]
14:37:50.0 (47125877)|STATEMENT_EXECUTE|[35]
14:37:50.0 (48180583)|VARIABLE_ASSIGNMENT|[35]|this.WhoId|null|0x78b40065
14:37:50.0 (48217950)|HEAP_ALLOCATE|[34]|Bytes:5
14:37:50.0 (48241537)|VARIABLE_ASSIGNMENT|[34]|item|null|
14:37:50.0 (48256586)|METHOD_EXIT|[8]|01p6F000009rWtF|TaskHelper.setupContactToReurnCallTasks(List<Task>)
14:37:50.48 (48270530)|CUMULATIVE_LIMIT_USAGE
14:37:50.48 (48270530)|LIMIT_USAGE_FOR_NS|(default)|
  Number of SOQL queries: 2 out of 100
  Number of query rows: 0 out of 50000
  Number of SOSL queries: 0 out of 20
  Number of DML statements: 0 out of 150
  Number of DML rows: 0 out of 10000
  Maximum CPU time: 0 out of 10000
  Maximum heap size: 0 out of 6000000
  Number of callouts: 0 out of 100
  Number of Email Invocations: 0 out of 10
  Number of future calls: 0 out of 50
  Number of queueable jobs added to the queue: 0 out of 50
  Number of Mobile Apex push calls: 0 out of 10

14:37:50.48 (48270530)|CUMULATIVE_LIMIT_USAGE_END

14:37:50.0 (49302367)|CODE_UNIT_FINISHED|TaskTrigger on Task trigger event BeforeInsert|__sfdc_trigger/TaskTrigger
14:37:50.0 (54473370)|CODE_UNIT_STARTED|[EXTERNAL]|Validation:Task:new
14:37:50.0 (54502848)|VALIDATION_RULE|03d6F000000qFaO|Finish_all_call_monitor_field
14:37:50.0 (55298251)|VALIDATION_FORMULA|AND(!ISBLANK(Monitored_By__c),
    OR(ISBLANK( TEXT(CM_advised_what_will_happen_next__c)),
       ISBLANK( TEXT(Allow_customer_to_present_concerns__c) ),
       ISBLANK( TEXT(Communication_is_clear_positive_confiden__c) ),
       ISBLANK( TEXT(Demonstrate_active_listening__c )),
       ISBLANK( TEXT(Gave_correct_answers_and_infomations__c) ),
       ISBLANK( TEXT(Mirrors_clients_talking_behaviour__c) ) ))|CM_advised_what_will_happen_next__c=null , Demonstrate_active_listening__c=null , Communication_is_clear_positive_confiden__c=null , Allow_customer_to_present_concerns__c=null , Gave_correct_answers_and_infomations__c=null , Mirrors_clients_talking_behaviour__c=null , Monitored_By__c=null
14:37:50.0 (55323895)|VALIDATION_PASS
14:37:50.0 (55327765)|VALIDATION_RULE|03d900000009JbB|Interac_Quality_Must_Be_Between_1_and_10
14:37:50.0 (55492459)|VALIDATION_FORMULA|NVMContactWorld__InteractionQuality__c < 1  &#124;&#124;  NVMContactWorld__InteractionQuality__c > 10|NVMContactWorld__InteractionQuality__c=null
14:37:50.0 (55509540)|VALIDATION_PASS
14:37:50.0 (55800744)|CODE_UNIT_FINISHED|Validation:Task:new
14:37:50.0 (117176615)|CODE_UNIT_STARTED|[EXTERNAL]|Workflow:Task
14:37:50.0 (123635374)|WF_RULE_EVAL_BEGIN|Workflow
14:37:50.0 (123673560)|WF_CRITERIA_BEGIN|[Task:  00T6F00005LrRcv]|Update Call Monitor Details|01Q6F0000002Tdt|ON_CREATE_OR_TRIGGERING_UPDATE|0
14:37:50.0 (128777428)|WF_RULE_FILTER|[Task : Monitored By not equal to ]
14:37:50.0 (128807933)|WF_RULE_EVAL_VALUE|
14:37:50.0 (128813222)|WF_CRITERIA_END|false
14:37:50.0 (128833336)|WF_CRITERIA_BEGIN|[Task:  00T6F00005LrRcv]|Update_Callback_Request_Due_Date3016F0000005i0e|01Q6F0000019gyq|ON_CREATE_ONLY|0
14:37:50.0 (128960652)|WF_FORMULA|Formula:ENCODED:[treatNullAsNull]true|Values:
14:37:50.0 (128968454)|WF_CRITERIA_END|true
14:37:50.0 (129809923)|WF_CRITERIA_BEGIN|[Task:  00T6F00005LrRcv]|Call Back Request From LinX|01Q6F000001EY2L|ON_CREATE_OR_TRIGGERING_UPDATE|0
14:37:50.0 (129890467)|WF_RULE_FILTER|[Task : Subject equals Callback Request]
14:37:50.0 (129907078)|WF_RULE_EVAL_VALUE|Outbound call to +61416212346
14:37:50.0 (129911514)|WF_CRITERIA_END|false
14:37:50.0 (129922749)|WF_CRITERIA_BEGIN|[Task:  00T6F00005LrRcv]|Call_Monitor3016F00000054R3|01Q6F000000oOu7|ON_ALL_CHANGES|0
14:37:50.0 (129975101)|WF_FORMULA|Formula:ENCODED:[treatNullAsNull]true|Values:
14:37:50.0 (129981439)|WF_CRITERIA_END|true
14:37:50.0 (130001142)|WF_SPOOL_ACTION_BEGIN|Workflow
14:37:50.0 (130025438)|WF_ACTION| Flow Trigger: 2;
14:37:50.0 (130030369)|WF_RULE_EVAL_END
14:37:50.0 (130086576)|WF_FLOW_ACTION_BEGIN|09L6F000000PWtL
14:37:50.131 (131640604)|FLOW_CREATE_INTERVIEW_BEGIN|00D90000000IJSa|3006F00000091km|3016F0000005i0e
14:37:50.131 (132369226)|FLOW_CREATE_INTERVIEW_END|2237e4d0bbd938078de8502f0e6b16830d879f9-5dd3|Update Callback Request Due Date
14:37:50.132 (132745920)|FLOW_START_INTERVIEWS_BEGIN|1
14:37:50.132 (132768948)|FLOW_START_INTERVIEW_BEGIN|2237e4d0bbd938078de8502f0e6b16830d879f9-5dd3|Update Callback Request Due Date
14:37:50.132 (135064929)|FLOW_START_INTERVIEW_END|2237e4d0bbd938078de8502f0e6b16830d879f9-5dd3|Update Callback Request Due Date
14:37:50.132 (135086869)|FLOW_START_INTERVIEWS_END|1
14:37:50.0 (136255431)|WF_FLOW_ACTION_END|09L6F000000PWtL
14:37:50.0 (136282993)|WF_FLOW_ACTION_BEGIN|09L6F000000PGTV
14:37:50.137 (137748073)|FLOW_CREATE_INTERVIEW_BEGIN|00D90000000IJSa|3006F0000008usA|3016F00000054R3
14:37:50.137 (138604489)|FLOW_CREATE_INTERVIEW_END|2238e4d0bbd938078de8502f0e6b16830d879f9-5dd4|Call Monitoring
14:37:50.139 (139158899)|FLOW_START_INTERVIEWS_BEGIN|1
14:37:50.139 (139199734)|FLOW_START_INTERVIEW_BEGIN|2238e4d0bbd938078de8502f0e6b16830d879f9-5dd4|Call Monitoring
14:37:50.139 (142595188)|FLOW_START_INTERVIEW_END|2238e4d0bbd938078de8502f0e6b16830d879f9-5dd4|Call Monitoring
14:37:50.139 (142633004)|FLOW_START_INTERVIEWS_END|1
14:37:50.0 (143321070)|WF_FLOW_ACTION_END|09L6F000000PGTV
14:37:50.0 (143461995)|WF_ACTIONS_END| Flow Trigger: 2;
14:37:50.0 (143476699)|CODE_UNIT_FINISHED|Workflow:Task
14:37:50.0 (168530235)|CODE_UNIT_FINISHED|TRIGGERS
14:37:50.0 (168549090)|EXECUTION_FINISHED
