36.0 APEX_CODE,FINEST;APEX_PROFILING,INFO;CALLOUT,INFO;DB,INFO;NBA,INFO;SYSTEM,DEBUG;VALIDATION,INFO;VISUALFORCE,INFO;WAVE,INFO;WORKFLOW,INFO
14:41:35.0 (139384)|USER_INFO|[EXTERNAL]|00590000000Vmmq|ben@bjbglobal.com.au|Australian Eastern Standard Time|GMT+10:00
14:41:35.0 (187267)|EXECUTION_STARTED
14:41:35.0 (192655)|CODE_UNIT_STARTED|[EXTERNAL]|TRIGGERS
14:41:35.0 (226751)|CODE_UNIT_STARTED|[EXTERNAL]|01q6F000001IGJa|LinkCaseCallstoContact on Task trigger event BeforeInsert|__sfdc_trigger/LinkCaseCallstoContact
14:41:35.0 (271528)|HEAP_ALLOCATE|[EXTERNAL]|Bytes:8
14:41:35.0 (815749)|HEAP_ALLOCATE|[72]|Bytes:3
14:41:35.0 (859079)|HEAP_ALLOCATE|[77]|Bytes:152
14:41:35.0 (873792)|HEAP_ALLOCATE|[342]|Bytes:408
14:41:35.0 (886437)|HEAP_ALLOCATE|[355]|Bytes:408
14:41:35.0 (898663)|HEAP_ALLOCATE|[467]|Bytes:48
14:41:35.0 (933489)|HEAP_ALLOCATE|[139]|Bytes:6
14:41:35.0 (956394)|HEAP_ALLOCATE|[EXTERNAL]|Bytes:6
14:41:35.0 (976523)|HEAP_ALLOCATE|[EXTERNAL]|Bytes:4
14:41:35.0 (985856)|VARIABLE_SCOPE_BEGIN|[1]|this|LinkCaseCallstoContact|true|false
14:41:35.0 (1031378)|VARIABLE_ASSIGNMENT|[1]|this|{}|0x2a0f7de7
14:41:35.0 (1104924)|HEAP_ALLOCATE|[EXTERNAL]|Bytes:4
14:41:35.0 (1115839)|VARIABLE_SCOPE_BEGIN|[1]|this|LinkCaseCallstoContact|true|false
14:41:35.0 (1132422)|VARIABLE_ASSIGNMENT|[1]|this|{}|0x2a0f7de7
14:41:35.0 (1141664)|STATEMENT_EXECUTE|[1]
14:41:35.0 (1175757)|HEAP_ALLOCATE|[50]|Bytes:5
14:41:35.0 (1203323)|HEAP_ALLOCATE|[56]|Bytes:5
14:41:35.0 (1214232)|HEAP_ALLOCATE|[64]|Bytes:7
14:41:35.0 (1624132)|HEAP_ALLOCATE|[2]|Bytes:5
14:41:35.0 (1672916)|HEAP_ALLOCATE|[2]|Bytes:4
14:41:35.0 (1686272)|VARIABLE_SCOPE_BEGIN|[2]|tsk|Task|true|false
14:41:35.0 (17628941)|VARIABLE_ASSIGNMENT|[2]|tsk|{"CallType":"Outbound","IsHighPriority":false,"IsClosed":false,"NVMStatsSF__NVM_Agent__c":"27","Is_Mobile_Number__c":false,"OwnerId":"0056F0000062ZITQA2","IsToday__c":false,"IsReminderSet":false,"Status":"Completed","IsDeleted":false,"WhoId":"0036F00002GO20FQAT","NVMContactWorld__CW_Call_Start_Time__c":"2019-01-09T04:41:35.000Z","ActivityDate":"2019-01-09T00:00:00.000Z","Priority":"Normal","IsVisibleInSelfService":false,"NVMContactWorld__Was_Call_Recorded__c":false,"CurrencyIsoCode":"AUD","IsRecurrence":false,"Subject":"Outbound call to +61 (9 more) ...","IsArchived":false,"CallObject":"016830ea-6777-bb59-a (16 more) ...","NVMContactWorld__Customer_Number__c":"+61295642785","NVMContactWorld__ContactWorld_Number__c":"61731530806","Day_of_the_Week__c":"Wednesday","Call_Duration_min__c":0.00,"Call_Monitored__c":false}|0x667fec1c
14:41:35.0 (17665254)|STATEMENT_EXECUTE|[2]
14:41:35.0 (17710170)|STATEMENT_EXECUTE|[4]
14:41:35.0 (17780313)|HEAP_ALLOCATE|[2]|Bytes:5
14:41:35.0 (17815584)|VARIABLE_ASSIGNMENT|[2]|tsk|null|
14:41:35.17 (17831192)|CUMULATIVE_LIMIT_USAGE
14:41:35.17 (17831192)|LIMIT_USAGE_FOR_NS|(default)|
  Number of SOQL queries: 0 out of 100
  Number of query rows: 0 out of 50000
  Number of SOSL queries: 0 out of 20
  Number of DML statements: 0 out of 150
  Number of DML rows: 0 out of 10000
  Maximum CPU time: 0 out of 10000
  Maximum heap size: 0 out of 6000000
  Number of callouts: 0 out of 100
  Number of Email Invocations: 0 out of 10
  Number of future calls: 0 out of 50
  Number of queueable jobs added to the queue: 0 out of 50
  Number of Mobile Apex push calls: 0 out of 10

14:41:35.17 (17831192)|CUMULATIVE_LIMIT_USAGE_END

14:41:35.0 (18976757)|CODE_UNIT_FINISHED|LinkCaseCallstoContact on Task trigger event BeforeInsert|__sfdc_trigger/LinkCaseCallstoContact
14:41:35.0 (23761352)|CODE_UNIT_STARTED|[EXTERNAL]|01q6F000001IKsI|TaskTrigger on Task trigger event BeforeInsert|__sfdc_trigger/TaskTrigger
14:41:35.0 (23826767)|HEAP_ALLOCATE|[EXTERNAL]|Bytes:8
14:41:35.0 (23965245)|HEAP_ALLOCATE|[EXTERNAL]|Bytes:4
14:41:35.0 (23984948)|VARIABLE_SCOPE_BEGIN|[5]|this|TaskTrigger|true|false
14:41:35.0 (24031070)|VARIABLE_ASSIGNMENT|[5]|this|{}|0x2e5bb5d9
14:41:35.0 (24126698)|HEAP_ALLOCATE|[EXTERNAL]|Bytes:4
14:41:35.0 (24137775)|VARIABLE_SCOPE_BEGIN|[5]|this|TaskTrigger|true|false
14:41:35.0 (24154158)|VARIABLE_ASSIGNMENT|[5]|this|{}|0x2e5bb5d9
14:41:35.0 (24163741)|STATEMENT_EXECUTE|[5]
14:41:35.0 (24194775)|STATEMENT_EXECUTE|[6]
14:41:35.0 (24196902)|STATEMENT_EXECUTE|[7]
14:41:35.0 (26535972)|VARIABLE_SCOPE_BEGIN|[2]|TaskHelper.TASK_STATUS|String|false|true
14:41:35.0 (26552872)|VARIABLE_SCOPE_BEGIN|[3]|TaskHelper.TASK_SUBJECT|String|false|true
14:41:35.0 (26560627)|VARIABLE_SCOPE_BEGIN|[4]|TaskHelper.TASK_TYPE|String|false|true
14:41:35.0 (26604706)|HEAP_ALLOCATE|[7]|Bytes:4
14:41:35.0 (26615412)|HEAP_ALLOCATE|[7]|Bytes:2
14:41:35.0 (26637450)|METHOD_ENTRY|[1]|01p6F000009rWtF|TaskHelper.TaskHelper()
14:41:35.0 (26644903)|STATEMENT_EXECUTE|[1]
14:41:35.0 (26648874)|STATEMENT_EXECUTE|[1]
14:41:35.0 (26650625)|STATEMENT_EXECUTE|[2]
14:41:35.0 (26664711)|HEAP_ALLOCATE|[2]|Bytes:9
14:41:35.0 (26686473)|VARIABLE_ASSIGNMENT|[2]|TaskHelper.TASK_STATUS|"Completed"
14:41:35.0 (26691920)|STATEMENT_EXECUTE|[3]
14:41:35.0 (26698722)|HEAP_ALLOCATE|[3]|Bytes:16
14:41:35.0 (26709514)|VARIABLE_ASSIGNMENT|[3]|TaskHelper.TASK_SUBJECT|"Outbound call to"
14:41:35.0 (26714345)|STATEMENT_EXECUTE|[4]
14:41:35.0 (26720158)|HEAP_ALLOCATE|[4]|Bytes:8
14:41:35.0 (26729526)|VARIABLE_ASSIGNMENT|[4]|TaskHelper.TASK_TYPE|"Outbound"
14:41:35.0 (26739494)|METHOD_EXIT|[1]|TaskHelper
14:41:35.0 (26755678)|HEAP_ALLOCATE|[7]|Bytes:4
14:41:35.0 (26771368)|CONSTRUCTOR_ENTRY|[7]|01p6F000009rWtF|<init>()|TaskHelper
14:41:35.0 (26802096)|VARIABLE_SCOPE_BEGIN|[1]|this|TaskHelper|true|false
14:41:35.0 (26827421)|VARIABLE_ASSIGNMENT|[1]|this|{}|0x264d1976
14:41:35.0 (26841319)|HEAP_ALLOCATE|[EXTERNAL]|Bytes:6
14:41:35.0 (26890262)|STATEMENT_EXECUTE|[1]
14:41:35.0 (26896329)|CONSTRUCTOR_EXIT|[7]|01p6F000009rWtF|<init>()|TaskHelper
14:41:35.0 (26912219)|VARIABLE_SCOPE_BEGIN|[7]|helper|TaskHelper|true|false
14:41:35.0 (26930174)|VARIABLE_ASSIGNMENT|[7]|helper|{}|0x264d1976
14:41:35.0 (26936927)|STATEMENT_EXECUTE|[8]
14:41:35.0 (27018905)|METHOD_ENTRY|[8]|01p6F000009rWtF|TaskHelper.setupContactToReurnCallTasks(List<Task>)
14:41:35.0 (27051260)|VARIABLE_SCOPE_BEGIN|[11]|this|TaskHelper|true|false
14:41:35.0 (27070273)|VARIABLE_ASSIGNMENT|[11]|this|{}|0x264d1976
14:41:35.0 (27077240)|VARIABLE_SCOPE_BEGIN|[11]|newTasks|List<Task>|true|false
14:41:35.0 (28685276)|VARIABLE_ASSIGNMENT|[11]|newTasks|[{"CallType":"Outbound","IsHighPriority":false,"IsClosed":false,"NVMStatsSF__NVM_Agent__c":"27","Is_Mobile_Number__c":false,"OwnerId":"0056F0000062ZITQA2","IsToday__c":false,"IsReminderSet":false,"Status":"Completed","IsDeleted":false,"WhoId":"0036F00002GO20FQAT","NVMContactWorld__CW_Call_Start_Time__c":"2019-01-09T04:41:35.000Z","ActivityDate":"2019-01-09T00:00:00.000Z","Priority":"Normal","IsVisibleInSelfService":false,"NVMContactWorld__Was_Call_Recorded__c":false,"CurrencyIsoCode":"AUD","IsRecurrence":false,"Subject":"Outbound call to +61 (9 more) ...","IsArchived":false,"CallObject":"016830ea-6777-bb59-a (16 more) ...","NVMContactWorld__Customer_Number__c":"+61295642785","NVMContactWorld__ContactWorld_Number__c":"61731530806","Day_of_the_Week__c":"Wednesday","Call_Duration_min__c":0.00,"Call_Monitored__c":false}]|0xf0079ed
14:41:35.0 (28712986)|STATEMENT_EXECUTE|[11]
14:41:35.0 (28715304)|STATEMENT_EXECUTE|[12]
14:41:35.0 (28744921)|HEAP_ALLOCATE|[12]|Bytes:4
14:41:35.0 (28804488)|VARIABLE_SCOPE_BEGIN|[12]|voicemailIds|List<Id>|true|false
14:41:35.0 (28840352)|HEAP_ALLOCATE|[EXTERNAL]|Bytes:4
14:41:35.0 (28854230)|VARIABLE_ASSIGNMENT|[12]|voicemailIds|[]|0x414847d2
14:41:35.0 (28860716)|STATEMENT_EXECUTE|[13]
14:41:35.0 (28887738)|HEAP_ALLOCATE|[13]|Bytes:4
14:41:35.0 (28909474)|VARIABLE_SCOPE_BEGIN|[13]|contactIds|Map<Id,Id>|true|false
14:41:35.0 (28930357)|VARIABLE_ASSIGNMENT|[13]|contactIds|{}|0x2e2d4efe
14:41:35.0 (28937048)|STATEMENT_EXECUTE|[14]
14:41:35.0 (28953021)|HEAP_ALLOCATE|[14]|Bytes:4
14:41:35.0 (28981481)|VARIABLE_SCOPE_BEGIN|[14]|results|List<Task>|true|false
14:41:35.0 (28992527)|HEAP_ALLOCATE|[EXTERNAL]|Bytes:4
14:41:35.0 (29001110)|VARIABLE_ASSIGNMENT|[14]|results|[]|0x652f88b7
14:41:35.0 (29064856)|HEAP_ALLOCATE|[16]|Bytes:5
14:41:35.0 (29090535)|HEAP_ALLOCATE|[16]|Bytes:4
14:41:35.0 (29101962)|VARIABLE_SCOPE_BEGIN|[16]|item|Task|true|false
14:41:35.0 (30027281)|VARIABLE_ASSIGNMENT|[16]|item|{"CallType":"Outbound","IsHighPriority":false,"IsClosed":false,"NVMStatsSF__NVM_Agent__c":"27","Is_Mobile_Number__c":false,"OwnerId":"0056F0000062ZITQA2","IsToday__c":false,"IsReminderSet":false,"Status":"Completed","IsDeleted":false,"WhoId":"0036F00002GO20FQAT","NVMContactWorld__CW_Call_Start_Time__c":"2019-01-09T04:41:35.000Z","ActivityDate":"2019-01-09T00:00:00.000Z","Priority":"Normal","IsVisibleInSelfService":false,"NVMContactWorld__Was_Call_Recorded__c":false,"CurrencyIsoCode":"AUD","IsRecurrence":false,"Subject":"Outbound call to +61 (9 more) ...","IsArchived":false,"CallObject":"016830ea-6777-bb59-a (16 more) ...","NVMContactWorld__Customer_Number__c":"+61295642785","NVMContactWorld__ContactWorld_Number__c":"61731530806","Day_of_the_Week__c":"Wednesday","Call_Duration_min__c":0.00,"Call_Monitored__c":false}|0x667fec1c
14:41:35.0 (30050216)|STATEMENT_EXECUTE|[16]
14:41:35.0 (30245812)|STATEMENT_EXECUTE|[17]
14:41:35.0 (30273066)|HEAP_ALLOCATE|[16]|Bytes:5
14:41:35.0 (30293840)|VARIABLE_ASSIGNMENT|[16]|item|null|
14:41:35.0 (30300916)|STATEMENT_EXECUTE|[28]
14:41:35.0 (30310039)|HEAP_ALLOCATE|[28]|Bytes:72
14:41:35.0 (30332522)|HEAP_ALLOCATE|[28]|Bytes:4
14:41:35.0 (30344925)|HEAP_ALLOCATE|[28]|Bytes:7
14:41:35.0 (31842705)|SOQL_EXECUTE_BEGIN|[28]|Aggregations:0|SELECT Id, Account__c, Contact__c FROM Voicemail__c WHERE id IN :tmpVar1
14:41:35.0 (33742109)|SOQL_EXECUTE_END|[28]|Rows:0
14:41:35.0 (33775577)|HEAP_ALLOCATE|[28]|Bytes:4
14:41:35.0 (33792971)|HEAP_ALLOCATE|[28]|Bytes:0
14:41:35.0 (33877908)|HEAP_ALLOCATE|[28]|Bytes:4
14:41:35.0 (33899248)|VARIABLE_SCOPE_BEGIN|[28]|voicemails|List<Voicemail__c>|true|false
14:41:35.0 (33929182)|VARIABLE_ASSIGNMENT|[28]|voicemails|[]|0x80a4c05
14:41:35.0 (34142610)|HEAP_ALLOCATE|[29]|Bytes:5
14:41:35.0 (34171437)|VARIABLE_ASSIGNMENT|[29]|item|null|
14:41:35.0 (34180024)|STATEMENT_EXECUTE|[29]
14:41:35.0 (34229560)|HEAP_ALLOCATE|[34]|Bytes:5
14:41:35.0 (34253072)|HEAP_ALLOCATE|[34]|Bytes:4
14:41:35.0 (34264151)|VARIABLE_SCOPE_BEGIN|[34]|item|Task|true|false
14:41:35.0 (35375976)|VARIABLE_ASSIGNMENT|[34]|item|{"CallType":"Outbound","IsHighPriority":false,"IsClosed":false,"NVMStatsSF__NVM_Agent__c":"27","Is_Mobile_Number__c":false,"OwnerId":"0056F0000062ZITQA2","IsToday__c":false,"IsReminderSet":false,"Status":"Completed","IsDeleted":false,"WhoId":"0036F00002GO20FQAT","NVMContactWorld__CW_Call_Start_Time__c":"2019-01-09T04:41:35.000Z","ActivityDate":"2019-01-09T00:00:00.000Z","Priority":"Normal","IsVisibleInSelfService":false,"NVMContactWorld__Was_Call_Recorded__c":false,"CurrencyIsoCode":"AUD","IsRecurrence":false,"Subject":"Outbound call to +61 (9 more) ...","IsArchived":false,"CallObject":"016830ea-6777-bb59-a (16 more) ...","NVMContactWorld__Customer_Number__c":"+61295642785","NVMContactWorld__ContactWorld_Number__c":"61731530806","Day_of_the_Week__c":"Wednesday","Call_Duration_min__c":0.00,"Call_Monitored__c":false}|0x667fec1c
14:41:35.0 (35400086)|STATEMENT_EXECUTE|[34]
14:41:35.0 (35402683)|STATEMENT_EXECUTE|[35]
14:41:35.0 (36429442)|VARIABLE_ASSIGNMENT|[35]|this.WhoId|null|0x667fec1c
14:41:35.0 (36461437)|HEAP_ALLOCATE|[34]|Bytes:5
14:41:35.0 (36481007)|VARIABLE_ASSIGNMENT|[34]|item|null|
14:41:35.0 (36497611)|METHOD_EXIT|[8]|01p6F000009rWtF|TaskHelper.setupContactToReurnCallTasks(List<Task>)
14:41:35.36 (36510824)|CUMULATIVE_LIMIT_USAGE
14:41:35.36 (36510824)|LIMIT_USAGE_FOR_NS|(default)|
  Number of SOQL queries: 1 out of 100
  Number of query rows: 0 out of 50000
  Number of SOSL queries: 0 out of 20
  Number of DML statements: 0 out of 150
  Number of DML rows: 0 out of 10000
  Maximum CPU time: 0 out of 10000
  Maximum heap size: 0 out of 6000000
  Number of callouts: 0 out of 100
  Number of Email Invocations: 0 out of 10
  Number of future calls: 0 out of 50
  Number of queueable jobs added to the queue: 0 out of 50
  Number of Mobile Apex push calls: 0 out of 10

14:41:35.36 (36510824)|CUMULATIVE_LIMIT_USAGE_END

14:41:35.0 (37545312)|CODE_UNIT_FINISHED|TaskTrigger on Task trigger event BeforeInsert|__sfdc_trigger/TaskTrigger
14:41:35.0 (41774018)|CODE_UNIT_STARTED|[EXTERNAL]|Validation:Task:new
14:41:35.0 (41793680)|VALIDATION_RULE|03d6F000000qFaO|Finish_all_call_monitor_field
14:41:35.0 (42240523)|VALIDATION_FORMULA|AND(!ISBLANK(Monitored_By__c),
    OR(ISBLANK( TEXT(CM_advised_what_will_happen_next__c)),
       ISBLANK( TEXT(Allow_customer_to_present_concerns__c) ),
       ISBLANK( TEXT(Communication_is_clear_positive_confiden__c) ),
       ISBLANK( TEXT(Demonstrate_active_listening__c )),
       ISBLANK( TEXT(Gave_correct_answers_and_infomations__c) ),
       ISBLANK( TEXT(Mirrors_clients_talking_behaviour__c) ) ))|CM_advised_what_will_happen_next__c=null , Demonstrate_active_listening__c=null , Communication_is_clear_positive_confiden__c=null , Allow_customer_to_present_concerns__c=null , Gave_correct_answers_and_infomations__c=null , Mirrors_clients_talking_behaviour__c=null , Monitored_By__c=null
14:41:35.0 (42259549)|VALIDATION_PASS
14:41:35.0 (42262308)|VALIDATION_RULE|03d900000009JbB|Interac_Quality_Must_Be_Between_1_and_10
14:41:35.0 (42352313)|VALIDATION_FORMULA|NVMContactWorld__InteractionQuality__c < 1  &#124;&#124;  NVMContactWorld__InteractionQuality__c > 10|NVMContactWorld__InteractionQuality__c=null
14:41:35.0 (42363391)|VALIDATION_PASS
14:41:35.0 (42597029)|CODE_UNIT_FINISHED|Validation:Task:new
14:41:35.0 (98797545)|CODE_UNIT_STARTED|[EXTERNAL]|Workflow:Task
14:41:35.0 (110617576)|WF_RULE_EVAL_BEGIN|Workflow
14:41:35.0 (110661734)|WF_CRITERIA_BEGIN|[Task:  00T6F00005LrRvP]|Update Call Monitor Details|01Q6F0000002Tdt|ON_CREATE_OR_TRIGGERING_UPDATE|0
14:41:35.0 (114780781)|WF_RULE_FILTER|[Task : Monitored By not equal to ]
14:41:35.0 (114810755)|WF_RULE_EVAL_VALUE|
14:41:35.0 (114818197)|WF_CRITERIA_END|false
14:41:35.0 (114847150)|WF_CRITERIA_BEGIN|[Task:  00T6F00005LrRvP]|Update_Callback_Request_Due_Date3016F0000005i0e|01Q6F0000019gyq|ON_CREATE_ONLY|0
14:41:35.0 (114952502)|WF_FORMULA|Formula:ENCODED:[treatNullAsNull]true|Values:
14:41:35.0 (114965519)|WF_CRITERIA_END|true
14:41:35.0 (115772610)|WF_CRITERIA_BEGIN|[Task:  00T6F00005LrRvP]|Call Back Request From LinX|01Q6F000001EY2L|ON_CREATE_OR_TRIGGERING_UPDATE|0
14:41:35.0 (115845652)|WF_RULE_FILTER|[Task : Subject equals Callback Request]
14:41:35.0 (115860470)|WF_RULE_EVAL_VALUE|Outbound call to +61295642785
14:41:35.0 (115865044)|WF_CRITERIA_END|false
14:41:35.0 (115873173)|WF_CRITERIA_BEGIN|[Task:  00T6F00005LrRvP]|Call_Monitor3016F00000054R3|01Q6F000000oOu7|ON_ALL_CHANGES|0
14:41:35.0 (115920449)|WF_FORMULA|Formula:ENCODED:[treatNullAsNull]true|Values:
14:41:35.0 (115926692)|WF_CRITERIA_END|true
14:41:35.0 (115947409)|WF_SPOOL_ACTION_BEGIN|Workflow
14:41:35.0 (115972384)|WF_ACTION| Flow Trigger: 2;
14:41:35.0 (115977311)|WF_RULE_EVAL_END
14:41:35.0 (116036752)|WF_FLOW_ACTION_BEGIN|09L6F000000PWtL
14:41:35.117 (117648863)|FLOW_CREATE_INTERVIEW_BEGIN|00D90000000IJSa|3006F00000091km|3016F0000005i0e
14:41:35.117 (118340080)|FLOW_CREATE_INTERVIEW_END|662253c38a5b9bfd94aa46401bcb16830e3eb7-ba2a|Update Callback Request Due Date
14:41:35.118 (118663210)|FLOW_START_INTERVIEWS_BEGIN|1
14:41:35.118 (118686741)|FLOW_START_INTERVIEW_BEGIN|662253c38a5b9bfd94aa46401bcb16830e3eb7-ba2a|Update Callback Request Due Date
14:41:35.118 (121227128)|FLOW_START_INTERVIEW_END|662253c38a5b9bfd94aa46401bcb16830e3eb7-ba2a|Update Callback Request Due Date
14:41:35.118 (121248877)|FLOW_START_INTERVIEWS_END|1
14:41:35.0 (122613056)|WF_FLOW_ACTION_END|09L6F000000PWtL
14:41:35.0 (122641223)|WF_FLOW_ACTION_BEGIN|09L6F000000PGTV
14:41:35.124 (124151395)|FLOW_CREATE_INTERVIEW_BEGIN|00D90000000IJSa|3006F0000008usA|3016F00000054R3
14:41:35.124 (125172245)|FLOW_CREATE_INTERVIEW_END|662353c38a5b9bfd94aa46401bcb16830e3eb7-ba2b|Call Monitoring
14:41:35.125 (125573343)|FLOW_START_INTERVIEWS_BEGIN|1
14:41:35.125 (125610676)|FLOW_START_INTERVIEW_BEGIN|662353c38a5b9bfd94aa46401bcb16830e3eb7-ba2b|Call Monitoring
14:41:35.125 (129052409)|FLOW_START_INTERVIEW_END|662353c38a5b9bfd94aa46401bcb16830e3eb7-ba2b|Call Monitoring
14:41:35.125 (129088502)|FLOW_START_INTERVIEWS_END|1
14:41:35.0 (129920524)|WF_FLOW_ACTION_END|09L6F000000PGTV
14:41:35.0 (130087626)|WF_ACTIONS_END| Flow Trigger: 2;
14:41:35.0 (130107150)|CODE_UNIT_FINISHED|Workflow:Task
14:41:35.0 (157106034)|CODE_UNIT_FINISHED|TRIGGERS
14:41:35.0 (157131954)|EXECUTION_FINISHED
