31.0 APEX_CODE,FINEST;APEX_PROFILING,INFO;CALLOUT,INFO;DB,INFO;NBA,INFO;SYSTEM,DEBUG;VALIDATION,INFO;VISUALFORCE,INFO;WAVE,INFO;WORKFLOW,INFO
14:45:56.0 (107317)|USER_INFO|[EXTERNAL]|00590000000Vmmq|ben@bjbglobal.com.au|Australian Eastern Standard Time|GMT+10:00
14:45:56.0 (142600)|EXECUTION_STARTED
14:45:56.0 (147448)|CODE_UNIT_STARTED|[EXTERNAL]|TRIGGERS
14:45:56.0 (177416)|CODE_UNIT_STARTED|[EXTERNAL]|01q6F000000DhRF|TaskBeforeUpdate on Task trigger event BeforeUpdate|__sfdc_trigger/TaskBeforeUpdate
14:45:56.0 (224848)|HEAP_ALLOCATE|[EXTERNAL]|Bytes:8
14:45:56.0 (277931)|HEAP_ALLOCATE|[EXTERNAL]|Bytes:8
14:45:56.0 (706041)|HEAP_ALLOCATE|[72]|Bytes:3
14:45:56.0 (756309)|HEAP_ALLOCATE|[77]|Bytes:152
14:45:56.0 (780137)|HEAP_ALLOCATE|[342]|Bytes:408
14:45:56.0 (800637)|HEAP_ALLOCATE|[355]|Bytes:408
14:45:56.0 (817652)|HEAP_ALLOCATE|[467]|Bytes:48
14:45:56.0 (855454)|HEAP_ALLOCATE|[139]|Bytes:6
14:45:56.0 (891733)|HEAP_ALLOCATE|[EXTERNAL]|Bytes:4
14:45:56.0 (904040)|VARIABLE_SCOPE_BEGIN|[10]|this|TaskBeforeUpdate|true|false
14:45:56.0 (957817)|VARIABLE_ASSIGNMENT|[10]|this|{}|0x3f5e69a
14:45:56.0 (1013357)|HEAP_ALLOCATE|[EXTERNAL]|Bytes:4
14:45:56.0 (1022670)|VARIABLE_SCOPE_BEGIN|[10]|this|TaskBeforeUpdate|true|false
14:45:56.0 (1038791)|VARIABLE_ASSIGNMENT|[10]|this|{}|0x3f5e69a
14:45:56.0 (1046378)|STATEMENT_EXECUTE|[10]
14:45:56.1 (1050647)|CUMULATIVE_LIMIT_USAGE
14:45:56.1 (1050647)|LIMIT_USAGE_FOR_NS|(default)|
  Number of SOQL queries: 0 out of 100
  Number of query rows: 0 out of 50000
  Number of SOSL queries: 0 out of 20
  Number of DML statements: 0 out of 150
  Number of DML rows: 0 out of 10000
  Maximum CPU time: 0 out of 10000
  Maximum heap size: 0 out of 6000000
  Number of callouts: 0 out of 100
  Number of Email Invocations: 0 out of 10
  Number of future calls: 0 out of 50
  Number of queueable jobs added to the queue: 0 out of 50
  Number of Mobile Apex push calls: 0 out of 10

14:45:56.1 (1050647)|CUMULATIVE_LIMIT_USAGE_END

14:45:56.0 (1938780)|CODE_UNIT_FINISHED|TaskBeforeUpdate on Task trigger event BeforeUpdate|__sfdc_trigger/TaskBeforeUpdate
14:45:56.0 (5483761)|CODE_UNIT_STARTED|[EXTERNAL]|Validation:Task:00T6F00005LrODV
14:45:56.0 (5499464)|VALIDATION_RULE|03d6F000000qFaO|Finish_all_call_monitor_field
14:45:56.0 (5890466)|VALIDATION_FORMULA|AND(!ISBLANK(Monitored_By__c),
    OR(ISBLANK( TEXT(CM_advised_what_will_happen_next__c)),
       ISBLANK( TEXT(Allow_customer_to_present_concerns__c) ),
       ISBLANK( TEXT(Communication_is_clear_positive_confiden__c) ),
       ISBLANK( TEXT(Demonstrate_active_listening__c )),
       ISBLANK( TEXT(Gave_correct_answers_and_infomations__c) ),
       ISBLANK( TEXT(Mirrors_clients_talking_behaviour__c) ) ))|CM_advised_what_will_happen_next__c=null , Demonstrate_active_listening__c=null , Communication_is_clear_positive_confiden__c=null , Allow_customer_to_present_concerns__c=null , Gave_correct_answers_and_infomations__c=null , Mirrors_clients_talking_behaviour__c=null , Monitored_By__c=null
14:45:56.0 (5908180)|VALIDATION_PASS
14:45:56.0 (5911404)|VALIDATION_RULE|03d900000009JbB|Interac_Quality_Must_Be_Between_1_and_10
14:45:56.0 (5988991)|VALIDATION_FORMULA|NVMContactWorld__InteractionQuality__c < 1  &#124;&#124;  NVMContactWorld__InteractionQuality__c > 10|NVMContactWorld__InteractionQuality__c=null
14:45:56.0 (5999244)|VALIDATION_PASS
14:45:56.0 (6212589)|CODE_UNIT_FINISHED|Validation:Task:00T6F00005LrODV
14:45:56.0 (29954257)|CODE_UNIT_STARTED|[EXTERNAL]|Workflow:Task
14:45:56.0 (42671387)|WF_RULE_EVAL_BEGIN|Workflow
14:45:56.0 (42727806)|WF_CRITERIA_BEGIN|[Task:  00T6F00005LrODV]|Update Call Monitor Details|01Q6F0000002Tdt|ON_CREATE_OR_TRIGGERING_UPDATE|0
14:45:56.0 (46140678)|WF_RULE_FILTER|[Task : Monitored By not equal to ]
14:45:56.0 (46160653)|WF_RULE_EVAL_VALUE|
14:45:56.0 (46165198)|WF_CRITERIA_END|false
14:45:56.0 (46183182)|WF_CRITERIA_BEGIN|[Task:  00T6F00005LrODV]|Update_Callback_Request_Due_Date3016F0000005i0e|01Q6F0000019gyq|ON_CREATE_ONLY|0
14:45:56.0 (46201964)|WF_RULE_NOT_EVALUATED
14:45:56.0 (46209722)|WF_CRITERIA_BEGIN|[Task:  00T6F00005LrODV]|Call Back Request From LinX|01Q6F000001EY2L|ON_CREATE_OR_TRIGGERING_UPDATE|0
14:45:56.0 (46291318)|WF_RULE_FILTER|[Task : Subject equals Callback Request]
14:45:56.0 (46303836)|WF_RULE_EVAL_VALUE|Outbound call to +61403021940
14:45:56.0 (46309721)|WF_CRITERIA_END|false
14:45:56.0 (46322565)|WF_CRITERIA_BEGIN|[Task:  00T6F00005LrODV]|Call_Monitor3016F00000054R3|01Q6F000000oOu7|ON_ALL_CHANGES|0
14:45:56.0 (46416475)|WF_FORMULA|Formula:ENCODED:[treatNullAsNull]true|Values:
14:45:56.0 (46424734)|WF_CRITERIA_END|true
14:45:56.0 (47097819)|WF_SPOOL_ACTION_BEGIN|Workflow
14:45:56.0 (47127614)|WF_ACTION| Flow Trigger: 1;
14:45:56.0 (47133597)|WF_RULE_EVAL_END
14:45:56.0 (47190955)|WF_FLOW_ACTION_BEGIN|09L6F000000PGTV
14:45:56.48 (48927705)|FLOW_CREATE_INTERVIEW_BEGIN|00D90000000IJSa|3006F0000008usA|3016F00000054R3
14:45:56.48 (49785982)|FLOW_CREATE_INTERVIEW_END|1715a53ef4443aac318460b0bcc416830ea994b-5c78|Call Monitoring
14:45:56.50 (50201143)|FLOW_START_INTERVIEWS_BEGIN|1
14:45:56.50 (50228161)|FLOW_START_INTERVIEW_BEGIN|1715a53ef4443aac318460b0bcc416830ea994b-5c78|Call Monitoring
14:45:56.50 (106723916)|FLOW_START_INTERVIEW_END|1715a53ef4443aac318460b0bcc416830ea994b-5c78|Call Monitoring
14:45:56.50 (106760910)|FLOW_START_INTERVIEWS_END|1
14:45:56.0 (107967658)|WF_FLOW_ACTION_END|09L6F000000PGTV
14:45:56.0 (108139882)|WF_ACTIONS_END| Flow Trigger: 1;
14:45:56.0 (108155112)|CODE_UNIT_FINISHED|Workflow:Task
14:45:56.0 (118355218)|CODE_UNIT_FINISHED|TRIGGERS
14:45:56.0 (118376913)|EXECUTION_FINISHED
