37.0 APEX_CODE,FINEST;APEX_PROFILING,INFO;CALLOUT,INFO;DB,INFO;NBA,INFO;SYSTEM,DEBUG;VALIDATION,INFO;VISUALFORCE,INFO;WAVE,INFO;WORKFLOW,INFO
14:41:23.11 (11789715)|ENTERING_MANAGED_PKG|Centify
14:41:23.11 (23988572)|ENTERING_MANAGED_PKG|Centify
14:41:23.11 (24034810)|ENTERING_MANAGED_PKG|Centify
14:41:23.11 (26117337)|ENTERING_MANAGED_PKG|Centify
14:41:23.11 (26160270)|ENTERING_MANAGED_PKG|Centify
14:41:23.11 (26264400)|ENTERING_MANAGED_PKG|Centify
14:41:23.11 (26782461)|ENTERING_MANAGED_PKG|Centify
14:41:23.11 (32615752)|ENTERING_MANAGED_PKG|Centify
14:41:23.11 (32667713)|ENTERING_MANAGED_PKG|Centify
14:41:23.11 (32916546)|ENTERING_MANAGED_PKG|Centify
14:41:23.11 (32947056)|ENTERING_MANAGED_PKG|Centify
14:41:23.11 (33179065)|ENTERING_MANAGED_PKG|Centify
14:41:23.11 (34776154)|ENTERING_MANAGED_PKG|Centify
14:41:23.11 (34832328)|ENTERING_MANAGED_PKG|Centify
14:41:23.11 (34940340)|ENTERING_MANAGED_PKG|Centify
14:41:23.11 (35018974)|ENTERING_MANAGED_PKG|Centify
14:41:23.11 (35054835)|ENTERING_MANAGED_PKG|Centify
14:41:23.11 (35128526)|ENTERING_MANAGED_PKG|Centify
14:41:23.11 (35150114)|ENTERING_MANAGED_PKG|Centify
14:41:23.11 (35179581)|ENTERING_MANAGED_PKG|Centify
14:41:23.11 (35308959)|ENTERING_MANAGED_PKG|Centify
14:41:23.11 (35349642)|ENTERING_MANAGED_PKG|Centify
14:41:23.11 (36009936)|ENTERING_MANAGED_PKG|Centify
14:41:23.11 (36059794)|ENTERING_MANAGED_PKG|Centify
14:41:23.11 (36096422)|ENTERING_MANAGED_PKG|Centify
14:41:23.11 (36250391)|ENTERING_MANAGED_PKG|Centify
14:41:23.11 (36300604)|ENTERING_MANAGED_PKG|Centify
14:41:23.11 (36500620)|ENTERING_MANAGED_PKG|Centify
14:41:23.11 (36572723)|ENTERING_MANAGED_PKG|Centify
14:41:23.11 (37311907)|ENTERING_MANAGED_PKG|Centify
14:41:23.11 (37440454)|ENTERING_MANAGED_PKG|Centify
14:41:23.11 (37516534)|ENTERING_MANAGED_PKG|Centify
14:41:23.11 (37572321)|ENTERING_MANAGED_PKG|Centify
14:41:23.11 (37635426)|ENTERING_MANAGED_PKG|Centify
14:41:23.11 (37741165)|ENTERING_MANAGED_PKG|Centify
14:41:23.11 (37821062)|ENTERING_MANAGED_PKG|Centify
14:41:23.11 (37874589)|ENTERING_MANAGED_PKG|Centify
14:41:23.11 (37932259)|ENTERING_MANAGED_PKG|Centify
14:41:23.11 (37983880)|ENTERING_MANAGED_PKG|Centify
14:41:23.11 (38040167)|ENTERING_MANAGED_PKG|Centify
14:41:23.11 (38093397)|ENTERING_MANAGED_PKG|Centify
14:41:23.11 (38148787)|ENTERING_MANAGED_PKG|Centify
14:41:23.11 (38199846)|ENTERING_MANAGED_PKG|Centify
14:41:23.11 (38254889)|ENTERING_MANAGED_PKG|Centify
14:41:23.11 (38305508)|ENTERING_MANAGED_PKG|Centify
14:41:23.11 (38359000)|ENTERING_MANAGED_PKG|Centify
14:41:23.11 (38409210)|ENTERING_MANAGED_PKG|Centify
14:41:23.11 (38465030)|ENTERING_MANAGED_PKG|Centify
14:41:23.11 (38569554)|ENTERING_MANAGED_PKG|Centify
14:41:23.11 (38635091)|ENTERING_MANAGED_PKG|Centify
14:41:23.11 (38747712)|ENTERING_MANAGED_PKG|Centify
14:41:23.11 (38813973)|ENTERING_MANAGED_PKG|Centify
14:41:23.11 (38865522)|ENTERING_MANAGED_PKG|Centify
14:41:23.11 (38921422)|ENTERING_MANAGED_PKG|Centify
14:41:23.11 (38972208)|ENTERING_MANAGED_PKG|Centify
14:41:23.11 (39028390)|ENTERING_MANAGED_PKG|Centify
14:41:23.11 (39131829)|ENTERING_MANAGED_PKG|Centify
14:41:23.11 (39195694)|ENTERING_MANAGED_PKG|Centify
14:41:23.11 (39292604)|ENTERING_MANAGED_PKG|Centify
14:41:23.11 (39354332)|ENTERING_MANAGED_PKG|Centify
14:41:23.11 (39457520)|ENTERING_MANAGED_PKG|Centify
14:41:23.11 (39518022)|ENTERING_MANAGED_PKG|Centify
14:41:23.11 (39568899)|ENTERING_MANAGED_PKG|Centify
14:41:23.11 (39623522)|ENTERING_MANAGED_PKG|Centify
14:41:23.11 (39675097)|ENTERING_MANAGED_PKG|Centify
14:41:23.11 (39730412)|ENTERING_MANAGED_PKG|Centify
14:41:23.11 (39781008)|ENTERING_MANAGED_PKG|Centify
14:41:23.11 (39841835)|ENTERING_MANAGED_PKG|Centify
14:41:23.11 (39892933)|ENTERING_MANAGED_PKG|Centify
14:41:23.11 (39949868)|ENTERING_MANAGED_PKG|Centify
14:41:23.11 (40055080)|ENTERING_MANAGED_PKG|Centify
14:41:23.11 (40117726)|ENTERING_MANAGED_PKG|Centify
14:41:23.11 (40169580)|ENTERING_MANAGED_PKG|Centify
14:41:23.11 (40226132)|ENTERING_MANAGED_PKG|Centify
14:41:23.11 (40276744)|ENTERING_MANAGED_PKG|Centify
14:41:23.11 (40323820)|ENTERING_MANAGED_PKG|Centify
14:41:23.11 (40543809)|ENTERING_MANAGED_PKG|Centify
14:41:23.11 (40572808)|ENTERING_MANAGED_PKG|Centify
14:41:23.11 (40625461)|ENTERING_MANAGED_PKG|Centify
14:41:23.11 (40661392)|ENTERING_MANAGED_PKG|Centify
14:41:23.11 (40694426)|ENTERING_MANAGED_PKG|Centify
14:41:23.11 (40760303)|ENTERING_MANAGED_PKG|Centify
14:41:23.11 (42178032)|ENTERING_MANAGED_PKG|Centify
14:41:23.11 (42999071)|ENTERING_MANAGED_PKG|Centify
14:41:23.11 (43089875)|ENTERING_MANAGED_PKG|Centify
14:41:23.11 (43221255)|ENTERING_MANAGED_PKG|Centify
14:41:23.11 (43256536)|ENTERING_MANAGED_PKG|Centify
14:41:23.11 (43323382)|ENTERING_MANAGED_PKG|Centify
14:41:23.11 (43357878)|ENTERING_MANAGED_PKG|Centify
14:41:23.11 (43371077)|ENTERING_MANAGED_PKG|Centify
14:41:23.11 (43401251)|ENTERING_MANAGED_PKG|Centify
14:41:23.11 (43413655)|ENTERING_MANAGED_PKG|Centify
14:41:23.11 (43436450)|ENTERING_MANAGED_PKG|Centify
14:41:23.11 (43472595)|ENTERING_MANAGED_PKG|Centify
14:41:23.11 (43495839)|ENTERING_MANAGED_PKG|Centify
14:41:23.11 (43622547)|ENTERING_MANAGED_PKG|Centify
14:41:23.11 (43646094)|ENTERING_MANAGED_PKG|Centify
14:41:23.11 (43658649)|ENTERING_MANAGED_PKG|Centify
14:41:23.11 (43760406)|ENTERING_MANAGED_PKG|Centify
14:41:23.11 (43794743)|ENTERING_MANAGED_PKG|Centify
14:41:23.11 (43854093)|ENTERING_MANAGED_PKG|Centify
14:41:23.11 (43908896)|ENTERING_MANAGED_PKG|Centify
14:41:23.11 (43962550)|ENTERING_MANAGED_PKG|Centify
14:41:23.11 (44064272)|ENTERING_MANAGED_PKG|Centify
14:41:23.11 (44117695)|ENTERING_MANAGED_PKG|Centify
14:41:23.11 (44169905)|ENTERING_MANAGED_PKG|Centify
14:41:23.11 (44217230)|ENTERING_MANAGED_PKG|Centify
14:41:23.11 (44314997)|ENTERING_MANAGED_PKG|Centify
14:41:23.11 (44365518)|ENTERING_MANAGED_PKG|Centify
14:41:23.11 (44416013)|ENTERING_MANAGED_PKG|Centify
14:41:23.11 (44461953)|ENTERING_MANAGED_PKG|Centify
14:41:23.11 (44511328)|ENTERING_MANAGED_PKG|Centify
14:41:23.11 (44556013)|ENTERING_MANAGED_PKG|Centify
14:41:23.11 (44605537)|ENTERING_MANAGED_PKG|Centify
14:41:23.11 (44649825)|ENTERING_MANAGED_PKG|Centify
14:41:23.11 (44704718)|ENTERING_MANAGED_PKG|Centify
14:41:23.11 (44753385)|ENTERING_MANAGED_PKG|Centify
14:41:23.11 (44828260)|ENTERING_MANAGED_PKG|Centify
14:41:23.11 (44875621)|ENTERING_MANAGED_PKG|Centify
14:41:23.11 (44926247)|ENTERING_MANAGED_PKG|Centify
14:41:23.11 (44972743)|ENTERING_MANAGED_PKG|Centify
14:41:23.11 (45087252)|ENTERING_MANAGED_PKG|Centify
14:41:23.11 (45142969)|ENTERING_MANAGED_PKG|Centify
14:41:23.11 (45247995)|ENTERING_MANAGED_PKG|Centify
14:41:23.11 (45299961)|ENTERING_MANAGED_PKG|Centify
14:41:23.11 (45351239)|ENTERING_MANAGED_PKG|Centify
14:41:23.11 (45397034)|ENTERING_MANAGED_PKG|Centify
14:41:23.11 (45445829)|ENTERING_MANAGED_PKG|Centify
14:41:23.11 (45492098)|ENTERING_MANAGED_PKG|Centify
14:41:23.11 (45588573)|ENTERING_MANAGED_PKG|Centify
14:41:23.11 (45641933)|ENTERING_MANAGED_PKG|Centify
14:41:23.11 (45737644)|ENTERING_MANAGED_PKG|Centify
14:41:23.11 (45824439)|ENTERING_MANAGED_PKG|Centify
14:41:23.11 (45929098)|ENTERING_MANAGED_PKG|Centify
14:41:23.11 (45980140)|ENTERING_MANAGED_PKG|Centify
14:41:23.11 (46029899)|ENTERING_MANAGED_PKG|Centify
14:41:23.11 (46074669)|ENTERING_MANAGED_PKG|Centify
14:41:23.11 (46123454)|ENTERING_MANAGED_PKG|Centify
14:41:23.11 (46168761)|ENTERING_MANAGED_PKG|Centify
14:41:23.11 (46217962)|ENTERING_MANAGED_PKG|Centify
14:41:23.11 (46261414)|ENTERING_MANAGED_PKG|Centify
14:41:23.11 (46309634)|ENTERING_MANAGED_PKG|Centify
14:41:23.11 (46353899)|ENTERING_MANAGED_PKG|Centify
14:41:23.11 (46454624)|ENTERING_MANAGED_PKG|Centify
14:41:23.11 (46504473)|ENTERING_MANAGED_PKG|Centify
14:41:23.11 (46554644)|ENTERING_MANAGED_PKG|Centify
14:41:23.11 (46600989)|ENTERING_MANAGED_PKG|Centify
14:41:23.11 (46649854)|ENTERING_MANAGED_PKG|Centify
14:41:23.11 (46684854)|ENTERING_MANAGED_PKG|Centify
14:41:23.11 (46734503)|ENTERING_MANAGED_PKG|Centify
14:41:23.11 (46763472)|ENTERING_MANAGED_PKG|Centify
14:41:23.11 (46790654)|ENTERING_MANAGED_PKG|Centify
14:41:23.11 (46815837)|ENTERING_MANAGED_PKG|Centify
14:41:23.11 (46840599)|ENTERING_MANAGED_PKG|Centify
14:41:23.11 (48064259)|DML_BEGIN|[76]|Op:Insert|Type:Centify__Notification__c|Rows:2
14:41:23.11 (82222496)|DML_END|[76]
14:41:23.11 (82375185)|ENTERING_MANAGED_PKG|Centify
14:41:23.11 (82784568)|ENTERING_MANAGED_PKG|Centify
14:41:23.11 (82950934)|ENTERING_MANAGED_PKG|Centify
14:41:23.108 (108604407)|CUMULATIVE_LIMIT_USAGE
14:41:23.108 (108604407)|LIMIT_USAGE_FOR_NS|(default)|
  Number of SOQL queries: 0 out of 200
  Number of query rows: 0 out of 50000
  Number of SOSL queries: 0 out of 20
  Number of DML statements: 0 out of 150
  Number of DML rows: 0 out of 10000
  Maximum CPU time: 0 out of 60000
  Maximum heap size: 0 out of 12000000
  Number of callouts: 0 out of 0
  Number of Email Invocations: 0 out of 10
  Number of future calls: 0 out of 0
  Number of queueable jobs added to the queue: 0 out of 1
  Number of Mobile Apex push calls: 0 out of 10

14:41:23.108 (108604407)|LIMIT_USAGE_FOR_NS|Centify|
  Number of SOQL queries: 0 out of 200
  Number of query rows: 0 out of 50000
  Number of SOSL queries: 0 out of 20
  Number of DML statements: 0 out of 150
  Number of DML rows: 0 out of 10000
  Maximum CPU time: 0 out of 60000
  Maximum heap size: 0 out of 12000000
  Number of callouts: 0 out of 0
  Number of Email Invocations: 0 out of 10
  Number of future calls: 0 out of 0
  Number of queueable jobs added to the queue: 0 out of 1
  Number of Mobile Apex push calls: 0 out of 10

14:41:23.108 (108604407)|CUMULATIVE_LIMIT_USAGE_END

