37.0 APEX_CODE,FINEST;APEX_PROFILING,INFO;CALLOUT,INFO;DB,INFO;NBA,INFO;SYSTEM,DEBUG;VALIDATION,INFO;VISUALFORCE,INFO;WAVE,INFO;WORKFLOW,INFO
14:42:24.15 (15886646)|ENTERING_MANAGED_PKG|Centify
14:42:24.15 (16975355)|ENTERING_MANAGED_PKG|Centify
14:42:24.15 (17042504)|ENTERING_MANAGED_PKG|Centify
14:42:24.15 (17330934)|ENTERING_MANAGED_PKG|Centify
14:42:24.15 (17397001)|ENTERING_MANAGED_PKG|Centify
14:42:24.15 (18236583)|ENTERING_MANAGED_PKG|Centify
14:42:24.15 (18542020)|ENTERING_MANAGED_PKG|Centify
14:42:24.15 (18573341)|ENTERING_MANAGED_PKG|Centify
14:42:24.15 (18649355)|ENTERING_MANAGED_PKG|Centify
14:42:24.15 (18692922)|ENTERING_MANAGED_PKG|Centify
14:42:24.15 (18725923)|ENTERING_MANAGED_PKG|Centify
14:42:24.15 (18748314)|ENTERING_MANAGED_PKG|Centify
14:42:24.15 (18765687)|ENTERING_MANAGED_PKG|Centify
14:42:24.15 (18970709)|ENTERING_MANAGED_PKG|Centify
14:42:24.15 (56114786)|ENTERING_MANAGED_PKG|Centify
14:42:24.15 (56191731)|ENTERING_MANAGED_PKG|Centify
14:42:24.15 (56308769)|ENTERING_MANAGED_PKG|Centify
14:42:24.15 (56354967)|ENTERING_MANAGED_PKG|Centify
14:42:24.15 (257719423)|ENTERING_MANAGED_PKG|Centify
14:42:24.15 (322100459)|ENTERING_MANAGED_PKG|Centify
14:42:24.15 (335350907)|ENTERING_MANAGED_PKG|Centify
14:42:24.15 (335403378)|ENTERING_MANAGED_PKG|Centify
14:42:24.15 (335490816)|ENTERING_MANAGED_PKG|Centify
14:42:24.15 (335527594)|ENTERING_MANAGED_PKG|Centify
14:42:24.15 (335593731)|ENTERING_MANAGED_PKG|Centify
14:42:24.15 (372374734)|ENTERING_MANAGED_PKG|Centify
14:42:24.15 (386867184)|ENTERING_MANAGED_PKG|Centify
14:42:24.15 (386916953)|ENTERING_MANAGED_PKG|Centify
14:42:24.15 (386996222)|ENTERING_MANAGED_PKG|Centify
14:42:24.15 (387030128)|ENTERING_MANAGED_PKG|Centify
14:42:24.15 (387096181)|ENTERING_MANAGED_PKG|Centify
14:42:24.15 (424952354)|ENTERING_MANAGED_PKG|Centify
14:42:24.15 (439966785)|ENTERING_MANAGED_PKG|Centify
14:42:24.15 (440021767)|ENTERING_MANAGED_PKG|Centify
14:42:24.15 (440106134)|ENTERING_MANAGED_PKG|Centify
14:42:24.15 (440140740)|ENTERING_MANAGED_PKG|Centify
14:42:24.15 (440208165)|ENTERING_MANAGED_PKG|Centify
14:42:24.15 (477966151)|ENTERING_MANAGED_PKG|Centify
14:42:24.15 (495853981)|ENTERING_MANAGED_PKG|Centify
14:42:24.15 (495913761)|ENTERING_MANAGED_PKG|Centify
14:42:24.15 (496001154)|ENTERING_MANAGED_PKG|Centify
14:42:24.15 (496036460)|ENTERING_MANAGED_PKG|Centify
14:42:24.15 (496103260)|ENTERING_MANAGED_PKG|Centify
14:42:24.15 (533988900)|ENTERING_MANAGED_PKG|Centify
14:42:24.15 (548919149)|ENTERING_MANAGED_PKG|Centify
14:42:24.15 (548982303)|ENTERING_MANAGED_PKG|Centify
14:42:24.15 (549066883)|ENTERING_MANAGED_PKG|Centify
14:42:24.15 (549101721)|ENTERING_MANAGED_PKG|Centify
14:42:24.15 (549167920)|ENTERING_MANAGED_PKG|Centify
14:42:24.15 (586713175)|ENTERING_MANAGED_PKG|Centify
14:42:24.15 (601355282)|ENTERING_MANAGED_PKG|Centify
14:42:24.15 (601639876)|ENTERING_MANAGED_PKG|Centify
14:42:24.15 (614220534)|ENTERING_MANAGED_PKG|Centify
14:42:24.15 (614295180)|ENTERING_MANAGED_PKG|Centify
14:42:24.15 (614527441)|ENTERING_MANAGED_PKG|Centify
14:42:24.15 (614585556)|ENTERING_MANAGED_PKG|Centify
14:42:24.15 (614630890)|ENTERING_MANAGED_PKG|Centify
14:42:24.15 (614703776)|ENTERING_MANAGED_PKG|Centify
14:42:24.15 (618290310)|SOQL_EXECUTE_BEGIN|[19]|Aggregations:0|SELECT Id, OrganizationType FROM Organization LIMIT 1
14:42:24.15 (621717816)|SOQL_EXECUTE_END|[19]|Rows:1
14:42:24.15 (637290017)|ENTERING_MANAGED_PKG|Centify
14:42:24.15 (651460784)|ENTERING_MANAGED_PKG|Centify
14:42:24.15 (651524268)|ENTERING_MANAGED_PKG|Centify
14:42:24.15 (651643681)|ENTERING_MANAGED_PKG|Centify
14:42:24.15 (651688295)|ENTERING_MANAGED_PKG|Centify
14:42:24.15 (651769931)|ENTERING_MANAGED_PKG|Centify
14:42:24.15 (695422163)|ENTERING_MANAGED_PKG|Centify
14:42:24.15 (711687651)|ENTERING_MANAGED_PKG|Centify
14:42:24.15 (711743413)|ENTERING_MANAGED_PKG|Centify
14:42:24.15 (711827794)|ENTERING_MANAGED_PKG|Centify
14:42:24.15 (711863003)|ENTERING_MANAGED_PKG|Centify
14:42:24.15 (711928535)|ENTERING_MANAGED_PKG|Centify
14:42:24.15 (749956008)|ENTERING_MANAGED_PKG|Centify
14:42:24.15 (750019916)|ENTERING_MANAGED_PKG|Centify
14:42:24.15 (750194410)|ENTERING_MANAGED_PKG|Centify
14:42:24.15 (750237795)|ENTERING_MANAGED_PKG|Centify
14:42:24.15 (750271928)|ENTERING_MANAGED_PKG|Centify
14:42:24.15 (750521910)|ENTERING_MANAGED_PKG|Centify
14:42:24.15 (750600386)|ENTERING_MANAGED_PKG|Centify
14:42:24.15 (760708624)|ENTERING_MANAGED_PKG|Centify
14:42:24.15 (760878104)|ENTERING_MANAGED_PKG|Centify
14:42:24.15 (761535728)|ENTERING_MANAGED_PKG|Centify
14:42:24.15 (762313374)|SOQL_EXECUTE_BEGIN|[16]|Aggregations:0|select id,lastmodifieddate,isdeleted,createddate,industry,type,name,ownerid from Account where LastModifiedDate >2019-01-09T04:41:09Z AND LastModifiedDate < 2019-01-09T04:42:30Z  ORDER BY SystemModStamp DESC LIMIT 5000  ALL ROWS
14:42:24.15 (771414951)|SOQL_EXECUTE_END|[16]|Rows:7
14:42:24.795 (795148125)|CUMULATIVE_LIMIT_USAGE
14:42:24.795 (795148125)|LIMIT_USAGE_FOR_NS|(default)|
  Number of SOQL queries: 0 out of 200
  Number of query rows: 0 out of 50000
  Number of SOSL queries: 0 out of 20
  Number of DML statements: 0 out of 150
  Number of DML rows: 0 out of 10000
  Maximum CPU time: 0 out of 60000
  Maximum heap size: 0 out of 12000000
  Number of callouts: 0 out of 0
  Number of Email Invocations: 0 out of 10
  Number of future calls: 0 out of 0
  Number of queueable jobs added to the queue: 0 out of 1
  Number of Mobile Apex push calls: 0 out of 10

14:42:24.795 (795148125)|LIMIT_USAGE_FOR_NS|Centify|
  Number of SOQL queries: 0 out of 200
  Number of query rows: 0 out of 50000
  Number of SOSL queries: 0 out of 20
  Number of DML statements: 0 out of 150
  Number of DML rows: 0 out of 10000
  Maximum CPU time: 0 out of 60000
  Maximum heap size: 0 out of 12000000
  Number of callouts: 0 out of 0
  Number of Email Invocations: 0 out of 10
  Number of future calls: 0 out of 0
  Number of queueable jobs added to the queue: 0 out of 1
  Number of Mobile Apex push calls: 0 out of 10

14:42:24.795 (795148125)|CUMULATIVE_LIMIT_USAGE_END

