37.0 APEX_CODE,FINEST;APEX_PROFILING,INFO;CALLOUT,INFO;DB,INFO;NBA,INFO;SYSTEM,DEBUG;VALIDATION,INFO;VISUALFORCE,INFO;WAVE,INFO;WORKFLOW,INFO
14:46:45.10 (10498617)|ENTERING_MANAGED_PKG|Centify
14:46:45.10 (15487181)|ENTERING_MANAGED_PKG|Centify
14:46:45.10 (15599011)|ENTERING_MANAGED_PKG|Centify
14:46:45.10 (18829672)|ENTERING_MANAGED_PKG|Centify
14:46:45.10 (18912701)|ENTERING_MANAGED_PKG|Centify
14:46:45.10 (19110225)|ENTERING_MANAGED_PKG|Centify
14:46:45.10 (19778123)|ENTERING_MANAGED_PKG|Centify
14:46:45.10 (30515631)|ENTERING_MANAGED_PKG|Centify
14:46:45.10 (30600774)|ENTERING_MANAGED_PKG|Centify
14:46:45.10 (31006676)|ENTERING_MANAGED_PKG|Centify
14:46:45.10 (31061542)|ENTERING_MANAGED_PKG|Centify
14:46:45.10 (31475426)|ENTERING_MANAGED_PKG|Centify
14:46:45.10 (33949525)|ENTERING_MANAGED_PKG|Centify
14:46:45.10 (34042393)|ENTERING_MANAGED_PKG|Centify
14:46:45.10 (34272727)|ENTERING_MANAGED_PKG|Centify
14:46:45.10 (34427633)|ENTERING_MANAGED_PKG|Centify
14:46:45.10 (34498916)|ENTERING_MANAGED_PKG|Centify
14:46:45.10 (34633415)|ENTERING_MANAGED_PKG|Centify
14:46:45.10 (34682218)|ENTERING_MANAGED_PKG|Centify
14:46:45.10 (34745747)|ENTERING_MANAGED_PKG|Centify
14:46:45.10 (35005559)|ENTERING_MANAGED_PKG|Centify
14:46:45.10 (35088617)|ENTERING_MANAGED_PKG|Centify
14:46:45.10 (36007441)|ENTERING_MANAGED_PKG|Centify
14:46:45.10 (36053922)|ENTERING_MANAGED_PKG|Centify
14:46:45.10 (36096943)|ENTERING_MANAGED_PKG|Centify
14:46:45.10 (36261140)|ENTERING_MANAGED_PKG|Centify
14:46:45.10 (36319957)|ENTERING_MANAGED_PKG|Centify
14:46:45.10 (37258602)|ENTERING_MANAGED_PKG|Centify
14:46:45.10 (37455508)|ENTERING_MANAGED_PKG|Centify
14:46:45.10 (37587040)|ENTERING_MANAGED_PKG|Centify
14:46:45.10 (37731911)|ENTERING_MANAGED_PKG|Centify
14:46:45.10 (37823149)|ENTERING_MANAGED_PKG|Centify
14:46:45.10 (37959829)|ENTERING_MANAGED_PKG|Centify
14:46:45.10 (38045196)|ENTERING_MANAGED_PKG|Centify
14:46:45.10 (38182096)|ENTERING_MANAGED_PKG|Centify
14:46:45.10 (38267506)|ENTERING_MANAGED_PKG|Centify
14:46:45.10 (38402788)|ENTERING_MANAGED_PKG|Centify
14:46:45.10 (38488046)|ENTERING_MANAGED_PKG|Centify
14:46:45.10 (38615979)|ENTERING_MANAGED_PKG|Centify
14:46:45.10 (38694566)|ENTERING_MANAGED_PKG|Centify
14:46:45.10 (38760747)|ENTERING_MANAGED_PKG|Centify
14:46:45.10 (38834839)|ENTERING_MANAGED_PKG|Centify
14:46:45.10 (38958902)|ENTERING_MANAGED_PKG|Centify
14:46:45.10 (39038874)|ENTERING_MANAGED_PKG|Centify
14:46:45.10 (39173443)|ENTERING_MANAGED_PKG|Centify
14:46:45.10 (39254343)|ENTERING_MANAGED_PKG|Centify
14:46:45.10 (39380957)|ENTERING_MANAGED_PKG|Centify
14:46:45.10 (39457835)|ENTERING_MANAGED_PKG|Centify
14:46:45.10 (39521455)|ENTERING_MANAGED_PKG|Centify
14:46:45.10 (39594815)|ENTERING_MANAGED_PKG|Centify
14:46:45.10 (39712871)|ENTERING_MANAGED_PKG|Centify
14:46:45.10 (39788203)|ENTERING_MANAGED_PKG|Centify
14:46:45.10 (39851964)|ENTERING_MANAGED_PKG|Centify
14:46:45.10 (39921445)|ENTERING_MANAGED_PKG|Centify
14:46:45.10 (39983195)|ENTERING_MANAGED_PKG|Centify
14:46:45.10 (40053119)|ENTERING_MANAGED_PKG|Centify
14:46:45.10 (40115274)|ENTERING_MANAGED_PKG|Centify
14:46:45.10 (40191234)|ENTERING_MANAGED_PKG|Centify
14:46:45.10 (40254331)|ENTERING_MANAGED_PKG|Centify
14:46:45.10 (40323201)|ENTERING_MANAGED_PKG|Centify
14:46:45.10 (40385596)|ENTERING_MANAGED_PKG|Centify
14:46:45.10 (40457390)|ENTERING_MANAGED_PKG|Centify
14:46:45.10 (40581983)|ENTERING_MANAGED_PKG|Centify
14:46:45.10 (40661082)|ENTERING_MANAGED_PKG|Centify
14:46:45.10 (40782880)|ENTERING_MANAGED_PKG|Centify
14:46:45.10 (40861091)|ENTERING_MANAGED_PKG|Centify
14:46:45.10 (41009048)|ENTERING_MANAGED_PKG|Centify
14:46:45.10 (41096981)|ENTERING_MANAGED_PKG|Centify
14:46:45.10 (41410983)|ENTERING_MANAGED_PKG|Centify
14:46:45.10 (41450806)|ENTERING_MANAGED_PKG|Centify
14:46:45.10 (41514391)|ENTERING_MANAGED_PKG|Centify
14:46:45.10 (41558825)|ENTERING_MANAGED_PKG|Centify
14:46:45.10 (41600197)|ENTERING_MANAGED_PKG|Centify
14:46:45.10 (41678355)|ENTERING_MANAGED_PKG|Centify
14:46:45.10 (43284653)|DML_BEGIN|[76]|Op:Insert|Type:Centify__Notification__c|Rows:1
14:46:45.10 (82464462)|DML_END|[76]
14:46:45.10 (82696270)|ENTERING_MANAGED_PKG|Centify
14:46:45.10 (83219970)|ENTERING_MANAGED_PKG|Centify
14:46:45.111 (111684492)|CUMULATIVE_LIMIT_USAGE
14:46:45.111 (111684492)|LIMIT_USAGE_FOR_NS|(default)|
  Number of SOQL queries: 0 out of 200
  Number of query rows: 0 out of 50000
  Number of SOSL queries: 0 out of 20
  Number of DML statements: 0 out of 150
  Number of DML rows: 0 out of 10000
  Maximum CPU time: 0 out of 60000
  Maximum heap size: 0 out of 12000000
  Number of callouts: 0 out of 0
  Number of Email Invocations: 0 out of 10
  Number of future calls: 0 out of 0
  Number of queueable jobs added to the queue: 0 out of 1
  Number of Mobile Apex push calls: 0 out of 10

14:46:45.111 (111684492)|LIMIT_USAGE_FOR_NS|Centify|
  Number of SOQL queries: 0 out of 200
  Number of query rows: 0 out of 50000
  Number of SOSL queries: 0 out of 20
  Number of DML statements: 0 out of 150
  Number of DML rows: 0 out of 10000
  Maximum CPU time: 0 out of 60000
  Maximum heap size: 0 out of 12000000
  Number of callouts: 0 out of 0
  Number of Email Invocations: 0 out of 10
  Number of future calls: 0 out of 0
  Number of queueable jobs added to the queue: 0 out of 1
  Number of Mobile Apex push calls: 0 out of 10

14:46:45.111 (111684492)|CUMULATIVE_LIMIT_USAGE_END

