37.0 APEX_CODE,FINEST;APEX_PROFILING,INFO;CALLOUT,INFO;DB,INFO;NBA,INFO;SYSTEM,DEBUG;VALIDATION,INFO;VISUALFORCE,INFO;WAVE,INFO;WORKFLOW,INFO
14:39:43.13 (13869945)|ENTERING_MANAGED_PKG|Centify
14:39:43.13 (14852052)|ENTERING_MANAGED_PKG|Centify
14:39:43.13 (14898467)|ENTERING_MANAGED_PKG|Centify
14:39:43.13 (15079558)|ENTERING_MANAGED_PKG|Centify
14:39:43.13 (15135686)|ENTERING_MANAGED_PKG|Centify
14:39:43.13 (15854504)|ENTERING_MANAGED_PKG|Centify
14:39:43.13 (16153640)|ENTERING_MANAGED_PKG|Centify
14:39:43.13 (16181136)|ENTERING_MANAGED_PKG|Centify
14:39:43.13 (16260798)|ENTERING_MANAGED_PKG|Centify
14:39:43.13 (16304732)|ENTERING_MANAGED_PKG|Centify
14:39:43.13 (16331345)|ENTERING_MANAGED_PKG|Centify
14:39:43.13 (16348450)|ENTERING_MANAGED_PKG|Centify
14:39:43.13 (16362277)|ENTERING_MANAGED_PKG|Centify
14:39:43.13 (16521220)|ENTERING_MANAGED_PKG|Centify
14:39:43.13 (51614422)|ENTERING_MANAGED_PKG|Centify
14:39:43.13 (51694595)|ENTERING_MANAGED_PKG|Centify
14:39:43.13 (51806837)|ENTERING_MANAGED_PKG|Centify
14:39:43.13 (51846621)|ENTERING_MANAGED_PKG|Centify
14:39:43.13 (214769132)|ENTERING_MANAGED_PKG|Centify
14:39:43.13 (258283913)|ENTERING_MANAGED_PKG|Centify
14:39:43.13 (275383798)|ENTERING_MANAGED_PKG|Centify
14:39:43.13 (275457176)|ENTERING_MANAGED_PKG|Centify
14:39:43.13 (275546668)|ENTERING_MANAGED_PKG|Centify
14:39:43.13 (275581636)|ENTERING_MANAGED_PKG|Centify
14:39:43.13 (275644378)|ENTERING_MANAGED_PKG|Centify
14:39:43.13 (315115004)|ENTERING_MANAGED_PKG|Centify
14:39:43.13 (335278544)|ENTERING_MANAGED_PKG|Centify
14:39:43.13 (335332046)|ENTERING_MANAGED_PKG|Centify
14:39:43.13 (335411880)|ENTERING_MANAGED_PKG|Centify
14:39:43.13 (335445256)|ENTERING_MANAGED_PKG|Centify
14:39:43.13 (335510623)|ENTERING_MANAGED_PKG|Centify
14:39:43.13 (370388269)|ENTERING_MANAGED_PKG|Centify
14:39:43.13 (390746351)|ENTERING_MANAGED_PKG|Centify
14:39:43.13 (390845819)|ENTERING_MANAGED_PKG|Centify
14:39:43.13 (390955798)|ENTERING_MANAGED_PKG|Centify
14:39:43.13 (391003534)|ENTERING_MANAGED_PKG|Centify
14:39:43.13 (391102936)|ENTERING_MANAGED_PKG|Centify
14:39:43.13 (426377950)|ENTERING_MANAGED_PKG|Centify
14:39:43.13 (448373800)|ENTERING_MANAGED_PKG|Centify
14:39:43.13 (448444694)|ENTERING_MANAGED_PKG|Centify
14:39:43.13 (448573664)|ENTERING_MANAGED_PKG|Centify
14:39:43.13 (448622482)|ENTERING_MANAGED_PKG|Centify
14:39:43.13 (448718225)|ENTERING_MANAGED_PKG|Centify
14:39:43.13 (483835405)|ENTERING_MANAGED_PKG|Centify
14:39:43.13 (499609851)|ENTERING_MANAGED_PKG|Centify
14:39:43.13 (499661138)|ENTERING_MANAGED_PKG|Centify
14:39:43.13 (499733081)|ENTERING_MANAGED_PKG|Centify
14:39:43.13 (499762880)|ENTERING_MANAGED_PKG|Centify
14:39:43.13 (499821430)|ENTERING_MANAGED_PKG|Centify
14:39:43.13 (527339417)|ENTERING_MANAGED_PKG|Centify
14:39:43.13 (543757420)|ENTERING_MANAGED_PKG|Centify
14:39:43.13 (543808665)|ENTERING_MANAGED_PKG|Centify
14:39:43.13 (543883350)|ENTERING_MANAGED_PKG|Centify
14:39:43.13 (543913653)|ENTERING_MANAGED_PKG|Centify
14:39:43.13 (543973857)|ENTERING_MANAGED_PKG|Centify
14:39:43.13 (570130891)|ENTERING_MANAGED_PKG|Centify
14:39:43.13 (585414002)|ENTERING_MANAGED_PKG|Centify
14:39:43.13 (585460823)|ENTERING_MANAGED_PKG|Centify
14:39:43.13 (585535805)|ENTERING_MANAGED_PKG|Centify
14:39:43.13 (585568761)|ENTERING_MANAGED_PKG|Centify
14:39:43.13 (585637404)|ENTERING_MANAGED_PKG|Centify
14:39:43.13 (613053063)|ENTERING_MANAGED_PKG|Centify
14:39:43.13 (629150725)|ENTERING_MANAGED_PKG|Centify
14:39:43.13 (629207233)|ENTERING_MANAGED_PKG|Centify
14:39:43.13 (629287833)|ENTERING_MANAGED_PKG|Centify
14:39:43.13 (629319846)|ENTERING_MANAGED_PKG|Centify
14:39:43.13 (629379294)|ENTERING_MANAGED_PKG|Centify
14:39:43.13 (659571081)|ENTERING_MANAGED_PKG|Centify
14:39:43.13 (676220292)|ENTERING_MANAGED_PKG|Centify
14:39:43.13 (676278598)|ENTERING_MANAGED_PKG|Centify
14:39:43.13 (676354525)|ENTERING_MANAGED_PKG|Centify
14:39:43.13 (676386081)|ENTERING_MANAGED_PKG|Centify
14:39:43.13 (676447118)|ENTERING_MANAGED_PKG|Centify
14:39:43.13 (703024416)|ENTERING_MANAGED_PKG|Centify
14:39:43.13 (719543358)|ENTERING_MANAGED_PKG|Centify
14:39:43.13 (719591568)|ENTERING_MANAGED_PKG|Centify
14:39:43.13 (719667972)|ENTERING_MANAGED_PKG|Centify
14:39:43.13 (719699944)|ENTERING_MANAGED_PKG|Centify
14:39:43.13 (719768877)|ENTERING_MANAGED_PKG|Centify
14:39:43.13 (747687422)|ENTERING_MANAGED_PKG|Centify
14:39:43.13 (764234931)|ENTERING_MANAGED_PKG|Centify
14:39:43.13 (764302440)|ENTERING_MANAGED_PKG|Centify
14:39:43.13 (764429671)|ENTERING_MANAGED_PKG|Centify
14:39:43.13 (764470457)|ENTERING_MANAGED_PKG|Centify
14:39:43.13 (764546971)|ENTERING_MANAGED_PKG|Centify
14:39:43.13 (792642489)|ENTERING_MANAGED_PKG|Centify
14:39:43.13 (808687729)|ENTERING_MANAGED_PKG|Centify
14:39:43.13 (808735970)|ENTERING_MANAGED_PKG|Centify
14:39:43.13 (808809341)|ENTERING_MANAGED_PKG|Centify
14:39:43.13 (808840620)|ENTERING_MANAGED_PKG|Centify
14:39:43.13 (808900672)|ENTERING_MANAGED_PKG|Centify
14:39:43.13 (835294670)|ENTERING_MANAGED_PKG|Centify
14:39:43.13 (851213452)|ENTERING_MANAGED_PKG|Centify
14:39:43.13 (851268541)|ENTERING_MANAGED_PKG|Centify
14:39:43.13 (851342962)|ENTERING_MANAGED_PKG|Centify
14:39:43.13 (851373260)|ENTERING_MANAGED_PKG|Centify
14:39:43.13 (851435051)|ENTERING_MANAGED_PKG|Centify
14:39:43.13 (877614979)|ENTERING_MANAGED_PKG|Centify
14:39:43.13 (877670248)|ENTERING_MANAGED_PKG|Centify
14:39:43.13 (877824321)|ENTERING_MANAGED_PKG|Centify
14:39:43.13 (877860853)|ENTERING_MANAGED_PKG|Centify
14:39:43.13 (877889768)|ENTERING_MANAGED_PKG|Centify
14:39:43.13 (878126598)|ENTERING_MANAGED_PKG|Centify
14:39:43.13 (878199212)|ENTERING_MANAGED_PKG|Centify
14:39:43.13 (888927192)|ENTERING_MANAGED_PKG|Centify
14:39:43.13 (888997549)|ENTERING_MANAGED_PKG|Centify
14:39:43.13 (889079044)|ENTERING_MANAGED_PKG|Centify
14:39:43.13 (889650334)|ENTERING_MANAGED_PKG|Centify
14:39:43.13 (890423413)|SOQL_EXECUTE_BEGIN|[16]|Aggregations:0|select id,lastmodifieddate,isdeleted,call_duration_min__c,createddate,tasksubtype,isclosed,subject,ownerid,activitydate,status,whatid,calldurationinseconds,calltype from Task where LastModifiedDate >2019-01-09T04:37:54Z AND LastModifiedDate < 2019-01-09T04:39:49Z AND (   CallType = 'Outbound'  OR  CallType = 'Inbound'  )  ORDER BY SystemModStamp DESC LIMIT 5000  ALL ROWS
14:39:43.13 (897202960)|SOQL_EXECUTE_END|[16]|Rows:6
14:39:43.922 (922992176)|CUMULATIVE_LIMIT_USAGE
14:39:43.922 (922992176)|LIMIT_USAGE_FOR_NS|(default)|
  Number of SOQL queries: 0 out of 200
  Number of query rows: 0 out of 50000
  Number of SOSL queries: 0 out of 20
  Number of DML statements: 0 out of 150
  Number of DML rows: 0 out of 10000
  Maximum CPU time: 0 out of 60000
  Maximum heap size: 0 out of 12000000
  Number of callouts: 0 out of 0
  Number of Email Invocations: 0 out of 10
  Number of future calls: 0 out of 0
  Number of queueable jobs added to the queue: 0 out of 1
  Number of Mobile Apex push calls: 0 out of 10

14:39:43.922 (922992176)|LIMIT_USAGE_FOR_NS|Centify|
  Number of SOQL queries: 0 out of 200
  Number of query rows: 0 out of 50000
  Number of SOSL queries: 0 out of 20
  Number of DML statements: 0 out of 150
  Number of DML rows: 0 out of 10000
  Maximum CPU time: 0 out of 60000
  Maximum heap size: 0 out of 12000000
  Number of callouts: 0 out of 0
  Number of Email Invocations: 0 out of 10
  Number of future calls: 0 out of 0
  Number of queueable jobs added to the queue: 0 out of 1
  Number of Mobile Apex push calls: 0 out of 10

14:39:43.922 (922992176)|CUMULATIVE_LIMIT_USAGE_END

