31.0 APEX_CODE,FINEST;APEX_PROFILING,INFO;CALLOUT,INFO;DB,INFO;NBA,INFO;SYSTEM,DEBUG;VALIDATION,INFO;VISUALFORCE,INFO;WAVE,INFO;WORKFLOW,INFO
14:34:57.0 (149752)|USER_INFO|[EXTERNAL]|00590000000Vmmq|ben@bjbglobal.com.au|Australian Eastern Standard Time|GMT+10:00
14:34:57.0 (202194)|EXECUTION_STARTED
14:34:57.0 (209996)|CODE_UNIT_STARTED|[EXTERNAL]|TRIGGERS
14:34:57.0 (257706)|CODE_UNIT_STARTED|[EXTERNAL]|01q6F000000DhRF|TaskBeforeUpdate on Task trigger event BeforeUpdate|__sfdc_trigger/TaskBeforeUpdate
14:34:57.0 (330101)|HEAP_ALLOCATE|[EXTERNAL]|Bytes:8
14:34:57.0 (409543)|HEAP_ALLOCATE|[EXTERNAL]|Bytes:8
14:34:57.0 (957389)|HEAP_ALLOCATE|[72]|Bytes:3
14:34:57.0 (1025834)|HEAP_ALLOCATE|[77]|Bytes:152
14:34:57.0 (1051066)|HEAP_ALLOCATE|[342]|Bytes:408
14:34:57.0 (1090553)|HEAP_ALLOCATE|[355]|Bytes:408
14:34:57.0 (1115173)|HEAP_ALLOCATE|[467]|Bytes:48
14:34:57.0 (1159559)|HEAP_ALLOCATE|[139]|Bytes:6
14:34:57.0 (1208590)|HEAP_ALLOCATE|[EXTERNAL]|Bytes:4
14:34:57.0 (1224676)|VARIABLE_SCOPE_BEGIN|[10]|this|TaskBeforeUpdate|true|false
14:34:57.0 (1283394)|VARIABLE_ASSIGNMENT|[10]|this|{}|0x25277656
14:34:57.0 (1378348)|HEAP_ALLOCATE|[EXTERNAL]|Bytes:4
14:34:57.0 (1392344)|VARIABLE_SCOPE_BEGIN|[10]|this|TaskBeforeUpdate|true|false
14:34:57.0 (1415043)|VARIABLE_ASSIGNMENT|[10]|this|{}|0x25277656
14:34:57.0 (1424271)|STATEMENT_EXECUTE|[10]
14:34:57.1 (1429178)|CUMULATIVE_LIMIT_USAGE
14:34:57.1 (1429178)|LIMIT_USAGE_FOR_NS|(default)|
  Number of SOQL queries: 0 out of 100
  Number of query rows: 0 out of 50000
  Number of SOSL queries: 0 out of 20
  Number of DML statements: 0 out of 150
  Number of DML rows: 0 out of 10000
  Maximum CPU time: 0 out of 10000
  Maximum heap size: 0 out of 6000000
  Number of callouts: 0 out of 100
  Number of Email Invocations: 0 out of 10
  Number of future calls: 0 out of 50
  Number of queueable jobs added to the queue: 0 out of 50
  Number of Mobile Apex push calls: 0 out of 10

14:34:57.1 (1429178)|CUMULATIVE_LIMIT_USAGE_END

14:34:57.0 (2367618)|CODE_UNIT_FINISHED|TaskBeforeUpdate on Task trigger event BeforeUpdate|__sfdc_trigger/TaskBeforeUpdate
14:34:57.0 (7679335)|CODE_UNIT_STARTED|[EXTERNAL]|Validation:Task:00T6F00005LrOTF
14:34:57.0 (7704471)|VALIDATION_RULE|03d6F000000qFaO|Finish_all_call_monitor_field
14:34:57.0 (8316333)|VALIDATION_FORMULA|AND(!ISBLANK(Monitored_By__c),
    OR(ISBLANK( TEXT(CM_advised_what_will_happen_next__c)),
       ISBLANK( TEXT(Allow_customer_to_present_concerns__c) ),
       ISBLANK( TEXT(Communication_is_clear_positive_confiden__c) ),
       ISBLANK( TEXT(Demonstrate_active_listening__c )),
       ISBLANK( TEXT(Gave_correct_answers_and_infomations__c) ),
       ISBLANK( TEXT(Mirrors_clients_talking_behaviour__c) ) ))|CM_advised_what_will_happen_next__c=null , Demonstrate_active_listening__c=null , Communication_is_clear_positive_confiden__c=null , Allow_customer_to_present_concerns__c=null , Gave_correct_answers_and_infomations__c=null , Mirrors_clients_talking_behaviour__c=null , Monitored_By__c=null
14:34:57.0 (8340554)|VALIDATION_PASS
14:34:57.0 (8343407)|VALIDATION_RULE|03d900000009JbB|Interac_Quality_Must_Be_Between_1_and_10
14:34:57.0 (8464309)|VALIDATION_FORMULA|NVMContactWorld__InteractionQuality__c < 1  &#124;&#124;  NVMContactWorld__InteractionQuality__c > 10|NVMContactWorld__InteractionQuality__c=null
14:34:57.0 (8475905)|VALIDATION_PASS
14:34:57.0 (8717269)|CODE_UNIT_FINISHED|Validation:Task:00T6F00005LrOTF
14:34:57.0 (27297419)|CODE_UNIT_STARTED|[EXTERNAL]|Workflow:Task
14:34:57.0 (38459847)|WF_RULE_EVAL_BEGIN|Workflow
14:34:57.0 (38499756)|WF_CRITERIA_BEGIN|[Task:  00T6F00005LrOTF]|Update Call Monitor Details|01Q6F0000002Tdt|ON_CREATE_OR_TRIGGERING_UPDATE|0
14:34:57.0 (41264871)|WF_RULE_FILTER|[Task : Monitored By not equal to ]
14:34:57.0 (41282605)|WF_RULE_EVAL_VALUE|
14:34:57.0 (41286388)|WF_CRITERIA_END|false
14:34:57.0 (41298444)|WF_CRITERIA_BEGIN|[Task:  00T6F00005LrOTF]|Update_Callback_Request_Due_Date3016F0000005i0e|01Q6F0000019gyq|ON_CREATE_ONLY|0
14:34:57.0 (41310697)|WF_RULE_NOT_EVALUATED
14:34:57.0 (41315330)|WF_CRITERIA_BEGIN|[Task:  00T6F00005LrOTF]|Call Back Request From LinX|01Q6F000001EY2L|ON_CREATE_OR_TRIGGERING_UPDATE|0
14:34:57.0 (41374382)|WF_RULE_FILTER|[Task : Subject equals Callback Request]
14:34:57.0 (41388576)|WF_RULE_EVAL_VALUE|Outbound call to +61413402324
14:34:57.0 (41394308)|WF_CRITERIA_END|false
14:34:57.0 (41402270)|WF_CRITERIA_BEGIN|[Task:  00T6F00005LrOTF]|Call_Monitor3016F00000054R3|01Q6F000000oOu7|ON_ALL_CHANGES|0
14:34:57.0 (41503244)|WF_FORMULA|Formula:ENCODED:[treatNullAsNull]true|Values:
14:34:57.0 (41511632)|WF_CRITERIA_END|true
14:34:57.0 (42378882)|WF_SPOOL_ACTION_BEGIN|Workflow
14:34:57.0 (42409716)|WF_ACTION| Flow Trigger: 1;
14:34:57.0 (42414143)|WF_RULE_EVAL_END
14:34:57.0 (42471023)|WF_FLOW_ACTION_BEGIN|09L6F000000PGTV
14:34:57.43 (43993964)|FLOW_CREATE_INTERVIEW_BEGIN|00D90000000IJSa|3006F0000008usA|3016F00000054R3
14:34:57.43 (44768373)|FLOW_CREATE_INTERVIEW_END|9526489c0bd61ab91dd3c5808d116830d835-24e7|Call Monitoring
14:34:57.45 (45159860)|FLOW_START_INTERVIEWS_BEGIN|1
14:34:57.45 (45184386)|FLOW_START_INTERVIEW_BEGIN|9526489c0bd61ab91dd3c5808d116830d835-24e7|Call Monitoring
14:34:57.45 (56150265)|FLOW_START_INTERVIEW_END|9526489c0bd61ab91dd3c5808d116830d835-24e7|Call Monitoring
14:34:57.45 (56204277)|FLOW_START_INTERVIEWS_END|1
14:34:57.0 (57443010)|WF_FLOW_ACTION_END|09L6F000000PGTV
14:34:57.0 (57595181)|WF_ACTIONS_END| Flow Trigger: 1;
14:34:57.0 (57611114)|CODE_UNIT_FINISHED|Workflow:Task
14:34:57.0 (69253635)|CODE_UNIT_FINISHED|TRIGGERS
14:34:57.0 (69271305)|EXECUTION_FINISHED
