31.0 APEX_CODE,FINEST;APEX_PROFILING,INFO;CALLOUT,INFO;DB,INFO;NBA,INFO;SYSTEM,DEBUG;VALIDATION,INFO;VISUALFORCE,INFO;WAVE,INFO;WORKFLOW,INFO
14:38:59.0 (166037)|USER_INFO|[EXTERNAL]|00590000000Vmmq|ben@bjbglobal.com.au|Australian Eastern Standard Time|GMT+10:00
14:38:59.0 (217997)|EXECUTION_STARTED
14:38:59.0 (223935)|CODE_UNIT_STARTED|[EXTERNAL]|TRIGGERS
14:38:59.0 (260892)|CODE_UNIT_STARTED|[EXTERNAL]|01q6F000000DhRF|TaskBeforeUpdate on Task trigger event BeforeUpdate|__sfdc_trigger/TaskBeforeUpdate
14:38:59.0 (312928)|HEAP_ALLOCATE|[EXTERNAL]|Bytes:8
14:38:59.0 (391611)|HEAP_ALLOCATE|[EXTERNAL]|Bytes:8
14:38:59.0 (878233)|HEAP_ALLOCATE|[72]|Bytes:3
14:38:59.0 (927673)|HEAP_ALLOCATE|[77]|Bytes:152
14:38:59.0 (957257)|HEAP_ALLOCATE|[342]|Bytes:408
14:38:59.0 (985434)|HEAP_ALLOCATE|[355]|Bytes:408
14:38:59.0 (1008385)|HEAP_ALLOCATE|[467]|Bytes:48
14:38:59.0 (1052157)|HEAP_ALLOCATE|[139]|Bytes:6
14:38:59.0 (1101505)|HEAP_ALLOCATE|[EXTERNAL]|Bytes:4
14:38:59.0 (1115372)|VARIABLE_SCOPE_BEGIN|[10]|this|TaskBeforeUpdate|true|false
14:38:59.0 (1174507)|VARIABLE_ASSIGNMENT|[10]|this|{}|0x55ef56bb
14:38:59.0 (1264256)|HEAP_ALLOCATE|[EXTERNAL]|Bytes:4
14:38:59.0 (1277026)|VARIABLE_SCOPE_BEGIN|[10]|this|TaskBeforeUpdate|true|false
14:38:59.0 (1301743)|VARIABLE_ASSIGNMENT|[10]|this|{}|0x55ef56bb
14:38:59.0 (1314919)|STATEMENT_EXECUTE|[10]
14:38:59.1 (1321544)|CUMULATIVE_LIMIT_USAGE
14:38:59.1 (1321544)|LIMIT_USAGE_FOR_NS|(default)|
  Number of SOQL queries: 0 out of 100
  Number of query rows: 0 out of 50000
  Number of SOSL queries: 0 out of 20
  Number of DML statements: 0 out of 150
  Number of DML rows: 0 out of 10000
  Maximum CPU time: 0 out of 10000
  Maximum heap size: 0 out of 6000000
  Number of callouts: 0 out of 100
  Number of Email Invocations: 0 out of 10
  Number of future calls: 0 out of 50
  Number of queueable jobs added to the queue: 0 out of 50
  Number of Mobile Apex push calls: 0 out of 10

14:38:59.1 (1321544)|CUMULATIVE_LIMIT_USAGE_END

14:38:59.0 (2459011)|CODE_UNIT_FINISHED|TaskBeforeUpdate on Task trigger event BeforeUpdate|__sfdc_trigger/TaskBeforeUpdate
14:38:59.0 (7285419)|CODE_UNIT_STARTED|[EXTERNAL]|Validation:Task:00T6F00005LrOtY
14:38:59.0 (7311251)|VALIDATION_RULE|03d6F000000qFaO|Finish_all_call_monitor_field
14:38:59.0 (8084390)|VALIDATION_FORMULA|AND(!ISBLANK(Monitored_By__c),
    OR(ISBLANK( TEXT(CM_advised_what_will_happen_next__c)),
       ISBLANK( TEXT(Allow_customer_to_present_concerns__c) ),
       ISBLANK( TEXT(Communication_is_clear_positive_confiden__c) ),
       ISBLANK( TEXT(Demonstrate_active_listening__c )),
       ISBLANK( TEXT(Gave_correct_answers_and_infomations__c) ),
       ISBLANK( TEXT(Mirrors_clients_talking_behaviour__c) ) ))|CM_advised_what_will_happen_next__c=null , Demonstrate_active_listening__c=null , Communication_is_clear_positive_confiden__c=null , Allow_customer_to_present_concerns__c=null , Gave_correct_answers_and_infomations__c=null , Mirrors_clients_talking_behaviour__c=null , Monitored_By__c=null
14:38:59.0 (8116084)|VALIDATION_PASS
14:38:59.0 (8120179)|VALIDATION_RULE|03d900000009JbB|Interac_Quality_Must_Be_Between_1_and_10
14:38:59.0 (8291553)|VALIDATION_FORMULA|NVMContactWorld__InteractionQuality__c < 1  &#124;&#124;  NVMContactWorld__InteractionQuality__c > 10|NVMContactWorld__InteractionQuality__c=null
14:38:59.0 (8309165)|VALIDATION_PASS
14:38:59.0 (8558833)|CODE_UNIT_FINISHED|Validation:Task:00T6F00005LrOtY
14:38:59.0 (28978083)|CODE_UNIT_STARTED|[EXTERNAL]|Workflow:Task
14:38:59.0 (37545611)|WF_RULE_EVAL_BEGIN|Workflow
14:38:59.0 (37592943)|WF_CRITERIA_BEGIN|[Task:  00T6F00005LrOtY]|Update Call Monitor Details|01Q6F0000002Tdt|ON_CREATE_OR_TRIGGERING_UPDATE|0
14:38:59.0 (37683575)|WF_RULE_FILTER|[Task : Monitored By not equal to ]
14:38:59.0 (37701950)|WF_RULE_EVAL_VALUE|
14:38:59.0 (37706988)|WF_CRITERIA_END|false
14:38:59.0 (37724190)|WF_CRITERIA_BEGIN|[Task:  00T6F00005LrOtY]|Update_Callback_Request_Due_Date3016F0000005i0e|01Q6F0000019gyq|ON_CREATE_ONLY|0
14:38:59.0 (37740594)|WF_RULE_NOT_EVALUATED
14:38:59.0 (37748358)|WF_CRITERIA_BEGIN|[Task:  00T6F00005LrOtY]|Call Back Request From LinX|01Q6F000001EY2L|ON_CREATE_OR_TRIGGERING_UPDATE|0
14:38:59.0 (38191913)|WF_RULE_FILTER|[Task : Subject equals Callback Request]
14:38:59.0 (38211651)|WF_RULE_EVAL_VALUE|Outbound call to +61394346123
14:38:59.0 (38218629)|WF_CRITERIA_END|false
14:38:59.0 (38237307)|WF_CRITERIA_BEGIN|[Task:  00T6F00005LrOtY]|Call_Monitor3016F00000054R3|01Q6F000000oOu7|ON_ALL_CHANGES|0
14:38:59.0 (38392465)|WF_FORMULA|Formula:ENCODED:[treatNullAsNull]true|Values:
14:38:59.0 (38405818)|WF_CRITERIA_END|true
14:38:59.0 (39139350)|WF_SPOOL_ACTION_BEGIN|Workflow
14:38:59.0 (39176776)|WF_ACTION| Flow Trigger: 1;
14:38:59.0 (39184986)|WF_RULE_EVAL_END
14:38:59.0 (39266730)|WF_FLOW_ACTION_BEGIN|09L6F000000PGTV
14:38:59.42 (42919447)|FLOW_CREATE_INTERVIEW_BEGIN|00D90000000IJSa|3006F0000008usA|3016F00000054R3
14:38:59.42 (44011232)|FLOW_CREATE_INTERVIEW_END|42686489c0bd61ab91dd3c5808d116830d83524-3de5|Call Monitoring
14:38:59.44 (44567555)|FLOW_START_INTERVIEWS_BEGIN|1
14:38:59.44 (44598795)|FLOW_START_INTERVIEW_BEGIN|42686489c0bd61ab91dd3c5808d116830d83524-3de5|Call Monitoring
14:38:59.44 (63547927)|FLOW_START_INTERVIEW_END|42686489c0bd61ab91dd3c5808d116830d83524-3de5|Call Monitoring
14:38:59.44 (63587509)|FLOW_START_INTERVIEWS_END|1
14:38:59.0 (66469378)|WF_FLOW_ACTION_END|09L6F000000PGTV
14:38:59.0 (66638902)|WF_ACTIONS_END| Flow Trigger: 1;
14:38:59.0 (66660419)|CODE_UNIT_FINISHED|Workflow:Task
14:38:59.0 (84176754)|CODE_UNIT_FINISHED|TRIGGERS
14:38:59.0 (84199873)|EXECUTION_FINISHED
