37.0 APEX_CODE,FINEST;APEX_PROFILING,INFO;CALLOUT,INFO;DB,INFO;NBA,INFO;SYSTEM,DEBUG;VALIDATION,INFO;VISUALFORCE,INFO;WAVE,INFO;WORKFLOW,INFO
14:49:15.8 (8974259)|ENTERING_MANAGED_PKG|Centify
14:49:15.8 (11247629)|ENTERING_MANAGED_PKG|Centify
14:49:15.8 (11299825)|ENTERING_MANAGED_PKG|Centify
14:49:15.8 (11462712)|ENTERING_MANAGED_PKG|Centify
14:49:15.8 (11489090)|ENTERING_MANAGED_PKG|Centify
14:49:15.8 (11588433)|ENTERING_MANAGED_PKG|Centify
14:49:15.8 (12073933)|ENTERING_MANAGED_PKG|Centify
14:49:15.8 (15561431)|ENTERING_MANAGED_PKG|Centify
14:49:15.8 (15624745)|ENTERING_MANAGED_PKG|Centify
14:49:15.8 (15948334)|ENTERING_MANAGED_PKG|Centify
14:49:15.8 (15989594)|ENTERING_MANAGED_PKG|Centify
14:49:15.8 (16307207)|ENTERING_MANAGED_PKG|Centify
14:49:15.8 (19809812)|ENTERING_MANAGED_PKG|Centify
14:49:15.8 (19870035)|ENTERING_MANAGED_PKG|Centify
14:49:15.8 (20118270)|ENTERING_MANAGED_PKG|Centify
14:49:15.8 (20246485)|ENTERING_MANAGED_PKG|Centify
14:49:15.8 (20277400)|ENTERING_MANAGED_PKG|Centify
14:49:15.8 (20346352)|ENTERING_MANAGED_PKG|Centify
14:49:15.8 (20396902)|ENTERING_MANAGED_PKG|Centify
14:49:15.8 (20438735)|ENTERING_MANAGED_PKG|Centify
14:49:15.8 (20583929)|ENTERING_MANAGED_PKG|Centify
14:49:15.8 (20627446)|ENTERING_MANAGED_PKG|Centify
14:49:15.8 (21161265)|ENTERING_MANAGED_PKG|Centify
14:49:15.8 (21197703)|ENTERING_MANAGED_PKG|Centify
14:49:15.8 (21228790)|ENTERING_MANAGED_PKG|Centify
14:49:15.8 (21449307)|ENTERING_MANAGED_PKG|Centify
14:49:15.8 (21498937)|ENTERING_MANAGED_PKG|Centify
14:49:15.8 (22474573)|ENTERING_MANAGED_PKG|Centify
14:49:15.8 (22701045)|ENTERING_MANAGED_PKG|Centify
14:49:15.8 (22883014)|ENTERING_MANAGED_PKG|Centify
14:49:15.8 (23093840)|ENTERING_MANAGED_PKG|Centify
14:49:15.8 (23204895)|ENTERING_MANAGED_PKG|Centify
14:49:15.8 (23393311)|ENTERING_MANAGED_PKG|Centify
14:49:15.8 (23513597)|ENTERING_MANAGED_PKG|Centify
14:49:15.8 (23597977)|ENTERING_MANAGED_PKG|Centify
14:49:15.8 (23692328)|ENTERING_MANAGED_PKG|Centify
14:49:15.8 (23871843)|ENTERING_MANAGED_PKG|Centify
14:49:15.8 (23992387)|ENTERING_MANAGED_PKG|Centify
14:49:15.8 (24148385)|ENTERING_MANAGED_PKG|Centify
14:49:15.8 (24262904)|ENTERING_MANAGED_PKG|Centify
14:49:15.8 (24510707)|ENTERING_MANAGED_PKG|Centify
14:49:15.8 (24629946)|ENTERING_MANAGED_PKG|Centify
14:49:15.8 (24807879)|ENTERING_MANAGED_PKG|Centify
14:49:15.8 (24931158)|ENTERING_MANAGED_PKG|Centify
14:49:15.8 (25105275)|ENTERING_MANAGED_PKG|Centify
14:49:15.8 (25217433)|ENTERING_MANAGED_PKG|Centify
14:49:15.8 (25401204)|ENTERING_MANAGED_PKG|Centify
14:49:15.8 (25509404)|ENTERING_MANAGED_PKG|Centify
14:49:15.8 (27066238)|ENTERING_MANAGED_PKG|Centify
14:49:15.8 (27185713)|ENTERING_MANAGED_PKG|Centify
14:49:15.8 (27328212)|ENTERING_MANAGED_PKG|Centify
14:49:15.8 (27453975)|ENTERING_MANAGED_PKG|Centify
14:49:15.8 (27648567)|ENTERING_MANAGED_PKG|Centify
14:49:15.8 (27772940)|ENTERING_MANAGED_PKG|Centify
14:49:15.8 (27914312)|ENTERING_MANAGED_PKG|Centify
14:49:15.8 (27989123)|ENTERING_MANAGED_PKG|Centify
14:49:15.8 (29328912)|ENTERING_MANAGED_PKG|Centify
14:49:15.8 (30186308)|ENTERING_MANAGED_PKG|Centify
14:49:15.8 (30277197)|ENTERING_MANAGED_PKG|Centify
14:49:15.8 (30440372)|ENTERING_MANAGED_PKG|Centify
14:49:15.8 (30477657)|ENTERING_MANAGED_PKG|Centify
14:49:15.8 (30549017)|ENTERING_MANAGED_PKG|Centify
14:49:15.8 (30609762)|ENTERING_MANAGED_PKG|Centify
14:49:15.8 (30639715)|ENTERING_MANAGED_PKG|Centify
14:49:15.8 (30687730)|ENTERING_MANAGED_PKG|Centify
14:49:15.8 (30709746)|ENTERING_MANAGED_PKG|Centify
14:49:15.8 (30746431)|ENTERING_MANAGED_PKG|Centify
14:49:15.8 (30803554)|ENTERING_MANAGED_PKG|Centify
14:49:15.8 (30834822)|ENTERING_MANAGED_PKG|Centify
14:49:15.8 (30969501)|ENTERING_MANAGED_PKG|Centify
14:49:15.8 (30994521)|ENTERING_MANAGED_PKG|Centify
14:49:15.8 (31007682)|ENTERING_MANAGED_PKG|Centify
14:49:15.8 (31113894)|ENTERING_MANAGED_PKG|Centify
14:49:15.8 (31150579)|ENTERING_MANAGED_PKG|Centify
14:49:15.8 (31210708)|ENTERING_MANAGED_PKG|Centify
14:49:15.8 (31333800)|ENTERING_MANAGED_PKG|Centify
14:49:15.8 (31422681)|ENTERING_MANAGED_PKG|Centify
14:49:15.8 (31582377)|ENTERING_MANAGED_PKG|Centify
14:49:15.8 (31671901)|ENTERING_MANAGED_PKG|Centify
14:49:15.8 (31866094)|ENTERING_MANAGED_PKG|Centify
14:49:15.8 (31973842)|ENTERING_MANAGED_PKG|Centify
14:49:15.8 (32068000)|ENTERING_MANAGED_PKG|Centify
14:49:15.8 (32164719)|ENTERING_MANAGED_PKG|Centify
14:49:15.8 (32364356)|ENTERING_MANAGED_PKG|Centify
14:49:15.8 (32434984)|ENTERING_MANAGED_PKG|Centify
14:49:15.8 (32539068)|ENTERING_MANAGED_PKG|Centify
14:49:15.8 (32595804)|ENTERING_MANAGED_PKG|Centify
14:49:15.8 (32692722)|ENTERING_MANAGED_PKG|Centify
14:49:15.8 (32746120)|ENTERING_MANAGED_PKG|Centify
14:49:15.8 (32845948)|ENTERING_MANAGED_PKG|Centify
14:49:15.8 (32915378)|ENTERING_MANAGED_PKG|Centify
14:49:15.8 (33020617)|ENTERING_MANAGED_PKG|Centify
14:49:15.8 (33088639)|ENTERING_MANAGED_PKG|Centify
14:49:15.8 (33199519)|ENTERING_MANAGED_PKG|Centify
14:49:15.8 (33254458)|ENTERING_MANAGED_PKG|Centify
14:49:15.8 (33411008)|ENTERING_MANAGED_PKG|Centify
14:49:15.8 (33466749)|ENTERING_MANAGED_PKG|Centify
14:49:15.8 (33585792)|ENTERING_MANAGED_PKG|Centify
14:49:15.8 (33659704)|ENTERING_MANAGED_PKG|Centify
14:49:15.8 (33788867)|ENTERING_MANAGED_PKG|Centify
14:49:15.8 (33883022)|ENTERING_MANAGED_PKG|Centify
14:49:15.8 (34024885)|ENTERING_MANAGED_PKG|Centify
14:49:15.8 (34074052)|ENTERING_MANAGED_PKG|Centify
14:49:15.8 (35026186)|ENTERING_MANAGED_PKG|Centify
14:49:15.8 (35910155)|ENTERING_MANAGED_PKG|Centify
14:49:15.8 (35997128)|ENTERING_MANAGED_PKG|Centify
14:49:15.8 (36119204)|ENTERING_MANAGED_PKG|Centify
14:49:15.8 (36152574)|ENTERING_MANAGED_PKG|Centify
14:49:15.8 (36238144)|ENTERING_MANAGED_PKG|Centify
14:49:15.8 (36290963)|ENTERING_MANAGED_PKG|Centify
14:49:15.8 (36305580)|ENTERING_MANAGED_PKG|Centify
14:49:15.8 (36350794)|ENTERING_MANAGED_PKG|Centify
14:49:15.8 (36364660)|ENTERING_MANAGED_PKG|Centify
14:49:15.8 (36392369)|ENTERING_MANAGED_PKG|Centify
14:49:15.8 (36429222)|ENTERING_MANAGED_PKG|Centify
14:49:15.8 (36452012)|ENTERING_MANAGED_PKG|Centify
14:49:15.8 (36602929)|ENTERING_MANAGED_PKG|Centify
14:49:15.8 (36626468)|ENTERING_MANAGED_PKG|Centify
14:49:15.8 (36639292)|ENTERING_MANAGED_PKG|Centify
14:49:15.8 (36741104)|ENTERING_MANAGED_PKG|Centify
14:49:15.8 (36776556)|ENTERING_MANAGED_PKG|Centify
14:49:15.8 (36838663)|ENTERING_MANAGED_PKG|Centify
14:49:15.8 (36981108)|ENTERING_MANAGED_PKG|Centify
14:49:15.8 (37067942)|ENTERING_MANAGED_PKG|Centify
14:49:15.8 (37181292)|ENTERING_MANAGED_PKG|Centify
14:49:15.8 (37253769)|ENTERING_MANAGED_PKG|Centify
14:49:15.8 (37430503)|ENTERING_MANAGED_PKG|Centify
14:49:15.8 (37502015)|ENTERING_MANAGED_PKG|Centify
14:49:15.8 (37583161)|ENTERING_MANAGED_PKG|Centify
14:49:15.8 (37635877)|ENTERING_MANAGED_PKG|Centify
14:49:15.8 (37753681)|ENTERING_MANAGED_PKG|Centify
14:49:15.8 (37808298)|ENTERING_MANAGED_PKG|Centify
14:49:15.8 (37904335)|ENTERING_MANAGED_PKG|Centify
14:49:15.8 (37956494)|ENTERING_MANAGED_PKG|Centify
14:49:15.8 (38051049)|ENTERING_MANAGED_PKG|Centify
14:49:15.8 (38102896)|ENTERING_MANAGED_PKG|Centify
14:49:15.8 (38218077)|ENTERING_MANAGED_PKG|Centify
14:49:15.8 (38282871)|ENTERING_MANAGED_PKG|Centify
14:49:15.8 (38400366)|ENTERING_MANAGED_PKG|Centify
14:49:15.8 (38468049)|ENTERING_MANAGED_PKG|Centify
14:49:15.8 (38596030)|ENTERING_MANAGED_PKG|Centify
14:49:15.8 (38685600)|ENTERING_MANAGED_PKG|Centify
14:49:15.8 (38813869)|ENTERING_MANAGED_PKG|Centify
14:49:15.8 (38882098)|ENTERING_MANAGED_PKG|Centify
14:49:15.8 (39061401)|ENTERING_MANAGED_PKG|Centify
14:49:15.8 (39146030)|ENTERING_MANAGED_PKG|Centify
14:49:15.8 (39266134)|ENTERING_MANAGED_PKG|Centify
14:49:15.8 (39346802)|ENTERING_MANAGED_PKG|Centify
14:49:15.8 (39454117)|ENTERING_MANAGED_PKG|Centify
14:49:15.8 (39496266)|ENTERING_MANAGED_PKG|Centify
14:49:15.8 (40571206)|DML_BEGIN|[76]|Op:Insert|Type:Centify__Notification__c|Rows:3
14:49:15.8 (82158826)|DML_END|[76]
14:49:15.8 (82350417)|ENTERING_MANAGED_PKG|Centify
14:49:15.8 (82786547)|ENTERING_MANAGED_PKG|Centify
14:49:15.8 (83048134)|ENTERING_MANAGED_PKG|Centify
14:49:15.8 (83294247)|ENTERING_MANAGED_PKG|Centify
14:49:15.98 (98654215)|CUMULATIVE_LIMIT_USAGE
14:49:15.98 (98654215)|LIMIT_USAGE_FOR_NS|(default)|
  Number of SOQL queries: 0 out of 200
  Number of query rows: 0 out of 50000
  Number of SOSL queries: 0 out of 20
  Number of DML statements: 0 out of 150
  Number of DML rows: 0 out of 10000
  Maximum CPU time: 0 out of 60000
  Maximum heap size: 0 out of 12000000
  Number of callouts: 0 out of 0
  Number of Email Invocations: 0 out of 10
  Number of future calls: 0 out of 0
  Number of queueable jobs added to the queue: 0 out of 1
  Number of Mobile Apex push calls: 0 out of 10

14:49:15.98 (98654215)|LIMIT_USAGE_FOR_NS|Centify|
  Number of SOQL queries: 0 out of 200
  Number of query rows: 0 out of 50000
  Number of SOSL queries: 0 out of 20
  Number of DML statements: 0 out of 150
  Number of DML rows: 0 out of 10000
  Maximum CPU time: 0 out of 60000
  Maximum heap size: 0 out of 12000000
  Number of callouts: 0 out of 0
  Number of Email Invocations: 0 out of 10
  Number of future calls: 0 out of 0
  Number of queueable jobs added to the queue: 0 out of 1
  Number of Mobile Apex push calls: 0 out of 10

14:49:15.98 (98654215)|CUMULATIVE_LIMIT_USAGE_END

