37.0 APEX_CODE,FINEST;APEX_PROFILING,INFO;CALLOUT,INFO;DB,INFO;NBA,INFO;SYSTEM,DEBUG;VALIDATION,INFO;VISUALFORCE,INFO;WAVE,INFO;WORKFLOW,INFO
14:43:32.9 (9249464)|ENTERING_MANAGED_PKG|Centify
14:43:32.9 (10599959)|ENTERING_MANAGED_PKG|Centify
14:43:32.9 (10641536)|ENTERING_MANAGED_PKG|Centify
14:43:32.9 (10791412)|ENTERING_MANAGED_PKG|Centify
14:43:32.9 (10824913)|ENTERING_MANAGED_PKG|Centify
14:43:32.9 (10907062)|ENTERING_MANAGED_PKG|Centify
14:43:32.9 (11269557)|ENTERING_MANAGED_PKG|Centify
14:43:32.9 (13463838)|ENTERING_MANAGED_PKG|Centify
14:43:32.9 (13499958)|ENTERING_MANAGED_PKG|Centify
14:43:32.9 (13736817)|ENTERING_MANAGED_PKG|Centify
14:43:32.9 (13764133)|ENTERING_MANAGED_PKG|Centify
14:43:32.9 (14027926)|ENTERING_MANAGED_PKG|Centify
14:43:32.9 (14192172)|ENTERING_MANAGED_PKG|Centify
14:43:32.9 (14239427)|ENTERING_MANAGED_PKG|Centify
14:43:32.9 (14356005)|ENTERING_MANAGED_PKG|Centify
14:43:32.9 (14419061)|ENTERING_MANAGED_PKG|Centify
14:43:32.9 (14457209)|ENTERING_MANAGED_PKG|Centify
14:43:32.9 (14527078)|ENTERING_MANAGED_PKG|Centify
14:43:32.9 (14549326)|ENTERING_MANAGED_PKG|Centify
14:43:32.9 (14575941)|ENTERING_MANAGED_PKG|Centify
14:43:32.9 (14682538)|ENTERING_MANAGED_PKG|Centify
14:43:32.9 (14716665)|ENTERING_MANAGED_PKG|Centify
14:43:32.9 (15149041)|ENTERING_MANAGED_PKG|Centify
14:43:32.9 (15182670)|ENTERING_MANAGED_PKG|Centify
14:43:32.9 (15207739)|ENTERING_MANAGED_PKG|Centify
14:43:32.9 (15324632)|ENTERING_MANAGED_PKG|Centify
14:43:32.9 (15370338)|ENTERING_MANAGED_PKG|Centify
14:43:32.9 (15601228)|ENTERING_MANAGED_PKG|Centify
14:43:32.9 (15741240)|ENTERING_MANAGED_PKG|Centify
14:43:32.9 (15847108)|ENTERING_MANAGED_PKG|Centify
14:43:32.9 (15960499)|ENTERING_MANAGED_PKG|Centify
14:43:32.9 (16032226)|ENTERING_MANAGED_PKG|Centify
14:43:32.9 (16140280)|ENTERING_MANAGED_PKG|Centify
14:43:32.9 (16211950)|ENTERING_MANAGED_PKG|Centify
14:43:32.9 (16264750)|ENTERING_MANAGED_PKG|Centify
14:43:32.9 (16322321)|ENTERING_MANAGED_PKG|Centify
14:43:32.9 (16422933)|ENTERING_MANAGED_PKG|Centify
14:43:32.9 (16486853)|ENTERING_MANAGED_PKG|Centify
14:43:32.9 (16582311)|ENTERING_MANAGED_PKG|Centify
14:43:32.9 (16644921)|ENTERING_MANAGED_PKG|Centify
14:43:32.9 (16795574)|ENTERING_MANAGED_PKG|Centify
14:43:32.9 (16904413)|ENTERING_MANAGED_PKG|Centify
14:43:32.9 (17080423)|ENTERING_MANAGED_PKG|Centify
14:43:32.9 (17215971)|ENTERING_MANAGED_PKG|Centify
14:43:32.9 (17392774)|ENTERING_MANAGED_PKG|Centify
14:43:32.9 (17507015)|ENTERING_MANAGED_PKG|Centify
14:43:32.9 (17683184)|ENTERING_MANAGED_PKG|Centify
14:43:32.9 (17783426)|ENTERING_MANAGED_PKG|Centify
14:43:32.9 (19504596)|ENTERING_MANAGED_PKG|Centify
14:43:32.9 (19600543)|ENTERING_MANAGED_PKG|Centify
14:43:32.9 (19720710)|ENTERING_MANAGED_PKG|Centify
14:43:32.9 (19796718)|ENTERING_MANAGED_PKG|Centify
14:43:32.9 (19901426)|ENTERING_MANAGED_PKG|Centify
14:43:32.9 (19968240)|ENTERING_MANAGED_PKG|Centify
14:43:32.9 (20069971)|ENTERING_MANAGED_PKG|Centify
14:43:32.9 (20118671)|ENTERING_MANAGED_PKG|Centify
14:43:32.9 (21295317)|ENTERING_MANAGED_PKG|Centify
14:43:32.9 (22516671)|ENTERING_MANAGED_PKG|Centify
14:43:32.9 (22647173)|ENTERING_MANAGED_PKG|Centify
14:43:32.9 (22838424)|ENTERING_MANAGED_PKG|Centify
14:43:32.9 (22878219)|ENTERING_MANAGED_PKG|Centify
14:43:32.9 (22942198)|ENTERING_MANAGED_PKG|Centify
14:43:32.9 (22976231)|ENTERING_MANAGED_PKG|Centify
14:43:32.9 (22989795)|ENTERING_MANAGED_PKG|Centify
14:43:32.9 (23021004)|ENTERING_MANAGED_PKG|Centify
14:43:32.9 (23034901)|ENTERING_MANAGED_PKG|Centify
14:43:32.9 (23058498)|ENTERING_MANAGED_PKG|Centify
14:43:32.9 (23092937)|ENTERING_MANAGED_PKG|Centify
14:43:32.9 (23115090)|ENTERING_MANAGED_PKG|Centify
14:43:32.9 (23242958)|ENTERING_MANAGED_PKG|Centify
14:43:32.9 (23267835)|ENTERING_MANAGED_PKG|Centify
14:43:32.9 (23280089)|ENTERING_MANAGED_PKG|Centify
14:43:32.9 (23377416)|ENTERING_MANAGED_PKG|Centify
14:43:32.9 (23410460)|ENTERING_MANAGED_PKG|Centify
14:43:32.9 (23465277)|ENTERING_MANAGED_PKG|Centify
14:43:32.9 (23597599)|ENTERING_MANAGED_PKG|Centify
14:43:32.9 (23695111)|ENTERING_MANAGED_PKG|Centify
14:43:32.9 (23861788)|ENTERING_MANAGED_PKG|Centify
14:43:32.9 (23950702)|ENTERING_MANAGED_PKG|Centify
14:43:32.9 (24099662)|ENTERING_MANAGED_PKG|Centify
14:43:32.9 (24186035)|ENTERING_MANAGED_PKG|Centify
14:43:32.9 (24267382)|ENTERING_MANAGED_PKG|Centify
14:43:32.9 (24347299)|ENTERING_MANAGED_PKG|Centify
14:43:32.9 (24504171)|ENTERING_MANAGED_PKG|Centify
14:43:32.9 (24593949)|ENTERING_MANAGED_PKG|Centify
14:43:32.9 (24750077)|ENTERING_MANAGED_PKG|Centify
14:43:32.9 (24838418)|ENTERING_MANAGED_PKG|Centify
14:43:32.9 (24992245)|ENTERING_MANAGED_PKG|Centify
14:43:32.9 (25082607)|ENTERING_MANAGED_PKG|Centify
14:43:32.9 (25256041)|ENTERING_MANAGED_PKG|Centify
14:43:32.9 (25355588)|ENTERING_MANAGED_PKG|Centify
14:43:32.9 (25522025)|ENTERING_MANAGED_PKG|Centify
14:43:32.9 (25609781)|ENTERING_MANAGED_PKG|Centify
14:43:32.9 (25778207)|ENTERING_MANAGED_PKG|Centify
14:43:32.9 (25869956)|ENTERING_MANAGED_PKG|Centify
14:43:32.9 (26027544)|ENTERING_MANAGED_PKG|Centify
14:43:32.9 (26117333)|ENTERING_MANAGED_PKG|Centify
14:43:32.9 (26290056)|ENTERING_MANAGED_PKG|Centify
14:43:32.9 (26380103)|ENTERING_MANAGED_PKG|Centify
14:43:32.9 (26537501)|ENTERING_MANAGED_PKG|Centify
14:43:32.9 (26621039)|ENTERING_MANAGED_PKG|Centify
14:43:32.9 (26778163)|ENTERING_MANAGED_PKG|Centify
14:43:32.9 (26840959)|ENTERING_MANAGED_PKG|Centify
14:43:32.9 (27678931)|ENTERING_MANAGED_PKG|Centify
14:43:32.9 (28437400)|ENTERING_MANAGED_PKG|Centify
14:43:32.9 (28520627)|ENTERING_MANAGED_PKG|Centify
14:43:32.9 (28639118)|ENTERING_MANAGED_PKG|Centify
14:43:32.9 (28672151)|ENTERING_MANAGED_PKG|Centify
14:43:32.9 (28729415)|ENTERING_MANAGED_PKG|Centify
14:43:32.9 (28760268)|ENTERING_MANAGED_PKG|Centify
14:43:32.9 (28773068)|ENTERING_MANAGED_PKG|Centify
14:43:32.9 (28802415)|ENTERING_MANAGED_PKG|Centify
14:43:32.9 (28814772)|ENTERING_MANAGED_PKG|Centify
14:43:32.9 (28835719)|ENTERING_MANAGED_PKG|Centify
14:43:32.9 (28868656)|ENTERING_MANAGED_PKG|Centify
14:43:32.9 (28889793)|ENTERING_MANAGED_PKG|Centify
14:43:32.9 (29058353)|ENTERING_MANAGED_PKG|Centify
14:43:32.9 (29092113)|ENTERING_MANAGED_PKG|Centify
14:43:32.9 (29112255)|ENTERING_MANAGED_PKG|Centify
14:43:32.9 (29218525)|ENTERING_MANAGED_PKG|Centify
14:43:32.9 (29253270)|ENTERING_MANAGED_PKG|Centify
14:43:32.9 (29310097)|ENTERING_MANAGED_PKG|Centify
14:43:32.9 (29431732)|ENTERING_MANAGED_PKG|Centify
14:43:32.9 (29508298)|ENTERING_MANAGED_PKG|Centify
14:43:32.9 (29612698)|ENTERING_MANAGED_PKG|Centify
14:43:32.9 (29668781)|ENTERING_MANAGED_PKG|Centify
14:43:32.9 (29763487)|ENTERING_MANAGED_PKG|Centify
14:43:32.9 (29813877)|ENTERING_MANAGED_PKG|Centify
14:43:32.9 (29863720)|ENTERING_MANAGED_PKG|Centify
14:43:32.9 (29909936)|ENTERING_MANAGED_PKG|Centify
14:43:32.9 (30025446)|ENTERING_MANAGED_PKG|Centify
14:43:32.9 (30092693)|ENTERING_MANAGED_PKG|Centify
14:43:32.9 (30188644)|ENTERING_MANAGED_PKG|Centify
14:43:32.9 (30240931)|ENTERING_MANAGED_PKG|Centify
14:43:32.9 (30332548)|ENTERING_MANAGED_PKG|Centify
14:43:32.9 (30383888)|ENTERING_MANAGED_PKG|Centify
14:43:32.9 (30475486)|ENTERING_MANAGED_PKG|Centify
14:43:32.9 (30534767)|ENTERING_MANAGED_PKG|Centify
14:43:32.9 (30627930)|ENTERING_MANAGED_PKG|Centify
14:43:32.9 (30679522)|ENTERING_MANAGED_PKG|Centify
14:43:32.9 (30768551)|ENTERING_MANAGED_PKG|Centify
14:43:32.9 (30819174)|ENTERING_MANAGED_PKG|Centify
14:43:32.9 (30909261)|ENTERING_MANAGED_PKG|Centify
14:43:32.9 (30959348)|ENTERING_MANAGED_PKG|Centify
14:43:32.9 (31067179)|ENTERING_MANAGED_PKG|Centify
14:43:32.9 (31123000)|ENTERING_MANAGED_PKG|Centify
14:43:32.9 (31235804)|ENTERING_MANAGED_PKG|Centify
14:43:32.9 (31300058)|ENTERING_MANAGED_PKG|Centify
14:43:32.9 (31408093)|ENTERING_MANAGED_PKG|Centify
14:43:32.9 (31453348)|ENTERING_MANAGED_PKG|Centify
14:43:32.9 (32241436)|ENTERING_MANAGED_PKG|Centify
14:43:32.9 (33165442)|ENTERING_MANAGED_PKG|Centify
14:43:32.9 (33306491)|ENTERING_MANAGED_PKG|Centify
14:43:32.9 (33470385)|ENTERING_MANAGED_PKG|Centify
14:43:32.9 (33507103)|ENTERING_MANAGED_PKG|Centify
14:43:32.9 (33575411)|ENTERING_MANAGED_PKG|Centify
14:43:32.9 (33609717)|ENTERING_MANAGED_PKG|Centify
14:43:32.9 (33625561)|ENTERING_MANAGED_PKG|Centify
14:43:32.9 (33661692)|ENTERING_MANAGED_PKG|Centify
14:43:32.9 (33673926)|ENTERING_MANAGED_PKG|Centify
14:43:32.9 (33695423)|ENTERING_MANAGED_PKG|Centify
14:43:32.9 (33734729)|ENTERING_MANAGED_PKG|Centify
14:43:32.9 (33757834)|ENTERING_MANAGED_PKG|Centify
14:43:32.9 (33896467)|ENTERING_MANAGED_PKG|Centify
14:43:32.9 (33925435)|ENTERING_MANAGED_PKG|Centify
14:43:32.9 (33953928)|ENTERING_MANAGED_PKG|Centify
14:43:32.9 (34093746)|ENTERING_MANAGED_PKG|Centify
14:43:32.9 (34162869)|ENTERING_MANAGED_PKG|Centify
14:43:32.9 (34243271)|ENTERING_MANAGED_PKG|Centify
14:43:32.9 (34371319)|ENTERING_MANAGED_PKG|Centify
14:43:32.9 (34437449)|ENTERING_MANAGED_PKG|Centify
14:43:32.9 (34543298)|ENTERING_MANAGED_PKG|Centify
14:43:32.9 (34598298)|ENTERING_MANAGED_PKG|Centify
14:43:32.9 (34693469)|ENTERING_MANAGED_PKG|Centify
14:43:32.9 (34744482)|ENTERING_MANAGED_PKG|Centify
14:43:32.9 (34794821)|ENTERING_MANAGED_PKG|Centify
14:43:32.9 (34841399)|ENTERING_MANAGED_PKG|Centify
14:43:32.9 (34936491)|ENTERING_MANAGED_PKG|Centify
14:43:32.9 (34986906)|ENTERING_MANAGED_PKG|Centify
14:43:32.9 (35083719)|ENTERING_MANAGED_PKG|Centify
14:43:32.9 (35135248)|ENTERING_MANAGED_PKG|Centify
14:43:32.9 (35228335)|ENTERING_MANAGED_PKG|Centify
14:43:32.9 (35278703)|ENTERING_MANAGED_PKG|Centify
14:43:32.9 (35388614)|ENTERING_MANAGED_PKG|Centify
14:43:32.9 (35465158)|ENTERING_MANAGED_PKG|Centify
14:43:32.9 (35564357)|ENTERING_MANAGED_PKG|Centify
14:43:32.9 (35615909)|ENTERING_MANAGED_PKG|Centify
14:43:32.9 (35706395)|ENTERING_MANAGED_PKG|Centify
14:43:32.9 (35756874)|ENTERING_MANAGED_PKG|Centify
14:43:32.9 (35850201)|ENTERING_MANAGED_PKG|Centify
14:43:32.9 (35900660)|ENTERING_MANAGED_PKG|Centify
14:43:32.9 (35996097)|ENTERING_MANAGED_PKG|Centify
14:43:32.9 (36051327)|ENTERING_MANAGED_PKG|Centify
14:43:32.9 (36141490)|ENTERING_MANAGED_PKG|Centify
14:43:32.9 (36190176)|ENTERING_MANAGED_PKG|Centify
14:43:32.9 (36278923)|ENTERING_MANAGED_PKG|Centify
14:43:32.9 (36316853)|ENTERING_MANAGED_PKG|Centify
14:43:32.9 (37048729)|ENTERING_MANAGED_PKG|Centify
14:43:32.9 (37768292)|ENTERING_MANAGED_PKG|Centify
14:43:32.9 (37848973)|ENTERING_MANAGED_PKG|Centify
14:43:32.9 (37963978)|ENTERING_MANAGED_PKG|Centify
14:43:32.9 (37996423)|ENTERING_MANAGED_PKG|Centify
14:43:32.9 (38059161)|ENTERING_MANAGED_PKG|Centify
14:43:32.9 (38090263)|ENTERING_MANAGED_PKG|Centify
14:43:32.9 (38103076)|ENTERING_MANAGED_PKG|Centify
14:43:32.9 (38131967)|ENTERING_MANAGED_PKG|Centify
14:43:32.9 (38145423)|ENTERING_MANAGED_PKG|Centify
14:43:32.9 (38165932)|ENTERING_MANAGED_PKG|Centify
14:43:32.9 (38198870)|ENTERING_MANAGED_PKG|Centify
14:43:32.9 (38220247)|ENTERING_MANAGED_PKG|Centify
14:43:32.9 (38337727)|ENTERING_MANAGED_PKG|Centify
14:43:32.9 (38363683)|ENTERING_MANAGED_PKG|Centify
14:43:32.9 (38383426)|ENTERING_MANAGED_PKG|Centify
14:43:32.9 (38512015)|ENTERING_MANAGED_PKG|Centify
14:43:32.9 (38548070)|ENTERING_MANAGED_PKG|Centify
14:43:32.9 (38601972)|ENTERING_MANAGED_PKG|Centify
14:43:32.9 (38712222)|ENTERING_MANAGED_PKG|Centify
14:43:32.9 (38773521)|ENTERING_MANAGED_PKG|Centify
14:43:32.9 (38873356)|ENTERING_MANAGED_PKG|Centify
14:43:32.9 (38927311)|ENTERING_MANAGED_PKG|Centify
14:43:32.9 (39019151)|ENTERING_MANAGED_PKG|Centify
14:43:32.9 (39077944)|ENTERING_MANAGED_PKG|Centify
14:43:32.9 (39127666)|ENTERING_MANAGED_PKG|Centify
14:43:32.9 (39179351)|ENTERING_MANAGED_PKG|Centify
14:43:32.9 (39314727)|ENTERING_MANAGED_PKG|Centify
14:43:32.9 (39367002)|ENTERING_MANAGED_PKG|Centify
14:43:32.9 (39459859)|ENTERING_MANAGED_PKG|Centify
14:43:32.9 (39535549)|ENTERING_MANAGED_PKG|Centify
14:43:32.9 (39645172)|ENTERING_MANAGED_PKG|Centify
14:43:32.9 (39703342)|ENTERING_MANAGED_PKG|Centify
14:43:32.9 (39812658)|ENTERING_MANAGED_PKG|Centify
14:43:32.9 (39874368)|ENTERING_MANAGED_PKG|Centify
14:43:32.9 (39968943)|ENTERING_MANAGED_PKG|Centify
14:43:32.9 (40020539)|ENTERING_MANAGED_PKG|Centify
14:43:32.9 (40119112)|ENTERING_MANAGED_PKG|Centify
14:43:32.9 (40169920)|ENTERING_MANAGED_PKG|Centify
14:43:32.9 (40261842)|ENTERING_MANAGED_PKG|Centify
14:43:32.9 (40312703)|ENTERING_MANAGED_PKG|Centify
14:43:32.9 (40407334)|ENTERING_MANAGED_PKG|Centify
14:43:32.9 (40458195)|ENTERING_MANAGED_PKG|Centify
14:43:32.9 (40553254)|ENTERING_MANAGED_PKG|Centify
14:43:32.9 (40613756)|ENTERING_MANAGED_PKG|Centify
14:43:32.9 (40705432)|ENTERING_MANAGED_PKG|Centify
14:43:32.9 (40744717)|ENTERING_MANAGED_PKG|Centify
14:43:32.9 (41487791)|ENTERING_MANAGED_PKG|Centify
14:43:32.9 (42221338)|ENTERING_MANAGED_PKG|Centify
14:43:32.9 (42301443)|ENTERING_MANAGED_PKG|Centify
14:43:32.9 (42416397)|ENTERING_MANAGED_PKG|Centify
14:43:32.9 (42447822)|ENTERING_MANAGED_PKG|Centify
14:43:32.9 (42504989)|ENTERING_MANAGED_PKG|Centify
14:43:32.9 (42535911)|ENTERING_MANAGED_PKG|Centify
14:43:32.9 (42549108)|ENTERING_MANAGED_PKG|Centify
14:43:32.9 (42578144)|ENTERING_MANAGED_PKG|Centify
14:43:32.9 (42590022)|ENTERING_MANAGED_PKG|Centify
14:43:32.9 (42610913)|ENTERING_MANAGED_PKG|Centify
14:43:32.9 (42642743)|ENTERING_MANAGED_PKG|Centify
14:43:32.9 (42664151)|ENTERING_MANAGED_PKG|Centify
14:43:32.9 (42778135)|ENTERING_MANAGED_PKG|Centify
14:43:32.9 (42801800)|ENTERING_MANAGED_PKG|Centify
14:43:32.9 (42814824)|ENTERING_MANAGED_PKG|Centify
14:43:32.9 (42908246)|ENTERING_MANAGED_PKG|Centify
14:43:32.9 (42940643)|ENTERING_MANAGED_PKG|Centify
14:43:32.9 (42994397)|ENTERING_MANAGED_PKG|Centify
14:43:32.9 (43108334)|ENTERING_MANAGED_PKG|Centify
14:43:32.9 (43181891)|ENTERING_MANAGED_PKG|Centify
14:43:32.9 (43345378)|ENTERING_MANAGED_PKG|Centify
14:43:32.9 (43428788)|ENTERING_MANAGED_PKG|Centify
14:43:32.9 (43585339)|ENTERING_MANAGED_PKG|Centify
14:43:32.9 (43646501)|ENTERING_MANAGED_PKG|Centify
14:43:32.9 (43697742)|ENTERING_MANAGED_PKG|Centify
14:43:32.9 (43745040)|ENTERING_MANAGED_PKG|Centify
14:43:32.9 (43843537)|ENTERING_MANAGED_PKG|Centify
14:43:32.9 (43894932)|ENTERING_MANAGED_PKG|Centify
14:43:32.9 (43989496)|ENTERING_MANAGED_PKG|Centify
14:43:32.9 (44045390)|ENTERING_MANAGED_PKG|Centify
14:43:32.9 (44139715)|ENTERING_MANAGED_PKG|Centify
14:43:32.9 (44190345)|ENTERING_MANAGED_PKG|Centify
14:43:32.9 (44283604)|ENTERING_MANAGED_PKG|Centify
14:43:32.9 (44342000)|ENTERING_MANAGED_PKG|Centify
14:43:32.9 (44435598)|ENTERING_MANAGED_PKG|Centify
14:43:32.9 (44486296)|ENTERING_MANAGED_PKG|Centify
14:43:32.9 (44575586)|ENTERING_MANAGED_PKG|Centify
14:43:32.9 (44626443)|ENTERING_MANAGED_PKG|Centify
14:43:32.9 (44719281)|ENTERING_MANAGED_PKG|Centify
14:43:32.9 (44769115)|ENTERING_MANAGED_PKG|Centify
14:43:32.9 (44864198)|ENTERING_MANAGED_PKG|Centify
14:43:32.9 (44914388)|ENTERING_MANAGED_PKG|Centify
14:43:32.9 (45008033)|ENTERING_MANAGED_PKG|Centify
14:43:32.9 (45071436)|ENTERING_MANAGED_PKG|Centify
14:43:32.9 (45163396)|ENTERING_MANAGED_PKG|Centify
14:43:32.9 (45201417)|ENTERING_MANAGED_PKG|Centify
14:43:32.9 (45952343)|ENTERING_MANAGED_PKG|Centify
14:43:32.9 (46707121)|ENTERING_MANAGED_PKG|Centify
14:43:32.9 (46812298)|ENTERING_MANAGED_PKG|Centify
14:43:32.9 (46943204)|ENTERING_MANAGED_PKG|Centify
14:43:32.9 (46977440)|ENTERING_MANAGED_PKG|Centify
14:43:32.9 (47044091)|ENTERING_MANAGED_PKG|Centify
14:43:32.9 (47078173)|ENTERING_MANAGED_PKG|Centify
14:43:32.9 (47091375)|ENTERING_MANAGED_PKG|Centify
14:43:32.9 (47121672)|ENTERING_MANAGED_PKG|Centify
14:43:32.9 (47134112)|ENTERING_MANAGED_PKG|Centify
14:43:32.9 (47156008)|ENTERING_MANAGED_PKG|Centify
14:43:32.9 (47189694)|ENTERING_MANAGED_PKG|Centify
14:43:32.9 (47212450)|ENTERING_MANAGED_PKG|Centify
14:43:32.9 (47332428)|ENTERING_MANAGED_PKG|Centify
14:43:32.9 (47356653)|ENTERING_MANAGED_PKG|Centify
14:43:32.9 (47368755)|ENTERING_MANAGED_PKG|Centify
14:43:32.9 (47463796)|ENTERING_MANAGED_PKG|Centify
14:43:32.9 (47496599)|ENTERING_MANAGED_PKG|Centify
14:43:32.9 (47557775)|ENTERING_MANAGED_PKG|Centify
14:43:32.9 (47695599)|ENTERING_MANAGED_PKG|Centify
14:43:32.9 (47762147)|ENTERING_MANAGED_PKG|Centify
14:43:32.9 (47888586)|ENTERING_MANAGED_PKG|Centify
14:43:32.9 (47945463)|ENTERING_MANAGED_PKG|Centify
14:43:32.9 (48045191)|ENTERING_MANAGED_PKG|Centify
14:43:32.9 (48096300)|ENTERING_MANAGED_PKG|Centify
14:43:32.9 (48146243)|ENTERING_MANAGED_PKG|Centify
14:43:32.9 (48192925)|ENTERING_MANAGED_PKG|Centify
14:43:32.9 (48287366)|ENTERING_MANAGED_PKG|Centify
14:43:32.9 (48337577)|ENTERING_MANAGED_PKG|Centify
14:43:32.9 (48429736)|ENTERING_MANAGED_PKG|Centify
14:43:32.9 (48480389)|ENTERING_MANAGED_PKG|Centify
14:43:32.9 (48571095)|ENTERING_MANAGED_PKG|Centify
14:43:32.9 (48622887)|ENTERING_MANAGED_PKG|Centify
14:43:32.9 (48714141)|ENTERING_MANAGED_PKG|Centify
14:43:32.9 (48772652)|ENTERING_MANAGED_PKG|Centify
14:43:32.9 (48866683)|ENTERING_MANAGED_PKG|Centify
14:43:32.9 (48918147)|ENTERING_MANAGED_PKG|Centify
14:43:32.9 (49008380)|ENTERING_MANAGED_PKG|Centify
14:43:32.9 (49064663)|ENTERING_MANAGED_PKG|Centify
14:43:32.9 (49158092)|ENTERING_MANAGED_PKG|Centify
14:43:32.9 (49209104)|ENTERING_MANAGED_PKG|Centify
14:43:32.9 (49303487)|ENTERING_MANAGED_PKG|Centify
14:43:32.9 (49354559)|ENTERING_MANAGED_PKG|Centify
14:43:32.9 (49465495)|ENTERING_MANAGED_PKG|Centify
14:43:32.9 (49536245)|ENTERING_MANAGED_PKG|Centify
14:43:32.9 (49632930)|ENTERING_MANAGED_PKG|Centify
14:43:32.9 (49672593)|ENTERING_MANAGED_PKG|Centify
14:43:32.9 (50426182)|ENTERING_MANAGED_PKG|Centify
14:43:32.9 (51170232)|ENTERING_MANAGED_PKG|Centify
14:43:32.9 (51252223)|ENTERING_MANAGED_PKG|Centify
14:43:32.9 (51368237)|ENTERING_MANAGED_PKG|Centify
14:43:32.9 (51402349)|ENTERING_MANAGED_PKG|Centify
14:43:32.9 (51462050)|ENTERING_MANAGED_PKG|Centify
14:43:32.9 (51494563)|ENTERING_MANAGED_PKG|Centify
14:43:32.9 (51507315)|ENTERING_MANAGED_PKG|Centify
14:43:32.9 (51536977)|ENTERING_MANAGED_PKG|Centify
14:43:32.9 (51549732)|ENTERING_MANAGED_PKG|Centify
14:43:32.9 (51571795)|ENTERING_MANAGED_PKG|Centify
14:43:32.9 (51605113)|ENTERING_MANAGED_PKG|Centify
14:43:32.9 (51626687)|ENTERING_MANAGED_PKG|Centify
14:43:32.9 (51744986)|ENTERING_MANAGED_PKG|Centify
14:43:32.9 (51768585)|ENTERING_MANAGED_PKG|Centify
14:43:32.9 (51781227)|ENTERING_MANAGED_PKG|Centify
14:43:32.9 (51876033)|ENTERING_MANAGED_PKG|Centify
14:43:32.9 (51910195)|ENTERING_MANAGED_PKG|Centify
14:43:32.9 (51963782)|ENTERING_MANAGED_PKG|Centify
14:43:32.9 (52076592)|ENTERING_MANAGED_PKG|Centify
14:43:32.9 (52139396)|ENTERING_MANAGED_PKG|Centify
14:43:32.9 (52239494)|ENTERING_MANAGED_PKG|Centify
14:43:32.9 (52292929)|ENTERING_MANAGED_PKG|Centify
14:43:32.9 (52385688)|ENTERING_MANAGED_PKG|Centify
14:43:32.9 (52435433)|ENTERING_MANAGED_PKG|Centify
14:43:32.9 (52484893)|ENTERING_MANAGED_PKG|Centify
14:43:32.9 (52531927)|ENTERING_MANAGED_PKG|Centify
14:43:32.9 (52625329)|ENTERING_MANAGED_PKG|Centify
14:43:32.9 (52676683)|ENTERING_MANAGED_PKG|Centify
14:43:32.9 (52767211)|ENTERING_MANAGED_PKG|Centify
14:43:32.9 (52817407)|ENTERING_MANAGED_PKG|Centify
14:43:32.9 (52906953)|ENTERING_MANAGED_PKG|Centify
14:43:32.9 (52957392)|ENTERING_MANAGED_PKG|Centify
14:43:32.9 (53052168)|ENTERING_MANAGED_PKG|Centify
14:43:32.9 (53110194)|ENTERING_MANAGED_PKG|Centify
14:43:32.9 (53203796)|ENTERING_MANAGED_PKG|Centify
14:43:32.9 (53254351)|ENTERING_MANAGED_PKG|Centify
14:43:32.9 (53343232)|ENTERING_MANAGED_PKG|Centify
14:43:32.9 (53393781)|ENTERING_MANAGED_PKG|Centify
14:43:32.9 (53483651)|ENTERING_MANAGED_PKG|Centify
14:43:32.9 (53533431)|ENTERING_MANAGED_PKG|Centify
14:43:32.9 (53628330)|ENTERING_MANAGED_PKG|Centify
14:43:32.9 (53679386)|ENTERING_MANAGED_PKG|Centify
14:43:32.9 (53771213)|ENTERING_MANAGED_PKG|Centify
14:43:32.9 (53830081)|ENTERING_MANAGED_PKG|Centify
14:43:32.9 (53921375)|ENTERING_MANAGED_PKG|Centify
14:43:32.9 (53962687)|ENTERING_MANAGED_PKG|Centify
14:43:32.9 (54831460)|DML_BEGIN|[76]|Op:Insert|Type:Centify__Notification__c|Rows:8
14:43:32.9 (100745818)|DML_END|[76]
14:43:32.9 (100897214)|ENTERING_MANAGED_PKG|Centify
14:43:32.9 (101225634)|ENTERING_MANAGED_PKG|Centify
14:43:32.9 (101378602)|ENTERING_MANAGED_PKG|Centify
14:43:32.9 (101546155)|ENTERING_MANAGED_PKG|Centify
14:43:32.9 (101671437)|ENTERING_MANAGED_PKG|Centify
14:43:32.9 (101791933)|ENTERING_MANAGED_PKG|Centify
14:43:32.9 (101911335)|ENTERING_MANAGED_PKG|Centify
14:43:32.9 (102034895)|ENTERING_MANAGED_PKG|Centify
14:43:32.9 (102162552)|ENTERING_MANAGED_PKG|Centify
14:43:32.116 (116390251)|CUMULATIVE_LIMIT_USAGE
14:43:32.116 (116390251)|LIMIT_USAGE_FOR_NS|(default)|
  Number of SOQL queries: 0 out of 200
  Number of query rows: 0 out of 50000
  Number of SOSL queries: 0 out of 20
  Number of DML statements: 0 out of 150
  Number of DML rows: 0 out of 10000
  Maximum CPU time: 0 out of 60000
  Maximum heap size: 0 out of 12000000
  Number of callouts: 0 out of 0
  Number of Email Invocations: 0 out of 10
  Number of future calls: 0 out of 0
  Number of queueable jobs added to the queue: 0 out of 1
  Number of Mobile Apex push calls: 0 out of 10

14:43:32.116 (116390251)|LIMIT_USAGE_FOR_NS|Centify|
  Number of SOQL queries: 0 out of 200
  Number of query rows: 0 out of 50000
  Number of SOSL queries: 0 out of 20
  Number of DML statements: 0 out of 150
  Number of DML rows: 0 out of 10000
  Maximum CPU time: 0 out of 60000
  Maximum heap size: 0 out of 12000000
  Number of callouts: 0 out of 0
  Number of Email Invocations: 0 out of 10
  Number of future calls: 0 out of 0
  Number of queueable jobs added to the queue: 0 out of 1
  Number of Mobile Apex push calls: 0 out of 10

14:43:32.116 (116390251)|CUMULATIVE_LIMIT_USAGE_END

