37.0 APEX_CODE,FINEST;APEX_PROFILING,INFO;CALLOUT,INFO;DB,INFO;NBA,INFO;SYSTEM,DEBUG;VALIDATION,INFO;VISUALFORCE,INFO;WAVE,INFO;WORKFLOW,INFO
14:47:18.20 (20611743)|ENTERING_MANAGED_PKG|Centify
14:47:18.20 (22430189)|ENTERING_MANAGED_PKG|Centify
14:47:18.20 (22478986)|ENTERING_MANAGED_PKG|Centify
14:47:18.20 (23314544)|ENTERING_MANAGED_PKG|Centify
14:47:18.20 (23406807)|ENTERING_MANAGED_PKG|Centify
14:47:18.20 (24403596)|ENTERING_MANAGED_PKG|Centify
14:47:18.20 (24832295)|ENTERING_MANAGED_PKG|Centify
14:47:18.20 (24884855)|ENTERING_MANAGED_PKG|Centify
14:47:18.20 (25020498)|ENTERING_MANAGED_PKG|Centify
14:47:18.20 (25110561)|ENTERING_MANAGED_PKG|Centify
14:47:18.20 (25190800)|ENTERING_MANAGED_PKG|Centify
14:47:18.20 (25235332)|ENTERING_MANAGED_PKG|Centify
14:47:18.20 (25271386)|ENTERING_MANAGED_PKG|Centify
14:47:18.20 (25542869)|ENTERING_MANAGED_PKG|Centify
14:47:18.20 (58814470)|ENTERING_MANAGED_PKG|Centify
14:47:18.20 (58897816)|ENTERING_MANAGED_PKG|Centify
14:47:18.20 (59046087)|ENTERING_MANAGED_PKG|Centify
14:47:18.20 (59104756)|ENTERING_MANAGED_PKG|Centify
14:47:18.20 (254793224)|ENTERING_MANAGED_PKG|Centify
14:47:18.20 (313518919)|ENTERING_MANAGED_PKG|Centify
14:47:18.20 (326115613)|ENTERING_MANAGED_PKG|Centify
14:47:18.20 (326168799)|ENTERING_MANAGED_PKG|Centify
14:47:18.20 (326243211)|ENTERING_MANAGED_PKG|Centify
14:47:18.20 (326276031)|ENTERING_MANAGED_PKG|Centify
14:47:18.20 (326340404)|ENTERING_MANAGED_PKG|Centify
14:47:18.20 (358615240)|ENTERING_MANAGED_PKG|Centify
14:47:18.20 (373312338)|ENTERING_MANAGED_PKG|Centify
14:47:18.20 (373362146)|ENTERING_MANAGED_PKG|Centify
14:47:18.20 (373434788)|ENTERING_MANAGED_PKG|Centify
14:47:18.20 (373467964)|ENTERING_MANAGED_PKG|Centify
14:47:18.20 (373538405)|ENTERING_MANAGED_PKG|Centify
14:47:18.20 (404469698)|ENTERING_MANAGED_PKG|Centify
14:47:18.20 (418809555)|ENTERING_MANAGED_PKG|Centify
14:47:18.20 (418860677)|ENTERING_MANAGED_PKG|Centify
14:47:18.20 (418933738)|ENTERING_MANAGED_PKG|Centify
14:47:18.20 (418967355)|ENTERING_MANAGED_PKG|Centify
14:47:18.20 (419031052)|ENTERING_MANAGED_PKG|Centify
14:47:18.20 (449173366)|ENTERING_MANAGED_PKG|Centify
14:47:18.20 (462511897)|ENTERING_MANAGED_PKG|Centify
14:47:18.20 (462559550)|ENTERING_MANAGED_PKG|Centify
14:47:18.20 (462630550)|ENTERING_MANAGED_PKG|Centify
14:47:18.20 (462662430)|ENTERING_MANAGED_PKG|Centify
14:47:18.20 (462724452)|ENTERING_MANAGED_PKG|Centify
14:47:18.20 (491556512)|ENTERING_MANAGED_PKG|Centify
14:47:18.20 (505068487)|ENTERING_MANAGED_PKG|Centify
14:47:18.20 (505114775)|ENTERING_MANAGED_PKG|Centify
14:47:18.20 (505187410)|ENTERING_MANAGED_PKG|Centify
14:47:18.20 (505220369)|ENTERING_MANAGED_PKG|Centify
14:47:18.20 (505284550)|ENTERING_MANAGED_PKG|Centify
14:47:18.20 (533995486)|ENTERING_MANAGED_PKG|Centify
14:47:18.20 (545909070)|ENTERING_MANAGED_PKG|Centify
14:47:18.20 (545950862)|ENTERING_MANAGED_PKG|Centify
14:47:18.20 (546017731)|ENTERING_MANAGED_PKG|Centify
14:47:18.20 (546049998)|ENTERING_MANAGED_PKG|Centify
14:47:18.20 (546111687)|ENTERING_MANAGED_PKG|Centify
14:47:18.20 (574569838)|ENTERING_MANAGED_PKG|Centify
14:47:18.20 (588623347)|ENTERING_MANAGED_PKG|Centify
14:47:18.20 (588672264)|ENTERING_MANAGED_PKG|Centify
14:47:18.20 (588744642)|ENTERING_MANAGED_PKG|Centify
14:47:18.20 (588779015)|ENTERING_MANAGED_PKG|Centify
14:47:18.20 (588843094)|ENTERING_MANAGED_PKG|Centify
14:47:18.20 (619750713)|ENTERING_MANAGED_PKG|Centify
14:47:18.20 (619814986)|ENTERING_MANAGED_PKG|Centify
14:47:18.20 (619951052)|ENTERING_MANAGED_PKG|Centify
14:47:18.20 (619975969)|ENTERING_MANAGED_PKG|Centify
14:47:18.20 (620107964)|ENTERING_MANAGED_PKG|Centify
14:47:18.20 (620150608)|ENTERING_MANAGED_PKG|Centify
14:47:18.20 (620190720)|ENTERING_MANAGED_PKG|Centify
14:47:18.20 (621105158)|ENTERING_MANAGED_PKG|Centify
14:47:18.20 (621186098)|ENTERING_MANAGED_PKG|Centify
14:47:18.20 (632758610)|ENTERING_MANAGED_PKG|Centify
14:47:18.20 (632893473)|ENTERING_MANAGED_PKG|Centify
14:47:18.20 (633731692)|ENTERING_MANAGED_PKG|Centify
14:47:18.20 (634573250)|SOQL_EXECUTE_BEGIN|[16]|Aggregations:0|select id,lastmodifieddate,isdeleted,name,ownerid,has_the_save_strategy_been_implemented__c,status__c,product_type__c from Cases__c where LastModifiedDate >2019-01-09T04:46:25Z AND LastModifiedDate < 2019-01-09T04:47:24Z  ORDER BY SystemModStamp DESC LIMIT 5000  ALL ROWS
14:47:18.20 (641737966)|SOQL_EXECUTE_END|[16]|Rows:3
14:47:18.670 (670424734)|CUMULATIVE_LIMIT_USAGE
14:47:18.670 (670424734)|LIMIT_USAGE_FOR_NS|(default)|
  Number of SOQL queries: 0 out of 200
  Number of query rows: 0 out of 50000
  Number of SOSL queries: 0 out of 20
  Number of DML statements: 0 out of 150
  Number of DML rows: 0 out of 10000
  Maximum CPU time: 0 out of 60000
  Maximum heap size: 0 out of 12000000
  Number of callouts: 0 out of 0
  Number of Email Invocations: 0 out of 10
  Number of future calls: 0 out of 0
  Number of queueable jobs added to the queue: 0 out of 1
  Number of Mobile Apex push calls: 0 out of 10

14:47:18.670 (670424734)|LIMIT_USAGE_FOR_NS|Centify|
  Number of SOQL queries: 0 out of 200
  Number of query rows: 0 out of 50000
  Number of SOSL queries: 0 out of 20
  Number of DML statements: 0 out of 150
  Number of DML rows: 0 out of 10000
  Maximum CPU time: 0 out of 60000
  Maximum heap size: 0 out of 12000000
  Number of callouts: 0 out of 0
  Number of Email Invocations: 0 out of 10
  Number of future calls: 0 out of 0
  Number of queueable jobs added to the queue: 0 out of 1
  Number of Mobile Apex push calls: 0 out of 10

14:47:18.670 (670424734)|CUMULATIVE_LIMIT_USAGE_END

