37.0 APEX_CODE,FINEST;APEX_PROFILING,INFO;CALLOUT,INFO;DB,INFO;NBA,INFO;SYSTEM,DEBUG;VALIDATION,INFO;VISUALFORCE,INFO;WAVE,INFO;WORKFLOW,INFO
14:38:23.20 (20924607)|ENTERING_MANAGED_PKG|Centify
14:38:23.20 (22615581)|ENTERING_MANAGED_PKG|Centify
14:38:23.20 (22654946)|ENTERING_MANAGED_PKG|Centify
14:38:23.20 (23372039)|ENTERING_MANAGED_PKG|Centify
14:38:23.20 (23432550)|ENTERING_MANAGED_PKG|Centify
14:38:23.20 (24196528)|ENTERING_MANAGED_PKG|Centify
14:38:23.20 (24517099)|ENTERING_MANAGED_PKG|Centify
14:38:23.20 (24554881)|ENTERING_MANAGED_PKG|Centify
14:38:23.20 (24647258)|ENTERING_MANAGED_PKG|Centify
14:38:23.20 (24701372)|ENTERING_MANAGED_PKG|Centify
14:38:23.20 (24739694)|ENTERING_MANAGED_PKG|Centify
14:38:23.20 (24761526)|ENTERING_MANAGED_PKG|Centify
14:38:23.20 (24779348)|ENTERING_MANAGED_PKG|Centify
14:38:23.20 (24994814)|ENTERING_MANAGED_PKG|Centify
14:38:23.20 (69482400)|ENTERING_MANAGED_PKG|Centify
14:38:23.20 (69558998)|ENTERING_MANAGED_PKG|Centify
14:38:23.20 (69734426)|ENTERING_MANAGED_PKG|Centify
14:38:23.20 (69882691)|ENTERING_MANAGED_PKG|Centify
14:38:23.20 (231064766)|ENTERING_MANAGED_PKG|Centify
14:38:23.20 (278593070)|ENTERING_MANAGED_PKG|Centify
14:38:23.20 (294951436)|ENTERING_MANAGED_PKG|Centify
14:38:23.20 (295009762)|ENTERING_MANAGED_PKG|Centify
14:38:23.20 (295110540)|ENTERING_MANAGED_PKG|Centify
14:38:23.20 (295150281)|ENTERING_MANAGED_PKG|Centify
14:38:23.20 (295229290)|ENTERING_MANAGED_PKG|Centify
14:38:23.20 (375394059)|ENTERING_MANAGED_PKG|Centify
14:38:23.20 (395049796)|ENTERING_MANAGED_PKG|Centify
14:38:23.20 (395106840)|ENTERING_MANAGED_PKG|Centify
14:38:23.20 (395191675)|ENTERING_MANAGED_PKG|Centify
14:38:23.20 (395238267)|ENTERING_MANAGED_PKG|Centify
14:38:23.20 (395328503)|ENTERING_MANAGED_PKG|Centify
14:38:23.20 (423303964)|ENTERING_MANAGED_PKG|Centify
14:38:23.20 (440536733)|ENTERING_MANAGED_PKG|Centify
14:38:23.20 (440603606)|ENTERING_MANAGED_PKG|Centify
14:38:23.20 (440717615)|ENTERING_MANAGED_PKG|Centify
14:38:23.20 (440765982)|ENTERING_MANAGED_PKG|Centify
14:38:23.20 (440869743)|ENTERING_MANAGED_PKG|Centify
14:38:23.20 (465186794)|ENTERING_MANAGED_PKG|Centify
14:38:23.20 (480819387)|ENTERING_MANAGED_PKG|Centify
14:38:23.20 (480873112)|ENTERING_MANAGED_PKG|Centify
14:38:23.20 (480944502)|ENTERING_MANAGED_PKG|Centify
14:38:23.20 (480975757)|ENTERING_MANAGED_PKG|Centify
14:38:23.20 (481036182)|ENTERING_MANAGED_PKG|Centify
14:38:23.20 (510207334)|ENTERING_MANAGED_PKG|Centify
14:38:23.20 (527069712)|ENTERING_MANAGED_PKG|Centify
14:38:23.20 (527136870)|ENTERING_MANAGED_PKG|Centify
14:38:23.20 (527213957)|ENTERING_MANAGED_PKG|Centify
14:38:23.20 (527245983)|ENTERING_MANAGED_PKG|Centify
14:38:23.20 (527307668)|ENTERING_MANAGED_PKG|Centify
14:38:23.20 (549415675)|ENTERING_MANAGED_PKG|Centify
14:38:23.20 (565331629)|ENTERING_MANAGED_PKG|Centify
14:38:23.20 (565381021)|ENTERING_MANAGED_PKG|Centify
14:38:23.20 (565472037)|ENTERING_MANAGED_PKG|Centify
14:38:23.20 (565509534)|ENTERING_MANAGED_PKG|Centify
14:38:23.20 (565572195)|ENTERING_MANAGED_PKG|Centify
14:38:23.20 (587394846)|ENTERING_MANAGED_PKG|Centify
14:38:23.20 (604145765)|ENTERING_MANAGED_PKG|Centify
14:38:23.20 (604194889)|ENTERING_MANAGED_PKG|Centify
14:38:23.20 (604278853)|ENTERING_MANAGED_PKG|Centify
14:38:23.20 (604310390)|ENTERING_MANAGED_PKG|Centify
14:38:23.20 (604372438)|ENTERING_MANAGED_PKG|Centify
14:38:23.20 (626234768)|ENTERING_MANAGED_PKG|Centify
14:38:23.20 (642236270)|ENTERING_MANAGED_PKG|Centify
14:38:23.20 (642291196)|ENTERING_MANAGED_PKG|Centify
14:38:23.20 (642364733)|ENTERING_MANAGED_PKG|Centify
14:38:23.20 (642394250)|ENTERING_MANAGED_PKG|Centify
14:38:23.20 (642453877)|ENTERING_MANAGED_PKG|Centify
14:38:23.20 (668259391)|ENTERING_MANAGED_PKG|Centify
14:38:23.20 (688278661)|ENTERING_MANAGED_PKG|Centify
14:38:23.20 (688329172)|ENTERING_MANAGED_PKG|Centify
14:38:23.20 (688400377)|ENTERING_MANAGED_PKG|Centify
14:38:23.20 (688430176)|ENTERING_MANAGED_PKG|Centify
14:38:23.20 (688506306)|ENTERING_MANAGED_PKG|Centify
14:38:23.20 (711507950)|ENTERING_MANAGED_PKG|Centify
14:38:23.20 (729587372)|ENTERING_MANAGED_PKG|Centify
14:38:23.20 (729635078)|ENTERING_MANAGED_PKG|Centify
14:38:23.20 (729706050)|ENTERING_MANAGED_PKG|Centify
14:38:23.20 (729735579)|ENTERING_MANAGED_PKG|Centify
14:38:23.20 (729795194)|ENTERING_MANAGED_PKG|Centify
14:38:23.20 (753110760)|ENTERING_MANAGED_PKG|Centify
14:38:23.20 (769745841)|ENTERING_MANAGED_PKG|Centify
14:38:23.20 (769796066)|ENTERING_MANAGED_PKG|Centify
14:38:23.20 (769869215)|ENTERING_MANAGED_PKG|Centify
14:38:23.20 (769899185)|ENTERING_MANAGED_PKG|Centify
14:38:23.20 (769957250)|ENTERING_MANAGED_PKG|Centify
14:38:23.20 (793910079)|ENTERING_MANAGED_PKG|Centify
14:38:23.20 (809291412)|ENTERING_MANAGED_PKG|Centify
14:38:23.20 (809344678)|ENTERING_MANAGED_PKG|Centify
14:38:23.20 (809421722)|ENTERING_MANAGED_PKG|Centify
14:38:23.20 (809455190)|ENTERING_MANAGED_PKG|Centify
14:38:23.20 (809523387)|ENTERING_MANAGED_PKG|Centify
14:38:23.20 (833855017)|ENTERING_MANAGED_PKG|Centify
14:38:23.20 (833920445)|ENTERING_MANAGED_PKG|Centify
14:38:23.20 (834090961)|ENTERING_MANAGED_PKG|Centify
14:38:23.20 (834138757)|ENTERING_MANAGED_PKG|Centify
14:38:23.20 (834182375)|ENTERING_MANAGED_PKG|Centify
14:38:23.20 (834492739)|ENTERING_MANAGED_PKG|Centify
14:38:23.20 (834576100)|ENTERING_MANAGED_PKG|Centify
14:38:23.20 (844205055)|ENTERING_MANAGED_PKG|Centify
14:38:23.20 (844286205)|ENTERING_MANAGED_PKG|Centify
14:38:23.20 (844370078)|ENTERING_MANAGED_PKG|Centify
14:38:23.20 (844946080)|ENTERING_MANAGED_PKG|Centify
14:38:23.20 (845754943)|SOQL_EXECUTE_BEGIN|[16]|Aggregations:0|select id,lastmodifieddate,isdeleted,audit_completed_date__c,audit_booked_date__c,assign_to__c,name,ownerid,status__c,lastactivitydate,opp_type__c,spinify_is_target__c,spinify_is_auditedthismonth__c from SLXOpportunity__c where LastModifiedDate >2019-01-09T04:14:33Z AND LastModifiedDate < 2019-01-09T04:38:29Z AND (   Spinify_Is_Target__c =true OR  Spinify_Is_AuditedThisMonth__c =true )  ORDER BY SystemModStamp DESC LIMIT 5000  ALL ROWS
14:38:23.20 (851012847)|SOQL_EXECUTE_END|[16]|Rows:0
14:38:23.877 (877062343)|CUMULATIVE_LIMIT_USAGE
14:38:23.877 (877062343)|LIMIT_USAGE_FOR_NS|(default)|
  Number of SOQL queries: 0 out of 200
  Number of query rows: 0 out of 50000
  Number of SOSL queries: 0 out of 20
  Number of DML statements: 0 out of 150
  Number of DML rows: 0 out of 10000
  Maximum CPU time: 0 out of 60000
  Maximum heap size: 0 out of 12000000
  Number of callouts: 0 out of 0
  Number of Email Invocations: 0 out of 10
  Number of future calls: 0 out of 0
  Number of queueable jobs added to the queue: 0 out of 1
  Number of Mobile Apex push calls: 0 out of 10

14:38:23.877 (877062343)|LIMIT_USAGE_FOR_NS|Centify|
  Number of SOQL queries: 0 out of 200
  Number of query rows: 0 out of 50000
  Number of SOSL queries: 0 out of 20
  Number of DML statements: 0 out of 150
  Number of DML rows: 0 out of 10000
  Maximum CPU time: 0 out of 60000
  Maximum heap size: 0 out of 12000000
  Number of callouts: 0 out of 0
  Number of Email Invocations: 0 out of 10
  Number of future calls: 0 out of 0
  Number of queueable jobs added to the queue: 0 out of 1
  Number of Mobile Apex push calls: 0 out of 10

14:38:23.877 (877062343)|CUMULATIVE_LIMIT_USAGE_END

