37.0 APEX_CODE,FINEST;APEX_PROFILING,INFO;CALLOUT,INFO;DB,INFO;NBA,INFO;SYSTEM,DEBUG;VALIDATION,INFO;VISUALFORCE,INFO;WAVE,INFO;WORKFLOW,INFO
14:41:08.17 (17339649)|ENTERING_MANAGED_PKG|Centify
14:41:08.17 (18921626)|ENTERING_MANAGED_PKG|Centify
14:41:08.17 (18958776)|ENTERING_MANAGED_PKG|Centify
14:41:08.17 (19664525)|ENTERING_MANAGED_PKG|Centify
14:41:08.17 (19725769)|ENTERING_MANAGED_PKG|Centify
14:41:08.17 (20416358)|ENTERING_MANAGED_PKG|Centify
14:41:08.17 (20717239)|ENTERING_MANAGED_PKG|Centify
14:41:08.17 (20744351)|ENTERING_MANAGED_PKG|Centify
14:41:08.17 (20823923)|ENTERING_MANAGED_PKG|Centify
14:41:08.17 (20871456)|ENTERING_MANAGED_PKG|Centify
14:41:08.17 (20907948)|ENTERING_MANAGED_PKG|Centify
14:41:08.17 (20928324)|ENTERING_MANAGED_PKG|Centify
14:41:08.17 (20945122)|ENTERING_MANAGED_PKG|Centify
14:41:08.17 (21105827)|ENTERING_MANAGED_PKG|Centify
14:41:08.17 (65518954)|ENTERING_MANAGED_PKG|Centify
14:41:08.17 (65600935)|ENTERING_MANAGED_PKG|Centify
14:41:08.17 (65717718)|ENTERING_MANAGED_PKG|Centify
14:41:08.17 (65765512)|ENTERING_MANAGED_PKG|Centify
14:41:08.17 (361537092)|ENTERING_MANAGED_PKG|Centify
14:41:08.17 (408381512)|ENTERING_MANAGED_PKG|Centify
14:41:08.17 (426076639)|ENTERING_MANAGED_PKG|Centify
14:41:08.17 (426138513)|ENTERING_MANAGED_PKG|Centify
14:41:08.17 (426220645)|ENTERING_MANAGED_PKG|Centify
14:41:08.17 (426273728)|ENTERING_MANAGED_PKG|Centify
14:41:08.17 (426351915)|ENTERING_MANAGED_PKG|Centify
14:41:08.17 (459221613)|ENTERING_MANAGED_PKG|Centify
14:41:08.17 (481430021)|ENTERING_MANAGED_PKG|Centify
14:41:08.17 (481486202)|ENTERING_MANAGED_PKG|Centify
14:41:08.17 (481562541)|ENTERING_MANAGED_PKG|Centify
14:41:08.17 (481595163)|ENTERING_MANAGED_PKG|Centify
14:41:08.17 (481657367)|ENTERING_MANAGED_PKG|Centify
14:41:08.17 (511180216)|ENTERING_MANAGED_PKG|Centify
14:41:08.17 (530657194)|ENTERING_MANAGED_PKG|Centify
14:41:08.17 (530773294)|ENTERING_MANAGED_PKG|Centify
14:41:08.17 (530996239)|ENTERING_MANAGED_PKG|Centify
14:41:08.17 (531056484)|ENTERING_MANAGED_PKG|Centify
14:41:08.17 (531162474)|ENTERING_MANAGED_PKG|Centify
14:41:08.17 (573253501)|ENTERING_MANAGED_PKG|Centify
14:41:08.17 (597293455)|ENTERING_MANAGED_PKG|Centify
14:41:08.17 (597373484)|ENTERING_MANAGED_PKG|Centify
14:41:08.17 (597508487)|ENTERING_MANAGED_PKG|Centify
14:41:08.17 (597560888)|ENTERING_MANAGED_PKG|Centify
14:41:08.17 (597680040)|ENTERING_MANAGED_PKG|Centify
14:41:08.17 (636348157)|ENTERING_MANAGED_PKG|Centify
14:41:08.17 (654543150)|ENTERING_MANAGED_PKG|Centify
14:41:08.17 (654603134)|ENTERING_MANAGED_PKG|Centify
14:41:08.17 (654682657)|ENTERING_MANAGED_PKG|Centify
14:41:08.17 (654715391)|ENTERING_MANAGED_PKG|Centify
14:41:08.17 (654776709)|ENTERING_MANAGED_PKG|Centify
14:41:08.17 (682596022)|ENTERING_MANAGED_PKG|Centify
14:41:08.17 (700554404)|ENTERING_MANAGED_PKG|Centify
14:41:08.17 (700611764)|ENTERING_MANAGED_PKG|Centify
14:41:08.17 (700687688)|ENTERING_MANAGED_PKG|Centify
14:41:08.17 (700720061)|ENTERING_MANAGED_PKG|Centify
14:41:08.17 (700780307)|ENTERING_MANAGED_PKG|Centify
14:41:08.17 (728610585)|ENTERING_MANAGED_PKG|Centify
14:41:08.17 (744739074)|ENTERING_MANAGED_PKG|Centify
14:41:08.17 (744794705)|ENTERING_MANAGED_PKG|Centify
14:41:08.17 (744869323)|ENTERING_MANAGED_PKG|Centify
14:41:08.17 (744901178)|ENTERING_MANAGED_PKG|Centify
14:41:08.17 (744962553)|ENTERING_MANAGED_PKG|Centify
14:41:08.17 (770963527)|ENTERING_MANAGED_PKG|Centify
14:41:08.17 (787267029)|ENTERING_MANAGED_PKG|Centify
14:41:08.17 (787316158)|ENTERING_MANAGED_PKG|Centify
14:41:08.17 (787389294)|ENTERING_MANAGED_PKG|Centify
14:41:08.17 (787420285)|ENTERING_MANAGED_PKG|Centify
14:41:08.17 (787480252)|ENTERING_MANAGED_PKG|Centify
14:41:08.17 (813963621)|ENTERING_MANAGED_PKG|Centify
14:41:08.17 (830151851)|ENTERING_MANAGED_PKG|Centify
14:41:08.17 (830206247)|ENTERING_MANAGED_PKG|Centify
14:41:08.17 (830280447)|ENTERING_MANAGED_PKG|Centify
14:41:08.17 (830312690)|ENTERING_MANAGED_PKG|Centify
14:41:08.17 (830371877)|ENTERING_MANAGED_PKG|Centify
14:41:08.17 (857485943)|ENTERING_MANAGED_PKG|Centify
14:41:08.17 (857554345)|ENTERING_MANAGED_PKG|Centify
14:41:08.17 (857693530)|ENTERING_MANAGED_PKG|Centify
14:41:08.17 (857731007)|ENTERING_MANAGED_PKG|Centify
14:41:08.17 (857765166)|ENTERING_MANAGED_PKG|Centify
14:41:08.17 (858001488)|ENTERING_MANAGED_PKG|Centify
14:41:08.17 (858072626)|ENTERING_MANAGED_PKG|Centify
14:41:08.17 (868993755)|ENTERING_MANAGED_PKG|Centify
14:41:08.17 (869080797)|ENTERING_MANAGED_PKG|Centify
14:41:08.17 (869162528)|ENTERING_MANAGED_PKG|Centify
14:41:08.17 (869796625)|ENTERING_MANAGED_PKG|Centify
14:41:08.17 (870588286)|SOQL_EXECUTE_BEGIN|[16]|Aggregations:0|select id,lastmodifieddate,isdeleted,ownerid,status,whatid,activitydate,tasksubtype,isclosed,subject from Task where LastModifiedDate >2019-01-09T04:40:33Z AND LastModifiedDate < 2019-01-09T04:41:14Z AND (  Subject = 'Email' )  ORDER BY SystemModStamp DESC LIMIT 5000  ALL ROWS
14:41:08.17 (877857792)|SOQL_EXECUTE_END|[16]|Rows:0
14:41:08.902 (902478277)|CUMULATIVE_LIMIT_USAGE
14:41:08.902 (902478277)|LIMIT_USAGE_FOR_NS|(default)|
  Number of SOQL queries: 0 out of 200
  Number of query rows: 0 out of 50000
  Number of SOSL queries: 0 out of 20
  Number of DML statements: 0 out of 150
  Number of DML rows: 0 out of 10000
  Maximum CPU time: 0 out of 60000
  Maximum heap size: 0 out of 12000000
  Number of callouts: 0 out of 0
  Number of Email Invocations: 0 out of 10
  Number of future calls: 0 out of 0
  Number of queueable jobs added to the queue: 0 out of 1
  Number of Mobile Apex push calls: 0 out of 10

14:41:08.902 (902478277)|LIMIT_USAGE_FOR_NS|Centify|
  Number of SOQL queries: 0 out of 200
  Number of query rows: 0 out of 50000
  Number of SOSL queries: 0 out of 20
  Number of DML statements: 0 out of 150
  Number of DML rows: 0 out of 10000
  Maximum CPU time: 0 out of 60000
  Maximum heap size: 0 out of 12000000
  Number of callouts: 0 out of 0
  Number of Email Invocations: 0 out of 10
  Number of future calls: 0 out of 0
  Number of queueable jobs added to the queue: 0 out of 1
  Number of Mobile Apex push calls: 0 out of 10

14:41:08.902 (902478277)|CUMULATIVE_LIMIT_USAGE_END

