31.0 APEX_CODE,FINEST;APEX_PROFILING,INFO;CALLOUT,INFO;DB,INFO;NBA,INFO;SYSTEM,DEBUG;VALIDATION,INFO;VISUALFORCE,INFO;WAVE,INFO;WORKFLOW,INFO
14:43:56.0 (127381)|USER_INFO|[EXTERNAL]|00590000000Vmmq|ben@bjbglobal.com.au|Australian Eastern Standard Time|GMT+10:00
14:43:56.0 (178875)|EXECUTION_STARTED
14:43:56.0 (184756)|CODE_UNIT_STARTED|[EXTERNAL]|TRIGGERS
14:43:56.0 (221131)|CODE_UNIT_STARTED|[EXTERNAL]|01q6F000000DhRF|TaskBeforeUpdate on Task trigger event BeforeUpdate|__sfdc_trigger/TaskBeforeUpdate
14:43:56.0 (263343)|HEAP_ALLOCATE|[EXTERNAL]|Bytes:8
14:43:56.0 (325282)|HEAP_ALLOCATE|[EXTERNAL]|Bytes:8
14:43:56.0 (825276)|HEAP_ALLOCATE|[72]|Bytes:3
14:43:56.0 (858075)|HEAP_ALLOCATE|[77]|Bytes:152
14:43:56.0 (872193)|HEAP_ALLOCATE|[342]|Bytes:408
14:43:56.0 (883492)|HEAP_ALLOCATE|[355]|Bytes:408
14:43:56.0 (895288)|HEAP_ALLOCATE|[467]|Bytes:48
14:43:56.0 (919900)|HEAP_ALLOCATE|[139]|Bytes:6
14:43:56.0 (941434)|HEAP_ALLOCATE|[EXTERNAL]|Bytes:4
14:43:56.0 (950064)|VARIABLE_SCOPE_BEGIN|[10]|this|TaskBeforeUpdate|true|false
14:43:56.0 (996063)|VARIABLE_ASSIGNMENT|[10]|this|{}|0x5ff1b966
14:43:56.0 (1051406)|HEAP_ALLOCATE|[EXTERNAL]|Bytes:4
14:43:56.0 (1059971)|VARIABLE_SCOPE_BEGIN|[10]|this|TaskBeforeUpdate|true|false
14:43:56.0 (1073603)|VARIABLE_ASSIGNMENT|[10]|this|{}|0x5ff1b966
14:43:56.0 (1094607)|STATEMENT_EXECUTE|[10]
14:43:56.1 (1100544)|CUMULATIVE_LIMIT_USAGE
14:43:56.1 (1100544)|LIMIT_USAGE_FOR_NS|(default)|
  Number of SOQL queries: 0 out of 100
  Number of query rows: 0 out of 50000
  Number of SOSL queries: 0 out of 20
  Number of DML statements: 0 out of 150
  Number of DML rows: 0 out of 10000
  Maximum CPU time: 0 out of 10000
  Maximum heap size: 0 out of 6000000
  Number of callouts: 0 out of 100
  Number of Email Invocations: 0 out of 10
  Number of future calls: 0 out of 50
  Number of queueable jobs added to the queue: 0 out of 50
  Number of Mobile Apex push calls: 0 out of 10

14:43:56.1 (1100544)|CUMULATIVE_LIMIT_USAGE_END

14:43:56.0 (2315892)|CODE_UNIT_FINISHED|TaskBeforeUpdate on Task trigger event BeforeUpdate|__sfdc_trigger/TaskBeforeUpdate
14:43:56.0 (7826051)|CODE_UNIT_STARTED|[EXTERNAL]|Validation:Task:00T6F00005LrOzW
14:43:56.0 (7843875)|VALIDATION_RULE|03d6F000000qFaO|Finish_all_call_monitor_field
14:43:56.0 (8252004)|VALIDATION_FORMULA|AND(!ISBLANK(Monitored_By__c),
    OR(ISBLANK( TEXT(CM_advised_what_will_happen_next__c)),
       ISBLANK( TEXT(Allow_customer_to_present_concerns__c) ),
       ISBLANK( TEXT(Communication_is_clear_positive_confiden__c) ),
       ISBLANK( TEXT(Demonstrate_active_listening__c )),
       ISBLANK( TEXT(Gave_correct_answers_and_infomations__c) ),
       ISBLANK( TEXT(Mirrors_clients_talking_behaviour__c) ) ))|CM_advised_what_will_happen_next__c=null , Demonstrate_active_listening__c=null , Communication_is_clear_positive_confiden__c=null , Allow_customer_to_present_concerns__c=null , Gave_correct_answers_and_infomations__c=null , Mirrors_clients_talking_behaviour__c=null , Monitored_By__c=null
14:43:56.0 (8269257)|VALIDATION_PASS
14:43:56.0 (8271802)|VALIDATION_RULE|03d900000009JbB|Interac_Quality_Must_Be_Between_1_and_10
14:43:56.0 (8345062)|VALIDATION_FORMULA|NVMContactWorld__InteractionQuality__c < 1  &#124;&#124;  NVMContactWorld__InteractionQuality__c > 10|NVMContactWorld__InteractionQuality__c=null
14:43:56.0 (8354102)|VALIDATION_PASS
14:43:56.0 (8542888)|CODE_UNIT_FINISHED|Validation:Task:00T6F00005LrOzW
14:43:56.0 (27604117)|CODE_UNIT_STARTED|[EXTERNAL]|Workflow:Task
14:43:56.0 (41112431)|WF_RULE_EVAL_BEGIN|Workflow
14:43:56.0 (41152237)|WF_CRITERIA_BEGIN|[Task:  00T6F00005LrOzW]|Update Call Monitor Details|01Q6F0000002Tdt|ON_CREATE_OR_TRIGGERING_UPDATE|0
14:43:56.0 (43999604)|WF_RULE_FILTER|[Task : Monitored By not equal to ]
14:43:56.0 (44018454)|WF_RULE_EVAL_VALUE|
14:43:56.0 (44023071)|WF_CRITERIA_END|false
14:43:56.0 (44042019)|WF_CRITERIA_BEGIN|[Task:  00T6F00005LrOzW]|Update_Callback_Request_Due_Date3016F0000005i0e|01Q6F0000019gyq|ON_CREATE_ONLY|0
14:43:56.0 (44059786)|WF_RULE_NOT_EVALUATED
14:43:56.0 (44068155)|WF_CRITERIA_BEGIN|[Task:  00T6F00005LrOzW]|Call Back Request From LinX|01Q6F000001EY2L|ON_CREATE_OR_TRIGGERING_UPDATE|0
14:43:56.0 (44142676)|WF_RULE_FILTER|[Task : Subject equals Callback Request]
14:43:56.0 (44156052)|WF_RULE_EVAL_VALUE|Outbound call to +61409747212
14:43:56.0 (44161617)|WF_CRITERIA_END|false
14:43:56.0 (44173710)|WF_CRITERIA_BEGIN|[Task:  00T6F00005LrOzW]|Call_Monitor3016F00000054R3|01Q6F000000oOu7|ON_ALL_CHANGES|0
14:43:56.0 (44292293)|WF_FORMULA|Formula:ENCODED:[treatNullAsNull]true|Values:
14:43:56.0 (44303309)|WF_CRITERIA_END|true
14:43:56.0 (45241702)|WF_SPOOL_ACTION_BEGIN|Workflow
14:43:56.0 (45280025)|WF_ACTION| Flow Trigger: 1;
14:43:56.0 (45287690)|WF_RULE_EVAL_END
14:43:56.0 (46572623)|WF_FLOW_ACTION_BEGIN|09L6F000000PGTV
14:43:56.48 (48021508)|FLOW_CREATE_INTERVIEW_BEGIN|00D90000000IJSa|3006F0000008usA|3016F00000054R3
14:43:56.48 (48796890)|FLOW_CREATE_INTERVIEW_END|4118702d6d05d277917b542c803816830e18242-3534|Call Monitoring
14:43:56.49 (49133161)|FLOW_START_INTERVIEWS_BEGIN|1
14:43:56.49 (49152760)|FLOW_START_INTERVIEW_BEGIN|4118702d6d05d277917b542c803816830e18242-3534|Call Monitoring
14:43:56.49 (58925210)|FLOW_START_INTERVIEW_END|4118702d6d05d277917b542c803816830e18242-3534|Call Monitoring
14:43:56.49 (58960884)|FLOW_START_INTERVIEWS_END|1
14:43:56.0 (60281356)|WF_FLOW_ACTION_END|09L6F000000PGTV
14:43:56.0 (60420794)|WF_ACTIONS_END| Flow Trigger: 1;
14:43:56.0 (60434983)|CODE_UNIT_FINISHED|Workflow:Task
14:43:56.0 (74201586)|CODE_UNIT_FINISHED|TRIGGERS
14:43:56.0 (74222398)|EXECUTION_FINISHED
