37.0 APEX_CODE,FINEST;APEX_PROFILING,INFO;CALLOUT,INFO;DB,INFO;NBA,INFO;SYSTEM,DEBUG;VALIDATION,INFO;VISUALFORCE,INFO;WAVE,INFO;WORKFLOW,INFO
14:49:04.20 (20126493)|ENTERING_MANAGED_PKG|Centify
14:49:04.20 (24337083)|ENTERING_MANAGED_PKG|Centify
14:49:04.20 (30995061)|ENTERING_MANAGED_PKG|Centify
14:49:04.20 (31169788)|ENTERING_MANAGED_PKG|Centify
14:49:04.20 (31344130)|ENTERING_MANAGED_PKG|Centify
14:49:04.20 (32041415)|ENTERING_MANAGED_PKG|Centify
14:49:04.20 (32362444)|ENTERING_MANAGED_PKG|Centify
14:49:04.20 (32391561)|ENTERING_MANAGED_PKG|Centify
14:49:04.20 (32473651)|ENTERING_MANAGED_PKG|Centify
14:49:04.20 (32534348)|ENTERING_MANAGED_PKG|Centify
14:49:04.20 (32576558)|ENTERING_MANAGED_PKG|Centify
14:49:04.20 (32600119)|ENTERING_MANAGED_PKG|Centify
14:49:04.20 (32620142)|ENTERING_MANAGED_PKG|Centify
14:49:04.20 (32811800)|ENTERING_MANAGED_PKG|Centify
14:49:04.20 (69671892)|ENTERING_MANAGED_PKG|Centify
14:49:04.20 (69792545)|ENTERING_MANAGED_PKG|Centify
14:49:04.20 (69927508)|ENTERING_MANAGED_PKG|Centify
14:49:04.20 (69985797)|ENTERING_MANAGED_PKG|Centify
14:49:04.20 (343528672)|ENTERING_MANAGED_PKG|Centify
14:49:04.20 (393496036)|ENTERING_MANAGED_PKG|Centify
14:49:04.20 (406553871)|ENTERING_MANAGED_PKG|Centify
14:49:04.20 (406609079)|ENTERING_MANAGED_PKG|Centify
14:49:04.20 (406697777)|ENTERING_MANAGED_PKG|Centify
14:49:04.20 (406736702)|ENTERING_MANAGED_PKG|Centify
14:49:04.20 (406814509)|ENTERING_MANAGED_PKG|Centify
14:49:04.20 (529035198)|ENTERING_MANAGED_PKG|Centify
14:49:04.20 (544524908)|ENTERING_MANAGED_PKG|Centify
14:49:04.20 (544576368)|ENTERING_MANAGED_PKG|Centify
14:49:04.20 (544661798)|ENTERING_MANAGED_PKG|Centify
14:49:04.20 (544697904)|ENTERING_MANAGED_PKG|Centify
14:49:04.20 (544774072)|ENTERING_MANAGED_PKG|Centify
14:49:04.20 (574730843)|ENTERING_MANAGED_PKG|Centify
14:49:04.20 (588090589)|ENTERING_MANAGED_PKG|Centify
14:49:04.20 (588145316)|ENTERING_MANAGED_PKG|Centify
14:49:04.20 (588229134)|ENTERING_MANAGED_PKG|Centify
14:49:04.20 (588268076)|ENTERING_MANAGED_PKG|Centify
14:49:04.20 (588345045)|ENTERING_MANAGED_PKG|Centify
14:49:04.20 (618847806)|ENTERING_MANAGED_PKG|Centify
14:49:04.20 (634700002)|ENTERING_MANAGED_PKG|Centify
14:49:04.20 (634760551)|ENTERING_MANAGED_PKG|Centify
14:49:04.20 (634853810)|ENTERING_MANAGED_PKG|Centify
14:49:04.20 (634893343)|ENTERING_MANAGED_PKG|Centify
14:49:04.20 (634972570)|ENTERING_MANAGED_PKG|Centify
14:49:04.20 (669038462)|ENTERING_MANAGED_PKG|Centify
14:49:04.20 (685341082)|ENTERING_MANAGED_PKG|Centify
14:49:04.20 (685416368)|ENTERING_MANAGED_PKG|Centify
14:49:04.20 (685541355)|ENTERING_MANAGED_PKG|Centify
14:49:04.20 (685593014)|ENTERING_MANAGED_PKG|Centify
14:49:04.20 (685700665)|ENTERING_MANAGED_PKG|Centify
14:49:04.20 (735577103)|ENTERING_MANAGED_PKG|Centify
14:49:04.20 (752564995)|ENTERING_MANAGED_PKG|Centify
14:49:04.20 (752624771)|ENTERING_MANAGED_PKG|Centify
14:49:04.20 (752717079)|ENTERING_MANAGED_PKG|Centify
14:49:04.20 (752756127)|ENTERING_MANAGED_PKG|Centify
14:49:04.20 (752835323)|ENTERING_MANAGED_PKG|Centify
14:49:04.20 (783220073)|ENTERING_MANAGED_PKG|Centify
14:49:04.20 (798217990)|ENTERING_MANAGED_PKG|Centify
14:49:04.20 (798271855)|ENTERING_MANAGED_PKG|Centify
14:49:04.20 (798361053)|ENTERING_MANAGED_PKG|Centify
14:49:04.20 (798401401)|ENTERING_MANAGED_PKG|Centify
14:49:04.20 (798479169)|ENTERING_MANAGED_PKG|Centify
14:49:04.20 (829219574)|ENTERING_MANAGED_PKG|Centify
14:49:04.20 (844228074)|ENTERING_MANAGED_PKG|Centify
14:49:04.20 (844285772)|ENTERING_MANAGED_PKG|Centify
14:49:04.20 (844374931)|ENTERING_MANAGED_PKG|Centify
14:49:04.20 (844415288)|ENTERING_MANAGED_PKG|Centify
14:49:04.20 (844493093)|ENTERING_MANAGED_PKG|Centify
14:49:04.20 (875003728)|ENTERING_MANAGED_PKG|Centify
14:49:04.20 (891081849)|ENTERING_MANAGED_PKG|Centify
14:49:04.20 (891140450)|ENTERING_MANAGED_PKG|Centify
14:49:04.20 (891223199)|ENTERING_MANAGED_PKG|Centify
14:49:04.20 (891257749)|ENTERING_MANAGED_PKG|Centify
14:49:04.20 (891327076)|ENTERING_MANAGED_PKG|Centify
14:49:04.20 (920976878)|ENTERING_MANAGED_PKG|Centify
14:49:04.20 (935962418)|ENTERING_MANAGED_PKG|Centify
14:49:04.20 (936019460)|ENTERING_MANAGED_PKG|Centify
14:49:04.20 (936116229)|ENTERING_MANAGED_PKG|Centify
14:49:04.20 (936157506)|ENTERING_MANAGED_PKG|Centify
14:49:04.20 (936239382)|ENTERING_MANAGED_PKG|Centify
14:49:04.20 (965363344)|ENTERING_MANAGED_PKG|Centify
14:49:04.20 (981541140)|ENTERING_MANAGED_PKG|Centify
14:49:04.20 (981600942)|ENTERING_MANAGED_PKG|Centify
14:49:04.20 (981693425)|ENTERING_MANAGED_PKG|Centify
14:49:04.20 (981733263)|ENTERING_MANAGED_PKG|Centify
14:49:04.20 (981811706)|ENTERING_MANAGED_PKG|Centify
14:49:04.20 (1011585872)|ENTERING_MANAGED_PKG|Centify
14:49:05.33 (1033567694)|ENTERING_MANAGED_PKG|Centify
14:49:05.33 (1033632156)|ENTERING_MANAGED_PKG|Centify
14:49:05.33 (1033724935)|ENTERING_MANAGED_PKG|Centify
14:49:05.33 (1033765700)|ENTERING_MANAGED_PKG|Centify
14:49:05.33 (1033845482)|ENTERING_MANAGED_PKG|Centify
14:49:05.33 (1065090190)|ENTERING_MANAGED_PKG|Centify
14:49:05.33 (1081239501)|ENTERING_MANAGED_PKG|Centify
14:49:05.33 (1081297353)|ENTERING_MANAGED_PKG|Centify
14:49:05.33 (1081391521)|ENTERING_MANAGED_PKG|Centify
14:49:05.33 (1081429924)|ENTERING_MANAGED_PKG|Centify
14:49:05.33 (1081509812)|ENTERING_MANAGED_PKG|Centify
14:49:05.33 (1112243681)|ENTERING_MANAGED_PKG|Centify
14:49:05.33 (1112311203)|ENTERING_MANAGED_PKG|Centify
14:49:05.33 (1112496346)|ENTERING_MANAGED_PKG|Centify
14:49:05.33 (1112550277)|ENTERING_MANAGED_PKG|Centify
14:49:05.33 (1112602847)|ENTERING_MANAGED_PKG|Centify
14:49:05.33 (1112917566)|ENTERING_MANAGED_PKG|Centify
14:49:05.33 (1112999971)|ENTERING_MANAGED_PKG|Centify
14:49:05.33 (1123006077)|ENTERING_MANAGED_PKG|Centify
14:49:05.33 (1123085996)|ENTERING_MANAGED_PKG|Centify
14:49:05.33 (1123202446)|ENTERING_MANAGED_PKG|Centify
14:49:05.33 (1123930783)|ENTERING_MANAGED_PKG|Centify
14:49:05.33 (1125017196)|SOQL_EXECUTE_BEGIN|[16]|Aggregations:0|select id,lastmodifieddate,isdeleted,call_duration_min__c,createddate,tasksubtype,isclosed,subject,ownerid,activitydate,status,whatid,calldurationinseconds,calltype from Task where LastModifiedDate >2019-01-09T04:48:04Z AND LastModifiedDate < 2019-01-09T04:49:10Z AND (   CallType = 'Outbound'  OR  CallType = 'Inbound'  )  ORDER BY SystemModStamp DESC LIMIT 5000  ALL ROWS
14:49:05.33 (1134309440)|SOQL_EXECUTE_END|[16]|Rows:3
14:49:05.162 (1162193614)|CUMULATIVE_LIMIT_USAGE
14:49:05.162 (1162193614)|LIMIT_USAGE_FOR_NS|(default)|
  Number of SOQL queries: 0 out of 200
  Number of query rows: 0 out of 50000
  Number of SOSL queries: 0 out of 20
  Number of DML statements: 0 out of 150
  Number of DML rows: 0 out of 10000
  Maximum CPU time: 0 out of 60000
  Maximum heap size: 0 out of 12000000
  Number of callouts: 0 out of 0
  Number of Email Invocations: 0 out of 10
  Number of future calls: 0 out of 0
  Number of queueable jobs added to the queue: 0 out of 1
  Number of Mobile Apex push calls: 0 out of 10

14:49:05.162 (1162193614)|LIMIT_USAGE_FOR_NS|Centify|
  Number of SOQL queries: 0 out of 200
  Number of query rows: 0 out of 50000
  Number of SOSL queries: 0 out of 20
  Number of DML statements: 0 out of 150
  Number of DML rows: 0 out of 10000
  Maximum CPU time: 0 out of 60000
  Maximum heap size: 0 out of 12000000
  Number of callouts: 0 out of 0
  Number of Email Invocations: 0 out of 10
  Number of future calls: 0 out of 0
  Number of queueable jobs added to the queue: 0 out of 1
  Number of Mobile Apex push calls: 0 out of 10

14:49:05.162 (1162193614)|CUMULATIVE_LIMIT_USAGE_END

