37.0 APEX_CODE,FINEST;APEX_PROFILING,INFO;CALLOUT,INFO;DB,INFO;NBA,INFO;SYSTEM,DEBUG;VALIDATION,INFO;VISUALFORCE,INFO;WAVE,INFO;WORKFLOW,INFO
14:36:31.17 (17426603)|ENTERING_MANAGED_PKG|Centify
14:36:31.17 (19052676)|ENTERING_MANAGED_PKG|Centify
14:36:31.17 (19097274)|ENTERING_MANAGED_PKG|Centify
14:36:31.17 (19752162)|ENTERING_MANAGED_PKG|Centify
14:36:31.17 (19807489)|ENTERING_MANAGED_PKG|Centify
14:36:31.17 (20420658)|ENTERING_MANAGED_PKG|Centify
14:36:31.17 (20640988)|ENTERING_MANAGED_PKG|Centify
14:36:31.17 (20668265)|ENTERING_MANAGED_PKG|Centify
14:36:31.17 (20740400)|ENTERING_MANAGED_PKG|Centify
14:36:31.17 (20790631)|ENTERING_MANAGED_PKG|Centify
14:36:31.17 (20829795)|ENTERING_MANAGED_PKG|Centify
14:36:31.17 (20848889)|ENTERING_MANAGED_PKG|Centify
14:36:31.17 (20864784)|ENTERING_MANAGED_PKG|Centify
14:36:31.17 (21024225)|ENTERING_MANAGED_PKG|Centify
14:36:31.17 (59784928)|ENTERING_MANAGED_PKG|Centify
14:36:31.17 (59860483)|ENTERING_MANAGED_PKG|Centify
14:36:31.17 (59979925)|ENTERING_MANAGED_PKG|Centify
14:36:31.17 (60027067)|ENTERING_MANAGED_PKG|Centify
14:36:31.17 (204828144)|ENTERING_MANAGED_PKG|Centify
14:36:31.17 (260868339)|ENTERING_MANAGED_PKG|Centify
14:36:31.17 (273875024)|ENTERING_MANAGED_PKG|Centify
14:36:31.17 (273930632)|ENTERING_MANAGED_PKG|Centify
14:36:31.17 (274010907)|ENTERING_MANAGED_PKG|Centify
14:36:31.17 (274043262)|ENTERING_MANAGED_PKG|Centify
14:36:31.17 (274108157)|ENTERING_MANAGED_PKG|Centify
14:36:31.17 (304676486)|ENTERING_MANAGED_PKG|Centify
14:36:31.17 (318932300)|ENTERING_MANAGED_PKG|Centify
14:36:31.17 (318986703)|ENTERING_MANAGED_PKG|Centify
14:36:31.17 (319065367)|ENTERING_MANAGED_PKG|Centify
14:36:31.17 (319100110)|ENTERING_MANAGED_PKG|Centify
14:36:31.17 (319164564)|ENTERING_MANAGED_PKG|Centify
14:36:31.17 (349643488)|ENTERING_MANAGED_PKG|Centify
14:36:31.17 (363946664)|ENTERING_MANAGED_PKG|Centify
14:36:31.17 (364000129)|ENTERING_MANAGED_PKG|Centify
14:36:31.17 (364075159)|ENTERING_MANAGED_PKG|Centify
14:36:31.17 (364105839)|ENTERING_MANAGED_PKG|Centify
14:36:31.17 (364163958)|ENTERING_MANAGED_PKG|Centify
14:36:31.17 (392008220)|ENTERING_MANAGED_PKG|Centify
14:36:31.17 (405448567)|ENTERING_MANAGED_PKG|Centify
14:36:31.17 (405495884)|ENTERING_MANAGED_PKG|Centify
14:36:31.17 (405562044)|ENTERING_MANAGED_PKG|Centify
14:36:31.17 (405591247)|ENTERING_MANAGED_PKG|Centify
14:36:31.17 (405647103)|ENTERING_MANAGED_PKG|Centify
14:36:31.17 (432822353)|ENTERING_MANAGED_PKG|Centify
14:36:31.17 (446164926)|ENTERING_MANAGED_PKG|Centify
14:36:31.17 (446211600)|ENTERING_MANAGED_PKG|Centify
14:36:31.17 (446276456)|ENTERING_MANAGED_PKG|Centify
14:36:31.17 (446305102)|ENTERING_MANAGED_PKG|Centify
14:36:31.17 (446361960)|ENTERING_MANAGED_PKG|Centify
14:36:31.17 (473036027)|ENTERING_MANAGED_PKG|Centify
14:36:31.17 (485824662)|ENTERING_MANAGED_PKG|Centify
14:36:31.17 (485872773)|ENTERING_MANAGED_PKG|Centify
14:36:31.17 (485937402)|ENTERING_MANAGED_PKG|Centify
14:36:31.17 (485966373)|ENTERING_MANAGED_PKG|Centify
14:36:31.17 (486030030)|ENTERING_MANAGED_PKG|Centify
14:36:31.17 (512783547)|ENTERING_MANAGED_PKG|Centify
14:36:31.17 (525632875)|ENTERING_MANAGED_PKG|Centify
14:36:31.17 (525680005)|ENTERING_MANAGED_PKG|Centify
14:36:31.17 (525748495)|ENTERING_MANAGED_PKG|Centify
14:36:31.17 (525778321)|ENTERING_MANAGED_PKG|Centify
14:36:31.17 (525835162)|ENTERING_MANAGED_PKG|Centify
14:36:31.17 (553890224)|ENTERING_MANAGED_PKG|Centify
14:36:31.17 (567340861)|ENTERING_MANAGED_PKG|Centify
14:36:31.17 (567391215)|ENTERING_MANAGED_PKG|Centify
14:36:31.17 (567456558)|ENTERING_MANAGED_PKG|Centify
14:36:31.17 (567485389)|ENTERING_MANAGED_PKG|Centify
14:36:31.17 (567542838)|ENTERING_MANAGED_PKG|Centify
14:36:31.17 (594718930)|ENTERING_MANAGED_PKG|Centify
14:36:31.17 (605981024)|ENTERING_MANAGED_PKG|Centify
14:36:31.17 (606025609)|ENTERING_MANAGED_PKG|Centify
14:36:31.17 (606088025)|ENTERING_MANAGED_PKG|Centify
14:36:31.17 (606115660)|ENTERING_MANAGED_PKG|Centify
14:36:31.17 (606172447)|ENTERING_MANAGED_PKG|Centify
14:36:31.17 (630835805)|ENTERING_MANAGED_PKG|Centify
14:36:31.17 (640661842)|ENTERING_MANAGED_PKG|Centify
14:36:31.17 (640699320)|ENTERING_MANAGED_PKG|Centify
14:36:31.17 (640761209)|ENTERING_MANAGED_PKG|Centify
14:36:31.17 (640787874)|ENTERING_MANAGED_PKG|Centify
14:36:31.17 (640842937)|ENTERING_MANAGED_PKG|Centify
14:36:31.17 (665320582)|ENTERING_MANAGED_PKG|Centify
14:36:31.17 (675176796)|ENTERING_MANAGED_PKG|Centify
14:36:31.17 (675213882)|ENTERING_MANAGED_PKG|Centify
14:36:31.17 (675274729)|ENTERING_MANAGED_PKG|Centify
14:36:31.17 (675300610)|ENTERING_MANAGED_PKG|Centify
14:36:31.17 (675353155)|ENTERING_MANAGED_PKG|Centify
14:36:31.17 (700119910)|ENTERING_MANAGED_PKG|Centify
14:36:31.17 (700176918)|ENTERING_MANAGED_PKG|Centify
14:36:31.17 (700277131)|ENTERING_MANAGED_PKG|Centify
14:36:31.17 (700298137)|ENTERING_MANAGED_PKG|Centify
14:36:31.17 (700417138)|ENTERING_MANAGED_PKG|Centify
14:36:31.17 (700453368)|ENTERING_MANAGED_PKG|Centify
14:36:31.17 (700490011)|ENTERING_MANAGED_PKG|Centify
14:36:31.17 (701645698)|ENTERING_MANAGED_PKG|Centify
14:36:31.17 (701721854)|ENTERING_MANAGED_PKG|Centify
14:36:31.17 (711292309)|ENTERING_MANAGED_PKG|Centify
14:36:31.17 (711396644)|ENTERING_MANAGED_PKG|Centify
14:36:31.17 (711531335)|ENTERING_MANAGED_PKG|Centify
14:36:31.17 (712301439)|ENTERING_MANAGED_PKG|Centify
14:36:31.17 (713347208)|SOQL_EXECUTE_BEGIN|[16]|Aggregations:0|select id,lastmodifieddate,isdeleted,salesperson__c,has_gtm_code_been_sent_to_client__c,are_all_possible_extensions_setup__c,status__c,product_type__c,ownerid,createddate,name,management_price__c from Sign_Up__c where LastModifiedDate >2019-01-09T04:30:22Z AND LastModifiedDate < 2019-01-09T04:36:37Z AND (  Management_Price__c > 0.00)  ORDER BY SystemModStamp DESC LIMIT 5000  ALL ROWS
14:36:31.17 (717558484)|SOQL_EXECUTE_END|[16]|Rows:0
14:36:31.750 (750091886)|CUMULATIVE_LIMIT_USAGE
14:36:31.750 (750091886)|LIMIT_USAGE_FOR_NS|(default)|
  Number of SOQL queries: 0 out of 200
  Number of query rows: 0 out of 50000
  Number of SOSL queries: 0 out of 20
  Number of DML statements: 0 out of 150
  Number of DML rows: 0 out of 10000
  Maximum CPU time: 0 out of 60000
  Maximum heap size: 0 out of 12000000
  Number of callouts: 0 out of 0
  Number of Email Invocations: 0 out of 10
  Number of future calls: 0 out of 0
  Number of queueable jobs added to the queue: 0 out of 1
  Number of Mobile Apex push calls: 0 out of 10

14:36:31.750 (750091886)|LIMIT_USAGE_FOR_NS|Centify|
  Number of SOQL queries: 0 out of 200
  Number of query rows: 0 out of 50000
  Number of SOSL queries: 0 out of 20
  Number of DML statements: 0 out of 150
  Number of DML rows: 0 out of 10000
  Maximum CPU time: 0 out of 60000
  Maximum heap size: 0 out of 12000000
  Number of callouts: 0 out of 0
  Number of Email Invocations: 0 out of 10
  Number of future calls: 0 out of 0
  Number of queueable jobs added to the queue: 0 out of 1
  Number of Mobile Apex push calls: 0 out of 10

14:36:31.750 (750091886)|CUMULATIVE_LIMIT_USAGE_END

