37.0 APEX_CODE,FINEST;APEX_PROFILING,INFO;CALLOUT,INFO;DB,INFO;NBA,INFO;SYSTEM,DEBUG;VALIDATION,INFO;VISUALFORCE,INFO;WAVE,INFO;WORKFLOW,INFO
14:43:03.17 (17489260)|ENTERING_MANAGED_PKG|Centify
14:43:03.17 (19228186)|ENTERING_MANAGED_PKG|Centify
14:43:03.17 (19289829)|ENTERING_MANAGED_PKG|Centify
14:43:03.17 (20140284)|ENTERING_MANAGED_PKG|Centify
14:43:03.17 (20228452)|ENTERING_MANAGED_PKG|Centify
14:43:03.17 (21185438)|ENTERING_MANAGED_PKG|Centify
14:43:03.17 (21607118)|ENTERING_MANAGED_PKG|Centify
14:43:03.17 (21659887)|ENTERING_MANAGED_PKG|Centify
14:43:03.17 (21785604)|ENTERING_MANAGED_PKG|Centify
14:43:03.17 (21854873)|ENTERING_MANAGED_PKG|Centify
14:43:03.17 (21912801)|ENTERING_MANAGED_PKG|Centify
14:43:03.17 (21952410)|ENTERING_MANAGED_PKG|Centify
14:43:03.17 (21986278)|ENTERING_MANAGED_PKG|Centify
14:43:03.17 (22297489)|ENTERING_MANAGED_PKG|Centify
14:43:03.17 (76179664)|ENTERING_MANAGED_PKG|Centify
14:43:03.17 (76260679)|ENTERING_MANAGED_PKG|Centify
14:43:03.17 (76392252)|ENTERING_MANAGED_PKG|Centify
14:43:03.17 (76446313)|ENTERING_MANAGED_PKG|Centify
14:43:03.17 (316002970)|ENTERING_MANAGED_PKG|Centify
14:43:03.17 (371660004)|ENTERING_MANAGED_PKG|Centify
14:43:03.17 (391135862)|ENTERING_MANAGED_PKG|Centify
14:43:03.17 (391232788)|ENTERING_MANAGED_PKG|Centify
14:43:03.17 (391360940)|ENTERING_MANAGED_PKG|Centify
14:43:03.17 (391435630)|ENTERING_MANAGED_PKG|Centify
14:43:03.17 (391598452)|ENTERING_MANAGED_PKG|Centify
14:43:03.17 (421169020)|ENTERING_MANAGED_PKG|Centify
14:43:03.17 (442331380)|ENTERING_MANAGED_PKG|Centify
14:43:03.17 (442407635)|ENTERING_MANAGED_PKG|Centify
14:43:03.17 (442543016)|ENTERING_MANAGED_PKG|Centify
14:43:03.17 (442606297)|ENTERING_MANAGED_PKG|Centify
14:43:03.17 (442744983)|ENTERING_MANAGED_PKG|Centify
14:43:03.17 (490288785)|ENTERING_MANAGED_PKG|Centify
14:43:03.17 (510086001)|ENTERING_MANAGED_PKG|Centify
14:43:03.17 (510171532)|ENTERING_MANAGED_PKG|Centify
14:43:03.17 (510317677)|ENTERING_MANAGED_PKG|Centify
14:43:03.17 (510381307)|ENTERING_MANAGED_PKG|Centify
14:43:03.17 (510516778)|ENTERING_MANAGED_PKG|Centify
14:43:03.17 (542666863)|ENTERING_MANAGED_PKG|Centify
14:43:03.17 (558166636)|ENTERING_MANAGED_PKG|Centify
14:43:03.17 (558230144)|ENTERING_MANAGED_PKG|Centify
14:43:03.17 (558320775)|ENTERING_MANAGED_PKG|Centify
14:43:03.17 (558359700)|ENTERING_MANAGED_PKG|Centify
14:43:03.17 (558429474)|ENTERING_MANAGED_PKG|Centify
14:43:03.17 (586502489)|ENTERING_MANAGED_PKG|Centify
14:43:03.17 (603769672)|ENTERING_MANAGED_PKG|Centify
14:43:03.17 (603829628)|ENTERING_MANAGED_PKG|Centify
14:43:03.17 (603917151)|ENTERING_MANAGED_PKG|Centify
14:43:03.17 (603956605)|ENTERING_MANAGED_PKG|Centify
14:43:03.17 (604027109)|ENTERING_MANAGED_PKG|Centify
14:43:03.17 (633340555)|ENTERING_MANAGED_PKG|Centify
14:43:03.17 (649497542)|ENTERING_MANAGED_PKG|Centify
14:43:03.17 (649554460)|ENTERING_MANAGED_PKG|Centify
14:43:03.17 (649646088)|ENTERING_MANAGED_PKG|Centify
14:43:03.17 (649688880)|ENTERING_MANAGED_PKG|Centify
14:43:03.17 (649760124)|ENTERING_MANAGED_PKG|Centify
14:43:03.17 (677389573)|ENTERING_MANAGED_PKG|Centify
14:43:03.17 (692704261)|ENTERING_MANAGED_PKG|Centify
14:43:03.17 (692758249)|ENTERING_MANAGED_PKG|Centify
14:43:03.17 (692841445)|ENTERING_MANAGED_PKG|Centify
14:43:03.17 (692878909)|ENTERING_MANAGED_PKG|Centify
14:43:03.17 (692946010)|ENTERING_MANAGED_PKG|Centify
14:43:03.17 (721503227)|ENTERING_MANAGED_PKG|Centify
14:43:03.17 (738052737)|ENTERING_MANAGED_PKG|Centify
14:43:03.17 (738107466)|ENTERING_MANAGED_PKG|Centify
14:43:03.17 (738226465)|ENTERING_MANAGED_PKG|Centify
14:43:03.17 (738273288)|ENTERING_MANAGED_PKG|Centify
14:43:03.17 (738345577)|ENTERING_MANAGED_PKG|Centify
14:43:03.17 (767205953)|ENTERING_MANAGED_PKG|Centify
14:43:03.17 (804008672)|ENTERING_MANAGED_PKG|Centify
14:43:03.17 (804078511)|ENTERING_MANAGED_PKG|Centify
14:43:03.17 (804175294)|ENTERING_MANAGED_PKG|Centify
14:43:03.17 (804213448)|ENTERING_MANAGED_PKG|Centify
14:43:03.17 (804309386)|ENTERING_MANAGED_PKG|Centify
14:43:03.17 (836379091)|ENTERING_MANAGED_PKG|Centify
14:43:03.17 (836446396)|ENTERING_MANAGED_PKG|Centify
14:43:03.17 (836629503)|ENTERING_MANAGED_PKG|Centify
14:43:03.17 (836677919)|ENTERING_MANAGED_PKG|Centify
14:43:03.17 (836714981)|ENTERING_MANAGED_PKG|Centify
14:43:03.17 (837010081)|ENTERING_MANAGED_PKG|Centify
14:43:03.17 (837093511)|ENTERING_MANAGED_PKG|Centify
14:43:03.17 (838313024)|ENTERING_MANAGED_PKG|Centify
14:43:03.17 (838381725)|ENTERING_MANAGED_PKG|Centify
14:43:03.17 (838498121)|ENTERING_MANAGED_PKG|Centify
14:43:03.17 (839220140)|ENTERING_MANAGED_PKG|Centify
14:43:03.17 (840478923)|SOQL_EXECUTE_BEGIN|[16]|Aggregations:0|select id,lastmodifieddate,isdeleted,ownerid,status,whatid,activitydate,tasksubtype,isclosed,subject from Task where LastModifiedDate >2019-01-09T04:41:58Z AND LastModifiedDate < 2019-01-09T04:43:09Z AND (  Subject = 'Email' )  ORDER BY SystemModStamp DESC LIMIT 5000  ALL ROWS
14:43:03.17 (848931037)|SOQL_EXECUTE_END|[16]|Rows:0
14:43:03.871 (871485121)|CUMULATIVE_LIMIT_USAGE
14:43:03.871 (871485121)|LIMIT_USAGE_FOR_NS|(default)|
  Number of SOQL queries: 0 out of 200
  Number of query rows: 0 out of 50000
  Number of SOSL queries: 0 out of 20
  Number of DML statements: 0 out of 150
  Number of DML rows: 0 out of 10000
  Maximum CPU time: 0 out of 60000
  Maximum heap size: 0 out of 12000000
  Number of callouts: 0 out of 0
  Number of Email Invocations: 0 out of 10
  Number of future calls: 0 out of 0
  Number of queueable jobs added to the queue: 0 out of 1
  Number of Mobile Apex push calls: 0 out of 10

14:43:03.871 (871485121)|LIMIT_USAGE_FOR_NS|Centify|
  Number of SOQL queries: 0 out of 200
  Number of query rows: 0 out of 50000
  Number of SOSL queries: 0 out of 20
  Number of DML statements: 0 out of 150
  Number of DML rows: 0 out of 10000
  Maximum CPU time: 0 out of 60000
  Maximum heap size: 0 out of 12000000
  Number of callouts: 0 out of 0
  Number of Email Invocations: 0 out of 10
  Number of future calls: 0 out of 0
  Number of queueable jobs added to the queue: 0 out of 1
  Number of Mobile Apex push calls: 0 out of 10

14:43:03.871 (871485121)|CUMULATIVE_LIMIT_USAGE_END

