37.0 APEX_CODE,FINEST;APEX_PROFILING,INFO;CALLOUT,INFO;DB,INFO;NBA,INFO;SYSTEM,DEBUG;VALIDATION,INFO;VISUALFORCE,INFO;WAVE,INFO;WORKFLOW,INFO
14:39:25.15 (15555207)|ENTERING_MANAGED_PKG|Centify
14:39:25.15 (16518191)|ENTERING_MANAGED_PKG|Centify
14:39:25.15 (16557375)|ENTERING_MANAGED_PKG|Centify
14:39:25.15 (16884095)|ENTERING_MANAGED_PKG|Centify
14:39:25.15 (16927143)|ENTERING_MANAGED_PKG|Centify
14:39:25.15 (17636273)|ENTERING_MANAGED_PKG|Centify
14:39:25.15 (17715292)|ENTERING_MANAGED_PKG|Centify
14:39:25.15 (20665677)|ENTERING_MANAGED_PKG|Centify
14:39:25.15 (21358754)|ENTERING_MANAGED_PKG|Centify
14:39:25.15 (21532772)|ENTERING_MANAGED_PKG|Centify
14:39:25.15 (21602599)|ENTERING_MANAGED_PKG|Centify
14:39:25.15 (26479300)|ENTERING_MANAGED_PKG|Centify
14:39:25.15 (26583362)|ENTERING_MANAGED_PKG|Centify
14:39:25.15 (26836174)|ENTERING_MANAGED_PKG|Centify
14:39:25.15 (29515699)|ENTERING_MANAGED_PKG|Centify
14:39:25.15 (29557567)|ENTERING_MANAGED_PKG|Centify
14:39:25.15 (29658253)|ENTERING_MANAGED_PKG|Centify
14:39:25.15 (30502753)|ENTERING_MANAGED_PKG|Centify
14:39:25.15 (31779775)|ENTERING_MANAGED_PKG|Centify
14:39:25.15 (31821841)|ENTERING_MANAGED_PKG|Centify
14:39:25.15 (31884700)|ENTERING_MANAGED_PKG|Centify
14:39:25.15 (32481231)|ENTERING_MANAGED_PKG|Centify
14:39:25.15 (32509841)|ENTERING_MANAGED_PKG|Centify
14:39:25.15 (32561786)|ENTERING_MANAGED_PKG|Centify
14:39:25.15 (33100430)|ENTERING_MANAGED_PKG|Centify
14:39:25.15 (38371856)|ENTERING_MANAGED_PKG|Centify
14:39:25.15 (41150587)|ENTERING_MANAGED_PKG|Centify
14:39:25.15 (41273789)|ENTERING_MANAGED_PKG|Centify
14:39:25.15 (53031063)|ENTERING_MANAGED_PKG|Centify
14:39:25.15 (53089624)|ENTERING_MANAGED_PKG|Centify
14:39:25.15 (53170145)|ENTERING_MANAGED_PKG|Centify
14:39:25.15 (53249320)|ENTERING_MANAGED_PKG|Centify
14:39:25.15 (53421197)|ENTERING_MANAGED_PKG|Centify
14:39:25.15 (55518084)|SOQL_EXECUTE_BEGIN|[28]|Aggregations:0|SELECT Id FROM ApexClass WHERE Name = :tmpVar1
14:39:25.15 (62837682)|SOQL_EXECUTE_END|[28]|Rows:1
14:39:25.15 (63535182)|SOQL_EXECUTE_BEGIN|[49]|Aggregations:0|SELECT COUNT() FROM AsyncApexJob WHERE (ApexClassId = :tmpVar1 AND Status IN ('Queued', 'Holding', 'Preparing', 'Processing'))
14:39:25.15 (75909826)|SOQL_EXECUTE_END|[49]|Rows:1
14:39:25.15 (76017265)|ENTERING_MANAGED_PKG|Centify
14:39:25.15 (76224687)|ENTERING_MANAGED_PKG|Centify
14:39:25.15 (76289317)|ENTERING_MANAGED_PKG|Centify
14:39:25.15 (76928838)|ENTERING_MANAGED_PKG|Centify
14:39:25.15 (77164250)|ENTERING_MANAGED_PKG|Centify
14:39:25.15 (77221613)|ENTERING_MANAGED_PKG|Centify
14:39:25.15 (106992527)|ENTERING_MANAGED_PKG|Centify
14:39:25.15 (107091289)|ENTERING_MANAGED_PKG|Centify
14:39:25.15 (114362693)|ENTERING_MANAGED_PKG|Centify
14:39:25.15 (116920661)|ENTERING_MANAGED_PKG|Centify
14:39:25.15 (118386472)|ENTERING_MANAGED_PKG|Centify
14:39:25.15 (119968681)|ENTERING_MANAGED_PKG|Centify
14:39:25.15 (120083655)|ENTERING_MANAGED_PKG|Centify
14:39:25.15 (120126117)|ENTERING_MANAGED_PKG|Centify
14:39:25.15 (120255805)|ENTERING_MANAGED_PKG|Centify
14:39:25.15 (120325361)|ENTERING_MANAGED_PKG|Centify
14:39:25.15 (120553761)|ENTERING_MANAGED_PKG|Centify
14:39:25.15 (120799472)|ENTERING_MANAGED_PKG|Centify
14:39:25.15 (120963012)|ENTERING_MANAGED_PKG|Centify
14:39:25.15 (121103346)|ENTERING_MANAGED_PKG|Centify
14:39:25.15 (121244398)|ENTERING_MANAGED_PKG|Centify
14:39:25.15 (121421953)|ENTERING_MANAGED_PKG|Centify
14:39:25.15 (121596040)|ENTERING_MANAGED_PKG|Centify
14:39:25.15 (121764558)|ENTERING_MANAGED_PKG|Centify
14:39:25.15 (121948473)|ENTERING_MANAGED_PKG|Centify
14:39:25.15 (122116115)|ENTERING_MANAGED_PKG|Centify
14:39:25.15 (122275538)|ENTERING_MANAGED_PKG|Centify
14:39:25.15 (122427664)|ENTERING_MANAGED_PKG|Centify
14:39:25.15 (122573395)|ENTERING_MANAGED_PKG|Centify
14:39:25.15 (122716888)|ENTERING_MANAGED_PKG|Centify
14:39:25.15 (122851477)|ENTERING_MANAGED_PKG|Centify
14:39:25.15 (123230721)|ENTERING_MANAGED_PKG|Centify
14:39:25.15 (123407751)|ENTERING_MANAGED_PKG|Centify
14:39:25.15 (123551872)|ENTERING_MANAGED_PKG|Centify
14:39:25.15 (123694102)|ENTERING_MANAGED_PKG|Centify
14:39:25.15 (123837604)|ENTERING_MANAGED_PKG|Centify
14:39:25.15 (123980292)|ENTERING_MANAGED_PKG|Centify
14:39:25.15 (124122264)|ENTERING_MANAGED_PKG|Centify
14:39:25.15 (124269350)|ENTERING_MANAGED_PKG|Centify
14:39:25.15 (124420084)|ENTERING_MANAGED_PKG|Centify
14:39:25.15 (124562460)|ENTERING_MANAGED_PKG|Centify
14:39:25.15 (124702871)|ENTERING_MANAGED_PKG|Centify
14:39:25.15 (124843036)|ENTERING_MANAGED_PKG|Centify
14:39:25.15 (124985302)|ENTERING_MANAGED_PKG|Centify
14:39:25.15 (125154338)|ENTERING_MANAGED_PKG|Centify
14:39:25.15 (125320477)|ENTERING_MANAGED_PKG|Centify
14:39:25.15 (125405767)|ENTERING_MANAGED_PKG|Centify
14:39:25.15 (125475755)|ENTERING_MANAGED_PKG|Centify
14:39:25.15 (125526413)|ENTERING_MANAGED_PKG|Centify
14:39:25.15 (125667385)|ENTERING_MANAGED_PKG|Centify
14:39:25.15 (125731594)|ENTERING_MANAGED_PKG|Centify
14:39:25.15 (127918320)|ENTERING_MANAGED_PKG|Centify
14:39:25.15 (127963490)|ENTERING_MANAGED_PKG|Centify
14:39:25.15 (128026327)|ENTERING_MANAGED_PKG|Centify
14:39:25.15 (128121324)|ENTERING_MANAGED_PKG|Centify
14:39:25.15 (128339534)|ENTERING_MANAGED_PKG|Centify
14:39:25.15 (128498698)|ENTERING_MANAGED_PKG|Centify
14:39:25.15 (168240389)|ENTERING_MANAGED_PKG|Centify
14:39:25.15 (168326845)|ENTERING_MANAGED_PKG|Centify
14:39:25.15 (189002996)|ENTERING_MANAGED_PKG|Centify
14:39:25.15 (189066549)|ENTERING_MANAGED_PKG|Centify
14:39:25.15 (189196975)|ENTERING_MANAGED_PKG|Centify
14:39:25.15 (189230370)|ENTERING_MANAGED_PKG|Centify
14:39:25.15 (197720212)|ENTERING_MANAGED_PKG|Centify
14:39:25.15 (197977883)|ENTERING_MANAGED_PKG|Centify
14:39:25.15 (198629054)|ENTERING_MANAGED_PKG|Centify
14:39:25.15 (199409970)|ENTERING_MANAGED_PKG|Centify
14:39:25.15 (199464896)|ENTERING_MANAGED_PKG|Centify
14:39:25.15 (199564754)|ENTERING_MANAGED_PKG|Centify
14:39:25.15 (199609504)|ENTERING_MANAGED_PKG|Centify
14:39:25.15 (199730070)|ENTERING_MANAGED_PKG|Centify
14:39:25.15 (199898299)|ENTERING_MANAGED_PKG|Centify
14:39:25.15 (200037567)|ENTERING_MANAGED_PKG|Centify
14:39:25.15 (200174530)|ENTERING_MANAGED_PKG|Centify
14:39:25.15 (200317491)|ENTERING_MANAGED_PKG|Centify
14:39:25.15 (200454474)|ENTERING_MANAGED_PKG|Centify
14:39:25.15 (200590869)|ENTERING_MANAGED_PKG|Centify
14:39:25.15 (200728632)|ENTERING_MANAGED_PKG|Centify
14:39:25.15 (200862690)|ENTERING_MANAGED_PKG|Centify
14:39:25.15 (200996850)|ENTERING_MANAGED_PKG|Centify
14:39:25.15 (201132621)|ENTERING_MANAGED_PKG|Centify
14:39:25.15 (201274080)|ENTERING_MANAGED_PKG|Centify
14:39:25.15 (201412824)|ENTERING_MANAGED_PKG|Centify
14:39:25.15 (201547938)|ENTERING_MANAGED_PKG|Centify
14:39:25.15 (201686554)|ENTERING_MANAGED_PKG|Centify
14:39:25.15 (201823861)|ENTERING_MANAGED_PKG|Centify
14:39:25.15 (201960488)|ENTERING_MANAGED_PKG|Centify
14:39:25.15 (202113116)|ENTERING_MANAGED_PKG|Centify
14:39:25.15 (202334726)|ENTERING_MANAGED_PKG|Centify
14:39:25.15 (202532922)|ENTERING_MANAGED_PKG|Centify
14:39:25.15 (202705935)|ENTERING_MANAGED_PKG|Centify
14:39:25.15 (202870735)|ENTERING_MANAGED_PKG|Centify
14:39:25.15 (203033233)|ENTERING_MANAGED_PKG|Centify
14:39:25.15 (203172119)|ENTERING_MANAGED_PKG|Centify
14:39:25.15 (203315682)|ENTERING_MANAGED_PKG|Centify
14:39:25.15 (203454772)|ENTERING_MANAGED_PKG|Centify
14:39:25.15 (203616219)|ENTERING_MANAGED_PKG|Centify
14:39:25.15 (203775306)|ENTERING_MANAGED_PKG|Centify
14:39:25.15 (203935411)|ENTERING_MANAGED_PKG|Centify
14:39:25.15 (204096464)|ENTERING_MANAGED_PKG|Centify
14:39:25.15 (204256375)|ENTERING_MANAGED_PKG|Centify
14:39:25.15 (204420410)|ENTERING_MANAGED_PKG|Centify
14:39:25.15 (204580825)|ENTERING_MANAGED_PKG|Centify
14:39:25.15 (204741963)|ENTERING_MANAGED_PKG|Centify
14:39:25.15 (204903165)|ENTERING_MANAGED_PKG|Centify
14:39:25.15 (205051562)|ENTERING_MANAGED_PKG|Centify
14:39:25.15 (205189694)|ENTERING_MANAGED_PKG|Centify
14:39:25.15 (205343528)|ENTERING_MANAGED_PKG|Centify
14:39:25.15 (205486670)|ENTERING_MANAGED_PKG|Centify
14:39:25.15 (205627749)|ENTERING_MANAGED_PKG|Centify
14:39:25.15 (205769446)|ENTERING_MANAGED_PKG|Centify
14:39:25.15 (205912048)|ENTERING_MANAGED_PKG|Centify
14:39:25.15 (206052224)|ENTERING_MANAGED_PKG|Centify
14:39:25.15 (206193519)|ENTERING_MANAGED_PKG|Centify
14:39:25.15 (206337497)|ENTERING_MANAGED_PKG|Centify
14:39:25.15 (206477049)|ENTERING_MANAGED_PKG|Centify
14:39:25.15 (206616679)|ENTERING_MANAGED_PKG|Centify
14:39:25.15 (206757159)|ENTERING_MANAGED_PKG|Centify
14:39:25.15 (206898551)|ENTERING_MANAGED_PKG|Centify
14:39:25.15 (207037799)|ENTERING_MANAGED_PKG|Centify
14:39:25.15 (207192416)|ENTERING_MANAGED_PKG|Centify
14:39:25.15 (207339576)|ENTERING_MANAGED_PKG|Centify
14:39:25.15 (207479182)|ENTERING_MANAGED_PKG|Centify
14:39:25.15 (207621353)|ENTERING_MANAGED_PKG|Centify
14:39:25.15 (207827538)|ENTERING_MANAGED_PKG|Centify
14:39:25.15 (207875086)|ENTERING_MANAGED_PKG|Centify
14:39:25.15 (207996205)|ENTERING_MANAGED_PKG|Centify
14:39:25.15 (208055010)|ENTERING_MANAGED_PKG|Centify
14:39:25.15 (208129240)|ENTERING_MANAGED_PKG|Centify
14:39:25.15 (208176507)|ENTERING_MANAGED_PKG|Centify
14:39:25.15 (208206537)|ENTERING_MANAGED_PKG|Centify
14:39:25.15 (208550510)|ENTERING_MANAGED_PKG|Centify
14:39:25.15 (208584067)|ENTERING_MANAGED_PKG|Centify
14:39:25.15 (208606855)|ENTERING_MANAGED_PKG|Centify
14:39:25.15 (208728674)|ENTERING_MANAGED_PKG|Centify
14:39:25.15 (208882336)|ENTERING_MANAGED_PKG|Centify
14:39:25.15 (208907796)|ENTERING_MANAGED_PKG|Centify
14:39:25.15 (208934950)|ENTERING_MANAGED_PKG|Centify
14:39:25.15 (208948630)|ENTERING_MANAGED_PKG|Centify
14:39:25.15 (209366213)|ENTERING_MANAGED_PKG|Centify
14:39:25.15 (209394812)|ENTERING_MANAGED_PKG|Centify
14:39:25.15 (209407884)|ENTERING_MANAGED_PKG|Centify
14:39:25.15 (209499005)|ENTERING_MANAGED_PKG|Centify
14:39:25.15 (209649496)|ENTERING_MANAGED_PKG|Centify
14:39:25.15 (209674755)|ENTERING_MANAGED_PKG|Centify
14:39:25.15 (209700913)|ENTERING_MANAGED_PKG|Centify
14:39:25.15 (209714467)|ENTERING_MANAGED_PKG|Centify
14:39:25.15 (210252857)|ENTERING_MANAGED_PKG|Centify
14:39:25.15 (210285941)|ENTERING_MANAGED_PKG|Centify
14:39:25.15 (210299721)|ENTERING_MANAGED_PKG|Centify
14:39:25.15 (210392425)|ENTERING_MANAGED_PKG|Centify
14:39:25.15 (210542078)|ENTERING_MANAGED_PKG|Centify
14:39:25.15 (210567585)|ENTERING_MANAGED_PKG|Centify
14:39:25.15 (210593981)|ENTERING_MANAGED_PKG|Centify
14:39:25.15 (210607682)|ENTERING_MANAGED_PKG|Centify
14:39:25.15 (211275926)|ENTERING_MANAGED_PKG|Centify
14:39:25.15 (211303988)|ENTERING_MANAGED_PKG|Centify
14:39:25.15 (211317115)|ENTERING_MANAGED_PKG|Centify
14:39:25.15 (211407491)|ENTERING_MANAGED_PKG|Centify
14:39:25.15 (211558024)|ENTERING_MANAGED_PKG|Centify
14:39:25.15 (211582848)|ENTERING_MANAGED_PKG|Centify
14:39:25.15 (211609954)|ENTERING_MANAGED_PKG|Centify
14:39:25.15 (211623376)|ENTERING_MANAGED_PKG|Centify
14:39:25.15 (212477748)|ENTERING_MANAGED_PKG|Centify
14:39:25.15 (212506396)|ENTERING_MANAGED_PKG|Centify
14:39:25.15 (212520090)|ENTERING_MANAGED_PKG|Centify
14:39:25.15 (212654057)|ENTERING_MANAGED_PKG|Centify
14:39:25.15 (212805933)|ENTERING_MANAGED_PKG|Centify
14:39:25.15 (212949809)|ENTERING_MANAGED_PKG|Centify
14:39:25.15 (213109600)|ENTERING_MANAGED_PKG|Centify
14:39:25.15 (213269086)|ENTERING_MANAGED_PKG|Centify
14:39:25.15 (213296923)|ENTERING_MANAGED_PKG|Centify
14:39:25.15 (213323848)|ENTERING_MANAGED_PKG|Centify
14:39:25.15 (213338681)|ENTERING_MANAGED_PKG|Centify
14:39:25.15 (214291016)|ENTERING_MANAGED_PKG|Centify
14:39:25.15 (214320789)|ENTERING_MANAGED_PKG|Centify
14:39:25.15 (214334629)|ENTERING_MANAGED_PKG|Centify
14:39:25.15 (214426016)|ENTERING_MANAGED_PKG|Centify
14:39:25.15 (214575511)|ENTERING_MANAGED_PKG|Centify
14:39:25.15 (214600991)|ENTERING_MANAGED_PKG|Centify
14:39:25.15 (214626822)|ENTERING_MANAGED_PKG|Centify
14:39:25.15 (214640677)|ENTERING_MANAGED_PKG|Centify
14:39:25.15 (215748605)|ENTERING_MANAGED_PKG|Centify
14:39:25.15 (215777750)|ENTERING_MANAGED_PKG|Centify
14:39:25.15 (215791351)|ENTERING_MANAGED_PKG|Centify
14:39:25.15 (215883751)|ENTERING_MANAGED_PKG|Centify
14:39:25.15 (216034111)|ENTERING_MANAGED_PKG|Centify
14:39:25.15 (216060577)|ENTERING_MANAGED_PKG|Centify
14:39:25.15 (216087316)|ENTERING_MANAGED_PKG|Centify
14:39:25.15 (216100734)|ENTERING_MANAGED_PKG|Centify
14:39:25.15 (217237451)|ENTERING_MANAGED_PKG|Centify
14:39:25.15 (217274363)|ENTERING_MANAGED_PKG|Centify
14:39:25.15 (217288238)|ENTERING_MANAGED_PKG|Centify
14:39:25.15 (217381407)|ENTERING_MANAGED_PKG|Centify
14:39:25.15 (217530802)|ENTERING_MANAGED_PKG|Centify
14:39:25.15 (217556978)|ENTERING_MANAGED_PKG|Centify
14:39:25.15 (217583137)|ENTERING_MANAGED_PKG|Centify
14:39:25.15 (217597179)|ENTERING_MANAGED_PKG|Centify
14:39:25.15 (218854891)|ENTERING_MANAGED_PKG|Centify
14:39:25.15 (218882152)|ENTERING_MANAGED_PKG|Centify
14:39:25.15 (218895655)|ENTERING_MANAGED_PKG|Centify
14:39:25.15 (218985575)|ENTERING_MANAGED_PKG|Centify
14:39:25.15 (219134318)|ENTERING_MANAGED_PKG|Centify
14:39:25.15 (219160332)|ENTERING_MANAGED_PKG|Centify
14:39:25.15 (219186274)|ENTERING_MANAGED_PKG|Centify
14:39:25.15 (219199859)|ENTERING_MANAGED_PKG|Centify
14:39:25.15 (220594346)|ENTERING_MANAGED_PKG|Centify
14:39:25.15 (220621846)|ENTERING_MANAGED_PKG|Centify
14:39:25.15 (220635365)|ENTERING_MANAGED_PKG|Centify
14:39:25.15 (220726553)|ENTERING_MANAGED_PKG|Centify
14:39:25.15 (220874753)|ENTERING_MANAGED_PKG|Centify
14:39:25.15 (220900330)|ENTERING_MANAGED_PKG|Centify
14:39:25.15 (220926541)|ENTERING_MANAGED_PKG|Centify
14:39:25.15 (220940010)|ENTERING_MANAGED_PKG|Centify
14:39:25.15 (222508203)|ENTERING_MANAGED_PKG|Centify
14:39:25.15 (222537318)|ENTERING_MANAGED_PKG|Centify
14:39:25.15 (222551415)|ENTERING_MANAGED_PKG|Centify
14:39:25.15 (222669996)|ENTERING_MANAGED_PKG|Centify
14:39:25.15 (222840708)|ENTERING_MANAGED_PKG|Centify
14:39:25.15 (222868086)|ENTERING_MANAGED_PKG|Centify
14:39:25.15 (222895808)|ENTERING_MANAGED_PKG|Centify
14:39:25.15 (222910246)|ENTERING_MANAGED_PKG|Centify
14:39:25.15 (224604050)|ENTERING_MANAGED_PKG|Centify
14:39:25.15 (224635609)|ENTERING_MANAGED_PKG|Centify
14:39:25.15 (224649635)|ENTERING_MANAGED_PKG|Centify
14:39:25.15 (224746021)|ENTERING_MANAGED_PKG|Centify
14:39:25.15 (224896884)|ENTERING_MANAGED_PKG|Centify
14:39:25.15 (224922196)|ENTERING_MANAGED_PKG|Centify
14:39:25.15 (224948782)|ENTERING_MANAGED_PKG|Centify
14:39:25.15 (224962282)|ENTERING_MANAGED_PKG|Centify
14:39:25.15 (226804525)|ENTERING_MANAGED_PKG|Centify
14:39:25.15 (226834141)|ENTERING_MANAGED_PKG|Centify
14:39:25.15 (226848188)|ENTERING_MANAGED_PKG|Centify
14:39:25.15 (226940503)|ENTERING_MANAGED_PKG|Centify
14:39:25.15 (227091832)|ENTERING_MANAGED_PKG|Centify
14:39:25.15 (227118151)|ENTERING_MANAGED_PKG|Centify
14:39:25.15 (227145044)|ENTERING_MANAGED_PKG|Centify
14:39:25.15 (227159581)|ENTERING_MANAGED_PKG|Centify
14:39:25.15 (229120862)|ENTERING_MANAGED_PKG|Centify
14:39:25.15 (229151697)|ENTERING_MANAGED_PKG|Centify
14:39:25.15 (229165288)|ENTERING_MANAGED_PKG|Centify
14:39:25.15 (229256917)|ENTERING_MANAGED_PKG|Centify
14:39:25.15 (229416764)|ENTERING_MANAGED_PKG|Centify
14:39:25.15 (229443153)|ENTERING_MANAGED_PKG|Centify
14:39:25.15 (229470247)|ENTERING_MANAGED_PKG|Centify
14:39:25.15 (229483734)|ENTERING_MANAGED_PKG|Centify
14:39:25.15 (231530321)|ENTERING_MANAGED_PKG|Centify
14:39:25.15 (231558311)|ENTERING_MANAGED_PKG|Centify
14:39:25.15 (231571953)|ENTERING_MANAGED_PKG|Centify
14:39:25.15 (231657687)|ENTERING_MANAGED_PKG|Centify
14:39:25.15 (231705302)|ENTERING_MANAGED_PKG|Centify
14:39:25.15 (231744834)|ENTERING_MANAGED_PKG|Centify
14:39:25.15 (231773701)|ENTERING_MANAGED_PKG|Centify
14:39:25.15 (232030731)|ENTERING_MANAGED_PKG|Centify
14:39:25.15 (232064384)|ENTERING_MANAGED_PKG|Centify
14:39:25.15 (234491799)|ENTERING_MANAGED_PKG|Centify
14:39:25.15 (234526712)|ENTERING_MANAGED_PKG|Centify
14:39:25.15 (234554853)|ENTERING_MANAGED_PKG|Centify
14:39:25.15 (234610554)|ENTERING_MANAGED_PKG|Centify
14:39:25.15 (234749826)|ENTERING_MANAGED_PKG|Centify
14:39:25.15 (234831631)|ENTERING_MANAGED_PKG|Centify
14:39:25.15 (254694373)|ENTERING_MANAGED_PKG|Centify
14:39:25.15 (254740353)|ENTERING_MANAGED_PKG|Centify
14:39:25.15 (254820650)|ENTERING_MANAGED_PKG|Centify
14:39:25.15 (254847808)|ENTERING_MANAGED_PKG|Centify
14:39:25.15 (261594684)|ENTERING_MANAGED_PKG|Centify
14:39:25.15 (261843043)|ENTERING_MANAGED_PKG|Centify
14:39:25.15 (262572686)|ENTERING_MANAGED_PKG|Centify
14:39:25.15 (263227429)|ENTERING_MANAGED_PKG|Centify
14:39:25.15 (263276243)|ENTERING_MANAGED_PKG|Centify
14:39:25.15 (263399829)|ENTERING_MANAGED_PKG|Centify
14:39:25.15 (263443067)|ENTERING_MANAGED_PKG|Centify
14:39:25.15 (263552223)|ENTERING_MANAGED_PKG|Centify
14:39:25.15 (263709544)|ENTERING_MANAGED_PKG|Centify
14:39:25.15 (263843446)|ENTERING_MANAGED_PKG|Centify
14:39:25.15 (263955356)|ENTERING_MANAGED_PKG|Centify
14:39:25.15 (264064939)|ENTERING_MANAGED_PKG|Centify
14:39:25.15 (264173888)|ENTERING_MANAGED_PKG|Centify
14:39:25.15 (264284494)|ENTERING_MANAGED_PKG|Centify
14:39:25.15 (264393266)|ENTERING_MANAGED_PKG|Centify
14:39:25.15 (264500628)|ENTERING_MANAGED_PKG|Centify
14:39:25.15 (264608405)|ENTERING_MANAGED_PKG|Centify
14:39:25.15 (264714685)|ENTERING_MANAGED_PKG|Centify
14:39:25.15 (264884806)|ENTERING_MANAGED_PKG|Centify
14:39:25.15 (265000757)|ENTERING_MANAGED_PKG|Centify
14:39:25.15 (265111824)|ENTERING_MANAGED_PKG|Centify
14:39:25.15 (265210961)|ENTERING_MANAGED_PKG|Centify
14:39:25.15 (265328512)|ENTERING_MANAGED_PKG|Centify
14:39:25.15 (265444807)|ENTERING_MANAGED_PKG|Centify
14:39:25.15 (265554100)|ENTERING_MANAGED_PKG|Centify
14:39:25.15 (265661023)|ENTERING_MANAGED_PKG|Centify
14:39:25.15 (265768261)|ENTERING_MANAGED_PKG|Centify
14:39:25.15 (265876195)|ENTERING_MANAGED_PKG|Centify
14:39:25.15 (265982548)|ENTERING_MANAGED_PKG|Centify
14:39:25.15 (266090745)|ENTERING_MANAGED_PKG|Centify
14:39:25.15 (266199867)|ENTERING_MANAGED_PKG|Centify
14:39:25.15 (266313295)|ENTERING_MANAGED_PKG|Centify
14:39:25.15 (266421878)|ENTERING_MANAGED_PKG|Centify
14:39:25.15 (266531704)|ENTERING_MANAGED_PKG|Centify
14:39:25.15 (266639839)|ENTERING_MANAGED_PKG|Centify
14:39:25.15 (266750232)|ENTERING_MANAGED_PKG|Centify
14:39:25.15 (266856434)|ENTERING_MANAGED_PKG|Centify
14:39:25.15 (266894073)|ENTERING_MANAGED_PKG|Centify
14:39:25.15 (266928162)|ENTERING_MANAGED_PKG|Centify
14:39:25.15 (266952436)|ENTERING_MANAGED_PKG|Centify
14:39:25.15 (267000414)|ENTERING_MANAGED_PKG|Centify
14:39:25.15 (267042258)|ENTERING_MANAGED_PKG|Centify
14:39:25.15 (268579892)|ENTERING_MANAGED_PKG|Centify
14:39:25.15 (268609376)|ENTERING_MANAGED_PKG|Centify
14:39:25.15 (268633362)|ENTERING_MANAGED_PKG|Centify
14:39:25.15 (268681117)|ENTERING_MANAGED_PKG|Centify
14:39:25.15 (268789852)|ENTERING_MANAGED_PKG|Centify
14:39:25.15 (268857100)|ENTERING_MANAGED_PKG|Centify
14:39:25.15 (284700175)|ENTERING_MANAGED_PKG|Centify
14:39:25.15 (284750336)|ENTERING_MANAGED_PKG|Centify
14:39:25.15 (298513437)|ENTERING_MANAGED_PKG|Centify
14:39:25.15 (298609478)|ENTERING_MANAGED_PKG|Centify
14:39:25.15 (308490989)|ENTERING_MANAGED_PKG|Centify
14:39:25.15 (308530949)|ENTERING_MANAGED_PKG|Centify
14:39:25.15 (319680485)|ENTERING_MANAGED_PKG|Centify
14:39:25.15 (319817572)|ENTERING_MANAGED_PKG|Centify
14:39:25.15 (319911978)|ENTERING_MANAGED_PKG|Centify
14:39:25.15 (320003618)|ENTERING_MANAGED_PKG|Centify
14:39:25.15 (320109491)|ENTERING_MANAGED_PKG|Centify
14:39:25.15 (320188385)|ENTERING_MANAGED_PKG|Centify
14:39:25.15 (320263786)|ENTERING_MANAGED_PKG|Centify
14:39:25.15 (320345758)|ENTERING_MANAGED_PKG|Centify
14:39:25.15 (320503711)|ENTERING_MANAGED_PKG|Centify
14:39:25.15 (320637984)|ENTERING_MANAGED_PKG|Centify
14:39:25.15 (320774305)|ENTERING_MANAGED_PKG|Centify
14:39:25.15 (320808673)|ENTERING_MANAGED_PKG|Centify
14:39:25.15 (320884357)|ENTERING_MANAGED_PKG|Centify
14:39:25.15 (320908825)|ENTERING_MANAGED_PKG|Centify
14:39:25.15 (327496177)|ENTERING_MANAGED_PKG|Centify
14:39:25.15 (327691156)|ENTERING_MANAGED_PKG|Centify
14:39:25.15 (328388162)|ENTERING_MANAGED_PKG|Centify
14:39:25.15 (329002842)|ENTERING_MANAGED_PKG|Centify
14:39:25.15 (329049703)|ENTERING_MANAGED_PKG|Centify
14:39:25.15 (329139003)|ENTERING_MANAGED_PKG|Centify
14:39:25.15 (329177359)|ENTERING_MANAGED_PKG|Centify
14:39:25.15 (329285772)|ENTERING_MANAGED_PKG|Centify
14:39:25.15 (329423584)|ENTERING_MANAGED_PKG|Centify
14:39:25.15 (329595679)|ENTERING_MANAGED_PKG|Centify
14:39:25.15 (329732652)|ENTERING_MANAGED_PKG|Centify
14:39:25.15 (329846626)|ENTERING_MANAGED_PKG|Centify
14:39:25.15 (329957218)|ENTERING_MANAGED_PKG|Centify
14:39:25.15 (330064500)|ENTERING_MANAGED_PKG|Centify
14:39:25.15 (330173522)|ENTERING_MANAGED_PKG|Centify
14:39:25.15 (330287723)|ENTERING_MANAGED_PKG|Centify
14:39:25.15 (330397663)|ENTERING_MANAGED_PKG|Centify
14:39:25.15 (330505886)|ENTERING_MANAGED_PKG|Centify
14:39:25.15 (330613309)|ENTERING_MANAGED_PKG|Centify
14:39:25.15 (330720459)|ENTERING_MANAGED_PKG|Centify
14:39:25.15 (330826765)|ENTERING_MANAGED_PKG|Centify
14:39:25.15 (330935466)|ENTERING_MANAGED_PKG|Centify
14:39:25.15 (331039402)|ENTERING_MANAGED_PKG|Centify
14:39:25.15 (331150801)|ENTERING_MANAGED_PKG|Centify
14:39:25.15 (331266146)|ENTERING_MANAGED_PKG|Centify
14:39:25.15 (331381513)|ENTERING_MANAGED_PKG|Centify
14:39:25.15 (331490799)|ENTERING_MANAGED_PKG|Centify
14:39:25.15 (331598330)|ENTERING_MANAGED_PKG|Centify
14:39:25.15 (331705185)|ENTERING_MANAGED_PKG|Centify
14:39:25.15 (331810519)|ENTERING_MANAGED_PKG|Centify
14:39:25.15 (331917337)|ENTERING_MANAGED_PKG|Centify
14:39:25.15 (332025600)|ENTERING_MANAGED_PKG|Centify
14:39:25.15 (332132270)|ENTERING_MANAGED_PKG|Centify
14:39:25.15 (332240419)|ENTERING_MANAGED_PKG|Centify
14:39:25.15 (332351965)|ENTERING_MANAGED_PKG|Centify
14:39:25.15 (332458912)|ENTERING_MANAGED_PKG|Centify
14:39:25.15 (332565026)|ENTERING_MANAGED_PKG|Centify
14:39:25.15 (332674354)|ENTERING_MANAGED_PKG|Centify
14:39:25.15 (332785172)|ENTERING_MANAGED_PKG|Centify
14:39:25.15 (332822131)|ENTERING_MANAGED_PKG|Centify
14:39:25.15 (332855338)|ENTERING_MANAGED_PKG|Centify
14:39:25.15 (332878936)|ENTERING_MANAGED_PKG|Centify
14:39:25.15 (332925375)|ENTERING_MANAGED_PKG|Centify
14:39:25.15 (332961930)|ENTERING_MANAGED_PKG|Centify
14:39:25.15 (334541313)|ENTERING_MANAGED_PKG|Centify
14:39:25.15 (334571975)|ENTERING_MANAGED_PKG|Centify
14:39:25.15 (334593908)|ENTERING_MANAGED_PKG|Centify
14:39:25.15 (334639091)|ENTERING_MANAGED_PKG|Centify
14:39:25.15 (334742713)|ENTERING_MANAGED_PKG|Centify
14:39:25.15 (334803872)|ENTERING_MANAGED_PKG|Centify
14:39:25.15 (347907725)|ENTERING_MANAGED_PKG|Centify
14:39:25.15 (347944794)|ENTERING_MANAGED_PKG|Centify
14:39:25.15 (356491745)|ENTERING_MANAGED_PKG|Centify
14:39:25.15 (356559628)|ENTERING_MANAGED_PKG|Centify
14:39:25.15 (365326312)|ENTERING_MANAGED_PKG|Centify
14:39:25.15 (365361101)|ENTERING_MANAGED_PKG|Centify
14:39:25.15 (374191342)|ENTERING_MANAGED_PKG|Centify
14:39:25.15 (374302962)|ENTERING_MANAGED_PKG|Centify
14:39:25.15 (374383685)|ENTERING_MANAGED_PKG|Centify
14:39:25.15 (374462795)|ENTERING_MANAGED_PKG|Centify
14:39:25.15 (374563666)|ENTERING_MANAGED_PKG|Centify
14:39:25.15 (374639626)|ENTERING_MANAGED_PKG|Centify
14:39:25.15 (374714727)|ENTERING_MANAGED_PKG|Centify
14:39:25.15 (374789250)|ENTERING_MANAGED_PKG|Centify
14:39:25.15 (374916823)|ENTERING_MANAGED_PKG|Centify
14:39:25.15 (375027105)|ENTERING_MANAGED_PKG|Centify
14:39:25.15 (375150913)|ENTERING_MANAGED_PKG|Centify
14:39:25.15 (375183206)|ENTERING_MANAGED_PKG|Centify
14:39:25.15 (375254819)|ENTERING_MANAGED_PKG|Centify
14:39:25.15 (375278264)|ENTERING_MANAGED_PKG|Centify
14:39:25.15 (381857099)|ENTERING_MANAGED_PKG|Centify
14:39:25.15 (382052523)|ENTERING_MANAGED_PKG|Centify
14:39:25.15 (382444297)|ENTERING_MANAGED_PKG|Centify
14:39:25.15 (383084694)|ENTERING_MANAGED_PKG|Centify
14:39:25.15 (383128425)|ENTERING_MANAGED_PKG|Centify
14:39:25.15 (383213968)|ENTERING_MANAGED_PKG|Centify
14:39:25.15 (383251652)|ENTERING_MANAGED_PKG|Centify
14:39:25.15 (383356820)|ENTERING_MANAGED_PKG|Centify
14:39:25.15 (383486636)|ENTERING_MANAGED_PKG|Centify
14:39:25.15 (383599112)|ENTERING_MANAGED_PKG|Centify
14:39:25.15 (383708170)|ENTERING_MANAGED_PKG|Centify
14:39:25.15 (383814711)|ENTERING_MANAGED_PKG|Centify
14:39:25.15 (383921820)|ENTERING_MANAGED_PKG|Centify
14:39:25.15 (384029263)|ENTERING_MANAGED_PKG|Centify
14:39:25.15 (384138655)|ENTERING_MANAGED_PKG|Centify
14:39:25.15 (384277489)|ENTERING_MANAGED_PKG|Centify
14:39:25.15 (384394290)|ENTERING_MANAGED_PKG|Centify
14:39:25.15 (384501788)|ENTERING_MANAGED_PKG|Centify
14:39:25.15 (384630440)|ENTERING_MANAGED_PKG|Centify
14:39:25.15 (384755629)|ENTERING_MANAGED_PKG|Centify
14:39:25.15 (384879621)|ENTERING_MANAGED_PKG|Centify
14:39:25.15 (385004991)|ENTERING_MANAGED_PKG|Centify
14:39:25.15 (385130799)|ENTERING_MANAGED_PKG|Centify
14:39:25.15 (385254787)|ENTERING_MANAGED_PKG|Centify
14:39:25.15 (385368058)|ENTERING_MANAGED_PKG|Centify
14:39:25.15 (385474924)|ENTERING_MANAGED_PKG|Centify
14:39:25.15 (385581632)|ENTERING_MANAGED_PKG|Centify
14:39:25.15 (385687059)|ENTERING_MANAGED_PKG|Centify
14:39:25.15 (385791864)|ENTERING_MANAGED_PKG|Centify
14:39:25.15 (385898584)|ENTERING_MANAGED_PKG|Centify
14:39:25.15 (386003982)|ENTERING_MANAGED_PKG|Centify
14:39:25.15 (386112088)|ENTERING_MANAGED_PKG|Centify
14:39:25.15 (386217855)|ENTERING_MANAGED_PKG|Centify
14:39:25.15 (386329424)|ENTERING_MANAGED_PKG|Centify
14:39:25.15 (386434411)|ENTERING_MANAGED_PKG|Centify
14:39:25.15 (386541075)|ENTERING_MANAGED_PKG|Centify
14:39:25.15 (386647087)|ENTERING_MANAGED_PKG|Centify
14:39:25.15 (386743759)|ENTERING_MANAGED_PKG|Centify
14:39:25.15 (386851893)|ENTERING_MANAGED_PKG|Centify
14:39:25.15 (386962693)|ENTERING_MANAGED_PKG|Centify
14:39:25.15 (387070498)|ENTERING_MANAGED_PKG|Centify
14:39:25.15 (387178486)|ENTERING_MANAGED_PKG|Centify
14:39:25.15 (387288293)|ENTERING_MANAGED_PKG|Centify
14:39:25.15 (387395250)|ENTERING_MANAGED_PKG|Centify
14:39:25.15 (387503883)|ENTERING_MANAGED_PKG|Centify
14:39:25.15 (387611791)|ENTERING_MANAGED_PKG|Centify
14:39:25.15 (387719634)|ENTERING_MANAGED_PKG|Centify
14:39:25.15 (387826938)|ENTERING_MANAGED_PKG|Centify
14:39:25.15 (387933252)|ENTERING_MANAGED_PKG|Centify
14:39:25.15 (388051239)|ENTERING_MANAGED_PKG|Centify
14:39:25.15 (388117508)|ENTERING_MANAGED_PKG|Centify
14:39:25.15 (388155813)|ENTERING_MANAGED_PKG|Centify
14:39:25.15 (388178351)|ENTERING_MANAGED_PKG|Centify
14:39:25.15 (388203096)|ENTERING_MANAGED_PKG|Centify
14:39:25.15 (388215055)|ENTERING_MANAGED_PKG|Centify
14:39:25.15 (388479668)|ENTERING_MANAGED_PKG|Centify
14:39:25.15 (388503993)|ENTERING_MANAGED_PKG|Centify
14:39:25.15 (388515203)|ENTERING_MANAGED_PKG|Centify
14:39:25.15 (388589247)|ENTERING_MANAGED_PKG|Centify
14:39:25.15 (388712965)|ENTERING_MANAGED_PKG|Centify
14:39:25.15 (388733657)|ENTERING_MANAGED_PKG|Centify
14:39:25.15 (388755913)|ENTERING_MANAGED_PKG|Centify
14:39:25.15 (388766642)|ENTERING_MANAGED_PKG|Centify
14:39:25.15 (389088950)|ENTERING_MANAGED_PKG|Centify
14:39:25.15 (389112270)|ENTERING_MANAGED_PKG|Centify
14:39:25.15 (389123728)|ENTERING_MANAGED_PKG|Centify
14:39:25.15 (389196924)|ENTERING_MANAGED_PKG|Centify
14:39:25.15 (389323836)|ENTERING_MANAGED_PKG|Centify
14:39:25.15 (389357585)|ENTERING_MANAGED_PKG|Centify
14:39:25.15 (389393096)|ENTERING_MANAGED_PKG|Centify
14:39:25.15 (389406766)|ENTERING_MANAGED_PKG|Centify
14:39:25.15 (389847206)|ENTERING_MANAGED_PKG|Centify
14:39:25.15 (389870514)|ENTERING_MANAGED_PKG|Centify
14:39:25.15 (389881905)|ENTERING_MANAGED_PKG|Centify
14:39:25.15 (389954224)|ENTERING_MANAGED_PKG|Centify
14:39:25.15 (390076368)|ENTERING_MANAGED_PKG|Centify
14:39:25.15 (390097982)|ENTERING_MANAGED_PKG|Centify
14:39:25.15 (390120512)|ENTERING_MANAGED_PKG|Centify
14:39:25.15 (390132084)|ENTERING_MANAGED_PKG|Centify
14:39:25.15 (390646170)|ENTERING_MANAGED_PKG|Centify
14:39:25.15 (390669119)|ENTERING_MANAGED_PKG|Centify
14:39:25.15 (390680642)|ENTERING_MANAGED_PKG|Centify
14:39:25.15 (390752893)|ENTERING_MANAGED_PKG|Centify
14:39:25.15 (390872804)|ENTERING_MANAGED_PKG|Centify
14:39:25.15 (390893867)|ENTERING_MANAGED_PKG|Centify
14:39:25.15 (390916671)|ENTERING_MANAGED_PKG|Centify
14:39:25.15 (390928338)|ENTERING_MANAGED_PKG|Centify
14:39:25.15 (391537718)|ENTERING_MANAGED_PKG|Centify
14:39:25.15 (391560765)|ENTERING_MANAGED_PKG|Centify
14:39:25.15 (391571858)|ENTERING_MANAGED_PKG|Centify
14:39:25.15 (391642828)|ENTERING_MANAGED_PKG|Centify
14:39:25.15 (391762418)|ENTERING_MANAGED_PKG|Centify
14:39:25.15 (391783286)|ENTERING_MANAGED_PKG|Centify
14:39:25.15 (391805321)|ENTERING_MANAGED_PKG|Centify
14:39:25.15 (391816697)|ENTERING_MANAGED_PKG|Centify
14:39:25.15 (392519867)|ENTERING_MANAGED_PKG|Centify
14:39:25.15 (392543366)|ENTERING_MANAGED_PKG|Centify
14:39:25.15 (392554617)|ENTERING_MANAGED_PKG|Centify
14:39:25.15 (392629013)|ENTERING_MANAGED_PKG|Centify
14:39:25.15 (392744337)|ENTERING_MANAGED_PKG|Centify
14:39:25.15 (392858228)|ENTERING_MANAGED_PKG|Centify
14:39:25.15 (392970636)|ENTERING_MANAGED_PKG|Centify
14:39:25.15 (393078791)|ENTERING_MANAGED_PKG|Centify
14:39:25.15 (393186870)|ENTERING_MANAGED_PKG|Centify
14:39:25.15 (393300500)|ENTERING_MANAGED_PKG|Centify
14:39:25.15 (393409417)|ENTERING_MANAGED_PKG|Centify
14:39:25.15 (393520210)|ENTERING_MANAGED_PKG|Centify
14:39:25.15 (393630528)|ENTERING_MANAGED_PKG|Centify
14:39:25.15 (393740247)|ENTERING_MANAGED_PKG|Centify
14:39:25.15 (393846892)|ENTERING_MANAGED_PKG|Centify
14:39:25.15 (393955913)|ENTERING_MANAGED_PKG|Centify
14:39:25.15 (394064900)|ENTERING_MANAGED_PKG|Centify
14:39:25.15 (394174184)|ENTERING_MANAGED_PKG|Centify
14:39:25.15 (394209944)|ENTERING_MANAGED_PKG|Centify
14:39:25.15 (394240766)|ENTERING_MANAGED_PKG|Centify
14:39:25.15 (394274676)|ENTERING_MANAGED_PKG|Centify
14:39:25.15 (394402539)|ENTERING_MANAGED_PKG|Centify
14:39:25.15 (394429193)|ENTERING_MANAGED_PKG|Centify
14:39:25.15 (396085117)|ENTERING_MANAGED_PKG|Centify
14:39:25.15 (396113722)|ENTERING_MANAGED_PKG|Centify
14:39:25.15 (396136208)|ENTERING_MANAGED_PKG|Centify
14:39:25.15 (396197585)|ENTERING_MANAGED_PKG|Centify
14:39:25.15 (396219533)|ENTERING_MANAGED_PKG|Centify
14:39:25.15 (396277385)|ENTERING_MANAGED_PKG|Centify
14:39:25.15 (396303091)|ENTERING_MANAGED_PKG|Centify
14:39:25.15 (402119811)|ENTERING_MANAGED_PKG|Centify
14:39:25.15 (402285005)|ENTERING_MANAGED_PKG|Centify
14:39:25.15 (402658900)|ENTERING_MANAGED_PKG|Centify
14:39:25.15 (403058148)|ENTERING_MANAGED_PKG|Centify
14:39:25.15 (403096688)|ENTERING_MANAGED_PKG|Centify
14:39:25.15 (403174960)|ENTERING_MANAGED_PKG|Centify
14:39:25.15 (403208759)|ENTERING_MANAGED_PKG|Centify
14:39:25.15 (403308829)|ENTERING_MANAGED_PKG|Centify
14:39:25.15 (403429828)|ENTERING_MANAGED_PKG|Centify
14:39:25.15 (403542217)|ENTERING_MANAGED_PKG|Centify
14:39:25.15 (403651857)|ENTERING_MANAGED_PKG|Centify
14:39:25.15 (403759781)|ENTERING_MANAGED_PKG|Centify
14:39:25.15 (403868321)|ENTERING_MANAGED_PKG|Centify
14:39:25.15 (403975334)|ENTERING_MANAGED_PKG|Centify
14:39:25.15 (404083768)|ENTERING_MANAGED_PKG|Centify
14:39:25.15 (404190578)|ENTERING_MANAGED_PKG|Centify
14:39:25.15 (404321313)|ENTERING_MANAGED_PKG|Centify
14:39:25.15 (404452738)|ENTERING_MANAGED_PKG|Centify
14:39:25.15 (404555451)|ENTERING_MANAGED_PKG|Centify
14:39:25.15 (404667349)|ENTERING_MANAGED_PKG|Centify
14:39:25.15 (404776629)|ENTERING_MANAGED_PKG|Centify
14:39:25.15 (404885273)|ENTERING_MANAGED_PKG|Centify
14:39:25.15 (404992937)|ENTERING_MANAGED_PKG|Centify
14:39:25.15 (405101741)|ENTERING_MANAGED_PKG|Centify
14:39:25.15 (405209844)|ENTERING_MANAGED_PKG|Centify
14:39:25.15 (405324224)|ENTERING_MANAGED_PKG|Centify
14:39:25.15 (405433908)|ENTERING_MANAGED_PKG|Centify
14:39:25.15 (405542282)|ENTERING_MANAGED_PKG|Centify
14:39:25.15 (405645127)|ENTERING_MANAGED_PKG|Centify
14:39:25.15 (405678707)|ENTERING_MANAGED_PKG|Centify
14:39:25.15 (405707096)|ENTERING_MANAGED_PKG|Centify
14:39:25.15 (405727856)|ENTERING_MANAGED_PKG|Centify
14:39:25.15 (405768996)|ENTERING_MANAGED_PKG|Centify
14:39:25.15 (405802628)|ENTERING_MANAGED_PKG|Centify
14:39:25.15 (406915433)|ENTERING_MANAGED_PKG|Centify
14:39:25.15 (406941528)|ENTERING_MANAGED_PKG|Centify
14:39:25.15 (406961929)|ENTERING_MANAGED_PKG|Centify
14:39:25.15 (407020155)|ENTERING_MANAGED_PKG|Centify
14:39:25.15 (407084616)|ENTERING_MANAGED_PKG|Centify
14:39:25.15 (407179867)|ENTERING_MANAGED_PKG|Centify
14:39:25.15 (407245294)|ENTERING_MANAGED_PKG|Centify
14:39:25.15 (407267624)|ENTERING_MANAGED_PKG|Centify
14:39:25.15 (412878108)|ENTERING_MANAGED_PKG|Centify
14:39:25.15 (413023566)|ENTERING_MANAGED_PKG|Centify
14:39:25.15 (413519741)|ENTERING_MANAGED_PKG|Centify
14:39:25.15 (414004419)|ENTERING_MANAGED_PKG|Centify
14:39:25.15 (414044343)|ENTERING_MANAGED_PKG|Centify
14:39:25.15 (414121103)|ENTERING_MANAGED_PKG|Centify
14:39:25.15 (414155555)|ENTERING_MANAGED_PKG|Centify
14:39:25.15 (414249247)|ENTERING_MANAGED_PKG|Centify
14:39:25.15 (414377252)|ENTERING_MANAGED_PKG|Centify
14:39:25.15 (414537057)|ENTERING_MANAGED_PKG|Centify
14:39:25.15 (414652096)|ENTERING_MANAGED_PKG|Centify
14:39:25.15 (414761973)|ENTERING_MANAGED_PKG|Centify
14:39:25.15 (414869283)|ENTERING_MANAGED_PKG|Centify
14:39:25.15 (414975141)|ENTERING_MANAGED_PKG|Centify
14:39:25.15 (415082352)|ENTERING_MANAGED_PKG|Centify
14:39:25.15 (415188960)|ENTERING_MANAGED_PKG|Centify
14:39:25.15 (415299501)|ENTERING_MANAGED_PKG|Centify
14:39:25.15 (415406914)|ENTERING_MANAGED_PKG|Centify
14:39:25.15 (415514286)|ENTERING_MANAGED_PKG|Centify
14:39:25.15 (415619474)|ENTERING_MANAGED_PKG|Centify
14:39:25.15 (415726409)|ENTERING_MANAGED_PKG|Centify
14:39:25.15 (415832864)|ENTERING_MANAGED_PKG|Centify
14:39:25.15 (415940088)|ENTERING_MANAGED_PKG|Centify
14:39:25.15 (416038381)|ENTERING_MANAGED_PKG|Centify
14:39:25.15 (416140766)|ENTERING_MANAGED_PKG|Centify
14:39:25.15 (416252779)|ENTERING_MANAGED_PKG|Centify
14:39:25.15 (416364730)|ENTERING_MANAGED_PKG|Centify
14:39:25.15 (416473183)|ENTERING_MANAGED_PKG|Centify
14:39:25.15 (416581207)|ENTERING_MANAGED_PKG|Centify
14:39:25.15 (416688606)|ENTERING_MANAGED_PKG|Centify
14:39:25.15 (416794596)|ENTERING_MANAGED_PKG|Centify
14:39:25.15 (416901909)|ENTERING_MANAGED_PKG|Centify
14:39:25.15 (417007632)|ENTERING_MANAGED_PKG|Centify
14:39:25.15 (417114094)|ENTERING_MANAGED_PKG|Centify
14:39:25.15 (417220897)|ENTERING_MANAGED_PKG|Centify
14:39:25.15 (417333393)|ENTERING_MANAGED_PKG|Centify
14:39:25.15 (417441602)|ENTERING_MANAGED_PKG|Centify
14:39:25.15 (417548645)|ENTERING_MANAGED_PKG|Centify
14:39:25.15 (417655786)|ENTERING_MANAGED_PKG|Centify
14:39:25.15 (417763895)|ENTERING_MANAGED_PKG|Centify
14:39:25.15 (417868678)|ENTERING_MANAGED_PKG|Centify
14:39:25.15 (417901212)|ENTERING_MANAGED_PKG|Centify
14:39:25.15 (417930014)|ENTERING_MANAGED_PKG|Centify
14:39:25.15 (417951340)|ENTERING_MANAGED_PKG|Centify
14:39:25.15 (417994327)|ENTERING_MANAGED_PKG|Centify
14:39:25.15 (418028271)|ENTERING_MANAGED_PKG|Centify
14:39:25.15 (419382584)|ENTERING_MANAGED_PKG|Centify
14:39:25.15 (419407708)|ENTERING_MANAGED_PKG|Centify
14:39:25.15 (419427852)|ENTERING_MANAGED_PKG|Centify
14:39:25.15 (419470158)|ENTERING_MANAGED_PKG|Centify
14:39:25.15 (419571992)|ENTERING_MANAGED_PKG|Centify
14:39:25.15 (419635446)|ENTERING_MANAGED_PKG|Centify
14:39:25.15 (434459049)|ENTERING_MANAGED_PKG|Centify
14:39:25.15 (434506522)|ENTERING_MANAGED_PKG|Centify
14:39:25.15 (446048278)|ENTERING_MANAGED_PKG|Centify
14:39:25.15 (446090079)|ENTERING_MANAGED_PKG|Centify
14:39:25.15 (446174464)|ENTERING_MANAGED_PKG|Centify
14:39:25.15 (446204411)|ENTERING_MANAGED_PKG|Centify
14:39:25.15 (454200901)|ENTERING_MANAGED_PKG|Centify
14:39:25.15 (454454424)|ENTERING_MANAGED_PKG|Centify
14:39:25.15 (454937367)|ENTERING_MANAGED_PKG|Centify
14:39:25.15 (455532552)|ENTERING_MANAGED_PKG|Centify
14:39:25.15 (455581037)|ENTERING_MANAGED_PKG|Centify
14:39:25.15 (455676304)|ENTERING_MANAGED_PKG|Centify
14:39:25.15 (455718560)|ENTERING_MANAGED_PKG|Centify
14:39:25.15 (455832513)|ENTERING_MANAGED_PKG|Centify
14:39:25.15 (455992514)|ENTERING_MANAGED_PKG|Centify
14:39:25.15 (456132670)|ENTERING_MANAGED_PKG|Centify
14:39:25.15 (456272837)|ENTERING_MANAGED_PKG|Centify
14:39:25.15 (456410968)|ENTERING_MANAGED_PKG|Centify
14:39:25.15 (456546862)|ENTERING_MANAGED_PKG|Centify
14:39:25.15 (456682892)|ENTERING_MANAGED_PKG|Centify
14:39:25.15 (456816911)|ENTERING_MANAGED_PKG|Centify
14:39:25.15 (456950187)|ENTERING_MANAGED_PKG|Centify
14:39:25.15 (457086264)|ENTERING_MANAGED_PKG|Centify
14:39:25.15 (457222220)|ENTERING_MANAGED_PKG|Centify
14:39:25.15 (457396765)|ENTERING_MANAGED_PKG|Centify
14:39:25.15 (457556361)|ENTERING_MANAGED_PKG|Centify
14:39:25.15 (457734222)|ENTERING_MANAGED_PKG|Centify
14:39:25.15 (457943416)|ENTERING_MANAGED_PKG|Centify
14:39:25.15 (458093119)|ENTERING_MANAGED_PKG|Centify
14:39:25.15 (458236484)|ENTERING_MANAGED_PKG|Centify
14:39:25.15 (458386805)|ENTERING_MANAGED_PKG|Centify
14:39:25.15 (458525873)|ENTERING_MANAGED_PKG|Centify
14:39:25.15 (458663742)|ENTERING_MANAGED_PKG|Centify
14:39:25.15 (458800301)|ENTERING_MANAGED_PKG|Centify
14:39:25.15 (458937697)|ENTERING_MANAGED_PKG|Centify
14:39:25.15 (459074215)|ENTERING_MANAGED_PKG|Centify
14:39:25.15 (459209169)|ENTERING_MANAGED_PKG|Centify
14:39:25.15 (459253233)|ENTERING_MANAGED_PKG|Centify
14:39:25.15 (459296548)|ENTERING_MANAGED_PKG|Centify
14:39:25.15 (459324285)|ENTERING_MANAGED_PKG|Centify
14:39:25.15 (459377542)|ENTERING_MANAGED_PKG|Centify
14:39:25.15 (459421786)|ENTERING_MANAGED_PKG|Centify
14:39:25.15 (460846143)|ENTERING_MANAGED_PKG|Centify
14:39:25.15 (460879433)|ENTERING_MANAGED_PKG|Centify
14:39:25.15 (460905114)|ENTERING_MANAGED_PKG|Centify
14:39:25.15 (460976032)|ENTERING_MANAGED_PKG|Centify
14:39:25.15 (461046246)|ENTERING_MANAGED_PKG|Centify
14:39:25.15 (461106618)|ENTERING_MANAGED_PKG|Centify
14:39:25.15 (461350775)|ENTERING_MANAGED_PKG|Centify
14:39:25.15 (461602196)|ENTERING_MANAGED_PKG|Centify
14:39:25.15 (461648358)|ENTERING_MANAGED_PKG|Centify
14:39:25.15 (461771356)|ENTERING_MANAGED_PKG|Centify
14:39:25.15 (513284859)|ENTERING_MANAGED_PKG|Centify
14:39:25.15 (513362567)|ENTERING_MANAGED_PKG|Centify
14:39:25.15 (513454737)|ENTERING_MANAGED_PKG|Centify
14:39:25.15 (552101348)|ENTERING_MANAGED_PKG|Centify
14:39:25.15 (552195542)|ENTERING_MANAGED_PKG|Centify
14:39:25.15 (552323162)|ENTERING_MANAGED_PKG|Centify
14:39:25.15 (588753657)|ENTERING_MANAGED_PKG|Centify
14:39:25.15 (588850186)|ENTERING_MANAGED_PKG|Centify
14:39:25.15 (588945190)|ENTERING_MANAGED_PKG|Centify
14:39:25.15 (618342292)|ENTERING_MANAGED_PKG|Centify
14:39:25.15 (618439782)|ENTERING_MANAGED_PKG|Centify
14:39:25.15 (618537685)|ENTERING_MANAGED_PKG|Centify
14:39:25.15 (654459090)|ENTERING_MANAGED_PKG|Centify
14:39:25.15 (654591644)|ENTERING_MANAGED_PKG|Centify
14:39:25.15 (654708338)|ENTERING_MANAGED_PKG|Centify
14:39:25.15 (685102711)|ENTERING_MANAGED_PKG|Centify
14:39:25.15 (685205770)|ENTERING_MANAGED_PKG|Centify
14:39:25.15 (685303044)|ENTERING_MANAGED_PKG|Centify
14:39:25.15 (710979326)|ENTERING_MANAGED_PKG|Centify
14:39:25.15 (711086050)|ENTERING_MANAGED_PKG|Centify
14:39:25.15 (711185896)|ENTERING_MANAGED_PKG|Centify
14:39:25.15 (743615855)|ENTERING_MANAGED_PKG|Centify
14:39:25.15 (743733175)|ENTERING_MANAGED_PKG|Centify
14:39:25.15 (743772080)|ENTERING_MANAGED_PKG|Centify
14:39:25.15 (743797592)|ENTERING_MANAGED_PKG|Centify
14:39:25.15 (743837886)|ENTERING_MANAGED_PKG|Centify
14:39:25.15 (743943869)|ENTERING_MANAGED_PKG|Centify
14:39:25.15 (744678919)|SOQL_EXECUTE_BEGIN|[28]|Aggregations:0|SELECT Id FROM ApexClass WHERE Name = :tmpVar1
14:39:25.15 (750601892)|SOQL_EXECUTE_END|[28]|Rows:1
14:39:25.15 (751081466)|SOQL_EXECUTE_BEGIN|[49]|Aggregations:0|SELECT COUNT() FROM AsyncApexJob WHERE (ApexClassId = :tmpVar1 AND Status IN ('Queued', 'Holding', 'Preparing', 'Processing'))
14:39:25.15 (753807220)|SOQL_EXECUTE_END|[49]|Rows:0
14:39:25.15 (753890980)|ENTERING_MANAGED_PKG|Centify
14:39:25.15 (756134474)|ENTERING_MANAGED_PKG|Centify
14:39:25.15 (756190985)|ENTERING_MANAGED_PKG|Centify
14:39:25.15 (756290289)|ENTERING_MANAGED_PKG|Centify
14:39:25.15 (777306475)|ENTERING_MANAGED_PKG|Centify
14:39:25.15 (780392523)|ENTERING_MANAGED_PKG|Centify
14:39:25.15 (780524318)|ENTERING_MANAGED_PKG|Centify
14:39:25.15 (780679345)|ENTERING_MANAGED_PKG|Centify
14:39:25.15 (782656136)|ENTERING_MANAGED_PKG|Centify
14:39:25.15 (782699291)|ENTERING_MANAGED_PKG|Centify
14:39:25.15 (782764282)|ENTERING_MANAGED_PKG|Centify
14:39:25.15 (783347219)|ENTERING_MANAGED_PKG|Centify
14:39:25.15 (785672475)|SOQL_EXECUTE_BEGIN|[16]|Aggregations:0|SELECT Id, CronExpression, CronJobDetail.Name FROM CronTrigger WHERE CronJobDetail.Name LIKE '%Spinify%'
14:39:25.15 (790365798)|SOQL_EXECUTE_END|[16]|Rows:10
14:39:25.15 (790768125)|ENTERING_MANAGED_PKG|Centify
14:39:25.15 (790877403)|ENTERING_MANAGED_PKG|Centify
14:39:25.15 (790931679)|ENTERING_MANAGED_PKG|Centify
14:39:25.15 (791295037)|ENTERING_MANAGED_PKG|Centify
14:39:25.15 (791431076)|ENTERING_MANAGED_PKG|Centify
14:39:25.15 (791511698)|ENTERING_MANAGED_PKG|Centify
14:39:25.15 (791605155)|ENTERING_MANAGED_PKG|Centify
14:39:25.15 (792533410)|ENTERING_MANAGED_PKG|Centify
14:39:25.849 (849241652)|CUMULATIVE_LIMIT_USAGE
14:39:25.849 (849241652)|LIMIT_USAGE_FOR_NS|(default)|
  Number of SOQL queries: 0 out of 100
  Number of query rows: 0 out of 50000
  Number of SOSL queries: 0 out of 20
  Number of DML statements: 0 out of 150
  Number of DML rows: 0 out of 10000
  Maximum CPU time: 394 out of 10000
  Maximum heap size: 0 out of 6000000
  Number of callouts: 0 out of 100
  Number of Email Invocations: 0 out of 10
  Number of future calls: 0 out of 50
  Number of queueable jobs added to the queue: 0 out of 50
  Number of Mobile Apex push calls: 0 out of 10

14:39:25.849 (849241652)|LIMIT_USAGE_FOR_NS|Centify|
  Number of SOQL queries: 5 out of 100
  Number of query rows: 14 out of 50000
  Number of SOSL queries: 0 out of 20
  Number of DML statements: 1 out of 150
  Number of DML rows: 1 out of 10000
  Maximum CPU time: 0 out of 10000
  Maximum heap size: 0 out of 6000000
  Number of callouts: 0 out of 100
  Number of Email Invocations: 0 out of 10
  Number of future calls: 0 out of 50
  Number of queueable jobs added to the queue: 0 out of 50
  Number of Mobile Apex push calls: 0 out of 10

14:39:25.849 (849241652)|CUMULATIVE_LIMIT_USAGE_END

