37.0 APEX_CODE,FINEST;APEX_PROFILING,INFO;CALLOUT,INFO;DB,INFO;NBA,INFO;SYSTEM,DEBUG;VALIDATION,INFO;VISUALFORCE,INFO;WAVE,INFO;WORKFLOW,INFO
14:42:08.11 (11636944)|ENTERING_MANAGED_PKG|Centify
14:42:08.11 (13243591)|ENTERING_MANAGED_PKG|Centify
14:42:08.11 (13280953)|ENTERING_MANAGED_PKG|Centify
14:42:08.11 (13600745)|ENTERING_MANAGED_PKG|Centify
14:42:08.11 (13649241)|ENTERING_MANAGED_PKG|Centify
14:42:08.11 (14742769)|ENTERING_MANAGED_PKG|Centify
14:42:08.11 (14821585)|ENTERING_MANAGED_PKG|Centify
14:42:08.11 (17210002)|ENTERING_MANAGED_PKG|Centify
14:42:08.11 (17852406)|ENTERING_MANAGED_PKG|Centify
14:42:08.11 (17988433)|ENTERING_MANAGED_PKG|Centify
14:42:08.11 (18039542)|ENTERING_MANAGED_PKG|Centify
14:42:08.11 (18815068)|ENTERING_MANAGED_PKG|Centify
14:42:08.11 (18885463)|ENTERING_MANAGED_PKG|Centify
14:42:08.11 (19027070)|ENTERING_MANAGED_PKG|Centify
14:42:08.11 (21075610)|ENTERING_MANAGED_PKG|Centify
14:42:08.11 (21109746)|ENTERING_MANAGED_PKG|Centify
14:42:08.11 (21188466)|ENTERING_MANAGED_PKG|Centify
14:42:08.11 (21871024)|ENTERING_MANAGED_PKG|Centify
14:42:08.11 (23029890)|ENTERING_MANAGED_PKG|Centify
14:42:08.11 (23070328)|ENTERING_MANAGED_PKG|Centify
14:42:08.11 (23130577)|ENTERING_MANAGED_PKG|Centify
14:42:08.11 (23643137)|ENTERING_MANAGED_PKG|Centify
14:42:08.11 (23669364)|ENTERING_MANAGED_PKG|Centify
14:42:08.11 (23719942)|ENTERING_MANAGED_PKG|Centify
14:42:08.11 (24275295)|ENTERING_MANAGED_PKG|Centify
14:42:08.11 (25856531)|ENTERING_MANAGED_PKG|Centify
14:42:08.11 (27570385)|ENTERING_MANAGED_PKG|Centify
14:42:08.11 (27684103)|ENTERING_MANAGED_PKG|Centify
14:42:08.11 (28339173)|ENTERING_MANAGED_PKG|Centify
14:42:08.11 (28372624)|ENTERING_MANAGED_PKG|Centify
14:42:08.11 (28416529)|ENTERING_MANAGED_PKG|Centify
14:42:08.11 (28470605)|ENTERING_MANAGED_PKG|Centify
14:42:08.11 (28601363)|ENTERING_MANAGED_PKG|Centify
14:42:08.11 (30154982)|SOQL_EXECUTE_BEGIN|[28]|Aggregations:0|SELECT Id FROM ApexClass WHERE Name = :tmpVar1
14:42:08.11 (36101322)|SOQL_EXECUTE_END|[28]|Rows:1
14:42:08.11 (36798564)|SOQL_EXECUTE_BEGIN|[49]|Aggregations:0|SELECT COUNT() FROM AsyncApexJob WHERE (ApexClassId = :tmpVar1 AND Status IN ('Queued', 'Holding', 'Preparing', 'Processing'))
14:42:08.11 (40318601)|SOQL_EXECUTE_END|[49]|Rows:3
14:42:08.11 (40444143)|ENTERING_MANAGED_PKG|Centify
14:42:08.11 (41366075)|ENTERING_MANAGED_PKG|Centify
14:42:08.11 (41431204)|ENTERING_MANAGED_PKG|Centify
14:42:08.11 (42035585)|ENTERING_MANAGED_PKG|Centify
14:42:08.11 (42723580)|ENTERING_MANAGED_PKG|Centify
14:42:08.11 (42794315)|ENTERING_MANAGED_PKG|Centify
14:42:08.11 (67557580)|ENTERING_MANAGED_PKG|Centify
14:42:08.11 (67652198)|ENTERING_MANAGED_PKG|Centify
14:42:08.11 (75537447)|ENTERING_MANAGED_PKG|Centify
14:42:08.11 (77426067)|ENTERING_MANAGED_PKG|Centify
14:42:08.11 (78600758)|ENTERING_MANAGED_PKG|Centify
14:42:08.11 (79998111)|ENTERING_MANAGED_PKG|Centify
14:42:08.11 (80086190)|ENTERING_MANAGED_PKG|Centify
14:42:08.11 (80122306)|ENTERING_MANAGED_PKG|Centify
14:42:08.11 (80233906)|ENTERING_MANAGED_PKG|Centify
14:42:08.11 (80285329)|ENTERING_MANAGED_PKG|Centify
14:42:08.11 (80470501)|ENTERING_MANAGED_PKG|Centify
14:42:08.11 (80717532)|ENTERING_MANAGED_PKG|Centify
14:42:08.11 (80848393)|ENTERING_MANAGED_PKG|Centify
14:42:08.11 (80960959)|ENTERING_MANAGED_PKG|Centify
14:42:08.11 (81069975)|ENTERING_MANAGED_PKG|Centify
14:42:08.11 (81177081)|ENTERING_MANAGED_PKG|Centify
14:42:08.11 (81281555)|ENTERING_MANAGED_PKG|Centify
14:42:08.11 (81386956)|ENTERING_MANAGED_PKG|Centify
14:42:08.11 (81491880)|ENTERING_MANAGED_PKG|Centify
14:42:08.11 (81617857)|ENTERING_MANAGED_PKG|Centify
14:42:08.11 (81739941)|ENTERING_MANAGED_PKG|Centify
14:42:08.11 (81882663)|ENTERING_MANAGED_PKG|Centify
14:42:08.11 (82002566)|ENTERING_MANAGED_PKG|Centify
14:42:08.11 (82113135)|ENTERING_MANAGED_PKG|Centify
14:42:08.11 (82219330)|ENTERING_MANAGED_PKG|Centify
14:42:08.11 (83251835)|ENTERING_MANAGED_PKG|Centify
14:42:08.11 (83394616)|ENTERING_MANAGED_PKG|Centify
14:42:08.11 (83515262)|ENTERING_MANAGED_PKG|Centify
14:42:08.11 (83631235)|ENTERING_MANAGED_PKG|Centify
14:42:08.11 (83746598)|ENTERING_MANAGED_PKG|Centify
14:42:08.11 (83856406)|ENTERING_MANAGED_PKG|Centify
14:42:08.11 (83962423)|ENTERING_MANAGED_PKG|Centify
14:42:08.11 (84069851)|ENTERING_MANAGED_PKG|Centify
14:42:08.11 (84177789)|ENTERING_MANAGED_PKG|Centify
14:42:08.11 (84284577)|ENTERING_MANAGED_PKG|Centify
14:42:08.11 (84392706)|ENTERING_MANAGED_PKG|Centify
14:42:08.11 (84499802)|ENTERING_MANAGED_PKG|Centify
14:42:08.11 (84614092)|ENTERING_MANAGED_PKG|Centify
14:42:08.11 (84727154)|ENTERING_MANAGED_PKG|Centify
14:42:08.11 (84871140)|ENTERING_MANAGED_PKG|Centify
14:42:08.11 (84957725)|ENTERING_MANAGED_PKG|Centify
14:42:08.11 (85021075)|ENTERING_MANAGED_PKG|Centify
14:42:08.11 (85061845)|ENTERING_MANAGED_PKG|Centify
14:42:08.11 (85212825)|ENTERING_MANAGED_PKG|Centify
14:42:08.11 (85275975)|ENTERING_MANAGED_PKG|Centify
14:42:08.11 (87118056)|ENTERING_MANAGED_PKG|Centify
14:42:08.11 (87160233)|ENTERING_MANAGED_PKG|Centify
14:42:08.11 (87216888)|ENTERING_MANAGED_PKG|Centify
14:42:08.11 (87297240)|ENTERING_MANAGED_PKG|Centify
14:42:08.11 (87489642)|ENTERING_MANAGED_PKG|Centify
14:42:08.11 (87631427)|ENTERING_MANAGED_PKG|Centify
14:42:08.11 (134863621)|ENTERING_MANAGED_PKG|Centify
14:42:08.11 (134933929)|ENTERING_MANAGED_PKG|Centify
14:42:08.11 (148709899)|ENTERING_MANAGED_PKG|Centify
14:42:08.11 (148761640)|ENTERING_MANAGED_PKG|Centify
14:42:08.11 (148865747)|ENTERING_MANAGED_PKG|Centify
14:42:08.11 (148892702)|ENTERING_MANAGED_PKG|Centify
14:42:08.11 (155716774)|ENTERING_MANAGED_PKG|Centify
14:42:08.11 (156031745)|ENTERING_MANAGED_PKG|Centify
14:42:08.11 (156592694)|ENTERING_MANAGED_PKG|Centify
14:42:08.11 (157133143)|ENTERING_MANAGED_PKG|Centify
14:42:08.11 (157175803)|ENTERING_MANAGED_PKG|Centify
14:42:08.11 (157259527)|ENTERING_MANAGED_PKG|Centify
14:42:08.11 (157297531)|ENTERING_MANAGED_PKG|Centify
14:42:08.11 (157397978)|ENTERING_MANAGED_PKG|Centify
14:42:08.11 (157542667)|ENTERING_MANAGED_PKG|Centify
14:42:08.11 (157678544)|ENTERING_MANAGED_PKG|Centify
14:42:08.11 (157790453)|ENTERING_MANAGED_PKG|Centify
14:42:08.11 (157953222)|ENTERING_MANAGED_PKG|Centify
14:42:08.11 (158067696)|ENTERING_MANAGED_PKG|Centify
14:42:08.11 (158175263)|ENTERING_MANAGED_PKG|Centify
14:42:08.11 (158282394)|ENTERING_MANAGED_PKG|Centify
14:42:08.11 (158387005)|ENTERING_MANAGED_PKG|Centify
14:42:08.11 (158492365)|ENTERING_MANAGED_PKG|Centify
14:42:08.11 (158603692)|ENTERING_MANAGED_PKG|Centify
14:42:08.11 (158716481)|ENTERING_MANAGED_PKG|Centify
14:42:08.11 (158824561)|ENTERING_MANAGED_PKG|Centify
14:42:08.11 (158930228)|ENTERING_MANAGED_PKG|Centify
14:42:08.11 (159037962)|ENTERING_MANAGED_PKG|Centify
14:42:08.11 (159145284)|ENTERING_MANAGED_PKG|Centify
14:42:08.11 (159251315)|ENTERING_MANAGED_PKG|Centify
14:42:08.11 (159357264)|ENTERING_MANAGED_PKG|Centify
14:42:08.11 (159523539)|ENTERING_MANAGED_PKG|Centify
14:42:08.11 (159651083)|ENTERING_MANAGED_PKG|Centify
14:42:08.11 (159772026)|ENTERING_MANAGED_PKG|Centify
14:42:08.11 (159893406)|ENTERING_MANAGED_PKG|Centify
14:42:08.11 (160015116)|ENTERING_MANAGED_PKG|Centify
14:42:08.11 (160121197)|ENTERING_MANAGED_PKG|Centify
14:42:08.11 (160226578)|ENTERING_MANAGED_PKG|Centify
14:42:08.11 (160332365)|ENTERING_MANAGED_PKG|Centify
14:42:08.11 (160458351)|ENTERING_MANAGED_PKG|Centify
14:42:08.11 (160587253)|ENTERING_MANAGED_PKG|Centify
14:42:08.11 (160711949)|ENTERING_MANAGED_PKG|Centify
14:42:08.11 (160837069)|ENTERING_MANAGED_PKG|Centify
14:42:08.11 (160962110)|ENTERING_MANAGED_PKG|Centify
14:42:08.11 (161086583)|ENTERING_MANAGED_PKG|Centify
14:42:08.11 (161211221)|ENTERING_MANAGED_PKG|Centify
14:42:08.11 (161335522)|ENTERING_MANAGED_PKG|Centify
14:42:08.11 (161460902)|ENTERING_MANAGED_PKG|Centify
14:42:08.11 (161580018)|ENTERING_MANAGED_PKG|Centify
14:42:08.11 (161690599)|ENTERING_MANAGED_PKG|Centify
14:42:08.11 (161804802)|ENTERING_MANAGED_PKG|Centify
14:42:08.11 (161932365)|ENTERING_MANAGED_PKG|Centify
14:42:08.11 (162074787)|ENTERING_MANAGED_PKG|Centify
14:42:08.11 (162185817)|ENTERING_MANAGED_PKG|Centify
14:42:08.11 (162290184)|ENTERING_MANAGED_PKG|Centify
14:42:08.11 (162393799)|ENTERING_MANAGED_PKG|Centify
14:42:08.11 (162514403)|ENTERING_MANAGED_PKG|Centify
14:42:08.11 (162623568)|ENTERING_MANAGED_PKG|Centify
14:42:08.11 (162727729)|ENTERING_MANAGED_PKG|Centify
14:42:08.11 (162872148)|ENTERING_MANAGED_PKG|Centify
14:42:08.11 (162988653)|ENTERING_MANAGED_PKG|Centify
14:42:08.11 (163094283)|ENTERING_MANAGED_PKG|Centify
14:42:08.11 (163199249)|ENTERING_MANAGED_PKG|Centify
14:42:08.11 (163303643)|ENTERING_MANAGED_PKG|Centify
14:42:08.11 (163442316)|ENTERING_MANAGED_PKG|Centify
14:42:08.11 (163555464)|ENTERING_MANAGED_PKG|Centify
14:42:08.11 (163666147)|ENTERING_MANAGED_PKG|Centify
14:42:08.11 (163916516)|ENTERING_MANAGED_PKG|Centify
14:42:08.11 (163964413)|ENTERING_MANAGED_PKG|Centify
14:42:08.11 (164077388)|ENTERING_MANAGED_PKG|Centify
14:42:08.11 (164129554)|ENTERING_MANAGED_PKG|Centify
14:42:08.11 (164187996)|ENTERING_MANAGED_PKG|Centify
14:42:08.11 (164228601)|ENTERING_MANAGED_PKG|Centify
14:42:08.11 (164252676)|ENTERING_MANAGED_PKG|Centify
14:42:08.11 (164534155)|ENTERING_MANAGED_PKG|Centify
14:42:08.11 (164561601)|ENTERING_MANAGED_PKG|Centify
14:42:08.11 (164584233)|ENTERING_MANAGED_PKG|Centify
14:42:08.11 (164683617)|ENTERING_MANAGED_PKG|Centify
14:42:08.11 (164809078)|ENTERING_MANAGED_PKG|Centify
14:42:08.11 (164829393)|ENTERING_MANAGED_PKG|Centify
14:42:08.11 (164852844)|ENTERING_MANAGED_PKG|Centify
14:42:08.11 (164864304)|ENTERING_MANAGED_PKG|Centify
14:42:08.11 (165185590)|ENTERING_MANAGED_PKG|Centify
14:42:08.11 (165208500)|ENTERING_MANAGED_PKG|Centify
14:42:08.11 (165219744)|ENTERING_MANAGED_PKG|Centify
14:42:08.11 (165290483)|ENTERING_MANAGED_PKG|Centify
14:42:08.11 (165410609)|ENTERING_MANAGED_PKG|Centify
14:42:08.11 (165431220)|ENTERING_MANAGED_PKG|Centify
14:42:08.11 (165452970)|ENTERING_MANAGED_PKG|Centify
14:42:08.11 (165464521)|ENTERING_MANAGED_PKG|Centify
14:42:08.11 (165914633)|ENTERING_MANAGED_PKG|Centify
14:42:08.11 (165937911)|ENTERING_MANAGED_PKG|Centify
14:42:08.11 (165949158)|ENTERING_MANAGED_PKG|Centify
14:42:08.11 (166019309)|ENTERING_MANAGED_PKG|Centify
14:42:08.11 (166139139)|ENTERING_MANAGED_PKG|Centify
14:42:08.11 (166159338)|ENTERING_MANAGED_PKG|Centify
14:42:08.11 (166181522)|ENTERING_MANAGED_PKG|Centify
14:42:08.11 (166192576)|ENTERING_MANAGED_PKG|Centify
14:42:08.11 (166707923)|ENTERING_MANAGED_PKG|Centify
14:42:08.11 (166729844)|ENTERING_MANAGED_PKG|Centify
14:42:08.11 (166740951)|ENTERING_MANAGED_PKG|Centify
14:42:08.11 (166810092)|ENTERING_MANAGED_PKG|Centify
14:42:08.11 (166929150)|ENTERING_MANAGED_PKG|Centify
14:42:08.11 (166949540)|ENTERING_MANAGED_PKG|Centify
14:42:08.11 (166971704)|ENTERING_MANAGED_PKG|Centify
14:42:08.11 (166983016)|ENTERING_MANAGED_PKG|Centify
14:42:08.11 (167588618)|ENTERING_MANAGED_PKG|Centify
14:42:08.11 (167612161)|ENTERING_MANAGED_PKG|Centify
14:42:08.11 (167623211)|ENTERING_MANAGED_PKG|Centify
14:42:08.11 (167693706)|ENTERING_MANAGED_PKG|Centify
14:42:08.11 (167806122)|ENTERING_MANAGED_PKG|Centify
14:42:08.11 (167913267)|ENTERING_MANAGED_PKG|Centify
14:42:08.11 (168018778)|ENTERING_MANAGED_PKG|Centify
14:42:08.11 (168132651)|ENTERING_MANAGED_PKG|Centify
14:42:08.11 (168152917)|ENTERING_MANAGED_PKG|Centify
14:42:08.11 (168175444)|ENTERING_MANAGED_PKG|Centify
14:42:08.11 (168187182)|ENTERING_MANAGED_PKG|Centify
14:42:08.11 (168969314)|ENTERING_MANAGED_PKG|Centify
14:42:08.11 (168995275)|ENTERING_MANAGED_PKG|Centify
14:42:08.11 (169007287)|ENTERING_MANAGED_PKG|Centify
14:42:08.11 (169103043)|ENTERING_MANAGED_PKG|Centify
14:42:08.11 (169229806)|ENTERING_MANAGED_PKG|Centify
14:42:08.11 (169250991)|ENTERING_MANAGED_PKG|Centify
14:42:08.11 (169274119)|ENTERING_MANAGED_PKG|Centify
14:42:08.11 (169285745)|ENTERING_MANAGED_PKG|Centify
14:42:08.11 (170104740)|ENTERING_MANAGED_PKG|Centify
14:42:08.11 (170128119)|ENTERING_MANAGED_PKG|Centify
14:42:08.11 (170139812)|ENTERING_MANAGED_PKG|Centify
14:42:08.11 (170210161)|ENTERING_MANAGED_PKG|Centify
14:42:08.11 (170330406)|ENTERING_MANAGED_PKG|Centify
14:42:08.11 (170350699)|ENTERING_MANAGED_PKG|Centify
14:42:08.11 (170372796)|ENTERING_MANAGED_PKG|Centify
14:42:08.11 (170384947)|ENTERING_MANAGED_PKG|Centify
14:42:08.11 (171241662)|ENTERING_MANAGED_PKG|Centify
14:42:08.11 (171264870)|ENTERING_MANAGED_PKG|Centify
14:42:08.11 (171275578)|ENTERING_MANAGED_PKG|Centify
14:42:08.11 (171346148)|ENTERING_MANAGED_PKG|Centify
14:42:08.11 (171466103)|ENTERING_MANAGED_PKG|Centify
14:42:08.11 (171486287)|ENTERING_MANAGED_PKG|Centify
14:42:08.11 (171508521)|ENTERING_MANAGED_PKG|Centify
14:42:08.11 (171519661)|ENTERING_MANAGED_PKG|Centify
14:42:08.11 (172457298)|ENTERING_MANAGED_PKG|Centify
14:42:08.11 (172479889)|ENTERING_MANAGED_PKG|Centify
14:42:08.11 (172490940)|ENTERING_MANAGED_PKG|Centify
14:42:08.11 (172561727)|ENTERING_MANAGED_PKG|Centify
14:42:08.11 (172684149)|ENTERING_MANAGED_PKG|Centify
14:42:08.11 (172704149)|ENTERING_MANAGED_PKG|Centify
14:42:08.11 (172725565)|ENTERING_MANAGED_PKG|Centify
14:42:08.11 (172736411)|ENTERING_MANAGED_PKG|Centify
14:42:08.11 (173835899)|ENTERING_MANAGED_PKG|Centify
14:42:08.11 (173861503)|ENTERING_MANAGED_PKG|Centify
14:42:08.11 (173872894)|ENTERING_MANAGED_PKG|Centify
14:42:08.11 (173946105)|ENTERING_MANAGED_PKG|Centify
14:42:08.11 (174068387)|ENTERING_MANAGED_PKG|Centify
14:42:08.11 (174089286)|ENTERING_MANAGED_PKG|Centify
14:42:08.11 (174111814)|ENTERING_MANAGED_PKG|Centify
14:42:08.11 (174122805)|ENTERING_MANAGED_PKG|Centify
14:42:08.11 (175260708)|ENTERING_MANAGED_PKG|Centify
14:42:08.11 (175284691)|ENTERING_MANAGED_PKG|Centify
14:42:08.11 (175296928)|ENTERING_MANAGED_PKG|Centify
14:42:08.11 (175367247)|ENTERING_MANAGED_PKG|Centify
14:42:08.11 (175486511)|ENTERING_MANAGED_PKG|Centify
14:42:08.11 (175506774)|ENTERING_MANAGED_PKG|Centify
14:42:08.11 (175529354)|ENTERING_MANAGED_PKG|Centify
14:42:08.11 (175540534)|ENTERING_MANAGED_PKG|Centify
14:42:08.11 (176814129)|ENTERING_MANAGED_PKG|Centify
14:42:08.11 (176843334)|ENTERING_MANAGED_PKG|Centify
14:42:08.11 (176862824)|ENTERING_MANAGED_PKG|Centify
14:42:08.11 (176947774)|ENTERING_MANAGED_PKG|Centify
14:42:08.11 (177073870)|ENTERING_MANAGED_PKG|Centify
14:42:08.11 (177095246)|ENTERING_MANAGED_PKG|Centify
14:42:08.11 (177118279)|ENTERING_MANAGED_PKG|Centify
14:42:08.11 (177129742)|ENTERING_MANAGED_PKG|Centify
14:42:08.11 (178482563)|ENTERING_MANAGED_PKG|Centify
14:42:08.11 (178505636)|ENTERING_MANAGED_PKG|Centify
14:42:08.11 (178520499)|ENTERING_MANAGED_PKG|Centify
14:42:08.11 (178620242)|ENTERING_MANAGED_PKG|Centify
14:42:08.11 (178797580)|ENTERING_MANAGED_PKG|Centify
14:42:08.11 (178819944)|ENTERING_MANAGED_PKG|Centify
14:42:08.11 (178843188)|ENTERING_MANAGED_PKG|Centify
14:42:08.11 (178854399)|ENTERING_MANAGED_PKG|Centify
14:42:08.11 (180432498)|ENTERING_MANAGED_PKG|Centify
14:42:08.11 (180459951)|ENTERING_MANAGED_PKG|Centify
14:42:08.11 (180471778)|ENTERING_MANAGED_PKG|Centify
14:42:08.11 (180546636)|ENTERING_MANAGED_PKG|Centify
14:42:08.11 (180675279)|ENTERING_MANAGED_PKG|Centify
14:42:08.11 (180695911)|ENTERING_MANAGED_PKG|Centify
14:42:08.11 (180719296)|ENTERING_MANAGED_PKG|Centify
14:42:08.11 (180730566)|ENTERING_MANAGED_PKG|Centify
14:42:08.11 (182370080)|ENTERING_MANAGED_PKG|Centify
14:42:08.11 (182396286)|ENTERING_MANAGED_PKG|Centify
14:42:08.11 (182408332)|ENTERING_MANAGED_PKG|Centify
14:42:08.11 (182480326)|ENTERING_MANAGED_PKG|Centify
14:42:08.11 (182516690)|ENTERING_MANAGED_PKG|Centify
14:42:08.11 (182546582)|ENTERING_MANAGED_PKG|Centify
14:42:08.11 (182571935)|ENTERING_MANAGED_PKG|Centify
14:42:08.11 (182792827)|ENTERING_MANAGED_PKG|Centify
14:42:08.11 (182818465)|ENTERING_MANAGED_PKG|Centify
14:42:08.11 (184664803)|ENTERING_MANAGED_PKG|Centify
14:42:08.11 (184693020)|ENTERING_MANAGED_PKG|Centify
14:42:08.11 (184716377)|ENTERING_MANAGED_PKG|Centify
14:42:08.11 (184778255)|ENTERING_MANAGED_PKG|Centify
14:42:08.11 (184906915)|ENTERING_MANAGED_PKG|Centify
14:42:08.11 (184969226)|ENTERING_MANAGED_PKG|Centify
14:42:08.11 (202421701)|ENTERING_MANAGED_PKG|Centify
14:42:08.11 (202466527)|ENTERING_MANAGED_PKG|Centify
14:42:08.11 (202539956)|ENTERING_MANAGED_PKG|Centify
14:42:08.11 (202569904)|ENTERING_MANAGED_PKG|Centify
14:42:08.11 (208843872)|ENTERING_MANAGED_PKG|Centify
14:42:08.11 (209060548)|ENTERING_MANAGED_PKG|Centify
14:42:08.11 (209830232)|ENTERING_MANAGED_PKG|Centify
14:42:08.11 (210387490)|ENTERING_MANAGED_PKG|Centify
14:42:08.11 (210432578)|ENTERING_MANAGED_PKG|Centify
14:42:08.11 (210523279)|ENTERING_MANAGED_PKG|Centify
14:42:08.11 (210572492)|ENTERING_MANAGED_PKG|Centify
14:42:08.11 (210676791)|ENTERING_MANAGED_PKG|Centify
14:42:08.11 (210808799)|ENTERING_MANAGED_PKG|Centify
14:42:08.11 (210919790)|ENTERING_MANAGED_PKG|Centify
14:42:08.11 (211025912)|ENTERING_MANAGED_PKG|Centify
14:42:08.11 (211133880)|ENTERING_MANAGED_PKG|Centify
14:42:08.11 (211239671)|ENTERING_MANAGED_PKG|Centify
14:42:08.11 (211345835)|ENTERING_MANAGED_PKG|Centify
14:42:08.11 (211449278)|ENTERING_MANAGED_PKG|Centify
14:42:08.11 (211555540)|ENTERING_MANAGED_PKG|Centify
14:42:08.11 (211665630)|ENTERING_MANAGED_PKG|Centify
14:42:08.11 (211770165)|ENTERING_MANAGED_PKG|Centify
14:42:08.11 (211875733)|ENTERING_MANAGED_PKG|Centify
14:42:08.11 (211980494)|ENTERING_MANAGED_PKG|Centify
14:42:08.11 (212088635)|ENTERING_MANAGED_PKG|Centify
14:42:08.11 (212184930)|ENTERING_MANAGED_PKG|Centify
14:42:08.11 (212286852)|ENTERING_MANAGED_PKG|Centify
14:42:08.11 (212401189)|ENTERING_MANAGED_PKG|Centify
14:42:08.11 (212508012)|ENTERING_MANAGED_PKG|Centify
14:42:08.11 (212619062)|ENTERING_MANAGED_PKG|Centify
14:42:08.11 (212725956)|ENTERING_MANAGED_PKG|Centify
14:42:08.11 (212832665)|ENTERING_MANAGED_PKG|Centify
14:42:08.11 (212937145)|ENTERING_MANAGED_PKG|Centify
14:42:08.11 (213042936)|ENTERING_MANAGED_PKG|Centify
14:42:08.11 (213151136)|ENTERING_MANAGED_PKG|Centify
14:42:08.11 (213257873)|ENTERING_MANAGED_PKG|Centify
14:42:08.11 (213363673)|ENTERING_MANAGED_PKG|Centify
14:42:08.11 (213471369)|ENTERING_MANAGED_PKG|Centify
14:42:08.11 (213582152)|ENTERING_MANAGED_PKG|Centify
14:42:08.11 (213692142)|ENTERING_MANAGED_PKG|Centify
14:42:08.11 (213797695)|ENTERING_MANAGED_PKG|Centify
14:42:08.11 (213833236)|ENTERING_MANAGED_PKG|Centify
14:42:08.11 (213863889)|ENTERING_MANAGED_PKG|Centify
14:42:08.11 (213885349)|ENTERING_MANAGED_PKG|Centify
14:42:08.11 (213932654)|ENTERING_MANAGED_PKG|Centify
14:42:08.11 (213975544)|ENTERING_MANAGED_PKG|Centify
14:42:08.11 (215594188)|ENTERING_MANAGED_PKG|Centify
14:42:08.11 (215626063)|ENTERING_MANAGED_PKG|Centify
14:42:08.11 (215649068)|ENTERING_MANAGED_PKG|Centify
14:42:08.11 (215693410)|ENTERING_MANAGED_PKG|Centify
14:42:08.11 (215839471)|ENTERING_MANAGED_PKG|Centify
14:42:08.11 (215905134)|ENTERING_MANAGED_PKG|Centify
14:42:08.11 (231592995)|ENTERING_MANAGED_PKG|Centify
14:42:08.11 (231642768)|ENTERING_MANAGED_PKG|Centify
14:42:08.11 (245987311)|ENTERING_MANAGED_PKG|Centify
14:42:08.11 (246062233)|ENTERING_MANAGED_PKG|Centify
14:42:08.11 (259998435)|ENTERING_MANAGED_PKG|Centify
14:42:08.11 (260043420)|ENTERING_MANAGED_PKG|Centify
14:42:08.11 (276381967)|ENTERING_MANAGED_PKG|Centify
14:42:08.11 (276636704)|ENTERING_MANAGED_PKG|Centify
14:42:08.11 (276780970)|ENTERING_MANAGED_PKG|Centify
14:42:08.11 (276879186)|ENTERING_MANAGED_PKG|Centify
14:42:08.11 (276990547)|ENTERING_MANAGED_PKG|Centify
14:42:08.11 (277068051)|ENTERING_MANAGED_PKG|Centify
14:42:08.11 (277143981)|ENTERING_MANAGED_PKG|Centify
14:42:08.11 (277217162)|ENTERING_MANAGED_PKG|Centify
14:42:08.11 (277379578)|ENTERING_MANAGED_PKG|Centify
14:42:08.11 (277512269)|ENTERING_MANAGED_PKG|Centify
14:42:08.11 (277652337)|ENTERING_MANAGED_PKG|Centify
14:42:08.11 (277684924)|ENTERING_MANAGED_PKG|Centify
14:42:08.11 (277751931)|ENTERING_MANAGED_PKG|Centify
14:42:08.11 (277774102)|ENTERING_MANAGED_PKG|Centify
14:42:08.11 (283928479)|ENTERING_MANAGED_PKG|Centify
14:42:08.11 (284154015)|ENTERING_MANAGED_PKG|Centify
14:42:08.11 (284824861)|ENTERING_MANAGED_PKG|Centify
14:42:08.11 (285373288)|ENTERING_MANAGED_PKG|Centify
14:42:08.11 (285418800)|ENTERING_MANAGED_PKG|Centify
14:42:08.11 (285510562)|ENTERING_MANAGED_PKG|Centify
14:42:08.11 (285549111)|ENTERING_MANAGED_PKG|Centify
14:42:08.11 (285656845)|ENTERING_MANAGED_PKG|Centify
14:42:08.11 (285791933)|ENTERING_MANAGED_PKG|Centify
14:42:08.11 (285903112)|ENTERING_MANAGED_PKG|Centify
14:42:08.11 (286010499)|ENTERING_MANAGED_PKG|Centify
14:42:08.11 (286116862)|ENTERING_MANAGED_PKG|Centify
14:42:08.11 (286221618)|ENTERING_MANAGED_PKG|Centify
14:42:08.11 (286324471)|ENTERING_MANAGED_PKG|Centify
14:42:08.11 (286428181)|ENTERING_MANAGED_PKG|Centify
14:42:08.11 (286532564)|ENTERING_MANAGED_PKG|Centify
14:42:08.11 (286639606)|ENTERING_MANAGED_PKG|Centify
14:42:08.11 (286743852)|ENTERING_MANAGED_PKG|Centify
14:42:08.11 (286847235)|ENTERING_MANAGED_PKG|Centify
14:42:08.11 (286950842)|ENTERING_MANAGED_PKG|Centify
14:42:08.11 (287052708)|ENTERING_MANAGED_PKG|Centify
14:42:08.11 (287158474)|ENTERING_MANAGED_PKG|Centify
14:42:08.11 (287258813)|ENTERING_MANAGED_PKG|Centify
14:42:08.11 (287363257)|ENTERING_MANAGED_PKG|Centify
14:42:08.11 (287477137)|ENTERING_MANAGED_PKG|Centify
14:42:08.11 (287585883)|ENTERING_MANAGED_PKG|Centify
14:42:08.11 (287696913)|ENTERING_MANAGED_PKG|Centify
14:42:08.11 (287802420)|ENTERING_MANAGED_PKG|Centify
14:42:08.11 (287993592)|ENTERING_MANAGED_PKG|Centify
14:42:08.11 (288175465)|ENTERING_MANAGED_PKG|Centify
14:42:08.11 (288339777)|ENTERING_MANAGED_PKG|Centify
14:42:08.11 (288522026)|ENTERING_MANAGED_PKG|Centify
14:42:08.11 (288705808)|ENTERING_MANAGED_PKG|Centify
14:42:08.11 (288884365)|ENTERING_MANAGED_PKG|Centify
14:42:08.11 (289060735)|ENTERING_MANAGED_PKG|Centify
14:42:08.11 (289237806)|ENTERING_MANAGED_PKG|Centify
14:42:08.11 (289408513)|ENTERING_MANAGED_PKG|Centify
14:42:08.11 (289591100)|ENTERING_MANAGED_PKG|Centify
14:42:08.11 (289771874)|ENTERING_MANAGED_PKG|Centify
14:42:08.11 (289827773)|ENTERING_MANAGED_PKG|Centify
14:42:08.11 (289877784)|ENTERING_MANAGED_PKG|Centify
14:42:08.11 (289911766)|ENTERING_MANAGED_PKG|Centify
14:42:08.11 (289983961)|ENTERING_MANAGED_PKG|Centify
14:42:08.11 (290037560)|ENTERING_MANAGED_PKG|Centify
14:42:08.11 (291780993)|ENTERING_MANAGED_PKG|Centify
14:42:08.11 (291812977)|ENTERING_MANAGED_PKG|Centify
14:42:08.11 (291835517)|ENTERING_MANAGED_PKG|Centify
14:42:08.11 (291881028)|ENTERING_MANAGED_PKG|Centify
14:42:08.11 (291995954)|ENTERING_MANAGED_PKG|Centify
14:42:08.11 (292059511)|ENTERING_MANAGED_PKG|Centify
14:42:08.11 (308503585)|ENTERING_MANAGED_PKG|Centify
14:42:08.11 (308566635)|ENTERING_MANAGED_PKG|Centify
14:42:08.11 (342080586)|ENTERING_MANAGED_PKG|Centify
14:42:08.11 (342158024)|ENTERING_MANAGED_PKG|Centify
14:42:08.11 (356924086)|ENTERING_MANAGED_PKG|Centify
14:42:08.11 (356983499)|ENTERING_MANAGED_PKG|Centify
14:42:08.11 (373511643)|ENTERING_MANAGED_PKG|Centify
14:42:08.11 (373624010)|ENTERING_MANAGED_PKG|Centify
14:42:08.11 (373702585)|ENTERING_MANAGED_PKG|Centify
14:42:08.11 (373777736)|ENTERING_MANAGED_PKG|Centify
14:42:08.11 (373874842)|ENTERING_MANAGED_PKG|Centify
14:42:08.11 (373949607)|ENTERING_MANAGED_PKG|Centify
14:42:08.11 (374023167)|ENTERING_MANAGED_PKG|Centify
14:42:08.11 (374097406)|ENTERING_MANAGED_PKG|Centify
14:42:08.11 (374221176)|ENTERING_MANAGED_PKG|Centify
14:42:08.11 (374327157)|ENTERING_MANAGED_PKG|Centify
14:42:08.11 (374442607)|ENTERING_MANAGED_PKG|Centify
14:42:08.11 (374474577)|ENTERING_MANAGED_PKG|Centify
14:42:08.11 (374539985)|ENTERING_MANAGED_PKG|Centify
14:42:08.11 (374562561)|ENTERING_MANAGED_PKG|Centify
14:42:08.11 (381037122)|ENTERING_MANAGED_PKG|Centify
14:42:08.11 (381268788)|ENTERING_MANAGED_PKG|Centify
14:42:08.11 (381652718)|ENTERING_MANAGED_PKG|Centify
14:42:08.11 (382201862)|ENTERING_MANAGED_PKG|Centify
14:42:08.11 (382244612)|ENTERING_MANAGED_PKG|Centify
14:42:08.11 (382333094)|ENTERING_MANAGED_PKG|Centify
14:42:08.11 (382372121)|ENTERING_MANAGED_PKG|Centify
14:42:08.11 (382471680)|ENTERING_MANAGED_PKG|Centify
14:42:08.11 (382608894)|ENTERING_MANAGED_PKG|Centify
14:42:08.11 (382719858)|ENTERING_MANAGED_PKG|Centify
14:42:08.11 (382825018)|ENTERING_MANAGED_PKG|Centify
14:42:08.11 (382930707)|ENTERING_MANAGED_PKG|Centify
14:42:08.11 (383035982)|ENTERING_MANAGED_PKG|Centify
14:42:08.11 (383142569)|ENTERING_MANAGED_PKG|Centify
14:42:08.11 (383276360)|ENTERING_MANAGED_PKG|Centify
14:42:08.11 (383415429)|ENTERING_MANAGED_PKG|Centify
14:42:08.11 (383524252)|ENTERING_MANAGED_PKG|Centify
14:42:08.11 (383635904)|ENTERING_MANAGED_PKG|Centify
14:42:08.11 (383766507)|ENTERING_MANAGED_PKG|Centify
14:42:08.11 (383888725)|ENTERING_MANAGED_PKG|Centify
14:42:08.11 (384012573)|ENTERING_MANAGED_PKG|Centify
14:42:08.11 (384135245)|ENTERING_MANAGED_PKG|Centify
14:42:08.11 (384257580)|ENTERING_MANAGED_PKG|Centify
14:42:08.11 (384380297)|ENTERING_MANAGED_PKG|Centify
14:42:08.11 (384486879)|ENTERING_MANAGED_PKG|Centify
14:42:08.11 (384599216)|ENTERING_MANAGED_PKG|Centify
14:42:08.11 (384736478)|ENTERING_MANAGED_PKG|Centify
14:42:08.11 (384870963)|ENTERING_MANAGED_PKG|Centify
14:42:08.11 (385037112)|ENTERING_MANAGED_PKG|Centify
14:42:08.11 (385168836)|ENTERING_MANAGED_PKG|Centify
14:42:08.11 (385279232)|ENTERING_MANAGED_PKG|Centify
14:42:08.11 (385385403)|ENTERING_MANAGED_PKG|Centify
14:42:08.11 (385489844)|ENTERING_MANAGED_PKG|Centify
14:42:08.11 (385617772)|ENTERING_MANAGED_PKG|Centify
14:42:08.11 (385727158)|ENTERING_MANAGED_PKG|Centify
14:42:08.11 (385833216)|ENTERING_MANAGED_PKG|Centify
14:42:08.11 (385951468)|ENTERING_MANAGED_PKG|Centify
14:42:08.11 (386056758)|ENTERING_MANAGED_PKG|Centify
14:42:08.11 (386182816)|ENTERING_MANAGED_PKG|Centify
14:42:08.11 (386305906)|ENTERING_MANAGED_PKG|Centify
14:42:08.11 (386413679)|ENTERING_MANAGED_PKG|Centify
14:42:08.11 (386518543)|ENTERING_MANAGED_PKG|Centify
14:42:08.11 (386627114)|ENTERING_MANAGED_PKG|Centify
14:42:08.11 (386731375)|ENTERING_MANAGED_PKG|Centify
14:42:08.11 (386851007)|ENTERING_MANAGED_PKG|Centify
14:42:08.11 (386961659)|ENTERING_MANAGED_PKG|Centify
14:42:08.11 (387068668)|ENTERING_MANAGED_PKG|Centify
14:42:08.11 (387174413)|ENTERING_MANAGED_PKG|Centify
14:42:08.11 (387281761)|ENTERING_MANAGED_PKG|Centify
14:42:08.11 (387404673)|ENTERING_MANAGED_PKG|Centify
14:42:08.11 (387475323)|ENTERING_MANAGED_PKG|Centify
14:42:08.11 (387515139)|ENTERING_MANAGED_PKG|Centify
14:42:08.11 (387536448)|ENTERING_MANAGED_PKG|Centify
14:42:08.11 (387560681)|ENTERING_MANAGED_PKG|Centify
14:42:08.11 (387572870)|ENTERING_MANAGED_PKG|Centify
14:42:08.11 (387878170)|ENTERING_MANAGED_PKG|Centify
14:42:08.11 (387902491)|ENTERING_MANAGED_PKG|Centify
14:42:08.11 (387913516)|ENTERING_MANAGED_PKG|Centify
14:42:08.11 (387990212)|ENTERING_MANAGED_PKG|Centify
14:42:08.11 (388112016)|ENTERING_MANAGED_PKG|Centify
14:42:08.11 (388132571)|ENTERING_MANAGED_PKG|Centify
14:42:08.11 (388154870)|ENTERING_MANAGED_PKG|Centify
14:42:08.11 (388166163)|ENTERING_MANAGED_PKG|Centify
14:42:08.11 (388507257)|ENTERING_MANAGED_PKG|Centify
14:42:08.11 (388530475)|ENTERING_MANAGED_PKG|Centify
14:42:08.11 (388541863)|ENTERING_MANAGED_PKG|Centify
14:42:08.11 (388633485)|ENTERING_MANAGED_PKG|Centify
14:42:08.11 (388788292)|ENTERING_MANAGED_PKG|Centify
14:42:08.11 (388818159)|ENTERING_MANAGED_PKG|Centify
14:42:08.11 (388843974)|ENTERING_MANAGED_PKG|Centify
14:42:08.11 (388856193)|ENTERING_MANAGED_PKG|Centify
14:42:08.11 (389343641)|ENTERING_MANAGED_PKG|Centify
14:42:08.11 (389368273)|ENTERING_MANAGED_PKG|Centify
14:42:08.11 (389380183)|ENTERING_MANAGED_PKG|Centify
14:42:08.11 (389453295)|ENTERING_MANAGED_PKG|Centify
14:42:08.11 (389740645)|ENTERING_MANAGED_PKG|Centify
14:42:08.11 (389777545)|ENTERING_MANAGED_PKG|Centify
14:42:08.11 (389805615)|ENTERING_MANAGED_PKG|Centify
14:42:08.11 (389818971)|ENTERING_MANAGED_PKG|Centify
14:42:08.11 (390431607)|ENTERING_MANAGED_PKG|Centify
14:42:08.11 (390457983)|ENTERING_MANAGED_PKG|Centify
14:42:08.11 (390469771)|ENTERING_MANAGED_PKG|Centify
14:42:08.11 (390544183)|ENTERING_MANAGED_PKG|Centify
14:42:08.11 (390673491)|ENTERING_MANAGED_PKG|Centify
14:42:08.11 (390693968)|ENTERING_MANAGED_PKG|Centify
14:42:08.11 (390716266)|ENTERING_MANAGED_PKG|Centify
14:42:08.11 (390727471)|ENTERING_MANAGED_PKG|Centify
14:42:08.11 (391416964)|ENTERING_MANAGED_PKG|Centify
14:42:08.11 (391443378)|ENTERING_MANAGED_PKG|Centify
14:42:08.11 (391455426)|ENTERING_MANAGED_PKG|Centify
14:42:08.11 (391528139)|ENTERING_MANAGED_PKG|Centify
14:42:08.11 (391654147)|ENTERING_MANAGED_PKG|Centify
14:42:08.11 (391675293)|ENTERING_MANAGED_PKG|Centify
14:42:08.11 (391696927)|ENTERING_MANAGED_PKG|Centify
14:42:08.11 (391708069)|ENTERING_MANAGED_PKG|Centify
14:42:08.11 (392399410)|ENTERING_MANAGED_PKG|Centify
14:42:08.11 (392422999)|ENTERING_MANAGED_PKG|Centify
14:42:08.11 (392434423)|ENTERING_MANAGED_PKG|Centify
14:42:08.11 (392506291)|ENTERING_MANAGED_PKG|Centify
14:42:08.11 (392626098)|ENTERING_MANAGED_PKG|Centify
14:42:08.11 (392768243)|ENTERING_MANAGED_PKG|Centify
14:42:08.11 (392878300)|ENTERING_MANAGED_PKG|Centify
14:42:08.11 (392984007)|ENTERING_MANAGED_PKG|Centify
14:42:08.11 (393093641)|ENTERING_MANAGED_PKG|Centify
14:42:08.11 (393198389)|ENTERING_MANAGED_PKG|Centify
14:42:08.11 (393302363)|ENTERING_MANAGED_PKG|Centify
14:42:08.11 (393408804)|ENTERING_MANAGED_PKG|Centify
14:42:08.11 (393515034)|ENTERING_MANAGED_PKG|Centify
14:42:08.11 (393634832)|ENTERING_MANAGED_PKG|Centify
14:42:08.11 (393741641)|ENTERING_MANAGED_PKG|Centify
14:42:08.11 (393846822)|ENTERING_MANAGED_PKG|Centify
14:42:08.11 (393951964)|ENTERING_MANAGED_PKG|Centify
14:42:08.11 (394066363)|ENTERING_MANAGED_PKG|Centify
14:42:08.11 (394119301)|ENTERING_MANAGED_PKG|Centify
14:42:08.11 (394151474)|ENTERING_MANAGED_PKG|Centify
14:42:08.11 (394172696)|ENTERING_MANAGED_PKG|Centify
14:42:08.11 (394324654)|ENTERING_MANAGED_PKG|Centify
14:42:08.11 (394349059)|ENTERING_MANAGED_PKG|Centify
14:42:08.11 (396027298)|ENTERING_MANAGED_PKG|Centify
14:42:08.11 (396056086)|ENTERING_MANAGED_PKG|Centify
14:42:08.11 (396078571)|ENTERING_MANAGED_PKG|Centify
14:42:08.11 (396144122)|ENTERING_MANAGED_PKG|Centify
14:42:08.11 (396186186)|ENTERING_MANAGED_PKG|Centify
14:42:08.11 (396269551)|ENTERING_MANAGED_PKG|Centify
14:42:08.11 (396293730)|ENTERING_MANAGED_PKG|Centify
14:42:08.11 (403333920)|ENTERING_MANAGED_PKG|Centify
14:42:08.11 (403605873)|ENTERING_MANAGED_PKG|Centify
14:42:08.11 (404030848)|ENTERING_MANAGED_PKG|Centify
14:42:08.11 (404558274)|ENTERING_MANAGED_PKG|Centify
14:42:08.11 (404615854)|ENTERING_MANAGED_PKG|Centify
14:42:08.11 (404736741)|ENTERING_MANAGED_PKG|Centify
14:42:08.11 (404779986)|ENTERING_MANAGED_PKG|Centify
14:42:08.11 (404892453)|ENTERING_MANAGED_PKG|Centify
14:42:08.11 (405027515)|ENTERING_MANAGED_PKG|Centify
14:42:08.11 (405139522)|ENTERING_MANAGED_PKG|Centify
14:42:08.11 (405245644)|ENTERING_MANAGED_PKG|Centify
14:42:08.11 (405350512)|ENTERING_MANAGED_PKG|Centify
14:42:08.11 (405456335)|ENTERING_MANAGED_PKG|Centify
14:42:08.11 (405566748)|ENTERING_MANAGED_PKG|Centify
14:42:08.11 (405677804)|ENTERING_MANAGED_PKG|Centify
14:42:08.11 (405785012)|ENTERING_MANAGED_PKG|Centify
14:42:08.11 (405890495)|ENTERING_MANAGED_PKG|Centify
14:42:08.11 (405986271)|ENTERING_MANAGED_PKG|Centify
14:42:08.11 (406090782)|ENTERING_MANAGED_PKG|Centify
14:42:08.11 (406201376)|ENTERING_MANAGED_PKG|Centify
14:42:08.11 (406308269)|ENTERING_MANAGED_PKG|Centify
14:42:08.11 (406412874)|ENTERING_MANAGED_PKG|Centify
14:42:08.11 (406516805)|ENTERING_MANAGED_PKG|Centify
14:42:08.11 (406647841)|ENTERING_MANAGED_PKG|Centify
14:42:08.11 (406781727)|ENTERING_MANAGED_PKG|Centify
14:42:08.11 (406890796)|ENTERING_MANAGED_PKG|Centify
14:42:08.11 (406995125)|ENTERING_MANAGED_PKG|Centify
14:42:08.11 (407098927)|ENTERING_MANAGED_PKG|Centify
14:42:08.11 (407207178)|ENTERING_MANAGED_PKG|Centify
14:42:08.11 (407244250)|ENTERING_MANAGED_PKG|Centify
14:42:08.11 (407274661)|ENTERING_MANAGED_PKG|Centify
14:42:08.11 (407295700)|ENTERING_MANAGED_PKG|Centify
14:42:08.11 (407344452)|ENTERING_MANAGED_PKG|Centify
14:42:08.11 (407389429)|ENTERING_MANAGED_PKG|Centify
14:42:08.11 (408709159)|ENTERING_MANAGED_PKG|Centify
14:42:08.11 (408744760)|ENTERING_MANAGED_PKG|Centify
14:42:08.11 (408776960)|ENTERING_MANAGED_PKG|Centify
14:42:08.11 (408843719)|ENTERING_MANAGED_PKG|Centify
14:42:08.11 (408923948)|ENTERING_MANAGED_PKG|Centify
14:42:08.11 (409029726)|ENTERING_MANAGED_PKG|Centify
14:42:08.11 (409104082)|ENTERING_MANAGED_PKG|Centify
14:42:08.11 (409127043)|ENTERING_MANAGED_PKG|Centify
14:42:08.11 (415325255)|ENTERING_MANAGED_PKG|Centify
14:42:08.11 (415576783)|ENTERING_MANAGED_PKG|Centify
14:42:08.11 (416125679)|ENTERING_MANAGED_PKG|Centify
14:42:08.11 (416733933)|ENTERING_MANAGED_PKG|Centify
14:42:08.11 (416778139)|ENTERING_MANAGED_PKG|Centify
14:42:08.11 (416877478)|ENTERING_MANAGED_PKG|Centify
14:42:08.11 (416927331)|ENTERING_MANAGED_PKG|Centify
14:42:08.11 (417055291)|ENTERING_MANAGED_PKG|Centify
14:42:08.11 (417205021)|ENTERING_MANAGED_PKG|Centify
14:42:08.11 (417316399)|ENTERING_MANAGED_PKG|Centify
14:42:08.11 (417425871)|ENTERING_MANAGED_PKG|Centify
14:42:08.11 (417564857)|ENTERING_MANAGED_PKG|Centify
14:42:08.11 (417689092)|ENTERING_MANAGED_PKG|Centify
14:42:08.11 (417795489)|ENTERING_MANAGED_PKG|Centify
14:42:08.11 (417903132)|ENTERING_MANAGED_PKG|Centify
14:42:08.11 (418008974)|ENTERING_MANAGED_PKG|Centify
14:42:08.11 (418113839)|ENTERING_MANAGED_PKG|Centify
14:42:08.11 (418219528)|ENTERING_MANAGED_PKG|Centify
14:42:08.11 (418324912)|ENTERING_MANAGED_PKG|Centify
14:42:08.11 (418482114)|ENTERING_MANAGED_PKG|Centify
14:42:08.11 (418601791)|ENTERING_MANAGED_PKG|Centify
14:42:08.11 (418788714)|ENTERING_MANAGED_PKG|Centify
14:42:08.11 (418978461)|ENTERING_MANAGED_PKG|Centify
14:42:08.11 (419143959)|ENTERING_MANAGED_PKG|Centify
14:42:08.11 (419297982)|ENTERING_MANAGED_PKG|Centify
14:42:08.11 (419472074)|ENTERING_MANAGED_PKG|Centify
14:42:08.11 (419612329)|ENTERING_MANAGED_PKG|Centify
14:42:08.11 (419762919)|ENTERING_MANAGED_PKG|Centify
14:42:08.11 (419935897)|ENTERING_MANAGED_PKG|Centify
14:42:08.11 (420089421)|ENTERING_MANAGED_PKG|Centify
14:42:08.11 (420221580)|ENTERING_MANAGED_PKG|Centify
14:42:08.11 (420334057)|ENTERING_MANAGED_PKG|Centify
14:42:08.11 (420436982)|ENTERING_MANAGED_PKG|Centify
14:42:08.11 (420540597)|ENTERING_MANAGED_PKG|Centify
14:42:08.11 (420650486)|ENTERING_MANAGED_PKG|Centify
14:42:08.11 (420782464)|ENTERING_MANAGED_PKG|Centify
14:42:08.11 (420918510)|ENTERING_MANAGED_PKG|Centify
14:42:08.11 (421023686)|ENTERING_MANAGED_PKG|Centify
14:42:08.11 (421126978)|ENTERING_MANAGED_PKG|Centify
14:42:08.11 (421229513)|ENTERING_MANAGED_PKG|Centify
14:42:08.11 (421335384)|ENTERING_MANAGED_PKG|Centify
14:42:08.11 (421373070)|ENTERING_MANAGED_PKG|Centify
14:42:08.11 (421415907)|ENTERING_MANAGED_PKG|Centify
14:42:08.11 (421453364)|ENTERING_MANAGED_PKG|Centify
14:42:08.11 (421507623)|ENTERING_MANAGED_PKG|Centify
14:42:08.11 (421559511)|ENTERING_MANAGED_PKG|Centify
14:42:08.11 (423130375)|ENTERING_MANAGED_PKG|Centify
14:42:08.11 (423160886)|ENTERING_MANAGED_PKG|Centify
14:42:08.11 (423183081)|ENTERING_MANAGED_PKG|Centify
14:42:08.11 (423228950)|ENTERING_MANAGED_PKG|Centify
14:42:08.11 (423341211)|ENTERING_MANAGED_PKG|Centify
14:42:08.11 (423404315)|ENTERING_MANAGED_PKG|Centify
14:42:08.11 (437434691)|ENTERING_MANAGED_PKG|Centify
14:42:08.11 (437478924)|ENTERING_MANAGED_PKG|Centify
14:42:08.11 (453988234)|ENTERING_MANAGED_PKG|Centify
14:42:08.11 (454049828)|ENTERING_MANAGED_PKG|Centify
14:42:08.11 (454184533)|ENTERING_MANAGED_PKG|Centify
14:42:08.11 (454221839)|ENTERING_MANAGED_PKG|Centify
14:42:08.11 (461430792)|ENTERING_MANAGED_PKG|Centify
14:42:08.11 (461788476)|ENTERING_MANAGED_PKG|Centify
14:42:08.11 (462394074)|ENTERING_MANAGED_PKG|Centify
14:42:08.11 (462930423)|ENTERING_MANAGED_PKG|Centify
14:42:08.11 (462978980)|ENTERING_MANAGED_PKG|Centify
14:42:08.11 (463088715)|ENTERING_MANAGED_PKG|Centify
14:42:08.11 (463145663)|ENTERING_MANAGED_PKG|Centify
14:42:08.11 (463309290)|ENTERING_MANAGED_PKG|Centify
14:42:08.11 (463542640)|ENTERING_MANAGED_PKG|Centify
14:42:08.11 (464075392)|ENTERING_MANAGED_PKG|Centify
14:42:08.11 (464248351)|ENTERING_MANAGED_PKG|Centify
14:42:08.11 (464364842)|ENTERING_MANAGED_PKG|Centify
14:42:08.11 (464478181)|ENTERING_MANAGED_PKG|Centify
14:42:08.11 (464612154)|ENTERING_MANAGED_PKG|Centify
14:42:08.11 (464780336)|ENTERING_MANAGED_PKG|Centify
14:42:08.11 (464975474)|ENTERING_MANAGED_PKG|Centify
14:42:08.11 (465165241)|ENTERING_MANAGED_PKG|Centify
14:42:08.11 (465359967)|ENTERING_MANAGED_PKG|Centify
14:42:08.11 (465474676)|ENTERING_MANAGED_PKG|Centify
14:42:08.11 (465640559)|ENTERING_MANAGED_PKG|Centify
14:42:08.11 (465868051)|ENTERING_MANAGED_PKG|Centify
14:42:08.11 (466077083)|ENTERING_MANAGED_PKG|Centify
14:42:08.11 (466246948)|ENTERING_MANAGED_PKG|Centify
14:42:08.11 (466420216)|ENTERING_MANAGED_PKG|Centify
14:42:08.11 (466609776)|ENTERING_MANAGED_PKG|Centify
14:42:08.11 (466860449)|ENTERING_MANAGED_PKG|Centify
14:42:08.11 (467052369)|ENTERING_MANAGED_PKG|Centify
14:42:08.11 (467279363)|ENTERING_MANAGED_PKG|Centify
14:42:08.11 (467469233)|ENTERING_MANAGED_PKG|Centify
14:42:08.11 (467590408)|ENTERING_MANAGED_PKG|Centify
14:42:08.11 (467755670)|ENTERING_MANAGED_PKG|Centify
14:42:08.11 (467815990)|ENTERING_MANAGED_PKG|Centify
14:42:08.11 (467864534)|ENTERING_MANAGED_PKG|Centify
14:42:08.11 (467897101)|ENTERING_MANAGED_PKG|Centify
14:42:08.11 (467975928)|ENTERING_MANAGED_PKG|Centify
14:42:08.11 (468048565)|ENTERING_MANAGED_PKG|Centify
14:42:08.11 (469509574)|ENTERING_MANAGED_PKG|Centify
14:42:08.11 (469545678)|ENTERING_MANAGED_PKG|Centify
14:42:08.11 (469575380)|ENTERING_MANAGED_PKG|Centify
14:42:08.11 (469647479)|ENTERING_MANAGED_PKG|Centify
14:42:08.11 (469710650)|ENTERING_MANAGED_PKG|Centify
14:42:08.11 (469762342)|ENTERING_MANAGED_PKG|Centify
14:42:08.11 (470022567)|ENTERING_MANAGED_PKG|Centify
14:42:08.11 (470752124)|ENTERING_MANAGED_PKG|Centify
14:42:08.11 (470813718)|ENTERING_MANAGED_PKG|Centify
14:42:08.11 (470980174)|ENTERING_MANAGED_PKG|Centify
14:42:08.11 (504606741)|ENTERING_MANAGED_PKG|Centify
14:42:08.11 (504733395)|ENTERING_MANAGED_PKG|Centify
14:42:08.11 (504840543)|ENTERING_MANAGED_PKG|Centify
14:42:08.11 (532627387)|ENTERING_MANAGED_PKG|Centify
14:42:08.11 (532768634)|ENTERING_MANAGED_PKG|Centify
14:42:08.11 (532905811)|ENTERING_MANAGED_PKG|Centify
14:42:08.11 (570291172)|ENTERING_MANAGED_PKG|Centify
14:42:08.11 (570380613)|ENTERING_MANAGED_PKG|Centify
14:42:08.11 (570470654)|ENTERING_MANAGED_PKG|Centify
14:42:08.11 (592155763)|ENTERING_MANAGED_PKG|Centify
14:42:08.11 (592247163)|ENTERING_MANAGED_PKG|Centify
14:42:08.11 (592336516)|ENTERING_MANAGED_PKG|Centify
14:42:08.11 (618059983)|ENTERING_MANAGED_PKG|Centify
14:42:08.11 (618141557)|ENTERING_MANAGED_PKG|Centify
14:42:08.11 (618224065)|ENTERING_MANAGED_PKG|Centify
14:42:08.11 (643122287)|ENTERING_MANAGED_PKG|Centify
14:42:08.11 (643235612)|ENTERING_MANAGED_PKG|Centify
14:42:08.11 (643355599)|ENTERING_MANAGED_PKG|Centify
14:42:08.11 (668015405)|ENTERING_MANAGED_PKG|Centify
14:42:08.11 (668135424)|ENTERING_MANAGED_PKG|Centify
14:42:08.11 (668250770)|ENTERING_MANAGED_PKG|Centify
14:42:08.11 (689061211)|ENTERING_MANAGED_PKG|Centify
14:42:08.11 (689194380)|ENTERING_MANAGED_PKG|Centify
14:42:08.11 (689245781)|ENTERING_MANAGED_PKG|Centify
14:42:08.11 (689280099)|ENTERING_MANAGED_PKG|Centify
14:42:08.11 (689335000)|ENTERING_MANAGED_PKG|Centify
14:42:08.11 (689475089)|ENTERING_MANAGED_PKG|Centify
14:42:08.11 (690291068)|SOQL_EXECUTE_BEGIN|[28]|Aggregations:0|SELECT Id FROM ApexClass WHERE Name = :tmpVar1
14:42:08.11 (696631859)|SOQL_EXECUTE_END|[28]|Rows:1
14:42:08.11 (697023677)|SOQL_EXECUTE_BEGIN|[49]|Aggregations:0|SELECT COUNT() FROM AsyncApexJob WHERE (ApexClassId = :tmpVar1 AND Status IN ('Queued', 'Holding', 'Preparing', 'Processing'))
14:42:08.11 (699996784)|SOQL_EXECUTE_END|[49]|Rows:1
14:42:08.11 (700091330)|ENTERING_MANAGED_PKG|Centify
14:42:08.11 (700873101)|ENTERING_MANAGED_PKG|Centify
14:42:08.11 (700923474)|ENTERING_MANAGED_PKG|Centify
14:42:08.11 (701012780)|ENTERING_MANAGED_PKG|Centify
14:42:08.11 (722241517)|ENTERING_MANAGED_PKG|Centify
14:42:08.11 (723284013)|ENTERING_MANAGED_PKG|Centify
14:42:08.11 (723343710)|ENTERING_MANAGED_PKG|Centify
14:42:08.11 (723526938)|ENTERING_MANAGED_PKG|Centify
14:42:08.11 (724389934)|ENTERING_MANAGED_PKG|Centify
14:42:08.11 (724431801)|ENTERING_MANAGED_PKG|Centify
14:42:08.11 (724498105)|ENTERING_MANAGED_PKG|Centify
14:42:08.11 (725135555)|ENTERING_MANAGED_PKG|Centify
14:42:08.11 (734761217)|SOQL_EXECUTE_BEGIN|[16]|Aggregations:0|SELECT Id, CronExpression, CronJobDetail.Name FROM CronTrigger WHERE CronJobDetail.Name LIKE '%Spinify%'
14:42:08.11 (751012767)|SOQL_EXECUTE_END|[16]|Rows:10
14:42:08.11 (751517882)|ENTERING_MANAGED_PKG|Centify
14:42:08.11 (751677380)|ENTERING_MANAGED_PKG|Centify
14:42:08.11 (751750190)|ENTERING_MANAGED_PKG|Centify
14:42:08.11 (752108872)|ENTERING_MANAGED_PKG|Centify
14:42:08.11 (752244337)|ENTERING_MANAGED_PKG|Centify
14:42:08.11 (752368732)|ENTERING_MANAGED_PKG|Centify
14:42:08.11 (752506890)|ENTERING_MANAGED_PKG|Centify
14:42:08.11 (753759238)|ENTERING_MANAGED_PKG|Centify
14:42:08.813 (813497004)|CUMULATIVE_LIMIT_USAGE
14:42:08.813 (813497004)|LIMIT_USAGE_FOR_NS|(default)|
  Number of SOQL queries: 0 out of 100
  Number of query rows: 0 out of 50000
  Number of SOSL queries: 0 out of 20
  Number of DML statements: 0 out of 150
  Number of DML rows: 0 out of 10000
  Maximum CPU time: 398 out of 10000
  Maximum heap size: 0 out of 6000000
  Number of callouts: 0 out of 100
  Number of Email Invocations: 0 out of 10
  Number of future calls: 0 out of 50
  Number of queueable jobs added to the queue: 0 out of 50
  Number of Mobile Apex push calls: 0 out of 10

14:42:08.813 (813497004)|LIMIT_USAGE_FOR_NS|Centify|
  Number of SOQL queries: 5 out of 100
  Number of query rows: 14 out of 50000
  Number of SOSL queries: 0 out of 20
  Number of DML statements: 1 out of 150
  Number of DML rows: 1 out of 10000
  Maximum CPU time: 0 out of 10000
  Maximum heap size: 0 out of 6000000
  Number of callouts: 0 out of 100
  Number of Email Invocations: 0 out of 10
  Number of future calls: 0 out of 50
  Number of queueable jobs added to the queue: 0 out of 50
  Number of Mobile Apex push calls: 0 out of 10

14:42:08.813 (813497004)|CUMULATIVE_LIMIT_USAGE_END

