36.0 APEX_CODE,FINEST;APEX_PROFILING,INFO;CALLOUT,INFO;DB,INFO;NBA,INFO;SYSTEM,DEBUG;VALIDATION,INFO;VISUALFORCE,INFO;WAVE,INFO;WORKFLOW,INFO
14:45:46.0 (145453)|USER_INFO|[EXTERNAL]|00590000000Vmmq|ben@bjbglobal.com.au|Australian Eastern Standard Time|GMT+10:00
14:45:46.0 (195318)|EXECUTION_STARTED
14:45:46.0 (201475)|CODE_UNIT_STARTED|[EXTERNAL]|TRIGGERS
14:45:46.0 (240719)|CODE_UNIT_STARTED|[EXTERNAL]|01q6F000001IGJa|LinkCaseCallstoContact on Task trigger event BeforeInsert|__sfdc_trigger/LinkCaseCallstoContact
14:45:46.0 (297215)|HEAP_ALLOCATE|[EXTERNAL]|Bytes:8
14:45:46.0 (706321)|HEAP_ALLOCATE|[72]|Bytes:3
14:45:46.0 (744496)|HEAP_ALLOCATE|[77]|Bytes:152
14:45:46.0 (758516)|HEAP_ALLOCATE|[342]|Bytes:408
14:45:46.0 (770956)|HEAP_ALLOCATE|[355]|Bytes:408
14:45:46.0 (781823)|HEAP_ALLOCATE|[467]|Bytes:48
14:45:46.0 (805232)|HEAP_ALLOCATE|[139]|Bytes:6
14:45:46.0 (820995)|HEAP_ALLOCATE|[EXTERNAL]|Bytes:6
14:45:46.0 (835073)|HEAP_ALLOCATE|[EXTERNAL]|Bytes:4
14:45:46.0 (844316)|VARIABLE_SCOPE_BEGIN|[1]|this|LinkCaseCallstoContact|true|false
14:45:46.0 (887457)|VARIABLE_ASSIGNMENT|[1]|this|{}|0x1f8aab29
14:45:46.0 (963624)|HEAP_ALLOCATE|[EXTERNAL]|Bytes:4
14:45:46.0 (975537)|VARIABLE_SCOPE_BEGIN|[1]|this|LinkCaseCallstoContact|true|false
14:45:46.0 (995304)|VARIABLE_ASSIGNMENT|[1]|this|{}|0x1f8aab29
14:45:46.0 (1006011)|STATEMENT_EXECUTE|[1]
14:45:46.0 (1051532)|HEAP_ALLOCATE|[50]|Bytes:5
14:45:46.0 (1083538)|HEAP_ALLOCATE|[56]|Bytes:5
14:45:46.0 (1113225)|HEAP_ALLOCATE|[64]|Bytes:7
14:45:46.0 (1472572)|HEAP_ALLOCATE|[2]|Bytes:5
14:45:46.0 (1511425)|HEAP_ALLOCATE|[2]|Bytes:4
14:45:46.0 (1522834)|VARIABLE_SCOPE_BEGIN|[2]|tsk|Task|true|false
14:45:46.0 (18036611)|VARIABLE_ASSIGNMENT|[2]|tsk|{"CallType":"Outbound","IsHighPriority":false,"IsClosed":false,"NVMStatsSF__NVM_Agent__c":"46","Is_Mobile_Number__c":true,"OwnerId":"0056F000007lEwkQAE","IsToday__c":false,"IsReminderSet":false,"Status":"Completed","IsDeleted":false,"WhoId":"0036F00002Bg6QIQAZ","NVMContactWorld__CW_Call_Start_Time__c":"2019-01-09T04:45:45.000Z","ActivityDate":"2019-01-09T00:00:00.000Z","Priority":"Normal","IsVisibleInSelfService":false,"NVMContactWorld__Was_Call_Recorded__c":false,"CurrencyIsoCode":"AUD","IsRecurrence":false,"Subject":"Outbound call to +61 (9 more) ...","IsArchived":false,"CallObject":"016830ee-399a-609d-1 (16 more) ...","NVMContactWorld__Customer_Number__c":"+61406886230","NVMContactWorld__ContactWorld_Number__c":"61731530806","Day_of_the_Week__c":"Wednesday","Call_Duration_min__c":0.00,"Call_Monitored__c":false}|0x3b316a48
14:45:46.0 (18075285)|STATEMENT_EXECUTE|[2]
14:45:46.0 (18130781)|STATEMENT_EXECUTE|[4]
14:45:46.0 (18179219)|HEAP_ALLOCATE|[2]|Bytes:5
14:45:46.0 (18218585)|VARIABLE_ASSIGNMENT|[2]|tsk|null|
14:45:46.18 (18236055)|CUMULATIVE_LIMIT_USAGE
14:45:46.18 (18236055)|LIMIT_USAGE_FOR_NS|(default)|
  Number of SOQL queries: 0 out of 100
  Number of query rows: 0 out of 50000
  Number of SOSL queries: 0 out of 20
  Number of DML statements: 0 out of 150
  Number of DML rows: 0 out of 10000
  Maximum CPU time: 0 out of 10000
  Maximum heap size: 0 out of 6000000
  Number of callouts: 0 out of 100
  Number of Email Invocations: 0 out of 10
  Number of future calls: 0 out of 50
  Number of queueable jobs added to the queue: 0 out of 50
  Number of Mobile Apex push calls: 0 out of 10

14:45:46.18 (18236055)|CUMULATIVE_LIMIT_USAGE_END

14:45:46.0 (19136632)|CODE_UNIT_FINISHED|LinkCaseCallstoContact on Task trigger event BeforeInsert|__sfdc_trigger/LinkCaseCallstoContact
14:45:46.0 (22189404)|CODE_UNIT_STARTED|[EXTERNAL]|01q6F000001IKsI|TaskTrigger on Task trigger event BeforeInsert|__sfdc_trigger/TaskTrigger
14:45:46.0 (22245234)|HEAP_ALLOCATE|[EXTERNAL]|Bytes:8
14:45:46.0 (22385996)|HEAP_ALLOCATE|[EXTERNAL]|Bytes:4
14:45:46.0 (22409822)|VARIABLE_SCOPE_BEGIN|[5]|this|TaskTrigger|true|false
14:45:46.0 (22457239)|VARIABLE_ASSIGNMENT|[5]|this|{}|0x29cda438
14:45:46.0 (22523896)|HEAP_ALLOCATE|[EXTERNAL]|Bytes:4
14:45:46.0 (22532880)|VARIABLE_SCOPE_BEGIN|[5]|this|TaskTrigger|true|false
14:45:46.0 (22545645)|VARIABLE_ASSIGNMENT|[5]|this|{}|0x29cda438
14:45:46.0 (22553671)|STATEMENT_EXECUTE|[5]
14:45:46.0 (22583466)|STATEMENT_EXECUTE|[6]
14:45:46.0 (22585085)|STATEMENT_EXECUTE|[7]
14:45:46.0 (24582245)|VARIABLE_SCOPE_BEGIN|[2]|TaskHelper.TASK_STATUS|String|false|true
14:45:46.0 (24597138)|VARIABLE_SCOPE_BEGIN|[3]|TaskHelper.TASK_SUBJECT|String|false|true
14:45:46.0 (24604615)|VARIABLE_SCOPE_BEGIN|[4]|TaskHelper.TASK_TYPE|String|false|true
14:45:46.0 (24656597)|HEAP_ALLOCATE|[7]|Bytes:4
14:45:46.0 (24667542)|HEAP_ALLOCATE|[7]|Bytes:2
14:45:46.0 (24687564)|METHOD_ENTRY|[1]|01p6F000009rWtF|TaskHelper.TaskHelper()
14:45:46.0 (24694727)|STATEMENT_EXECUTE|[1]
14:45:46.0 (24698404)|STATEMENT_EXECUTE|[1]
14:45:46.0 (24699909)|STATEMENT_EXECUTE|[2]
14:45:46.0 (24710808)|HEAP_ALLOCATE|[2]|Bytes:9
14:45:46.0 (24730329)|VARIABLE_ASSIGNMENT|[2]|TaskHelper.TASK_STATUS|"Completed"
14:45:46.0 (24735379)|STATEMENT_EXECUTE|[3]
14:45:46.0 (24741550)|HEAP_ALLOCATE|[3]|Bytes:16
14:45:46.0 (24751106)|VARIABLE_ASSIGNMENT|[3]|TaskHelper.TASK_SUBJECT|"Outbound call to"
14:45:46.0 (24755299)|STATEMENT_EXECUTE|[4]
14:45:46.0 (24759361)|HEAP_ALLOCATE|[4]|Bytes:8
14:45:46.0 (24766919)|VARIABLE_ASSIGNMENT|[4]|TaskHelper.TASK_TYPE|"Outbound"
14:45:46.0 (24776234)|METHOD_EXIT|[1]|TaskHelper
14:45:46.0 (24790318)|HEAP_ALLOCATE|[7]|Bytes:4
14:45:46.0 (24804373)|CONSTRUCTOR_ENTRY|[7]|01p6F000009rWtF|<init>()|TaskHelper
14:45:46.0 (24830046)|VARIABLE_SCOPE_BEGIN|[1]|this|TaskHelper|true|false
14:45:46.0 (24851536)|VARIABLE_ASSIGNMENT|[1]|this|{}|0x5e94c1f1
14:45:46.0 (24862366)|HEAP_ALLOCATE|[EXTERNAL]|Bytes:6
14:45:46.0 (24901788)|STATEMENT_EXECUTE|[1]
14:45:46.0 (24908365)|CONSTRUCTOR_EXIT|[7]|01p6F000009rWtF|<init>()|TaskHelper
14:45:46.0 (24921031)|VARIABLE_SCOPE_BEGIN|[7]|helper|TaskHelper|true|false
14:45:46.0 (24942442)|VARIABLE_ASSIGNMENT|[7]|helper|{}|0x5e94c1f1
14:45:46.0 (24951103)|STATEMENT_EXECUTE|[8]
14:45:46.0 (25008249)|METHOD_ENTRY|[8]|01p6F000009rWtF|TaskHelper.setupContactToReurnCallTasks(List<Task>)
14:45:46.0 (25036386)|VARIABLE_SCOPE_BEGIN|[11]|this|TaskHelper|true|false
14:45:46.0 (25050038)|VARIABLE_ASSIGNMENT|[11]|this|{}|0x5e94c1f1
14:45:46.0 (25056675)|VARIABLE_SCOPE_BEGIN|[11]|newTasks|List<Task>|true|false
14:45:46.0 (26276046)|VARIABLE_ASSIGNMENT|[11]|newTasks|[{"CallType":"Outbound","IsHighPriority":false,"IsClosed":false,"NVMStatsSF__NVM_Agent__c":"46","Is_Mobile_Number__c":true,"OwnerId":"0056F000007lEwkQAE","IsToday__c":false,"IsReminderSet":false,"Status":"Completed","IsDeleted":false,"WhoId":"0036F00002Bg6QIQAZ","NVMContactWorld__CW_Call_Start_Time__c":"2019-01-09T04:45:45.000Z","ActivityDate":"2019-01-09T00:00:00.000Z","Priority":"Normal","IsVisibleInSelfService":false,"NVMContactWorld__Was_Call_Recorded__c":false,"CurrencyIsoCode":"AUD","IsRecurrence":false,"Subject":"Outbound call to +61 (9 more) ...","IsArchived":false,"CallObject":"016830ee-399a-609d-1 (16 more) ...","NVMContactWorld__Customer_Number__c":"+61406886230","NVMContactWorld__ContactWorld_Number__c":"61731530806","Day_of_the_Week__c":"Wednesday","Call_Duration_min__c":0.00,"Call_Monitored__c":false}]|0x7d6f22bc
14:45:46.0 (26299974)|STATEMENT_EXECUTE|[11]
14:45:46.0 (26302578)|STATEMENT_EXECUTE|[12]
14:45:46.0 (26329708)|HEAP_ALLOCATE|[12]|Bytes:4
14:45:46.0 (26380201)|VARIABLE_SCOPE_BEGIN|[12]|voicemailIds|List<Id>|true|false
14:45:46.0 (26411630)|HEAP_ALLOCATE|[EXTERNAL]|Bytes:4
14:45:46.0 (26422487)|VARIABLE_ASSIGNMENT|[12]|voicemailIds|[]|0x50cefa9
14:45:46.0 (26428175)|STATEMENT_EXECUTE|[13]
14:45:46.0 (26447898)|HEAP_ALLOCATE|[13]|Bytes:4
14:45:46.0 (26460079)|VARIABLE_SCOPE_BEGIN|[13]|contactIds|Map<Id,Id>|true|false
14:45:46.0 (26476737)|VARIABLE_ASSIGNMENT|[13]|contactIds|{}|0x76954ea0
14:45:46.0 (26482493)|STATEMENT_EXECUTE|[14]
14:45:46.0 (26492663)|HEAP_ALLOCATE|[14]|Bytes:4
14:45:46.0 (26510725)|VARIABLE_SCOPE_BEGIN|[14]|results|List<Task>|true|false
14:45:46.0 (26519782)|HEAP_ALLOCATE|[EXTERNAL]|Bytes:4
14:45:46.0 (26527093)|VARIABLE_ASSIGNMENT|[14]|results|[]|0x24414422
14:45:46.0 (26579787)|HEAP_ALLOCATE|[16]|Bytes:5
14:45:46.0 (26601089)|HEAP_ALLOCATE|[16]|Bytes:4
14:45:46.0 (26612587)|VARIABLE_SCOPE_BEGIN|[16]|item|Task|true|false
14:45:46.0 (27373177)|VARIABLE_ASSIGNMENT|[16]|item|{"CallType":"Outbound","IsHighPriority":false,"IsClosed":false,"NVMStatsSF__NVM_Agent__c":"46","Is_Mobile_Number__c":true,"OwnerId":"0056F000007lEwkQAE","IsToday__c":false,"IsReminderSet":false,"Status":"Completed","IsDeleted":false,"WhoId":"0036F00002Bg6QIQAZ","NVMContactWorld__CW_Call_Start_Time__c":"2019-01-09T04:45:45.000Z","ActivityDate":"2019-01-09T00:00:00.000Z","Priority":"Normal","IsVisibleInSelfService":false,"NVMContactWorld__Was_Call_Recorded__c":false,"CurrencyIsoCode":"AUD","IsRecurrence":false,"Subject":"Outbound call to +61 (9 more) ...","IsArchived":false,"CallObject":"016830ee-399a-609d-1 (16 more) ...","NVMContactWorld__Customer_Number__c":"+61406886230","NVMContactWorld__ContactWorld_Number__c":"61731530806","Day_of_the_Week__c":"Wednesday","Call_Duration_min__c":0.00,"Call_Monitored__c":false}|0x3b316a48
14:45:46.0 (27393141)|STATEMENT_EXECUTE|[16]
14:45:46.0 (27558213)|STATEMENT_EXECUTE|[17]
14:45:46.0 (27578711)|HEAP_ALLOCATE|[16]|Bytes:5
14:45:46.0 (27596642)|VARIABLE_ASSIGNMENT|[16]|item|null|
14:45:46.0 (27602975)|STATEMENT_EXECUTE|[28]
14:45:46.0 (27609946)|HEAP_ALLOCATE|[28]|Bytes:72
14:45:46.0 (27629280)|HEAP_ALLOCATE|[28]|Bytes:4
14:45:46.0 (27640483)|HEAP_ALLOCATE|[28]|Bytes:7
14:45:46.0 (29234827)|SOQL_EXECUTE_BEGIN|[28]|Aggregations:0|SELECT Id, Account__c, Contact__c FROM Voicemail__c WHERE id IN :tmpVar1
14:45:46.0 (30902650)|SOQL_EXECUTE_END|[28]|Rows:0
14:45:46.0 (30934123)|HEAP_ALLOCATE|[28]|Bytes:4
14:45:46.0 (30947193)|HEAP_ALLOCATE|[28]|Bytes:0
14:45:46.0 (31018149)|HEAP_ALLOCATE|[28]|Bytes:4
14:45:46.0 (31038542)|VARIABLE_SCOPE_BEGIN|[28]|voicemails|List<Voicemail__c>|true|false
14:45:46.0 (31061686)|VARIABLE_ASSIGNMENT|[28]|voicemails|[]|0x7f6cd993
14:45:46.0 (31262309)|HEAP_ALLOCATE|[29]|Bytes:5
14:45:46.0 (31283050)|VARIABLE_ASSIGNMENT|[29]|item|null|
14:45:46.0 (31291126)|STATEMENT_EXECUTE|[29]
14:45:46.0 (31329001)|HEAP_ALLOCATE|[34]|Bytes:5
14:45:46.0 (31346131)|HEAP_ALLOCATE|[34]|Bytes:4
14:45:46.0 (31356210)|VARIABLE_SCOPE_BEGIN|[34]|item|Task|true|false
14:45:46.0 (32266680)|VARIABLE_ASSIGNMENT|[34]|item|{"CallType":"Outbound","IsHighPriority":false,"IsClosed":false,"NVMStatsSF__NVM_Agent__c":"46","Is_Mobile_Number__c":true,"OwnerId":"0056F000007lEwkQAE","IsToday__c":false,"IsReminderSet":false,"Status":"Completed","IsDeleted":false,"WhoId":"0036F00002Bg6QIQAZ","NVMContactWorld__CW_Call_Start_Time__c":"2019-01-09T04:45:45.000Z","ActivityDate":"2019-01-09T00:00:00.000Z","Priority":"Normal","IsVisibleInSelfService":false,"NVMContactWorld__Was_Call_Recorded__c":false,"CurrencyIsoCode":"AUD","IsRecurrence":false,"Subject":"Outbound call to +61 (9 more) ...","IsArchived":false,"CallObject":"016830ee-399a-609d-1 (16 more) ...","NVMContactWorld__Customer_Number__c":"+61406886230","NVMContactWorld__ContactWorld_Number__c":"61731530806","Day_of_the_Week__c":"Wednesday","Call_Duration_min__c":0.00,"Call_Monitored__c":false}|0x3b316a48
14:45:46.0 (32286723)|STATEMENT_EXECUTE|[34]
14:45:46.0 (32288910)|STATEMENT_EXECUTE|[35]
14:45:46.0 (33149619)|VARIABLE_ASSIGNMENT|[35]|this.WhoId|null|0x3b316a48
14:45:46.0 (33178503)|HEAP_ALLOCATE|[34]|Bytes:5
14:45:46.0 (33196043)|VARIABLE_ASSIGNMENT|[34]|item|null|
14:45:46.0 (33209000)|METHOD_EXIT|[8]|01p6F000009rWtF|TaskHelper.setupContactToReurnCallTasks(List<Task>)
14:45:46.33 (33222046)|CUMULATIVE_LIMIT_USAGE
14:45:46.33 (33222046)|LIMIT_USAGE_FOR_NS|(default)|
  Number of SOQL queries: 1 out of 100
  Number of query rows: 0 out of 50000
  Number of SOSL queries: 0 out of 20
  Number of DML statements: 0 out of 150
  Number of DML rows: 0 out of 10000
  Maximum CPU time: 0 out of 10000
  Maximum heap size: 0 out of 6000000
  Number of callouts: 0 out of 100
  Number of Email Invocations: 0 out of 10
  Number of future calls: 0 out of 50
  Number of queueable jobs added to the queue: 0 out of 50
  Number of Mobile Apex push calls: 0 out of 10

14:45:46.33 (33222046)|CUMULATIVE_LIMIT_USAGE_END

14:45:46.0 (34310365)|CODE_UNIT_FINISHED|TaskTrigger on Task trigger event BeforeInsert|__sfdc_trigger/TaskTrigger
14:45:46.0 (38883608)|CODE_UNIT_STARTED|[EXTERNAL]|Validation:Task:new
14:45:46.0 (38910906)|VALIDATION_RULE|03d6F000000qFaO|Finish_all_call_monitor_field
14:45:46.0 (39567169)|VALIDATION_FORMULA|AND(!ISBLANK(Monitored_By__c),
    OR(ISBLANK( TEXT(CM_advised_what_will_happen_next__c)),
       ISBLANK( TEXT(Allow_customer_to_present_concerns__c) ),
       ISBLANK( TEXT(Communication_is_clear_positive_confiden__c) ),
       ISBLANK( TEXT(Demonstrate_active_listening__c )),
       ISBLANK( TEXT(Gave_correct_answers_and_infomations__c) ),
       ISBLANK( TEXT(Mirrors_clients_talking_behaviour__c) ) ))|CM_advised_what_will_happen_next__c=null , Demonstrate_active_listening__c=null , Communication_is_clear_positive_confiden__c=null , Allow_customer_to_present_concerns__c=null , Gave_correct_answers_and_infomations__c=null , Mirrors_clients_talking_behaviour__c=null , Monitored_By__c=null
14:45:46.0 (39592119)|VALIDATION_PASS
14:45:46.0 (39596173)|VALIDATION_RULE|03d900000009JbB|Interac_Quality_Must_Be_Between_1_and_10
14:45:46.0 (39717074)|VALIDATION_FORMULA|NVMContactWorld__InteractionQuality__c < 1  &#124;&#124;  NVMContactWorld__InteractionQuality__c > 10|NVMContactWorld__InteractionQuality__c=null
14:45:46.0 (39730701)|VALIDATION_PASS
14:45:46.0 (39915493)|CODE_UNIT_FINISHED|Validation:Task:new
14:45:46.0 (99070307)|CODE_UNIT_STARTED|[EXTERNAL]|Workflow:Task
14:45:46.0 (109385454)|WF_RULE_EVAL_BEGIN|Workflow
14:45:46.0 (109430060)|WF_CRITERIA_BEGIN|[Task:  00T6F00005LrSDl]|Update Call Monitor Details|01Q6F0000002Tdt|ON_CREATE_OR_TRIGGERING_UPDATE|0
14:45:46.0 (112079938)|WF_RULE_FILTER|[Task : Monitored By not equal to ]
14:45:46.0 (112105191)|WF_RULE_EVAL_VALUE|
14:45:46.0 (112110968)|WF_CRITERIA_END|false
14:45:46.0 (112130042)|WF_CRITERIA_BEGIN|[Task:  00T6F00005LrSDl]|Update_Callback_Request_Due_Date3016F0000005i0e|01Q6F0000019gyq|ON_CREATE_ONLY|0
14:45:46.0 (112224845)|WF_FORMULA|Formula:ENCODED:[treatNullAsNull]true|Values:
14:45:46.0 (112235362)|WF_CRITERIA_END|true
14:45:46.0 (112960413)|WF_CRITERIA_BEGIN|[Task:  00T6F00005LrSDl]|Call Back Request From LinX|01Q6F000001EY2L|ON_CREATE_OR_TRIGGERING_UPDATE|0
14:45:46.0 (113014146)|WF_RULE_FILTER|[Task : Subject equals Callback Request]
14:45:46.0 (113030020)|WF_RULE_EVAL_VALUE|Outbound call to +61406886230
14:45:46.0 (113034348)|WF_CRITERIA_END|false
14:45:46.0 (113041410)|WF_CRITERIA_BEGIN|[Task:  00T6F00005LrSDl]|Call_Monitor3016F00000054R3|01Q6F000000oOu7|ON_ALL_CHANGES|0
14:45:46.0 (113092446)|WF_FORMULA|Formula:ENCODED:[treatNullAsNull]true|Values:
14:45:46.0 (113098365)|WF_CRITERIA_END|true
14:45:46.0 (113118251)|WF_SPOOL_ACTION_BEGIN|Workflow
14:45:46.0 (113143726)|WF_ACTION| Flow Trigger: 2;
14:45:46.0 (113148542)|WF_RULE_EVAL_END
14:45:46.0 (113200391)|WF_FLOW_ACTION_BEGIN|09L6F000000PWtL
14:45:46.114 (114580273)|FLOW_CREATE_INTERVIEW_BEGIN|00D90000000IJSa|3006F00000091km|3016F0000005i0e
14:45:46.114 (115244820)|FLOW_CREATE_INTERVIEW_END|462977efcbd3732705445f072c1116830ea77a6-4cf2|Update Callback Request Due Date
14:45:46.115 (115566978)|FLOW_START_INTERVIEWS_BEGIN|1
14:45:46.115 (115590739)|FLOW_START_INTERVIEW_BEGIN|462977efcbd3732705445f072c1116830ea77a6-4cf2|Update Callback Request Due Date
14:45:46.115 (117617094)|FLOW_START_INTERVIEW_END|462977efcbd3732705445f072c1116830ea77a6-4cf2|Update Callback Request Due Date
14:45:46.115 (117637127)|FLOW_START_INTERVIEWS_END|1
14:45:46.0 (119023363)|WF_FLOW_ACTION_END|09L6F000000PWtL
14:45:46.0 (119058958)|WF_FLOW_ACTION_BEGIN|09L6F000000PGTV
14:45:46.120 (120594484)|FLOW_CREATE_INTERVIEW_BEGIN|00D90000000IJSa|3006F0000008usA|3016F00000054R3
14:45:46.120 (121386733)|FLOW_CREATE_INTERVIEW_END|463077efcbd3732705445f072c1116830ea77a6-4cf1|Call Monitoring
14:45:46.121 (121695570)|FLOW_START_INTERVIEWS_BEGIN|1
14:45:46.121 (121716123)|FLOW_START_INTERVIEW_BEGIN|463077efcbd3732705445f072c1116830ea77a6-4cf1|Call Monitoring
14:45:46.121 (124003606)|FLOW_START_INTERVIEW_END|463077efcbd3732705445f072c1116830ea77a6-4cf1|Call Monitoring
14:45:46.121 (124022500)|FLOW_START_INTERVIEWS_END|1
14:45:46.0 (124706350)|WF_FLOW_ACTION_END|09L6F000000PGTV
14:45:46.0 (124810930)|WF_ACTIONS_END| Flow Trigger: 2;
14:45:46.0 (124820239)|CODE_UNIT_FINISHED|Workflow:Task
14:45:46.0 (148936789)|CODE_UNIT_FINISHED|TRIGGERS
14:45:46.0 (148958999)|EXECUTION_FINISHED
