37.0 APEX_CODE,FINEST;APEX_PROFILING,INFO;CALLOUT,INFO;DB,INFO;NBA,INFO;SYSTEM,DEBUG;VALIDATION,INFO;VISUALFORCE,INFO;WAVE,INFO;WORKFLOW,INFO
14:50:20.16 (16330154)|ENTERING_MANAGED_PKG|Centify
14:50:20.16 (17689180)|ENTERING_MANAGED_PKG|Centify
14:50:20.16 (17771785)|ENTERING_MANAGED_PKG|Centify
14:50:20.16 (18247008)|ENTERING_MANAGED_PKG|Centify
14:50:20.16 (18320321)|ENTERING_MANAGED_PKG|Centify
14:50:20.16 (19016186)|ENTERING_MANAGED_PKG|Centify
14:50:20.16 (19295244)|ENTERING_MANAGED_PKG|Centify
14:50:20.16 (19325377)|ENTERING_MANAGED_PKG|Centify
14:50:20.16 (19406437)|ENTERING_MANAGED_PKG|Centify
14:50:20.16 (19449246)|ENTERING_MANAGED_PKG|Centify
14:50:20.16 (19481825)|ENTERING_MANAGED_PKG|Centify
14:50:20.16 (19502557)|ENTERING_MANAGED_PKG|Centify
14:50:20.16 (19519075)|ENTERING_MANAGED_PKG|Centify
14:50:20.16 (19703411)|ENTERING_MANAGED_PKG|Centify
14:50:20.16 (102036136)|ENTERING_MANAGED_PKG|Centify
14:50:20.16 (102114460)|ENTERING_MANAGED_PKG|Centify
14:50:20.16 (102232392)|ENTERING_MANAGED_PKG|Centify
14:50:20.16 (102287645)|ENTERING_MANAGED_PKG|Centify
14:50:20.16 (316342202)|ENTERING_MANAGED_PKG|Centify
14:50:20.16 (382725525)|ENTERING_MANAGED_PKG|Centify
14:50:20.16 (395393696)|ENTERING_MANAGED_PKG|Centify
14:50:20.16 (395450926)|ENTERING_MANAGED_PKG|Centify
14:50:20.16 (395536213)|ENTERING_MANAGED_PKG|Centify
14:50:20.16 (395572512)|ENTERING_MANAGED_PKG|Centify
14:50:20.16 (395641100)|ENTERING_MANAGED_PKG|Centify
14:50:20.16 (428899039)|ENTERING_MANAGED_PKG|Centify
14:50:20.16 (444068398)|ENTERING_MANAGED_PKG|Centify
14:50:20.16 (444120688)|ENTERING_MANAGED_PKG|Centify
14:50:20.16 (444201598)|ENTERING_MANAGED_PKG|Centify
14:50:20.16 (444237319)|ENTERING_MANAGED_PKG|Centify
14:50:20.16 (444310418)|ENTERING_MANAGED_PKG|Centify
14:50:20.16 (477741486)|ENTERING_MANAGED_PKG|Centify
14:50:20.16 (492359822)|ENTERING_MANAGED_PKG|Centify
14:50:20.16 (492413388)|ENTERING_MANAGED_PKG|Centify
14:50:20.16 (492495833)|ENTERING_MANAGED_PKG|Centify
14:50:20.16 (492531345)|ENTERING_MANAGED_PKG|Centify
14:50:20.16 (492598759)|ENTERING_MANAGED_PKG|Centify
14:50:20.16 (526418420)|ENTERING_MANAGED_PKG|Centify
14:50:20.16 (547206418)|ENTERING_MANAGED_PKG|Centify
14:50:20.16 (547264026)|ENTERING_MANAGED_PKG|Centify
14:50:20.16 (547366172)|ENTERING_MANAGED_PKG|Centify
14:50:20.16 (547406631)|ENTERING_MANAGED_PKG|Centify
14:50:20.16 (547479403)|ENTERING_MANAGED_PKG|Centify
14:50:20.16 (592558208)|ENTERING_MANAGED_PKG|Centify
14:50:20.16 (611120873)|ENTERING_MANAGED_PKG|Centify
14:50:20.16 (611173868)|ENTERING_MANAGED_PKG|Centify
14:50:20.16 (611255488)|ENTERING_MANAGED_PKG|Centify
14:50:20.16 (611296436)|ENTERING_MANAGED_PKG|Centify
14:50:20.16 (611364751)|ENTERING_MANAGED_PKG|Centify
14:50:20.16 (658223571)|ENTERING_MANAGED_PKG|Centify
14:50:20.16 (676317046)|ENTERING_MANAGED_PKG|Centify
14:50:20.16 (676374741)|ENTERING_MANAGED_PKG|Centify
14:50:20.16 (676458079)|ENTERING_MANAGED_PKG|Centify
14:50:20.16 (676494107)|ENTERING_MANAGED_PKG|Centify
14:50:20.16 (676562577)|ENTERING_MANAGED_PKG|Centify
14:50:20.16 (711032710)|ENTERING_MANAGED_PKG|Centify
14:50:20.16 (726744567)|ENTERING_MANAGED_PKG|Centify
14:50:20.16 (726804638)|ENTERING_MANAGED_PKG|Centify
14:50:20.16 (726892345)|ENTERING_MANAGED_PKG|Centify
14:50:20.16 (726929360)|ENTERING_MANAGED_PKG|Centify
14:50:20.16 (726997919)|ENTERING_MANAGED_PKG|Centify
14:50:20.16 (762846260)|ENTERING_MANAGED_PKG|Centify
14:50:20.16 (762904967)|ENTERING_MANAGED_PKG|Centify
14:50:20.16 (763047063)|ENTERING_MANAGED_PKG|Centify
14:50:20.16 (763078393)|ENTERING_MANAGED_PKG|Centify
14:50:20.16 (763220894)|ENTERING_MANAGED_PKG|Centify
14:50:20.16 (763261146)|ENTERING_MANAGED_PKG|Centify
14:50:20.16 (763300505)|ENTERING_MANAGED_PKG|Centify
14:50:20.16 (763556845)|ENTERING_MANAGED_PKG|Centify
14:50:20.16 (763635190)|ENTERING_MANAGED_PKG|Centify
14:50:20.16 (775042983)|ENTERING_MANAGED_PKG|Centify
14:50:20.16 (775202755)|ENTERING_MANAGED_PKG|Centify
14:50:20.16 (775890802)|ENTERING_MANAGED_PKG|Centify
14:50:20.16 (776768937)|SOQL_EXECUTE_BEGIN|[16]|Aggregations:0|select id,lastmodifieddate,isdeleted,name,ownerid,has_the_save_strategy_been_implemented__c,status__c,product_type__c from Cases__c where LastModifiedDate >2019-01-09T04:49:18Z AND LastModifiedDate < 2019-01-09T04:50:25Z  ORDER BY SystemModStamp DESC LIMIT 5000  ALL ROWS
14:50:20.16 (787460797)|SOQL_EXECUTE_END|[16]|Rows:1
14:50:20.814 (814440824)|CUMULATIVE_LIMIT_USAGE
14:50:20.814 (814440824)|LIMIT_USAGE_FOR_NS|(default)|
  Number of SOQL queries: 0 out of 200
  Number of query rows: 0 out of 50000
  Number of SOSL queries: 0 out of 20
  Number of DML statements: 0 out of 150
  Number of DML rows: 0 out of 10000
  Maximum CPU time: 0 out of 60000
  Maximum heap size: 0 out of 12000000
  Number of callouts: 0 out of 0
  Number of Email Invocations: 0 out of 10
  Number of future calls: 0 out of 0
  Number of queueable jobs added to the queue: 0 out of 1
  Number of Mobile Apex push calls: 0 out of 10

14:50:20.814 (814440824)|LIMIT_USAGE_FOR_NS|Centify|
  Number of SOQL queries: 0 out of 200
  Number of query rows: 0 out of 50000
  Number of SOSL queries: 0 out of 20
  Number of DML statements: 0 out of 150
  Number of DML rows: 0 out of 10000
  Maximum CPU time: 0 out of 60000
  Maximum heap size: 0 out of 12000000
  Number of callouts: 0 out of 0
  Number of Email Invocations: 0 out of 10
  Number of future calls: 0 out of 0
  Number of queueable jobs added to the queue: 0 out of 1
  Number of Mobile Apex push calls: 0 out of 10

14:50:20.814 (814440824)|CUMULATIVE_LIMIT_USAGE_END

