37.0 APEX_CODE,FINEST;APEX_PROFILING,INFO;CALLOUT,INFO;DB,INFO;NBA,INFO;SYSTEM,DEBUG;VALIDATION,INFO;VISUALFORCE,INFO;WAVE,INFO;WORKFLOW,INFO
14:50:21.9 (9783387)|ENTERING_MANAGED_PKG|Centify
14:50:21.9 (11677942)|ENTERING_MANAGED_PKG|Centify
14:50:21.9 (11733637)|ENTERING_MANAGED_PKG|Centify
14:50:21.9 (11912522)|ENTERING_MANAGED_PKG|Centify
14:50:21.9 (11948829)|ENTERING_MANAGED_PKG|Centify
14:50:21.9 (12037326)|ENTERING_MANAGED_PKG|Centify
14:50:21.9 (12563529)|ENTERING_MANAGED_PKG|Centify
14:50:21.9 (15565284)|ENTERING_MANAGED_PKG|Centify
14:50:21.9 (15636575)|ENTERING_MANAGED_PKG|Centify
14:50:21.9 (15990157)|ENTERING_MANAGED_PKG|Centify
14:50:21.9 (16030391)|ENTERING_MANAGED_PKG|Centify
14:50:21.9 (16344843)|ENTERING_MANAGED_PKG|Centify
14:50:21.9 (16524514)|ENTERING_MANAGED_PKG|Centify
14:50:21.9 (16570115)|ENTERING_MANAGED_PKG|Centify
14:50:21.9 (16706084)|ENTERING_MANAGED_PKG|Centify
14:50:21.9 (16778780)|ENTERING_MANAGED_PKG|Centify
14:50:21.9 (16813198)|ENTERING_MANAGED_PKG|Centify
14:50:21.9 (16921240)|ENTERING_MANAGED_PKG|Centify
14:50:21.9 (16955535)|ENTERING_MANAGED_PKG|Centify
14:50:21.9 (17000148)|ENTERING_MANAGED_PKG|Centify
14:50:21.9 (17162312)|ENTERING_MANAGED_PKG|Centify
14:50:21.9 (17211988)|ENTERING_MANAGED_PKG|Centify
14:50:21.9 (18073154)|ENTERING_MANAGED_PKG|Centify
14:50:21.9 (18122223)|ENTERING_MANAGED_PKG|Centify
14:50:21.9 (18161407)|ENTERING_MANAGED_PKG|Centify
14:50:21.9 (18341165)|ENTERING_MANAGED_PKG|Centify
14:50:21.9 (18416792)|ENTERING_MANAGED_PKG|Centify
14:50:21.9 (18712588)|ENTERING_MANAGED_PKG|Centify
14:50:21.9 (18824807)|ENTERING_MANAGED_PKG|Centify
14:50:21.9 (19064708)|ENTERING_MANAGED_PKG|Centify
14:50:21.9 (19246578)|ENTERING_MANAGED_PKG|Centify
14:50:21.9 (19356192)|ENTERING_MANAGED_PKG|Centify
14:50:21.9 (19449273)|ENTERING_MANAGED_PKG|Centify
14:50:21.9 (19548787)|ENTERING_MANAGED_PKG|Centify
14:50:21.9 (19722387)|ENTERING_MANAGED_PKG|Centify
14:50:21.9 (19827352)|ENTERING_MANAGED_PKG|Centify
14:50:21.9 (19915419)|ENTERING_MANAGED_PKG|Centify
14:50:21.9 (20012889)|ENTERING_MANAGED_PKG|Centify
14:50:21.9 (20099310)|ENTERING_MANAGED_PKG|Centify
14:50:21.9 (20194693)|ENTERING_MANAGED_PKG|Centify
14:50:21.9 (20280414)|ENTERING_MANAGED_PKG|Centify
14:50:21.9 (20379020)|ENTERING_MANAGED_PKG|Centify
14:50:21.9 (20463609)|ENTERING_MANAGED_PKG|Centify
14:50:21.9 (20557148)|ENTERING_MANAGED_PKG|Centify
14:50:21.9 (20641951)|ENTERING_MANAGED_PKG|Centify
14:50:21.9 (20737424)|ENTERING_MANAGED_PKG|Centify
14:50:21.9 (20821389)|ENTERING_MANAGED_PKG|Centify
14:50:21.9 (20915435)|ENTERING_MANAGED_PKG|Centify
14:50:21.9 (21100870)|ENTERING_MANAGED_PKG|Centify
14:50:21.9 (21210294)|ENTERING_MANAGED_PKG|Centify
14:50:21.9 (21394340)|ENTERING_MANAGED_PKG|Centify
14:50:21.9 (21493334)|ENTERING_MANAGED_PKG|Centify
14:50:21.9 (21579274)|ENTERING_MANAGED_PKG|Centify
14:50:21.9 (21669748)|ENTERING_MANAGED_PKG|Centify
14:50:21.9 (21754744)|ENTERING_MANAGED_PKG|Centify
14:50:21.9 (21852534)|ENTERING_MANAGED_PKG|Centify
14:50:21.9 (22023140)|ENTERING_MANAGED_PKG|Centify
14:50:21.9 (22129210)|ENTERING_MANAGED_PKG|Centify
14:50:21.9 (22287036)|ENTERING_MANAGED_PKG|Centify
14:50:21.9 (22403002)|ENTERING_MANAGED_PKG|Centify
14:50:21.9 (22570962)|ENTERING_MANAGED_PKG|Centify
14:50:21.9 (22667856)|ENTERING_MANAGED_PKG|Centify
14:50:21.9 (22752326)|ENTERING_MANAGED_PKG|Centify
14:50:21.9 (22846272)|ENTERING_MANAGED_PKG|Centify
14:50:21.9 (22931449)|ENTERING_MANAGED_PKG|Centify
14:50:21.9 (23024201)|ENTERING_MANAGED_PKG|Centify
14:50:21.9 (23138744)|ENTERING_MANAGED_PKG|Centify
14:50:21.9 (23249967)|ENTERING_MANAGED_PKG|Centify
14:50:21.9 (23339604)|ENTERING_MANAGED_PKG|Centify
14:50:21.9 (23448601)|ENTERING_MANAGED_PKG|Centify
14:50:21.9 (23628966)|ENTERING_MANAGED_PKG|Centify
14:50:21.9 (23717371)|ENTERING_MANAGED_PKG|Centify
14:50:21.9 (23780282)|ENTERING_MANAGED_PKG|Centify
14:50:21.9 (23879787)|ENTERING_MANAGED_PKG|Centify
14:50:21.9 (23962380)|ENTERING_MANAGED_PKG|Centify
14:50:21.9 (24038377)|ENTERING_MANAGED_PKG|Centify
14:50:21.9 (24404768)|ENTERING_MANAGED_PKG|Centify
14:50:21.9 (24445518)|ENTERING_MANAGED_PKG|Centify
14:50:21.9 (24519605)|ENTERING_MANAGED_PKG|Centify
14:50:21.9 (24572062)|ENTERING_MANAGED_PKG|Centify
14:50:21.9 (24613074)|ENTERING_MANAGED_PKG|Centify
14:50:21.9 (24709760)|ENTERING_MANAGED_PKG|Centify
14:50:21.9 (27004701)|DML_BEGIN|[76]|Op:Insert|Type:Centify__Notification__c|Rows:1
14:50:21.9 (56947592)|DML_END|[76]
14:50:21.9 (57145236)|ENTERING_MANAGED_PKG|Centify
14:50:21.9 (57572369)|ENTERING_MANAGED_PKG|Centify
14:50:21.79 (79394427)|CUMULATIVE_LIMIT_USAGE
14:50:21.79 (79394427)|LIMIT_USAGE_FOR_NS|(default)|
  Number of SOQL queries: 0 out of 200
  Number of query rows: 0 out of 50000
  Number of SOSL queries: 0 out of 20
  Number of DML statements: 0 out of 150
  Number of DML rows: 0 out of 10000
  Maximum CPU time: 0 out of 60000
  Maximum heap size: 0 out of 12000000
  Number of callouts: 0 out of 0
  Number of Email Invocations: 0 out of 10
  Number of future calls: 0 out of 0
  Number of queueable jobs added to the queue: 0 out of 1
  Number of Mobile Apex push calls: 0 out of 10

14:50:21.79 (79394427)|LIMIT_USAGE_FOR_NS|Centify|
  Number of SOQL queries: 0 out of 200
  Number of query rows: 0 out of 50000
  Number of SOSL queries: 0 out of 20
  Number of DML statements: 0 out of 150
  Number of DML rows: 0 out of 10000
  Maximum CPU time: 0 out of 60000
  Maximum heap size: 0 out of 12000000
  Number of callouts: 0 out of 0
  Number of Email Invocations: 0 out of 10
  Number of future calls: 0 out of 0
  Number of queueable jobs added to the queue: 0 out of 1
  Number of Mobile Apex push calls: 0 out of 10

14:50:21.79 (79394427)|CUMULATIVE_LIMIT_USAGE_END

