31.0 APEX_CODE,FINEST;APEX_PROFILING,INFO;CALLOUT,INFO;DB,INFO;NBA,INFO;SYSTEM,DEBUG;VALIDATION,INFO;VISUALFORCE,INFO;WAVE,INFO;WORKFLOW,INFO
14:36:57.0 (109969)|USER_INFO|[EXTERNAL]|00590000000Vmmq|ben@bjbglobal.com.au|Australian Eastern Standard Time|GMT+10:00
14:36:57.0 (149957)|EXECUTION_STARTED
14:36:57.0 (155056)|CODE_UNIT_STARTED|[EXTERNAL]|TRIGGERS
14:36:57.0 (188233)|CODE_UNIT_STARTED|[EXTERNAL]|01q6F000000DhRF|TaskBeforeUpdate on Task trigger event BeforeUpdate|__sfdc_trigger/TaskBeforeUpdate
14:36:57.0 (222723)|HEAP_ALLOCATE|[EXTERNAL]|Bytes:8
14:36:57.0 (277651)|HEAP_ALLOCATE|[EXTERNAL]|Bytes:8
14:36:57.0 (677052)|HEAP_ALLOCATE|[72]|Bytes:3
14:36:57.0 (709036)|HEAP_ALLOCATE|[77]|Bytes:152
14:36:57.0 (722125)|HEAP_ALLOCATE|[342]|Bytes:408
14:36:57.0 (734310)|HEAP_ALLOCATE|[355]|Bytes:408
14:36:57.0 (744830)|HEAP_ALLOCATE|[467]|Bytes:48
14:36:57.0 (771542)|HEAP_ALLOCATE|[139]|Bytes:6
14:36:57.0 (794909)|HEAP_ALLOCATE|[EXTERNAL]|Bytes:4
14:36:57.0 (802147)|VARIABLE_SCOPE_BEGIN|[10]|this|TaskBeforeUpdate|true|false
14:36:57.0 (844366)|VARIABLE_ASSIGNMENT|[10]|this|{}|0x24a35849
14:36:57.0 (901618)|HEAP_ALLOCATE|[EXTERNAL]|Bytes:4
14:36:57.0 (908831)|VARIABLE_SCOPE_BEGIN|[10]|this|TaskBeforeUpdate|true|false
14:36:57.0 (921868)|VARIABLE_ASSIGNMENT|[10]|this|{}|0x24a35849
14:36:57.0 (929829)|STATEMENT_EXECUTE|[10]
14:36:57.0 (934513)|CUMULATIVE_LIMIT_USAGE
14:36:57.0 (934513)|LIMIT_USAGE_FOR_NS|(default)|
  Number of SOQL queries: 0 out of 100
  Number of query rows: 0 out of 50000
  Number of SOSL queries: 0 out of 20
  Number of DML statements: 0 out of 150
  Number of DML rows: 0 out of 10000
  Maximum CPU time: 0 out of 10000
  Maximum heap size: 0 out of 6000000
  Number of callouts: 0 out of 100
  Number of Email Invocations: 0 out of 10
  Number of future calls: 0 out of 50
  Number of queueable jobs added to the queue: 0 out of 50
  Number of Mobile Apex push calls: 0 out of 10

14:36:57.0 (934513)|CUMULATIVE_LIMIT_USAGE_END

14:36:57.0 (2122212)|CODE_UNIT_FINISHED|TaskBeforeUpdate on Task trigger event BeforeUpdate|__sfdc_trigger/TaskBeforeUpdate
14:36:57.0 (6142115)|CODE_UNIT_STARTED|[EXTERNAL]|Validation:Task:00T6F00005LrOgf
14:36:57.0 (6159155)|VALIDATION_RULE|03d6F000000qFaO|Finish_all_call_monitor_field
14:36:57.0 (6568738)|VALIDATION_FORMULA|AND(!ISBLANK(Monitored_By__c),
    OR(ISBLANK( TEXT(CM_advised_what_will_happen_next__c)),
       ISBLANK( TEXT(Allow_customer_to_present_concerns__c) ),
       ISBLANK( TEXT(Communication_is_clear_positive_confiden__c) ),
       ISBLANK( TEXT(Demonstrate_active_listening__c )),
       ISBLANK( TEXT(Gave_correct_answers_and_infomations__c) ),
       ISBLANK( TEXT(Mirrors_clients_talking_behaviour__c) ) ))|CM_advised_what_will_happen_next__c=null , Demonstrate_active_listening__c=null , Communication_is_clear_positive_confiden__c=null , Allow_customer_to_present_concerns__c=null , Gave_correct_answers_and_infomations__c=null , Mirrors_clients_talking_behaviour__c=null , Monitored_By__c=null
14:36:57.0 (6585727)|VALIDATION_PASS
14:36:57.0 (6588344)|VALIDATION_RULE|03d900000009JbB|Interac_Quality_Must_Be_Between_1_and_10
14:36:57.0 (6671406)|VALIDATION_FORMULA|NVMContactWorld__InteractionQuality__c < 1  &#124;&#124;  NVMContactWorld__InteractionQuality__c > 10|NVMContactWorld__InteractionQuality__c=null
14:36:57.0 (6680050)|VALIDATION_PASS
14:36:57.0 (6825346)|CODE_UNIT_FINISHED|Validation:Task:00T6F00005LrOgf
14:36:57.0 (40371443)|CODE_UNIT_STARTED|[EXTERNAL]|Workflow:Task
14:36:57.0 (52859736)|WF_RULE_EVAL_BEGIN|Workflow
14:36:57.0 (52892146)|WF_CRITERIA_BEGIN|[Task:  00T6F00005LrOgf]|Update Call Monitor Details|01Q6F0000002Tdt|ON_CREATE_OR_TRIGGERING_UPDATE|0
14:36:57.0 (55679178)|WF_RULE_FILTER|[Task : Monitored By not equal to ]
14:36:57.0 (55694114)|WF_RULE_EVAL_VALUE|
14:36:57.0 (55698296)|WF_CRITERIA_END|false
14:36:57.0 (55711774)|WF_CRITERIA_BEGIN|[Task:  00T6F00005LrOgf]|Update_Callback_Request_Due_Date3016F0000005i0e|01Q6F0000019gyq|ON_CREATE_ONLY|0
14:36:57.0 (55721883)|WF_RULE_NOT_EVALUATED
14:36:57.0 (55726400)|WF_CRITERIA_BEGIN|[Task:  00T6F00005LrOgf]|Call Back Request From LinX|01Q6F000001EY2L|ON_CREATE_OR_TRIGGERING_UPDATE|0
14:36:57.0 (55785625)|WF_RULE_FILTER|[Task : Subject equals Callback Request]
14:36:57.0 (55794119)|WF_RULE_EVAL_VALUE|Outbound call to +61400079723
14:36:57.0 (55798045)|WF_CRITERIA_END|false
14:36:57.0 (55804221)|WF_CRITERIA_BEGIN|[Task:  00T6F00005LrOgf]|Call_Monitor3016F00000054R3|01Q6F000000oOu7|ON_ALL_CHANGES|0
14:36:57.0 (55896341)|WF_FORMULA|Formula:ENCODED:[treatNullAsNull]true|Values:
14:36:57.0 (55903388)|WF_CRITERIA_END|true
14:36:57.0 (56686032)|WF_SPOOL_ACTION_BEGIN|Workflow
14:36:57.0 (56713036)|WF_ACTION| Flow Trigger: 1;
14:36:57.0 (56718116)|WF_RULE_EVAL_END
14:36:57.0 (57784899)|WF_FLOW_ACTION_BEGIN|09L6F000000PGTV
14:36:57.59 (59414628)|FLOW_CREATE_INTERVIEW_BEGIN|00D90000000IJSa|3006F0000008usA|3016F00000054R3
14:36:57.59 (60255680)|FLOW_CREATE_INTERVIEW_END|15581dafe47320c795315d630f0f16830df7db4-3abf|Call Monitoring
14:36:57.60 (60720787)|FLOW_START_INTERVIEWS_BEGIN|1
14:36:57.60 (60746184)|FLOW_START_INTERVIEW_BEGIN|15581dafe47320c795315d630f0f16830df7db4-3abf|Call Monitoring
14:36:57.60 (71438661)|FLOW_START_INTERVIEW_END|15581dafe47320c795315d630f0f16830df7db4-3abf|Call Monitoring
14:36:57.60 (71464876)|FLOW_START_INTERVIEWS_END|1
14:36:57.0 (72736376)|WF_FLOW_ACTION_END|09L6F000000PGTV
14:36:57.0 (72847525)|WF_ACTIONS_END| Flow Trigger: 1;
14:36:57.0 (72856765)|CODE_UNIT_FINISHED|Workflow:Task
14:36:57.0 (84382752)|CODE_UNIT_FINISHED|TRIGGERS
14:36:57.0 (84404548)|EXECUTION_FINISHED
