37.0 APEX_CODE,FINEST;APEX_PROFILING,INFO;CALLOUT,INFO;DB,INFO;NBA,INFO;SYSTEM,DEBUG;VALIDATION,INFO;VISUALFORCE,INFO;WAVE,INFO;WORKFLOW,INFO
14:42:46.18 (18874648)|ENTERING_MANAGED_PKG|Centify
14:42:46.18 (21101209)|ENTERING_MANAGED_PKG|Centify
14:42:46.18 (21156193)|ENTERING_MANAGED_PKG|Centify
14:42:46.18 (21800097)|ENTERING_MANAGED_PKG|Centify
14:42:46.18 (21885188)|ENTERING_MANAGED_PKG|Centify
14:42:46.18 (22775452)|ENTERING_MANAGED_PKG|Centify
14:42:46.18 (23210531)|ENTERING_MANAGED_PKG|Centify
14:42:46.18 (23243290)|ENTERING_MANAGED_PKG|Centify
14:42:46.18 (23325036)|ENTERING_MANAGED_PKG|Centify
14:42:46.18 (23369231)|ENTERING_MANAGED_PKG|Centify
14:42:46.18 (23397613)|ENTERING_MANAGED_PKG|Centify
14:42:46.18 (23415045)|ENTERING_MANAGED_PKG|Centify
14:42:46.18 (23431694)|ENTERING_MANAGED_PKG|Centify
14:42:46.18 (23616255)|ENTERING_MANAGED_PKG|Centify
14:42:46.18 (98810940)|ENTERING_MANAGED_PKG|Centify
14:42:46.18 (98925310)|ENTERING_MANAGED_PKG|Centify
14:42:46.18 (99120902)|ENTERING_MANAGED_PKG|Centify
14:42:46.18 (99184647)|ENTERING_MANAGED_PKG|Centify
14:42:46.18 (360950549)|ENTERING_MANAGED_PKG|Centify
14:42:46.18 (396971645)|ENTERING_MANAGED_PKG|Centify
14:42:46.18 (411908579)|ENTERING_MANAGED_PKG|Centify
14:42:46.18 (411966482)|ENTERING_MANAGED_PKG|Centify
14:42:46.18 (412060517)|ENTERING_MANAGED_PKG|Centify
14:42:46.18 (412093006)|ENTERING_MANAGED_PKG|Centify
14:42:46.18 (412151299)|ENTERING_MANAGED_PKG|Centify
14:42:46.18 (435638921)|ENTERING_MANAGED_PKG|Centify
14:42:46.18 (455366635)|ENTERING_MANAGED_PKG|Centify
14:42:46.18 (455417061)|ENTERING_MANAGED_PKG|Centify
14:42:46.18 (455498942)|ENTERING_MANAGED_PKG|Centify
14:42:46.18 (455529531)|ENTERING_MANAGED_PKG|Centify
14:42:46.18 (455587776)|ENTERING_MANAGED_PKG|Centify
14:42:46.18 (489452841)|ENTERING_MANAGED_PKG|Centify
14:42:46.18 (511171361)|ENTERING_MANAGED_PKG|Centify
14:42:46.18 (511226461)|ENTERING_MANAGED_PKG|Centify
14:42:46.18 (511305162)|ENTERING_MANAGED_PKG|Centify
14:42:46.18 (511336461)|ENTERING_MANAGED_PKG|Centify
14:42:46.18 (511399372)|ENTERING_MANAGED_PKG|Centify
14:42:46.18 (534728373)|ENTERING_MANAGED_PKG|Centify
14:42:46.18 (553424476)|ENTERING_MANAGED_PKG|Centify
14:42:46.18 (553483359)|ENTERING_MANAGED_PKG|Centify
14:42:46.18 (553562530)|ENTERING_MANAGED_PKG|Centify
14:42:46.18 (553593301)|ENTERING_MANAGED_PKG|Centify
14:42:46.18 (553653495)|ENTERING_MANAGED_PKG|Centify
14:42:46.18 (794069579)|ENTERING_MANAGED_PKG|Centify
14:42:46.18 (810786663)|ENTERING_MANAGED_PKG|Centify
14:42:46.18 (810842443)|ENTERING_MANAGED_PKG|Centify
14:42:46.18 (810921434)|ENTERING_MANAGED_PKG|Centify
14:42:46.18 (810956454)|ENTERING_MANAGED_PKG|Centify
14:42:46.18 (811028056)|ENTERING_MANAGED_PKG|Centify
14:42:46.18 (833365166)|ENTERING_MANAGED_PKG|Centify
14:42:46.18 (849539222)|ENTERING_MANAGED_PKG|Centify
14:42:46.18 (849592177)|ENTERING_MANAGED_PKG|Centify
14:42:46.18 (849670898)|ENTERING_MANAGED_PKG|Centify
14:42:46.18 (849705098)|ENTERING_MANAGED_PKG|Centify
14:42:46.18 (849770589)|ENTERING_MANAGED_PKG|Centify
14:42:46.18 (871900220)|ENTERING_MANAGED_PKG|Centify
14:42:46.18 (886795118)|ENTERING_MANAGED_PKG|Centify
14:42:46.18 (886849913)|ENTERING_MANAGED_PKG|Centify
14:42:46.18 (886924068)|ENTERING_MANAGED_PKG|Centify
14:42:46.18 (886954427)|ENTERING_MANAGED_PKG|Centify
14:42:46.18 (887017143)|ENTERING_MANAGED_PKG|Centify
14:42:46.18 (909271276)|ENTERING_MANAGED_PKG|Centify
14:42:46.18 (923975361)|ENTERING_MANAGED_PKG|Centify
14:42:46.18 (924033937)|ENTERING_MANAGED_PKG|Centify
14:42:46.18 (924110765)|ENTERING_MANAGED_PKG|Centify
14:42:46.18 (924141480)|ENTERING_MANAGED_PKG|Centify
14:42:46.18 (924199859)|ENTERING_MANAGED_PKG|Centify
14:42:46.18 (942900604)|ENTERING_MANAGED_PKG|Centify
14:42:46.18 (956995794)|ENTERING_MANAGED_PKG|Centify
14:42:46.18 (957047666)|ENTERING_MANAGED_PKG|Centify
14:42:46.18 (957119870)|ENTERING_MANAGED_PKG|Centify
14:42:46.18 (957150244)|ENTERING_MANAGED_PKG|Centify
14:42:46.18 (957206821)|ENTERING_MANAGED_PKG|Centify
14:42:46.18 (976320666)|ENTERING_MANAGED_PKG|Centify
14:42:46.18 (989539219)|ENTERING_MANAGED_PKG|Centify
14:42:46.18 (989588246)|ENTERING_MANAGED_PKG|Centify
14:42:46.18 (989658158)|ENTERING_MANAGED_PKG|Centify
14:42:46.18 (989688079)|ENTERING_MANAGED_PKG|Centify
14:42:46.18 (989747519)|ENTERING_MANAGED_PKG|Centify
14:42:46.18 (1008160151)|ENTERING_MANAGED_PKG|Centify
14:42:47.21 (1021426452)|ENTERING_MANAGED_PKG|Centify
14:42:47.21 (1021495589)|ENTERING_MANAGED_PKG|Centify
14:42:47.21 (1021568389)|ENTERING_MANAGED_PKG|Centify
14:42:47.21 (1021596847)|ENTERING_MANAGED_PKG|Centify
14:42:47.21 (1021655853)|ENTERING_MANAGED_PKG|Centify
14:42:47.21 (1040713615)|ENTERING_MANAGED_PKG|Centify
14:42:47.21 (1055162094)|ENTERING_MANAGED_PKG|Centify
14:42:47.21 (1055216111)|ENTERING_MANAGED_PKG|Centify
14:42:47.21 (1055294650)|ENTERING_MANAGED_PKG|Centify
14:42:47.21 (1055328503)|ENTERING_MANAGED_PKG|Centify
14:42:47.21 (1055392966)|ENTERING_MANAGED_PKG|Centify
14:42:47.21 (1074743207)|ENTERING_MANAGED_PKG|Centify
14:42:47.21 (1074800905)|ENTERING_MANAGED_PKG|Centify
14:42:47.21 (1074955130)|ENTERING_MANAGED_PKG|Centify
14:42:47.21 (1074994749)|ENTERING_MANAGED_PKG|Centify
14:42:47.21 (1075031160)|ENTERING_MANAGED_PKG|Centify
14:42:47.21 (1076193011)|ENTERING_MANAGED_PKG|Centify
14:42:47.21 (1076278182)|ENTERING_MANAGED_PKG|Centify
14:42:47.21 (1088599223)|ENTERING_MANAGED_PKG|Centify
14:42:47.21 (1088666482)|ENTERING_MANAGED_PKG|Centify
14:42:47.21 (1088751441)|ENTERING_MANAGED_PKG|Centify
14:42:47.21 (1089320492)|ENTERING_MANAGED_PKG|Centify
14:42:47.21 (1090155925)|SOQL_EXECUTE_BEGIN|[16]|Aggregations:0|select id,lastmodifieddate,isdeleted,audit_completed_date__c,audit_booked_date__c,assign_to__c,name,ownerid,status__c,lastactivitydate,opp_type__c,spinify_is_target__c,spinify_is_auditedthismonth__c from SLXOpportunity__c where LastModifiedDate >2019-01-09T04:14:33Z AND LastModifiedDate < 2019-01-09T04:42:52Z AND (   Spinify_Is_Target__c =true OR  Spinify_Is_AuditedThisMonth__c =true )  ORDER BY SystemModStamp DESC LIMIT 5000  ALL ROWS
14:42:47.21 (1094994051)|SOQL_EXECUTE_END|[16]|Rows:0
14:42:47.113 (1113084123)|CUMULATIVE_LIMIT_USAGE
14:42:47.113 (1113084123)|LIMIT_USAGE_FOR_NS|(default)|
  Number of SOQL queries: 0 out of 200
  Number of query rows: 0 out of 50000
  Number of SOSL queries: 0 out of 20
  Number of DML statements: 0 out of 150
  Number of DML rows: 0 out of 10000
  Maximum CPU time: 0 out of 60000
  Maximum heap size: 0 out of 12000000
  Number of callouts: 0 out of 0
  Number of Email Invocations: 0 out of 10
  Number of future calls: 0 out of 0
  Number of queueable jobs added to the queue: 0 out of 1
  Number of Mobile Apex push calls: 0 out of 10

14:42:47.113 (1113084123)|LIMIT_USAGE_FOR_NS|Centify|
  Number of SOQL queries: 0 out of 200
  Number of query rows: 0 out of 50000
  Number of SOSL queries: 0 out of 20
  Number of DML statements: 0 out of 150
  Number of DML rows: 0 out of 10000
  Maximum CPU time: 0 out of 60000
  Maximum heap size: 0 out of 12000000
  Number of callouts: 0 out of 0
  Number of Email Invocations: 0 out of 10
  Number of future calls: 0 out of 0
  Number of queueable jobs added to the queue: 0 out of 1
  Number of Mobile Apex push calls: 0 out of 10

14:42:47.113 (1113084123)|CUMULATIVE_LIMIT_USAGE_END

