36.0 APEX_CODE,FINEST;APEX_PROFILING,INFO;CALLOUT,INFO;DB,INFO;NBA,INFO;SYSTEM,DEBUG;VALIDATION,INFO;VISUALFORCE,INFO;WAVE,INFO;WORKFLOW,INFO
14:47:29.0 (110924)|USER_INFO|[EXTERNAL]|00590000000Vmmq|ben@bjbglobal.com.au|Australian Eastern Standard Time|GMT+10:00
14:47:29.0 (158240)|EXECUTION_STARTED
14:47:29.0 (163643)|CODE_UNIT_STARTED|[EXTERNAL]|TRIGGERS
14:47:29.0 (196177)|CODE_UNIT_STARTED|[EXTERNAL]|01q6F000001IGJa|LinkCaseCallstoContact on Task trigger event BeforeInsert|__sfdc_trigger/LinkCaseCallstoContact
14:47:29.0 (245669)|HEAP_ALLOCATE|[EXTERNAL]|Bytes:8
14:47:29.0 (831596)|HEAP_ALLOCATE|[72]|Bytes:3
14:47:29.0 (876269)|HEAP_ALLOCATE|[77]|Bytes:152
14:47:29.0 (891408)|HEAP_ALLOCATE|[342]|Bytes:408
14:47:29.0 (905111)|HEAP_ALLOCATE|[355]|Bytes:408
14:47:29.0 (916786)|HEAP_ALLOCATE|[467]|Bytes:48
14:47:29.0 (943782)|HEAP_ALLOCATE|[139]|Bytes:6
14:47:29.0 (969269)|HEAP_ALLOCATE|[EXTERNAL]|Bytes:6
14:47:29.0 (979238)|HEAP_ALLOCATE|[EXTERNAL]|Bytes:4
14:47:29.0 (986839)|VARIABLE_SCOPE_BEGIN|[1]|this|LinkCaseCallstoContact|true|false
14:47:29.0 (1032538)|VARIABLE_ASSIGNMENT|[1]|this|{}|0x4010f016
14:47:29.0 (1110939)|HEAP_ALLOCATE|[EXTERNAL]|Bytes:4
14:47:29.0 (1118396)|VARIABLE_SCOPE_BEGIN|[1]|this|LinkCaseCallstoContact|true|false
14:47:29.0 (1133579)|VARIABLE_ASSIGNMENT|[1]|this|{}|0x4010f016
14:47:29.0 (1147545)|STATEMENT_EXECUTE|[1]
14:47:29.0 (1182810)|HEAP_ALLOCATE|[50]|Bytes:5
14:47:29.0 (1208996)|HEAP_ALLOCATE|[56]|Bytes:5
14:47:29.0 (1224554)|HEAP_ALLOCATE|[64]|Bytes:7
14:47:29.0 (1601302)|HEAP_ALLOCATE|[2]|Bytes:5
14:47:29.0 (1640508)|HEAP_ALLOCATE|[2]|Bytes:4
14:47:29.0 (1653399)|VARIABLE_SCOPE_BEGIN|[2]|tsk|Task|true|false
14:47:29.0 (11788963)|VARIABLE_ASSIGNMENT|[2]|tsk|{"CallType":"Outbound","IsHighPriority":false,"IsClosed":false,"NVMStatsSF__NVM_Agent__c":"55","Is_Mobile_Number__c":true,"OwnerId":"0056F0000063DJ2QAM","IsToday__c":false,"IsReminderSet":false,"Status":"Completed","IsDeleted":false,"WhoId":"0039000000DGFBWAA5","NVMContactWorld__CW_Call_Start_Time__c":"2019-01-09T04:47:29.000Z","ActivityDate":"2019-01-09T00:00:00.000Z","Priority":"Normal","IsVisibleInSelfService":false,"NVMContactWorld__Was_Call_Recorded__c":false,"CurrencyIsoCode":"AUD","IsRecurrence":false,"Subject":"Outbound call to +61 (9 more) ...","IsArchived":false,"CallObject":"016830ef-cdc4-fcbd-c (16 more) ...","NVMContactWorld__Customer_Number__c":"+61419025145","NVMContactWorld__ContactWorld_Number__c":"61731530806","Day_of_the_Week__c":"Wednesday","Call_Duration_min__c":0.00,"Call_Monitored__c":false}|0x53705a34
14:47:29.0 (11835550)|STATEMENT_EXECUTE|[2]
14:47:29.0 (11874846)|STATEMENT_EXECUTE|[4]
14:47:29.0 (11927411)|HEAP_ALLOCATE|[2]|Bytes:5
14:47:29.0 (11965438)|VARIABLE_ASSIGNMENT|[2]|tsk|null|
14:47:29.11 (11983644)|CUMULATIVE_LIMIT_USAGE
14:47:29.11 (11983644)|LIMIT_USAGE_FOR_NS|(default)|
  Number of SOQL queries: 0 out of 100
  Number of query rows: 0 out of 50000
  Number of SOSL queries: 0 out of 20
  Number of DML statements: 0 out of 150
  Number of DML rows: 0 out of 10000
  Maximum CPU time: 0 out of 10000
  Maximum heap size: 0 out of 6000000
  Number of callouts: 0 out of 100
  Number of Email Invocations: 0 out of 10
  Number of future calls: 0 out of 50
  Number of queueable jobs added to the queue: 0 out of 50
  Number of Mobile Apex push calls: 0 out of 10

14:47:29.11 (11983644)|CUMULATIVE_LIMIT_USAGE_END

14:47:29.0 (13250383)|CODE_UNIT_FINISHED|LinkCaseCallstoContact on Task trigger event BeforeInsert|__sfdc_trigger/LinkCaseCallstoContact
14:47:29.0 (15306771)|CODE_UNIT_STARTED|[EXTERNAL]|01q6F000001IKsI|TaskTrigger on Task trigger event BeforeInsert|__sfdc_trigger/TaskTrigger
14:47:29.0 (15354690)|HEAP_ALLOCATE|[EXTERNAL]|Bytes:8
14:47:29.0 (15416022)|HEAP_ALLOCATE|[EXTERNAL]|Bytes:4
14:47:29.0 (15427266)|VARIABLE_SCOPE_BEGIN|[5]|this|TaskTrigger|true|false
14:47:29.0 (15455833)|VARIABLE_ASSIGNMENT|[5]|this|{}|0x77adc3f1
14:47:29.0 (15513343)|HEAP_ALLOCATE|[EXTERNAL]|Bytes:4
14:47:29.0 (15521610)|VARIABLE_SCOPE_BEGIN|[5]|this|TaskTrigger|true|false
14:47:29.0 (15537783)|VARIABLE_ASSIGNMENT|[5]|this|{}|0x77adc3f1
14:47:29.0 (15545785)|STATEMENT_EXECUTE|[5]
14:47:29.0 (15567037)|STATEMENT_EXECUTE|[6]
14:47:29.0 (15568672)|STATEMENT_EXECUTE|[7]
14:47:29.0 (16367734)|VARIABLE_SCOPE_BEGIN|[2]|TaskHelper.TASK_STATUS|String|false|true
14:47:29.0 (16382191)|VARIABLE_SCOPE_BEGIN|[3]|TaskHelper.TASK_SUBJECT|String|false|true
14:47:29.0 (16389556)|VARIABLE_SCOPE_BEGIN|[4]|TaskHelper.TASK_TYPE|String|false|true
14:47:29.0 (16429579)|HEAP_ALLOCATE|[7]|Bytes:4
14:47:29.0 (16438819)|HEAP_ALLOCATE|[7]|Bytes:2
14:47:29.0 (16455645)|METHOD_ENTRY|[1]|01p6F000009rWtF|TaskHelper.TaskHelper()
14:47:29.0 (16464966)|STATEMENT_EXECUTE|[1]
14:47:29.0 (16469936)|STATEMENT_EXECUTE|[1]
14:47:29.0 (16472220)|STATEMENT_EXECUTE|[2]
14:47:29.0 (16486328)|HEAP_ALLOCATE|[2]|Bytes:9
14:47:29.0 (16512904)|VARIABLE_ASSIGNMENT|[2]|TaskHelper.TASK_STATUS|"Completed"
14:47:29.0 (16521919)|STATEMENT_EXECUTE|[3]
14:47:29.0 (16532207)|HEAP_ALLOCATE|[3]|Bytes:16
14:47:29.0 (16546511)|VARIABLE_ASSIGNMENT|[3]|TaskHelper.TASK_SUBJECT|"Outbound call to"
14:47:29.0 (16556228)|STATEMENT_EXECUTE|[4]
14:47:29.0 (16564257)|HEAP_ALLOCATE|[4]|Bytes:8
14:47:29.0 (16578222)|VARIABLE_ASSIGNMENT|[4]|TaskHelper.TASK_TYPE|"Outbound"
14:47:29.0 (16592752)|METHOD_EXIT|[1]|TaskHelper
14:47:29.0 (16604183)|HEAP_ALLOCATE|[7]|Bytes:4
14:47:29.0 (16619431)|CONSTRUCTOR_ENTRY|[7]|01p6F000009rWtF|<init>()|TaskHelper
14:47:29.0 (16642048)|VARIABLE_SCOPE_BEGIN|[1]|this|TaskHelper|true|false
14:47:29.0 (16663105)|VARIABLE_ASSIGNMENT|[1]|this|{}|0x5879e645
14:47:29.0 (16674921)|HEAP_ALLOCATE|[EXTERNAL]|Bytes:6
14:47:29.0 (16718098)|STATEMENT_EXECUTE|[1]
14:47:29.0 (16725442)|CONSTRUCTOR_EXIT|[7]|01p6F000009rWtF|<init>()|TaskHelper
14:47:29.0 (16739856)|VARIABLE_SCOPE_BEGIN|[7]|helper|TaskHelper|true|false
14:47:29.0 (16765761)|VARIABLE_ASSIGNMENT|[7]|helper|{}|0x5879e645
14:47:29.0 (16776510)|STATEMENT_EXECUTE|[8]
14:47:29.0 (16838315)|METHOD_ENTRY|[8]|01p6F000009rWtF|TaskHelper.setupContactToReurnCallTasks(List<Task>)
14:47:29.0 (16863390)|VARIABLE_SCOPE_BEGIN|[11]|this|TaskHelper|true|false
14:47:29.0 (16886780)|VARIABLE_ASSIGNMENT|[11]|this|{}|0x5879e645
14:47:29.0 (16897610)|VARIABLE_SCOPE_BEGIN|[11]|newTasks|List<Task>|true|false
14:47:29.0 (19113713)|VARIABLE_ASSIGNMENT|[11]|newTasks|[{"CallType":"Outbound","IsHighPriority":false,"IsClosed":false,"NVMStatsSF__NVM_Agent__c":"55","Is_Mobile_Number__c":true,"OwnerId":"0056F0000063DJ2QAM","IsToday__c":false,"IsReminderSet":false,"Status":"Completed","IsDeleted":false,"WhoId":"0039000000DGFBWAA5","NVMContactWorld__CW_Call_Start_Time__c":"2019-01-09T04:47:29.000Z","ActivityDate":"2019-01-09T00:00:00.000Z","Priority":"Normal","IsVisibleInSelfService":false,"NVMContactWorld__Was_Call_Recorded__c":false,"CurrencyIsoCode":"AUD","IsRecurrence":false,"Subject":"Outbound call to +61 (9 more) ...","IsArchived":false,"CallObject":"016830ef-cdc4-fcbd-c (16 more) ...","NVMContactWorld__Customer_Number__c":"+61419025145","NVMContactWorld__ContactWorld_Number__c":"61731530806","Day_of_the_Week__c":"Wednesday","Call_Duration_min__c":0.00,"Call_Monitored__c":false}]|0x3090195a
14:47:29.0 (19151639)|STATEMENT_EXECUTE|[11]
14:47:29.0 (19154636)|STATEMENT_EXECUTE|[12]
14:47:29.0 (19181852)|HEAP_ALLOCATE|[12]|Bytes:4
14:47:29.0 (19239096)|VARIABLE_SCOPE_BEGIN|[12]|voicemailIds|List<Id>|true|false
14:47:29.0 (19282898)|HEAP_ALLOCATE|[EXTERNAL]|Bytes:4
14:47:29.0 (19297428)|VARIABLE_ASSIGNMENT|[12]|voicemailIds|[]|0x61605486
14:47:29.0 (19308502)|STATEMENT_EXECUTE|[13]
14:47:29.0 (19331784)|HEAP_ALLOCATE|[13]|Bytes:4
14:47:29.0 (19350107)|VARIABLE_SCOPE_BEGIN|[13]|contactIds|Map<Id,Id>|true|false
14:47:29.0 (19372524)|VARIABLE_ASSIGNMENT|[13]|contactIds|{}|0x78cbb110
14:47:29.0 (19382951)|STATEMENT_EXECUTE|[14]
14:47:29.0 (19399638)|HEAP_ALLOCATE|[14]|Bytes:4
14:47:29.0 (19430573)|VARIABLE_SCOPE_BEGIN|[14]|results|List<Task>|true|false
14:47:29.0 (19445867)|HEAP_ALLOCATE|[EXTERNAL]|Bytes:4
14:47:29.0 (19456147)|VARIABLE_ASSIGNMENT|[14]|results|[]|0x6f172b82
14:47:29.0 (19523795)|HEAP_ALLOCATE|[16]|Bytes:5
14:47:29.0 (19548582)|HEAP_ALLOCATE|[16]|Bytes:4
14:47:29.0 (19563279)|VARIABLE_SCOPE_BEGIN|[16]|item|Task|true|false
14:47:29.0 (20907472)|VARIABLE_ASSIGNMENT|[16]|item|{"CallType":"Outbound","IsHighPriority":false,"IsClosed":false,"NVMStatsSF__NVM_Agent__c":"55","Is_Mobile_Number__c":true,"OwnerId":"0056F0000063DJ2QAM","IsToday__c":false,"IsReminderSet":false,"Status":"Completed","IsDeleted":false,"WhoId":"0039000000DGFBWAA5","NVMContactWorld__CW_Call_Start_Time__c":"2019-01-09T04:47:29.000Z","ActivityDate":"2019-01-09T00:00:00.000Z","Priority":"Normal","IsVisibleInSelfService":false,"NVMContactWorld__Was_Call_Recorded__c":false,"CurrencyIsoCode":"AUD","IsRecurrence":false,"Subject":"Outbound call to +61 (9 more) ...","IsArchived":false,"CallObject":"016830ef-cdc4-fcbd-c (16 more) ...","NVMContactWorld__Customer_Number__c":"+61419025145","NVMContactWorld__ContactWorld_Number__c":"61731530806","Day_of_the_Week__c":"Wednesday","Call_Duration_min__c":0.00,"Call_Monitored__c":false}|0x53705a34
14:47:29.0 (20939159)|STATEMENT_EXECUTE|[16]
14:47:29.0 (21159487)|STATEMENT_EXECUTE|[17]
14:47:29.0 (21189147)|HEAP_ALLOCATE|[16]|Bytes:5
14:47:29.0 (21213158)|VARIABLE_ASSIGNMENT|[16]|item|null|
14:47:29.0 (21230004)|STATEMENT_EXECUTE|[28]
14:47:29.0 (21241834)|HEAP_ALLOCATE|[28]|Bytes:72
14:47:29.0 (21268003)|HEAP_ALLOCATE|[28]|Bytes:4
14:47:29.0 (21281118)|HEAP_ALLOCATE|[28]|Bytes:7
14:47:29.0 (22794188)|SOQL_EXECUTE_BEGIN|[28]|Aggregations:0|SELECT Id, Account__c, Contact__c FROM Voicemail__c WHERE id IN :tmpVar1
14:47:29.0 (24561798)|SOQL_EXECUTE_END|[28]|Rows:0
14:47:29.0 (24598116)|HEAP_ALLOCATE|[28]|Bytes:4
14:47:29.0 (24616394)|HEAP_ALLOCATE|[28]|Bytes:0
14:47:29.0 (24712515)|HEAP_ALLOCATE|[28]|Bytes:4
14:47:29.0 (24740386)|VARIABLE_SCOPE_BEGIN|[28]|voicemails|List<Voicemail__c>|true|false
14:47:29.0 (24770267)|VARIABLE_ASSIGNMENT|[28]|voicemails|[]|0x6beb0897
14:47:29.0 (25021266)|HEAP_ALLOCATE|[29]|Bytes:5
14:47:29.0 (25050498)|VARIABLE_ASSIGNMENT|[29]|item|null|
14:47:29.0 (25060385)|STATEMENT_EXECUTE|[29]
14:47:29.0 (25113142)|HEAP_ALLOCATE|[34]|Bytes:5
14:47:29.0 (25138418)|HEAP_ALLOCATE|[34]|Bytes:4
14:47:29.0 (25153511)|VARIABLE_SCOPE_BEGIN|[34]|item|Task|true|false
14:47:29.0 (26736730)|VARIABLE_ASSIGNMENT|[34]|item|{"CallType":"Outbound","IsHighPriority":false,"IsClosed":false,"NVMStatsSF__NVM_Agent__c":"55","Is_Mobile_Number__c":true,"OwnerId":"0056F0000063DJ2QAM","IsToday__c":false,"IsReminderSet":false,"Status":"Completed","IsDeleted":false,"WhoId":"0039000000DGFBWAA5","NVMContactWorld__CW_Call_Start_Time__c":"2019-01-09T04:47:29.000Z","ActivityDate":"2019-01-09T00:00:00.000Z","Priority":"Normal","IsVisibleInSelfService":false,"NVMContactWorld__Was_Call_Recorded__c":false,"CurrencyIsoCode":"AUD","IsRecurrence":false,"Subject":"Outbound call to +61 (9 more) ...","IsArchived":false,"CallObject":"016830ef-cdc4-fcbd-c (16 more) ...","NVMContactWorld__Customer_Number__c":"+61419025145","NVMContactWorld__ContactWorld_Number__c":"61731530806","Day_of_the_Week__c":"Wednesday","Call_Duration_min__c":0.00,"Call_Monitored__c":false}|0x53705a34
14:47:29.0 (26770565)|STATEMENT_EXECUTE|[34]
14:47:29.0 (26773545)|STATEMENT_EXECUTE|[35]
14:47:29.0 (27891969)|VARIABLE_ASSIGNMENT|[35]|this.WhoId|null|0x53705a34
14:47:29.0 (27924003)|HEAP_ALLOCATE|[34]|Bytes:5
14:47:29.0 (27944823)|VARIABLE_ASSIGNMENT|[34]|item|null|
14:47:29.0 (27959670)|METHOD_EXIT|[8]|01p6F000009rWtF|TaskHelper.setupContactToReurnCallTasks(List<Task>)
14:47:29.27 (27974554)|CUMULATIVE_LIMIT_USAGE
14:47:29.27 (27974554)|LIMIT_USAGE_FOR_NS|(default)|
  Number of SOQL queries: 1 out of 100
  Number of query rows: 0 out of 50000
  Number of SOSL queries: 0 out of 20
  Number of DML statements: 0 out of 150
  Number of DML rows: 0 out of 10000
  Maximum CPU time: 0 out of 10000
  Maximum heap size: 0 out of 6000000
  Number of callouts: 0 out of 100
  Number of Email Invocations: 0 out of 10
  Number of future calls: 0 out of 50
  Number of queueable jobs added to the queue: 0 out of 50
  Number of Mobile Apex push calls: 0 out of 10

14:47:29.27 (27974554)|CUMULATIVE_LIMIT_USAGE_END

14:47:29.0 (29148276)|CODE_UNIT_FINISHED|TaskTrigger on Task trigger event BeforeInsert|__sfdc_trigger/TaskTrigger
14:47:29.0 (41415299)|CODE_UNIT_STARTED|[EXTERNAL]|Validation:Task:new
14:47:29.0 (41447486)|VALIDATION_RULE|03d6F000000qFaO|Finish_all_call_monitor_field
14:47:29.0 (42174194)|VALIDATION_FORMULA|AND(!ISBLANK(Monitored_By__c),
    OR(ISBLANK( TEXT(CM_advised_what_will_happen_next__c)),
       ISBLANK( TEXT(Allow_customer_to_present_concerns__c) ),
       ISBLANK( TEXT(Communication_is_clear_positive_confiden__c) ),
       ISBLANK( TEXT(Demonstrate_active_listening__c )),
       ISBLANK( TEXT(Gave_correct_answers_and_infomations__c) ),
       ISBLANK( TEXT(Mirrors_clients_talking_behaviour__c) ) ))|CM_advised_what_will_happen_next__c=null , Demonstrate_active_listening__c=null , Communication_is_clear_positive_confiden__c=null , Allow_customer_to_present_concerns__c=null , Gave_correct_answers_and_infomations__c=null , Mirrors_clients_talking_behaviour__c=null , Monitored_By__c=null
14:47:29.0 (42202035)|VALIDATION_PASS
14:47:29.0 (42206149)|VALIDATION_RULE|03d900000009JbB|Interac_Quality_Must_Be_Between_1_and_10
14:47:29.0 (42337749)|VALIDATION_FORMULA|NVMContactWorld__InteractionQuality__c < 1  &#124;&#124;  NVMContactWorld__InteractionQuality__c > 10|NVMContactWorld__InteractionQuality__c=null
14:47:29.0 (42352714)|VALIDATION_PASS
14:47:29.0 (42653117)|CODE_UNIT_FINISHED|Validation:Task:new
14:47:29.0 (106430359)|CODE_UNIT_STARTED|[EXTERNAL]|Workflow:Task
14:47:29.0 (115101955)|WF_RULE_EVAL_BEGIN|Workflow
14:47:29.0 (115152462)|WF_CRITERIA_BEGIN|[Task:  00T6F00005LrSLu]|Update Call Monitor Details|01Q6F0000002Tdt|ON_CREATE_OR_TRIGGERING_UPDATE|0
14:47:29.0 (117959648)|WF_RULE_FILTER|[Task : Monitored By not equal to ]
14:47:29.0 (117984890)|WF_RULE_EVAL_VALUE|
14:47:29.0 (117989794)|WF_CRITERIA_END|false
14:47:29.0 (118007642)|WF_CRITERIA_BEGIN|[Task:  00T6F00005LrSLu]|Update_Callback_Request_Due_Date3016F0000005i0e|01Q6F0000019gyq|ON_CREATE_ONLY|0
14:47:29.0 (118131578)|WF_FORMULA|Formula:ENCODED:[treatNullAsNull]true|Values:
14:47:29.0 (118139716)|WF_CRITERIA_END|true
14:47:29.0 (119136134)|WF_CRITERIA_BEGIN|[Task:  00T6F00005LrSLu]|Call Back Request From LinX|01Q6F000001EY2L|ON_CREATE_OR_TRIGGERING_UPDATE|0
14:47:29.0 (119199455)|WF_RULE_FILTER|[Task : Subject equals Callback Request]
14:47:29.0 (119215352)|WF_RULE_EVAL_VALUE|Outbound call to +61419025145
14:47:29.0 (119220650)|WF_CRITERIA_END|false
14:47:29.0 (119229219)|WF_CRITERIA_BEGIN|[Task:  00T6F00005LrSLu]|Call_Monitor3016F00000054R3|01Q6F000000oOu7|ON_ALL_CHANGES|0
14:47:29.0 (119277399)|WF_FORMULA|Formula:ENCODED:[treatNullAsNull]true|Values:
14:47:29.0 (119284996)|WF_CRITERIA_END|true
14:47:29.0 (119308510)|WF_SPOOL_ACTION_BEGIN|Workflow
14:47:29.0 (119334901)|WF_ACTION| Flow Trigger: 2;
14:47:29.0 (119340174)|WF_RULE_EVAL_END
14:47:29.0 (119403334)|WF_FLOW_ACTION_BEGIN|09L6F000000PWtL
14:47:29.121 (121179595)|FLOW_CREATE_INTERVIEW_BEGIN|00D90000000IJSa|3006F00000091km|3016F0000005i0e
14:47:29.121 (121903005)|FLOW_CREATE_INTERVIEW_END|750905f133c6d752b3a4f83879416830edbdef-6e8f|Update Callback Request Due Date
14:47:29.122 (122283963)|FLOW_START_INTERVIEWS_BEGIN|1
14:47:29.122 (122306110)|FLOW_START_INTERVIEW_BEGIN|750905f133c6d752b3a4f83879416830edbdef-6e8f|Update Callback Request Due Date
14:47:29.122 (124526658)|FLOW_START_INTERVIEW_END|750905f133c6d752b3a4f83879416830edbdef-6e8f|Update Callback Request Due Date
14:47:29.122 (124546950)|FLOW_START_INTERVIEWS_END|1
14:47:29.0 (126047134)|WF_FLOW_ACTION_END|09L6F000000PWtL
14:47:29.0 (126074567)|WF_FLOW_ACTION_BEGIN|09L6F000000PGTV
14:47:29.127 (127844254)|FLOW_CREATE_INTERVIEW_BEGIN|00D90000000IJSa|3006F0000008usA|3016F00000054R3
14:47:29.127 (128784888)|FLOW_CREATE_INTERVIEW_END|751005f133c6d752b3a4f83879416830edbdef-6e8e|Call Monitoring
14:47:29.129 (129307461)|FLOW_START_INTERVIEWS_BEGIN|1
14:47:29.129 (129337954)|FLOW_START_INTERVIEW_BEGIN|751005f133c6d752b3a4f83879416830edbdef-6e8e|Call Monitoring
14:47:29.129 (131950205)|FLOW_START_INTERVIEW_END|751005f133c6d752b3a4f83879416830edbdef-6e8e|Call Monitoring
14:47:29.129 (131972254)|FLOW_START_INTERVIEWS_END|1
14:47:29.0 (132700733)|WF_FLOW_ACTION_END|09L6F000000PGTV
14:47:29.0 (132842088)|WF_ACTIONS_END| Flow Trigger: 2;
14:47:29.0 (132855067)|CODE_UNIT_FINISHED|Workflow:Task
14:47:29.0 (160466178)|CODE_UNIT_FINISHED|TRIGGERS
14:47:29.0 (160495801)|EXECUTION_FINISHED
