37.0 APEX_CODE,FINEST;APEX_PROFILING,INFO;CALLOUT,INFO;DB,INFO;NBA,INFO;SYSTEM,DEBUG;VALIDATION,INFO;VISUALFORCE,INFO;WAVE,INFO;WORKFLOW,INFO
14:48:00.8 (8670530)|ENTERING_MANAGED_PKG|Centify
14:48:00.8 (10567659)|ENTERING_MANAGED_PKG|Centify
14:48:00.8 (10666875)|ENTERING_MANAGED_PKG|Centify
14:48:00.8 (11316526)|ENTERING_MANAGED_PKG|Centify
14:48:00.8 (11388856)|ENTERING_MANAGED_PKG|Centify
14:48:00.8 (12565409)|ENTERING_MANAGED_PKG|Centify
14:48:00.8 (12701440)|ENTERING_MANAGED_PKG|Centify
14:48:00.8 (16068497)|ENTERING_MANAGED_PKG|Centify
14:48:00.8 (16659711)|ENTERING_MANAGED_PKG|Centify
14:48:00.8 (16803523)|ENTERING_MANAGED_PKG|Centify
14:48:00.8 (16865357)|ENTERING_MANAGED_PKG|Centify
14:48:00.8 (17812317)|ENTERING_MANAGED_PKG|Centify
14:48:00.8 (17880489)|ENTERING_MANAGED_PKG|Centify
14:48:00.8 (18055156)|ENTERING_MANAGED_PKG|Centify
14:48:00.8 (21123778)|ENTERING_MANAGED_PKG|Centify
14:48:00.8 (21175538)|ENTERING_MANAGED_PKG|Centify
14:48:00.8 (21290822)|ENTERING_MANAGED_PKG|Centify
14:48:00.8 (22114769)|ENTERING_MANAGED_PKG|Centify
14:48:00.8 (23503949)|ENTERING_MANAGED_PKG|Centify
14:48:00.8 (23550982)|ENTERING_MANAGED_PKG|Centify
14:48:00.8 (23618520)|ENTERING_MANAGED_PKG|Centify
14:48:00.8 (24250493)|ENTERING_MANAGED_PKG|Centify
14:48:00.8 (24282994)|ENTERING_MANAGED_PKG|Centify
14:48:00.8 (24341964)|ENTERING_MANAGED_PKG|Centify
14:48:00.8 (24954161)|ENTERING_MANAGED_PKG|Centify
14:48:00.8 (27006088)|ENTERING_MANAGED_PKG|Centify
14:48:00.8 (29117928)|ENTERING_MANAGED_PKG|Centify
14:48:00.8 (29263634)|ENTERING_MANAGED_PKG|Centify
14:48:00.8 (30613854)|ENTERING_MANAGED_PKG|Centify
14:48:00.8 (30655210)|ENTERING_MANAGED_PKG|Centify
14:48:00.8 (30708571)|ENTERING_MANAGED_PKG|Centify
14:48:00.8 (30786883)|ENTERING_MANAGED_PKG|Centify
14:48:00.8 (30955606)|ENTERING_MANAGED_PKG|Centify
14:48:00.8 (32760947)|SOQL_EXECUTE_BEGIN|[28]|Aggregations:0|SELECT Id FROM ApexClass WHERE Name = :tmpVar1
14:48:00.8 (40580083)|SOQL_EXECUTE_END|[28]|Rows:1
14:48:00.8 (41608325)|SOQL_EXECUTE_BEGIN|[49]|Aggregations:0|SELECT COUNT() FROM AsyncApexJob WHERE (ApexClassId = :tmpVar1 AND Status IN ('Queued', 'Holding', 'Preparing', 'Processing'))
14:48:00.8 (47590494)|SOQL_EXECUTE_END|[49]|Rows:0
14:48:00.8 (47725307)|ENTERING_MANAGED_PKG|Centify
14:48:00.8 (48792615)|ENTERING_MANAGED_PKG|Centify
14:48:00.8 (48879392)|ENTERING_MANAGED_PKG|Centify
14:48:00.8 (49561026)|ENTERING_MANAGED_PKG|Centify
14:48:00.8 (49837268)|ENTERING_MANAGED_PKG|Centify
14:48:00.8 (49901601)|ENTERING_MANAGED_PKG|Centify
14:48:00.8 (75885015)|ENTERING_MANAGED_PKG|Centify
14:48:00.8 (75982213)|ENTERING_MANAGED_PKG|Centify
14:48:00.8 (83285891)|ENTERING_MANAGED_PKG|Centify
14:48:00.8 (85488521)|ENTERING_MANAGED_PKG|Centify
14:48:00.8 (86630063)|ENTERING_MANAGED_PKG|Centify
14:48:00.8 (89859996)|ENTERING_MANAGED_PKG|Centify
14:48:00.8 (89983943)|ENTERING_MANAGED_PKG|Centify
14:48:00.8 (90023940)|ENTERING_MANAGED_PKG|Centify
14:48:00.8 (90157085)|ENTERING_MANAGED_PKG|Centify
14:48:00.8 (90225502)|ENTERING_MANAGED_PKG|Centify
14:48:00.8 (90464314)|ENTERING_MANAGED_PKG|Centify
14:48:00.8 (90693524)|ENTERING_MANAGED_PKG|Centify
14:48:00.8 (90862498)|ENTERING_MANAGED_PKG|Centify
14:48:00.8 (91029815)|ENTERING_MANAGED_PKG|Centify
14:48:00.8 (91250622)|ENTERING_MANAGED_PKG|Centify
14:48:00.8 (91391389)|ENTERING_MANAGED_PKG|Centify
14:48:00.8 (91521274)|ENTERING_MANAGED_PKG|Centify
14:48:00.8 (91648548)|ENTERING_MANAGED_PKG|Centify
14:48:00.8 (91779542)|ENTERING_MANAGED_PKG|Centify
14:48:00.8 (91917135)|ENTERING_MANAGED_PKG|Centify
14:48:00.8 (92046565)|ENTERING_MANAGED_PKG|Centify
14:48:00.8 (92176164)|ENTERING_MANAGED_PKG|Centify
14:48:00.8 (92308458)|ENTERING_MANAGED_PKG|Centify
14:48:00.8 (92440615)|ENTERING_MANAGED_PKG|Centify
14:48:00.8 (92572778)|ENTERING_MANAGED_PKG|Centify
14:48:00.8 (92940558)|ENTERING_MANAGED_PKG|Centify
14:48:00.8 (93102148)|ENTERING_MANAGED_PKG|Centify
14:48:00.8 (93257567)|ENTERING_MANAGED_PKG|Centify
14:48:00.8 (93395553)|ENTERING_MANAGED_PKG|Centify
14:48:00.8 (93531304)|ENTERING_MANAGED_PKG|Centify
14:48:00.8 (93664726)|ENTERING_MANAGED_PKG|Centify
14:48:00.8 (93802246)|ENTERING_MANAGED_PKG|Centify
14:48:00.8 (93944800)|ENTERING_MANAGED_PKG|Centify
14:48:00.8 (94079323)|ENTERING_MANAGED_PKG|Centify
14:48:00.8 (94216332)|ENTERING_MANAGED_PKG|Centify
14:48:00.8 (94350652)|ENTERING_MANAGED_PKG|Centify
14:48:00.8 (94483313)|ENTERING_MANAGED_PKG|Centify
14:48:00.8 (94626269)|ENTERING_MANAGED_PKG|Centify
14:48:00.8 (94764429)|ENTERING_MANAGED_PKG|Centify
14:48:00.8 (94920537)|ENTERING_MANAGED_PKG|Centify
14:48:00.8 (95000794)|ENTERING_MANAGED_PKG|Centify
14:48:00.8 (95069655)|ENTERING_MANAGED_PKG|Centify
14:48:00.8 (95125109)|ENTERING_MANAGED_PKG|Centify
14:48:00.8 (95285880)|ENTERING_MANAGED_PKG|Centify
14:48:00.8 (95356756)|ENTERING_MANAGED_PKG|Centify
14:48:00.8 (97687367)|ENTERING_MANAGED_PKG|Centify
14:48:00.8 (97733409)|ENTERING_MANAGED_PKG|Centify
14:48:00.8 (97809239)|ENTERING_MANAGED_PKG|Centify
14:48:00.8 (97912593)|ENTERING_MANAGED_PKG|Centify
14:48:00.8 (98120109)|ENTERING_MANAGED_PKG|Centify
14:48:00.8 (98272218)|ENTERING_MANAGED_PKG|Centify
14:48:00.8 (134113322)|ENTERING_MANAGED_PKG|Centify
14:48:00.8 (134228004)|ENTERING_MANAGED_PKG|Centify
14:48:00.8 (150864939)|ENTERING_MANAGED_PKG|Centify
14:48:00.8 (150922650)|ENTERING_MANAGED_PKG|Centify
14:48:00.8 (151039493)|ENTERING_MANAGED_PKG|Centify
14:48:00.8 (151072164)|ENTERING_MANAGED_PKG|Centify
14:48:00.8 (159116593)|ENTERING_MANAGED_PKG|Centify
14:48:00.8 (159409156)|ENTERING_MANAGED_PKG|Centify
14:48:00.8 (160167297)|ENTERING_MANAGED_PKG|Centify
14:48:00.8 (160829770)|ENTERING_MANAGED_PKG|Centify
14:48:00.8 (160886149)|ENTERING_MANAGED_PKG|Centify
14:48:00.8 (160986705)|ENTERING_MANAGED_PKG|Centify
14:48:00.8 (161031449)|ENTERING_MANAGED_PKG|Centify
14:48:00.8 (161151973)|ENTERING_MANAGED_PKG|Centify
14:48:00.8 (161335314)|ENTERING_MANAGED_PKG|Centify
14:48:00.8 (161483994)|ENTERING_MANAGED_PKG|Centify
14:48:00.8 (161617162)|ENTERING_MANAGED_PKG|Centify
14:48:00.8 (161748715)|ENTERING_MANAGED_PKG|Centify
14:48:00.8 (161890385)|ENTERING_MANAGED_PKG|Centify
14:48:00.8 (162022134)|ENTERING_MANAGED_PKG|Centify
14:48:00.8 (162153014)|ENTERING_MANAGED_PKG|Centify
14:48:00.8 (162281838)|ENTERING_MANAGED_PKG|Centify
14:48:00.8 (162411034)|ENTERING_MANAGED_PKG|Centify
14:48:00.8 (162577852)|ENTERING_MANAGED_PKG|Centify
14:48:00.8 (162712280)|ENTERING_MANAGED_PKG|Centify
14:48:00.8 (162852001)|ENTERING_MANAGED_PKG|Centify
14:48:00.8 (162982005)|ENTERING_MANAGED_PKG|Centify
14:48:00.8 (163111885)|ENTERING_MANAGED_PKG|Centify
14:48:00.8 (163241816)|ENTERING_MANAGED_PKG|Centify
14:48:00.8 (163371065)|ENTERING_MANAGED_PKG|Centify
14:48:00.8 (163501995)|ENTERING_MANAGED_PKG|Centify
14:48:00.8 (163735820)|ENTERING_MANAGED_PKG|Centify
14:48:00.8 (163900948)|ENTERING_MANAGED_PKG|Centify
14:48:00.8 (164050965)|ENTERING_MANAGED_PKG|Centify
14:48:00.8 (164200164)|ENTERING_MANAGED_PKG|Centify
14:48:00.8 (164349843)|ENTERING_MANAGED_PKG|Centify
14:48:00.8 (164482763)|ENTERING_MANAGED_PKG|Centify
14:48:00.8 (164614075)|ENTERING_MANAGED_PKG|Centify
14:48:00.8 (164742081)|ENTERING_MANAGED_PKG|Centify
14:48:00.8 (164901305)|ENTERING_MANAGED_PKG|Centify
14:48:00.8 (165053321)|ENTERING_MANAGED_PKG|Centify
14:48:00.8 (165201696)|ENTERING_MANAGED_PKG|Centify
14:48:00.8 (165349423)|ENTERING_MANAGED_PKG|Centify
14:48:00.8 (165496293)|ENTERING_MANAGED_PKG|Centify
14:48:00.8 (165643162)|ENTERING_MANAGED_PKG|Centify
14:48:00.8 (165796831)|ENTERING_MANAGED_PKG|Centify
14:48:00.8 (165947136)|ENTERING_MANAGED_PKG|Centify
14:48:00.8 (166093062)|ENTERING_MANAGED_PKG|Centify
14:48:00.8 (166233184)|ENTERING_MANAGED_PKG|Centify
14:48:00.8 (166374859)|ENTERING_MANAGED_PKG|Centify
14:48:00.8 (166517377)|ENTERING_MANAGED_PKG|Centify
14:48:00.8 (166646906)|ENTERING_MANAGED_PKG|Centify
14:48:00.8 (166781038)|ENTERING_MANAGED_PKG|Centify
14:48:00.8 (166918177)|ENTERING_MANAGED_PKG|Centify
14:48:00.8 (167076502)|ENTERING_MANAGED_PKG|Centify
14:48:00.8 (167279226)|ENTERING_MANAGED_PKG|Centify
14:48:00.8 (167423110)|ENTERING_MANAGED_PKG|Centify
14:48:00.8 (167560171)|ENTERING_MANAGED_PKG|Centify
14:48:00.8 (167694335)|ENTERING_MANAGED_PKG|Centify
14:48:00.8 (167833607)|ENTERING_MANAGED_PKG|Centify
14:48:00.8 (167970086)|ENTERING_MANAGED_PKG|Centify
14:48:00.8 (168100317)|ENTERING_MANAGED_PKG|Centify
14:48:00.8 (168230496)|ENTERING_MANAGED_PKG|Centify
14:48:00.8 (168360694)|ENTERING_MANAGED_PKG|Centify
14:48:00.8 (168495708)|ENTERING_MANAGED_PKG|Centify
14:48:00.8 (168625102)|ENTERING_MANAGED_PKG|Centify
14:48:00.8 (168754106)|ENTERING_MANAGED_PKG|Centify
14:48:00.8 (169032436)|ENTERING_MANAGED_PKG|Centify
14:48:00.8 (169075935)|ENTERING_MANAGED_PKG|Centify
14:48:00.8 (169202501)|ENTERING_MANAGED_PKG|Centify
14:48:00.8 (169260084)|ENTERING_MANAGED_PKG|Centify
14:48:00.8 (169332380)|ENTERING_MANAGED_PKG|Centify
14:48:00.8 (169378335)|ENTERING_MANAGED_PKG|Centify
14:48:00.8 (169410076)|ENTERING_MANAGED_PKG|Centify
14:48:00.8 (169734441)|ENTERING_MANAGED_PKG|Centify
14:48:00.8 (169766222)|ENTERING_MANAGED_PKG|Centify
14:48:00.8 (169792694)|ENTERING_MANAGED_PKG|Centify
14:48:00.8 (169913585)|ENTERING_MANAGED_PKG|Centify
14:48:00.8 (170071398)|ENTERING_MANAGED_PKG|Centify
14:48:00.8 (170097451)|ENTERING_MANAGED_PKG|Centify
14:48:00.8 (170123641)|ENTERING_MANAGED_PKG|Centify
14:48:00.8 (170136712)|ENTERING_MANAGED_PKG|Centify
14:48:00.8 (170535848)|ENTERING_MANAGED_PKG|Centify
14:48:00.8 (170563119)|ENTERING_MANAGED_PKG|Centify
14:48:00.8 (170575999)|ENTERING_MANAGED_PKG|Centify
14:48:00.8 (170664499)|ENTERING_MANAGED_PKG|Centify
14:48:00.8 (170822723)|ENTERING_MANAGED_PKG|Centify
14:48:00.8 (170848329)|ENTERING_MANAGED_PKG|Centify
14:48:00.8 (170873681)|ENTERING_MANAGED_PKG|Centify
14:48:00.8 (170887127)|ENTERING_MANAGED_PKG|Centify
14:48:00.8 (171477824)|ENTERING_MANAGED_PKG|Centify
14:48:00.8 (171516793)|ENTERING_MANAGED_PKG|Centify
14:48:00.8 (171541759)|ENTERING_MANAGED_PKG|Centify
14:48:00.8 (171646151)|ENTERING_MANAGED_PKG|Centify
14:48:00.8 (171800799)|ENTERING_MANAGED_PKG|Centify
14:48:00.8 (171826175)|ENTERING_MANAGED_PKG|Centify
14:48:00.8 (171859123)|ENTERING_MANAGED_PKG|Centify
14:48:00.8 (171883061)|ENTERING_MANAGED_PKG|Centify
14:48:00.8 (172906223)|ENTERING_MANAGED_PKG|Centify
14:48:00.8 (172954937)|ENTERING_MANAGED_PKG|Centify
14:48:00.8 (172982052)|ENTERING_MANAGED_PKG|Centify
14:48:00.8 (173092679)|ENTERING_MANAGED_PKG|Centify
14:48:00.8 (173245273)|ENTERING_MANAGED_PKG|Centify
14:48:00.8 (173271354)|ENTERING_MANAGED_PKG|Centify
14:48:00.8 (173301179)|ENTERING_MANAGED_PKG|Centify
14:48:00.8 (173317033)|ENTERING_MANAGED_PKG|Centify
14:48:00.8 (174246806)|ENTERING_MANAGED_PKG|Centify
14:48:00.8 (174281744)|ENTERING_MANAGED_PKG|Centify
14:48:00.8 (174296467)|ENTERING_MANAGED_PKG|Centify
14:48:00.8 (174392724)|ENTERING_MANAGED_PKG|Centify
14:48:00.8 (174542298)|ENTERING_MANAGED_PKG|Centify
14:48:00.8 (174729817)|ENTERING_MANAGED_PKG|Centify
14:48:00.8 (174878506)|ENTERING_MANAGED_PKG|Centify
14:48:00.8 (175023387)|ENTERING_MANAGED_PKG|Centify
14:48:00.8 (175050912)|ENTERING_MANAGED_PKG|Centify
14:48:00.8 (175078655)|ENTERING_MANAGED_PKG|Centify
14:48:00.8 (175091875)|ENTERING_MANAGED_PKG|Centify
14:48:00.8 (176187309)|ENTERING_MANAGED_PKG|Centify
14:48:00.8 (176223230)|ENTERING_MANAGED_PKG|Centify
14:48:00.8 (176237481)|ENTERING_MANAGED_PKG|Centify
14:48:00.8 (176338169)|ENTERING_MANAGED_PKG|Centify
14:48:00.8 (176588487)|ENTERING_MANAGED_PKG|Centify
14:48:00.8 (176639344)|ENTERING_MANAGED_PKG|Centify
14:48:00.8 (176692500)|ENTERING_MANAGED_PKG|Centify
14:48:00.8 (176718474)|ENTERING_MANAGED_PKG|Centify
14:48:00.8 (178278515)|ENTERING_MANAGED_PKG|Centify
14:48:00.8 (178316222)|ENTERING_MANAGED_PKG|Centify
14:48:00.8 (178331380)|ENTERING_MANAGED_PKG|Centify
14:48:00.8 (178460265)|ENTERING_MANAGED_PKG|Centify
14:48:00.8 (178680280)|ENTERING_MANAGED_PKG|Centify
14:48:00.8 (178710692)|ENTERING_MANAGED_PKG|Centify
14:48:00.8 (178747063)|ENTERING_MANAGED_PKG|Centify
14:48:00.8 (178772044)|ENTERING_MANAGED_PKG|Centify
14:48:00.8 (180321600)|ENTERING_MANAGED_PKG|Centify
14:48:00.8 (180355848)|ENTERING_MANAGED_PKG|Centify
14:48:00.8 (180370238)|ENTERING_MANAGED_PKG|Centify
14:48:00.8 (180495019)|ENTERING_MANAGED_PKG|Centify
14:48:00.8 (180691002)|ENTERING_MANAGED_PKG|Centify
14:48:00.8 (180719515)|ENTERING_MANAGED_PKG|Centify
14:48:00.8 (180747519)|ENTERING_MANAGED_PKG|Centify
14:48:00.8 (180761613)|ENTERING_MANAGED_PKG|Centify
14:48:00.8 (182831054)|ENTERING_MANAGED_PKG|Centify
14:48:00.8 (182890379)|ENTERING_MANAGED_PKG|Centify
14:48:00.8 (182918587)|ENTERING_MANAGED_PKG|Centify
14:48:00.8 (183096157)|ENTERING_MANAGED_PKG|Centify
14:48:00.8 (183376774)|ENTERING_MANAGED_PKG|Centify
14:48:00.8 (183424421)|ENTERING_MANAGED_PKG|Centify
14:48:00.8 (183478393)|ENTERING_MANAGED_PKG|Centify
14:48:00.8 (183506345)|ENTERING_MANAGED_PKG|Centify
14:48:00.8 (185680202)|ENTERING_MANAGED_PKG|Centify
14:48:00.8 (185717325)|ENTERING_MANAGED_PKG|Centify
14:48:00.8 (185731869)|ENTERING_MANAGED_PKG|Centify
14:48:00.8 (185870575)|ENTERING_MANAGED_PKG|Centify
14:48:00.8 (186168457)|ENTERING_MANAGED_PKG|Centify
14:48:00.8 (186217867)|ENTERING_MANAGED_PKG|Centify
14:48:00.8 (186273182)|ENTERING_MANAGED_PKG|Centify
14:48:00.8 (186300060)|ENTERING_MANAGED_PKG|Centify
14:48:00.8 (188426360)|ENTERING_MANAGED_PKG|Centify
14:48:00.8 (188470108)|ENTERING_MANAGED_PKG|Centify
14:48:00.8 (188489330)|ENTERING_MANAGED_PKG|Centify
14:48:00.8 (188613910)|ENTERING_MANAGED_PKG|Centify
14:48:00.8 (188829911)|ENTERING_MANAGED_PKG|Centify
14:48:00.8 (188867051)|ENTERING_MANAGED_PKG|Centify
14:48:00.8 (188906921)|ENTERING_MANAGED_PKG|Centify
14:48:00.8 (188925457)|ENTERING_MANAGED_PKG|Centify
14:48:00.8 (191035751)|ENTERING_MANAGED_PKG|Centify
14:48:00.8 (191077182)|ENTERING_MANAGED_PKG|Centify
14:48:00.8 (191096080)|ENTERING_MANAGED_PKG|Centify
14:48:00.8 (191220026)|ENTERING_MANAGED_PKG|Centify
14:48:00.8 (191442312)|ENTERING_MANAGED_PKG|Centify
14:48:00.8 (191478237)|ENTERING_MANAGED_PKG|Centify
14:48:00.8 (191515120)|ENTERING_MANAGED_PKG|Centify
14:48:00.8 (191534473)|ENTERING_MANAGED_PKG|Centify
14:48:00.8 (193853753)|ENTERING_MANAGED_PKG|Centify
14:48:00.8 (193903925)|ENTERING_MANAGED_PKG|Centify
14:48:00.8 (193924552)|ENTERING_MANAGED_PKG|Centify
14:48:00.8 (194072896)|ENTERING_MANAGED_PKG|Centify
14:48:00.8 (194350843)|ENTERING_MANAGED_PKG|Centify
14:48:00.8 (194398848)|ENTERING_MANAGED_PKG|Centify
14:48:00.8 (194454404)|ENTERING_MANAGED_PKG|Centify
14:48:00.8 (194482785)|ENTERING_MANAGED_PKG|Centify
14:48:00.8 (197120616)|ENTERING_MANAGED_PKG|Centify
14:48:00.8 (197166350)|ENTERING_MANAGED_PKG|Centify
14:48:00.8 (197185950)|ENTERING_MANAGED_PKG|Centify
14:48:00.8 (197325434)|ENTERING_MANAGED_PKG|Centify
14:48:00.8 (197583395)|ENTERING_MANAGED_PKG|Centify
14:48:00.8 (197625759)|ENTERING_MANAGED_PKG|Centify
14:48:00.8 (197675619)|ENTERING_MANAGED_PKG|Centify
14:48:00.8 (197702058)|ENTERING_MANAGED_PKG|Centify
14:48:00.8 (200672983)|ENTERING_MANAGED_PKG|Centify
14:48:00.8 (200720285)|ENTERING_MANAGED_PKG|Centify
14:48:00.8 (200740523)|ENTERING_MANAGED_PKG|Centify
14:48:00.8 (200882319)|ENTERING_MANAGED_PKG|Centify
14:48:00.8 (200948968)|ENTERING_MANAGED_PKG|Centify
14:48:00.8 (201001483)|ENTERING_MANAGED_PKG|Centify
14:48:00.8 (201037373)|ENTERING_MANAGED_PKG|Centify
14:48:00.8 (201338954)|ENTERING_MANAGED_PKG|Centify
14:48:00.8 (201381092)|ENTERING_MANAGED_PKG|Centify
14:48:00.8 (204701084)|ENTERING_MANAGED_PKG|Centify
14:48:00.8 (204749998)|ENTERING_MANAGED_PKG|Centify
14:48:00.8 (204790970)|ENTERING_MANAGED_PKG|Centify
14:48:00.8 (204866093)|ENTERING_MANAGED_PKG|Centify
14:48:00.8 (205039736)|ENTERING_MANAGED_PKG|Centify
14:48:00.8 (205168122)|ENTERING_MANAGED_PKG|Centify
14:48:00.8 (234969897)|ENTERING_MANAGED_PKG|Centify
14:48:00.8 (235043400)|ENTERING_MANAGED_PKG|Centify
14:48:00.8 (235179880)|ENTERING_MANAGED_PKG|Centify
14:48:00.8 (235244250)|ENTERING_MANAGED_PKG|Centify
14:48:00.8 (244306792)|ENTERING_MANAGED_PKG|Centify
14:48:00.8 (244618244)|ENTERING_MANAGED_PKG|Centify
14:48:00.8 (246270392)|ENTERING_MANAGED_PKG|Centify
14:48:00.8 (246959291)|ENTERING_MANAGED_PKG|Centify
14:48:00.8 (247028256)|ENTERING_MANAGED_PKG|Centify
14:48:00.8 (247150340)|ENTERING_MANAGED_PKG|Centify
14:48:00.8 (247213878)|ENTERING_MANAGED_PKG|Centify
14:48:00.8 (247378575)|ENTERING_MANAGED_PKG|Centify
14:48:00.8 (247671305)|ENTERING_MANAGED_PKG|Centify
14:48:00.8 (247951121)|ENTERING_MANAGED_PKG|Centify
14:48:00.8 (248183010)|ENTERING_MANAGED_PKG|Centify
14:48:00.8 (248374561)|ENTERING_MANAGED_PKG|Centify
14:48:00.8 (248587134)|ENTERING_MANAGED_PKG|Centify
14:48:00.8 (248807058)|ENTERING_MANAGED_PKG|Centify
14:48:00.8 (249027102)|ENTERING_MANAGED_PKG|Centify
14:48:00.8 (249188518)|ENTERING_MANAGED_PKG|Centify
14:48:00.8 (249324596)|ENTERING_MANAGED_PKG|Centify
14:48:00.8 (249484387)|ENTERING_MANAGED_PKG|Centify
14:48:00.8 (249746123)|ENTERING_MANAGED_PKG|Centify
14:48:00.8 (250058584)|ENTERING_MANAGED_PKG|Centify
14:48:00.8 (250295121)|ENTERING_MANAGED_PKG|Centify
14:48:00.8 (250525057)|ENTERING_MANAGED_PKG|Centify
14:48:00.8 (250736705)|ENTERING_MANAGED_PKG|Centify
14:48:00.8 (250998095)|ENTERING_MANAGED_PKG|Centify
14:48:00.8 (251258819)|ENTERING_MANAGED_PKG|Centify
14:48:00.8 (251500495)|ENTERING_MANAGED_PKG|Centify
14:48:00.8 (251722605)|ENTERING_MANAGED_PKG|Centify
14:48:00.8 (251969849)|ENTERING_MANAGED_PKG|Centify
14:48:00.8 (252206185)|ENTERING_MANAGED_PKG|Centify
14:48:00.8 (252449803)|ENTERING_MANAGED_PKG|Centify
14:48:00.8 (252694856)|ENTERING_MANAGED_PKG|Centify
14:48:00.8 (252948726)|ENTERING_MANAGED_PKG|Centify
14:48:00.8 (253190713)|ENTERING_MANAGED_PKG|Centify
14:48:00.8 (253431050)|ENTERING_MANAGED_PKG|Centify
14:48:00.8 (253671158)|ENTERING_MANAGED_PKG|Centify
14:48:00.8 (253885747)|ENTERING_MANAGED_PKG|Centify
14:48:00.8 (254106504)|ENTERING_MANAGED_PKG|Centify
14:48:00.8 (254155872)|ENTERING_MANAGED_PKG|Centify
14:48:00.8 (254194168)|ENTERING_MANAGED_PKG|Centify
14:48:00.8 (254221700)|ENTERING_MANAGED_PKG|Centify
14:48:00.8 (254276684)|ENTERING_MANAGED_PKG|Centify
14:48:00.8 (254319323)|ENTERING_MANAGED_PKG|Centify
14:48:00.8 (257268397)|ENTERING_MANAGED_PKG|Centify
14:48:00.8 (257332061)|ENTERING_MANAGED_PKG|Centify
14:48:00.8 (257381402)|ENTERING_MANAGED_PKG|Centify
14:48:00.8 (257473784)|ENTERING_MANAGED_PKG|Centify
14:48:00.8 (257676538)|ENTERING_MANAGED_PKG|Centify
14:48:00.8 (257835424)|ENTERING_MANAGED_PKG|Centify
14:48:00.8 (274282001)|ENTERING_MANAGED_PKG|Centify
14:48:00.8 (274333963)|ENTERING_MANAGED_PKG|Centify
14:48:00.8 (288366756)|ENTERING_MANAGED_PKG|Centify
14:48:00.8 (288456052)|ENTERING_MANAGED_PKG|Centify
14:48:00.8 (303081511)|ENTERING_MANAGED_PKG|Centify
14:48:00.8 (303137223)|ENTERING_MANAGED_PKG|Centify
14:48:00.8 (320109212)|ENTERING_MANAGED_PKG|Centify
14:48:00.8 (320267419)|ENTERING_MANAGED_PKG|Centify
14:48:00.8 (320377276)|ENTERING_MANAGED_PKG|Centify
14:48:00.8 (320483544)|ENTERING_MANAGED_PKG|Centify
14:48:00.8 (320606590)|ENTERING_MANAGED_PKG|Centify
14:48:00.8 (320696101)|ENTERING_MANAGED_PKG|Centify
14:48:00.8 (320786899)|ENTERING_MANAGED_PKG|Centify
14:48:00.8 (320872591)|ENTERING_MANAGED_PKG|Centify
14:48:00.8 (321052827)|ENTERING_MANAGED_PKG|Centify
14:48:00.8 (321209350)|ENTERING_MANAGED_PKG|Centify
14:48:00.8 (321364376)|ENTERING_MANAGED_PKG|Centify
14:48:00.8 (321402160)|ENTERING_MANAGED_PKG|Centify
14:48:00.8 (321482043)|ENTERING_MANAGED_PKG|Centify
14:48:00.8 (321509496)|ENTERING_MANAGED_PKG|Centify
14:48:00.8 (328487260)|ENTERING_MANAGED_PKG|Centify
14:48:00.8 (328730766)|ENTERING_MANAGED_PKG|Centify
14:48:00.8 (329541746)|ENTERING_MANAGED_PKG|Centify
14:48:00.8 (330217765)|ENTERING_MANAGED_PKG|Centify
14:48:00.8 (330268909)|ENTERING_MANAGED_PKG|Centify
14:48:00.8 (330364766)|ENTERING_MANAGED_PKG|Centify
14:48:00.8 (330406744)|ENTERING_MANAGED_PKG|Centify
14:48:00.8 (330521558)|ENTERING_MANAGED_PKG|Centify
14:48:00.8 (330677321)|ENTERING_MANAGED_PKG|Centify
14:48:00.8 (330820502)|ENTERING_MANAGED_PKG|Centify
14:48:00.8 (330953904)|ENTERING_MANAGED_PKG|Centify
14:48:00.8 (331084097)|ENTERING_MANAGED_PKG|Centify
14:48:00.8 (331213319)|ENTERING_MANAGED_PKG|Centify
14:48:00.8 (331339230)|ENTERING_MANAGED_PKG|Centify
14:48:00.8 (331464217)|ENTERING_MANAGED_PKG|Centify
14:48:00.8 (331590815)|ENTERING_MANAGED_PKG|Centify
14:48:00.8 (331716631)|ENTERING_MANAGED_PKG|Centify
14:48:00.8 (331850294)|ENTERING_MANAGED_PKG|Centify
14:48:00.8 (331977577)|ENTERING_MANAGED_PKG|Centify
14:48:00.8 (332104144)|ENTERING_MANAGED_PKG|Centify
14:48:00.8 (332231342)|ENTERING_MANAGED_PKG|Centify
14:48:00.8 (332361301)|ENTERING_MANAGED_PKG|Centify
14:48:00.8 (332482195)|ENTERING_MANAGED_PKG|Centify
14:48:00.8 (332605256)|ENTERING_MANAGED_PKG|Centify
14:48:00.8 (332743219)|ENTERING_MANAGED_PKG|Centify
14:48:00.8 (332881457)|ENTERING_MANAGED_PKG|Centify
14:48:00.8 (333010607)|ENTERING_MANAGED_PKG|Centify
14:48:00.8 (333139488)|ENTERING_MANAGED_PKG|Centify
14:48:00.8 (333266314)|ENTERING_MANAGED_PKG|Centify
14:48:00.8 (333392199)|ENTERING_MANAGED_PKG|Centify
14:48:00.8 (333518333)|ENTERING_MANAGED_PKG|Centify
14:48:00.8 (333647306)|ENTERING_MANAGED_PKG|Centify
14:48:00.8 (333777828)|ENTERING_MANAGED_PKG|Centify
14:48:00.8 (333906336)|ENTERING_MANAGED_PKG|Centify
14:48:00.8 (334032689)|ENTERING_MANAGED_PKG|Centify
14:48:00.8 (334160724)|ENTERING_MANAGED_PKG|Centify
14:48:00.8 (334285803)|ENTERING_MANAGED_PKG|Centify
14:48:00.8 (334415786)|ENTERING_MANAGED_PKG|Centify
14:48:00.8 (334546597)|ENTERING_MANAGED_PKG|Centify
14:48:00.8 (334587810)|ENTERING_MANAGED_PKG|Centify
14:48:00.8 (334624173)|ENTERING_MANAGED_PKG|Centify
14:48:00.8 (334650057)|ENTERING_MANAGED_PKG|Centify
14:48:00.8 (334700707)|ENTERING_MANAGED_PKG|Centify
14:48:00.8 (334743134)|ENTERING_MANAGED_PKG|Centify
14:48:00.8 (336578815)|ENTERING_MANAGED_PKG|Centify
14:48:00.8 (336611069)|ENTERING_MANAGED_PKG|Centify
14:48:00.8 (336636846)|ENTERING_MANAGED_PKG|Centify
14:48:00.8 (336689626)|ENTERING_MANAGED_PKG|Centify
14:48:00.8 (336818585)|ENTERING_MANAGED_PKG|Centify
14:48:00.8 (336893272)|ENTERING_MANAGED_PKG|Centify
14:48:00.8 (356951085)|ENTERING_MANAGED_PKG|Centify
14:48:00.8 (357002827)|ENTERING_MANAGED_PKG|Centify
14:48:00.8 (370792048)|ENTERING_MANAGED_PKG|Centify
14:48:00.8 (370881989)|ENTERING_MANAGED_PKG|Centify
14:48:00.8 (384935671)|ENTERING_MANAGED_PKG|Centify
14:48:00.8 (384989145)|ENTERING_MANAGED_PKG|Centify
14:48:00.8 (400132036)|ENTERING_MANAGED_PKG|Centify
14:48:00.8 (400258523)|ENTERING_MANAGED_PKG|Centify
14:48:00.8 (400350853)|ENTERING_MANAGED_PKG|Centify
14:48:00.8 (400438499)|ENTERING_MANAGED_PKG|Centify
14:48:00.8 (400552790)|ENTERING_MANAGED_PKG|Centify
14:48:00.8 (400638659)|ENTERING_MANAGED_PKG|Centify
14:48:00.8 (400722414)|ENTERING_MANAGED_PKG|Centify
14:48:00.8 (400817329)|ENTERING_MANAGED_PKG|Centify
14:48:00.8 (400972863)|ENTERING_MANAGED_PKG|Centify
14:48:00.8 (401104222)|ENTERING_MANAGED_PKG|Centify
14:48:00.8 (401250626)|ENTERING_MANAGED_PKG|Centify
14:48:00.8 (401285768)|ENTERING_MANAGED_PKG|Centify
14:48:00.8 (401365683)|ENTERING_MANAGED_PKG|Centify
14:48:00.8 (401394872)|ENTERING_MANAGED_PKG|Centify
14:48:00.8 (410629329)|ENTERING_MANAGED_PKG|Centify
14:48:00.8 (411016684)|ENTERING_MANAGED_PKG|Centify
14:48:00.8 (411565677)|ENTERING_MANAGED_PKG|Centify
14:48:00.8 (412439954)|ENTERING_MANAGED_PKG|Centify
14:48:00.8 (412517111)|ENTERING_MANAGED_PKG|Centify
14:48:00.8 (412682787)|ENTERING_MANAGED_PKG|Centify
14:48:00.8 (412761865)|ENTERING_MANAGED_PKG|Centify
14:48:00.8 (412956121)|ENTERING_MANAGED_PKG|Centify
14:48:00.8 (413213277)|ENTERING_MANAGED_PKG|Centify
14:48:00.8 (413455839)|ENTERING_MANAGED_PKG|Centify
14:48:00.8 (413697318)|ENTERING_MANAGED_PKG|Centify
14:48:00.8 (413943404)|ENTERING_MANAGED_PKG|Centify
14:48:00.8 (414182150)|ENTERING_MANAGED_PKG|Centify
14:48:00.8 (414422582)|ENTERING_MANAGED_PKG|Centify
14:48:00.8 (414661018)|ENTERING_MANAGED_PKG|Centify
14:48:00.8 (414907216)|ENTERING_MANAGED_PKG|Centify
14:48:00.8 (415136895)|ENTERING_MANAGED_PKG|Centify
14:48:00.8 (415363570)|ENTERING_MANAGED_PKG|Centify
14:48:00.8 (415635091)|ENTERING_MANAGED_PKG|Centify
14:48:00.8 (415909882)|ENTERING_MANAGED_PKG|Centify
14:48:00.8 (416193012)|ENTERING_MANAGED_PKG|Centify
14:48:00.8 (416461730)|ENTERING_MANAGED_PKG|Centify
14:48:00.8 (416742016)|ENTERING_MANAGED_PKG|Centify
14:48:00.8 (416979827)|ENTERING_MANAGED_PKG|Centify
14:48:00.8 (417133757)|ENTERING_MANAGED_PKG|Centify
14:48:00.8 (417270906)|ENTERING_MANAGED_PKG|Centify
14:48:00.8 (417405032)|ENTERING_MANAGED_PKG|Centify
14:48:00.8 (417533647)|ENTERING_MANAGED_PKG|Centify
14:48:00.8 (417661662)|ENTERING_MANAGED_PKG|Centify
14:48:00.8 (417795586)|ENTERING_MANAGED_PKG|Centify
14:48:00.8 (417923174)|ENTERING_MANAGED_PKG|Centify
14:48:00.8 (418050205)|ENTERING_MANAGED_PKG|Centify
14:48:00.8 (418177824)|ENTERING_MANAGED_PKG|Centify
14:48:00.8 (418306975)|ENTERING_MANAGED_PKG|Centify
14:48:00.8 (418434424)|ENTERING_MANAGED_PKG|Centify
14:48:00.8 (418561948)|ENTERING_MANAGED_PKG|Centify
14:48:00.8 (418689358)|ENTERING_MANAGED_PKG|Centify
14:48:00.8 (418815865)|ENTERING_MANAGED_PKG|Centify
14:48:00.8 (418948120)|ENTERING_MANAGED_PKG|Centify
14:48:00.8 (419081806)|ENTERING_MANAGED_PKG|Centify
14:48:00.8 (419212380)|ENTERING_MANAGED_PKG|Centify
14:48:00.8 (419340394)|ENTERING_MANAGED_PKG|Centify
14:48:00.8 (419468410)|ENTERING_MANAGED_PKG|Centify
14:48:00.8 (419594848)|ENTERING_MANAGED_PKG|Centify
14:48:00.8 (419722850)|ENTERING_MANAGED_PKG|Centify
14:48:00.8 (419858922)|ENTERING_MANAGED_PKG|Centify
14:48:00.8 (419987048)|ENTERING_MANAGED_PKG|Centify
14:48:00.8 (420113963)|ENTERING_MANAGED_PKG|Centify
14:48:00.8 (420241644)|ENTERING_MANAGED_PKG|Centify
14:48:00.8 (420388126)|ENTERING_MANAGED_PKG|Centify
14:48:00.8 (420474672)|ENTERING_MANAGED_PKG|Centify
14:48:00.8 (420522255)|ENTERING_MANAGED_PKG|Centify
14:48:00.8 (420547032)|ENTERING_MANAGED_PKG|Centify
14:48:00.8 (420573952)|ENTERING_MANAGED_PKG|Centify
14:48:00.8 (420587704)|ENTERING_MANAGED_PKG|Centify
14:48:00.8 (420911151)|ENTERING_MANAGED_PKG|Centify
14:48:00.8 (420941319)|ENTERING_MANAGED_PKG|Centify
14:48:00.8 (420954375)|ENTERING_MANAGED_PKG|Centify
14:48:00.8 (421046058)|ENTERING_MANAGED_PKG|Centify
14:48:00.8 (421191486)|ENTERING_MANAGED_PKG|Centify
14:48:00.8 (421215650)|ENTERING_MANAGED_PKG|Centify
14:48:00.8 (421240364)|ENTERING_MANAGED_PKG|Centify
14:48:00.8 (421252658)|ENTERING_MANAGED_PKG|Centify
14:48:00.8 (421636689)|ENTERING_MANAGED_PKG|Centify
14:48:00.8 (421664410)|ENTERING_MANAGED_PKG|Centify
14:48:00.8 (421677164)|ENTERING_MANAGED_PKG|Centify
14:48:00.8 (421768592)|ENTERING_MANAGED_PKG|Centify
14:48:00.8 (421911120)|ENTERING_MANAGED_PKG|Centify
14:48:00.8 (421934688)|ENTERING_MANAGED_PKG|Centify
14:48:00.8 (421959400)|ENTERING_MANAGED_PKG|Centify
14:48:00.8 (421972278)|ENTERING_MANAGED_PKG|Centify
14:48:00.8 (422462801)|ENTERING_MANAGED_PKG|Centify
14:48:00.8 (422490450)|ENTERING_MANAGED_PKG|Centify
14:48:00.8 (422503106)|ENTERING_MANAGED_PKG|Centify
14:48:00.8 (422589136)|ENTERING_MANAGED_PKG|Centify
14:48:00.8 (422730859)|ENTERING_MANAGED_PKG|Centify
14:48:00.8 (422759545)|ENTERING_MANAGED_PKG|Centify
14:48:00.8 (422786381)|ENTERING_MANAGED_PKG|Centify
14:48:00.8 (422799910)|ENTERING_MANAGED_PKG|Centify
14:48:00.8 (423406981)|ENTERING_MANAGED_PKG|Centify
14:48:00.8 (423433741)|ENTERING_MANAGED_PKG|Centify
14:48:00.8 (423446513)|ENTERING_MANAGED_PKG|Centify
14:48:00.8 (423531446)|ENTERING_MANAGED_PKG|Centify
14:48:00.8 (423672938)|ENTERING_MANAGED_PKG|Centify
14:48:00.8 (423697454)|ENTERING_MANAGED_PKG|Centify
14:48:00.8 (423721922)|ENTERING_MANAGED_PKG|Centify
14:48:00.8 (423734512)|ENTERING_MANAGED_PKG|Centify
14:48:00.8 (424455062)|ENTERING_MANAGED_PKG|Centify
14:48:00.8 (424482448)|ENTERING_MANAGED_PKG|Centify
14:48:00.8 (424495220)|ENTERING_MANAGED_PKG|Centify
14:48:00.8 (424579665)|ENTERING_MANAGED_PKG|Centify
14:48:00.8 (424719389)|ENTERING_MANAGED_PKG|Centify
14:48:00.8 (424743610)|ENTERING_MANAGED_PKG|Centify
14:48:00.8 (424773797)|ENTERING_MANAGED_PKG|Centify
14:48:00.8 (424787521)|ENTERING_MANAGED_PKG|Centify
14:48:00.8 (425616112)|ENTERING_MANAGED_PKG|Centify
14:48:00.8 (425643587)|ENTERING_MANAGED_PKG|Centify
14:48:00.8 (425656333)|ENTERING_MANAGED_PKG|Centify
14:48:00.8 (425743323)|ENTERING_MANAGED_PKG|Centify
14:48:00.8 (425887442)|ENTERING_MANAGED_PKG|Centify
14:48:00.8 (426018714)|ENTERING_MANAGED_PKG|Centify
14:48:00.8 (426152097)|ENTERING_MANAGED_PKG|Centify
14:48:00.8 (426280349)|ENTERING_MANAGED_PKG|Centify
14:48:00.8 (426407977)|ENTERING_MANAGED_PKG|Centify
14:48:00.8 (426535194)|ENTERING_MANAGED_PKG|Centify
14:48:00.8 (426661705)|ENTERING_MANAGED_PKG|Centify
14:48:00.8 (426796243)|ENTERING_MANAGED_PKG|Centify
14:48:00.8 (426925914)|ENTERING_MANAGED_PKG|Centify
14:48:00.8 (427052359)|ENTERING_MANAGED_PKG|Centify
14:48:00.8 (427180260)|ENTERING_MANAGED_PKG|Centify
14:48:00.8 (427308639)|ENTERING_MANAGED_PKG|Centify
14:48:00.8 (427437255)|ENTERING_MANAGED_PKG|Centify
14:48:00.8 (427568934)|ENTERING_MANAGED_PKG|Centify
14:48:00.8 (427611475)|ENTERING_MANAGED_PKG|Centify
14:48:00.8 (427645848)|ENTERING_MANAGED_PKG|Centify
14:48:00.8 (427671017)|ENTERING_MANAGED_PKG|Centify
14:48:00.8 (427835158)|ENTERING_MANAGED_PKG|Centify
14:48:00.8 (427866055)|ENTERING_MANAGED_PKG|Centify
14:48:00.8 (429899694)|ENTERING_MANAGED_PKG|Centify
14:48:00.8 (429933494)|ENTERING_MANAGED_PKG|Centify
14:48:00.8 (429959328)|ENTERING_MANAGED_PKG|Centify
14:48:00.8 (430037177)|ENTERING_MANAGED_PKG|Centify
14:48:00.8 (430064968)|ENTERING_MANAGED_PKG|Centify
14:48:00.8 (430143862)|ENTERING_MANAGED_PKG|Centify
14:48:00.8 (430171971)|ENTERING_MANAGED_PKG|Centify
14:48:00.8 (437087310)|ENTERING_MANAGED_PKG|Centify
14:48:00.8 (437333482)|ENTERING_MANAGED_PKG|Centify
14:48:00.8 (437785664)|ENTERING_MANAGED_PKG|Centify
14:48:00.8 (438322217)|ENTERING_MANAGED_PKG|Centify
14:48:00.8 (438373748)|ENTERING_MANAGED_PKG|Centify
14:48:00.8 (438472681)|ENTERING_MANAGED_PKG|Centify
14:48:00.8 (438515767)|ENTERING_MANAGED_PKG|Centify
14:48:00.8 (438630402)|ENTERING_MANAGED_PKG|Centify
14:48:00.8 (438792246)|ENTERING_MANAGED_PKG|Centify
14:48:00.8 (438929348)|ENTERING_MANAGED_PKG|Centify
14:48:00.8 (439060173)|ENTERING_MANAGED_PKG|Centify
14:48:00.8 (439190475)|ENTERING_MANAGED_PKG|Centify
14:48:00.8 (439319901)|ENTERING_MANAGED_PKG|Centify
14:48:00.8 (439447662)|ENTERING_MANAGED_PKG|Centify
14:48:00.8 (439593303)|ENTERING_MANAGED_PKG|Centify
14:48:00.8 (439722318)|ENTERING_MANAGED_PKG|Centify
14:48:00.8 (439873116)|ENTERING_MANAGED_PKG|Centify
14:48:00.8 (440039820)|ENTERING_MANAGED_PKG|Centify
14:48:00.8 (440174727)|ENTERING_MANAGED_PKG|Centify
14:48:00.8 (440311935)|ENTERING_MANAGED_PKG|Centify
14:48:00.8 (440449525)|ENTERING_MANAGED_PKG|Centify
14:48:00.8 (440599306)|ENTERING_MANAGED_PKG|Centify
14:48:00.8 (440744165)|ENTERING_MANAGED_PKG|Centify
14:48:00.8 (440880131)|ENTERING_MANAGED_PKG|Centify
14:48:00.8 (441006873)|ENTERING_MANAGED_PKG|Centify
14:48:00.8 (441134784)|ENTERING_MANAGED_PKG|Centify
14:48:00.8 (441261378)|ENTERING_MANAGED_PKG|Centify
14:48:00.8 (441386655)|ENTERING_MANAGED_PKG|Centify
14:48:00.8 (441516529)|ENTERING_MANAGED_PKG|Centify
14:48:00.8 (441560232)|ENTERING_MANAGED_PKG|Centify
14:48:00.8 (441595106)|ENTERING_MANAGED_PKG|Centify
14:48:00.8 (441619394)|ENTERING_MANAGED_PKG|Centify
14:48:00.8 (441672025)|ENTERING_MANAGED_PKG|Centify
14:48:00.8 (441719935)|ENTERING_MANAGED_PKG|Centify
14:48:00.8 (443150267)|ENTERING_MANAGED_PKG|Centify
14:48:00.8 (443188735)|ENTERING_MANAGED_PKG|Centify
14:48:00.8 (443214729)|ENTERING_MANAGED_PKG|Centify
14:48:00.8 (443292677)|ENTERING_MANAGED_PKG|Centify
14:48:00.8 (443378836)|ENTERING_MANAGED_PKG|Centify
14:48:00.8 (443490770)|ENTERING_MANAGED_PKG|Centify
14:48:00.8 (443583728)|ENTERING_MANAGED_PKG|Centify
14:48:00.8 (443612313)|ENTERING_MANAGED_PKG|Centify
14:48:00.8 (450574170)|ENTERING_MANAGED_PKG|Centify
14:48:00.8 (450827785)|ENTERING_MANAGED_PKG|Centify
14:48:00.8 (451417930)|ENTERING_MANAGED_PKG|Centify
14:48:00.8 (452005439)|ENTERING_MANAGED_PKG|Centify
14:48:00.8 (452059295)|ENTERING_MANAGED_PKG|Centify
14:48:00.8 (452158024)|ENTERING_MANAGED_PKG|Centify
14:48:00.8 (452200751)|ENTERING_MANAGED_PKG|Centify
14:48:00.8 (452317874)|ENTERING_MANAGED_PKG|Centify
14:48:00.8 (452473927)|ENTERING_MANAGED_PKG|Centify
14:48:00.8 (452606369)|ENTERING_MANAGED_PKG|Centify
14:48:00.8 (452738494)|ENTERING_MANAGED_PKG|Centify
14:48:00.8 (452875796)|ENTERING_MANAGED_PKG|Centify
14:48:00.8 (453005487)|ENTERING_MANAGED_PKG|Centify
14:48:00.8 (453132269)|ENTERING_MANAGED_PKG|Centify
14:48:00.8 (453260020)|ENTERING_MANAGED_PKG|Centify
14:48:00.8 (453386302)|ENTERING_MANAGED_PKG|Centify
14:48:00.8 (453512070)|ENTERING_MANAGED_PKG|Centify
14:48:00.8 (453640002)|ENTERING_MANAGED_PKG|Centify
14:48:00.8 (453772076)|ENTERING_MANAGED_PKG|Centify
14:48:00.8 (453900734)|ENTERING_MANAGED_PKG|Centify
14:48:00.8 (454027626)|ENTERING_MANAGED_PKG|Centify
14:48:00.8 (454155418)|ENTERING_MANAGED_PKG|Centify
14:48:00.8 (454282210)|ENTERING_MANAGED_PKG|Centify
14:48:00.8 (454398118)|ENTERING_MANAGED_PKG|Centify
14:48:00.8 (454528080)|ENTERING_MANAGED_PKG|Centify
14:48:00.8 (454662969)|ENTERING_MANAGED_PKG|Centify
14:48:00.8 (454795641)|ENTERING_MANAGED_PKG|Centify
14:48:00.8 (454924609)|ENTERING_MANAGED_PKG|Centify
14:48:00.8 (455052502)|ENTERING_MANAGED_PKG|Centify
14:48:00.8 (455180458)|ENTERING_MANAGED_PKG|Centify
14:48:00.8 (455305314)|ENTERING_MANAGED_PKG|Centify
14:48:00.8 (455432359)|ENTERING_MANAGED_PKG|Centify
14:48:00.8 (455557520)|ENTERING_MANAGED_PKG|Centify
14:48:00.8 (455682351)|ENTERING_MANAGED_PKG|Centify
14:48:00.8 (455814322)|ENTERING_MANAGED_PKG|Centify
14:48:00.8 (455942481)|ENTERING_MANAGED_PKG|Centify
14:48:00.8 (456068699)|ENTERING_MANAGED_PKG|Centify
14:48:00.8 (456195866)|ENTERING_MANAGED_PKG|Centify
14:48:00.8 (456322417)|ENTERING_MANAGED_PKG|Centify
14:48:00.8 (456448502)|ENTERING_MANAGED_PKG|Centify
14:48:00.8 (456577334)|ENTERING_MANAGED_PKG|Centify
14:48:00.8 (456620794)|ENTERING_MANAGED_PKG|Centify
14:48:00.8 (456656774)|ENTERING_MANAGED_PKG|Centify
14:48:00.8 (456681967)|ENTERING_MANAGED_PKG|Centify
14:48:00.8 (456734167)|ENTERING_MANAGED_PKG|Centify
14:48:00.8 (456787350)|ENTERING_MANAGED_PKG|Centify
14:48:00.8 (458446420)|ENTERING_MANAGED_PKG|Centify
14:48:00.8 (458478454)|ENTERING_MANAGED_PKG|Centify
14:48:00.8 (458503672)|ENTERING_MANAGED_PKG|Centify
14:48:00.8 (458557938)|ENTERING_MANAGED_PKG|Centify
14:48:00.8 (458687944)|ENTERING_MANAGED_PKG|Centify
14:48:00.8 (458766670)|ENTERING_MANAGED_PKG|Centify
14:48:00.8 (472530482)|ENTERING_MANAGED_PKG|Centify
14:48:00.8 (472582936)|ENTERING_MANAGED_PKG|Centify
14:48:00.8 (487370005)|ENTERING_MANAGED_PKG|Centify
14:48:00.8 (487419033)|ENTERING_MANAGED_PKG|Centify
14:48:00.8 (487501807)|ENTERING_MANAGED_PKG|Centify
14:48:00.8 (487532091)|ENTERING_MANAGED_PKG|Centify
14:48:00.8 (494569501)|ENTERING_MANAGED_PKG|Centify
14:48:00.8 (494815779)|ENTERING_MANAGED_PKG|Centify
14:48:00.8 (495264507)|ENTERING_MANAGED_PKG|Centify
14:48:00.8 (495812390)|ENTERING_MANAGED_PKG|Centify
14:48:00.8 (495862978)|ENTERING_MANAGED_PKG|Centify
14:48:00.8 (495961365)|ENTERING_MANAGED_PKG|Centify
14:48:00.8 (496003524)|ENTERING_MANAGED_PKG|Centify
14:48:00.8 (496118587)|ENTERING_MANAGED_PKG|Centify
14:48:00.8 (496271475)|ENTERING_MANAGED_PKG|Centify
14:48:00.8 (496404625)|ENTERING_MANAGED_PKG|Centify
14:48:00.8 (496533414)|ENTERING_MANAGED_PKG|Centify
14:48:00.8 (496663146)|ENTERING_MANAGED_PKG|Centify
14:48:00.8 (496797108)|ENTERING_MANAGED_PKG|Centify
14:48:00.8 (496927241)|ENTERING_MANAGED_PKG|Centify
14:48:00.8 (497053444)|ENTERING_MANAGED_PKG|Centify
14:48:00.8 (497179750)|ENTERING_MANAGED_PKG|Centify
14:48:00.8 (497307832)|ENTERING_MANAGED_PKG|Centify
14:48:00.8 (497434332)|ENTERING_MANAGED_PKG|Centify
14:48:00.8 (497548931)|ENTERING_MANAGED_PKG|Centify
14:48:00.8 (497673467)|ENTERING_MANAGED_PKG|Centify
14:48:00.8 (497814910)|ENTERING_MANAGED_PKG|Centify
14:48:00.8 (497944152)|ENTERING_MANAGED_PKG|Centify
14:48:00.8 (498072105)|ENTERING_MANAGED_PKG|Centify
14:48:00.8 (498200419)|ENTERING_MANAGED_PKG|Centify
14:48:00.8 (498328298)|ENTERING_MANAGED_PKG|Centify
14:48:00.8 (498455241)|ENTERING_MANAGED_PKG|Centify
14:48:00.8 (498581757)|ENTERING_MANAGED_PKG|Centify
14:48:00.8 (498707874)|ENTERING_MANAGED_PKG|Centify
14:48:00.8 (498841574)|ENTERING_MANAGED_PKG|Centify
14:48:00.8 (498968420)|ENTERING_MANAGED_PKG|Centify
14:48:00.8 (499093753)|ENTERING_MANAGED_PKG|Centify
14:48:00.8 (499134757)|ENTERING_MANAGED_PKG|Centify
14:48:00.8 (499169852)|ENTERING_MANAGED_PKG|Centify
14:48:00.8 (499194559)|ENTERING_MANAGED_PKG|Centify
14:48:00.8 (499243161)|ENTERING_MANAGED_PKG|Centify
14:48:00.8 (499283801)|ENTERING_MANAGED_PKG|Centify
14:48:00.8 (500571999)|ENTERING_MANAGED_PKG|Centify
14:48:00.8 (500622713)|ENTERING_MANAGED_PKG|Centify
14:48:00.8 (500664314)|ENTERING_MANAGED_PKG|Centify
14:48:00.8 (500762961)|ENTERING_MANAGED_PKG|Centify
14:48:00.8 (500825968)|ENTERING_MANAGED_PKG|Centify
14:48:00.8 (500880035)|ENTERING_MANAGED_PKG|Centify
14:48:00.8 (501113434)|ENTERING_MANAGED_PKG|Centify
14:48:00.8 (501363098)|ENTERING_MANAGED_PKG|Centify
14:48:00.8 (501409006)|ENTERING_MANAGED_PKG|Centify
14:48:00.8 (501535532)|ENTERING_MANAGED_PKG|Centify
14:48:00.8 (546773426)|ENTERING_MANAGED_PKG|Centify
14:48:00.8 (546924035)|ENTERING_MANAGED_PKG|Centify
14:48:00.8 (547080025)|ENTERING_MANAGED_PKG|Centify
14:48:00.8 (584101734)|ENTERING_MANAGED_PKG|Centify
14:48:00.8 (584199915)|ENTERING_MANAGED_PKG|Centify
14:48:00.8 (584317586)|ENTERING_MANAGED_PKG|Centify
14:48:00.8 (623547666)|ENTERING_MANAGED_PKG|Centify
14:48:00.8 (623661698)|ENTERING_MANAGED_PKG|Centify
14:48:00.8 (623795916)|ENTERING_MANAGED_PKG|Centify
14:48:00.8 (672223890)|ENTERING_MANAGED_PKG|Centify
14:48:00.8 (672371358)|ENTERING_MANAGED_PKG|Centify
14:48:00.8 (672545341)|ENTERING_MANAGED_PKG|Centify
14:48:00.8 (706117143)|ENTERING_MANAGED_PKG|Centify
14:48:00.8 (706269576)|ENTERING_MANAGED_PKG|Centify
14:48:00.8 (706432153)|ENTERING_MANAGED_PKG|Centify
14:48:00.8 (741723617)|ENTERING_MANAGED_PKG|Centify
14:48:00.8 (741845863)|ENTERING_MANAGED_PKG|Centify
14:48:00.8 (741955680)|ENTERING_MANAGED_PKG|Centify
14:48:00.8 (764700268)|ENTERING_MANAGED_PKG|Centify
14:48:00.8 (764860855)|ENTERING_MANAGED_PKG|Centify
14:48:00.8 (765029326)|ENTERING_MANAGED_PKG|Centify
14:48:00.8 (790766487)|ENTERING_MANAGED_PKG|Centify
14:48:00.8 (790985040)|ENTERING_MANAGED_PKG|Centify
14:48:00.8 (791062989)|ENTERING_MANAGED_PKG|Centify
14:48:00.8 (791109527)|ENTERING_MANAGED_PKG|Centify
14:48:00.8 (791196913)|ENTERING_MANAGED_PKG|Centify
14:48:00.8 (791373134)|ENTERING_MANAGED_PKG|Centify
14:48:00.8 (792547508)|SOQL_EXECUTE_BEGIN|[28]|Aggregations:0|SELECT Id FROM ApexClass WHERE Name = :tmpVar1
14:48:00.8 (799879666)|SOQL_EXECUTE_END|[28]|Rows:1
14:48:00.8 (800599610)|SOQL_EXECUTE_BEGIN|[49]|Aggregations:0|SELECT COUNT() FROM AsyncApexJob WHERE (ApexClassId = :tmpVar1 AND Status IN ('Queued', 'Holding', 'Preparing', 'Processing'))
14:48:00.8 (804712190)|SOQL_EXECUTE_END|[49]|Rows:0
14:48:00.8 (804862369)|ENTERING_MANAGED_PKG|Centify
14:48:00.8 (806026222)|ENTERING_MANAGED_PKG|Centify
14:48:00.8 (806097950)|ENTERING_MANAGED_PKG|Centify
14:48:00.8 (806266433)|ENTERING_MANAGED_PKG|Centify
14:48:00.8 (827928532)|ENTERING_MANAGED_PKG|Centify
14:48:00.8 (828996041)|ENTERING_MANAGED_PKG|Centify
14:48:00.8 (829055302)|ENTERING_MANAGED_PKG|Centify
14:48:00.8 (829202184)|ENTERING_MANAGED_PKG|Centify
14:48:00.8 (829847124)|ENTERING_MANAGED_PKG|Centify
14:48:00.8 (829885075)|ENTERING_MANAGED_PKG|Centify
14:48:00.8 (829947938)|ENTERING_MANAGED_PKG|Centify
14:48:00.8 (830515557)|ENTERING_MANAGED_PKG|Centify
14:48:00.8 (832627476)|SOQL_EXECUTE_BEGIN|[16]|Aggregations:0|SELECT Id, CronExpression, CronJobDetail.Name FROM CronTrigger WHERE CronJobDetail.Name LIKE '%Spinify%'
14:48:00.8 (838422362)|SOQL_EXECUTE_END|[16]|Rows:10
14:48:00.8 (838873173)|ENTERING_MANAGED_PKG|Centify
14:48:00.8 (839004428)|ENTERING_MANAGED_PKG|Centify
14:48:00.8 (839069097)|ENTERING_MANAGED_PKG|Centify
14:48:00.8 (839367747)|ENTERING_MANAGED_PKG|Centify
14:48:00.8 (839472593)|ENTERING_MANAGED_PKG|Centify
14:48:00.8 (839560081)|ENTERING_MANAGED_PKG|Centify
14:48:00.8 (839659612)|ENTERING_MANAGED_PKG|Centify
14:48:00.8 (840538621)|ENTERING_MANAGED_PKG|Centify
14:48:00.937 (937829236)|CUMULATIVE_LIMIT_USAGE
14:48:00.937 (937829236)|LIMIT_USAGE_FOR_NS|(default)|
  Number of SOQL queries: 0 out of 100
  Number of query rows: 0 out of 50000
  Number of SOSL queries: 0 out of 20
  Number of DML statements: 0 out of 150
  Number of DML rows: 0 out of 10000
  Maximum CPU time: 454 out of 10000
  Maximum heap size: 0 out of 6000000
  Number of callouts: 0 out of 100
  Number of Email Invocations: 0 out of 10
  Number of future calls: 0 out of 50
  Number of queueable jobs added to the queue: 0 out of 50
  Number of Mobile Apex push calls: 0 out of 10

14:48:00.937 (937829236)|LIMIT_USAGE_FOR_NS|Centify|
  Number of SOQL queries: 5 out of 100
  Number of query rows: 14 out of 50000
  Number of SOSL queries: 0 out of 20
  Number of DML statements: 1 out of 150
  Number of DML rows: 1 out of 10000
  Maximum CPU time: 0 out of 10000
  Maximum heap size: 0 out of 6000000
  Number of callouts: 0 out of 100
  Number of Email Invocations: 0 out of 10
  Number of future calls: 0 out of 50
  Number of queueable jobs added to the queue: 0 out of 50
  Number of Mobile Apex push calls: 0 out of 10

14:48:00.937 (937829236)|CUMULATIVE_LIMIT_USAGE_END

