37.0 APEX_CODE,FINEST;APEX_PROFILING,INFO;CALLOUT,INFO;DB,INFO;NBA,INFO;SYSTEM,DEBUG;VALIDATION,INFO;VISUALFORCE,INFO;WAVE,INFO;WORKFLOW,INFO
14:45:50.17 (17405297)|ENTERING_MANAGED_PKG|Centify
14:45:50.17 (19144509)|ENTERING_MANAGED_PKG|Centify
14:45:50.17 (19189092)|ENTERING_MANAGED_PKG|Centify
14:45:50.17 (19937888)|ENTERING_MANAGED_PKG|Centify
14:45:50.17 (20002303)|ENTERING_MANAGED_PKG|Centify
14:45:50.17 (20738242)|ENTERING_MANAGED_PKG|Centify
14:45:50.17 (21035291)|ENTERING_MANAGED_PKG|Centify
14:45:50.17 (21064371)|ENTERING_MANAGED_PKG|Centify
14:45:50.17 (21152150)|ENTERING_MANAGED_PKG|Centify
14:45:50.17 (21203599)|ENTERING_MANAGED_PKG|Centify
14:45:50.17 (21240274)|ENTERING_MANAGED_PKG|Centify
14:45:50.17 (21261537)|ENTERING_MANAGED_PKG|Centify
14:45:50.17 (21278293)|ENTERING_MANAGED_PKG|Centify
14:45:50.17 (21460342)|ENTERING_MANAGED_PKG|Centify
14:45:50.17 (57016693)|ENTERING_MANAGED_PKG|Centify
14:45:50.17 (57098162)|ENTERING_MANAGED_PKG|Centify
14:45:50.17 (57214308)|ENTERING_MANAGED_PKG|Centify
14:45:50.17 (57261755)|ENTERING_MANAGED_PKG|Centify
14:45:50.17 (264508574)|ENTERING_MANAGED_PKG|Centify
14:45:50.17 (332817576)|ENTERING_MANAGED_PKG|Centify
14:45:50.17 (347546971)|ENTERING_MANAGED_PKG|Centify
14:45:50.17 (347600446)|ENTERING_MANAGED_PKG|Centify
14:45:50.17 (347677350)|ENTERING_MANAGED_PKG|Centify
14:45:50.17 (347711188)|ENTERING_MANAGED_PKG|Centify
14:45:50.17 (347773821)|ENTERING_MANAGED_PKG|Centify
14:45:50.17 (382541684)|ENTERING_MANAGED_PKG|Centify
14:45:50.17 (399148837)|ENTERING_MANAGED_PKG|Centify
14:45:50.17 (399200742)|ENTERING_MANAGED_PKG|Centify
14:45:50.17 (399278450)|ENTERING_MANAGED_PKG|Centify
14:45:50.17 (399313528)|ENTERING_MANAGED_PKG|Centify
14:45:50.17 (399377169)|ENTERING_MANAGED_PKG|Centify
14:45:50.17 (434352561)|ENTERING_MANAGED_PKG|Centify
14:45:50.17 (450770078)|ENTERING_MANAGED_PKG|Centify
14:45:50.17 (450835563)|ENTERING_MANAGED_PKG|Centify
14:45:50.17 (450913638)|ENTERING_MANAGED_PKG|Centify
14:45:50.17 (450949954)|ENTERING_MANAGED_PKG|Centify
14:45:50.17 (451013634)|ENTERING_MANAGED_PKG|Centify
14:45:50.17 (483969147)|ENTERING_MANAGED_PKG|Centify
14:45:50.17 (502373376)|ENTERING_MANAGED_PKG|Centify
14:45:50.17 (502435841)|ENTERING_MANAGED_PKG|Centify
14:45:50.17 (502516977)|ENTERING_MANAGED_PKG|Centify
14:45:50.17 (502552715)|ENTERING_MANAGED_PKG|Centify
14:45:50.17 (502618578)|ENTERING_MANAGED_PKG|Centify
14:45:50.17 (539334778)|ENTERING_MANAGED_PKG|Centify
14:45:50.17 (557119061)|ENTERING_MANAGED_PKG|Centify
14:45:50.17 (557172604)|ENTERING_MANAGED_PKG|Centify
14:45:50.17 (557253210)|ENTERING_MANAGED_PKG|Centify
14:45:50.17 (557289606)|ENTERING_MANAGED_PKG|Centify
14:45:50.17 (557355125)|ENTERING_MANAGED_PKG|Centify
14:45:50.17 (593081741)|ENTERING_MANAGED_PKG|Centify
14:45:50.17 (610712419)|ENTERING_MANAGED_PKG|Centify
14:45:50.17 (611001692)|ENTERING_MANAGED_PKG|Centify
14:45:50.17 (624362573)|ENTERING_MANAGED_PKG|Centify
14:45:50.17 (624441926)|ENTERING_MANAGED_PKG|Centify
14:45:50.17 (625545392)|ENTERING_MANAGED_PKG|Centify
14:45:50.17 (625606937)|ENTERING_MANAGED_PKG|Centify
14:45:50.17 (625655346)|ENTERING_MANAGED_PKG|Centify
14:45:50.17 (625735606)|ENTERING_MANAGED_PKG|Centify
14:45:50.17 (629794739)|SOQL_EXECUTE_BEGIN|[19]|Aggregations:0|SELECT Id, OrganizationType FROM Organization LIMIT 1
14:45:50.17 (633562824)|SOQL_EXECUTE_END|[19]|Rows:1
14:45:50.17 (656471133)|ENTERING_MANAGED_PKG|Centify
14:45:50.17 (671654760)|ENTERING_MANAGED_PKG|Centify
14:45:50.17 (671713320)|ENTERING_MANAGED_PKG|Centify
14:45:50.17 (671793140)|ENTERING_MANAGED_PKG|Centify
14:45:50.17 (671829128)|ENTERING_MANAGED_PKG|Centify
14:45:50.17 (671897512)|ENTERING_MANAGED_PKG|Centify
14:45:50.17 (708352256)|ENTERING_MANAGED_PKG|Centify
14:45:50.17 (725603225)|ENTERING_MANAGED_PKG|Centify
14:45:50.17 (725658171)|ENTERING_MANAGED_PKG|Centify
14:45:50.17 (725738080)|ENTERING_MANAGED_PKG|Centify
14:45:50.17 (725771775)|ENTERING_MANAGED_PKG|Centify
14:45:50.17 (725838656)|ENTERING_MANAGED_PKG|Centify
14:45:50.17 (764267724)|ENTERING_MANAGED_PKG|Centify
14:45:50.17 (764347940)|ENTERING_MANAGED_PKG|Centify
14:45:50.17 (764504764)|ENTERING_MANAGED_PKG|Centify
14:45:50.17 (764547499)|ENTERING_MANAGED_PKG|Centify
14:45:50.17 (764587437)|ENTERING_MANAGED_PKG|Centify
14:45:50.17 (765559058)|ENTERING_MANAGED_PKG|Centify
14:45:50.17 (765646411)|ENTERING_MANAGED_PKG|Centify
14:45:50.17 (779224411)|ENTERING_MANAGED_PKG|Centify
14:45:50.17 (779365777)|ENTERING_MANAGED_PKG|Centify
14:45:50.17 (780179506)|ENTERING_MANAGED_PKG|Centify
14:45:50.17 (781008981)|SOQL_EXECUTE_BEGIN|[16]|Aggregations:0|select id,lastmodifieddate,isdeleted,createddate,industry,type,name,ownerid from Account where LastModifiedDate >2019-01-09T04:44:26Z AND LastModifiedDate < 2019-01-09T04:45:56Z  ORDER BY SystemModStamp DESC LIMIT 5000  ALL ROWS
14:45:50.17 (788278984)|SOQL_EXECUTE_END|[16]|Rows:14
14:45:50.812 (812429383)|CUMULATIVE_LIMIT_USAGE
14:45:50.812 (812429383)|LIMIT_USAGE_FOR_NS|(default)|
  Number of SOQL queries: 0 out of 200
  Number of query rows: 0 out of 50000
  Number of SOSL queries: 0 out of 20
  Number of DML statements: 0 out of 150
  Number of DML rows: 0 out of 10000
  Maximum CPU time: 0 out of 60000
  Maximum heap size: 0 out of 12000000
  Number of callouts: 0 out of 0
  Number of Email Invocations: 0 out of 10
  Number of future calls: 0 out of 0
  Number of queueable jobs added to the queue: 0 out of 1
  Number of Mobile Apex push calls: 0 out of 10

14:45:50.812 (812429383)|LIMIT_USAGE_FOR_NS|Centify|
  Number of SOQL queries: 0 out of 200
  Number of query rows: 0 out of 50000
  Number of SOSL queries: 0 out of 20
  Number of DML statements: 0 out of 150
  Number of DML rows: 0 out of 10000
  Maximum CPU time: 0 out of 60000
  Maximum heap size: 0 out of 12000000
  Number of callouts: 0 out of 0
  Number of Email Invocations: 0 out of 10
  Number of future calls: 0 out of 0
  Number of queueable jobs added to the queue: 0 out of 1
  Number of Mobile Apex push calls: 0 out of 10

14:45:50.812 (812429383)|CUMULATIVE_LIMIT_USAGE_END

